% Ministry of Cellular Automata
% Project Deux (CS523 Spring 2015)
% Version:v0.1-66-g3e0f-dirty
%  pop:50
%  ic count:100
%  CA Log option:r2/run05
%  width:121
%  max workers:4
%  radius:2
%  iterations:300
%  generations:50

 generation 0.0.0.50.0.0.37.0.0.50.0.0.0.50.50.50.50.0.50.0.1.0.50.0.0.50.50.0.40.0.10.0.50.0.7.0.50.0.50.0.0.0.6.50.0.0.50.0.0.0.0.xover.mutate.done 50
 generation 1.50.50.50.51.50.50.50.50.50.50.0.50.0.24.51.51.4.0.51.1.50.0.50.32.0.22.34.6.5.4.1.50.1.6.5.1.22.33.0.50.50.1.48.50.8.1.51.50.1.51.xover.mutate.done 50
 generation 2.50.50.50.50.50.50.50.50.50.50.24.50.15.50.50.0.1.1.50.50.50.0.0.7.50.1.50.32.0.9.51.1.1.50.1.0.3.31.50.50.1.50.10.0.4.1.1.7.51.50.xover.mutate.done 50
 generation 3.50.50.51.51.51.51.51.51.50.50.50.1.1.6.50.50.1.50.51.50.50.32.32.1.51.0.0.51.1.1.51.50.51.51.1.1.1.1.1.50.0.1.0.1.50.0.1.0.1.1.xover.mutate.done 50
 generation 4.51.51.51.51.51.51.51.51.51.51.51.50.19.1.51.2.6.1.50.51.2.2.51.33.2.51.2.51.51.12.2.2.2.23.24.1.1.51.51.2.33.51.2.51.2.1.50.51.51.51.xover.mutate.done 50
 generation 5.50.50.50.50.50.50.50.50.50.50.1.50.50.0.0.1.15.27.32.19.50.1.50.29.28.50.0.50.50.50.50.0.50.50.50.1.50.50.1.0.0.50.50.13.50.50.50.50.1.0.xover.mutate.done 50
 generation 6.51.51.51.51.51.51.51.51.51.51.51.51.35.1.51.51.51.2.2.51.1.51.15.35.51.23.51.39.51.51.51.51.2.1.51.1.51.51.51.51.2.51.2.51.51.2.51.51.51.23.xover.mutate.done 50
 generation 7.53.53.53.53.53.53.53.53.53.53.3.3.53.53.3.53.50.53.32.3.53.3.53.3.3.22.53.53.53.53.53.53.3.3.53.53.53.53.30.3.53.53.53.53.53.3.20.53.53.53.xover.mutate.done 50
 generation 8.50.50.50.50.50.50.50.50.50.50.72.50.50.50.50.50.1.32.50.18.50.50.32.50.50.50.1.8.50.1.50.50.50.50.21.50.26.58.50.50.50.1.0.0.51.50.72.50.50.50.xover.mutate.done 50
 generation 9.79.79.62.50.51.51.51.51.51.51.5.30.51.51.71.7.12.51.51.51.18.9.51.51.51.51.39.51.1.51.51.51.51.51.1.51.51.18.51.1.1.18.51.1.1.1.51.40.1.51.xover.mutate.done 50
 generation 10.84.84.77.68.50.50.50.50.50.50.50.50.50.50.50.50.50.50.14.0.50.84.50.50.50.50.84.50.84.0.50.50.3.33.50.50.3.50.36.50.60.60.45.50.50.50.3.50.50.3.xover.mutate.done 50
 generation 11.81.81.81.81.81.68.62.60.60.52.52.81.3.2.2.52.14.52.52.32.52.2.3.52.52.42.51.30.52.81.52.52.60.52.3.52.52.81.52.52.52.50.60.52.62.60.44.52.52.27.xover.mutate.done 50
 generation 12.75.75.75.75.75.75.75.75.67.51.1.50.50.50.52.75.1.50.50.50.30.27.26.50.30.52.50.51.18.50.50.61.52.75.50.52.1.50.24.1.18.50.50.50.30.1.50.50.50.50.xover.mutate.done 50
 generation 13.79.79.79.79.79.79.79.79.79.79.51.82.4.51.73.51.38.0.51.50.50.51.50.50.36.1.51.50.19.1.6.51.5.68.38.66.50.1.50.50.0.50.50.79.30.54.57.79.30.33.xover.mutate.done 50
 generation 14.74.71.71.70.71.71.71.71.71.72.60.50.71.71.50.1.71.50.1.37.51.1.51.1.50.74.50.50.50.1.51.42.61.50.1.37.46.67.42.33.1.1.51.59.50.50.50.37.37.1.xover.mutate.done 50
 generation 15.79.79.76.76.76.76.76.76.76.76.74.0.50.49.50.76.0.50.29.50.76.41.50.50.26.75.76.38.40.76.76.50.38.76.50.50.0.76.67.42.50.0.0.50.6.50.38.0.76.50.xover.mutate.done 50
 generation 16.74.74.71.71.71.71.71.71.71.71.50.24.0.52.71.52.39.60.62.74.0.32.2.71.71.74.69.32.31.71.50.71.33.21.74.71.71.52.19.69.0.50.21.50.31.16.25.71.36.24.xover.mutate.done 50
 generation 17.82.82.82.82.82.77.77.77.77.77.57.39.39.77.55.54.50.50.15.76.77.50.77.64.58.50.47.50.50.64.50.82.35.3.17.3.77.82.81.76.50.54.30.50.75.37.3.40.3.82.xover.mutate.done 50
 generation 18.79.79.79.79.79.79.79.79.78.76.51.63.51.57.1.57.51.51.18.1.41.7.33.51.34.78.76.40.76.41.78.79.50.76.79.79.1.70.50.13.52.76.51.30.31.30.49.76.51.79.xover.mutate.done 50
 generation 19.85.85.85.85.85.85.85.85.85.85.50.2.45.84.69.63.81.58.48.2.39.80.56.21.50.84.23.81.2.50.50.85.48.51.41.50.56.2.81.35.73.28.37.55.88.11.37.10.58.50.xover.mutate.done 50
 generation 20.82.82.82.82.82.82.82.82.82.82.51.76.57.33.51.42.68.69.51.51.51.82.29.50.8.77.53.42.51.76.57.82.69.82.82.1.81.57.75.76.29.82.8.79.75.37.74.82.82.51.xover.mutate.done 50
 generation 21.78.79.79.79.79.79.79.79.79.79.79.50.84.14.79.50.50.68.50.29.79.50.72.79.79.34.45.41.24.80.50.1.75.36.50.41.1.51.76.38.50.79.50.50.57.50.84.77.50.1.xover.mutate.done 50
 generation 22.87.87.86.86.86.86.86.86.86.86.50.50.84.70.56.86.58.12.59.84.53.50.53.74.53.86.6.86.42.87.26.74.78.44.74.47.52.81.86.47.53.45.50.70.51.86.32.16.46.53.xover.mutate.done 50
 generation 23.86.86.86.87.86.86.86.86.86.86.86.36.86.32.50.50.80.50.83.82.85.79.35.50.50.50.86.83.72.86.60.41.40.33.58.86.86.20.82.86.80.58.44.40.51.50.80.8.86.0.xover.mutate.done 50
 generation 24.80.82.82.82.78.78.78.78.78.78.78.50.82.50.34.34.30.55.38.47.30.82.78.78.77.62.76.76.4.47.50.69.81.33.33.22.34.72.78.50.47.78.15.78.77.38.78.39.82.50.xover.mutate.done 50
 generation 25.83.83.83.83.83.83.80.82.81.81.51.29.7.45.81.6.33.81.81.51.78.71.70.14.47.83.68.70.50.43.11.51.51.81.81.58.47.45.81.43.83.1.11.52.71.29.41.45.80.67.xover.mutate.done 50
 generation 26.80.80.80.80.80.80.80.80.80.77.8.50.63.50.76.13.18.51.76.50.0.77.37.70.50.65.14.50.50.50.80.63.21.63.63.50.38.63.80.47.50.80.17.63.50.70.69.50.50.0.xover.mutate.done 50
 generation 27.80.80.80.80.80.80.80.80.78.80.81.80.47.50.81.15.50.57.8.13.50.57.77.0.27.70.76.77.7.14.0.66.22.50.80.0.10.13.9.12.68.77.18.70.80.34.7.8.57.50.xover.mutate.done 50
 generation 28.79.79.77.77.77.77.77.77.77.77.50.74.1.5.77.31.8.50.0.61.62.74.51.77.50.75.50.16.75.5.50.51.50.77.61.77.77.31.70.74.5.77.4.43.1.51.4.74.73.74.xover.mutate.done 50
 generation 29.83.83.83.83.83.83.83.83.83.83.14.79.58.51.53.10.51.5.73.4.56.83.53.59.83.5.83.51.37.79.60.83.16.34.51.77.51.51.9.60.51.30.19.77.64.30.54.83.83.4.xover.mutate.done 50
 generation 30.86.86.85.85.85.85.85.85.85.85.78.86.68.11.31.12.86.85.11.4.85.85.65.4.77.13.52.83.83.86.52.49.86.75.52.78.52.6.52.52.86.52.52.52.52.52.50.59.15.49.xover.mutate.done 50
 generation 31.86.86.86.86.86.86.86.86.86.86.59.39.48.6.45.17.82.85.50.38.50.12.85.58.59.86.49.52.50.86.19.50.59.11.42.6.48.50.82.59.6.50.86.31.50.86.52.52.80.6.xover.mutate.done 50
 generation 32.82.82.82.82.82.82.82.82.82.82.52.23.3.34.82.11.82.82.10.38.76.82.52.38.56.10.62.65.6.76.3.3.34.80.34.57.52.76.41.34.56.82.59.34.79.38.41.51.81.2.xover.mutate.done 50
 generation 33.81.81.81.81.81.81.81.81.81.81.3.25.51.81.81.51.32.78.81.38.81.32.81.75.54.31.51.81.50.9.52.4.52.56.52.37.8.81.16.51.51.80.6.18.4.74.64.78.61.81.xover.mutate.done 50
 generation 34.84.84.84.84.84.84.84.83.83.83.50.50.83.83.9.50.0.84.50.6.84.13.83.50.0.59.56.0.50.0.40.84.50.27.36.50.82.50.84.0.0.80.84.63.83.84.50.44.44.7.xover.mutate.done 50
 generation 35.87.87.87.87.87.87.87.87.87.87.41.87.87.49.87.53.87.52.87.14.45.51.87.51.52.7.81.87.52.7.51.50.51.87.55.81.52.45.47.3.7.45.3.41.50.87.50.55.87.51.xover.mutate.done 50
 generation 36.82.82.82.82.82.82.82.82.82.82.39.50.38.79.37.81.81.37.42.37.8.54.67.38.25.33.50.50.5.82.33.50.51.1.54.1.82.50.72.82.36.33.5.36.50.50.5.82.51.51.xover.mutate.done 50
 generation 37.85.85.85.85.85.85.85.85.85.85.83.37.50.80.36.1.41.45.6.51.37.80.6.54.85.51.80.50.50.50.9.6.82.39.7.81.50.78.42.51.58.81.4.85.1.1.1.85.45.50.xover.mutate.done 50
 generation 38.83.83.83.83.83.83.83.83.83.83.78.41.53.78.83.50.83.53.51.1.51.20.50.50.51.8.42.50.83.83.8.51.51.41.51.53.19.75.82.53.51.50.51.47.62.83.42.30.83.8.xover.mutate.done 50
 generation 39.85.85.85.85.85.85.85.85.85.85.15.85.50.2.48.81.85.64.52.40.85.75.85.52.36.64.85.56.2.85.85.42.15.52.81.52.56.58.29.52.85.81.40.48.18.50.85.9.40.19.xover.mutate.done 50
 generation 40.87.87.87.87.87.87.87.87.87.87.87.77.50.87.77.87.15.87.12.78.78.87.50.78.59.50.50.49.50.0.78.36.6.11.38.78.87.84.0.87.87.87.56.50.87.6.36.59.3.6.xover.mutate.done 50
 generation 41.82.82.82.82.82.82.82.82.82.82.3.79.43.52.52.79.71.51.41.30.50.82.82.82.80.52.52.51.41.79.20.52.79.52.82.33.74.52.52.82.82.82.28.3.49.82.82.33.4.32.xover.mutate.done 50
 generation 42.80.80.80.80.80.80.80.80.80.80.0.75.80.80.45.80.80.73.32.80.80.50.34.58.80.36.50.80.50.32.80.80.4.57.34.73.4.0.68.36.80.50.80.39.0.50.50.73.80.47.xover.mutate.done 50
 generation 43.85.85.85.85.85.85.85.85.85.85.55.60.0.85.50.60.85.60.72.85.85.48.85.85.79.50.85.85.41.50.85.79.85.85.85.60.50.50.13.66.40.41.60.48.85.79.85.13.85.51.xover.mutate.done 50
 generation 44.85.85.85.85.85.85.85.85.85.85.42.50.45.85.85.61.48.2.85.85.52.36.7.85.79.50.52.81.85.45.50.14.85.50.50.85.50.50.39.45.81.50.85.57.58.85.52.45.85.79.xover.mutate.done 50
 generation 45.84.84.84.84.84.84.84.84.84.84.84.51.50.11.3.52.84.56.40.50.56.55.50.51.51.3.36.82.81.59.79.81.52.1.56.33.36.50.84.84.84.52.80.18.40.1.51.51.44.84.xover.mutate.done 50
 generation 46.84.84.84.84.84.84.84.84.84.84.61.56.56.36.83.79.5.56.84.46.79.84.50.7.78.51.13.7.51.2.56.2.84.51.5.51.51.5.50.5.38.38.79.84.51.13.81.5.79.40.xover.mutate.done 50
 generation 47.83.83.83.83.83.83.83.83.83.83.80.59.70.52.14.59.46.59.52.34.59.2.57.80.82.83.62.51.51.59.3.83.43.3.51.3.51.2.83.80.14.80.62.52.83.83.52.83.35.13.xover.mutate.done 50
 generation 48.85.85.85.85.85.85.85.85.85.85.50.27.65.51.37.39.50.78.85.10.10.85.68.46.79.85.9.85.85.41.59.85.35.85.85.37.50.45.81.18.34.51.51.59.80.81.60.51.82.85.xover.mutate.done 50
 generation 49.83.83.83.83.83.83.83.83.83.83.76.37.11.57.83.55.51.54.42.1.56.83.9.83.9.35.27.1.60.56.77.83.71.42.83.76.54.11.83.69.42.37.42.57.77.37.33.57.42.35.xover.mutate.done 50
 22488615 iters     863137 iter/sec (26.05 s)
 total time: 26.05
