51 50 50 50 50 50 50 50 50 50 50 50 50 50 50 50 17 15 8 7 2 2 2 2 2 2 2 2 2 2 2 2 2 1 1 1 1 1 1 1 1 1 1 1 1 1 1 1 1 1 
50 50 50 50 50 50 50 50 50 50 50 50 50 50 50 50 50 50 50 50 50 50 50 50 50 50 50 34 11 8 6 0 0 0 0 0 0 0 0 0 0 0 0 0 0 0 0 0 0 0 
51 51 51 50 50 50 50 50 50 50 50 50 50 50 50 50 50 50 50 50 50 50 50 50 50 50 50 50 50 50 50 50 50 38 9 1 1 1 1 1 1 1 1 1 1 1 1 1 0 0 
51 51 51 51 51 50 50 50 50 50 50 50 50 50 50 50 50 50 50 50 50 50 50 50 50 50 50 50 50 50 50 50 50 50 50 50 41 35 13 1 1 1 1 1 1 1 1 0 0 0 
56 51 51 51 51 51 51 51 51 51 51 50 50 50 50 50 50 50 50 50 50 50 50 50 50 50 50 50 50 50 50 50 50 50 50 50 50 50 50 50 44 29 9 7 6 1 1 1 1 1 
60 58 54 52 52 52 52 52 52 50 50 50 50 50 50 50 50 50 50 50 50 50 50 50 50 50 50 50 50 50 50 50 50 50 36 20 11 2 2 2 2 2 2 2 2 0 0 0 0 0 
67 57 57 57 56 50 50 50 50 50 50 50 50 50 50 50 50 50 50 50 50 50 50 50 50 50 50 50 50 49 38 38 23 7 6 5 5 3 0 0 0 0 0 0 0 0 0 0 0 0 
61 56 56 56 56 56 56 56 51 51 51 51 50 50 50 50 50 50 50 50 50 50 50 50 50 50 50 45 24 22 14 7 6 6 1 1 1 1 1 1 1 1 1 1 1 1 0 0 0 0 
63 57 57 57 57 57 57 57 57 57 51 51 51 50 50 50 50 50 50 36 36 36 28 24 18 17 15 14 9 9 8 8 8 8 7 7 7 1 1 1 1 1 1 1 1 1 1 1 1 1 
64 59 59 59 59 59 59 59 59 59 59 59 59 59 59 59 59 59 59 51 51 51 50 50 50 50 50 50 50 50 50 48 30 29 10 9 9 9 9 9 8 7 1 1 1 1 1 1 1 1 
71 60 59 59 59 59 59 59 59 59 59 59 59 59 59 59 59 59 59 59 59 59 57 51 51 51 51 49 45 45 37 36 36 28 23 22 20 20 17 16 15 13 13 12 11 11 11 11 6 5 
63 58 58 58 58 58 58 58 58 58 58 58 58 58 58 58 58 58 58 58 58 58 54 51 50 50 50 50 50 50 50 50 50 50 50 33 32 30 26 23 19 19 14 11 10 9 9 1 1 1 
68 60 60 60 60 60 60 60 60 60 60 60 60 60 60 60 60 60 59 59 59 59 59 50 50 50 50 50 50 50 50 50 36 30 23 20 19 19 18 10 10 9 9 9 1 1 0 0 0 0 
81 68 61 61 61 61 61 61 61 61 61 61 61 61 61 61 61 61 61 61 61 61 61 61 60 60 60 59 53 53 53 53 53 53 50 50 50 44 44 39 27 14 13 13 12 12 12 12 12 5 
78 67 64 59 59 59 59 59 59 59 59 59 59 59 59 59 59 59 59 59 59 59 59 59 58 58 55 55 55 51 51 51 51 50 49 45 44 31 29 27 27 16 12 11 11 10 10 10 9 3 
79 67 67 67 66 65 65 58 58 58 58 58 58 58 58 58 58 58 58 58 58 58 58 58 58 58 58 58 58 58 58 58 58 58 58 58 58 55 55 55 50 50 50 50 50 48 35 14 13 3 
81 68 67 67 67 67 67 67 66 66 66 66 66 63 63 63 63 63 63 63 63 63 63 63 63 63 63 63 63 63 63 63 62 59 51 51 48 46 46 46 45 44 44 31 13 13 13 12 12 12 
77 65 64 62 62 62 62 62 62 62 62 62 60 60 60 54 54 54 54 54 50 50 50 50 50 50 50 50 50 50 50 41 40 39 35 35 23 15 7 4 4 4 4 4 4 0 0 0 0 0 
76 63 62 61 61 61 61 61 61 61 61 61 61 61 60 60 59 57 56 56 56 56 56 51 51 51 51 51 51 41 40 36 31 31 29 27 25 22 20 19 19 19 16 15 14 6 2 1 1 1 
84 82 68 66 63 63 62 62 61 61 61 61 61 61 59 57 57 57 55 55 55 55 55 53 52 51 50 50 50 50 50 50 50 44 43 32 30 19 16 16 16 11 11 11 8 6 6 5 0 0 
78 78 76 71 67 66 65 64 64 64 64 64 64 63 63 62 61 61 61 61 58 58 58 56 56 55 52 52 52 50 45 42 41 39 39 37 36 33 27 26 23 23 22 17 9 9 5 3 2 2 
69 68 67 66 65 65 63 63 61 61 61 61 61 61 60 60 60 57 56 54 54 50 34 33 32 31 28 28 28 27 21 21 21 20 19 17 15 14 13 13 12 12 12 9 9 9 7 5 5 1 
75 74 74 73 72 72 72 72 71 71 70 70 69 69 69 68 67 66 66 60 60 58 57 57 57 52 47 44 41 39 39 36 33 31 28 27 26 22 17 15 14 12 11 11 11 11 8 8 3 2 
77 77 76 75 75 75 75 75 75 71 71 71 71 68 66 66 66 65 65 64 64 60 60 59 58 58 58 58 58 51 51 51 50 43 41 38 35 34 34 34 31 27 27 17 17 17 14 12 10 9 
83 82 81 81 81 81 81 80 79 79 73 72 72 71 71 70 70 69 69 64 63 63 63 63 63 54 54 54 51 51 51 51 47 47 45 44 44 43 42 42 42 40 27 20 20 20 13 2 1 1 
82 80 80 80 80 80 80 80 80 80 80 80 79 79 79 79 69 69 68 68 67 66 66 66 66 55 54 54 50 50 50 50 50 50 50 50 43 41 38 38 35 26 20 13 8 8 7 0 0 0 
78 78 78 78 78 78 76 76 76 76 76 76 76 76 76 76 76 76 76 71 71 68 62 59 51 51 51 51 50 46 42 42 40 40 38 37 28 28 27 25 23 22 22 20 18 16 15 13 1 1 
83 82 82 82 82 81 81 81 81 81 81 81 80 80 80 80 80 80 80 80 80 80 80 80 72 71 68 66 65 60 50 50 50 50 50 50 50 48 47 43 39 30 16 16 16 16 11 11 0 0 
84 81 81 81 81 81 81 81 78 78 78 78 78 77 77 77 77 77 77 76 76 75 75 74 72 63 63 62 62 60 58 57 57 54 52 52 52 52 52 50 50 50 50 50 50 50 42 17 2 2 
76 76 76 76 75 75 74 74 73 73 73 73 73 73 73 73 73 73 73 73 73 72 72 71 71 71 62 60 60 60 60 59 50 50 50 50 50 50 50 50 50 44 43 36 35 30 10 10 9 7 
82 79 78 78 75 75 75 74 74 74 74 74 74 74 74 74 74 74 74 74 74 72 72 71 71 64 59 59 57 50 50 50 50 50 50 50 50 50 50 42 38 37 37 32 30 29 28 9 0 0 
80 80 78 77 77 77 77 76 76 76 75 73 72 72 72 72 71 61 61 61 58 54 53 53 53 51 51 51 50 50 50 50 50 50 50 41 37 37 35 32 27 27 27 19 16 14 13 13 11 1 
74 74 74 74 73 73 73 73 73 73 73 73 73 73 73 72 70 65 65 65 65 64 64 64 64 64 61 56 51 51 51 51 51 51 51 51 51 50 37 36 27 24 17 15 10 2 2 2 1 1 
81 80 80 77 76 76 76 76 76 74 74 74 74 74 74 74 74 67 67 67 65 65 65 65 64 61 61 58 58 58 58 58 58 50 50 50 50 50 50 50 50 50 50 48 40 19 10 0 0 0 
81 81 80 80 80 80 80 78 76 76 74 74 74 72 72 68 67 67 67 67 65 64 64 59 59 59 59 59 59 59 59 59 59 59 59 56 50 50 50 50 50 35 34 17 17 10 9 1 1 1 
83 83 83 82 82 82 82 82 82 80 79 78 77 77 77 73 73 70 67 61 57 57 56 55 55 54 54 54 53 53 53 50 50 50 50 50 50 50 50 50 50 50 50 43 32 28 10 10 4 0 
83 83 83 83 83 82 82 82 82 82 82 82 82 82 82 81 80 80 80 78 75 75 69 67 57 56 53 53 53 53 53 52 51 51 51 51 51 51 51 51 50 50 47 31 22 8 8 2 2 1 
88 88 88 88 88 88 88 88 88 88 87 87 87 87 87 87 87 87 87 87 87 87 83 83 82 82 82 81 81 81 77 77 68 59 59 58 57 56 56 56 55 53 52 52 52 51 51 43 2 2 
84 81 81 81 81 81 81 81 81 81 81 81 81 78 78 78 78 78 77 75 73 73 71 64 59 57 57 56 53 51 51 51 51 51 51 51 51 49 38 35 33 29 27 27 19 3 2 2 2 2 
83 81 81 81 81 81 81 81 81 81 81 81 81 81 81 81 78 78 76 74 74 63 62 62 62 61 60 59 58 54 51 50 50 50 50 50 50 50 50 50 50 39 36 31 27 21 20 15 12 1 
85 84 84 84 83 83 83 83 83 83 83 83 83 83 83 83 83 83 80 74 73 72 68 59 56 56 56 56 54 52 52 52 52 52 52 51 51 51 51 50 49 49 49 35 16 11 9 9 8 8 
86 86 85 85 85 85 85 85 85 85 85 85 85 85 82 82 81 80 80 77 77 72 71 59 59 59 57 53 51 51 51 51 51 51 50 49 49 49 42 40 36 34 30 10 10 10 6 2 2 2 
87 86 86 86 86 86 86 86 86 86 86 86 86 77 76 69 69 69 68 61 61 61 61 61 58 57 57 57 56 53 53 53 53 53 51 51 50 50 50 48 46 46 37 36 36 15 9 8 4 4 
86 86 85 85 85 85 85 85 85 85 85 85 85 85 85 85 82 79 76 74 74 68 62 62 62 62 60 60 59 59 56 51 51 51 51 50 50 50 50 50 50 50 50 46 31 26 18 7 1 1 
84 84 84 84 83 83 83 83 83 83 83 83 83 83 83 83 83 83 83 83 83 78 78 78 78 74 69 66 65 64 64 60 60 58 58 56 51 51 51 50 50 50 50 50 50 46 10 8 1 1 
87 87 87 87 87 86 86 86 86 86 86 86 86 86 86 86 86 86 81 81 78 77 75 75 65 63 62 62 57 57 55 51 51 51 51 51 51 51 51 51 51 51 50 33 29 22 17 6 2 2 
85 84 84 84 84 84 84 84 84 84 84 84 84 84 84 84 84 84 82 79 76 75 75 75 75 75 74 71 66 57 57 56 54 52 52 52 52 52 52 50 50 50 40 38 35 17 16 8 5 3 
85 85 85 81 81 81 81 81 81 81 81 81 81 81 81 81 81 81 80 80 80 80 80 80 80 80 79 77 75 75 73 72 61 61 61 60 57 52 52 52 52 52 52 50 47 36 32 12 4 4 
88 88 88 88 88 88 88 88 88 88 88 88 87 87 87 87 87 87 87 87 87 87 87 87 87 80 80 80 78 69 56 54 50 50 50 50 50 50 50 50 50 50 50 50 47 45 22 18 0 0 
84 84 83 83 83 83 83 83 83 83 83 83 83 83 83 83 83 83 83 83 83 83 83 83 83 83 83 82 82 80 80 76 66 56 55 51 51 51 51 50 48 43 43 38 38 37 37 37 9 1 
