% Ministry of Cellular Automata
% Project Deux (CS523 Spring 2015)
% Version:v0.1-66-g3e0f-dirty
%  pop:50
%  ic count:100
%  CA Log option:r2/run06
%  width:121
%  max workers:4
%  radius:2
%  iterations:300
%  generations:50

 generation 0.1.2.1.1.2.17.2.50.1.2.51.50.50.1.2.50.1.7.50.2.1.50.15.50.2.1.1.1.8.1.1.50.1.1.50.2.50.50.50.2.50.1.1.50.50.1.2.2.2.2.xover.mutate.done 50
 generation 1.50.50.50.50.50.50.50.50.50.50.8.50.50.0.50.50.6.50.0.0.0.50.0.0.0.50.50.50.0.0.50.0.50.0.50.50.0.50.11.34.0.0.50.50.0.0.50.0.0.0.xover.mutate.done 50
 generation 2.50.50.50.50.50.50.50.50.50.50.1.50.1.50.50.50.1.0.9.1.1.50.1.50.51.50.0.50.1.1.1.50.50.50.50.50.50.51.50.50.1.1.50.50.50.1.50.38.51.1.xover.mutate.done 50
 generation 3.51.51.51.50.50.50.50.50.50.50.50.50.0.50.50.50.50.51.1.50.1.50.0.50.50.1.0.50.50.1.35.50.50.50.50.50.50.50.41.1.50.50.50.50.1.50.13.51.1.1.xover.mutate.done 50
 generation 4.51.51.51.51.51.50.50.50.50.50.56.1.50.50.51.51.44.1.50.1.50.50.6.50.50.50.1.50.50.50.1.51.50.50.50.50.50.50.51.29.7.50.50.50.50.50.50.9.50.51.xover.mutate.done 50
 generation 5.60.50.50.50.50.50.50.50.50.50.50.50.20.50.50.50.0.0.2.54.50.52.52.2.2.2.2.50.0.0.50.52.2.50.50.50.2.52.50.50.0.50.50.2.11.50.36.52.52.58.xover.mutate.done 50
 generation 6.57.56.38.50.50.50.50.50.50.49.0.50.50.57.0.50.0.0.5.38.57.6.50.50.0.50.50.0.3.50.5.0.50.50.50.7.50.50.67.50.0.0.0.50.23.0.0.50.50.50.xover.mutate.done 50
 generation 7.61.56.56.56.56.50.50.50.50.50.1.50.0.1.1.14.50.22.45.50.1.6.1.50.1.0.51.6.50.0.50.1.56.56.51.1.51.1.50.1.0.1.56.50.50.24.50.1.51.7.xover.mutate.done 50
 generation 8.63.57.57.57.57.57.57.57.51.51.8.8.7.1.36.9.1.9.1.14.57.1.1.7.36.1.24.15.1.1.8.18.51.1.1.57.50.1.50.7.50.8.1.1.50.50.36.50.28.17.xover.mutate.done 50
 generation 9.64.59.59.59.59.59.59.59.59.59.59.59.1.10.59.50.51.50.50.48.1.59.1.50.59.7.29.59.1.9.9.1.51.50.50.9.51.50.59.8.50.59.9.9.1.30.50.1.59.1.xover.mutate.done 50
 generation 10.71.59.59.59.59.59.59.59.59.59.11.13.37.28.23.51.59.17.45.59.11.60.20.36.51.57.20.59.11.13.49.59.59.5.59.59.59.51.15.59.36.11.12.16.59.6.59.51.22.45.xover.mutate.done 50
 generation 11.63.58.58.58.58.58.58.58.58.58.1.1.58.14.50.50.9.19.50.58.51.50.19.58.11.58.30.58.50.58.54.50.58.58.50.50.10.26.9.1.58.23.33.58.58.58.32.50.50.50.xover.mutate.done 50
 generation 12.68.60.60.60.60.59.60.59.60.60.19.60.60.59.10.9.9.19.1.50.50.50.60.30.0.50.0.50.0.36.23.9.1.50.60.60.50.60.59.50.10.0.18.50.60.20.60.60.59.60.xover.mutate.done 50
 generation 13.68.61.61.61.61.61.61.61.61.61.61.13.60.44.13.61.61.12.50.12.61.12.61.14.53.81.61.53.61.50.61.27.12.61.61.60.12.61.39.53.53.44.5.59.61.50.60.53.61.53.xover.mutate.done 50
 generation 14.78.67.59.59.59.59.59.59.59.59.59.44.59.59.51.16.51.29.59.51.9.59.27.59.59.3.51.45.55.59.59.58.10.55.12.59.55.50.27.59.11.10.49.64.10.59.59.11.31.58.xover.mutate.done 50
 generation 15.79.66.67.58.58.58.58.58.58.58.58.50.58.58.58.58.48.58.58.58.50.50.55.58.58.58.65.58.58.58.3.14.58.58.58.50.58.58.35.58.58.55.65.50.67.67.55.13.58.58.xover.mutate.done 50
 generation 16.81.66.66.66.68.67.67.63.63.63.46.13.63.63.46.66.63.13.12.63.44.67.63.48.51.63.63.51.12.44.63.59.13.67.46.12.67.66.63.63.67.63.63.63.63.63.45.63.31.62.xover.mutate.done 50
 generation 17.77.64.62.62.62.62.62.62.60.60.0.50.35.50.54.41.4.62.39.50.4.50.54.4.60.62.50.50.50.35.50.0.50.7.23.54.40.0.65.50.4.0.54.4.62.0.4.15.54.50.xover.mutate.done 50
 generation 18.76.63.62.61.61.61.61.61.61.61.59.41.51.57.29.51.61.36.60.27.51.60.61.56.20.56.51.51.22.56.19.14.1.40.31.56.15.56.25.31.61.19.51.1.6.2.1.16.61.19.xover.mutate.done 50
 generation 19.84.66.68.61.61.61.63.63.61.61.50.59.6.16.5.50.6.16.50.82.50.51.55.11.44.55.30.8.55.16.32.57.57.62.50.55.43.53.11.55.61.50.52.0.50.11.0.62.57.19.xover.mutate.done 50
 generation 20.78.76.67.65.63.63.61.61.64.64.37.52.58.64.55.64.17.26.33.3.52.56.45.39.2.50.61.23.23.56.78.64.2.36.9.61.52.9.71.22.58.5.41.64.42.58.62.66.39.27.xover.mutate.done 50
 generation 21.68.69.67.61.63.63.65.61.61.61.34.15.61.1.17.21.28.9.32.60.21.20.60.57.9.9.19.27.13.54.50.54.33.12.5.61.56.28.12.31.66.13.5.12.60.7.14.65.28.21.xover.mutate.done 50
 generation 22.74.75.74.72.71.70.69.68.69.66.71.52.47.12.11.57.60.67.69.66.36.33.39.44.31.70.73.8.17.72.72.57.8.26.11.60.11.58.72.11.22.41.14.27.28.2.3.39.57.15.xover.mutate.done 50
 generation 23.76.77.77.75.75.75.75.75.68.71.66.35.10.38.9.12.27.31.43.60.50.27.75.65.41.58.64.58.58.51.59.34.51.51.17.58.71.71.71.14.34.17.58.64.60.66.66.65.34.17.xover.mutate.done 50
 generation 24.83.80.82.79.81.81.81.81.79.71.13.69.63.44.70.69.44.81.54.20.70.1.27.54.42.43.42.51.72.51.73.63.47.71.40.2.47.54.51.20.20.63.1.64.45.42.72.63.51.63.xover.mutate.done 50
 generation 25.79.80.80.80.80.80.80.79.79.79.0.35.68.50.0.69.54.20.38.66.0.50.80.80.38.50.66.7.50.80.66.54.67.80.50.80.8.43.50.13.26.50.50.55.68.69.82.41.66.8.xover.mutate.done 50
 generation 26.76.76.76.76.76.76.76.78.78.76.40.38.28.51.50.23.62.13.25.59.42.22.78.76.78.16.22.51.71.78.37.20.1.76.15.18.28.71.78.51.68.40.27.76.1.46.42.51.76.76.xover.mutate.done 50
 generation 27.81.81.80.81.80.81.82.81.80.80.16.81.83.80.11.50.60.65.80.66.80.82.80.68.16.80.50.80.82.50.82.0.80.0.50.16.48.50.72.81.50.30.39.11.50.71.47.16.80.43.xover.mutate.done 50
 generation 28.84.78.78.78.78.81.81.81.81.77.75.50.52.60.2.50.54.75.77.62.52.76.81.63.52.17.63.50.42.77.57.76.50.74.77.57.77.50.50.52.77.2.81.78.81.62.72.52.50.58.xover.mutate.done 50
 generation 29.75.73.73.73.74.72.73.73.76.76.72.9.74.10.50.7.44.73.50.36.76.60.50.73.50.76.50.73.73.60.50.73.60.71.75.10.73.50.62.71.60.59.30.73.50.43.73.71.35.50.xover.mutate.done 50
 generation 30.74.74.74.74.82.78.74.74.74.74.30.74.74.74.78.50.0.0.75.75.59.50.50.64.74.71.72.28.71.50.50.57.29.50.42.50.37.9.50.59.74.72.79.74.38.37.50.32.75.50.xover.mutate.done 50
 generation 31.78.80.76.76.72.72.72.77.77.77.53.61.14.16.75.27.51.80.51.73.13.50.58.61.13.1.37.50.50.50.50.19.11.27.41.51.53.50.76.37.72.54.77.71.50.27.53.35.32.61.xover.mutate.done 50
 generation 32.74.74.73.73.73.73.73.73.73.73.17.65.64.51.51.2.64.65.2.64.36.15.1.51.72.51.2.61.56.64.50.70.51.10.74.27.73.73.51.1.24.65.51.37.51.64.65.73.51.74.xover.mutate.done 50
 generation 33.76.76.76.76.81.74.74.74.74.77.61.0.58.50.10.50.74.74.58.50.76.74.0.19.50.48.0.50.50.80.58.67.50.58.58.67.74.50.61.65.65.40.50.80.65.58.67.50.65.64.xover.mutate.done 50
 generation 34.78.81.81.76.80.80.80.80.80.76.74.50.65.10.72.59.67.59.68.59.50.59.67.74.59.50.64.17.59.50.1.9.59.67.35.56.34.64.72.1.50.59.67.1.74.59.59.59.17.59.xover.mutate.done 50
 generation 35.83.83.82.82.82.82.82.80.77.77.50.53.78.4.50.55.50.56.83.28.55.10.50.77.82.50.50.50.54.79.53.32.57.10.50.70.73.61.57.50.73.54.0.54.43.67.53.50.50.50.xover.mutate.done 50
 generation 36.83.83.83.82.82.82.82.82.82.82.22.83.52.78.51.56.82.47.51.2.57.75.51.51.53.80.8.80.80.1.51.69.83.51.75.50.53.53.8.67.82.53.51.53.51.82.81.50.31.2.xover.mutate.done 50
 generation 37.88.88.88.88.88.87.87.87.87.87.82.51.88.87.87.77.56.57.56.88.87.81.59.43.81.58.2.83.52.82.77.87.88.88.81.52.83.2.68.87.53.82.51.88.55.87.52.56.87.59.xover.mutate.done 50
 generation 38.81.81.81.81.81.81.81.81.81.81.81.29.2.27.59.57.33.51.19.51.38.78.84.77.51.64.57.51.51.51.49.78.73.2.27.78.78.73.51.3.78.53.56.2.51.35.2.75.71.81.xover.mutate.done 50
 generation 39.83.81.81.81.81.81.81.81.81.81.12.60.36.50.81.15.62.1.50.50.59.81.31.61.50.58.78.54.62.50.81.50.51.50.50.74.39.21.74.81.78.81.81.63.62.50.20.76.27.50.xover.mutate.done 50
 generation 40.84.83.83.83.83.83.83.83.83.83.52.49.84.52.85.51.52.52.83.9.56.50.51.54.49.73.56.56.72.68.16.49.51.83.83.8.83.11.35.84.52.80.52.83.51.59.56.9.8.74.xover.mutate.done 50
 generation 41.82.86.85.80.85.85.85.85.85.86.59.6.30.49.82.49.51.85.85.71.50.85.81.42.57.51.2.85.10.2.72.80.59.77.77.2.34.53.85.10.85.36.51.51.40.49.10.51.51.59.xover.mutate.done 50
 generation 42.86.86.87.86.86.86.86.86.86.86.53.4.86.53.4.57.61.61.36.76.50.86.50.61.61.61.56.46.36.51.68.69.86.53.51.57.15.58.50.57.53.48.53.37.9.8.69.77.46.69.xover.mutate.done 50
 generation 43.86.85.85.85.85.85.85.85.85.85.50.50.60.31.51.68.85.50.50.85.79.50.7.59.51.85.56.1.46.74.18.85.86.50.76.62.74.62.82.59.50.60.51.62.50.51.1.85.26.62.xover.mutate.done 50
 generation 44.84.84.83.83.83.83.83.83.83.83.78.50.83.60.1.51.60.66.58.78.8.46.50.83.74.51.78.50.51.64.83.50.64.56.69.83.83.1.58.83.84.83.50.83.50.83.65.84.78.10.xover.mutate.done 50
 generation 45.87.87.87.87.86.86.86.86.86.86.51.77.29.81.17.57.2.51.51.33.86.51.51.6.65.62.62.86.51.86.63.75.81.22.51.51.86.75.55.51.51.86.86.78.50.57.87.51.2.86.xover.mutate.done 50
 generation 46.84.85.84.84.84.84.84.84.84.84.84.75.52.56.75.52.74.50.76.40.84.82.84.84.84.38.52.52.52.50.50.16.57.75.17.35.52.84.75.84.57.75.71.84.3.5.54.79.8.66.xover.mutate.done 50
 generation 47.81.80.81.80.80.81.81.81.81.81.81.75.81.4.12.52.80.52.4.50.52.81.61.81.81.52.77.80.61.61.60.75.81.81.80.85.52.47.80.80.73.85.72.36.32.85.79.81.52.57.xover.mutate.done 50
 generation 48.80.80.80.88.88.87.87.87.87.87.50.87.22.50.56.87.88.78.88.88.88.0.50.87.50.87.87.18.87.50.88.50.87.88.50.88.47.54.88.50.50.0.50.88.50.87.45.50.88.69.xover.mutate.done 50
 generation 49.83.83.83.83.83.83.83.83.83.83.48.82.51.80.83.83.50.51.83.1.82.51.83.83.37.80.38.76.51.56.83.83.83.43.43.84.83.37.83.9.83.84.83.37.55.83.83.83.38.66.xover.mutate.done 50
 20367295 iters     814861 iter/sec (24.99 s)
 total time: 24.99
