78 50 50 50 50 50 50 50 50 50 50 50 50 50 50 6 1 1 1 1 1 1 1 1 1 1 1 1 1 1 1 1 1 1 1 0 0 0 0 0 0 0 0 0 0 0 0 0 0 0 
71 52 52 52 51 50 50 50 50 50 50 50 50 50 50 50 50 50 50 50 50 50 50 50 50 50 46 45 40 35 13 12 6 4 4 4 4 4 4 4 4 4 2 2 2 2 2 2 2 2 
71 60 56 53 51 51 51 51 51 51 50 50 50 50 50 50 50 50 50 50 50 50 50 49 38 12 1 1 1 1 1 1 1 1 1 1 1 1 1 1 1 1 0 0 0 0 0 0 0 0 
73 57 53 52 50 50 50 50 50 50 50 50 50 50 50 50 50 50 50 50 50 50 42 38 14 12 10 0 0 0 0 0 0 0 0 0 0 0 0 0 0 0 0 0 0 0 0 0 0 0 
71 50 50 50 50 50 50 50 50 50 50 50 50 50 50 50 50 50 45 38 28 9 6 5 0 0 0 0 0 0 0 0 0 0 0 0 0 0 0 0 0 0 0 0 0 0 0 0 0 0 
74 57 50 50 50 50 50 50 50 50 50 50 50 50 50 50 50 50 50 50 39 29 14 3 0 0 0 0 0 0 0 0 0 0 0 0 0 0 0 0 0 0 0 0 0 0 0 0 0 0 
71 57 52 52 52 52 52 52 52 52 52 52 52 52 52 51 51 51 50 50 50 50 50 50 50 50 50 50 29 29 10 7 6 3 3 3 3 3 2 2 2 2 2 2 2 1 1 1 1 1 
73 65 50 50 50 50 50 50 50 50 50 50 50 50 50 50 50 50 50 50 50 50 50 50 50 50 50 50 50 50 50 0 0 0 0 0 0 0 0 0 0 0 0 0 0 0 0 0 0 0 
74 59 51 51 51 51 51 51 51 51 51 51 51 51 51 51 51 51 51 51 51 51 51 51 51 50 50 50 50 35 14 2 2 2 2 2 2 2 2 2 2 2 1 1 1 1 1 1 1 1 
74 60 51 51 51 51 51 51 51 51 51 51 51 51 51 51 51 51 51 51 51 51 50 50 50 50 29 25 21 14 10 1 1 1 1 1 1 1 1 1 1 1 0 0 0 0 0 0 0 0 
75 54 51 51 51 51 51 51 51 51 51 51 51 51 51 51 51 51 51 51 51 51 51 51 51 51 51 51 51 51 51 51 51 51 50 50 50 50 50 11 10 3 3 3 3 3 2 2 1 1 
79 59 55 55 55 55 55 55 55 55 55 55 55 55 55 55 55 55 55 55 55 55 55 55 55 55 55 55 55 55 55 55 51 23 23 17 6 6 6 6 6 6 6 6 5 5 5 5 5 5 
76 51 51 51 51 51 51 51 51 51 51 51 51 51 51 51 51 51 51 51 51 51 51 51 51 51 51 51 51 51 51 51 50 50 50 50 48 12 10 8 4 2 2 2 2 2 2 1 1 1 
76 63 51 51 51 51 51 51 51 51 51 51 51 51 51 51 51 51 51 51 51 51 51 51 51 51 51 51 51 50 50 50 50 50 29 2 2 2 2 2 2 2 1 1 1 1 1 1 1 1 
75 65 55 51 51 51 51 51 51 51 51 51 51 51 51 51 51 51 51 51 51 51 51 51 51 51 51 51 51 51 50 50 50 50 50 50 50 50 50 50 50 11 2 1 1 1 1 1 1 0 
69 66 66 66 51 50 50 50 50 50 50 50 50 50 50 50 50 50 50 50 50 50 50 50 50 50 50 50 50 50 50 50 50 50 50 50 45 44 44 31 16 9 1 1 1 1 1 1 0 0 
71 63 63 63 63 63 51 51 50 50 50 50 50 50 50 50 50 50 50 50 50 50 50 50 50 50 50 50 50 50 50 50 50 50 50 44 38 11 7 1 1 1 1 1 1 1 1 1 0 0 
71 63 63 63 63 63 63 63 63 63 63 63 51 51 51 51 51 51 51 51 51 51 51 51 51 51 51 50 50 50 50 50 50 41 39 21 7 3 2 1 1 1 1 1 1 1 1 1 0 0 
74 66 64 64 64 64 64 64 64 64 64 64 64 64 64 60 60 53 51 51 51 51 51 51 51 51 51 51 50 50 50 50 50 50 50 40 39 39 25 25 12 11 11 1 1 1 1 1 0 0 
72 72 72 72 71 71 71 71 71 71 71 71 71 71 71 71 71 71 70 69 51 51 51 51 51 51 51 51 50 50 50 50 50 50 50 37 36 36 36 33 33 23 23 21 21 16 14 14 1 1 
79 70 70 70 70 70 64 64 64 63 63 63 63 63 63 63 63 63 63 63 63 63 63 63 56 50 50 50 50 50 50 50 50 50 50 50 31 31 31 30 25 21 21 13 13 7 1 1 0 0 
76 68 68 68 68 68 68 68 68 68 67 65 65 65 65 65 65 65 65 65 65 65 65 65 65 65 57 51 51 51 51 51 51 51 51 50 43 40 37 33 26 24 22 21 20 19 18 18 10 1 
82 77 66 63 63 63 63 63 63 63 63 63 63 63 63 63 63 63 63 62 62 62 62 62 62 62 62 62 57 56 52 51 51 51 51 50 46 34 25 24 20 16 15 15 15 15 14 13 3 3 
88 84 76 74 74 73 73 73 73 73 73 73 73 73 73 73 73 73 73 71 70 70 70 59 55 51 51 51 51 51 51 51 51 51 50 50 44 43 27 24 24 20 7 3 2 2 2 2 2 2 
86 86 83 76 74 74 74 74 74 74 74 74 74 74 74 74 74 74 74 74 74 69 65 62 51 51 51 51 51 51 51 51 50 50 48 35 29 25 25 25 24 23 14 2 2 2 2 2 2 1 
80 79 79 79 76 72 72 72 72 72 72 72 72 72 72 72 72 72 72 72 72 64 50 50 50 50 50 50 50 50 50 43 42 40 27 23 23 22 22 22 22 12 10 7 5 0 0 0 0 0 
75 74 74 74 74 71 69 65 65 65 65 65 65 65 65 65 65 65 65 64 62 51 51 51 51 50 50 50 50 50 41 40 30 24 21 17 16 15 15 15 15 15 14 9 5 1 1 1 1 1 
79 79 79 79 79 79 79 79 79 74 72 71 71 71 71 71 71 71 68 63 56 53 53 50 50 50 50 50 50 50 50 50 50 50 50 50 49 43 40 28 25 24 19 11 9 4 3 3 3 0 
84 84 84 84 84 84 84 84 84 84 84 84 82 75 70 70 70 70 70 70 65 60 57 51 51 51 50 50 50 50 50 50 50 50 50 50 50 50 50 50 50 44 20 6 0 0 0 0 0 0 
81 81 81 81 81 81 81 81 81 81 81 81 81 81 80 79 77 74 74 69 69 69 69 69 69 69 69 69 57 51 51 51 51 51 51 51 51 50 50 50 49 43 35 12 2 2 2 1 1 1 
75 74 74 74 74 74 74 74 74 74 74 74 74 73 73 72 70 70 64 64 64 64 64 61 57 56 53 52 52 52 52 52 52 52 52 52 52 52 50 50 50 31 31 16 3 3 2 2 2 2 
78 78 78 78 78 78 78 78 78 78 78 78 78 78 78 78 78 78 75 75 75 75 75 75 71 71 69 69 63 50 50 50 50 50 50 50 50 50 50 50 50 48 32 28 28 25 0 0 0 0 
81 81 81 81 81 81 81 81 81 81 81 81 81 81 81 81 81 81 81 81 81 81 81 81 81 81 80 79 74 65 51 51 51 51 51 51 51 51 51 50 50 31 23 21 11 10 1 1 1 1 
82 82 82 81 81 81 81 81 81 81 81 81 81 81 81 81 81 81 80 80 79 79 61 60 60 60 51 50 50 50 50 50 50 50 50 50 50 50 50 50 50 46 40 37 28 26 18 16 6 0 
80 79 79 79 79 79 79 79 79 79 79 79 79 79 79 79 79 79 78 78 78 72 72 57 57 55 55 51 51 51 51 51 51 51 51 51 51 51 51 48 39 35 30 21 13 2 2 2 1 1 
84 84 84 84 84 84 84 84 84 84 84 84 84 84 84 84 84 84 84 81 63 62 62 62 61 51 51 51 51 51 51 51 50 50 50 41 40 38 37 34 34 31 18 17 11 5 1 1 1 1 
87 87 87 87 87 87 87 87 87 87 87 87 87 87 87 87 87 87 87 87 87 87 87 87 87 87 87 84 82 82 82 60 57 57 57 52 52 50 50 50 50 50 50 50 50 50 19 5 2 2 
82 81 81 81 81 81 81 81 81 81 81 81 81 81 81 81 81 81 81 81 81 81 81 81 77 77 64 64 52 52 50 50 50 50 50 50 50 50 42 19 9 6 6 2 2 2 2 2 2 2 
76 76 76 76 76 76 76 76 76 76 76 76 76 76 76 76 76 76 76 76 76 76 76 76 76 57 57 57 51 51 51 51 51 51 51 50 50 50 50 50 36 36 25 18 7 1 1 1 1 1 
84 84 84 84 84 84 84 84 84 84 84 84 84 84 84 84 84 83 80 69 60 57 57 51 51 51 51 51 51 51 51 51 51 51 51 51 50 50 50 50 50 49 48 48 47 44 40 19 2 2 
77 76 76 76 76 76 76 76 76 76 76 76 76 76 76 76 76 76 76 76 76 76 76 76 76 76 73 69 66 59 58 51 51 51 51 51 51 51 51 51 51 51 51 51 50 46 30 23 9 1 
84 82 82 82 82 82 82 82 82 82 82 82 82 82 82 82 82 82 82 82 81 81 81 76 62 61 61 61 58 51 51 51 51 51 51 51 50 50 42 39 38 37 33 8 2 2 2 1 1 1 
76 75 75 75 74 74 74 74 74 74 74 74 74 74 74 74 74 74 73 73 73 70 69 68 55 50 50 50 50 50 50 50 50 50 50 50 50 50 32 32 29 22 20 9 7 4 0 0 0 0 
82 81 81 81 81 81 81 81 81 81 81 81 81 81 81 80 80 80 80 79 75 63 63 59 59 58 53 53 52 52 52 52 52 52 52 52 52 52 52 50 36 21 17 14 5 5 5 5 5 2 
81 81 80 80 80 80 80 80 80 80 80 80 80 80 80 80 80 78 78 77 75 75 75 62 53 53 53 53 53 53 53 53 53 53 53 50 50 50 50 44 43 36 35 19 19 19 15 10 6 6 
87 87 86 86 86 86 85 85 85 85 85 85 85 85 85 85 85 85 85 85 82 78 58 50 50 50 50 50 50 50 50 50 50 50 50 50 50 50 47 47 46 44 44 43 16 16 0 0 0 0 
76 76 76 76 76 76 76 76 76 76 76 76 76 76 76 76 76 76 76 76 76 76 76 76 76 76 72 72 71 57 55 51 51 51 51 51 50 50 50 50 50 50 49 43 41 22 1 1 1 0 
77 77 77 76 76 76 76 76 76 75 75 75 75 75 75 75 75 75 60 60 59 59 59 59 56 54 54 54 54 54 54 51 51 51 51 51 51 51 50 50 50 36 35 32 19 17 11 6 2 2 
79 79 79 79 79 79 79 79 79 79 79 79 79 79 79 79 79 79 79 79 79 79 79 79 79 79 78 59 59 59 59 58 56 55 55 53 51 51 50 50 50 50 50 50 40 11 9 9 8 1 
86 86 86 86 86 86 86 86 86 86 86 86 86 86 84 84 84 84 83 83 83 82 72 63 63 61 60 59 59 59 56 54 52 52 50 50 50 50 50 45 41 32 30 18 9 6 6 2 2 0 
