% Ministry of Cellular Automata
% Project Deux (CS523 Spring 2015)
% Version:v0.1-66-g3e0f-dirty
%  pop:50
%  ic count:100
%  CA Log option:r2/run04
%  width:121
%  max workers:4
%  radius:2
%  iterations:300
%  generations:50

 generation 0.0.50.50.0.0.50.0.0.0.50.50.0.0.0.0.0.0.0.0.0.50.50.50.50.50.50.0.50.0.50.50.0.0.50.0.50.0.50.0.50.0.0.50.0.0.0.0.50.50.0.xover.mutate.done 50
 generation 1.50.50.50.50.50.50.50.50.50.50.9.3.3.3.53.3.50.50.0.53.11.0.34.11.50.0.37.18.26.50.0.3.3.50.0.3.29.0.50.41.50.50.3.3.50.50.3.0.0.3.xover.mutate.done 50
 generation 2.50.50.50.50.50.50.50.50.50.50.0.50.26.50.0.0.50.50.0.50.0.22.0.50.50.5.50.50.50.50.50.50.50.50.50.5.8.50.50.50.4.1.36.50.50.0.6.50.0.0.xover.mutate.done 50
 generation 3.50.50.50.50.50.50.50.50.50.50.0.50.50.50.0.0.0.0.0.50.50.50.8.0.50.0.4.0.50.50.31.20.0.50.3.50.36.50.13.0.50.50.56.50.50.46.50.0.8.50.xover.mutate.done 50
 generation 4.52.51.51.50.50.50.50.50.50.50.50.50.50.50.0.1.51.48.50.1.50.50.50.50.50.50.43.64.50.1.50.40.50.22.50.1.51.48.11.1.30.50.50.50.50.1.0.51.50.50.xover.mutate.done 50
 generation 5.60.49.51.51.51.51.51.50.50.50.50.50.16.1.50.50.51.2.50.51.51.50.2.46.1.51.15.50.50.50.50.1.38.50.1.51.2.1.1.50.50.1.50.2.51.51.50.2.50.1.xover.mutate.done 50
 generation 6.63.50.50.50.50.50.50.50.50.50.50.0.16.0.50.50.9.50.0.50.50.43.50.50.50.0.0.50.50.50.50.50.50.0.50.0.50.50.50.50.50.0.0.50.0.0.0.50.50.0.xover.mutate.done 50
 generation 7.49.50.50.50.50.50.50.50.50.50.50.0.0.50.50.0.50.0.12.50.0.50.50.50.50.50.0.0.0.50.50.50.39.0.0.21.0.50.50.50.34.50.0.50.0.50.0.0.0.0.xover.mutate.done 50
 generation 8.50.50.50.50.50.50.50.50.50.50.50.50.2.50.2.2.0.50.50.50.8.16.23.50.50.2.50.50.50.50.7.50.50.50.50.50.19.50.2.50.50.2.50.50.50.50.2.38.2.50.xover.mutate.done 50
 generation 9.52.52.52.52.52.52.52.52.52.52.3.1.50.3.50.1.50.4.50.3.21.52.3.50.52.1.6.52.7.52.52.52.50.13.52.52.50.52.50.52.3.52.16.14.52.8.52.50.52.3.xover.mutate.done 50
 generation 10.51.51.51.51.51.51.51.51.51.51.3.51.3.3.51.51.51.51.3.3.51.51.3.51.51.51.51.51.50.51.51.51.51.3.51.50.51.51.51.3.51.51.51.51.51.51.51.50.3.51.xover.mutate.done 50
 generation 11.53.53.53.53.53.53.53.53.53.53.4.4.53.53.53.53.53.4.53.4.4.53.8.53.53.53.53.53.53.4.53.53.53.53.53.53.50.4.3.53.4.4.53.4.53.53.4.53.4.53.xover.mutate.done 50
 generation 12.51.51.51.51.51.51.51.51.51.51.51.51.0.51.1.1.51.6.1.8.0.51.51.51.50.51.0.51.47.7.51.51.1.51.1.1.1.1.20.1.47.1.51.1.6.51.51.1.51.51.xover.mutate.done 50
 generation 13.51.51.51.51.51.51.51.51.51.51.3.43.12.3.51.51.3.51.3.51.51.3.51.51.51.51.48.51.3.51.1.14.51.51.51.7.51.51.1.7.1.8.51.51.51.51.3.51.5.5.xover.mutate.done 50
 generation 14.51.51.51.51.51.51.51.51.51.51.51.51.1.51.51.51.21.51.51.15.1.51.1.1.51.51.51.51.12.12.1.51.51.51.1.51.51.51.51.51.51.51.51.1.51.1.1.51.51.51.xover.mutate.done 50
 generation 15.51.51.51.51.51.51.51.51.51.51.51.51.2.2.51.1.51.51.51.2.51.51.2.25.51.51.3.51.11.51.51.51.51.51.51.51.51.51.13.51.2.2.51.51.51.51.1.17.51.2.xover.mutate.done 50
 generation 16.51.51.51.51.51.51.51.51.51.51.51.51.51.51.2.51.51.16.51.51.51.51.2.51.2.51.51.51.51.12.51.51.51.2.12.2.51.51.2.42.51.50.51.2.29.51.51.12.51.51.xover.mutate.done 50
 generation 17.50.50.50.50.50.50.50.50.50.50.50.1.50.50.15.50.50.17.50.50.1.50.26.50.50.50.50.50.50.1.50.50.50.50.50.1.50.10.50.14.50.1.50.2.50.10.1.50.50.50.xover.mutate.done 50
 generation 18.52.52.52.52.52.52.52.52.52.52.52.52.52.52.52.52.52.52.52.52.12.52.52.52.2.52.52.52.52.52.52.52.52.10.52.52.52.52.52.52.52.52.52.3.52.12.27.52.10.3.xover.mutate.done 50
 generation 19.50.50.50.50.50.50.50.50.50.50.50.50.0.2.50.2.0.50.50.50.8.2.50.50.50.50.50.2.50.0.50.20.50.2.20.2.2.50.50.50.50.50.5.44.50.50.50.50.50.2.xover.mutate.done 50
 generation 20.50.50.50.50.50.50.50.50.50.50.50.50.0.0.1.50.50.50.1.50.6.0.50.50.50.1.1.50.50.50.50.50.50.50.50.50.50.50.50.50.25.50.50.50.20.50.50.1.1.17.xover.mutate.done 50
 generation 21.50.50.50.50.50.50.50.50.50.50.50.0.45.0.50.50.45.50.50.50.50.50.0.50.50.50.44.50.50.50.0.8.50.0.50.50.50.0.50.50.50.50.50.50.50.37.50.0.50.50.xover.mutate.done 50
 generation 22.52.52.52.52.52.52.52.52.52.52.3.52.50.15.33.52.52.35.52.52.52.52.52.3.52.3.52.3.52.52.2.15.52.2.52.50.52.52.52.52.44.3.3.52.19.52.52.3.52.52.xover.mutate.done 50
 generation 23.52.52.52.52.52.52.52.52.52.52.52.52.52.4.4.4.8.52.52.50.52.2.52.52.4.49.52.2.52.51.2.52.25.52.46.41.52.52.4.8.52.52.4.4.4.2.4.52.52.52.xover.mutate.done 50
 generation 24.51.51.51.51.51.51.51.51.51.51.51.51.51.1.51.51.1.51.51.1.43.41.51.51.51.51.1.51.0.51.41.51.51.51.51.51.51.51.51.51.51.1.51.51.51.1.1.1.51.51.xover.mutate.done 50
 generation 25.51.51.51.51.51.51.51.51.51.51.4.51.51.51.51.51.4.4.51.1.13.4.47.37.51.46.51.15.38.4.1.21.51.51.12.51.51.51.51.51.51.13.23.4.4.51.51.51.51.4.xover.mutate.done 50
 generation 26.54.54.54.54.54.54.54.54.54.54.13.54.54.54.54.54.54.8.54.54.54.54.54.8.50.54.40.54.54.54.26.54.8.54.54.54.8.4.54.54.54.54.26.54.50.21.54.54.54.54.xover.mutate.done 50
 generation 27.52.52.52.52.52.52.52.52.52.52.52.52.52.52.52.52.52.52.14.52.52.52.52.52.23.18.52.52.52.52.4.13.9.52.52.11.4.52.50.52.52.52.52.4.52.29.52.2.52.4.xover.mutate.done 50
 generation 28.50.50.50.50.50.50.50.50.50.50.50.50.50.50.50.5.50.50.50.50.25.50.50.0.50.50.0.50.50.16.50.0.0.0.50.50.50.7.50.8.50.50.0.0.8.50.50.50.50.50.xover.mutate.done 50
 generation 29.50.50.50.50.50.50.50.50.50.50.50.50.50.8.31.0.50.50.50.50.50.0.50.50.50.0.50.50.50.37.50.50.0.37.50.9.50.37.0.50.50.50.24.50.50.50.50.50.0.50.xover.mutate.done 50
 generation 30.51.51.51.51.51.51.51.51.51.51.51.37.51.51.3.51.1.3.3.51.12.51.12.51.3.51.3.12.51.51.51.51.3.51.51.51.51.51.51.51.51.51.51.3.51.51.51.51.51.35.xover.mutate.done 50
 generation 31.50.50.50.50.50.50.50.50.50.50.2.50.2.50.2.46.50.50.2.50.2.50.50.0.2.50.50.0.50.50.50.9.0.50.2.50.50.10.50.50.0.34.2.50.2.0.50.50.0.50.xover.mutate.done 50
 generation 32.50.50.50.50.50.50.50.50.50.50.50.50.50.29.50.50.50.3.4.50.50.0.50.50.50.3.0.0.50.50.50.3.3.50.3.50.50.50.50.50.3.50.50.3.50.50.3.50.50.50.xover.mutate.done 50
 generation 33.52.52.52.52.52.52.52.52.52.52.52.52.2.52.52.12.30.52.2.52.52.50.52.25.18.52.32.52.52.52.52.2.52.52.52.50.52.52.52.52.52.52.52.52.52.52.2.52.52.52.xover.mutate.done 50
 generation 34.50.50.50.50.50.50.50.50.50.50.50.50.50.50.19.50.50.50.50.50.50.50.50.50.0.50.50.50.0.0.50.50.50.50.0.50.0.11.50.50.0.50.50.0.50.0.13.47.0.50.xover.mutate.done 50
 generation 35.50.50.50.50.50.50.50.50.50.50.50.50.50.1.1.1.50.1.50.50.50.50.1.11.35.50.50.50.1.50.50.50.50.1.18.50.4.50.50.50.50.1.50.50.50.50.50.50.50.1.xover.mutate.done 50
 generation 36.51.51.51.51.51.51.51.51.51.51.51.51.1.51.51.51.51.51.51.50.51.49.21.51.51.51.51.1.51.11.51.51.10.50.51.51.51.51.51.5.50.51.51.51.51.1.51.51.11.1.xover.mutate.done 50
 generation 37.53.53.53.53.53.53.53.53.53.53.5.53.53.53.53.53.53.12.3.53.17.2.3.3.17.9.5.53.5.53.3.3.50.2.53.50.53.53.3.53.8.50.53.53.53.3.53.53.53.2.xover.mutate.done 50
 generation 38.52.52.52.52.52.52.52.52.52.52.52.52.3.50.52.3.52.52.3.52.52.11.52.3.52.52.52.52.52.52.3.52.52.52.52.52.52.52.52.3.52.52.40.50.50.52.52.52.3.52.xover.mutate.done 50
 generation 39.50.50.50.50.50.50.50.50.50.50.50.0.50.50.50.45.50.50.11.0.50.0.50.50.50.50.0.50.50.50.50.9.50.50.0.50.0.50.0.50.0.50.50.24.50.6.50.50.0.50.xover.mutate.done 50
 generation 40.54.54.54.54.54.54.54.54.54.54.50.50.54.54.54.54.54.54.54.54.54.54.54.50.49.50.7.3.54.54.50.4.7.54.54.54.54.54.54.54.54.54.54.7.54.3.54.54.50.50.xover.mutate.done 50
 generation 41.50.50.50.50.50.50.50.50.50.50.0.50.50.50.15.0.50.50.0.29.50.50.0.50.50.50.50.31.50.50.50.50.50.50.50.0.37.50.0.0.50.0.50.50.0.50.50.0.0.50.xover.mutate.done 50
 generation 42.50.50.50.50.50.50.50.50.50.50.0.50.50.10.50.50.0.50.50.50.50.13.50.50.50.0.50.50.50.0.9.50.50.0.50.50.50.50.45.0.50.50.50.8.50.6.0.50.50.50.xover.mutate.done 50
 generation 43.50.50.50.50.50.50.50.50.50.50.50.50.50.50.50.50.50.0.7.50.50.50.50.50.43.50.50.50.50.47.16.5.50.50.50.50.0.0.50.50.0.50.50.50.50.50.50.0.0.50.xover.mutate.done 50
 generation 44.51.51.51.51.51.51.51.51.51.51.2.34.44.51.51.2.51.2.2.51.51.50.51.2.51.2.51.51.51.51.51.51.2.51.51.51.51.51.51.51.48.51.51.51.37.38.18.51.51.51.xover.mutate.done 50
 generation 45.51.51.51.51.51.51.51.51.51.51.7.51.51.51.2.51.36.51.51.2.2.51.51.51.51.51.51.51.2.51.51.51.51.51.51.2.5.51.51.51.7.51.5.51.2.51.2.47.51.51.xover.mutate.done 50
 generation 46.50.50.50.50.50.50.50.50.50.50.10.50.24.0.50.50.50.50.0.50.0.50.28.0.50.0.50.0.50.0.50.50.50.50.50.50.0.50.0.50.0.50.0.50.50.50.0.11.19.0.xover.mutate.done 50
 generation 47.51.51.51.51.51.51.51.51.51.51.2.50.2.1.51.1.51.51.10.18.51.51.51.50.51.1.2.1.51.51.2.51.51.51.51.51.51.51.1.4.51.51.51.2.51.50.11.51.51.51.xover.mutate.done 50
 generation 48.50.50.50.50.50.50.50.50.50.50.50.49.0.50.50.25.30.50.8.10.50.50.0.0.50.50.0.0.50.50.50.0.50.50.15.0.50.50.0.50.8.50.0.50.50.50.50.50.50.8.xover.mutate.done 50
 generation 49.52.52.52.52.52.52.52.52.52.52.50.3.52.52.52.52.52.9.52.3.3.52.3.3.3.52.2.50.52.2.2.3.52.52.19.3.3.13.52.48.1.52.3.2.3.50.52.52.3.52.xover.mutate.done 50
 18406775 iters     845354 iter/sec (21.77 s)
 total time: 21.77
