0.21875 0.03125 0.0625 0.65625 0.4375 0.96875 0.59375 0.8125 0.375 0.0625 
0.03125 0.0625 0.96875 0.0625 0.21875 0.0625 0.9375 0.0 0.03125 0.0 
0.15625 0.5 0.03125 0.0625 0.96875 0.0625 0.21875 0.0625 0.9375 0.0 
0.15625 0.5 0.03125 0.0625 0.96875 0.0625 0.21875 0.0625 0.9375 0.0 
0.1875 0.15625 0.5 0.03125 0.0625 0.96875 0.0625 0.21875 0.0625 0.9375 
0.53125 0.1875 0.15625 0.5 0.3125 0.25 0.09375 0.03125 0.0625 0.96875 
0.53125 0.15625 0.5 0.3125 0.25 0.09375 0.28125 0.3125 0.125 0.34375 
0.53125 0.15625 0.5 0.3125 0.25 0.09375 0.28125 0.3125 0.125 0.34375 
0.15625 0.5 0.3125 0.25 0.09375 0.28125 0.3125 0.125 0.34375 0.375 
0.15625 0.5 0.3125 0.25 0.09375 0.28125 0.3125 0.125 0.34375 0.375 
0.15625 0.5 0.3125 0.25 0.09375 0.28125 0.3125 0.125 0.34375 0.375 
0.15625 0.5 0.3125 0.25 0.09375 0.28125 0.3125 0.125 0.34375 0.375 
0.15625 0.5 0.3125 0.25 0.09375 0.28125 0.3125 0.125 0.34375 0.375 
0.15625 0.5 0.3125 0.25 0.09375 0.28125 0.3125 0.125 0.34375 0.375 
0.15625 0.5 0.3125 0.25 0.09375 0.28125 0.3125 0.125 0.34375 0.375 
0.15625 0.5 0.3125 0.25 0.09375 0.28125 0.3125 0.125 0.34375 0.375 
0.15625 0.5 0.3125 0.25 0.09375 0.28125 0.3125 0.125 0.34375 0.375 
0.15625 0.5 0.3125 0.25 0.09375 0.28125 0.3125 0.125 0.34375 0.375 
0.15625 0.5 0.3125 0.25 0.09375 0.28125 0.3125 0.125 0.34375 0.375 
0.15625 0.5 0.3125 0.25 0.09375 0.28125 0.3125 0.125 0.34375 0.375 
0.15625 0.5 0.3125 0.25 0.09375 0.28125 0.3125 0.125 0.34375 0.375 
0.15625 0.5 0.3125 0.25 0.09375 0.28125 0.3125 0.125 0.34375 0.375 
0.15625 0.5 0.3125 0.25 0.09375 0.28125 0.3125 0.125 0.34375 0.375 
0.15625 0.5 0.3125 0.25 0.09375 0.28125 0.3125 0.125 0.34375 0.375 
0.15625 0.5 0.3125 0.25 0.09375 0.28125 0.3125 0.125 0.34375 0.375 
0.15625 0.5 0.3125 0.25 0.09375 0.28125 0.3125 0.125 0.34375 0.375 
0.15625 0.5 0.3125 0.25 0.09375 0.28125 0.3125 0.125 0.34375 0.375 
0.15625 0.5 0.3125 0.25 0.09375 0.28125 0.3125 0.125 0.34375 0.375 
0.15625 0.5 0.3125 0.25 0.09375 0.28125 0.3125 0.125 0.34375 0.375 
0.15625 0.5 0.3125 0.25 0.09375 0.28125 0.3125 0.125 0.34375 0.375 
0.15625 0.5 0.3125 0.25 0.09375 0.28125 0.3125 0.125 0.34375 0.375 
0.15625 0.5 0.3125 0.25 0.09375 0.28125 0.3125 0.125 0.34375 0.375 
0.15625 0.5 0.3125 0.25 0.09375 0.28125 0.3125 0.125 0.34375 0.375 
0.15625 0.5 0.3125 0.25 0.09375 0.28125 0.3125 0.125 0.34375 0.375 
0.15625 0.5 0.3125 0.25 0.09375 0.28125 0.3125 0.125 0.34375 0.375 
0.15625 0.5 0.3125 0.25 0.09375 0.28125 0.3125 0.125 0.34375 0.375 
0.15625 0.5 0.3125 0.25 0.09375 0.28125 0.3125 0.125 0.34375 0.375 
0.15625 0.5 0.3125 0.25 0.09375 0.28125 0.3125 0.125 0.34375 0.375 
0.15625 0.5 0.3125 0.25 0.09375 0.28125 0.3125 0.125 0.34375 0.375 
0.15625 0.5 0.3125 0.25 0.09375 0.28125 0.3125 0.125 0.34375 0.375 
0.15625 0.5 0.3125 0.25 0.09375 0.28125 0.3125 0.125 0.34375 0.375 
0.15625 0.5 0.3125 0.25 0.09375 0.28125 0.3125 0.125 0.34375 0.375 
0.15625 0.5 0.3125 0.25 0.09375 0.28125 0.3125 0.125 0.34375 0.375 
0.15625 0.5 0.3125 0.25 0.09375 0.28125 0.3125 0.125 0.34375 0.375 
0.15625 0.5 0.3125 0.25 0.09375 0.28125 0.3125 0.125 0.34375 0.375 
0.15625 0.5 0.3125 0.25 0.09375 0.28125 0.3125 0.125 0.34375 0.375 
0.15625 0.5 0.3125 0.25 0.09375 0.28125 0.3125 0.125 0.34375 0.375 
0.15625 0.5 0.3125 0.25 0.09375 0.28125 0.3125 0.125 0.34375 0.375 
0.15625 0.5 0.3125 0.25 0.09375 0.28125 0.3125 0.125 0.34375 0.375 
0.15625 0.5 0.3125 0.25 0.09375 0.28125 0.3125 0.125 0.34375 0.375 
