0.4375 0.59375 0.65625 0.09375 1.0 0.875 0.34375 0.75 0.71875 0.75 
0.65625 0.125 1.0 0.75 0.34375 0.09375 0.09375 0.0 0.09375 1.0 
0.65625 0.96875 0.625 0.6875 0.65625 0.75 0.84375 0.96875 0.125 1.0 
0.65625 0.96875 0.625 0.6875 0.65625 0.75 0.84375 0.96875 0.125 0.625 
0.65625 0.96875 0.625 0.6875 0.65625 0.75 0.84375 0.96875 0.625 0.84375 
0.65625 0.96875 0.625 0.6875 0.65625 0.75 0.84375 0.96875 0.625 0.84375 
0.65625 0.96875 0.625 0.6875 0.65625 0.75 0.84375 0.96875 0.625 0.84375 
0.65625 0.96875 0.625 0.6875 0.65625 0.75 0.84375 0.96875 0.625 0.84375 
0.65625 0.96875 0.625 0.6875 0.65625 0.75 0.84375 0.96875 0.625 0.84375 
0.65625 0.96875 0.625 0.6875 0.65625 0.75 0.84375 0.96875 0.625 0.84375 
0.65625 0.96875 0.625 0.6875 0.65625 0.75 0.84375 0.96875 0.625 0.84375 
0.59375 0.65625 0.96875 0.625 0.6875 0.65625 0.75 0.84375 0.96875 0.625 
0.59375 0.65625 0.96875 0.625 0.6875 0.65625 0.75 0.84375 0.96875 0.625 
0.59375 0.65625 0.96875 0.625 0.6875 0.65625 0.75 0.84375 0.96875 0.625 
0.59375 0.65625 0.96875 0.625 0.6875 0.65625 0.75 0.84375 0.96875 0.625 
0.59375 0.65625 0.96875 0.625 0.6875 0.65625 0.75 0.84375 0.96875 0.625 
0.59375 0.65625 0.96875 0.625 0.6875 0.65625 0.75 0.84375 0.96875 0.625 
0.59375 0.65625 0.96875 0.625 0.6875 0.65625 0.75 0.84375 0.96875 0.625 
0.59375 0.65625 0.96875 0.625 0.6875 0.65625 0.75 0.84375 0.96875 0.625 
0.59375 0.65625 0.96875 0.625 0.6875 0.65625 0.75 0.84375 0.96875 0.625 
0.59375 0.65625 0.96875 0.625 0.6875 0.65625 0.75 0.84375 0.96875 0.625 
0.59375 0.65625 0.96875 0.625 0.6875 0.65625 0.75 0.84375 0.96875 0.625 
0.59375 0.65625 0.96875 0.625 0.6875 0.65625 0.75 0.84375 0.96875 0.625 
0.59375 0.65625 0.96875 0.625 0.6875 0.65625 0.75 0.84375 0.96875 0.625 
0.59375 0.65625 0.96875 0.625 0.6875 0.65625 0.75 0.84375 0.96875 0.625 
0.59375 0.59375 0.65625 0.96875 0.625 0.6875 0.65625 0.75 0.84375 0.96875 
0.59375 0.59375 0.65625 0.96875 0.625 0.6875 0.65625 0.75 0.84375 0.96875 
0.59375 0.53125 0.59375 0.65625 0.96875 0.625 0.6875 0.65625 0.75 0.84375 
0.59375 0.53125 0.59375 0.59375 0.65625 0.96875 0.625 0.6875 0.65625 0.75 
0.59375 0.53125 0.59375 0.59375 0.65625 0.96875 0.625 0.6875 0.65625 0.75 
0.59375 0.53125 0.59375 0.59375 0.59375 0.65625 0.96875 0.625 0.6875 0.65625 
0.53125 0.53125 0.59375 0.59375 0.59375 0.59375 0.65625 0.96875 0.625 0.6875 
0.53125 0.53125 0.59375 0.53125 0.59375 0.59375 0.59375 0.59375 0.65625 0.96875 
0.59375 0.59375 0.53125 0.53125 0.53125 0.59375 0.59375 0.59375 0.59375 0.65625 
0.59375 0.53125 0.53125 0.53125 0.53125 0.59375 0.59375 0.59375 0.59375 0.59375 
0.5625 0.5625 0.53125 0.59375 0.5 0.59375 0.53125 0.53125 0.53125 0.53125 
0.5625 0.53125 0.5625 0.59375 0.5625 0.5 0.53125 0.53125 0.53125 0.53125 
0.5 0.53125 0.5625 0.5625 0.5625 0.5625 0.59375 0.53125 0.53125 0.53125 
0.5 0.5 0.53125 0.5625 0.5625 0.5625 0.5625 0.53125 0.53125 0.53125 
0.46875 0.5 0.5 0.5625 0.5625 0.5625 0.5625 0.5625 0.5625 0.53125 
0.46875 0.5 0.5 0.5 0.5 0.46875 0.5625 0.5625 0.5625 0.5625 
0.46875 0.5 0.5 0.5 0.5 0.46875 0.4375 0.5 0.46875 0.53125 
0.46875 0.46875 0.4375 0.5 0.5 0.5 0.5 0.5 0.46875 0.46875 
0.46875 0.46875 0.4375 0.5 0.5 0.5 0.5 0.5 0.46875 0.46875 
0.46875 0.46875 0.4375 0.5 0.46875 0.5 0.5 0.5 0.5 0.46875 
0.46875 0.46875 0.4375 0.5 0.46875 0.5 0.46875 0.46875 0.5 0.5 
0.46875 0.46875 0.4375 0.5 0.46875 0.5 0.46875 0.46875 0.5 0.5 
0.46875 0.46875 0.4375 0.5 0.46875 0.5 0.46875 0.46875 0.5 0.5 
0.46875 0.46875 0.4375 0.5 0.46875 0.5 0.46875 0.46875 0.4375 0.5 
0.46875 0.46875 0.4375 0.5 0.46875 0.5 0.46875 0.46875 0.4375 0.5 
