51 50 50 50 50 50 50 50 50 36 34 32 32 10 5 5 5 5 5 5 5 5 5 5 5 5 4 4 4 4 4 4 4 4 4 4 1 1 1 1 1 1 1 1 1 1 1 1 1 1 
52 51 51 50 50 50 50 50 50 50 50 50 50 50 50 50 50 50 42 37 36 34 34 24 21 7 3 3 3 3 3 3 3 3 3 2 2 2 2 2 2 2 2 1 1 1 1 1 1 1 
57 57 53 53 53 53 53 52 52 52 52 52 52 52 50 50 50 50 50 50 50 50 50 50 50 50 50 50 35 34 32 27 23 22 12 11 5 5 5 5 5 5 5 3 3 3 3 2 2 2 
54 52 52 52 52 52 52 52 52 51 51 51 51 51 51 51 51 50 50 50 50 50 50 50 50 43 40 35 25 16 14 14 3 3 3 3 3 3 3 3 2 2 2 2 2 1 1 1 1 1 
53 50 50 50 50 50 50 50 50 50 50 50 50 50 50 50 50 50 50 50 50 50 50 50 50 50 50 50 50 44 43 42 28 1 0 0 0 0 0 0 0 0 0 0 0 0 0 0 0 0 
60 52 52 52 52 52 52 52 52 52 52 52 52 52 52 52 52 52 52 50 50 50 50 50 50 50 50 50 50 45 40 30 21 2 2 2 2 2 2 2 2 0 0 0 0 0 0 0 0 0 
56 52 51 51 51 51 51 51 51 51 51 51 51 51 51 51 51 51 51 51 51 51 51 51 50 50 50 50 50 45 40 40 34 17 16 11 9 7 3 3 3 3 3 3 3 3 3 3 3 3 
59 59 56 55 52 52 51 51 51 51 51 51 51 51 51 51 51 51 51 51 51 51 51 51 51 51 51 51 51 50 50 43 30 27 21 17 17 3 3 3 3 3 3 3 3 3 3 2 2 1 
66 57 57 57 54 52 52 51 51 51 51 51 51 51 51 51 51 51 51 51 51 51 51 51 51 51 51 51 51 51 51 51 51 51 50 45 34 25 6 5 2 2 2 2 2 2 2 2 2 1 
67 60 60 60 59 58 56 56 56 56 51 51 51 51 51 51 51 51 51 51 51 51 51 51 51 51 51 51 51 51 51 51 51 51 51 45 36 33 20 19 15 11 9 9 8 2 2 2 2 2 
79 65 60 54 54 54 54 54 53 52 52 52 51 51 51 51 51 51 51 51 51 50 50 50 50 50 50 50 50 50 50 50 50 50 33 32 32 26 26 17 10 9 5 4 2 2 1 1 1 1 
74 72 62 62 60 58 58 58 57 57 57 57 57 57 56 54 54 54 54 53 53 50 50 50 50 50 50 50 50 20 14 9 9 7 4 4 4 0 0 0 0 0 0 0 0 0 0 0 0 0 
69 69 69 69 67 62 61 61 61 59 59 59 59 56 56 56 56 56 53 51 51 51 50 50 50 50 50 50 50 50 32 9 9 6 6 6 6 6 6 3 3 1 1 1 1 1 1 1 0 0 
78 78 78 78 78 74 74 73 72 66 66 66 66 64 64 63 62 60 60 60 59 59 59 56 50 50 50 50 50 50 50 50 50 50 28 27 27 24 16 16 13 10 9 9 7 7 0 0 0 0 
79 79 79 79 79 79 79 79 76 75 75 75 75 75 73 71 69 69 68 67 66 66 66 63 63 62 62 62 62 61 53 53 53 53 51 51 51 50 50 50 30 25 22 21 12 12 12 4 4 1 
81 81 81 81 81 81 81 81 80 80 80 75 75 75 75 75 75 75 73 72 69 69 66 65 64 60 57 55 51 51 51 51 50 50 50 50 32 30 26 26 21 20 19 19 14 11 2 1 1 0 
85 85 85 85 85 85 85 85 85 85 85 85 85 85 85 84 83 83 80 80 79 79 79 79 76 73 73 71 58 58 58 51 51 51 51 37 37 36 35 35 29 23 2 2 2 2 2 1 1 1 
84 84 84 84 84 84 84 84 84 84 84 84 84 84 82 82 82 78 78 78 77 77 77 76 75 75 75 72 72 70 55 51 51 50 50 50 50 50 50 43 43 43 40 34 8 7 3 3 2 2 
75 75 75 75 75 75 75 75 75 75 75 75 75 75 75 75 75 75 75 75 74 74 73 73 70 68 59 56 50 50 50 50 50 50 50 50 36 25 25 25 25 24 22 0 0 0 0 0 0 0 
83 83 83 83 83 83 83 83 83 83 83 83 83 83 83 83 83 83 83 83 83 83 83 83 83 82 82 78 69 50 50 50 50 50 50 50 50 48 37 32 32 32 32 17 16 12 1 1 0 0 
78 78 78 78 78 78 78 78 78 78 78 78 78 78 78 78 78 78 78 78 78 78 78 78 77 69 68 52 52 52 50 50 50 50 50 50 50 50 46 40 34 32 30 30 21 21 21 10 2 2 
82 82 82 82 82 82 82 82 82 82 82 82 82 82 82 82 82 82 82 82 82 82 80 67 56 52 52 52 52 52 52 52 52 52 52 51 51 51 51 51 50 39 37 35 34 34 33 33 7 1 
86 86 86 86 86 86 86 86 86 86 86 86 86 86 86 86 86 86 86 86 86 86 86 86 84 80 78 78 57 51 51 51 50 50 50 50 50 50 50 39 39 37 37 36 34 9 9 1 1 1 
75 75 75 75 75 75 75 75 75 75 75 75 75 75 75 75 75 75 75 75 75 75 75 72 55 52 52 52 51 51 51 51 51 51 51 50 50 45 28 27 25 25 25 22 19 16 7 3 3 3 
81 81 81 81 81 81 81 81 81 81 81 81 81 81 81 81 81 81 81 81 81 81 81 51 51 51 51 51 51 51 50 50 50 50 35 33 32 32 32 32 27 20 13 3 2 2 2 2 1 1 
80 80 80 80 80 80 80 80 80 80 80 80 80 80 80 80 80 80 80 80 80 80 80 80 58 50 50 50 50 50 50 50 50 50 50 40 30 27 13 9 9 2 0 0 0 0 0 0 0 0 
83 83 83 83 83 83 83 83 83 83 83 83 83 83 83 83 83 83 83 83 83 83 83 83 82 82 51 51 51 51 50 50 50 50 50 50 50 50 46 46 44 41 34 13 11 11 11 11 1 1 
82 81 81 81 81 81 81 81 81 81 81 81 81 81 81 81 81 81 81 81 81 81 81 81 80 80 80 73 50 50 50 50 50 50 50 50 50 50 50 36 32 32 31 31 31 31 29 0 0 0 
85 85 85 85 85 85 85 85 85 85 85 85 85 85 85 85 85 85 85 85 85 85 85 85 85 85 85 85 84 60 60 59 50 50 50 50 50 50 50 47 35 35 35 34 34 32 31 0 0 0 
74 74 74 74 74 74 74 74 74 74 74 74 74 74 74 74 74 74 74 74 74 74 74 74 74 73 71 71 69 57 57 51 51 51 51 51 51 51 50 50 50 50 41 24 24 24 6 1 1 1 
73 73 73 73 73 73 73 73 73 73 73 73 73 73 73 73 73 73 73 73 73 73 73 73 55 51 51 51 51 51 50 50 50 46 38 38 36 35 33 30 25 24 23 23 23 22 1 1 1 0 
76 75 75 75 75 75 75 75 75 75 75 75 75 75 75 75 75 75 75 75 75 75 75 74 68 68 68 50 50 50 50 50 50 50 50 50 50 50 50 50 50 30 27 25 25 25 25 0 0 0 
83 83 83 83 83 83 83 83 83 83 83 83 83 83 83 83 83 83 83 83 83 83 83 83 83 83 83 82 81 74 70 56 56 51 51 51 51 51 51 50 50 50 34 34 33 8 2 2 2 2 
79 79 79 79 79 79 79 79 79 79 79 79 79 79 79 79 79 79 79 79 79 79 79 79 79 79 79 79 79 74 68 65 50 50 50 50 50 50 43 43 32 30 29 17 16 6 0 0 0 0 
81 80 80 80 80 80 80 80 80 80 80 80 80 80 80 80 80 78 72 71 64 64 54 54 50 50 50 50 50 50 50 50 50 50 50 50 50 50 50 33 33 33 30 28 12 12 5 4 0 0 
81 81 81 81 80 80 80 80 80 80 80 80 80 80 80 80 80 80 80 80 80 80 80 80 80 80 77 74 73 52 52 52 52 50 50 50 50 45 45 40 29 25 9 8 8 2 2 2 2 0 
84 84 84 84 84 84 84 84 84 84 84 84 84 84 84 84 84 84 84 84 84 84 84 84 84 84 84 84 84 81 78 51 51 50 50 50 50 50 50 50 46 44 42 42 39 8 1 1 1 1 
85 85 84 84 84 84 84 84 83 83 83 83 83 83 83 83 83 83 83 83 83 83 83 83 62 50 50 50 50 50 50 50 50 50 50 50 50 50 50 50 50 46 35 34 34 34 27 5 0 0 
84 84 84 84 84 84 84 84 84 84 84 84 84 84 84 84 84 84 84 84 84 84 84 84 84 82 71 61 52 52 52 52 52 52 52 52 52 52 52 52 51 50 50 50 22 3 3 3 2 2 
80 80 80 80 80 80 80 80 80 80 80 80 80 80 79 79 79 79 79 76 64 55 53 53 53 53 53 51 50 50 50 50 50 50 50 50 49 32 32 32 32 30 29 26 25 18 14 13 3 3 
75 75 75 75 75 75 75 75 75 75 75 75 75 75 75 75 75 75 75 75 75 75 75 75 75 75 75 60 51 51 51 51 51 51 51 50 50 50 50 50 50 29 25 24 24 2 2 1 1 0 
80 80 79 79 79 79 79 79 79 79 79 79 79 79 79 79 79 79 78 78 75 50 50 50 50 50 50 50 50 50 50 50 35 33 33 33 31 31 30 30 27 24 24 24 9 0 0 0 0 0 
80 80 80 80 80 80 80 80 80 80 80 80 80 80 80 80 80 78 77 77 57 57 51 51 51 51 51 51 51 50 50 50 50 47 42 36 34 32 32 31 28 12 11 8 2 2 2 2 1 1 
82 80 80 80 80 80 80 80 80 80 80 80 80 80 80 80 80 80 80 80 78 78 78 78 67 67 67 51 51 51 50 50 50 50 50 50 50 38 33 17 11 9 7 6 6 6 1 1 1 0 
84 81 81 81 81 81 81 81 81 81 81 81 81 81 81 81 81 81 79 60 56 51 51 51 51 51 51 51 51 51 51 51 51 51 51 51 51 51 47 42 36 34 32 32 31 13 11 11 2 2 
83 83 83 83 83 83 83 83 83 83 83 83 83 83 83 83 83 83 51 51 51 51 51 51 51 50 50 50 50 50 50 44 40 37 36 35 34 33 33 32 6 6 1 1 1 1 1 1 1 1 
77 77 77 77 77 77 77 77 77 77 77 77 77 77 77 77 77 56 52 52 52 52 52 52 52 52 51 51 51 51 51 51 51 51 44 41 29 28 27 24 21 17 17 17 17 9 7 3 2 2 
81 81 80 80 80 80 80 80 80 80 80 80 80 80 80 79 75 57 52 52 52 52 52 51 50 50 50 50 50 50 50 50 34 33 33 33 33 33 33 33 22 19 19 14 11 3 3 3 3 3 
81 79 79 79 79 79 79 79 79 79 79 79 79 79 79 79 79 79 79 60 58 57 52 52 52 51 51 51 51 51 50 50 50 49 30 30 27 12 10 3 3 3 3 3 3 3 3 2 1 1 
85 83 83 83 83 83 83 83 83 83 83 83 83 83 83 83 83 83 83 83 83 82 82 82 82 81 50 50 50 50 50 50 50 50 50 50 50 42 42 38 5 5 0 0 0 0 0 0 0 0 
