52 51 50 50 50 50 50 50 50 50 50 50 50 50 32 26 20 18 15 14 12 10 3 3 3 3 3 3 3 3 3 3 3 3 3 3 3 2 2 2 2 2 2 2 2 2 1 1 1 1 
52 52 52 52 52 52 52 52 50 50 50 50 50 50 50 50 50 50 50 50 50 50 50 50 50 36 34 34 14 10 10 4 3 2 2 2 2 2 2 2 2 2 2 2 2 2 2 2 0 0 
51 51 51 51 51 51 51 51 51 51 51 51 51 51 51 51 51 51 51 51 51 51 51 51 50 50 50 50 50 50 50 50 50 50 50 11 7 6 5 2 2 2 1 1 1 1 1 1 1 1 
51 51 51 51 51 51 51 51 51 51 51 51 51 51 51 51 51 51 51 51 51 51 51 50 50 50 50 50 50 50 50 50 50 38 11 11 11 10 1 1 1 1 1 1 1 1 1 0 0 0 
54 54 54 54 54 54 54 54 54 54 54 54 54 54 54 54 54 54 54 54 54 54 54 54 54 54 54 54 54 54 54 50 50 50 50 28 21 8 4 4 4 4 4 4 4 4 4 4 4 4 
52 52 52 52 52 52 52 52 52 52 52 52 52 52 52 52 52 52 52 52 52 52 52 52 52 52 52 52 52 52 52 52 50 50 50 50 50 40 30 29 5 5 5 5 3 3 2 2 2 2 
50 50 50 50 50 50 50 50 50 50 50 50 50 50 50 50 50 50 50 50 50 50 50 50 50 50 50 50 50 50 50 50 50 50 50 50 50 50 33 25 21 13 6 1 1 1 1 1 1 0 
52 52 52 52 52 52 52 52 52 52 52 52 52 52 52 52 52 52 52 52 52 52 52 52 52 52 52 52 52 52 52 52 52 52 52 52 52 50 25 17 11 7 2 2 2 2 2 2 0 0 
51 51 51 51 51 51 51 51 51 51 51 51 51 51 51 51 51 51 51 51 51 51 51 51 51 51 51 51 51 51 51 51 51 51 51 51 51 51 51 51 51 6 2 2 2 2 2 1 1 1 
50 50 50 50 50 50 50 50 50 50 50 50 50 50 50 50 50 50 50 50 50 50 50 50 50 50 50 50 50 50 50 50 50 50 50 50 50 50 50 50 44 21 0 0 0 0 0 0 0 0 
63 51 51 51 51 51 51 51 51 51 51 51 51 51 51 51 51 51 51 51 51 51 51 51 51 51 51 51 51 51 51 51 51 51 51 51 51 51 12 6 1 1 1 1 1 1 1 1 1 1 
65 50 50 50 50 50 50 50 50 50 50 50 50 50 50 50 50 50 50 50 50 50 50 50 50 50 50 50 50 50 50 50 50 50 50 50 50 50 50 50 50 50 23 18 16 1 1 1 1 0 
60 50 50 50 50 50 50 50 50 50 50 50 50 50 50 50 50 50 50 50 50 50 50 50 50 50 50 50 50 50 50 50 50 50 50 50 50 50 50 23 21 11 3 0 0 0 0 0 0 0 
56 50 50 50 50 50 50 50 50 50 50 50 50 50 50 50 50 50 50 50 50 50 50 50 50 50 50 50 50 50 50 50 50 50 50 50 50 50 50 50 28 24 12 2 0 0 0 0 0 0 
62 51 51 51 51 51 51 51 51 51 51 51 51 51 51 51 51 51 51 51 51 51 51 51 51 51 51 51 51 51 51 51 51 51 51 51 51 51 51 27 20 19 9 4 2 2 2 2 2 1 
65 50 50 50 50 50 50 50 50 50 50 50 50 50 50 50 50 50 50 50 50 50 50 50 50 50 50 50 50 50 50 50 50 50 50 50 50 50 50 50 50 44 24 14 0 0 0 0 0 0 
59 50 50 50 50 50 50 50 50 50 50 50 50 50 50 50 50 50 50 50 50 50 50 50 50 50 50 50 50 50 50 50 50 50 50 28 25 24 19 1 1 1 1 1 1 1 1 0 0 0 
61 51 51 51 51 51 51 51 51 51 51 51 51 51 51 51 51 51 51 51 51 51 51 51 51 51 51 51 51 51 51 51 51 50 32 25 24 20 5 1 1 1 1 1 1 1 1 1 1 1 
65 50 50 50 50 50 50 50 50 50 50 50 50 50 50 50 50 50 50 50 50 50 50 50 50 50 50 50 50 50 50 50 50 50 50 50 49 49 34 28 18 14 11 11 1 1 1 1 1 0 
60 52 52 52 52 52 52 52 52 52 52 52 52 52 52 52 52 52 52 52 52 52 52 52 52 52 52 52 52 52 52 52 52 52 52 52 52 52 52 52 52 52 52 52 50 26 2 2 2 2 
60 51 51 51 51 51 51 51 51 51 51 51 51 51 51 51 51 51 51 51 51 51 51 51 51 51 51 51 51 51 51 51 51 51 51 26 25 3 3 3 3 3 3 3 3 3 3 3 3 3 
67 51 51 51 51 51 51 51 51 51 51 51 51 51 51 51 51 51 51 51 51 51 51 51 51 51 51 51 51 51 51 51 51 51 51 51 28 23 1 1 1 1 1 1 1 1 1 1 1 1 
67 52 52 52 52 52 52 52 52 52 52 52 52 52 52 52 52 52 52 52 52 52 52 52 52 52 52 52 52 52 52 52 52 52 52 20 16 14 4 4 4 4 4 4 4 4 4 4 4 2 
63 52 52 52 52 52 52 52 52 52 52 52 52 52 52 52 52 52 52 52 52 52 52 52 52 52 52 52 52 52 52 52 52 50 50 50 20 13 12 7 6 2 2 2 2 2 2 2 0 0 
61 53 50 50 50 50 50 50 50 50 50 50 50 50 50 50 50 50 50 50 50 50 50 50 50 50 50 50 50 50 50 50 50 50 50 50 50 50 50 50 50 50 50 9 9 1 1 1 1 1 
66 58 51 51 51 51 51 51 51 51 51 51 51 51 51 51 51 51 51 51 51 51 51 51 51 51 51 51 51 51 51 51 51 51 51 51 51 51 51 51 51 51 36 9 1 1 1 1 1 0 
65 64 55 51 51 51 51 51 51 51 51 51 51 51 51 51 51 51 51 51 51 51 51 51 51 51 51 51 51 51 51 51 51 51 51 51 50 47 34 21 2 2 2 2 2 2 2 2 2 2 
62 61 59 59 52 52 52 52 52 52 52 52 52 52 52 52 52 52 52 52 52 52 52 52 52 52 52 52 52 52 52 52 52 52 52 52 52 52 52 52 50 38 30 3 3 3 3 3 3 2 
66 66 59 59 52 52 52 52 52 52 52 52 52 52 52 52 52 52 52 52 52 52 52 52 52 52 52 52 52 52 52 52 52 50 50 50 50 27 19 10 2 2 2 2 2 2 2 2 0 0 
70 66 57 57 57 52 52 52 52 52 52 52 52 52 52 52 52 52 52 52 52 52 52 52 52 52 52 52 52 52 52 52 52 52 52 52 52 52 52 28 23 20 16 11 10 9 2 2 0 0 
67 67 63 56 56 56 50 50 50 50 50 50 50 50 50 50 50 50 50 50 50 50 50 50 50 50 50 50 50 50 50 50 50 50 50 41 33 33 25 13 6 3 1 1 0 0 0 0 0 0 
61 61 61 61 56 56 56 56 51 51 51 51 51 51 51 51 51 51 51 51 51 51 51 51 51 51 51 51 51 51 51 51 51 51 51 51 51 51 50 50 44 29 23 22 21 17 2 2 2 2 
65 60 57 57 57 53 53 53 53 50 50 50 50 50 50 50 50 50 50 50 50 50 50 50 50 50 50 50 50 33 29 26 11 8 6 6 3 3 3 3 3 3 3 3 3 3 3 3 3 0 
67 67 67 67 67 64 58 58 58 58 58 52 52 52 52 52 52 52 52 52 52 52 52 52 52 52 52 52 52 52 52 50 34 33 26 21 14 9 8 8 3 3 2 2 2 2 2 2 2 2 
72 69 69 66 64 62 61 61 61 61 61 61 60 54 54 54 54 51 51 51 51 51 51 51 51 51 51 51 51 50 50 50 32 31 31 29 26 21 21 18 14 5 5 5 5 2 2 2 2 2 
78 78 77 73 73 69 68 68 68 68 67 66 59 59 59 59 53 51 51 51 51 51 51 51 51 51 51 51 51 50 50 50 48 42 42 40 39 39 34 25 17 6 3 3 3 3 3 3 3 3 
83 73 73 72 72 71 69 67 67 67 67 65 62 60 60 60 58 51 51 51 51 51 50 48 47 47 46 43 35 34 34 34 23 22 19 17 13 11 2 2 2 2 2 2 2 2 2 2 1 1 
77 77 68 67 67 67 66 65 65 65 65 64 64 64 64 59 57 57 51 51 51 51 51 51 51 51 51 51 50 48 48 48 48 47 47 42 41 39 38 32 28 28 27 24 19 14 11 3 3 3 
84 82 82 73 73 73 73 73 73 71 71 67 67 61 61 61 61 61 61 61 56 56 56 56 56 53 52 50 50 50 50 50 50 50 50 50 50 49 49 47 43 35 32 28 20 6 1 1 1 1 
83 83 83 83 83 83 76 76 76 76 76 76 76 76 76 76 73 71 71 63 63 63 60 56 56 56 53 51 50 50 50 50 50 50 50 50 50 50 50 49 47 46 41 40 35 35 35 13 0 0 
84 84 84 84 84 84 84 84 84 74 73 73 73 73 73 73 73 72 72 72 70 70 70 70 70 66 62 58 58 58 58 57 57 50 50 50 50 50 48 48 41 41 41 41 39 29 29 28 28 20 
86 86 86 86 84 84 84 84 84 84 84 84 84 84 84 79 70 68 68 68 68 68 67 63 63 63 60 57 51 50 50 50 50 50 50 50 50 49 49 49 46 45 43 28 24 20 16 11 0 0 
85 85 85 85 85 85 85 85 85 85 85 85 85 85 85 78 78 76 75 75 66 66 62 56 55 54 54 54 54 51 51 51 51 51 51 51 50 50 50 47 45 38 36 21 15 15 11 4 1 0 
87 87 87 87 87 86 86 86 86 86 86 86 86 86 86 86 86 86 86 86 86 86 86 77 77 74 72 72 66 66 66 66 63 59 56 56 56 56 53 53 53 53 53 53 52 50 42 35 26 3 
85 85 85 85 85 85 85 85 84 84 84 84 84 84 84 84 84 84 84 84 84 84 84 84 84 73 73 61 61 60 60 60 55 52 50 50 50 50 50 50 49 39 37 34 31 22 21 16 0 0 
85 85 85 85 85 85 85 85 85 85 85 85 85 85 85 85 85 85 85 85 85 85 85 85 85 85 77 74 73 72 70 66 61 61 57 52 52 52 50 50 50 43 38 26 6 6 2 2 2 0 
79 79 79 79 79 79 79 79 79 79 79 79 79 79 79 79 79 79 79 79 79 76 76 71 71 70 70 67 61 61 59 53 50 50 50 50 50 50 50 47 46 45 41 40 36 36 29 20 4 0 
84 84 84 84 84 84 84 84 84 84 84 84 84 84 84 84 84 82 82 82 82 82 82 82 82 82 78 77 74 70 59 59 59 59 50 50 50 50 44 42 38 17 11 10 8 8 1 1 1 0 
82 82 82 82 82 82 82 82 82 82 82 82 82 82 81 81 81 80 76 72 72 62 55 55 55 55 54 53 51 51 51 51 51 51 51 51 51 51 50 41 41 41 39 34 14 6 4 4 1 1 
83 83 83 83 83 83 83 83 83 83 83 82 82 74 74 74 71 59 59 56 56 54 53 52 52 52 51 51 51 51 51 51 50 50 50 50 50 50 50 50 46 41 36 31 14 12 9 9 7 0 
