52 50 50 50 50 50 50 50 50 50 36 3 2 2 2 2 2 2 2 2 2 2 2 2 2 2 2 2 2 2 2 2 2 2 0 0 0 0 0 0 0 0 0 0 0 0 0 0 0 0 
50 50 50 50 50 50 50 50 50 50 50 50 50 50 50 49 35 32 8 6 5 0 0 0 0 0 0 0 0 0 0 0 0 0 0 0 0 0 0 0 0 0 0 0 0 0 0 0 0 0 
52 51 51 51 51 50 50 50 50 50 50 50 50 50 50 50 50 50 50 46 45 34 16 15 11 7 3 3 3 3 3 3 3 3 3 3 3 2 2 2 2 2 2 2 2 2 2 1 1 1 
52 52 52 52 51 51 51 51 51 51 51 50 50 50 50 50 50 50 50 50 50 50 50 50 50 50 50 44 27 27 13 8 8 3 3 3 3 3 3 3 2 2 2 2 2 2 2 2 1 1 
67 51 51 51 51 51 51 51 51 51 51 51 50 50 50 50 50 50 50 50 50 50 50 50 50 50 50 50 50 50 35 6 1 1 1 1 1 1 1 1 1 1 1 0 0 0 0 0 0 0 
57 50 50 50 50 50 50 50 50 50 50 50 50 50 50 50 50 50 50 50 50 50 50 50 50 50 50 50 50 50 50 50 17 0 0 0 0 0 0 0 0 0 0 0 0 0 0 0 0 0 
63 51 51 51 51 50 50 50 50 50 50 50 50 50 50 50 50 50 50 50 50 50 50 50 50 50 50 50 50 50 50 14 6 5 1 1 1 1 1 1 1 1 1 1 1 1 1 1 0 0 
65 53 53 53 53 53 53 53 53 53 53 53 53 53 53 53 53 53 53 53 53 53 53 50 50 50 50 50 50 50 50 50 50 17 3 3 3 3 3 3 3 3 3 0 0 0 0 0 0 0 
61 61 60 60 56 52 52 52 52 52 52 52 52 52 52 52 52 52 52 52 52 52 52 52 52 50 50 50 50 50 21 20 13 9 4 4 4 4 4 4 4 4 4 2 2 2 2 2 2 2 
62 62 61 56 56 56 51 51 51 51 51 51 51 51 51 51 51 51 51 51 51 51 51 50 50 50 50 48 44 39 17 7 7 6 6 1 1 1 1 1 1 1 1 1 1 1 1 1 0 0 
62 62 62 61 61 57 56 56 56 51 51 51 51 51 51 51 51 51 51 51 51 51 51 51 51 51 51 51 50 50 50 34 27 6 1 1 1 1 1 1 1 1 1 1 1 1 1 1 1 0 
66 66 61 60 60 60 60 60 60 60 55 55 55 55 55 55 52 52 52 52 52 52 52 52 52 52 52 50 36 33 14 12 10 4 2 2 2 2 2 2 2 2 2 2 2 2 2 2 0 0 
57 57 57 57 57 57 57 57 57 57 57 57 57 55 55 55 55 54 54 51 51 51 51 51 51 51 50 50 50 30 28 23 17 16 10 10 4 4 2 2 2 2 2 1 1 1 1 1 1 1 
68 63 63 61 61 61 61 61 61 61 61 61 61 61 61 61 59 57 57 57 57 51 51 51 51 51 51 51 51 51 50 50 50 44 44 34 19 18 14 11 10 10 7 2 2 2 2 1 1 1 
64 62 62 61 61 61 61 60 60 60 60 60 60 60 60 60 60 60 60 59 59 59 58 58 54 54 54 54 54 50 50 50 50 50 50 42 42 34 21 5 5 5 5 1 1 1 1 1 0 0 
69 66 62 62 62 62 62 62 62 62 62 61 61 61 61 59 58 58 58 58 58 58 58 58 58 58 58 55 55 55 55 55 55 55 50 50 50 50 50 50 48 19 16 15 10 8 6 3 3 0 
77 74 74 66 65 64 64 64 64 64 64 64 63 63 62 62 62 62 62 62 62 61 60 60 60 60 60 60 56 55 55 55 55 51 51 51 51 51 44 42 29 15 15 15 12 7 2 2 1 1 
75 72 70 70 70 64 64 64 64 64 63 63 63 63 63 63 62 62 62 62 62 62 62 62 62 62 62 62 62 62 62 61 61 61 60 59 58 58 58 51 51 51 51 51 51 51 50 35 15 3 
79 75 75 75 75 75 75 71 71 71 71 71 71 70 69 69 69 69 68 66 65 65 65 65 65 64 63 63 60 60 59 58 58 57 56 56 56 50 50 50 50 50 44 39 35 35 18 18 15 10 
77 76 76 76 75 73 73 73 73 73 73 73 73 73 73 72 72 72 72 70 69 68 67 67 67 66 65 65 65 64 63 62 62 58 50 50 50 50 50 50 47 38 38 32 32 32 13 1 1 1 
78 78 77 77 76 76 76 76 76 76 76 76 76 76 76 76 76 76 76 76 76 76 76 75 74 74 74 70 70 70 70 69 65 65 61 59 54 50 50 50 50 50 50 41 21 16 4 1 1 1 
79 79 76 76 76 75 75 75 75 75 75 75 73 72 72 72 72 72 72 72 71 71 71 71 68 67 66 63 62 62 51 51 51 51 51 51 50 50 50 50 50 50 50 50 29 29 29 27 21 9 
82 82 82 79 79 78 78 78 78 77 77 77 77 77 77 76 76 76 76 76 76 76 76 76 76 75 71 71 71 70 70 64 64 51 51 51 51 51 51 51 50 50 50 50 49 40 31 1 1 0 
80 80 80 80 80 79 75 75 75 75 74 74 74 74 74 73 73 73 72 72 72 72 70 62 52 52 52 52 52 52 52 52 51 51 51 51 50 50 41 30 26 14 12 12 8 3 3 3 3 3 
79 79 79 79 79 79 78 75 75 75 75 74 74 74 74 73 73 72 72 72 71 69 69 67 66 51 51 51 51 51 51 51 51 51 51 50 50 48 46 27 27 19 18 16 7 7 1 1 0 0 
86 86 86 86 86 86 86 86 86 86 86 85 84 81 80 80 80 76 75 75 72 69 69 68 67 54 51 51 51 51 51 51 51 51 51 50 47 47 43 42 31 26 25 21 19 18 18 1 1 1 
77 73 73 73 73 73 73 73 73 73 73 73 73 73 73 73 73 73 71 71 70 69 68 68 66 59 59 59 58 51 51 51 50 50 50 46 44 42 41 41 40 37 28 27 25 17 16 10 1 1 
85 82 82 82 82 82 82 82 82 82 82 82 82 82 82 82 82 82 82 81 80 78 78 76 75 69 68 60 51 51 51 51 51 51 51 51 51 51 51 50 50 50 50 50 49 39 36 34 16 1 
81 81 81 81 81 81 81 81 81 81 81 81 81 81 81 81 79 79 79 79 75 69 68 68 66 65 55 54 53 53 53 51 51 51 51 51 51 47 47 45 41 40 35 35 35 34 22 7 4 4 
85 85 85 85 85 85 85 85 85 85 85 85 85 85 85 85 85 84 84 77 73 68 67 67 66 65 64 64 62 59 59 55 55 51 51 51 51 51 51 51 50 50 48 44 39 35 31 30 26 2 
83 83 83 83 83 83 83 83 83 83 83 83 83 83 83 83 83 83 83 82 81 71 64 63 61 61 61 58 58 54 52 50 50 50 50 50 50 50 50 50 50 50 50 49 44 43 43 18 13 2 
80 80 80 80 80 80 80 80 80 80 80 80 80 80 80 80 80 80 80 80 80 79 77 73 66 63 63 59 58 57 55 55 55 54 51 51 51 51 51 50 47 45 40 33 32 26 7 7 7 2 
76 76 76 76 76 76 76 76 76 76 76 76 76 76 76 76 76 76 76 75 71 71 71 70 67 66 64 60 53 52 52 52 51 51 50 50 50 50 43 38 38 37 35 31 30 30 28 27 27 2 
77 77 77 77 77 77 77 77 77 77 77 77 77 77 77 77 77 77 74 68 68 58 52 52 51 51 51 51 51 51 51 51 51 51 51 50 48 48 47 47 45 35 33 28 22 21 21 19 18 2 
85 85 85 85 85 85 85 85 85 85 85 85 85 85 85 85 84 81 81 81 73 68 66 66 65 64 64 63 59 58 54 52 52 51 51 51 51 51 51 51 51 51 50 50 50 49 49 28 2 2 
80 80 80 80 80 80 80 80 80 80 80 80 80 80 80 80 66 65 60 60 60 56 56 56 53 51 51 51 51 51 51 51 51 50 50 49 49 45 42 40 39 37 31 31 31 26 18 14 11 2 
79 79 79 79 79 79 79 79 79 79 79 79 79 79 79 79 79 78 63 62 59 58 58 58 58 54 53 53 52 51 51 51 51 51 51 51 50 50 49 49 49 47 30 26 24 24 23 5 5 1 
82 82 82 82 82 82 82 82 82 82 82 82 82 82 82 82 82 82 82 82 82 81 79 78 72 67 65 64 60 60 59 59 55 55 52 52 52 52 52 52 51 45 33 33 10 7 3 3 3 3 
79 79 79 79 79 79 79 79 79 79 79 79 79 79 79 79 79 79 79 79 79 79 79 79 79 79 77 72 71 71 71 69 69 60 51 51 51 49 49 49 45 40 38 38 28 20 19 19 10 4 
83 83 83 83 83 83 83 83 83 83 83 83 83 83 83 83 83 83 83 83 83 83 83 82 78 78 78 77 73 72 61 60 54 54 53 53 51 51 51 51 51 51 51 51 49 41 41 34 4 2 
72 72 72 72 72 72 72 72 72 72 72 72 72 72 72 72 72 72 72 72 71 71 70 66 65 65 65 63 63 62 62 62 59 51 50 50 50 50 50 50 50 46 45 43 41 39 39 33 27 0 
81 81 81 81 81 81 81 81 81 81 81 81 81 81 81 81 81 81 81 81 81 81 78 78 72 72 64 63 57 57 57 53 53 53 51 51 51 50 50 47 46 45 37 37 30 29 19 15 4 4 
82 82 82 82 82 82 82 82 82 82 82 82 82 82 82 82 82 82 82 82 82 82 82 82 82 82 82 80 80 67 67 67 65 63 62 62 62 62 62 62 62 62 62 61 59 49 43 41 25 0 
82 82 82 82 82 82 82 82 82 82 82 82 82 82 82 82 82 82 82 82 82 82 82 82 82 82 82 82 82 82 81 80 75 66 59 59 59 59 51 51 51 51 50 50 50 50 42 28 15 1 
81 81 81 81 81 81 81 81 81 81 81 81 81 81 81 81 81 81 81 81 81 81 81 81 81 74 74 74 68 64 60 53 51 51 51 51 51 51 51 48 40 39 39 37 37 36 27 23 2 2 
83 83 83 83 83 83 83 83 83 83 83 83 83 83 83 83 83 83 83 83 83 82 82 82 80 77 67 65 61 55 55 52 52 52 50 45 42 42 33 33 33 33 26 26 26 19 14 2 2 2 
84 84 84 84 84 84 84 84 84 84 84 84 84 84 84 84 84 84 84 84 84 84 82 82 75 72 72 66 65 62 55 53 52 52 52 52 52 52 52 52 50 50 46 40 37 36 35 33 23 14 
81 81 81 81 81 81 81 81 81 81 81 81 81 81 81 81 81 81 81 81 78 78 68 66 56 52 52 52 52 52 52 52 52 52 52 52 52 51 45 44 41 41 33 19 16 15 14 2 2 2 
81 81 81 81 81 81 81 81 81 81 81 81 81 81 81 81 81 81 81 81 81 81 66 65 64 63 61 60 59 57 54 50 50 50 50 50 50 50 50 50 50 50 50 50 49 9 4 0 0 0 
80 80 80 80 80 80 80 80 80 80 80 80 80 80 80 80 80 80 80 80 80 80 80 80 72 71 68 63 51 51 51 51 51 50 50 50 50 50 50 50 50 47 39 17 9 9 1 1 1 1 
