50 50 50 50 50 50 50 50 50 50 24 11 9 6 5 5 1 1 1 1 1 1 1 1 1 1 1 1 1 1 1 1 1 1 1 1 1 1 1 1 0 0 0 0 0 0 0 0 0 0 
51 50 50 50 50 50 50 50 50 50 50 50 50 50 50 50 17 9 5 2 0 0 0 0 0 0 0 0 0 0 0 0 0 0 0 0 0 0 0 0 0 0 0 0 0 0 0 0 0 0 
61 52 51 51 51 50 50 50 50 50 50 50 50 50 50 50 50 50 50 50 40 24 22 16 14 14 11 10 9 3 3 3 3 3 3 3 3 3 3 3 2 2 2 2 2 2 2 2 2 1 
54 52 52 52 52 52 52 52 52 50 50 50 50 50 50 50 50 50 50 50 50 50 26 20 17 17 15 14 7 4 4 4 4 4 4 4 4 4 2 2 2 2 2 2 2 2 2 2 2 2 
50 50 50 50 50 50 50 50 50 50 50 50 50 50 50 50 50 50 50 50 50 50 50 50 50 43 36 30 11 10 10 0 0 0 0 0 0 0 0 0 0 0 0 0 0 0 0 0 0 0 
52 52 52 52 50 50 50 50 50 50 50 50 50 50 50 50 50 50 50 50 50 50 50 50 50 50 50 50 23 2 2 2 2 2 2 2 2 2 2 2 2 2 2 2 0 0 0 0 0 0 
55 55 50 50 50 50 50 50 50 50 50 50 50 50 50 50 50 50 50 50 50 50 50 50 50 35 35 32 12 8 3 0 0 0 0 0 0 0 0 0 0 0 0 0 0 0 0 0 0 0 
74 56 56 56 56 51 51 51 51 51 51 51 51 51 51 51 51 51 51 51 51 51 51 51 50 50 50 50 50 50 38 37 7 2 2 2 2 2 2 2 2 2 2 2 2 1 1 1 1 1 
74 66 66 55 55 55 55 55 55 55 50 50 50 50 50 50 50 50 50 50 50 50 50 50 50 50 50 50 50 50 50 50 38 37 25 11 10 8 6 6 5 0 0 0 0 0 0 0 0 0 
73 63 63 63 63 63 63 63 63 55 55 55 55 55 55 55 55 55 55 51 51 51 50 50 50 50 50 50 50 50 50 50 36 31 31 24 24 16 9 8 7 7 1 1 1 1 1 1 1 1 
83 81 77 77 77 77 77 77 77 77 74 74 74 61 60 58 58 58 58 58 55 55 55 51 51 51 50 50 50 50 50 50 50 50 49 44 33 25 10 10 10 9 6 1 1 1 1 1 1 0 
86 86 84 84 82 81 81 80 80 80 80 78 78 78 78 78 78 78 78 78 78 78 78 60 57 55 54 53 52 51 51 51 51 51 51 50 50 49 47 47 37 14 14 13 13 4 4 4 4 3 
83 82 78 77 77 77 77 77 77 74 73 69 68 68 68 68 68 67 67 67 67 67 67 67 67 66 65 61 61 53 53 53 53 53 53 51 51 51 50 45 44 32 31 16 8 6 6 6 4 3 
80 80 80 80 80 80 80 80 80 80 80 80 78 78 76 76 76 76 76 75 75 75 75 75 75 75 73 58 57 56 54 51 51 51 50 50 50 50 37 37 34 32 31 26 22 22 10 5 2 2 
86 86 84 84 84 84 84 84 84 84 84 84 84 84 83 76 76 72 72 72 72 71 68 58 51 51 51 51 51 50 50 50 50 50 36 36 35 34 34 29 29 26 23 22 19 15 1 1 1 1 
76 75 75 75 75 75 75 75 75 75 75 75 75 75 75 75 74 74 67 65 63 62 56 56 56 56 53 50 50 50 50 50 50 50 45 38 34 28 27 26 26 26 26 24 24 21 21 19 19 0 
83 82 82 82 82 82 82 82 82 82 82 82 82 82 82 76 76 72 67 64 64 63 63 61 52 52 52 52 52 52 52 52 52 50 50 50 34 33 33 32 28 28 27 14 12 3 2 2 2 2 
82 80 80 80 80 80 80 80 80 80 80 79 79 79 79 79 79 79 79 79 79 79 79 79 74 73 70 70 66 59 59 59 57 56 51 51 51 51 51 51 51 50 50 50 31 31 29 26 8 1 
79 79 78 78 78 78 78 78 78 78 78 78 78 78 78 78 78 78 78 78 78 78 78 78 78 78 78 70 67 67 66 50 50 50 46 40 39 38 37 35 35 34 29 29 29 19 8 0 0 0 
80 79 78 78 78 78 78 78 78 78 78 78 78 78 78 78 78 78 77 75 75 75 71 61 61 61 61 54 52 52 52 52 52 52 50 39 37 34 31 30 29 28 28 28 28 28 26 21 11 2 
80 80 80 80 80 80 78 78 78 78 78 77 77 77 77 77 77 77 77 77 76 68 65 64 63 60 58 50 50 50 50 50 44 43 30 30 30 29 28 27 16 14 7 7 5 0 0 0 0 0 
80 80 80 80 80 79 79 79 79 79 79 79 79 79 79 79 77 75 72 72 70 67 62 61 60 58 52 52 52 52 52 52 50 50 50 50 43 41 38 38 30 30 30 24 23 22 22 10 2 2 
80 80 80 78 78 78 78 78 78 78 78 78 78 78 78 78 78 78 78 77 77 76 73 73 71 66 66 64 50 50 50 50 50 50 42 41 41 40 38 37 36 34 34 33 31 28 28 9 0 0 
82 81 81 81 81 81 81 81 81 81 81 81 81 81 81 81 81 81 81 80 71 70 70 70 65 65 61 61 53 53 53 51 51 51 44 44 38 38 38 38 34 34 34 33 23 21 13 3 1 1 
79 75 75 75 75 75 75 75 75 75 75 75 74 74 72 72 72 72 72 72 71 71 70 66 66 66 65 52 51 50 50 50 50 50 48 47 43 39 34 32 27 23 23 19 10 9 0 0 0 0 
76 73 72 72 72 72 72 72 72 72 72 72 72 72 72 72 72 72 72 72 72 68 67 58 57 56 55 51 51 51 50 41 39 37 36 31 28 27 25 25 24 24 24 24 16 13 10 9 9 1 
85 85 85 82 82 82 82 82 82 82 82 82 82 82 82 82 82 82 82 82 81 81 81 81 71 71 71 71 56 50 50 50 50 50 50 50 50 45 39 39 36 35 28 28 8 6 0 0 0 0 
83 83 83 77 77 77 77 77 77 77 77 77 77 77 77 77 76 76 76 76 76 75 74 73 73 73 73 73 73 73 72 57 57 57 55 54 54 51 50 50 50 50 50 50 47 34 31 28 13 1 
81 81 81 81 81 81 81 81 79 78 78 78 78 78 78 78 78 78 78 78 78 78 78 78 78 78 78 77 57 57 55 51 51 50 50 50 50 48 48 48 48 47 38 37 35 34 33 32 7 2 
88 87 87 87 87 87 87 87 87 87 87 86 86 85 84 84 83 83 83 83 83 83 83 82 65 62 62 61 55 54 54 54 54 54 50 49 43 42 39 39 39 39 39 39 37 34 33 20 8 4 
86 86 86 86 86 86 86 86 85 85 85 85 85 85 85 85 85 85 85 85 85 85 85 84 80 80 78 72 60 60 56 54 53 52 52 52 52 52 51 50 50 50 46 39 39 37 37 35 22 8 
80 80 80 80 80 80 80 79 79 79 79 78 78 78 78 78 78 78 78 78 78 78 75 72 69 69 50 50 50 50 50 50 50 50 50 49 48 46 45 45 43 42 38 29 19 17 17 11 2 0 
90 90 90 90 90 90 90 90 90 90 90 89 89 89 89 89 89 89 89 89 89 89 87 87 82 81 71 71 55 53 51 51 51 51 51 51 51 51 51 50 50 50 41 38 35 32 16 13 2 1 
85 85 85 85 85 85 85 85 85 85 85 85 84 84 83 83 81 79 79 77 74 66 56 52 52 52 52 52 52 52 50 50 50 50 50 46 45 42 37 37 36 36 36 36 30 26 21 2 2 2 
85 85 85 85 85 85 85 85 85 85 85 85 85 85 85 85 85 85 85 85 83 83 80 79 79 77 77 74 74 65 65 64 60 59 57 55 52 52 52 50 50 45 38 37 37 21 21 15 9 2 
82 82 82 82 82 82 82 82 82 82 82 82 82 82 82 82 82 82 82 79 77 77 77 74 66 65 65 62 60 60 59 57 56 52 52 52 52 51 51 50 50 50 42 37 33 31 30 28 13 8 
85 85 85 85 85 85 85 85 85 85 85 85 85 85 85 85 85 83 83 81 77 74 74 74 73 72 70 69 69 66 64 63 63 51 51 50 50 50 48 39 38 32 28 23 23 12 8 8 2 1 
88 88 88 88 88 88 88 88 88 88 88 88 88 88 88 88 88 85 83 83 81 73 69 68 64 58 58 51 50 50 50 50 50 50 50 50 49 48 48 48 43 39 33 27 10 8 1 1 1 0 
88 87 87 87 87 87 87 87 87 87 87 87 87 87 87 87 86 85 81 80 78 77 77 62 60 54 52 52 52 52 52 52 52 50 50 50 50 50 50 50 43 42 41 38 37 35 24 4 2 2 
86 86 85 85 85 85 85 85 85 85 85 85 85 85 85 85 85 85 85 85 85 84 81 80 63 54 52 52 52 52 52 51 51 51 50 50 43 43 43 42 41 41 26 26 20 19 11 3 3 2 
92 92 92 92 92 92 92 92 92 92 92 92 90 90 90 90 66 62 62 59 59 52 51 51 51 51 51 51 51 51 51 50 50 50 47 47 47 45 37 22 11 8 3 3 3 3 3 3 3 1 
87 87 87 87 87 87 87 87 87 87 87 87 87 87 87 87 87 81 80 80 80 66 55 53 52 52 52 52 52 52 51 51 51 51 51 51 51 51 46 45 39 39 38 32 19 13 3 3 3 1 
84 84 84 84 84 84 84 84 84 84 84 84 84 84 84 84 84 84 84 84 84 78 78 73 55 55 51 51 51 50 50 50 50 50 50 50 50 49 45 43 38 38 36 35 34 17 2 2 2 2 
85 85 85 85 85 85 85 85 85 85 85 85 85 85 85 85 85 85 85 85 84 81 79 77 56 56 56 56 55 53 50 50 50 50 50 50 50 50 50 50 43 42 42 37 16 9 9 9 9 1 
81 81 81 81 81 81 81 81 81 81 81 81 81 81 81 81 81 81 75 63 59 57 57 56 55 53 52 52 52 51 51 51 51 51 51 51 51 51 51 51 51 51 50 50 50 50 47 41 41 3 
84 84 84 83 83 83 83 83 83 83 83 83 83 83 83 83 83 83 83 83 83 83 83 83 80 76 61 59 56 56 53 53 50 50 50 50 50 50 50 50 50 46 42 39 27 20 18 0 0 0 
87 87 87 87 86 86 86 86 86 86 86 86 86 86 86 86 86 86 86 86 86 86 86 79 79 63 62 61 61 61 60 60 60 56 55 51 51 51 51 50 50 50 48 48 47 43 41 41 1 1 
85 85 85 85 85 84 84 84 84 84 84 84 84 84 78 75 66 66 54 54 54 54 54 54 53 53 52 50 50 50 50 50 50 50 50 50 50 45 45 42 42 30 28 28 23 15 7 5 4 0 
90 90 90 90 90 89 89 89 89 89 89 89 89 82 81 81 72 70 64 64 59 59 59 54 53 52 52 51 51 50 50 50 50 50 50 50 46 45 45 43 42 42 38 14 2 2 2 2 2 0 
86 86 86 86 86 85 85 85 85 85 85 85 85 85 85 79 76 75 59 58 55 53 53 53 53 53 52 51 51 51 50 50 50 50 50 43 38 35 34 29 29 29 29 26 13 12 3 3 3 3 
