0.21875 0.5 1.0 0.28125 0.09375 0.1875 0.15625 0.6875 0.40625 0.84375 
0.1875 1.0 0.09375 1.0 0.03125 0.09375 0.09375 0.0625 0.0 0.0625 
0.1875 1.0 0.09375 1.0 0.03125 0.09375 0.09375 0.0625 0.0 0.0625 
0.9375 0.1875 0.21875 0.1875 0.21875 1.0 0.09375 1.0 0.03125 0.09375 
0.9375 0.96875 0.9375 0.90625 0.1875 0.21875 0.1875 0.21875 0.03125 0.1875 
0.5 0.1875 0.21875 0.1875 0.21875 0.03125 0.1875 0.375 0.21875 0.125 
0.5 0.1875 0.21875 0.1875 0.21875 0.03125 0.1875 0.375 0.21875 0.125 
0.5 0.59375 0.75 0.71875 0.90625 0.1875 0.21875 0.1875 0.21875 0.03125 
0.5 0.1875 0.21875 0.1875 0.21875 0.03125 0.1875 0.15625 0.28125 0.28125 
0.5 0.5 0.3125 0.34375 0.3125 0.1875 0.21875 0.1875 0.21875 0.03125 
0.5 0.5 0.34375 0.3125 0.34375 0.3125 0.1875 0.21875 0.1875 0.21875 
0.34375 0.34375 0.34375 0.5 0.5 0.375 0.3125 0.34375 0.3125 0.1875 
0.5 0.5 0.34375 0.34375 0.34375 0.34375 0.34375 0.34375 0.34375 0.3125 
0.34375 0.34375 0.34375 0.34375 0.34375 0.34375 0.34375 0.3125 0.34375 0.3125 
0.5 0.40625 0.375 0.34375 0.34375 0.34375 0.34375 0.34375 0.34375 0.34375 
0.375 0.375 0.375 0.40625 0.375 0.375 0.40625 0.34375 0.34375 0.34375 
0.40625 0.375 0.375 0.375 0.375 0.375 0.40625 0.375 0.375 0.34375 
0.46875 0.40625 0.40625 0.4375 0.4375 0.375 0.375 0.375 0.375 0.375 
0.40625 0.46875 0.40625 0.40625 0.4375 0.4375 0.4375 0.4375 0.4375 0.40625 
0.40625 0.46875 0.4375 0.4375 0.46875 0.46875 0.46875 0.40625 0.40625 0.4375 
0.53125 0.46875 0.46875 0.46875 0.40625 0.46875 0.46875 0.46875 0.46875 0.46875 
0.53125 0.40625 0.4375 0.53125 0.46875 0.46875 0.46875 0.46875 0.46875 0.46875 
0.53125 0.46875 0.40625 0.46875 0.46875 0.53125 0.46875 0.46875 0.46875 0.53125 
0.53125 0.53125 0.53125 0.53125 0.53125 0.46875 0.40625 0.46875 0.46875 0.5 
0.53125 0.53125 0.46875 0.53125 0.53125 0.46875 0.53125 0.53125 0.53125 0.5 
0.53125 0.53125 0.53125 0.53125 0.5 0.53125 0.46875 0.46875 0.53125 0.53125 
0.53125 0.53125 0.53125 0.53125 0.5 0.53125 0.46875 0.5 0.5 0.53125 
0.53125 0.53125 0.53125 0.53125 0.53125 0.5 0.53125 0.46875 0.5 0.5 
0.53125 0.53125 0.53125 0.53125 0.53125 0.5 0.53125 0.5 0.5 0.5 
0.53125 0.53125 0.53125 0.53125 0.5 0.53125 0.5 0.5 0.5 0.53125 
0.53125 0.53125 0.53125 0.53125 0.5 0.53125 0.5 0.5 0.5 0.53125 
0.53125 0.53125 0.53125 0.53125 0.5 0.53125 0.5 0.5 0.5 0.53125 
0.53125 0.53125 0.53125 0.53125 0.5 0.53125 0.5 0.5 0.5 0.53125 
0.53125 0.53125 0.53125 0.53125 0.5 0.53125 0.5 0.5 0.5 0.53125 
0.53125 0.53125 0.53125 0.53125 0.5 0.53125 0.5 0.5 0.5 0.53125 
0.53125 0.53125 0.53125 0.53125 0.5 0.53125 0.5 0.5 0.5 0.53125 
0.53125 0.53125 0.53125 0.53125 0.5 0.53125 0.5 0.5 0.5 0.53125 
0.53125 0.53125 0.53125 0.53125 0.5 0.53125 0.5 0.5 0.5 0.53125 
0.53125 0.53125 0.53125 0.53125 0.5 0.53125 0.5 0.5 0.5 0.53125 
0.53125 0.53125 0.53125 0.53125 0.5 0.53125 0.5 0.5 0.5 0.53125 
0.53125 0.53125 0.53125 0.53125 0.5 0.53125 0.5 0.5 0.5 0.53125 
0.53125 0.53125 0.53125 0.53125 0.5 0.53125 0.5 0.5 0.5 0.53125 
0.53125 0.53125 0.53125 0.53125 0.5 0.53125 0.5 0.5 0.5 0.53125 
0.53125 0.53125 0.53125 0.53125 0.5 0.53125 0.5 0.5 0.5 0.53125 
0.53125 0.53125 0.53125 0.53125 0.5 0.53125 0.5 0.5 0.5 0.53125 
0.53125 0.53125 0.53125 0.53125 0.5 0.53125 0.5 0.5 0.5 0.53125 
0.53125 0.53125 0.53125 0.53125 0.5 0.53125 0.5 0.5 0.5 0.53125 
0.53125 0.53125 0.53125 0.53125 0.5 0.53125 0.5 0.5 0.5 0.53125 
0.53125 0.53125 0.53125 0.53125 0.5 0.53125 0.5 0.5 0.5 0.53125 
0.53125 0.53125 0.53125 0.53125 0.5 0.53125 0.5 0.5 0.5 0.53125 
