50 50 50 50 50 50 50 50 50 50 50 50 50 50 50 40 37 10 7 6 1 0 0 0 0 0 0 0 0 0 0 0 0 0 0 0 0 0 0 0 0 0 0 0 0 0 0 0 0 0 
51 51 51 51 51 51 50 50 50 50 50 50 50 50 50 50 50 50 50 50 50 50 50 48 34 33 32 24 22 22 8 6 6 5 5 4 4 1 1 1 1 1 1 1 0 0 0 0 0 0 
51 51 50 50 50 50 50 50 50 50 50 50 50 50 50 50 50 50 50 50 50 50 50 50 50 32 31 24 15 10 9 7 7 4 3 1 1 1 1 1 1 1 1 1 0 0 0 0 0 0 
51 51 51 51 51 51 51 51 51 51 51 51 50 50 50 50 50 50 50 50 50 50 50 50 50 32 32 6 1 1 1 1 1 1 1 1 1 1 1 1 1 1 1 1 0 0 0 0 0 0 
51 51 51 51 51 51 51 51 51 51 51 51 51 51 51 51 51 51 51 51 51 51 51 51 50 50 50 33 33 24 23 19 12 6 2 2 2 2 2 2 2 2 2 2 2 1 1 1 1 1 
50 50 50 50 50 50 50 50 50 50 50 50 50 50 50 50 50 50 50 50 50 50 50 50 50 50 50 50 50 50 32 29 28 27 19 15 13 1 1 1 1 1 1 0 0 0 0 0 0 0 
51 51 51 51 51 51 51 51 51 51 51 51 51 51 51 51 51 51 51 51 51 51 51 51 51 51 51 51 51 51 51 51 51 51 39 35 35 23 23 15 2 2 2 2 2 2 1 1 1 1 
53 53 53 53 53 53 53 53 53 53 53 53 53 53 53 53 53 53 53 53 53 53 53 53 53 53 53 53 53 53 53 53 53 53 50 32 30 22 20 3 3 3 3 3 3 3 3 3 3 3 
72 72 58 51 50 50 50 50 50 50 50 50 50 50 50 50 50 50 50 50 50 50 50 50 50 50 50 50 50 50 50 50 50 50 50 50 50 50 32 32 26 21 18 8 1 1 1 1 0 0 
79 79 71 62 51 51 51 51 51 51 51 51 51 51 51 51 51 51 51 51 51 51 51 51 51 51 51 51 51 51 51 50 40 39 30 18 18 18 12 9 7 5 1 1 1 1 1 1 1 1 
84 84 84 84 84 77 68 60 60 50 50 50 50 50 50 50 50 50 50 50 50 50 50 50 50 50 50 50 50 50 50 50 50 50 50 50 50 50 50 50 45 36 33 14 3 3 3 3 0 0 
81 81 81 81 81 81 81 81 68 62 62 60 60 60 60 60 52 52 52 52 52 52 52 52 52 52 52 52 52 52 52 52 52 52 52 52 51 50 44 42 32 30 27 14 3 3 3 2 2 2 
75 75 75 75 75 75 75 75 75 75 67 61 52 52 52 52 51 51 50 50 50 50 50 50 50 50 50 50 50 50 50 50 50 50 50 50 50 30 30 30 27 26 24 18 18 1 1 1 1 1 
82 79 79 79 79 79 79 79 79 79 79 79 79 73 68 66 57 54 51 51 51 51 51 51 51 50 50 50 50 50 50 50 50 50 50 38 38 36 33 30 30 19 6 5 4 1 1 1 0 0 
74 74 72 71 71 71 71 71 71 71 71 71 71 70 67 61 60 59 51 51 51 51 50 50 50 50 50 50 50 50 50 50 50 46 42 42 37 37 37 37 33 1 1 1 1 1 1 1 1 1 
79 79 76 76 76 76 76 76 76 76 76 76 76 76 76 76 76 76 75 74 67 50 50 50 50 50 50 50 50 50 50 50 50 50 49 42 41 40 38 38 38 29 26 6 0 0 0 0 0 0 
74 74 74 74 74 71 71 71 71 71 71 71 71 71 71 71 71 71 71 71 71 69 69 62 60 52 52 52 50 50 50 50 39 36 33 32 32 31 31 25 24 24 21 21 19 16 2 0 0 0 
82 82 82 82 82 82 82 82 81 77 77 77 77 77 77 77 77 77 76 76 75 64 64 58 57 55 54 54 50 50 50 50 50 50 50 50 50 47 40 39 39 37 35 30 17 15 3 3 3 3 
79 79 79 79 79 79 79 79 79 79 79 79 78 78 78 76 76 76 76 76 76 70 63 57 57 52 51 51 51 51 51 51 51 50 50 49 41 41 40 34 33 31 30 30 18 13 7 1 1 1 
88 85 85 85 85 85 85 85 85 85 85 85 84 84 81 81 81 80 73 69 63 58 58 56 56 55 51 50 50 50 50 50 50 48 48 45 41 39 37 37 35 28 23 21 11 10 2 2 2 2 
82 82 82 82 82 82 82 82 82 82 82 82 82 82 82 82 82 81 79 77 76 76 76 75 75 74 69 69 68 57 57 57 53 51 51 51 51 51 51 51 50 42 42 37 33 29 29 8 8 1 
84 84 80 79 79 79 79 79 79 79 79 79 79 79 79 79 79 79 78 77 76 75 72 68 57 51 50 50 50 50 50 50 50 50 50 50 50 50 45 41 41 38 36 34 29 24 14 1 1 1 
87 87 87 86 86 86 86 86 86 86 86 86 86 86 86 86 84 84 81 78 74 74 74 70 70 59 58 56 53 53 53 53 53 52 51 50 50 50 50 47 47 46 45 44 42 32 26 16 12 6 
87 86 86 86 86 86 86 86 86 86 86 86 86 86 86 86 86 86 85 83 83 82 82 80 80 80 79 72 60 58 58 51 50 50 50 50 50 50 50 44 41 40 40 36 35 33 32 20 8 0 
82 82 82 82 82 82 81 80 78 78 78 78 78 78 78 78 78 78 78 78 78 77 77 76 76 72 69 62 55 50 50 50 50 50 47 47 47 39 38 38 34 34 34 33 33 30 30 22 15 4 
83 83 83 83 83 83 83 83 82 81 81 81 81 81 81 81 81 80 80 78 71 71 70 70 68 67 58 52 51 51 51 51 50 47 47 45 45 45 43 43 41 33 29 29 14 11 11 7 6 1 
80 80 80 80 80 80 80 80 80 80 80 80 77 77 76 76 70 70 69 65 63 63 63 63 63 63 51 50 50 50 50 50 50 50 50 50 50 50 50 47 38 37 21 18 17 14 13 8 0 0 
81 81 80 80 80 80 80 80 80 80 80 80 80 80 78 77 77 77 76 70 70 68 66 57 57 57 50 50 50 50 50 47 34 27 22 18 15 14 13 13 12 10 9 8 8 7 7 0 0 0 
79 79 77 77 77 77 77 77 77 77 77 77 77 77 77 77 75 75 74 74 74 74 74 73 70 62 61 61 51 51 51 50 50 50 50 50 50 43 31 31 16 8 5 5 5 4 4 1 1 0 
83 83 83 83 83 83 83 83 83 83 83 83 83 83 83 83 79 79 77 77 73 64 60 60 59 58 56 54 53 53 51 51 51 51 51 51 51 37 34 30 30 19 16 14 10 9 5 5 4 4 
86 86 86 86 86 86 86 85 85 85 85 85 85 85 85 85 85 85 83 83 78 78 77 75 68 65 59 52 52 52 52 52 52 52 52 52 52 52 50 49 49 31 15 13 12 11 11 6 4 4 
86 86 86 86 86 86 86 86 86 86 86 86 86 86 85 85 82 82 80 59 59 59 59 58 52 52 52 50 50 50 50 50 50 50 49 48 48 45 42 39 38 31 19 17 12 11 6 6 6 6 
82 82 82 82 82 82 82 82 82 82 82 82 82 82 82 81 80 79 76 76 76 65 62 59 57 56 56 52 52 52 51 41 41 38 38 38 34 34 34 34 34 23 11 10 10 6 3 3 3 2 
81 81 81 81 81 81 81 81 81 81 81 81 81 81 81 81 81 81 80 78 78 75 74 64 61 56 54 52 52 52 51 51 51 51 51 50 38 37 32 32 31 25 18 16 9 8 6 4 4 3 
84 84 84 84 84 84 84 84 84 84 84 84 84 83 83 83 83 83 83 83 82 80 63 59 56 50 50 50 50 50 50 50 50 50 50 44 44 40 36 27 13 9 7 6 0 0 0 0 0 0 
87 87 87 87 87 87 87 87 87 87 87 87 87 87 87 87 87 87 87 87 81 81 55 55 53 52 52 52 52 51 51 51 51 51 50 50 50 49 47 45 45 45 41 41 14 7 7 7 3 3 
82 82 82 82 82 82 82 82 82 82 82 82 82 82 81 81 79 72 67 54 54 51 51 51 50 50 50 50 50 50 50 42 39 38 38 37 37 37 36 36 33 33 33 25 8 5 5 5 1 1 
85 85 85 85 85 85 85 85 85 85 85 85 85 83 82 81 81 80 80 80 78 58 54 51 51 51 50 50 50 50 50 50 45 45 42 41 39 37 37 36 9 7 6 6 6 4 1 1 1 1 
83 83 83 83 83 83 83 83 83 83 83 83 83 83 83 83 82 78 78 75 62 53 53 53 53 51 51 51 51 51 51 51 51 50 50 50 50 50 47 42 42 41 41 30 20 19 8 8 8 1 
85 85 85 85 85 85 85 85 85 85 85 85 85 85 85 85 85 85 85 81 81 81 75 64 64 58 56 56 52 52 52 52 52 50 50 48 48 42 40 40 40 36 29 19 18 15 15 9 2 2 
87 87 87 87 87 87 87 87 87 87 87 87 87 87 87 87 87 87 87 87 84 78 78 78 78 78 77 77 59 59 56 50 50 50 50 50 50 49 38 36 36 15 12 11 6 6 6 3 0 0 
82 82 82 82 82 82 82 82 82 82 82 82 82 82 82 82 82 82 82 80 79 79 79 79 74 71 52 52 52 52 52 52 52 52 51 51 50 49 43 41 41 33 33 32 30 28 20 4 3 3 
80 80 80 80 80 80 80 80 80 80 80 80 80 80 80 80 80 80 80 80 80 80 80 75 73 73 73 68 58 57 50 50 50 50 50 50 47 45 39 36 36 34 34 32 32 4 4 0 0 0 
85 85 85 85 85 85 85 85 85 85 85 85 85 85 85 85 85 85 85 85 85 85 85 85 85 79 79 79 72 66 60 60 60 60 60 55 51 50 50 50 50 50 48 48 41 41 40 13 13 0 
85 85 85 85 85 85 85 85 85 85 85 85 85 85 85 85 85 85 85 85 85 81 81 79 79 61 58 57 52 52 52 50 50 50 50 50 50 50 50 48 45 45 45 45 42 39 36 14 7 2 
84 84 84 84 84 84 84 84 84 84 84 84 84 84 84 84 82 81 81 80 79 59 56 56 56 55 52 52 52 51 51 51 51 51 50 50 50 50 44 40 40 36 36 33 18 11 3 3 1 1 
84 84 84 84 84 84 84 84 84 84 84 84 84 84 83 81 79 79 79 79 78 61 56 56 56 56 51 51 51 51 51 51 50 50 46 40 38 38 36 13 13 7 7 5 5 5 5 5 2 2 
83 83 83 83 83 83 83 83 83 83 83 83 83 83 83 83 82 80 80 80 80 70 62 62 59 59 59 59 59 57 52 52 52 52 51 51 51 51 46 43 35 34 14 14 13 3 3 3 2 2 
85 85 85 85 85 85 85 85 85 85 85 85 85 85 85 85 85 85 85 82 81 81 80 79 78 68 65 60 59 59 51 51 51 51 50 50 50 46 45 41 39 37 37 35 34 27 18 10 10 9 
83 83 83 83 83 83 83 83 83 83 83 83 83 83 83 83 77 77 76 76 71 69 60 57 57 57 56 56 55 54 54 51 42 42 42 42 42 37 37 37 35 35 33 27 11 11 9 9 1 1 
