51 51 50 50 50 50 50 50 50 50 50 50 50 17 15 7 4 2 2 2 2 2 2 2 2 2 2 2 2 2 2 2 2 2 1 1 1 1 1 1 1 1 1 1 1 1 1 1 1 1 
50 50 50 50 50 50 50 50 50 50 50 50 50 50 50 50 50 50 50 50 50 50 50 38 24 22 19 15 2 2 0 0 0 0 0 0 0 0 0 0 0 0 0 0 0 0 0 0 0 0 
62 51 51 51 51 51 51 51 51 50 50 50 50 50 50 50 50 50 50 50 50 50 50 50 50 50 50 50 43 37 13 8 2 2 2 2 2 2 2 2 1 1 1 1 1 1 1 1 1 1 
56 51 51 51 51 51 51 51 51 51 51 51 51 51 50 50 50 50 50 50 50 50 50 50 50 50 50 50 50 50 50 50 38 21 21 18 1 1 1 1 1 1 1 1 1 1 0 0 0 0 
52 50 50 50 50 50 50 50 50 50 50 50 50 50 50 50 50 50 50 50 50 50 50 50 50 50 50 50 50 50 50 50 50 50 50 26 12 7 0 0 0 0 0 0 0 0 0 0 0 0 
56 51 51 51 51 51 51 51 51 51 51 51 51 51 51 51 51 51 51 51 51 51 51 51 51 51 51 51 50 50 50 50 50 50 50 50 50 50 50 2 2 2 2 2 2 1 1 1 1 1 
53 52 50 50 50 50 50 50 50 50 50 50 50 50 50 50 50 50 50 50 50 50 50 50 50 50 50 50 50 50 50 50 50 50 50 3 3 3 3 3 3 3 3 3 3 3 0 0 0 0 
56 52 52 50 50 50 50 50 50 50 50 50 50 50 50 50 50 50 50 50 50 50 50 50 50 50 50 50 50 50 50 50 50 50 50 50 50 50 50 50 50 34 11 3 3 3 3 3 0 0 
56 56 56 56 52 50 50 50 50 50 50 50 50 50 50 50 50 50 50 50 50 50 50 50 50 50 50 50 50 50 50 50 50 50 50 50 50 50 50 50 50 50 2 2 2 2 2 2 2 0 
56 56 56 56 56 56 56 56 56 55 51 51 51 51 51 51 51 51 51 51 51 51 51 51 51 51 51 51 51 51 51 51 51 51 51 51 51 50 50 50 50 50 50 2 2 2 2 1 1 1 
57 55 54 54 54 54 54 54 54 54 54 54 54 54 51 51 51 51 51 51 51 51 51 51 51 51 51 51 51 51 51 50 37 36 15 15 7 6 5 2 2 2 2 2 2 2 1 1 1 1 
57 57 57 57 57 57 57 57 57 57 57 57 57 57 57 57 57 51 51 51 51 51 51 51 51 51 51 51 51 51 50 50 47 8 8 8 8 8 8 7 7 1 1 1 1 1 1 1 1 0 
52 52 52 52 52 52 52 52 52 52 52 52 52 52 52 52 52 52 52 51 51 51 51 51 51 51 51 51 51 51 51 51 51 51 51 51 51 50 50 3 3 3 3 2 2 2 2 1 1 1 
60 60 60 60 60 60 59 59 59 59 59 59 59 59 59 59 59 59 59 59 59 58 58 52 52 52 52 52 52 52 52 52 52 52 52 52 52 52 52 52 50 11 11 9 9 8 2 2 2 2 
57 57 56 56 56 56 56 56 56 56 56 56 56 56 56 56 56 56 56 56 56 56 56 56 56 56 56 50 50 50 50 50 33 16 14 13 8 8 8 8 8 8 8 8 8 2 2 2 2 2 
54 52 52 52 52 52 52 52 52 52 52 52 52 52 52 52 52 52 52 52 52 52 52 52 52 52 52 52 52 52 52 52 52 52 52 50 50 50 50 25 21 13 13 2 2 2 2 2 0 0 
69 62 62 62 62 62 62 62 62 62 59 59 59 59 59 59 59 59 59 59 59 59 59 59 58 58 58 58 58 58 58 58 58 58 58 58 52 52 52 48 13 10 9 9 9 3 3 3 3 1 
64 59 58 58 58 58 58 58 58 58 58 58 57 57 57 57 57 57 57 57 57 57 57 57 57 57 57 51 51 51 51 51 51 51 51 51 51 51 51 25 19 15 15 14 8 8 8 8 8 1 
63 56 56 56 56 56 56 56 56 56 56 56 56 54 54 52 52 52 52 52 52 52 52 51 51 51 51 51 51 51 51 37 28 13 8 6 6 6 5 4 4 2 2 2 2 1 1 1 1 1 
66 59 59 59 59 59 59 59 59 59 59 59 59 59 59 59 59 59 59 59 59 59 52 52 52 52 52 52 52 52 52 50 44 43 36 22 22 19 18 18 12 12 12 12 12 9 9 9 5 3 
60 55 54 54 54 54 54 54 54 54 54 54 54 54 54 54 54 54 52 52 51 51 51 51 51 51 51 51 51 32 27 18 13 10 5 5 5 4 4 4 4 4 4 4 1 1 1 1 1 1 
62 58 58 58 58 58 58 58 58 58 58 58 58 58 58 58 58 58 58 54 54 54 51 51 51 51 51 51 51 51 51 51 50 35 31 18 16 10 9 9 9 9 8 8 8 5 5 2 2 1 
68 61 61 61 60 60 60 60 60 60 60 60 60 60 60 60 60 60 60 60 60 58 52 52 52 52 52 52 52 52 52 52 19 16 14 12 11 10 10 10 10 10 10 7 6 2 2 2 2 2 
65 57 57 57 57 57 57 57 57 57 57 57 57 57 57 57 57 57 57 57 57 57 57 57 57 56 55 50 50 50 50 50 50 50 50 50 50 33 14 14 13 7 7 7 7 4 0 0 0 0 
62 58 57 57 57 57 57 57 57 57 57 57 57 57 57 57 56 56 55 55 52 52 52 52 52 52 52 50 48 37 33 20 18 16 14 12 12 11 11 7 7 7 7 7 7 7 7 5 2 2 
66 58 58 58 58 58 57 57 57 57 57 57 57 57 57 57 56 54 50 50 50 50 50 50 50 50 48 39 34 26 26 22 21 17 15 9 7 7 7 7 7 7 7 7 6 0 0 0 0 0 
80 63 56 56 56 56 56 56 56 56 56 56 56 55 51 51 51 51 51 51 51 51 51 50 36 29 19 10 10 9 8 8 8 8 8 8 8 8 8 8 7 6 6 5 3 3 3 3 1 1 
84 73 72 70 61 60 60 60 60 60 60 60 60 60 60 60 60 60 53 53 53 53 53 53 50 50 50 50 50 48 44 40 34 31 28 26 24 23 23 22 20 17 17 16 14 13 11 11 11 10 
79 64 63 63 63 61 59 57 57 57 57 57 57 57 57 57 57 57 57 50 50 50 50 50 50 50 50 50 50 50 41 40 40 36 35 30 26 16 16 14 13 10 10 8 6 6 1 1 1 1 
84 82 71 69 69 69 68 66 65 65 64 64 58 58 58 58 58 58 58 58 58 58 58 58 58 58 50 50 50 50 50 50 50 50 50 50 41 40 38 36 34 19 18 14 9 8 8 8 8 0 
78 76 69 69 68 68 68 68 68 68 68 68 68 67 63 63 62 62 62 62 62 62 61 60 58 51 51 51 51 51 50 44 41 38 37 22 22 21 19 17 13 11 11 2 2 2 2 2 1 1 
84 80 78 73 73 73 73 69 69 69 67 67 67 67 65 65 60 59 59 58 57 57 57 57 56 51 51 51 51 51 51 48 46 37 34 29 23 22 19 18 14 13 2 2 2 2 2 1 1 1 
80 78 78 72 71 71 71 71 71 71 71 70 70 70 70 70 70 69 69 63 60 60 59 59 59 59 56 56 52 52 52 52 31 31 28 21 21 18 15 11 10 10 8 8 7 2 2 2 2 2 
85 85 84 77 76 76 75 75 75 75 75 75 75 75 75 75 74 74 74 71 70 67 64 63 63 60 60 60 54 51 51 51 51 51 50 30 28 27 25 25 25 18 16 13 11 10 8 4 2 2 
78 77 77 74 68 68 68 68 68 68 68 68 68 68 68 68 67 65 65 63 62 61 61 50 50 50 50 50 50 50 50 50 50 50 47 40 40 37 29 29 18 16 16 14 11 11 7 5 0 0 
76 75 75 75 74 68 68 67 67 67 67 67 67 67 67 67 67 67 67 67 67 64 61 61 61 61 51 51 51 51 51 51 51 51 51 51 51 51 51 51 50 49 21 17 17 17 13 12 3 1 
77 74 74 74 74 74 67 67 67 67 67 67 67 67 67 67 67 67 67 66 63 63 62 57 56 50 50 50 50 50 50 50 50 50 50 49 42 42 35 29 28 25 25 21 18 18 17 17 9 0 
76 73 73 73 73 73 73 73 73 73 73 73 68 68 68 68 68 68 68 68 68 68 68 61 60 60 60 60 60 60 60 58 51 51 51 51 51 51 51 51 51 50 43 28 26 18 18 18 1 1 
78 78 78 77 77 77 77 77 77 77 76 76 72 72 71 71 71 71 64 63 63 62 62 60 57 51 51 51 51 51 51 51 51 51 50 45 38 27 22 22 22 21 15 6 2 2 1 1 1 1 
87 83 83 83 83 83 82 82 82 82 82 82 82 82 82 82 82 80 67 67 65 65 65 64 62 61 59 57 55 52 52 52 52 50 50 50 50 50 50 50 50 34 34 29 21 17 15 12 7 2 
94 94 92 92 92 92 92 92 92 92 92 91 91 91 91 91 89 85 75 75 75 75 75 75 69 66 62 62 61 57 53 52 52 52 52 52 52 52 52 52 52 52 50 33 25 25 22 21 2 2 
82 82 80 80 80 80 80 80 80 80 80 80 80 80 80 80 80 77 77 70 68 67 67 67 67 67 66 66 58 54 54 54 51 51 51 51 51 51 51 51 51 51 50 50 41 36 34 26 15 5 
81 81 81 81 73 73 73 73 73 73 73 73 73 73 73 73 73 73 73 70 69 67 66 65 65 63 62 61 57 56 55 52 51 50 50 50 50 50 50 32 31 31 25 25 24 24 23 11 8 2 
81 81 81 81 80 80 80 80 80 80 80 80 80 80 80 80 80 80 76 75 75 73 68 66 66 63 63 62 62 61 57 51 51 51 50 50 44 42 42 21 17 14 12 4 4 4 4 4 3 3 
88 88 88 88 88 88 84 84 84 84 84 84 84 84 84 84 84 84 84 84 84 80 80 79 73 72 70 62 62 61 61 59 58 58 57 56 51 50 50 50 50 35 33 30 12 8 6 1 1 0 
79 77 77 77 77 77 77 71 71 71 71 71 71 71 71 71 69 67 66 63 62 59 59 57 56 56 56 55 55 51 51 51 50 50 50 50 50 50 50 50 33 33 26 21 15 8 6 6 1 1 
82 81 81 81 81 81 81 81 81 78 78 78 78 78 75 75 73 73 70 70 65 65 59 56 55 55 55 55 55 55 54 51 51 51 50 50 50 50 50 50 50 37 36 36 29 26 6 4 1 0 
80 80 80 80 80 80 80 80 79 75 75 75 75 75 72 71 70 66 60 60 59 59 57 56 56 51 51 51 50 50 50 50 50 50 50 50 48 48 43 43 42 36 34 32 16 11 7 7 1 1 
80 78 78 77 77 77 77 77 77 77 77 74 73 73 73 69 65 58 57 57 57 53 53 52 52 52 52 52 52 52 51 50 48 48 38 34 33 33 33 30 30 26 24 21 13 13 4 4 3 3 
82 82 82 82 82 82 82 82 82 82 82 82 79 79 75 73 72 71 69 69 68 65 60 60 59 51 51 51 51 51 51 51 51 43 38 36 31 26 25 24 17 17 16 11 11 2 2 2 1 1 
