0.96875 0.96875 0.71875 0.0 0.125 0.96875 0.40625 0.0625 0.96875 0.5 
0.21875 0.96875 0.96875 0.0 0.125 0.96875 0.96875 0.71875 1.0 0.9375 
0.21875 0.5625 0.71875 0.3125 0.8125 0.96875 0.96875 0.0 0.125 0.96875 
0.21875 0.84375 0.8125 0.8125 0.5625 0.71875 0.875 0.84375 0.625 0.71875 
0.21875 0.84375 0.8125 0.8125 0.5625 0.71875 0.875 0.84375 0.625 0.71875 
0.21875 0.84375 0.5625 0.71875 0.875 0.84375 0.625 0.71875 0.90625 0.1875 
0.21875 0.84375 0.5625 0.71875 0.875 0.84375 0.625 0.71875 0.90625 0.1875 
0.21875 0.84375 0.5625 0.71875 0.875 0.84375 0.625 0.71875 0.71875 0.875 
0.21875 0.84375 0.5625 0.71875 0.875 0.84375 0.625 0.71875 0.71875 0.875 
0.21875 0.84375 0.5625 0.71875 0.875 0.84375 0.625 0.71875 0.71875 0.875 
0.21875 0.84375 0.5625 0.71875 0.875 0.84375 0.625 0.71875 0.71875 0.875 
0.21875 0.84375 0.5625 0.71875 0.875 0.84375 0.625 0.71875 0.71875 0.875 
0.21875 0.84375 0.5625 0.71875 0.875 0.84375 0.625 0.71875 0.71875 0.875 
0.21875 0.5625 0.71875 0.875 0.84375 0.625 0.71875 0.71875 0.875 0.71875 
0.21875 0.4375 0.5625 0.71875 0.875 0.84375 0.625 0.71875 0.71875 0.875 
0.21875 0.4375 0.53125 0.5625 0.71875 0.875 0.84375 0.625 0.71875 0.71875 
0.21875 0.4375 0.4375 0.4375 0.4375 0.5625 0.71875 0.875 0.84375 0.625 
0.21875 0.4375 0.4375 0.4375 0.4375 0.4375 0.4375 0.40625 0.5625 0.71875 
0.21875 0.4375 0.4375 0.4375 0.4375 0.4375 0.4375 0.46875 0.4375 0.4375 
0.21875 0.46875 0.4375 0.4375 0.4375 0.4375 0.4375 0.4375 0.46875 0.4375 
0.46875 0.46875 0.4375 0.5 0.4375 0.4375 0.4375 0.4375 0.4375 0.4375 
0.53125 0.46875 0.4375 0.5 0.46875 0.53125 0.46875 0.46875 0.46875 0.4375 
0.53125 0.46875 0.4375 0.5 0.46875 0.53125 0.5 0.53125 0.53125 0.53125 
0.5625 0.53125 0.53125 0.46875 0.4375 0.5 0.46875 0.53125 0.5 0.53125 
0.5625 0.53125 0.53125 0.5 0.5 0.46875 0.4375 0.5 0.46875 0.53125 
0.5625 0.5625 0.53125 0.53125 0.5 0.5 0.46875 0.4375 0.5 0.46875 
0.5625 0.5625 0.5625 0.5625 0.53125 0.53125 0.5 0.5 0.46875 0.4375 
0.5625 0.5625 0.5625 0.5625 0.5625 0.53125 0.53125 0.5 0.5 0.46875 
0.5625 0.5625 0.5625 0.5625 0.5625 0.53125 0.5625 0.53125 0.5625 0.53125 
0.5625 0.5625 0.5625 0.5625 0.5625 0.53125 0.5625 0.53125 0.5625 0.5625 
0.5625 0.5625 0.5625 0.5625 0.5625 0.53125 0.5625 0.53125 0.5625 0.5625 
0.5625 0.5625 0.5625 0.5625 0.5625 0.53125 0.5625 0.53125 0.5625 0.5625 
0.5625 0.5625 0.5625 0.5625 0.5625 0.53125 0.5625 0.53125 0.5625 0.5625 
0.5625 0.5625 0.5625 0.5625 0.5625 0.53125 0.5625 0.53125 0.5625 0.5625 
0.5625 0.5625 0.53125 0.5625 0.5625 0.5625 0.5625 0.53125 0.5625 0.53125 
0.53125 0.5625 0.5625 0.5625 0.5625 0.5625 0.5625 0.53125 0.5625 0.53125 
0.53125 0.5625 0.5625 0.5625 0.5625 0.5625 0.5625 0.53125 0.5625 0.53125 
0.53125 0.5625 0.5625 0.5625 0.5625 0.5625 0.5625 0.53125 0.5625 0.53125 
0.53125 0.5625 0.5625 0.5625 0.5625 0.5625 0.5625 0.53125 0.5625 0.53125 
0.53125 0.5625 0.5625 0.5625 0.5625 0.5625 0.5625 0.53125 0.5625 0.53125 
0.53125 0.5625 0.5625 0.5625 0.5625 0.5625 0.5625 0.53125 0.5625 0.53125 
0.53125 0.5625 0.5625 0.5625 0.5625 0.5625 0.5625 0.53125 0.5625 0.53125 
0.53125 0.5625 0.5625 0.5625 0.5625 0.5625 0.5625 0.53125 0.5625 0.53125 
0.53125 0.5625 0.5625 0.5625 0.5625 0.5625 0.5625 0.5625 0.53125 0.5625 
0.53125 0.5625 0.5625 0.5625 0.5625 0.5625 0.5625 0.5625 0.53125 0.5625 
0.53125 0.5625 0.5625 0.5625 0.5625 0.5625 0.5625 0.5625 0.5625 0.53125 
0.53125 0.5625 0.5625 0.5625 0.5625 0.5625 0.5625 0.5625 0.5625 0.5625 
0.53125 0.5625 0.5625 0.5625 0.5625 0.5625 0.5625 0.5625 0.5625 0.5625 
0.53125 0.5625 0.5625 0.5625 0.5625 0.5625 0.5625 0.5625 0.5625 0.5625 
0.53125 0.5625 0.5625 0.5625 0.5625 0.5625 0.5625 0.5625 0.5625 0.5625 
