% Ministry of Cellular Automata
% Project Deux (CS523 Spring 2015)
% Version:v0.1-66-g3e0f-dirty
%  pop:50
%  ic count:100
%  CA Log option:r2/run03
%  width:121
%  max workers:4
%  radius:2
%  iterations:300
%  generations:50

 generation 0.50.50.0.50.50.50.1.1.50.1.0.0.0.1.0.1.50.1.50.1.0.1.78.0.1.50.1.50.1.0.50.1.0.50.0.6.0.50.1.1.0.1.0.0.1.0.1.1.1.50.xover.mutate.done 50
 generation 1.71.50.50.50.50.50.50.50.50.50.4.2.52.50.12.2.35.52.50.50.4.4.50.50.2.2.4.2.2.50.50.50.4.46.50.2.52.45.6.2.4.50.13.40.50.4.50.51.4.4.xover.mutate.done 50
 generation 2.71.51.51.50.56.50.50.50.50.50.50.51.51.1.50.50.1.50.1.1.1.49.50.50.0.1.1.53.1.50.1.12.0.0.60.1.38.51.1.0.1.1.1.51.1.0.0.0.1.0.xover.mutate.done 50
 generation 3.73.57.53.52.50.50.50.50.50.50.38.10.50.0.50.50.0.0.0.0.0.50.0.50.50.0.0.0.50.50.0.0.0.0.0.50.0.0.0.0.14.50.0.50.42.0.0.0.12.50.xover.mutate.done 50
 generation 4.71.50.45.38.50.50.50.50.50.50.0.0.0.5.0.50.28.0.50.50.50.0.0.0.0.0.0.0.50.0.0.0.0.0.0.50.50.9.50.50.0.50.6.0.0.0.0.0.0.0.xover.mutate.done 50
 generation 5.74.57.50.50.50.50.50.50.50.50.0.50.14.0.0.0.0.0.0.0.0.50.50.0.29.3.0.39.0.50.0.50.0.0.0.50.50.0.0.0.0.0.50.0.50.0.0.50.0.0.xover.mutate.done 50
 generation 6.71.57.52.52.52.52.52.52.50.51.7.52.29.3.50.2.50.1.50.52.52.2.52.52.29.52.1.3.50.2.51.6.3.2.1.50.3.1.51.1.3.10.2.50.50.50.50.52.2.2.xover.mutate.done 50
 generation 7.73.65.50.50.50.50.50.50.50.50.0.50.0.0.50.50.50.50.50.0.0.0.50.0.0.50.50.50.50.50.50.0.50.0.0.50.50.50.50.0.0.0.0.50.0.50.0.0.50.0.xover.mutate.done 50
 generation 8.74.59.51.51.51.51.51.51.51.51.1.2.50.14.2.35.2.51.1.51.2.1.51.2.51.50.51.51.1.50.51.51.50.51.2.1.51.51.51.2.51.1.51.2.1.51.2.1.2.2.xover.mutate.done 50
 generation 9.74.60.51.51.51.51.51.51.51.51.1.51.0.21.0.50.0.51.51.1.1.1.25.50.1.0.51.14.51.0.1.10.1.29.1.50.51.51.50.51.1.51.0.0.0.51.1.51.1.51.xover.mutate.done 50
 generation 10.75.54.51.51.51.51.51.51.51.51.50.1.51.2.51.51.3.51.51.51.50.51.3.51.50.51.51.1.51.11.51.51.50.51.3.51.51.51.51.51.2.10.51.51.51.3.50.51.3.51.xover.mutate.done 50
 generation 11.79.59.55.55.55.55.55.55.55.55.55.55.55.55.6.5.55.55.55.55.55.6.6.55.23.6.6.55.5.55.55.6.55.55.5.6.5.5.55.55.55.55.17.5.55.51.23.6.55.55.xover.mutate.done 50
 generation 12.76.48.51.51.51.51.51.51.51.51.51.1.51.51.51.51.51.51.51.2.51.50.51.50.8.51.2.51.10.4.51.51.51.50.12.51.51.51.51.2.51.51.1.51.2.1.51.2.2.50.xover.mutate.done 50
 generation 13.76.51.51.51.51.51.51.51.51.51.1.51.2.1.2.1.50.51.51.51.2.2.63.50.51.2.51.51.50.51.51.29.1.1.1.1.51.51.50.51.1.51.51.51.51.51.50.51.2.2.xover.mutate.done 50
 generation 14.75.65.51.51.51.51.51.51.51.51.50.50.51.51.1.2.1.1.51.51.50.50.55.51.51.51.0.51.51.51.50.51.50.50.51.51.11.51.50.51.50.51.51.1.51.51.1.1.50.50.xover.mutate.done 50
 generation 15.69.66.44.50.50.50.50.50.50.50.16.9.0.0.50.51.66.66.50.44.50.50.50.50.50.50.1.50.50.50.50.50.45.50.1.50.50.50.1.1.50.31.1.1.50.50.50.50.50.50.xover.mutate.done 50
 generation 16.71.63.63.63.51.50.50.50.50.50.50.50.51.50.1.50.50.50.50.0.50.50.63.1.1.1.50.44.11.50.50.1.50.7.38.50.50.63.1.1.50.50.1.50.50.1.50.50.50.0.xover.mutate.done 50
 generation 17.71.63.63.63.63.63.50.50.51.51.39.2.51.50.7.51.41.1.51.3.63.1.1.1.51.1.0.1.50.51.21.63.1.51.51.51.50.51.1.51.63.63.50.1.63.51.63.51.0.51.xover.mutate.done 50
 generation 18.74.64.64.64.64.64.64.64.64.64.60.12.64.50.53.50.39.51.51.25.40.50.0.51.60.1.11.64.51.11.1.51.1.1.50.50.51.64.64.51.1.51.51.50.39.50.0.66.25.51.xover.mutate.done 50
 generation 19.69.72.71.71.71.71.71.71.71.71.71.1.51.50.51.71.72.14.51.36.50.51.23.50.51.1.36.21.37.51.36.71.70.71.33.50.33.50.71.23.71.14.16.51.72.21.50.50.51.72.xover.mutate.done 50
 generation 20.64.70.70.70.63.63.63.63.63.63.1.64.63.50.31.31.70.64.63.50.7.56.63.30.63.50.21.63.1.50.0.50.31.13.63.50.70.50.50.63.63.13.25.21.50.63.50.79.0.50.xover.mutate.done 50
 generation 21.76.68.68.68.68.68.65.65.65.65.19.68.24.51.51.65.51.57.26.65.50.40.65.67.37.33.51.68.65.65.65.51.51.1.21.10.68.65.65.65.68.51.65.22.51.65.20.18.43.18.xover.mutate.done 50
 generation 22.77.63.63.63.63.63.63.63.66.63.63.13.16.82.57.63.62.25.63.51.15.52.15.63.62.62.62.51.63.3.14.3.63.63.62.24.46.51.62.62.63.34.62.56.51.62.20.15.15.50.xover.mutate.done 50
 generation 23.88.84.76.73.73.73.73.73.74.73.71.2.44.73.2.73.73.24.51.50.74.73.51.3.51.2.73.2.50.70.73.70.51.73.51.59.7.2.27.2.24.51.43.20.51.70.51.73.55.51.xover.mutate.done 50
 generation 24.86.83.76.74.74.74.74.74.74.74.51.51.29.2.74.2.50.2.51.51.74.25.65.74.62.25.69.51.2.50.23.74.1.14.2.48.51.74.74.25.74.2.74.51.74.24.51.35.74.86.xover.mutate.done 50
 generation 25.80.79.76.72.72.72.72.72.72.72.72.50.22.50.40.0.22.72.42.0.50.43.72.0.22.72.72.23.12.27.50.72.0.50.50.10.72.79.72.50.22.23.0.64.7.50.79.72.50.5.xover.mutate.done 50
 generation 26.75.74.74.74.71.69.65.65.65.65.65.21.74.15.16.50.65.15.50.5.41.17.65.1.65.65.51.15.51.62.65.64.14.51.15.50.9.15.1.1.24.50.40.1.65.51.50.65.1.30.xover.mutate.done 50
 generation 27.79.79.79.79.79.74.72.71.71.71.3.49.71.3.50.50.53.63.79.53.50.50.50.40.50.71.68.28.50.19.50.50.50.9.43.4.3.11.56.79.24.50.71.50.25.50.0.71.79.79.xover.mutate.done 50
 generation 28.84.84.84.84.84.84.84.84.84.82.50.44.50.65.70.51.57.0.0.70.0.70.0.6.50.50.51.0.75.70.50.20.50.84.50.0.50.50.50.50.84.60.50.51.50.84.50.70.50.70.xover.mutate.done 50
 generation 29.81.81.81.81.81.81.81.81.81.81.69.2.81.79.57.51.69.43.50.1.49.74.69.35.1.51.69.69.74.69.2.81.12.51.81.69.51.69.1.69.50.51.80.51.51.2.77.81.51.50.xover.mutate.done 50
 generation 30.75.74.74.74.74.74.74.74.74.74.3.52.52.64.52.2.53.31.52.73.70.64.61.74.52.74.57.31.50.50.2.64.52.3.74.52.73.2.70.52.16.64.52.52.56.72.64.50.52.2.xover.mutate.done 50
 generation 31.78.78.78.78.78.78.78.78.78.78.0.25.50.50.0.78.69.78.78.78.0.50.75.71.75.28.75.50.75.50.50.0.78.50.48.32.69.75.71.75.50.78.50.50.78.28.78.50.50.63.xover.mutate.done 50
 generation 32.81.81.81.81.81.81.81.81.81.81.51.51.65.23.81.51.81.80.1.81.81.1.51.81.51.11.81.51.81.74.51.79.50.81.81.81.31.10.81.51.81.21.51.81.1.81.50.81.1.81.xover.mutate.done 50
 generation 33.82.81.81.81.81.81.81.81.81.81.50.81.60.26.51.82.81.50.60.80.61.16.50.0.79.50.18.50.81.81.50.80.82.81.50.79.28.81.50.50.50.46.37.50.6.50.50.60.50.40.xover.mutate.done 50
 generation 34.79.79.80.79.79.79.79.79.79.79.51.79.51.51.13.79.51.79.79.72.79.2.57.72.51.30.78.35.51.21.51.79.2.55.79.51.78.39.51.2.78.1.57.48.55.79.51.51.1.51.xover.mutate.done 50
 generation 35.84.84.84.84.84.84.84.84.84.84.18.84.11.51.61.34.5.84.84.34.40.17.63.62.50.1.84.50.41.1.84.62.50.1.84.51.51.51.51.62.81.84.84.1.38.51.84.51.37.31.xover.mutate.done 50
 generation 36.87.87.87.87.87.87.87.87.87.87.84.50.5.87.87.52.87.87.57.87.50.50.87.87.87.60.57.50.50.82.87.2.82.87.82.52.50.2.57.87.87.87.19.50.87.50.87.87.50.87.xover.mutate.done 50
 generation 37.82.81.81.81.81.81.81.81.81.81.81.19.50.42.9.6.52.50.77.81.81.81.2.2.6.81.64.81.2.2.81.52.81.81.81.50.81.77.2.64.50.81.2.50.81.50.81.50.2.50.xover.mutate.done 50
 generation 38.76.76.76.76.76.76.76.76.76.76.36.18.57.76.7.25.1.76.76.50.50.76.51.1.51.76.76.51.76.51.51.51.57.76.76.50.50.1.76.36.57.50.76.1.51.76.76.1.76.76.xover.mutate.done 50
 generation 39.84.84.84.84.84.84.84.84.84.84.84.84.84.50.80.51.50.84.44.51.2.51.51.57.51.49.50.51.84.50.19.2.48.51.40.51.50.51.60.84.48.57.51.83.51.69.47.51.51.84.xover.mutate.done 50
 generation 40.77.76.76.76.76.76.76.76.76.76.76.51.73.76.51.51.76.51.76.51.76.51.76.51.51.23.76.76.51.59.58.51.69.50.51.76.46.51.51.76.76.76.9.30.76.66.76.76.76.1.xover.mutate.done 50
 generation 41.84.82.82.82.82.82.82.82.82.82.33.82.82.1.42.2.39.82.1.81.82.82.82.81.51.82.51.1.38.62.61.51.61.51.8.82.2.76.81.58.51.51.37.82.2.82.61.50.51.50.xover.mutate.done 50
 generation 42.76.75.75.74.74.74.74.74.74.74.0.74.74.69.55.32.75.9.74.29.4.20.74.50.74.50.32.73.50.50.50.50.50.50.50.73.50.50.0.50.0.70.68.50.74.0.7.74.73.22.xover.mutate.done 50
 generation 43.82.81.81.81.81.81.81.81.81.81.80.53.63.5.52.50.81.5.80.81.52.79.52.52.59.81.36.81.5.80.14.2.5.80.52.52.5.58.52.53.52.63.59.21.17.52.52.75.52.81.xover.mutate.done 50
 generation 44.81.80.80.80.80.80.80.80.80.80.80.80.44.50.53.80.10.6.53.75.35.78.19.81.77.80.53.62.53.53.80.50.53.53.53.6.36.53.19.53.75.50.80.78.53.15.50.75.43.19.xover.mutate.done 50
 generation 45.87.87.86.86.86.85.85.85.85.85.50.44.50.58.0.50.0.85.82.85.43.46.50.85.50.78.50.86.50.85.50.47.44.50.85.16.0.50.85.50.50.85.0.85.50.16.47.85.50.50.xover.mutate.done 50
 generation 46.76.76.76.76.76.76.76.76.76.76.1.50.51.76.76.57.76.76.50.43.72.22.76.51.76.76.1.76.49.72.76.50.71.76.0.76.51.55.76.76.1.41.50.76.51.50.50.76.51.76.xover.mutate.done 50
 generation 47.77.77.76.76.76.76.75.75.75.75.75.59.51.51.77.60.36.75.75.50.54.76.51.2.75.35.50.54.11.54.50.51.51.76.2.59.32.59.51.54.19.54.60.6.75.51.59.54.17.56.xover.mutate.done 50
 generation 48.79.79.79.79.79.79.79.79.79.79.79.79.55.58.79.59.51.1.50.59.53.50.79.50.9.9.79.79.51.79.50.40.79.11.8.79.56.55.79.79.59.79.79.78.79.59.79.79.50.50.xover.mutate.done 50
 generation 49.86.86.86.86.86.86.86.86.86.84.86.86.84.9.86.18.45.52.56.0.59.59.6.63.32.84.30.2.6.50.84.83.63.59.61.72.54.50.50.52.83.82.50.50.41.2.86.86.60.83.xover.mutate.done 50
 23376470 iters     904239 iter/sec (25.85 s)
 total time: 25.85
