% Ministry of Cellular Automata
% Project Deux (CS523 Spring 2015)
% Version:v0.1-66-g3e0f-dirty
%  pop:50
%  ic count:100
%  CA Log option:r2/run08
%  width:121
%  max workers:4
%  radius:2
%  iterations:300
%  generations:50

 generation 0.50.50.1.1.0.1.50.5.1.0.5.1.1.0.0.11.1.50.6.1.1.0.1.0.1.1.50.50.50.1.0.1.1.1.24.9.50.1.50.1.0.1.1.1.0.50.0.1.1.1.xover.mutate.done 50
 generation 1.50.50.50.50.50.50.50.50.50.50.50.0.0.50.0.0.0.0.0.0.0.0.0.0.0.50.50.0.50.0.9.0.0.0.0.0.2.17.0.0.5.0.0.0.0.0.0.51.0.0.xover.mutate.done 50
 generation 2.61.50.51.50.50.50.50.50.50.50.2.51.50.22.3.11.10.3.3.24.2.2.50.2.50.2.16.3.3.50.14.3.14.50.2.3.3.3.2.51.52.2.2.40.3.3.1.50.9.50.xover.mutate.done 50
 generation 3.54.52.52.52.52.50.50.50.50.50.2.26.50.50.2.52.4.50.50.52.50.2.52.4.2.50.4.2.4.2.7.4.50.4.17.2.2.20.4.4.2.2.50.17.52.15.2.2.4.14.xover.mutate.done 50
 generation 4.43.50.50.50.50.50.50.50.50.50.50.50.0.50.0.50.0.0.50.36.50.0.11.0.0.0.0.50.0.50.50.0.0.50.0.0.50.30.0.0.0.50.50.50.10.10.50.0.0.50.xover.mutate.done 50
 generation 5.52.50.50.50.50.50.52.52.50.50.0.52.50.50.50.50.2.0.2.23.2.50.2.50.50.50.0.50.0.50.2.0.50.2.0.2.50.2.50.2.50.2.50.2.2.2.50.2.2.50.xover.mutate.done 50
 generation 6.50.50.50.50.50.50.50.50.50.50.50.0.0.35.35.0.0.50.0.8.50.55.50.0.0.50.0.0.50.50.0.3.0.50.0.50.50.50.50.55.50.0.12.0.0.0.0.0.0.32.xover.mutate.done 50
 generation 7.56.56.51.51.51.51.51.51.51.51.56.1.1.51.51.51.38.51.51.1.37.50.2.51.51.50.2.50.50.1.2.74.2.2.51.50.2.2.56.2.2.51.51.2.2.7.51.2.1.50.xover.mutate.done 50
 generation 8.74.55.55.55.55.50.50.50.50.50.50.50.50.0.50.0.50.0.0.50.6.66.55.50.55.0.0.25.0.6.50.55.5.50.50.50.37.8.50.11.0.38.50.66.50.50.0.50.10.50.xover.mutate.done 50
 generation 9.73.63.63.55.55.55.55.55.55.55.1.7.1.24.50.51.63.1.63.16.31.50.1.50.36.63.8.55.51.50.50.63.63.50.1.7.50.55.1.50.24.63.51.31.1.9.50.50.1.55.xover.mutate.done 50
 generation 10.83.77.77.77.77.77.74.74.74.58.10.6.49.1.1.58.77.55.50.55.10.9.50.1.77.51.50.51.1.1.50.77.55.0.58.61.50.58.51.33.50.1.58.10.50.81.50.44.60.25.xover.mutate.done 50
 generation 11.86.81.78.78.78.78.78.78.78.78.78.86.13.80.51.3.78.51.4.47.81.82.14.54.51.78.50.47.50.80.80.37.84.78.4.49.4.53.4.52.55.57.84.60.14.51.13.80.51.51.xover.mutate.done 50
 generation 12.74.78.77.77.68.82.83.68.69.68.31.51.68.67.53.77.53.73.67.6.77.51.67.67.61.53.65.53.66.61.67.3.50.16.44.6.4.6.45.67.53.77.68.77.67.32.8.53.67.51.xover.mutate.done 50
 generation 13.76.76.80.80.80.80.80.80.80.78.31.50.75.75.75.54.76.22.57.10.22.50.34.75.37.56.75.51.51.50.51.75.2.76.26.80.73.2.75.50.5.80.80.32.58.80.76.80.78.37.xover.mutate.done 50
 generation 14.86.84.84.84.84.84.84.86.84.84.29.34.72.22.23.84.71.84.15.51.36.72.50.50.1.35.1.34.50.51.76.72.26.83.50.72.76.1.51.50.19.29.1.84.68.58.36.51.51.84.xover.mutate.done 50
 generation 15.74.74.75.75.75.75.75.75.75.75.28.75.56.65.27.75.75.62.19.75.53.75.76.56.56.38.50.50.24.75.56.50.19.50.26.26.75.67.24.34.50.45.26.21.21.50.50.26.0.63.xover.mutate.done 50
 generation 16.82.82.82.82.82.82.82.82.82.82.52.2.72.33.50.2.50.3.82.50.82.82.63.27.28.82.64.34.52.2.52.12.52.83.52.32.76.2.52.76.64.14.28.52.52.52.61.63.67.33.xover.mutate.done 50
 generation 17.79.80.79.79.79.80.80.79.80.79.51.79.80.59.56.59.80.51.79.1.57.80.79.50.51.51.79.50.66.74.8.80.82.73.50.79.51.26.29.70.80.31.80.79.70.51.51.79.59.31.xover.mutate.done 50
 generation 18.79.78.78.78.78.78.78.78.78.78.0.78.8.50.29.29.19.78.50.0.78.78.50.35.78.70.78.0.29.38.78.78.78.67.39.35.46.37.79.78.78.34.67.40.78.66.78.78.78.78.xover.mutate.done 50
 generation 19.79.80.78.78.78.78.78.78.78.78.75.78.78.78.21.28.78.78.11.52.52.28.28.61.78.52.54.75.78.78.52.39.34.26.71.50.61.77.2.61.28.28.29.75.61.30.52.37.31.52.xover.mutate.done 50
 generation 20.80.80.78.77.77.77.78.78.77.77.30.77.27.78.0.68.50.28.77.76.77.80.65.7.78.0.58.80.63.80.5.29.80.0.50.50.50.0.60.50.77.16.64.30.30.0.44.14.43.7.xover.mutate.done 50
 generation 21.79.80.79.80.80.80.79.79.79.75.24.72.2.72.62.79.50.79.50.61.80.79.38.38.50.77.22.58.52.30.2.23.79.60.41.79.52.30.22.70.52.52.52.43.30.10.50.79.67.52.xover.mutate.done 50
 generation 22.78.78.78.76.78.80.80.78.78.78.0.78.71.36.41.34.66.34.50.78.73.50.78.78.0.28.33.77.38.37.50.31.78.40.78.50.78.78.28.41.78.50.80.64.66.73.50.77.9.42.xover.mutate.done 50
 generation 23.81.81.81.82.81.81.81.81.81.81.81.44.51.1.81.34.51.70.61.33.53.65.53.3.1.23.34.81.13.51.53.65.80.70.71.21.38.34.81.61.81.44.70.81.81.38.81.81.38.38.xover.mutate.done 50
 generation 24.75.75.75.75.74.74.75.71.71.72.23.50.47.70.65.48.75.79.72.75.66.19.72.0.50.50.72.0.10.75.51.50.0.32.75.0.72.23.52.34.43.75.66.39.27.72.50.9.75.66.xover.mutate.done 50
 generation 25.76.73.72.72.72.72.72.72.72.72.25.68.24.25.37.57.72.58.56.31.28.51.24.1.72.50.51.39.72.72.24.72.72.55.9.72.9.41.10.24.16.72.13.51.67.72.72.36.27.72.xover.mutate.done 50
 generation 26.85.81.82.82.82.82.82.82.82.82.28.85.39.50.0.50.6.56.50.0.28.71.71.8.82.82.50.71.82.82.81.39.82.85.36.82.50.50.81.0.0.50.82.71.50.45.81.35.82.82.xover.mutate.done 50
 generation 27.83.83.83.76.76.76.77.77.77.77.57.77.73.50.77.73.73.77.75.50.77.77.54.77.54.76.73.73.77.1.50.13.28.77.55.57.50.57.51.77.47.73.74.50.72.50.73.31.76.34.xover.mutate.done 50
 generation 28.81.81.81.78.78.78.78.78.78.78.78.57.50.78.7.77.48.78.81.50.78.32.57.33.81.47.81.48.2.79.78.38.34.78.78.51.48.81.37.81.48.35.78.78.50.78.50.78.51.55.xover.mutate.done 50
 generation 29.87.87.87.87.87.87.87.87.84.83.4.88.54.83.83.20.83.65.42.86.86.39.62.49.61.83.39.54.83.83.87.34.33.37.84.55.85.54.8.39.39.54.43.39.82.50.54.87.62.39.xover.mutate.done 50
 generation 30.86.85.85.85.85.85.85.85.85.85.78.86.86.84.39.85.85.52.52.80.51.86.37.22.60.85.86.72.50.39.8.52.85.80.85.37.56.60.54.86.52.86.52.86.50.85.50.46.53.35.xover.mutate.done 50
 generation 31.80.80.80.79.80.80.80.79.78.78.11.78.45.79.75.29.78.50.50.46.50.79.78.17.50.69.17.50.78.50.43.19.50.72.80.2.78.38.78.42.50.50.0.69.49.78.78.78.45.48.xover.mutate.done 50
 generation 32.90.90.90.90.90.90.90.89.89.89.89.51.90.51.87.89.90.51.89.71.51.51.50.55.89.90.81.90.50.35.89.2.51.13.1.16.51.53.87.89.41.51.71.82.50.32.38.89.89.51.xover.mutate.done 50
 generation 33.85.85.85.85.85.85.85.85.85.85.26.79.2.81.50.42.85.37.50.50.52.36.52.66.52.36.83.52.37.83.36.84.52.45.36.30.84.2.50.52.77.46.74.79.56.52.21.2.85.50.xover.mutate.done 50
 generation 34.85.85.85.85.85.85.85.85.85.85.65.83.85.77.85.85.85.85.85.85.52.79.55.77.85.52.74.45.79.80.50.2.60.59.15.37.9.37.52.85.50.38.64.21.57.74.21.83.65.85.xover.mutate.done 50
 generation 35.82.82.82.82.82.82.82.82.82.82.52.57.82.59.82.30.82.42.28.52.82.65.13.82.66.60.60.82.62.37.82.82.65.51.31.77.52.79.8.50.51.52.82.74.50.56.77.50.33.77.xover.mutate.done 50
 generation 36.85.85.85.85.85.85.85.85.85.85.77.83.85.72.85.23.50.69.63.73.2.8.74.51.48.1.50.64.23.32.66.70.50.39.83.69.12.85.85.51.63.85.81.85.8.85.74.28.38.74.xover.mutate.done 50
 generation 37.88.88.88.88.88.88.88.88.88.88.50.27.88.50.69.50.10.49.39.1.88.33.68.85.50.88.48.88.0.1.81.58.64.58.88.48.73.50.50.51.83.50.8.43.83.48.88.88.1.50.xover.mutate.done 50
 generation 38.87.87.87.87.87.87.87.87.87.87.35.50.77.80.50.62.52.50.4.60.87.41.85.50.87.87.37.54.2.52.86.81.42.2.52.78.52.50.50.77.52.38.50.52.43.87.88.87.52.24.xover.mutate.done 50
 generation 39.84.85.85.85.85.85.85.85.85.85.85.43.26.85.50.52.85.51.85.81.41.11.80.85.86.52.43.52.41.85.20.54.43.52.19.42.26.85.2.51.3.86.50.52.63.85.51.3.85.85.xover.mutate.done 50
 generation 40.90.90.92.92.92.92.92.92.92.92.51.3.59.92.1.37.3.8.51.3.51.3.47.62.3.92.52.92.51.11.90.51.22.59.62.51.50.66.47.47.45.3.51.92.50.50.90.3.51.51.xover.mutate.done 50
 generation 41.87.87.87.87.87.87.87.87.87.87.52.38.51.46.87.3.52.51.51.51.13.39.1.87.52.19.87.51.52.87.3.80.80.52.51.51.55.32.51.66.80.87.52.81.87.45.53.3.87.39.xover.mutate.done 50
 generation 42.84.84.84.84.84.84.84.84.84.84.84.17.36.55.51.50.78.38.51.45.50.2.43.84.84.50.84.50.50.73.50.2.78.84.38.55.84.84.34.84.51.50.84.50.35.49.84.2.84.2.xover.mutate.done 50
 generation 43.85.85.85.85.85.85.85.85.85.85.55.85.43.50.50.56.85.1.9.53.37.50.85.50.50.50.16.50.42.85.9.56.9.85.56.50.85.81.50.85.77.56.42.84.79.50.85.85.85.9.xover.mutate.done 50
 generation 44.81.81.81.81.81.81.81.81.81.81.51.63.52.81.55.51.81.51.50.56.59.57.51.3.81.52.51.51.81.51.50.51.52.51.81.47.75.57.51.50.51.81.41.53.50.41.51.81.81.51.xover.mutate.done 50
 generation 45.83.83.83.83.83.83.83.83.83.83.50.0.83.39.83.83.53.50.50.83.83.0.50.84.83.20.50.50.80.50.76.0.50.53.18.50.61.46.83.83.83.84.83.84.56.27.59.56.42.83.xover.mutate.done 50
 generation 46.87.87.87.86.86.86.86.86.86.86.48.51.86.86.43.87.60.60.86.86.86.61.41.60.48.79.86.86.50.51.50.79.86.50.1.86.63.51.1.55.61.62.51.41.86.56.86.61.47.86.xover.mutate.done 50
 generation 47.85.85.85.85.84.84.84.84.84.84.5.53.50.54.75.50.78.50.28.54.84.45.53.0.50.50.84.54.54.52.84.50.66.15.42.85.23.45.50.7.54.30.50.42.66.4.28.54.50.50.xover.mutate.done 50
 generation 48.90.90.90.90.90.89.89.89.89.89.82.0.59.81.2.2.2.50.81.38.52.50.50.2.50.50.54.89.2.59.42.51.45.70.64.89.53.89.59.45.64.50.52.43.51.50.42.14.46.72.xover.mutate.done 50
 generation 49.86.86.86.86.86.85.85.85.85.85.58.3.3.75.55.53.43.53.13.38.50.51.53.3.59.85.76.26.85.50.51.79.50.50.3.29.50.85.53.85.53.29.52.34.29.85.35.12.29.51.xover.mutate.done 50
 24082437 iters     869855 iter/sec (27.69 s)
 total time: 27.69
