% Ministry of Cellular Automata
% Project Deux (CS523 Spring 2015)
% Version:v0.1-66-g3e0f-dirty
%  pop:50
%  ic count:100
%  CA Log option:r2/run09
%  width:121
%  max workers:4
%  radius:2
%  iterations:300
%  generations:50

 generation 0.2.1.3.2.50.3.3.50.3.3.32.50.2.52.1.18.50.2.3.12.50.10.3.3.50.50.3.3.2.2.2.15.50.50.1.26.3.50.3.3.50.20.50.14.1.2.3.3.2.51.xover.mutate.done 50
 generation 1.52.50.50.50.50.50.50.50.50.50.2.50.50.2.14.2.2.2.2.2.34.2.50.3.2.36.2.2.10.52.52.52.50.4.2.52.2.50.10.50.2.52.34.52.50.0.2.0.50.52.xover.mutate.done 50
 generation 2.51.51.51.51.51.51.51.51.51.50.51.50.50.2.50.50.1.11.1.1.51.51.2.51.1.7.51.50.50.51.51.6.50.51.51.50.2.1.5.51.50.1.51.51.1.1.51.50.51.51.xover.mutate.done 50
 generation 3.51.51.51.51.51.51.51.51.50.51.51.51.50.38.1.51.50.10.50.1.11.11.0.51.0.1.50.50.1.50.1.51.50.51.51.1.50.1.0.51.1.51.51.51.1.51.51.11.50.51.xover.mutate.done 50
 generation 4.54.54.54.54.54.54.54.54.54.54.54.54.50.54.54.54.54.4.50.4.54.21.54.8.54.50.54.4.54.54.4.54.54.54.54.54.54.4.4.4.54.4.54.4.54.4.4.4.50.28.xover.mutate.done 50
 generation 5.52.52.52.52.52.52.52.52.52.52.52.52.40.50.5.52.52.50.52.2.52.5.2.52.52.5.52.29.52.2.3.52.52.52.50.5.50.52.2.52.50.3.52.30.52.52.52.52.52.52.xover.mutate.done 50
 generation 6.50.50.50.50.50.50.50.50.50.50.50.50.50.1.50.1.50.50.1.50.50.6.1.50.50.50.50.50.25.50.50.50.50.50.50.50.33.50.50.50.50.50.1.50.50.13.1.0.21.50.xover.mutate.done 50
 generation 7.52.52.52.52.52.52.52.52.52.52.52.52.52.52.52.52.52.52.7.52.52.52.52.0.52.52.50.2.2.2.2.52.52.52.2.52.52.52.17.0.25.52.52.2.52.11.52.52.52.52.xover.mutate.done 50
 generation 8.51.51.51.51.51.51.51.51.51.51.2.51.51.2.51.51.51.51.51.51.51.51.51.51.51.51.51.1.1.51.1.51.51.51.2.51.51.6.51.51.51.51.51.51.51.51.51.2.51.2.xover.mutate.done 50
 generation 9.50.50.50.50.50.50.50.50.50.50.50.50.50.50.50.50.50.50.50.50.0.50.50.50.44.50.0.50.50.50.0.50.0.21.0.50.50.50.50.0.50.50.50.50.50.50.50.0.0.50.xover.mutate.done 50
 generation 10.51.51.51.51.51.51.51.51.51.51.51.51.12.51.1.51.51.51.51.1.51.1.1.1.51.51.51.51.51.51.51.1.51.51.1.51.51.51.51.51.1.51.51.1.6.63.51.51.1.51.xover.mutate.done 50
 generation 11.65.50.50.50.50.50.50.50.50.50.50.50.23.50.50.50.50.50.50.0.50.50.50.50.50.18.1.50.50.50.50.50.50.50.50.50.50.50.50.50.50.50.50.50.1.1.1.50.50.16.xover.mutate.done 50
 generation 12.60.50.50.50.50.50.50.50.50.50.50.50.50.3.50.50.50.50.50.21.50.50.0.50.50.0.50.50.0.50.23.50.50.50.50.50.0.50.50.50.50.11.0.50.50.50.50.0.50.0.xover.mutate.done 50
 generation 13.56.50.50.50.50.50.50.50.50.50.50.50.0.50.50.50.50.50.28.50.50.50.50.0.50.0.50.50.50.50.24.50.50.50.50.50.50.50.50.12.2.0.50.50.50.0.50.50.0.50.xover.mutate.done 50
 generation 14.62.51.51.51.51.51.51.51.51.51.51.51.51.51.51.51.51.2.2.51.51.51.27.9.51.51.2.51.51.51.51.51.51.20.51.51.51.1.51.51.51.19.51.51.51.2.2.51.4.51.xover.mutate.done 50
 generation 15.65.50.50.50.50.50.50.50.50.50.50.44.50.50.0.50.0.24.50.50.0.50.50.50.50.50.14.50.50.50.50.0.50.50.50.50.0.50.50.50.50.50.50.50.50.50.50.50.50.0.xover.mutate.done 50
 generation 16.59.50.50.50.50.50.50.50.50.50.50.50.50.1.50.50.1.1.1.19.24.50.0.50.50.50.50.28.50.50.50.50.25.50.50.1.50.50.1.50.50.1.50.50.0.50.50.50.0.1.xover.mutate.done 50
 generation 17.61.51.51.51.51.51.51.51.51.51.51.1.51.1.1.51.51.1.51.51.51.51.1.1.51.1.51.20.50.51.51.1.1.51.51.51.51.25.1.1.51.32.51.24.51.51.51.5.51.51.xover.mutate.done 50
 generation 18.65.50.50.50.50.50.50.50.50.50.50.50.1.49.28.50.50.50.50.1.50.50.1.1.50.50.50.50.50.50.50.14.18.50.50.1.50.50.34.50.50.50.50.50.50.50.49.0.11.11.xover.mutate.done 50
 generation 19.60.52.52.52.52.52.52.52.52.52.26.52.52.52.52.52.52.52.52.52.52.52.52.52.52.52.52.52.52.52.2.50.52.52.52.52.52.2.52.2.52.52.52.52.52.52.52.52.2.52.xover.mutate.done 50
 generation 20.60.51.51.51.51.51.51.51.51.51.51.51.51.25.3.51.3.3.26.51.51.51.3.3.51.51.51.51.51.51.51.51.3.3.3.51.51.51.3.51.3.51.3.3.51.51.51.51.3.51.xover.mutate.done 50
 generation 21.67.51.51.51.51.51.51.51.51.51.51.1.51.51.51.51.1.51.51.51.1.51.51.28.1.1.51.51.51.1.1.51.51.51.1.1.51.51.1.51.51.51.51.51.1.23.51.51.51.1.xover.mutate.done 50
 generation 22.67.52.52.52.52.52.52.52.52.52.16.52.52.52.52.52.4.52.52.52.52.4.20.52.52.52.14.52.4.52.4.2.52.52.52.52.4.52.4.4.52.52.52.4.52.4.4.52.52.4.xover.mutate.done 50
 generation 23.63.52.52.52.52.52.52.52.52.52.52.52.52.2.12.52.0.20.0.2.52.52.52.52.6.2.52.50.52.50.52.52.2.52.52.2.52.52.2.52.7.52.52.52.50.52.13.2.52.52.xover.mutate.done 50
 generation 24.61.50.50.50.50.50.50.50.50.50.50.9.50.50.50.50.50.50.50.50.50.50.1.50.50.50.50.50.50.50.50.50.50.9.1.50.50.1.53.50.50.50.50.50.1.50.50.50.1.50.xover.mutate.done 50
 generation 25.66.58.51.51.51.51.51.51.51.51.36.51.51.51.51.51.51.1.51.51.51.51.0.51.51.51.9.1.51.51.51.51.51.51.51.51.1.51.51.1.51.51.51.51.51.51.51.51.1.51.xover.mutate.done 50
 generation 26.65.55.51.51.51.51.51.51.51.51.51.51.51.21.51.2.64.51.51.51.2.51.51.47.51.51.51.51.2.2.51.2.51.51.51.2.51.51.51.51.2.34.51.50.2.51.2.51.51.2.xover.mutate.done 50
 generation 27.62.61.59.52.52.52.52.52.52.52.52.52.2.52.52.52.52.52.52.52.3.52.3.3.38.52.52.52.59.52.52.52.30.50.3.52.52.52.3.52.52.52.52.52.3.52.52.52.52.52.xover.mutate.done 50
 generation 28.66.66.59.59.52.52.52.52.52.52.2.52.52.2.50.50.50.52.2.52.52.52.52.27.52.52.52.50.2.2.52.52.52.52.2.2.0.52.0.19.52.52.52.52.52.52.52.10.52.2.xover.mutate.done 50
 generation 29.70.66.57.57.52.52.52.52.52.52.57.52.52.52.11.52.52.0.52.52.16.52.28.52.52.52.2.52.52.52.52.52.52.20.52.9.52.52.52.52.10.52.2.0.52.52.52.52.23.52.xover.mutate.done 50
 generation 30.63.67.56.56.56.50.50.50.50.50.50.50.50.50.33.50.33.50.41.25.0.1.0.67.1.50.50.0.13.50.50.50.50.0.50.50.50.50.50.0.50.50.50.50.0.50.50.3.6.50.xover.mutate.done 50
 generation 31.61.61.61.56.56.56.51.51.51.51.51.51.44.29.2.51.51.51.51.51.51.51.51.56.51.51.51.17.51.51.50.51.51.51.51.51.61.51.51.22.51.51.2.21.23.51.51.2.50.2.xover.mutate.done 50
 generation 32.57.57.60.57.53.53.53.53.50.50.3.50.65.50.3.50.3.33.50.11.50.50.3.3.3.3.50.3.50.50.0.8.26.29.50.50.50.6.50.3.3.50.50.50.50.6.3.3.3.50.xover.mutate.done 50
 generation 33.67.64.67.67.67.58.58.58.58.52.52.8.3.21.14.52.3.2.52.52.2.2.52.2.58.52.52.52.52.2.52.33.2.52.8.52.67.26.52.9.52.34.2.52.52.52.2.52.50.52.xover.mutate.done 50
 generation 34.66.61.61.61.61.62.54.54.54.54.21.69.2.51.51.64.50.51.51.29.5.61.2.61.51.2.51.32.5.51.26.31.2.69.60.50.21.51.5.5.31.18.50.51.2.51.51.72.14.51.xover.mutate.done 50
 generation 35.78.77.78.73.69.67.68.68.68.68.51.17.59.42.39.59.50.51.51.3.6.59.51.51.51.3.50.3.48.51.3.73.40.3.50.51.3.66.3.42.51.51.53.39.59.25.51.3.51.34.xover.mutate.done 50
 generation 36.72.73.73.69.71.65.67.67.67.67.50.2.48.2.2.17.22.35.60.72.2.19.1.51.2.2.60.23.51.2.51.47.60.34.58.13.2.1.51.11.83.34.47.2.43.51.2.62.34.46.xover.mutate.done 50
 generation 37.77.68.66.67.67.64.64.65.65.65.14.57.32.27.47.51.51.65.51.48.28.51.41.19.48.50.67.64.48.3.28.77.59.42.48.51.51.57.24.51.51.3.3.38.51.64.51.47.39.11.xover.mutate.done 50
 generation 38.82.82.71.73.73.73.71.61.61.61.1.50.50.49.50.47.50.73.20.84.67.43.53.61.50.61.50.73.56.56.50.73.32.28.61.49.56.56.61.56.1.50.35.50.50.6.1.1.52.67.xover.mutate.done 50
 generation 39.83.83.83.76.76.76.76.76.76.73.49.35.76.50.51.60.35.50.46.56.83.63.50.56.50.13.47.50.76.53.40.71.76.0.63.41.56.50.50.71.0.50.35.76.50.83.50.63.50.83.xover.mutate.done 50
 generation 40.84.84.84.84.84.84.73.73.73.73.28.58.58.70.84.50.70.50.58.72.58.48.28.73.50.73.72.57.41.29.29.73.57.39.50.41.72.66.70.70.84.48.41.41.62.50.84.74.70.20.xover.mutate.done 50
 generation 41.86.84.84.84.84.86.86.86.84.67.50.84.49.68.50.60.63.43.0.49.57.49.68.20.63.51.16.70.84.24.50.84.50.84.68.63.0.50.68.68.84.50.11.50.28.50.84.45.79.46.xover.mutate.done 50
 generation 42.85.85.85.85.85.85.85.85.85.85.66.54.15.45.51.51.4.1.51.54.85.78.54.11.50.75.51.0.62.75.51.21.85.54.36.38.50.55.51.15.50.51.85.85.56.66.78.47.85.76.xover.mutate.done 50
 generation 43.87.87.87.87.86.86.86.86.86.86.77.66.66.53.86.86.86.26.86.53.59.87.56.66.86.53.53.56.56.86.86.86.86.56.74.72.63.53.86.66.72.53.86.35.52.50.42.3.86.77.xover.mutate.done 50
 generation 44.85.85.85.85.85.84.84.84.84.84.0.60.60.50.52.84.84.85.16.50.39.22.73.84.84.21.50.50.84.85.49.50.84.0.37.84.50.61.84.84.73.84.84.84.55.61.85.60.31.34.xover.mutate.done 50
 generation 45.85.85.85.85.85.85.85.85.85.85.52.85.70.6.50.74.85.85.85.73.2.66.6.52.85.85.77.85.72.85.57.0.85.85.43.85.85.2.26.85.50.52.61.61.85.85.50.85.38.2.xover.mutate.done 50
 generation 46.79.79.79.79.79.79.79.79.79.79.50.50.47.79.29.79.61.79.79.79.76.79.50.20.79.46.41.50.53.50.36.36.79.45.79.67.79.50.76.4.0.71.79.50.70.40.61.59.71.70.xover.mutate.done 50
 generation 47.84.84.84.84.84.84.84.84.82.82.70.44.78.17.84.38.59.74.84.82.82.84.82.82.82.77.84.84.8.50.50.59.59.84.8.10.1.42.11.84.84.1.0.1.50.84.82.82.59.50.xover.mutate.done 50
 generation 48.82.82.82.82.82.82.82.82.82.82.53.51.72.80.76.82.55.6.81.82.4.34.51.51.81.82.55.54.41.81.82.51.39.51.41.1.72.51.50.14.51.55.4.1.41.55.51.62.51.51.xover.mutate.done 50
 generation 49.83.83.83.83.83.83.83.83.83.83.74.50.54.51.56.52.50.41.51.50.9.83.59.71.46.36.52.56.59.82.82.50.14.51.51.50.50.74.51.50.0.9.53.52.7.31.50.74.12.51.xover.mutate.done 50
 17607495 iters     841840 iter/sec (20.92 s)
 total time: 20.92
