% Ministry of Cellular Automata
% Project Deux (CS523 Spring 2015)
% Version:v0.1-66-g3e0f-dirty
%  pop:50
%  ic count:100
%  CA Log option:r2/run02
%  width:121
%  max workers:4
%  radius:2
%  iterations:300
%  generations:50

 generation 0.5.5.5.1.1.1.1.10.4.4.50.1.50.5.1.4.5.32.5.50.1.51.5.50.4.5.50.4.5.1.1.4.36.4.5.50.5.1.4.4.1.34.1.1.4.50.5.32.50.1.xover.mutate.done 50
 generation 1.51.50.50.50.50.50.50.50.50.34.3.3.50.24.2.1.2.3.2.50.1.1.51.50.42.1.3.2.1.50.7.3.3.50.3.3.50.3.52.37.2.50.1.21.1.36.2.2.2.34.xover.mutate.done 50
 generation 2.53.52.52.50.50.50.50.50.50.50.52.53.2.2.3.34.52.50.5.5.50.52.27.2.5.3.22.32.57.53.23.50.3.12.53.11.52.50.57.35.5.50.50.52.5.3.53.50.5.5.xover.mutate.done 50
 generation 3.51.54.52.52.52.52.52.51.51.51.25.51.1.50.1.3.50.50.3.50.50.2.1.14.50.51.2.16.35.2.2.40.50.14.3.43.3.2.50.3.3.52.51.1.3.3.52.52.1.51.xover.mutate.done 50
 generation 4.44.50.50.50.50.50.50.50.50.42.50.28.50.50.0.0.50.0.0.50.50.50.0.0.0.50.0.50.1.50.50.0.53.43.0.0.50.0.0.50.0.50.50.0.50.50.50.50.50.0.xover.mutate.done 50
 generation 5.60.52.52.52.52.52.52.52.52.50.50.0.52.50.0.2.2.52.52.45.50.50.40.21.30.2.50.2.50.0.50.52.0.0.52.0.52.2.2.52.2.52.52.50.50.2.52.0.0.0.xover.mutate.done 50
 generation 6.56.51.51.51.51.51.51.51.51.51.3.51.3.50.51.3.3.16.3.40.3.3.51.51.3.50.3.51.51.51.11.3.50.52.45.51.51.17.50.3.51.34.51.51.7.40.51.3.50.9.xover.mutate.done 50
 generation 7.59.52.51.51.51.51.51.51.51.51.51.50.3.51.3.51.51.17.51.3.55.51.27.59.2.51.51.17.50.3.3.21.1.3.51.43.51.3.51.2.51.3.51.3.3.30.51.51.52.56.xover.mutate.done 50
 generation 8.57.57.54.52.51.51.51.51.51.51.1.51.2.52.51.51.2.51.51.2.25.50.51.51.34.2.57.51.51.2.2.5.51.51.51.51.2.51.6.51.51.51.51.2.66.51.45.2.51.51.xover.mutate.done 50
 generation 9.67.59.60.60.58.56.56.51.51.51.51.51.51.51.51.51.2.51.51.51.9.2.51.51.51.51.33.51.51.20.9.2.19.51.60.36.2.51.8.51.51.45.51.2.11.56.51.56.15.51.xover.mutate.done 50
 generation 10.65.54.54.54.54.52.51.51.51.53.50.50.1.2.5.1.50.50.50.50.50.50.51.50.33.26.54.50.32.9.17.60.79.50.51.50.1.4.52.51.51.10.1.26.50.51.52.2.51.32.xover.mutate.done 50
 generation 11.74.62.58.57.57.57.56.57.57.54.50.50.57.58.53.0.50.50.4.0.9.60.0.14.20.50.0.4.54.58.50.0.0.72.7.54.50.4.50.0.9.0.0.0.54.0.53.0.0.62.xover.mutate.done 50
 generation 12.69.69.62.61.61.59.59.59.56.56.50.50.1.50.69.6.1.50.6.0.56.6.69.9.50.0.3.9.61.59.51.56.3.1.6.1.50.1.67.6.53.1.6.56.50.51.32.1.51.50.xover.mutate.done 50
 generation 13.78.78.78.78.74.66.66.64.63.60.50.59.7.13.16.50.0.50.50.9.59.64.72.74.50.73.60.78.28.7.24.50.59.27.66.62.60.10.0.0.56.27.0.50.66.50.16.50.9.50.xover.mutate.done 50
 generation 14.79.79.79.79.79.76.75.73.75.68.12.51.71.50.53.21.62.53.30.51.69.75.66.79.62.50.50.1.61.51.12.62.12.79.53.75.69.22.79.25.63.4.62.75.4.63.66.66.53.67.xover.mutate.done 50
 generation 15.80.81.81.81.81.81.80.81.75.75.1.81.75.75.51.75.0.30.11.19.50.75.50.20.75.81.26.26.2.51.57.66.69.21.32.72.50.69.80.60.14.51.50.19.51.73.1.55.65.64.xover.mutate.done 50
 generation 16.85.85.85.85.85.85.85.85.85.84.58.80.85.2.1.83.51.58.35.85.23.71.36.85.85.2.58.37.73.2.1.1.80.79.29.35.73.2.79.51.76.79.85.37.83.79.85.51.2.51.xover.mutate.done 50
 generation 17.82.84.84.82.84.84.84.84.82.84.43.77.40.75.50.78.3.84.50.50.43.70.78.51.78.50.84.51.75.8.77.84.84.84.7.77.55.3.50.43.84.75.72.72.84.2.2.76.34.50.xover.mutate.done 50
 generation 18.75.75.75.75.75.75.75.75.75.75.75.75.50.73.73.36.0.75.74.74.25.25.50.75.50.75.70.24.50.50.0.0.50.50.0.25.75.50.75.75.22.0.75.0.59.56.68.75.0.25.xover.mutate.done 50
 generation 19.83.83.83.83.83.83.83.83.83.83.1.50.0.1.12.16.83.17.50.83.83.32.50.83.32.0.83.83.83.50.82.83.83.78.83.32.83.50.69.48.32.50.50.50.83.83.82.83.83.37.xover.mutate.done 50
 generation 20.78.78.78.78.78.78.78.78.78.78.77.52.78.50.78.21.68.2.52.50.30.46.78.40.50.69.34.78.30.21.50.78.78.78.10.78.50.2.78.32.50.78.21.52.78.50.50.78.78.78.xover.mutate.done 50
 generation 21.82.82.82.82.82.82.82.82.82.82.52.82.82.37.33.56.52.51.52.82.67.1.51.80.82.52.82.82.82.52.34.35.82.52.33.51.82.82.82.34.51.50.39.52.52.52.82.51.7.52.xover.mutate.done 50
 generation 22.86.86.86.86.86.86.86.86.86.86.57.51.86.39.37.39.50.86.86.80.50.50.78.50.86.34.86.86.50.1.1.9.51.50.50.86.37.86.86.78.86.9.86.84.51.86.1.86.86.36.xover.mutate.done 50
 generation 23.75.75.75.75.75.75.75.75.75.75.75.75.75.51.72.3.45.3.55.75.16.50.51.75.52.22.51.75.3.25.27.28.75.75.75.75.25.51.25.75.7.51.51.51.19.75.75.50.52.52.xover.mutate.done 50
 generation 24.81.81.81.81.81.81.81.81.81.81.3.81.81.32.32.81.81.2.81.51.51.27.50.32.81.2.81.50.81.32.51.81.81.50.1.81.50.51.1.2.20.51.81.51.51.33.13.2.35.81.xover.mutate.done 50
 generation 25.80.80.80.80.80.80.80.80.80.80.58.80.0.80.80.80.80.30.80.80.0.0.80.50.0.9.0.50.50.80.2.50.80.50.50.27.50.80.80.80.9.13.50.80.40.0.0.50.0.50.xover.mutate.done 50
 generation 26.83.83.83.83.83.83.83.83.83.83.50.83.50.50.50.50.44.11.50.41.83.83.83.83.82.83.83.1.51.83.83.50.13.11.51.11.34.82.83.51.83.11.46.1.83.83.46.51.83.50.xover.mutate.done 50
 generation 27.81.81.81.81.81.81.81.81.81.81.81.82.50.0.50.50.81.50.81.81.80.31.32.81.81.81.32.50.50.81.81.81.31.50.81.29.81.50.73.31.80.81.31.0.50.36.50.0.80.50.xover.mutate.done 50
 generation 28.85.85.85.85.85.85.85.85.85.85.34.60.50.35.31.34.85.84.0.85.47.50.60.59.85.85.85.32.85.85.50.85.50.0.0.85.85.85.50.35.85.85.85.85.85.35.50.85.50.85.xover.mutate.done 50
 generation 29.74.74.74.74.74.74.74.74.74.74.74.57.74.50.74.74.74.71.41.74.51.50.6.57.50.1.74.51.1.74.69.51.24.74.51.24.74.50.74.51.74.74.51.24.74.51.74.71.1.73.xover.mutate.done 50
 generation 30.73.73.73.73.73.73.73.73.73.73.33.73.73.38.51.51.73.50.35.30.0.22.46.73.73.25.23.73.73.73.23.73.1.23.1.50.73.73.73.38.51.36.73.73.50.55.51.1.24.51.xover.mutate.done 50
 generation 31.76.75.75.75.75.75.75.75.75.75.30.75.50.50.75.0.75.25.68.50.75.75.0.50.75.50.25.25.50.75.68.68.74.50.0.50.75.50.50.50.75.75.50.50.27.50.75.25.75.75.xover.mutate.done 50
 generation 32.83.83.83.83.83.83.83.83.83.83.56.83.56.83.74.51.51.51.33.83.83.34.82.81.51.83.50.83.83.83.2.83.83.83.83.83.51.2.34.51.83.50.83.50.2.83.2.70.83.8.xover.mutate.done 50
 generation 33.79.79.79.79.79.79.79.79.79.79.43.32.79.0.50.79.79.79.79.79.16.17.43.79.0.79.0.0.68.30.79.29.50.50.79.79.6.79.79.79.50.79.79.50.74.79.79.50.65.79.xover.mutate.done 50
 generation 34.81.80.80.80.80.80.80.80.80.80.0.71.78.12.80.50.30.50.64.50.33.80.28.72.50.64.80.50.50.50.50.80.4.5.50.80.50.80.50.50.50.80.54.50.12.33.54.33.0.50.xover.mutate.done 50
 generation 35.81.80.80.80.80.80.80.80.80.80.45.2.80.80.9.80.8.80.80.2.8.74.80.80.50.52.73.25.80.80.2.52.80.77.81.0.52.50.40.80.81.50.80.80.52.2.45.50.29.81.xover.mutate.done 50
 generation 36.84.84.84.84.84.84.84.84.84.84.84.84.1.84.50.1.44.50.51.84.51.78.84.84.39.1.84.50.84.84.46.84.50.84.84.81.84.84.42.84.84.8.50.84.50.50.84.84.1.42.xover.mutate.done 50
 generation 37.85.84.84.84.83.83.83.83.83.83.83.62.50.85.83.84.50.84.84.50.50.34.83.35.83.27.50.50.83.50.50.50.83.0.83.83.50.34.50.50.0.5.50.34.46.83.50.83.50.50.xover.mutate.done 50
 generation 38.84.84.84.84.84.84.84.84.84.84.3.52.51.2.71.84.50.52.84.52.82.61.84.84.52.52.84.52.84.52.52.84.84.52.3.22.2.50.52.84.84.84.84.84.3.84.52.50.84.52.xover.mutate.done 50
 generation 39.80.80.80.80.80.80.80.80.79.79.53.26.50.50.53.80.49.79.80.80.50.79.53.50.80.50.55.3.50.32.80.50.80.64.29.53.3.50.32.79.14.51.53.13.76.18.32.32.25.30.xover.mutate.done 50
 generation 40.75.75.75.75.75.75.75.75.75.75.75.75.51.50.75.2.0.25.24.51.1.50.75.51.2.75.75.75.50.51.75.75.51.60.29.75.50.51.51.75.75.75.75.75.75.50.75.50.1.24.xover.mutate.done 50
 generation 41.80.80.79.79.79.79.79.79.79.79.33.0.24.78.78.50.33.31.79.24.50.79.79.33.79.0.50.79.24.50.0.35.50.50.79.50.50.27.0.79.0.50.50.30.75.31.9.30.50.79.xover.mutate.done 50
 generation 42.80.80.80.80.80.80.80.80.80.80.80.8.47.28.11.31.80.1.50.80.51.57.2.34.32.50.80.12.78.51.80.77.51.77.42.51.57.51.51.2.1.50.80.2.32.80.51.2.36.50.xover.mutate.done 50
 generation 43.80.80.80.80.80.80.80.80.80.80.33.80.0.50.78.78.1.67.78.11.50.80.50.82.50.50.80.80.1.80.50.80.80.80.67.1.78.50.80.51.6.7.51.9.6.6.51.67.17.38.xover.mutate.done 50
 generation 44.84.81.81.81.81.81.81.81.81.81.56.51.51.11.81.51.81.2.81.81.47.51.42.81.51.51.81.34.51.36.51.51.2.60.11.32.51.51.51.51.51.51.79.51.51.81.13.32.31.81.xover.mutate.done 50
 generation 45.83.83.83.83.83.83.83.83.83.83.51.36.83.32.1.83.1.50.51.34.50.1.37.83.51.51.1.50.33.83.83.40.83.33.44.6.51.51.83.51.50.50.1.1.1.35.83.50.1.6.xover.mutate.done 50
 generation 46.77.77.77.77.77.77.77.77.77.77.77.29.21.41.3.56.2.17.51.17.24.52.52.52.28.7.77.51.17.52.52.2.52.51.51.9.77.51.52.77.27.44.77.17.77.51.51.52.51.77.xover.mutate.done 50
 generation 47.81.80.80.80.80.80.80.80.80.80.52.81.80.19.33.79.3.22.33.80.51.52.50.50.34.3.3.50.57.50.80.3.33.3.52.52.50.33.52.75.33.14.50.80.11.33.50.33.19.50.xover.mutate.done 50
 generation 48.81.79.79.79.79.79.79.79.79.79.50.30.3.79.79.57.50.79.10.51.52.1.79.79.51.27.3.3.3.3.79.12.2.60.51.52.79.3.30.3.51.58.50.51.3.1.79.79.49.52.xover.mutate.done 50
 generation 49.85.82.83.83.83.83.83.83.83.83.42.83.83.83.50.50.50.0.83.50.0.50.0.42.0.83.50.83.0.0.5.82.38.83.50.0.50.50.83.83.0.82.5.83.83.50.82.83.81.50.xover.mutate.done 50
 21532034 iters     887734 iter/sec (24.26 s)
 total time: 24.26
