% Ministry of Cellular Automata
% Project Deux (CS523 Spring 2015)
% Version:v0.1-66-g3e0f-dirty
%  pop:50
%  ic count:100
%  CA Log option:r2/run07
%  width:121
%  max workers:4
%  radius:2
%  iterations:300
%  generations:50

 generation 0.2.0.50.0.50.0.0.2.0.2.3.2.2.2.0.50.50.2.2.2.2.2.0.2.52.50.0.2.50.0.2.0.0.2.50.50.50.0.0.2.0.2.2.0.2.0.2.2.36.2.xover.mutate.done 50
 generation 1.50.50.50.50.50.50.50.50.50.50.50.0.0.0.0.0.0.0.0.50.0.0.8.0.0.0.0.0.0.6.0.50.0.0.0.0.0.50.35.0.49.0.5.0.0.0.0.50.0.32.xover.mutate.done 50
 generation 2.51.50.50.50.50.50.50.50.50.50.2.1.2.15.50.11.3.51.50.51.3.2.2.50.3.3.3.3.7.2.2.52.1.3.2.2.45.2.16.3.3.50.3.46.50.3.1.51.2.34.xover.mutate.done 50
 generation 3.52.51.51.51.51.50.50.50.50.50.50.2.51.50.50.50.2.1.50.50.2.27.52.13.52.2.27.52.3.2.3.3.50.2.44.2.3.51.50.2.50.3.8.3.50.50.1.51.3.8.xover.mutate.done 50
 generation 4.50.50.50.50.51.51.51.51.51.51.67.50.1.50.1.1.1.50.50.1.50.50.51.0.51.50.1.50.0.35.1.51.1.0.6.50.0.50.51.51.0.1.1.0.0.50.50.50.1.50.xover.mutate.done 50
 generation 5.57.50.50.50.50.50.50.50.50.50.0.0.0.50.0.50.0.50.0.17.50.50.0.50.50.50.0.0.50.0.0.50.0.0.50.50.50.0.50.50.50.50.0.50.0.0.50.50.50.50.xover.mutate.done 50
 generation 6.63.50.50.50.50.50.50.50.50.50.50.50.50.50.50.1.14.50.50.50.0.1.1.1.50.1.1.1.51.51.51.1.1.50.51.50.50.50.50.1.50.0.1.50.1.1.50.1.5.6.xover.mutate.done 50
 generation 7.65.50.50.50.50.53.53.53.53.53.50.53.50.3.3.53.3.0.0.53.50.50.0.53.3.53.53.17.0.3.3.0.50.3.53.53.53.0.53.53.53.53.50.3.3.0.53.53.53.53.xover.mutate.done 50
 generation 8.61.52.52.52.52.52.52.52.52.52.61.2.52.4.60.52.50.4.52.4.50.50.20.2.4.52.13.9.4.56.4.4.52.52.50.2.52.2.52.52.2.2.21.50.4.60.52.4.52.2.xover.mutate.done 50
 generation 9.62.62.56.56.48.51.51.51.51.51.1.0.51.1.51.6.51.50.44.7.1.51.39.1.61.1.1.1.51.1.50.51.51.51.1.56.0.51.1.50.51.1.1.17.1.50.7.51.51.6.xover.mutate.done 50
 generation 10.61.61.62.56.56.56.51.51.51.51.50.51.51.51.51.51.51.1.1.0.1.1.51.1.1.6.51.1.50.51.57.1.1.1.34.51.51.1.51.51.51.1.27.50.51.1.62.1.62.1.xover.mutate.done 50
 generation 11.60.61.60.66.66.55.55.55.55.52.2.2.33.4.2.52.14.60.2.52.60.52.50.2.52.2.12.0.52.60.2.60.2.52.2.52.36.2.55.52.2.10.0.55.2.2.52.60.2.52.xover.mutate.done 50
 generation 12.55.55.57.57.57.57.57.57.57.57.1.54.57.28.2.55.1.1.51.4.2.10.50.57.50.1.10.57.57.51.51.51.1.55.17.57.2.51.16.2.51.4.54.51.50.1.1.2.30.23.xover.mutate.done 50
 generation 13.61.61.61.61.61.61.61.61.61.61.50.51.51.34.44.61.2.19.11.61.51.51.50.57.14.10.57.50.61.2.51.51.51.44.59.7.1.1.18.2.57.10.63.1.63.51.68.2.51.57.xover.mutate.done 50
 generation 14.58.61.61.60.60.60.60.60.59.60.58.1.42.61.5.1.50.50.1.62.60.42.34.64.50.54.60.54.1.50.5.0.60.54.62.61.54.54.60.5.50.5.60.0.59.59.50.60.1.21.xover.mutate.done 50
 generation 15.66.62.62.61.62.62.62.59.58.58.62.58.50.61.50.55.55.55.3.58.58.61.55.55.6.15.62.58.55.3.58.58.62.8.55.50.10.61.0.50.58.19.69.50.48.50.16.62.58.58.xover.mutate.done 50
 generation 16.74.64.64.64.62.62.63.62.64.62.7.60.29.62.15.60.12.51.51.1.56.1.2.64.66.51.60.61.55.62.64.15.62.60.15.65.55.55.64.60.77.74.63.55.60.44.51.2.51.42.xover.mutate.done 50
 generation 17.72.70.70.64.63.62.62.62.62.62.51.63.59.70.62.51.51.64.62.58.64.62.75.62.15.63.63.51.63.62.62.62.58.51.63.50.3.58.51.35.51.61.62.62.61.64.64.61.62.60.xover.mutate.done 50
 generation 18.79.75.71.71.71.69.69.69.65.70.60.75.56.58.71.75.50.18.75.65.60.63.56.59.65.50.65.18.35.75.50.66.35.64.39.71.75.63.15.50.57.68.50.58.69.44.56.71.10.65.xover.mutate.done 50
 generation 19.75.73.72.72.73.73.73.72.72.70.73.68.73.62.64.32.50.73.73.38.1.58.66.32.67.38.65.62.50.50.76.1.77.67.73.65.69.76.65.67.76.1.47.63.73.13.50.50.50.32.xover.mutate.done 50
 generation 20.78.76.76.76.78.76.76.76.76.76.76.75.76.65.16.74.54.76.1.76.4.74.50.50.74.76.76.21.77.59.50.50.61.50.76.70.76.76.65.76.70.1.69.70.50.76.77.70.1.41.xover.mutate.done 50
 generation 21.79.76.71.75.75.75.75.72.72.72.68.76.21.50.71.75.51.51.51.72.50.51.29.72.50.29.62.27.29.79.75.71.50.66.50.76.71.63.67.72.75.72.62.73.50.9.51.50.50.51.xover.mutate.done 50
 generation 22.79.78.78.78.78.82.76.76.76.82.77.51.77.76.71.76.51.50.76.71.64.77.76.49.40.75.51.82.79.76.1.0.70.64.1.50.51.70.51.77.76.77.50.76.71.77.51.50.31.51.xover.mutate.done 50
 generation 23.75.75.75.80.80.80.73.73.79.75.72.3.52.52.72.12.52.51.3.62.3.80.51.3.51.51.74.52.74.30.26.80.74.73.52.14.41.52.12.72.72.74.50.52.8.50.70.74.3.52.xover.mutate.done 50
 generation 24.79.79.78.79.79.75.75.75.75.74.73.74.0.74.1.51.18.51.66.72.7.79.72.51.71.50.27.74.27.48.46.69.50.0.51.51.73.67.51.51.1.51.19.72.51.7.79.51.69.16.xover.mutate.done 50
 generation 25.86.86.86.86.86.86.86.81.80.80.31.25.47.86.76.86.69.51.21.85.51.67.51.51.18.50.51.68.75.69.42.86.18.1.75.84.51.51.1.86.47.1.51.19.51.43.26.72.54.80.xover.mutate.done 50
 generation 26.73.73.73.73.73.73.73.73.73.73.73.71.73.40.50.51.16.66.59.41.51.73.25.50.27.17.58.77.1.1.44.70.73.59.50.28.37.59.68.10.41.69.73.46.68.73.42.71.51.73.xover.mutate.done 50
 generation 27.85.82.82.82.82.82.82.81.82.82.78.36.50.51.82.51.82.50.50.82.51.82.82.50.51.16.82.76.78.69.51.68.51.49.60.75.51.51.1.82.80.51.82.50.82.34.82.39.51.51.xover.mutate.done 50
 generation 28.79.81.81.81.81.81.81.81.81.81.53.41.75.81.4.81.81.40.66.35.54.68.34.81.51.81.81.22.55.4.68.51.45.35.7.65.51.53.51.79.51.47.53.47.51.69.35.81.79.79.xover.mutate.done 50
 generation 29.85.85.85.85.85.85.85.85.85.85.84.48.65.51.77.85.85.68.35.50.66.85.51.64.85.51.67.50.26.2.85.55.59.31.64.51.30.44.62.85.39.73.55.67.59.51.51.51.85.84.xover.mutate.done 50
 generation 30.83.83.83.83.83.83.83.83.83.83.83.43.49.50.83.83.58.63.61.83.50.61.13.83.71.83.61.83.50.50.83.82.44.54.50.50.83.50.50.81.18.58.43.2.50.50.50.52.50.64.xover.mutate.done 50
 generation 31.80.80.80.80.80.80.80.80.80.80.55.26.80.51.55.7.66.80.57.47.51.59.2.73.80.80.77.79.63.7.80.54.40.51.80.55.80.80.33.80.80.63.80.32.7.50.51.51.58.45.xover.mutate.done 50
 generation 32.76.76.76.76.76.76.76.76.76.76.50.52.51.60.71.71.64.30.52.37.76.71.50.50.31.66.27.76.76.43.35.50.76.70.76.76.76.75.2.52.76.67.51.28.38.38.30.53.76.27.xover.mutate.done 50
 generation 33.77.77.77.77.77.77.77.77.77.77.2.68.77.77.50.77.77.51.19.68.51.28.52.51.51.77.35.52.45.51.47.77.77.21.48.18.51.58.74.51.48.77.21.33.51.51.47.51.22.51.xover.mutate.done 50
 generation 34.85.85.85.85.85.85.85.85.85.85.85.2.50.49.81.64.63.73.51.85.50.54.51.28.64.59.58.51.52.85.51.81.81.51.85.49.51.51.84.68.85.2.66.66.85.65.52.51.50.51.xover.mutate.done 50
 generation 35.80.80.80.80.80.80.80.80.80.80.80.26.2.53.45.56.39.65.80.42.18.51.80.11.31.50.51.56.80.51.51.80.31.60.49.50.14.56.51.40.51.31.60.80.49.51.37.66.60.51.xover.mutate.done 50
 generation 36.79.79.79.79.79.79.79.79.79.79.51.26.52.79.1.51.51.53.51.30.79.58.54.5.53.58.51.79.50.50.5.24.49.47.62.51.24.49.79.78.79.79.63.58.59.49.79.58.23.51.xover.mutate.done 50
 generation 37.82.82.82.82.82.82.82.82.82.82.33.65.59.45.82.79.3.55.59.64.10.81.82.33.82.78.82.60.82.67.82.52.52.52.82.52.55.51.82.7.60.72.3.82.3.82.52.52.82.3.xover.mutate.done 50
 generation 38.79.79.79.79.79.79.79.79.79.79.79.69.79.38.79.79.71.51.79.4.19.49.49.28.71.79.45.38.79.60.51.10.69.77.79.79.49.19.79.71.79.72.79.79.40.79.51.20.79.79.xover.mutate.done 50
 generation 39.83.83.83.83.83.83.83.83.83.83.78.73.2.51.83.54.51.83.83.78.51.83.51.83.34.53.41.83.61.82.77.83.51.51.4.83.83.49.83.53.51.83.72.83.83.78.41.60.51.54.xover.mutate.done 50
 generation 40.72.72.72.72.72.72.72.72.72.72.41.72.72.72.62.27.72.39.62.0.63.51.50.72.45.65.50.65.72.62.50.66.46.65.71.50.50.50.72.71.72.72.43.39.63.50.72.70.33.59.xover.mutate.done 50
 generation 41.81.81.81.81.81.81.81.81.81.81.81.53.81.81.45.51.4.4.81.72.51.29.47.57.72.30.19.81.57.81.81.57.50.46.53.81.50.81.81.53.51.37.78.15.78.37.63.81.81.64.xover.mutate.done 50
 generation 42.82.82.82.82.82.82.82.82.82.82.80.82.67.25.62.59.67.65.82.82.82.82.82.80.43.0.82.62.62.41.82.63.82.82.67.82.62.82.62.61.62.49.62.82.62.82.82.82.62.82.xover.mutate.done 50
 generation 43.82.82.82.82.82.82.82.82.82.82.59.50.82.82.82.66.82.82.82.51.1.51.82.82.82.59.51.82.82.81.82.50.82.82.82.82.82.82.75.15.42.82.50.80.59.59.51.82.28.50.xover.mutate.done 50
 generation 44.81.81.81.81.81.81.81.81.81.81.81.81.81.23.81.74.51.81.81.51.2.39.51.81.37.81.37.60.64.2.51.51.39.81.81.81.48.68.40.51.74.27.81.81.81.74.53.81.36.51.xover.mutate.done 50
 generation 45.83.83.83.83.83.83.83.83.83.83.67.83.55.83.82.82.65.14.2.45.33.33.83.83.50.83.77.2.83.26.42.52.26.80.83.55.82.26.52.61.83.33.2.42.83.52.19.83.83.33.xover.mutate.done 50
 generation 46.84.84.84.84.84.84.84.84.84.84.75.84.84.36.50.52.84.53.84.52.82.52.52.84.23.37.84.84.33.72.46.84.84.14.40.52.62.65.66.35.84.52.50.52.72.55.52.82.84.84.xover.mutate.done 50
 generation 47.81.81.81.81.81.81.81.81.81.81.81.52.52.52.2.78.66.16.15.52.19.81.52.81.41.52.45.52.56.81.14.81.78.2.33.68.51.81.52.52.2.44.81.52.81.81.52.81.52.41.xover.mutate.done 50
 generation 48.81.81.81.81.81.81.81.81.81.81.0.57.50.81.50.49.50.50.50.81.81.81.81.50.4.50.50.63.54.81.50.81.50.66.81.0.81.59.61.50.81.0.64.81.60.81.50.9.50.65.xover.mutate.done 50
 generation 49.80.80.80.80.80.80.80.80.80.80.1.72.50.68.50.50.80.1.50.80.80.51.80.80.51.80.1.80.80.9.39.80.63.80.51.50.9.1.80.80.51.50.17.50.80.51.71.50.80.47.xover.mutate.done 50
 18933931 iters     846027 iter/sec (22.38 s)
 total time: 22.38
