% Ministry of Cellular Automata
% Project Deux (CS523 Spring 2015)
% Version:v0.1-66-g3e0f-dirty
%  pop:50
%  ic count:100
%  CA Log option:r2/run01
%  width:121
%  max workers:4
%  radius:2
%  iterations:300
%  generations:50

 generation 0.1.2.1.2.50.1.50.1.2.15.51.17.2.1.50.4.1.50.1.1.2.2.2.2.50.50.2.1.2.1.1.1.50.2.51.1.50.7.2.2.2.50.2.50.1.2.2.1.1.50.xover.mutate.done 50
 generation 1.50.50.50.50.50.50.50.50.50.50.0.50.0.0.50.0.50.0.50.50.0.2.0.0.0.0.50.50.15.19.50.0.50.0.0.0.38.0.0.0.50.50.0.0.50.0.2.22.50.24.xover.mutate.done 50
 generation 2.51.51.50.50.50.50.50.50.50.50.50.2.50.51.8.1.1.1.50.2.2.50.2.1.51.1.1.50.62.51.1.51.2.1.50.13.50.51.2.43.50.51.2.1.1.50.50.37.50.2.xover.mutate.done 50
 generation 3.56.50.50.51.51.51.51.51.50.50.1.50.50.50.1.51.0.1.1.51.50.0.1.50.51.38.1.1.50.51.51.50.1.1.21.51.0.21.50.50.50.50.51.50.50.1.50.51.0.18.xover.mutate.done 50
 generation 4.52.50.50.50.50.50.50.50.50.50.50.26.50.0.0.0.50.0.50.0.50.50.50.50.0.50.0.0.0.50.50.0.12.7.50.0.50.50.50.50.50.50.50.50.50.50.50.50.0.50.xover.mutate.done 50
 generation 5.56.51.51.51.51.51.51.51.51.51.51.51.50.51.51.51.50.1.51.51.1.50.1.51.51.50.51.51.51.50.51.2.51.50.2.2.51.50.50.50.51.1.50.51.2.51.1.2.2.50.xover.mutate.done 50
 generation 6.53.50.50.50.50.50.50.50.50.50.0.3.50.50.50.50.50.50.50.3.50.50.50.0.3.50.0.0.50.50.50.50.52.3.50.3.3.3.3.50.3.50.50.50.50.3.50.3.50.50.xover.mutate.done 50
 generation 7.56.52.50.50.50.50.50.50.50.50.50.50.50.50.50.50.3.50.50.52.0.3.50.50.50.50.3.50.50.50.3.50.50.50.50.50.50.50.50.11.0.50.50.3.34.50.50.50.50.50.xover.mutate.done 50
 generation 8.52.56.56.50.50.50.50.50.50.50.50.50.50.50.50.50.50.50.50.50.50.50.56.0.50.2.50.50.50.50.50.2.50.50.2.2.2.2.2.50.50.50.50.50.50.50.56.50.50.50.xover.mutate.done 50
 generation 9.56.56.56.56.55.51.51.51.51.51.1.51.51.56.51.51.50.51.51.51.56.51.50.50.51.50.2.50.51.2.51.1.56.51.2.50.1.2.56.51.51.51.51.51.56.51.51.51.51.51.xover.mutate.done 50
 generation 10.54.54.54.54.54.54.54.54.54.57.2.37.51.51.54.51.55.2.51.7.1.1.2.51.2.54.2.2.51.15.51.51.54.51.50.51.51.36.51.51.51.2.51.1.15.1.6.51.51.5.xover.mutate.done 50
 generation 11.47.57.57.57.57.57.57.57.57.57.51.51.51.51.8.7.1.57.1.50.0.1.51.8.1.51.51.1.57.50.1.1.8.1.51.57.51.51.57.8.57.57.51.8.51.7.57.57.51.8.xover.mutate.done 50
 generation 12.52.52.52.52.52.52.52.52.52.52.3.50.52.51.52.3.2.51.51.51.1.51.52.51.52.1.51.3.51.51.51.52.51.51.3.51.2.52.1.52.52.51.51.51.50.51.52.51.2.2.xover.mutate.done 50
 generation 13.60.59.59.59.59.59.59.59.59.59.52.60.52.60.60.52.59.60.11.52.59.52.58.52.59.59.2.9.52.50.2.52.52.52.52.59.52.52.52.11.52.8.60.2.59.9.52.2.52.58.xover.mutate.done 50
 generation 14.56.56.56.56.56.56.56.56.56.56.2.56.50.50.2.8.57.2.16.56.57.56.8.56.50.33.56.8.56.2.8.56.2.13.8.56.56.14.56.56.8.56.56.8.56.50.56.50.8.8.xover.mutate.done 50
 generation 15.52.52.52.52.52.52.52.52.52.52.52.50.52.52.52.52.52.52.2.52.50.50.52.52.0.0.52.52.52.52.2.13.25.52.52.52.54.52.2.21.52.52.52.50.52.2.52.13.52.2.xover.mutate.done 50
 generation 16.62.62.62.59.59.59.59.59.59.58.58.58.3.59.59.3.59.59.62.10.62.69.58.58.59.9.62.58.58.3.3.13.9.59.62.62.1.48.52.58.58.52.59.52.58.62.9.58.59.58.xover.mutate.done 50
 generation 17.64.59.58.58.58.58.58.58.58.58.57.25.8.1.51.57.51.57.8.8.57.57.51.14.51.57.51.8.57.51.57.51.57.51.58.15.58.57.15.57.57.57.51.8.19.51.51.57.57.51.xover.mutate.done 50
 generation 18.63.56.56.56.56.56.56.56.56.56.1.6.2.56.28.51.54.1.51.1.56.52.51.52.8.52.2.2.51.6.37.54.52.13.5.56.51.1.52.51.52.6.4.2.4.1.52.52.51.51.xover.mutate.done 50
 generation 19.66.59.59.59.59.59.59.59.59.59.52.12.22.59.12.18.52.59.36.59.59.52.12.19.52.52.5.59.12.22.59.52.9.18.59.59.59.52.44.3.59.59.52.43.9.50.52.59.9.12.xover.mutate.done 50
 generation 20.60.55.54.54.54.54.54.54.54.54.4.4.1.51.1.32.51.1.52.51.51.5.4.1.51.5.52.54.54.13.18.4.54.5.54.51.4.54.27.54.1.4.54.54.4.51.10.1.51.51.xover.mutate.done 50
 generation 21.62.58.58.58.58.58.58.58.58.58.58.1.9.51.54.18.9.2.58.51.51.2.8.35.54.16.50.51.10.8.51.58.58.51.58.58.58.51.31.5.51.9.9.51.8.5.58.58.51.54.xover.mutate.done 50
 generation 22.68.60.60.60.60.60.60.60.60.60.52.60.10.2.60.52.19.61.61.12.10.11.52.52.60.16.60.58.52.60.2.10.52.61.14.7.52.2.2.60.10.10.52.60.60.6.10.52.52.2.xover.mutate.done 50
 generation 23.65.57.57.57.57.57.57.57.57.57.56.57.7.57.50.7.50.57.50.57.57.4.57.0.0.7.50.57.0.50.50.57.57.33.50.57.50.57.57.7.0.55.50.57.57.57.50.13.14.14.xover.mutate.done 50
 generation 24.62.57.57.58.57.57.57.57.57.57.55.7.57.56.14.11.37.52.57.52.12.56.5.52.7.52.16.20.33.7.52.7.52.7.57.18.7.11.7.57.2.52.57.57.55.7.12.2.50.48.xover.mutate.done 50
 generation 25.66.58.58.58.57.57.57.57.57.57.50.50.7.58.0.21.17.50.54.0.57.9.57.7.50.50.7.50.39.0.22.7.0.34.7.56.48.7.58.6.0.57.15.57.50.7.26.50.26.7.xover.mutate.done 50
 generation 26.63.56.56.56.56.56.56.56.56.56.3.50.8.8.56.8.19.9.51.51.6.1.51.8.55.51.6.36.51.3.7.10.8.8.51.8.10.1.51.80.29.8.56.51.51.8.8.3.3.5.xover.mutate.done 50
 generation 27.84.72.60.60.60.60.60.61.60.60.50.24.17.48.44.60.11.10.13.60.53.60.11.60.53.53.17.50.60.28.60.53.70.73.11.53.53.14.50.26.31.23.40.50.34.16.22.23.20.50.xover.mutate.done 50
 generation 28.79.63.63.61.57.59.57.57.57.57.57.6.16.57.57.50.63.50.64.36.35.14.50.6.50.1.26.50.57.10.57.16.50.50.50.1.13.50.57.57.1.8.40.10.30.50.40.1.41.50.xover.mutate.done 50
 generation 29.84.68.66.65.64.64.58.58.58.58.65.38.8.50.18.40.50.58.69.8.50.50.41.50.50.8.19.58.50.50.50.58.14.69.58.58.58.71.69.0.82.8.36.58.58.50.9.58.34.58.xover.mutate.done 50
 generation 30.78.76.69.68.68.68.68.68.68.68.62.51.62.13.38.1.41.69.63.11.68.2.62.2.22.61.17.51.2.51.62.62.37.2.44.63.60.22.21.51.68.11.62.67.19.1.2.58.50.51.xover.mutate.done 50
 generation 31.84.80.73.73.67.67.67.69.67.65.1.60.2.2.65.46.51.51.78.51.19.37.18.59.58.69.59.29.57.57.57.23.2.14.73.69.51.51.57.56.2.22.1.2.1.51.48.73.13.34.xover.mutate.done 50
 generation 32.78.78.80.72.71.71.71.70.69.70.7.2.52.8.59.52.31.60.56.21.52.8.71.15.18.28.63.69.60.70.70.59.59.10.59.71.2.2.2.70.10.21.2.52.71.70.31.71.56.11.xover.mutate.done 50
 generation 33.85.85.84.76.75.75.75.75.75.75.74.30.70.64.76.51.60.16.4.25.77.54.2.11.60.51.51.10.71.63.27.51.60.63.18.25.74.74.75.8.75.25.50.67.2.13.75.75.51.28.xover.mutate.done 50
 generation 34.74.78.77.67.68.68.68.68.68.68.50.18.50.68.50.50.14.50.7.5.0.68.50.65.62.50.68.61.50.16.50.40.0.29.37.65.29.50.16.11.63.11.40.68.61.50.47.77.68.68.xover.mutate.done 50
 generation 35.76.75.75.74.68.68.67.67.67.67.51.64.51.51.17.75.3.51.67.67.12.61.67.67.67.13.51.67.67.17.61.51.51.21.17.67.51.61.49.61.51.50.51.67.51.1.51.51.67.51.xover.mutate.done 50
 generation 36.74.74.74.74.77.67.67.67.67.67.29.0.25.74.50.25.67.50.67.50.67.17.67.50.50.42.50.67.18.62.21.56.18.67.67.9.50.66.57.63.63.42.50.35.28.17.50.49.67.50.xover.mutate.done 50
 generation 37.76.73.73.73.73.73.68.68.68.68.60.73.1.73.28.60.68.68.50.51.60.58.73.51.51.43.68.26.60.60.51.68.18.73.60.68.51.73.51.51.68.73.51.18.1.60.51.18.68.61.xover.mutate.done 50
 generation 38.77.78.77.77.77.76.78.77.77.77.51.1.51.72.15.76.1.60.6.51.27.2.22.57.63.71.71.1.62.38.72.78.50.71.71.51.21.51.51.51.1.2.51.22.62.63.45.22.51.64.xover.mutate.done 50
 generation 39.83.83.83.82.82.82.82.82.82.82.83.50.57.82.67.2.67.50.50.21.52.50.52.15.34.12.50.65.61.87.65.50.7.65.83.55.50.52.82.34.80.62.29.52.50.82.17.82.64.59.xover.mutate.done 50
 generation 40.94.92.92.92.92.92.89.91.91.91.92.50.52.52.52.52.91.62.75.57.75.75.75.92.33.52.69.25.61.75.75.94.2.52.92.52.2.25.91.53.85.52.66.92.52.62.52.21.52.22.xover.mutate.done 50
 generation 41.82.82.80.80.80.80.80.80.80.80.51.77.51.80.50.54.50.67.66.67.80.70.15.51.80.80.51.80.80.58.67.67.54.51.51.51.36.51.5.51.51.67.66.34.41.80.68.54.26.77.xover.mutate.done 50
 generation 42.81.81.73.73.73.73.73.73.73.73.50.65.24.73.63.81.73.50.52.73.25.73.57.70.51.50.31.65.32.23.31.25.56.50.2.66.50.8.24.73.67.55.11.81.50.61.73.62.69.73.xover.mutate.done 50
 generation 43.81.81.81.81.80.80.80.80.80.80.73.80.80.50.4.66.3.80.51.80.80.57.4.21.3.68.76.51.62.44.12.51.61.80.80.63.4.75.14.42.62.80.17.75.66.50.4.63.4.42.xover.mutate.done 50
 generation 44.88.88.88.88.84.84.84.84.84.84.88.58.84.12.80.59.62.61.88.84.80.72.70.0.50.84.62.1.57.50.51.6.84.58.50.30.84.84.73.84.1.50.79.33.84.35.56.8.61.84.xover.mutate.done 50
 generation 45.77.77.77.77.77.77.71.71.71.71.50.51.71.1.1.71.50.71.51.33.50.50.51.50.69.55.63.56.71.26.8.62.50.55.50.56.33.66.57.67.6.59.79.21.15.59.6.71.56.50.xover.mutate.done 50
 generation 46.82.81.81.81.81.81.81.78.78.78.73.50.55.81.65.55.56.78.55.55.50.54.70.50.55.78.51.65.1.75.73.37.50.75.55.29.51.50.36.81.50.70.36.59.51.6.0.26.50.4.xover.mutate.done 50
 generation 47.80.80.80.80.80.80.80.80.79.75.60.43.11.1.50.42.57.71.56.50.75.48.75.70.7.50.7.51.51.51.32.75.59.66.56.43.50.50.75.72.59.50.1.36.16.34.50.50.48.60.xover.mutate.done 50
 generation 48.78.77.77.77.77.77.77.77.80.74.53.51.69.13.13.52.52.52.33.38.65.48.24.53.57.26.3.3.50.52.52.73.73.34.21.52.33.30.4.73.57.4.33.78.58.77.48.52.57.30.xover.mutate.done 50
 generation 49.75.82.82.82.82.82.82.82.82.82.2.82.79.69.16.68.1.17.82.43.2.26.51.24.71.51.60.1.11.51.11.79.38.51.60.59.51.36.51.51.73.31.65.17.82.72.25.69.51.2.xover.mutate.done 50
 20733135 iters     935244 iter/sec (22.17 s)
 total time: 22.17
