% Ministry of Cellular Automata
% Project Deux (CS523 Spring 2015)
% Version:v0.1-66-g3e0f-dirty
%  pop:50
%  ic count:100
%  CA Log option:r2/run14
%  width:121
%  max workers:4
%  radius:2
%  iterations:300
%  generations:50

 generation 0.0.0.0.0.0.50.0.50.0.0.50.18.0.0.0.0.5.0.50.50.0.0.0.0.0.0.0.0.0.50.0.50.0.50.4.0.50.0.50.50.0.50.50.50.0.50.14.4.0.0.xover.mutate.done 50
 generation 1.50.50.50.50.50.50.50.50.50.50.50.5.50.5.25.4.1.5.5.5.4.5.50.5.51.5.42.11.44.50.50.50.5.50.50.25.21.50.55.5.51.4.5.9.5.50.50.5.5.4.xover.mutate.done 50
 generation 2.56.53.53.50.50.50.50.50.50.50.3.50.50.8.25.0.3.50.50.50.50.3.50.53.8.50.3.0.9.53.50.50.50.50.11.50.3.50.50.50.50.50.0.50.0.50.53.3.50.53.xover.mutate.done 50
 generation 3.59.50.50.50.50.50.50.50.50.50.45.2.50.50.50.50.50.50.50.52.50.21.50.50.44.50.16.10.0.50.50.50.50.50.50.2.50.50.2.50.2.48.50.50.52.0.21.50.50.11.xover.mutate.done 50
 generation 4.50.50.50.51.51.51.51.51.51.50.51.50.51.50.50.50.1.1.18.50.50.50.1.24.0.50.51.50.1.1.50.50.1.12.13.1.50.1.1.50.50.50.50.50.19.1.50.50.50.50.xover.mutate.done 50
 generation 5.51.51.51.51.51.51.51.51.51.46.51.2.0.1.50.1.50.51.50.1.0.51.51.0.50.50.50.50.51.12.1.51.50.51.0.51.23.12.50.50.50.1.50.0.50.19.50.51.50.7.xover.mutate.done 50
 generation 6.52.52.52.52.52.52.52.52.52.52.0.50.50.52.2.52.52.50.50.2.17.0.12.52.52.50.52.52.52.52.2.52.50.50.52.0.34.2.5.52.50.50.52.52.52.52.0.52.52.2.xover.mutate.done 50
 generation 7.50.50.50.50.50.50.50.50.50.50.10.50.50.50.50.50.0.50.50.50.50.50.50.22.18.50.1.50.22.50.50.50.50.50.50.50.50.1.50.4.50.1.0.50.50.50.50.50.50.1.xover.mutate.done 50
 generation 8.53.53.53.53.53.53.53.53.53.53.53.53.53.53.53.53.53.53.53.53.53.53.53.7.53.53.53.53.53.53.53.53.53.53.53.4.4.4.12.53.53.53.53.44.19.4.53.53.12.12.xover.mutate.done 50
 generation 9.50.50.50.50.50.50.50.50.50.50.2.50.50.50.50.50.2.2.50.50.21.50.0.2.50.50.50.2.2.50.50.50.50.2.50.0.50.2.50.50.50.50.50.50.50.50.35.16.50.17.xover.mutate.done 50
 generation 10.51.51.51.51.51.51.51.51.51.51.51.51.51.51.51.51.10.14.51.1.2.51.23.1.51.2.51.13.51.50.1.51.51.51.12.51.51.51.2.7.51.51.2.1.1.51.51.51.51.51.xover.mutate.done 50
 generation 11.52.52.52.52.52.52.52.52.52.52.9.52.52.52.52.52.52.4.52.4.52.52.52.52.52.52.52.52.52.4.52.4.52.52.52.52.4.4.52.5.52.4.52.52.52.9.4.52.4.52.xover.mutate.done 50
 generation 12.50.50.50.50.50.50.50.50.50.50.50.50.2.2.50.50.50.50.29.50.50.2.50.50.50.2.50.50.2.50.50.2.0.17.50.2.2.50.50.50.29.0.50.50.0.50.50.50.2.50.xover.mutate.done 50
 generation 13.53.53.53.53.53.53.53.53.53.53.53.3.53.53.53.3.3.53.3.53.3.3.53.11.53.53.3.53.53.3.53.53.53.53.53.53.11.53.53.53.53.53.53.53.3.53.53.53.3.3.xover.mutate.done 50
 generation 14.50.50.50.50.50.50.50.50.50.50.6.17.50.6.50.50.50.50.50.50.50.6.50.50.50.50.50.50.50.50.50.50.6.50.50.50.50.50.50.50.6.50.50.6.8.50.50.6.50.50.xover.mutate.done 50
 generation 15.53.53.53.53.53.53.53.53.53.53.3.53.53.53.3.3.53.53.3.53.53.53.3.50.3.53.53.53.53.53.53.53.53.53.53.53.53.53.3.7.53.3.8.3.3.53.3.53.53.3.xover.mutate.done 50
 generation 16.50.50.50.50.50.50.50.50.50.50.0.2.50.50.50.22.50.50.50.50.50.13.2.2.50.50.50.50.50.50.2.50.2.2.13.2.50.2.13.50.50.50.50.2.14.50.50.0.50.50.xover.mutate.done 50
 generation 17.51.51.51.51.51.51.51.51.51.51.3.51.51.51.51.3.3.11.12.12.51.50.51.11.18.51.51.50.51.51.51.12.51.51.3.51.51.51.51.12.51.51.51.3.10.12.51.51.3.51.xover.mutate.done 50
 generation 18.51.51.51.51.51.51.51.51.51.51.51.51.51.51.51.4.51.51.51.51.51.51.51.51.51.55.4.51.51.51.51.51.51.51.4.51.50.51.51.51.4.51.51.51.51.51.51.41.9.51.xover.mutate.done 50
 generation 19.54.50.50.50.50.50.50.50.50.50.50.50.1.50.54.50.50.50.50.50.50.50.50.50.50.50.50.50.50.50.54.6.50.50.43.50.1.50.1.50.50.9.50.1.50.56.50.50.50.50.xover.mutate.done 50
 generation 20.60.57.57.57.50.50.50.50.50.50.50.9.50.50.21.50.59.50.50.9.50.50.50.57.31.50.2.57.57.50.57.50.50.50.2.50.50.50.50.50.50.50.50.50.50.50.2.50.50.50.xover.mutate.done 50
 generation 21.57.54.54.56.54.56.54.56.56.51.2.51.51.51.51.51.51.2.30.51.51.1.51.5.56.54.5.2.51.2.2.51.21.75.5.51.2.51.51.8.10.9.54.51.10.2.51.51.50.2.xover.mutate.done 50
 generation 22.77.64.59.59.59.59.59.62.59.59.2.59.52.2.59.52.9.59.52.14.9.59.52.38.62.9.2.52.2.52.52.52.9.52.59.52.2.59.2.34.52.59.24.59.9.57.9.52.9.59.xover.mutate.done 50
 generation 23.79.58.57.57.55.55.55.55.55.55.55.0.55.5.50.57.5.79.55.9.50.55.55.50.57.37.0.55.50.57.50.57.5.55.0.50.55.55.0.55.55.50.50.50.55.5.5.50.50.55.xover.mutate.done 50
 generation 24.72.72.56.53.53.53.53.53.56.54.53.50.54.53.53.50.54.3.52.53.50.54.72.20.18.54.54.54.4.50.54.73.54.50.50.7.52.53.0.0.4.3.54.54.54.54.50.50.11.56.xover.mutate.done 50
 generation 25.79.76.76.76.58.58.59.55.55.55.5.4.55.56.9.19.56.50.7.38.55.55.56.1.50.55.56.1.56.18.6.27.76.55.55.1.59.56.1.55.6.50.9.50.29.58.1.54.36.50.xover.mutate.done 50
 generation 26.75.73.73.73.73.57.57.57.55.55.51.51.51.1.54.6.79.6.6.54.73.55.54.54.7.54.54.6.54.55.51.6.48.51.73.16.7.51.51.54.1.51.4.7.22.51.50.54.51.55.xover.mutate.done 50
 generation 27.84.84.81.81.81.81.81.81.63.63.63.63.1.58.58.18.58.63.63.45.58.81.50.14.34.50.60.62.63.50.1.60.50.14.63.59.50.63.58.50.84.50.56.50.58.45.50.59.50.58.xover.mutate.done 50
 generation 28.82.82.82.80.80.80.80.80.80.80.11.51.50.58.50.1.50.11.60.80.60.51.82.59.1.60.50.56.1.60.82.50.50.61.27.50.60.10.60.82.15.80.60.79.79.74.74.60.61.57.xover.mutate.done 50
 generation 29.74.71.74.74.74.74.70.70.70.70.39.50.46.50.58.18.67.74.63.74.51.50.23.74.70.74.30.51.74.50.46.50.56.69.50.74.35.74.42.68.58.56.70.35.70.50.67.50.50.50.xover.mutate.done 50
 generation 30.81.81.80.81.81.81.81.81.81.81.55.81.59.55.79.50.59.81.76.40.66.80.0.81.50.1.62.74.59.58.58.81.50.61.57.22.81.61.42.81.43.79.1.81.44.1.50.81.81.81.xover.mutate.done 50
 generation 31.78.78.78.78.78.78.78.78.78.78.51.78.78.76.76.74.34.8.78.11.58.28.57.57.7.56.34.1.51.78.78.54.78.50.76.57.50.78.78.78.50.51.51.78.76.57.2.60.78.78.xover.mutate.done 50
 generation 32.84.84.84.84.84.84.84.84.84.84.73.84.50.63.79.80.84.36.55.80.84.51.84.84.81.73.50.57.84.84.84.63.79.50.50.50.36.36.50.36.57.84.50.2.84.84.84.84.80.11.xover.mutate.done 50
 generation 33.79.79.79.79.79.79.79.79.79.79.1.35.55.79.50.30.35.51.57.79.1.78.79.56.34.79.36.79.79.59.51.79.54.79.34.54.79.79.37.50.51.79.18.79.79.37.35.79.79.51.xover.mutate.done 50
 generation 34.83.83.83.83.83.83.83.83.83.83.83.39.38.50.43.83.83.44.83.83.83.68.62.83.83.83.62.83.68.1.63.83.50.51.63.83.62.59.83.1.83.83.63.83.83.64.83.83.83.37.xover.mutate.done 50
 generation 35.80.80.80.80.80.80.80.80.80.80.51.50.80.59.58.34.10.80.34.80.10.34.60.34.10.51.56.1.80.76.50.39.59.79.34.50.35.80.80.56.80.80.29.76.50.80.50.50.80.80.xover.mutate.done 50
 generation 36.75.75.75.75.75.75.75.75.75.75.38.75.50.75.51.50.51.51.75.40.75.51.54.75.75.40.75.75.51.50.37.75.51.64.54.1.50.75.75.51.51.75.1.75.29.54.30.56.1.79.xover.mutate.done 50
 generation 37.78.82.82.82.82.82.82.82.82.82.78.50.54.77.50.50.82.78.59.50.78.81.82.32.51.33.50.50.81.82.82.48.52.34.82.50.82.50.1.50.81.51.82.82.43.82.1.82.65.50.xover.mutate.done 50
 generation 38.78.78.78.78.78.78.78.78.78.78.77.78.51.59.59.59.35.78.78.42.78.53.78.53.78.78.50.53.51.78.78.51.78.54.76.51.51.31.51.50.4.78.68.78.59.78.39.78.78.53.xover.mutate.done 50
 generation 39.77.77.77.77.77.77.77.77.77.77.19.51.3.50.8.35.77.75.54.77.77.75.76.77.77.77.75.51.51.77.58.59.77.77.77.77.51.77.68.54.52.58.50.2.77.50.77.77.58.53.xover.mutate.done 50
 generation 40.80.80.80.80.80.80.80.80.80.80.2.46.75.51.80.51.51.77.58.47.31.80.80.80.80.78.80.58.79.77.58.79.18.44.51.80.51.2.51.51.75.51.80.80.51.80.78.51.58.80.xover.mutate.done 50
 generation 41.85.85.85.85.85.85.85.85.85.85.85.50.84.50.50.51.50.50.50.52.85.85.85.1.85.84.84.51.1.85.85.1.50.85.85.85.85.84.85.50.85.85.85.85.85.84.50.49.85.55.xover.mutate.done 50
 generation 42.81.81.81.81.81.81.81.81.81.81.81.17.59.51.81.62.81.81.55.51.55.52.52.59.81.79.81.56.55.81.79.55.81.33.81.51.50.33.51.51.81.79.70.81.52.21.50.71.50.81.xover.mutate.done 50
 generation 43.75.75.75.75.75.75.75.75.75.75.51.57.58.26.3.51.76.59.67.37.29.59.59.51.44.75.75.21.26.76.75.47.62.75.75.75.58.53.10.41.46.75.75.2.75.51.53.51.53.41.xover.mutate.done 50
 generation 44.79.79.79.79.79.79.79.79.79.79.58.63.79.78.58.50.50.58.79.79.58.50.20.50.50.79.50.50.24.50.66.23.78.84.79.50.79.79.58.58.50.79.68.50.0.56.58.58.58.38.xover.mutate.done 50
 generation 45.75.79.79.79.79.79.79.79.79.79.46.17.48.79.7.79.1.29.57.42.50.57.79.35.79.79.39.79.54.79.51.6.38.55.29.57.60.52.50.79.43.79.78.79.4.57.59.49.79.50.xover.mutate.done 50
 generation 46.79.79.79.79.79.79.79.79.79.79.79.50.79.79.58.79.22.79.1.51.43.12.60.52.50.79.79.50.31.79.71.50.52.36.76.79.49.40.79.79.50.53.76.76.49.79.51.79.21.50.xover.mutate.done 50
 generation 47.80.80.79.79.79.79.79.79.79.79.79.52.80.79.37.60.79.51.79.60.51.78.57.51.77.37.29.79.7.51.51.79.80.79.56.50.51.1.1.50.51.78.77.77.77.51.79.1.74.46.xover.mutate.done 50
 generation 48.81.81.81.81.81.81.81.81.81.81.59.76.6.76.81.62.50.80.81.50.81.50.81.52.50.81.64.18.56.81.81.81.81.81.50.50.79.50.50.48.50.81.50.40.81.56.62.76.59.50.xover.mutate.done 50
 generation 49.79.79.79.79.79.79.79.79.79.79.51.51.51.33.62.79.49.51.79.72.51.51.56.12.12.51.36.79.50.79.79.79.77.79.79.51.51.39.51.79.48.6.49.56.12.79.12.79.82.62.xover.mutate.done 50
 18730375 iters     861981 iter/sec (21.73 s)
 total time: 21.73
