% Ministry of Cellular Automata
% Project Deux (CS523 Spring 2015)
% Version:v0.1-66-g3e0f-dirty
%  pop:50
%  ic count:100
%  CA Log option:r2/run19
%  width:121
%  max workers:4
%  radius:2
%  iterations:300
%  generations:50

 generation 0.7.2.51.50.34.1.3.1.3.3.1.3.2.2.50.3.50.2.50.3.3.2.50.3.12.3.2.50.2.2.3.3.50.2.50.2.22.50.1.50.50.3.1.17.2.2.1.22.3.50.xover.mutate.done 50
 generation 1.50.50.50.50.50.50.50.50.50.50.26.17.50.23.0.50.50.50.1.1.50.6.1.1.11.50.0.1.1.1.1.1.1.50.9.36.1.1.1.0.50.0.51.0.1.50.0.50.9.50.xover.mutate.done 50
 generation 2.50.53.50.50.50.50.50.50.50.50.23.50.3.50.3.50.50.3.53.3.3.0.0.3.50.53.50.50.3.39.50.27.3.50.0.3.0.3.8.0.12.3.50.3.20.3.39.3.0.50.xover.mutate.done 50
 generation 3.50.50.50.50.50.50.50.50.50.50.50.50.0.50.6.0.0.50.52.50.50.50.50.23.50.50.50.50.50.0.0.0.0.50.21.2.50.0.0.0.50.50.0.50.50.50.0.50.0.50.xover.mutate.done 50
 generation 4.48.50.50.50.50.50.50.50.50.50.0.50.50.50.50.50.50.50.50.0.50.29.0.50.18.0.7.0.50.0.50.0.50.50.50.45.50.50.0.50.0.0.50.50.0.50.0.0.14.6.xover.mutate.done 50
 generation 5.50.50.50.50.50.50.50.50.50.50.52.50.0.50.4.50.50.0.0.50.50.0.50.50.50.50.0.0.50.50.0.0.0.50.50.4.50.50.50.50.57.50.0.50.0.50.0.4.16.50.xover.mutate.done 50
 generation 6.59.56.52.52.52.51.50.50.50.50.50.50.52.52.52.3.51.9.50.3.3.1.3.3.51.3.52.50.2.50.2.50.2.50.50.1.52.52.1.59.49.9.59.1.3.52.50.50.51.52.xover.mutate.done 50
 generation 7.60.60.60.59.50.50.50.50.50.50.1.0.50.50.1.1.50.14.1.1.50.50.51.50.0.50.1.50.60.50.50.50.51.7.1.51.1.50.50.50.1.50.50.50.0.1.50.51.0.0.xover.mutate.done 50
 generation 8.60.60.60.60.52.50.50.50.50.51.50.51.51.51.51.60.50.17.1.51.1.50.11.26.1.72.1.61.50.11.50.0.51.51.50.0.0.1.15.11.36.50.44.9.7.1.50.1.50.51.xover.mutate.done 50
 generation 9.70.57.57.57.57.57.57.54.50.50.57.50.50.21.50.51.16.7.30.57.0.1.1.1.36.70.50.57.14.0.33.1.15.50.1.51.25.50.9.4.51.57.51.57.58.31.50.50.1.17.xover.mutate.done 50
 generation 10.70.70.58.57.56.56.56.56.56.56.51.51.9.51.58.57.51.51.28.27.36.51.2.1.51.56.49.51.51.2.58.51.56.51.56.9.51.51.56.51.51.70.23.51.2.51.57.51.51.1.xover.mutate.done 50
 generation 11.75.75.75.63.63.63.56.56.56.63.62.51.51.36.51.51.63.63.62.16.35.51.63.63.2.42.46.51.51.51.63.56.51.51.51.60.63.63.70.74.51.25.62.73.75.51.63.63.14.31.xover.mutate.done 50
 generation 12.68.68.68.68.67.69.63.58.58.58.35.2.58.58.2.51.51.51.8.51.51.51.68.51.61.22.58.15.51.58.6.8.58.67.79.35.51.51.51.58.51.68.51.57.58.2.58.51.58.68.xover.mutate.done 50
 generation 13.81.76.77.77.77.77.77.77.77.73.50.77.2.40.50.50.50.50.64.26.65.2.2.42.19.50.50.50.50.60.78.20.50.65.50.12.50.77.81.25.60.6.79.64.50.52.50.65.2.2.xover.mutate.done 50
 generation 14.84.84.78.79.75.75.75.75.75.75.4.63.11.74.78.58.50.74.86.52.7.50.4.79.64.85.76.35.4.4.74.79.52.52.75.52.52.63.52.74.76.74.76.75.4.75.74.52.75.75.xover.mutate.done 50
 generation 15.78.77.75.75.73.73.73.70.70.69.73.69.42.50.3.22.58.50.38.78.50.69.8.25.73.69.3.77.34.50.50.78.53.77.35.30.58.75.53.68.69.78.50.78.30.38.35.46.50.34.xover.mutate.done 50
 generation 16.79.79.79.79.79.78.78.78.77.77.26.20.50.33.50.78.79.34.67.57.67.50.20.29.55.0.0.50.50.69.67.78.67.79.44.0.50.67.50.65.30.57.57.54.50.77.0.50.0.79.xover.mutate.done 50
 generation 17.78.79.79.78.78.78.78.78.78.78.78.43.74.0.28.78.13.27.66.63.78.28.2.28.21.78.52.2.45.77.77.77.78.42.71.78.72.13.41.77.78.36.21.52.63.46.2.52.0.77.xover.mutate.done 50
 generation 18.74.74.74.74.74.73.74.74.73.73.73.74.41.0.72.40.0.74.74.50.50.74.74.74.74.72.50.73.74.73.74.74.72.9.74.50.25.50.0.74.48.73.74.40.50.50.74.44.73.74.xover.mutate.done 50
 generation 19.84.84.84.84.84.84.84.84.84.84.8.79.84.52.44.50.84.50.10.81.84.11.79.84.3.77.84.50.84.84.73.50.84.77.84.84.79.50.84.60.84.44.38.79.52.79.3.1.52.50.xover.mutate.done 50
 generation 20.78.78.77.77.77.77.77.77.77.77.35.2.77.50.56.73.39.46.45.52.45.76.73.50.73.50.77.50.48.46.2.2.75.52.77.77.56.77.44.52.77.57.61.61.77.55.77.76.45.40.xover.mutate.done 50
 generation 21.79.79.79.79.79.79.79.79.79.79.79.79.67.50.79.71.48.35.79.48.79.79.79.79.63.79.29.50.74.50.79.63.0.79.50.37.79.50.50.79.74.24.79.50.14.79.43.50.79.50.xover.mutate.done 50
 generation 22.80.80.78.78.78.78.78.78.78.78.78.78.78.78.78.43.50.50.76.78.62.78.25.52.50.78.50.20.62.75.27.43.77.52.52.67.67.78.79.50.76.52.50.76.78.78.43.10.80.78.xover.mutate.done 50
 generation 23.81.81.82.79.82.82.82.82.82.82.24.53.82.79.50.67.72.3.82.82.53.50.82.50.3.3.60.11.50.50.82.79.79.77.61.3.80.50.53.50.82.48.10.50.53.77.61.53.53.3.xover.mutate.done 50
 generation 24.79.79.79.79.79.79.79.79.79.79.50.50.79.41.79.79.60.0.50.79.64.50.51.78.50.79.9.41.50.10.79.11.1.0.48.79.17.50.51.50.60.60.10.50.50.50.1.32.79.10.xover.mutate.done 50
 generation 25.84.82.82.82.82.82.82.82.82.82.50.82.84.1.53.82.82.74.73.38.21.50.50.19.53.82.75.75.50.53.53.8.82.53.74.21.59.39.82.63.8.3.50.29.83.53.36.53.82.50.xover.mutate.done 50
 generation 26.75.75.74.75.75.75.75.75.75.75.50.75.36.75.5.75.50.75.50.75.50.74.73.50.50.75.75.0.36.50.50.50.50.13.69.75.34.75.0.75.32.75.32.11.75.0.55.50.75.50.xover.mutate.done 50
 generation 27.81.81.81.81.81.81.81.81.81.81.50.81.0.0.43.81.36.36.50.1.51.81.1.50.42.50.66.78.81.78.1.32.4.0.72.0.50.42.45.51.81.1.0.51.50.50.50.10.14.1.xover.mutate.done 50
 generation 28.81.81.80.80.80.80.80.80.80.81.80.80.65.80.2.52.3.80.13.50.80.10.81.60.80.50.42.80.51.80.81.50.50.60.3.50.80.80.4.77.6.2.52.3.50.42.45.52.50.80.xover.mutate.done 50
 generation 29.76.76.76.76.76.73.73.73.73.73.50.58.76.71.51.26.76.73.9.58.2.36.51.59.11.71.73.51.59.1.51.9.76.76.51.73.32.71.50.71.71.1.50.76.51.34.71.50.73.50.xover.mutate.done 50
 generation 30.81.81.81.81.81.81.81.81.81.81.51.15.45.60.51.81.60.12.1.81.81.81.81.59.32.81.79.81.81.50.50.81.81.0.50.7.7.57.50.50.57.13.81.30.51.81.50.81.50.51.xover.mutate.done 50
 generation 31.77.77.77.77.77.77.77.77.77.77.50.77.77.76.50.26.33.58.76.76.76.50.76.76.10.50.77.26.28.0.50.76.59.26.50.76.77.50.76.76.77.76.50.76.77.77.26.50.60.76.xover.mutate.done 50
 generation 32.81.81.81.81.81.81.81.81.81.81.80.81.50.81.80.6.75.58.81.51.81.81.30.50.60.81.81.81.51.75.7.51.51.80.31.50.80.80.5.80.80.51.58.51.81.58.80.58.51.51.xover.mutate.done 50
 generation 33.75.75.75.75.75.75.75.75.75.75.74.50.74.75.74.75.50.74.75.62.55.48.50.55.30.33.75.51.75.50.75.75.8.51.9.75.75.55.8.55.75.50.61.50.74.75.3.75.61.34.xover.mutate.done 50
 generation 34.84.84.84.84.84.84.84.84.84.84.84.84.84.50.50.84.52.56.42.36.52.84.84.56.84.84.84.84.84.9.84.50.50.8.84.84.44.84.84.50.84.82.40.84.56.57.84.84.84.84.xover.mutate.done 50
 generation 35.79.79.79.79.79.79.79.79.79.79.79.79.79.31.79.52.66.0.79.53.42.42.53.79.79.79.79.23.79.53.53.50.77.79.79.79.79.53.5.53.5.79.51.26.79.79.4.50.79.1.xover.mutate.done 50
 generation 36.78.78.78.78.78.78.78.78.78.78.1.78.41.50.78.50.57.78.78.78.25.50.50.43.78.59.54.29.50.56.57.50.54.78.56.77.17.25.78.78.50.78.78.78.45.29.1.57.56.45.xover.mutate.done 50
 generation 37.79.79.79.79.79.79.79.79.79.79.79.79.79.50.50.0.18.2.29.13.79.79.79.49.79.29.78.79.79.62.52.62.50.79.79.62.50.50.17.79.79.0.79.79.63.80.78.79.62.50.xover.mutate.done 50
 generation 38.80.80.80.80.80.80.80.80.80.80.80.80.80.80.55.80.77.77.77.77.77.14.80.77.79.77.49.80.80.55.57.55.55.49.77.77.77.57.80.50.55.77.80.28.77.43.77.55.77.51.xover.mutate.done 50
 generation 39.82.80.80.80.80.80.80.80.80.80.79.80.50.43.9.58.80.26.80.80.80.50.80.52.80.80.50.80.80.80.52.80.74.50.73.52.80.52.80.9.80.80.80.57.52.50.80.8.80.3.xover.mutate.done 50
 generation 40.82.82.82.82.82.82.82.82.82.82.82.49.50.82.82.82.82.34.82.82.34.82.82.82.50.82.82.0.50.82.35.50.1.62.82.82.62.82.81.82.82.50.50.82.50.82.82.82.50.82.xover.mutate.done 50
 generation 41.77.77.77.77.77.77.77.77.77.77.50.50.39.77.50.49.52.77.43.44.39.2.77.15.59.52.50.40.27.50.20.50.77.14.77.77.50.77.77.77.77.77.50.34.77.77.77.52.77.77.xover.mutate.done 50
 generation 42.77.78.78.78.78.78.78.78.78.78.12.78.77.50.78.63.1.50.50.50.51.50.77.1.63.50.50.6.63.78.62.50.78.78.51.39.28.77.28.50.50.50.78.62.77.77.78.78.23.51.xover.mutate.done 50
 generation 43.83.83.83.83.83.83.83.83.83.83.50.43.59.83.3.83.59.50.50.53.83.50.59.83.8.82.50.59.50.59.83.27.50.50.3.83.83.82.83.82.75.50.50.82.83.82.82.82.3.58.xover.mutate.done 50
 generation 44.82.82.82.82.82.82.82.82.82.82.82.82.82.81.36.50.38.81.82.61.50.81.50.82.82.50.82.21.47.81.82.61.52.31.81.50.82.50.49.82.81.52.61.82.82.50.50.50.50.52.xover.mutate.done 50
 generation 45.77.77.77.77.77.77.77.77.77.77.50.77.52.76.54.77.77.77.50.77.50.77.57.77.54.77.29.50.77.77.27.76.54.77.54.77.77.50.77.77.54.57.77.77.54.50.2.54.54.54.xover.mutate.done 50
 generation 46.87.87.87.87.87.87.87.87.87.87.52.66.87.52.50.87.66.52.87.7.87.48.66.52.29.87.87.52.52.66.39.87.87.23.66.87.40.66.52.16.10.87.49.87.50.66.40.87.87.87.xover.mutate.done 50
 generation 47.80.80.80.80.80.80.80.80.80.80.80.52.78.60.50.59.80.80.55.80.55.52.80.59.60.80.55.80.80.48.80.59.80.58.78.60.80.80.80.78.80.80.80.80.80.80.27.80.78.80.xover.mutate.done 50
 generation 48.76.76.76.76.76.76.76.76.76.76.59.56.51.51.76.76.51.59.75.42.76.76.66.76.59.21.76.76.25.76.76.24.76.21.59.51.50.76.76.66.76.20.26.59.42.65.76.76.9.76.xover.mutate.done 50
 generation 49.83.83.83.83.83.83.83.83.83.83.50.83.23.61.50.27.61.50.15.83.61.61.83.83.83.7.61.61.83.23.83.83.50.82.83.83.61.50.83.30.50.50.83.83.50.67.83.33.37.33.xover.mutate.done 50
 19231985 iters     883068 iter/sec (21.78 s)
 total time: 21.78
