% Ministry of Cellular Automata
% Project Deux (CS523 Spring 2015)
% Version:v0.1-66-g3e0f-dirty
%  pop:50
%  ic count:100
%  CA Log option:r2/run10
%  width:121
%  max workers:4
%  radius:2
%  iterations:300
%  generations:50

 generation 0.1.1.50.1.50.50.50.0.0.7.1.1.50.1.1.0.1.0.51.0.1.50.1.1.0.1.50.1.1.1.0.0.1.50.50.0.39.1.0.50.1.1.12.1.50.50.0.1.1.50.xover.mutate.done 50
 generation 1.52.50.50.50.51.50.50.50.50.50.51.3.51.51.2.3.2.50.50.50.17.3.1.3.51.8.35.50.1.7.2.2.1.1.2.50.50.50.3.3.3.1.3.3.3.52.3.3.3.52.xover.mutate.done 50
 generation 2.50.50.50.50.50.50.50.50.50.50.0.0.0.50.0.50.50.50.50.50.50.50.0.50.0.0.50.50.50.50.50.50.0.0.50.50.53.50.0.50.50.0.0.50.0.0.0.50.0.0.xover.mutate.done 50
 generation 3.56.51.51.51.52.52.52.52.52.50.3.3.51.3.3.1.50.3.56.50.50.3.1.50.1.1.50.52.51.52.50.50.51.52.57.3.50.50.51.50.50.51.50.22.50.51.1.3.50.50.xover.mutate.done 50
 generation 4.55.59.59.52.52.52.52.52.52.52.52.51.1.52.3.1.51.50.59.3.52.52.13.52.52.38.50.50.3.3.38.11.3.51.1.1.51.50.3.52.1.1.3.3.51.51.50.50.2.51.xover.mutate.done 50
 generation 5.55.55.55.53.51.51.51.51.51.51.51.50.51.22.50.51.55.2.51.1.1.50.2.51.51.51.51.8.32.18.8.49.51.51.2.2.51.23.51.7.51.13.51.9.51.51.36.51.2.2.xover.mutate.done 50
 generation 6.53.53.53.53.55.50.50.50.50.50.53.50.50.50.3.9.4.50.0.50.27.50.50.53.50.53.0.50.0.4.50.50.53.50.6.0.7.0.50.50.50.50.50.50.50.50.0.0.50.50.xover.mutate.done 50
 generation 7.60.54.54.54.54.54.54.54.54.50.52.50.12.50.60.54.50.50.5.54.54.50.50.50.50.62.2.54.54.54.7.54.55.54.54.2.54.50.54.50.34.52.22.40.2.54.8.36.50.54.xover.mutate.done 50
 generation 8.54.53.53.54.54.54.54.54.54.54.0.54.50.54.54.50.54.54.4.50.4.54.50.54.4.0.54.54.50.25.0.54.32.4.54.54.0.50.54.54.39.53.54.75.54.4.29.53.54.50.xover.mutate.done 50
 generation 9.79.66.61.57.57.57.57.57.57.57.61.66.2.8.6.51.73.57.51.57.57.2.10.73.65.51.12.55.51.57.2.51.57.61.41.61.55.57.57.51.57.55.57.5.73.2.57.30.57.57.xover.mutate.done 50
 generation 10.79.77.77.77.63.63.64.58.58.58.58.63.52.58.63.3.57.58.55.43.58.51.57.50.50.58.77.51.51.57.44.36.15.3.44.37.9.46.58.57.55.57.58.68.58.58.58.77.57.39.xover.mutate.done 50
 generation 11.85.71.71.71.71.75.61.69.70.70.49.45.2.60.2.52.45.47.22.50.60.60.61.44.57.50.58.49.35.50.77.7.6.50.50.45.45.11.60.27.52.10.45.2.2.27.23.66.6.50.xover.mutate.done 50
 generation 12.82.75.69.68.68.68.68.64.64.63.68.51.69.44.64.41.60.50.4.21.56.52.42.4.68.22.4.4.39.61.52.36.50.60.57.4.31.3.4.57.44.34.41.52.50.4.79.36.64.52.xover.mutate.done 50
 generation 13.76.79.72.72.70.72.72.72.72.72.56.58.2.52.2.58.52.44.52.58.0.45.2.50.34.48.2.6.18.58.52.7.2.47.29.52.13.2.2.2.52.50.13.44.72.48.58.48.50.72.xover.mutate.done 50
 generation 14.81.80.73.72.72.72.72.72.72.72.50.12.1.23.47.52.9.72.50.52.32.49.21.57.72.52.52.52.76.78.47.64.72.72.3.59.36.72.72.51.51.50.60.42.3.14.51.3.61.59.xover.mutate.done 50
 generation 15.79.83.68.74.74.72.72.72.72.72.1.2.2.79.51.51.2.2.50.51.60.55.75.60.2.52.51.55.2.55.22.32.22.72.30.72.78.51.51.2.1.2.51.52.39.51.11.6.31.51.xover.mutate.done 50
 generation 16.72.81.68.81.63.78.78.75.75.75.0.24.26.0.0.83.37.33.50.75.3.50.50.70.29.50.5.75.81.23.55.50.31.50.5.30.70.44.55.0.45.26.42.50.50.63.50.50.50.75.xover.mutate.done 50
 generation 17.86.85.84.84.78.78.75.74.74.75.87.72.50.74.49.50.80.2.50.2.52.50.50.38.61.50.52.74.57.50.52.2.52.71.71.50.2.75.50.42.52.75.56.2.84.52.29.22.4.56.xover.mutate.done 50
 generation 18.82.82.79.79.79.79.72.72.69.68.0.7.0.57.29.47.0.50.50.0.68.50.0.58.50.68.55.29.0.0.18.15.50.0.0.50.44.68.72.52.50.50.68.50.50.82.50.50.50.50.xover.mutate.done 50
 generation 19.85.85.85.83.82.82.82.76.75.76.51.51.66.51.46.51.53.82.29.72.17.51.35.2.51.51.51.2.51.60.14.83.66.66.51.66.66.85.51.51.19.66.35.64.51.51.71.51.85.60.xover.mutate.done 50
 generation 20.77.77.77.77.77.76.76.76.76.76.71.50.0.1.76.32.77.1.71.59.4.71.11.51.71.28.53.50.31.52.60.50.76.51.82.28.60.76.76.50.51.77.53.50.77.51.62.9.66.28.xover.mutate.done 50
 generation 21.74.75.75.75.75.75.75.75.75.72.75.18.75.58.49.46.75.56.72.51.56.58.39.50.23.57.55.60.75.46.51.34.69.42.58.72.51.75.43.72.51.40.72.51.72.74.2.56.75.42.xover.mutate.done 50
 generation 22.79.79.79.79.79.79.79.79.79.79.33.74.50.79.79.67.27.79.44.74.50.39.50.79.62.55.79.79.52.74.19.39.57.74.68.79.79.53.62.66.5.50.11.53.50.53.75.50.53.50.xover.mutate.done 50
 generation 23.83.81.83.83.83.83.83.83.83.83.23.60.73.51.83.56.64.19.42.64.2.57.83.50.51.68.81.78.57.83.72.41.51.51.53.83.7.79.50.44.50.51.51.83.50.52.46.68.51.79.xover.mutate.done 50
 generation 24.74.74.74.74.74.74.74.74.74.74.69.74.74.10.45.62.50.44.73.69.74.69.45.35.3.53.53.43.74.9.50.74.50.74.73.74.43.74.74.47.50.74.50.69.50.73.50.39.47.74.xover.mutate.done 50
 generation 25.80.80.80.80.80.80.80.80.80.80.56.50.80.50.50.50.55.0.0.68.20.50.0.79.0.50.80.50.64.50.80.50.80.30.79.79.30.50.12.0.47.80.50.70.24.80.50.50.50.50.xover.mutate.done 50
 generation 26.76.76.76.76.76.76.76.76.76.76.76.76.1.51.67.52.50.39.51.74.51.50.51.51.76.50.51.51.76.18.0.50.45.46.17.48.76.51.76.0.7.46.0.50.76.33.76.0.76.76.xover.mutate.done 50
 generation 27.79.79.79.79.79.79.79.79.79.79.51.51.22.79.50.51.59.60.53.51.64.76.60.51.53.52.79.42.79.23.32.52.51.50.77.77.79.49.50.8.79.68.79.79.60.79.79.54.67.51.xover.mutate.done 50
 generation 28.77.77.77.77.77.77.77.77.77.77.52.77.72.51.0.77.61.11.66.66.51.77.52.51.66.64.65.49.50.68.77.33.64.51.50.50.50.40.72.77.72.52.77.51.65.77.77.50.77.77.xover.mutate.done 50
 generation 29.85.85.85.85.85.85.85.85.85.85.85.51.85.67.63.63.85.81.1.44.50.50.85.53.63.54.0.84.85.44.56.51.27.50.70.77.17.13.63.63.47.31.55.85.85.24.50.85.85.46.xover.mutate.done 50
 generation 30.84.84.84.84.84.84.84.84.84.84.49.50.58.84.50.61.64.50.84.48.46.84.50.61.50.84.46.50.84.50.58.84.50.84.50.0.61.15.50.50.11.84.77.84.50.50.50.53.65.58.xover.mutate.done 50
 generation 31.84.84.84.84.84.84.84.84.84.84.53.0.50.64.84.84.56.38.50.48.50.53.50.54.48.50.0.84.58.61.53.50.84.50.84.50.84.50.41.0.84.84.32.50.50.52.84.56.50.50.xover.mutate.done 50
 generation 32.86.86.86.86.86.86.86.86.86.86.50.86.86.86.61.61.86.86.35.38.53.63.3.65.3.61.86.36.60.50.86.50.53.53.29.47.61.53.53.53.50.86.45.86.42.3.50.50.86.86.xover.mutate.done 50
 generation 33.83.83.83.83.83.83.83.83.83.83.53.81.50.50.60.50.83.2.63.83.51.59.60.53.59.83.50.40.12.83.59.61.70.2.83.83.83.83.51.83.50.60.46.58.2.83.51.61.2.59.xover.mutate.done 50
 generation 34.89.89.89.89.89.89.89.89.89.89.52.89.89.58.52.58.51.75.89.86.52.69.52.89.89.52.52.21.89.2.89.85.50.50.52.89.68.52.74.89.89.52.52.89.52.21.58.64.89.58.xover.mutate.done 50
 generation 35.78.78.78.78.78.78.78.78.78.78.75.77.54.12.50.49.78.23.78.50.30.45.57.50.50.78.30.41.77.54.12.2.37.45.78.30.50.57.52.40.54.78.78.78.25.50.50.25.54.2.xover.mutate.done 50
 generation 36.80.80.80.80.80.80.80.80.80.80.50.80.35.52.51.50.58.31.59.59.47.1.17.40.1.2.80.2.37.54.51.80.47.13.51.80.50.58.80.80.80.59.80.47.9.80.50.51.51.51.xover.mutate.done 50
 generation 37.72.72.72.72.72.72.72.72.72.72.72.50.50.7.50.1.64.51.72.50.11.40.46.56.72.72.50.46.46.72.72.50.14.69.50.72.55.50.72.1.55.72.50.64.46.72.72.50.72.72.xover.mutate.done 50
 generation 38.78.78.78.78.78.78.78.78.78.78.56.78.50.28.51.78.56.51.77.78.58.58.36.78.36.78.50.76.38.78.16.45.50.0.34.1.51.78.38.35.6.51.78.50.78.50.9.46.78.50.xover.mutate.done 50
 generation 39.78.78.78.78.78.78.78.78.78.78.78.55.58.78.50.78.55.59.78.78.50.55.78.55.56.77.13.0.56.50.80.50.50.78.50.50.55.50.5.58.78.78.78.50.50.78.55.49.77.53.xover.mutate.done 50
 generation 40.77.81.81.81.81.81.81.81.81.81.81.59.63.52.48.50.81.62.61.81.39.50.81.59.45.12.9.50.55.81.12.9.59.42.81.22.62.48.67.81.40.81.58.60.42.81.63.81.2.56.xover.mutate.done 50
 generation 41.79.79.79.79.79.79.79.79.79.78.79.79.78.79.79.4.46.79.79.48.52.79.37.79.79.44.33.79.32.53.47.79.79.52.79.48.58.79.62.79.58.35.78.61.60.48.51.32.59.78.xover.mutate.done 50
 generation 42.77.77.77.77.77.77.77.77.77.77.19.62.74.77.77.64.38.58.64.77.77.77.77.77.52.51.61.44.77.50.50.77.51.77.62.33.77.15.40.56.77.49.77.50.2.77.55.19.29.0.xover.mutate.done 50
 generation 43.82.82.82.82.82.82.82.82.82.82.51.58.82.82.82.50.41.82.58.22.59.58.0.63.58.50.82.50.82.82.82.51.58.82.50.82.28.79.82.82.82.58.49.81.26.82.33.44.50.82.xover.mutate.done 50
 generation 44.78.78.78.78.78.78.78.78.78.78.51.57.56.78.50.50.78.70.78.78.78.50.78.50.78.78.78.78.78.59.71.78.78.59.57.78.50.59.78.78.64.51.51.78.50.78.78.51.78.78.xover.mutate.done 50
 generation 45.81.81.81.81.81.81.81.81.81.81.68.81.50.81.81.51.81.51.81.50.51.51.50.50.81.81.81.51.31.51.81.81.81.81.51.51.81.31.68.51.50.48.68.0.81.81.51.53.51.81.xover.mutate.done 50
 generation 46.78.78.78.78.78.78.78.78.78.78.51.36.46.23.63.49.78.72.51.46.63.29.51.12.63.66.49.46.78.78.47.78.78.51.78.57.78.52.51.49.49.57.78.51.1.78.78.63.51.78.xover.mutate.done 50
 generation 47.78.78.78.78.78.78.78.78.78.78.78.50.45.67.58.46.36.21.56.56.50.57.67.55.47.78.1.55.50.55.50.48.58.67.67.1.78.50.78.50.55.78.78.37.50.48.50.69.56.50.xover.mutate.done 50
 generation 48.77.77.77.77.77.77.77.77.77.77.57.77.72.28.41.1.71.50.77.77.50.57.57.50.48.20.66.50.61.59.57.60.77.30.77.77.77.77.77.29.77.1.39.66.71.51.77.1.50.77.xover.mutate.done 50
 generation 49.80.80.80.80.80.80.80.80.80.80.80.71.78.59.51.11.80.56.62.37.58.48.80.80.78.80.50.70.62.70.51.50.80.80.59.37.51.80.69.50.62.20.51.51.80.50.11.37.51.58.xover.mutate.done 50
 17362406 iters     847173 iter/sec (20.49 s)
 total time: 20.49
