% Ministry of Cellular Automata
% Project Deux (CS523 Spring 2015)
% Version:v0.1-66-g3e0f-dirty
%  pop:50
%  ic count:100
%  CA Log option:r2/run13
%  width:121
%  max workers:4
%  radius:2
%  iterations:300
%  generations:50

 generation 0.2.2.1.2.50.50.2.2.1.2.9.1.1.1.1.1.2.1.5.1.50.1.1.1.50.1.2.2.1.1.2.1.5.1.50.2.50.50.7.50.50.50.56.50.15.1.2.12.50.2.xover.mutate.done 50
 generation 1.53.50.50.50.50.50.50.50.50.50.51.39.51.50.1.50.50.50.53.0.1.0.53.50.1.1.1.50.50.0.1.21.50.0.1.50.34.6.11.51.13.18.44.1.1.50.50.1.1.1.xover.mutate.done 50
 generation 2.53.53.42.50.50.50.50.50.50.50.1.81.50.50.62.50.50.50.50.0.50.50.51.50.42.50.50.50.1.50.50.21.50.50.1.24.0.51.33.50.50.0.1.21.18.1.53.1.39.50.xover.mutate.done 50
 generation 3.80.65.62.62.62.53.53.50.50.50.50.50.3.50.3.50.0.50.3.0.23.1.50.32.50.0.3.52.3.3.0.50.50.40.3.50.23.1.0.50.31.53.53.62.3.50.50.20.50.50.xover.mutate.done 50
 generation 4.77.56.55.55.55.55.51.51.46.51.0.50.50.56.1.51.50.1.50.50.50.51.1.50.50.0.10.0.1.1.1.35.51.50.21.50.55.1.51.57.41.1.50.1.1.50.2.46.51.50.xover.mutate.done 50
 generation 5.83.54.57.57.51.51.51.51.51.51.0.50.24.1.32.50.0.13.33.6.50.1.50.1.1.1.0.0.0.0.51.11.1.6.11.51.51.1.1.1.1.51.81.50.10.1.54.18.1.50.xover.mutate.done 50
 generation 6.79.77.62.62.64.64.63.63.63.63.9.0.50.1.1.4.50.32.0.60.50.1.0.5.4.0.50.58.63.1.4.50.76.4.0.1.4.77.9.1.50.1.77.21.1.31.4.1.50.63.xover.mutate.done 50
 generation 7.76.75.75.75.67.51.51.46.46.46.1.16.17.50.50.50.4.1.4.33.6.23.1.0.10.6.4.6.1.50.50.1.8.46.46.50.46.51.75.67.1.1.50.1.50.0.50.8.67.0.xover.mutate.done 50
 generation 8.81.79.79.79.79.71.71.67.63.63.51.79.10.55.51.63.50.50.1.10.1.36.33.1.1.50.60.50.10.44.1.43.1.1.7.50.1.7.15.43.0.1.1.0.67.1.0.50.71.1.xover.mutate.done 50
 generation 9.80.80.80.80.80.80.73.73.73.66.66.1.3.73.2.12.3.50.80.55.51.1.80.64.3.44.49.44.52.50.50.73.1.10.51.2.50.51.52.51.50.51.50.2.51.4.13.64.50.56.xover.mutate.done 50
 generation 10.75.75.75.75.75.75.75.75.72.72.3.75.3.52.1.58.58.51.52.54.52.75.1.75.3.35.66.50.61.3.8.34.8.50.50.2.10.1.50.2.75.75.3.75.1.52.52.50.75.1.xover.mutate.done 50
 generation 11.86.85.85.85.85.85.85.85.85.82.6.58.1.54.1.85.54.75.85.85.57.85.85.6.50.87.50.54.50.44.50.8.0.50.1.51.69.50.50.50.75.1.50.51.50.71.51.51.51.58.xover.mutate.done 50
 generation 12.82.82.82.82.82.82.82.82.82.82.51.70.20.69.61.51.51.36.82.60.1.8.51.60.8.40.65.51.60.11.82.82.51.51.1.51.65.51.82.51.57.51.50.51.51.82.61.82.50.82.xover.mutate.done 50
 generation 13.86.86.85.85.85.85.85.85.85.85.86.85.85.62.85.86.20.71.13.12.12.86.62.62.63.50.50.7.20.1.62.62.1.62.52.50.62.42.45.86.85.85.62.71.62.50.11.7.13.57.xover.mutate.done 50
 generation 14.84.83.83.84.84.84.82.82.82.82.40.50.84.66.52.54.37.82.82.54.54.52.65.50.82.54.65.53.84.82.84.53.65.7.51.54.54.78.82.53.84.54.52.18.54.84.82.50.77.84.xover.mutate.done 50
 generation 15.77.77.77.77.77.77.77.77.77.77.50.64.77.50.58.77.11.1.75.30.77.11.50.6.27.26.58.58.75.77.29.50.74.77.77.77.26.75.9.58.77.50.77.77.75.19.64.55.50.50.xover.mutate.done 50
 generation 16.79.79.79.79.79.79.79.79.79.79.32.50.37.50.2.50.50.50.79.79.75.9.79.50.50.8.79.79.0.79.50.79.51.51.69.79.50.79.43.77.79.79.33.79.79.16.79.79.75.50.xover.mutate.done 50
 generation 17.75.75.75.75.75.75.75.75.75.75.75.75.75.56.52.75.75.56.75.52.52.75.52.75.52.52.56.75.75.13.52.40.25.2.75.75.56.52.75.18.27.75.75.75.52.56.71.27.27.18.xover.mutate.done 50
 generation 18.78.78.78.78.78.78.78.78.78.78.51.51.44.31.77.52.55.52.78.40.77.30.31.52.67.56.78.56.57.57.78.52.52.78.31.52.78.52.77.50.2.57.20.78.30.57.56.78.78.78.xover.mutate.done 50
 generation 19.80.80.80.80.80.80.80.80.80.80.50.80.56.13.45.80.50.8.0.53.47.80.80.22.50.20.80.50.80.50.50.26.67.26.80.50.6.47.80.56.80.52.47.80.50.80.50.50.50.80.xover.mutate.done 50
 generation 20.82.82.82.82.82.82.82.82.82.82.33.33.82.59.82.82.50.82.1.49.59.82.10.50.82.43.51.6.82.20.33.9.6.50.9.82.54.50.1.50.59.43.82.43.51.26.82.43.50.43.xover.mutate.done 50
 generation 21.83.83.83.83.83.83.83.83.83.83.51.24.83.83.83.60.60.51.60.3.51.44.12.29.76.36.52.83.36.26.76.60.54.83.11.3.49.83.83.50.83.83.83.76.83.7.3.3.23.83.xover.mutate.done 50
 generation 22.78.78.78.78.78.78.78.78.78.78.78.78.29.78.78.77.78.6.78.54.11.78.78.29.30.78.78.77.50.34.50.55.77.78.54.55.50.47.60.43.50.50.50.50.77.29.58.77.54.78.xover.mutate.done 50
 generation 23.79.79.79.79.79.79.79.79.79.79.51.79.79.79.49.29.79.79.79.51.50.76.79.51.79.79.82.50.54.10.57.51.78.79.79.79.3.51.29.53.79.79.1.78.8.57.51.9.57.50.xover.mutate.done 50
 generation 24.76.76.76.76.76.76.76.76.76.76.53.76.35.76.76.76.76.53.6.53.53.45.76.53.53.76.50.53.61.76.29.29.76.76.53.49.41.61.53.61.76.53.76.76.53.76.76.53.76.29.xover.mutate.done 50
 generation 25.79.84.84.84.84.84.84.84.84.84.81.10.0.50.51.50.51.84.84.84.38.10.84.26.50.51.84.84.50.34.50.50.84.84.74.84.60.55.84.51.61.50.51.50.0.84.55.61.51.61.xover.mutate.done 50
 generation 26.82.82.82.82.82.82.82.82.82.82.50.82.54.82.50.50.50.50.12.82.50.58.50.50.50.50.50.55.50.50.82.50.82.50.82.55.80.80.82.59.50.82.82.55.50.50.54.82.50.50.xover.mutate.done 50
 generation 27.81.81.81.81.81.81.81.81.81.81.81.16.81.3.50.50.59.81.53.16.51.62.3.81.81.81.71.50.50.35.81.54.24.81.81.81.50.81.3.56.50.22.59.50.81.50.81.60.81.50.xover.mutate.done 50
 generation 28.77.77.77.77.77.77.77.77.77.77.50.50.55.50.59.50.54.50.58.77.77.42.77.50.77.50.55.50.50.50.60.59.50.77.50.58.77.29.24.50.77.13.9.42.77.60.60.75.77.50.xover.mutate.done 50
 generation 29.85.85.85.85.85.85.85.85.85.85.85.60.50.85.36.0.60.50.0.85.50.50.85.85.63.50.85.85.60.50.50.50.50.85.60.85.35.85.20.50.24.85.85.18.60.85.60.50.60.50.xover.mutate.done 50
 generation 30.82.82.82.82.82.82.82.82.82.82.82.50.50.50.82.50.50.50.45.56.50.82.50.82.14.82.50.82.0.0.39.50.82.50.82.82.82.82.82.82.50.7.56.50.32.82.50.45.69.81.xover.mutate.done 50
 generation 31.85.85.85.85.85.85.85.85.85.85.85.59.41.55.49.10.48.8.52.52.52.52.10.52.52.50.52.52.85.52.8.85.57.50.52.85.85.6.48.85.85.52.43.8.3.14.85.3.56.3.xover.mutate.done 50
 generation 32.82.82.82.82.82.82.82.82.82.82.58.51.51.26.19.51.1.51.82.51.58.15.82.56.58.47.51.19.51.52.56.51.29.58.51.53.82.82.16.82.51.78.50.56.82.82.56.51.58.82.xover.mutate.done 50
 generation 33.81.81.81.81.81.81.81.81.81.81.58.61.46.46.50.58.58.7.48.81.19.1.9.58.50.56.81.45.45.46.50.70.61.45.81.48.46.58.19.50.19.81.51.45.81.43.60.45.50.50.xover.mutate.done 50
 generation 34.82.82.82.82.82.82.82.82.82.82.50.49.45.53.82.53.50.13.82.2.12.52.52.59.2.50.59.50.53.2.26.13.82.52.52.59.50.50.82.63.18.50.50.50.82.82.47.15.2.0.xover.mutate.done 50
 generation 35.82.82.82.82.82.82.82.82.82.82.82.82.52.71.82.62.52.50.37.0.34.8.39.71.82.82.40.70.62.14.52.82.60.62.13.82.52.50.50.50.15.50.50.82.82.82.50.82.50.45.xover.mutate.done 50
 generation 36.82.82.82.82.82.82.82.82.82.82.50.44.52.35.44.50.50.50.3.51.82.18.14.67.82.48.82.82.67.50.82.50.50.50.42.67.52.82.53.82.60.58.67.82.58.45.6.50.50.82.xover.mutate.done 50
 generation 37.79.79.79.79.79.79.79.79.79.79.50.2.42.79.0.52.79.9.70.61.34.15.52.41.2.2.52.36.61.79.52.14.52.52.15.70.79.50.12.2.70.79.2.23.46.79.2.50.80.79.xover.mutate.done 50
 generation 38.82.82.82.82.82.82.82.82.82.82.3.82.52.41.2.82.41.52.51.82.82.82.82.52.41.52.52.20.3.60.69.82.82.54.82.20.60.52.50.69.82.3.60.14.82.52.51.52.51.3.xover.mutate.done 50
 generation 39.82.82.82.82.82.82.82.82.82.82.50.82.82.82.82.82.43.32.82.52.82.42.82.82.82.50.50.82.82.82.50.43.82.82.50.82.82.82.52.54.82.2.52.82.2.52.82.50.52.52.xover.mutate.done 50
 generation 40.80.80.80.80.80.80.80.80.80.80.2.58.29.50.2.50.52.10.2.80.11.80.31.50.60.60.60.60.12.80.37.2.80.60.52.80.50.53.52.50.80.12.80.50.50.80.23.36.80.2.xover.mutate.done 50
 generation 41.80.80.80.80.80.80.80.80.80.80.80.6.50.80.50.50.52.43.80.0.50.50.0.80.76.50.56.80.80.0.50.54.80.76.2.0.43.56.54.50.54.50.16.0.0.80.80.55.50.80.xover.mutate.done 50
 generation 42.78.78.78.78.78.78.78.78.78.78.60.78.1.50.78.78.46.78.78.50.51.77.57.61.44.50.60.45.50.1.76.7.59.50.11.78.59.78.0.50.50.60.0.50.78.51.25.46.77.50.xover.mutate.done 50
 generation 43.81.81.81.81.81.81.81.81.81.81.2.50.10.81.60.81.2.81.20.50.81.81.52.52.51.61.61.78.81.52.81.60.63.59.50.52.63.78.52.60.52.50.78.2.81.81.52.63.81.81.xover.mutate.done 50
 generation 44.81.81.81.81.81.81.81.81.81.81.81.40.81.81.81.50.81.76.16.2.48.56.50.66.60.81.50.39.50.39.81.50.29.39.79.12.50.81.81.81.33.80.60.50.81.81.81.81.81.50.xover.mutate.done 50
 generation 45.86.85.85.85.85.85.85.85.85.85.85.85.51.59.34.50.85.85.85.50.51.51.66.51.85.85.51.85.51.1.59.41.86.84.50.64.51.51.56.51.51.85.51.50.51.85.51.51.85.35.xover.mutate.done 50
 generation 46.74.74.74.74.74.74.74.74.74.74.74.51.70.24.74.51.43.74.51.74.74.51.27.74.51.51.70.46.43.74.74.2.2.2.51.51.12.51.51.74.74.39.51.58.51.74.74.2.74.49.xover.mutate.done 50
 generation 47.79.79.78.78.78.78.78.78.78.78.78.0.50.51.78.1.55.1.3.50.68.1.50.23.78.55.51.50.50.51.51.53.68.39.1.15.50.36.78.78.78.36.0.0.53.78.78.53.50.78.xover.mutate.done 50
 generation 48.77.77.77.77.77.77.77.77.77.77.4.54.54.0.60.50.77.73.61.0.60.74.44.17.77.42.21.54.77.77.51.29.77.50.50.77.51.74.50.77.50.77.50.0.0.77.42.42.77.77.xover.mutate.done 50
 generation 49.79.79.79.79.79.79.79.79.79.79.63.75.25.2.60.79.51.79.51.79.79.51.46.60.8.42.42.79.45.51.51.51.79.79.78.79.51.11.51.79.51.79.75.42.51.79.10.79.50.79.xover.mutate.done 50
 21791711 iters     900979 iter/sec (24.19 s)
 total time: 24.19
