51 51 50 50 50 50 50 50 50 50 50 50 50 50 50 14 11 2 2 2 2 2 2 2 2 2 1 1 1 1 1 1 1 1 1 1 1 1 1 1 1 1 1 1 1 1 1 1 1 1 
52 52 50 50 50 50 50 50 50 50 50 50 50 50 50 50 50 50 50 50 38 14 13 13 13 8 7 3 2 2 2 2 2 2 2 2 2 2 2 2 2 2 2 2 2 2 2 0 0 0 
51 51 51 51 51 51 51 51 50 50 50 50 50 50 50 50 50 50 50 50 50 50 50 50 50 50 47 17 7 6 5 5 1 1 1 1 1 1 1 1 1 1 1 1 1 1 0 0 0 0 
50 50 50 50 50 50 50 50 50 50 50 50 50 50 50 50 50 50 50 50 50 50 50 50 50 50 50 50 50 50 50 50 50 50 50 50 50 7 4 0 0 0 0 0 0 0 0 0 0 0 
57 51 51 51 51 51 51 51 51 51 51 51 51 51 51 51 50 50 50 50 50 50 50 50 50 50 32 15 13 13 10 9 1 1 1 1 1 1 1 1 1 1 1 1 1 1 1 1 0 0 
58 51 51 50 50 50 50 50 50 50 50 50 50 50 50 50 50 50 50 50 50 50 50 50 50 50 50 50 50 50 50 50 14 13 7 5 4 1 1 1 1 1 1 1 1 1 1 0 0 0 
57 57 52 52 52 52 52 52 52 52 52 52 52 52 52 52 52 52 52 52 52 52 52 52 52 52 52 52 52 50 50 50 50 50 50 50 28 17 9 9 6 2 2 2 2 2 2 2 2 0 
59 59 59 50 50 50 50 50 50 50 50 50 50 50 50 50 50 50 50 50 50 50 50 50 50 50 50 50 50 50 50 50 50 50 32 20 19 15 14 6 6 5 0 0 0 0 0 0 0 0 
64 58 58 58 58 58 53 53 53 53 53 53 53 53 53 53 53 53 53 53 53 53 53 53 53 53 53 53 53 53 50 50 22 20 17 15 14 11 10 10 10 7 4 4 4 4 4 4 4 3 
69 65 60 60 60 60 60 60 60 51 51 51 51 51 51 51 51 51 51 51 51 51 51 51 51 51 51 51 50 50 41 39 37 25 20 20 9 7 3 3 1 1 1 1 1 1 1 1 0 0 
66 66 63 57 57 57 57 57 57 57 57 50 50 50 50 50 50 50 50 50 50 50 50 50 50 50 50 50 45 22 22 19 17 10 9 9 8 8 8 6 1 1 1 1 1 1 1 0 0 0 
63 61 61 61 61 61 59 58 58 58 58 58 58 58 58 57 54 51 51 51 51 51 51 51 51 51 51 51 51 50 50 50 50 30 14 13 8 8 8 7 1 1 1 1 1 1 1 1 0 0 
70 70 69 69 69 69 69 69 69 69 69 69 69 68 68 68 67 60 60 59 59 59 59 59 59 59 50 50 50 50 50 50 50 50 50 50 50 50 50 50 29 9 9 9 0 0 0 0 0 0 
69 69 69 69 68 67 66 66 66 66 66 66 66 66 65 64 63 61 55 55 55 55 55 55 55 55 55 55 55 51 51 51 51 51 50 24 22 19 17 16 16 14 1 1 1 1 1 1 1 1 
71 71 71 71 71 71 71 71 70 67 65 65 65 65 65 65 65 65 64 63 63 62 56 50 50 50 50 50 50 50 50 28 26 25 21 21 21 19 19 17 14 13 13 12 6 6 5 0 0 0 
64 64 64 64 64 64 64 64 64 64 64 63 63 62 62 62 62 61 61 55 55 51 51 51 50 50 50 50 50 50 28 27 27 25 22 22 22 17 14 14 12 12 12 12 12 12 11 1 1 1 
64 64 64 64 64 64 64 64 64 64 64 64 64 64 64 63 62 62 61 59 57 56 54 54 51 51 50 50 50 44 37 35 32 30 23 21 19 17 16 16 16 13 12 12 11 10 6 4 4 2 
69 69 69 69 69 69 69 69 69 69 69 69 69 69 69 69 69 65 65 65 65 65 64 64 62 60 60 51 51 51 51 51 50 45 36 33 32 30 29 29 25 25 20 19 19 17 15 12 11 1 
72 69 69 69 69 69 69 69 69 69 69 69 69 69 69 69 69 69 69 69 69 67 64 63 63 63 63 62 61 61 58 53 53 51 51 51 51 48 36 30 28 20 13 11 10 8 2 2 2 1 
70 64 64 64 64 64 64 64 64 64 64 64 64 64 64 64 64 64 64 64 64 64 61 61 59 55 55 55 55 51 51 51 51 51 46 43 39 35 28 24 23 23 21 14 14 14 11 8 1 1 
66 64 64 64 64 64 64 64 64 64 64 64 64 64 64 64 64 64 64 64 63 63 62 62 58 58 58 53 53 53 51 50 50 50 50 47 45 41 39 39 32 25 17 15 15 15 13 7 4 1 
74 69 69 69 69 69 69 69 69 69 69 69 69 69 69 69 69 69 69 69 69 67 67 65 65 62 50 50 50 50 50 48 44 43 42 33 32 32 30 28 28 27 21 21 19 19 16 0 0 0 
71 71 67 67 67 67 67 67 67 67 67 67 67 67 67 67 67 67 67 67 66 66 64 54 54 54 51 51 51 51 51 51 50 36 36 31 29 28 27 26 25 19 19 17 16 7 1 1 1 0 
73 71 71 69 69 69 69 69 69 69 69 69 69 69 69 69 69 69 69 69 69 65 65 64 58 58 58 51 51 51 50 50 50 50 50 50 50 50 49 29 27 27 27 26 26 22 20 12 2 1 
76 72 72 72 72 72 72 72 72 72 72 72 72 72 72 72 72 72 65 65 64 63 62 58 57 55 55 52 50 50 50 50 41 31 31 31 30 30 28 28 28 23 23 22 22 22 5 0 0 0 
73 71 69 69 69 69 69 69 69 69 69 69 69 69 69 69 69 69 64 61 61 61 61 60 56 56 53 52 51 51 51 51 51 51 51 34 30 25 25 22 22 22 21 21 21 19 19 19 14 9 
73 73 72 72 72 70 70 70 70 70 70 70 70 70 70 70 70 70 70 70 68 68 68 65 65 59 59 52 52 52 52 52 52 52 52 52 50 50 44 38 30 25 23 22 20 20 20 5 2 2 
75 75 75 75 72 71 71 69 69 69 69 69 69 69 69 69 69 69 69 69 69 69 69 69 68 61 58 58 51 51 51 51 51 51 50 50 50 47 25 22 22 21 21 21 19 7 1 1 1 1 
72 72 72 72 66 66 66 65 65 65 65 65 65 65 65 65 65 64 64 64 55 51 51 51 51 51 51 51 51 50 40 29 23 23 21 21 16 15 13 13 12 12 10 7 7 7 5 3 1 1 
74 74 74 74 74 74 74 74 71 71 71 71 70 68 68 68 68 68 68 68 68 68 65 61 59 57 57 53 52 52 52 52 50 50 50 50 42 29 29 29 28 26 25 22 22 20 19 4 2 2 
83 83 82 82 82 78 78 78 78 78 78 78 78 78 78 78 78 78 71 71 71 67 67 67 67 61 55 50 50 50 50 50 50 50 50 50 50 49 49 45 42 37 33 32 29 21 6 6 5 0 
82 82 82 82 82 82 82 81 81 81 81 81 81 80 78 78 78 78 78 78 78 78 78 77 77 76 76 66 65 60 60 60 57 57 57 57 57 56 51 51 51 51 51 51 49 47 45 38 5 5 
76 76 76 76 76 76 76 76 76 76 76 76 76 76 76 76 75 73 73 71 71 71 71 70 69 64 51 51 51 51 51 51 51 50 50 49 48 42 40 38 33 27 21 15 2 2 2 2 2 2 
83 83 83 83 83 83 83 83 83 83 83 83 83 83 83 83 83 82 82 82 82 82 82 81 79 77 74 63 63 63 55 52 52 50 50 50 50 50 50 50 41 39 38 34 29 27 7 7 2 2 
80 80 80 80 80 80 80 80 80 80 80 79 79 79 79 79 78 78 78 77 77 77 75 73 73 70 70 68 62 54 54 54 52 52 52 52 52 52 52 52 50 50 50 50 50 50 34 24 2 2 
77 77 77 77 77 77 77 77 77 77 77 77 77 77 77 77 77 76 76 75 74 74 69 67 67 65 64 64 63 51 51 51 50 50 50 50 50 50 50 50 50 45 40 34 32 31 30 24 12 1 
77 77 77 77 77 77 77 77 77 77 77 77 77 77 77 77 77 77 77 77 77 76 76 76 75 75 75 74 69 69 63 55 52 52 50 50 50 50 46 38 37 35 14 9 2 2 2 2 2 0 
80 80 80 80 80 80 80 80 80 80 80 80 80 80 80 80 80 79 77 77 75 73 67 67 67 54 54 54 53 51 50 50 50 50 50 50 50 50 50 50 50 50 50 50 39 39 36 33 0 0 
87 87 87 87 87 87 87 87 87 87 87 87 87 87 87 87 87 87 87 87 87 87 85 80 80 80 75 75 73 71 70 67 64 63 60 56 51 51 51 51 51 51 50 42 41 37 35 1 1 1 
88 88 88 88 88 88 88 88 88 88 88 88 88 88 88 88 88 88 88 88 88 88 83 83 83 83 83 82 78 77 72 72 66 66 63 62 61 61 51 51 51 51 50 50 50 50 42 26 20 1 
79 79 79 79 79 79 79 79 79 79 79 79 79 79 79 79 79 74 66 66 63 61 60 58 58 57 54 51 51 51 51 51 51 50 50 50 48 47 44 44 40 39 39 38 35 30 29 23 16 0 
80 80 80 80 80 80 80 80 80 80 80 80 80 80 80 80 79 79 76 74 73 70 66 62 56 56 56 54 53 53 51 51 51 50 50 50 50 50 50 50 47 40 31 27 15 8 6 6 2 1 
81 81 81 81 81 81 81 81 81 81 81 81 81 81 81 81 81 81 81 81 81 81 81 81 79 78 72 65 62 62 61 56 51 51 51 51 51 50 50 50 50 48 46 39 38 38 36 35 18 1 
78 78 78 78 78 78 78 78 78 78 78 78 78 78 78 78 73 71 70 69 64 64 57 57 57 57 50 50 50 50 50 49 48 48 48 45 44 43 43 40 33 31 31 31 30 27 20 8 1 1 
81 81 81 81 81 81 81 81 81 81 81 81 81 81 81 81 81 81 81 78 76 74 74 70 66 59 59 58 57 56 56 51 51 51 51 51 50 50 50 50 47 44 42 38 35 33 32 32 27 0 
80 80 80 80 80 80 80 80 80 80 80 80 80 80 80 80 80 80 79 79 79 79 75 70 68 66 59 54 54 52 52 51 51 51 51 51 51 51 51 51 51 48 46 40 36 35 33 31 30 19 
75 75 75 75 75 75 75 75 75 75 75 75 75 75 75 75 75 75 75 75 75 75 75 73 72 71 70 69 69 66 65 65 62 59 56 56 56 52 52 52 52 52 52 52 36 31 31 31 31 26 
74 74 74 74 74 74 74 74 74 74 74 74 74 74 74 74 74 74 74 74 72 72 72 71 71 69 65 63 57 56 56 55 54 51 51 51 51 50 50 31 31 30 30 30 22 13 13 13 1 1 
83 83 83 83 83 83 83 83 83 83 83 83 83 83 83 83 83 83 83 82 81 81 80 80 80 80 80 76 76 74 69 66 63 60 60 60 59 54 54 54 46 40 40 37 36 35 26 12 11 7 
78 78 78 78 78 78 78 78 78 78 78 78 78 78 78 78 78 78 75 75 75 73 72 72 71 70 60 60 60 57 57 52 52 50 50 50 50 50 50 50 49 49 45 41 34 34 19 14 2 0 
