56 50 50 50 50 50 50 50 50 50 50 50 50 15 12 9 7 5 5 2 2 2 2 2 2 2 2 2 2 2 2 2 1 1 1 1 1 1 1 1 1 1 1 1 1 1 1 1 1 1 
53 53 53 51 51 51 50 50 50 50 50 50 50 50 50 50 50 50 50 50 50 50 50 50 50 50 44 39 34 21 18 13 11 6 1 1 1 1 1 1 1 1 1 1 1 1 0 0 0 0 
81 62 53 53 53 51 51 50 50 50 50 50 50 50 50 50 50 50 50 50 50 50 50 50 50 50 50 50 50 50 50 50 50 42 42 39 33 24 21 21 18 1 1 1 1 1 1 0 0 0 
80 65 62 62 62 62 53 53 53 53 52 50 50 50 50 50 50 50 50 50 50 50 50 50 50 50 50 50 50 40 32 31 23 23 20 3 3 3 3 3 3 3 3 1 1 0 0 0 0 0 
77 57 56 56 55 55 55 55 55 51 51 51 51 51 51 51 51 50 50 50 50 50 50 50 50 50 50 50 50 50 46 46 41 35 21 10 2 1 1 1 1 1 1 1 1 1 1 0 0 0 
83 81 57 57 54 54 51 51 51 51 51 51 51 51 51 51 50 50 50 50 50 50 33 32 24 18 13 11 11 10 6 6 1 1 1 1 1 1 1 1 1 1 1 1 0 0 0 0 0 0 
79 77 77 77 76 64 64 63 63 63 63 63 63 62 62 60 58 50 50 50 50 50 50 50 32 31 21 9 9 5 4 4 4 4 4 4 1 1 1 1 1 1 1 1 1 0 0 0 0 0 
76 75 75 75 75 67 67 67 51 51 51 50 50 50 50 50 50 50 50 50 46 46 46 46 46 46 33 23 17 16 10 8 8 6 6 6 4 4 4 1 1 1 1 1 1 1 1 0 0 0 
81 79 79 79 79 79 71 71 71 67 67 63 63 63 60 55 51 51 50 50 50 50 50 50 44 43 43 36 33 15 10 10 10 7 7 1 1 1 1 1 1 1 1 1 1 1 1 0 0 0 
80 80 80 80 80 80 80 80 73 73 73 73 73 66 66 64 64 56 55 52 52 51 51 51 51 51 51 50 50 50 50 50 50 50 49 44 44 13 12 10 4 3 3 3 2 2 2 1 1 1 
75 75 75 75 75 75 75 75 75 75 75 75 75 75 75 72 72 66 61 58 58 54 52 52 52 52 52 51 50 50 50 50 50 35 34 10 8 8 3 3 3 3 3 2 2 1 1 1 1 1 
87 86 85 85 85 85 85 85 85 85 85 85 85 85 85 82 75 75 71 69 58 58 57 54 54 54 51 51 51 51 51 50 50 50 50 50 50 50 50 50 50 44 8 6 6 1 1 1 1 0 
82 82 82 82 82 82 82 82 82 82 82 82 82 82 82 82 82 70 69 65 65 61 61 60 60 60 57 51 51 51 51 51 51 51 51 51 51 51 51 51 50 50 40 36 20 11 8 8 1 1 
86 86 86 86 86 86 85 85 85 85 85 85 85 85 85 85 85 85 85 71 71 63 62 62 62 62 62 62 62 62 62 57 52 50 50 50 50 45 42 20 20 13 13 12 12 11 7 7 1 1 
84 84 84 84 84 84 84 84 84 84 83 83 82 82 82 82 82 82 82 82 82 82 78 77 66 65 65 65 54 54 54 54 54 54 54 54 53 53 53 52 52 52 51 50 50 50 40 37 18 7 
77 77 77 77 77 77 77 77 77 77 77 77 77 77 77 77 77 77 77 77 75 75 75 75 74 64 64 58 58 58 58 55 50 50 50 50 50 50 50 30 29 27 26 26 19 11 11 9 6 1 
79 79 79 79 79 79 79 79 79 79 79 79 79 79 79 79 79 79 79 79 79 79 79 79 79 77 75 75 69 51 51 50 50 50 50 50 50 50 50 50 50 43 37 33 32 16 9 8 2 0 
75 75 75 75 75 75 75 75 75 75 75 75 75 75 75 75 75 75 75 75 75 75 75 75 75 75 71 56 56 56 56 56 52 52 52 52 52 52 52 52 52 40 27 27 27 25 18 18 13 2 
78 78 78 78 78 78 78 78 78 78 78 78 78 78 78 78 78 78 78 77 77 77 67 57 57 57 57 56 56 56 55 52 52 52 52 52 52 52 51 51 50 44 40 31 31 31 30 30 20 2 
80 80 80 80 80 80 80 80 80 80 80 80 80 80 80 80 80 80 80 80 80 80 67 56 56 53 52 50 50 50 50 50 50 50 50 50 50 50 47 47 47 45 26 26 22 20 13 8 6 0 
82 82 82 82 82 82 82 82 82 82 82 82 82 82 82 82 82 82 82 82 59 59 59 54 51 51 50 50 50 50 50 50 49 43 43 43 43 43 33 33 33 26 20 10 9 9 6 6 1 1 
83 83 83 83 83 83 83 83 83 83 83 83 83 83 83 83 83 83 83 83 83 83 76 76 76 60 60 60 60 54 52 51 51 51 50 49 44 36 36 29 26 24 23 12 11 7 3 3 3 3 
78 78 78 78 78 78 78 78 78 78 78 78 78 78 78 78 78 78 78 78 78 78 77 77 77 77 77 60 58 55 55 54 54 54 50 50 50 50 50 50 50 47 43 34 30 29 29 29 11 6 
82 79 79 79 79 79 79 79 79 79 79 79 79 79 79 79 79 79 79 79 79 79 79 79 79 78 78 76 57 57 57 54 53 51 51 51 51 51 51 50 50 50 49 29 29 10 9 8 3 1 
76 76 76 76 76 76 76 76 76 76 76 76 76 76 76 76 76 76 76 76 76 76 76 76 76 76 61 61 61 53 53 53 53 53 53 53 53 53 53 53 53 50 49 45 41 35 29 29 29 6 
84 84 84 84 84 84 84 84 84 84 84 84 84 84 84 84 84 84 84 84 81 79 74 61 61 61 60 55 55 51 51 51 51 51 51 50 50 50 50 50 50 50 50 38 34 26 10 10 0 0 
82 82 82 82 82 82 82 82 82 82 82 82 82 82 82 82 82 82 82 82 80 80 59 58 55 55 55 54 54 50 50 50 50 50 50 50 50 50 50 50 50 50 50 50 50 50 50 50 50 12 
81 81 81 81 81 81 81 81 81 81 81 81 81 81 81 81 81 81 81 81 81 81 81 81 71 62 60 59 59 56 54 53 51 50 50 50 50 50 50 50 50 50 35 24 22 16 16 3 3 3 
77 77 77 77 77 77 77 77 77 77 77 77 77 77 77 77 77 77 77 75 60 60 60 59 59 58 58 55 55 54 50 50 50 50 50 50 50 50 50 50 50 50 50 50 42 42 29 24 13 9 
85 85 85 85 85 85 85 85 85 85 85 85 85 85 85 85 85 85 85 85 85 85 85 63 60 60 60 60 60 60 60 50 50 50 50 50 50 50 50 50 50 50 50 36 35 24 20 18 0 0 
82 82 82 82 82 82 82 82 82 82 82 82 82 82 82 82 82 82 82 82 82 82 82 82 81 69 56 56 50 50 50 50 50 50 50 50 50 50 50 50 50 50 45 45 39 32 14 7 0 0 
85 85 85 85 85 85 85 85 85 85 85 85 85 85 85 85 85 85 59 57 56 55 52 52 52 52 52 52 52 52 52 52 52 50 50 49 48 48 43 41 14 10 10 8 8 8 6 3 3 3 
82 82 82 82 82 82 82 82 82 82 82 82 82 82 82 82 82 82 78 58 58 58 58 58 56 56 56 56 53 52 51 51 51 51 51 51 51 51 51 51 51 50 47 29 26 19 19 16 15 1 
81 81 81 81 81 81 81 81 81 81 81 81 81 81 81 70 61 61 60 58 58 58 58 58 56 51 50 50 50 50 50 50 48 48 46 46 46 46 45 45 45 45 45 43 19 19 19 9 7 1 
82 82 82 82 82 82 82 82 82 82 82 82 82 82 82 82 63 59 59 59 53 53 53 52 52 52 52 50 50 50 50 50 50 50 50 50 49 47 45 26 18 15 13 13 12 2 2 2 2 0 
82 82 82 82 82 82 82 82 82 82 82 82 82 82 82 82 82 82 82 82 82 71 71 70 62 62 62 60 52 52 52 52 50 50 50 50 50 50 50 50 45 40 39 37 34 15 14 13 8 0 
82 82 82 82 82 82 82 82 82 82 82 82 82 82 82 82 82 82 82 67 67 67 67 60 58 58 53 52 52 51 50 50 50 50 50 50 50 50 50 50 48 45 44 44 42 35 18 14 6 3 
80 79 79 79 79 79 79 79 79 79 79 79 79 79 79 79 79 79 70 70 70 61 61 52 52 52 52 52 52 50 50 50 46 42 41 36 34 23 15 15 14 12 9 2 2 2 2 2 2 0 
82 82 82 82 82 82 82 82 82 82 82 82 82 82 82 82 82 82 82 82 82 69 69 60 60 60 54 52 52 52 52 52 52 52 52 51 51 51 50 41 41 41 20 20 14 3 3 3 3 2 
82 82 82 82 82 82 82 82 82 82 82 82 82 82 82 82 82 82 82 82 82 82 82 82 82 82 82 82 82 82 82 54 52 52 52 52 52 52 50 50 50 50 50 50 43 43 42 32 2 2 
80 80 80 80 80 80 80 80 80 80 80 80 80 80 80 80 80 80 80 60 60 60 60 60 58 53 52 52 52 50 50 50 50 50 50 50 37 36 31 29 23 12 12 11 10 2 2 2 2 2 
80 80 80 80 80 80 80 80 80 80 80 80 80 80 80 80 80 80 80 80 76 76 56 56 55 54 54 54 52 50 50 50 50 50 50 50 50 50 50 43 43 16 6 2 0 0 0 0 0 0 
78 78 78 78 78 78 78 78 78 78 78 78 78 78 78 78 78 78 77 77 76 61 60 60 60 59 59 57 51 51 50 50 50 50 50 50 50 50 50 46 46 45 44 25 11 7 1 1 0 0 
81 81 81 81 81 81 81 81 81 81 81 81 81 81 81 81 81 81 81 81 81 78 78 78 63 63 63 61 61 60 60 60 59 52 52 52 52 52 52 52 51 50 50 50 50 20 10 2 2 2 
81 81 81 81 81 81 81 81 81 81 81 81 81 81 81 81 81 81 81 81 81 81 81 81 81 80 79 76 66 60 60 56 50 50 50 50 50 50 50 50 48 40 39 39 39 33 29 16 12 2 
86 86 85 85 85 85 85 85 85 85 85 85 85 85 85 85 85 85 85 85 85 85 84 66 64 59 59 56 51 51 51 51 51 51 51 51 51 51 51 51 51 51 50 50 50 50 41 35 34 1 
74 74 74 74 74 74 74 74 74 74 74 74 74 74 74 74 74 74 74 74 74 74 74 70 70 58 51 51 51 51 51 51 51 51 51 51 51 51 49 46 43 43 39 27 24 12 2 2 2 2 
79 79 78 78 78 78 78 78 78 78 78 78 78 78 78 78 78 78 78 68 68 55 55 53 53 53 51 51 51 51 50 50 50 50 50 50 50 39 36 36 23 15 3 1 1 1 1 0 0 0 
77 77 77 77 77 77 77 77 77 77 77 77 77 77 77 77 77 77 77 77 77 74 74 73 61 60 60 54 54 54 51 51 50 50 50 50 50 50 44 42 42 42 29 21 17 4 0 0 0 0 
79 79 79 79 79 79 79 79 79 79 79 79 79 79 79 79 79 79 79 79 79 79 79 78 75 75 63 60 60 51 51 51 51 51 51 51 51 51 51 50 46 45 42 42 42 25 11 10 8 2 
