0.875 0.65625 0.46875 0.53125 0.96875 1.0 0.5 0.4375 0.21875 0.5 
0.125 0.96875 1.0 0.03125 0.75 0.125 0.03125 0.90625 0.0 0.0 
0.125 0.125 0.84375 0.125 0.3125 0.0625 0.96875 1.0 0.03125 0.75 
0.5625 0.46875 0.125 0.125 0.125 0.71875 0.5625 0.125 0.3125 0.0625 
0.5625 0.46875 0.125 0.125 0.125 0.125 0.71875 0.5625 0.1875 0.78125 
0.5625 0.09375 0.46875 0.46875 0.125 0.125 0.125 0.125 0.125 0.71875 
0.5625 0.5 0.46875 0.46875 0.09375 0.09375 0.125 0.125 0.125 0.125 
0.5625 0.5 0.5 0.5 0.5 0.09375 0.09375 0.125 0.125 0.125 
0.5625 0.5 0.5 0.5 0.5 0.5 0.5 0.4375 0.09375 0.09375 
0.5625 0.5 0.5 0.5 0.5 0.5 0.5 0.5 0.5 0.4375 
0.5625 0.5 0.5 0.5 0.5 0.5 0.5 0.5 0.5 0.5 
0.5625 0.5 0.5 0.5 0.5 0.5 0.5 0.5 0.5 0.5 
0.53125 0.5625 0.5 0.5 0.5 0.5 0.5 0.5 0.5 0.5 
0.53125 0.5625 0.5 0.5 0.5 0.5 0.5 0.5 0.5 0.5 
0.53125 0.5625 0.53125 0.53125 0.53125 0.53125 0.5 0.5 0.5 0.5 
0.53125 0.53125 0.53125 0.53125 0.53125 0.53125 0.53125 0.53125 0.53125 0.53125 
0.53125 0.53125 0.53125 0.53125 0.53125 0.53125 0.53125 0.53125 0.53125 0.53125 
0.53125 0.53125 0.53125 0.53125 0.53125 0.53125 0.53125 0.53125 0.53125 0.53125 
0.53125 0.53125 0.53125 0.53125 0.53125 0.53125 0.53125 0.53125 0.53125 0.53125 
0.53125 0.53125 0.53125 0.53125 0.53125 0.53125 0.53125 0.53125 0.53125 0.53125 
0.53125 0.53125 0.53125 0.53125 0.53125 0.53125 0.53125 0.53125 0.53125 0.53125 
0.53125 0.53125 0.53125 0.53125 0.53125 0.53125 0.53125 0.53125 0.53125 0.53125 
0.53125 0.53125 0.53125 0.53125 0.53125 0.53125 0.53125 0.53125 0.53125 0.53125 
0.53125 0.53125 0.53125 0.53125 0.53125 0.53125 0.53125 0.53125 0.53125 0.53125 
0.53125 0.53125 0.53125 0.53125 0.53125 0.53125 0.53125 0.53125 0.53125 0.53125 
0.53125 0.53125 0.53125 0.53125 0.53125 0.53125 0.53125 0.53125 0.53125 0.53125 
0.53125 0.53125 0.53125 0.53125 0.53125 0.53125 0.53125 0.53125 0.53125 0.53125 
0.53125 0.53125 0.53125 0.53125 0.53125 0.53125 0.53125 0.53125 0.53125 0.53125 
0.53125 0.53125 0.53125 0.53125 0.53125 0.53125 0.53125 0.53125 0.53125 0.53125 
0.53125 0.53125 0.53125 0.53125 0.53125 0.53125 0.53125 0.53125 0.53125 0.53125 
0.53125 0.53125 0.53125 0.53125 0.53125 0.53125 0.53125 0.53125 0.53125 0.53125 
0.53125 0.53125 0.53125 0.53125 0.53125 0.53125 0.53125 0.53125 0.53125 0.53125 
0.53125 0.53125 0.53125 0.53125 0.53125 0.53125 0.53125 0.53125 0.53125 0.53125 
0.53125 0.53125 0.53125 0.53125 0.53125 0.53125 0.53125 0.53125 0.53125 0.53125 
0.53125 0.53125 0.53125 0.53125 0.53125 0.53125 0.53125 0.53125 0.53125 0.53125 
0.53125 0.53125 0.53125 0.53125 0.53125 0.53125 0.53125 0.53125 0.53125 0.53125 
0.53125 0.53125 0.53125 0.53125 0.53125 0.53125 0.53125 0.53125 0.53125 0.53125 
0.53125 0.53125 0.53125 0.53125 0.53125 0.53125 0.53125 0.53125 0.53125 0.53125 
0.5625 0.53125 0.53125 0.53125 0.53125 0.53125 0.53125 0.53125 0.53125 0.53125 
0.5625 0.53125 0.53125 0.53125 0.53125 0.53125 0.53125 0.53125 0.53125 0.53125 
0.5625 0.53125 0.53125 0.53125 0.53125 0.53125 0.53125 0.53125 0.53125 0.53125 
0.5625 0.53125 0.53125 0.53125 0.53125 0.53125 0.53125 0.53125 0.53125 0.53125 
0.5625 0.53125 0.53125 0.53125 0.53125 0.53125 0.53125 0.53125 0.53125 0.53125 
0.5625 0.53125 0.53125 0.53125 0.53125 0.53125 0.53125 0.53125 0.53125 0.53125 
0.5625 0.53125 0.53125 0.53125 0.53125 0.53125 0.53125 0.53125 0.53125 0.53125 
0.5625 0.53125 0.53125 0.53125 0.53125 0.53125 0.53125 0.53125 0.53125 0.53125 
0.5625 0.5625 0.53125 0.53125 0.53125 0.53125 0.53125 0.53125 0.53125 0.53125 
0.5625 0.5625 0.53125 0.53125 0.53125 0.53125 0.53125 0.53125 0.53125 0.53125 
0.5625 0.5625 0.53125 0.53125 0.53125 0.53125 0.53125 0.53125 0.53125 0.53125 
0.5625 0.5625 0.53125 0.53125 0.53125 0.53125 0.53125 0.53125 0.53125 0.53125 
