51 50 50 50 50 50 50 50 50 50 50 50 50 50 30 19 14 1 1 1 1 1 1 1 1 1 1 1 1 1 1 1 1 1 1 1 1 1 0 0 0 0 0 0 0 0 0 0 0 0 
51 51 51 50 50 50 50 50 50 50 50 50 50 50 50 50 50 50 50 50 50 50 50 50 50 9 8 8 7 1 1 1 1 1 1 1 1 1 1 1 1 1 1 1 1 0 0 0 0 0 
59 51 51 51 51 51 51 51 50 50 50 50 50 50 50 50 50 50 50 50 50 50 50 50 50 50 50 50 50 49 34 34 14 12 10 7 4 2 2 2 2 2 1 1 1 1 1 1 1 1 
64 52 52 52 52 52 52 52 52 52 52 52 52 50 50 50 50 50 50 50 50 50 50 50 50 50 50 50 50 50 50 50 50 50 50 45 35 33 24 17 9 8 8 6 2 2 2 0 0 0 
64 50 50 50 50 50 50 50 50 50 50 50 50 50 50 50 50 50 50 50 50 50 50 50 50 50 50 50 50 50 33 27 20 20 19 18 10 6 0 0 0 0 0 0 0 0 0 0 0 0 
58 52 50 50 50 50 50 50 50 50 50 50 50 50 50 50 50 50 50 50 50 50 50 50 50 50 50 50 50 50 42 25 22 20 14 13 12 12 11 7 7 2 2 2 2 2 2 2 0 0 
60 54 53 53 52 52 52 52 52 52 52 52 52 52 52 52 52 52 52 52 52 52 52 52 52 52 52 52 52 52 52 52 52 52 50 50 21 18 16 15 14 12 10 10 8 5 5 3 2 2 
67 58 56 52 52 52 52 52 52 52 52 52 52 52 52 52 52 52 52 52 52 52 52 52 52 52 52 52 52 52 52 52 52 52 52 50 50 50 16 16 4 4 4 4 4 4 4 2 2 2 
64 52 51 51 51 51 51 51 51 51 51 51 51 51 51 51 51 51 51 51 51 51 51 51 51 51 51 51 50 50 50 45 16 12 12 11 11 10 8 1 1 1 1 1 1 1 1 1 1 0 
62 58 54 51 51 51 51 51 51 51 51 51 51 51 51 51 51 51 51 51 51 51 51 51 51 51 51 50 50 50 50 50 50 48 20 14 11 11 11 10 1 1 1 1 1 1 1 1 1 1 
75 67 66 64 62 62 57 51 50 50 50 50 50 50 50 50 50 50 50 50 50 50 50 50 50 50 50 50 50 50 50 50 50 33 31 16 15 13 1 1 1 1 1 1 1 1 0 0 0 0 
69 65 61 61 61 61 61 59 57 57 52 52 52 51 51 51 51 51 51 51 51 51 51 51 51 51 51 50 50 50 15 13 13 12 9 3 3 3 3 3 3 3 3 3 3 2 1 1 1 1 
69 62 59 59 59 58 58 58 58 58 58 55 55 55 53 51 51 51 51 50 50 50 50 50 50 44 25 24 19 19 12 9 9 7 5 5 5 5 1 1 1 1 1 1 1 1 0 0 0 0 
72 66 66 66 66 66 66 66 66 66 66 66 66 66 66 66 66 65 61 61 52 52 52 52 50 50 50 37 37 25 21 19 18 18 15 13 11 11 11 9 4 4 4 4 4 4 2 2 2 2 
80 68 65 65 65 57 57 57 57 57 56 56 55 55 55 55 55 55 55 55 55 55 55 55 55 55 55 54 54 54 54 50 50 50 50 50 39 33 33 32 15 14 11 10 10 2 2 2 2 0 
79 67 67 67 63 63 63 61 60 60 60 60 60 60 60 60 59 59 59 59 59 59 59 58 57 57 51 51 51 51 51 51 51 51 51 45 41 38 37 33 28 22 12 10 10 10 9 8 2 2 
86 78 75 75 73 68 68 68 58 58 58 58 58 58 58 58 58 58 58 58 56 56 56 54 50 50 50 50 50 50 50 50 50 50 37 35 34 32 29 23 16 15 10 10 10 9 8 8 8 2 
81 74 68 67 66 61 61 61 61 57 57 57 57 57 57 57 55 54 54 53 53 53 53 50 50 50 50 50 50 50 50 50 37 37 35 26 19 13 13 13 8 8 7 6 0 0 0 0 0 0 
79 79 79 74 70 70 67 65 65 65 65 55 55 55 55 54 54 54 54 54 54 51 51 51 51 51 51 51 51 50 50 50 50 37 34 30 29 22 20 20 19 19 17 17 16 14 12 11 7 4 
78 78 78 78 76 74 68 67 67 65 65 65 65 65 59 59 58 58 58 57 57 57 57 57 57 51 50 50 50 50 50 50 39 34 24 22 20 17 15 11 11 10 10 10 8 8 8 8 1 1 
80 77 77 77 77 77 76 72 72 71 71 70 68 67 67 65 65 63 63 63 63 62 56 56 56 56 55 55 55 55 55 50 50 50 50 50 38 38 29 25 23 14 8 6 6 6 6 1 1 1 
80 80 80 80 80 80 80 80 80 80 77 77 75 74 74 74 74 70 70 67 67 65 64 59 57 57 57 57 53 53 50 50 50 50 48 40 38 38 28 21 20 20 18 17 15 8 7 7 3 3 
80 80 80 80 80 80 80 80 80 80 80 80 78 78 78 74 74 74 72 67 66 63 62 62 61 60 57 51 51 50 50 50 50 50 50 46 41 40 28 25 21 21 16 10 10 8 1 1 1 0 
82 82 81 81 81 81 81 81 81 81 81 81 81 81 81 81 81 81 81 81 79 75 75 75 74 74 73 67 65 60 60 60 60 60 53 53 53 53 51 37 33 19 19 18 5 4 4 4 4 4 
77 77 77 77 77 76 76 76 76 76 76 76 76 76 76 76 76 76 73 72 70 70 65 65 63 63 63 62 62 54 51 51 51 51 51 51 51 44 43 36 31 23 22 16 8 8 8 2 2 2 
80 80 80 80 80 80 80 80 80 80 80 80 80 80 80 80 80 80 80 80 80 80 80 80 74 59 58 56 56 56 51 50 50 50 50 50 41 40 37 37 37 35 30 29 23 11 11 11 8 0 
74 74 74 74 74 74 74 74 72 72 72 72 72 72 72 72 72 72 64 64 63 61 60 60 59 58 58 58 56 56 56 55 55 55 50 50 50 50 50 50 50 45 37 34 34 33 14 14 6 0 
80 80 80 80 80 80 80 80 80 80 79 79 79 79 79 79 79 79 79 73 68 68 62 62 61 61 61 61 59 57 53 52 50 50 50 50 50 50 50 50 50 37 31 31 31 29 23 18 3 0 
84 84 84 84 84 84 84 84 84 84 84 84 83 83 83 83 83 83 83 83 83 83 81 78 78 58 53 51 51 51 51 51 51 51 51 51 51 50 50 46 44 34 27 17 17 12 10 2 2 2 
78 78 78 78 78 78 78 78 78 78 78 78 78 78 78 78 78 76 68 66 57 56 52 52 52 52 52 52 52 50 50 50 50 50 50 49 49 46 46 45 45 41 41 41 39 28 22 19 10 10 
83 83 83 83 83 83 83 83 83 83 83 83 83 83 83 83 83 83 83 82 82 81 81 81 71 67 64 56 53 52 52 52 51 51 51 51 51 51 51 51 51 50 41 23 19 16 9 2 2 1 
83 83 83 83 83 83 83 83 83 83 83 83 83 83 83 83 83 82 82 81 80 69 67 64 64 64 64 52 52 52 51 50 50 50 50 50 48 46 46 46 46 46 46 43 36 20 15 7 2 2 
82 82 82 82 82 82 82 81 81 81 81 81 81 81 81 81 81 81 81 81 63 58 51 51 51 51 51 50 50 50 50 50 50 50 50 50 50 50 48 43 42 30 23 23 14 14 12 8 1 0 
78 78 78 78 78 78 78 78 78 78 78 78 78 78 76 74 72 72 72 68 55 55 54 51 51 51 51 51 51 50 50 50 50 50 50 50 50 50 48 48 48 48 37 31 12 8 4 1 1 0 
85 85 85 85 85 85 85 85 85 85 85 85 85 85 85 85 85 85 85 85 85 70 60 60 60 58 54 54 54 54 53 53 51 51 51 50 50 50 50 50 47 41 39 37 36 35 1 1 1 0 
81 81 81 81 81 81 81 81 81 81 81 81 81 81 81 81 81 81 81 81 81 81 81 80 80 78 69 60 60 60 60 60 59 59 59 56 56 56 50 50 50 50 50 43 42 40 32 30 26 15 
85 85 85 85 85 85 85 85 85 85 85 85 85 85 85 85 85 85 85 85 85 85 61 57 57 55 55 54 52 52 52 50 50 50 50 50 50 50 50 50 47 41 37 37 37 26 13 11 5 0 
82 82 82 82 82 82 82 82 82 82 82 82 82 82 82 82 82 82 77 62 60 57 56 56 56 54 54 50 50 50 50 50 50 50 50 50 50 50 49 45 44 44 35 34 34 17 16 15 12 0 
79 79 79 79 79 79 79 79 79 79 79 79 79 79 79 79 79 79 78 78 78 78 77 63 59 53 53 53 53 50 50 50 49 49 39 36 35 33 20 16 13 13 10 10 8 8 8 3 3 3 
77 77 77 77 77 77 77 77 77 77 77 77 77 77 77 77 76 76 76 73 73 59 58 58 52 51 50 50 50 50 50 50 48 41 38 36 35 32 24 21 18 12 12 9 9 9 5 1 1 1 
75 75 75 75 75 75 75 75 75 75 75 75 75 75 75 75 75 75 75 75 75 75 74 58 54 54 54 52 52 50 50 50 50 50 34 34 34 33 33 27 27 26 25 21 16 8 2 2 2 2 
84 84 84 84 84 84 84 84 84 84 84 84 84 84 84 84 84 84 84 84 84 84 84 83 79 58 58 55 53 51 50 50 50 50 50 50 47 45 42 42 41 41 23 23 23 17 10 7 1 1 
86 85 85 85 85 85 85 85 85 85 85 85 85 85 85 85 85 85 85 85 85 85 81 77 67 58 57 57 56 54 51 50 50 50 50 39 38 30 22 19 18 18 17 16 4 0 0 0 0 0 
88 88 88 88 88 88 88 88 88 88 88 88 88 88 88 88 88 88 67 62 57 54 54 53 52 51 50 50 50 50 50 50 48 48 38 37 34 30 28 28 28 24 22 21 20 17 15 9 4 4 
82 79 79 79 79 79 79 79 79 79 79 79 79 79 79 79 79 79 79 79 79 79 69 69 69 59 52 52 52 52 52 50 50 50 47 46 39 36 36 36 36 31 31 29 26 19 15 13 2 2 
84 83 83 83 83 83 83 83 83 83 83 83 83 83 83 83 83 83 83 83 83 83 83 82 82 81 81 73 73 57 51 50 50 48 47 46 46 44 40 34 30 30 23 23 14 12 11 11 1 0 
82 82 82 82 82 82 82 82 82 82 82 82 82 82 82 82 82 82 82 82 82 82 82 79 74 63 62 62 60 52 52 52 52 52 52 52 52 51 51 51 51 45 44 33 25 24 14 12 6 3 
83 81 81 81 81 81 81 81 81 81 81 81 81 81 81 81 81 81 81 81 81 81 81 81 81 60 59 59 58 55 51 51 51 50 50 50 39 39 37 33 32 31 20 19 17 17 14 5 1 1 
82 82 82 82 82 82 82 82 82 82 82 82 82 82 82 82 82 82 82 82 82 82 82 82 82 82 82 82 61 61 61 51 50 50 50 50 50 50 43 41 39 35 35 34 33 33 13 6 4 1 
83 82 82 82 82 82 82 82 82 82 82 82 82 82 82 82 82 81 81 81 78 61 58 58 58 51 51 51 51 51 51 51 51 51 51 50 50 50 50 48 46 43 43 40 37 33 21 19 1 1 
