% Ministry of Cellular Automata
% Project Deux (CS523 Spring 2015)
% Version:v0.1-66-g3e0f-dirty
%  pop:50
%  ic count:100
%  CA Log option:r2/run11
%  width:121
%  max workers:4
%  radius:2
%  iterations:300
%  generations:50

 generation 0.2.2.1.50.51.1.1.2.1.1.1.2.50.2.1.1.1.1.1.50.50.50.1.50.1.50.1.2.50.1.1.2.50.50.1.6.2.8.50.50.50.2.1.1.2.1.50.51.50.1.xover.mutate.done 50
 generation 1.51.50.50.50.50.50.50.50.50.50.50.51.51.51.0.22.1.1.1.51.1.50.51.50.1.50.1.50.25.1.20.24.31.1.1.51.50.10.50.50.50.53.50.50.50.41.0.50.1.50.xover.mutate.done 50
 generation 2.45.50.50.50.50.50.50.50.50.50.0.50.0.4.50.0.50.22.0.50.3.0.0.0.0.50.50.50.7.50.0.6.50.50.0.22.13.50.0.50.50.50.50.0.50.0.0.0.0.0.xover.mutate.done 50
 generation 3.51.51.51.51.51.51.51.50.50.50.51.49.51.1.51.50.0.1.1.28.1.1.50.51.7.1.1.0.50.51.1.1.50.51.6.0.0.7.1.50.54.51.0.1.51.51.1.1.13.1.xover.mutate.done 50
 generation 4.60.51.51.51.51.51.51.51.51.51.1.0.8.1.56.50.1.51.50.24.51.26.1.1.51.51.5.51.1.1.51.6.50.51.27.1.1.0.50.1.19.45.1.51.0.51.1.50.33.1.xover.mutate.done 50
 generation 5.61.57.50.50.50.50.50.50.50.50.9.50.50.1.5.1.50.50.50.0.50.20.1.1.50.50.50.50.54.51.1.1.50.0.50.50.1.50.1.50.50.50.50.50.1.8.50.50.50.1.xover.mutate.done 50
 generation 6.59.57.57.50.52.52.52.52.52.52.52.62.52.52.52.52.52.2.2.52.52.52.52.50.2.8.2.57.52.67.2.13.52.52.52.2.2.52.52.52.2.52.52.57.2.52.2.52.52.52.xover.mutate.done 50
 generation 7.64.56.53.55.53.55.53.50.50.50.50.50.50.0.50.4.50.0.0.24.50.50.6.50.33.50.50.0.50.0.55.50.50.50.50.0.50.24.55.33.50.64.50.0.50.50.53.0.50.0.xover.mutate.done 50
 generation 8.68.68.59.63.63.63.60.60.58.58.51.51.51.51.51.11.51.4.63.51.58.63.51.51.58.18.43.51.11.51.4.51.30.60.59.59.60.68.60.4.60.51.51.39.51.58.51.37.60.30.xover.mutate.done 50
 generation 9.68.68.68.64.64.64.63.63.57.60.10.60.68.63.30.30.32.46.50.32.64.66.51.57.1.1.1.51.68.50.66.51.51.51.11.7.57.64.51.60.12.73.14.51.64.51.57.60.51.51.xover.mutate.done 50
 generation 10.67.62.62.62.64.63.60.67.60.60.1.22.60.13.62.50.59.42.60.16.57.59.22.60.67.63.67.51.28.59.60.50.23.34.57.14.1.29.60.58.51.60.60.51.51.33.30.50.62.62.xover.mutate.done 50
 generation 11.75.65.75.65.69.72.72.71.71.71.29.66.34.53.69.22.21.0.12.34.69.68.71.64.50.22.64.3.17.82.69.67.69.19.29.53.71.56.67.28.56.56.68.75.62.21.21.71.71.69.xover.mutate.done 50
 generation 12.74.71.71.69.64.64.64.64.64.64.36.51.61.64.60.3.71.26.71.50.62.69.64.10.58.2.50.74.68.61.65.69.63.14.18.58.69.7.52.60.64.52.46.58.42.64.78.60.62.69.xover.mutate.done 50
 generation 13.74.81.81.75.75.75.81.77.61.61.65.2.62.52.65.66.50.50.65.59.63.50.59.44.56.21.65.65.66.80.42.26.20.52.81.31.63.6.66.59.50.50.62.50.66.50.50.50.13.65.xover.mutate.done 50
 generation 14.83.83.80.83.80.77.74.74.74.74.19.15.63.66.63.60.51.83.60.50.80.63.83.74.50.58.83.16.15.73.62.77.51.59.68.32.65.63.76.41.77.76.24.83.50.50.14.34.80.47.xover.mutate.done 50
 generation 15.84.84.84.84.84.84.84.83.83.83.84.50.84.64.53.60.56.83.0.50.50.77.21.53.84.50.84.50.76.50.66.86.59.35.82.50.19.77.53.60.74.50.52.50.84.77.35.77.50.50.xover.mutate.done 50
 generation 16.81.76.76.76.76.76.76.76.76.76.76.50.62.50.76.0.50.76.50.76.50.70.14.75.7.20.76.52.50.12.51.76.46.76.74.62.68.76.19.52.76.54.4.70.76.17.50.62.50.76.xover.mutate.done 50
 generation 17.82.78.78.78.78.78.78.78.78.78.78.52.78.24.70.50.65.48.78.78.52.55.52.52.78.64.6.50.78.78.55.47.78.78.78.52.10.70.17.28.52.78.78.17.52.78.70.78.78.78.xover.mutate.done 50
 generation 18.83.80.80.80.80.80.80.80.80.80.80.80.50.22.72.58.58.79.72.72.0.46.80.30.80.0.80.2.2.50.80.50.80.80.50.52.52.63.72.80.38.80.30.52.80.30.52.52.80.80.xover.mutate.done 50
 generation 19.79.76.76.76.76.76.76.76.76.76.76.61.33.51.76.4.76.31.51.32.27.51.74.76.1.51.11.63.51.51.61.76.76.7.76.76.31.76.76.50.11.51.76.51.76.16.76.17.51.56.xover.mutate.done 50
 generation 20.80.77.77.77.77.77.77.77.77.77.50.80.4.77.48.77.77.80.43.51.43.50.49.77.50.30.77.51.50.77.4.20.39.56.77.51.67.30.51.35.77.50.50.12.36.51.60.77.69.20.xover.mutate.done 50
 generation 21.83.83.83.80.80.80.80.80.80.80.80.80.2.50.80.80.50.80.64.80.50.80.52.60.80.80.64.80.80.61.50.50.79.80.40.8.67.80.50.24.61.39.80.80.80.50.72.80.24.52.xover.mutate.done 50
 generation 22.89.89.89.83.83.83.83.83.83.83.45.83.50.50.83.33.33.83.50.71.50.83.89.33.83.83.83.83.83.45.50.83.83.73.33.62.50.63.33.45.83.12.83.83.89.50.33.89.0.83.xover.mutate.done 50
 generation 23.83.83.83.83.83.83.77.77.77.77.77.77.77.83.29.52.83.52.52.77.83.52.52.11.69.52.52.77.73.52.77.61.77.8.4.13.77.52.83.36.77.50.83.74.69.83.58.74.77.42.xover.mutate.done 50
 generation 24.79.79.79.79.79.79.79.79.79.79.79.79.51.36.49.76.36.74.51.69.76.74.14.51.51.51.51.14.16.51.1.76.27.76.79.79.54.76.51.51.50.43.79.54.51.57.76.51.76.51.xover.mutate.done 50
 generation 25.84.84.84.84.84.84.84.84.84.84.0.84.56.82.58.84.46.50.0.81.17.84.84.58.84.84.84.9.17.37.84.84.50.3.50.58.82.84.84.3.50.41.84.50.84.50.50.37.7.6.xover.mutate.done 50
 generation 26.81.81.81.81.81.81.81.81.81.81.60.81.34.74.22.36.1.56.36.81.53.79.81.81.51.22.81.51.56.35.58.81.51.81.56.22.38.71.36.74.50.81.56.51.32.53.81.36.81.81.xover.mutate.done 50
 generation 27.83.83.83.83.83.83.83.83.83.83.77.42.34.83.83.50.83.83.23.83.83.83.57.57.52.83.52.80.50.30.50.83.83.22.83.83.83.83.83.57.83.50.52.2.83.83.38.80.83.83.xover.mutate.done 50
 generation 28.87.87.87.87.87.87.87.87.87.87.87.75.87.87.87.60.55.87.57.58.87.87.30.87.87.87.27.87.87.60.58.33.5.87.87.87.62.87.60.87.87.87.31.87.50.87.5.87.87.60.xover.mutate.done 50
 generation 29.83.83.83.83.83.83.83.83.83.83.63.83.81.41.83.61.83.39.83.60.83.83.51.81.59.83.60.83.83.12.21.83.83.83.41.12.41.51.83.83.2.58.67.51.61.83.83.61.61.63.xover.mutate.done 50
 generation 30.79.79.79.79.79.79.79.79.79.79.78.79.79.1.51.74.51.34.74.51.79.32.70.1.74.74.51.51.79.76.45.79.51.2.79.32.79.32.79.34.79.34.13.31.2.74.74.51.79.30.xover.mutate.done 50
 generation 31.84.84.84.84.84.84.84.84.84.84.84.84.50.47.51.66.84.52.66.75.84.52.52.51.84.63.48.35.52.71.84.52.84.80.47.84.51.52.84.82.75.84.53.20.3.84.84.27.84.71.xover.mutate.done 50
 generation 32.86.86.86.86.86.86.86.86.86.86.86.10.44.85.72.52.86.61.52.2.50.68.61.4.44.86.86.41.61.86.44.40.54.86.86.72.72.52.52.86.86.86.35.13.58.86.86.52.58.52.xover.mutate.done 50
 generation 33.83.83.83.83.83.83.83.83.83.83.5.51.83.62.83.83.50.62.83.19.35.75.83.28.83.79.62.51.56.76.62.83.83.51.83.83.83.83.83.62.83.1.5.5.50.51.51.75.1.83.xover.mutate.done 50
 generation 34.85.85.85.85.85.85.85.85.85.85.85.72.85.50.50.85.28.50.85.58.73.85.82.66.40.85.66.85.50.58.85.73.85.50.8.85.85.22.40.43.85.78.85.80.23.85.58.50.85.85.xover.mutate.done 50
 generation 35.89.89.89.89.89.89.89.89.89.89.63.89.50.87.50.89.89.50.50.74.89.80.50.42.89.82.50.89.76.29.52.53.50.50.3.89.89.89.50.89.79.57.59.50.80.19.0.89.42.50.xover.mutate.done 50
 generation 36.82.82.82.82.82.82.82.82.82.82.77.73.7.82.56.50.82.22.82.82.51.82.58.82.73.82.50.82.58.35.1.77.59.82.50.84.51.82.35.57.26.50.51.82.9.51.82.50.50.28.xover.mutate.done 50
 generation 37.86.85.85.85.85.85.85.85.85.85.34.0.50.86.50.85.50.34.85.85.56.50.77.85.50.38.84.20.56.50.38.0.85.50.85.50.74.85.38.56.85.50.56.56.84.85.85.84.50.56.xover.mutate.done 50
 generation 38.87.87.86.86.86.86.86.86.86.86.43.86.86.50.51.86.57.86.57.72.43.44.44.86.86.57.23.86.86.8.82.51.87.86.86.8.35.86.72.86.86.31.8.86.84.43.8.87.86.86.xover.mutate.done 50
 generation 39.86.86.86.86.85.85.85.85.85.85.85.85.86.85.52.30.39.34.30.39.85.41.86.39.85.85.50.52.85.50.86.50.86.40.86.85.57.86.85.39.85.85.31.50.50.85.86.50.85.39.xover.mutate.done 50
 generation 40.89.89.89.89.89.89.89.89.89.89.52.88.89.51.88.50.88.74.89.50.89.88.89.53.89.13.89.88.36.32.88.89.74.88.53.3.51.53.22.88.89.89.53.89.88.88.89.64.53.53.xover.mutate.done 50
 generation 41.83.83.83.83.83.83.83.83.83.83.50.83.1.1.74.50.51.50.83.83.39.83.50.50.39.51.82.83.1.33.52.37.83.56.83.50.83.83.51.83.1.55.39.39.51.83.51.52.83.83.xover.mutate.done 50
 generation 42.86.86.86.86.86.86.86.86.86.86.86.61.86.86.86.86.52.51.80.86.52.78.86.51.52.9.52.86.50.74.86.14.86.51.55.35.78.55.78.80.51.86.62.86.86.86.86.78.39.78.xover.mutate.done 50
 generation 43.87.87.87.87.87.87.87.87.87.87.77.17.87.75.58.50.87.79.56.27.87.60.87.51.51.87.87.87.79.87.50.79.50.60.1.51.87.75.51.78.76.51.51.76.60.51.50.42.54.56.xover.mutate.done 50
 generation 44.85.85.85.85.85.85.85.85.85.85.50.50.50.85.0.85.85.75.50.15.0.30.44.85.77.85.82.85.85.50.14.57.61.85.85.85.85.77.85.52.85.40.33.85.85.36.85.85.50.85.xover.mutate.done 50
 generation 45.86.86.86.86.86.86.86.86.86.86.56.50.28.86.86.50.80.76.86.86.86.86.86.61.79.52.61.86.79.58.61.69.58.61.69.86.51.86.1.86.76.86.51.20.86.51.57.1.86.86.xover.mutate.done 50
 generation 46.87.87.87.87.87.87.87.87.87.87.55.50.63.87.55.83.87.87.50.87.50.87.87.55.87.50.87.83.87.87.87.74.87.83.40.50.87.87.87.87.57.0.87.83.50.60.50.87.29.87.xover.mutate.done 50
 generation 47.87.87.87.87.87.87.87.87.87.87.57.71.87.87.66.8.55.87.56.87.50.50.65.87.6.50.66.87.76.87.21.39.87.56.87.65.50.23.50.65.87.50.0.76.82.85.6.66.87.87.xover.mutate.done 50
 generation 48.88.88.88.88.88.88.88.88.88.88.88.57.88.50.68.56.88.41.79.50.88.6.50.0.88.29.88.57.70.76.88.52.88.50.21.0.59.88.50.88.60.88.88.50.56.76.56.52.0.71.xover.mutate.done 50
 generation 49.81.81.81.81.81.81.81.81.81.81.81.81.81.81.81.77.77.50.50.81.81.61.81.50.50.78.81.50.81.81.50.50.50.50.56.36.50.70.81.50.50.81.50.50.69.50.81.40.50.0.xover.mutate.done 50
 18274991 iters     772104 iter/sec (23.67 s)
 total time: 23.67
