52 52 51 50 50 50 50 50 50 50 50 50 50 50 50 36 10 8 3 3 3 3 3 3 3 3 3 3 3 2 2 2 2 2 2 2 2 1 1 1 1 1 1 1 1 1 1 1 1 1 
52 52 52 52 52 52 51 51 51 51 50 50 50 50 50 50 50 50 50 50 50 50 50 50 50 50 50 15 12 6 6 6 4 3 3 3 3 3 3 2 2 2 2 2 2 2 1 1 1 1 
51 51 51 51 51 51 51 51 51 51 51 51 51 51 51 51 51 51 51 51 51 51 51 50 50 50 50 50 50 37 8 7 5 2 2 2 2 2 2 2 1 1 1 1 1 1 1 1 1 1 
50 50 50 50 50 50 50 50 50 50 50 50 50 50 50 50 50 50 50 50 50 50 50 50 50 50 48 47 47 15 12 10 10 7 7 0 0 0 0 0 0 0 0 0 0 0 0 0 0 0 
69 51 51 51 51 51 51 51 51 51 51 51 51 51 51 51 51 51 51 51 51 51 51 51 51 51 51 51 51 50 50 26 14 14 11 9 8 2 2 2 2 2 2 2 2 2 1 1 1 1 
75 75 73 70 52 52 52 52 52 52 52 52 52 52 52 52 52 52 52 52 52 50 50 50 50 50 50 50 50 46 25 22 6 6 2 2 2 2 2 2 2 2 2 2 2 2 2 2 0 0 
84 84 84 82 75 67 66 57 51 51 51 51 51 51 51 51 51 51 51 51 51 51 51 51 50 50 50 50 38 35 28 27 24 15 9 6 1 1 1 1 1 1 1 1 1 1 1 1 0 0 
78 77 77 77 77 77 77 77 77 77 77 75 74 65 63 57 52 51 51 51 50 50 50 50 50 50 50 50 50 50 50 50 50 50 50 50 49 46 37 30 15 14 10 5 1 1 1 1 1 1 
75 75 75 75 75 75 75 75 75 75 75 73 73 69 69 69 67 51 51 51 51 51 51 51 51 51 51 51 51 51 51 51 51 51 51 51 51 43 29 28 22 18 13 11 10 8 2 2 2 2 
88 88 88 88 88 88 88 88 88 88 88 88 88 84 82 78 65 65 65 61 61 50 50 50 50 50 50 50 50 50 50 50 50 50 50 50 50 50 50 50 39 38 38 27 27 13 11 10 6 0 
89 89 89 89 89 89 89 89 89 89 89 87 87 87 87 87 87 87 87 87 85 85 75 72 72 72 55 52 52 52 52 52 52 52 52 52 50 50 50 50 46 38 38 37 37 24 13 13 3 2 
83 83 83 83 83 83 83 83 83 83 83 83 83 83 83 83 81 81 81 75 71 69 69 69 63 63 63 62 53 53 53 53 53 53 53 51 50 46 34 33 32 25 14 11 5 5 4 4 4 4 
84 84 84 84 84 84 84 84 84 84 84 84 84 84 84 84 83 83 82 68 59 59 59 59 59 59 59 59 57 57 51 51 51 51 51 50 50 33 33 31 24 23 8 7 7 7 1 1 1 1 
83 83 83 83 83 83 83 83 83 83 83 83 83 83 82 81 79 79 79 74 74 74 63 63 63 63 60 60 60 56 52 52 52 50 50 50 50 50 50 50 47 43 43 39 35 34 27 15 12 2 
77 77 77 77 77 77 77 77 77 77 77 77 77 76 74 74 74 72 68 68 66 59 59 59 59 59 59 56 53 52 52 52 52 50 50 50 50 48 46 45 45 45 45 41 37 30 27 26 20 0 
81 81 81 81 81 81 81 81 81 81 81 81 81 81 79 79 78 78 77 77 77 77 71 63 63 62 62 61 61 61 61 51 51 51 51 50 50 45 38 34 14 11 11 6 6 6 5 1 1 1 
82 82 82 78 78 78 78 78 78 78 78 78 78 78 78 78 78 76 76 73 66 65 65 59 59 59 58 57 56 56 56 56 50 50 50 50 50 50 50 42 35 30 29 29 29 29 26 9 6 6 
80 80 80 80 80 78 76 76 76 76 76 76 76 76 76 76 76 76 76 75 74 74 74 68 58 58 58 57 55 55 55 50 50 50 50 50 50 42 31 28 28 27 19 17 17 17 12 9 5 0 
85 85 85 84 84 84 82 82 82 82 82 82 82 82 82 82 82 82 82 82 82 81 79 79 77 75 74 64 58 57 56 53 53 52 52 50 50 50 50 50 50 50 43 36 29 22 19 2 2 2 
88 88 88 88 87 87 87 84 84 83 83 83 83 83 83 83 83 83 82 82 81 78 77 72 72 72 69 65 63 61 59 51 51 50 50 50 50 50 50 50 50 50 32 32 32 15 15 1 1 1 
81 81 81 81 80 80 80 79 79 79 79 79 79 79 79 78 78 78 78 78 75 75 69 67 58 57 56 56 50 50 50 50 50 50 50 50 50 50 50 47 38 36 31 30 30 8 5 0 0 0 
84 84 84 84 84 84 84 84 82 82 82 82 82 82 82 82 82 82 82 82 82 79 79 77 72 63 62 62 61 59 51 51 51 51 51 51 51 45 44 34 22 22 13 13 12 11 2 2 2 1 
76 76 76 76 76 76 76 76 76 76 76 76 74 74 74 74 72 71 70 61 56 56 54 50 50 50 50 50 50 50 50 50 49 48 35 29 29 24 19 16 6 6 0 0 0 0 0 0 0 0 
84 83 81 80 80 80 80 80 80 80 80 80 80 80 80 80 80 78 78 78 62 52 52 52 52 52 51 51 51 51 51 51 50 50 50 50 50 50 50 38 34 32 19 13 12 5 3 3 3 3 
83 83 83 83 83 83 83 83 83 83 83 79 77 77 76 75 75 75 74 67 58 52 52 52 52 52 52 52 52 52 52 52 52 52 52 52 50 50 50 50 50 50 50 29 24 19 4 4 4 2 
90 90 88 80 79 79 79 79 79 79 79 79 79 79 79 79 79 79 79 79 79 79 79 79 77 75 73 73 63 51 50 50 50 50 50 50 50 50 50 50 36 34 32 8 6 1 1 1 1 0 
86 84 84 84 84 84 84 84 84 84 84 84 84 84 84 84 84 83 82 79 79 79 79 75 74 74 74 72 54 54 54 54 51 50 50 50 50 50 50 50 50 50 50 50 50 38 37 1 1 1 
80 80 79 79 79 79 77 77 77 77 77 77 77 77 77 77 77 75 75 72 72 72 61 60 59 59 59 53 53 53 50 50 50 50 50 50 50 50 50 50 48 47 40 30 29 26 10 10 0 0 
84 84 82 82 82 82 82 81 81 81 81 81 72 69 61 57 55 53 52 52 51 51 51 51 51 51 51 51 51 51 51 51 51 51 51 51 51 51 50 48 47 31 28 17 12 11 9 8 2 1 
90 90 86 86 86 83 79 79 79 79 79 76 73 64 64 62 58 58 56 55 51 51 51 51 51 51 51 50 50 50 50 50 50 50 47 46 36 31 25 25 20 8 1 1 1 1 1 1 1 1 
84 84 84 84 82 82 82 82 82 82 82 79 72 72 72 71 70 62 60 60 60 55 54 53 53 51 51 51 51 51 51 51 51 51 39 38 14 12 10 8 4 4 4 4 4 4 4 1 1 1 
86 86 86 86 81 81 81 81 81 81 81 80 80 76 76 76 76 75 75 62 62 61 60 60 60 60 60 51 51 51 51 51 51 50 50 50 50 47 42 36 33 32 29 28 25 15 11 11 2 2 
85 85 85 85 84 83 83 83 83 83 83 83 78 78 76 76 75 75 73 73 73 67 60 60 58 58 51 51 51 51 51 51 51 51 51 51 51 51 50 44 39 37 36 32 27 2 2 2 2 1 
84 84 84 84 84 84 82 81 81 81 81 81 81 81 81 72 69 59 51 51 51 51 51 51 51 51 51 50 50 50 50 50 50 50 50 50 45 43 43 39 39 38 30 26 19 7 1 1 0 0 
80 80 80 80 80 80 78 78 78 78 78 78 78 77 77 77 77 77 69 66 54 51 51 51 51 51 50 50 50 50 50 50 50 50 50 50 50 50 50 50 36 28 17 6 5 1 1 1 1 1 
85 85 85 85 85 84 75 75 74 74 74 74 74 74 74 74 74 74 74 74 68 51 51 51 51 51 51 50 50 50 50 50 50 50 50 50 50 50 45 39 26 25 25 10 9 1 1 1 1 0 
88 88 88 84 84 84 84 84 84 84 83 83 83 81 81 80 79 75 73 72 71 62 62 62 61 58 53 52 52 52 52 52 52 51 51 51 50 50 50 50 50 49 48 34 23 13 10 3 2 2 
89 89 89 89 89 89 89 82 81 81 81 81 81 81 81 81 81 81 81 81 81 76 73 71 70 70 63 61 55 54 50 50 50 50 50 50 50 50 50 50 45 34 32 22 13 12 4 4 4 0 
86 86 86 86 86 86 86 86 86 86 82 82 82 81 81 81 81 81 79 78 77 77 60 56 55 51 51 51 51 51 51 51 51 51 51 50 50 50 50 50 49 41 36 36 31 5 1 1 1 0 
78 78 78 78 78 78 78 78 78 78 78 78 78 78 78 77 73 69 62 54 54 54 50 50 50 50 50 50 50 50 50 50 50 50 50 50 50 50 50 50 47 45 32 29 15 11 3 0 0 0 
87 81 80 80 80 80 80 80 80 80 80 80 80 80 80 80 80 80 75 75 71 71 63 60 60 60 56 55 54 51 51 51 51 51 51 51 51 51 51 51 51 51 50 50 20 19 11 1 1 1 
84 84 84 82 81 80 80 80 80 80 80 80 80 80 80 80 80 80 80 80 80 80 80 79 76 75 73 73 73 70 70 59 59 57 57 55 55 51 51 51 51 50 50 39 34 28 9 1 1 0 
83 83 83 83 83 83 83 83 83 83 83 83 83 80 79 74 74 74 74 74 74 74 74 72 70 68 68 54 53 52 51 51 51 51 51 51 51 50 50 50 30 29 26 22 22 22 21 18 11 1 
85 84 80 78 78 78 78 78 78 78 78 78 78 78 78 78 78 78 78 78 78 77 70 64 64 55 55 55 51 51 51 51 51 51 51 50 50 50 45 45 45 40 37 35 34 25 20 4 1 0 
85 85 85 85 84 84 84 84 84 84 84 84 84 84 84 84 77 77 77 76 74 73 72 69 63 55 51 51 51 51 51 51 51 51 51 51 51 51 49 48 44 42 36 33 6 6 6 2 2 1 
93 93 93 93 93 93 91 91 91 91 91 91 91 91 91 91 91 91 84 83 83 78 78 78 75 67 65 62 60 59 51 51 51 51 51 51 51 51 51 51 51 51 51 50 50 2 2 2 2 1 
85 85 85 85 85 85 85 85 85 85 85 85 85 85 85 85 85 85 85 85 85 85 85 85 82 80 77 76 66 62 57 57 50 50 50 50 50 50 48 48 44 12 9 9 9 7 6 0 0 0 
78 78 78 78 78 78 78 78 78 78 78 78 78 78 78 78 78 78 78 78 78 78 78 78 78 78 71 71 68 62 53 53 53 51 51 51 51 51 51 50 50 50 47 46 40 38 33 31 4 0 
84 84 84 84 84 84 84 84 84 84 84 84 84 84 84 84 84 84 84 84 84 84 84 84 84 84 84 83 83 83 81 77 77 77 76 59 59 53 51 50 50 46 44 44 37 16 12 10 9 1 
85 85 85 85 85 85 85 85 85 85 85 85 85 85 85 85 85 85 85 85 85 85 85 85 85 85 85 85 84 84 83 77 63 63 60 57 57 55 52 52 52 51 51 50 48 46 36 28 9 3 
