51 51 50 50 50 50 50 50 50 50 50 50 50 50 50 50 50 8 6 2 2 2 2 2 2 2 2 2 2 1 1 1 1 1 1 1 1 1 1 1 1 1 1 1 1 1 1 1 1 1 
53 51 51 51 51 51 51 51 50 50 50 50 50 50 50 50 50 50 50 50 50 50 50 50 50 50 50 50 50 50 50 41 31 25 24 22 20 10 1 1 1 1 1 1 1 1 1 1 0 0 
50 50 50 50 50 50 50 50 50 50 50 50 50 50 50 50 50 50 50 50 50 50 50 50 50 45 22 22 13 7 6 4 3 0 0 0 0 0 0 0 0 0 0 0 0 0 0 0 0 0 
54 51 51 51 51 51 51 51 51 51 51 51 51 51 51 51 51 50 50 50 50 50 50 50 50 49 28 13 7 7 6 1 1 1 1 1 1 1 1 1 1 1 1 1 1 0 0 0 0 0 
60 56 51 51 51 51 51 51 51 51 51 51 51 51 51 51 51 51 51 51 50 50 50 50 50 45 33 27 26 24 19 8 6 5 1 1 1 1 1 1 1 1 1 1 1 1 1 0 0 0 
61 57 54 51 50 50 50 50 50 50 50 50 50 50 50 50 50 50 50 50 50 50 50 50 50 50 50 50 50 50 50 50 50 50 20 9 8 5 1 1 1 1 1 1 1 1 1 1 0 0 
67 62 59 57 57 57 57 52 52 52 52 52 52 52 52 52 52 52 52 52 52 52 52 52 52 52 52 52 52 52 52 52 52 52 52 52 50 50 13 8 2 2 2 2 2 2 2 2 2 2 
64 64 56 55 55 55 55 53 53 53 53 50 50 50 50 50 50 50 50 50 50 50 50 50 50 50 50 50 50 50 50 50 50 50 50 33 33 24 24 6 4 0 0 0 0 0 0 0 0 0 
68 68 68 63 63 63 63 63 60 60 60 60 60 60 60 59 59 59 58 58 58 58 58 51 51 51 51 51 51 51 51 51 51 51 51 51 51 51 51 43 39 37 30 30 18 11 11 4 4 4 
73 68 68 68 68 68 66 66 64 64 64 64 64 64 63 63 63 60 60 60 60 57 57 57 57 51 51 51 51 51 51 51 51 51 51 50 50 46 32 32 30 30 14 12 11 10 7 1 1 1 
67 67 67 67 64 63 63 62 62 62 62 62 62 60 60 60 60 60 60 60 60 60 60 59 59 59 58 57 57 51 51 51 51 50 50 50 42 34 33 30 29 28 23 22 22 16 14 13 1 1 
82 75 75 75 72 72 71 71 71 71 71 71 71 69 69 69 69 69 69 68 68 67 67 66 65 65 64 64 62 56 56 56 53 53 50 34 34 29 29 28 22 22 21 21 21 19 17 12 3 0 
78 74 74 71 71 71 71 69 69 69 69 69 68 65 64 64 64 64 64 64 64 64 64 64 63 62 62 61 61 60 60 60 58 58 58 52 52 51 50 50 46 42 36 26 18 14 10 7 3 2 
81 81 81 81 80 77 75 75 75 74 66 66 66 66 65 65 65 65 65 65 63 63 62 62 61 61 59 59 59 56 52 52 50 50 50 50 50 50 50 50 50 44 42 31 26 21 20 13 6 2 
83 83 83 83 83 83 83 80 80 80 80 77 77 77 76 76 74 74 74 74 74 73 68 66 65 63 63 63 63 62 60 60 59 58 51 51 50 50 50 50 47 41 34 32 24 19 16 15 15 14 
86 84 84 84 84 84 84 84 84 84 84 84 84 83 83 83 83 82 77 77 77 77 76 74 66 64 60 60 59 56 53 53 53 52 50 50 50 50 50 50 50 50 50 50 50 35 35 21 19 0 
81 76 76 76 76 76 76 76 76 76 76 76 76 76 76 76 76 76 76 76 76 75 74 70 70 68 62 62 62 54 52 52 51 50 50 50 50 50 50 50 50 46 20 19 17 14 12 7 4 0 
82 78 78 78 78 78 78 78 78 78 78 78 78 78 78 78 78 78 78 78 78 78 78 78 78 78 70 70 70 65 64 55 55 52 52 52 52 52 52 52 50 50 48 47 28 24 17 17 10 6 
83 80 80 80 80 80 80 80 80 80 80 80 80 80 80 80 80 80 80 80 80 80 80 79 72 72 72 72 63 58 58 52 52 52 52 52 50 50 50 50 46 38 30 30 30 22 2 2 0 0 
79 76 76 76 76 76 76 76 76 76 76 76 76 76 76 76 76 76 76 76 76 76 76 74 63 61 61 56 51 51 51 51 51 51 51 51 51 50 33 32 31 31 27 17 16 11 11 7 4 1 
80 80 80 77 77 77 77 77 77 77 77 77 77 77 77 77 77 77 77 77 77 69 67 60 56 51 51 51 51 51 50 50 50 50 50 50 49 48 43 43 39 36 35 30 30 20 20 12 4 4 
83 83 83 80 80 80 80 80 80 80 80 80 80 80 80 80 80 80 80 80 80 80 80 80 80 80 80 79 72 67 64 64 61 61 60 52 52 50 50 50 50 50 50 50 40 39 24 24 8 2 
89 89 89 89 89 89 83 83 83 83 83 83 83 83 83 83 83 83 83 83 83 83 83 83 83 83 83 83 73 71 63 62 50 50 50 50 50 50 50 45 45 45 33 33 33 33 33 33 12 0 
83 83 83 83 83 83 83 83 83 83 83 83 77 77 77 77 77 77 77 77 77 77 77 77 77 77 74 74 73 69 69 61 58 52 52 52 52 52 52 52 52 52 50 42 36 29 13 11 8 4 
79 79 79 79 79 79 79 79 79 79 79 79 79 79 79 76 76 76 76 76 76 76 74 74 69 57 54 54 51 51 51 51 51 51 51 51 51 51 51 51 50 49 43 36 36 27 16 14 14 1 
84 84 84 84 84 84 84 84 84 84 84 84 84 84 84 84 84 84 84 84 84 84 84 82 82 81 58 58 58 56 50 50 50 50 50 50 50 46 41 37 37 17 17 9 7 6 3 3 0 0 
81 81 81 81 81 81 81 81 81 81 81 81 81 81 81 81 81 81 81 81 81 79 74 74 71 60 58 56 56 56 56 53 53 51 51 51 51 50 38 36 36 36 36 35 34 32 22 22 22 1 
83 83 83 83 83 83 83 83 83 83 83 83 83 83 83 83 83 83 83 83 83 83 83 83 83 83 83 83 83 83 80 80 77 57 57 57 52 52 52 50 50 50 50 42 38 34 30 23 22 2 
87 87 87 87 87 87 87 87 87 87 87 87 87 87 87 87 87 87 87 87 87 87 87 87 87 87 87 87 87 87 87 87 87 75 62 60 60 60 60 58 58 57 55 50 33 31 30 27 5 5 
83 83 83 83 83 83 83 83 83 83 83 83 83 83 83 83 83 83 83 83 83 83 83 83 83 83 81 81 67 63 63 61 61 61 61 60 60 59 58 51 51 51 41 41 41 39 21 12 12 2 
79 79 79 79 79 79 79 79 79 79 79 79 79 79 79 79 79 79 79 79 78 76 74 74 74 74 74 74 70 51 51 51 51 51 51 51 45 34 34 34 32 32 32 31 30 13 2 2 1 1 
84 84 84 84 84 84 84 84 84 84 84 84 84 84 84 84 84 84 84 84 84 84 84 82 80 75 75 71 71 66 66 63 53 52 52 52 52 52 52 51 51 51 50 48 47 47 35 27 20 3 
86 86 86 86 86 86 86 86 86 86 86 86 86 86 86 86 86 86 86 86 86 86 85 72 72 72 68 61 61 61 58 58 54 52 52 52 52 52 52 50 44 44 44 41 40 35 13 10 4 2 
83 83 83 83 83 83 83 83 83 83 83 83 83 83 83 83 83 83 83 83 83 83 83 83 83 79 76 75 75 62 62 62 62 62 56 51 51 51 51 51 50 50 35 28 19 5 5 5 1 1 
85 85 85 85 85 85 85 85 85 85 85 85 85 85 85 85 85 85 85 85 85 85 85 85 85 85 82 80 78 73 73 72 66 66 58 58 58 50 50 50 50 50 50 43 40 40 28 23 22 8 
89 89 89 89 89 89 89 89 89 89 89 89 89 89 89 89 89 89 89 89 89 87 82 80 80 79 76 74 63 59 57 53 52 50 50 50 50 50 50 50 50 50 50 50 42 42 29 19 3 0 
84 82 82 82 82 82 82 82 82 82 82 82 82 82 82 82 82 82 82 82 82 82 82 77 77 73 73 59 58 58 57 56 51 51 51 51 50 50 50 50 50 50 35 35 28 26 22 9 7 1 
86 86 85 85 85 85 85 85 85 85 85 85 85 85 85 85 85 85 85 85 85 84 84 84 77 74 56 56 56 56 56 56 50 50 50 50 50 50 50 50 50 50 38 38 38 34 34 20 0 0 
87 87 87 87 86 86 86 86 86 86 86 86 86 86 86 86 86 86 86 86 86 86 86 86 86 86 86 86 84 82 72 72 57 57 57 51 51 50 44 44 43 43 43 35 31 23 8 8 8 8 
86 86 86 86 86 86 86 86 86 86 86 85 85 85 85 85 85 85 85 85 85 85 85 85 85 85 85 85 85 85 57 52 52 50 50 50 50 50 50 41 40 39 39 39 39 39 34 31 30 30 
89 89 89 89 89 89 89 89 89 89 89 89 89 89 89 89 89 89 89 89 89 88 88 88 88 88 88 88 88 88 88 74 74 64 53 53 53 53 53 53 52 51 51 50 50 36 32 22 13 3 
83 83 83 83 83 83 83 83 83 83 83 83 83 83 83 83 83 83 83 83 83 83 83 82 74 56 55 52 52 51 51 51 51 51 50 50 50 50 50 50 39 39 39 39 37 33 1 1 1 1 
86 86 86 86 86 86 86 86 86 86 86 86 86 86 86 86 86 86 86 86 86 86 86 86 86 80 80 78 78 78 78 78 74 62 61 55 55 52 52 52 52 51 51 51 51 50 39 35 14 9 
87 87 87 87 87 87 87 87 87 87 87 87 87 87 87 87 87 87 87 79 79 79 78 77 76 76 75 75 60 60 60 58 56 56 54 51 51 51 51 51 51 51 50 50 50 50 42 27 17 1 
85 85 85 85 85 85 85 85 85 85 85 85 85 85 85 85 85 85 85 85 85 85 85 85 85 85 85 85 82 77 77 75 61 57 52 50 50 50 50 50 50 44 40 36 33 30 15 14 0 0 
86 86 86 86 86 86 86 86 86 86 86 86 86 86 86 86 86 86 86 86 86 86 86 86 86 80 79 79 76 76 69 69 61 61 61 61 58 58 57 56 52 51 51 51 50 50 28 20 1 1 
87 87 87 87 87 87 87 87 87 87 87 87 87 87 87 87 87 87 87 87 87 87 87 87 87 87 87 87 87 83 83 83 83 74 63 60 57 55 55 55 50 50 50 50 50 50 50 40 29 0 
87 87 87 87 87 87 87 87 87 87 87 87 87 87 87 87 87 87 87 87 87 87 85 82 76 76 71 66 66 66 65 65 65 57 56 56 55 50 50 50 50 50 50 39 23 21 8 6 6 0 
88 88 88 88 88 88 88 88 88 88 88 88 88 88 88 88 88 88 88 88 88 88 79 76 76 71 70 68 60 59 57 57 56 56 56 52 52 50 50 50 50 50 50 41 29 21 6 0 0 0 
81 81 81 81 81 81 81 81 81 81 81 81 81 81 81 81 81 81 81 81 81 81 81 81 78 77 77 70 69 61 56 50 50 50 50 50 50 50 50 50 50 50 50 50 50 50 50 40 36 0 
