0.53125 0.625 0.96875 0.75 0.9375 0.0 0.59375 0.5625 0.25 0.25 
0.21875 0.96875 0.9375 0.0 0.59375 0.90625 0.90625 1.0 0.0 0.15625 
0.21875 0.4375 0.15625 0.59375 0.96875 0.71875 0.59375 0.8125 0.96875 0.9375 
0.34375 0.21875 0.4375 0.15625 0.59375 0.96875 0.71875 0.59375 0.8125 0.96875 
0.75 0.34375 0.34375 0.59375 0.96875 0.71875 0.59375 0.8125 0.8125 0.78125 
0.34375 0.34375 0.34375 0.75 0.59375 0.96875 0.71875 0.59375 0.8125 0.8125 
0.34375 0.34375 0.34375 0.34375 0.75 0.59375 0.96875 0.71875 0.59375 0.8125 
0.75 0.34375 0.34375 0.34375 0.34375 0.34375 0.34375 0.34375 0.34375 0.59375 
0.5 0.75 0.75 0.40625 0.34375 0.34375 0.34375 0.34375 0.34375 0.34375 
0.53125 0.5 0.40625 0.34375 0.34375 0.34375 0.34375 0.34375 0.34375 0.34375 
0.53125 0.40625 0.40625 0.40625 0.5 0.5 0.53125 0.40625 0.4375 0.40625 
0.53125 0.40625 0.40625 0.40625 0.40625 0.375 0.5625 0.53125 0.5 0.5 
0.53125 0.40625 0.375 0.40625 0.40625 0.40625 0.40625 0.5 0.5 0.53125 
0.53125 0.46875 0.40625 0.375 0.40625 0.40625 0.40625 0.40625 0.40625 0.40625 
0.46875 0.53125 0.40625 0.375 0.40625 0.40625 0.40625 0.40625 0.40625 0.40625 
0.46875 0.53125 0.4375 0.46875 0.40625 0.375 0.40625 0.40625 0.40625 0.40625 
0.53125 0.46875 0.4375 0.4375 0.53125 0.46875 0.40625 0.375 0.40625 0.40625 
0.46875 0.46875 0.4375 0.4375 0.46875 0.40625 0.375 0.40625 0.40625 0.375 
0.53125 0.46875 0.46875 0.4375 0.4375 0.4375 0.4375 0.46875 0.40625 0.375 
0.53125 0.46875 0.53125 0.46875 0.4375 0.4375 0.4375 0.4375 0.46875 0.4375 
0.53125 0.46875 0.53125 0.53125 0.53125 0.46875 0.46875 0.4375 0.4375 0.4375 
0.46875 0.53125 0.46875 0.53125 0.53125 0.53125 0.53125 0.5 0.5 0.46875 
0.53125 0.46875 0.53125 0.53125 0.53125 0.53125 0.5 0.5 0.5 0.53125 
0.53125 0.46875 0.53125 0.53125 0.53125 0.53125 0.5 0.5 0.5 0.53125 
0.53125 0.53125 0.53125 0.53125 0.53125 0.5 0.5 0.5 0.53125 0.5 
0.53125 0.53125 0.53125 0.53125 0.53125 0.5 0.5 0.5 0.53125 0.5 
0.53125 0.53125 0.53125 0.53125 0.53125 0.5 0.5 0.5 0.53125 0.5 
0.53125 0.53125 0.53125 0.53125 0.53125 0.5 0.5 0.5 0.53125 0.5 
0.53125 0.53125 0.53125 0.53125 0.53125 0.5 0.5 0.5 0.53125 0.5 
0.53125 0.53125 0.53125 0.53125 0.53125 0.5 0.5 0.5 0.53125 0.5 
0.53125 0.53125 0.53125 0.53125 0.53125 0.5 0.5 0.5 0.53125 0.5 
0.53125 0.53125 0.53125 0.53125 0.53125 0.5 0.5 0.5 0.53125 0.5 
0.53125 0.53125 0.53125 0.53125 0.53125 0.5 0.5 0.5 0.53125 0.5 
0.53125 0.53125 0.53125 0.53125 0.53125 0.5 0.5 0.5 0.53125 0.5 
0.53125 0.53125 0.53125 0.53125 0.53125 0.5 0.5 0.5 0.53125 0.5 
0.53125 0.53125 0.53125 0.53125 0.53125 0.5 0.5 0.5 0.53125 0.5 
0.53125 0.53125 0.53125 0.53125 0.53125 0.5 0.5 0.5 0.53125 0.5 
0.53125 0.53125 0.53125 0.53125 0.53125 0.5 0.5 0.5 0.53125 0.5 
0.53125 0.53125 0.53125 0.53125 0.53125 0.5 0.5 0.5 0.53125 0.5 
0.53125 0.53125 0.53125 0.53125 0.53125 0.5 0.5 0.5 0.53125 0.5 
0.5625 0.53125 0.53125 0.53125 0.53125 0.53125 0.5 0.5 0.5 0.53125 
0.53125 0.53125 0.53125 0.53125 0.53125 0.5 0.5 0.5 0.53125 0.5 
0.53125 0.53125 0.53125 0.53125 0.53125 0.5 0.5 0.5 0.53125 0.5 
0.53125 0.53125 0.53125 0.53125 0.53125 0.5 0.5 0.5 0.53125 0.5 
0.53125 0.53125 0.53125 0.53125 0.53125 0.5 0.5 0.5 0.53125 0.5 
0.53125 0.53125 0.53125 0.53125 0.53125 0.5 0.5 0.5 0.53125 0.5 
0.53125 0.53125 0.53125 0.53125 0.53125 0.5 0.5 0.5 0.53125 0.5 
0.53125 0.53125 0.53125 0.53125 0.53125 0.5 0.5 0.5 0.53125 0.5 
0.53125 0.53125 0.53125 0.53125 0.53125 0.5 0.5 0.5 0.53125 0.5 
0.53125 0.53125 0.53125 0.53125 0.53125 0.5 0.5 0.5 0.53125 0.5 
