% Ministry of Cellular Automata
% Project Deux (CS523 Spring 2015)
% Version:v0.1-66-g3e0f-dirty
%  pop:50
%  ic count:100
%  CA Log option:r2/run17
%  width:121
%  max workers:4
%  radius:2
%  iterations:300
%  generations:50

 generation 0.1.50.50.14.0.50.1.50.50.0.0.1.1.50.1.50.1.1.50.1.1.0.0.1.19.1.0.50.50.50.50.0.1.0.1.1.51.50.1.0.0.1.1.1.1.0.30.1.1.0.xover.mutate.done 50
 generation 1.51.50.50.50.50.50.50.50.50.50.50.50.1.8.1.50.8.0.1.1.50.50.0.1.1.50.1.0.51.50.9.7.1.1.1.50.50.1.50.1.1.1.50.51.1.0.50.50.1.0.xover.mutate.done 50
 generation 2.51.51.51.50.50.50.50.50.50.50.1.50.51.50.1.51.50.50.51.49.2.2.59.1.10.1.2.50.50.7.1.14.51.50.50.50.50.12.34.50.2.2.1.50.50.34.1.50.1.4.xover.mutate.done 50
 generation 3.64.52.52.52.50.52.50.50.50.50.52.0.9.50.45.6.50.52.50.50.50.50.2.50.17.50.0.50.50.2.8.52.52.50.24.52.0.50.2.8.50.50.52.50.52.50.33.52.50.35.xover.mutate.done 50
 generation 4.64.50.50.50.50.50.50.50.50.50.50.0.19.0.0.50.50.50.6.50.50.50.50.0.27.0.50.20.50.20.50.0.50.50.0.50.0.50.50.0.0.0.33.50.50.0.50.18.50.10.xover.mutate.done 50
 generation 5.58.50.50.50.50.50.50.50.50.50.50.14.7.20.7.50.50.52.50.2.0.2.50.50.12.13.2.25.50.50.50.50.50.50.12.50.50.2.50.50.2.50.2.2.50.11.0.50.22.42.xover.mutate.done 50
 generation 6.60.53.52.52.52.52.52.52.52.52.2.8.52.52.52.52.16.52.52.52.52.52.50.52.2.52.52.15.21.5.3.52.14.10.52.5.52.52.52.52.12.52.18.52.50.10.52.53.52.54.xover.mutate.done 50
 generation 7.67.56.52.52.52.52.52.52.52.52.16.52.52.52.4.52.2.52.52.52.52.4.52.4.52.52.52.52.16.4.52.52.2.52.52.52.2.52.52.58.4.52.50.52.50.52.50.52.4.4.xover.mutate.done 50
 generation 8.64.51.52.50.50.51.51.51.51.51.51.1.8.51.51.12.12.51.51.1.16.45.1.1.51.0.51.51.51.1.1.51.51.50.51.1.51.51.11.51.11.51.1.51.51.1.1.51.10.51.xover.mutate.done 50
 generation 9.62.50.54.51.51.51.51.51.51.51.11.1.1.51.51.51.14.51.51.51.50.1.11.51.1.50.1.51.11.51.48.1.1.1.51.51.1.10.20.51.50.51.51.51.1.51.51.50.50.58.xover.mutate.done 50
 generation 10.66.64.67.50.50.50.50.50.50.50.1.50.50.62.50.15.0.50.50.0.50.0.13.50.1.50.50.50.0.33.50.50.50.50.31.51.75.1.1.50.16.62.50.57.1.50.1.1.1.50.xover.mutate.done 50
 generation 11.69.59.65.61.61.61.57.52.51.51.13.52.3.13.50.3.51.51.51.57.3.1.52.61.51.1.51.15.50.51.51.3.12.51.9.3.1.50.51.51.1.3.3.3.3.51.61.3.2.51.xover.mutate.done 50
 generation 12.62.69.59.58.58.58.58.53.55.55.5.9.58.50.51.50.5.0.7.59.58.25.1.1.1.19.59.51.50.1.5.0.24.50.50.55.1.5.0.1.51.19.50.0.44.1.1.51.9.12.xover.mutate.done 50
 generation 13.65.72.66.66.66.66.66.66.66.66.66.11.4.52.66.4.11.50.66.2.18.4.4.18.52.2.2.61.66.4.11.25.52.66.50.9.21.2.52.37.13.61.15.37.50.66.4.66.19.66.xover.mutate.done 50
 generation 14.65.57.56.57.55.55.55.55.55.55.57.55.54.56.65.55.50.55.14.55.15.0.10.50.50.50.55.65.54.54.68.55.57.2.55.54.50.55.32.2.57.33.2.11.2.39.80.33.55.10.xover.mutate.done 50
 generation 15.79.67.63.63.63.60.60.60.60.60.67.60.45.9.51.37.60.59.59.67.41.51.10.51.51.57.58.12.59.2.51.60.33.8.10.59.28.59.59.57.51.51.10.38.59.22.61.51.2.51.xover.mutate.done 50
 generation 16.86.73.75.75.68.68.68.58.58.58.58.58.78.35.58.58.37.15.8.10.50.50.8.50.16.29.50.8.50.9.58.50.10.54.50.32.50.23.58.56.2.50.10.56.34.50.56.58.58.58.xover.mutate.done 50
 generation 17.81.74.68.66.67.61.61.61.57.57.35.13.0.0.53.37.26.50.50.55.8.50.8.50.57.0.53.57.19.0.50.50.50.53.0.7.50.54.13.53.37.57.13.0.54.57.57.50.61.6.xover.mutate.done 50
 generation 18.79.74.70.70.67.65.65.65.65.55.50.54.54.51.14.51.4.51.54.51.7.79.50.17.50.19.20.16.20.17.55.79.51.12.34.51.54.54.22.30.54.29.55.37.19.51.55.51.11.50.xover.mutate.done 50
 generation 19.78.78.78.74.67.67.68.65.65.65.10.50.57.57.50.50.50.34.57.1.50.24.20.57.39.8.51.57.11.8.58.57.65.1.58.76.10.8.11.59.58.17.78.22.15.65.8.10.50.59.xover.mutate.done 50
 generation 20.77.77.77.77.80.71.65.67.67.63.1.56.56.55.70.14.63.72.62.29.1.1.56.68.72.50.63.50.50.6.56.77.38.6.55.50.38.55.55.6.23.55.65.76.71.25.50.6.8.63.xover.mutate.done 50
 generation 21.77.80.80.80.80.80.77.70.74.74.17.80.15.57.38.50.7.8.40.50.67.3.80.70.74.80.20.67.74.59.50.18.57.21.64.80.3.20.53.7.57.28.75.53.50.48.80.65.38.57.xover.mutate.done 50
 generation 22.80.80.80.80.80.80.80.80.80.80.1.74.57.80.62.50.21.21.50.62.28.50.8.51.50.78.40.41.78.80.0.61.78.1.72.25.67.74.16.60.51.10.50.50.74.66.46.1.63.10.xover.mutate.done 50
 generation 23.81.81.81.81.81.81.81.81.81.81.73.81.53.81.53.60.75.81.79.60.81.65.82.74.4.19.4.4.60.60.81.5.67.19.53.75.37.74.82.53.18.33.81.4.4.81.51.60.75.81.xover.mutate.done 50
 generation 24.77.77.76.76.76.76.76.76.76.76.51.8.70.65.73.22.63.23.44.62.70.63.16.43.76.76.51.8.77.72.31.51.77.51.63.2.51.76.62.36.76.51.2.65.76.8.2.77.54.51.xover.mutate.done 50
 generation 25.80.80.80.80.80.80.80.80.80.80.23.80.0.80.80.80.80.35.58.40.41.56.80.11.80.74.37.59.51.8.80.11.56.80.11.30.50.80.37.80.50.50.80.50.80.29.37.56.80.50.xover.mutate.done 50
 generation 26.74.74.74.74.74.72.72.72.72.72.60.74.14.58.55.50.72.50.56.56.72.50.55.0.33.34.37.50.74.50.50.63.74.58.59.55.61.50.72.60.34.72.72.58.14.64.56.64.45.6.xover.mutate.done 50
 generation 27.80.80.80.80.80.80.80.80.79.79.50.53.31.23.79.80.31.61.50.79.79.57.0.3.61.79.61.73.79.37.50.50.31.59.61.62.79.79.80.50.50.62.68.50.52.18.50.29.50.68.xover.mutate.done 50
 generation 28.84.84.84.84.84.84.84.84.84.84.50.51.50.17.2.51.51.83.51.83.34.17.78.10.84.53.51.83.83.27.83.51.51.2.44.2.46.51.58.83.83.83.51.83.51.83.84.78.81.12.xover.mutate.done 50
 generation 29.78.78.78.78.78.78.78.78.78.78.76.52.68.41.45.52.49.41.78.28.78.50.78.45.10.50.66.46.52.22.78.49.52.10.41.50.78.56.78.46.78.52.52.50.50.50.52.19.39.57.xover.mutate.done 50
 generation 30.83.83.83.83.83.83.83.81.83.83.2.83.82.71.83.83.53.52.1.50.81.83.83.83.83.51.52.81.2.9.82.52.51.23.19.51.83.51.51.83.51.41.16.56.83.64.67.51.51.51.xover.mutate.done 50
 generation 31.83.83.83.83.83.83.83.83.83.83.48.67.7.83.36.20.82.83.2.64.83.64.50.46.50.82.46.43.52.50.50.81.69.46.83.83.52.51.46.83.46.15.46.83.64.80.2.52.64.50.xover.mutate.done 50
 generation 32.81.81.81.81.81.81.81.82.82.81.50.50.30.81.82.14.63.50.50.50.0.58.82.50.51.82.43.51.50.81.23.81.12.81.50.23.51.82.50.50.51.42.14.82.8.1.50.48.81.51.xover.mutate.done 50
 generation 33.78.78.78.78.78.76.74.78.78.78.50.51.78.1.48.4.50.1.51.78.50.54.48.78.12.50.51.50.72.55.78.31.37.48.50.78.50.55.50.72.68.51.48.0.8.72.51.51.50.78.xover.mutate.done 50
 generation 34.85.85.85.85.85.85.85.85.85.85.50.60.1.54.50.85.35.51.54.85.54.50.58.85.37.47.85.70.60.85.54.85.85.50.53.36.50.85.85.51.1.85.0.60.51.53.1.85.41.39.xover.mutate.done 50
 generation 35.81.81.81.81.81.81.81.81.81.81.81.32.81.80.60.69.56.50.50.56.59.50.59.42.60.56.26.60.60.81.50.50.15.81.40.81.81.59.81.78.81.30.80.81.81.81.43.81.81.60.xover.mutate.done 50
 generation 36.85.85.85.85.85.85.85.85.85.85.55.50.85.50.55.50.52.37.57.50.52.26.50.85.85.85.52.0.85.11.85.85.13.85.50.50.50.50.57.61.85.37.41.85.5.85.85.54.47.37.xover.mutate.done 50
 generation 37.82.82.82.82.82.82.82.82.82.82.82.82.77.50.50.50.34.34.56.82.57.82.12.82.50.60.82.44.82.16.50.56.50.54.0.17.54.50.50.45.56.62.50.82.49.35.44.15.50.50.xover.mutate.done 50
 generation 38.79.79.79.79.79.78.78.78.79.79.79.79.20.49.13.50.10.79.8.8.8.3.3.79.78.79.50.79.16.59.13.33.49.53.79.39.3.35.53.79.53.63.10.53.79.50.79.77.36.79.xover.mutate.done 50
 generation 39.77.77.77.77.77.77.77.77.77.77.77.1.50.9.58.12.41.48.51.32.73.76.12.76.58.5.35.21.50.50.77.18.1.59.1.77.50.24.36.50.77.77.50.77.52.73.76.38.9.9.xover.mutate.done 50
 generation 40.75.75.75.75.75.75.75.75.75.75.34.50.75.75.75.50.26.2.74.8.27.75.50.21.34.75.25.75.58.33.75.54.75.54.52.2.33.50.75.52.34.54.2.75.75.75.27.2.50.16.xover.mutate.done 50
 generation 41.84.84.84.84.84.84.84.84.84.84.51.79.50.84.84.41.50.41.42.17.1.84.84.84.84.50.23.84.50.7.55.84.10.50.53.84.23.50.84.45.58.23.58.83.84.84.47.1.42.84.xover.mutate.done 50
 generation 42.85.85.85.85.85.85.85.85.85.85.57.0.54.85.85.77.50.22.50.85.38.16.85.85.50.85.67.0.18.81.17.30.56.19.57.0.51.0.18.85.86.4.85.85.85.85.58.50.39.0.xover.mutate.done 50
 generation 43.88.88.88.88.88.88.88.88.88.88.88.20.50.28.52.88.53.50.57.28.50.21.9.38.22.15.48.54.50.30.88.88.54.67.88.24.37.88.62.34.50.4.28.88.48.51.4.17.88.50.xover.mutate.done 50
 generation 44.82.79.79.79.79.79.79.79.79.79.47.79.52.79.52.50.19.50.31.29.13.79.36.31.52.79.79.79.79.26.36.69.59.36.79.69.15.2.2.36.69.79.50.52.79.52.46.79.39.79.xover.mutate.done 50
 generation 45.84.83.83.83.83.83.83.83.83.83.51.47.14.30.83.83.1.83.11.11.83.23.30.83.83.83.81.73.12.46.83.34.46.82.82.0.83.50.23.73.83.83.40.57.44.83.83.81.50.48.xover.mutate.done 50
 generation 46.82.82.82.82.82.82.82.82.82.82.52.52.82.51.6.82.79.82.25.82.33.52.82.24.82.51.52.52.62.44.51.52.60.82.63.74.52.62.45.82.12.52.82.82.51.82.82.14.3.82.xover.mutate.done 50
 generation 47.83.81.81.81.81.81.81.81.81.81.81.14.50.17.50.81.81.19.81.32.20.39.31.55.81.50.81.51.59.51.81.37.81.81.5.17.51.58.81.33.81.81.81.60.39.81.81.59.1.1.xover.mutate.done 50
 generation 48.82.82.82.82.82.82.82.82.82.82.33.82.50.82.34.82.61.4.35.82.82.50.82.61.82.82.50.82.82.82.13.82.39.82.82.82.50.82.33.82.51.1.41.50.82.43.35.50.6.61.xover.mutate.done 50
 generation 49.83.82.82.82.82.82.82.82.82.82.40.78.51.81.50.81.81.51.51.51.82.1.33.82.51.82.50.43.82.21.51.51.61.48.1.58.37.58.51.46.50.51.43.51.82.82.58.50.82.19.xover.mutate.done 50
 22011840 iters     908554 iter/sec (24.23 s)
 total time: 24.23
