51 50 50 50 50 50 50 50 50 50 50 50 34 28 9 5 5 4 2 2 2 2 2 2 2 2 2 2 2 2 2 2 1 1 1 1 1 1 1 1 1 1 1 1 1 1 1 1 1 1 
51 51 51 51 51 50 50 50 50 50 50 50 50 50 50 50 50 50 50 50 50 50 50 21 20 19 19 17 14 10 7 7 2 2 2 2 2 2 2 2 1 1 1 1 1 1 1 1 1 1 
51 51 51 51 51 51 51 51 51 51 51 51 51 51 51 51 50 50 50 50 50 50 50 50 50 50 50 50 48 21 17 16 12 12 9 7 5 2 2 2 2 1 1 1 1 1 1 1 1 1 
53 51 51 51 51 51 51 51 51 51 51 51 51 51 51 51 51 51 51 51 51 50 50 50 50 50 50 50 50 50 50 50 50 50 43 32 27 11 9 1 1 1 1 1 1 1 1 1 1 0 
51 51 51 51 51 51 51 51 51 51 51 51 51 51 51 51 51 51 51 51 51 51 51 51 51 51 51 50 46 40 29 10 1 1 1 1 1 1 1 1 1 1 1 1 1 1 1 1 1 0 
57 52 52 52 52 52 52 52 52 52 52 52 52 52 52 52 52 52 52 52 52 52 52 52 52 52 51 51 51 50 38 38 37 20 9 3 3 3 3 3 3 3 3 3 3 2 2 2 2 1 
61 51 51 50 50 50 50 50 50 50 50 50 50 50 50 50 50 50 50 50 50 50 50 50 50 50 50 50 50 50 50 50 29 29 8 1 1 1 1 1 1 1 1 1 0 0 0 0 0 0 
66 60 53 53 53 53 53 53 53 53 53 53 53 53 53 53 53 53 53 53 53 53 53 53 53 53 53 53 51 51 51 51 22 20 18 18 4 4 4 4 4 4 4 4 4 4 4 3 3 3 
68 67 61 53 53 53 53 53 53 53 53 53 53 53 53 53 53 53 53 53 53 53 53 53 53 53 53 53 53 53 53 53 53 53 53 53 36 28 14 13 13 13 13 13 13 13 13 9 6 6 
67 66 55 53 52 52 51 51 51 51 51 51 51 51 51 51 51 51 51 51 51 51 51 51 51 51 51 51 51 51 51 51 51 51 51 51 51 51 38 38 8 3 3 1 1 1 1 1 1 1 
70 68 68 58 57 56 55 55 55 51 50 50 50 50 50 50 50 50 50 50 50 50 50 50 50 50 50 50 50 50 50 50 50 50 50 50 46 38 11 9 8 0 0 0 0 0 0 0 0 0 
64 64 64 63 63 58 57 57 57 56 56 56 56 56 56 54 50 50 50 50 50 50 50 50 50 50 50 50 50 50 50 50 50 50 50 29 8 8 8 2 2 2 2 2 2 2 2 2 2 2 
63 63 61 61 60 60 59 59 55 55 54 54 54 54 54 50 50 50 50 50 50 50 50 50 50 50 50 37 14 14 10 5 5 4 4 4 4 4 4 0 0 0 0 0 0 0 0 0 0 0 
65 64 64 64 64 64 62 61 60 60 60 60 54 54 54 54 53 53 53 53 53 53 52 51 51 51 51 46 18 17 14 13 6 6 5 5 5 5 5 5 4 3 3 3 3 3 3 3 3 3 
65 64 63 63 63 63 62 62 62 62 62 62 62 61 57 57 57 57 55 55 55 55 55 55 55 54 54 51 50 50 50 50 50 34 20 20 17 13 12 11 6 6 6 5 5 1 1 1 1 1 
65 64 64 64 64 64 64 64 64 63 63 63 63 63 63 62 60 59 58 58 57 57 57 56 55 54 53 53 53 53 53 53 53 53 50 37 18 17 15 14 9 9 8 6 6 5 4 4 4 1 
64 63 63 63 63 62 62 62 62 62 62 61 60 56 53 53 50 50 50 50 50 50 50 50 50 50 48 37 36 35 34 26 14 14 13 13 10 8 6 5 4 4 4 4 3 3 0 0 0 0 
77 65 65 65 65 65 65 65 65 65 65 64 64 63 63 60 59 55 52 52 51 51 51 51 51 51 51 51 51 50 50 49 49 49 49 45 45 30 22 17 15 11 6 6 2 2 1 1 1 1 
79 67 67 67 66 66 66 65 65 65 65 65 61 56 56 56 56 56 51 51 51 51 51 51 51 51 50 50 50 50 47 44 40 40 35 33 32 31 27 22 19 15 14 12 5 1 1 1 1 0 
75 71 71 70 70 70 70 70 70 70 67 67 63 62 62 58 55 55 52 52 50 50 50 50 50 50 50 50 48 44 43 39 37 30 26 22 21 7 7 7 7 7 7 7 5 2 2 2 2 2 
82 73 73 70 69 68 68 68 68 68 68 68 68 68 67 67 63 59 55 51 51 51 51 51 51 51 51 50 50 50 50 29 21 19 17 10 9 8 7 7 6 5 5 5 5 1 1 1 1 1 
75 75 68 67 67 66 66 64 64 64 64 63 63 62 62 62 62 62 62 62 57 55 54 53 53 50 50 50 50 50 50 50 50 50 50 48 48 33 31 27 25 13 12 8 8 8 7 5 0 0 
80 80 80 80 79 79 72 72 72 72 72 72 72 70 69 69 69 65 65 56 51 51 51 51 51 51 51 51 51 51 50 50 50 50 50 44 20 20 11 11 9 6 5 5 1 1 1 1 1 0 
87 87 87 87 87 87 83 80 80 79 79 78 74 74 74 73 73 73 73 73 72 71 70 53 53 53 53 52 51 51 51 51 51 51 51 50 50 47 39 36 36 27 25 23 23 19 17 15 7 4 
81 81 81 81 81 81 81 81 81 81 81 81 81 81 81 79 79 77 77 77 75 73 73 72 71 71 68 64 51 51 51 51 51 51 51 51 50 50 50 50 50 47 43 41 25 25 16 1 1 1 
82 82 82 82 82 82 82 82 82 82 82 82 82 82 82 82 82 82 82 82 82 81 81 79 79 78 78 76 76 75 75 70 65 61 52 50 50 50 50 50 50 50 50 50 50 43 41 37 35 12 
81 81 81 81 81 81 81 81 81 81 81 81 81 81 81 81 81 81 81 81 79 79 75 69 68 61 50 50 50 50 50 50 50 50 50 50 50 50 50 50 47 43 42 31 27 18 14 9 0 0 
75 75 75 75 75 75 75 75 75 75 75 75 75 75 75 75 75 75 75 75 74 68 62 60 60 51 51 51 51 51 51 51 51 50 50 50 50 50 36 34 30 26 25 25 12 1 1 1 0 0 
81 81 81 81 81 81 81 81 81 81 81 81 81 81 81 81 81 81 81 79 78 70 68 57 55 52 52 52 51 51 51 51 51 51 50 50 50 50 50 50 46 35 35 34 23 5 3 3 3 2 
90 90 90 90 90 90 90 90 90 90 90 90 90 90 90 90 90 90 90 90 90 90 90 87 85 84 84 82 81 69 64 63 61 61 61 61 52 52 52 50 50 50 50 50 50 42 29 15 11 4 
80 80 80 80 80 80 80 80 80 80 80 80 80 80 80 80 80 80 80 80 80 80 80 80 80 80 79 79 79 79 57 55 50 50 50 50 50 50 50 50 50 50 50 50 47 30 29 19 0 0 
83 83 83 83 83 83 83 83 83 83 83 83 83 83 83 83 83 83 83 81 79 79 76 76 72 72 69 61 61 59 56 52 50 50 50 50 50 47 47 42 29 18 18 13 2 2 2 2 2 2 
83 83 83 83 83 83 83 83 83 83 83 83 83 83 83 83 83 83 80 80 79 79 72 71 70 68 63 62 62 58 53 53 51 51 51 51 51 50 50 50 41 26 19 19 13 11 10 4 4 3 
77 77 77 77 77 77 77 77 77 77 77 77 77 77 77 77 77 77 77 77 76 76 72 68 68 68 60 56 54 53 51 51 51 50 50 50 50 50 50 50 50 38 27 19 3 3 1 1 1 1 
83 83 83 83 83 83 83 83 83 83 83 83 83 83 83 83 83 83 83 83 83 83 83 83 83 82 81 80 79 73 53 53 52 52 51 51 50 50 50 40 40 39 34 20 14 14 11 3 3 2 
86 86 86 86 86 86 86 86 86 86 86 86 86 86 86 86 86 86 86 86 86 86 86 85 79 78 78 78 74 72 70 70 61 50 50 50 50 50 50 50 50 50 50 50 46 23 16 0 0 0 
80 80 80 80 80 80 80 80 80 80 80 80 80 80 80 80 80 80 80 80 80 80 80 80 80 80 80 80 80 80 78 76 76 76 75 72 54 53 53 53 53 53 53 50 50 50 50 50 40 3 
77 77 77 77 77 77 77 77 77 77 77 77 77 77 77 77 77 77 77 77 77 77 77 77 77 77 77 77 77 74 72 69 66 51 50 50 50 50 50 50 50 50 50 41 34 34 33 15 1 1 
79 79 79 79 79 79 79 79 79 79 79 79 79 79 79 79 79 79 79 79 79 79 76 73 68 68 62 53 51 51 50 50 50 50 50 50 50 50 50 39 35 30 23 3 3 3 2 1 0 0 
81 81 81 81 81 81 81 81 81 81 81 81 81 81 81 81 81 81 81 81 77 77 77 59 59 54 50 50 50 50 50 50 50 50 50 50 50 45 39 39 38 35 14 9 1 0 0 0 0 0 
78 78 78 78 78 78 78 78 78 78 78 78 78 78 78 78 78 76 75 74 70 59 59 59 57 57 57 51 51 51 51 50 50 50 50 50 50 50 50 50 50 50 50 50 40 40 27 12 1 1 
77 76 76 76 76 76 76 76 76 76 76 76 76 76 76 76 76 76 76 76 76 76 76 76 76 75 74 71 66 64 57 57 55 52 50 50 50 50 50 50 40 33 28 24 11 9 7 5 2 2 
79 78 78 78 78 78 78 78 78 78 78 78 78 78 77 76 76 68 68 68 67 67 67 64 59 56 51 51 51 51 50 50 50 50 50 50 50 50 44 40 29 29 29 20 15 12 4 4 1 0 
80 80 80 79 79 79 79 79 79 79 79 79 79 79 79 79 79 79 79 79 76 66 65 63 59 59 59 54 51 51 51 51 51 51 51 51 51 51 51 50 50 49 48 31 28 28 19 14 5 2 
81 81 81 81 81 80 80 80 80 80 80 80 80 80 80 80 80 77 68 68 68 68 67 60 60 60 59 59 56 56 52 52 52 52 51 51 50 50 50 50 50 49 46 44 41 37 34 19 16 8 
78 78 78 78 78 78 78 78 78 78 78 78 78 78 78 78 78 78 78 78 78 77 77 73 73 73 61 61 58 58 58 56 56 51 51 51 51 51 51 51 51 50 50 33 29 29 29 23 9 9 
83 83 83 83 83 83 83 82 82 82 82 82 82 82 82 82 82 82 82 82 82 82 82 82 82 79 75 71 70 63 63 61 61 61 60 60 60 60 59 53 50 50 50 50 50 43 37 36 34 19 
80 80 80 80 80 80 80 80 80 80 77 77 77 77 77 77 77 77 77 77 77 77 77 77 77 71 71 65 65 65 56 56 54 51 50 50 50 50 50 50 49 49 43 43 40 40 32 30 12 1 
82 82 82 82 82 82 82 82 82 82 82 82 82 82 82 82 82 82 81 81 81 81 78 73 68 65 60 59 56 56 52 52 52 52 52 52 51 51 47 46 43 42 35 34 34 33 32 8 8 4 
83 83 83 83 83 83 83 83 83 83 83 83 83 83 83 83 83 82 82 82 82 79 68 61 57 57 55 55 52 52 52 52 52 52 52 42 41 39 39 38 36 24 11 9 9 8 7 4 4 4 
