% Ministry of Cellular Automata
% Project Deux (CS523 Spring 2015)
% Version:v0.1-66-g3e0f-dirty
%  pop:50
%  ic count:100
%  CA Log option:r2/run15
%  width:121
%  max workers:4
%  radius:2
%  iterations:300
%  generations:50

 generation 0.3.52.3.26.3.5.5.12.2.5.3.5.9.5.3.3.5.50.5.2.50.50.50.5.5.3.5.5.2.3.5.2.5.11.5.50.3.2.3.5.2.50.2.5.3.5.3.13.5.50.xover.mutate.done 50
 generation 1.51.50.50.50.50.50.50.50.22.18.1.1.50.1.0.50.0.50.1.50.1.1.4.1.1.0.50.12.51.51.51.9.51.0.51.0.1.6.50.4.0.1.7.0.50.1.50.0.48.0.xover.mutate.done 50
 generation 2.50.50.50.50.50.50.50.50.50.50.50.50.50.50.11.50.52.50.9.50.50.2.16.0.19.50.50.50.50.50.67.50.50.50.52.2.2.44.50.50.50.50.8.50.0.0.0.50.50.50.xover.mutate.done 50
 generation 3.75.51.51.50.50.50.50.50.50.50.51.50.50.50.0.50.50.1.1.50.50.50.51.50.0.50.50.50.51.17.1.50.50.0.51.51.50.1.7.50.30.50.1.50.50.51.50.50.50.50.xover.mutate.done 50
 generation 4.82.51.51.51.51.51.51.51.51.50.1.17.50.50.50.50.51.51.50.1.50.16.0.50.82.50.50.1.1.1.50.1.1.51.50.20.51.1.51.50.1.50.1.50.50.50.1.50.45.1.xover.mutate.done 50
 generation 5.79.79.50.50.50.50.50.50.50.50.0.0.50.50.50.0.0.0.14.0.0.8.50.50.12.50.28.50.50.0.0.0.50.50.0.0.0.50.0.50.0.0.0.0.50.0.50.0.50.50.xover.mutate.done 50
 generation 6.77.77.51.51.51.51.51.51.51.51.51.3.3.1.51.1.50.3.2.51.3.8.1.1.3.51.3.51.3.3.50.3.52.3.51.1.52.3.3.51.1.52.3.50.9.3.2.51.3.3.xover.mutate.done 50
 generation 7.79.79.51.51.51.54.54.54.54.54.79.5.5.54.5.11.32.54.5.5.41.10.50.5.1.54.4.51.54.1.4.51.54.5.11.54.5.54.10.54.4.54.54.15.13.54.54.5.54.54.xover.mutate.done 50
 generation 8.81.81.81.52.52.52.52.52.52.52.52.2.50.52.4.9.52.4.52.52.50.52.52.52.52.4.2.4.4.50.17.50.52.2.52.2.52.52.2.4.52.22.52.2.10.2.81.4.52.52.xover.mutate.done 50
 generation 9.73.73.73.73.50.50.50.50.50.50.0.50.50.50.37.73.51.50.50.50.0.50.1.50.12.1.12.8.50.0.50.26.50.51.50.50.1.51.1.0.50.50.50.50.0.7.7.14.1.50.xover.mutate.done 50
 generation 10.80.80.80.80.80.52.52.52.52.52.52.4.4.80.2.4.2.4.4.2.52.4.80.2.52.52.4.50.4.52.50.2.80.4.2.52.5.2.4.2.52.21.2.52.50.14.2.52.52.52.xover.mutate.done 50
 generation 11.76.76.76.76.76.76.76.76.52.52.3.50.51.20.51.3.1.1.51.2.1.1.1.50.52.1.2.1.50.3.2.51.76.3.76.50.44.51.2.6.50.51.5.52.26.17.51.2.1.50.xover.mutate.done 50
 generation 12.81.81.81.81.81.81.81.81.81.81.24.2.81.5.1.50.50.14.2.2.51.2.50.2.50.34.1.2.2.50.2.51.1.5.81.1.50.1.51.51.1.51.2.50.50.81.1.50.2.1.xover.mutate.done 50
 generation 13.77.77.77.77.77.77.77.77.77.77.0.11.1.1.44.46.1.50.50.10.51.1.51.15.1.77.50.1.1.77.1.1.1.1.77.1.1.0.1.1.77.0.77.48.50.11.50.1.32.11.xover.mutate.done 50
 generation 14.82.82.82.82.82.82.82.82.82.82.50.2.22.1.13.50.2.12.2.1.82.19.82.50.1.50.1.82.2.2.48.2.2.50.82.50.1.19.1.1.2.1.2.1.82.50.2.2.2.1.xover.mutate.done 50
 generation 15.77.77.77.77.77.77.77.77.77.77.77.77.1.1.7.77.1.77.20.77.20.1.50.77.77.77.19.77.11.11.79.50.1.0.77.1.1.1.1.0.77.1.0.1.50.77.1.1.77.1.xover.mutate.done 50
 generation 16.79.80.80.80.80.80.80.80.80.80.80.6.28.80.80.6.80.6.6.31.6.3.66.28.80.50.80.80.80.80.47.80.75.6.6.80.80.6.80.80.18.80.6.80.3.24.10.18.6.6.xover.mutate.done 50
 generation 17.66.66.66.66.66.66.66.66.66.66.42.22.24.24.13.3.66.3.66.13.5.66.14.0.66.3.5.66.3.3.66.66.24.15.13.24.3.66.66.5.66.59.22.66.3.66.66.24.41.24.xover.mutate.done 50
 generation 18.73.73.73.73.73.73.73.73.73.73.25.0.73.73.30.49.0.0.13.14.50.73.30.73.45.13.73.29.13.49.0.0.45.0.44.11.77.6.0.21.13.11.73.21.0.21.73.15.13.15.xover.mutate.done 50
 generation 19.69.78.78.78.78.78.78.78.78.78.78.3.3.78.78.7.78.44.13.3.3.7.51.44.3.14.28.76.3.12.14.77.69.51.15.12.3.3.3.3.3.21.44.78.6.18.26.78.7.78.xover.mutate.done 50
 generation 20.79.79.79.79.79.79.79.79.79.79.79.3.79.74.79.79.81.28.79.15.79.79.3.79.14.5.45.22.79.3.79.3.3.1.15.74.28.71.39.5.54.29.74.79.3.79.12.63.30.3.xover.mutate.done 50
 generation 21.79.78.78.78.78.78.78.78.78.78.78.50.78.2.14.22.79.1.79.34.3.78.18.3.26.3.78.25.1.78.28.5.1.16.78.38.18.3.20.1.3.3.3.45.33.18.73.78.1.3.xover.mutate.done 50
 generation 22.81.81.83.76.76.76.76.76.76.76.2.11.2.16.21.0.5.5.5.2.15.28.0.76.2.2.2.5.5.31.42.9.14.76.5.51.15.19.2.9.17.0.2.37.5.76.51.16.73.42.xover.mutate.done 50
 generation 23.82.77.77.85.85.85.85.85.85.85.1.16.1.85.85.77.8.1.1.31.16.85.1.8.20.1.1.77.8.1.16.26.1.35.66.1.31.29.85.44.1.1.18.85.1.8.8.85.30.85.xover.mutate.done 50
 generation 24.82.82.82.82.82.82.82.82.82.82.16.4.18.4.16.82.0.82.82.64.17.0.0.16.17.82.78.70.15.0.27.82.4.34.4.73.34.0.82.82.0.82.39.0.16.82.27.0.0.82.xover.mutate.done 50
 generation 25.78.78.78.78.78.78.78.78.78.78.2.78.7.19.78.2.78.15.2.7.2.19.78.2.78.15.82.7.70.2.78.2.16.14.24.21.40.15.18.78.78.2.2.18.16.2.12.2.78.78.xover.mutate.done 50
 generation 26.85.79.79.79.79.79.79.79.79.79.11.1.79.31.27.8.28.1.13.28.0.15.20.1.79.50.79.43.73.1.27.20.79.79.28.3.79.8.14.12.14.28.0.28.79.1.31.3.1.1.xover.mutate.done 50
 generation 27.80.82.82.82.82.82.82.82.82.82.2.3.37.2.8.50.3.19.3.14.77.50.82.13.8.50.82.8.82.18.2.18.3.13.8.8.50.24.82.18.15.16.37.28.8.13.22.25.16.25.xover.mutate.done 50
 generation 28.78.78.78.78.78.78.78.78.78.78.1.1.16.51.1.28.7.7.1.7.7.1.16.16.55.1.40.78.1.23.1.23.23.1.16.1.7.1.16.77.1.78.22.1.17.1.48.7.72.1.xover.mutate.done 50
 generation 29.82.82.82.82.82.82.82.82.82.82.79.2.82.5.5.20.2.16.5.2.79.2.12.2.5.84.2.20.2.2.5.2.2.2.14.2.2.2.2.2.84.2.82.9.57.82.2.20.5.26.xover.mutate.done 50
 generation 30.81.81.74.74.74.74.74.74.74.74.8.67.31.24.0.29.1.1.1.16.1.0.1.1.13.8.1.1.1.8.1.1.26.0.25.1.14.74.1.1.1.25.0.74.24.1.67.24.74.1.xover.mutate.done 50
 generation 31.78.78.82.82.82.82.82.82.82.82.14.1.2.2.2.2.17.2.82.2.82.76.2.2.2.2.25.82.2.5.46.2.82.5.2.40.19.25.2.2.2.5.2.60.82.5.25.17.2.5.xover.mutate.done 50
 generation 32.70.70.70.70.70.70.70.70.70.70.70.70.31.19.19.18.18.18.2.2.7.19.70.18.70.14.12.2.2.7.24.19.7.0.41.7.17.24.7.17.19.9.2.12.7.7.2.22.70.7.xover.mutate.done 50
 generation 33.86.86.86.86.86.86.86.86.86.86.9.56.86.10.20.0.4.26.6.0.0.7.27.7.5.7.0.50.31.86.86.76.21.86.26.80.86.0.86.86.80.0.86.86.10.37.7.7.26.8.xover.mutate.done 50
 generation 34.79.79.79.79.79.79.79.79.79.79.31.14.0.46.79.1.74.79.8.1.74.1.8.13.79.79.87.12.0.23.13.11.52.14.29.26.1.0.1.79.86.1.0.15.74.1.7.39.1.23.xover.mutate.done 50
 generation 35.83.82.77.77.77.77.77.77.77.77.14.77.83.77.77.70.77.7.77.2.77.45.7.42.77.77.0.16.10.82.0.77.0.44.0.1.0.0.19.77.16.0.50.48.0.42.70.2.50.10.xover.mutate.done 50
 generation 36.77.77.71.71.75.75.75.75.75.75.0.12.75.75.0.73.62.18.9.49.18.77.0.75.26.42.4.75.77.12.75.51.0.15.0.77.13.12.9.9.56.69.42.0.69.0.9.69.0.75.xover.mutate.done 50
 generation 37.85.85.85.85.85.80.80.80.80.80.0.73.80.14.56.12.0.75.85.85.13.28.48.0.0.75.83.12.21.80.85.4.85.85.0.0.80.0.4.0.12.85.20.4.53.0.0.21.80.4.xover.mutate.done 50
 generation 38.81.81.81.81.81.81.81.81.81.81.73.5.3.81.11.3.80.17.3.80.3.81.28.81.80.27.5.60.80.81.3.14.50.11.3.3.81.11.3.5.11.11.80.80.18.3.81.3.3.3.xover.mutate.done 50
 generation 39.73.73.73.73.73.73.73.73.73.73.12.5.3.73.73.9.56.15.12.2.73.73.12.5.73.5.5.5.73.2.74.5.2.9.73.73.73.5.73.74.74.9.12.73.5.44.12.73.73.9.xover.mutate.done 50
 generation 40.80.80.80.79.79.79.79.79.79.79.46.11.3.80.0.79.8.48.10.80.11.1.3.48.3.19.1.80.64.79.3.79.80.80.1.10.52.80.10.10.80.79.74.1.3.1.79.10.11.79.xover.mutate.done 50
 generation 41.76.76.76.76.76.76.76.76.76.76.1.76.3.44.10.20.27.17.17.76.18.20.9.18.76.3.33.79.72.25.9.17.79.24.67.10.3.25.76.69.20.79.79.10.10.1.3.20.16.9.xover.mutate.done 50
 generation 42.80.80.80.80.77.77.77.77.77.77.13.9.77.77.77.13.12.7.80.68.77.5.68.77.12.77.0.2.0.75.12.77.12.77.12.2.65.16.46.77.80.80.17.17.9.80.2.77.2.77.xover.mutate.done 50
 generation 43.76.76.76.76.76.76.76.76.73.73.15.73.14.2.2.13.6.27.2.14.8.10.14.13.2.6.10.15.73.10.2.12.71.42.76.16.76.77.2.71.73.2.10.12.7.2.23.7.2.14.xover.mutate.done 50
 generation 44.77.81.81.81.81.81.81.81.81.81.0.4.60.2.14.14.81.14.14.14.26.83.7.2.26.12.15.70.2.9.11.20.83.15.26.2.2.2.13.81.2.83.9.11.2.60.2.8.2.2.xover.mutate.done 50
 generation 45.85.85.85.87.87.87.87.87.87.87.2.80.2.14.86.85.10.4.2.85.10.4.8.25.85.8.9.40.0.87.14.4.13.85.4.2.12.75.11.15.85.0.12.14.12.87.4.2.4.2.xover.mutate.done 50
 generation 46.74.74.74.74.74.74.74.74.74.74.2.74.2.2.3.17.22.1.46.3.11.9.3.2.2.21.2.8.5.2.2.5.3.2.5.69.2.74.74.22.2.74.74.2.3.5.8.17.2.3.xover.mutate.done 50
 generation 47.81.81.81.81.81.81.81.81.81.85.7.4.14.51.13.4.4.82.13.4.82.39.81.4.4.15.1.81.14.7.4.81.82.7.7.13.4.22.82.43.14.55.14.4.13.7.55.38.82.4.xover.mutate.done 50
 generation 48.80.77.77.77.77.77.84.84.84.84.84.12.51.51.77.16.1.51.12.33.0.31.1.33.84.80.12.12.84.16.84.84.0.12.12.1.84.12.11.12.1.1.12.1.1.1.80.15.12.12.xover.mutate.done 50
 generation 49.82.82.82.82.82.82.82.82.82.82.82.0.71.84.0.12.82.86.3.10.9.10.3.0.41.10.82.0.82.0.23.9.29.11.84.0.82.9.0.73.9.0.84.6.0.30.82.82.0.86.xover.mutate.done 50
 64513123 iters     922689 iter/sec (69.92 s)
 total time: 69.92
