% Ministry of Cellular Automata
% Project Deux (CS523 Spring 2015)
% Version:v0.1-66-g3e0f-dirty
%  pop:50
%  ic count:100
%  CA Log option:r2/run12
%  width:121
%  max workers:4
%  radius:2
%  iterations:300
%  generations:50

 generation 0.1.2.1.3.50.36.2.50.1.50.1.3.2.1.1.1.1.3.2.1.50.52.3.3.8.2.2.2.51.50.1.3.50.50.50.1.3.3.50.50.2.10.50.1.3.52.1.3.3.50.xover.mutate.done 50
 generation 1.52.52.51.50.50.50.50.50.50.50.52.1.52.15.2.12.52.2.51.2.50.50.1.3.50.51.3.6.2.51.6.50.4.3.2.50.3.50.3.50.2.3.50.1.50.52.2.6.1.50.xover.mutate.done 50
 generation 2.51.51.51.51.51.51.51.51.51.51.1.1.51.50.51.2.51.2.51.50.1.50.51.51.50.51.2.51.1.51.51.1.1.51.50.1.1.7.2.8.2.1.2.51.5.51.37.50.2.1.xover.mutate.done 50
 generation 3.50.50.50.50.50.50.50.50.50.50.50.47.48.50.0.50.7.0.50.10.10.50.0.50.12.50.50.50.50.0.0.50.0.50.50.0.7.0.47.0.0.0.0.50.0.15.50.50.0.0.xover.mutate.done 50
 generation 4.51.51.51.51.51.51.51.51.51.51.51.51.51.2.2.2.51.50.51.51.51.69.1.2.51.51.51.2.51.1.1.51.26.8.14.51.2.50.51.2.11.51.9.51.2.51.14.51.2.1.xover.mutate.done 50
 generation 5.70.52.52.52.52.52.52.50.50.50.50.52.52.2.52.50.52.2.75.2.52.75.22.2.52.52.6.0.0.73.52.52.2.2.2.6.52.2.52.50.25.2.2.2.46.50.2.2.2.50.xover.mutate.done 50
 generation 6.84.84.75.67.51.51.51.51.51.51.66.51.1.28.1.1.24.51.1.1.51.84.38.1.15.1.82.27.51.51.1.51.35.1.51.50.51.51.9.1.0.50.50.6.1.57.51.0.1.50.xover.mutate.done 50
 generation 7.77.77.77.77.74.78.63.52.50.50.50.10.50.50.37.46.1.50.51.5.50.49.77.50.51.1.50.50.1.30.1.50.50.57.65.14.15.77.50.1.77.77.75.50.77.77.51.50.1.50.xover.mutate.done 50
 generation 8.69.75.75.75.75.75.75.75.75.75.51.73.51.51.51.51.51.51.75.51.69.51.67.73.8.2.22.51.2.51.43.51.18.29.2.51.10.2.75.69.13.11.51.51.51.51.51.51.28.51.xover.mutate.done 50
 generation 9.88.88.88.88.88.88.88.88.88.88.50.61.50.50.6.65.0.50.50.88.10.50.50.50.39.50.65.82.38.50.27.38.50.78.88.50.65.27.50.13.50.50.50.88.50.11.84.50.61.50.xover.mutate.done 50
 generation 10.89.89.89.87.87.89.87.89.89.89.38.52.85.52.50.50.85.52.89.75.52.2.89.37.3.87.50.55.52.87.72.38.87.89.72.87.87.37.89.52.13.13.72.50.52.52.52.46.87.24.xover.mutate.done 50
 generation 11.83.83.83.83.83.83.83.83.83.83.83.71.53.53.4.81.83.11.63.50.53.69.25.4.5.4.53.75.69.53.69.83.51.46.83.14.34.81.53.5.81.63.83.63.83.53.4.62.33.32.xover.mutate.done 50
 generation 12.84.84.84.84.84.84.84.84.84.84.33.51.59.51.59.7.84.1.59.1.23.84.7.83.82.51.57.50.59.84.31.8.59.24.33.50.59.51.59.83.7.1.84.84.1.84.51.57.59.68.xover.mutate.done 50
 generation 13.83.83.83.83.83.83.83.83.83.83.60.83.34.50.50.47.15.74.79.60.63.50.50.81.12.50.63.79.2.74.83.35.83.43.52.39.82.63.79.74.43.56.63.52.27.83.52.50.50.60.xover.mutate.done 50
 generation 14.77.77.77.77.77.77.77.77.77.77.45.52.45.68.56.74.59.68.46.30.77.74.50.66.59.59.48.74.52.76.77.59.20.52.37.53.50.59.50.45.77.26.0.45.27.41.72.59.50.52.xover.mutate.done 50
 generation 15.81.81.81.81.81.81.81.81.81.81.77.11.61.77.81.77.61.81.51.61.34.51.78.51.71.50.6.61.6.81.1.81.62.51.45.63.1.77.62.5.6.78.63.38.79.14.11.1.79.50.xover.mutate.done 50
 generation 16.78.78.78.78.78.78.78.78.78.78.78.50.29.65.59.6.76.73.65.50.56.56.29.59.76.82.78.58.42.82.29.9.6.57.26.29.50.35.59.50.30.50.56.66.78.82.56.50.50.78.xover.mutate.done 50
 generation 17.78.80.80.76.76.76.76.76.76.76.74.17.27.75.28.74.55.42.58.55.19.50.57.58.5.17.50.50.17.28.74.9.76.76.76.0.58.50.76.80.76.68.31.12.76.80.50.80.55.50.xover.mutate.done 50
 generation 18.85.85.85.84.84.82.82.82.82.82.36.79.52.50.82.82.79.43.52.84.50.82.82.58.57.50.2.50.22.19.50.77.75.74.82.82.50.82.82.50.2.81.64.82.2.53.29.82.56.53.xover.mutate.done 50
 generation 19.87.87.87.88.88.88.84.83.83.83.72.32.50.51.1.32.83.50.88.61.83.50.82.51.15.82.1.83.83.69.81.15.78.77.84.50.83.50.59.50.50.72.32.65.1.50.83.63.50.72.xover.mutate.done 50
 generation 20.79.79.79.79.78.78.78.81.81.80.50.81.30.80.58.67.50.57.30.75.50.78.80.50.81.31.75.47.50.56.50.50.0.79.38.50.0.69.78.56.79.50.0.36.79.5.8.79.50.50.xover.mutate.done 50
 generation 21.82.82.82.82.82.82.82.84.84.84.2.84.82.72.13.82.51.22.82.51.11.51.12.77.63.82.84.51.82.2.51.59.62.84.45.79.2.51.61.13.34.22.84.79.1.84.51.82.44.62.xover.mutate.done 50
 generation 22.76.76.76.76.76.76.76.76.74.74.24.0.49.76.0.19.74.56.50.56.50.0.50.6.29.0.50.72.0.0.50.16.50.76.61.76.0.71.29.54.74.0.50.48.70.50.6.35.50.76.xover.mutate.done 50
 generation 23.80.80.80.80.80.80.80.80.80.80.80.51.80.81.78.51.19.12.51.51.50.5.83.78.34.50.50.3.32.50.52.80.51.80.52.3.50.3.52.50.38.13.78.84.52.62.52.50.51.3.xover.mutate.done 50
 generation 24.79.75.77.83.83.83.83.83.83.83.52.2.83.52.29.52.52.24.75.74.50.50.77.50.52.4.58.83.75.52.50.52.52.67.76.52.50.52.50.83.52.52.19.52.4.83.52.4.52.50.xover.mutate.done 50
 generation 25.79.79.79.79.79.79.79.79.79.79.50.73.50.50.75.50.32.79.51.73.6.79.90.1.50.63.90.79.79.77.79.50.36.79.0.79.34.1.88.79.50.79.80.79.8.50.1.50.1.50.xover.mutate.done 50
 generation 26.84.84.83.86.84.84.84.84.84.84.1.50.79.84.84.84.82.84.74.54.50.50.84.54.54.72.38.75.79.79.50.1.1.84.50.50.50.74.37.51.84.84.79.54.50.50.50.50.74.50.xover.mutate.done 50
 generation 27.80.79.79.77.77.77.77.77.77.77.53.0.30.53.77.61.50.40.59.10.50.72.50.50.75.60.50.48.79.50.75.77.59.72.0.53.50.10.50.59.26.80.47.29.50.77.72.50.77.79.xover.mutate.done 50
 generation 28.84.84.82.82.82.82.81.81.81.81.51.72.82.61.1.51.12.51.53.51.69.51.51.51.51.51.17.52.57.52.51.51.51.51.28.51.2.9.47.31.50.55.8.81.48.51.51.11.51.51.xover.mutate.done 50
 generation 29.90.90.79.79.79.79.83.86.86.86.50.46.64.51.1.25.51.1.31.58.62.58.50.73.25.51.51.50.1.50.76.64.8.79.1.47.50.51.36.50.1.51.50.56.1.1.55.20.51.1.xover.mutate.done 50
 generation 30.82.82.82.82.82.79.84.84.84.84.62.12.8.1.1.4.70.72.51.14.51.1.51.60.4.51.4.4.72.53.55.4.38.54.60.51.82.72.51.82.51.51.53.39.51.60.10.4.71.4.xover.mutate.done 50
 generation 31.86.86.86.86.80.80.81.81.81.75.60.29.15.60.47.81.81.76.51.60.50.32.62.33.28.76.25.51.50.50.51.42.61.51.11.2.11.60.51.36.81.2.81.51.76.50.75.62.76.60.xover.mutate.done 50
 generation 32.85.85.85.85.83.83.83.83.83.83.51.37.75.51.51.58.84.51.83.75.2.60.51.73.50.2.51.51.67.44.58.78.2.32.51.39.51.73.51.27.73.60.51.76.76.78.1.51.2.36.xover.mutate.done 50
 generation 33.84.84.84.84.84.81.81.81.81.81.43.51.0.81.81.51.82.0.38.7.81.69.59.39.51.51.84.51.43.50.1.50.50.51.19.50.39.50.50.1.45.51.26.50.72.50.51.30.50.51.xover.mutate.done 50
 generation 34.80.80.80.80.78.80.78.77.77.77.50.51.50.50.50.51.77.66.78.78.1.17.54.51.50.51.1.80.36.1.50.50.50.6.78.78.50.28.50.50.50.1.78.1.51.69.50.5.77.50.xover.mutate.done 50
 generation 35.74.74.74.74.74.74.85.74.74.85.26.50.85.50.84.51.50.50.1.1.50.9.74.51.74.51.85.25.10.51.74.50.50.50.25.51.50.68.75.50.50.85.0.51.75.74.1.45.39.1.xover.mutate.done 50
 generation 36.84.84.84.84.84.81.73.71.88.88.62.51.50.88.49.52.10.83.34.52.62.81.80.84.52.48.50.52.58.2.50.23.79.75.51.61.53.50.51.50.2.62.52.83.72.3.13.84.83.52.xover.mutate.done 50
 generation 37.81.81.81.89.89.89.89.89.81.89.50.82.89.70.81.12.50.50.71.50.61.50.73.81.81.55.4.50.54.4.45.81.81.81.50.34.50.76.22.70.4.50.50.81.0.32.81.13.81.63.xover.mutate.done 50
 generation 38.86.86.86.86.86.86.86.82.81.81.51.51.81.5.51.51.50.50.41.81.31.86.51.55.0.51.50.78.51.82.56.77.82.1.1.79.36.86.51.60.36.49.51.51.86.1.50.81.77.50.xover.mutate.done 50
 generation 39.78.78.78.78.78.78.78.78.78.78.50.50.3.69.11.50.47.29.0.78.50.50.50.50.50.50.73.45.78.78.15.50.50.50.0.78.50.50.54.50.77.50.78.0.62.50.50.54.32.54.xover.mutate.done 50
 generation 40.80.80.80.80.80.80.80.80.80.80.63.87.54.75.55.80.71.81.50.51.56.51.71.75.19.20.50.51.51.1.80.51.1.80.51.80.51.51.51.51.80.60.1.60.60.51.51.51.11.80.xover.mutate.done 50
 generation 41.84.70.80.80.80.80.80.80.80.80.80.79.80.51.84.57.80.50.50.81.55.51.80.59.80.73.28.75.0.70.39.80.80.73.51.73.80.80.80.55.76.1.9.84.1.51.82.59.34.57.xover.mutate.done 50
 generation 42.74.74.74.74.72.83.83.83.83.83.50.22.1.74.50.68.74.11.51.54.51.22.22.51.29.83.79.74.83.83.50.51.51.18.83.83.80.51.83.83.26.52.51.83.30.68.21.53.74.70.xover.mutate.done 50
 generation 43.78.78.78.78.78.78.78.78.78.78.40.64.37.50.85.51.64.80.45.78.78.51.78.77.78.34.25.45.78.0.51.51.35.51.70.20.51.78.78.45.4.55.1.55.78.51.50.84.50.55.xover.mutate.done 50
 generation 44.73.72.85.84.84.84.84.84.84.84.51.44.51.42.49.48.6.51.69.51.1.84.51.77.84.76.51.51.51.55.51.36.33.85.63.85.2.77.84.51.74.51.84.84.6.77.85.6.51.2.xover.mutate.done 50
 generation 45.93.93.93.93.91.91.91.91.91.91.51.59.51.78.2.84.67.51.51.2.1.91.60.51.83.65.91.51.51.51.50.91.78.93.2.78.2.91.91.51.50.51.51.91.83.51.75.93.62.51.xover.mutate.done 50
 generation 46.85.85.85.85.85.85.85.85.85.85.85.50.57.85.50.85.85.85.76.85.85.9.85.85.0.9.66.85.50.85.44.85.62.6.50.0.7.77.85.50.80.50.85.48.57.82.9.0.12.48.xover.mutate.done 50
 generation 47.78.78.78.78.78.78.78.78.78.78.50.47.78.78.51.78.78.78.78.0.62.51.50.50.78.33.40.4.78.51.78.71.68.46.78.78.53.78.51.51.53.78.53.71.31.78.78.38.51.78.xover.mutate.done 50
 generation 48.84.84.84.84.84.84.84.84.84.84.84.50.81.84.10.84.84.9.51.84.84.84.44.46.16.77.12.83.84.83.59.84.84.44.84.77.1.84.59.84.50.37.53.84.77.84.83.84.76.84.xover.mutate.done 50
 generation 49.85.85.85.85.85.85.85.85.85.85.85.84.63.52.51.85.50.85.9.52.46.85.85.57.52.63.85.85.85.55.85.3.85.84.83.28.85.85.85.57.85.85.51.85.60.36.85.85.48.77.xover.mutate.done 50
 22013001 iters     880640 iter/sec (25.00 s)
 total time: 25.00
