0.25 0.28125 0.34375 0.65625 0.375 0.65625 0.375 0.1875 0.46875 0.28125 
0.28125 0.90625 0.875 0.0625 1.0 0.0 0.15625 0.03125 0.65625 0.6875 
0.28125 0.03125 0.0625 0.125 0.1875 0.3125 0.90625 0.875 0.0625 1.0 
0.65625 0.625 0.6875 0.28125 0.03125 0.0625 0.125 0.1875 0.3125 0.90625 
0.65625 0.625 0.6875 0.65625 0.59375 0.625 0.5 0.6875 0.6875 0.28125 
0.65625 0.65625 0.625 0.6875 0.65625 0.59375 0.625 0.5 0.6875 0.6875 
0.65625 0.65625 0.625 0.6875 0.65625 0.59375 0.625 0.5 0.6875 0.6875 
0.65625 0.65625 0.25 0.4375 0.15625 0.625 0.6875 0.65625 0.59375 0.625 
0.65625 0.65625 0.65625 0.625 0.6875 0.65625 0.59375 0.625 0.6875 0.65625 
0.65625 0.65625 0.65625 0.65625 0.625 0.6875 0.65625 0.59375 0.625 0.6875 
0.65625 0.65625 0.65625 0.65625 0.65625 0.34375 0.4375 0.28125 0.625 0.6875 
0.65625 0.65625 0.65625 0.65625 0.65625 0.65625 0.65625 0.65625 0.34375 0.4375 
0.65625 0.65625 0.65625 0.65625 0.65625 0.65625 0.65625 0.65625 0.65625 0.65625 
0.65625 0.65625 0.65625 0.65625 0.65625 0.65625 0.65625 0.65625 0.65625 0.65625 
0.65625 0.65625 0.65625 0.65625 0.65625 0.65625 0.65625 0.65625 0.65625 0.65625 
0.65625 0.65625 0.65625 0.65625 0.65625 0.65625 0.65625 0.65625 0.65625 0.65625 
0.625 0.65625 0.65625 0.65625 0.65625 0.65625 0.65625 0.65625 0.65625 0.65625 
0.65625 0.65625 0.65625 0.65625 0.65625 0.65625 0.65625 0.65625 0.65625 0.65625 
0.65625 0.65625 0.65625 0.65625 0.65625 0.65625 0.65625 0.65625 0.65625 0.65625 
0.625 0.65625 0.65625 0.65625 0.65625 0.65625 0.65625 0.65625 0.65625 0.65625 
0.65625 0.65625 0.65625 0.65625 0.65625 0.65625 0.65625 0.65625 0.65625 0.65625 
0.625 0.65625 0.65625 0.65625 0.65625 0.65625 0.65625 0.65625 0.65625 0.65625 
0.625 0.625 0.625 0.65625 0.65625 0.65625 0.65625 0.65625 0.65625 0.65625 
0.625 0.625 0.625 0.65625 0.65625 0.65625 0.65625 0.65625 0.65625 0.65625 
0.65625 0.65625 0.65625 0.65625 0.65625 0.65625 0.65625 0.65625 0.65625 0.65625 
0.65625 0.65625 0.65625 0.65625 0.65625 0.65625 0.65625 0.65625 0.65625 0.65625 
0.625 0.65625 0.65625 0.65625 0.65625 0.65625 0.65625 0.65625 0.65625 0.65625 
0.625 0.65625 0.65625 0.65625 0.65625 0.65625 0.65625 0.65625 0.65625 0.65625 
0.65625 0.65625 0.65625 0.65625 0.65625 0.65625 0.65625 0.65625 0.65625 0.65625 
0.65625 0.65625 0.65625 0.65625 0.65625 0.65625 0.65625 0.65625 0.65625 0.65625 
0.625 0.625 0.65625 0.65625 0.65625 0.65625 0.65625 0.65625 0.65625 0.65625 
0.625 0.625 0.65625 0.65625 0.65625 0.65625 0.65625 0.65625 0.65625 0.65625 
0.65625 0.65625 0.65625 0.65625 0.65625 0.65625 0.65625 0.65625 0.65625 0.65625 
0.65625 0.65625 0.65625 0.65625 0.65625 0.65625 0.65625 0.65625 0.65625 0.65625 
0.65625 0.65625 0.65625 0.65625 0.65625 0.65625 0.65625 0.65625 0.65625 0.65625 
0.625 0.625 0.65625 0.65625 0.65625 0.65625 0.65625 0.65625 0.65625 0.65625 
0.625 0.625 0.625 0.625 0.65625 0.65625 0.65625 0.65625 0.65625 0.65625 
0.625 0.625 0.625 0.625 0.625 0.65625 0.65625 0.65625 0.65625 0.65625 
0.625 0.625 0.625 0.625 0.625 0.625 0.625 0.625 0.625 0.625 
0.625 0.625 0.625 0.625 0.625 0.625 0.625 0.625 0.625 0.625 
0.65625 0.65625 0.65625 0.625 0.625 0.625 0.625 0.625 0.625 0.625 
0.65625 0.65625 0.65625 0.65625 0.65625 0.65625 0.65625 0.65625 0.65625 0.65625 
0.625 0.625 0.625 0.625 0.65625 0.65625 0.65625 0.65625 0.65625 0.65625 
0.625 0.625 0.625 0.625 0.625 0.625 0.625 0.625 0.65625 0.65625 
0.625 0.625 0.625 0.625 0.625 0.625 0.625 0.625 0.625 0.625 
0.65625 0.65625 0.65625 0.625 0.625 0.625 0.625 0.625 0.625 0.625 
0.625 0.625 0.625 0.625 0.625 0.625 0.625 0.625 0.625 0.625 
0.625 0.625 0.625 0.625 0.625 0.625 0.625 0.625 0.625 0.625 
0.625 0.65625 0.65625 0.65625 0.65625 0.65625 0.625 0.625 0.625 0.625 
0.625 0.625 0.625 0.625 0.625 0.625 0.625 0.625 0.625 0.625 
