% Ministry of Cellular Automata
% Project Deux (CS523 Spring 2015)
% Version:v0.1-66-g3e0f-dirty
%  pop:50
%  ic count:100
%  CA Log option:r2/run18
%  width:121
%  max workers:4
%  radius:2
%  iterations:300
%  generations:50

 generation 0.50.1.1.50.2.50.50.1.1.1.5.2.1.1.2.1.50.2.1.50.50.50.2.51.2.2.2.1.2.2.9.2.1.1.1.1.1.5.1.50.2.50.34.2.2.1.50.1.28.4.xover.mutate.done 50
 generation 1.51.50.50.50.50.50.50.50.50.50.50.50.50.2.51.50.51.2.50.2.1.50.50.2.10.1.1.19.1.51.50.14.19.2.2.2.20.1.7.2.50.1.1.1.51.1.7.17.1.21.xover.mutate.done 50
 generation 2.51.51.51.51.51.50.50.50.50.50.2.1.51.1.12.51.50.51.17.50.51.9.50.1.51.1.1.5.50.51.51.1.50.51.1.51.1.2.7.2.2.48.21.12.50.51.51.1.50.16.xover.mutate.done 50
 generation 3.51.50.51.51.51.51.51.53.50.51.51.50.50.50.27.1.11.1.1.51.51.50.51.51.51.0.51.32.51.50.51.43.51.50.51.1.50.1.9.1.51.1.1.50.50.1.50.1.51.50.xover.mutate.done 50
 generation 4.40.51.51.51.51.51.51.51.51.51.1.0.51.51.1.1.50.1.51.51.51.51.51.10.1.1.51.51.1.51.1.1.51.1.51.1.1.29.1.51.51.51.1.1.51.1.46.51.51.1.xover.mutate.done 50
 generation 5.52.52.52.52.52.52.52.52.52.52.52.2.3.51.1.3.50.3.3.3.52.52.52.51.52.3.52.52.38.2.3.51.52.3.3.20.38.52.52.52.52.52.52.52.9.57.2.37.3.2.xover.mutate.done 50
 generation 6.61.50.50.50.50.50.50.50.50.50.8.50.29.1.51.1.50.50.50.0.1.50.50.50.50.50.50.0.1.0.50.50.50.50.1.1.1.1.29.50.0.50.0.50.50.51.50.1.50.0.xover.mutate.done 50
 generation 7.60.51.51.53.53.53.53.53.53.53.53.4.53.66.53.53.22.51.4.20.53.4.4.53.53.53.53.53.53.3.4.18.18.3.53.4.4.4.53.53.53.4.53.3.51.53.4.53.4.53.xover.mutate.done 50
 generation 8.68.61.53.53.53.53.53.53.53.53.13.53.67.13.53.9.53.53.53.53.53.13.13.28.53.14.53.53.53.53.53.53.36.53.13.53.6.53.53.53.53.13.53.53.53.13.53.6.13.53.xover.mutate.done 50
 generation 9.66.67.55.51.51.51.51.51.51.51.52.51.51.51.51.51.51.38.1.51.51.51.51.8.51.52.1.51.51.51.51.1.1.51.51.51.51.51.1.1.51.53.51.51.38.3.1.51.51.3.xover.mutate.done 50
 generation 10.70.68.58.56.55.55.50.50.50.50.50.38.11.50.0.50.0.50.50.9.50.68.0.0.50.50.57.8.50.50.46.0.50.50.50.50.50.50.50.0.50.50.50.50.0.55.0.51.0.50.xover.mutate.done 50
 generation 11.64.64.64.57.58.56.56.56.56.54.50.50.50.2.2.63.57.50.8.29.2.50.2.50.50.50.56.2.56.50.8.50.2.63.50.2.50.8.2.50.50.2.50.50.57.50.50.50.2.2.xover.mutate.done 50
 generation 12.63.61.61.60.60.54.59.54.59.55.0.50.50.4.0.10.0.0.14.37.4.4.50.50.50.4.63.5.50.50.0.4.0.50.0.0.14.50.50.54.50.0.5.55.0.0.50.54.54.4.xover.mutate.done 50
 generation 13.64.64.64.64.60.60.54.54.53.53.4.54.6.18.13.3.62.14.5.51.3.5.51.65.46.6.53.53.60.52.51.53.3.3.61.60.53.5.3.5.5.64.3.5.3.3.3.54.51.17.xover.mutate.done 50
 generation 14.63.63.63.62.62.62.61.64.62.62.65.54.62.55.34.11.20.17.1.1.13.55.55.54.50.55.62.50.12.63.20.50.6.57.57.6.1.5.5.1.55.50.50.51.1.6.55.55.57.57.xover.mutate.done 50
 generation 15.64.65.64.63.63.63.64.64.64.62.6.63.6.53.53.63.18.53.9.57.53.56.57.54.4.57.9.58.53.58.14.37.60.1.59.64.4.8.5.53.17.53.64.55.53.63.64.4.15.50.xover.mutate.done 50
 generation 16.64.63.63.62.62.62.62.62.62.63.53.26.50.50.60.0.0.50.4.50.53.13.8.3.63.61.35.0.50.0.5.4.6.56.50.13.3.4.48.34.50.36.50.50.50.37.14.14.4.10.xover.mutate.done 50
 generation 17.63.65.65.65.65.65.65.65.65.65.51.49.52.50.6.22.11.49.15.63.2.55.51.6.77.65.51.51.17.1.51.1.2.1.51.30.49.51.45.64.60.50.45.1.64.59.49.51.51.52.xover.mutate.done 50
 generation 18.79.67.67.66.66.65.65.65.67.65.33.12.51.51.35.51.56.27.50.1.31.51.66.15.19.40.50.65.50.47.1.50.51.44.51.5.1.56.51.56.32.14.56.22.51.1.61.40.0.56.xover.mutate.done 50
 generation 19.75.71.70.70.70.70.67.70.70.70.7.2.7.55.7.7.43.50.39.5.21.71.62.52.37.50.30.2.50.2.58.67.44.2.50.50.50.52.7.55.63.62.48.26.50.50.2.22.7.7.xover.mutate.done 50
 generation 20.82.68.73.69.68.67.67.68.68.68.63.8.68.5.73.9.7.68.1.70.6.5.51.29.68.1.17.5.19.59.1.51.51.68.51.50.50.1.50.21.51.51.51.5.7.10.51.50.55.1.xover.mutate.done 50
 generation 21.75.64.64.66.62.62.63.62.62.62.8.13.12.50.33.66.0.64.8.50.31.50.50.50.68.50.75.48.63.27.8.54.53.0.50.48.50.64.53.57.62.50.62.67.55.50.5.67.25.7.xover.mutate.done 50
 generation 22.80.80.70.72.69.69.69.72.72.72.50.65.50.72.51.72.11.11.6.1.0.51.1.5.79.80.1.79.9.5.51.51.51.51.1.56.51.80.20.72.65.51.44.1.20.51.50.51.50.50.xover.mutate.done 50
 generation 23.87.87.87.87.80.80.74.73.73.73.50.4.17.51.53.53.74.51.52.23.70.73.73.78.71.79.51.50.7.83.51.87.51.19.51.39.36.25.87.51.36.53.15.27.79.53.72.74.47.23.xover.mutate.done 50
 generation 24.81.81.81.81.81.81.79.77.77.75.51.47.81.81.50.51.77.73.64.71.81.79.81.50.51.1.81.16.72.43.81.81.1.25.51.73.81.41.1.50.50.51.51.25.51.71.68.51.50.81.xover.mutate.done 50
 generation 25.82.82.82.82.82.82.82.82.82.82.50.81.50.82.43.37.50.82.79.70.50.76.81.78.52.82.79.65.12.82.82.82.76.50.82.61.41.35.82.50.82.50.50.78.50.50.82.75.82.75.xover.mutate.done 50
 generation 26.81.81.81.81.81.81.81.81.81.81.81.50.14.50.79.31.69.75.50.79.43.81.0.0.50.50.47.50.50.81.9.50.81.81.50.50.81.81.68.27.81.18.81.42.50.81.50.50.50.61.xover.mutate.done 50
 generation 27.75.75.75.75.75.75.75.75.75.75.60.51.25.36.51.12.75.25.75.75.26.1.75.51.34.1.75.75.51.62.51.0.50.30.74.51.75.60.50.51.68.50.75.75.50.0.51.1.50.75.xover.mutate.done 50
 generation 28.81.81.81.81.81.81.81.81.81.81.51.81.50.52.35.3.51.35.51.51.3.81.81.50.51.81.81.52.81.3.55.2.50.50.68.50.52.81.57.46.5.78.79.50.81.23.81.34.51.70.xover.mutate.done 50
 generation 29.90.90.90.90.90.90.90.90.90.90.52.90.50.29.50.15.85.50.90.84.50.50.69.90.4.64.61.90.63.90.52.87.11.61.90.90.90.90.81.50.90.90.42.52.90.90.84.61.82.61.xover.mutate.done 50
 generation 30.80.80.80.80.80.80.80.80.80.80.80.80.79.80.79.0.50.50.80.80.29.50.50.79.80.50.0.80.80.50.50.50.19.80.55.80.47.80.50.79.80.30.57.50.80.80.80.80.50.50.xover.mutate.done 50
 generation 31.83.83.83.83.83.83.83.83.83.83.50.29.42.18.61.81.72.61.83.50.2.47.13.18.76.2.83.79.50.83.50.52.59.56.72.2.50.76.83.83.47.83.2.2.83.83.79.83.69.2.xover.mutate.done 50
 generation 32.83.83.83.83.83.83.83.83.83.83.83.72.10.51.4.51.83.19.11.26.50.83.58.83.71.80.50.50.70.19.51.41.51.79.62.62.80.53.51.3.83.13.79.63.83.83.68.4.53.83.xover.mutate.done 50
 generation 33.77.77.77.77.77.77.77.77.77.77.77.3.68.51.77.51.1.1.68.54.50.77.76.38.77.77.50.1.50.50.50.53.27.51.56.50.1.77.50.77.68.72.19.77.77.3.76.77.50.60.xover.mutate.done 50
 generation 34.83.83.83.83.83.83.83.83.83.83.2.3.83.3.83.51.81.51.83.11.73.82.40.83.83.79.80.14.83.83.83.34.20.53.83.83.83.50.83.50.83.52.14.53.40.83.50.52.39.83.xover.mutate.done 50
 generation 35.86.86.86.86.86.86.86.86.86.86.85.78.0.86.50.16.50.86.61.50.50.46.70.86.0.86.50.72.0.86.79.74.70.50.86.50.78.50.78.86.86.86.86.50.50.23.50.86.86.86.xover.mutate.done 50
 generation 36.80.80.80.80.80.80.80.80.80.80.80.80.80.50.80.80.53.50.76.80.76.80.80.53.53.40.50.80.80.80.80.53.53.54.76.50.80.50.80.80.80.80.3.80.80.53.80.78.72.75.xover.mutate.done 50
 generation 37.77.77.77.77.77.77.77.77.77.77.34.50.50.77.77.51.50.15.77.77.77.74.50.77.41.72.77.66.77.50.77.50.77.77.77.77.34.77.69.50.33.77.50.77.77.77.1.50.1.77.xover.mutate.done 50
 generation 38.79.79.79.79.79.79.79.79.79.79.39.3.30.51.79.79.73.79.50.50.79.79.0.68.79.62.50.51.79.79.50.79.76.79.23.0.53.68.2.79.50.3.50.3.50.35.1.79.50.50.xover.mutate.done 50
 generation 39.81.81.81.81.81.81.81.81.81.81.38.77.77.81.0.81.81.50.9.0.54.39.50.81.50.0.45.50.59.14.81.50.81.39.81.59.50.50.81.50.1.81.50.81.50.35.0.50.0.77.xover.mutate.done 50
 generation 40.78.78.78.78.78.78.78.78.78.78.50.78.51.57.51.50.78.51.50.50.50.40.78.74.50.78.50.57.50.78.78.51.50.50.75.50.50.50.57.12.76.1.78.59.27.40.70.59.1.59.xover.mutate.done 50
 generation 41.76.76.76.76.76.76.76.76.76.76.57.76.76.76.76.24.77.9.76.50.55.74.76.76.76.50.52.50.2.76.5.66.7.76.50.57.33.76.75.50.76.64.76.76.50.28.40.11.71.2.xover.mutate.done 50
 generation 42.77.78.78.78.78.78.78.78.78.78.79.67.50.15.51.59.78.78.76.44.50.1.50.68.50.40.78.50.4.78.29.51.50.68.51.29.50.76.64.12.51.67.56.67.50.29.20.4.0.68.xover.mutate.done 50
 generation 43.80.79.79.79.79.79.79.79.79.79.51.50.51.63.79.50.31.51.79.59.80.51.79.28.59.79.51.19.66.51.51.51.79.59.5.79.51.51.51.65.76.79.2.80.48.49.28.79.14.54.xover.mutate.done 50
 generation 44.81.81.81.80.80.80.80.80.80.80.68.49.60.52.56.50.80.37.41.60.68.51.81.50.80.50.67.44.52.19.56.52.52.8.46.51.80.68.16.59.80.60.59.50.34.50.77.68.81.80.xover.mutate.done 50
 generation 45.78.78.78.78.78.78.78.78.78.78.73.51.23.50.78.58.51.78.29.61.78.9.51.56.77.61.33.51.78.78.51.50.78.56.58.78.73.78.78.9.29.51.29.78.51.77.51.58.78.73.xover.mutate.done 50
 generation 46.83.83.83.83.83.82.82.82.82.82.82.60.63.60.50.82.75.82.82.53.63.50.43.82.82.36.83.61.59.50.82.83.34.50.50.61.60.79.60.70.19.37.71.82.82.82.61.82.82.82.xover.mutate.done 50
 generation 47.80.80.80.80.80.80.80.77.77.77.77.50.50.77.43.80.49.71.77.54.40.80.1.30.77.77.12.65.50.77.77.77.51.77.50.80.50.77.50.43.65.40.71.77.56.77.32.49.56.65.xover.mutate.done 50
 generation 48.82.82.82.82.82.82.82.82.82.82.8.82.81.42.82.82.43.82.46.52.4.78.47.34.65.82.81.68.52.56.60.81.32.33.81.51.59.51.52.56.52.52.34.82.8.35.82.52.82.73.xover.mutate.done 50
 generation 49.83.83.83.83.83.83.83.83.83.83.83.4.52.38.9.39.52.83.52.83.82.52.4.52.39.82.57.41.42.52.36.83.9.11.55.83.68.7.82.83.57.55.61.8.83.82.4.52.24.79.xover.mutate.done 50
 19818777 iters     867642 iter/sec (22.84 s)
 total time: 22.84
