51 50 50 50 50 50 50 50 50 50 50 50 50 34 22 22 17 12 7 3 3 3 3 3 3 3 3 3 3 3 3 3 2 2 2 2 2 2 2 2 2 2 2 2 1 1 1 1 1 1 
51 50 50 50 50 50 50 50 50 50 50 50 50 50 50 50 50 50 50 50 50 50 36 26 23 17 11 9 9 6 1 1 1 1 1 1 1 1 1 1 1 1 1 1 0 0 0 0 0 0 
53 53 53 50 50 50 50 50 50 50 50 50 50 50 50 50 50 50 50 50 50 50 50 39 39 27 23 20 12 8 3 3 3 3 3 3 3 3 3 3 3 3 3 3 0 0 0 0 0 0 
52 50 50 50 50 50 50 50 50 50 50 50 50 50 50 50 50 50 50 50 50 50 50 50 50 50 50 50 50 50 50 50 50 23 21 6 2 0 0 0 0 0 0 0 0 0 0 0 0 0 
50 50 50 50 50 50 50 50 50 50 50 50 50 50 50 50 50 50 50 50 50 50 50 50 50 50 50 50 50 50 48 45 29 18 14 7 6 0 0 0 0 0 0 0 0 0 0 0 0 0 
57 52 50 50 50 50 50 50 50 50 50 50 50 50 50 50 50 50 50 50 50 50 50 50 50 50 50 50 50 50 50 50 50 50 16 4 4 4 0 0 0 0 0 0 0 0 0 0 0 0 
59 59 59 56 52 52 52 52 52 52 52 52 52 52 52 51 51 51 51 50 50 50 50 50 50 50 50 50 50 50 50 50 50 49 9 9 3 3 3 3 3 3 3 2 2 2 1 1 1 1 
60 60 60 60 59 51 51 51 51 50 50 50 50 50 50 50 50 50 50 50 50 50 50 50 50 50 50 50 50 50 50 50 50 14 7 1 1 1 1 1 1 1 1 1 1 0 0 0 0 0 
72 61 60 60 60 60 60 52 51 51 51 51 51 51 51 51 51 50 50 50 50 50 50 50 50 50 50 50 50 50 44 36 26 17 15 11 11 11 9 7 1 1 1 1 1 1 1 0 0 0 
70 70 58 57 57 57 57 57 57 57 57 57 57 57 54 51 51 51 51 50 50 50 50 50 50 50 50 50 50 36 33 31 30 25 21 17 16 15 14 9 7 4 1 1 1 1 1 1 0 0 
70 70 70 58 58 58 57 57 57 56 56 56 56 56 56 56 56 56 56 51 51 51 51 51 51 51 51 51 51 51 51 51 51 51 51 51 51 51 49 36 28 27 23 9 9 2 2 2 1 1 
75 75 75 75 74 73 70 63 63 63 63 63 63 63 63 63 63 63 63 63 62 62 62 60 56 56 56 56 51 51 51 51 51 51 51 51 51 51 51 51 51 46 42 36 35 31 25 16 14 2 
79 69 68 68 68 68 68 68 68 67 67 63 61 58 58 58 58 58 58 58 58 58 58 58 58 57 51 51 51 51 51 51 51 51 51 51 51 51 51 51 35 35 22 15 8 8 6 2 2 2 
81 81 79 78 77 77 77 77 77 77 77 77 77 76 73 65 65 65 64 64 60 60 52 50 50 50 50 50 50 50 50 50 50 50 50 50 50 42 40 26 25 20 19 12 6 2 2 2 2 2 
86 85 84 84 79 79 79 78 78 76 76 76 75 75 75 75 75 75 75 75 75 75 75 74 74 74 74 74 74 64 63 63 58 52 52 52 52 52 52 52 50 50 35 11 7 4 4 4 4 4 
78 78 78 78 78 77 77 77 75 75 75 73 73 73 73 73 70 70 69 69 69 69 69 68 58 58 53 53 50 50 50 50 50 50 50 46 42 38 38 35 35 34 34 30 30 25 22 8 3 3 
79 79 79 79 79 79 79 79 78 78 78 78 78 77 77 77 69 67 67 67 67 67 65 57 57 57 55 54 50 50 50 50 50 50 50 50 50 44 34 33 30 29 26 20 20 0 0 0 0 0 
79 79 78 78 78 78 78 78 78 78 78 78 78 78 78 78 78 77 77 77 77 77 74 72 71 66 63 63 52 52 52 46 45 43 42 41 36 28 28 28 27 21 21 13 13 2 2 2 0 0 
74 74 74 74 74 74 74 74 74 74 74 74 74 74 74 74 74 74 74 74 74 74 73 73 73 73 73 73 73 73 72 72 72 50 50 50 50 50 50 50 48 44 41 40 40 25 9 0 0 0 
84 84 84 84 84 84 84 84 84 84 84 84 84 84 84 84 84 84 84 84 84 84 81 79 79 79 79 79 77 77 73 60 52 52 52 50 50 50 50 50 50 44 44 38 11 10 8 3 3 1 
78 78 77 77 77 77 77 77 77 77 77 77 77 77 77 77 77 77 76 76 75 73 73 73 61 61 57 56 56 55 52 52 52 50 50 50 50 48 46 46 45 45 45 44 40 39 35 2 2 2 
79 79 79 79 79 79 79 79 79 79 79 79 79 79 79 79 79 79 79 79 79 79 79 79 79 79 74 74 71 67 63 63 50 50 50 50 50 50 50 50 50 48 48 43 37 35 29 24 14 0 
80 80 80 79 78 78 78 78 78 78 78 78 78 78 78 78 78 78 78 78 78 78 78 78 77 76 76 76 75 67 67 62 62 52 52 52 52 50 50 50 50 50 50 43 43 43 27 25 20 10 
82 82 82 82 82 82 82 82 82 82 82 82 82 81 81 80 79 79 79 79 77 77 72 67 61 61 60 53 53 53 53 53 53 50 50 50 50 50 50 50 50 48 24 11 10 3 3 3 3 3 
79 79 79 79 79 79 79 79 79 79 79 79 79 79 79 79 79 79 78 64 60 60 60 51 51 50 50 50 50 50 50 50 50 50 50 50 48 41 41 32 17 11 10 10 10 9 1 1 0 0 
84 84 83 82 82 82 82 82 82 82 82 82 82 82 82 82 82 82 82 75 75 74 74 73 63 59 53 53 53 53 53 53 53 50 50 50 50 50 50 39 38 36 29 21 21 19 8 8 3 1 
75 75 75 75 75 75 75 75 75 75 75 75 75 75 75 75 75 75 75 75 75 75 74 74 73 69 55 50 50 50 50 50 50 50 50 50 50 50 50 36 36 34 32 32 13 11 5 0 0 0 
81 81 81 81 81 81 81 81 81 81 81 81 81 81 81 78 78 72 66 51 51 51 50 50 50 50 50 50 50 50 45 43 42 42 36 36 32 14 10 4 1 1 1 1 1 0 0 0 0 0 
81 81 81 81 81 80 80 80 80 80 80 80 80 80 80 80 80 80 80 80 80 80 80 77 65 60 60 52 52 52 51 50 50 50 50 50 50 50 45 42 42 13 10 6 4 3 3 3 2 2 
76 76 76 76 76 76 76 76 76 76 73 73 73 73 73 73 73 73 73 71 71 71 71 71 71 59 59 58 58 51 51 51 51 51 51 50 50 50 50 50 36 34 32 26 11 9 9 2 1 1 
81 81 81 81 81 81 81 81 81 81 81 81 81 81 81 81 81 81 81 81 81 81 81 79 60 60 59 57 57 51 51 51 51 50 50 50 50 50 50 50 45 32 30 15 13 12 7 7 1 0 
77 77 77 77 77 77 77 77 77 77 77 77 77 77 77 77 77 76 76 76 76 76 76 76 76 76 76 76 76 76 60 59 58 50 50 50 50 50 50 50 50 50 33 28 26 26 26 26 10 0 
81 81 81 81 81 81 81 81 81 81 81 81 81 81 81 81 81 81 81 80 80 80 80 80 80 80 80 75 75 60 58 58 58 58 51 51 51 51 51 51 51 51 50 50 50 31 30 7 6 5 
75 75 75 75 75 75 75 75 75 75 75 75 75 75 75 75 75 75 75 75 75 75 74 74 74 74 74 62 61 61 55 55 55 55 51 51 50 50 50 50 50 50 48 34 33 30 9 8 8 3 
84 84 84 84 84 84 84 84 84 84 84 84 84 84 84 84 84 84 84 84 84 84 84 84 84 84 84 84 84 84 84 84 82 57 56 56 56 52 52 50 50 50 50 50 44 42 40 36 9 8 
79 79 79 79 79 79 79 79 79 79 79 79 79 79 79 79 79 79 79 79 79 79 79 79 79 79 79 79 77 66 53 53 53 53 53 53 52 51 50 50 42 42 31 26 23 5 5 4 1 0 
78 78 78 78 78 78 78 78 78 78 78 78 78 78 78 78 78 78 78 78 78 78 77 59 57 57 57 56 56 56 54 54 50 50 50 50 50 50 50 45 45 43 41 29 29 25 25 17 1 1 
80 79 79 79 79 79 79 79 79 79 79 79 79 79 79 79 79 79 79 79 79 79 79 79 79 79 79 78 78 63 62 62 62 62 52 50 50 50 50 50 50 49 29 29 18 17 13 2 0 0 
80 80 80 80 80 80 80 80 80 80 80 80 80 80 80 80 80 80 80 80 79 77 77 77 77 77 77 77 77 77 77 77 77 77 77 57 57 55 55 55 55 55 55 51 50 49 49 43 28 14 
82 80 80 80 80 80 80 80 80 80 80 80 80 80 80 80 80 80 80 80 80 80 80 80 80 80 80 80 80 79 74 73 58 57 52 52 52 52 52 50 50 50 50 50 43 26 9 9 8 3 
82 82 82 82 82 82 82 82 82 82 82 82 82 82 82 82 82 82 82 82 82 82 82 82 82 82 82 82 82 82 82 82 82 81 62 62 50 50 50 50 50 50 50 50 49 35 34 34 1 0 
77 77 77 77 77 77 77 77 77 77 77 77 77 77 77 77 77 77 77 77 77 77 77 77 77 77 59 52 52 52 50 50 50 50 50 50 50 50 49 44 43 40 39 39 34 27 20 15 14 2 
78 78 78 78 78 78 78 78 78 78 78 78 78 78 78 78 78 77 77 77 77 77 77 63 63 63 62 62 51 51 51 50 50 50 50 50 50 50 50 50 50 50 39 28 28 23 12 6 1 1 
83 83 83 83 83 83 83 83 83 83 83 83 83 83 83 83 83 83 83 82 82 82 82 82 82 82 75 59 59 59 59 59 58 53 50 50 50 50 50 50 50 50 50 50 43 27 8 3 3 3 
82 82 82 82 82 82 82 82 82 82 82 82 82 82 82 82 82 82 82 82 82 82 81 81 81 81 81 81 61 61 61 52 52 52 50 50 50 50 50 50 50 50 50 50 49 47 38 36 31 21 
77 77 77 77 77 77 77 77 77 77 77 77 77 77 77 77 77 77 77 77 77 77 77 77 77 77 77 76 76 57 57 54 54 54 54 54 54 54 54 54 52 50 50 50 50 50 50 29 27 2 
87 87 87 87 87 87 87 87 87 87 87 87 87 87 87 87 87 87 87 87 87 87 87 87 66 66 66 66 66 66 66 52 52 52 52 52 52 52 50 50 49 48 40 40 39 29 23 16 10 7 
80 80 80 80 80 80 80 80 80 80 80 80 80 80 80 80 80 80 80 80 80 80 80 80 80 80 80 80 80 80 80 78 78 78 78 60 60 60 59 59 59 58 55 55 55 52 52 50 48 27 
76 76 76 76 76 76 76 76 76 76 76 76 76 76 76 76 76 76 76 76 76 76 76 76 76 76 75 66 66 65 59 59 59 59 59 56 51 51 51 51 50 42 42 26 25 24 21 21 20 9 
83 83 83 83 83 83 83 83 83 83 83 83 83 83 83 83 83 83 83 83 83 83 83 83 82 67 61 61 61 61 61 61 61 50 50 50 50 50 50 50 50 37 33 33 30 27 23 23 15 7 
