0.40625 0.5 0.71875 0.96875 0.875 0.25 0.125 0.625 0.65625 0.625 
0.875 0.1875 0.96875 0.03125 0.09375 0.875 0.0 0.78125 1.0 0.15625 
0.375 0.875 0.65625 0.78125 0.78125 0.90625 0.8125 0.9375 0.1875 0.96875 
0.875 0.65625 0.78125 0.78125 0.90625 0.8125 0.9375 0.1875 0.96875 0.5 
0.40625 0.875 0.65625 0.78125 0.78125 0.90625 0.8125 0.9375 0.65625 0.65625 
0.40625 0.59375 0.875 0.65625 0.78125 0.78125 0.90625 0.8125 0.9375 0.65625 
0.40625 0.59375 0.53125 0.21875 0.875 0.65625 0.78125 0.78125 0.90625 0.8125 
0.46875 0.5625 0.40625 0.59375 0.53125 0.59375 0.53125 0.875 0.65625 0.78125 
0.46875 0.46875 0.5625 0.59375 0.59375 0.5625 0.65625 0.40625 0.53125 0.53125 
0.46875 0.46875 0.46875 0.59375 0.59375 0.5625 0.46875 0.46875 0.65625 0.40625 
0.5 0.46875 0.46875 0.46875 0.5625 0.5 0.46875 0.59375 0.59375 0.59375 
0.5 0.59375 0.5 0.59375 0.5625 0.5 0.5 0.46875 0.46875 0.46875 
0.5 0.5 0.5 0.5 0.5 0.5 0.46875 0.46875 0.46875 0.46875 
0.4375 0.5 0.5 0.5 0.5 0.5 0.5 0.5 0.53125 0.53125 
0.5 0.5 0.5 0.5 0.5 0.5 0.5 0.5 0.5 0.4375 
0.5 0.5 0.5 0.5 0.5 0.5 0.5 0.5 0.5 0.5 
0.53125 0.5 0.5 0.5 0.5 0.5 0.5 0.5 0.5 0.53125 
0.53125 0.5 0.5 0.5 0.5 0.5 0.5 0.5 0.5 0.53125 
0.53125 0.5 0.5 0.5 0.5 0.5 0.5 0.5 0.5 0.53125 
0.53125 0.5 0.5 0.5 0.5 0.5 0.5 0.5 0.5 0.53125 
0.53125 0.5 0.5 0.5 0.5 0.5 0.5 0.5 0.5 0.53125 
0.53125 0.53125 0.53125 0.5 0.5 0.5 0.5 0.5 0.5 0.5 
0.53125 0.53125 0.53125 0.5 0.5 0.5 0.5 0.5 0.5 0.5 
0.53125 0.53125 0.53125 0.53125 0.53125 0.5625 0.5 0.5 0.5 0.5 
0.53125 0.53125 0.53125 0.53125 0.53125 0.5625 0.53125 0.53125 0.5625 0.53125 
0.53125 0.53125 0.53125 0.53125 0.53125 0.5625 0.53125 0.53125 0.5625 0.53125 
0.53125 0.53125 0.53125 0.53125 0.53125 0.5625 0.53125 0.53125 0.5625 0.53125 
0.53125 0.53125 0.53125 0.53125 0.53125 0.5625 0.53125 0.53125 0.5625 0.53125 
0.53125 0.53125 0.53125 0.53125 0.53125 0.5625 0.53125 0.53125 0.5625 0.53125 
0.53125 0.53125 0.53125 0.53125 0.53125 0.5625 0.53125 0.53125 0.5625 0.53125 
0.53125 0.53125 0.53125 0.53125 0.53125 0.5625 0.53125 0.53125 0.5625 0.53125 
0.53125 0.53125 0.53125 0.53125 0.53125 0.5625 0.53125 0.53125 0.5625 0.53125 
0.53125 0.53125 0.53125 0.53125 0.53125 0.5625 0.53125 0.53125 0.5625 0.53125 
0.53125 0.53125 0.53125 0.53125 0.53125 0.5625 0.53125 0.53125 0.5625 0.53125 
0.53125 0.53125 0.53125 0.53125 0.53125 0.5625 0.53125 0.53125 0.5625 0.53125 
0.53125 0.53125 0.53125 0.53125 0.53125 0.5625 0.53125 0.53125 0.5625 0.53125 
0.53125 0.53125 0.53125 0.53125 0.53125 0.5625 0.53125 0.53125 0.5625 0.53125 
0.5625 0.53125 0.53125 0.53125 0.53125 0.53125 0.5625 0.53125 0.53125 0.5625 
0.5625 0.5625 0.53125 0.53125 0.53125 0.53125 0.53125 0.5625 0.53125 0.53125 
0.5625 0.5625 0.5625 0.5625 0.53125 0.53125 0.53125 0.53125 0.53125 0.5625 
0.5625 0.5625 0.5625 0.5625 0.5625 0.5625 0.5625 0.5625 0.5625 0.5625 
0.5625 0.5625 0.5625 0.5625 0.5625 0.5625 0.5625 0.5625 0.5625 0.5625 
0.5625 0.5625 0.5625 0.5625 0.5625 0.5625 0.5625 0.5625 0.5625 0.5625 
0.5625 0.5625 0.5625 0.5625 0.5625 0.5625 0.5625 0.5625 0.5625 0.5625 
0.5625 0.5625 0.5625 0.5625 0.5625 0.5625 0.5625 0.5625 0.5625 0.5625 
0.5625 0.5625 0.5625 0.5625 0.5625 0.5625 0.5625 0.5625 0.5625 0.5625 
0.5625 0.5625 0.5625 0.5625 0.5625 0.5625 0.5625 0.5625 0.5625 0.5625 
0.5625 0.5625 0.5625 0.5625 0.5625 0.5625 0.5625 0.5625 0.5625 0.5625 
0.5625 0.5625 0.5625 0.5625 0.5625 0.5625 0.5625 0.5625 0.5625 0.5625 
0.5625 0.5625 0.5625 0.5625 0.5625 0.5625 0.5625 0.5625 0.5625 0.5625 
