52 50 50 50 50 50 50 50 26 13 12 11 9 5 5 5 5 5 5 5 5 5 5 5 5 5 5 5 5 5 5 3 3 3 3 3 3 3 3 3 3 3 3 2 2 2 2 2 2 2 
51 51 51 51 51 51 50 50 50 50 50 50 50 50 50 50 50 50 50 50 50 48 22 18 12 9 7 6 4 4 1 1 1 1 1 1 1 1 1 1 1 0 0 0 0 0 0 0 0 0 
67 52 52 50 50 50 50 50 50 50 50 50 50 50 50 50 50 50 50 50 50 50 50 50 50 50 50 50 50 50 50 50 50 50 50 50 50 44 19 16 11 9 8 2 2 2 0 0 0 0 
75 51 51 51 51 51 51 51 51 50 50 50 50 50 50 50 50 50 50 50 50 50 50 50 50 50 50 50 50 50 50 50 50 50 50 50 50 50 50 30 17 7 1 1 1 1 1 0 0 0 
82 82 51 51 51 51 51 51 51 51 51 51 51 51 51 50 50 50 50 50 50 50 50 50 50 50 50 50 50 50 50 50 50 45 20 17 16 1 1 1 1 1 1 1 1 1 1 1 1 0 
79 79 50 50 50 50 50 50 50 50 50 50 50 50 50 50 50 50 50 50 50 50 50 50 50 50 28 14 12 8 0 0 0 0 0 0 0 0 0 0 0 0 0 0 0 0 0 0 0 0 
77 77 52 52 52 51 51 51 51 51 51 51 51 51 51 51 51 51 51 51 51 50 50 50 9 8 3 3 3 3 3 3 3 3 3 3 3 3 3 3 3 3 2 2 1 1 1 1 1 1 
79 79 79 54 54 54 54 54 54 54 54 54 54 54 54 54 54 54 54 54 54 54 51 51 51 51 51 50 41 32 15 13 11 11 10 10 5 5 5 5 5 5 5 5 5 4 4 4 1 1 
81 81 81 81 52 52 52 52 52 52 52 52 52 52 52 52 52 52 52 52 52 52 52 52 52 52 52 52 50 50 50 50 22 17 10 9 4 4 4 4 4 4 4 2 2 2 2 2 2 2 
73 73 73 73 73 51 51 51 50 50 50 50 50 50 50 50 50 50 50 50 50 50 50 50 50 50 50 50 50 50 50 50 37 26 14 12 12 8 7 7 1 1 1 1 1 0 0 0 0 0 
80 80 80 80 80 80 80 80 52 52 52 52 52 52 52 52 52 52 52 52 52 52 52 52 50 50 50 21 14 5 4 4 4 4 4 4 4 4 4 4 2 2 2 2 2 2 2 2 2 2 
76 76 76 76 76 76 76 76 76 76 52 52 52 52 51 51 51 51 51 51 51 50 50 50 50 50 50 44 26 20 17 6 5 3 3 3 3 2 2 2 2 2 1 1 1 1 1 1 1 1 
81 81 81 81 81 81 81 81 81 81 81 81 81 51 51 51 51 51 50 50 50 50 50 50 50 50 50 34 24 14 5 5 2 2 2 2 2 2 2 2 2 2 1 1 1 1 1 1 1 1 
77 77 77 77 77 77 77 77 77 77 77 77 77 77 77 51 51 50 50 50 50 50 48 46 44 32 15 11 11 11 10 1 1 1 1 1 1 1 1 1 1 1 1 1 1 1 1 0 0 0 
82 82 82 82 82 82 82 82 82 82 82 82 82 82 82 50 50 50 50 50 50 50 48 22 19 19 13 12 2 2 2 2 2 2 2 2 2 2 2 2 1 1 1 1 1 1 1 1 1 1 
79 77 77 77 77 77 77 77 77 77 77 77 77 77 77 77 77 77 77 77 77 77 77 77 50 50 50 20 20 19 11 11 7 1 1 1 1 1 1 1 1 1 1 1 1 1 1 0 0 0 
80 80 80 80 80 80 80 80 80 80 80 80 80 80 80 80 80 80 80 80 80 80 80 80 80 79 75 66 50 47 31 28 28 24 18 18 10 6 6 6 6 6 6 6 6 6 6 6 3 3 
66 66 66 66 66 66 66 66 66 66 66 66 66 66 66 66 66 66 66 66 66 66 66 59 42 41 24 24 24 24 24 24 22 22 15 14 13 13 13 5 5 5 3 3 3 3 3 3 3 0 
77 73 73 73 73 73 73 73 73 73 73 73 73 73 73 73 73 73 50 49 49 45 45 44 30 30 29 25 21 21 21 15 15 14 13 13 13 13 13 11 11 6 0 0 0 0 0 0 0 0 
78 78 78 78 78 78 78 78 78 78 78 78 78 78 78 78 77 76 69 69 51 51 44 44 44 28 26 21 18 15 14 14 13 12 12 7 7 7 6 3 3 3 3 3 3 3 3 3 3 3 
81 79 79 79 79 79 79 79 79 79 79 79 79 79 79 79 79 79 79 79 79 79 79 74 74 74 71 63 54 45 39 30 29 28 28 22 15 15 14 12 5 5 3 3 3 3 3 3 3 1 
79 79 79 78 78 78 78 78 78 78 78 78 78 78 78 78 78 78 78 73 50 45 38 34 33 28 26 25 22 20 18 18 18 16 14 5 3 3 3 3 3 3 3 3 2 1 1 1 1 1 
83 81 81 76 76 76 76 76 76 76 76 76 76 73 51 51 42 42 37 31 28 21 19 17 16 16 15 15 14 11 9 9 5 5 5 5 5 5 5 2 2 2 2 2 2 2 2 0 0 0 
85 85 85 85 85 85 85 85 85 85 85 85 85 85 82 77 77 77 77 66 44 35 31 31 30 29 26 20 18 16 16 16 8 8 8 8 8 1 1 1 1 1 1 1 1 1 1 1 1 1 
82 82 82 82 82 82 82 82 82 82 82 82 82 82 82 82 82 82 82 82 78 73 70 64 39 34 34 27 27 18 17 17 16 16 16 16 15 4 4 4 4 0 0 0 0 0 0 0 0 0 
82 78 78 78 78 78 78 78 78 78 78 78 78 78 78 78 78 78 78 78 78 70 40 24 21 19 19 18 18 16 16 15 15 15 14 12 7 7 7 2 2 2 2 2 2 2 2 2 2 2 
85 79 79 79 79 79 79 79 79 79 79 79 79 79 79 79 79 73 50 43 31 31 28 28 28 28 28 27 27 20 20 15 14 14 13 12 11 8 8 3 3 1 1 1 1 1 1 1 0 0 
82 82 82 82 82 82 82 82 82 82 82 82 82 80 77 50 50 50 50 37 37 28 25 25 24 22 19 18 18 18 16 16 15 14 13 13 13 8 8 8 8 8 8 3 3 3 3 2 2 2 
78 78 78 78 78 78 78 78 78 78 78 78 77 72 55 51 48 40 28 23 23 23 22 17 16 16 16 16 16 7 7 7 7 7 7 1 1 1 1 1 1 1 1 1 1 1 1 1 1 1 
84 84 82 82 82 82 82 82 82 82 82 82 82 82 82 79 79 57 26 20 20 20 16 14 12 9 5 5 5 5 5 5 2 2 2 2 2 2 2 2 2 2 2 2 2 2 2 2 2 2 
81 81 74 74 74 74 74 74 74 74 74 74 74 67 67 31 29 26 25 25 24 24 24 16 14 13 8 8 8 1 1 1 1 1 1 1 1 1 1 1 1 1 1 1 1 1 0 0 0 0 
82 82 82 82 82 82 82 82 82 82 82 82 82 78 78 76 60 46 40 25 25 25 19 17 17 14 5 5 5 5 5 2 2 2 2 2 2 2 2 2 2 2 2 2 2 2 2 2 2 1 
70 70 70 70 70 70 70 70 70 70 70 70 70 70 70 41 31 24 24 22 19 19 19 19 19 18 18 18 18 17 17 14 12 12 9 7 7 7 7 7 7 7 7 2 2 2 2 2 2 0 
86 86 86 86 86 86 86 86 86 86 86 86 86 86 86 86 86 86 86 80 80 76 56 50 37 31 27 26 26 26 21 20 10 10 9 8 7 7 7 7 7 6 5 4 0 0 0 0 0 0 
87 86 79 79 79 79 79 79 79 79 79 79 79 79 79 79 79 74 74 74 52 46 39 31 29 26 23 23 15 14 14 13 13 12 11 8 8 7 1 1 1 1 1 1 1 1 0 0 0 0 
83 83 82 82 77 77 77 77 77 77 77 77 77 77 77 77 77 77 77 77 77 77 70 70 50 50 48 45 44 42 42 19 16 16 14 10 10 7 7 2 2 1 0 0 0 0 0 0 0 0 
77 77 77 77 77 75 75 75 75 75 75 75 75 75 75 75 75 73 71 71 69 69 69 62 56 51 49 42 42 26 18 18 15 13 12 12 12 9 9 9 9 4 0 0 0 0 0 0 0 0 
85 85 85 85 85 85 85 85 85 85 85 83 80 80 80 80 80 80 80 80 80 75 75 73 56 53 48 28 21 21 20 14 13 12 12 12 4 4 4 4 0 0 0 0 0 0 0 0 0 0 
81 81 81 81 81 81 81 81 81 81 81 81 81 81 81 81 80 80 80 80 80 80 73 60 50 28 27 18 17 14 11 11 11 11 11 5 5 5 3 3 3 3 3 3 3 3 3 3 3 3 
74 74 74 73 73 73 73 73 73 73 73 73 73 73 73 73 73 73 73 73 73 73 73 73 73 73 56 44 15 12 12 12 12 12 9 9 9 9 5 5 5 5 5 5 5 5 3 2 2 2 
80 80 80 80 80 80 80 80 80 80 79 79 79 79 79 79 79 79 79 79 79 79 79 74 64 52 48 48 46 19 11 11 11 10 10 10 10 10 8 3 3 3 3 3 1 1 1 1 1 0 
79 79 79 79 76 76 76 76 76 76 76 76 76 76 76 76 76 76 72 69 67 44 33 27 25 25 24 20 20 20 20 18 18 17 17 17 16 10 10 10 10 9 9 9 3 3 3 3 1 1 
80 80 80 80 80 80 80 80 77 77 77 77 77 77 77 77 77 77 77 77 77 77 77 77 77 75 68 68 65 46 17 17 16 13 13 12 12 12 12 12 9 9 7 5 2 2 2 2 0 0 
77 76 76 76 76 76 76 76 76 76 76 73 73 73 73 73 71 71 42 27 23 16 15 15 14 14 14 14 13 13 12 12 10 10 10 10 8 7 7 6 6 2 2 2 2 2 2 2 2 2 
83 83 83 81 81 81 81 81 81 81 81 81 81 81 77 70 60 60 26 26 26 20 15 15 14 14 14 14 14 13 12 11 11 9 9 8 7 4 2 2 2 2 2 2 2 2 2 2 2 0 
87 87 87 87 87 87 87 87 87 86 85 85 85 85 85 85 85 85 80 75 40 25 15 14 14 14 13 12 12 12 11 10 10 9 8 8 4 4 4 4 4 4 2 2 2 2 2 2 0 0 
74 74 74 74 74 74 74 74 74 74 74 74 74 74 74 69 46 22 22 21 17 17 11 9 8 8 5 5 5 5 3 3 3 3 3 3 2 2 2 2 2 2 2 2 2 2 2 2 2 1 
85 82 82 82 82 82 81 81 81 81 81 81 81 81 81 81 81 81 55 55 51 43 39 38 22 15 14 14 14 14 13 13 13 13 7 7 7 7 7 4 4 4 4 4 4 4 4 4 4 1 
84 84 84 84 84 84 84 84 84 84 80 80 80 77 77 77 77 77 77 51 51 51 33 33 31 16 16 15 12 12 12 12 12 12 12 12 12 12 12 11 1 1 1 1 1 1 1 1 0 0 
86 86 84 84 84 82 82 82 82 82 82 82 82 82 82 82 82 82 82 82 82 82 73 71 41 30 29 23 12 11 10 10 10 9 9 9 9 6 3 3 0 0 0 0 0 0 0 0 0 0 
