51 50 50 50 50 50 50 50 50 50 50 50 50 50 39 12 7 1 1 1 1 1 1 1 1 1 1 1 1 1 1 1 1 1 1 1 1 1 1 0 0 0 0 0 0 0 0 0 0 0 
52 52 52 51 51 51 51 51 50 50 50 50 50 50 50 50 50 50 50 50 50 50 50 35 17 8 7 3 3 3 3 3 3 3 3 3 3 3 3 3 2 2 2 2 2 1 1 1 1 1 
53 50 50 50 50 50 50 50 50 50 50 50 50 50 50 50 50 50 50 50 50 50 50 50 50 50 50 50 50 50 50 50 50 0 0 0 0 0 0 0 0 0 0 0 0 0 0 0 0 0 
57 56 56 52 52 52 52 52 52 52 52 51 51 51 51 51 51 51 51 51 50 50 50 50 50 50 50 50 50 50 50 50 50 50 50 50 22 3 3 3 3 3 3 3 3 1 1 1 1 1 
59 59 59 55 52 52 52 52 52 52 52 52 52 52 52 52 52 52 51 51 51 51 51 51 51 50 50 50 50 50 50 38 38 13 11 3 3 3 3 3 3 3 3 2 1 1 1 1 1 1 
55 55 55 55 53 51 51 51 51 51 51 51 51 51 51 51 51 51 51 51 51 51 51 51 51 51 51 51 50 50 50 49 36 32 23 22 18 13 9 8 8 7 2 2 2 2 2 2 1 1 
55 53 53 53 53 53 53 53 53 50 50 50 50 50 50 50 50 50 50 50 50 50 50 50 50 50 50 50 50 50 50 50 50 50 50 50 27 9 7 6 4 4 3 0 0 0 0 0 0 0 
62 60 60 55 54 54 54 54 54 54 54 54 54 54 54 54 54 54 54 54 54 54 54 54 54 52 52 50 50 50 50 50 50 50 50 50 50 50 50 40 36 34 22 12 8 7 5 2 2 2 
75 54 54 54 54 54 54 54 54 54 54 54 54 54 54 54 54 54 54 54 54 54 54 54 54 54 53 53 53 53 50 50 50 50 50 50 50 39 32 29 25 4 4 4 4 4 0 0 0 0 
79 73 73 73 66 66 65 61 61 61 61 57 57 57 57 57 57 57 57 57 57 57 57 57 57 57 57 57 57 57 55 55 55 51 51 51 51 51 51 41 30 12 10 8 6 5 2 2 2 2 
79 77 77 77 77 77 68 64 63 63 63 63 58 58 58 58 58 58 58 58 58 58 58 58 58 57 57 57 57 57 57 55 55 52 51 51 51 50 50 46 44 44 43 39 37 36 15 9 3 3 
85 77 75 71 71 71 71 70 70 69 66 61 61 60 60 60 60 58 57 52 52 50 50 50 50 50 50 49 49 47 45 45 45 45 45 44 35 27 27 23 22 11 10 7 6 6 2 2 2 2 
82 79 75 69 69 68 68 68 68 68 68 64 64 64 64 63 61 60 60 57 57 56 52 52 52 52 51 50 50 50 44 44 42 41 41 39 36 36 34 31 22 21 4 4 4 4 4 4 4 3 
79 76 72 72 72 72 72 72 72 72 72 70 58 58 58 58 58 56 52 52 52 52 52 52 50 50 50 48 48 48 47 45 44 44 34 29 18 13 13 7 6 2 2 2 2 2 2 2 2 0 
81 80 78 76 73 72 72 72 72 72 72 72 72 72 72 72 72 72 64 61 60 59 59 57 52 52 52 52 52 51 51 51 50 50 50 49 47 47 42 36 32 23 21 14 12 9 3 3 3 1 
83 79 79 78 75 74 74 72 72 72 72 72 72 72 68 60 60 55 55 55 52 52 51 51 51 51 51 51 51 51 51 50 39 32 31 30 22 22 11 6 2 2 2 2 2 2 2 2 1 1 
83 81 81 81 78 78 75 75 75 75 75 75 72 70 70 68 63 63 55 55 50 50 50 50 50 50 50 50 50 50 50 45 44 42 37 33 31 30 29 26 26 24 23 5 5 3 0 0 0 0 
87 86 85 84 84 84 80 78 78 75 75 75 75 74 74 74 74 72 71 71 61 57 56 56 52 52 52 52 52 52 50 50 50 50 50 50 50 50 50 49 42 38 29 22 4 2 2 2 2 2 
82 82 82 79 79 79 79 72 72 72 69 68 68 68 68 68 58 57 55 52 50 50 50 50 50 50 50 50 50 50 50 50 50 50 47 44 29 29 18 15 7 0 0 0 0 0 0 0 0 0 
85 85 85 85 85 83 83 82 82 82 82 76 76 75 72 71 66 66 66 66 66 66 64 60 60 53 51 51 51 51 51 51 51 51 51 51 51 51 51 51 51 46 35 35 29 19 17 14 2 2 
82 77 77 77 77 77 77 77 77 76 76 76 76 76 76 76 76 76 71 71 71 71 66 62 60 60 59 53 53 52 51 51 51 51 50 50 50 50 50 32 31 28 28 28 11 9 4 1 1 0 
75 75 75 75 75 75 75 75 75 75 75 75 75 75 74 74 72 72 72 72 72 72 69 60 58 58 58 57 56 56 56 55 51 51 51 51 51 50 49 46 46 43 42 42 40 39 34 23 18 2 
79 79 79 79 79 79 79 79 79 79 79 79 79 79 79 79 79 79 75 74 74 74 74 68 67 66 62 62 57 55 53 53 53 53 52 50 50 50 50 50 50 50 44 39 39 33 27 19 11 5 
83 83 83 83 83 83 83 83 83 83 83 83 83 83 81 81 79 79 78 73 72 68 68 64 64 60 57 57 56 53 52 51 51 51 51 51 51 51 50 50 50 50 46 44 42 41 23 19 7 2 
74 74 74 74 74 74 74 74 74 74 74 74 74 74 74 74 74 74 74 74 74 73 73 73 69 69 69 69 62 53 53 50 50 50 50 50 50 50 47 47 45 45 44 43 43 39 35 10 9 3 
80 80 80 80 80 80 80 80 80 80 80 80 80 80 80 80 79 79 79 70 68 64 56 55 50 50 50 50 50 50 50 50 50 50 50 50 50 50 50 47 30 30 24 20 12 0 0 0 0 0 
76 76 76 76 76 76 76 76 76 76 76 76 76 76 76 76 76 76 76 76 74 67 52 51 51 51 51 51 51 51 51 50 50 50 50 50 48 46 46 45 39 33 18 17 7 1 0 0 0 0 
79 79 79 79 79 79 79 79 79 79 79 79 79 79 79 79 79 79 79 77 77 76 68 67 64 60 60 60 59 54 53 53 52 52 51 51 51 51 51 51 51 50 50 50 49 42 32 23 22 8 
77 77 77 77 77 77 77 77 77 77 77 77 77 77 77 77 77 77 77 77 72 72 72 68 66 66 66 65 65 64 64 61 52 52 52 51 51 51 51 51 50 50 50 50 50 49 40 33 11 0 
85 85 85 85 85 85 85 85 85 85 85 85 85 85 85 85 85 85 85 84 81 77 70 67 63 63 63 63 63 56 55 54 53 51 51 50 50 50 50 47 46 44 44 31 27 24 17 13 1 0 
84 84 84 84 84 84 84 84 84 84 84 84 84 84 84 84 84 84 84 77 65 64 61 61 61 58 58 58 53 50 50 50 50 50 50 50 50 50 50 50 50 50 50 49 48 46 46 15 11 0 
84 84 84 84 84 84 84 84 84 84 84 84 84 84 84 84 84 84 84 64 61 58 56 56 54 53 53 53 52 50 50 50 50 50 50 50 50 50 50 50 50 50 48 48 41 38 32 0 0 0 
86 86 86 86 86 86 86 86 86 86 86 86 86 86 86 86 86 86 86 86 86 65 63 61 61 61 61 60 53 53 53 53 53 53 50 50 50 50 50 50 47 45 42 38 36 35 29 3 3 3 
83 83 83 83 83 83 83 83 83 83 83 83 83 83 83 83 83 83 83 83 81 70 63 61 61 60 60 60 59 59 59 59 58 53 53 51 51 51 50 50 50 50 50 46 40 12 2 2 2 2 
89 89 89 89 89 89 89 89 89 89 89 89 89 89 89 89 89 89 89 89 89 89 86 85 75 74 69 68 64 58 58 58 58 52 52 52 52 52 52 52 52 52 52 52 51 50 50 21 21 2 
78 78 78 78 78 78 78 78 78 78 78 78 78 78 78 78 78 77 77 75 57 57 54 54 54 54 52 50 50 50 50 50 50 50 49 45 45 41 40 37 30 30 30 25 25 23 12 12 2 2 
80 80 80 80 80 80 80 80 80 80 80 80 80 80 80 80 80 80 80 59 59 59 58 58 54 52 51 51 51 51 51 51 50 50 50 50 47 47 47 40 37 35 31 17 13 9 2 2 1 1 
72 72 72 72 72 72 72 72 72 72 72 72 72 72 72 72 72 72 72 72 72 72 72 69 64 64 56 55 55 51 50 50 50 50 50 50 50 50 50 50 46 46 46 46 40 14 11 7 1 1 
78 78 78 78 78 78 78 78 78 78 78 78 78 78 78 78 78 78 78 78 77 76 58 58 56 56 51 51 51 51 50 50 50 50 50 50 46 45 38 38 36 36 35 34 28 16 9 6 1 0 
80 78 78 78 78 78 78 78 78 78 78 78 78 78 78 78 78 78 78 78 78 78 77 77 59 58 58 56 56 55 55 55 55 55 55 53 50 50 50 50 50 50 50 50 50 50 49 13 5 0 
81 81 81 81 81 81 81 81 81 81 81 81 81 81 81 81 81 81 81 77 67 63 63 62 62 61 60 59 59 59 58 56 55 52 50 50 50 48 48 45 42 42 40 39 22 12 12 9 9 2 
79 79 79 79 79 79 79 79 79 79 79 79 79 79 79 79 79 79 79 79 79 79 79 79 78 78 78 78 62 61 60 59 58 58 53 52 52 51 48 48 48 47 46 44 37 35 33 32 32 4 
77 77 77 77 77 77 77 77 77 77 77 77 77 77 77 77 77 77 77 77 77 77 77 77 74 64 64 62 62 61 58 56 55 52 51 51 50 50 50 49 44 40 38 33 29 19 19 15 2 0 
82 82 82 82 82 82 82 82 82 82 82 82 82 82 82 82 82 82 82 82 82 82 82 82 82 81 79 63 59 58 58 58 58 58 58 51 51 50 50 50 50 50 49 44 41 33 28 26 22 0 
78 78 78 78 78 78 78 78 78 78 78 78 78 78 78 78 78 78 78 78 78 78 78 78 78 78 78 78 78 78 78 71 70 64 59 59 59 57 57 56 51 51 51 51 50 50 50 50 50 50 
81 81 81 81 81 81 81 81 81 81 81 81 81 81 81 81 81 81 81 81 81 81 81 81 81 81 68 68 68 53 51 51 51 51 51 51 51 51 51 51 51 50 50 50 50 50 48 31 31 0 
78 78 78 78 78 78 78 78 78 78 78 78 78 78 78 78 78 78 78 78 78 72 66 63 63 63 63 57 57 52 51 51 51 51 51 51 51 49 49 49 49 47 46 46 46 36 29 23 12 1 
78 78 78 78 78 78 78 78 78 78 78 78 78 78 78 78 69 67 67 67 67 58 58 57 56 56 56 55 55 55 55 50 50 50 50 50 50 50 50 50 48 48 47 46 45 37 36 21 1 1 
77 77 77 77 77 77 77 77 77 77 77 77 77 77 77 77 77 77 77 77 77 77 72 71 71 66 66 61 60 59 57 57 57 57 51 50 50 50 50 50 48 41 39 30 29 28 20 1 1 1 
80 80 80 80 80 80 80 80 80 80 80 80 80 80 80 80 80 80 80 78 78 71 70 70 69 62 62 62 59 59 58 58 56 51 51 51 51 51 51 50 50 50 50 48 37 37 37 20 11 11 
