% Ministry of Cellular Automata
% Project Deux (CS523 Spring 2015)
% Version:v0.1-66-g3e0f-dirty
%  pop:50
%  ic count:100
%  CA Log option:r2/run16
%  width:121
%  max workers:4
%  radius:2
%  iterations:300
%  generations:50

 generation 0.50.50.2.1.11.2.1.2.1.1.50.50.50.50.50.14.1.51.50.1.1.1.1.2.1.1.2.1.2.1.50.50.1.1.51.1.2.1.50.50.2.1.1.1.1.1.50.1.1.2.xover.mutate.done 50
 generation 1.50.52.50.50.50.50.50.50.50.50.38.2.50.2.2.2.50.2.50.2.7.2.2.50.2.2.2.2.0.50.13.2.13.13.2.14.8.50.50.0.2.50.50.0.2.52.2.2.3.2.xover.mutate.done 50
 generation 2.51.51.50.50.50.50.50.50.50.50.50.50.50.1.50.51.1.51.1.5.50.6.51.50.1.5.1.50.1.0.50.0.1.51.1.1.51.47.50.1.50.17.51.1.0.1.1.0.7.1.xover.mutate.done 50
 generation 3.50.50.50.50.50.50.50.50.50.50.50.0.50.50.0.50.4.0.0.50.50.0.50.50.50.50.50.0.50.7.50.50.0.0.50.50.50.50.50.50.50.50.50.50.0.50.50.0.50.0.xover.mutate.done 50
 generation 4.51.51.51.51.51.51.51.51.50.50.13.51.15.57.50.1.1.1.1.50.0.51.1.50.1.1.1.1.0.51.50.1.51.50.51.9.51.50.1.1.1.51.50.1.50.10.13.32.1.1.xover.mutate.done 50
 generation 5.58.50.50.50.50.50.50.50.50.50.0.1.51.13.14.50.1.4.50.1.50.0.50.50.1.50.50.51.50.50.50.50.1.50.1.50.1.1.1.50.7.50.50.1.50.0.50.5.50.50.xover.mutate.done 50
 generation 6.57.50.50.52.52.52.52.52.52.52.52.52.57.52.2.52.52.52.9.50.2.17.2.52.2.52.50.2.52.52.52.9.52.52.52.50.52.52.50.52.52.50.0.6.2.28.52.52.2.2.xover.mutate.done 50
 generation 7.59.59.50.50.50.50.50.50.50.50.50.50.0.50.50.0.50.50.50.50.50.50.0.0.50.6.19.50.50.50.14.50.59.50.50.20.5.32.15.0.0.50.50.6.50.50.50.0.50.0.xover.mutate.done 50
 generation 8.58.58.58.53.53.53.53.53.53.53.10.3.50.53.4.53.4.11.15.4.58.64.53.53.53.53.53.53.22.4.53.20.50.10.4.4.53.53.53.17.4.14.53.7.53.58.53.53.53.10.xover.mutate.done 50
 generation 9.65.60.60.60.60.60.51.51.51.51.1.1.51.51.1.51.3.51.60.0.7.51.25.1.50.51.51.51.50.39.9.0.20.51.1.37.3.69.51.1.1.51.20.51.51.60.51.41.51.1.xover.mutate.done 50
 generation 10.66.63.57.57.57.57.57.57.57.50.1.50.1.50.9.66.8.50.6.50.50.0.50.22.0.1.9.8.57.50.19.1.50.22.1.1.50.50.50.50.50.45.50.10.1.0.50.17.50.8.xover.mutate.done 50
 generation 11.61.61.59.58.58.58.58.58.58.58.1.50.61.8.1.51.58.8.51.61.54.51.51.51.57.51.51.51.1.1.1.0.1.63.51.51.50.7.1.8.51.13.30.1.50.0.51.14.50.61.xover.mutate.done 50
 generation 12.70.69.69.69.69.68.67.60.59.59.59.9.68.50.69.50.0.50.59.50.0.70.50.69.69.68.9.59.50.50.50.29.60.69.69.0.50.50.69.50.59.69.0.59.0.50.9.50.0.50.xover.mutate.done 50
 generation 13.69.69.66.66.66.66.66.66.66.64.1.55.50.67.55.19.63.51.55.17.68.69.22.1.55.51.16.1.55.1.61.14.1.55.55.55.1.66.55.51.16.1.1.55.51.51.55.24.65.69.xover.mutate.done 50
 generation 14.71.71.71.71.70.67.65.65.65.65.0.19.50.21.21.13.6.63.50.12.28.5.71.17.50.71.62.6.65.26.19.0.13.65.71.50.71.65.50.25.65.50.63.64.56.14.50.21.0.50.xover.mutate.done 50
 generation 15.64.64.64.64.64.64.64.64.64.62.27.61.51.63.27.51.22.50.12.50.64.12.62.50.51.50.61.11.1.14.14.12.22.62.1.1.12.12.62.25.55.64.17.12.50.55.22.28.63.50.xover.mutate.done 50
 generation 16.64.64.64.64.64.64.64.64.63.64.62.4.54.64.2.16.56.37.4.21.32.10.64.64.12.44.50.11.19.16.64.61.54.13.64.17.51.6.59.50.50.16.51.12.23.35.62.30.64.57.xover.mutate.done 50
 generation 17.69.69.69.69.69.69.69.69.69.69.69.25.1.15.69.51.36.45.65.51.64.20.65.25.29.64.50.19.62.19.65.30.65.17.60.33.51.69.12.69.60.29.32.51.69.69.65.69.51.11.xover.mutate.done 50
 generation 18.69.69.69.69.69.69.69.69.69.69.63.69.20.69.53.61.53.69.8.2.2.36.11.67.63.69.69.10.51.1.69.51.51.63.2.69.62.48.30.13.58.72.69.28.64.69.63.69.51.61.xover.mutate.done 50
 generation 19.70.64.64.64.64.64.64.64.64.64.61.46.1.14.59.55.28.35.64.23.64.51.64.64.64.55.51.39.43.14.51.64.1.24.51.61.64.21.11.64.64.64.55.51.64.64.14.55.23.8.xover.mutate.done 50
 generation 20.66.64.64.64.64.64.64.64.64.64.15.1.58.51.63.50.39.53.64.4.25.15.58.39.41.58.50.64.53.64.63.45.13.64.32.50.47.64.64.15.62.64.64.64.64.62.53.7.50.17.xover.mutate.done 50
 generation 21.74.69.69.69.69.69.69.69.69.69.67.16.69.28.69.69.42.50.32.48.27.65.62.0.19.44.69.69.33.69.50.69.21.50.69.28.30.19.69.43.69.65.0.67.50.21.50.32.0.69.xover.mutate.done 50
 generation 22.71.67.67.67.67.67.67.67.67.67.1.67.19.51.19.36.51.1.64.36.16.29.51.17.27.51.26.0.50.66.67.28.71.54.51.67.31.1.67.67.54.67.54.66.67.25.67.51.7.67.xover.mutate.done 50
 generation 23.71.71.69.69.69.69.69.69.69.69.50.20.26.69.58.27.69.69.69.51.27.69.2.50.58.27.58.50.69.69.69.65.1.50.51.73.22.49.50.50.26.29.64.69.12.65.69.50.50.51.xover.mutate.done 50
 generation 24.72.72.72.72.72.72.72.72.72.72.57.72.72.55.72.76.62.50.30.72.52.50.31.31.41.22.31.64.55.63.22.23.5.0.72.28.30.0.0.72.65.50.23.65.28.22.72.28.58.50.xover.mutate.done 50
 generation 25.73.71.69.69.69.69.69.69.69.69.25.21.22.69.69.69.52.34.51.51.19.69.60.19.69.51.22.64.51.61.69.21.61.25.14.53.22.51.56.51.69.19.56.30.21.9.61.69.51.61.xover.mutate.done 50
 generation 26.73.72.72.72.70.70.70.70.70.70.44.52.20.52.30.50.5.70.70.20.70.52.73.52.70.23.2.70.59.38.68.2.50.70.52.25.68.20.52.65.70.22.65.59.68.52.52.70.52.70.xover.mutate.done 50
 generation 27.75.75.72.71.71.69.69.69.69.69.68.7.51.25.69.75.51.69.50.22.51.69.50.1.61.69.75.69.69.69.21.69.58.21.51.69.69.1.51.69.50.21.58.47.51.19.69.22.1.1.xover.mutate.done 50
 generation 28.72.72.72.72.66.64.64.65.65.65.64.21.1.55.3.65.51.10.51.7.65.15.13.23.12.65.51.51.51.51.1.5.66.51.13.65.21.23.12.65.50.65.66.40.29.7.16.7.51.65.xover.mutate.done 50
 generation 29.74.74.74.74.71.71.71.68.68.68.29.74.22.25.68.61.74.57.29.68.50.68.52.59.70.53.28.29.74.52.68.68.22.2.2.57.65.19.68.50.52.20.42.50.50.52.71.74.26.4.xover.mutate.done 50
 generation 30.78.78.78.78.78.78.78.78.78.78.37.50.50.49.61.50.78.50.5.6.67.67.50.78.82.50.71.67.50.49.55.83.78.82.33.71.0.50.50.71.45.6.67.82.50.83.21.42.29.32.xover.mutate.done 50
 generation 31.82.82.81.81.81.78.78.78.78.78.57.82.82.65.57.82.5.77.78.5.82.66.76.81.51.81.38.60.51.49.56.80.81.57.51.77.82.60.51.57.78.76.57.78.47.51.45.51.60.78.xover.mutate.done 50
 generation 32.76.76.76.76.76.76.76.76.76.76.33.73.27.50.50.42.15.75.71.2.64.2.2.51.69.51.71.73.51.51.40.76.51.21.48.71.38.76.2.2.76.76.76.2.76.71.51.51.49.70.xover.mutate.done 50
 generation 33.83.83.83.83.83.82.83.82.82.82.50.52.79.50.63.7.52.50.63.83.41.83.83.50.50.34.63.83.83.83.77.50.81.83.55.83.29.82.2.74.82.38.83.7.50.83.39.27.2.83.xover.mutate.done 50
 generation 34.80.80.80.80.80.80.80.80.79.79.50.73.78.52.50.52.52.50.52.54.68.52.75.79.2.50.78.80.77.73.80.52.79.24.62.70.78.50.2.34.77.54.52.80.52.70.77.50.79.54.xover.mutate.done 50
 generation 35.77.77.77.77.77.77.77.77.77.77.50.50.51.77.40.30.65.51.31.24.50.77.1.51.74.64.74.77.50.50.63.50.50.12.67.76.77.75.64.77.50.32.77.67.76.50.34.45.69.77.xover.mutate.done 50
 generation 36.77.77.77.77.77.77.77.77.77.77.69.77.14.77.77.37.35.74.77.76.50.69.2.77.77.38.75.55.9.2.2.52.75.2.75.0.77.77.50.50.77.52.46.63.77.77.2.76.76.50.xover.mutate.done 50
 generation 37.80.80.80.80.80.80.80.80.80.80.36.80.50.50.54.67.0.50.50.77.50.77.75.73.54.50.0.50.80.53.80.79.50.33.80.50.80.51.80.50.80.50.39.67.39.50.54.67.50.50.xover.mutate.done 50
 generation 38.87.87.87.87.87.87.87.87.87.87.87.64.50.80.1.87.51.51.75.71.1.63.1.87.70.87.87.87.87.35.87.80.51.87.87.80.51.41.73.67.87.51.87.42.37.51.75.56.85.60.xover.mutate.done 50
 generation 39.88.88.88.88.88.88.88.88.88.88.83.83.83.88.72.88.61.51.50.88.88.51.77.50.88.66.42.82.72.83.88.62.26.1.83.78.88.63.88.66.88.50.88.88.50.20.61.88.51.51.xover.mutate.done 50
 generation 40.79.79.79.79.79.79.79.79.79.79.54.40.35.79.74.23.50.47.30.39.57.51.79.51.79.48.79.51.79.63.58.51.51.29.44.0.58.16.79.50.51.61.66.38.39.44.50.60.66.79.xover.mutate.done 50
 generation 41.80.80.80.80.80.80.80.80.80.80.80.76.79.27.50.56.50.73.54.1.80.66.56.51.53.50.6.47.56.6.79.50.74.80.51.2.53.80.8.40.50.70.51.50.31.50.80.62.15.80.xover.mutate.done 50
 generation 42.81.81.81.81.81.81.81.81.81.81.62.48.51.79.51.1.78.50.50.81.38.50.81.51.72.46.81.65.61.36.50.81.81.81.81.18.51.62.39.81.81.81.56.81.35.81.81.38.81.51.xover.mutate.done 50
 generation 43.78.78.78.78.78.78.78.78.78.78.30.78.57.50.73.50.71.78.20.50.43.78.44.43.57.78.31.8.49.31.50.57.70.64.27.31.45.64.33.69.78.57.48.50.1.1.48.78.48.40.xover.mutate.done 50
 generation 44.81.81.81.81.81.81.81.81.81.81.42.51.38.81.51.66.59.58.81.44.50.0.74.50.50.78.47.56.32.51.81.59.81.51.32.57.50.56.33.81.81.35.76.27.81.81.51.70.81.74.xover.mutate.done 50
 generation 45.80.80.80.80.80.80.80.80.80.80.80.68.80.35.79.52.52.51.51.51.31.66.80.54.80.79.79.51.46.75.80.51.40.54.80.59.36.51.33.51.80.19.51.48.30.79.51.80.51.70.xover.mutate.done 50
 generation 46.75.75.75.75.75.75.75.75.75.75.31.69.56.66.75.70.75.75.52.52.65.26.52.72.75.73.75.75.31.65.75.52.75.62.75.75.71.31.69.36.52.52.59.75.75.52.56.31.75.56.xover.mutate.done 50
 generation 47.74.74.74.74.74.74.74.74.74.74.72.1.56.51.74.54.30.74.30.13.74.51.74.51.74.63.69.55.71.1.74.71.74.72.22.13.13.56.74.65.51.74.31.30.72.57.31.50.50.74.xover.mutate.done 50
 generation 48.83.83.83.83.83.83.83.83.83.83.80.76.83.80.36.82.35.59.80.46.40.37.69.81.83.12.54.63.66.26.54.76.11.60.83.74.60.83.83.7.83.81.60.80.40.83.83.54.80.83.xover.mutate.done 50
 generation 49.78.78.78.78.78.78.78.78.78.78.57.75.60.45.75.52.50.14.49.72.49.50.50.57.71.41.60.78.50.75.78.50.78.73.34.78.78.34.50.2.72.0.50.60.78.78.52.19.70.78.xover.mutate.done 50
 19200101 iters     775500 iter/sec (24.76 s)
 total time: 24.76
