0.34375 0.4375 0.4375 0.34375 0.875 0.9375 0.75 1.0 0.46875 0.0 
0.3125 0.3125 0.75 0.875 1.0 0.0 0.09375 0.09375 0.9375 1.0 
0.3125 0.3125 0.21875 0.5 0.3125 0.3125 0.75 0.8125 0.75 0.96875 
0.3125 0.3125 0.21875 0.5 0.3125 0.3125 0.75 0.8125 0.75 0.96875 
0.3125 0.3125 0.21875 0.5 0.3125 0.3125 0.75 0.8125 0.75 0.96875 
0.5625 0.3125 0.3125 0.21875 0.5 0.3125 0.3125 0.75 0.8125 0.75 
0.53125 0.53125 0.46875 0.5625 0.3125 0.3125 0.21875 0.5 0.3125 0.3125 
0.53125 0.53125 0.53125 0.53125 0.46875 0.5625 0.46875 0.4375 0.3125 0.3125 
0.5625 0.53125 0.53125 0.53125 0.53125 0.5625 0.53125 0.53125 0.53125 0.53125 
0.53125 0.53125 0.53125 0.53125 0.5625 0.53125 0.53125 0.53125 0.53125 0.53125 
0.53125 0.53125 0.53125 0.53125 0.5625 0.53125 0.53125 0.53125 0.53125 0.53125 
0.53125 0.53125 0.53125 0.53125 0.53125 0.53125 0.53125 0.53125 0.53125 0.53125 
0.53125 0.53125 0.53125 0.53125 0.53125 0.53125 0.53125 0.53125 0.53125 0.53125 
0.53125 0.53125 0.53125 0.53125 0.53125 0.53125 0.53125 0.53125 0.53125 0.53125 
0.53125 0.53125 0.53125 0.53125 0.53125 0.53125 0.53125 0.53125 0.53125 0.53125 
0.53125 0.53125 0.53125 0.53125 0.53125 0.53125 0.53125 0.53125 0.53125 0.53125 
0.53125 0.53125 0.53125 0.53125 0.53125 0.53125 0.53125 0.53125 0.53125 0.53125 
0.59375 0.53125 0.53125 0.53125 0.53125 0.53125 0.53125 0.53125 0.53125 0.53125 
0.53125 0.53125 0.53125 0.5 0.5 0.59375 0.53125 0.53125 0.53125 0.53125 
0.53125 0.53125 0.53125 0.5 0.5 0.5 0.59375 0.53125 0.53125 0.53125 
0.5 0.5 0.5 0.5 0.53125 0.53125 0.53125 0.59375 0.59375 0.53125 
0.59375 0.59375 0.625 0.625 0.53125 0.53125 0.5625 0.5 0.5 0.5 
0.5 0.5 0.5 0.5 0.5 0.5 0.5 0.5 0.59375 0.59375 
0.5 0.5 0.5 0.5 0.5 0.5 0.5 0.5 0.5 0.5 
0.59375 0.53125 0.5 0.5 0.5 0.5 0.5 0.5 0.5 0.5 
0.5 0.5 0.5 0.5 0.5 0.5 0.5 0.5 0.5 0.5 
0.59375 0.59375 0.5 0.46875 0.5 0.5 0.5 0.5 0.5 0.5 
0.46875 0.59375 0.59375 0.5 0.5 0.5 0.5 0.5 0.5 0.5 
0.46875 0.5 0.59375 0.59375 0.59375 0.59375 0.5 0.5 0.5 0.5 
0.46875 0.5 0.59375 0.59375 0.59375 0.59375 0.4375 0.5 0.5 0.5 
0.46875 0.5 0.5 0.5 0.5 0.4375 0.59375 0.59375 0.59375 0.59375 
0.59375 0.59375 0.59375 0.59375 0.46875 0.5 0.5 0.5 0.5 0.5 
0.59375 0.59375 0.59375 0.59375 0.5 0.5 0.5 0.5 0.5 0.5 
0.59375 0.59375 0.59375 0.59375 0.5 0.5 0.5 0.5 0.5 0.5 
0.59375 0.59375 0.59375 0.59375 0.5 0.59375 0.53125 0.5 0.5 0.5 
0.59375 0.59375 0.59375 0.59375 0.59375 0.59375 0.5 0.53125 0.53125 0.5 
0.5 0.5 0.5 0.5 0.53125 0.5 0.53125 0.5625 0.59375 0.59375 
0.59375 0.59375 0.59375 0.5 0.5 0.5 0.5 0.53125 0.53125 0.5 
0.5 0.5 0.5 0.5 0.53125 0.5 0.5 0.5 0.59375 0.59375 
0.5 0.5 0.5 0.5 0.53125 0.5 0.5 0.5 0.5 0.5 
0.5 0.5 0.5 0.5 0.53125 0.5 0.5 0.5 0.5 0.5 
0.5 0.46875 0.5 0.5 0.5 0.5 0.53125 0.5 0.5 0.5 
0.5 0.5 0.5 0.5 0.5 0.5 0.5 0.5 0.5 0.53125 
0.5 0.5 0.5 0.5 0.53125 0.5 0.5 0.5 0.5 0.5 
0.5 0.5 0.46875 0.5 0.5 0.5 0.5 0.53125 0.5 0.5 
0.46875 0.4375 0.4375 0.46875 0.5 0.5 0.5 0.5 0.53125 0.5 
0.46875 0.4375 0.4375 0.46875 0.4375 0.46875 0.5 0.5 0.5 0.5 
0.46875 0.4375 0.4375 0.46875 0.4375 0.46875 0.5 0.5 0.5 0.5 
0.46875 0.4375 0.4375 0.46875 0.4375 0.46875 0.5 0.5 0.5 0.5 
0.46875 0.4375 0.4375 0.46875 0.4375 0.46875 0.5 0.5 0.5 0.5 
