50 50 50 50 50 50 50 50 50 50 50 50 50 50 50 18 14 5 4 4 0 0 0 0 0 0 0 0 0 0 0 0 0 0 0 0 0 0 0 0 0 0 0 0 0 0 0 0 0 0 
55 51 51 50 50 50 50 50 50 50 50 50 50 50 50 50 50 50 50 50 50 50 50 50 44 42 25 25 21 11 9 5 5 5 5 5 5 5 5 5 5 5 5 5 5 4 4 4 4 1 
56 53 53 53 53 53 53 50 50 50 50 50 50 50 50 50 50 50 50 50 50 50 50 50 50 50 50 50 50 50 50 50 50 50 50 25 11 9 8 8 3 3 3 3 3 3 0 0 0 0 
59 52 52 50 50 50 50 50 50 50 50 50 50 50 50 50 50 50 50 50 50 50 50 50 50 50 50 50 50 50 50 50 50 50 50 50 48 45 44 21 21 16 11 10 2 2 2 2 0 0 
51 51 51 51 51 51 51 51 51 50 50 50 50 50 50 50 50 50 50 50 50 50 50 50 50 50 50 50 50 50 50 50 50 50 24 19 18 13 12 1 1 1 1 1 1 1 1 1 1 0 
51 51 51 51 51 51 51 51 51 51 51 51 51 51 51 51 51 51 50 50 50 50 50 50 50 50 50 50 50 50 50 50 50 46 23 19 12 12 7 2 1 1 1 1 1 0 0 0 0 0 
52 52 52 52 52 52 52 52 52 52 52 52 52 52 52 52 52 52 52 52 52 52 52 52 52 52 52 52 50 50 50 50 50 50 50 50 50 34 17 12 5 2 2 2 2 2 0 0 0 0 
50 50 50 50 50 50 50 50 50 50 50 50 50 50 50 50 50 50 50 50 50 50 50 50 50 50 50 50 50 50 50 50 50 50 50 50 50 50 50 22 22 18 10 4 1 1 1 1 0 0 
53 53 53 53 53 53 53 53 53 53 53 53 53 53 53 53 53 53 53 53 53 53 53 53 53 53 53 53 53 53 53 53 53 53 53 53 53 53 53 53 44 19 12 12 12 7 4 4 4 4 
50 50 50 50 50 50 50 50 50 50 50 50 50 50 50 50 50 50 50 50 50 50 50 50 50 50 50 50 50 50 50 50 50 50 50 50 35 21 17 16 2 2 2 2 2 2 2 2 0 0 
51 51 51 51 51 51 51 51 51 51 51 51 51 51 51 51 51 51 51 51 51 51 51 51 51 51 51 51 51 51 51 51 51 51 50 23 14 13 12 10 7 2 2 2 2 1 1 1 1 1 
52 52 52 52 52 52 52 52 52 52 52 52 52 52 52 52 52 52 52 52 52 52 52 52 52 52 52 52 52 52 52 52 52 52 52 52 52 52 9 9 5 4 4 4 4 4 4 4 4 4 
50 50 50 50 50 50 50 50 50 50 50 50 50 50 50 50 50 50 50 50 50 50 50 50 50 50 50 50 50 50 50 50 50 50 50 29 29 17 2 2 2 2 2 2 2 2 2 0 0 0 
53 53 53 53 53 53 53 53 53 53 53 53 53 53 53 53 53 53 53 53 53 53 53 53 53 53 53 53 53 53 53 53 53 53 53 53 53 11 11 3 3 3 3 3 3 3 3 3 3 3 
50 50 50 50 50 50 50 50 50 50 50 50 50 50 50 50 50 50 50 50 50 50 50 50 50 50 50 50 50 50 50 50 50 50 50 50 50 50 50 50 50 17 8 6 6 6 6 6 6 6 
53 53 53 53 53 53 53 53 53 53 53 53 53 53 53 53 53 53 53 53 53 53 53 53 53 53 53 53 53 53 53 53 53 53 53 50 8 7 3 3 3 3 3 3 3 3 3 3 3 3 
50 50 50 50 50 50 50 50 50 50 50 50 50 50 50 50 50 50 50 50 50 50 50 50 50 50 50 50 50 50 50 50 50 50 22 14 13 13 13 2 2 2 2 2 2 2 2 2 0 0 
51 51 51 51 51 51 51 51 51 51 51 51 51 51 51 51 51 51 51 51 51 51 51 51 51 51 51 51 51 51 51 51 51 50 50 18 12 12 12 12 12 11 11 10 3 3 3 3 3 3 
55 51 51 51 51 51 51 51 51 51 51 51 51 51 51 51 51 51 51 51 51 51 51 51 51 51 51 51 51 51 51 51 51 51 51 51 51 51 51 51 51 51 51 50 41 9 4 4 4 4 
56 54 54 54 50 50 50 50 50 50 50 50 50 50 50 50 50 50 50 50 50 50 50 50 50 50 50 50 50 50 50 50 50 50 50 50 50 50 50 50 50 50 50 43 9 6 1 1 1 1 
60 59 57 57 57 57 57 57 57 50 50 50 50 50 50 50 50 50 50 50 50 50 50 50 50 50 50 50 50 50 50 50 50 50 50 50 50 50 50 50 50 50 50 31 21 9 9 2 2 2 
75 57 56 56 56 56 56 54 54 54 54 54 54 51 51 51 51 51 51 51 51 51 51 51 51 51 51 51 51 51 51 50 30 21 10 10 9 8 5 5 5 2 2 2 2 2 2 2 2 1 
77 64 62 62 59 59 59 59 59 59 59 59 59 59 59 59 59 59 59 59 57 52 52 52 52 52 52 52 52 52 52 52 52 38 34 24 14 9 9 9 9 9 9 9 2 2 2 2 2 2 
79 79 58 57 57 57 57 57 57 55 55 55 55 55 55 55 55 55 55 55 55 55 55 55 55 55 55 55 50 50 50 50 50 50 50 50 50 50 50 37 9 5 5 5 5 5 0 0 0 0 
73 72 72 72 56 56 56 54 54 54 54 54 54 54 54 54 54 54 54 54 53 53 53 53 53 53 53 53 53 53 52 52 50 50 50 50 50 50 50 50 20 18 11 7 4 4 3 3 0 0 
79 76 76 76 76 59 59 58 58 58 56 56 56 56 56 56 55 55 55 55 55 55 55 55 55 55 54 50 50 50 50 50 38 36 29 27 19 18 9 9 7 6 6 5 4 1 1 1 1 1 
79 75 73 73 73 73 73 73 57 57 57 55 55 55 55 55 54 54 54 54 54 54 54 54 54 51 51 51 51 51 51 51 51 51 51 50 48 22 16 7 7 7 6 6 6 6 6 4 1 1 
84 84 84 81 81 81 81 81 81 81 63 63 63 63 63 63 63 63 63 62 60 60 59 59 58 58 58 58 58 58 58 56 50 50 50 50 50 50 50 50 50 50 45 45 34 18 14 14 1 1 
82 82 82 82 82 82 80 80 80 80 80 80 80 80 80 79 79 74 74 61 61 60 60 60 60 60 60 60 60 59 58 57 56 51 51 50 50 50 50 50 50 50 27 15 11 11 10 1 1 1 
74 74 74 74 74 74 74 74 74 74 74 74 71 70 70 70 70 70 70 70 69 68 67 67 63 58 58 56 56 51 51 50 50 50 50 50 50 50 50 50 50 46 46 42 39 35 35 30 23 18 
81 81 81 81 81 81 81 81 81 81 81 81 81 81 81 81 81 81 81 80 80 79 79 76 74 66 62 61 61 59 59 59 58 58 57 55 55 50 50 50 50 44 43 42 40 22 1 1 1 0 
78 78 78 78 78 78 78 78 78 78 78 78 78 78 78 78 78 78 78 78 78 78 76 76 76 76 74 60 58 57 57 57 57 56 54 51 51 51 51 50 50 50 34 34 28 11 8 7 2 1 
84 84 84 84 84 84 84 84 84 84 84 84 84 84 84 84 84 84 84 84 84 84 84 81 80 80 80 79 79 73 73 63 63 57 57 55 51 50 50 50 50 50 50 50 36 36 36 36 11 2 
79 79 79 79 79 79 79 79 79 79 79 79 79 79 79 79 79 79 79 79 79 79 79 79 79 78 59 57 56 55 54 54 51 51 51 51 50 50 37 37 36 35 35 35 34 34 30 18 1 1 
83 83 83 83 83 83 83 83 83 83 83 83 83 83 83 83 83 83 83 83 83 83 83 83 83 83 83 83 83 83 68 68 64 63 63 63 62 62 62 59 51 50 50 44 43 39 38 37 1 1 
80 80 80 80 80 80 80 80 80 80 80 80 80 80 80 80 80 80 80 80 80 79 76 76 60 59 59 58 56 56 51 51 50 50 50 50 50 50 39 35 34 34 34 34 34 29 10 10 10 1 
79 75 75 75 75 75 75 75 75 75 75 75 75 75 75 75 75 75 75 75 75 75 75 75 64 56 54 54 54 51 51 51 51 51 51 51 51 50 50 50 50 40 40 38 37 30 29 1 1 1 
82 82 82 82 82 82 82 82 82 82 82 82 82 82 82 82 82 82 82 81 81 81 78 78 78 78 77 65 59 54 52 51 51 50 50 50 50 50 50 50 50 50 50 48 43 34 33 32 1 1 
78 78 78 78 78 78 78 78 78 78 78 78 78 78 78 78 78 78 78 78 78 78 78 78 78 77 76 68 59 59 59 59 54 53 53 53 53 51 51 51 51 51 51 50 50 42 39 35 31 4 
77 77 77 77 77 77 77 77 77 77 77 77 77 77 77 77 77 77 77 77 77 77 77 77 77 76 75 75 75 68 59 58 58 58 54 54 53 52 51 51 51 51 50 50 50 35 19 8 3 2 
80 80 80 80 80 80 80 80 80 80 80 80 80 80 80 80 80 80 80 80 80 79 79 78 78 77 77 75 75 58 58 58 58 51 51 51 51 51 51 51 51 51 51 47 46 44 31 18 2 2 
85 85 85 85 85 85 85 85 85 85 85 85 85 85 85 85 85 85 85 85 85 85 85 85 85 85 85 85 84 84 84 84 84 55 52 51 51 50 50 50 50 50 50 50 50 50 49 1 1 1 
81 81 81 81 81 81 81 81 81 81 81 81 81 81 81 81 81 81 81 81 81 81 79 79 79 71 70 62 59 59 56 55 55 55 55 52 52 52 51 51 51 51 51 50 50 50 33 33 21 17 
76 76 75 75 75 75 75 75 75 75 75 75 75 75 75 75 75 75 75 75 75 67 62 59 59 59 58 58 57 53 53 53 51 51 51 51 51 47 46 44 41 41 37 29 26 26 21 10 3 2 
84 79 79 79 79 79 79 79 79 79 79 79 79 79 79 79 79 79 79 78 78 68 66 63 58 58 58 58 58 58 58 58 58 56 50 50 50 50 50 50 50 50 50 50 50 38 24 23 20 0 
79 79 79 79 79 79 79 79 79 79 79 79 79 79 79 79 79 79 79 79 78 75 60 59 57 57 57 57 55 54 52 51 50 50 50 49 48 46 43 42 39 38 35 29 29 17 7 6 4 1 
79 79 79 79 79 79 79 79 79 79 79 79 79 79 79 79 79 79 79 79 79 79 79 76 76 76 71 60 58 53 52 52 51 51 50 50 50 50 50 50 49 49 43 40 36 31 22 21 12 1 
80 80 80 80 79 79 79 79 79 79 79 79 79 79 79 79 79 79 79 79 78 78 77 77 77 77 74 60 60 57 56 52 51 51 51 51 51 51 51 51 50 50 46 37 37 29 7 1 1 1 
81 81 81 81 81 81 81 81 81 81 81 81 81 81 81 81 81 81 81 81 81 81 80 79 76 76 76 64 62 62 59 59 56 56 52 50 50 50 50 50 50 50 50 50 50 50 48 40 18 6 
82 79 79 79 79 79 79 79 79 79 79 79 79 79 79 79 79 79 79 79 79 79 77 72 62 62 56 56 51 51 51 51 51 51 51 51 51 51 50 49 49 48 39 36 33 12 12 12 12 6 
