% Ministry of Cellular Automata
% Project Deux (CS523 Spring 2015)
% Version:v0.1-66-g3e0f-dirty
%  pop:50
%  ic count:100
%  CA Log option:r2/run28
%  width:121
%  max workers:4
%  radius:2
%  iterations:300
%  generations:50

 generation 0.0.8.0.0.0.0.0.0.0.0.0.50.0.9.50.0.50.0.0.50.0.18.50.0.0.50.0.50.0.0.0.0.0.0.0.0.0.0.0.50.50.0.0.0.0.50.0.0.0.50.xover.mutate.done 50
 generation 1.50.50.50.50.50.50.50.50.50.50.1.50.1.1.35.0.1.0.51.1.33.50.24.0.27.1.50.0.1.1.0.1.0.50.24.20.1.1.1.0.1.50.16.50.1.1.1.1.11.50.xover.mutate.done 50
 generation 2.51.50.50.50.50.50.50.50.50.50.1.0.0.0.0.7.0.50.7.1.47.27.1.50.1.0.50.1.1.50.51.50.19.50.50.7.1.1.1.1.1.31.1.1.0.51.50.51.1.50.xover.mutate.done 50
 generation 3.50.50.50.50.50.50.50.50.50.50.50.50.0.50.0.50.50.17.50.33.50.50.0.7.50.0.50.50.0.0.0.50.32.50.50.50.0.39.0.29.50.10.50.50.0.50.12.50.8.0.xover.mutate.done 50
 generation 4.50.50.50.50.50.50.50.50.50.50.36.2.0.50.2.50.2.52.50.36.50.50.2.2.0.32.0.50.2.50.9.2.2.0.0.52.52.50.50.43.0.52.6.50.2.50.2.0.0.20.xover.mutate.done 50
 generation 5.52.52.52.52.55.55.55.55.50.50.50.16.5.55.52.7.7.5.55.50.52.50.7.52.50.2.5.50.2.13.7.50.50.7.52.5.7.2.13.22.58.7.55.7.50.52.50.52.52.7.xover.mutate.done 50
 generation 6.61.50.50.50.50.50.50.50.51.51.1.4.50.50.4.1.51.1.1.7.50.0.50.51.1.50.50.1.61.50.1.1.50.50.1.1.1.51.50.1.51.11.1.0.0.1.1.1.1.51.xover.mutate.done 50
 generation 7.58.58.51.51.51.51.51.51.51.50.1.8.29.50.51.8.1.51.50.50.50.50.1.8.51.1.1.51.1.1.1.12.50.51.1.1.50.50.0.1.24.50.51.1.1.1.8.17.8.51.xover.mutate.done 50
 generation 8.62.62.50.50.50.50.50.50.50.50.0.50.50.50.12.0.50.50.50.50.12.62.50.50.12.0.0.0.0.50.0.29.50.50.10.5.12.27.50.0.12.50.50.50.1.50.0.50.0.50.xover.mutate.done 50
 generation 9.58.58.58.51.51.51.51.51.51.51.8.28.51.51.51.51.51.5.51.17.2.50.51.1.28.2.51.58.51.2.30.2.20.51.34.51.23.51.51.51.3.51.1.1.51.51.55.51.2.51.xover.mutate.done 50
 generation 10.60.60.60.60.59.51.51.51.51.51.51.51.51.51.51.51.51.17.51.23.10.9.51.59.51.20.51.51.51.51.51.51.2.1.49.51.33.51.60.33.2.51.60.5.1.51.51.51.9.51.xover.mutate.done 50
 generation 11.59.59.59.59.59.59.58.58.52.52.21.52.9.52.4.52.58.52.9.52.52.13.21.59.2.52.59.4.48.13.29.52.52.52.2.48.52.52.13.4.52.52.23.59.52.52.4.52.11.59.xover.mutate.done 50
 generation 12.53.53.53.53.53.53.53.53.53.53.35.50.53.51.2.14.51.51.3.2.24.4.4.38.51.2.51.51.51.51.53.53.1.3.51.2.36.53.51.51.51.51.2.75.53.4.35.14.1.1.xover.mutate.done 50
 generation 13.72.55.55.55.55.55.55.55.55.55.52.54.2.52.74.2.2.55.2.55.2.74.42.52.74.55.73.27.5.2.55.4.2.55.52.55.5.2.5.52.48.41.10.5.55.5.52.52.5.2.xover.mutate.done 50
 generation 14.78.78.78.78.67.57.57.57.57.57.0.78.0.53.0.12.50.78.57.7.50.53.0.57.7.7.26.57.14.57.40.78.7.53.71.13.57.13.8.50.13.0.57.57.57.57.6.0.7.50.xover.mutate.done 50
 generation 15.79.79.79.77.79.79.77.67.74.59.0.3.9.9.50.57.12.9.59.0.7.59.59.3.40.79.79.0.59.59.59.79.43.46.13.27.46.9.9.19.79.50.59.9.29.9.9.0.59.9.xover.mutate.done 50
 generation 16.81.81.81.81.81.81.81.81.81.78.9.59.52.52.64.35.59.52.32.9.42.10.35.81.59.81.40.10.7.2.52.59.52.59.52.59.81.3.80.80.8.59.52.3.37.59.46.9.59.64.xover.mutate.done 50
 generation 17.78.78.78.78.78.78.78.78.78.78.78.78.61.60.61.78.12.78.68.12.61.51.78.51.14.51.61.78.78.2.51.78.61.78.51.24.51.78.78.61.77.78.78.51.78.12.78.12.51.51.xover.mutate.done 50
 generation 18.79.79.79.79.79.79.79.79.79.79.50.48.1.50.9.59.59.79.2.51.10.51.51.59.59.51.50.51.79.51.79.9.79.79.51.51.79.1.51.59.51.50.2.79.79.2.59.78.51.51.xover.mutate.done 50
 generation 19.80.80.80.80.80.80.80.80.80.80.63.80.71.63.50.63.80.50.80.69.80.71.52.3.63.52.3.50.63.80.31.80.45.63.50.20.52.63.79.80.52.76.80.31.80.50.40.63.80.13.xover.mutate.done 50
 generation 20.76.76.76.76.76.76.76.76.76.76.31.3.1.76.75.76.67.1.76.0.0.52.76.38.76.16.76.36.76.38.0.1.76.52.76.7.0.59.76.76.76.39.37.75.50.52.37.75.76.52.xover.mutate.done 50
 generation 21.78.78.78.78.78.78.78.78.78.78.29.50.1.50.58.77.78.76.78.78.78.50.58.2.2.73.58.74.78.51.77.78.2.78.73.51.78.77.78.50.51.32.78.77.58.50.57.50.78.2.xover.mutate.done 50
 generation 22.73.73.73.73.73.73.73.73.73.73.73.6.56.73.56.73.6.50.50.56.56.46.71.11.73.56.73.72.73.66.73.56.16.73.73.15.50.34.56.61.73.73.73.56.50.43.23.50.73.50.xover.mutate.done 50
 generation 23.77.77.77.77.77.77.77.77.77.77.27.31.55.77.77.55.77.77.77.32.77.71.50.73.55.77.77.77.55.77.51.55.10.77.50.51.51.75.77.77.32.55.77.51.27.77.1.68.27.55.xover.mutate.done 50
 generation 24.80.80.80.80.80.80.80.80.80.80.40.39.30.54.54.80.79.71.79.80.40.74.59.58.30.71.39.80.80.41.80.56.1.51.51.58.1.1.79.80.50.58.0.78.51.30.58.79.51.56.xover.mutate.done 50
 generation 25.81.81.81.81.81.81.81.81.81.81.8.3.79.79.81.38.2.58.3.79.81.81.58.2.51.81.7.37.81.79.79.40.37.79.81.21.10.55.3.3.81.50.58.80.80.1.51.79.79.51.xover.mutate.done 50
 generation 26.80.80.80.80.80.80.80.80.80.80.80.52.30.33.80.52.79.56.30.0.79.79.80.50.77.77.40.79.80.52.52.80.80.80.56.52.50.50.56.50.78.80.0.56.31.50.80.50.5.58.xover.mutate.done 50
 generation 27.86.86.86.86.86.86.86.86.86.86.50.9.9.37.50.50.59.37.51.86.39.3.50.85.50.51.50.27.86.85.86.37.85.85.37.85.85.1.9.86.3.86.78.58.50.58.50.3.58.51.xover.mutate.done 50
 generation 28.81.81.81.81.81.81.81.81.81.81.80.3.61.37.52.50.79.68.36.33.52.79.50.80.81.61.18.80.80.80.81.3.79.81.81.52.81.81.40.3.61.81.61.50.79.33.33.51.12.61.xover.mutate.done 50
 generation 29.77.77.77.77.77.77.77.77.77.77.28.77.77.77.2.28.50.60.77.77.50.60.77.60.11.60.51.63.50.77.77.51.51.60.1.77.33.50.60.28.73.51.77.77.77.50.8.27.2.60.xover.mutate.done 50
 generation 30.82.82.82.82.82.82.82.82.82.82.82.58.72.1.82.35.7.82.50.82.82.82.58.50.77.33.33.50.82.51.1.82.50.35.82.57.82.1.82.81.82.81.50.80.73.82.82.81.50.57.xover.mutate.done 50
 generation 31.74.74.74.74.74.74.74.74.74.74.3.74.74.50.26.31.74.74.60.28.3.74.60.74.50.74.74.61.74.73.74.16.29.26.74.36.74.74.74.60.25.60.60.2.72.74.44.25.51.7.xover.mutate.done 50
 generation 32.85.85.85.85.85.85.85.85.85.85.52.52.50.85.85.85.2.2.2.83.2.36.2.2.2.52.52.85.85.83.52.55.85.35.13.50.85.83.79.52.85.85.50.83.2.37.85.85.55.50.xover.mutate.done 50
 generation 33.81.81.81.81.81.81.81.81.81.81.81.51.81.81.50.51.33.51.56.31.74.81.58.33.50.50.56.81.50.6.81.56.81.51.1.51.81.81.81.30.81.51.51.78.74.81.33.79.56.81.xover.mutate.done 50
 generation 34.84.84.84.84.84.84.84.84.84.84.50.50.84.84.61.75.84.84.48.84.84.76.84.1.84.39.84.61.13.50.84.10.51.51.51.50.84.84.84.50.1.84.50.84.36.26.51.84.84.3.xover.mutate.done 50
 generation 35.78.78.78.78.78.78.78.78.78.78.28.78.78.50.50.78.78.78.78.78.77.78.78.51.77.50.78.78.77.54.77.51.51.78.78.0.78.59.28.78.78.6.50.78.78.12.78.50.14.78.xover.mutate.done 50
 generation 36.77.77.77.77.77.77.77.77.77.77.36.57.77.51.39.77.77.77.77.51.16.77.77.4.51.77.77.77.59.51.77.77.7.13.51.77.51.77.77.34.77.57.77.51.50.77.57.57.51.50.xover.mutate.done 50
 generation 37.84.84.84.84.84.84.84.84.84.84.84.84.0.58.0.0.84.50.84.58.84.0.5.84.84.84.55.84.84.84.84.58.0.50.50.58.59.84.62.0.50.58.0.50.84.84.84.84.50.58.xover.mutate.done 50
 generation 38.80.80.80.80.80.80.80.80.80.80.80.12.80.80.79.14.80.80.60.50.58.27.80.60.51.80.1.80.80.51.51.51.42.8.80.75.30.19.60.79.50.25.56.80.9.16.9.51.56.50.xover.mutate.done 50
 generation 39.83.83.83.83.83.83.83.83.83.83.83.83.51.83.83.36.83.1.83.50.83.51.83.72.10.18.83.50.83.61.83.1.83.83.60.83.83.83.34.50.83.83.60.83.83.21.1.69.83.34.xover.mutate.done 50
 generation 40.82.82.82.82.82.82.82.82.82.82.51.82.51.82.65.51.51.67.82.82.82.53.51.1.50.51.51.47.33.51.51.82.82.82.51.82.82.82.59.51.82.43.79.1.82.82.82.59.51.51.xover.mutate.done 50
 generation 41.81.81.81.81.81.81.81.81.81.81.81.81.79.81.50.50.3.50.81.81.81.50.59.50.79.21.67.81.50.59.42.67.59.3.64.67.12.52.81.50.81.79.50.50.69.81.79.33.50.34.xover.mutate.done 50
 generation 42.84.84.84.84.84.84.84.84.84.84.84.56.50.84.20.83.34.45.84.83.0.43.83.56.56.48.56.0.10.34.0.11.70.83.0.70.6.5.84.56.36.83.50.84.0.83.84.43.34.56.xover.mutate.done 50
 generation 43.80.80.80.80.80.80.80.80.80.80.40.32.79.71.79.60.10.79.50.79.79.38.50.50.80.73.60.36.30.30.12.60.60.50.71.38.57.5.50.60.38.80.50.60.71.50.39.50.39.80.xover.mutate.done 50
 generation 44.85.85.85.85.85.85.85.85.85.85.83.18.20.12.85.37.85.50.63.50.85.85.12.36.50.51.83.85.50.50.50.85.50.23.80.50.8.85.50.12.85.50.50.85.83.85.51.83.85.20.xover.mutate.done 50
 generation 45.84.84.84.84.84.84.84.84.84.84.51.84.50.58.50.51.50.44.79.83.76.83.83.84.44.84.84.44.2.82.51.55.14.58.84.83.45.84.8.14.51.2.2.51.84.35.84.83.51.83.xover.mutate.done 50
 generation 46.72.72.72.72.72.72.72.72.72.72.72.0.50.72.71.50.9.72.72.50.38.71.51.72.51.72.50.59.71.50.67.72.58.71.71.51.50.72.34.72.9.59.33.50.0.50.59.50.72.50.xover.mutate.done 50
 generation 47.90.90.90.90.90.90.90.90.90.90.90.63.50.50.90.90.24.0.1.51.90.50.51.42.63.46.90.90.90.41.50.51.50.90.49.90.50.90.22.90.89.63.47.24.50.41.1.1.42.6.xover.mutate.done 50
 generation 48.86.86.86.86.86.86.86.86.86.86.86.84.86.86.26.32.84.50.48.86.50.50.50.84.79.86.36.0.50.9.86.0.86.58.34.86.86.32.36.86.86.84.86.86.86.50.58.50.86.31.xover.mutate.done 50
 generation 49.83.83.83.83.83.83.83.83.83.83.56.50.7.83.50.34.51.34.34.50.70.50.83.1.82.83.83.8.83.51.50.56.1.83.56.26.50.83.70.7.50.50.51.50.0.56.6.50.83.83.xover.mutate.done 50
 20667243 iters     875015 iter/sec (23.62 s)
 total time: 23.62
