% Ministry of Cellular Automata
% Project Deux (CS523 Spring 2015)
% Version:v0.1-66-g3e0f-dirty
%  pop:50
%  ic count:100
%  CA Log option:r2/run24
%  width:121
%  max workers:4
%  radius:2
%  iterations:300
%  generations:50

 generation 0.4.2.6.4.54.6.50.6.4.2.6.6.4.50.8.2.4.4.50.2.50.6.4.50.6.2.6.2.4.50.50.6.6.50.2.8.2.50.4.4.4.6.4.50.6.6.2.6.6.54.xover.mutate.done 50
 generation 1.50.50.50.50.50.50.50.50.50.50.50.0.50.2.2.50.52.50.0.2.2.0.2.2.11.5.2.0.50.50.2.50.50.50.2.2.0.2.2.50.0.41.50.2.50.2.2.2.2.11.xover.mutate.done 50
 generation 2.50.50.50.50.50.50.50.50.50.50.0.0.0.50.50.50.50.0.50.50.50.50.50.50.50.18.0.22.50.50.50.50.0.0.50.0.50.50.50.50.0.50.50.50.50.50.0.0.0.10.xover.mutate.done 50
 generation 3.50.50.50.50.50.50.50.50.50.50.50.50.50.0.50.50.50.0.50.50.50.50.50.50.50.50.50.50.5.50.50.50.50.50.50.0.50.0.50.50.0.0.0.21.0.10.10.0.0.50.xover.mutate.done 50
 generation 4.50.51.51.50.50.50.50.50.50.50.0.50.50.50.50.51.50.50.51.1.50.50.1.50.12.50.1.31.1.51.50.1.50.50.51.50.50.51.50.0.51.0.0.0.51.51.50.50.31.10.xover.mutate.done 50
 generation 5.51.51.51.51.51.51.51.51.51.51.51.1.51.51.20.37.0.50.50.50.3.1.50.50.50.50.1.1.50.50.50.50.50.50.50.51.51.50.0.1.50.35.1.51.50.51.1.50.50.51.xover.mutate.done 50
 generation 6.51.51.51.51.51.51.51.51.51.51.50.51.51.0.51.51.1.51.50.50.50.51.51.50.1.1.0.8.1.50.50.1.23.50.51.1.51.51.0.8.0.51.50.50.51.51.51.51.50.50.xover.mutate.done 50
 generation 7.53.53.53.53.53.53.53.53.53.53.53.4.4.4.1.53.53.53.53.53.53.53.53.53.53.53.9.50.53.4.53.53.53.53.53.53.53.53.53.4.53.53.53.4.50.53.17.53.50.53.xover.mutate.done 50
 generation 8.53.53.53.53.53.53.53.53.53.53.53.53.15.50.4.4.53.14.3.1.53.53.4.50.53.4.18.53.53.53.3.53.4.53.53.4.3.4.53.53.53.13.53.4.53.53.53.53.53.4.xover.mutate.done 50
 generation 9.50.50.50.50.50.50.50.50.50.50.50.0.50.23.3.3.0.50.50.50.50.50.50.16.19.50.50.50.3.0.50.50.50.3.50.50.3.15.3.50.3.50.50.50.50.0.50.50.17.50.xover.mutate.done 50
 generation 10.50.50.50.50.50.50.50.50.50.50.12.50.50.0.50.50.50.50.50.0.10.0.50.0.50.50.0.50.0.50.50.50.50.50.0.50.50.50.50.50.50.0.0.28.50.50.50.50.50.10.xover.mutate.done 50
 generation 11.50.50.50.50.50.50.50.50.50.50.50.50.50.50.5.50.50.50.0.50.50.50.0.0.50.50.13.0.50.50.0.50.50.50.11.50.12.50.50.50.12.15.50.0.50.50.0.50.50.0.xover.mutate.done 50
 generation 12.51.51.51.51.51.51.51.51.51.51.51.51.51.51.46.12.51.51.35.51.51.51.31.14.51.51.51.51.51.51.10.51.51.51.51.51.51.51.51.9.49.51.51.51.51.51.51.51.51.51.xover.mutate.done 50
 generation 13.50.50.50.50.50.50.50.50.50.50.50.50.50.50.50.50.7.50.15.50.50.0.0.0.50.50.0.0.0.50.50.50.50.50.50.50.50.50.50.50.50.50.9.50.50.50.0.0.50.50.xover.mutate.done 50
 generation 14.51.51.51.51.51.51.51.51.51.51.51.51.51.51.17.15.1.51.1.51.51.51.51.51.51.51.51.50.1.50.1.50.51.51.51.1.51.51.51.51.51.51.51.1.51.50.51.1.51.42.xover.mutate.done 50
 generation 15.52.52.52.52.52.52.52.52.52.52.52.52.2.52.52.2.52.52.52.2.52.0.31.52.2.52.52.52.52.52.52.11.50.52.52.2.2.2.52.52.52.52.52.52.52.16.52.52.52.52.xover.mutate.done 50
 generation 16.52.52.52.52.52.52.52.52.52.52.52.52.52.2.52.52.24.52.52.52.2.50.52.52.2.2.25.52.52.11.52.2.52.52.52.2.52.52.2.2.52.52.31.2.48.2.2.52.50.52.xover.mutate.done 50
 generation 17.52.52.52.52.52.52.52.52.52.52.52.52.3.10.52.52.52.2.2.2.3.52.3.1.3.52.52.52.52.52.2.5.52.52.52.52.2.52.2.3.2.52.3.52.2.20.52.2.52.52.xover.mutate.done 50
 generation 18.51.51.51.51.51.51.51.51.51.51.51.9.51.9.51.51.51.27.51.4.4.4.4.4.51.4.51.51.27.51.51.51.51.51.1.22.1.51.12.51.51.51.51.1.51.51.51.51.51.51.xover.mutate.done 50
 generation 19.51.51.51.51.51.51.51.51.51.51.51.51.1.51.51.9.51.48.51.51.42.1.1.51.51.1.51.9.39.51.51.51.51.45.18.51.20.51.51.51.51.26.39.51.51.29.51.1.51.51.xover.mutate.done 50
 generation 20.51.51.51.51.51.51.51.51.51.51.2.2.51.2.51.1.43.51.51.51.51.2.2.15.2.2.2.8.51.1.51.2.1.1.2.51.51.51.51.51.51.7.2.51.51.51.1.32.7.7.xover.mutate.done 50
 generation 21.53.53.53.53.53.53.53.53.53.53.53.53.53.3.53.53.3.53.53.15.3.53.53.53.53.53.3.13.53.3.53.3.53.53.53.53.53.3.53.53.3.34.3.53.53.3.26.3.11.3.xover.mutate.done 50
 generation 22.50.50.50.50.50.50.50.50.50.50.50.50.50.50.50.50.50.50.50.50.50.50.0.50.50.16.0.50.0.1.50.50.50.0.18.0.50.50.50.10.50.50.1.1.1.50.50.50.50.50.xover.mutate.done 50
 generation 23.52.52.52.52.52.52.52.52.52.52.2.2.2.2.52.52.52.52.52.52.52.22.2.52.52.2.2.52.39.2.52.9.52.2.52.2.52.52.2.18.52.52.2.2.52.52.52.52.2.52.xover.mutate.done 50
 generation 24.52.52.52.52.52.52.52.52.52.52.13.52.52.16.52.2.52.52.35.52.52.52.52.52.2.52.52.52.2.52.2.13.2.2.2.52.2.2.52.2.14.37.52.52.12.52.52.34.52.52.xover.mutate.done 50
 generation 25.52.52.52.52.52.52.52.52.52.52.52.52.52.5.5.5.52.52.38.52.2.52.5.52.52.52.5.52.52.5.52.17.2.52.52.5.52.52.52.28.52.52.52.5.52.2.52.52.5.5.xover.mutate.done 50
 generation 26.51.51.51.51.51.51.51.51.51.51.1.6.2.2.37.51.51.25.51.12.51.2.51.2.35.51.2.6.51.51.51.51.51.2.51.51.2.51.20.51.51.51.51.2.51.51.2.9.51.51.xover.mutate.done 50
 generation 27.53.53.53.53.53.53.53.53.53.53.53.53.53.53.53.53.53.53.5.53.53.5.43.40.53.53.12.53.12.3.53.53.53.5.53.53.5.10.53.5.12.53.53.5.12.53.12.53.53.12.xover.mutate.done 50
 generation 28.50.50.50.50.50.50.50.50.50.50.50.50.1.50.14.50.1.50.50.0.50.50.1.50.50.1.50.50.45.50.50.50.50.50.50.50.36.50.50.50.50.50.12.50.50.14.8.50.50.50.xover.mutate.done 50
 generation 29.51.51.51.51.51.51.51.51.51.51.51.51.51.51.8.51.51.51.9.51.13.51.1.51.1.51.51.5.8.25.51.51.51.1.1.8.51.51.51.51.1.51.50.51.51.11.51.23.51.51.xover.mutate.done 50
 generation 30.52.52.52.52.52.52.52.52.52.52.52.52.52.52.11.10.9.52.2.52.52.2.52.2.52.11.50.2.52.52.2.52.52.52.52.52.2.52.52.52.52.5.11.12.13.52.52.2.52.15.xover.mutate.done 50
 generation 31.51.51.51.51.51.51.51.51.51.51.20.21.51.51.51.51.37.1.51.51.8.51.7.51.51.51.51.2.2.35.51.6.51.7.4.51.2.51.2.57.51.51.51.51.2.51.2.51.2.51.xover.mutate.done 50
 generation 32.53.51.51.51.51.51.51.51.51.51.51.10.51.51.51.51.1.15.51.51.51.51.51.51.51.53.51.51.51.51.1.35.3.51.0.51.15.51.51.51.51.51.51.51.53.51.51.53.7.51.xover.mutate.done 50
 generation 33.56.56.56.56.51.51.51.51.51.51.51.32.51.50.51.51.51.11.51.51.56.51.56.51.51.51.51.51.51.6.21.51.51.51.51.51.1.7.51.56.5.7.33.1.1.51.7.51.51.51.xover.mutate.done 50
 generation 34.56.56.56.56.56.56.56.51.51.51.51.42.51.37.51.12.51.31.51.2.51.2.51.19.6.51.51.51.51.7.51.51.12.56.51.51.56.51.7.51.56.56.2.51.56.56.56.51.2.51.xover.mutate.done 50
 generation 35.57.57.57.57.57.57.57.57.57.57.50.50.50.57.50.57.34.50.0.50.0.39.50.57.50.50.0.50.57.7.0.7.50.57.57.36.57.57.50.1.50.57.57.50.57.57.50.50.56.72.xover.mutate.done 50
 generation 36.73.63.63.63.63.63.63.63.63.63.54.62.63.13.72.13.63.54.63.63.63.63.63.59.15.13.64.54.63.54.63.63.54.63.72.44.63.54.54.54.63.54.54.54.73.54.63.63.62.63.xover.mutate.done 50
 generation 37.77.63.75.75.60.58.58.58.58.58.51.37.50.58.58.58.10.50.58.1.58.58.58.58.75.51.58.58.33.58.51.58.58.58.51.58.60.57.6.51.51.30.60.75.51.58.6.58.51.51.xover.mutate.done 50
 generation 38.73.70.70.70.70.61.54.54.54.53.66.53.53.50.50.55.54.50.53.53.66.23.66.0.50.0.53.30.25.0.0.53.50.50.53.3.53.50.66.53.53.3.53.50.53.53.4.66.53.54.xover.mutate.done 50
 generation 39.73.70.70.70.70.73.73.73.73.73.8.57.28.29.59.57.57.73.2.59.51.10.51.59.30.8.73.73.25.8.30.57.57.59.59.37.57.11.30.2.57.59.8.30.57.8.37.70.8.2.xover.mutate.done 50
 generation 40.72.63.63.63.63.63.63.63.63.69.52.20.0.50.35.52.23.52.16.63.52.50.63.16.52.26.63.0.11.27.50.63.23.18.52.0.30.55.0.0.50.10.63.5.10.52.9.52.63.0.xover.mutate.done 50
 generation 41.70.70.66.66.66.66.66.66.66.66.61.66.66.59.13.7.7.66.16.57.65.26.24.50.60.50.13.18.21.50.17.65.14.50.3.50.21.66.66.0.3.0.57.10.70.3.57.60.16.60.xover.mutate.done 50
 generation 42.68.64.64.75.75.75.75.75.75.75.29.60.28.64.34.13.50.60.68.14.50.75.27.50.53.64.75.25.3.75.75.75.75.13.68.75.14.24.64.53.18.6.30.50.75.75.44.53.75.53.xover.mutate.done 50
 generation 43.69.69.69.69.69.69.69.69.69.69.1.54.54.50.62.33.51.69.19.22.51.18.62.69.69.54.22.54.51.69.50.69.1.69.69.50.54.54.69.68.54.23.69.51.54.54.40.24.54.69.xover.mutate.done 50
 generation 44.67.67.67.67.67.67.67.67.67.67.36.34.53.50.12.29.67.59.65.24.2.60.58.23.29.19.67.52.8.2.53.67.10.53.38.53.29.50.67.82.21.67.3.50.23.5.53.50.9.67.xover.mutate.done 50
 generation 45.77.68.68.68.68.68.68.68.68.68.68.50.27.68.65.50.66.8.53.50.8.50.52.50.68.50.18.3.26.50.50.50.15.68.53.66.26.0.50.68.68.53.0.68.68.68.50.50.68.18.xover.mutate.done 50
 generation 46.78.67.67.67.67.67.67.67.67.67.67.17.67.67.17.56.67.12.67.52.67.52.67.56.52.22.11.67.56.28.13.52.6.56.28.17.54.17.16.2.67.26.59.67.22.13.59.67.9.67.xover.mutate.done 50
 generation 47.80.75.75.75.75.75.75.75.75.75.75.72.9.75.25.67.22.75.52.75.74.12.34.75.26.25.75.75.75.25.75.75.50.61.59.75.72.59.75.75.61.59.75.75.75.25.75.31.57.52.xover.mutate.done 50
 generation 48.81.73.73.73.73.73.73.73.73.73.23.17.73.56.70.23.73.51.1.73.66.56.73.57.73.81.73.73.73.73.14.73.73.70.23.68.73.38.51.73.80.38.73.73.56.73.57.73.51.58.xover.mutate.done 50
 generation 49.76.76.75.67.67.67.67.67.67.67.67.66.67.66.26.18.26.51.67.64.66.67.67.67.76.67.16.51.6.26.25.18.59.27.67.67.51.27.24.47.9.67.67.67.51.56.75.51.67.67.xover.mutate.done 50
 19041231 iters     872669 iter/sec (21.82 s)
 total time: 21.82
