0.5625 0.59375 0.875 0.3125 0.5625 0.84375 0.1875 0.46875 0.34375 0.46875 
0.875 1.0 0.0625 0.875 0.0 0.09375 0.125 1.0 0.0 0.0 
0.875 0.84375 0.75 0.75 0.90625 1.0 0.0625 0.875 0.0 0.09375 
0.3125 0.21875 0.3125 0.15625 0.28125 0.28125 0.1875 0.875 0.84375 0.75 
0.3125 0.21875 0.3125 0.15625 0.28125 0.28125 0.1875 0.15625 0.28125 0.03125 
0.3125 0.21875 0.3125 0.15625 0.28125 0.28125 0.1875 0.15625 0.28125 0.03125 
0.3125 0.21875 0.3125 0.15625 0.28125 0.28125 0.1875 0.15625 0.28125 0.03125 
0.3125 0.21875 0.3125 0.15625 0.28125 0.28125 0.1875 0.15625 0.28125 0.03125 
0.3125 0.21875 0.3125 0.15625 0.28125 0.28125 0.1875 0.15625 0.28125 0.03125 
0.3125 0.21875 0.3125 0.15625 0.28125 0.28125 0.1875 0.15625 0.28125 0.03125 
0.3125 0.21875 0.3125 0.15625 0.28125 0.28125 0.1875 0.15625 0.28125 0.03125 
0.3125 0.21875 0.3125 0.15625 0.28125 0.28125 0.1875 0.15625 0.28125 0.03125 
0.3125 0.21875 0.3125 0.15625 0.28125 0.28125 0.1875 0.15625 0.28125 0.03125 
0.3125 0.21875 0.3125 0.15625 0.28125 0.28125 0.1875 0.15625 0.28125 0.03125 
0.3125 0.21875 0.3125 0.15625 0.28125 0.28125 0.1875 0.15625 0.28125 0.03125 
0.3125 0.21875 0.3125 0.15625 0.28125 0.28125 0.1875 0.15625 0.28125 0.03125 
0.3125 0.21875 0.3125 0.15625 0.28125 0.28125 0.1875 0.15625 0.28125 0.03125 
0.3125 0.21875 0.3125 0.15625 0.28125 0.28125 0.1875 0.15625 0.28125 0.03125 
0.34375 0.3125 0.21875 0.3125 0.15625 0.28125 0.28125 0.1875 0.15625 0.28125 
0.34375 0.34375 0.3125 0.21875 0.3125 0.15625 0.28125 0.28125 0.1875 0.15625 
0.34375 0.34375 0.34375 0.4375 0.375 0.34375 0.34375 0.3125 0.21875 0.3125 
0.34375 0.34375 0.34375 0.4375 0.375 0.34375 0.34375 0.34375 0.375 0.34375 
0.4375 0.40625 0.34375 0.34375 0.34375 0.4375 0.375 0.34375 0.34375 0.34375 
0.4375 0.4375 0.40625 0.34375 0.34375 0.34375 0.4375 0.375 0.34375 0.34375 
0.4375 0.4375 0.4375 0.40625 0.34375 0.34375 0.34375 0.4375 0.375 0.34375 
0.4375 0.4375 0.40625 0.4375 0.4375 0.4375 0.40625 0.4375 0.34375 0.34375 
0.4375 0.4375 0.40625 0.40625 0.40625 0.40625 0.5 0.4375 0.4375 0.46875 
0.40625 0.4375 0.4375 0.4375 0.4375 0.40625 0.40625 0.40625 0.40625 0.40625 
0.40625 0.4375 0.40625 0.4375 0.4375 0.4375 0.4375 0.4375 0.40625 0.40625 
0.40625 0.4375 0.4375 0.4375 0.40625 0.4375 0.375 0.5 0.40625 0.4375 
0.40625 0.375 0.375 0.4375 0.40625 0.40625 0.4375 0.4375 0.4375 0.4375 
0.40625 0.375 0.375 0.40625 0.375 0.4375 0.40625 0.46875 0.4375 0.4375 
0.375 0.375 0.40625 0.40625 0.46875 0.40625 0.375 0.40625 0.4375 0.4375 
0.375 0.375 0.40625 0.40625 0.40625 0.40625 0.46875 0.40625 0.4375 0.40625 
0.375 0.375 0.40625 0.40625 0.40625 0.40625 0.40625 0.46875 0.40625 0.4375 
0.375 0.375 0.40625 0.40625 0.40625 0.40625 0.40625 0.40625 0.40625 0.40625 
0.375 0.375 0.40625 0.40625 0.40625 0.40625 0.40625 0.40625 0.40625 0.40625 
0.375 0.375 0.40625 0.40625 0.40625 0.40625 0.40625 0.40625 0.40625 0.40625 
0.375 0.375 0.40625 0.40625 0.40625 0.40625 0.40625 0.40625 0.40625 0.40625 
0.375 0.375 0.40625 0.40625 0.40625 0.40625 0.40625 0.40625 0.40625 0.40625 
0.375 0.375 0.40625 0.40625 0.40625 0.40625 0.40625 0.40625 0.40625 0.40625 
0.375 0.375 0.40625 0.40625 0.40625 0.40625 0.40625 0.40625 0.40625 0.40625 
0.375 0.375 0.40625 0.40625 0.40625 0.40625 0.40625 0.40625 0.40625 0.40625 
0.375 0.375 0.40625 0.40625 0.40625 0.40625 0.40625 0.40625 0.40625 0.40625 
0.375 0.375 0.40625 0.40625 0.40625 0.40625 0.40625 0.40625 0.40625 0.40625 
0.375 0.375 0.40625 0.40625 0.40625 0.40625 0.40625 0.40625 0.40625 0.40625 
0.375 0.375 0.40625 0.40625 0.40625 0.40625 0.40625 0.40625 0.40625 0.40625 
0.375 0.375 0.40625 0.40625 0.40625 0.40625 0.40625 0.40625 0.40625 0.40625 
0.375 0.375 0.375 0.40625 0.40625 0.40625 0.40625 0.40625 0.40625 0.40625 
0.375 0.375 0.375 0.40625 0.40625 0.40625 0.40625 0.40625 0.40625 0.40625 
