50 50 50 50 50 50 50 50 50 50 50 18 9 8 0 0 0 0 0 0 0 0 0 0 0 0 0 0 0 0 0 0 0 0 0 0 0 0 0 0 0 0 0 0 0 0 0 0 0 0 
51 50 50 50 50 50 50 50 50 50 50 50 50 50 50 50 50 50 35 33 27 24 24 20 16 11 1 1 1 1 1 1 1 1 1 1 1 1 1 1 1 1 1 0 0 0 0 0 0 0 
51 51 51 51 50 50 50 50 50 50 50 50 50 50 50 50 50 50 50 50 50 50 47 31 27 19 7 7 7 1 1 1 1 1 1 1 1 1 1 1 1 1 1 0 0 0 0 0 0 0 
50 50 50 50 50 50 50 50 50 50 50 50 50 50 50 50 50 50 50 50 50 50 50 50 50 50 50 50 50 50 39 33 32 29 17 12 10 8 7 0 0 0 0 0 0 0 0 0 0 0 
52 52 52 52 50 50 50 50 50 50 50 50 50 50 50 50 50 50 50 50 50 50 50 50 50 43 36 36 32 20 9 6 2 2 2 2 2 2 2 2 2 2 0 0 0 0 0 0 0 0 
58 55 55 55 55 55 55 55 52 52 52 52 52 52 52 52 52 52 52 50 50 50 50 50 50 50 50 50 50 50 22 16 13 13 7 7 7 7 7 7 7 7 7 5 5 5 5 2 2 2 
61 61 51 51 51 51 51 51 51 50 50 50 50 50 50 50 50 50 50 50 50 50 50 50 50 50 11 7 4 4 1 1 1 1 1 1 1 1 1 1 1 1 1 1 1 1 1 0 0 0 
58 58 51 51 51 51 51 51 51 51 51 51 51 51 51 51 50 50 50 50 50 50 50 50 50 50 29 24 17 12 8 8 8 8 8 1 1 1 1 1 1 1 1 1 1 1 1 1 1 0 
62 62 62 50 50 50 50 50 50 50 50 50 50 50 50 50 50 50 50 50 50 50 50 50 50 50 50 50 50 50 29 27 12 12 12 12 12 10 5 1 0 0 0 0 0 0 0 0 0 0 
58 58 58 58 55 51 51 51 51 51 51 51 51 51 51 51 51 51 51 51 51 51 51 51 51 51 51 51 51 51 51 50 34 30 28 28 23 20 17 8 5 3 2 2 2 2 2 1 1 1 
60 60 60 60 60 60 59 59 51 51 51 51 51 51 51 51 51 51 51 51 51 51 51 51 51 51 51 51 51 51 51 51 51 51 51 51 49 33 33 23 20 17 10 9 9 5 2 2 1 1 
59 59 59 59 59 59 59 59 59 59 58 58 58 52 52 52 52 52 52 52 52 52 52 52 52 52 52 52 52 52 52 52 48 48 29 23 21 21 13 13 13 11 9 9 4 4 4 4 2 2 
75 53 53 53 53 53 53 53 53 53 53 53 53 53 53 53 51 51 51 51 51 51 51 51 51 51 51 51 51 50 38 36 35 35 24 14 14 4 4 4 3 3 2 2 2 2 2 1 1 1 
74 74 74 73 72 55 55 55 55 55 55 55 55 55 55 55 55 55 55 55 55 54 52 52 52 52 52 52 52 48 42 41 27 10 5 5 5 5 5 5 4 2 2 2 2 2 2 2 2 2 
78 78 78 78 78 78 78 71 67 57 57 57 57 57 57 57 57 57 57 57 57 57 57 53 53 53 50 50 50 50 40 26 14 13 13 13 12 8 7 7 7 7 7 6 0 0 0 0 0 0 
79 79 79 79 79 79 79 79 79 77 77 74 67 59 59 59 59 59 59 59 59 59 57 50 50 46 46 43 40 29 27 19 13 12 9 9 9 9 9 9 9 9 9 7 3 3 0 0 0 0 
81 81 81 81 81 81 81 81 81 81 81 81 80 80 78 64 64 59 59 59 59 59 59 59 59 59 52 52 52 52 52 52 52 46 42 40 37 35 35 32 10 10 9 9 9 8 7 3 3 2 
78 78 78 78 78 78 78 78 78 78 78 78 78 78 78 78 78 78 78 78 78 78 78 78 78 77 68 61 61 61 61 61 61 60 51 51 51 51 51 51 51 51 51 24 14 12 12 12 12 2 
79 79 79 79 79 79 79 79 79 79 79 79 79 79 79 79 79 79 78 59 59 59 59 59 59 51 51 51 51 51 51 51 51 51 51 51 51 50 50 50 50 48 10 9 9 2 2 2 1 1 
80 80 80 80 80 80 80 80 80 80 80 80 80 80 80 80 80 80 80 80 79 76 71 71 69 63 63 63 63 63 63 63 63 52 52 52 52 50 50 50 50 50 45 40 31 31 20 13 3 3 
76 76 76 76 76 76 76 76 76 76 76 76 76 76 76 76 76 76 76 76 76 76 76 75 75 75 67 59 52 52 52 52 50 39 38 38 37 37 36 31 16 7 3 1 1 1 0 0 0 0 
78 78 78 78 78 78 78 78 78 78 78 78 78 78 78 78 78 78 78 78 78 77 77 77 77 76 74 73 73 58 58 58 58 57 51 51 51 50 50 50 50 50 50 32 29 2 2 2 2 1 
73 73 73 73 73 73 73 73 73 73 73 73 73 73 73 73 73 73 73 73 73 73 73 72 71 66 61 56 56 56 56 56 56 56 56 50 50 50 50 50 50 46 43 34 23 16 15 11 6 6 
77 77 77 77 77 77 77 77 77 77 77 77 77 77 77 77 77 77 77 77 77 77 77 77 77 75 73 71 68 55 55 55 55 55 55 55 51 51 51 51 50 50 32 32 31 27 27 27 10 1 
80 80 80 80 80 80 80 80 80 80 80 80 80 80 80 80 79 79 79 79 78 74 71 71 59 58 58 58 58 56 56 54 54 51 51 51 51 50 41 40 40 39 39 30 30 30 1 1 1 0 
81 81 81 81 81 81 81 81 81 81 81 81 81 81 81 81 81 80 80 79 79 79 79 79 79 79 79 58 58 58 55 51 51 51 50 40 38 37 37 21 10 8 7 3 3 3 3 2 2 1 
80 80 80 80 80 80 80 80 80 80 80 80 80 80 80 80 80 80 80 79 79 79 79 78 77 77 58 56 56 56 56 52 52 52 52 52 50 50 50 50 50 50 40 33 31 30 30 5 0 0 
86 86 86 86 86 86 86 86 86 86 86 86 86 86 86 85 85 85 85 85 85 78 59 58 58 58 51 51 51 50 50 50 50 50 50 50 50 39 37 37 37 37 27 9 9 9 3 3 3 1 
81 81 81 81 81 81 81 81 81 81 81 81 81 81 81 81 81 80 80 80 80 80 79 79 79 79 68 61 61 61 61 61 52 52 52 51 50 50 50 40 37 36 33 33 33 18 12 3 3 3 
77 77 77 77 77 77 77 77 77 77 77 77 77 77 77 77 77 77 77 77 77 77 73 63 60 60 60 60 60 60 60 51 51 51 51 50 50 50 50 50 33 28 28 28 27 11 8 2 2 1 
82 82 82 82 82 82 82 82 82 82 82 82 82 82 82 82 82 82 82 82 82 82 82 82 81 81 81 80 77 73 72 58 58 57 57 51 50 50 50 50 50 50 35 35 33 33 7 1 1 1 
74 74 74 74 74 74 74 74 74 74 74 74 74 74 74 74 74 74 74 74 74 74 74 74 74 73 72 61 60 60 60 60 60 51 50 50 44 36 31 29 28 26 26 25 25 16 7 3 3 2 
85 85 85 85 85 85 85 85 85 85 85 85 85 85 85 85 85 85 85 85 85 83 83 83 83 79 55 55 52 52 52 52 52 52 50 50 50 50 37 36 35 13 2 2 2 2 2 2 2 2 
81 81 81 81 81 81 81 81 81 81 81 81 81 81 81 81 81 81 81 81 81 81 81 79 78 74 74 58 56 56 56 56 51 51 51 51 51 51 51 50 50 50 50 33 33 33 31 30 6 1 
84 84 84 84 84 84 84 84 84 84 84 84 84 84 84 84 84 84 84 84 84 84 84 84 84 84 84 76 75 61 61 51 51 51 51 50 50 50 50 50 50 48 39 36 26 13 10 3 1 1 
78 78 78 78 78 78 78 78 78 78 78 78 78 78 78 78 78 78 78 78 78 78 78 78 78 78 78 78 78 78 77 77 77 77 59 54 51 51 51 50 50 50 50 50 28 28 14 12 6 0 
77 77 77 77 77 77 77 77 77 77 77 77 77 77 77 77 77 77 77 77 77 77 77 77 77 77 77 77 59 57 57 57 57 51 51 51 51 51 51 51 51 50 50 39 36 34 16 13 7 4 
84 84 84 84 84 84 84 84 84 84 84 84 84 84 84 84 84 84 84 84 84 84 84 84 84 84 84 62 59 58 58 58 58 58 58 55 50 50 50 50 50 50 5 0 0 0 0 0 0 0 
80 80 80 80 80 80 80 80 80 80 80 80 80 80 80 80 80 80 80 80 80 79 79 75 60 60 60 58 56 56 51 51 51 51 51 50 50 50 42 30 27 25 19 16 14 12 9 9 8 1 
83 83 83 83 83 83 83 83 83 83 83 83 83 83 83 83 83 83 83 83 83 83 83 83 83 83 83 83 83 83 83 72 69 61 60 60 51 51 50 50 50 36 34 34 21 18 10 1 1 1 
82 82 82 82 82 82 82 82 82 82 82 82 82 82 82 82 82 82 82 82 82 82 82 82 82 79 67 65 59 59 53 51 51 51 51 51 51 51 51 51 51 51 51 51 50 47 43 33 1 1 
81 81 81 81 81 81 81 81 81 81 81 81 81 81 81 81 81 81 81 81 79 79 79 79 69 67 67 67 64 59 59 59 52 50 50 50 50 50 50 50 50 50 50 42 34 33 21 12 3 3 
84 84 84 84 84 84 84 84 84 84 84 84 84 84 84 84 83 83 83 83 83 83 70 70 56 56 56 56 56 56 50 50 48 45 43 43 36 34 34 34 20 11 10 6 5 0 0 0 0 0 
80 80 80 80 80 80 80 80 80 80 80 80 80 79 79 79 79 79 73 71 71 71 60 60 60 60 60 60 57 50 50 50 50 50 50 50 50 40 39 39 38 38 38 36 32 30 30 12 10 5 
85 85 85 85 85 85 85 85 85 85 85 85 85 85 85 85 85 85 85 85 85 83 83 83 83 80 63 51 51 50 50 50 50 50 50 50 50 50 50 50 37 36 23 20 20 18 12 12 12 8 
84 84 84 84 84 84 84 84 84 84 84 84 84 84 84 84 84 84 83 83 83 83 83 83 82 79 76 58 58 55 51 51 51 51 51 51 50 50 50 45 44 44 44 35 14 14 8 2 2 2 
72 72 72 72 72 72 72 72 72 72 72 72 72 72 72 72 72 72 72 72 71 71 71 71 71 67 59 59 59 58 51 51 51 50 50 50 50 50 50 50 50 50 50 38 34 33 9 9 0 0 
90 90 90 90 90 90 90 90 90 90 90 90 90 90 90 90 90 90 90 90 90 89 63 63 63 51 51 51 50 50 50 50 50 50 50 49 47 46 42 42 41 41 24 24 22 6 1 1 1 0 
86 86 86 86 86 86 86 86 86 86 86 86 86 86 86 86 86 86 86 86 86 86 86 86 86 84 84 84 84 79 58 58 50 50 50 50 50 50 50 48 36 36 34 32 32 31 26 9 0 0 
83 83 83 83 83 83 83 83 83 83 83 83 83 83 83 83 83 83 83 82 70 70 56 56 56 56 51 51 51 50 50 50 50 50 50 50 50 50 50 34 34 34 26 8 7 7 6 1 1 0 
