% Ministry of Cellular Automata
% Project Deux (CS523 Spring 2015)
% Version:v0.1-66-g3e0f-dirty
%  pop:50
%  ic count:100
%  CA Log option:r2/run21
%  width:121
%  max workers:4
%  radius:2
%  iterations:300
%  generations:50

 generation 0.0.0.0.50.0.0.0.0.0.0.0.0.0.0.50.0.50.50.0.0.50.50.0.0.0.50.50.0.0.0.0.50.50.0.0.50.0.0.7.0.50.0.2.50.0.50.50.0.50.0.xover.mutate.done 50
 generation 1.50.50.50.50.50.50.50.50.50.50.0.7.0.1.0.10.50.1.0.1.51.50.50.50.50.0.50.50.0.0.37.14.51.0.50.50.50.50.51.0.50.1.50.50.0.50.51.51.0.51.xover.mutate.done 50
 generation 2.51.51.51.51.51.51.50.50.50.50.51.51.50.1.51.51.0.12.50.51.51.51.0.1.45.51.0.51.50.51.17.0.50.0.1.51.51.1.51.51.0.0.4.51.1.50.50.0.1.50.xover.mutate.done 50
 generation 3.50.50.50.50.50.50.50.50.50.50.50.50.50.50.0.50.50.50.50.50.31.50.50.0.50.0.0.13.50.50.50.50.50.50.0.0.0.0.50.50.50.50.50.50.50.50.50.50.50.0.xover.mutate.done 50
 generation 4.53.53.53.53.53.53.53.53.53.53.53.53.53.53.32.53.53.53.53.53.4.53.4.32.53.31.50.50.53.53.53.53.53.53.53.53.53.53.4.53.53.53.3.53.53.21.1.53.53.50.xover.mutate.done 50
 generation 5.52.52.52.52.52.52.52.52.52.52.52.52.52.52.52.52.52.52.52.52.52.52.52.52.52.52.4.52.52.4.18.2.52.52.52.52.4.17.52.52.4.52.52.52.52.52.52.52.52.52.xover.mutate.done 50
 generation 6.51.51.51.51.51.51.51.51.51.51.51.1.3.51.51.51.51.51.9.3.13.51.3.1.51.51.51.51.51.51.3.51.51.51.51.1.51.51.51.51.51.51.51.51.51.17.13.3.51.51.xover.mutate.done 50
 generation 7.50.50.50.50.50.50.50.50.50.50.2.50.50.2.18.50.50.50.50.50.50.50.50.50.2.10.50.50.2.50.11.50.50.2.50.50.50.50.50.3.50.50.50.2.50.50.50.50.50.2.xover.mutate.done 50
 generation 8.50.50.50.50.50.50.50.50.50.50.50.3.50.50.0.3.50.50.50.0.9.50.3.50.50.3.50.3.17.50.3.50.15.50.50.50.50.50.3.50.50.3.3.50.3.3.50.50.50.3.xover.mutate.done 50
 generation 9.51.51.51.51.51.51.51.51.51.51.51.1.51.51.51.51.51.51.51.1.51.1.51.51.51.1.51.51.51.51.51.1.51.1.1.51.51.51.51.1.51.51.51.51.51.13.1.50.51.51.xover.mutate.done 50
 generation 10.50.50.50.50.50.50.50.50.50.50.50.50.50.50.50.50.0.50.50.0.0.0.50.50.50.0.50.12.50.0.50.50.31.50.50.50.50.50.50.50.0.50.0.50.50.50.0.50.50.50.xover.mutate.done 50
 generation 11.52.52.52.52.52.52.52.52.52.52.52.52.50.3.52.3.52.52.3.52.52.52.52.52.50.1.52.52.52.52.17.1.52.52.3.43.52.3.50.52.50.52.52.52.52.15.3.52.52.52.xover.mutate.done 50
 generation 12.50.50.50.50.50.50.50.50.50.50.32.50.50.50.50.1.50.32.50.0.12.50.50.1.50.1.50.50.1.50.50.50.50.0.50.1.50.12.50.50.50.50.50.50.50.50.50.7.1.50.xover.mutate.done 50
 generation 13.50.50.50.50.50.50.50.50.50.50.50.2.35.50.50.50.50.50.22.18.34.50.2.50.8.2.36.11.2.2.50.50.50.50.50.0.2.50.0.50.2.50.0.50.50.50.50.50.0.2.xover.mutate.done 50
 generation 14.50.50.50.50.50.50.50.50.50.50.0.28.50.0.50.0.50.50.50.0.50.50.50.0.0.50.0.50.50.50.50.0.50.50.50.50.50.50.0.50.50.0.8.50.50.0.13.50.50.50.xover.mutate.done 50
 generation 15.50.50.50.50.50.50.50.50.50.50.1.50.50.50.1.50.50.50.50.50.50.1.50.50.50.1.50.50.50.50.50.50.34.50.50.50.50.33.50.50.50.1.50.50.1.50.1.10.50.50.xover.mutate.done 50
 generation 16.50.50.50.50.50.50.50.50.50.50.50.50.50.50.0.0.50.50.50.50.50.50.50.0.3.50.50.50.50.0.0.50.50.50.0.50.50.50.50.50.50.0.50.50.50.50.50.50.50.0.xover.mutate.done 50
 generation 17.51.51.51.51.51.51.51.51.51.51.29.51.51.51.51.51.50.51.2.7.51.51.2.51.31.51.18.51.2.51.51.51.51.13.51.51.51.51.1.1.51.51.51.50.51.51.51.1.51.51.xover.mutate.done 50
 generation 18.50.50.50.50.50.50.50.50.50.50.50.50.50.50.50.50.50.15.27.50.50.56.50.50.50.50.13.50.50.50.50.50.4.50.50.50.50.50.50.4.4.4.50.50.50.50.50.28.50.4.xover.mutate.done 50
 generation 19.53.50.50.50.50.50.50.50.50.50.50.50.50.50.0.50.50.50.0.50.50.0.50.50.0.50.0.32.50.50.50.0.50.34.50.50.50.50.50.50.50.50.50.50.50.0.0.50.50.50.xover.mutate.done 50
 generation 20.59.50.50.50.50.50.50.50.50.50.50.50.50.50.1.50.50.50.50.50.50.17.50.0.1.0.50.50.16.50.1.50.1.1.1.1.50.1.1.50.50.50.50.50.50.26.1.1.50.1.xover.mutate.done 50
 generation 21.55.52.52.52.52.52.52.52.52.52.2.2.2.0.5.0.52.52.52.50.50.52.52.50.2.50.2.52.52.2.2.52.0.2.52.2.2.52.52.52.52.0.52.52.52.52.52.52.2.2.xover.mutate.done 50
 generation 22.54.50.50.50.50.50.50.50.50.50.2.50.50.50.50.54.50.19.0.50.50.50.14.50.50.50.50.12.2.50.50.13.50.2.50.2.2.2.50.50.50.50.50.2.50.2.50.13.2.50.xover.mutate.done 50
 generation 23.55.55.51.51.51.51.51.51.51.51.50.51.1.1.51.51.51.51.1.77.51.51.1.51.51.1.51.1.51.50.51.50.1.51.51.50.5.17.1.6.27.51.51.51.0.51.51.51.11.1.xover.mutate.done 50
 generation 24.79.58.58.51.51.51.51.51.51.51.51.1.51.51.51.51.1.51.51.1.51.51.50.51.1.8.51.51.51.51.51.51.51.1.1.15.51.51.1.51.51.6.51.51.51.51.1.51.51.51.xover.mutate.done 50
 generation 25.86.54.54.51.51.51.51.51.51.51.51.40.13.51.51.4.58.51.9.4.13.4.4.51.51.51.4.51.4.50.51.4.3.51.51.4.51.51.51.51.51.51.58.15.51.4.51.51.51.51.xover.mutate.done 50
 generation 26.85.54.54.53.53.51.51.51.51.51.3.1.1.15.51.51.50.51.51.51.51.1.1.6.11.51.51.51.51.18.1.1.1.6.51.53.51.51.1.50.51.51.51.1.6.1.51.50.51.1.xover.mutate.done 50
 generation 27.75.61.61.56.56.56.52.52.52.52.3.52.2.52.3.2.59.61.16.52.52.3.50.52.17.52.52.52.52.52.14.50.52.50.12.52.52.52.61.52.50.9.52.52.52.16.1.11.52.52.xover.mutate.done 50
 generation 28.75.54.54.54.54.56.54.54.54.50.0.50.12.33.50.50.14.50.56.0.7.50.50.50.0.46.50.50.4.50.50.54.56.50.31.50.50.50.50.0.50.0.50.4.50.50.50.13.31.0.xover.mutate.done 50
 generation 29.77.58.58.58.61.61.61.61.53.53.10.21.61.4.10.53.21.2.52.12.52.53.52.52.52.21.67.4.61.52.52.20.52.52.2.50.50.52.52.13.52.39.52.58.12.50.52.15.52.4.xover.mutate.done 50
 generation 30.85.67.60.60.60.60.60.60.61.61.8.1.56.1.56.10.50.11.1.0.59.50.60.50.61.60.85.52.11.50.7.61.1.61.50.6.1.6.60.12.1.10.1.60.56.12.42.1.50.1.xover.mutate.done 50
 generation 31.82.82.74.52.52.52.52.52.52.52.41.50.74.34.50.52.20.21.16.25.18.43.40.52.4.50.53.81.51.5.53.58.52.2.52.50.52.16.2.52.47.50.41.47.51.51.4.50.51.50.xover.mutate.done 50
 generation 32.78.78.77.69.69.73.63.65.64.64.67.45.73.62.52.14.52.13.14.64.61.48.52.40.73.64.73.73.11.11.69.73.2.65.62.62.52.52.11.44.62.36.14.52.62.14.45.62.7.24.xover.mutate.done 50
 generation 33.83.83.81.71.71.71.71.71.71.69.25.39.69.50.40.56.37.45.71.21.71.2.50.50.50.39.2.69.2.61.64.2.39.50.50.61.50.50.60.36.50.71.58.70.12.50.50.48.73.83.xover.mutate.done 50
 generation 34.76.76.76.70.66.65.65.65.65.65.62.14.71.60.36.50.62.50.36.36.62.38.62.50.36.50.67.55.76.62.8.7.36.50.40.24.63.62.50.36.6.60.9.60.60.14.71.16.0.50.xover.mutate.done 50
 generation 35.81.81.81.81.72.72.77.69.69.66.0.27.30.55.64.0.76.50.44.76.47.28.81.76.41.10.60.14.65.60.50.75.0.66.40.55.41.79.64.73.0.51.81.66.39.50.64.81.44.79.xover.mutate.done 50
 generation 36.81.81.81.81.81.81.81.78.78.80.79.60.50.51.50.8.5.31.50.50.81.41.0.36.50.35.4.50.55.60.54.50.62.79.42.42.50.55.59.64.55.55.37.56.79.22.81.55.73.55.xover.mutate.done 50
 generation 37.73.73.73.73.73.73.73.73.73.71.63.73.66.58.42.51.51.36.51.64.36.44.2.26.70.24.15.25.25.51.24.70.70.47.51.58.70.51.6.29.73.51.55.58.51.52.39.73.64.2.xover.mutate.done 50
 generation 38.82.82.82.84.82.82.82.84.82.82.80.82.35.51.51.51.41.33.39.15.84.41.52.59.51.35.47.82.55.41.82.60.59.51.48.41.39.1.51.40.82.82.41.84.6.36.52.82.79.50.xover.mutate.done 50
 generation 39.82.82.82.82.82.82.82.82.82.82.35.82.82.82.51.82.3.56.29.51.82.82.58.19.60.51.3.33.30.50.51.37.40.44.25.53.39.63.56.82.51.82.52.56.51.50.68.52.33.30.xover.mutate.done 50
 generation 40.81.81.81.81.81.81.81.81.81.81.51.16.81.53.81.79.50.36.81.50.81.50.39.54.16.33.50.9.81.59.51.51.81.55.51.50.56.54.51.36.81.51.56.41.81.81.42.36.81.79.xover.mutate.done 50
 generation 41.79.79.79.79.79.79.79.79.79.79.79.79.51.79.79.76.60.50.40.53.79.48.79.79.52.37.79.4.30.53.50.14.50.48.60.53.48.37.53.34.78.50.79.79.53.79.50.53.4.50.xover.mutate.done 50
 generation 42.79.79.79.79.79.79.79.79.79.79.0.51.77.0.79.14.50.46.57.0.50.43.29.0.50.50.34.79.58.50.50.17.52.50.2.50.79.50.79.46.50.79.49.50.79.0.79.79.79.79.xover.mutate.done 50
 generation 43.80.80.80.80.80.80.80.80.80.80.80.52.2.51.80.80.32.2.73.55.50.2.46.3.46.0.30.50.52.73.50.52.80.59.0.30.50.50.54.59.0.41.78.14.77.52.6.18.8.24.xover.mutate.done 50
 generation 44.83.83.83.83.83.83.83.83.83.83.49.83.83.83.42.1.50.83.83.51.83.79.62.77.83.50.83.37.51.83.28.57.83.2.70.83.83.34.83.6.51.6.57.83.13.1.13.1.70.83.xover.mutate.done 50
 generation 45.85.85.85.85.85.85.85.85.85.85.11.56.10.80.50.39.46.59.85.59.77.45.59.50.56.50.50.85.32.14.9.76.52.38.23.37.85.38.85.85.85.50.72.72.61.74.72.45.66.85.xover.mutate.done 50
 generation 46.80.80.80.80.79.79.79.79.79.79.31.34.79.51.36.79.79.37.79.1.9.79.79.61.50.1.34.33.79.58.76.79.47.80.51.80.79.53.79.80.80.47.36.76.33.79.80.76.34.33.xover.mutate.done 50
 generation 47.71.71.71.71.71.71.71.71.71.71.53.61.71.50.43.71.43.71.71.71.42.71.29.71.71.50.52.24.0.50.50.71.41.71.50.50.0.52.26.0.71.71.71.71.69.44.66.44.44.71.xover.mutate.done 50
 generation 48.79.79.79.79.79.79.79.79.79.79.79.50.28.79.42.38.79.79.50.35.64.79.50.48.50.56.23.35.79.40.77.62.15.79.79.79.50.48.79.35.75.79.79.50.46.50.28.50.56.79.xover.mutate.done 50
 generation 49.77.77.77.77.77.77.77.77.77.77.50.26.70.77.1.51.52.50.1.52.15.3.52.11.39.3.77.33.77.52.51.56.3.11.51.77.52.77.77.52.15.38.52.50.33.77.77.12.77.50.xover.mutate.done 50
 17695079 iters     764180 iter/sec (23.16 s)
 total time: 23.16
