52 52 50 50 50 50 50 50 50 50 50 50 10 10 4 4 3 3 3 3 3 3 3 3 3 3 3 2 2 2 2 2 2 2 2 2 2 2 2 1 1 1 1 1 1 1 1 1 1 1 
55 55 55 55 55 55 50 50 50 50 50 50 50 50 50 50 50 50 50 50 50 41 33 29 27 13 8 5 5 5 5 5 5 5 5 5 5 5 5 5 5 5 5 5 5 5 5 0 0 0 
53 53 53 53 53 53 53 53 53 53 53 53 53 52 50 50 50 50 50 50 50 50 50 50 50 50 50 50 41 36 25 24 18 13 11 10 5 5 5 5 5 5 5 2 2 2 2 2 2 2 
52 52 50 50 50 50 50 50 50 50 50 50 50 50 50 50 50 50 50 50 50 50 50 50 50 50 50 50 50 50 47 42 17 11 0 0 0 0 0 0 0 0 0 0 0 0 0 0 0 0 
63 52 52 52 52 52 52 52 52 52 52 52 52 52 52 52 52 52 52 52 52 52 52 52 52 50 50 50 50 50 44 37 34 34 34 9 2 2 2 2 2 2 2 2 2 2 0 0 0 0 
68 68 63 53 53 53 53 53 53 53 53 53 53 53 53 53 53 53 53 53 53 53 53 53 53 53 53 53 50 50 50 44 38 34 24 17 17 16 4 4 4 4 4 4 4 3 3 3 1 1 
64 64 64 59 52 52 52 52 52 52 52 52 52 52 52 52 52 52 52 52 52 52 52 52 52 52 52 52 52 52 52 52 52 52 52 52 52 52 50 47 33 25 2 2 2 2 2 2 2 2 
66 66 66 66 62 62 58 51 51 51 51 51 51 51 51 51 51 51 51 51 51 51 51 51 51 51 51 51 51 51 51 51 51 51 51 51 51 51 50 50 28 1 1 1 1 1 1 1 1 0 
75 75 75 73 71 71 67 64 64 64 64 63 58 53 53 53 53 53 53 53 53 53 53 53 53 53 53 53 53 53 53 53 53 53 53 53 53 53 53 53 53 50 50 50 50 48 27 3 3 3 
70 70 70 69 69 69 63 63 63 63 63 62 61 61 61 61 58 58 50 50 50 50 50 50 50 50 50 50 50 50 50 50 50 50 50 50 50 50 50 38 34 28 25 20 16 8 8 0 0 0 
63 63 63 63 63 63 63 61 61 61 60 60 60 60 60 59 57 57 57 57 57 57 57 57 51 51 51 51 51 51 51 51 51 51 51 51 50 50 50 21 20 19 19 13 10 9 2 2 2 2 
75 74 74 74 74 74 74 74 71 71 71 71 71 71 71 71 69 69 69 68 68 67 67 66 64 54 52 52 52 52 52 52 52 52 52 52 48 46 40 36 36 30 30 24 24 24 21 16 2 2 
73 73 72 72 72 72 72 72 72 72 72 72 72 72 72 64 64 62 62 62 62 62 59 58 58 51 51 51 51 51 51 51 43 43 32 28 27 27 24 23 22 18 16 14 12 10 6 2 2 2 
72 72 72 72 72 72 72 72 72 72 72 72 68 66 63 61 61 61 61 57 54 52 51 51 51 51 51 51 48 47 40 38 37 34 33 32 32 32 32 32 31 29 28 26 23 22 15 15 13 12 
70 70 70 69 69 69 69 69 69 69 69 69 69 69 69 69 69 69 69 69 69 67 67 60 59 59 58 51 51 51 51 51 51 51 50 50 49 47 43 42 38 33 33 29 24 19 19 1 1 1 
70 70 70 70 70 70 70 70 70 70 70 70 70 70 70 69 69 69 69 68 61 57 53 53 52 52 52 52 50 45 42 35 32 28 25 20 20 20 20 17 15 12 12 12 8 4 3 3 3 2 
76 66 66 66 66 66 66 66 66 66 66 66 66 66 66 66 66 66 66 66 66 64 64 64 62 60 50 50 50 50 50 45 34 28 25 24 24 24 21 20 20 20 16 16 14 12 11 6 0 0 
72 69 69 69 69 69 69 69 66 66 66 66 66 66 66 66 66 66 66 66 66 64 64 57 54 52 51 50 50 50 50 50 50 49 49 48 43 43 36 33 32 29 29 25 20 17 17 17 17 8 
81 78 75 75 75 75 75 75 75 75 75 75 75 75 75 75 75 75 74 74 74 65 64 64 58 51 51 51 51 45 44 44 43 43 33 32 32 30 30 30 27 25 16 8 5 2 2 2 2 1 
72 69 68 66 66 63 63 63 63 63 63 63 63 63 63 63 63 63 63 63 63 63 63 63 58 58 57 51 51 51 51 51 51 48 45 43 41 40 36 36 32 16 15 14 13 13 5 2 1 1 
77 77 75 73 71 71 71 71 71 71 71 71 71 71 70 70 70 67 65 65 64 62 62 58 58 57 55 52 50 50 50 50 50 43 41 36 29 27 21 21 21 21 20 20 20 20 8 0 0 0 
81 81 81 81 74 71 71 71 71 71 71 71 71 71 69 69 69 63 63 57 54 52 51 50 50 50 50 48 45 39 39 37 30 30 30 28 25 22 22 21 19 19 18 17 13 5 2 1 1 1 
82 82 82 82 75 74 73 71 71 71 71 71 71 64 62 62 62 59 58 57 55 55 52 52 52 51 50 50 50 50 49 48 45 45 42 39 39 37 32 25 23 23 20 14 11 10 9 8 8 2 
81 81 74 74 74 74 74 74 74 74 72 72 72 71 68 68 68 68 68 68 66 62 62 62 62 62 62 58 54 54 53 53 53 53 50 50 50 50 45 43 43 43 42 41 29 15 11 3 3 3 
81 81 81 81 81 81 81 81 71 71 71 70 70 67 65 65 64 61 57 51 50 50 50 50 50 50 50 50 50 50 50 50 50 50 50 49 42 36 32 29 23 22 20 17 16 16 5 0 0 0 
74 74 74 74 74 74 74 74 74 74 68 68 66 66 66 66 66 66 65 60 57 56 56 55 51 51 51 51 51 51 51 51 51 51 51 47 42 36 35 33 33 31 30 28 21 18 15 3 2 2 
82 82 82 81 80 80 80 80 80 80 80 80 80 80 70 70 70 66 61 61 59 53 53 52 52 52 52 52 52 52 50 50 50 50 44 41 40 40 38 31 20 18 17 16 10 10 2 2 2 2 
84 82 81 81 81 81 81 81 81 81 81 81 81 81 81 81 81 81 74 74 74 73 73 69 64 64 64 61 52 52 52 52 51 51 41 40 39 39 31 31 26 21 20 20 20 18 18 17 9 3 
87 86 86 86 86 86 86 85 85 85 85 85 85 85 85 85 85 75 66 65 53 53 51 50 50 50 50 50 50 50 49 49 40 40 40 40 39 30 29 26 26 17 14 14 1 1 1 1 1 0 
82 82 82 82 82 82 82 82 82 82 82 82 82 82 82 82 82 82 82 82 82 82 82 81 78 78 54 52 51 51 51 51 50 50 50 50 50 45 39 39 36 34 18 15 15 10 7 7 7 1 
79 79 79 79 79 79 79 79 79 79 79 79 79 79 79 79 79 79 79 79 79 79 79 79 79 79 78 73 60 54 51 51 51 51 51 49 49 49 47 40 39 39 39 38 36 36 18 8 2 2 
81 81 81 81 81 81 81 81 81 81 81 79 79 79 79 79 79 79 79 79 79 79 77 70 52 51 51 51 51 51 51 51 51 51 51 50 50 50 50 48 39 38 37 35 33 32 20 15 10 4 
77 77 77 77 77 77 77 77 77 77 77 77 77 77 77 77 77 77 77 77 77 77 63 62 51 51 51 51 51 50 50 50 50 50 50 50 50 50 50 50 50 47 38 38 33 33 28 18 10 1 
80 80 80 80 80 80 80 80 80 79 79 79 79 79 79 79 79 79 79 79 79 79 79 79 79 79 79 77 72 68 59 50 50 50 50 50 50 50 50 50 40 37 32 30 20 20 18 6 6 0 
79 79 79 79 79 79 79 79 79 79 79 79 79 79 79 79 78 78 78 72 70 69 69 69 68 68 68 66 65 62 60 58 58 57 51 51 51 51 51 51 50 50 50 50 50 50 39 22 16 9 
81 81 81 81 81 81 81 81 81 81 81 81 81 81 81 81 81 81 81 80 78 77 74 74 70 69 67 65 65 65 64 64 64 62 62 53 53 53 53 51 51 48 47 30 24 21 17 4 4 4 
85 85 85 85 85 85 85 85 85 85 85 85 85 85 85 85 85 85 85 85 83 62 61 60 59 59 59 59 59 59 59 59 57 52 52 52 52 52 41 38 35 35 25 16 12 10 4 3 2 2 
84 84 84 84 84 84 84 84 84 84 84 84 84 84 84 84 84 84 84 84 84 59 59 56 56 52 52 52 52 52 52 52 52 52 52 52 52 50 44 43 43 39 39 37 20 15 11 7 7 3 
70 70 70 70 70 70 70 70 70 70 70 70 70 70 70 70 70 70 70 58 56 54 53 53 53 53 53 53 53 53 53 40 36 26 24 22 22 22 22 16 7 5 4 4 4 4 3 3 3 3 
74 74 74 74 74 74 74 74 74 74 74 74 74 74 74 74 73 73 73 72 62 58 54 53 53 53 53 53 53 53 53 53 50 50 50 50 38 38 38 31 30 24 15 14 8 7 6 5 5 3 
80 80 80 80 80 80 80 80 80 80 80 80 80 80 80 79 77 77 76 65 65 59 59 59 56 56 52 50 50 50 50 50 50 50 50 50 50 46 41 41 39 34 33 30 30 15 15 13 0 0 
79 79 79 79 79 79 79 79 79 79 79 79 79 79 79 79 79 79 79 78 78 57 57 57 57 57 50 50 50 50 40 37 37 37 36 36 29 29 29 29 23 11 11 9 7 4 0 0 0 0 
81 81 81 81 81 81 81 81 81 81 81 81 80 78 71 61 50 50 50 50 50 50 50 50 50 50 50 50 50 50 36 36 36 31 30 20 16 12 11 11 11 11 7 7 6 5 2 0 0 0 
78 78 78 78 78 78 78 78 78 78 78 78 78 78 78 78 78 77 77 74 70 59 59 59 59 55 53 53 53 53 53 53 53 50 50 50 50 37 36 36 35 29 28 28 9 9 9 8 3 3 
73 73 73 73 73 73 73 73 73 73 73 73 73 73 73 73 70 61 57 56 56 55 55 55 55 53 51 51 51 51 51 51 51 51 50 48 47 33 32 28 28 28 28 8 7 6 2 1 1 1 
84 84 84 84 84 84 84 84 84 84 84 84 84 84 84 84 84 84 58 58 56 56 56 52 51 51 51 51 51 51 51 51 48 48 47 47 47 42 42 39 36 31 25 17 17 15 10 9 8 3 
84 84 84 84 84 84 84 84 84 84 84 84 84 84 84 84 84 84 84 84 84 66 66 64 64 53 53 53 53 53 51 50 41 41 40 38 36 35 35 35 32 24 12 10 7 7 7 4 4 4 
83 83 83 83 83 83 83 83 83 83 83 83 83 83 83 83 83 83 83 83 83 80 68 68 68 58 58 57 55 55 55 52 52 52 52 52 52 50 50 50 48 48 47 40 33 33 16 12 9 8 
83 83 83 83 83 83 83 83 83 83 83 83 83 83 83 83 83 83 83 83 83 83 74 63 63 63 52 52 52 52 52 52 52 52 52 52 52 50 40 39 38 33 33 33 24 22 15 11 2 2 
79 79 79 79 79 79 79 79 79 79 79 79 79 79 79 79 79 79 79 79 79 79 77 75 66 57 57 50 50 50 50 50 50 50 50 50 50 50 50 50 50 34 33 33 33 17 9 5 4 0 
