% Ministry of Cellular Automata
% Project Deux (CS523 Spring 2015)
% Version:v0.1-66-g3e0f-dirty
%  pop:50
%  ic count:100
%  CA Log option:r2/run25
%  width:121
%  max workers:4
%  radius:2
%  iterations:300
%  generations:50

 generation 0.0.1.50.24.1.1.0.1.0.1.1.1.0.50.1.0.50.1.1.1.1.1.1.1.1.1.50.50.1.1.50.1.1.2.1.50.1.50.50.1.50.1.50.0.1.0.1.1.50.50.xover.mutate.done 50
 generation 1.51.50.50.50.50.50.50.50.50.50.0.0.1.1.1.1.1.50.50.50.0.1.50.0.1.1.1.51.51.0.50.50.0.2.50.50.1.51.0.1.1.50.0.51.0.50.0.9.0.50.xover.mutate.done 50
 generation 2.50.50.50.50.50.50.50.50.50.50.52.50.52.0.50.12.52.2.13.50.10.52.2.50.16.50.50.2.52.2.50.23.50.0.23.2.50.50.12.50.15.0.0.52.50.52.50.50.13.14.xover.mutate.done 50
 generation 3.51.51.51.51.51.51.51.50.50.50.11.50.50.0.51.50.0.1.34.50.51.50.50.51.50.1.0.50.50.13.0.50.50.5.50.50.15.0.50.51.50.50.1.0.51.50.0.27.51.50.xover.mutate.done 50
 generation 4.52.52.52.52.52.52.52.52.52.52.8.52.8.50.2.52.52.2.52.2.52.10.52.2.9.2.52.50.52.2.52.8.8.50.2.2.0.2.2.52.50.50.28.52.9.50.50.9.2.52.xover.mutate.done 50
 generation 5.51.51.51.51.51.51.51.51.51.51.51.9.51.43.9.51.10.51.51.51.51.51.51.51.2.51.2.51.51.51.51.51.51.51.8.13.2.51.51.51.50.29.51.51.51.2.14.51.13.3.xover.mutate.done 50
 generation 6.51.51.51.51.51.51.51.51.51.51.51.51.50.5.50.1.51.51.51.1.17.51.51.51.14.1.51.51.51.51.51.1.1.50.7.9.51.51.51.51.51.50.1.51.51.51.51.51.1.51.xover.mutate.done 50
 generation 7.54.54.54.54.54.54.54.54.54.54.54.6.54.54.54.54.6.6.54.54.54.54.54.54.54.54.54.54.2.6.14.54.6.54.54.54.6.54.8.6.6.54.54.6.54.54.54.10.6.54.xover.mutate.done 50
 generation 8.51.51.51.51.51.51.51.51.51.51.51.1.51.1.1.51.51.1.1.1.51.51.1.51.1.51.1.51.51.51.34.51.7.1.1.51.51.1.51.51.1.51.1.6.51.51.51.51.51.51.xover.mutate.done 50
 generation 9.50.50.50.50.50.50.50.50.50.50.15.50.50.50.50.0.50.50.50.50.50.50.50.50.50.50.13.15.50.50.0.50.50.50.0.1.50.50.50.50.50.50.0.50.50.50.50.50.0.50.xover.mutate.done 50
 generation 10.50.50.50.50.50.50.50.50.50.50.50.50.50.0.50.0.0.50.0.50.50.50.50.50.50.50.50.50.19.50.50.50.50.0.0.50.50.0.50.9.50.50.50.50.50.50.50.50.50.0.xover.mutate.done 50
 generation 11.50.50.50.50.50.50.50.50.50.50.50.50.15.50.50.50.7.0.0.0.50.0.0.0.50.50.50.0.50.0.50.50.50.0.0.50.50.50.0.50.50.50.50.50.0.0.6.50.50.50.xover.mutate.done 50
 generation 12.53.53.53.53.53.53.53.53.53.53.53.18.3.53.3.53.53.0.3.53.53.53.3.53.53.53.53.53.53.53.53.50.53.50.4.53.12.3.3.53.26.3.9.53.53.53.53.53.50.53.xover.mutate.done 50
 generation 13.52.52.52.52.52.52.52.52.52.52.52.52.52.52.2.52.52.2.5.52.2.31.52.52.52.52.7.52.52.52.52.52.52.52.2.52.52.52.52.52.52.52.52.52.52.2.52.50.52.12.xover.mutate.done 50
 generation 14.50.50.50.50.50.50.50.50.50.50.2.50.50.50.50.50.50.2.50.50.50.50.50.50.50.2.50.50.50.21.50.2.2.50.50.50.50.50.50.50.50.50.50.50.10.9.50.50.50.50.xover.mutate.done 50
 generation 15.54.54.54.54.54.54.54.54.54.54.10.54.54.10.54.54.54.4.4.54.4.4.4.54.54.54.54.54.54.54.54.54.54.34.4.54.54.4.54.4.54.54.50.54.54.54.54.54.54.10.xover.mutate.done 50
 generation 16.51.51.51.51.51.51.51.51.51.51.51.51.51.51.51.51.51.51.32.51.51.51.51.51.51.51.51.51.51.51.51.30.51.51.51.51.51.33.51.51.7.51.51.51.50.51.36.51.51.51.xover.mutate.done 50
 generation 17.51.51.51.51.51.51.51.51.51.51.2.51.51.28.51.51.2.51.51.51.51.51.51.51.51.51.51.51.51.51.26.51.51.51.2.2.51.2.51.2.51.51.39.59.2.2.51.51.51.2.xover.mutate.done 50
 generation 18.58.51.51.51.51.51.51.51.51.51.51.51.21.51.51.51.51.51.51.51.51.58.8.51.51.51.51.51.51.51.51.51.1.12.1.51.8.51.51.51.51.19.1.1.51.51.51.1.33.29.xover.mutate.done 50
 generation 19.61.61.50.50.50.50.50.50.50.50.61.50.50.50.11.50.61.50.50.61.2.8.0.61.50.29.50.50.2.0.50.61.2.50.50.2.0.50.50.50.32.50.50.50.2.2.50.0.2.50.xover.mutate.done 50
 generation 20.60.60.60.60.60.60.60.51.51.51.51.51.60.2.50.2.6.51.51.51.51.51.2.2.51.60.51.51.51.60.2.60.51.5.5.51.60.60.51.51.51.2.51.60.51.50.51.51.2.51.xover.mutate.done 50
 generation 21.59.59.59.59.59.59.59.59.59.59.59.5.5.59.50.50.52.5.59.52.52.38.59.52.5.5.35.52.62.59.52.50.52.59.52.59.52.59.52.59.52.52.52.52.62.59.52.13.9.12.xover.mutate.done 50
 generation 22.62.62.56.56.56.56.56.56.56.56.56.6.52.56.56.56.52.12.50.56.52.2.56.50.52.56.52.52.52.56.52.12.2.73.52.51.56.52.56.52.36.50.6.36.56.56.6.50.52.52.xover.mutate.done 50
 generation 23.75.64.64.59.59.59.59.59.59.59.59.20.59.59.59.59.59.59.19.51.24.50.59.59.9.9.9.59.51.51.50.0.59.1.9.50.45.17.19.59.59.7.51.9.50.59.59.59.78.51.xover.mutate.done 50
 generation 24.78.77.66.66.61.61.61.61.61.61.78.61.50.61.59.42.18.50.6.50.77.50.20.50.50.61.61.50.11.11.8.78.3.53.66.11.15.50.50.50.0.11.46.27.61.11.37.50.0.50.xover.mutate.done 50
 generation 25.80.80.80.74.74.64.64.64.56.56.51.2.55.74.55.2.56.74.56.64.56.7.33.34.42.51.56.56.80.64.56.20.56.64.64.21.74.74.64.80.80.51.28.51.37.74.64.51.32.76.xover.mutate.done 50
 generation 26.80.80.79.79.79.79.75.77.77.77.61.61.50.58.2.63.51.81.63.63.80.12.80.51.79.75.63.77.58.15.28.51.32.75.75.77.57.19.61.47.19.45.58.58.77.77.79.63.51.40.xover.mutate.done 50
 generation 27.78.77.77.77.77.77.77.77.77.77.72.50.80.50.66.76.68.77.77.43.50.66.28.52.50.50.26.74.74.60.60.59.50.77.77.27.83.78.77.74.39.16.60.49.57.33.50.77.52.30.xover.mutate.done 50
 generation 28.76.76.74.76.74.74.74.74.74.74.76.51.60.74.74.9.76.74.74.76.74.50.50.58.74.59.43.50.60.74.50.59.50.74.36.76.50.50.45.50.75.43.50.58.73.68.43.58.36.50.xover.mutate.done 50
 generation 29.79.78.76.76.78.76.79.76.77.77.43.53.53.77.79.57.53.49.72.17.76.53.58.50.42.77.50.50.76.67.51.53.42.60.77.53.58.77.76.77.50.35.76.53.50.77.38.48.58.68.xover.mutate.done 50
 generation 30.84.84.84.81.81.82.80.80.80.80.33.13.1.58.57.80.51.51.51.45.23.78.81.47.51.53.37.56.33.27.39.51.58.54.50.50.80.39.82.81.32.1.50.81.80.1.43.80.77.11.xover.mutate.done 50
 generation 31.87.88.88.84.84.83.84.85.83.83.27.51.2.20.83.51.2.36.78.80.61.83.83.59.50.7.87.81.57.51.51.37.29.40.83.6.51.43.10.84.83.53.68.44.59.59.51.51.80.19.xover.mutate.done 50
 generation 32.81.81.81.81.78.75.75.77.75.77.5.39.50.73.52.39.29.75.39.8.81.32.29.51.51.52.81.46.7.8.55.32.64.39.74.49.38.39.25.75.51.52.42.75.51.75.74.55.75.51.xover.mutate.done 50
 generation 33.77.77.77.77.77.77.75.74.74.72.25.67.72.51.38.69.72.17.51.51.10.68.66.35.35.61.51.51.51.66.69.51.69.23.39.77.46.30.33.38.72.72.27.51.67.33.50.45.50.69.xover.mutate.done 50
 generation 34.85.85.85.85.85.85.85.84.81.81.79.36.7.75.21.80.81.41.2.41.85.85.85.15.50.44.36.85.85.50.84.50.32.2.38.81.57.43.53.41.85.50.52.57.52.84.21.75.60.47.xover.mutate.done 50
 generation 35.83.83.83.83.83.83.83.83.83.83.80.83.83.83.51.83.83.20.83.11.42.58.42.51.59.83.82.51.83.51.51.42.83.42.59.83.51.55.83.35.51.51.34.12.2.51.51.83.60.29.xover.mutate.done 50
 generation 36.80.80.80.80.80.80.80.80.80.80.52.80.9.61.52.63.54.50.37.52.2.80.2.36.80.63.80.80.37.52.80.52.31.16.64.80.52.50.80.50.49.80.47.80.49.50.64.80.50.9.xover.mutate.done 50
 generation 37.85.85.85.85.85.85.85.85.85.85.6.22.42.0.13.84.50.84.13.6.50.56.85.84.63.34.50.57.55.6.35.85.84.61.85.85.85.63.15.85.50.56.41.57.43.41.50.85.63.41.xover.mutate.done 50
 generation 38.85.85.85.85.85.85.85.85.85.85.83.85.50.8.83.50.61.85.11.50.64.85.83.60.85.43.85.43.85.85.60.83.85.43.36.85.11.22.85.50.44.50.83.51.83.44.59.19.50.85.xover.mutate.done 50
 generation 39.80.80.80.80.80.80.80.80.80.80.80.51.59.61.80.49.79.61.50.60.59.71.77.58.80.18.49.80.77.80.80.58.80.61.58.39.80.58.80.80.80.52.77.60.80.77.77.39.39.80.xover.mutate.done 50
 generation 40.82.82.82.82.82.82.82.82.82.82.61.61.79.45.45.82.52.44.61.52.79.59.82.15.82.61.79.82.82.36.47.52.82.61.42.44.82.82.60.50.82.82.50.61.52.36.61.9.59.79.xover.mutate.done 50
 generation 41.87.87.87.87.87.87.87.87.87.87.54.85.52.42.61.10.60.41.59.14.30.87.41.11.87.50.87.87.41.50.78.61.17.78.14.61.50.87.85.60.58.87.87.85.2.50.11.85.28.14.xover.mutate.done 50
 generation 42.79.79.79.79.79.79.79.79.79.79.34.49.34.44.79.79.34.67.79.39.79.50.12.50.50.50.50.79.79.66.29.79.76.0.79.50.15.52.50.49.79.10.59.35.34.50.59.50.34.79.xover.mutate.done 50
 generation 43.76.76.76.76.76.76.76.76.76.76.55.51.50.75.28.31.50.75.73.50.23.34.70.73.31.76.50.15.23.50.76.51.73.76.70.55.58.13.58.76.76.76.75.75.76.75.58.50.32.58.xover.mutate.done 50
 generation 44.80.80.80.80.80.80.80.80.80.80.55.50.55.51.55.37.55.35.35.79.79.79.32.32.79.80.55.36.20.50.80.79.80.35.35.55.52.35.80.79.68.80.55.50.51.80.58.35.52.80.xover.mutate.done 50
 generation 45.79.79.79.79.79.79.79.79.79.79.75.52.79.69.59.6.59.59.79.34.47.59.79.46.22.75.75.1.51.79.10.79.50.79.59.79.60.79.50.76.79.78.21.59.79.79.79.34.59.59.xover.mutate.done 50
 generation 46.82.82.82.82.82.82.82.82.82.82.40.40.82.58.82.50.40.8.39.61.82.50.9.82.61.58.82.61.31.41.61.31.80.20.32.50.38.82.77.82.1.45.78.46.19.61.18.42.58.9.xover.mutate.done 50
 generation 47.79.79.78.78.78.78.78.78.78.78.73.33.2.2.78.59.41.29.29.34.59.50.59.51.41.78.58.33.3.78.29.78.33.52.34.33.33.78.37.36.78.29.46.78.79.58.59.78.18.59.xover.mutate.done 50
 generation 48.79.79.79.79.79.79.79.79.79.79.78.50.46.78.58.79.78.35.57.35.79.77.59.50.77.37.79.79.58.53.35.58.50.58.40.20.28.58.40.44.59.79.79.79.14.58.50.41.77.58.xover.mutate.done 50
 generation 49.75.75.75.74.74.74.74.74.74.74.74.39.67.35.40.50.74.74.75.38.51.45.57.75.43.72.75.57.56.74.36.51.41.36.35.56.35.51.43.79.42.57.75.43.51.44.72.57.43.38.xover.mutate.done 50
 18896782 iters     855759 iter/sec (22.08 s)
 total time: 22.08
