% Ministry of Cellular Automata
% Project Deux (CS523 Spring 2015)
% Version:v0.1-66-g3e0f-dirty
%  pop:50
%  ic count:100
%  CA Log option:r2/run23
%  width:121
%  max workers:4
%  radius:2
%  iterations:300
%  generations:50

 generation 0.50.50.50.3.3.1.3.52.10.2.3.3.1.1.2.2.50.3.3.50.4.10.1.2.3.1.1.3.2.1.52.50.1.2.2.2.50.3.2.3.1.50.4.1.2.2.1.50.50.2.xover.mutate.done 50
 generation 1.55.55.50.50.50.50.50.50.50.50.5.5.50.41.8.50.0.55.55.5.5.5.13.5.5.5.50.27.5.50.5.5.33.50.50.5.50.55.5.5.0.5.5.5.5.5.29.5.0.55.xover.mutate.done 50
 generation 2.53.53.53.53.53.53.50.50.50.50.2.25.53.53.5.2.11.24.41.5.53.50.52.2.2.50.50.18.50.5.50.53.5.53.5.2.50.10.50.36.5.50.2.53.53.2.50.13.5.50.xover.mutate.done 50
 generation 3.50.50.50.50.50.50.50.50.50.50.50.50.0.0.50.0.0.42.50.50.50.50.0.0.47.0.50.11.50.0.50.17.0.0.0.50.50.50.0.50.50.52.50.0.50.0.52.0.0.50.xover.mutate.done 50
 generation 4.44.37.52.52.52.52.52.52.52.52.50.2.0.52.0.34.2.50.52.63.50.52.52.2.9.52.34.52.2.52.2.52.50.2.52.52.2.50.52.34.2.52.52.2.2.52.0.52.52.0.xover.mutate.done 50
 generation 5.68.53.53.53.53.53.53.53.53.53.44.53.50.53.4.53.16.53.3.1.50.53.53.1.53.53.4.3.4.53.53.53.53.24.4.50.4.68.63.53.53.17.3.17.4.38.4.53.53.34.xover.mutate.done 50
 generation 6.64.64.59.52.52.52.52.52.52.52.52.64.52.52.52.50.52.52.52.52.52.52.2.2.47.33.52.52.52.52.2.52.52.2.52.52.52.52.52.52.52.52.52.52.2.2.2.52.2.25.xover.mutate.done 50
 generation 7.66.66.66.58.51.51.51.51.51.51.51.62.51.51.1.51.51.51.1.66.51.0.51.51.51.1.51.51.51.28.51.1.51.51.51.51.1.1.1.50.51.51.62.51.51.1.51.51.50.51.xover.mutate.done 50
 generation 8.75.75.75.73.71.71.64.53.53.53.53.50.53.58.50.53.53.50.27.48.53.53.53.53.3.53.53.53.64.53.53.53.53.53.53.3.53.64.53.53.53.50.53.53.53.3.63.64.53.67.xover.mutate.done 50
 generation 9.70.70.70.69.63.63.62.61.58.61.50.69.8.50.25.50.20.34.50.58.63.50.61.50.50.0.0.63.50.8.50.50.50.61.50.16.50.50.38.50.50.0.50.69.50.50.50.63.50.28.xover.mutate.done 50
 generation 10.61.61.61.60.60.60.63.63.63.63.51.51.60.59.50.2.51.51.51.57.57.2.60.51.19.51.57.57.57.2.51.57.51.9.13.2.63.21.51.51.57.50.10.63.50.51.57.63.19.20.xover.mutate.done 50
 generation 11.71.71.71.71.71.75.71.74.74.74.52.52.52.16.52.24.67.2.52.30.40.52.69.24.68.71.21.74.74.71.52.69.66.52.48.52.2.68.67.64.69.52.30.36.46.54.74.74.24.36.xover.mutate.done 50
 generation 12.73.72.72.72.72.72.72.72.62.62.32.72.27.72.62.2.24.64.28.2.23.10.59.72.22.62.14.16.58.2.12.43.72.72.27.51.43.51.58.73.6.64.18.51.51.51.51.72.62.51.xover.mutate.done 50
 generation 13.72.72.72.72.72.72.72.72.72.72.51.47.32.40.15.33.23.48.51.51.31.52.12.32.38.61.22.68.72.63.66.72.32.61.13.61.34.32.57.26.15.28.51.29.54.51.51.37.32.61.xover.mutate.done 50
 generation 14.70.70.69.69.69.69.69.69.69.69.33.69.67.51.51.58.38.1.51.33.50.51.69.67.51.49.69.69.1.59.69.51.69.60.59.24.19.69.51.69.43.42.69.69.19.70.47.29.50.1.xover.mutate.done 50
 generation 15.70.70.70.70.70.70.70.70.70.69.28.57.12.25.35.69.70.4.52.3.52.69.70.20.20.2.53.3.45.70.42.70.70.69.20.61.17.52.70.53.3.12.12.20.52.15.50.32.68.8.xover.mutate.done 50
 generation 16.66.66.66.66.66.66.66.66.66.66.50.76.24.64.50.24.0.60.25.12.6.66.66.0.50.14.16.66.34.66.20.64.21.66.66.66.45.62.11.16.50.24.28.66.64.20.66.66.20.50.xover.mutate.done 50
 generation 17.72.69.69.69.66.66.66.66.66.66.36.50.66.50.57.8.69.43.69.66.20.17.69.50.33.69.29.17.43.29.50.49.66.50.64.25.54.17.52.66.66.66.32.17.51.49.64.48.50.66.xover.mutate.done 50
 generation 18.78.75.75.75.75.75.75.75.74.74.5.64.75.51.74.33.44.58.2.27.75.16.30.75.2.65.30.75.43.44.64.51.75.2.81.1.32.51.75.75.25.2.8.51.75.75.30.32.45.43.xover.mutate.done 50
 generation 19.72.69.63.63.63.63.63.63.63.63.36.63.68.63.36.63.13.51.5.63.16.41.1.63.57.63.51.45.63.63.1.14.51.66.66.48.32.58.51.63.63.63.15.13.40.51.51.2.58.43.xover.mutate.done 50
 generation 20.77.75.73.62.62.71.71.71.71.71.0.0.20.65.21.70.70.50.21.71.55.50.0.65.77.20.50.20.71.41.64.50.8.21.50.52.27.71.20.43.58.71.71.57.70.36.58.29.21.67.xover.mutate.done 50
 generation 21.81.81.74.71.71.71.71.71.71.69.63.71.2.50.54.50.5.39.19.69.22.39.81.50.57.25.1.17.50.22.45.63.30.18.30.71.69.71.19.1.51.52.21.1.37.48.81.30.28.13.xover.mutate.done 50
 generation 22.82.82.82.82.75.74.71.71.71.71.62.52.50.23.8.71.39.59.11.50.20.23.58.55.39.45.51.8.57.25.45.32.9.10.55.62.52.73.37.42.49.62.50.50.48.64.52.14.2.71.xover.mutate.done 50
 generation 23.74.74.74.74.72.71.81.68.68.68.53.81.3.53.62.72.53.43.50.50.43.62.54.68.62.43.53.58.62.11.66.50.3.54.74.74.45.62.42.68.3.41.62.29.74.68.15.72.50.74.xover.mutate.done 50
 generation 24.70.70.81.81.81.81.81.65.81.81.50.50.16.23.61.67.32.50.50.16.29.81.0.50.50.0.42.64.20.71.50.36.51.50.50.0.22.50.65.50.71.49.50.50.5.50.57.17.71.50.xover.mutate.done 50
 generation 25.74.74.74.74.74.74.74.74.66.66.2.31.55.66.51.33.68.18.15.42.57.47.51.51.74.2.60.65.3.33.51.56.56.36.35.51.66.51.68.51.74.28.21.30.66.51.51.66.51.51.xover.mutate.done 50
 generation 26.80.80.80.80.80.80.80.80.80.80.66.82.2.53.44.10.52.40.81.2.82.70.82.52.31.2.10.52.17.2.52.41.50.40.53.52.20.50.18.61.38.70.52.16.50.50.59.70.52.61.xover.mutate.done 50
 generation 27.81.81.81.81.81.81.81.81.81.81.41.81.39.39.52.74.17.40.64.69.31.51.18.21.73.82.81.81.9.81.20.81.51.84.26.31.74.52.61.52.64.52.20.74.81.20.64.18.73.3.xover.mutate.done 50
 generation 28.87.86.86.86.86.85.85.85.85.85.50.39.50.85.53.30.26.49.26.85.75.49.40.17.14.40.51.50.40.1.29.1.1.14.86.50.1.85.50.53.85.50.40.85.1.66.0.86.65.50.xover.mutate.done 50
 generation 29.81.78.82.82.82.82.82.82.82.82.82.7.15.82.50.52.50.82.51.15.54.34.82.78.45.82.82.51.51.50.39.1.82.51.36.50.82.18.39.82.82.50.82.82.7.82.82.7.82.10.xover.mutate.done 50
 generation 30.79.79.79.79.79.79.79.79.79.79.40.79.79.79.2.36.51.79.18.79.49.8.78.79.51.79.2.79.79.38.79.49.79.73.79.47.54.39.51.79.79.60.39.51.79.36.51.79.39.49.xover.mutate.done 50
 generation 31.81.81.81.81.81.79.79.79.79.79.81.79.10.81.51.51.50.51.32.52.79.51.79.35.50.79.81.79.51.37.48.51.20.51.50.38.51.51.79.51.50.81.81.15.33.39.77.4.81.70.xover.mutate.done 50
 generation 32.77.77.77.77.77.77.77.77.77.77.33.33.50.51.38.28.77.63.1.77.51.50.51.77.77.50.77.18.50.51.50.77.50.77.38.47.50.10.50.51.77.50.50.62.77.50.77.77.50.77.xover.mutate.done 50
 generation 33.80.80.80.80.79.79.79.79.79.80.18.20.79.50.50.59.68.80.32.79.80.37.77.0.50.79.79.30.79.79.80.6.50.50.40.79.79.72.50.80.79.50.79.79.6.50.20.79.79.50.xover.mutate.done 50
 generation 34.79.79.79.79.79.79.79.79.79.78.69.79.51.58.60.68.50.58.50.39.51.72.79.51.69.68.50.79.51.66.69.50.79.16.50.79.62.51.70.57.50.79.9.51.22.68.78.79.78.65.xover.mutate.done 50
 generation 35.81.81.81.81.81.81.81.81.81.81.64.64.81.81.81.64.81.81.53.51.81.70.4.53.24.62.67.78.62.48.53.51.65.81.81.74.4.53.4.80.65.77.74.69.21.30.47.17.65.81.xover.mutate.done 50
 generation 36.85.85.85.85.85.85.85.85.85.85.59.60.2.38.59.16.62.25.85.85.10.59.52.59.85.35.85.85.61.59.57.2.85.4.35.85.52.83.59.12.52.85.41.85.3.52.59.85.59.52.xover.mutate.done 50
 generation 37.84.84.84.84.84.84.84.84.84.84.7.52.44.84.59.52.37.52.52.43.52.15.84.39.20.84.11.52.52.3.43.84.39.59.52.7.52.84.84.56.84.56.84.52.84.84.52.52.84.50.xover.mutate.done 50
 generation 38.70.70.70.70.70.70.70.70.70.70.22.70.70.56.70.4.70.53.53.40.4.3.53.36.5.24.4.53.70.70.3.22.26.22.4.3.70.53.53.53.70.3.54.7.16.53.53.22.58.70.xover.mutate.done 50
 generation 39.74.74.74.74.74.74.74.74.74.74.73.3.53.53.58.53.53.74.14.54.73.6.72.50.62.53.74.38.8.7.38.24.50.74.50.53.15.53.53.38.53.30.50.5.31.74.5.74.74.73.xover.mutate.done 50
 generation 40.80.80.80.80.80.80.80.80.80.80.30.56.77.50.50.15.59.39.80.30.50.0.46.50.33.50.77.15.34.50.65.80.41.50.50.79.59.80.50.52.76.13.80.59.65.56.0.80.50.41.xover.mutate.done 50
 generation 41.79.79.79.79.79.79.79.79.79.79.7.37.29.29.57.79.0.0.50.79.50.79.78.23.36.57.36.57.57.50.9.79.57.37.79.29.37.4.50.11.79.11.29.79.79.40.79.0.0.78.xover.mutate.done 50
 generation 42.81.81.81.81.81.81.81.81.81.81.11.12.50.50.7.50.31.81.7.50.5.50.80.50.11.0.2.36.0.20.50.50.50.61.16.50.11.50.0.6.81.78.36.50.71.50.30.36.11.50.xover.mutate.done 50
 generation 43.78.78.78.78.78.78.78.78.78.78.78.9.36.78.8.53.78.53.59.29.37.78.3.9.59.59.28.78.78.77.3.78.50.59.53.55.53.53.50.9.53.50.35.70.74.36.28.53.77.50.xover.mutate.done 50
 generation 44.73.73.73.73.73.73.73.73.73.73.56.73.50.51.51.57.51.32.1.70.6.55.55.2.55.73.53.28.73.1.73.73.28.33.28.51.1.28.51.8.51.7.73.61.48.55.56.51.51.47.xover.mutate.done 50
 generation 45.84.84.84.84.84.84.84.84.84.84.58.48.47.8.84.39.51.51.47.17.15.58.56.84.31.42.56.3.51.51.51.52.17.84.10.84.56.51.84.47.84.51.9.84.51.25.48.36.84.42.xover.mutate.done 50
 generation 46.84.84.84.84.84.84.84.84.84.84.53.4.66.7.24.32.84.84.4.64.38.35.41.66.50.41.40.84.53.35.84.84.35.84.53.84.84.84.64.84.10.53.36.51.7.53.84.7.4.12.xover.mutate.done 50
 generation 47.83.83.83.83.83.83.83.83.83.83.68.52.52.52.50.48.83.83.83.52.80.83.33.50.55.50.57.48.58.40.16.9.12.68.55.33.58.83.83.83.68.83.52.8.52.55.83.47.83.83.xover.mutate.done 50
 generation 48.83.83.83.83.83.83.83.83.83.83.15.63.2.52.83.74.52.83.83.83.33.52.63.83.52.52.11.39.38.40.52.83.33.63.52.22.83.52.2.83.52.33.52.83.83.50.83.83.52.24.xover.mutate.done 50
 generation 49.79.79.79.79.79.79.79.79.79.79.50.79.79.57.33.77.50.79.9.0.50.79.50.50.79.79.50.33.34.75.4.50.50.79.79.50.5.66.50.33.79.79.50.50.50.79.17.79.50.57.xover.mutate.done 50
 20659087 iters     865110 iter/sec (23.88 s)
 total time: 23.88
