% Ministry of Cellular Automata
% Project Deux (CS523 Spring 2015)
% Version:v0.1-66-g3e0f-dirty
%  pop:50
%  ic count:100
%  CA Log option:r2/run26
%  width:121
%  max workers:4
%  radius:2
%  iterations:300
%  generations:50

 generation 0.0.1.1.1.1.0.50.1.0.1.1.0.13.0.0.9.1.1.1.1.1.1.1.1.1.1.1.60.1.1.50.50.50.1.0.1.1.50.1.1.1.50.1.0.1.50.1.1.50.1.xover.mutate.done 50
 generation 1.61.50.50.50.50.50.50.50.50.17.0.0.0.0.0.0.0.50.50.0.0.0.0.0.0.50.50.7.0.0.0.50.0.0.0.0.22.50.0.0.7.50.0.50.0.50.0.50.0.0.xover.mutate.done 50
 generation 2.64.50.50.50.50.50.50.50.50.50.2.39.1.50.13.50.53.51.50.1.1.2.1.2.51.16.1.50.1.2.25.51.1.14.1.45.1.1.1.14.2.28.2.1.2.51.50.51.50.51.xover.mutate.done 50
 generation 3.60.50.51.51.51.51.51.51.50.50.2.51.7.2.51.51.7.50.2.1.2.51.12.51.1.1.50.2.50.22.2.22.35.50.19.1.50.1.2.26.24.7.50.45.50.9.1.60.46.1.xover.mutate.done 50
 generation 4.57.57.51.50.50.50.50.50.50.50.24.50.56.0.1.1.50.50.6.11.1.1.0.50.50.0.7.1.6.1.61.0.1.57.26.1.62.1.44.11.57.1.1.50.50.9.23.23.1.1.xover.mutate.done 50
 generation 5.60.61.57.57.57.57.43.50.51.51.57.1.50.19.62.1.0.0.4.1.1.51.4.40.0.50.0.50.0.4.0.1.1.1.1.51.50.10.1.1.0.50.4.1.0.4.1.36.0.50.xover.mutate.done 50
 generation 6.63.60.65.58.58.58.58.58.50.50.0.8.23.50.0.0.6.0.0.0.8.50.50.0.0.0.50.0.0.63.7.0.50.0.0.0.50.0.8.7.8.36.8.0.8.0.6.50.24.0.xover.mutate.done 50
 generation 7.64.59.59.62.61.61.61.61.61.51.50.1.59.59.0.50.1.0.59.63.0.1.1.1.51.73.59.21.73.1.1.50.21.1.59.0.0.50.1.1.50.1.50.18.6.1.59.62.0.1.xover.mutate.done 50
 generation 8.72.72.64.59.61.61.59.59.59.59.9.50.59.50.1.52.51.45.68.8.2.8.50.72.3.8.50.45.51.3.8.1.7.11.12.52.2.59.9.51.64.1.3.66.3.1.21.1.8.2.xover.mutate.done 50
 generation 9.76.76.76.74.70.70.69.63.64.62.5.0.69.0.0.16.5.0.55.50.62.0.57.5.75.59.5.69.0.50.69.60.0.66.6.6.31.0.70.5.6.76.0.0.0.17.5.5.50.50.xover.mutate.done 50
 generation 10.73.73.73.73.72.73.69.67.69.64.62.9.5.26.64.65.51.6.7.9.2.50.67.38.36.65.6.6.6.9.7.6.6.50.57.5.2.2.66.6.33.6.64.37.2.5.50.23.0.9.xover.mutate.done 50
 generation 11.66.66.66.66.65.64.62.62.59.61.66.62.12.4.66.50.46.59.24.17.2.4.49.11.39.43.2.61.62.9.2.4.59.4.4.12.4.4.14.11.39.4.2.4.67.4.62.12.11.18.xover.mutate.done 50
 generation 12.70.69.69.69.69.69.69.72.71.71.2.10.8.2.71.1.2.69.9.10.2.71.69.9.12.49.2.30.30.1.9.1.12.81.69.2.30.72.9.64.29.65.2.1.2.1.20.2.61.1.xover.mutate.done 50
 generation 13.78.69.69.63.62.62.62.67.62.62.0.62.10.10.0.62.12.1.14.63.7.73.10.17.11.10.60.9.1.73.10.64.66.62.78.0.24.7.9.0.10.57.66.10.12.62.58.13.1.62.xover.mutate.done 50
 generation 14.79.79.75.75.69.69.74.69.68.64.21.70.66.19.5.49.5.68.56.20.65.70.62.68.1.63.72.66.66.63.21.65.5.63.5.59.63.63.5.1.5.1.1.63.5.21.1.61.1.3.xover.mutate.done 50
 generation 15.75.75.69.69.62.68.62.62.59.59.75.7.60.51.28.8.3.55.62.51.3.7.3.10.62.69.7.69.63.51.54.3.69.10.9.63.3.45.32.41.54.3.3.51.69.9.3.9.62.3.xover.mutate.done 50
 generation 16.79.79.79.77.77.77.77.77.77.69.2.79.70.68.77.79.68.61.68.61.4.64.38.1.71.57.71.1.1.64.2.77.2.71.61.1.5.29.2.13.42.45.75.70.14.71.59.4.64.52.xover.mutate.done 50
 generation 17.79.79.79.79.79.72.72.72.72.72.58.0.1.0.64.65.5.5.72.21.72.82.13.61.1.29.79.5.72.1.68.62.49.21.68.56.64.73.65.5.18.1.72.5.1.79.62.9.79.1.xover.mutate.done 50
 generation 18.82.77.77.77.77.77.77.78.77.74.6.6.66.7.77.43.64.6.77.77.7.68.77.74.7.3.62.3.50.64.66.62.3.6.72.78.67.64.47.6.56.64.13.19.68.66.7.6.3.6.xover.mutate.done 50
 generation 19.86.84.75.83.83.83.83.83.83.83.9.67.5.5.9.84.75.10.69.83.14.77.68.70.9.70.9.9.72.5.83.5.5.83.9.83.9.9.9.64.16.9.9.83.77.84.9.58.68.9.xover.mutate.done 50
 generation 20.85.83.83.82.80.80.80.80.80.80.4.4.58.21.2.2.23.80.58.86.48.2.4.4.81.4.57.65.53.6.79.2.4.75.61.72.4.56.2.80.72.4.6.1.82.53.2.80.70.55.xover.mutate.done 50
 generation 21.86.84.81.81.81.81.79.80.80.80.55.14.8.64.64.1.10.8.80.85.10.1.81.10.80.35.35.1.12.73.81.1.84.1.71.61.1.1.12.57.31.63.64.1.1.14.63.73.80.31.xover.mutate.done 50
 generation 22.85.83.84.83.80.80.82.82.80.85.11.36.0.83.2.0.27.80.83.50.10.0.2.0.11.70.0.80.45.80.21.70.0.2.4.50.80.59.80.0.32.82.7.2.82.48.2.84.48.48.xover.mutate.done 50
 generation 23.84.77.82.82.84.82.84.84.82.82.56.0.84.82.8.0.0.13.0.0.0.84.76.0.8.72.84.28.0.51.29.82.0.0.7.8.78.40.0.43.76.38.0.8.0.2.0.82.18.0.xover.mutate.done 50
 generation 24.86.85.85.85.86.85.85.85.79.85.7.1.34.86.41.1.7.1.13.7.85.55.1.74.1.1.46.1.1.86.1.1.1.1.29.1.79.19.1.7.7.7.85.79.1.29.79.19.74.19.xover.mutate.done 50
 generation 25.88.88.90.88.90.90.90.90.90.89.1.87.90.1.82.1.29.1.1.1.6.52.1.1.1.90.1.64.87.6.90.6.66.8.1.1.1.1.6.66.1.1.76.90.1.1.1.1.47.13.xover.mutate.done 50
 generation 26.82.80.80.80.80.80.80.82.80.82.6.80.84.83.1.5.78.80.80.1.80.80.67.0.56.1.1.80.14.1.1.81.5.6.68.1.84.1.80.1.1.5.20.1.11.80.83.78.1.80.xover.mutate.done 50
 generation 27.84.82.81.81.83.82.82.80.83.83.82.0.0.15.0.71.0.0.5.0.80.82.81.0.0.0.6.82.64.0.82.0.0.0.83.0.0.0.63.0.0.0.5.0.44.5.81.0.5.0.xover.mutate.done 50
 generation 28.90.86.86.86.86.89.88.88.89.89.33.89.3.88.0.88.0.3.3.0.89.0.85.0.0.86.0.0.0.0.0.6.0.86.0.87.0.0.88.3.9.0.0.0.0.58.0.79.0.75.xover.mutate.done 50
 generation 29.91.87.87.87.87.87.89.89.89.89.89.2.7.87.83.2.7.2.2.2.30.89.2.87.88.2.2.87.2.2.89.2.25.2.2.14.88.2.85.2.2.58.87.7.2.85.91.87.87.87.xover.mutate.done 50
 generation 30.92.92.87.87.87.87.87.87.87.81.1.86.1.87.1.6.1.6.1.88.1.90.1.1.6.1.1.6.31.1.1.92.1.7.89.90.1.1.6.6.8.1.9.89.1.1.87.90.90.1.xover.mutate.done 50
 generation 31.83.83.83.84.84.84.84.83.83.83.4.83.3.83.4.11.4.64.8.24.66.6.4.83.83.80.83.4.4.4.4.84.83.4.4.83.83.81.83.1.83.4.83.11.4.11.18.84.4.8.xover.mutate.done 50
 generation 32.82.82.82.82.82.82.84.84.84.80.67.34.84.4.82.78.80.12.80.0.0.0.78.82.0.0.0.75.0.82.44.84.0.0.4.75.0.4.0.77.82.4.84.62.80.0.82.12.0.0.xover.mutate.done 50
 generation 33.85.85.85.84.85.85.83.83.83.83.1.83.61.6.76.5.7.85.1.1.5.1.83.1.5.83.83.1.1.5.1.6.6.62.83.6.1.1.1.1.76.83.84.6.76.84.1.85.83.82.xover.mutate.done 50
 generation 34.88.88.88.88.88.88.88.87.83.86.88.1.7.1.5.1.8.88.7.1.5.1.87.1.0.85.5.1.25.7.1.84.5.1.1.87.85.1.1.85.1.5.83.5.1.6.7.1.87.1.xover.mutate.done 50
 generation 35.88.88.88.88.88.88.88.88.88.88.3.5.3.3.3.5.2.83.84.89.88.2.10.85.3.3.62.2.71.3.3.83.68.70.0.3.2.88.3.8.3.5.5.3.78.3.85.84.86.68.xover.mutate.done 50
 generation 36.89.89.89.89.88.88.88.89.88.88.4.20.10.11.18.5.10.89.5.5.12.10.11.10.63.4.10.11.83.10.5.11.5.11.83.10.78.10.10.10.60.89.89.4.5.78.69.88.88.84.xover.mutate.done 50
 generation 37.86.87.87.87.87.86.87.87.87.87.7.8.8.81.5.87.7.8.7.8.82.7.87.7.8.87.3.5.3.87.8.85.87.86.7.7.8.24.87.86.22.87.7.74.87.8.80.3.87.74.xover.mutate.done 50
 generation 38.86.86.86.86.86.86.86.86.86.86.82.40.6.86.6.86.82.5.36.82.22.87.4.6.82.5.24.6.6.53.53.6.61.5.6.86.4.6.85.1.86.83.86.5.2.4.86.6.4.86.xover.mutate.done 50
 generation 39.84.86.86.86.86.86.86.85.85.86.84.34.69.5.1.27.18.5.27.5.27.81.5.5.84.8.86.81.82.86.85.84.7.5.84.5.5.5.86.5.81.6.86.84.69.33.5.86.5.5.xover.mutate.done 50
 generation 40.85.85.85.85.85.85.85.85.85.85.2.86.5.85.5.89.5.87.59.76.86.5.85.25.5.85.19.79.8.86.85.7.54.5.56.8.2.86.87.37.85.8.85.5.85.54.2.85.7.5.xover.mutate.done 50
 generation 41.85.85.85.82.82.81.81.87.87.87.84.4.51.51.1.82.8.85.82.4.85.2.2.87.53.53.82.1.2.87.5.81.1.15.71.87.86.82.78.4.4.82.4.39.87.87.30.4.68.87.xover.mutate.done 50
 generation 42.87.87.87.87.87.87.87.87.87.87.7.80.86.7.80.43.75.57.1.85.87.85.7.7.1.87.7.80.87.8.7.80.59.85.7.1.7.7.47.85.80.56.1.87.7.1.1.68.7.0.xover.mutate.done 50
 generation 43.89.89.89.89.89.89.89.89.89.89.30.10.89.5.5.9.9.8.89.5.5.8.1.89.35.5.5.5.8.10.5.5.90.89.5.84.9.89.5.29.8.89.8.5.89.5.89.9.5.8.xover.mutate.done 50
 generation 44.85.88.88.88.88.88.88.88.88.88.2.88.2.2.2.17.2.4.0.88.0.24.88.19.88.24.0.65.88.2.0.0.2.76.3.85.2.0.2.2.0.4.0.85.2.89.2.2.0.89.xover.mutate.done 50
 generation 45.87.87.87.87.87.87.87.87.87.87.87.2.87.27.2.2.9.2.16.2.85.32.8.8.0.2.2.2.2.2.56.6.87.8.19.6.87.8.8.87.9.2.87.8.8.2.9.0.48.56.xover.mutate.done 50
 generation 46.86.86.85.85.85.85.85.85.85.85.85.85.3.74.3.85.1.3.3.59.4.3.1.30.7.5.3.74.0.14.0.61.0.12.3.67.85.0.0.83.85.14.83.3.0.85.85.85.50.35.xover.mutate.done 50
 generation 47.86.86.85.85.85.85.85.85.85.85.1.7.44.23.67.85.85.1.85.7.67.7.7.11.1.85.85.1.86.8.7.0.76.1.7.85.1.1.84.85.7.7.1.48.9.85.7.85.1.85.xover.mutate.done 50
 generation 48.82.82.80.81.81.81.81.81.81.81.83.82.1.1.80.81.81.81.82.4.61.40.81.76.80.66.19.81.33.81.1.49.8.4.4.82.17.5.1.1.7.81.4.5.4.1.4.80.77.81.xover.mutate.done 50
 generation 49.81.81.81.84.81.84.81.81.81.81.81.1.1.1.1.4.19.81.41.61.14.4.1.4.1.81.34.70.4.62.4.0.4.1.1.32.67.82.1.4.1.81.4.1.81.4.81.45.70.1.xover.mutate.done 50
 69078130 iters     970384 iter/sec (71.19 s)
 total time: 71.19
