0.71875 0.875 0.96875 0.65625 0.65625 0.90625 0.0625 0.75 0.40625 0.5 
0.90625 0.0625 0.28125 0.0 0.09375 0.15625 0.96875 0.34375 1.0 1.0 
0.46875 0.90625 0.0625 0.28125 0.0 0.09375 0.15625 0.96875 0.34375 1.0 
0.46875 0.46875 0.5 0.90625 0.0625 0.28125 0.0 0.09375 0.15625 0.96875 
0.46875 0.46875 0.46875 0.625 0.5 0.90625 0.0625 0.28125 0.0 0.09375 
0.46875 0.46875 0.46875 0.46875 0.46875 0.625 0.5 0.90625 0.0625 0.28125 
0.46875 0.46875 0.46875 0.46875 0.46875 0.46875 0.46875 0.625 0.5 0.78125 
0.46875 0.46875 0.46875 0.46875 0.46875 0.46875 0.46875 0.46875 0.46875 0.46875 
0.46875 0.46875 0.46875 0.46875 0.46875 0.46875 0.46875 0.46875 0.46875 0.46875 
0.46875 0.46875 0.46875 0.46875 0.46875 0.46875 0.46875 0.46875 0.46875 0.46875 
0.40625 0.46875 0.46875 0.46875 0.46875 0.46875 0.46875 0.46875 0.46875 0.46875 
0.40625 0.4375 0.40625 0.46875 0.46875 0.46875 0.46875 0.46875 0.46875 0.46875 
0.40625 0.4375 0.40625 0.4375 0.46875 0.46875 0.46875 0.46875 0.46875 0.46875 
0.40625 0.4375 0.40625 0.4375 0.46875 0.46875 0.46875 0.46875 0.46875 0.4375 
0.40625 0.4375 0.40625 0.4375 0.46875 0.46875 0.46875 0.46875 0.46875 0.4375 
0.40625 0.4375 0.40625 0.4375 0.46875 0.46875 0.46875 0.46875 0.46875 0.4375 
0.40625 0.4375 0.40625 0.4375 0.46875 0.46875 0.46875 0.46875 0.46875 0.4375 
0.40625 0.4375 0.40625 0.4375 0.46875 0.46875 0.46875 0.46875 0.46875 0.4375 
0.40625 0.4375 0.40625 0.4375 0.46875 0.46875 0.46875 0.46875 0.46875 0.4375 
0.40625 0.4375 0.40625 0.4375 0.46875 0.46875 0.46875 0.46875 0.46875 0.4375 
0.40625 0.4375 0.40625 0.4375 0.46875 0.46875 0.46875 0.46875 0.46875 0.4375 
0.40625 0.4375 0.40625 0.4375 0.46875 0.46875 0.46875 0.46875 0.46875 0.4375 
0.40625 0.4375 0.40625 0.4375 0.46875 0.46875 0.46875 0.46875 0.46875 0.4375 
0.40625 0.4375 0.40625 0.4375 0.46875 0.46875 0.46875 0.46875 0.46875 0.4375 
0.40625 0.4375 0.40625 0.4375 0.46875 0.46875 0.46875 0.46875 0.46875 0.4375 
0.40625 0.4375 0.40625 0.4375 0.46875 0.46875 0.46875 0.46875 0.46875 0.4375 
0.40625 0.4375 0.40625 0.4375 0.46875 0.46875 0.46875 0.46875 0.46875 0.4375 
0.40625 0.4375 0.40625 0.4375 0.46875 0.46875 0.46875 0.46875 0.46875 0.4375 
0.40625 0.4375 0.40625 0.4375 0.46875 0.46875 0.46875 0.46875 0.46875 0.4375 
0.40625 0.4375 0.40625 0.4375 0.46875 0.46875 0.46875 0.46875 0.46875 0.4375 
0.40625 0.4375 0.40625 0.4375 0.46875 0.46875 0.46875 0.46875 0.46875 0.4375 
0.40625 0.4375 0.40625 0.4375 0.46875 0.46875 0.46875 0.46875 0.46875 0.4375 
0.40625 0.4375 0.40625 0.4375 0.46875 0.46875 0.46875 0.46875 0.46875 0.4375 
0.40625 0.4375 0.40625 0.4375 0.46875 0.46875 0.46875 0.46875 0.46875 0.4375 
0.40625 0.4375 0.40625 0.4375 0.46875 0.46875 0.46875 0.46875 0.46875 0.4375 
0.40625 0.4375 0.40625 0.4375 0.46875 0.46875 0.46875 0.46875 0.46875 0.4375 
0.40625 0.4375 0.40625 0.4375 0.46875 0.46875 0.46875 0.46875 0.46875 0.4375 
0.40625 0.4375 0.40625 0.4375 0.46875 0.46875 0.46875 0.46875 0.46875 0.4375 
0.40625 0.4375 0.40625 0.4375 0.46875 0.46875 0.46875 0.46875 0.46875 0.4375 
0.40625 0.4375 0.40625 0.4375 0.46875 0.46875 0.46875 0.46875 0.46875 0.4375 
0.40625 0.4375 0.40625 0.4375 0.46875 0.46875 0.46875 0.46875 0.46875 0.4375 
0.40625 0.4375 0.40625 0.4375 0.46875 0.46875 0.46875 0.46875 0.46875 0.4375 
0.40625 0.4375 0.40625 0.4375 0.46875 0.46875 0.46875 0.46875 0.46875 0.4375 
0.40625 0.4375 0.40625 0.4375 0.46875 0.46875 0.46875 0.46875 0.46875 0.4375 
0.40625 0.4375 0.40625 0.4375 0.46875 0.46875 0.46875 0.46875 0.46875 0.4375 
0.40625 0.4375 0.40625 0.4375 0.46875 0.46875 0.46875 0.46875 0.46875 0.4375 
0.40625 0.4375 0.40625 0.4375 0.46875 0.46875 0.46875 0.46875 0.46875 0.4375 
0.40625 0.4375 0.40625 0.4375 0.46875 0.46875 0.46875 0.46875 0.46875 0.4375 
0.40625 0.4375 0.40625 0.4375 0.46875 0.46875 0.46875 0.46875 0.46875 0.4375 
0.40625 0.4375 0.40625 0.4375 0.46875 0.46875 0.46875 0.46875 0.46875 0.4375 
