0.4375 0.75 0.25 0.53125 0.4375 0.71875 0.3125 0.375 0.4375 0.375 
0.0 0.03125 0.96875 0.0 0.125 0.15625 1.0 0.96875 0.8125 0.34375 
0.78125 0.0 0.03125 0.96875 0.0 0.125 0.15625 1.0 0.96875 0.8125 
0.78125 0.75 0.6875 0.96875 0.0 0.03125 0.96875 0.0 0.125 0.15625 
0.78125 0.75 0.6875 0.96875 0.0 0.03125 0.96875 0.0 0.125 0.15625 
0.1875 0.4375 0.375 0.125 0.78125 0.75 0.6875 0.96875 0.0 0.03125 
0.34375 0.78125 0.75 0.6875 0.96875 0.78125 0.75 0.75 0.1875 0.4375 
0.34375 0.5625 0.1875 0.4375 0.375 0.375 0.25 0.34375 0.34375 0.78125 
0.34375 0.5625 0.1875 0.4375 0.375 0.375 0.25 0.34375 0.34375 0.40625 
0.34375 0.5625 0.5625 0.1875 0.4375 0.375 0.375 0.25 0.34375 0.34375 
0.34375 0.5625 0.5625 0.5625 0.40625 0.1875 0.4375 0.375 0.375 0.25 
0.34375 0.5625 0.5625 0.5625 0.5625 0.5625 0.40625 0.40625 0.1875 0.4375 
0.34375 0.5625 0.5625 0.5625 0.5625 0.5625 0.5625 0.5625 0.53125 0.5625 
0.46875 0.34375 0.5625 0.5625 0.5625 0.5625 0.5625 0.5625 0.5625 0.53125 
0.625 0.625 0.625 0.59375 0.46875 0.34375 0.5625 0.5625 0.5625 0.5625 
0.625 0.625 0.625 0.59375 0.625 0.625 0.59375 0.5625 0.46875 0.34375 
0.625 0.625 0.625 0.625 0.625 0.59375 0.59375 0.625 0.625 0.59375 
0.625 0.625 0.625 0.625 0.625 0.59375 0.59375 0.625 0.625 0.625 
0.625 0.625 0.625 0.625 0.625 0.59375 0.59375 0.625 0.625 0.625 
0.625 0.625 0.625 0.625 0.625 0.59375 0.59375 0.625 0.625 0.625 
0.625 0.625 0.625 0.625 0.625 0.59375 0.59375 0.625 0.625 0.625 
0.625 0.625 0.625 0.625 0.625 0.59375 0.59375 0.625 0.625 0.625 
0.625 0.625 0.625 0.625 0.625 0.59375 0.59375 0.625 0.625 0.625 
0.625 0.625 0.625 0.625 0.625 0.59375 0.59375 0.625 0.625 0.625 
0.625 0.625 0.625 0.625 0.625 0.59375 0.59375 0.625 0.625 0.625 
0.625 0.625 0.625 0.625 0.625 0.59375 0.59375 0.625 0.625 0.625 
0.625 0.625 0.625 0.625 0.625 0.59375 0.59375 0.625 0.625 0.625 
0.625 0.625 0.625 0.625 0.625 0.59375 0.59375 0.625 0.625 0.625 
0.625 0.625 0.625 0.625 0.625 0.59375 0.59375 0.625 0.625 0.625 
0.625 0.625 0.625 0.625 0.625 0.59375 0.59375 0.625 0.625 0.625 
0.625 0.625 0.625 0.625 0.625 0.59375 0.59375 0.625 0.625 0.625 
0.625 0.625 0.625 0.625 0.625 0.59375 0.59375 0.625 0.625 0.625 
0.625 0.625 0.625 0.625 0.625 0.59375 0.59375 0.625 0.625 0.625 
0.625 0.625 0.625 0.625 0.625 0.59375 0.59375 0.625 0.625 0.625 
0.625 0.625 0.625 0.625 0.625 0.59375 0.59375 0.625 0.625 0.625 
0.625 0.625 0.625 0.625 0.625 0.59375 0.59375 0.625 0.625 0.625 
0.625 0.625 0.625 0.625 0.625 0.59375 0.59375 0.625 0.625 0.625 
0.625 0.625 0.625 0.625 0.625 0.59375 0.59375 0.625 0.625 0.625 
0.625 0.625 0.625 0.625 0.625 0.59375 0.59375 0.625 0.625 0.625 
0.625 0.625 0.625 0.625 0.625 0.59375 0.59375 0.625 0.625 0.625 
0.625 0.625 0.625 0.625 0.625 0.59375 0.59375 0.625 0.625 0.625 
0.625 0.625 0.625 0.625 0.625 0.59375 0.59375 0.625 0.625 0.625 
0.625 0.625 0.625 0.625 0.625 0.59375 0.59375 0.625 0.625 0.625 
0.625 0.625 0.625 0.625 0.625 0.59375 0.59375 0.625 0.625 0.625 
0.625 0.625 0.625 0.625 0.625 0.59375 0.59375 0.625 0.625 0.625 
0.625 0.625 0.625 0.625 0.625 0.59375 0.59375 0.625 0.625 0.625 
0.625 0.625 0.625 0.625 0.625 0.59375 0.59375 0.625 0.625 0.625 
0.625 0.625 0.625 0.625 0.625 0.59375 0.59375 0.625 0.625 0.625 
0.625 0.625 0.625 0.625 0.625 0.59375 0.59375 0.625 0.625 0.625 
0.625 0.625 0.625 0.625 0.625 0.59375 0.59375 0.625 0.625 0.625 
