60 50 50 50 50 50 50 50 50 13 9 1 1 1 1 1 1 1 1 1 1 1 1 1 1 1 1 1 1 1 1 1 1 1 1 1 1 1 1 1 1 1 0 0 0 0 0 0 0 0 
61 50 50 50 50 50 50 50 50 50 50 50 50 50 50 50 50 50 50 22 17 7 7 0 0 0 0 0 0 0 0 0 0 0 0 0 0 0 0 0 0 0 0 0 0 0 0 0 0 0 
64 53 51 51 51 51 51 51 50 50 50 50 50 50 50 50 50 50 50 50 50 50 50 45 39 28 25 16 14 14 13 2 2 2 2 2 2 2 1 1 1 1 1 1 1 1 1 1 1 1 
60 60 51 51 51 51 51 51 51 51 51 51 51 50 50 50 50 50 50 50 50 50 50 46 45 35 26 24 22 22 19 12 9 7 7 7 2 2 2 2 2 2 2 1 1 1 1 1 1 1 
62 61 57 57 57 57 56 51 50 50 50 50 50 50 50 50 50 50 50 50 50 50 44 26 24 23 23 11 11 9 7 6 6 1 1 1 1 1 1 1 1 1 1 1 1 1 0 0 0 0 
62 61 60 57 57 57 57 57 51 51 51 51 50 50 50 50 50 50 50 43 40 36 19 10 4 4 4 4 4 1 1 1 1 1 1 1 1 1 1 1 1 0 0 0 0 0 0 0 0 0 
65 63 63 60 58 58 58 58 58 50 50 50 50 50 50 50 50 50 36 24 23 8 8 8 8 8 8 7 7 6 6 0 0 0 0 0 0 0 0 0 0 0 0 0 0 0 0 0 0 0 
73 73 64 63 62 62 61 61 61 61 61 59 59 59 59 59 59 59 59 51 51 50 50 50 50 50 50 21 21 18 6 1 1 1 1 1 1 1 1 1 1 1 1 1 0 0 0 0 0 0 
72 72 72 68 66 64 64 61 61 59 59 59 59 59 59 59 52 52 51 51 51 50 50 50 50 45 45 21 12 11 9 9 8 8 8 8 8 7 3 3 3 3 2 2 2 1 1 1 1 1 
76 76 76 76 75 74 70 70 70 69 69 69 69 66 64 63 62 62 60 59 57 55 50 50 50 50 31 17 16 6 6 6 5 5 5 5 5 5 5 0 0 0 0 0 0 0 0 0 0 0 
73 73 73 73 73 72 69 69 67 67 66 65 65 64 64 64 62 57 51 50 50 50 38 37 36 33 26 23 9 9 9 9 7 7 6 6 6 6 6 6 6 6 5 5 5 2 2 2 2 0 
67 66 66 66 66 66 66 65 64 62 62 62 62 62 61 61 59 59 59 50 49 46 43 39 39 24 18 17 14 12 12 12 11 11 11 9 4 4 4 4 4 4 4 4 4 4 2 2 2 2 
81 72 72 71 71 71 71 70 69 69 69 69 69 69 69 69 69 65 64 61 49 30 30 30 29 20 12 12 10 10 9 9 9 9 8 2 2 2 2 2 2 2 2 2 1 1 1 1 1 1 
78 78 73 73 69 69 67 66 66 64 63 63 62 62 62 62 62 62 62 62 62 62 60 58 57 24 17 14 13 12 12 11 10 10 10 10 10 10 10 9 9 7 7 1 1 1 0 0 0 0 
79 79 75 75 74 72 70 70 69 69 69 68 68 68 66 66 66 65 65 64 63 63 63 63 63 63 62 61 59 56 49 21 21 21 20 19 5 5 5 5 5 5 5 3 1 1 1 1 1 1 
75 75 75 69 69 69 69 69 69 68 63 63 62 62 62 62 62 62 60 59 59 55 54 54 51 51 51 51 45 41 32 28 10 10 9 9 9 8 7 7 7 3 3 3 3 3 3 3 3 3 
79 79 79 79 79 77 77 77 77 77 77 77 77 75 71 71 71 71 70 70 69 68 68 68 64 64 64 61 61 61 59 57 52 45 42 38 29 14 13 5 4 4 2 2 2 2 1 1 1 1 
82 79 79 79 79 79 79 79 79 73 72 72 72 72 72 72 72 72 72 68 68 65 65 64 64 62 62 61 58 56 49 29 21 21 18 13 9 5 5 5 5 5 1 1 1 1 1 1 0 0 
82 78 78 77 77 77 77 77 77 77 77 77 77 77 74 74 72 68 68 67 66 66 66 64 64 64 64 62 62 56 50 47 43 19 13 7 7 7 7 6 6 6 6 6 6 6 3 3 3 3 
86 84 84 84 83 83 83 83 83 83 83 83 83 83 83 83 77 77 75 75 72 70 70 69 68 68 67 64 58 16 14 10 9 9 9 9 9 9 9 9 9 9 9 9 9 5 5 5 5 5 
86 85 83 83 82 82 81 80 80 80 80 80 80 80 80 80 79 75 72 72 70 65 61 58 58 57 56 55 53 53 48 23 21 6 6 4 4 4 4 4 4 4 4 2 2 2 2 2 2 1 
86 85 84 84 81 81 81 81 81 81 80 80 80 80 80 80 79 73 73 71 64 64 64 63 63 61 57 55 35 35 31 31 14 14 12 12 10 10 10 8 8 1 1 1 1 1 1 1 1 1 
85 85 84 84 83 83 83 83 82 82 82 82 80 80 80 80 80 80 80 80 70 70 59 50 50 48 48 48 45 36 32 27 21 11 11 10 7 4 2 2 2 2 2 0 0 0 0 0 0 0 
84 84 84 84 84 84 84 82 82 82 82 82 82 82 82 78 77 76 76 72 56 51 43 40 38 29 28 18 13 8 8 8 8 7 2 0 0 0 0 0 0 0 0 0 0 0 0 0 0 0 
86 86 86 86 85 85 85 85 85 85 85 85 85 79 79 79 79 74 74 55 46 41 34 29 29 19 19 19 13 7 7 7 7 7 7 1 1 1 1 1 1 1 1 1 1 1 1 1 1 1 
90 90 90 90 90 90 90 90 90 90 89 88 88 88 87 87 82 76 66 66 64 52 47 29 13 8 6 6 6 6 1 1 1 1 1 1 1 1 1 1 1 1 1 1 1 1 1 1 1 1 
84 84 83 83 82 82 82 81 80 80 80 80 80 80 80 80 80 80 80 80 80 80 80 80 78 78 68 67 56 20 14 11 6 6 5 5 5 1 1 1 1 1 1 1 1 1 1 1 1 0 
84 83 83 83 83 82 82 82 82 82 82 82 81 81 81 81 80 80 71 64 63 44 15 6 5 5 5 5 0 0 0 0 0 0 0 0 0 0 0 0 0 0 0 0 0 0 0 0 0 0 
90 89 89 89 89 89 88 88 88 88 88 87 86 86 86 86 86 86 85 79 75 58 33 9 6 3 3 3 3 0 0 0 0 0 0 0 0 0 0 0 0 0 0 0 0 0 0 0 0 0 
91 91 89 89 89 89 89 89 89 88 88 87 87 87 87 87 87 87 87 87 87 87 87 85 85 83 58 30 25 14 7 7 7 2 2 2 2 2 2 2 2 2 2 2 2 2 2 2 2 2 
92 92 92 90 90 90 90 89 89 88 87 87 87 87 87 87 87 87 87 86 81 31 9 8 7 6 6 6 6 6 6 1 1 1 1 1 1 1 1 1 1 1 1 1 1 1 1 1 1 1 
84 84 84 84 84 84 83 83 83 83 83 83 83 83 83 83 83 83 83 83 83 83 83 81 80 66 64 24 18 11 11 11 8 8 6 4 4 4 4 4 4 4 4 4 4 4 4 4 3 1 
84 84 84 84 84 84 82 82 82 82 82 82 82 82 82 82 82 80 80 80 80 78 78 77 75 75 67 62 44 34 12 12 4 4 4 4 0 0 0 0 0 0 0 0 0 0 0 0 0 0 
85 85 85 85 85 85 85 84 84 84 83 83 83 83 83 83 83 83 83 83 83 82 76 76 76 62 61 7 6 6 6 6 6 5 5 5 5 1 1 1 1 1 1 1 1 1 1 1 1 1 
88 88 88 88 88 88 88 88 88 87 87 87 87 86 85 85 85 84 83 83 25 8 7 7 7 7 6 5 5 5 5 5 5 1 1 1 1 1 1 1 1 1 1 1 1 1 1 1 1 0 
89 88 88 88 88 88 88 88 88 88 88 88 88 86 85 85 84 84 83 83 78 71 70 68 68 62 10 8 5 5 5 5 3 3 3 3 3 3 3 3 3 3 3 3 3 2 2 2 2 0 
89 89 89 89 89 89 89 89 88 88 88 88 88 88 88 84 83 83 78 78 69 63 60 20 18 12 11 11 11 11 11 10 10 10 10 10 10 10 10 10 10 5 5 5 5 5 5 4 4 4 
87 87 87 87 87 87 87 87 87 87 87 87 87 87 87 87 87 86 86 86 86 85 82 81 80 74 74 24 22 8 8 8 8 8 8 8 8 7 7 7 7 7 7 7 7 5 5 3 3 3 
87 86 86 86 86 86 86 86 86 86 86 86 86 86 86 86 86 86 85 83 82 82 82 82 61 53 53 40 36 24 22 6 6 6 6 6 6 6 6 6 5 5 5 5 4 4 4 4 2 1 
86 86 86 86 86 86 86 86 86 86 86 86 85 85 85 84 84 84 84 84 84 82 81 81 81 69 69 34 33 27 27 27 18 8 7 6 5 5 5 5 5 5 5 5 5 5 5 5 5 1 
89 87 87 86 86 86 86 85 85 85 85 85 85 85 85 85 85 85 85 85 85 85 85 85 85 79 76 59 56 54 54 37 25 19 8 8 8 7 7 5 5 5 5 5 5 5 5 2 2 2 
87 87 87 87 87 87 87 87 87 86 85 85 85 85 85 84 82 82 82 82 82 82 82 81 81 81 78 71 68 53 53 51 51 39 30 15 8 5 4 4 4 4 4 4 2 2 2 1 1 1 
87 87 87 87 87 87 87 87 87 87 87 87 87 87 86 85 85 85 85 80 80 80 80 80 75 68 59 57 56 47 43 8 7 7 7 7 7 7 7 7 7 7 7 1 1 1 1 1 1 0 
90 89 89 89 89 89 89 89 89 89 89 89 89 89 89 89 89 89 89 84 35 30 29 10 10 9 9 9 9 8 8 8 8 8 8 5 5 5 5 5 5 5 5 5 5 5 5 5 5 1 
89 89 88 88 88 88 88 88 88 88 88 88 88 88 88 88 85 85 85 76 65 24 24 19 17 4 4 3 2 2 2 2 2 2 2 2 2 2 2 2 2 0 0 0 0 0 0 0 0 0 
87 87 87 87 87 87 87 87 87 87 87 87 87 87 87 87 85 56 56 48 32 27 19 16 9 9 9 8 8 8 8 8 8 8 6 6 2 2 2 2 2 2 2 2 2 2 2 2 0 0 
86 86 85 85 85 85 85 85 85 85 85 85 85 85 85 85 85 85 83 83 74 74 67 61 59 50 35 30 14 14 12 7 5 4 3 3 3 3 3 3 3 3 1 1 0 0 0 0 0 0 
86 86 86 85 85 85 85 85 85 85 85 85 85 85 85 85 85 85 85 85 85 84 76 67 67 48 44 23 11 9 8 7 7 7 7 7 7 7 7 7 1 1 1 1 1 1 1 1 1 0 
83 82 82 82 82 82 81 81 81 81 81 81 81 81 81 81 81 81 81 81 81 80 80 80 80 77 76 66 61 49 40 33 19 17 8 7 5 5 4 4 4 4 4 4 1 1 1 1 1 1 
84 84 82 81 81 81 81 81 81 81 81 81 81 81 81 81 81 70 70 67 62 61 45 41 34 32 19 14 4 4 4 4 4 4 4 4 4 1 1 1 1 1 1 1 1 1 1 1 1 0 
