0.34375 0.75 0.84375 0.53125 0.28125 0.40625 0.625 0.3125 0.4375 0.9375 
0.15625 0.9375 0.0625 0.0625 0.03125 1.0 0.0625 0.125 0.15625 0.28125 
0.875 0.15625 0.9375 0.0625 0.0625 0.03125 1.0 0.0625 0.125 0.15625 
0.15625 0.125 0.1875 0.125 0.875 0.9375 0.0625 0.0625 0.03125 1.0 
0.875 0.65625 0.15625 0.125 0.1875 0.125 0.9375 0.0625 0.0625 0.03125 
0.875 0.65625 0.875 0.84375 0.875 0.15625 0.125 0.1875 0.125 0.9375 
0.15625 0.125 0.1875 0.125 0.1875 0.0625 0.125 0.1875 0.1875 0.125 
0.15625 0.125 0.1875 0.125 0.1875 0.0625 0.125 0.1875 0.1875 0.125 
0.15625 0.125 0.1875 0.125 0.1875 0.0625 0.125 0.1875 0.1875 0.125 
0.15625 0.125 0.1875 0.125 0.1875 0.0625 0.125 0.1875 0.1875 0.125 
0.15625 0.125 0.1875 0.125 0.1875 0.0625 0.125 0.1875 0.1875 0.125 
0.15625 0.125 0.1875 0.125 0.1875 0.0625 0.125 0.1875 0.1875 0.125 
0.15625 0.125 0.1875 0.125 0.1875 0.0625 0.125 0.1875 0.1875 0.125 
0.15625 0.125 0.1875 0.125 0.1875 0.0625 0.125 0.1875 0.1875 0.125 
0.15625 0.125 0.1875 0.125 0.1875 0.0625 0.125 0.1875 0.1875 0.125 
0.15625 0.125 0.1875 0.125 0.1875 0.0625 0.125 0.1875 0.1875 0.125 
0.15625 0.125 0.1875 0.125 0.1875 0.0625 0.125 0.1875 0.1875 0.125 
0.15625 0.125 0.1875 0.125 0.1875 0.0625 0.125 0.1875 0.1875 0.125 
0.15625 0.125 0.1875 0.125 0.1875 0.0625 0.125 0.1875 0.1875 0.125 
0.15625 0.125 0.1875 0.125 0.1875 0.0625 0.125 0.1875 0.1875 0.125 
0.15625 0.125 0.1875 0.125 0.1875 0.0625 0.125 0.1875 0.1875 0.125 
0.15625 0.125 0.1875 0.125 0.1875 0.0625 0.125 0.1875 0.1875 0.125 
0.15625 0.125 0.1875 0.125 0.1875 0.0625 0.125 0.1875 0.1875 0.125 
0.15625 0.125 0.1875 0.125 0.1875 0.0625 0.125 0.1875 0.1875 0.125 
0.15625 0.125 0.1875 0.125 0.1875 0.0625 0.125 0.1875 0.1875 0.125 
0.15625 0.125 0.1875 0.125 0.1875 0.0625 0.125 0.1875 0.1875 0.125 
0.15625 0.125 0.1875 0.125 0.1875 0.0625 0.125 0.1875 0.1875 0.125 
0.15625 0.125 0.1875 0.125 0.1875 0.0625 0.125 0.1875 0.1875 0.125 
0.15625 0.125 0.1875 0.125 0.1875 0.0625 0.125 0.1875 0.1875 0.125 
0.15625 0.125 0.1875 0.125 0.1875 0.0625 0.125 0.1875 0.1875 0.125 
0.15625 0.125 0.1875 0.125 0.1875 0.0625 0.125 0.1875 0.1875 0.125 
0.15625 0.125 0.1875 0.125 0.1875 0.0625 0.125 0.1875 0.1875 0.125 
0.15625 0.125 0.1875 0.125 0.1875 0.0625 0.125 0.1875 0.1875 0.125 
0.15625 0.125 0.1875 0.125 0.1875 0.0625 0.125 0.1875 0.1875 0.125 
0.15625 0.125 0.1875 0.125 0.1875 0.0625 0.125 0.1875 0.1875 0.125 
0.15625 0.125 0.1875 0.125 0.1875 0.0625 0.125 0.1875 0.1875 0.125 
0.15625 0.125 0.1875 0.125 0.1875 0.0625 0.125 0.1875 0.1875 0.125 
0.15625 0.125 0.1875 0.125 0.1875 0.0625 0.125 0.1875 0.1875 0.125 
0.15625 0.125 0.1875 0.125 0.1875 0.0625 0.125 0.1875 0.1875 0.125 
0.15625 0.125 0.1875 0.125 0.1875 0.0625 0.125 0.1875 0.1875 0.125 
0.15625 0.125 0.1875 0.125 0.1875 0.0625 0.125 0.1875 0.1875 0.125 
0.15625 0.125 0.1875 0.125 0.1875 0.0625 0.125 0.1875 0.1875 0.125 
0.15625 0.125 0.1875 0.125 0.1875 0.0625 0.125 0.1875 0.1875 0.125 
0.15625 0.125 0.1875 0.125 0.1875 0.0625 0.125 0.1875 0.1875 0.125 
0.15625 0.125 0.1875 0.125 0.1875 0.0625 0.125 0.1875 0.1875 0.125 
0.15625 0.125 0.1875 0.125 0.1875 0.0625 0.125 0.1875 0.1875 0.125 
0.15625 0.125 0.1875 0.125 0.1875 0.0625 0.125 0.1875 0.1875 0.125 
0.15625 0.125 0.1875 0.125 0.1875 0.0625 0.125 0.1875 0.1875 0.125 
0.15625 0.125 0.1875 0.125 0.1875 0.0625 0.125 0.1875 0.1875 0.125 
0.15625 0.125 0.1875 0.125 0.1875 0.0625 0.125 0.1875 0.1875 0.125 
