50 50 50 50 50 50 50 50 50 50 50 50 50 50 50 50 7 2 0 0 0 0 0 0 0 0 0 0 0 0 0 0 0 0 0 0 0 0 0 0 0 0 0 0 0 0 0 0 0 0 
51 51 51 51 51 51 50 50 50 50 50 50 50 50 50 50 50 50 50 50 50 50 50 50 50 50 50 50 50 50 50 37 14 10 7 1 1 1 1 0 0 0 0 0 0 0 0 0 0 0 
51 51 51 51 51 51 51 51 51 51 51 51 51 51 51 51 51 51 51 51 51 50 50 50 50 50 50 50 50 50 50 50 45 17 12 4 1 1 1 1 1 1 0 0 0 0 0 0 0 0 
50 50 50 50 50 50 50 50 50 50 50 50 50 50 50 50 50 50 50 50 50 50 50 50 50 50 50 50 50 50 50 50 50 50 50 50 50 50 50 31 13 0 0 0 0 0 0 0 0 0 
53 53 53 53 53 53 53 53 53 53 53 53 53 53 53 53 53 53 53 53 53 53 53 53 53 53 53 53 53 53 53 53 53 53 53 53 53 53 50 50 50 32 32 31 21 4 4 4 3 1 
52 52 52 52 52 52 52 52 52 52 52 52 52 52 52 52 52 52 52 52 52 52 52 52 52 52 52 52 52 52 52 52 52 52 52 52 52 52 52 52 52 52 52 18 17 4 4 4 4 2 
51 51 51 51 51 51 51 51 51 51 51 51 51 51 51 51 51 51 51 51 51 51 51 51 51 51 51 51 51 51 51 51 51 51 51 51 51 51 17 13 13 9 3 3 3 3 3 1 1 1 
50 50 50 50 50 50 50 50 50 50 50 50 50 50 50 50 50 50 50 50 50 50 50 50 50 50 50 50 50 50 50 50 50 50 50 50 50 50 50 18 11 10 3 2 2 2 2 2 2 2 
50 50 50 50 50 50 50 50 50 50 50 50 50 50 50 50 50 50 50 50 50 50 50 50 50 50 50 50 50 50 50 50 50 17 15 9 3 3 3 3 3 3 3 3 3 3 3 3 0 0 
51 51 51 51 51 51 51 51 51 51 51 51 51 51 51 51 51 51 51 51 51 51 51 51 51 51 51 51 51 51 51 51 51 51 51 51 51 51 51 50 13 1 1 1 1 1 1 1 1 1 
50 50 50 50 50 50 50 50 50 50 50 50 50 50 50 50 50 50 50 50 50 50 50 50 50 50 50 50 50 50 50 50 50 50 50 50 50 50 50 31 12 0 0 0 0 0 0 0 0 0 
52 52 52 52 52 52 52 52 52 52 52 52 52 52 52 52 52 52 52 52 52 52 52 52 52 52 52 52 52 52 52 52 52 52 52 50 50 50 50 43 17 15 3 3 3 3 3 3 1 1 
50 50 50 50 50 50 50 50 50 50 50 50 50 50 50 50 50 50 50 50 50 50 50 50 50 50 50 50 50 50 50 50 50 50 50 50 50 32 32 12 12 7 1 1 1 1 1 1 0 0 
50 50 50 50 50 50 50 50 50 50 50 50 50 50 50 50 50 50 50 50 50 50 50 50 50 50 50 50 50 50 50 36 35 34 22 18 11 8 2 2 2 2 2 2 2 2 0 0 0 0 
50 50 50 50 50 50 50 50 50 50 50 50 50 50 50 50 50 50 50 50 50 50 50 50 50 50 50 50 50 50 50 50 50 50 50 50 28 13 8 0 0 0 0 0 0 0 0 0 0 0 
50 50 50 50 50 50 50 50 50 50 50 50 50 50 50 50 50 50 50 50 50 50 50 50 50 50 50 50 50 50 50 50 50 50 50 50 50 50 50 50 34 33 10 1 1 1 1 1 1 1 
50 50 50 50 50 50 50 50 50 50 50 50 50 50 50 50 50 50 50 50 50 50 50 50 50 50 50 50 50 50 50 50 50 50 50 50 50 50 50 50 50 3 0 0 0 0 0 0 0 0 
51 51 51 51 51 51 51 51 51 51 51 51 51 51 51 51 51 51 51 51 51 51 51 51 51 51 51 51 51 51 51 51 51 51 51 51 51 50 50 31 29 18 13 7 2 2 2 1 1 1 
56 50 50 50 50 50 50 50 50 50 50 50 50 50 50 50 50 50 50 50 50 50 50 50 50 50 50 50 50 50 50 50 50 50 50 50 50 50 50 50 50 28 27 15 13 4 4 4 4 4 
53 50 50 50 50 50 50 50 50 50 50 50 50 50 50 50 50 50 50 50 50 50 50 50 50 50 50 50 50 50 50 50 50 50 50 50 50 50 50 50 34 32 0 0 0 0 0 0 0 0 
59 50 50 50 50 50 50 50 50 50 50 50 50 50 50 50 50 50 50 50 50 50 50 50 50 50 50 50 50 50 50 50 50 26 17 16 1 1 1 1 1 1 1 1 1 1 1 1 0 0 
55 52 52 52 52 52 52 52 52 52 52 52 52 52 52 52 52 52 52 52 52 52 52 52 52 52 52 52 52 50 50 50 50 5 2 2 2 2 2 2 2 2 2 2 2 2 0 0 0 0 
54 54 50 50 50 50 50 50 50 50 50 50 50 50 50 50 50 50 50 50 50 50 50 50 50 50 50 50 50 50 50 50 50 50 50 19 14 13 13 12 2 2 2 2 2 2 2 2 2 0 
77 55 55 51 51 51 51 51 51 51 51 51 51 51 51 51 51 51 51 51 51 51 51 51 51 51 51 51 51 51 51 50 50 50 50 27 17 11 6 5 1 1 1 1 1 1 1 1 1 0 
79 58 58 51 51 51 51 51 51 51 51 51 51 51 51 51 51 51 51 51 51 51 51 51 51 51 51 51 51 51 51 51 51 51 51 51 51 51 50 15 8 6 1 1 1 1 1 1 1 1 
86 58 58 54 54 51 51 51 51 51 51 51 51 51 51 51 51 51 51 51 51 51 51 51 51 51 51 51 51 51 51 51 51 51 50 40 15 13 13 9 4 4 4 4 4 4 4 4 4 3 
85 54 54 53 53 53 51 51 51 51 51 51 51 51 51 51 51 51 51 51 51 51 51 51 51 51 51 51 51 50 50 50 18 15 11 6 6 6 3 1 1 1 1 1 1 1 1 1 1 1 
75 61 61 61 61 59 56 56 56 52 52 52 52 52 52 52 52 52 52 52 52 52 52 52 52 52 52 52 52 52 52 52 52 50 50 50 50 17 16 16 14 12 11 9 3 3 3 2 2 1 
75 56 56 56 54 54 54 54 54 54 54 54 50 50 50 50 50 50 50 50 50 50 50 50 50 50 50 50 50 50 50 50 50 50 46 33 31 31 14 13 12 7 4 4 0 0 0 0 0 0 
77 67 61 61 61 61 61 61 58 58 58 58 53 53 53 53 52 52 52 52 52 52 52 52 52 52 52 52 52 52 52 50 50 50 39 21 21 21 20 15 13 12 12 10 10 4 4 4 2 2 
85 85 67 61 61 61 61 61 60 60 60 60 60 60 60 60 60 60 59 56 56 56 52 50 50 50 50 50 50 42 12 12 11 11 10 10 8 7 6 6 1 1 1 1 1 1 1 1 1 0 
82 82 81 74 74 58 53 53 52 52 52 52 52 52 52 52 52 52 52 52 52 51 51 51 51 50 50 50 50 50 50 50 47 47 43 41 41 40 34 25 21 20 18 16 16 5 4 4 2 2 
78 78 77 73 73 73 73 73 73 69 69 69 67 65 65 64 64 64 64 63 62 62 62 62 62 62 61 52 52 52 52 52 52 48 45 45 44 40 36 24 14 14 14 14 13 11 11 11 7 2 
83 83 83 81 73 71 71 71 71 71 71 71 71 71 70 69 69 69 64 61 61 60 58 56 50 50 50 50 50 50 50 50 50 50 50 48 45 40 39 39 39 37 36 25 21 12 2 2 2 2 
76 76 76 76 71 71 70 67 66 65 65 65 65 65 63 62 62 62 62 62 62 60 60 60 60 55 50 50 50 50 50 50 50 40 38 36 36 36 36 36 36 24 16 14 14 9 8 7 6 0 
81 81 81 81 81 81 81 79 79 77 76 76 76 75 73 72 72 69 69 66 66 66 65 64 64 64 60 60 55 55 51 50 50 50 47 44 44 41 41 40 39 30 28 27 14 10 0 0 0 0 
81 81 81 81 81 81 81 81 81 80 79 79 79 78 78 73 64 62 60 60 59 56 55 55 55 55 55 55 54 51 50 50 50 50 50 50 50 50 42 42 41 37 36 35 31 22 8 5 4 0 
73 73 73 73 73 73 73 73 73 73 73 73 71 70 70 70 70 66 64 64 63 58 58 58 55 52 51 51 51 51 51 51 51 51 47 44 42 39 36 36 29 26 25 25 24 24 15 6 2 2 
84 84 84 84 82 82 82 82 82 82 82 82 82 82 82 82 82 82 80 79 60 59 59 55 52 52 51 51 51 51 51 51 50 48 47 41 41 41 41 41 40 39 39 36 35 35 33 15 6 1 
82 82 82 82 82 82 82 82 82 82 82 82 82 82 82 82 82 82 68 63 60 58 56 56 56 53 52 52 51 51 51 51 51 51 50 50 44 40 39 37 35 33 33 30 30 29 25 19 3 3 
81 81 81 81 81 81 81 81 81 81 81 81 81 81 81 81 81 81 81 81 79 79 59 56 56 55 54 54 53 51 51 51 51 51 51 50 50 50 50 50 42 41 39 36 36 36 33 16 16 9 
79 79 79 79 79 79 79 79 79 79 79 79 79 79 79 79 79 79 79 79 79 78 76 60 60 53 53 53 53 53 53 52 51 50 50 50 50 50 50 48 48 48 40 37 37 34 30 14 4 4 
79 79 79 79 79 79 79 79 79 79 79 79 79 79 79 79 79 79 79 79 77 58 57 52 51 50 50 50 50 50 50 50 50 50 50 50 49 46 46 43 34 29 17 14 2 0 0 0 0 0 
80 80 80 80 80 80 80 80 80 80 80 80 80 80 78 77 73 73 59 59 55 54 52 52 52 52 51 50 50 50 50 50 46 46 41 32 30 30 24 18 14 8 6 3 2 2 2 0 0 0 
83 83 83 83 83 83 83 83 83 83 83 83 83 83 83 83 83 83 83 83 83 83 83 83 83 79 77 70 70 62 57 57 51 51 51 50 50 49 42 37 34 28 13 13 6 6 2 1 1 1 
85 85 85 85 85 85 85 85 85 85 85 85 85 85 85 85 85 80 77 76 74 72 72 72 66 61 59 59 59 56 56 52 50 50 50 50 50 46 45 45 39 38 38 37 32 23 14 11 10 9 
80 80 80 80 80 80 80 80 80 79 79 79 79 79 79 79 79 79 79 79 79 79 79 79 79 79 76 76 76 61 58 53 51 51 50 47 47 37 36 36 34 34 34 33 33 33 31 9 1 1 
71 71 71 71 71 71 71 71 71 71 71 71 71 71 71 71 71 71 71 71 71 71 71 71 71 69 66 61 53 52 52 50 50 50 50 50 50 44 44 44 43 43 42 41 29 26 24 0 0 0 
79 79 79 79 79 79 79 79 79 79 79 79 79 79 79 79 79 79 79 79 79 79 79 77 75 64 62 56 56 50 50 50 50 50 50 50 50 48 48 46 42 40 38 35 35 35 28 28 23 15 
77 77 77 77 77 77 77 77 77 77 77 77 77 77 77 77 77 77 77 70 56 52 52 52 52 52 52 52 51 51 51 50 50 50 50 39 38 33 33 26 15 15 12 11 11 3 3 3 1 1 
