51 51 51 50 50 50 50 50 50 50 50 50 50 50 50 50 39 22 9 4 2 2 2 2 2 2 2 2 2 2 1 1 1 1 1 1 1 1 1 1 1 1 1 1 1 1 1 1 1 1 
51 51 51 51 51 51 51 51 50 50 50 50 50 50 50 50 50 50 50 50 50 50 50 50 50 50 50 50 50 50 36 36 27 25 15 12 7 2 2 2 2 2 2 1 1 1 1 1 1 1 
51 51 51 51 51 51 51 51 51 51 51 51 51 50 50 50 50 50 50 50 50 50 50 50 50 50 50 50 50 36 33 31 22 21 11 10 10 10 9 1 1 1 1 1 1 1 1 0 0 0 
52 52 52 52 52 52 52 52 52 52 52 52 52 52 52 52 52 52 51 51 51 50 50 50 50 50 50 50 50 50 50 35 29 24 8 8 2 2 2 2 2 2 2 2 2 2 0 0 0 0 
51 51 51 51 51 51 51 51 51 51 51 51 51 51 51 51 51 51 51 51 51 51 51 51 51 51 51 50 50 50 50 39 12 8 8 1 1 1 1 1 1 1 1 1 1 1 1 0 0 0 
51 51 51 51 51 51 51 51 51 51 51 51 51 51 51 51 51 51 51 51 51 51 51 51 51 51 51 51 51 28 16 13 10 9 9 2 2 2 2 2 2 2 2 2 2 2 2 2 2 1 
52 52 52 52 52 52 52 52 52 52 52 52 52 52 52 52 52 52 52 52 52 52 52 52 52 52 52 52 52 13 13 8 8 8 8 8 6 3 3 3 3 3 3 3 3 3 3 2 2 2 
51 51 51 51 51 51 51 51 51 51 51 51 51 51 51 51 51 51 51 51 51 51 51 51 51 51 51 51 51 51 51 51 16 12 9 8 4 4 1 1 1 1 1 1 1 1 1 1 1 1 
51 51 51 51 51 51 51 51 51 51 51 51 51 51 51 51 51 51 51 51 51 51 51 51 51 51 51 51 51 14 13 10 10 7 2 1 1 1 1 1 1 1 1 1 1 1 1 1 1 0 
51 51 51 51 51 51 51 51 51 51 51 51 51 51 51 51 51 51 51 51 51 51 51 51 51 51 51 51 51 51 51 51 51 51 51 51 51 51 47 36 35 18 13 11 10 1 1 1 1 1 
51 51 51 51 51 51 51 51 51 51 51 51 51 51 51 51 51 51 51 51 51 51 51 51 51 51 51 51 51 51 51 51 51 51 51 51 51 51 51 51 51 50 36 33 13 12 7 2 2 1 
58 52 52 52 52 52 52 52 52 52 52 52 52 52 52 52 52 52 52 52 52 52 52 52 52 52 52 52 52 52 52 52 52 52 52 52 52 16 10 3 3 3 3 3 3 3 3 3 3 1 
59 51 51 51 51 51 51 51 51 51 51 51 51 51 51 51 51 51 51 51 51 51 51 51 51 51 51 51 51 51 51 51 51 51 51 51 51 50 15 15 13 10 2 2 2 2 2 2 2 1 
59 53 53 53 53 53 53 53 53 53 53 53 53 53 53 53 53 53 53 53 53 53 53 53 53 53 53 53 53 53 53 53 53 53 50 43 39 33 31 20 11 5 5 5 5 5 5 5 5 3 
56 50 50 50 50 50 50 50 50 50 50 50 50 50 50 50 50 50 50 50 50 50 50 50 50 50 50 50 50 50 50 50 50 50 50 50 50 50 50 50 50 50 50 13 9 1 1 1 1 1 
56 50 50 50 50 50 50 50 50 50 50 50 50 50 50 50 50 50 50 50 50 50 50 50 50 50 50 50 50 50 50 50 50 50 50 50 50 50 50 50 50 50 17 0 0 0 0 0 0 0 
56 52 52 52 52 52 52 52 52 52 52 52 52 52 52 52 52 52 52 52 52 52 52 52 52 52 52 52 52 52 52 52 52 52 52 52 50 28 20 17 9 4 2 2 2 2 2 2 2 0 
54 51 51 51 51 51 51 51 51 51 51 51 51 51 51 51 51 51 51 51 51 51 51 51 51 51 51 51 51 51 51 51 51 51 51 51 51 51 51 51 50 50 50 15 11 7 7 1 1 1 
54 50 50 50 50 50 50 50 50 50 50 50 50 50 50 50 50 50 50 50 50 50 50 50 50 50 50 50 50 50 50 50 50 50 50 50 50 50 50 50 37 18 16 11 10 0 0 0 0 0 
55 52 52 52 52 52 52 52 52 52 52 52 52 52 52 52 52 52 52 52 52 52 52 52 52 52 52 52 52 52 52 52 50 38 35 22 11 4 4 4 4 4 4 4 4 4 4 4 2 2 
56 51 51 51 51 51 51 51 51 51 51 51 51 51 51 51 51 51 51 51 51 51 51 51 51 51 51 51 51 51 51 51 51 51 51 51 50 50 24 19 19 17 15 3 3 3 3 3 2 1 
52 51 51 51 51 51 51 51 51 51 51 51 51 51 51 51 51 51 51 51 51 51 51 51 51 51 51 51 51 51 51 51 51 51 50 50 25 20 14 13 7 3 3 3 3 3 3 1 1 1 
61 60 60 52 52 52 52 52 52 52 52 52 52 52 52 52 52 52 52 52 52 52 52 52 52 52 52 52 52 52 52 52 52 52 50 50 50 50 22 14 9 8 7 6 3 3 3 3 3 3 
61 61 59 59 51 51 51 51 51 51 51 51 51 51 51 51 51 51 51 51 51 51 51 51 51 51 51 51 51 51 51 51 51 51 51 51 51 26 17 14 14 10 4 4 4 3 3 3 1 1 
60 58 58 58 56 56 50 50 50 50 50 50 50 50 50 50 50 50 50 50 50 50 50 50 50 50 50 50 50 50 50 50 50 50 50 36 25 25 22 16 10 7 6 0 0 0 0 0 0 0 
59 59 59 55 55 55 55 55 55 55 54 54 54 51 51 51 51 51 51 51 51 51 51 51 51 51 51 51 51 51 51 51 51 51 51 51 51 51 30 28 27 23 12 11 8 8 8 4 4 4 
72 72 58 58 58 58 58 57 56 56 56 56 56 56 56 56 56 56 56 55 54 54 54 54 51 51 51 51 51 51 51 51 51 51 51 51 51 51 51 51 51 51 51 38 37 3 3 3 3 1 
68 68 68 68 68 66 62 62 62 62 62 62 62 62 62 62 62 62 62 62 59 56 56 56 56 56 56 55 55 51 51 51 51 51 51 51 51 51 51 51 51 51 47 46 37 17 16 1 1 1 
79 73 73 72 72 72 72 72 72 71 70 69 69 67 60 60 60 60 60 60 60 60 60 60 58 58 57 57 57 51 51 51 51 51 51 51 51 51 41 39 38 30 21 12 12 11 9 8 3 3 
84 84 84 71 71 70 70 70 70 70 70 70 70 70 70 70 69 69 67 66 57 57 57 57 57 56 55 55 55 55 50 50 50 50 50 50 50 50 50 50 50 50 50 44 39 28 8 7 1 1 
75 75 75 75 75 75 67 67 67 67 67 67 67 67 67 67 67 66 65 65 62 59 58 58 58 58 56 52 52 52 52 52 52 52 52 52 52 50 50 50 50 23 20 17 17 17 16 11 8 2 
75 75 74 74 74 74 74 74 74 74 74 74 65 64 64 64 64 64 64 64 61 60 58 57 57 55 55 54 54 50 50 50 50 50 50 50 50 50 50 50 50 50 50 50 50 47 13 13 6 3 
80 80 80 79 79 78 78 77 77 77 77 77 77 77 77 77 77 77 77 77 70 69 69 69 69 69 69 68 67 63 63 63 63 60 59 59 57 57 54 54 51 51 51 51 50 50 50 28 1 1 
75 73 73 72 72 72 72 72 72 72 72 72 72 71 71 71 71 71 71 71 71 71 71 71 71 71 71 71 71 65 65 65 65 65 56 54 52 52 52 52 52 46 46 32 24 23 17 17 8 4 
78 76 76 76 76 76 75 75 75 75 75 75 75 75 75 75 75 74 74 74 74 74 74 74 74 74 74 73 69 68 68 58 58 58 58 52 52 52 50 50 50 49 40 40 28 27 27 25 16 9 
79 79 79 79 79 79 79 79 79 79 79 78 78 78 78 78 78 78 78 77 77 77 77 76 71 71 66 66 63 57 53 53 53 53 50 50 50 49 43 42 31 31 30 10 9 6 3 3 3 3 
81 81 80 80 80 79 79 79 79 79 79 79 79 78 78 78 78 78 78 78 76 73 65 63 60 59 59 57 56 54 50 50 50 50 50 50 50 50 50 50 43 32 32 29 9 8 0 0 0 0 
83 83 83 83 82 82 82 82 82 82 81 81 81 81 81 80 79 78 78 76 67 64 63 59 59 59 59 58 52 50 50 50 50 50 50 50 50 50 50 50 50 50 47 47 38 37 30 28 23 9 
78 78 78 78 78 78 78 78 78 78 78 78 78 78 78 78 78 77 76 71 69 60 59 58 58 58 57 57 55 51 51 51 51 51 51 51 51 51 51 51 51 50 50 50 43 42 42 38 1 0 
84 84 84 84 84 84 84 84 84 84 84 84 84 84 84 84 84 84 82 82 79 72 65 61 55 52 51 50 50 50 50 50 50 50 50 50 50 50 50 50 50 50 50 50 50 50 50 50 50 1 
77 77 77 77 77 77 77 77 77 77 77 77 77 77 77 77 77 77 77 77 76 76 76 76 76 66 63 63 57 56 53 51 51 51 51 51 51 51 51 51 51 51 51 51 22 5 2 1 1 1 
78 78 78 78 78 78 78 78 78 78 78 78 78 78 78 78 78 78 78 78 78 78 78 78 78 77 72 71 68 50 50 50 50 50 50 50 50 50 50 50 50 44 35 35 34 28 12 8 1 1 
83 81 81 81 81 81 81 81 81 80 80 80 80 80 80 80 80 80 80 80 80 80 80 80 80 80 80 78 75 69 60 53 50 50 50 50 50 50 50 32 32 32 32 32 32 24 11 1 1 1 
80 80 80 80 80 80 80 80 80 80 80 80 79 78 78 78 78 78 78 78 78 78 77 76 66 58 57 56 52 51 51 51 51 51 51 51 51 50 46 46 38 36 34 30 24 19 15 10 9 5 
82 82 79 79 79 79 79 79 79 79 79 79 79 79 79 79 79 79 78 78 78 78 67 59 59 59 59 50 50 50 50 50 50 50 50 50 50 50 50 50 50 43 37 33 9 4 1 1 1 0 
83 83 83 83 80 80 80 80 80 80 80 80 80 80 80 80 80 80 80 80 80 80 80 80 78 78 78 78 78 78 77 74 67 62 61 51 51 51 51 50 50 50 47 35 33 28 9 5 1 1 
84 84 84 84 80 80 80 80 80 80 80 80 80 80 80 80 80 80 80 80 80 80 80 80 78 77 77 75 68 60 58 55 55 53 53 50 50 50 50 50 50 50 44 34 26 26 20 17 9 6 
89 89 89 89 89 87 87 87 87 87 87 87 87 87 87 87 87 87 87 87 84 84 83 79 75 75 74 68 62 62 59 59 51 51 51 51 51 51 51 48 47 45 44 43 41 29 7 2 2 1 
82 80 80 80 80 80 80 80 80 80 80 80 80 80 80 80 80 80 80 80 79 79 78 78 76 76 73 73 73 69 67 63 58 56 52 51 51 51 51 50 45 44 37 36 20 10 10 7 6 3 
83 83 83 83 83 83 83 83 83 83 81 81 81 81 81 81 81 81 81 81 81 78 78 78 77 77 77 70 70 68 64 62 61 61 60 59 56 56 54 51 51 51 51 51 50 45 42 39 39 2 
