50 50 50 50 50 50 50 50 50 50 50 50 50 24 2 1 1 1 1 1 1 1 1 1 1 1 1 1 1 1 1 1 1 1 1 1 1 1 1 1 1 1 1 0 0 0 0 0 0 0 
51 51 51 51 51 50 50 50 50 50 50 50 50 50 50 50 50 50 50 50 50 50 50 50 50 9 2 1 1 1 1 1 1 1 1 1 1 1 1 0 0 0 0 0 0 0 0 0 0 0 
52 52 52 52 52 52 52 50 50 50 50 50 50 50 50 50 50 50 50 50 50 50 50 50 50 50 50 50 50 50 50 23 23 16 15 14 13 13 12 12 10 2 2 2 2 2 0 0 0 0 
51 51 51 51 51 51 51 51 51 51 51 51 51 50 50 50 50 50 50 50 50 50 50 50 50 50 50 50 50 50 50 50 50 50 34 27 15 13 11 5 1 1 1 0 0 0 0 0 0 0 
52 52 52 52 52 52 52 52 52 52 52 52 52 52 52 52 52 52 52 52 52 52 50 50 50 50 50 50 50 28 10 9 9 9 8 8 8 8 2 2 2 2 2 2 2 2 2 2 2 0 
51 51 51 51 51 51 51 51 51 51 51 51 51 51 51 51 51 51 51 51 51 51 51 51 51 51 51 51 51 51 51 51 51 51 51 50 43 29 14 13 13 10 9 9 8 3 2 2 2 2 
51 51 51 51 51 51 51 51 51 51 51 51 51 51 51 51 51 51 51 51 51 51 51 51 51 51 51 51 51 51 51 51 51 51 50 50 50 50 17 14 9 7 5 1 1 1 1 1 1 1 
54 54 54 54 54 54 54 54 54 54 54 54 54 54 54 54 54 54 54 54 54 54 54 54 54 54 54 54 54 54 54 54 54 54 54 54 14 10 8 6 6 6 6 6 6 6 6 6 6 2 
51 51 51 51 51 51 51 51 51 51 51 51 51 51 51 51 51 51 51 51 51 51 51 51 51 51 51 51 51 51 51 51 51 34 7 6 1 1 1 1 1 1 1 1 1 1 1 1 1 1 
50 50 50 50 50 50 50 50 50 50 50 50 50 50 50 50 50 50 50 50 50 50 50 50 50 50 50 50 50 50 50 50 50 50 50 50 50 50 50 50 50 15 15 13 1 0 0 0 0 0 
50 50 50 50 50 50 50 50 50 50 50 50 50 50 50 50 50 50 50 50 50 50 50 50 50 50 50 50 50 50 50 50 50 50 50 50 50 50 50 50 19 9 0 0 0 0 0 0 0 0 
50 50 50 50 50 50 50 50 50 50 50 50 50 50 50 50 50 50 50 50 50 50 50 50 50 50 50 50 50 50 50 50 50 50 15 7 6 0 0 0 0 0 0 0 0 0 0 0 0 0 
53 53 53 53 53 53 53 53 53 53 53 53 53 53 53 53 53 53 53 53 53 53 53 53 53 53 53 53 53 53 53 53 53 53 50 50 50 26 18 12 9 4 3 3 3 3 3 3 3 0 
52 52 52 52 52 52 52 52 52 52 52 52 52 52 52 52 52 52 52 52 52 52 52 52 52 52 52 52 52 52 52 52 52 52 52 52 52 52 52 52 50 31 12 7 5 2 2 2 2 2 
50 50 50 50 50 50 50 50 50 50 50 50 50 50 50 50 50 50 50 50 50 50 50 50 50 50 50 50 50 50 50 50 50 50 50 50 50 50 50 50 50 50 21 10 9 2 2 2 2 2 
54 54 54 54 54 54 54 54 54 54 54 54 54 54 54 54 54 54 54 54 54 54 54 54 54 54 54 54 54 54 54 54 54 54 54 54 54 50 34 10 10 10 4 4 4 4 4 4 4 4 
51 51 51 51 51 51 51 51 51 51 51 51 51 51 51 51 51 51 51 51 51 51 51 51 51 51 51 51 51 51 51 51 51 51 51 51 51 51 51 51 51 51 51 51 50 36 33 32 30 7 
59 51 51 51 51 51 51 51 51 51 51 51 51 51 51 51 51 51 51 51 51 51 51 51 51 51 51 51 51 51 51 51 51 51 51 51 51 51 39 28 26 2 2 2 2 2 2 2 2 2 
58 58 51 51 51 51 51 51 51 51 51 51 51 51 51 51 51 51 51 51 51 51 51 51 51 51 51 51 51 51 51 51 51 51 51 51 51 51 33 29 21 19 12 8 8 1 1 1 1 1 
61 61 61 61 61 61 61 50 50 50 50 50 50 50 50 50 50 50 50 50 50 50 50 50 50 50 50 50 50 50 50 50 50 50 50 32 29 11 8 2 2 2 2 2 2 2 0 0 0 0 
60 60 60 60 60 60 60 60 60 60 60 60 60 60 51 51 51 51 51 51 51 51 51 51 51 51 51 51 51 51 51 51 51 51 51 51 51 51 50 50 6 5 5 2 2 2 2 2 2 2 
62 62 59 59 59 59 59 59 59 59 59 59 59 59 59 59 59 59 59 59 59 59 52 52 52 52 52 52 52 52 52 52 52 52 52 52 52 50 50 50 38 35 13 12 9 5 5 5 5 5 
73 62 62 56 56 56 56 56 56 56 56 56 56 56 56 56 56 56 56 56 56 56 56 52 52 52 52 52 52 52 52 52 52 52 52 52 51 50 50 50 50 36 36 12 12 6 6 6 2 2 
78 75 64 64 59 59 59 59 59 59 59 59 59 59 59 59 59 59 59 59 59 59 59 59 59 59 59 51 51 51 51 51 50 50 50 50 45 24 20 19 19 17 9 9 9 9 9 7 1 0 
78 78 78 77 77 66 66 66 61 61 61 61 61 61 61 61 61 61 61 59 53 50 50 50 50 50 50 50 50 50 50 50 50 46 42 37 27 20 18 15 11 11 11 11 11 8 6 3 0 0 
80 80 80 80 80 80 76 74 74 74 74 74 74 74 64 64 64 64 64 64 64 64 64 56 56 56 56 56 56 56 56 56 55 55 51 51 51 51 51 42 37 34 33 32 28 21 20 7 2 2 
81 80 80 80 80 79 79 79 79 79 79 77 77 77 77 77 77 77 75 75 75 75 63 63 63 63 63 61 61 61 58 58 58 58 57 51 51 51 51 50 47 45 40 32 28 19 19 15 12 2 
83 80 78 78 77 77 77 77 77 77 77 77 77 77 77 77 77 77 77 76 74 74 74 72 68 66 66 60 60 60 59 57 52 52 50 50 50 50 50 50 50 49 43 39 33 30 28 27 26 16 
76 76 76 76 76 76 76 75 74 74 74 74 74 74 74 74 74 74 74 74 74 74 74 73 68 60 60 59 59 58 58 58 51 50 50 50 50 50 50 50 50 50 50 45 43 43 43 36 36 9 
79 79 79 78 78 77 77 77 77 77 77 77 77 76 76 76 76 76 76 76 76 72 68 67 60 58 58 58 57 53 53 53 53 53 53 53 51 50 50 50 50 50 49 48 43 42 42 38 35 17 
84 84 84 82 82 81 81 81 81 81 80 80 80 80 80 80 80 80 78 77 58 58 57 56 54 53 51 51 51 51 51 50 50 50 47 45 43 39 39 37 33 33 32 27 23 13 11 1 1 1 
88 88 87 87 85 84 84 84 84 83 83 83 83 83 83 83 83 81 80 80 78 68 61 59 59 59 57 53 51 51 51 51 51 51 51 50 44 43 40 37 36 29 27 20 19 10 7 6 2 2 
81 81 81 81 81 81 78 77 77 75 75 75 75 75 75 75 75 74 74 73 64 55 55 52 52 52 51 51 51 51 51 50 49 46 42 39 39 39 39 39 38 32 32 29 29 25 8 8 7 5 
77 77 77 77 77 77 77 75 74 74 72 72 72 72 72 69 69 69 69 68 67 67 66 66 61 51 51 51 51 51 51 51 51 50 50 46 45 39 38 38 35 35 33 33 30 27 25 23 17 10 
85 85 85 85 85 85 85 85 85 85 85 85 85 84 84 84 81 81 81 81 80 79 75 75 60 57 57 53 52 52 50 50 50 50 47 44 43 41 41 41 38 36 36 32 21 21 15 7 2 2 
83 83 83 83 83 83 83 83 83 83 83 83 83 83 83 83 83 83 83 83 83 83 82 80 60 59 59 58 55 51 51 51 51 51 51 51 51 51 51 42 42 42 42 35 34 29 20 12 11 2 
80 80 80 80 80 80 80 80 80 80 80 80 80 80 80 80 80 80 80 80 80 64 64 63 63 61 54 52 52 52 52 52 52 50 50 50 50 50 49 49 47 37 37 36 31 16 9 9 2 2 
85 85 85 85 85 85 85 85 85 85 85 85 85 85 85 85 85 84 84 84 84 63 63 63 61 57 57 56 56 55 50 50 50 50 50 43 42 41 41 41 35 34 22 15 13 13 6 6 6 0 
85 85 85 85 85 85 85 85 85 85 85 85 85 85 85 85 85 85 85 85 85 83 83 83 83 83 83 64 61 60 60 59 51 50 50 50 50 50 50 44 44 43 43 43 36 22 19 11 11 8 
80 80 80 80 80 80 80 80 80 80 80 80 80 80 80 80 80 80 80 80 80 80 80 79 77 77 77 77 77 71 61 61 61 60 60 59 59 58 58 58 58 52 51 50 49 49 39 39 39 18 
82 82 82 82 82 82 82 82 82 82 82 82 82 82 82 82 82 82 82 82 79 79 79 79 61 61 61 61 61 61 61 60 59 59 52 52 52 52 50 50 47 45 45 44 44 42 36 36 15 9 
87 87 87 87 87 87 87 87 87 87 87 87 87 87 87 87 87 85 85 85 85 78 78 61 61 61 60 60 59 58 54 52 50 50 50 50 42 41 41 41 30 28 17 14 14 14 11 11 10 2 
79 79 79 79 79 79 79 79 79 79 79 79 79 79 79 79 79 79 79 79 76 67 66 59 59 52 50 50 50 50 50 50 50 50 50 49 49 44 39 35 34 34 34 34 34 29 15 12 10 0 
76 76 76 76 76 76 76 76 76 76 76 76 76 76 76 76 76 75 75 75 75 75 73 73 73 70 70 58 58 58 58 55 55 51 51 50 50 50 50 50 50 34 32 31 31 28 23 23 15 13 
80 80 80 80 80 80 80 80 80 80 80 80 80 80 80 80 80 79 79 79 79 79 79 68 58 55 55 55 55 55 55 55 52 52 51 51 50 50 50 37 36 35 35 35 35 35 35 32 32 20 
79 79 79 79 79 79 79 79 79 79 79 79 79 79 79 79 79 79 79 79 79 79 78 76 75 75 75 69 60 59 59 59 59 59 59 59 59 52 51 50 50 47 46 34 34 22 21 10 6 1 
82 82 82 82 82 82 82 82 82 82 82 82 82 82 82 82 82 80 78 77 61 61 61 61 61 58 58 58 50 50 50 46 45 42 41 40 40 40 39 38 32 31 31 20 19 18 9 9 8 1 
79 79 79 78 78 78 78 78 78 78 78 78 78 78 78 78 78 78 78 73 59 59 59 59 59 58 58 52 51 50 46 41 41 37 36 34 34 33 33 33 33 33 29 29 29 29 18 3 2 2 
79 79 79 79 79 79 79 79 79 79 79 79 79 79 79 79 79 78 78 78 77 77 77 59 59 58 58 58 58 58 58 58 57 53 50 50 50 50 46 44 41 40 40 37 35 35 35 28 20 14 
79 75 75 75 75 75 75 75 74 74 74 74 74 74 74 74 74 74 74 72 72 67 57 57 57 57 56 56 51 51 51 51 50 45 44 43 43 43 43 42 41 40 39 38 38 36 36 35 35 35 
