54 54 50 50 50 50 50 50 50 50 50 50 8 8 6 6 6 6 6 6 6 6 6 6 6 6 6 6 6 4 4 4 4 4 4 4 4 4 4 4 4 2 2 2 2 2 2 2 2 2 
52 50 50 50 50 50 50 50 50 50 50 50 50 50 50 50 50 50 50 50 50 50 50 41 11 11 5 2 2 2 2 2 2 2 2 2 2 2 2 2 2 2 2 2 0 0 0 0 0 0 
50 50 50 50 50 50 50 50 50 50 50 50 50 50 50 50 50 50 50 50 50 50 50 50 50 50 50 50 50 50 50 50 50 50 50 22 18 10 0 0 0 0 0 0 0 0 0 0 0 0 
50 50 50 50 50 50 50 50 50 50 50 50 50 50 50 50 50 50 50 50 50 50 50 50 50 50 50 50 50 50 50 50 50 50 50 50 21 10 10 5 0 0 0 0 0 0 0 0 0 0 
51 51 51 51 51 51 51 51 51 51 50 50 50 50 50 50 50 50 50 50 50 50 50 50 50 50 50 50 50 50 50 50 50 50 50 50 31 31 12 10 1 1 1 1 1 0 0 0 0 0 
51 51 51 51 51 51 51 51 51 51 51 51 51 51 51 51 51 51 50 50 50 50 50 50 50 50 50 50 50 50 50 50 50 50 50 50 50 37 35 20 3 1 1 1 1 1 1 1 0 0 
51 51 51 51 51 51 51 51 51 51 51 51 51 51 51 51 51 51 51 51 51 51 51 51 51 50 50 50 50 50 50 50 50 50 50 50 50 23 8 8 1 1 1 1 1 1 0 0 0 0 
53 53 53 53 53 53 53 53 53 53 53 53 53 53 53 53 53 53 53 53 53 53 53 53 53 53 53 53 53 53 53 53 53 53 53 53 53 53 50 50 50 17 9 4 4 4 4 4 4 1 
53 53 53 53 53 53 53 53 53 53 53 53 53 53 53 53 53 53 53 53 53 53 53 53 53 53 53 53 53 53 53 50 50 18 15 14 13 4 4 4 4 4 4 4 4 4 3 3 3 1 
50 50 50 50 50 50 50 50 50 50 50 50 50 50 50 50 50 50 50 50 50 50 50 50 50 50 50 50 50 50 50 50 50 50 23 19 17 16 15 3 3 3 3 3 3 3 0 0 0 0 
50 50 50 50 50 50 50 50 50 50 50 50 50 50 50 50 50 50 50 50 50 50 50 50 50 50 50 50 50 50 50 50 50 50 50 50 50 28 12 10 10 0 0 0 0 0 0 0 0 0 
50 50 50 50 50 50 50 50 50 50 50 50 50 50 50 50 50 50 50 50 50 50 50 50 50 50 50 50 50 50 50 50 50 50 50 50 15 13 12 12 11 5 0 0 0 0 0 0 0 0 
51 51 51 51 51 51 51 51 51 51 51 51 51 51 51 51 51 51 51 51 51 51 51 51 51 51 51 51 51 51 51 51 51 51 51 51 51 51 51 51 51 51 49 46 35 31 14 12 10 9 
50 50 50 50 50 50 50 50 50 50 50 50 50 50 50 50 50 50 50 50 50 50 50 50 50 50 50 50 50 50 50 50 50 50 50 50 50 50 50 15 9 7 0 0 0 0 0 0 0 0 
51 51 51 51 51 51 51 51 51 51 51 51 51 51 51 51 51 51 51 51 51 51 51 51 51 51 51 51 51 51 51 51 51 51 51 51 50 50 50 50 42 17 15 1 1 1 1 1 1 1 
52 52 52 52 52 52 52 52 52 52 52 52 52 52 52 52 52 52 52 52 52 52 52 52 52 52 52 52 52 52 52 52 52 52 52 52 52 52 50 31 16 11 2 2 2 2 2 2 2 0 
52 52 52 52 52 52 52 52 52 52 52 52 52 52 52 52 52 52 52 52 52 52 52 52 52 52 52 52 52 52 52 52 50 50 48 31 25 24 11 2 2 2 2 2 2 2 2 2 2 2 
52 52 52 52 52 52 52 52 52 52 52 52 52 52 52 52 52 52 52 52 52 52 52 52 52 52 52 52 52 52 52 20 10 5 3 3 3 3 3 3 2 2 2 2 2 2 2 2 2 1 
51 51 51 51 51 51 51 51 51 51 51 51 51 51 51 51 51 51 51 51 51 51 51 51 51 51 51 51 51 51 51 51 51 51 51 27 27 22 12 9 9 4 4 4 4 4 4 1 1 1 
51 51 51 51 51 51 51 51 51 51 51 51 51 51 51 51 51 51 51 51 51 51 51 51 51 51 51 51 51 51 51 51 51 51 48 45 42 39 39 29 26 20 18 9 9 1 1 1 1 1 
51 51 51 51 51 51 51 51 51 51 51 51 51 51 51 51 51 51 51 51 51 51 51 51 51 51 51 43 32 15 8 7 7 7 2 2 2 2 2 2 2 2 2 2 2 1 1 1 1 1 
53 53 53 53 53 53 53 53 53 53 53 53 53 53 53 53 53 53 53 53 53 53 53 53 53 53 53 53 53 53 53 53 53 34 26 15 13 11 3 3 3 3 3 3 3 3 3 3 3 3 
50 50 50 50 50 50 50 50 50 50 50 50 50 50 50 50 50 50 50 50 50 50 50 50 50 50 50 50 50 50 50 50 50 50 50 50 50 50 18 16 10 1 1 1 1 0 0 0 0 0 
52 52 52 52 52 52 52 52 52 52 52 52 52 52 52 52 52 52 52 52 52 52 52 52 52 52 52 52 52 52 52 52 39 22 18 9 2 2 2 2 2 2 2 2 2 2 2 2 2 2 
52 52 52 52 52 52 52 52 52 52 52 52 52 52 52 52 52 52 52 52 52 52 52 52 52 52 52 52 52 52 52 52 37 35 34 16 14 13 13 12 2 2 2 2 2 2 2 2 2 2 
52 52 52 52 52 52 52 52 52 52 52 52 52 52 52 52 52 52 52 52 52 52 52 52 52 52 52 52 52 52 52 52 52 52 38 28 17 5 5 5 5 5 5 5 5 5 5 2 2 2 
51 51 51 51 51 51 51 51 51 51 51 51 51 51 51 51 51 51 51 51 51 51 51 51 51 51 51 51 51 51 51 51 37 35 25 20 12 9 6 6 2 2 2 2 2 2 2 2 2 1 
53 53 53 53 53 53 53 53 53 53 53 53 53 53 53 53 53 53 53 53 53 53 53 53 53 53 53 53 53 53 53 53 53 53 43 40 12 12 12 12 12 12 10 5 5 5 5 5 5 3 
50 50 50 50 50 50 50 50 50 50 50 50 50 50 50 50 50 50 50 50 50 50 50 50 50 50 50 50 50 50 50 50 50 50 50 50 50 50 50 45 36 14 14 12 8 1 1 1 1 0 
51 51 51 51 51 51 51 51 51 51 51 51 51 51 51 51 51 51 51 51 51 51 51 51 51 51 51 51 51 51 51 51 51 51 51 50 25 23 13 11 9 8 8 8 5 1 1 1 1 1 
52 52 52 52 52 52 52 52 52 52 52 52 52 52 52 52 52 52 52 52 52 52 52 52 52 52 52 52 52 52 52 52 52 50 15 13 12 11 11 11 10 9 5 2 2 2 2 2 2 2 
57 51 51 51 51 51 51 51 51 51 51 51 51 51 51 51 51 51 51 51 51 51 51 51 51 51 51 51 51 51 51 51 51 37 35 21 20 8 7 7 6 4 2 2 2 2 2 2 2 1 
53 53 53 53 51 51 51 51 51 51 51 51 51 51 51 51 51 51 51 51 51 51 51 51 51 51 51 51 51 51 51 51 51 51 51 51 51 51 51 51 51 35 15 15 10 7 3 1 1 0 
56 56 56 56 56 56 56 51 51 51 51 51 51 51 51 51 51 51 51 51 51 51 51 51 51 51 51 51 51 51 51 51 51 51 51 51 51 50 33 32 21 11 7 7 7 6 5 1 1 1 
56 56 56 56 56 56 56 56 56 56 56 56 56 56 51 51 51 51 51 51 51 51 51 51 51 51 51 51 51 51 51 51 51 51 51 51 51 42 37 31 19 12 12 7 7 6 2 2 2 2 
72 57 57 57 57 57 57 57 57 57 57 57 57 57 57 57 57 57 57 57 57 57 57 56 50 50 50 50 50 50 50 50 50 50 50 50 50 50 50 50 39 36 34 7 7 1 0 0 0 0 
73 73 72 72 64 63 63 63 63 63 63 63 63 63 63 63 63 63 63 63 63 63 63 63 63 63 63 63 63 63 62 62 59 54 54 54 54 54 54 54 54 54 54 54 54 44 15 13 13 13 
77 75 75 75 75 63 60 60 60 58 58 58 58 58 58 58 58 58 58 58 58 58 58 58 58 58 58 58 58 58 58 57 51 51 51 51 51 51 51 51 51 50 50 37 33 30 10 6 6 1 
73 70 70 70 70 66 66 66 66 66 61 55 54 54 54 54 54 53 53 53 53 53 53 53 53 53 53 53 53 53 53 53 50 50 50 50 50 50 50 50 30 25 23 4 3 3 0 0 0 0 
73 73 73 73 73 73 73 73 73 70 70 70 70 70 59 59 59 59 59 59 57 57 57 57 57 57 57 57 51 51 37 37 30 30 30 30 29 28 25 11 10 8 8 8 8 8 8 2 2 2 
72 69 63 63 63 63 63 63 63 63 63 63 63 63 63 63 55 52 52 52 52 52 52 52 52 50 50 50 50 35 30 27 26 23 23 20 18 16 16 11 10 10 9 5 0 0 0 0 0 0 
70 70 70 66 66 66 66 66 66 66 66 66 66 66 66 66 65 65 61 60 60 60 59 57 57 57 50 50 50 50 50 26 24 21 21 18 17 16 16 14 13 13 10 7 7 3 3 3 0 0 
75 75 75 75 75 75 75 75 75 75 75 75 75 75 75 75 75 68 68 68 64 64 64 64 64 60 60 53 53 53 53 50 50 50 50 44 34 30 29 28 27 25 24 18 14 14 13 13 6 3 
69 69 69 69 69 69 69 69 69 69 69 69 69 69 69 69 69 69 69 69 68 62 62 54 54 54 54 54 54 54 54 54 54 51 51 51 51 50 50 50 40 33 24 23 22 22 19 18 1 1 
82 67 67 67 67 67 67 67 67 67 67 67 67 67 67 67 67 65 60 59 58 53 53 53 53 53 52 50 50 50 50 38 36 34 29 29 29 24 23 23 21 19 12 10 9 8 5 3 2 2 
77 68 68 68 68 68 68 68 68 68 68 68 68 68 68 68 68 68 68 68 66 66 65 53 53 53 52 50 50 50 50 50 50 50 50 50 50 50 50 27 26 26 18 18 15 8 8 3 0 0 
78 67 67 67 67 67 67 67 67 67 67 67 67 67 67 67 67 67 67 67 67 67 59 59 56 56 56 56 54 52 52 52 52 28 28 26 22 22 17 17 17 17 16 13 13 12 11 9 6 2 
80 75 75 75 75 75 75 75 75 75 75 75 75 75 75 75 75 75 75 75 75 75 75 75 75 75 75 74 72 72 67 61 61 59 59 59 57 52 52 50 34 31 26 25 25 25 25 22 12 9 
81 81 80 73 73 73 73 73 73 73 73 73 73 73 73 73 73 73 73 73 73 73 73 73 73 73 73 73 73 70 70 68 66 58 57 57 56 56 56 51 51 51 38 38 23 23 23 17 14 1 
76 76 76 75 75 67 67 67 67 67 67 67 67 67 67 67 67 67 67 67 67 67 67 67 67 67 66 66 66 64 59 56 51 51 51 51 51 47 27 27 26 26 26 25 24 18 18 16 9 6 
