% Ministry of Cellular Automata
% Project Deux (CS523 Spring 2015)
% Version:v0.1-66-g3e0f-dirty
%  pop:50
%  ic count:100
%  CA Log option:r2/run27
%  width:121
%  max workers:4
%  radius:2
%  iterations:300
%  generations:50

 generation 0.50.1.1.50.50.5.0.1.50.1.1.50.0.6.0.0.1.1.50.0.0.1.7.1.13.1.1.4.50.5.0.1.50.50.0.50.1.1.1.1.50.1.50.50.12.1.1.50.1.11.xover.mutate.done 50
 generation 1.50.50.50.50.50.50.50.50.50.50.1.62.50.50.21.1.1.17.14.8.19.1.2.1.50.51.2.2.50.2.16.50.2.9.2.1.2.9.1.1.51.1.39.1.1.38.2.50.50.51.xover.mutate.done 50
 generation 2.62.50.50.51.50.50.50.50.50.50.1.1.50.50.1.50.20.1.16.50.50.1.7.48.48.50.50.50.0.50.1.0.6.7.0.1.50.50.50.1.48.1.6.1.1.39.50.50.1.50.xover.mutate.done 50
 generation 3.63.53.52.52.50.50.50.50.50.50.27.27.5.3.46.50.3.50.53.53.11.53.52.5.52.2.50.52.52.52.53.50.10.5.2.50.2.52.50.14.2.5.42.5.52.5.5.24.53.5.xover.mutate.done 50
 generation 4.61.50.50.50.50.50.50.50.50.50.0.0.50.27.0.50.50.0.12.0.50.50.0.0.50.0.10.50.50.42.0.0.0.50.50.50.0.0.0.27.50.50.50.0.50.0.0.50.50.50.xover.mutate.done 50
 generation 5.59.50.50.50.50.50.50.50.50.50.42.0.0.0.50.50.0.50.27.50.0.0.50.15.50.9.17.0.27.50.0.50.0.28.0.0.50.50.50.50.50.0.50.50.50.0.0.50.2.0.xover.mutate.done 50
 generation 6.58.50.50.50.50.50.50.51.51.51.1.50.0.50.51.11.51.30.1.50.1.50.50.1.0.50.1.1.0.0.1.1.51.0.50.1.1.14.51.9.50.0.51.20.51.1.1.1.50.0.xover.mutate.done 50
 generation 7.66.51.51.51.51.51.51.51.51.51.50.51.0.51.1.1.1.51.1.51.50.1.1.50.1.51.1.51.51.1.0.50.0.1.51.1.50.51.50.50.50.50.51.51.1.50.0.2.34.1.xover.mutate.done 50
 generation 8.59.50.50.50.50.50.50.50.50.50.8.0.0.0.50.50.50.0.50.43.50.50.0.50.50.50.17.3.50.50.0.0.50.0.50.50.50.50.50.50.50.50.0.50.0.0.0.8.50.0.xover.mutate.done 50
 generation 9.67.51.51.51.51.51.51.51.51.51.4.1.7.15.1.1.50.51.12.51.0.51.1.51.1.8.1.51.15.1.51.1.51.1.1.5.1.51.1.1.51.50.1.0.1.50.50.1.1.51.xover.mutate.done 50
 generation 10.69.51.51.51.51.51.51.51.51.51.1.1.1.1.1.1.1.51.51.51.1.51.51.7.9.51.51.51.1.51.1.51.51.0.1.1.51.51.50.1.51.10.51.51.1.1.1.1.51.51.xover.mutate.done 50
 generation 11.67.51.51.51.51.51.51.51.51.51.2.2.51.51.41.51.50.51.51.39.28.1.1.2.51.2.51.51.51.51.26.2.2.51.1.51.50.51.2.51.2.51.51.2.51.51.51.51.2.36.xover.mutate.done 50
 generation 12.62.51.51.51.51.51.51.51.51.51.51.51.51.36.11.5.5.51.9.51.51.51.51.51.4.51.5.5.51.5.51.51.51.51.51.5.51.51.51.50.50.51.51.51.51.54.51.5.11.1.xover.mutate.done 50
 generation 13.67.50.50.50.50.50.50.50.50.50.50.0.50.50.50.5.50.50.50.50.24.0.0.50.50.0.0.50.50.50.0.50.0.0.50.50.0.50.50.50.0.50.50.9.0.33.50.0.50.5.xover.mutate.done 50
 generation 14.67.50.53.53.53.53.53.53.53.53.3.3.0.53.53.3.53.53.3.3.3.3.53.3.0.3.36.53.53.3.53.53.53.53.39.6.3.50.9.3.3.53.53.53.3.53.53.53.23.3.xover.mutate.done 50
 generation 15.79.50.50.50.50.50.50.50.50.50.50.4.50.4.4.50.4.13.4.50.50.4.4.4.50.4.50.4.50.50.4.4.19.50.50.0.4.4.4.4.50.4.56.0.50.4.50.0.50.4.xover.mutate.done 50
 generation 16.63.54.51.51.51.51.51.51.51.51.0.50.46.1.1.1.51.1.1.1.1.1.51.51.1.1.51.1.1.1.1.0.1.51.1.1.51.51.51.51.51.51.1.21.0.51.1.1.1.1.xover.mutate.done 50
 generation 17.71.57.52.52.52.52.52.52.52.52.0.2.52.2.36.2.0.2.2.34.52.2.52.52.50.2.2.52.52.52.52.52.52.2.52.2.50.52.52.2.52.34.2.8.2.52.2.52.0.41.xover.mutate.done 50
 generation 18.63.57.51.51.51.51.51.51.51.51.51.1.51.38.17.51.51.51.51.1.50.51.0.1.38.51.1.1.51.1.1.51.0.0.23.38.51.0.1.51.50.50.1.51.1.50.50.51.32.1.xover.mutate.done 50
 generation 19.70.55.51.51.51.51.51.51.51.51.1.2.51.2.51.50.51.51.51.51.51.51.51.51.51.51.2.51.51.50.50.2.51.51.48.50.51.51.51.51.51.2.2.50.50.1.10.51.2.6.xover.mutate.done 50
 generation 20.61.55.51.51.51.51.51.51.51.51.51.1.1.51.51.0.51.51.51.51.50.51.51.1.51.51.10.1.51.34.0.51.50.1.51.51.1.51.50.51.51.51.51.50.0.1.1.51.51.41.xover.mutate.done 50
 generation 21.73.54.50.50.50.50.50.50.50.50.50.50.0.50.50.50.2.50.2.50.2.50.2.50.2.50.50.2.2.50.38.2.2.2.50.2.0.50.50.50.2.50.50.50.2.4.50.50.16.2.xover.mutate.done 50
 generation 22.59.59.51.51.51.51.51.51.51.51.1.38.1.1.0.1.17.16.51.0.51.1.1.1.51.50.1.44.19.51.51.51.1.51.1.51.1.51.51.51.1.1.51.51.1.51.1.1.1.51.xover.mutate.done 50
 generation 23.70.54.50.50.50.50.50.50.50.50.0.50.50.50.0.0.0.5.50.50.28.50.0.50.50.0.50.50.0.0.0.17.50.0.50.50.0.50.50.50.50.50.18.50.0.0.0.50.50.0.xover.mutate.done 50
 generation 24.68.59.51.51.51.51.51.51.51.51.51.51.37.2.51.2.51.51.51.2.2.51.50.51.51.2.2.2.50.51.51.2.51.51.51.51.51.2.1.2.1.51.51.25.51.25.51.51.1.50.xover.mutate.done 50
 generation 25.64.53.51.51.51.51.51.51.51.51.51.51.2.1.50.1.2.2.51.50.51.1.50.50.51.2.2.51.2.2.50.51.51.1.51.2.2.2.51.2.51.51.51.2.51.2.50.51.2.50.xover.mutate.done 50
 generation 26.68.57.52.52.52.52.52.52.52.52.52.52.2.52.52.2.2.52.2.2.17.52.2.50.2.2.52.2.2.52.52.2.52.2.52.8.7.52.52.50.50.52.50.52.2.50.52.22.0.2.xover.mutate.done 50
 generation 27.67.58.51.51.51.51.51.51.51.51.51.2.3.15.2.51.3.2.50.1.51.51.50.3.50.24.51.2.51.51.3.3.51.51.51.51.3.50.56.51.51.51.2.3.51.3.51.2.3.51.xover.mutate.done 50
 generation 28.69.62.58.50.50.50.50.50.50.50.0.0.58.0.50.50.50.12.50.50.50.50.50.0.50.50.0.0.50.0.50.0.0.50.0.50.50.50.50.0.50.0.50.50.50.50.18.50.50.50.xover.mutate.done 50
 generation 29.72.59.59.59.52.52.52.52.52.52.50.52.52.2.52.2.52.52.52.52.2.52.2.52.52.52.59.2.52.52.52.52.52.52.2.52.52.52.50.2.52.2.52.52.52.50.2.52.2.52.xover.mutate.done 50
 generation 30.56.55.56.56.56.50.50.50.50.50.56.19.0.50.50.50.56.50.50.0.50.0.50.50.0.50.50.0.0.50.50.50.50.0.50.0.50.50.0.0.50.0.0.50.0.50.50.50.0.0.xover.mutate.done 50
 generation 31.56.56.56.56.56.56.57.51.51.51.50.3.51.1.50.4.51.50.51.1.51.51.56.51.51.4.51.4.51.51.51.1.51.9.3.9.1.4.56.51.4.51.56.1.51.51.4.51.51.51.xover.mutate.done 50
 generation 32.53.65.53.53.53.53.53.53.53.53.2.0.0.50.50.50.0.0.5.0.0.50.0.50.50.50.50.0.50.53.50.0.0.50.50.0.50.50.3.0.50.50.0.0.50.50.0.50.50.50.xover.mutate.done 50
 generation 33.62.57.55.55.55.55.55.55.55.55.55.55.50.50.50.50.50.55.0.50.50.5.0.50.50.11.50.50.59.11.50.50.55.7.9.50.59.55.50.55.0.50.0.50.50.33.50.55.55.0.xover.mutate.done 50
 generation 34.59.61.61.57.57.57.57.57.57.57.50.53.53.35.3.3.0.50.53.53.57.7.50.53.57.53.57.39.53.50.3.57.3.53.57.57.53.50.53.53.3.53.50.50.53.53.3.50.0.53.xover.mutate.done 50
 generation 35.59.59.63.55.54.54.54.54.54.54.50.54.4.7.3.7.4.54.51.51.54.4.50.7.59.4.7.44.54.54.7.4.51.4.4.50.1.51.50.4.54.3.51.50.4.4.54.3.59.4.xover.mutate.done 50
 generation 36.60.61.61.61.61.59.59.59.59.59.59.0.50.34.10.1.59.59.50.50.1.10.61.1.1.12.59.1.1.10.50.50.50.59.1.59.9.50.12.50.0.59.0.1.50.50.50.59.10.59.xover.mutate.done 50
 generation 37.63.63.63.63.63.69.54.54.54.54.1.51.54.1.50.54.1.4.1.51.51.54.4.3.54.4.54.6.50.54.54.1.51.64.51.1.51.1.1.51.54.63.54.64.0.40.32.4.51.51.xover.mutate.done 50
 generation 38.57.63.64.62.62.62.62.62.62.56.50.50.50.59.50.62.57.7.50.50.12.62.57.50.65.57.57.57.50.50.50.50.57.50.62.50.50.7.50.57.50.50.57.9.50.0.50.12.47.50.xover.mutate.done 50
 generation 39.59.58.59.58.58.58.58.58.58.58.56.10.1.51.0.22.22.50.50.56.56.8.56.56.1.58.66.58.51.59.56.50.50.9.50.58.22.51.60.50.50.51.50.50.20.58.56.56.8.8.xover.mutate.done 50
 generation 40.75.62.63.59.62.60.57.57.57.57.54.50.50.62.50.13.7.57.7.50.42.7.50.50.73.57.57.62.31.0.5.50.53.57.50.7.57.53.50.0.4.7.53.3.50.50.50.4.50.50.xover.mutate.done 50
 generation 41.73.71.60.60.60.60.60.61.60.59.50.0.10.50.59.0.0.10.10.50.36.1.0.55.5.59.0.22.50.53.50.54.50.60.9.50.0.0.1.50.60.0.32.60.60.50.0.50.53.59.xover.mutate.done 50
 generation 42.73.70.63.65.65.64.65.65.63.65.38.51.37.65.65.51.51.25.50.65.51.10.33.59.51.50.59.50.59.65.16.51.1.51.51.14.70.65.69.65.59.55.64.50.51.63.46.59.50.63.xover.mutate.done 50
 generation 43.76.76.76.72.66.65.65.65.65.65.76.38.51.65.76.36.37.31.65.65.59.66.39.76.31.51.10.60.65.59.51.11.51.60.51.60.64.2.60.38.50.51.60.74.60.51.51.31.69.76.xover.mutate.done 50
 generation 44.74.71.71.71.71.71.71.68.67.64.52.2.6.25.71.74.71.65.72.50.71.65.57.56.23.66.62.70.38.56.63.13.42.50.74.56.50.52.52.67.64.71.64.64.17.71.56.52.35.56.xover.mutate.done 50
 generation 45.73.73.73.72.71.71.71.71.71.71.79.58.71.71.2.50.71.71.71.41.69.39.17.50.72.29.65.26.64.71.67.58.23.50.39.58.50.44.12.71.50.53.30.58.71.58.10.73.71.26.xover.mutate.done 50
 generation 46.75.70.70.70.70.70.70.67.67.67.21.0.17.20.76.62.17.50.0.59.67.70.67.67.59.67.17.24.50.78.14.63.0.59.62.70.17.12.57.15.21.59.67.76.67.35.66.59.0.17.xover.mutate.done 50
 generation 47.83.83.83.83.73.73.73.73.71.71.73.50.73.67.28.13.67.50.55.83.67.50.67.40.69.50.71.67.21.16.55.83.50.83.29.18.20.50.53.56.83.73.55.50.83.67.67.67.67.55.xover.mutate.done 50
 generation 48.76.75.75.73.76.75.76.76.75.70.37.57.52.35.10.75.76.50.76.70.70.2.72.50.74.39.75.59.34.50.76.50.60.73.50.50.70.73.50.9.64.76.50.29.2.2.76.50.39.57.xover.mutate.done 50
 generation 49.77.77.77.77.77.77.77.75.77.76.71.77.41.76.51.51.51.51.77.77.77.15.76.52.69.77.71.55.51.68.59.77.76.77.6.53.76.75.77.71.53.33.51.51.11.39.77.51.77.4.xover.mutate.done 50
 26399757 iters     894214 iter/sec (29.52 s)
 total time: 29.52
