% Ministry of Cellular Automata
% Project Deux (CS523 Spring 2015)
% Version:v0.1-66-g3e0f-dirty
%  pop:50
%  ic count:100
%  CA Log option:r2/run20
%  width:121
%  max workers:4
%  radius:2
%  iterations:300
%  generations:50

 generation 0.1.1.1.3.3.50.50.13.1.1.3.3.12.11.50.1.50.50.1.2.2.50.50.50.1.3.3.50.1.50.2.2.2.1.2.1.3.3.6.13.3.3.3.44.2.3.1.50.2.12.xover.mutate.done 50
 generation 1.50.50.50.50.50.50.50.50.50.50.0.50.0.0.50.0.50.0.0.40.50.0.50.0.50.0.0.0.0.0.0.11.0.0.71.0.0.23.0.0.50.50.0.19.0.50.0.17.0.11.xover.mutate.done 50
 generation 2.72.50.50.50.50.50.50.50.50.50.50.50.50.24.38.9.12.72.0.2.2.2.2.50.2.0.2.2.0.2.12.16.34.50.47.48.0.50.0.50.2.0.0.42.30.11.52.50.10.41.xover.mutate.done 50
 generation 3.66.66.50.50.50.50.50.50.50.50.50.50.50.50.0.1.50.66.50.50.0.50.0.0.50.0.17.25.50.50.50.37.0.50.63.32.39.50.50.0.0.0.18.0.50.50.0.2.5.50.xover.mutate.done 50
 generation 4.67.67.67.61.50.50.50.50.50.50.0.5.50.50.5.50.50.50.0.50.0.50.0.50.67.50.50.50.50.17.50.12.27.8.50.0.0.20.21.0.45.67.50.50.0.42.0.50.0.50.xover.mutate.done 50
 generation 5.65.65.65.65.65.62.50.50.50.50.1.1.6.1.1.50.1.50.1.0.1.1.1.33.1.1.50.5.51.50.50.50.65.1.50.1.65.1.1.51.50.13.51.1.50.50.35.50.1.51.xover.mutate.done 50
 generation 6.73.73.73.73.73.73.73.62.50.50.0.1.50.73.1.1.1.10.1.0.38.50.50.50.0.50.50.0.1.0.50.0.73.1.73.20.11.50.51.0.50.1.50.50.50.50.51.1.0.50.xover.mutate.done 50
 generation 7.72.72.72.72.72.72.72.72.72.72.25.50.50.50.51.72.17.2.2.72.51.1.50.4.1.50.50.51.51.2.50.50.2.25.2.2.9.1.2.72.5.26.14.1.26.50.51.1.2.51.xover.mutate.done 50
 generation 8.72.72.72.72.72.72.72.72.72.72.9.50.26.1.50.1.0.33.72.50.1.72.6.22.1.72.50.23.1.0.1.32.1.1.72.72.51.1.50.1.72.72.66.1.50.33.1.26.1.50.xover.mutate.done 50
 generation 9.70.70.70.70.70.70.70.70.70.70.50.0.20.5.0.0.7.20.82.70.50.22.27.70.9.58.70.50.27.70.50.70.69.22.0.70.70.50.20.36.50.50.50.49.70.50.0.20.58.64.xover.mutate.done 50
 generation 10.80.71.71.71.71.71.71.71.71.71.71.71.52.23.71.52.71.22.22.80.68.8.71.21.22.62.51.71.71.71.11.57.71.71.1.23.22.22.71.70.71.67.23.8.50.8.62.80.71.71.xover.mutate.done 50
 generation 11.82.82.82.71.71.71.71.71.71.71.50.50.71.71.23.71.71.25.1.71.51.71.23.33.71.71.33.50.82.82.71.23.1.82.71.71.56.23.27.71.82.71.71.71.71.71.71.62.50.71.xover.mutate.done 50
 generation 12.79.79.79.79.79.79.79.68.68.68.68.30.51.50.51.68.19.66.68.1.19.51.68.79.30.2.79.68.19.68.42.68.51.18.51.47.68.2.50.68.66.10.68.79.21.79.68.51.51.68.xover.mutate.done 50
 generation 13.72.72.72.72.72.72.72.72.72.72.28.72.72.51.72.72.51.23.3.51.56.1.17.50.14.51.15.51.72.72.63.51.3.51.12.24.72.51.34.14.63.53.3.17.14.3.17.62.51.51.xover.mutate.done 50
 generation 14.76.76.76.76.76.76.76.76.76.76.20.27.52.76.59.76.3.76.76.27.50.76.50.52.76.27.76.53.27.76.76.69.1.2.76.50.27.2.20.73.28.76.52.76.75.52.72.76.27.76.xover.mutate.done 50
 generation 15.81.81.81.81.81.81.81.81.81.81.52.81.52.67.81.31.52.81.81.81.52.52.0.81.72.81.81.81.31.81.52.81.81.81.60.81.63.81.81.31.81.81.78.81.81.31.7.81.2.31.xover.mutate.done 50
 generation 16.81.81.81.81.81.81.81.81.81.81.81.3.52.26.81.52.81.81.81.81.81.32.81.60.81.79.3.52.52.52.81.52.51.69.81.34.2.81.81.81.81.32.81.52.81.52.81.81.81.81.xover.mutate.done 50
 generation 17.76.76.76.76.76.76.76.76.76.76.76.76.1.63.62.76.13.50.76.76.51.51.76.76.50.76.63.76.76.76.21.76.76.13.51.76.76.63.76.58.75.51.51.27.76.50.75.76.63.63.xover.mutate.done 50
 generation 18.77.77.77.77.77.77.77.77.77.77.55.77.77.50.77.28.30.32.74.28.59.50.42.51.73.0.3.74.30.50.77.77.51.60.50.59.77.51.60.28.77.77.65.60.40.1.60.11.24.77.xover.mutate.done 50
 generation 19.72.72.72.72.72.72.72.72.72.72.72.23.50.72.66.72.57.50.50.57.57.72.23.28.60.72.57.50.50.51.28.72.72.57.23.72.51.72.57.72.28.72.72.61.26.72.8.72.60.57.xover.mutate.done 50
 generation 20.76.76.76.76.76.76.76.76.76.76.56.70.76.76.76.51.76.42.30.56.76.76.24.76.76.76.76.76.24.56.51.70.76.33.51.76.62.76.51.51.76.26.20.76.76.76.1.51.76.51.xover.mutate.done 50
 generation 21.76.76.76.76.76.76.76.76.76.76.48.58.76.24.76.50.23.76.56.74.74.76.24.76.26.73.76.34.76.50.50.76.50.50.50.26.76.75.76.76.50.76.50.50.50.76.50.56.76.50.xover.mutate.done 50
 generation 22.78.78.78.78.78.78.78.78.78.78.50.78.1.78.51.5.55.0.77.51.77.57.51.51.50.78.29.0.60.64.51.51.28.66.68.45.61.51.78.71.45.68.50.51.50.78.10.78.51.45.xover.mutate.done 50
 generation 23.80.80.80.80.80.80.80.80.80.80.50.63.46.79.50.80.80.77.63.50.0.50.80.0.80.50.28.28.52.80.80.50.59.80.0.50.80.80.80.50.50.40.80.50.80.50.72.72.47.80.xover.mutate.done 50
 generation 24.80.80.80.80.80.80.80.80.80.80.16.50.80.50.0.80.50.50.13.80.80.80.50.37.50.50.80.30.80.80.50.80.56.30.80.50.50.35.80.73.0.80.69.30.80.44.50.50.80.80.xover.mutate.done 50
 generation 25.82.82.82.82.82.82.82.82.82.82.33.25.2.60.82.51.51.50.82.33.61.51.82.61.57.82.82.82.51.82.69.71.51.82.82.51.51.82.51.50.51.51.82.61.51.82.33.40.51.82.xover.mutate.done 50
 generation 26.80.80.80.80.80.80.80.80.80.80.70.50.56.10.50.80.50.80.80.10.56.50.79.80.80.50.56.80.80.31.50.6.79.31.34.80.56.4.26.51.16.50.6.50.80.80.50.64.80.80.xover.mutate.done 50
 generation 27.78.78.78.78.78.78.78.78.78.78.51.76.29.49.51.78.29.33.11.78.61.51.78.56.11.51.78.50.59.61.78.51.51.78.51.78.51.78.78.51.78.78.78.78.74.56.59.78.50.51.xover.mutate.done 50
 generation 28.80.80.80.80.80.80.80.80.80.80.80.54.56.70.30.40.30.50.80.80.43.6.30.80.80.30.80.30.50.70.80.80.30.80.80.30.80.31.50.80.80.50.80.80.50.80.54.56.68.30.xover.mutate.done 50
 generation 29.88.88.88.88.88.88.88.88.88.88.57.88.88.85.24.88.39.39.88.88.51.50.88.85.88.86.88.50.88.88.41.50.43.50.88.69.88.88.78.9.1.88.88.71.50.67.88.88.88.88.xover.mutate.done 50
 generation 30.72.72.72.72.72.72.72.72.72.72.72.50.50.51.55.33.28.38.50.51.13.50.23.50.23.6.50.23.37.50.30.51.50.50.51.65.50.50.72.50.72.30.47.1.50.57.72.72.72.72.xover.mutate.done 50
 generation 31.87.87.87.87.87.87.87.87.87.87.64.50.87.50.87.50.61.87.87.2.52.50.24.50.87.75.87.50.52.2.87.50.87.39.50.50.87.87.2.50.87.39.50.87.75.75.29.87.2.50.xover.mutate.done 50
 generation 32.77.77.77.77.77.77.77.77.77.77.24.52.77.77.63.77.52.77.77.2.77.77.2.77.77.50.52.38.27.2.52.27.52.77.52.52.2.77.77.49.36.77.77.50.56.55.2.77.52.5.xover.mutate.done 50
 generation 33.79.79.79.79.79.79.79.79.79.79.79.42.34.2.17.42.51.30.30.30.30.73.72.37.79.30.58.44.51.23.30.38.17.44.79.79.79.30.50.31.79.30.79.42.79.79.42.79.79.79.xover.mutate.done 50
 generation 34.82.82.82.82.82.82.82.82.82.82.82.50.34.34.82.82.48.82.2.82.34.2.82.50.82.82.82.50.50.33.43.8.82.52.34.82.50.82.50.50.82.81.45.82.50.44.13.45.82.50.xover.mutate.done 50
 generation 35.81.81.81.81.81.81.81.81.81.81.81.9.50.32.50.39.38.50.7.81.39.81.24.41.79.1.81.50.1.32.1.51.81.50.81.81.81.81.81.50.32.50.31.1.32.52.59.50.81.41.xover.mutate.done 50
 generation 36.75.75.75.75.75.75.75.75.75.75.34.50.28.48.3.72.70.7.28.50.40.47.55.28.50.50.50.50.75.28.50.50.50.10.18.75.3.54.28.50.3.28.50.50.28.59.50.0.48.50.xover.mutate.done 50
 generation 37.83.83.83.83.83.83.83.83.83.83.83.1.59.1.83.7.50.34.1.43.42.12.50.11.35.1.83.0.83.81.7.0.0.83.52.52.74.50.0.83.83.34.50.50.83.39.50.50.83.50.xover.mutate.done 50
 generation 38.80.80.80.80.80.80.80.80.80.80.50.3.80.32.3.9.52.32.80.3.80.37.51.80.50.77.80.80.57.9.32.74.16.80.35.80.50.9.51.80.57.51.80.62.36.52.80.50.51.50.xover.mutate.done 50
 generation 39.73.73.73.73.73.73.73.73.73.73.73.24.27.51.50.73.1.73.0.73.55.51.51.73.22.50.30.73.73.73.51.23.39.50.23.27.73.73.27.73.73.14.46.73.55.50.51.73.51.69.xover.mutate.done 50
 generation 40.82.82.82.82.82.82.82.82.82.82.70.50.80.82.34.82.33.82.50.50.0.50.1.82.63.82.50.82.1.0.82.0.50.0.33.82.33.50.82.50.63.50.52.82.25.82.82.80.82.70.xover.mutate.done 50
 generation 41.82.82.82.82.82.82.82.82.82.82.57.51.82.82.56.82.72.50.50.50.50.57.82.50.51.82.82.82.82.50.82.50.82.33.49.59.82.50.50.82.82.51.21.82.33.25.82.82.82.17.xover.mutate.done 50
 generation 42.76.76.76.76.76.76.76.76.76.76.62.50.50.50.50.41.49.76.76.50.50.50.50.0.76.76.0.63.76.50.76.76.76.62.76.76.0.50.76.50.50.65.76.0.76.50.76.50.50.76.xover.mutate.done 50
 generation 43.82.82.82.82.82.82.82.82.82.82.63.50.82.32.82.50.50.20.66.59.82.50.50.82.82.82.82.82.82.50.43.50.50.82.33.50.82.56.82.50.50.32.82.50.66.50.82.82.50.82.xover.mutate.done 50
 generation 44.80.80.80.80.80.80.80.80.80.80.35.54.80.32.52.52.80.80.52.54.80.70.50.80.54.80.80.80.80.41.23.6.50.32.80.80.70.35.80.80.54.41.65.52.2.6.22.6.80.80.xover.mutate.done 50
 generation 45.83.83.83.83.83.83.83.83.83.83.83.1.83.50.83.83.81.83.83.83.83.41.71.49.50.49.50.71.49.82.50.83.83.35.28.49.35.50.83.71.83.50.81.83.50.83.49.38.26.26.xover.mutate.done 50
 generation 46.84.84.84.84.84.84.84.84.84.84.51.36.52.52.75.51.67.84.19.39.1.30.51.84.36.52.62.84.35.84.81.51.51.84.23.52.84.52.37.51.84.84.51.84.25.3.51.75.84.84.xover.mutate.done 50
 generation 47.80.80.80.80.80.80.80.80.80.80.80.52.80.2.80.2.80.7.52.60.68.30.32.80.80.30.43.19.80.80.50.2.52.32.80.80.50.52.79.50.80.52.50.52.2.50.42.2.80.80.xover.mutate.done 50
 generation 48.81.81.81.81.81.81.81.81.81.81.81.81.81.51.33.51.3.81.81.51.81.81.3.81.60.81.9.36.81.45.41.33.81.81.3.81.81.52.81.81.51.3.81.81.71.51.81.51.81.81.xover.mutate.done 50
 generation 49.83.83.83.83.83.83.83.83.83.83.53.83.83.77.58.83.39.83.50.83.53.83.39.83.83.34.53.58.53.83.83.83.83.51.34.83.83.25.34.35.83.34.74.50.53.83.83.83.83.83.xover.mutate.done 50
 21866755 iters     857330 iter/sec (25.51 s)
 total time: 25.51
