50 50 50 50 50 50 50 50 50 50 50 44 13 13 12 12 11 6 3 3 3 3 3 3 3 3 3 3 3 3 2 2 2 2 2 2 2 2 1 1 1 1 1 1 1 1 1 1 1 1 
71 50 50 50 50 50 50 50 50 50 50 50 50 50 50 50 50 50 50 50 40 23 19 17 11 11 0 0 0 0 0 0 0 0 0 0 0 0 0 0 0 0 0 0 0 0 0 0 0 0 
72 72 52 50 50 50 50 50 50 50 50 50 50 50 50 50 50 50 50 50 48 47 42 41 38 34 30 24 16 12 12 11 10 9 2 2 2 2 2 2 2 2 2 0 0 0 0 0 0 0 
66 66 66 63 50 50 50 50 50 50 50 50 50 50 50 50 50 50 50 50 50 50 50 50 50 50 50 50 50 50 39 37 32 25 18 17 5 2 1 0 0 0 0 0 0 0 0 0 0 0 
67 67 67 67 67 61 50 50 50 50 50 50 50 50 50 50 50 50 50 50 50 50 50 50 50 50 50 50 50 50 45 42 27 21 20 17 12 8 5 5 0 0 0 0 0 0 0 0 0 0 
65 65 65 65 65 65 65 62 51 51 51 51 50 50 50 50 50 50 50 50 50 50 50 50 50 50 50 35 33 13 6 5 1 1 1 1 1 1 1 1 1 1 1 1 1 1 1 1 1 0 
73 73 73 73 73 73 73 73 73 73 62 51 51 50 50 50 50 50 50 50 50 50 50 50 50 50 50 50 50 38 20 11 10 1 1 1 1 1 1 1 1 1 0 0 0 0 0 0 0 0 
72 72 72 72 72 72 72 72 72 72 72 72 72 51 51 51 51 51 51 50 50 50 50 50 50 50 50 50 26 26 25 25 17 14 9 5 4 2 2 2 2 2 2 2 2 1 1 1 1 1 
72 72 72 72 72 72 72 72 72 72 72 72 72 72 72 72 72 66 51 50 50 50 50 50 50 50 33 33 32 26 26 23 22 9 6 1 1 1 1 1 1 1 1 1 1 1 1 1 0 0 
82 70 70 70 70 70 70 70 70 70 70 70 70 70 70 70 70 70 70 69 64 58 58 50 50 50 50 50 50 50 50 50 49 36 27 27 22 22 20 20 20 20 9 7 5 0 0 0 0 0 
80 80 80 71 71 71 71 71 71 71 71 71 71 71 71 71 71 71 71 71 71 71 71 71 71 71 70 68 67 62 62 57 52 52 51 50 23 23 23 22 22 22 22 22 21 11 8 8 8 1 
82 82 82 82 82 82 82 71 71 71 71 71 71 71 71 71 71 71 71 71 71 71 71 71 71 71 71 71 71 71 71 71 71 62 56 51 50 50 50 50 33 33 27 25 23 23 23 23 1 1 
79 79 79 79 79 79 79 79 79 79 79 68 68 68 68 68 68 68 68 68 68 68 68 68 68 68 66 66 51 51 51 51 51 51 51 50 50 47 42 30 30 21 19 19 19 18 10 2 2 1 
72 72 72 72 72 72 72 72 72 72 72 72 72 72 72 72 72 63 63 62 56 53 51 51 51 51 51 51 51 51 51 51 50 34 28 24 23 17 17 17 15 14 14 14 12 3 3 3 3 1 
76 76 76 76 76 76 76 76 76 76 76 76 76 76 76 76 76 76 76 76 76 76 76 76 75 73 72 69 59 53 52 52 52 52 50 50 50 28 27 27 27 27 27 27 20 20 3 2 2 1 
81 81 81 81 81 81 81 81 81 81 81 81 81 81 81 81 81 81 81 81 81 81 81 81 81 81 81 81 81 81 81 78 72 67 63 60 52 52 52 52 52 52 31 31 31 31 31 7 2 0 
81 81 81 81 81 81 81 81 81 81 81 81 81 81 81 81 81 81 81 81 81 81 81 81 81 81 81 81 81 81 81 79 69 60 52 52 52 52 52 52 52 52 51 34 32 32 26 3 3 2 
76 76 76 76 76 76 76 76 76 76 76 76 76 76 76 76 76 76 76 76 76 76 76 76 76 76 76 76 75 75 63 63 63 63 63 62 58 51 51 51 51 51 50 50 50 27 21 13 13 1 
77 77 77 77 77 77 77 77 77 77 77 77 77 77 77 77 77 77 77 74 74 73 65 60 60 60 60 59 59 55 51 51 51 50 50 50 50 42 40 32 30 30 28 28 28 24 11 3 1 0 
72 72 72 72 72 72 72 72 72 72 72 72 72 72 72 72 72 72 72 72 72 72 72 72 66 61 60 60 57 57 57 57 57 57 57 51 51 50 50 50 50 50 28 28 28 26 23 23 23 8 
76 76 76 76 76 76 76 76 76 76 76 76 76 76 76 76 76 76 76 76 76 76 76 76 76 76 76 76 76 70 70 62 56 56 56 51 51 51 51 51 51 51 42 33 30 26 24 24 20 1 
76 76 76 76 76 76 76 76 76 76 76 76 76 76 76 76 76 76 76 76 76 76 76 76 75 74 74 73 58 56 56 50 50 50 50 50 50 50 50 50 50 50 50 48 34 26 26 24 24 23 
78 78 78 78 78 78 78 78 78 78 78 78 78 78 78 78 77 77 71 68 68 66 64 61 60 57 55 51 51 51 51 51 51 51 51 51 50 50 50 50 45 45 45 29 28 10 5 1 0 0 
80 80 80 80 80 80 80 80 80 80 80 80 80 80 80 80 80 80 80 80 80 80 80 79 77 72 72 63 63 59 52 50 50 50 50 50 50 50 50 50 50 50 47 46 40 28 28 0 0 0 
80 80 80 80 80 80 80 80 80 80 80 80 80 80 80 80 80 80 80 80 80 80 80 80 80 73 69 56 50 50 50 50 50 50 50 50 50 50 50 50 44 37 35 30 30 30 16 13 0 0 
82 82 82 82 82 82 82 82 82 82 82 82 82 82 82 82 82 82 82 82 82 82 82 71 69 61 61 61 60 57 51 51 51 51 51 51 51 51 51 51 51 51 50 50 40 33 33 33 25 2 
80 80 80 80 80 80 80 80 80 80 80 80 80 80 80 80 80 80 80 80 80 80 79 79 70 64 56 56 56 56 51 50 50 50 50 50 50 50 50 50 34 31 31 26 16 10 10 6 6 4 
78 78 78 78 78 78 78 78 78 78 78 78 78 78 78 78 78 78 78 78 78 78 78 78 76 74 61 61 59 59 56 56 51 51 51 51 51 51 51 51 51 51 50 50 49 33 29 29 11 11 
80 80 80 80 80 80 80 80 80 80 80 80 80 80 80 80 80 80 80 80 80 80 80 80 80 80 70 70 68 56 56 54 54 50 50 50 50 50 43 40 31 30 30 30 30 30 30 30 30 6 
88 88 88 88 88 88 88 88 88 88 88 88 88 88 88 88 88 88 88 88 88 88 88 88 88 88 88 88 88 86 85 85 78 71 69 67 57 51 50 50 50 50 50 43 41 39 39 24 9 1 
72 72 72 72 72 72 72 72 72 72 72 72 72 72 72 72 72 65 57 55 51 51 51 51 50 50 50 50 50 50 50 50 50 50 50 50 50 47 38 37 33 30 30 28 23 23 23 13 6 1 
87 87 87 87 87 87 87 87 87 87 87 87 87 87 87 87 87 87 87 87 87 87 87 75 75 75 64 61 52 52 50 50 50 50 50 50 50 50 50 50 50 50 39 39 29 24 2 2 2 2 
77 77 77 77 77 77 77 77 77 77 77 77 77 77 77 77 77 77 77 77 77 77 77 77 77 63 56 55 52 52 52 52 52 52 52 52 50 50 49 38 36 27 27 24 5 2 2 2 2 2 
79 79 79 79 79 79 79 79 79 79 79 79 79 79 79 79 79 79 79 79 79 79 73 72 58 51 51 50 44 44 42 42 42 42 38 37 34 31 30 30 30 30 30 30 30 30 23 17 17 2 
82 82 82 82 82 82 82 82 82 82 82 82 82 82 82 82 82 82 82 82 82 82 82 82 82 81 52 50 50 50 50 50 50 50 50 50 48 45 45 44 43 34 34 34 34 33 13 8 2 2 
81 81 81 81 81 81 81 81 81 81 81 81 81 81 81 81 81 81 81 81 81 79 59 52 51 50 50 50 50 50 50 50 50 41 41 39 39 38 32 32 32 32 31 24 9 7 1 1 1 1 
75 75 75 75 75 75 75 75 75 75 75 75 72 70 59 55 54 50 50 50 50 50 50 50 50 50 50 50 50 50 50 48 48 47 40 34 28 28 28 28 28 28 28 18 10 7 3 3 3 0 
83 83 83 83 83 83 83 83 83 83 83 83 83 83 83 83 83 83 83 81 74 59 52 52 50 50 50 50 50 50 50 50 43 42 39 35 34 34 12 11 7 7 1 1 1 1 0 0 0 0 
80 80 80 80 80 80 80 80 80 80 80 80 80 80 80 80 80 80 80 80 80 77 74 62 57 57 52 52 51 51 51 51 50 50 50 50 50 37 36 35 32 32 32 16 9 9 9 3 3 3 
73 73 73 73 73 73 73 73 73 73 73 73 73 73 73 73 73 73 73 73 73 73 73 73 69 55 55 51 51 51 51 51 51 50 50 50 50 46 39 30 27 27 27 24 23 23 22 14 1 0 
82 82 82 82 82 82 82 82 82 82 82 82 82 82 82 82 82 82 82 82 82 82 82 80 80 70 70 63 63 52 50 50 50 50 50 50 50 50 50 34 33 33 33 25 1 1 0 0 0 0 
82 82 82 82 82 82 82 82 82 82 82 82 82 82 82 82 82 82 82 82 82 82 82 82 82 82 82 72 59 57 57 56 51 51 51 50 50 50 50 50 50 50 50 50 49 33 33 25 21 17 
76 76 76 76 76 76 76 76 76 76 76 76 76 76 76 76 76 76 76 76 76 76 76 76 76 65 63 62 62 50 50 50 50 50 50 50 50 50 50 50 50 50 50 50 49 41 0 0 0 0 
82 82 82 82 82 82 82 82 82 82 82 82 82 82 82 82 82 82 82 82 82 82 82 82 82 82 66 66 63 59 56 50 50 50 50 50 50 50 50 50 50 50 50 50 50 43 33 32 32 20 
80 80 80 80 80 80 80 80 80 80 80 80 80 80 80 80 80 80 80 80 80 80 80 80 80 70 70 65 54 54 54 54 52 52 52 52 50 50 41 41 35 35 32 32 23 22 6 6 6 2 
83 83 83 83 83 83 83 83 83 83 83 83 83 83 83 83 83 83 83 83 83 83 83 83 82 81 81 71 71 71 50 50 50 50 50 50 50 49 49 49 49 49 41 38 35 35 28 26 26 1 
84 84 84 84 84 84 84 84 84 84 84 84 84 84 84 84 84 84 84 84 84 81 75 75 67 62 52 52 52 52 52 51 51 51 51 51 51 51 51 39 37 36 36 35 30 25 23 19 3 1 
80 80 80 80 80 80 80 80 80 80 80 80 80 80 80 80 80 80 80 80 80 80 80 79 68 60 52 52 52 52 52 52 50 50 50 50 50 43 42 32 32 30 30 19 7 2 2 2 2 2 
81 81 81 81 81 81 81 81 81 81 81 81 81 81 81 81 81 81 81 81 81 81 81 81 81 81 81 81 81 81 81 71 60 52 51 51 51 51 51 51 45 41 36 33 33 9 3 3 3 3 
83 83 83 83 83 83 83 83 83 83 83 83 83 83 83 83 83 83 83 83 83 83 83 83 83 83 83 83 83 83 77 74 58 58 53 53 53 53 53 51 50 50 39 39 35 34 34 34 34 25 
