% Ministry of Cellular Automata
% Project Deux (CS523 Spring 2015)
% Version:v0.1-66-g3e0f-dirty
%  pop:50
%  ic count:100
%  CA Log option:r2/run22
%  width:121
%  max workers:4
%  radius:2
%  iterations:300
%  generations:50

 generation 0.3.3.3.7.3.3.3.3.3.50.0.3.3.50.3.3.3.0.3.3.0.3.3.50.3.3.0.3.50.3.8.3.3.3.0.50.3.50.3.3.0.50.0.3.3.0.0.3.53.50.xover.mutate.done 50
 generation 1.50.50.50.50.50.50.50.50.50.5.50.1.0.0.1.50.0.1.51.1.50.1.50.6.0.50.50.3.5.1.1.6.1.0.1.1.1.1.1.0.50.1.0.1.0.0.0.1.1.0.xover.mutate.done 50
 generation 2.50.51.50.50.50.50.50.50.50.50.50.0.50.50.2.1.1.51.50.1.1.11.50.50.1.1.1.1.1.1.50.1.50.0.50.0.51.1.4.8.51.1.27.50.50.50.17.1.50.50.xover.mutate.done 50
 generation 3.50.50.50.50.52.50.50.50.50.50.2.50.50.50.50.0.50.50.50.50.52.0.0.2.50.0.2.0.50.50.50.50.50.50.40.0.0.50.2.50.2.2.50.16.50.2.2.50.50.50.xover.mutate.done 50
 generation 4.51.51.50.50.50.50.50.50.50.50.50.50.50.50.50.50.50.50.1.51.50.1.50.50.51.50.50.50.50.50.50.50.1.1.50.50.19.50.42.50.50.50.30.50.1.50.1.30.47.51.xover.mutate.done 50
 generation 5.51.51.51.51.51.52.52.52.52.50.38.1.50.3.2.50.52.52.1.1.52.2.52.51.3.50.52.50.50.52.52.50.50.1.51.50.50.51.52.51.50.52.52.35.2.2.22.51.3.50.xover.mutate.done 50
 generation 6.51.51.51.51.51.51.51.51.51.51.51.14.2.51.51.2.51.50.51.12.1.51.51.2.50.51.50.1.51.2.50.2.5.51.2.51.51.1.51.51.51.2.51.51.51.2.2.1.51.50.xover.mutate.done 50
 generation 7.50.50.50.50.50.50.50.50.50.50.50.50.50.50.0.50.50.50.0.50.50.0.50.0.50.50.50.0.0.50.0.50.0.50.0.0.50.50.50.0.50.0.0.50.50.50.50.0.50.50.xover.mutate.done 50
 generation 8.52.52.52.52.52.52.52.52.52.52.2.52.52.6.52.52.52.52.52.2.52.6.52.52.52.52.52.6.52.6.2.52.2.52.52.52.52.52.52.6.6.6.52.52.52.52.52.52.6.52.xover.mutate.done 50
 generation 9.50.50.50.50.50.50.50.50.50.50.50.50.50.50.50.0.0.50.50.50.50.50.50.0.0.50.50.0.0.50.50.0.0.0.50.50.11.6.50.50.50.50.50.50.50.10.50.50.0.50.xover.mutate.done 50
 generation 10.51.51.51.51.51.51.51.51.51.51.51.51.51.51.1.51.51.51.51.51.51.51.1.51.51.51.51.1.51.51.51.51.51.51.1.51.1.1.1.51.51.51.51.51.51.51.51.51.1.1.xover.mutate.done 50
 generation 11.52.52.52.52.52.52.52.52.52.52.52.52.52.52.50.3.52.3.52.52.52.52.52.3.52.52.52.3.3.3.3.3.52.52.52.52.52.52.52.52.52.52.52.52.52.52.52.50.52.50.xover.mutate.done 50
 generation 12.52.52.52.52.52.52.52.52.52.52.52.52.4.52.4.52.4.4.52.13.4.52.13.52.52.52.52.52.2.52.2.52.52.4.52.50.52.52.52.2.17.4.4.52.52.52.12.52.28.52.xover.mutate.done 50
 generation 13.50.50.50.50.50.50.50.50.50.50.50.50.50.50.34.10.50.11.50.50.0.0.50.50.0.50.50.0.50.50.50.0.12.50.0.50.50.50.50.0.50.50.50.50.50.0.50.50.50.50.xover.mutate.done 50
 generation 14.50.50.50.50.50.50.50.50.50.50.50.50.50.2.50.50.50.50.50.50.50.50.0.50.50.50.50.0.2.50.50.2.50.2.8.50.2.50.0.50.2.2.0.50.50.50.50.50.9.50.xover.mutate.done 50
 generation 15.52.52.52.52.52.52.52.52.52.52.52.52.52.2.2.52.52.52.52.52.52.52.52.52.52.52.2.52.2.52.52.2.52.52.52.2.52.52.52.52.52.50.2.52.52.2.2.2.2.2.xover.mutate.done 50
 generation 16.50.50.50.50.50.50.50.50.50.50.0.50.50.50.50.50.0.50.50.50.50.50.0.50.50.50.50.0.0.50.50.50.50.50.50.0.50.0.50.50.0.0.50.50.50.50.0.50.50.50.xover.mutate.done 50
 generation 17.50.50.50.50.50.50.50.50.50.50.50.50.50.50.50.50.50.50.50.50.50.0.50.0.50.50.50.50.50.50.0.50.50.50.50.50.50.0.50.50.50.0.50.0.50.50.50.50.50.50.xover.mutate.done 50
 generation 18.51.51.51.51.51.51.51.51.51.51.51.51.51.51.50.50.51.51.51.51.2.51.51.51.2.51.51.2.51.51.51.51.51.2.51.50.51.51.50.2.2.51.51.2.2.51.6.50.51.50.xover.mutate.done 50
 generation 19.53.53.53.53.53.53.53.53.53.53.53.53.53.53.53.53.53.53.53.53.3.53.53.53.50.53.3.53.53.53.53.53.53.3.53.3.50.3.53.3.53.53.53.53.53.3.53.3.53.53.xover.mutate.done 50
 generation 20.51.51.51.51.51.51.51.51.51.51.51.51.51.51.51.3.51.51.4.51.4.1.51.51.4.4.51.51.51.4.4.28.51.51.4.4.51.51.12.51.4.51.3.1.51.4.51.51.51.4.xover.mutate.done 50
 generation 21.51.51.51.51.51.51.51.51.51.51.51.51.51.51.51.51.1.1.51.1.51.51.1.51.51.51.51.51.51.1.1.51.51.51.1.1.51.51.50.1.51.51.1.51.51.51.51.1.51.51.xover.mutate.done 50
 generation 22.51.51.51.51.51.51.51.51.51.51.1.51.51.2.51.1.1.51.51.51.51.1.50.2.51.50.2.50.51.51.51.51.1.51.51.51.2.51.51.50.51.51.51.2.51.51.51.51.51.51.xover.mutate.done 50
 generation 23.52.52.52.52.52.52.52.52.52.52.3.52.52.4.2.52.52.52.52.52.52.52.3.2.3.52.2.3.50.52.4.52.52.52.3.52.4.3.52.52.52.52.3.52.52.52.52.3.52.52.xover.mutate.done 50
 generation 24.52.52.52.52.52.52.52.52.52.52.52.2.3.2.2.52.52.52.2.52.52.2.2.52.2.52.2.52.2.2.2.52.52.52.52.52.52.52.2.52.52.2.3.2.52.52.2.52.2.52.xover.mutate.done 50
 generation 25.50.50.50.50.50.50.50.50.50.50.50.50.50.4.50.50.50.50.50.50.50.50.4.50.4.50.4.50.50.4.50.50.50.50.50.50.4.50.50.4.36.4.50.50.50.4.50.50.4.50.xover.mutate.done 50
 generation 26.50.50.50.50.50.50.50.50.50.50.50.1.1.1.50.50.50.50.1.50.50.30.1.50.50.1.50.50.50.1.1.50.50.50.50.50.50.50.50.50.13.50.50.50.50.1.50.50.50.50.xover.mutate.done 50
 generation 27.50.50.50.50.50.50.50.50.50.50.50.50.50.50.50.50.50.50.50.50.50.50.18.50.50.50.50.50.50.50.50.50.50.50.50.50.50.50.50.50.50.50.50.18.50.50.50.50.50.50.xover.mutate.done 50
 generation 28.52.52.52.52.52.52.52.52.52.52.2.2.52.2.52.52.52.2.52.52.52.52.52.50.52.50.52.3.15.50.52.3.52.52.52.52.3.52.52.52.52.52.1.52.3.52.2.2.52.2.xover.mutate.done 50
 generation 29.51.51.51.51.51.51.51.51.51.51.51.51.51.1.51.51.3.3.3.51.3.51.3.51.3.51.3.3.51.51.51.51.3.51.51.3.51.51.51.51.3.3.51.3.51.51.51.3.3.3.xover.mutate.done 50
 generation 30.50.50.50.50.50.50.50.50.50.50.50.50.50.50.2.2.50.0.50.0.50.50.2.0.1.50.50.0.0.50.50.50.1.50.1.0.1.0.50.50.50.2.50.50.50.50.50.0.2.2.xover.mutate.done 50
 generation 31.52.52.52.52.52.52.52.52.52.52.52.52.52.3.52.52.52.3.52.52.44.2.52.52.52.2.52.52.52.52.52.52.52.52.52.52.52.52.52.3.52.1.52.52.3.50.3.52.52.52.xover.mutate.done 50
 generation 32.51.51.51.51.51.51.51.51.51.51.51.51.51.51.51.51.1.51.51.51.51.20.51.51.51.1.1.51.51.1.51.51.51.1.50.51.51.51.51.51.51.51.51.51.1.51.51.51.51.1.xover.mutate.done 50
 generation 33.50.50.50.50.50.50.50.50.50.50.50.50.50.0.50.50.50.50.50.50.50.50.0.50.50.50.50.50.50.50.50.50.50.0.50.50.0.9.50.50.50.50.50.50.9.50.50.50.50.50.xover.mutate.done 50
 generation 34.51.51.51.51.51.51.51.51.51.51.51.1.51.51.51.1.2.14.51.51.2.51.51.51.2.2.2.51.1.51.51.51.51.51.2.51.51.50.51.51.2.1.51.50.51.50.51.51.51.50.xover.mutate.done 50
 generation 35.50.50.50.50.50.50.50.50.50.50.50.24.0.50.0.50.0.0.47.50.0.50.0.50.0.0.50.50.50.0.0.0.0.50.50.0.50.50.50.0.0.0.50.50.50.0.0.50.50.50.xover.mutate.done 50
 generation 36.50.50.50.50.50.50.50.50.50.50.50.0.50.0.50.50.0.50.50.50.49.50.50.50.50.50.0.50.50.0.0.0.50.50.50.0.50.50.0.0.0.50.50.50.50.50.50.50.0.50.xover.mutate.done 50
 generation 37.50.50.50.50.50.50.50.50.50.50.50.0.50.2.50.50.50.50.50.50.50.2.2.50.50.50.50.50.2.2.50.2.50.2.50.50.0.50.50.50.2.2.2.3.50.2.50.2.50.50.xover.mutate.done 50
 generation 38.51.51.51.51.51.51.51.51.51.51.1.2.51.51.51.1.51.51.1.51.51.50.2.2.51.51.2.1.1.51.1.51.51.51.50.51.51.0.51.1.51.1.1.51.51.1.1.51.51.2.xover.mutate.done 50
 generation 39.50.50.50.50.50.50.50.50.50.50.1.50.50.50.50.1.1.50.50.50.50.1.50.50.1.50.50.50.50.0.50.50.50.1.50.1.50.50.50.1.50.50.50.50.50.50.50.1.50.50.xover.mutate.done 50
 generation 40.51.51.51.51.51.51.51.51.51.51.51.51.29.51.51.1.1.51.51.51.51.51.50.51.51.51.50.51.51.51.51.51.51.51.51.51.51.35.51.51.50.50.51.50.51.1.51.1.51.50.xover.mutate.done 50
 generation 41.50.50.50.50.50.50.50.50.50.50.50.50.1.50.50.0.1.50.1.0.0.0.50.50.50.50.50.1.1.1.0.26.50.50.1.50.1.1.50.50.0.26.50.1.50.1.50.50.1.29.xover.mutate.done 50
 generation 42.51.51.51.51.51.51.51.51.51.51.1.51.1.1.51.50.1.51.1.51.51.1.11.51.51.51.31.51.51.51.51.51.51.51.51.1.51.1.51.51.1.51.51.51.51.51.51.51.50.1.xover.mutate.done 50
 generation 43.50.50.50.50.50.50.50.50.50.50.50.50.50.50.50.50.50.50.50.26.0.50.0.50.50.50.0.10.50.0.50.50.50.50.50.50.50.50.50.50.0.50.29.50.50.50.50.8.50.0.xover.mutate.done 50
 generation 44.52.52.52.52.52.52.52.52.52.52.4.52.52.52.22.52.52.52.52.4.52.52.52.52.52.52.52.52.4.52.4.52.52.52.52.52.4.52.52.2.4.52.52.52.52.52.52.25.52.2.xover.mutate.done 50
 generation 45.51.51.51.51.51.51.51.51.51.51.51.51.51.51.51.51.51.51.1.51.27.51.51.51.51.51.3.3.44.51.1.51.51.40.51.51.51.3.3.51.51.1.51.51.51.3.3.51.1.18.xover.mutate.done 50
 generation 46.51.51.51.51.51.51.51.51.51.51.51.51.2.6.51.51.2.51.1.2.51.51.51.32.51.51.1.2.51.15.2.2.51.51.51.51.43.51.51.51.1.51.2.51.2.51.51.51.51.51.xover.mutate.done 50
 generation 47.52.52.52.52.52.52.52.52.52.52.52.52.4.52.50.4.52.52.52.4.52.2.4.52.52.50.4.10.52.52.52.52.52.52.50.10.52.52.52.52.52.10.2.4.52.52.52.52.2.52.xover.mutate.done 50
 generation 48.51.51.51.51.51.51.51.51.51.51.1.1.11.51.51.51.51.51.51.51.51.51.50.51.51.51.13.51.51.51.51.51.51.51.1.51.16.51.51.1.1.0.51.51.51.1.51.51.1.51.xover.mutate.done 50
 generation 49.50.50.50.50.50.50.50.50.50.50.50.50.50.0.50.50.0.50.0.50.50.50.0.50.50.0.50.0.50.50.50.50.50.0.50.10.50.50.50.50.50.50.0.50.50.50.50.10.50.50.xover.mutate.done 50
 18194166 iters     846518 iter/sec (21.49 s)
 total time: 21.49
