% Ministry of Cellular Automata
% Project Deux (CS523 Spring 2015)
% Version:v0.1-66-g3e0f-dirty
%  pop:50
%  ic count:100
%  CA Log option:r2/run29
%  width:121
%  max workers:4
%  radius:2
%  iterations:300
%  generations:50

 generation 0.1.50.1.1.50.4.1.50.50.1.1.22.2.2.50.50.1.51.50.1.2.50.2.51.2.1.50.50.50.1.2.1.1.1.2.51.1.2.50.1.1.50.1.1.1.9.2.2.1.39.xover.mutate.done 50
 generation 1.51.51.51.50.50.50.50.50.50.50.2.50.51.50.50.2.50.50.51.27.1.50.1.15.1.36.50.1.51.50.1.50.2.25.2.2.50.50.50.51.12.50.1.7.51.1.36.50.50.2.xover.mutate.done 50
 generation 2.51.51.50.51.50.51.51.51.50.50.50.51.51.51.51.31.50.11.10.50.1.50.1.1.50.1.50.1.10.50.9.10.51.0.50.51.50.33.50.36.0.50.21.22.1.1.51.50.0.1.xover.mutate.done 50
 generation 3.52.52.52.52.52.52.52.52.51.52.2.8.2.0.2.50.52.50.0.50.50.50.50.2.8.2.50.51.50.50.52.2.52.0.51.2.52.2.52.2.52.52.29.35.52.52.24.2.0.50.xover.mutate.done 50
 generation 4.51.51.51.51.51.51.51.51.51.51.0.1.51.8.12.51.51.0.50.0.1.50.51.51.51.1.50.1.1.1.1.50.1.51.1.51.51.51.51.51.1.51.1.51.51.8.39.1.51.51.xover.mutate.done 50
 generation 5.51.51.51.51.51.51.51.51.51.51.2.51.2.2.2.51.1.51.2.2.28.2.51.2.51.13.2.2.51.2.10.51.2.51.2.51.9.2.51.51.51.51.51.9.16.51.51.51.51.51.xover.mutate.done 50
 generation 6.52.52.52.52.52.52.52.52.52.52.3.3.52.52.2.52.3.3.52.3.52.13.52.52.52.8.52.52.52.13.52.3.52.3.52.3.8.8.3.8.52.2.3.52.52.6.2.52.8.52.xover.mutate.done 50
 generation 7.51.51.51.51.51.51.51.51.51.51.51.51.1.51.51.51.1.4.51.1.9.16.51.51.8.51.1.12.1.51.51.51.4.51.51.51.51.1.51.51.1.51.1.51.1.1.51.1.1.51.xover.mutate.done 50
 generation 8.51.51.51.51.51.51.51.51.51.51.1.51.2.51.1.1.51.51.14.51.51.1.51.51.1.51.10.7.51.1.51.51.10.13.1.1.1.1.51.51.1.51.51.1.51.51.51.0.1.1.xover.mutate.done 50
 generation 9.51.51.51.51.51.51.51.51.51.51.18.51.1.51.51.51.11.47.51.51.51.51.51.51.1.51.51.51.36.51.51.51.35.13.51.51.1.51.51.51.10.51.51.51.1.51.51.51.1.51.xover.mutate.done 50
 generation 10.51.51.51.51.51.51.51.51.51.51.36.51.51.51.51.51.51.51.51.51.2.51.51.51.51.51.51.51.51.51.7.1.51.51.51.51.51.51.51.51.33.51.50.2.51.51.51.12.13.51.xover.mutate.done 50
 generation 11.52.52.52.52.52.52.52.52.52.52.52.52.3.3.52.52.52.52.52.52.3.3.52.52.3.52.3.52.52.52.52.52.52.52.52.52.52.52.16.52.3.58.52.10.3.3.3.52.1.52.xover.mutate.done 50
 generation 12.59.51.51.51.51.51.51.51.51.51.2.51.51.51.51.51.51.50.51.51.51.51.15.51.51.10.51.51.51.2.2.51.51.1.2.51.15.2.51.2.13.51.51.51.2.51.51.51.51.51.xover.mutate.done 50
 generation 13.59.53.53.53.53.53.53.53.53.53.53.53.33.53.5.53.5.53.53.50.53.5.53.5.3.5.53.53.53.5.5.39.53.53.53.11.53.53.53.53.53.53.5.53.20.53.53.53.31.43.xover.mutate.done 50
 generation 14.56.50.50.50.50.50.50.50.50.50.50.50.50.50.50.50.50.50.50.50.50.1.50.1.50.50.9.1.50.50.50.1.50.50.50.13.50.50.50.50.50.50.50.50.50.50.50.50.50.1.xover.mutate.done 50
 generation 15.56.50.50.50.50.50.50.50.50.50.50.50.50.0.50.50.50.50.50.50.50.50.0.50.0.50.17.50.50.50.50.50.50.50.0.50.50.50.50.50.50.0.50.0.50.50.50.50.0.50.xover.mutate.done 50
 generation 16.56.52.52.52.52.52.52.52.52.52.2.52.52.9.52.52.4.52.52.52.52.2.52.52.52.2.2.2.20.50.52.52.0.52.52.52.28.52.52.17.2.52.52.52.52.52.52.2.52.52.xover.mutate.done 50
 generation 17.54.51.51.51.51.51.51.51.51.51.50.7.51.51.51.51.51.1.11.51.51.51.1.51.50.50.51.51.51.51.15.7.51.51.51.1.51.51.51.51.51.51.51.51.51.51.51.51.51.51.xover.mutate.done 50
 generation 18.54.50.50.50.50.50.50.50.50.50.50.0.50.50.50.50.50.50.50.16.0.50.50.11.50.50.50.50.50.50.37.0.50.50.10.50.0.18.50.50.50.0.50.50.50.50.50.50.50.50.xover.mutate.done 50
 generation 19.55.52.52.52.52.52.52.52.52.52.52.4.4.52.4.22.52.50.52.52.52.52.4.4.52.35.52.2.52.4.4.52.52.52.52.4.52.52.52.38.4.4.4.52.52.11.52.52.52.2.xover.mutate.done 50
 generation 20.56.51.51.51.51.51.51.51.51.51.51.51.51.51.3.3.51.51.51.50.2.51.1.17.51.15.51.51.24.51.3.19.51.51.51.51.51.51.51.51.51.51.51.19.51.50.3.51.3.51.xover.mutate.done 50
 generation 21.52.51.51.51.51.51.51.51.51.51.51.51.51.1.51.51.51.51.3.1.51.20.3.3.50.51.50.51.51.51.3.51.3.13.14.51.51.1.25.51.51.51.51.51.51.51.51.3.7.51.xover.mutate.done 50
 generation 22.60.52.52.52.52.52.52.52.52.52.52.50.3.52.3.50.6.52.52.14.60.52.52.52.52.52.3.52.52.61.52.3.7.22.3.52.52.9.52.52.3.52.50.52.52.8.52.52.50.52.xover.mutate.done 50
 generation 23.61.59.59.51.51.51.51.51.51.51.51.51.1.51.51.26.51.17.3.51.51.51.51.4.51.51.4.51.10.3.51.51.14.14.51.51.51.1.61.51.51.51.51.3.51.51.51.4.51.51.xover.mutate.done 50
 generation 24.58.58.56.56.50.50.50.50.50.50.25.58.6.50.50.50.50.50.50.22.0.36.50.0.0.50.50.50.50.0.50.50.50.50.50.10.7.50.50.50.60.50.0.50.25.50.50.0.16.0.xover.mutate.done 50
 generation 25.59.55.55.55.54.54.51.51.51.51.59.28.51.51.51.51.27.51.51.51.4.12.51.51.59.51.8.4.51.55.51.23.8.51.54.51.55.51.51.55.51.51.11.51.51.4.51.55.30.8.xover.mutate.done 50
 generation 26.58.58.58.56.56.56.56.56.57.56.51.38.54.56.56.56.54.51.51.58.55.54.51.51.51.37.51.54.3.1.51.51.72.51.51.56.56.51.72.51.51.3.3.51.51.51.51.58.3.51.xover.mutate.done 50
 generation 27.68.68.62.62.62.62.62.56.56.56.51.47.17.51.62.56.62.62.51.56.51.51.16.51.62.51.68.55.62.51.56.55.62.51.62.66.51.62.62.1.51.59.68.1.37.46.51.51.1.68.xover.mutate.done 50
 generation 28.72.72.72.73.72.69.60.60.60.60.9.70.57.79.12.3.51.51.57.3.71.60.51.51.11.69.21.72.39.51.8.51.73.67.12.60.72.60.51.60.51.38.58.60.57.30.58.51.60.41.xover.mutate.done 50
 generation 29.84.71.70.70.70.70.70.70.70.66.70.84.1.71.55.7.50.50.84.69.50.70.57.50.50.1.57.28.50.69.50.67.8.50.50.50.50.50.57.57.70.70.55.56.55.50.44.39.55.57.xover.mutate.done 50
 generation 30.75.75.75.67.67.67.67.67.67.67.20.58.52.52.56.58.59.67.17.52.16.65.62.52.17.75.58.17.75.66.52.65.50.23.52.67.58.11.52.2.67.50.75.52.52.50.52.67.50.8.xover.mutate.done 50
 generation 31.74.74.74.74.74.74.64.64.64.64.47.50.57.50.57.13.74.60.50.75.61.64.50.50.55.50.6.54.50.50.58.50.65.74.50.3.13.74.75.50.64.50.54.50.55.50.50.74.64.50.xover.mutate.done 50
 generation 32.79.80.77.77.77.77.77.77.77.77.1.63.67.50.59.63.69.69.77.51.69.51.69.59.57.78.80.77.1.51.77.57.50.77.60.28.79.63.63.51.80.50.54.70.54.68.77.69.69.78.xover.mutate.done 50
 generation 33.72.72.72.71.73.72.71.71.71.71.71.24.8.52.65.71.71.52.71.72.75.71.54.72.72.65.46.71.72.4.17.52.65.71.65.52.52.46.56.71.71.17.23.32.71.72.73.65.71.72.xover.mutate.done 50
 generation 34.76.75.75.75.75.75.74.74.75.75.73.68.75.74.68.58.74.58.75.40.74.76.27.50.50.58.76.49.40.76.52.74.52.58.76.25.74.69.74.50.78.75.27.74.16.52.74.75.9.28.xover.mutate.done 50
 generation 35.79.79.79.78.79.78.79.79.78.78.71.10.43.3.78.79.57.31.78.66.42.78.79.3.50.78.50.6.79.53.50.71.3.79.63.9.77.53.53.3.79.77.53.49.77.66.77.30.31.76.xover.mutate.done 50
 generation 36.81.80.79.80.78.78.80.79.79.78.43.50.57.78.50.78.59.60.0.50.59.54.81.79.0.79.32.56.0.79.50.50.50.79.32.78.50.79.63.76.8.78.50.65.50.9.29.0.50.73.xover.mutate.done 50
 generation 37.83.83.82.82.82.81.81.81.81.78.82.23.50.82.30.63.47.59.38.76.50.64.83.59.50.50.67.58.50.28.59.50.37.50.78.50.83.52.47.59.9.50.80.50.81.82.50.50.79.50.xover.mutate.done 50
 generation 38.78.78.78.78.78.78.78.78.78.78.42.69.76.58.58.51.42.51.78.55.50.57.51.71.0.51.51.51.78.59.51.58.50.51.51.77.51.1.38.78.51.78.78.43.50.57.78.51.78.60.xover.mutate.done 50
 generation 39.84.84.84.84.84.84.84.84.84.84.50.84.50.1.50.50.65.84.52.82.50.50.50.50.50.51.50.50.55.79.50.82.50.84.84.84.50.50.50.84.61.50.72.50.50.84.84.50.50.50.xover.mutate.done 50
 generation 40.77.77.77.77.77.77.77.77.77.77.22.2.51.77.56.77.76.51.5.77.1.51.1.51.77.51.57.1.51.51.51.51.51.77.77.51.77.51.63.76.76.77.63.53.76.77.66.51.76.77.xover.mutate.done 50
 generation 41.78.78.78.78.78.78.78.78.78.78.78.50.50.78.8.50.34.78.50.50.78.35.50.78.71.50.50.78.50.50.78.78.78.68.50.78.78.78.35.78.78.44.1.28.1.12.50.78.77.72.xover.mutate.done 50
 generation 42.81.81.81.81.80.80.80.80.80.80.50.50.50.50.32.53.24.32.80.81.80.80.80.11.1.78.32.80.32.1.80.80.32.80.50.75.50.80.81.81.83.80.32.1.80.69.80.60.50.81.xover.mutate.done 50
 generation 43.79.80.80.80.80.80.80.80.80.78.78.78.19.51.76.80.51.80.10.34.51.51.51.78.78.9.51.78.50.5.77.78.78.51.36.30.38.78.66.58.51.24.57.80.46.56.80.52.15.46.xover.mutate.done 50
 generation 44.79.79.79.79.79.79.79.79.79.79.50.79.50.50.4.50.50.43.33.78.50.50.79.79.50.59.59.0.50.50.78.82.79.78.50.79.50.37.1.67.78.50.50.59.1.59.82.79.9.1.xover.mutate.done 50
 generation 45.83.83.80.80.80.80.80.80.80.80.78.80.61.78.51.67.80.62.78.1.80.47.5.50.80.78.83.80.80.51.77.28.78.80.74.80.80.35.1.78.83.51.33.80.80.80.9.51.50.50.xover.mutate.done 50
 generation 46.84.84.84.84.80.80.80.80.80.80.80.50.34.80.80.77.26.60.6.80.50.68.17.75.77.53.50.26.80.80.80.80.50.80.50.78.20.80.55.50.80.80.58.53.80.9.50.44.55.80.xover.mutate.done 50
 generation 47.89.89.89.89.87.87.87.87.87.87.79.59.43.51.84.51.87.87.87.59.51.51.29.45.87.84.87.2.51.51.75.87.2.87.62.87.87.83.44.51.48.89.68.41.1.75.7.62.47.74.xover.mutate.done 50
 generation 48.80.80.80.80.80.80.80.80.80.80.51.45.80.76.51.58.73.44.79.67.73.80.80.10.80.73.78.80.10.3.50.51.37.56.20.69.80.51.80.36.7.80.63.78.82.52.79.80.76.6.xover.mutate.done 50
 generation 49.70.83.83.83.83.83.81.81.81.81.77.51.54.83.81.81.51.81.51.51.81.61.70.42.45.78.39.78.81.51.61.83.59.83.83.39.77.81.60.78.56.77.81.2.50.62.68.56.83.64.xover.mutate.done 50
 18106064 iters     856391 iter/sec (21.14 s)
 total time: 21.14
