50 50 50 50 50 50 50 50 50 50 50 50 50 50 13 12 11 7 6 5 5 4 1 1 1 1 1 1 1 1 1 1 1 1 1 1 1 1 1 1 1 1 0 0 0 0 0 0 0 0 
62 51 51 51 50 50 50 50 50 50 50 50 50 50 50 50 50 50 50 50 50 39 38 21 19 17 16 14 9 9 8 2 2 2 2 2 2 2 2 1 1 1 1 1 1 1 1 1 1 1 
62 51 50 50 50 50 50 50 50 50 50 50 50 50 50 50 50 50 50 50 50 50 50 50 50 48 48 48 39 20 16 7 7 6 6 1 1 1 1 1 1 1 1 1 1 1 1 0 0 0 
63 53 53 53 53 53 53 52 52 52 52 52 52 52 52 52 50 50 50 50 50 50 50 50 50 50 50 50 46 42 27 27 24 14 11 10 5 5 5 5 5 5 5 5 3 3 2 2 2 2 
61 50 50 50 50 50 50 50 50 50 50 50 50 50 50 50 50 50 50 50 50 50 50 50 50 50 50 50 42 27 27 12 10 0 0 0 0 0 0 0 0 0 0 0 0 0 0 0 0 0 
59 50 50 50 50 50 50 50 50 50 50 50 50 50 50 50 50 50 50 50 50 50 50 50 50 50 50 42 28 27 27 17 15 9 2 0 0 0 0 0 0 0 0 0 0 0 0 0 0 0 
58 51 51 51 51 51 51 51 51 51 50 50 50 50 50 50 50 50 50 50 50 50 50 50 50 30 20 14 11 9 1 1 1 1 1 1 1 1 1 1 1 1 1 0 0 0 0 0 0 0 
66 51 51 51 51 51 51 51 51 51 51 51 51 51 51 51 51 51 51 51 51 50 50 50 50 50 50 50 50 50 50 34 2 1 1 1 1 1 1 1 1 1 1 1 1 1 0 0 0 0 
59 50 50 50 50 50 50 50 50 50 50 50 50 50 50 50 50 50 50 50 50 50 50 50 50 50 50 50 50 50 50 50 43 17 8 8 3 0 0 0 0 0 0 0 0 0 0 0 0 0 
67 51 51 51 51 51 51 51 51 51 51 51 51 51 51 51 51 51 51 51 50 50 50 50 15 15 12 8 7 5 4 1 1 1 1 1 1 1 1 1 1 1 1 1 1 1 1 1 0 0 
69 51 51 51 51 51 51 51 51 51 51 51 51 51 51 51 51 51 51 51 51 51 51 51 51 51 51 51 50 10 9 7 1 1 1 1 1 1 1 1 1 1 1 1 1 1 1 1 1 0 
67 51 51 51 51 51 51 51 51 51 51 51 51 51 51 51 51 51 51 51 51 51 51 51 51 51 51 51 51 51 50 50 41 39 36 28 26 2 2 2 2 2 2 2 2 2 2 1 1 1 
62 54 51 51 51 51 51 51 51 51 51 51 51 51 51 51 51 51 51 51 51 51 51 51 51 51 51 51 51 51 51 51 51 51 51 50 50 36 11 11 9 5 5 5 5 5 5 5 4 1 
67 50 50 50 50 50 50 50 50 50 50 50 50 50 50 50 50 50 50 50 50 50 50 50 50 50 50 50 50 50 50 50 50 33 24 9 5 5 0 0 0 0 0 0 0 0 0 0 0 0 
67 53 53 53 53 53 53 53 53 53 53 53 53 53 53 53 53 53 53 53 53 53 53 53 53 53 50 50 39 36 23 9 6 3 3 3 3 3 3 3 3 3 3 3 3 3 3 3 0 0 
79 56 50 50 50 50 50 50 50 50 50 50 50 50 50 50 50 50 50 50 50 50 50 50 50 50 19 13 4 4 4 4 4 4 4 4 4 4 4 4 4 4 4 4 4 4 4 0 0 0 
63 54 51 51 51 51 51 51 51 51 51 51 51 51 51 51 51 51 51 51 51 51 50 46 21 1 1 1 1 1 1 1 1 1 1 1 1 1 1 1 1 1 1 1 1 1 1 0 0 0 
71 57 52 52 52 52 52 52 52 52 52 52 52 52 52 52 52 52 52 52 52 52 52 52 52 52 50 50 41 36 34 34 8 2 2 2 2 2 2 2 2 2 2 2 2 2 2 0 0 0 
63 57 51 51 51 51 51 51 51 51 51 51 51 51 51 51 51 51 51 51 51 51 51 51 50 50 50 50 50 38 38 38 32 23 17 1 1 1 1 1 1 1 1 1 1 1 0 0 0 0 
70 55 51 51 51 51 51 51 51 51 51 51 51 51 51 51 51 51 51 51 51 51 51 51 51 51 51 51 51 51 51 51 50 50 50 50 50 50 48 10 6 2 2 2 2 2 2 2 1 1 
61 55 51 51 51 51 51 51 51 51 51 51 51 51 51 51 51 51 51 51 51 51 51 51 51 51 51 51 51 51 51 51 50 50 50 50 41 34 10 1 1 1 1 1 1 1 1 0 0 0 
73 54 50 50 50 50 50 50 50 50 50 50 50 50 50 50 50 50 50 50 50 50 50 50 50 50 50 50 50 50 50 38 16 4 2 2 2 2 2 2 2 2 2 2 2 2 2 2 0 0 
59 59 51 51 51 51 51 51 51 51 51 51 51 51 51 51 51 51 51 51 51 51 51 51 51 50 44 38 19 17 16 1 1 1 1 1 1 1 1 1 1 1 1 1 1 1 1 1 0 0 
70 54 50 50 50 50 50 50 50 50 50 50 50 50 50 50 50 50 50 50 50 50 50 50 50 50 50 50 50 50 50 28 18 17 5 0 0 0 0 0 0 0 0 0 0 0 0 0 0 0 
68 59 51 51 51 51 51 51 51 51 51 51 51 51 51 51 51 51 51 51 51 51 51 51 51 51 51 51 51 51 51 50 50 50 37 25 25 2 2 2 2 2 2 2 2 2 2 1 1 1 
64 53 51 51 51 51 51 51 51 51 51 51 51 51 51 51 51 51 51 51 51 51 51 51 51 50 50 50 50 50 50 50 2 2 2 2 2 2 2 2 2 2 2 2 2 2 1 1 1 1 
68 57 52 52 52 52 52 52 52 52 52 52 52 52 52 52 52 52 52 52 52 52 52 52 52 52 50 50 50 50 50 22 17 8 7 2 2 2 2 2 2 2 2 2 2 2 2 2 2 0 
67 58 56 51 51 51 51 51 51 51 51 51 51 51 51 51 51 51 51 51 51 51 51 51 51 51 51 51 50 50 50 50 24 15 3 3 3 3 3 3 3 3 3 2 2 2 2 2 2 1 
69 62 58 58 50 50 50 50 50 50 50 50 50 50 50 50 50 50 50 50 50 50 50 50 50 50 50 50 50 50 50 50 50 50 50 50 18 12 0 0 0 0 0 0 0 0 0 0 0 0 
72 59 59 59 59 52 52 52 52 52 52 52 52 52 52 52 52 52 52 52 52 52 52 52 52 52 52 52 52 52 52 52 52 52 52 52 52 50 50 50 2 2 2 2 2 2 2 2 2 2 
56 56 56 56 56 56 55 50 50 50 50 50 50 50 50 50 50 50 50 50 50 50 50 50 50 50 50 50 50 50 50 50 50 50 19 0 0 0 0 0 0 0 0 0 0 0 0 0 0 0 
57 56 56 56 56 56 56 56 56 56 51 51 51 51 51 51 51 51 51 51 51 51 51 51 51 51 51 51 51 51 51 51 50 50 50 9 9 4 4 4 4 4 4 3 3 1 1 1 1 1 
65 53 53 53 53 53 53 53 53 53 53 50 50 50 50 50 50 50 50 50 50 50 50 50 50 50 50 50 50 50 50 50 5 3 2 0 0 0 0 0 0 0 0 0 0 0 0 0 0 0 
62 59 59 57 55 55 55 55 55 55 55 55 55 55 55 55 55 55 55 55 50 50 50 50 50 50 50 50 50 50 50 50 50 50 50 50 50 50 50 33 11 11 9 7 5 0 0 0 0 0 
61 61 59 57 57 57 57 57 57 57 57 57 57 57 57 57 53 53 53 53 53 53 53 53 53 53 53 53 53 53 53 50 50 50 50 50 50 50 50 39 35 7 3 3 3 3 3 3 0 0 
63 59 59 59 59 55 54 54 54 54 54 54 54 54 54 54 54 54 54 51 51 51 51 51 50 50 50 50 50 44 7 7 7 7 7 4 4 4 4 4 4 4 4 4 4 4 3 3 3 1 
61 61 61 61 61 60 59 59 59 59 59 59 59 59 59 59 59 59 59 59 50 50 50 50 50 50 50 50 50 50 50 34 12 12 10 10 10 10 9 1 1 1 1 1 1 1 1 0 0 0 
69 64 64 63 63 63 63 63 63 54 54 54 54 54 54 54 54 54 54 54 54 54 51 51 51 51 51 51 51 51 51 50 50 40 32 6 4 4 4 4 3 1 1 1 1 1 1 1 1 0 
65 64 63 62 62 62 62 62 62 62 62 62 59 57 57 57 57 57 57 57 57 57 56 50 50 50 50 50 50 50 50 50 50 50 50 50 50 50 50 50 50 50 50 47 12 12 9 7 7 0 
66 60 59 59 59 58 58 58 58 58 58 58 58 58 58 58 58 56 56 56 56 56 56 56 56 51 51 51 51 50 50 50 50 50 50 50 50 50 22 22 22 20 10 9 8 8 8 1 1 0 
75 73 63 62 62 62 62 60 59 57 57 57 57 57 57 57 57 57 54 53 53 53 50 50 50 50 50 50 50 50 50 50 50 50 50 50 42 31 13 7 7 7 7 7 5 4 4 3 0 0 
73 71 61 60 60 60 60 60 60 60 60 60 60 59 59 59 59 55 54 53 53 50 50 50 50 50 50 50 50 50 50 36 32 22 10 10 10 9 5 1 1 0 0 0 0 0 0 0 0 0 
73 70 70 69 65 65 65 65 65 65 65 65 65 65 65 64 64 63 63 63 63 59 59 59 59 59 55 51 51 51 51 51 51 51 51 51 50 50 50 50 50 46 38 37 33 25 16 14 10 1 
76 76 76 76 76 76 76 74 72 69 66 66 65 65 65 65 65 65 65 65 65 64 60 60 60 60 60 60 59 59 51 51 51 51 51 51 51 51 50 39 38 38 37 36 31 31 31 11 10 2 
74 74 74 72 71 71 71 71 71 71 71 71 71 71 71 70 68 67 67 66 65 65 64 64 64 64 63 62 57 56 56 56 56 56 52 52 52 52 50 50 50 42 38 35 25 23 17 13 6 2 
79 73 73 73 73 72 72 71 71 71 71 71 71 71 71 71 71 71 71 71 71 71 69 67 65 64 58 58 58 58 58 53 50 50 50 50 50 44 41 39 39 30 29 26 26 23 17 12 10 2 
78 76 76 75 70 70 70 70 70 70 70 70 67 67 67 67 67 67 67 67 67 66 63 62 62 59 59 59 59 59 57 50 50 35 24 21 21 20 17 17 17 17 17 15 14 12 0 0 0 0 
83 83 83 83 83 83 83 83 83 73 73 73 73 73 73 73 71 71 71 69 67 67 67 67 67 67 67 67 67 56 55 55 55 55 53 50 50 50 50 50 50 50 40 29 28 21 20 18 16 13 
76 76 76 76 76 76 76 76 76 75 75 75 75 75 75 74 73 73 73 72 70 70 70 70 64 60 59 57 57 52 50 50 50 50 50 50 50 50 50 39 39 37 35 34 29 10 9 2 2 2 
77 77 77 77 77 77 77 77 77 77 77 77 77 77 77 77 77 77 76 76 76 76 76 75 75 71 71 71 69 68 59 55 53 53 52 51 51 51 51 51 51 51 51 41 39 33 15 11 6 4 
