54 50 50 50 50 50 50 50 50 50 50 50 31 16 10 2 2 2 2 2 2 2 2 2 2 2 2 2 1 1 1 1 1 1 1 1 1 1 1 1 1 1 1 1 1 1 1 1 1 1 
52 52 51 50 50 50 50 50 50 50 50 50 50 50 50 50 50 50 50 50 50 50 50 50 50 44 44 28 21 10 9 5 3 3 3 3 3 3 2 2 2 2 2 2 1 1 1 1 1 1 
50 50 50 50 50 50 50 50 50 50 50 50 50 50 50 50 50 50 50 50 50 50 50 50 50 50 50 50 48 40 35 17 11 9 8 8 0 0 0 0 0 0 0 0 0 0 0 0 0 0 
50 50 50 50 50 50 50 50 50 50 50 50 50 50 50 50 50 50 50 50 50 50 50 50 50 50 50 50 50 50 50 50 13 10 3 0 0 0 0 0 0 0 0 0 0 0 0 0 0 0 
51 51 51 51 51 51 51 51 51 51 51 51 51 51 51 50 50 50 50 50 50 50 50 50 50 50 50 50 50 50 50 50 50 50 50 50 50 50 50 50 24 5 2 2 2 2 1 1 1 1 
50 50 50 50 50 50 50 50 50 50 50 50 50 50 50 50 50 50 50 50 50 50 50 50 50 50 50 50 50 50 50 50 50 50 50 23 0 0 0 0 0 0 0 0 0 0 0 0 0 0 
52 52 52 52 52 52 52 52 52 52 52 52 52 52 52 52 52 52 52 52 52 52 52 52 52 52 50 50 50 50 50 50 50 11 4 2 2 2 2 2 2 2 2 2 0 0 0 0 0 0 
52 52 52 52 52 52 52 52 52 52 52 52 52 52 52 52 52 52 52 52 52 52 52 52 50 50 50 50 50 50 50 50 27 22 12 9 8 6 2 2 2 2 2 2 2 2 2 0 0 0 
52 52 52 52 52 52 52 52 52 52 52 52 52 52 52 52 52 52 52 52 52 52 52 52 52 52 52 50 50 50 50 50 39 35 25 12 11 6 6 6 2 2 2 2 2 2 2 2 2 0 
50 50 50 50 50 50 50 50 50 50 50 50 50 50 50 50 50 50 50 50 50 50 50 50 50 50 50 50 50 50 50 50 46 19 13 8 3 0 0 0 0 0 0 0 0 0 0 0 0 0 
52 52 52 52 52 52 52 52 52 52 52 52 52 52 52 52 52 52 52 52 52 52 52 52 52 52 52 52 52 52 52 52 52 52 52 52 50 50 50 4 2 2 2 2 2 2 2 2 2 2 
50 50 50 50 50 50 50 50 50 50 50 50 50 50 50 50 50 50 50 50 50 50 50 50 50 50 50 50 50 50 50 50 50 50 50 42 18 9 1 1 1 1 1 1 1 1 1 1 1 1 
54 50 50 50 50 50 50 50 50 50 50 50 50 50 50 50 50 50 50 50 50 50 50 50 50 50 50 50 50 50 50 50 50 50 50 50 50 50 50 50 50 13 12 5 0 0 0 0 0 0 
54 50 50 50 50 50 50 50 50 50 50 50 50 50 50 50 50 50 50 50 50 50 50 50 50 50 50 50 50 50 50 50 50 50 50 50 50 43 19 13 12 0 0 0 0 0 0 0 0 0 
54 54 52 52 52 52 52 52 52 52 52 52 52 52 52 52 52 52 52 52 52 52 52 52 52 52 52 52 52 52 52 50 50 48 30 18 18 15 14 13 13 10 9 3 3 3 3 3 3 3 
56 56 52 52 52 52 52 52 52 52 52 52 52 52 52 52 52 52 52 52 52 52 52 52 52 52 52 52 52 52 52 52 52 52 52 52 50 46 43 39 31 28 27 15 15 12 5 5 5 5 
58 58 58 50 50 50 50 50 50 50 50 50 50 50 50 50 50 50 50 50 50 50 50 50 50 50 50 41 40 38 29 8 8 1 1 1 1 1 1 1 1 1 1 1 1 1 1 1 0 0 
54 54 54 54 54 50 50 50 50 50 50 50 50 50 50 50 50 50 50 50 50 50 50 50 50 50 50 50 50 50 23 10 7 7 4 4 1 1 1 1 1 1 1 1 1 0 0 0 0 0 
58 58 58 58 58 58 58 58 58 58 58 52 52 52 52 52 52 52 52 52 52 52 52 52 52 52 52 52 52 52 52 52 52 52 52 52 52 52 50 50 50 50 8 8 8 2 2 2 2 0 
57 55 55 55 55 55 55 55 55 55 55 55 55 55 55 55 55 55 55 55 55 55 55 55 54 51 51 51 51 51 51 51 51 51 51 51 51 51 51 51 50 36 28 10 10 10 5 5 5 2 
60 58 57 57 57 57 57 57 57 57 57 57 57 57 57 57 57 57 57 57 57 57 57 57 57 57 57 57 57 57 57 54 52 51 51 51 51 51 51 51 51 51 51 38 24 24 24 22 3 1 
57 56 55 55 55 55 55 55 55 55 55 55 55 55 55 55 55 55 55 55 55 55 55 55 55 55 55 55 55 55 55 54 52 52 52 52 51 51 22 19 7 5 5 5 5 5 5 5 5 2 
60 59 59 59 59 59 59 55 55 55 55 55 55 55 55 55 55 55 55 55 55 55 55 55 55 55 55 55 55 55 55 55 55 55 53 51 51 50 50 50 50 50 50 46 27 19 18 6 6 2 
63 62 62 62 62 62 62 62 62 62 62 62 62 62 62 62 62 62 62 62 60 60 60 60 60 60 60 60 60 60 60 60 60 51 50 50 50 50 50 50 30 15 10 10 10 10 10 1 1 1 
71 64 64 64 64 64 64 64 64 64 64 64 64 64 64 64 64 64 64 64 64 64 64 64 64 64 63 62 60 60 60 60 60 60 60 51 51 51 51 51 50 50 45 22 16 14 14 12 12 1 
64 60 60 59 59 59 59 59 59 59 59 59 59 59 59 59 59 59 59 59 59 59 59 59 59 59 59 59 59 59 54 54 54 50 50 50 50 50 50 50 29 24 20 20 11 10 10 10 10 9 
65 60 60 60 60 60 60 60 60 60 60 60 60 60 60 60 60 60 60 60 60 60 59 59 51 51 51 51 51 50 37 35 21 16 14 11 10 10 10 10 10 10 10 9 9 9 9 7 1 1 
63 61 61 56 56 55 55 55 55 55 55 55 55 55 55 55 55 55 55 55 55 55 55 55 55 55 55 51 51 51 51 51 51 51 51 51 50 50 49 24 17 16 15 14 11 5 5 5 5 1 
65 62 62 61 59 59 59 59 59 59 59 59 59 59 59 59 59 59 59 59 59 59 59 59 59 58 58 57 52 52 52 52 52 52 43 43 19 18 16 14 11 11 11 11 11 10 9 9 4 2 
70 67 66 63 62 61 60 60 60 60 59 59 59 59 59 59 59 59 59 59 59 59 59 59 59 59 59 59 59 57 57 50 50 50 45 44 44 31 30 20 18 16 14 10 10 7 1 1 1 1 
73 68 68 67 66 65 65 65 65 65 65 65 65 65 65 65 65 65 64 62 57 57 56 55 55 53 53 53 53 53 53 48 33 30 23 19 15 15 15 15 15 15 15 15 12 3 3 3 3 3 
72 72 70 65 64 64 63 62 60 60 60 60 60 59 59 59 59 59 59 57 50 50 50 50 49 46 43 29 29 28 28 27 26 24 22 20 15 15 13 13 13 12 12 12 11 3 3 3 3 3 
77 77 77 77 64 63 62 61 60 60 59 59 59 59 59 58 58 57 57 57 57 57 56 53 51 51 51 51 51 51 51 35 31 28 27 24 17 16 16 12 11 10 9 8 8 8 1 1 1 1 
83 83 83 83 77 75 72 67 65 65 61 61 61 59 59 59 59 59 59 58 58 57 52 50 50 50 50 40 35 35 35 32 31 30 29 29 21 20 15 15 15 14 13 10 9 7 6 1 0 0 
69 69 69 69 63 63 63 61 61 61 61 59 59 57 57 56 55 55 55 55 54 54 54 53 50 50 50 50 50 50 50 44 39 36 19 19 13 12 11 11 11 10 8 7 7 7 6 6 5 0 
77 75 75 75 75 75 73 73 70 68 66 66 62 61 60 59 58 58 57 53 50 50 50 50 46 29 28 25 24 24 22 19 19 19 16 13 13 12 12 11 11 10 10 9 9 9 7 1 1 0 
78 78 74 74 74 74 74 73 68 65 65 65 61 61 58 57 56 56 51 51 51 50 45 45 30 29 29 27 20 20 18 11 10 8 8 8 8 8 8 8 7 7 7 2 2 2 2 2 1 1 
79 76 76 76 76 76 74 74 74 74 74 74 74 72 70 69 69 69 67 64 61 61 59 59 50 50 47 47 46 44 34 33 32 30 29 23 22 20 20 19 18 14 13 12 9 5 2 2 2 2 
86 78 76 76 76 76 76 76 76 76 76 73 73 73 73 73 73 73 73 63 63 61 58 57 57 57 54 52 51 51 51 50 50 50 38 33 33 31 28 27 27 27 25 24 15 8 8 8 3 3 
84 81 78 77 77 77 77 77 77 77 77 77 77 77 77 77 76 76 76 75 75 75 75 75 68 68 68 68 68 68 52 52 52 50 48 46 46 43 31 31 30 30 25 23 15 9 4 4 2 2 
83 83 79 79 77 76 76 76 75 75 74 74 74 74 74 74 74 74 74 74 74 74 74 74 74 73 71 67 64 64 64 63 62 62 58 57 51 51 51 51 51 51 51 51 50 34 26 22 11 2 
81 81 78 78 78 78 76 76 76 76 76 76 76 74 74 74 74 74 74 74 73 73 73 71 70 69 58 58 54 54 51 51 50 43 35 35 34 30 29 28 26 25 20 15 15 15 12 10 9 7 
88 88 87 87 87 87 87 87 87 83 83 83 83 83 82 80 76 74 70 68 63 63 62 61 61 56 52 52 52 52 52 52 52 52 52 50 50 42 30 30 25 25 18 15 15 15 15 11 6 2 
88 88 88 88 88 86 84 82 82 82 82 82 82 82 82 82 82 81 76 62 60 59 57 57 55 55 55 55 54 50 50 50 50 50 50 50 50 50 50 44 37 34 17 15 15 7 1 1 1 1 
79 79 79 79 78 76 75 75 73 73 73 73 73 73 73 72 71 54 54 54 54 53 53 53 50 50 50 50 50 50 50 50 50 50 50 50 50 43 40 36 31 30 25 19 17 3 3 0 0 0 
90 90 90 90 87 86 86 86 85 83 83 83 83 83 83 83 75 73 73 71 60 57 57 55 53 51 51 51 50 50 50 40 40 33 31 29 29 24 11 10 6 6 4 4 1 1 1 1 1 0 
86 86 86 86 83 83 83 82 82 82 82 82 81 80 80 80 79 77 75 60 52 52 52 52 52 52 52 52 51 51 43 41 39 31 27 24 17 17 16 14 12 12 9 8 7 7 5 3 3 3 
86 86 86 86 86 82 79 79 77 76 76 75 75 75 75 75 71 67 65 64 59 51 51 51 51 51 51 51 51 51 51 51 50 43 42 39 32 30 29 29 19 17 17 15 13 5 2 2 2 1 
86 86 86 86 86 86 86 86 86 86 86 85 82 81 81 79 79 78 76 74 67 66 66 66 65 65 55 54 53 53 53 53 53 53 53 53 50 50 50 42 38 37 37 37 30 27 19 12 6 3 
85 85 85 85 85 85 85 85 85 85 85 85 85 83 82 80 76 76 63 62 62 61 57 57 57 55 51 51 51 51 51 51 51 50 50 50 50 48 46 38 30 16 13 13 13 9 8 6 6 2 
