0.6875 0.4375 0.09375 0.21875 0.75 0.28125 0.65625 0.40625 0.4375 0.65625 
0.84375 0.1875 1.0 0.0625 0.09375 0.96875 1.0 0.8125 0.71875 0.375 
0.84375 0.1875 1.0 0.0625 0.09375 0.96875 1.0 0.09375 0.90625 0.96875 
0.78125 0.84375 0.1875 1.0 0.0625 0.09375 0.96875 1.0 0.09375 0.90625 
0.78125 0.71875 0.84375 0.21875 0.875 0.8125 0.25 0.78125 0.3125 0.21875 
0.78125 0.71875 0.84375 0.875 0.8125 0.78125 0.90625 0.8125 0.78125 0.78125 
0.625 0.78125 0.71875 0.84375 0.875 0.8125 0.78125 0.90625 0.8125 0.78125 
0.625 0.78125 0.71875 0.84375 0.875 0.8125 0.78125 0.90625 0.8125 0.78125 
0.5625 0.6875 0.625 0.78125 0.71875 0.84375 0.875 0.8125 0.78125 0.90625 
0.5625 0.625 0.625 0.6875 0.65625 0.71875 0.78125 0.71875 0.84375 0.875 
0.5625 0.5625 0.625 0.625 0.625 0.625 0.625 0.6875 0.65625 0.71875 
0.5 0.5625 0.5625 0.625 0.625 0.625 0.625 0.625 0.6875 0.65625 
0.5 0.5 0.5625 0.5 0.5625 0.59375 0.625 0.625 0.625 0.625 
0.5 0.5 0.5 0.53125 0.53125 0.5625 0.59375 0.59375 0.53125 0.5625 
0.5 0.5 0.5 0.5 0.53125 0.53125 0.53125 0.53125 0.5 0.53125 
0.5 0.5 0.5 0.5 0.53125 0.53125 0.53125 0.5 0.53125 0.53125 
0.5 0.5 0.5 0.5 0.53125 0.53125 0.5 0.53125 0.53125 0.5 
0.5625 0.5 0.5 0.5 0.5 0.53125 0.53125 0.53125 0.5 0.46875 
0.5 0.5 0.5 0.5 0.5 0.53125 0.53125 0.53125 0.5 0.53125 
0.5 0.5 0.5 0.5 0.5 0.5 0.53125 0.53125 0.53125 0.53125 
0.53125 0.5 0.5 0.5 0.5 0.5 0.5 0.53125 0.53125 0.53125 
0.53125 0.5 0.5 0.5 0.5 0.5 0.5 0.5 0.5 0.5 
0.53125 0.5 0.5 0.5 0.5 0.5 0.46875 0.5 0.5 0.5 
0.53125 0.46875 0.46875 0.5 0.5 0.5 0.5 0.5 0.53125 0.5 
0.46875 0.46875 0.46875 0.46875 0.46875 0.53125 0.5 0.5 0.5 0.5 
0.46875 0.46875 0.46875 0.46875 0.46875 0.53125 0.5 0.5 0.5 0.5 
0.53125 0.46875 0.46875 0.46875 0.46875 0.46875 0.46875 0.53125 0.5 0.5 
0.46875 0.53125 0.46875 0.46875 0.46875 0.46875 0.46875 0.46875 0.46875 0.5 
0.46875 0.53125 0.46875 0.46875 0.46875 0.46875 0.46875 0.46875 0.46875 0.5 
0.46875 0.53125 0.4375 0.46875 0.46875 0.46875 0.46875 0.46875 0.46875 0.46875 
0.46875 0.53125 0.46875 0.46875 0.4375 0.4375 0.46875 0.46875 0.46875 0.46875 
0.46875 0.46875 0.4375 0.46875 0.46875 0.4375 0.46875 0.46875 0.46875 0.46875 
0.46875 0.46875 0.46875 0.46875 0.4375 0.46875 0.4375 0.4375 0.4375 0.46875 
0.46875 0.4375 0.4375 0.4375 0.4375 0.46875 0.46875 0.5 0.46875 0.46875 
0.46875 0.4375 0.4375 0.4375 0.4375 0.4375 0.46875 0.46875 0.5 0.46875 
0.46875 0.4375 0.4375 0.4375 0.4375 0.4375 0.5 0.46875 0.4375 0.4375 
0.46875 0.4375 0.4375 0.4375 0.4375 0.4375 0.5 0.46875 0.4375 0.4375 
0.46875 0.4375 0.4375 0.4375 0.4375 0.4375 0.5 0.46875 0.4375 0.4375 
0.46875 0.4375 0.4375 0.4375 0.4375 0.4375 0.5 0.46875 0.4375 0.4375 
0.46875 0.4375 0.4375 0.4375 0.4375 0.4375 0.5 0.46875 0.4375 0.4375 
0.46875 0.4375 0.4375 0.4375 0.4375 0.4375 0.5 0.46875 0.4375 0.4375 
0.46875 0.4375 0.4375 0.4375 0.4375 0.4375 0.5 0.46875 0.4375 0.4375 
0.46875 0.4375 0.4375 0.4375 0.4375 0.4375 0.5 0.46875 0.4375 0.4375 
0.46875 0.4375 0.4375 0.4375 0.4375 0.4375 0.4375 0.4375 0.46875 0.46875 
0.46875 0.4375 0.46875 0.46875 0.4375 0.4375 0.4375 0.4375 0.4375 0.4375 
0.46875 0.4375 0.46875 0.46875 0.4375 0.4375 0.4375 0.4375 0.4375 0.4375 
0.46875 0.4375 0.46875 0.46875 0.4375 0.4375 0.4375 0.4375 0.4375 0.4375 
0.4375 0.46875 0.46875 0.46875 0.4375 0.4375 0.4375 0.4375 0.4375 0.4375 
0.4375 0.46875 0.46875 0.46875 0.4375 0.4375 0.4375 0.4375 0.4375 0.4375 
0.4375 0.46875 0.46875 0.46875 0.4375 0.4375 0.4375 0.4375 0.4375 0.4375 
