52 52 50 50 50 50 50 50 50 50 50 50 50 50 50 33 20 9 3 3 3 3 3 3 3 3 3 3 3 3 3 3 3 3 2 2 2 2 2 2 2 2 1 1 1 1 1 1 1 1 
51 51 51 50 50 50 50 50 50 50 50 50 50 50 50 50 50 50 50 50 50 50 50 50 50 47 45 21 9 8 8 1 1 1 1 1 1 1 1 1 1 1 1 0 0 0 0 0 0 0 
51 51 51 50 50 50 50 50 50 50 50 50 50 50 50 50 50 50 50 50 50 50 33 28 8 1 1 1 1 1 1 1 1 1 1 1 1 1 1 0 0 0 0 0 0 0 0 0 0 0 
51 51 51 51 51 51 51 51 50 50 50 50 50 50 50 50 50 50 50 50 50 50 50 43 39 24 7 2 1 1 1 1 1 1 1 1 1 1 1 1 1 1 1 0 0 0 0 0 0 0 
55 51 51 51 51 51 51 51 51 51 50 50 50 50 50 50 50 50 50 50 50 50 50 50 50 43 23 23 22 9 9 1 1 1 1 1 1 1 1 1 1 1 1 1 1 0 0 0 0 0 
56 50 50 50 50 50 50 50 50 50 50 50 50 50 50 50 50 50 50 50 50 50 50 50 50 50 50 50 50 19 19 10 7 7 0 0 0 0 0 0 0 0 0 0 0 0 0 0 0 0 
76 59 59 52 52 52 52 50 50 50 50 50 50 50 50 50 50 50 50 50 50 50 50 50 50 50 50 50 50 50 25 22 13 11 9 2 2 2 2 2 2 2 2 2 2 2 2 2 2 2 
76 60 60 52 52 52 52 52 52 52 52 52 52 50 50 50 50 50 50 50 50 50 50 50 50 50 50 50 50 50 50 50 50 50 50 50 50 22 2 2 2 2 2 2 2 2 2 2 2 0 
83 57 57 57 55 50 50 50 50 50 50 50 50 50 50 50 50 50 50 50 50 50 50 50 50 50 50 50 50 50 50 50 50 50 50 50 22 17 17 15 14 12 12 9 9 9 0 0 0 0 
72 58 57 57 57 57 55 51 51 51 51 51 51 51 51 51 51 51 51 51 51 51 51 51 50 50 50 29 22 15 15 9 9 9 9 7 7 6 2 2 2 2 2 2 2 2 2 2 1 1 
75 59 55 55 55 55 52 52 52 52 51 51 51 51 51 51 51 51 51 51 50 50 50 50 50 50 50 50 50 50 50 41 37 27 18 7 6 6 6 5 4 3 1 1 1 1 1 1 0 0 
76 62 60 58 58 58 58 58 57 57 57 57 57 57 57 57 57 52 52 52 52 51 51 51 51 51 51 51 51 51 50 50 50 50 50 50 46 44 26 21 13 12 10 10 9 3 3 3 3 2 
74 68 68 61 59 59 58 58 58 58 58 58 57 56 56 54 54 54 54 54 54 54 54 50 50 50 50 50 50 50 50 50 43 27 27 26 23 21 17 14 11 11 11 11 10 10 10 7 4 4 
74 70 68 68 65 63 60 60 60 59 58 56 56 56 56 56 56 55 53 53 53 50 50 50 50 50 50 50 50 50 25 19 12 12 9 8 8 8 7 7 6 6 6 6 3 3 3 0 0 0 
77 77 71 69 67 67 64 63 59 59 59 58 57 57 56 56 56 51 51 50 50 50 50 50 50 50 50 50 50 50 25 21 17 15 14 11 10 8 6 5 1 1 1 1 1 1 1 1 1 1 
78 78 74 73 72 72 72 71 66 60 60 60 60 60 56 55 51 51 51 51 51 51 51 51 51 51 51 51 50 50 50 36 36 21 16 15 12 8 6 6 6 6 6 6 2 2 2 2 2 2 
74 74 73 70 70 70 70 70 70 70 66 64 62 61 61 60 60 60 60 60 60 58 57 52 52 52 52 52 52 52 52 50 33 33 31 26 25 23 19 10 10 8 8 8 8 7 7 4 4 4 
75 75 75 68 68 67 67 67 66 65 65 65 65 65 65 59 59 59 59 59 59 59 59 59 56 56 50 45 45 24 23 20 19 17 15 14 9 8 8 8 6 6 5 5 5 5 1 1 1 1 
75 75 75 75 75 75 75 69 69 69 69 69 69 69 69 69 69 69 69 69 69 69 69 67 67 67 64 62 60 56 55 52 52 51 51 51 50 42 41 34 31 25 22 20 20 19 18 13 9 6 
71 71 71 71 71 71 71 71 71 65 65 65 65 65 65 65 65 65 65 63 63 63 63 56 56 56 51 51 51 51 51 51 51 51 51 50 50 50 44 43 26 21 20 18 16 16 12 9 6 1 
79 79 79 79 79 79 79 79 79 79 79 78 78 77 77 77 77 77 77 77 77 77 77 77 77 76 76 76 76 65 64 51 51 51 51 51 50 50 50 50 50 49 49 33 31 30 22 21 13 1 
75 72 72 72 72 72 72 72 72 72 72 72 72 72 72 72 71 71 70 70 70 69 69 69 69 69 69 69 68 68 66 61 56 51 51 51 51 51 50 50 50 50 50 50 22 20 19 9 9 1 
82 75 75 75 75 75 75 75 75 75 75 75 75 75 75 74 71 71 71 71 71 71 71 70 69 61 58 51 51 51 51 51 51 51 51 51 51 51 43 40 36 31 31 22 22 13 13 12 2 1 
78 78 74 74 74 74 74 74 74 74 74 74 74 74 74 74 74 74 74 73 73 73 73 70 62 51 51 51 51 51 51 51 51 51 51 51 51 50 50 50 37 36 26 26 22 2 2 2 2 2 
86 83 83 76 76 76 76 76 76 76 76 76 76 76 76 76 76 73 73 70 70 67 66 64 58 50 50 50 50 50 50 50 50 50 50 50 50 50 50 50 50 50 50 50 17 14 11 8 0 0 
85 83 81 81 78 78 78 78 78 78 78 78 78 78 78 78 78 78 78 78 78 76 72 71 70 57 57 52 52 52 52 52 52 52 52 52 52 52 52 52 52 50 50 50 42 28 6 2 2 2 
88 84 84 83 83 79 79 79 79 79 79 79 79 79 79 79 79 75 75 75 61 51 51 51 51 51 51 51 51 51 51 51 51 51 51 51 51 51 51 51 51 50 50 50 50 50 44 10 10 2 
84 84 84 83 83 82 82 81 80 80 80 80 80 80 80 80 80 75 75 74 61 61 51 51 51 51 50 50 50 50 50 50 50 50 50 50 50 50 50 50 50 50 50 43 41 8 7 1 1 1 
84 84 84 84 79 79 79 79 79 79 78 75 73 73 73 73 73 73 73 67 67 65 60 58 56 51 51 51 51 51 51 51 51 51 51 51 51 51 50 40 40 37 24 19 18 17 12 7 7 2 
86 86 86 86 86 86 82 82 82 82 82 80 80 80 80 79 79 79 75 75 72 72 62 59 56 52 52 52 52 52 52 52 52 50 50 48 45 45 42 41 41 41 37 35 25 24 24 7 7 4 
83 83 83 83 83 83 83 83 83 83 83 83 83 83 83 83 83 83 81 81 81 81 81 78 73 71 61 57 53 53 53 53 53 53 53 50 50 41 40 36 35 11 11 10 5 3 3 3 3 0 
82 82 82 82 82 82 82 82 82 82 82 82 78 78 78 78 78 78 78 74 74 71 62 62 51 51 51 51 51 51 51 51 51 51 51 51 50 44 44 42 37 35 30 29 19 16 15 7 2 2 
83 83 83 83 83 83 83 83 83 83 83 83 83 83 83 83 83 81 81 81 81 81 80 80 79 73 72 59 59 58 58 54 54 53 50 50 50 50 50 44 36 36 27 23 23 10 9 9 8 8 
85 84 84 84 84 84 84 84 84 84 84 84 84 84 84 84 84 84 84 84 84 78 76 76 75 71 62 61 59 59 59 59 59 54 54 51 51 51 50 50 50 50 49 49 45 40 26 9 1 1 
80 80 80 80 80 80 80 80 80 80 80 80 80 80 80 80 78 78 76 74 74 74 61 60 58 54 54 51 50 50 50 47 35 35 35 34 34 33 25 19 17 11 11 5 1 1 1 1 1 0 
85 85 85 85 85 85 85 85 85 85 85 85 85 85 83 81 77 59 58 58 58 58 58 55 51 51 51 51 50 50 50 50 50 45 42 39 36 21 18 17 16 9 9 6 6 6 1 1 1 1 
84 84 84 84 84 84 84 84 84 84 84 84 84 84 78 78 78 78 78 75 61 61 61 60 60 55 55 50 50 50 50 50 50 50 50 50 50 50 12 12 11 10 10 5 0 0 0 0 0 0 
84 84 84 84 84 84 84 84 84 84 84 84 84 84 84 84 84 84 83 83 83 82 81 78 66 66 65 65 65 56 52 52 52 52 52 50 50 50 50 29 22 22 17 16 16 16 7 6 2 2 
83 83 83 83 83 83 83 83 83 83 83 83 83 81 81 80 80 80 80 79 78 76 72 72 60 60 60 60 60 60 59 58 57 55 51 51 50 50 50 44 40 32 18 14 12 12 11 1 1 0 
80 80 80 80 80 80 80 80 80 80 80 80 80 80 80 80 80 80 80 80 77 62 59 59 57 57 55 55 55 52 52 50 50 50 47 34 34 33 33 33 29 19 19 17 6 6 5 3 2 1 
87 87 87 87 87 87 87 87 87 87 87 87 87 87 87 87 87 86 86 86 82 82 64 59 59 58 54 51 51 50 50 50 50 50 50 50 50 50 50 50 50 45 45 44 34 20 13 10 10 7 
85 85 85 85 85 85 85 85 85 85 85 85 85 85 85 85 85 84 82 60 58 55 50 50 50 50 50 50 50 50 50 50 50 50 50 50 49 43 39 38 34 29 29 22 10 10 3 0 0 0 
83 83 83 83 83 83 83 83 83 83 83 83 83 83 83 83 83 83 83 81 81 81 71 59 59 58 58 55 55 55 55 55 54 51 51 51 51 51 50 50 50 50 50 50 42 40 39 37 25 6 
90 90 90 90 90 90 90 90 90 90 90 90 90 90 90 90 90 90 90 90 90 90 90 90 84 69 60 60 60 59 59 59 57 52 52 52 52 51 50 50 50 46 46 45 45 42 19 11 10 3 
84 84 84 84 84 84 84 84 84 84 84 84 84 84 84 84 84 84 84 76 71 71 56 56 56 56 56 56 56 54 51 51 51 50 50 50 50 50 46 40 40 39 19 19 18 11 7 1 1 0 
83 83 83 83 83 83 83 83 83 83 83 83 83 83 83 83 83 83 83 82 82 82 82 78 66 66 65 59 59 59 59 54 51 51 51 51 51 51 50 50 50 50 36 36 32 21 18 18 5 1 
79 79 79 79 79 79 79 79 79 79 79 79 79 79 79 79 79 79 75 75 67 67 67 67 56 55 55 54 51 51 51 50 50 50 50 50 50 50 50 50 50 50 50 32 20 17 8 5 1 1 
84 84 84 84 84 84 84 84 84 84 84 84 84 84 84 84 84 84 84 84 84 84 84 84 84 84 83 80 80 61 54 54 53 53 53 52 50 50 50 50 50 50 50 50 12 3 0 0 0 0 
84 84 84 84 84 84 84 84 84 84 84 84 84 84 84 84 84 84 83 83 83 81 57 57 57 57 57 52 52 52 52 52 52 52 52 52 52 50 44 40 40 38 35 13 10 10 9 9 8 4 
86 86 86 86 86 86 86 86 86 86 86 86 86 86 86 86 86 86 86 86 86 86 77 63 61 61 59 59 58 52 52 52 51 51 51 51 51 50 50 42 41 40 17 11 10 3 3 3 3 2 
