% Ministry of Cellular Automata
% Project Deux (CS523 Spring 2015)
% Version:v0.1-66-g3e0f-dirty
%  pop:50
%  ic count:100
%  CA Log option:r2/run38
%  width:121
%  max workers:4
%  radius:2
%  iterations:300
%  generations:50

 generation 0.1.4.50.3.50.1.1.3.50.50.50.4.50.1.1.1.4.4.3.3.4.50.50.50.3.50.3.50.8.3.50.4.4.50.50.4.1.50.50.4.3.4.1.50.50.4.3.3.4.50.xover.mutate.done 50
 generation 1.50.50.50.50.50.50.50.50.50.50.1.50.1.50.51.6.51.50.1.12.1.50.1.10.4.1.50.1.50.50.50.50.50.50.4.21.50.50.50.50.51.50.1.50.46.1.8.12.34.50.xover.mutate.done 50
 generation 2.52.52.52.50.50.50.50.50.50.50.50.50.50.2.50.2.50.50.4.9.52.0.50.34.2.50.50.2.26.2.19.2.50.50.50.52.50.18.50.2.0.52.2.2.2.50.50.50.50.50.xover.mutate.done 50
 generation 3.50.50.50.50.50.50.50.50.50.50.50.0.50.50.50.50.50.50.50.11.7.50.10.0.50.50.0.50.0.50.50.0.50.33.50.50.50.0.0.50.24.50.0.0.0.50.50.0.0.0.xover.mutate.done 50
 generation 4.51.51.51.51.51.51.50.50.50.50.51.1.1.51.29.11.1.50.51.51.50.8.51.5.1.1.51.51.1.0.50.1.51.10.51.1.1.0.51.1.0.51.51.5.51.35.50.10.50.50.xover.mutate.done 50
 generation 5.52.52.52.52.52.52.52.52.52.52.9.52.52.52.52.52.52.52.7.12.52.2.50.31.50.52.52.50.50.52.2.50.52.52.28.0.52.50.52.2.52.5.52.52.2.52.52.11.50.52.xover.mutate.done 50
 generation 6.52.52.52.52.52.52.52.52.52.52.52.52.52.52.52.52.2.52.52.52.52.2.2.50.52.2.52.50.52.2.9.16.52.52.52.52.50.52.23.9.52.52.52.52.52.52.52.10.52.52.xover.mutate.done 50
 generation 7.50.50.50.50.50.50.50.50.50.50.50.50.50.9.50.9.50.50.50.50.50.50.2.50.50.50.50.22.50.50.50.50.8.0.2.50.8.50.50.50.8.50.2.50.52.50.50.50.8.18.xover.mutate.done 50
 generation 8.50.50.50.50.50.50.50.50.50.50.50.0.50.50.0.0.50.50.50.50.5.0.50.0.50.0.50.0.50.50.50.50.0.50.50.50.50.50.50.16.5.15.50.50.0.0.50.0.50.0.xover.mutate.done 50
 generation 9.51.51.51.51.51.51.51.51.51.51.51.2.51.51.2.51.51.1.51.51.51.51.51.51.51.14.51.2.51.51.51.51.51.1.51.51.51.51.1.51.51.51.1.2.51.51.1.43.51.50.xover.mutate.done 50
 generation 10.53.53.53.53.53.53.53.53.53.53.53.53.6.53.53.53.53.53.53.3.6.3.53.50.53.50.53.6.7.53.6.6.3.53.53.6.34.53.53.3.53.53.11.53.53.53.53.53.53.6.xover.mutate.done 50
 generation 11.51.50.50.50.50.50.50.50.50.50.50.50.50.14.50.50.1.50.50.0.1.50.50.50.50.50.1.63.50.50.50.50.50.50.1.50.1.50.50.50.50.50.50.1.50.50.50.50.1.50.xover.mutate.done 50
 generation 12.66.52.51.51.51.51.51.51.51.51.51.51.3.10.51.52.50.51.51.13.51.3.7.51.51.51.3.2.51.1.51.3.37.3.51.51.51.51.50.51.51.3.51.3.50.51.51.51.51.24.xover.mutate.done 50
 generation 13.61.50.50.50.50.50.50.50.50.50.17.19.50.12.50.50.50.50.50.0.50.8.50.50.50.0.50.50.12.8.5.0.0.50.50.50.8.61.50.50.50.50.50.0.0.50.50.50.50.50.xover.mutate.done 50
 generation 14.57.57.50.50.50.50.50.50.50.50.50.57.50.0.50.50.50.50.2.50.0.50.50.50.0.0.0.50.7.50.50.0.0.11.12.50.50.50.50.61.50.50.0.50.50.57.50.52.7.50.xover.mutate.done 50
 generation 15.66.60.60.60.60.55.50.50.52.52.10.52.2.2.12.2.52.52.52.2.55.2.18.52.2.50.52.0.14.52.52.2.50.55.52.46.52.60.18.2.2.7.50.52.50.37.2.7.2.55.xover.mutate.done 50
 generation 16.74.63.63.63.63.63.58.58.58.58.15.50.8.17.50.34.8.31.58.63.50.50.8.15.7.11.50.50.34.58.21.50.8.50.50.0.36.61.8.58.34.35.8.8.8.0.14.63.50.58.xover.mutate.done 50
 generation 17.68.65.65.65.65.65.65.65.60.55.68.65.55.55.18.61.53.21.18.3.65.58.57.64.65.50.24.12.65.53.50.20.30.17.30.3.55.9.47.10.60.28.50.30.68.14.53.10.64.3.xover.mutate.done 50
 generation 18.64.64.64.59.59.59.59.59.59.59.50.50.59.6.50.59.50.59.31.50.70.57.50.13.50.50.55.50.55.59.6.9.68.50.50.50.27.7.12.56.50.55.50.50.55.59.50.59.50.59.xover.mutate.done 50
 generation 19.76.75.69.69.69.63.63.63.63.63.1.36.63.51.63.7.66.60.56.50.51.6.25.13.60.63.63.30.51.63.56.56.19.66.63.51.51.16.56.1.63.30.51.5.64.63.36.63.1.69.xover.mutate.done 50
 generation 20.75.73.73.73.73.73.68.69.67.63.63.51.50.51.3.63.73.62.63.39.3.72.39.39.57.3.73.69.56.56.12.3.52.23.62.63.46.42.57.68.63.20.69.75.56.21.48.40.51.69.xover.mutate.done 50
 generation 21.73.73.69.66.66.66.66.69.66.65.60.73.66.25.50.0.0.5.50.0.26.19.50.19.63.28.52.27.59.23.11.50.53.8.60.0.59.34.27.57.50.66.0.66.61.53.0.19.19.50.xover.mutate.done 50
 generation 22.74.74.74.72.72.69.69.69.69.69.36.56.73.62.2.74.50.5.52.24.27.69.52.18.50.50.55.72.50.51.32.62.43.45.70.24.69.72.69.24.36.68.67.50.2.32.73.74.69.50.xover.mutate.done 50
 generation 23.75.75.75.75.75.71.71.73.73.73.24.51.17.24.51.2.2.37.47.46.65.72.2.24.55.51.67.2.70.51.63.51.75.2.8.40.62.75.51.24.50.51.80.51.46.65.79.37.56.2.xover.mutate.done 50
 generation 24.80.77.65.65.65.65.65.63.65.65.36.42.0.18.25.18.50.65.40.53.15.33.61.65.15.80.26.12.13.50.50.45.15.3.43.40.53.0.58.50.60.50.14.54.0.80.50.50.65.65.xover.mutate.done 50
 generation 25.91.91.91.88.83.83.83.83.83.83.68.1.27.39.91.49.76.18.29.48.3.21.83.83.3.91.49.55.76.67.52.55.3.51.91.91.83.41.52.83.8.9.83.64.52.88.3.41.80.32.xover.mutate.done 50
 generation 26.85.85.85.85.85.85.85.83.83.76.50.83.53.0.42.42.72.32.60.78.83.76.85.50.76.0.42.35.9.85.76.79.75.0.16.59.76.0.76.9.50.53.26.50.85.61.63.41.76.75.xover.mutate.done 50
 generation 27.78.78.78.78.78.78.78.78.78.78.50.58.50.78.26.74.2.27.26.10.36.64.78.26.52.58.10.50.78.52.29.60.74.50.78.2.60.2.26.50.65.17.50.74.18.54.50.83.75.30.xover.mutate.done 50
 generation 28.88.84.84.84.84.84.84.84.84.84.52.77.47.50.47.84.80.51.84.39.37.42.51.77.77.56.84.56.84.65.46.71.76.84.54.53.3.78.84.3.56.80.84.31.50.84.24.77.84.84.xover.mutate.done 50
 generation 29.79.80.80.80.80.80.80.80.80.80.80.50.56.51.6.77.1.79.5.6.47.51.55.51.80.35.80.50.28.32.5.56.58.50.0.35.79.58.56.1.1.50.80.50.50.1.5.55.6.50.xover.mutate.done 50
 generation 30.84.84.84.84.84.84.84.84.84.84.14.50.52.52.43.84.84.57.84.36.0.81.47.52.73.41.52.50.9.52.9.52.50.84.41.0.84.9.80.84.6.84.38.41.41.78.50.77.30.84.xover.mutate.done 50
 generation 31.83.83.83.83.83.83.83.83.83.83.81.51.49.56.5.36.22.65.56.83.81.53.51.51.10.51.2.57.72.51.51.53.57.51.56.83.51.51.51.10.1.56.4.57.50.51.56.83.57.51.xover.mutate.done 50
 generation 32.83.83.83.83.83.83.83.83.83.83.11.51.50.51.58.51.81.1.83.61.51.83.51.50.61.51.8.11.9.83.51.51.83.9.51.69.51.50.61.58.83.32.62.38.43.12.58.16.32.58.xover.mutate.done 50
 generation 33.85.85.85.85.85.85.85.85.85.85.50.34.85.5.85.50.39.50.50.50.68.50.85.7.77.51.75.50.85.50.85.51.33.0.1.51.0.53.53.53.50.53.63.7.40.85.85.7.85.85.xover.mutate.done 50
 generation 34.84.84.84.84.84.84.84.84.84.84.59.50.57.51.51.1.2.51.51.8.42.36.2.50.84.84.57.80.48.50.51.51.59.50.59.57.50.83.51.28.57.84.47.48.51.51.42.59.72.72.xover.mutate.done 50
 generation 35.79.79.79.79.79.79.79.79.79.79.79.77.59.51.77.79.7.77.58.56.79.53.79.51.44.6.51.4.53.77.79.79.50.79.4.48.38.79.56.51.79.8.51.50.44.79.43.79.1.79.xover.mutate.done 50
 generation 36.83.83.83.83.83.83.83.83.83.83.81.78.78.83.83.44.51.50.15.80.63.12.12.50.11.12.80.50.83.50.80.50.51.50.46.83.51.63.61.83.0.1.46.67.83.74.51.50.44.83.xover.mutate.done 50
 generation 37.82.82.82.82.82.82.82.82.82.82.82.52.3.6.54.82.81.34.82.83.24.50.51.35.52.6.81.82.50.51.82.54.82.6.54.82.76.12.55.50.52.53.51.5.74.5.5.75.82.82.xover.mutate.done 50
 generation 38.83.83.83.83.83.83.83.83.83.83.37.6.51.51.51.2.81.35.83.50.37.81.83.51.53.51.50.1.51.36.78.41.51.51.2.55.53.5.77.83.81.51.83.51.83.24.3.29.75.51.xover.mutate.done 50
 generation 39.78.78.78.78.78.78.78.78.78.78.16.6.51.78.30.9.78.78.51.51.50.78.78.78.78.78.50.50.6.78.77.78.57.1.1.50.78.1.51.78.0.78.51.78.51.51.78.77.6.51.xover.mutate.done 50
 generation 40.83.82.82.82.82.82.82.82.82.82.53.53.53.82.35.3.82.82.50.80.53.53.51.50.1.51.80.80.60.53.82.82.6.82.53.53.53.53.82.70.33.80.4.82.1.82.82.6.7.82.xover.mutate.done 50
 generation 41.80.80.80.80.80.80.80.80.80.80.50.50.54.64.80.80.50.80.50.80.80.31.50.68.50.50.0.50.50.50.80.80.50.80.77.80.60.50.50.50.77.50.50.0.50.50.50.80.80.0.xover.mutate.done 50
 generation 42.82.82.82.82.82.82.82.82.82.82.52.52.69.77.52.80.60.52.50.60.82.12.52.69.52.52.82.82.82.82.22.68.12.82.82.78.65.80.80.50.39.82.52.52.12.82.0.60.82.50.xover.mutate.done 50
 generation 43.77.77.77.77.77.77.77.77.77.77.1.6.51.77.1.50.77.50.77.77.77.74.74.50.32.77.50.56.77.50.77.72.50.6.6.6.60.50.77.1.5.25.1.77.6.6.77.76.49.77.xover.mutate.done 50
 generation 44.85.85.85.85.85.85.85.85.85.85.10.13.39.50.52.60.2.85.85.48.7.0.50.7.52.11.52.45.11.50.85.7.85.44.43.41.79.85.2.50.7.55.41.85.2.52.41.84.52.47.xover.mutate.done 50
 generation 45.79.78.78.78.78.78.78.78.78.78.52.37.59.78.60.78.2.77.46.78.78.2.56.50.44.0.78.52.78.52.77.2.76.78.12.14.2.12.50.78.2.78.2.17.50.52.52.73.78.74.xover.mutate.done 50
 generation 46.88.84.84.84.84.84.84.84.84.84.50.7.84.59.74.74.7.50.57.50.84.84.50.50.20.80.50.7.82.50.7.50.81.10.34.84.39.50.50.50.50.50.50.50.59.84.50.84.50.84.xover.mutate.done 50
 generation 47.81.83.83.83.83.83.83.83.83.83.38.83.50.83.28.50.51.52.83.34.83.51.83.51.81.50.52.51.3.83.50.51.10.83.50.52.51.9.52.83.3.83.57.69.11.83.50.76.12.51.xover.mutate.done 50
 generation 48.87.87.87.87.87.87.87.87.87.87.51.87.87.1.84.50.50.57.1.87.43.56.7.14.40.1.1.7.33.63.51.50.78.50.87.51.87.20.50.1.40.51.84.1.50.51.87.50.81.1.xover.mutate.done 50
 generation 49.90.90.90.90.90.90.90.90.90.90.90.71.1.50.1.72.50.90.8.72.50.0.51.77.59.50.87.72.66.7.50.73.90.50.90.90.71.50.66.47.1.63.1.57.90.73.1.73.51.90.xover.mutate.done 50
 22724138 iters     857368 iter/sec (26.50 s)
 total time: 26.50
