% Ministry of Cellular Automata
% Project Deux (CS523 Spring 2015)
% Version:v0.1-66-g3e0f-dirty
%  pop:50
%  ic count:100
%  CA Log option:r2/run31
%  width:121
%  max workers:4
%  radius:2
%  iterations:300
%  generations:50

 generation 0.50.1.1.1.50.1.1.50.50.1.0.8.0.1.50.0.1.1.0.1.1.1.1.1.1.1.1.1.1.50.1.1.1.1.50.1.50.0.1.0.0.13.1.0.0.1.1.1.1.1.xover.mutate.done 50
 generation 1.50.50.50.50.50.50.50.50.12.14.1.50.50.1.1.1.1.50.1.50.50.50.0.12.62.50.39.1.1.1.50.1.0.51.1.1.1.1.1.50.1.1.51.1.1.2.1.0.51.0.xover.mutate.done 50
 generation 2.63.50.50.50.50.50.50.50.50.50.50.0.50.0.50.50.0.0.50.0.50.50.50.0.0.50.0.50.0.50.0.0.0.0.50.50.50.0.50.0.35.50.50.0.37.0.50.50.0.50.xover.mutate.done 50
 generation 3.56.52.52.52.51.50.50.50.50.50.50.52.52.52.3.52.50.2.2.1.50.3.3.1.11.10.2.3.50.50.52.1.3.3.3.1.58.2.50.50.2.51.1.50.1.3.1.50.1.2.xover.mutate.done 50
 generation 4.56.59.50.50.50.50.50.50.50.50.50.31.0.0.0.0.50.16.0.0.50.0.0.50.1.50.0.0.0.50.26.50.0.50.34.0.0.0.0.0.50.0.0.0.50.7.0.0.0.0.xover.mutate.done 50
 generation 5.61.52.51.51.51.51.51.51.51.51.51.1.1.50.51.12.50.1.2.31.1.1.27.12.50.1.51.26.1.1.1.23.50.50.2.1.50.2.2.47.28.1.1.2.2.51.29.2.51.2.xover.mutate.done 50
 generation 6.59.55.50.50.50.50.50.50.50.50.1.1.50.1.50.50.1.1.50.1.1.1.28.1.1.1.50.0.1.50.20.1.0.50.1.50.1.1.50.50.13.50.1.1.1.1.1.50.50.0.xover.mutate.done 50
 generation 7.51.54.50.50.50.50.50.50.50.50.50.50.50.0.0.0.0.50.12.0.0.0.0.15.13.0.16.0.0.0.50.50.50.0.50.50.0.50.36.0.50.0.0.50.12.29.50.0.50.1.xover.mutate.done 50
 generation 8.58.59.52.52.52.52.52.52.52.52.10.4.13.2.2.52.2.4.4.4.52.50.52.2.4.52.2.4.18.4.52.52.4.2.52.4.4.52.2.52.52.4.33.52.50.4.52.2.52.2.xover.mutate.done 50
 generation 9.55.55.51.51.51.51.51.51.51.51.51.1.51.51.2.1.51.1.1.2.1.51.51.2.51.51.51.1.9.51.30.1.35.51.50.51.51.51.2.2.2.51.51.51.1.51.51.51.51.51.xover.mutate.done 50
 generation 10.56.53.51.51.51.51.51.51.51.51.51.1.1.51.51.51.1.51.1.1.51.9.51.51.9.51.51.51.51.12.20.21.1.12.51.9.51.51.50.9.1.51.1.51.51.1.51.51.51.50.xover.mutate.done 50
 generation 11.53.53.51.51.51.51.51.51.51.51.51.1.2.1.2.2.1.51.51.51.2.51.2.51.1.51.2.8.51.1.51.51.21.2.1.50.2.51.51.1.2.51.51.51.51.33.1.51.51.51.xover.mutate.done 50
 generation 12.55.57.52.52.52.52.52.52.52.52.2.21.4.36.45.15.4.2.4.4.4.2.52.52.4.2.52.2.2.8.2.2.4.52.2.4.4.52.52.52.4.52.2.52.52.52.4.4.52.4.xover.mutate.done 50
 generation 13.60.52.51.51.51.51.51.51.51.51.2.2.51.51.1.12.51.2.1.2.1.51.51.51.1.1.1.24.1.1.2.2.2.2.2.1.1.2.13.32.9.51.2.2.2.1.2.39.51.1.xover.mutate.done 50
 generation 14.62.59.50.50.50.50.50.50.50.50.1.1.50.50.21.1.1.1.53.1.1.1.1.50.50.1.1.1.1.1.18.50.1.37.0.50.50.0.1.1.1.1.50.29.50.21.1.1.50.0.xover.mutate.done 50
 generation 15.55.67.57.51.51.51.51.51.51.51.51.1.51.2.57.15.50.51.2.51.2.15.51.2.2.12.10.50.1.2.2.10.51.2.11.2.2.51.2.51.2.1.50.40.50.1.1.1.1.2.xover.mutate.done 50
 generation 16.56.54.54.55.50.50.50.50.50.50.50.50.50.0.0.0.0.0.0.50.0.0.22.50.0.0.0.50.0.0.54.0.50.50.0.50.50.0.50.15.50.54.0.50.50.50.0.0.9.0.xover.mutate.done 50
 generation 17.65.61.58.58.58.58.50.50.50.50.50.58.50.58.0.0.0.0.0.14.50.0.11.50.0.0.50.0.0.50.42.50.23.0.50.50.50.50.50.0.50.50.50.0.0.50.50.58.50.0.xover.mutate.done 50
 generation 18.64.50.58.58.58.58.58.58.58.50.0.0.0.58.50.0.0.58.0.50.0.0.0.58.0.58.50.58.58.50.0.50.58.0.50.50.50.0.50.8.8.8.58.50.0.58.0.0.0.0.xover.mutate.done 50
 generation 19.54.57.57.57.57.57.57.57.57.57.9.8.52.9.57.2.57.57.57.4.57.56.9.2.2.9.4.57.4.9.2.4.49.4.57.52.2.2.57.9.57.9.57.2.9.52.57.2.2.57.xover.mutate.done 50
 generation 20.57.57.57.57.57.57.57.57.57.57.57.57.57.57.57.57.57.36.7.57.2.7.17.2.57.57.0.7.7.57.7.52.7.7.7.7.0.57.57.2.52.7.52.57.7.50.7.3.57.57.xover.mutate.done 50
 generation 21.59.59.59.59.59.59.59.59.59.59.59.68.11.11.4.38.11.59.11.59.11.59.2.18.59.52.38.29.59.11.59.11.59.4.11.11.38.59.4.59.36.11.11.11.50.59.2.59.59.59.xover.mutate.done 50
 generation 22.55.51.51.51.51.51.51.51.51.51.51.52.51.51.1.51.51.2.51.50.51.2.2.51.51.1.51.2.50.51.51.51.51.51.2.51.51.1.51.2.51.2.2.2.18.2.1.2.2.51.xover.mutate.done 50
 generation 23.62.56.54.54.54.54.54.54.54.54.54.6.54.54.54.6.54.62.8.54.50.50.23.54.6.6.54.6.6.54.54.54.6.50.54.6.6.23.6.54.56.6.54.54.6.2.6.54.54.6.xover.mutate.done 50
 generation 24.61.61.54.54.54.54.54.54.54.54.54.2.54.54.4.51.54.54.4.4.50.54.54.61.4.54.54.54.25.1.54.4.54.4.4.4.54.4.51.54.4.51.54.54.15.1.45.54.54.4.xover.mutate.done 50
 generation 25.64.64.64.59.59.56.56.56.56.56.52.12.6.6.6.6.9.7.6.56.9.58.56.56.56.56.56.56.6.2.6.56.6.56.9.52.9.64.6.23.2.56.56.52.56.56.9.56.52.6.xover.mutate.done 50
 generation 26.67.67.67.67.61.61.67.58.58.58.58.67.11.14.22.8.58.8.8.8.0.11.60.58.61.58.8.50.50.58.58.58.58.58.61.50.8.8.50.50.8.61.18.67.50.60.67.0.58.58.xover.mutate.done 50
 generation 27.66.66.66.66.57.66.66.66.56.56.2.66.55.29.6.51.7.14.51.6.7.9.51.66.1.8.7.56.2.21.14.6.19.12.50.66.50.50.51.50.66.5.6.51.55.55.55.51.55.55.xover.mutate.done 50
 generation 28.60.60.60.60.60.60.60.60.60.60.4.51.61.50.55.51.11.54.54.55.12.60.54.54.54.50.9.51.50.42.61.1.54.55.0.50.54.12.50.60.50.54.35.23.11.4.51.60.51.55.xover.mutate.done 50
 generation 29.67.67.67.67.67.67.67.67.67.67.58.60.67.58.51.60.8.1.51.67.51.1.8.67.67.51.51.60.20.20.67.51.1.67.50.51.50.58.50.58.50.67.51.41.24.51.51.67.51.67.xover.mutate.done 50
 generation 30.69.69.63.63.63.63.63.63.63.63.19.51.57.61.63.30.57.65.51.9.57.57.52.9.3.61.57.3.9.9.50.2.51.50.2.58.57.65.57.63.51.63.9.63.2.63.57.65.9.9.xover.mutate.done 50
 generation 31.66.66.63.66.66.61.61.61.61.61.51.1.67.58.61.55.66.50.1.1.61.55.19.61.8.63.61.28.50.34.28.11.50.0.1.50.8.14.40.0.69.51.58.47.19.27.51.55.50.22.xover.mutate.done 50
 generation 32.63.63.63.63.63.63.63.62.61.62.51.63.51.62.23.3.24.3.1.51.53.61.0.55.51.50.5.42.51.14.3.5.34.13.12.17.63.51.53.5.5.1.55.1.64.0.50.3.5.51.xover.mutate.done 50
 generation 33.73.70.70.69.69.68.68.68.68.70.70.68.50.10.68.70.19.70.10.2.24.50.14.11.52.68.31.29.11.36.60.35.0.70.68.70.60.68.44.44.18.52.2.21.68.21.11.60.60.50.xover.mutate.done 50
 generation 34.71.68.67.69.69.67.69.69.67.67.67.5.69.18.17.55.55.5.67.15.45.1.50.69.16.18.45.55.51.17.55.26.1.55.18.82.65.45.55.50.67.22.67.55.64.6.5.5.51.5.xover.mutate.done 50
 generation 35.81.72.70.70.70.70.70.70.70.69.55.59.55.48.62.5.70.72.70.2.18.70.19.68.2.79.2.22.50.3.14.50.22.20.70.70.50.55.6.50.62.50.2.70.55.55.69.16.37.55.xover.mutate.done 50
 generation 36.70.67.63.63.61.60.61.59.61.60.0.50.63.50.16.67.8.13.68.42.63.59.55.50.61.15.50.50.63.68.53.50.61.50.50.13.61.50.60.57.58.32.50.50.61.61.50.11.50.57.xover.mutate.done 50
 generation 37.86.81.81.82.82.75.75.75.75.75.36.31.42.25.2.83.51.51.73.73.41.2.73.71.73.75.28.83.73.84.24.51.50.81.73.24.73.73.51.51.73.82.73.81.51.51.75.2.24.1.xover.mutate.done 50
 generation 38.75.76.76.76.72.72.72.73.73.73.39.50.78.39.64.57.50.0.50.57.0.50.18.76.50.72.57.32.50.67.18.63.73.68.50.68.28.67.28.29.68.50.76.19.26.66.28.50.78.50.xover.mutate.done 50
 generation 39.75.75.76.73.73.73.73.74.73.73.70.50.73.50.73.73.21.21.75.70.51.73.70.73.73.73.70.51.50.31.50.16.66.50.1.57.24.63.16.18.76.70.75.9.73.22.20.26.73.51.xover.mutate.done 50
 generation 40.75.75.77.77.77.77.77.75.75.74.75.73.27.59.1.51.68.51.73.74.68.50.50.64.28.50.75.75.77.77.75.51.50.51.24.50.73.77.75.77.75.77.73.27.77.35.24.27.65.77.xover.mutate.done 50
 generation 41.80.80.80.80.79.81.78.78.80.78.36.81.50.78.16.53.80.80.78.79.3.32.79.76.78.8.50.50.68.80.50.80.80.80.29.8.79.30.78.50.78.68.81.33.33.80.76.30.35.28.xover.mutate.done 50
 generation 42.82.82.82.81.80.81.80.81.82.81.27.38.82.30.81.40.36.37.82.2.38.51.33.73.51.81.81.50.57.82.50.81.1.73.82.39.80.81.36.57.9.51.81.9.71.27.33.51.81.79.xover.mutate.done 50
 generation 43.84.84.84.83.82.84.84.84.83.83.72.72.84.84.83.84.50.69.84.50.62.50.83.50.33.80.12.84.62.84.60.50.13.50.83.83.83.83.0.62.84.84.50.80.34.74.6.0.62.83.xover.mutate.done 50
 generation 44.76.76.76.76.76.76.76.76.76.76.76.50.8.60.50.75.0.75.60.31.75.0.50.76.76.76.75.75.76.59.30.0.50.74.75.17.76.72.69.0.59.76.58.25.6.0.75.0.60.50.xover.mutate.done 50
 generation 45.82.82.82.82.82.82.82.82.82.82.14.80.50.73.73.28.82.78.82.34.80.82.32.80.80.82.60.50.36.12.82.73.10.80.80.61.82.80.50.50.2.82.82.50.80.71.80.80.82.52.xover.mutate.done 50
 generation 46.79.79.79.79.79.79.79.79.79.79.56.33.51.79.33.79.78.32.79.31.33.50.79.1.50.79.51.1.50.20.78.51.50.33.79.79.79.3.51.51.51.50.50.51.51.50.50.51.50.79.xover.mutate.done 50
 generation 47.82.82.82.82.82.82.82.82.82.82.82.81.52.34.2.52.55.34.2.51.41.3.22.51.80.22.52.52.33.82.2.82.52.82.82.52.81.52.52.3.81.82.52.52.52.3.52.51.33.51.xover.mutate.done 50
 generation 48.79.79.79.79.79.79.79.79.79.79.30.0.50.79.50.60.60.0.79.29.79.4.50.79.76.61.76.79.50.79.79.79.50.50.50.50.50.0.0.50.30.50.79.79.30.50.78.79.78.75.xover.mutate.done 50
 generation 49.85.85.85.85.85.85.85.85.85.85.51.59.41.51.85.2.62.85.36.85.85.2.50.36.40.85.83.85.36.85.2.85.62.85.85.85.10.85.36.51.62.36.85.51.85.51.51.85.85.85.xover.mutate.done 50
 26130217 iters     925087 iter/sec (28.25 s)
 total time: 28.25
