50 50 50 50 50 50 50 50 50 28 9 1 1 1 1 1 1 1 1 1 1 1 1 1 1 1 1 1 1 1 1 1 1 1 1 1 1 1 1 0 0 0 0 0 0 0 0 0 0 0 
51 51 51 51 50 50 50 50 50 50 50 50 50 50 50 50 50 50 50 32 10 10 2 2 2 2 2 2 2 2 2 2 2 2 2 2 2 2 1 1 1 1 1 1 1 1 1 1 1 1 
53 53 53 50 50 50 50 50 50 50 50 50 50 50 50 50 50 50 50 50 50 50 50 50 35 24 23 14 12 8 6 3 3 3 3 3 3 3 3 3 3 3 3 3 3 0 0 0 0 0 
56 52 52 52 52 52 52 52 50 50 50 50 50 50 50 50 50 50 50 50 50 50 50 50 50 50 50 50 50 50 50 50 50 50 50 50 40 13 9 6 2 2 2 2 2 2 2 2 0 0 
55 52 52 52 50 50 50 50 50 50 50 50 50 50 50 50 50 50 50 50 50 50 50 50 50 50 50 50 50 50 50 50 50 50 22 7 2 2 2 2 2 2 2 2 2 2 2 2 2 2 
55 55 54 54 54 54 51 51 51 51 51 51 51 51 51 51 51 51 51 51 51 51 51 50 50 50 50 50 20 14 5 5 5 5 5 5 5 5 5 5 4 4 4 4 4 1 1 1 1 1 
52 52 51 51 51 51 51 51 50 50 50 50 50 50 50 50 50 50 50 50 50 50 50 50 50 50 50 50 50 50 50 50 50 46 13 11 11 10 5 5 5 1 1 1 1 1 1 1 1 0 
54 53 53 53 53 53 50 50 50 50 50 50 50 50 50 50 50 50 50 50 50 50 50 50 50 50 50 50 50 50 15 7 4 2 0 0 0 0 0 0 0 0 0 0 0 0 0 0 0 0 
56 56 54 54 54 54 54 54 54 52 52 52 52 52 52 52 52 52 51 51 51 51 51 51 51 51 51 51 51 51 51 51 51 51 50 50 33 19 10 9 8 8 8 5 3 3 3 1 1 1 
60 60 59 58 58 58 58 58 58 58 58 58 58 58 58 58 53 53 53 53 53 53 50 50 50 50 50 50 50 49 34 29 27 22 22 19 15 12 10 8 3 3 3 3 3 3 3 3 3 3 
61 55 55 53 53 53 52 52 52 52 52 52 52 52 52 52 52 52 52 52 51 51 51 51 51 51 51 50 50 50 50 50 44 37 37 31 27 23 23 11 10 10 9 7 1 1 1 1 1 1 
81 63 63 63 62 62 62 62 62 62 62 62 62 62 62 62 62 62 62 62 62 62 62 62 55 55 55 55 55 55 55 55 55 50 50 50 50 44 42 35 16 16 13 6 6 6 6 5 1 1 
81 63 60 57 57 57 57 57 57 56 56 56 56 56 56 56 56 56 56 56 56 52 52 52 52 52 52 52 52 52 52 52 52 50 50 50 32 32 9 7 6 6 2 2 2 2 2 2 0 0 
85 64 60 58 57 57 57 57 57 57 57 57 57 56 56 56 56 56 52 52 52 52 52 52 52 52 52 52 52 52 51 50 50 50 41 37 35 35 33 21 8 7 6 6 2 2 2 2 0 0 
84 65 59 58 58 57 57 57 56 56 56 56 56 56 56 56 56 50 50 50 50 50 50 50 50 50 45 40 39 38 36 34 28 15 10 8 8 7 6 6 5 0 0 0 0 0 0 0 0 0 
78 74 56 54 54 54 54 54 53 53 53 53 53 53 53 53 53 53 50 50 50 50 50 50 46 45 43 42 41 41 41 41 39 31 15 10 10 10 9 5 4 4 4 4 4 3 1 1 1 0 
76 76 73 65 63 56 56 56 56 56 56 56 56 56 56 56 56 55 55 55 55 55 55 55 55 55 54 50 50 50 50 50 50 50 50 40 38 36 16 9 7 7 7 6 6 6 5 5 1 1 
82 82 79 72 65 64 64 60 60 60 60 60 60 59 59 59 59 59 59 57 57 57 57 57 57 57 57 57 57 57 57 57 51 51 50 50 25 18 14 10 10 10 10 9 9 7 1 1 1 1 
80 80 77 77 73 67 64 64 63 58 58 58 56 56 56 56 56 56 56 56 55 55 50 50 50 50 50 50 50 50 49 49 49 48 46 26 22 22 22 21 18 14 12 8 6 5 0 0 0 0 
77 77 77 75 75 69 69 66 64 64 64 64 60 58 58 58 56 56 56 56 56 56 56 55 55 53 51 51 51 51 51 51 51 50 50 50 50 50 50 27 19 18 18 9 6 6 1 1 1 0 
77 77 77 71 71 71 70 68 68 68 64 63 63 63 62 58 56 56 56 56 56 56 56 56 54 54 51 51 51 51 50 50 50 50 50 50 50 50 44 32 9 7 7 7 5 1 1 1 1 0 
78 78 78 78 77 76 75 75 75 75 74 73 73 73 66 64 64 59 55 55 55 54 54 54 51 51 51 51 51 51 51 51 51 51 50 50 50 50 50 50 50 39 38 38 35 18 9 1 1 0 
88 88 78 78 78 78 77 76 76 76 76 76 76 76 76 75 75 67 67 67 67 60 59 58 58 58 57 57 52 52 52 52 52 50 50 50 50 50 50 50 39 19 13 9 9 9 2 2 2 2 
83 83 79 78 78 78 78 78 78 78 78 78 78 78 75 75 74 74 74 66 65 64 64 59 59 57 57 57 57 57 57 53 53 53 53 53 53 53 53 51 50 50 50 46 35 30 12 12 11 3 
87 87 87 85 85 85 85 85 85 85 83 83 83 83 83 80 80 78 70 64 57 57 57 57 55 55 55 55 51 51 51 51 51 51 51 51 51 51 51 50 50 50 46 38 38 33 27 27 9 1 
81 81 81 81 81 81 81 81 81 81 81 80 80 79 79 79 67 67 59 56 51 51 50 50 50 50 50 50 50 50 50 50 50 50 50 50 50 49 42 41 39 39 33 26 8 6 5 4 2 0 
84 80 78 78 78 78 78 78 78 78 78 78 78 78 78 78 77 77 66 66 66 59 58 51 51 51 51 51 51 51 51 51 51 51 51 51 50 50 50 47 47 41 40 39 33 30 12 10 5 4 
90 90 86 79 79 79 79 79 79 79 79 79 79 79 79 79 79 79 79 79 78 72 70 69 68 65 65 62 60 60 55 55 50 50 50 50 50 50 50 50 47 38 35 33 31 16 12 0 0 0 
83 83 83 83 83 80 79 79 79 79 79 79 79 79 79 79 79 79 79 78 73 71 68 68 66 66 65 65 58 56 55 55 53 52 51 51 51 51 51 51 51 38 37 33 28 16 9 8 5 2 
89 89 89 86 78 78 78 76 76 74 74 74 74 73 73 73 73 73 73 73 73 73 72 72 72 65 64 62 57 57 57 55 54 54 51 51 51 50 50 45 40 36 27 25 14 7 4 1 1 1 
86 86 86 85 85 85 85 85 85 85 85 84 84 84 84 84 84 84 84 84 79 79 74 72 61 52 52 52 52 52 52 52 52 51 51 50 44 43 43 43 40 38 38 38 35 35 20 8 3 3 
84 84 84 84 84 84 84 84 84 84 83 83 83 83 82 82 81 81 81 81 81 80 67 67 66 53 53 53 51 51 51 51 51 51 51 50 50 50 50 50 50 49 46 41 37 31 31 13 1 1 
85 85 85 85 85 85 85 85 85 85 85 85 85 85 84 81 79 79 79 78 75 61 60 60 58 57 56 51 51 51 51 51 51 51 51 51 51 51 51 50 50 38 38 35 16 15 9 7 6 1 
89 89 89 89 89 89 89 89 89 89 89 87 87 87 87 81 76 76 76 75 75 75 68 68 63 62 61 61 53 53 53 53 53 53 53 51 51 51 51 51 51 51 45 45 37 12 4 4 4 4 
88 88 88 88 88 88 88 88 88 88 88 88 88 88 88 88 88 87 83 82 82 79 79 73 64 63 62 60 56 55 55 50 50 50 50 50 50 50 50 49 48 48 39 27 27 27 16 15 0 0 
85 85 85 85 85 85 85 85 85 85 85 85 85 85 85 85 85 82 76 76 75 75 75 68 67 62 62 62 62 59 55 53 52 51 51 51 51 51 51 51 51 50 50 50 49 48 39 25 10 1 
77 77 77 77 77 77 77 77 77 77 77 77 77 77 77 75 71 70 66 64 60 60 60 60 58 57 56 54 54 52 52 50 50 50 50 50 50 45 44 38 34 26 26 22 21 21 21 10 10 0 
85 85 85 85 85 85 85 85 85 85 85 85 85 85 74 69 68 64 63 59 59 59 56 56 56 55 55 54 54 54 54 51 51 51 51 51 50 49 49 49 49 49 39 35 35 25 19 9 6 1 
87 87 87 87 87 87 87 87 87 87 86 86 86 79 79 73 72 72 72 65 64 62 62 62 60 54 54 53 51 51 51 51 51 51 51 51 51 51 51 50 44 40 34 18 12 10 3 2 2 2 
84 84 84 84 84 84 84 84 84 84 84 84 84 84 84 84 84 79 79 77 76 70 69 60 60 60 60 58 58 58 58 57 56 51 51 51 50 50 50 50 50 50 50 50 50 50 15 7 1 0 
82 82 82 82 82 82 82 82 82 82 82 82 82 82 82 82 82 82 82 82 73 73 72 72 71 71 68 68 57 57 57 57 56 56 51 50 50 50 50 47 44 43 43 43 43 37 33 19 14 7 
82 82 82 82 82 82 82 82 82 82 82 82 82 82 82 82 82 82 82 82 82 82 74 73 72 71 71 69 69 63 63 63 58 58 58 58 52 52 52 52 51 51 51 51 51 25 25 24 18 3 
80 80 80 80 80 80 80 80 80 80 80 80 80 80 80 80 80 78 74 70 62 62 62 62 61 59 51 51 51 51 51 51 51 50 50 50 50 50 48 47 41 34 34 16 12 12 1 1 0 0 
83 83 83 83 83 83 83 83 83 83 83 83 83 83 83 83 83 74 71 67 59 58 56 56 56 56 53 53 51 51 51 51 51 50 50 50 50 50 50 50 50 50 50 49 43 20 6 6 1 1 
89 89 89 89 89 89 89 89 89 89 89 89 89 89 89 89 89 82 70 59 59 52 52 52 52 52 52 52 51 51 51 51 51 51 51 51 49 47 35 30 30 27 20 14 13 9 3 3 1 1 
84 84 84 84 84 84 84 84 84 84 84 84 84 84 84 84 84 84 73 73 63 62 60 60 60 60 55 54 51 51 51 51 50 50 50 50 50 50 50 50 45 44 40 22 22 11 1 1 1 1 
86 85 85 85 85 85 85 85 85 85 85 85 85 85 85 85 85 85 85 85 85 67 67 57 57 55 52 52 52 52 52 52 50 50 50 50 50 50 50 48 45 38 17 9 7 7 7 7 2 0 
88 88 88 88 88 88 88 88 88 88 88 88 88 88 88 88 88 88 88 79 73 73 68 61 60 60 60 60 60 60 54 54 54 51 51 49 47 43 38 25 21 20 20 19 12 12 12 5 5 4 
83 83 83 83 83 83 83 83 83 83 83 83 83 83 83 83 82 82 74 74 72 63 58 57 56 56 51 51 51 51 51 51 50 49 46 46 41 28 23 21 14 13 10 10 10 10 8 2 2 2 
83 82 82 82 82 82 82 82 82 82 82 82 82 82 82 82 82 82 77 77 73 73 73 73 71 54 53 53 52 52 52 52 50 50 50 50 50 49 45 34 33 27 21 20 19 19 9 2 2 2 
