% Ministry of Cellular Automata
% Project Deux (CS523 Spring 2015)
% Version:v0.1-66-g3e0f-dirty
%  pop:50
%  ic count:100
%  CA Log option:r2/run37
%  width:121
%  max workers:4
%  radius:2
%  iterations:300
%  generations:50

 generation 0.0.0.2.52.11.2.2.2.0.0.0.0.50.52.2.50.2.0.0.0.2.2.8.2.2.2.50.0.2.0.0.50.2.2.50.2.0.2.2.50.2.0.0.2.2.2.2.19.0.50.xover.mutate.done 50
 generation 1.50.50.50.50.50.50.50.50.50.19.50.1.50.0.0.0.0.0.39.0.17.0.0.0.0.50.0.0.50.50.0.50.0.22.0.11.0.0.0.12.0.0.0.0.50.50.0.50.24.0.xover.mutate.done 50
 generation 2.51.51.50.50.50.50.50.50.50.50.51.0.1.50.50.50.51.13.1.50.50.50.1.39.50.55.1.1.51.51.50.59.1.54.50.1.50.1.1.50.1.1.50.1.42.1.1.1.1.23.xover.mutate.done 50
 generation 3.56.58.55.50.50.50.50.50.50.50.8.38.58.50.0.0.0.50.50.37.0.50.50.50.50.0.5.9.50.0.0.0.0.50.50.50.50.50.37.0.50.30.0.5.50.39.50.50.0.41.xover.mutate.done 50
 generation 4.61.61.46.40.50.50.50.50.50.50.50.51.50.51.1.0.1.1.50.0.1.40.1.1.31.1.51.51.0.51.50.0.50.0.1.0.50.1.1.0.51.50.50.36.1.61.0.1.50.35.xover.mutate.done 50
 generation 5.58.58.58.52.52.52.52.52.52.52.2.2.58.52.40.58.2.4.52.50.2.52.47.4.58.4.4.52.52.2.4.4.43.50.52.85.58.8.52.50.50.4.52.52.2.50.52.50.2.52.xover.mutate.done 50
 generation 6.84.70.70.70.68.68.70.68.50.50.84.44.45.52.45.17.21.50.52.2.67.52.0.0.52.77.2.2.46.52.50.50.2.2.2.0.2.50.2.52.52.52.2.9.48.50.52.45.50.22.xover.mutate.done 50
 generation 7.79.79.77.61.61.61.61.59.59.59.1.2.61.32.51.51.34.43.51.51.26.39.61.61.61.77.2.51.39.43.10.51.2.51.2.59.30.51.51.61.46.51.31.5.7.2.51.7.61.51.xover.mutate.done 50
 generation 8.80.80.76.76.60.60.60.60.60.60.35.58.50.60.59.50.17.57.51.12.61.51.42.18.57.77.50.12.50.7.34.84.50.50.51.51.56.44.44.50.42.42.60.60.50.7.58.56.84.78.xover.mutate.done 50
 generation 9.74.75.70.70.67.67.67.67.55.54.50.39.52.52.55.23.52.50.74.42.54.74.50.50.11.50.67.20.2.54.54.55.48.52.50.33.22.52.59.54.2.40.50.58.37.52.2.2.56.14.xover.mutate.done 50
 generation 10.85.83.83.83.79.79.79.75.76.76.50.0.57.33.17.44.44.80.79.63.79.16.51.51.58.51.46.8.44.76.1.1.50.51.51.21.44.0.51.56.19.0.50.83.51.1.51.50.40.7.xover.mutate.done 50
 generation 11.85.86.86.86.86.84.82.82.80.82.50.81.17.50.7.47.0.51.84.50.81.50.50.80.50.11.50.79.10.20.32.1.10.11.50.44.51.29.51.1.1.8.86.1.51.50.49.50.51.82.xover.mutate.done 50
 generation 12.83.83.83.83.83.85.81.80.79.79.9.51.71.51.58.42.58.71.51.15.53.78.13.76.4.80.60.53.53.53.53.53.83.78.4.83.55.60.83.66.58.3.14.50.66.77.83.83.11.4.xover.mutate.done 50
 generation 13.83.80.80.80.80.80.80.80.80.80.64.80.61.80.51.80.69.44.42.7.77.61.61.1.42.61.50.61.69.19.57.1.50.39.80.61.69.42.57.45.69.80.80.61.57.31.77.80.51.57.xover.mutate.done 50
 generation 14.74.72.72.72.72.72.72.72.72.72.38.51.22.31.2.51.72.38.72.56.25.72.72.8.51.72.9.23.28.58.11.72.64.72.51.51.7.9.7.55.51.16.63.55.51.1.28.63.68.68.xover.mutate.done 50
 generation 15.76.76.76.76.76.76.76.76.76.76.2.63.72.76.76.72.52.76.32.60.16.50.52.76.12.38.76.31.76.50.52.41.2.76.30.19.2.76.57.76.76.55.50.42.42.34.63.26.52.76.xover.mutate.done 50
 generation 16.81.80.80.80.80.80.80.80.80.80.80.53.80.50.80.78.50.1.1.37.32.82.80.37.36.57.53.50.80.29.5.80.50.79.50.1.80.80.37.80.80.67.80.80.80.53.53.80.80.1.xover.mutate.done 50
 generation 17.86.85.83.83.83.83.83.83.83.83.61.83.53.83.12.83.3.83.83.83.61.35.67.62.72.12.82.79.67.10.53.83.33.37.83.83.50.83.83.53.53.68.83.83.79.53.83.18.33.62.xover.mutate.done 50
 generation 18.77.77.77.77.77.77.77.77.77.77.76.58.57.77.56.8.50.77.74.56.37.77.27.27.75.77.75.32.2.57.31.62.2.77.77.29.27.77.27.52.77.77.6.23.27.41.3.50.62.73.xover.mutate.done 50
 generation 19.81.73.80.80.80.80.80.80.80.80.51.11.80.80.80.72.9.51.81.9.80.69.51.59.80.51.2.31.80.51.50.51.51.80.78.51.80.80.80.72.36.51.51.72.80.51.80.26.32.50.xover.mutate.done 50
 generation 20.83.82.82.82.82.82.82.82.82.82.0.50.50.50.0.82.0.82.43.56.50.82.78.77.50.77.82.28.77.35.75.50.50.50.50.82.77.76.23.30.77.21.50.33.55.82.83.82.46.50.xover.mutate.done 50
 generation 21.88.88.87.85.85.85.85.85.85.85.40.85.51.51.50.53.70.1.51.85.50.70.10.88.70.1.50.88.80.85.88.30.39.51.80.38.85.88.84.85.37.85.82.85.85.1.13.59.51.85.xover.mutate.done 50
 generation 22.78.78.78.78.78.78.78.77.77.77.78.78.77.27.0.44.76.78.61.41.33.2.77.50.45.71.52.77.50.2.69.50.47.70.52.74.52.44.78.31.77.10.77.37.52.41.0.11.78.50.xover.mutate.done 50
 generation 23.87.87.87.87.87.87.85.87.89.89.2.85.89.4.2.27.18.40.56.87.51.25.87.56.9.40.51.2.51.87.5.87.42.51.7.56.49.43.85.85.51.87.80.51.7.85.51.89.56.57.xover.mutate.done 50
 generation 24.83.83.83.83.83.83.83.83.83.83.50.74.0.44.9.37.45.50.50.22.59.83.0.1.83.55.50.74.14.0.50.9.45.83.50.50.33.83.58.50.83.82.50.45.54.50.83.38.50.50.xover.mutate.done 50
 generation 25.84.84.84.84.84.84.84.84.84.84.84.11.26.50.56.11.44.84.47.58.50.50.3.50.50.8.78.20.36.50.50.7.59.44.50.39.53.84.50.3.23.59.16.58.50.53.50.50.53.50.xover.mutate.done 50
 generation 26.80.80.80.80.80.80.80.80.80.80.6.80.38.80.58.51.57.58.33.0.58.80.1.51.51.80.51.51.6.8.34.51.50.42.11.1.58.9.51.10.78.50.1.51.51.51.25.51.6.51.xover.mutate.done 50
 generation 27.80.80.80.80.80.80.80.80.80.80.42.80.1.42.44.55.80.53.12.51.34.61.54.51.80.50.80.51.1.15.80.55.55.1.51.80.12.51.5.34.80.51.54.50.36.1.12.1.8.76.xover.mutate.done 50
 generation 28.78.78.78.78.78.78.78.78.78.78.78.28.55.78.32.58.55.78.55.78.78.1.50.38.43.78.28.55.78.78.56.50.50.31.51.55.50.1.50.50.55.42.78.78.78.32.1.1.78.78.xover.mutate.done 50
 generation 29.83.83.83.83.83.83.83.83.83.83.82.83.52.52.60.83.41.2.52.50.52.20.20.83.9.22.52.9.83.42.83.83.52.11.72.81.72.81.42.72.52.83.52.56.11.83.56.82.52.61.xover.mutate.done 50
 generation 30.86.86.86.86.86.86.86.86.86.86.86.36.51.86.21.38.23.86.51.86.56.86.43.86.8.56.86.51.38.86.86.61.86.51.86.57.51.51.74.37.51.51.86.51.51.51.86.56.86.49.xover.mutate.done 50
 generation 31.79.79.79.79.79.79.79.79.79.79.33.73.52.35.12.79.79.35.35.51.79.2.72.52.50.41.51.79.73.33.53.26.79.51.41.79.79.79.51.79.5.50.81.39.51.79.56.51.79.34.xover.mutate.done 50
 generation 32.80.79.79.79.79.79.79.79.79.79.78.59.53.79.3.78.52.79.79.79.33.79.79.79.53.39.32.3.36.78.79.7.53.79.79.79.44.14.53.48.73.49.78.59.51.17.30.78.45.7.xover.mutate.done 50
 generation 33.81.80.80.80.80.79.79.79.79.79.37.79.10.62.78.78.28.50.61.42.34.17.19.28.79.79.13.28.57.61.26.62.10.50.79.79.33.29.33.78.24.8.49.7.15.29.35.56.47.6.xover.mutate.done 50
 generation 34.84.82.82.82.82.81.81.81.81.81.51.51.44.45.56.82.1.2.40.82.51.41.56.51.34.79.2.51.31.40.9.51.30.9.32.20.45.51.56.84.9.62.51.51.81.81.40.51.61.20.xover.mutate.done 50
 generation 35.85.85.82.82.82.82.82.82.82.82.7.82.46.11.60.57.60.82.50.14.57.82.60.82.57.82.12.38.1.1.50.50.62.60.82.50.60.85.60.29.12.38.82.39.50.36.14.47.12.82.xover.mutate.done 50
 generation 36.82.82.82.81.81.81.81.81.81.80.82.80.80.51.82.40.55.55.80.65.82.80.40.35.18.2.80.55.79.7.45.51.43.82.51.50.51.51.51.34.69.80.2.82.51.51.51.42.34.65.xover.mutate.done 50
 generation 37.82.82.82.82.82.82.82.82.81.81.51.58.1.79.10.63.82.58.82.9.82.82.58.46.82.8.59.63.51.8.58.58.42.82.82.80.58.41.10.51.64.85.51.12.47.81.1.82.82.82.xover.mutate.done 50
 generation 38.92.89.89.89.89.89.89.89.89.89.84.50.50.50.67.68.58.9.91.89.89.84.65.0.50.11.88.50.50.86.84.25.50.50.44.60.6.55.84.84.58.50.19.89.68.59.66.60.50.65.xover.mutate.done 50
 generation 39.89.87.86.86.86.86.86.86.86.86.46.16.86.86.86.55.82.50.83.64.50.25.51.86.86.86.86.60.82.50.86.80.54.86.85.55.61.50.51.50.86.56.86.60.60.50.86.86.41.50.xover.mutate.done 50
 generation 40.77.77.74.74.74.74.74.74.74.74.69.28.74.28.77.68.50.50.50.52.52.74.2.50.71.71.70.54.74.50.56.72.52.71.55.71.56.72.33.54.71.77.29.12.69.50.77.69.74.71.xover.mutate.done 50
 generation 41.85.84.84.84.84.84.84.84.84.84.40.20.59.84.83.39.56.59.83.84.84.84.41.57.59.85.11.48.84.71.84.84.50.84.41.72.57.84.84.84.79.84.84.84.48.84.31.84.50.84.xover.mutate.done 50
 generation 42.81.81.80.80.80.80.81.82.81.82.51.46.6.80.64.50.55.81.59.80.50.44.51.76.82.76.51.80.51.55.46.51.81.59.65.46.65.44.64.50.46.80.82.81.51.80.64.81.81.82.xover.mutate.done 50
 generation 43.87.87.87.89.87.89.89.87.87.87.24.58.58.58.87.2.87.52.52.16.87.52.52.2.52.48.46.50.47.85.87.52.58.48.62.54.58.87.87.2.52.87.41.54.48.45.50.87.48.8.xover.mutate.done 50
 generation 44.85.82.82.80.80.80.80.80.80.80.50.50.56.80.77.32.78.50.31.56.57.28.82.80.56.50.80.0.80.39.50.50.53.80.6.0.0.12.82.80.32.7.36.7.80.56.0.7.16.32.xover.mutate.done 50
 generation 45.88.88.88.88.88.89.89.89.89.88.63.88.46.46.88.27.88.61.88.51.12.50.88.57.42.46.88.88.57.51.51.35.89.51.51.8.61.50.51.56.44.50.41.88.88.43.51.51.43.2.xover.mutate.done 50
 generation 46.84.84.84.84.84.85.85.85.85.84.43.50.84.36.60.50.50.84.10.84.0.50.61.39.60.50.50.45.11.50.50.85.85.84.29.53.45.84.85.50.50.81.41.10.31.50.0.40.50.50.xover.mutate.done 50
 generation 47.82.81.81.81.81.82.82.80.80.80.78.50.50.70.62.63.52.47.68.52.57.3.79.52.81.1.79.78.45.52.42.50.79.3.3.51.52.68.78.80.82.51.9.79.79.79.52.52.3.56.xover.mutate.done 50
 generation 48.89.89.89.89.89.89.89.89.89.86.50.50.89.50.0.86.64.65.84.9.48.77.5.2.65.52.55.44.63.89.5.63.84.85.51.89.50.89.50.42.9.2.85.16.50.48.42.89.0.38.xover.mutate.done 50
 generation 49.81.81.81.81.80.80.80.80.80.81.76.16.6.50.51.70.76.50.81.50.75.75.39.8.58.29.73.39.74.1.9.65.73.81.39.60.81.74.39.81.58.50.51.9.60.50.9.80.70.51.xover.mutate.done 50
 20941992 iters     924340 iter/sec (22.66 s)
 total time: 22.66
