% Ministry of Cellular Automata
% Project Deux (CS523 Spring 2015)
% Version:v0.1-66-g3e0f-dirty
%  pop:50
%  ic count:100
%  CA Log option:r2/run34
%  width:121
%  max workers:4
%  radius:2
%  iterations:300
%  generations:50

 generation 0.1.50.1.50.50.0.1.1.1.1.0.1.50.50.1.50.50.50.1.28.1.1.0.0.1.0.0.1.0.1.1.1.1.9.1.1.1.1.1.0.1.1.1.1.50.0.1.0.1.0.xover.mutate.done 50
 generation 1.50.50.50.50.50.50.50.50.50.32.1.2.2.2.2.50.10.10.51.50.1.1.2.1.1.2.1.51.51.2.1.1.1.2.2.1.2.50.50.2.51.2.2.2.2.2.1.50.1.50.xover.mutate.done 50
 generation 2.53.50.50.53.50.50.50.50.50.50.50.0.50.14.3.8.0.3.3.50.3.50.3.0.50.50.50.12.0.3.50.53.3.50.3.35.50.23.3.6.50.3.3.3.3.24.50.3.0.50.xover.mutate.done 50
 generation 3.50.50.50.52.52.50.50.50.50.50.52.2.50.50.50.13.9.52.2.52.50.50.50.50.50.50.50.2.52.40.52.2.50.2.50.56.0.50.50.2.0.6.2.50.50.50.50.50.2.50.xover.mutate.done 50
 generation 4.55.50.50.50.50.50.50.50.52.52.2.2.2.2.50.50.50.2.2.2.50.50.50.50.50.50.2.2.2.50.52.2.22.50.50.50.50.50.2.7.50.2.50.50.50.50.50.2.50.50.xover.mutate.done 50
 generation 5.55.54.54.54.51.51.51.51.51.51.1.51.50.51.51.5.4.5.51.50.5.1.50.4.4.5.1.51.55.5.50.5.5.4.20.5.51.4.5.51.54.1.50.5.51.51.51.14.51.1.xover.mutate.done 50
 generation 6.52.52.51.51.51.51.50.50.50.50.1.50.50.50.1.11.1.1.5.50.0.50.50.5.50.13.50.1.1.50.51.51.5.50.50.46.50.50.1.50.50.1.50.50.50.10.11.50.50.50.xover.mutate.done 50
 generation 7.53.53.50.50.50.50.50.50.50.50.0.0.53.50.0.0.50.4.2.0.50.0.7.50.0.15.50.50.50.0.0.0.0.0.50.50.0.50.50.0.0.50.50.50.50.54.53.53.50.0.xover.mutate.done 50
 generation 8.56.54.54.54.54.54.52.52.52.52.51.51.3.52.8.50.8.52.51.51.51.5.1.33.51.51.51.52.1.10.1.51.51.51.51.52.50.51.51.51.19.8.54.51.9.3.3.56.52.54.xover.mutate.done 50
 generation 9.58.60.58.58.58.58.58.58.58.50.10.27.3.3.3.3.58.22.49.8.50.3.53.58.3.53.50.53.3.29.22.50.53.58.50.59.15.60.58.34.58.3.50.3.53.50.3.53.12.19.xover.mutate.done 50
 generation 10.53.53.61.55.52.52.52.52.52.52.51.50.9.51.7.23.31.51.37.53.55.52.52.51.52.52.52.50.52.1.50.10.52.44.1.11.50.51.50.51.52.1.37.1.10.51.23.27.1.1.xover.mutate.done 50
 generation 11.63.63.63.62.62.62.62.62.62.62.50.55.62.55.16.35.5.16.55.6.62.55.62.50.50.55.55.55.62.1.44.62.55.6.62.62.6.6.42.62.62.62.62.13.62.81.62.1.50.55.xover.mutate.done 50
 generation 12.81.63.56.56.57.57.57.56.56.56.9.52.57.52.6.56.52.2.52.2.32.32.52.52.2.0.52.52.56.57.2.56.52.60.50.0.50.7.50.2.6.52.56.56.52.57.2.56.56.52.xover.mutate.done 50
 generation 13.85.64.60.57.57.57.57.57.57.57.51.21.52.2.52.50.52.50.0.41.52.2.52.2.35.8.52.52.52.56.6.56.0.33.52.56.57.56.52.52.52.6.56.35.37.2.50.58.57.7.xover.mutate.done 50
 generation 14.84.65.59.56.56.56.57.57.56.56.40.50.10.50.56.6.50.0.5.56.0.8.39.0.0.57.6.50.58.58.56.38.45.50.50.8.50.36.0.50.15.0.34.0.28.50.0.56.7.0.xover.mutate.done 50
 generation 15.78.54.56.54.54.53.53.53.54.53.53.10.15.0.53.50.4.10.10.41.1.53.46.4.50.45.5.42.50.31.50.3.50.54.1.53.4.53.39.4.74.43.41.1.53.4.41.41.9.50.xover.mutate.done 50
 generation 16.76.73.56.54.55.55.56.55.56.56.65.56.6.5.50.36.56.50.6.55.55.63.56.1.76.56.9.7.55.56.38.50.50.7.55.50.40.50.55.56.5.56.50.16.1.7.6.56.55.50.xover.mutate.done 50
 generation 17.82.82.79.65.64.60.57.57.57.57.60.60.59.57.51.57.72.1.10.59.64.10.1.9.57.60.59.10.57.51.59.60.57.57.57.57.59.60.59.1.7.1.25.50.57.14.10.18.9.50.xover.mutate.done 50
 generation 18.80.80.77.73.67.64.64.58.58.58.50.77.50.26.48.14.56.18.55.50.21.0.63.55.56.56.6.50.22.0.56.22.56.46.22.5.0.56.50.56.50.50.8.49.12.0.50.56.49.49.xover.mutate.done 50
 generation 19.77.77.75.75.69.66.64.64.60.58.1.50.50.18.50.56.18.77.55.0.50.50.58.51.64.6.56.50.56.51.56.9.19.53.51.51.56.51.64.56.6.69.1.51.58.1.27.56.51.55.xover.mutate.done 50
 generation 20.77.77.77.71.71.68.68.64.63.63.5.70.1.50.56.7.50.51.54.9.7.56.44.71.7.1.0.32.50.1.50.63.50.56.51.68.54.50.56.50.56.58.1.50.62.56.56.56.51.51.xover.mutate.done 50
 generation 21.78.78.78.75.75.75.64.73.73.73.51.39.55.50.1.50.51.78.77.50.66.54.35.64.51.9.50.54.51.38.18.59.54.50.55.50.55.75.51.74.51.38.51.76.1.51.0.51.51.50.xover.mutate.done 50
 generation 22.78.78.78.77.75.88.76.76.76.76.19.60.67.52.75.59.52.9.50.76.57.76.2.58.13.67.50.67.2.76.50.52.50.57.2.52.58.52.58.50.88.39.67.76.9.50.2.78.50.9.xover.mutate.done 50
 generation 23.83.83.78.78.78.78.78.74.74.74.78.53.65.78.53.79.12.50.64.53.57.78.57.75.46.12.78.53.53.57.50.64.50.57.3.53.59.78.53.53.57.35.51.66.11.75.59.30.57.78.xover.mutate.done 50
 generation 24.87.87.83.85.85.85.85.83.85.83.80.9.33.1.55.83.51.87.57.85.27.46.51.57.51.27.80.51.51.50.51.55.57.70.51.51.85.64.50.51.57.38.55.78.50.51.83.38.55.51.xover.mutate.done 50
 generation 25.79.79.79.81.81.81.81.81.81.81.81.5.50.50.6.80.50.80.8.81.51.67.50.50.41.50.50.0.81.50.50.50.42.39.59.39.50.81.50.51.4.26.67.50.49.50.33.56.2.50.xover.mutate.done 50
 generation 26.78.78.78.78.78.78.78.78.77.78.50.58.51.51.47.10.78.51.51.39.51.51.50.30.5.66.77.51.51.12.41.33.47.78.59.4.51.50.51.51.66.51.78.40.84.78.66.78.51.80.xover.mutate.done 50
 generation 27.90.79.79.79.79.79.79.79.79.79.60.50.35.50.50.60.72.79.50.16.65.50.0.79.78.47.50.55.12.69.79.0.90.65.50.79.79.0.79.38.31.68.79.33.62.79.50.70.55.86.xover.mutate.done 50
 generation 28.83.83.83.80.79.79.79.79.79.79.9.65.83.73.51.51.38.66.79.51.53.55.79.66.68.79.65.51.5.79.68.52.79.2.37.79.51.55.8.78.56.79.16.83.51.28.33.51.58.71.xover.mutate.done 50
 generation 29.89.89.78.78.78.74.73.73.73.73.55.57.73.76.57.40.89.74.73.64.51.76.1.65.54.27.25.1.7.51.73.57.50.4.45.74.54.72.62.86.73.36.1.73.14.50.72.74.51.72.xover.mutate.done 50
 generation 30.85.85.85.79.86.86.86.84.84.84.52.84.43.51.52.51.52.84.43.52.43.85.85.38.52.85.85.84.38.61.3.3.74.79.20.52.72.44.52.85.52.50.84.38.84.84.35.40.35.8.xover.mutate.done 50
 generation 31.83.83.83.84.84.84.84.84.84.84.82.50.67.51.1.81.53.84.81.53.31.50.51.84.51.51.83.46.82.81.51.31.13.41.50.50.51.80.67.51.49.37.81.50.81.66.50.53.1.84.xover.mutate.done 50
 generation 32.85.85.85.85.85.85.85.85.85.85.51.51.15.79.51.75.79.79.58.51.51.78.60.60.57.38.51.16.81.85.51.85.9.1.61.51.85.6.38.51.50.56.7.85.50.51.35.84.51.51.xover.mutate.done 50
 generation 33.89.89.87.87.89.89.87.89.89.89.89.76.89.61.62.51.4.53.53.81.53.68.89.53.45.4.37.89.53.75.76.12.75.51.51.68.4.75.61.63.51.51.51.76.87.53.51.4.45.53.xover.mutate.done 50
 generation 34.88.88.88.88.88.88.88.88.88.88.39.82.55.27.60.73.50.88.48.50.55.63.50.16.48.88.27.49.88.56.79.0.62.83.50.82.88.50.88.50.88.0.79.50.88.64.50.27.87.15.xover.mutate.done 50
 generation 35.85.85.85.85.85.85.85.85.85.85.51.52.85.62.51.76.75.10.51.39.53.55.25.67.1.68.62.51.48.85.50.85.85.49.51.85.50.50.76.85.85.59.62.75.82.62.51.51.51.75.xover.mutate.done 50
 generation 36.77.77.77.77.77.77.77.77.77.77.21.56.26.77.71.77.21.38.70.77.60.60.50.45.10.26.77.58.60.22.50.44.34.50.54.10.54.57.0.50.75.77.50.52.60.21.64.52.66.50.xover.mutate.done 50
 generation 37.85.85.85.85.85.85.85.85.85.85.49.64.51.85.1.56.51.51.56.50.56.55.49.85.59.54.39.54.54.63.59.51.74.35.59.85.69.35.25.85.54.19.9.6.49.49.51.49.55.68.xover.mutate.done 50
 generation 38.87.87.87.87.87.87.87.86.86.86.40.51.54.51.79.73.72.51.3.53.51.62.18.12.2.65.2.62.44.87.10.2.60.51.64.51.72.79.51.51.54.51.87.50.51.51.62.87.34.72.xover.mutate.done 50
 generation 39.84.84.84.84.84.84.84.84.84.84.50.84.50.50.60.84.79.0.84.50.50.50.58.76.70.84.60.84.56.50.60.50.79.51.50.84.58.57.51.77.58.50.15.51.58.69.7.1.84.60.xover.mutate.done 50
 generation 40.82.82.82.82.82.82.82.82.82.82.56.47.44.82.71.82.33.57.50.82.57.50.19.82.82.82.72.43.82.72.71.82.43.68.50.82.56.14.7.50.43.43.68.73.82.37.57.73.57.51.xover.mutate.done 50
 generation 41.82.82.82.82.82.82.82.82.82.82.63.25.51.52.82.69.71.58.63.25.58.58.24.58.82.82.82.82.63.82.82.82.52.51.82.51.18.82.82.74.3.72.71.51.82.52.51.52.69.73.xover.mutate.done 50
 generation 42.80.80.80.80.80.80.80.80.80.80.50.74.62.78.12.80.12.50.51.16.50.51.51.34.80.62.47.48.80.50.59.51.1.61.80.51.41.80.62.0.70.62.80.1.80.34.51.50.51.0.xover.mutate.done 50
 generation 43.83.83.83.83.83.83.83.83.83.83.56.50.58.50.67.50.83.56.56.71.50.83.6.20.83.56.50.50.59.51.74.50.83.50.51.83.83.53.6.50.51.50.53.83.43.1.49.51.1.51.xover.mutate.done 50
 generation 44.89.89.89.89.89.89.89.89.89.89.52.59.30.52.51.51.27.89.1.89.82.3.52.51.52.49.52.20.30.51.35.13.9.89.70.89.51.89.89.89.3.52.14.59.51.47.51.1.51.52.xover.mutate.done 50
 generation 45.84.84.84.84.84.84.84.84.84.84.84.51.54.51.44.11.50.55.62.50.50.63.1.22.50.84.1.50.84.84.84.1.45.51.60.60.50.73.84.50.73.40.60.22.51.60.50.84.84.1.xover.mutate.done 50
 generation 46.85.85.85.85.85.85.85.85.85.85.2.45.85.52.38.50.55.85.48.52.85.17.52.0.50.50.7.7.50.9.50.85.52.7.52.85.85.67.67.52.57.85.57.85.86.85.7.85.50.50.xover.mutate.done 50
 generation 47.88.88.88.88.88.88.88.88.88.88.60.4.49.88.54.47.88.88.88.38.20.60.51.51.60.60.21.5.88.12.12.68.19.43.88.61.60.20.54.12.5.88.60.79.73.73.88.88.25.54.xover.mutate.done 50
 generation 48.83.83.83.83.83.83.83.83.83.83.83.46.51.74.83.51.10.23.21.8.74.10.49.51.63.72.56.57.83.41.82.10.56.83.51.82.2.51.10.83.2.83.13.46.28.14.2.58.50.51.xover.mutate.done 50
 generation 49.83.82.82.82.82.82.82.82.82.82.73.82.52.50.45.50.2.54.52.33.82.82.82.19.50.19.53.82.53.49.52.82.27.77.2.9.73.50.52.20.34.73.21.82.2.77.50.73.82.71.xover.mutate.done 50
 23479173 iters     892857 iter/sec (26.30 s)
 total time: 26.30
