% Ministry of Cellular Automata
% Project Deux (CS523 Spring 2015)
% Version:v0.1-66-g3e0f-dirty
%  pop:50
%  ic count:100
%  CA Log option:r2/run39
%  width:121
%  max workers:4
%  radius:2
%  iterations:300
%  generations:50

 generation 0.0.0.0.0.0.0.50.50.50.50.0.0.50.0.0.0.0.0.0.4.0.0.0.0.0.0.17.0.0.0.0.0.50.0.17.50.0.7.0.42.0.0.0.0.0.0.0.0.0.50.xover.mutate.done 50
 generation 1.50.50.50.50.50.50.50.50.40.11.0.0.0.50.0.0.0.0.0.0.0.0.0.0.6.50.50.0.0.17.50.0.0.50.0.21.0.0.11.50.0.0.0.50.0.50.0.0.0.15.xover.mutate.done 50
 generation 2.50.50.50.50.50.50.50.50.50.50.2.2.3.51.52.3.2.50.2.50.2.2.50.3.2.5.3.50.3.7.23.2.52.10.50.2.2.2.52.2.50.43.52.50.2.50.44.50.3.50.xover.mutate.done 50
 generation 3.50.50.50.50.52.50.50.50.50.50.50.50.52.0.50.50.2.50.50.50.50.52.50.50.50.50.55.50.52.2.50.50.50.50.50.50.2.50.12.50.2.41.50.18.50.2.0.50.50.50.xover.mutate.done 50
 generation 4.52.51.51.51.51.50.50.50.50.50.50.13.51.50.50.8.50.43.50.50.50.1.50.51.50.0.50.51.1.50.50.0.0.50.51.0.1.50.50.50.50.0.51.50.51.52.51.50.1.12.xover.mutate.done 50
 generation 5.49.49.56.56.56.56.56.56.56.56.7.1.6.56.51.7.1.51.56.7.56.12.51.1.7.56.50.7.1.49.50.56.50.56.1.1.56.56.50.56.51.1.1.50.1.13.8.6.50.50.xover.mutate.done 50
 generation 6.51.51.51.51.51.51.51.51.51.51.51.50.50.1.1.1.1.50.51.50.1.51.51.1.1.51.1.51.1.51.51.51.0.1.51.51.51.51.1.1.50.1.87.50.14.51.0.0.1.50.xover.mutate.done 50
 generation 7.91.51.51.51.51.51.51.51.51.51.1.1.51.51.0.50.1.51.51.1.50.51.1.51.51.1.0.0.51.12.1.51.1.51.51.0.51.66.51.51.51.51.50.51.51.1.51.50.1.51.xover.mutate.done 50
 generation 8.92.66.52.52.52.52.52.52.52.52.52.15.52.52.52.0.2.52.2.2.6.52.0.52.2.52.52.52.52.2.52.52.52.50.2.52.2.52.2.2.52.52.50.52.52.52.16.52.52.52.xover.mutate.done 50
 generation 9.88.63.50.50.50.50.50.50.50.50.50.50.50.50.50.2.50.2.50.2.50.50.24.50.50.50.50.50.2.50.50.2.50.50.50.50.2.2.2.50.50.50.50.50.25.0.2.50.2.50.xover.mutate.done 50
 generation 10.91.66.51.51.51.51.51.51.51.51.2.51.27.1.51.50.29.51.2.51.51.2.51.51.33.1.2.51.2.51.51.51.51.51.51.51.1.2.51.10.51.51.51.10.51.2.51.2.51.51.xover.mutate.done 50
 generation 11.91.62.50.50.50.50.50.50.50.50.50.50.2.2.50.50.50.7.2.50.0.16.2.50.50.50.50.50.49.50.50.50.50.0.2.47.50.50.2.50.50.50.44.48.19.2.2.50.0.50.xover.mutate.done 50
 generation 12.88.67.50.50.50.50.50.50.50.50.10.50.1.1.1.50.50.50.50.50.50.50.1.50.1.50.1.9.1.7.50.1.1.50.1.50.1.0.1.50.50.50.50.1.1.1.50.50.50.50.xover.mutate.done 50
 generation 13.88.55.51.51.51.51.51.51.51.51.51.51.51.1.1.51.21.51.1.51.51.51.51.51.50.1.51.51.32.55.51.51.1.11.51.51.51.1.51.51.1.50.51.51.51.50.51.51.1.51.xover.mutate.done 50
 generation 14.92.65.66.51.51.51.51.51.51.51.2.51.2.51.51.51.2.51.51.51.50.51.1.1.2.2.51.51.51.51.51.2.1.40.1.2.2.1.51.50.51.15.2.1.30.2.51.18.51.51.xover.mutate.done 50
 generation 15.93.73.73.52.52.52.52.52.52.52.1.52.3.52.50.52.73.3.3.10.52.52.52.3.52.52.24.50.1.52.52.52.52.16.2.3.52.52.52.52.3.52.16.52.3.3.52.52.52.3.xover.mutate.done 50
 generation 16.89.63.63.63.51.51.51.51.51.51.51.51.51.51.1.51.4.50.0.51.1.51.1.1.51.51.51.51.51.51.0.1.63.51.51.51.50.51.8.51.1.51.50.51.51.51.51.51.51.51.xover.mutate.done 50
 generation 17.87.59.59.59.59.50.50.50.50.50.0.50.0.50.50.0.50.0.50.0.0.50.50.0.59.50.0.0.0.9.0.50.50.50.50.50.59.0.0.50.50.0.50.50.0.50.50.23.50.50.xover.mutate.done 50
 generation 18.85.70.69.69.69.69.69.51.51.51.1.54.51.51.1.51.1.1.51.51.51.69.51.69.1.69.19.51.51.51.51.12.51.1.1.51.51.51.1.1.35.38.1.51.51.66.69.69.21.51.xover.mutate.done 50
 generation 19.91.66.66.66.66.66.66.66.66.66.1.2.1.37.51.51.51.66.57.51.51.51.66.51.57.66.44.51.17.70.2.51.51.1.66.13.57.66.66.68.51.70.2.51.66.1.66.17.50.1.xover.mutate.done 50
 generation 20.91.71.71.68.67.67.67.67.67.67.1.12.59.51.17.51.67.51.1.1.17.63.51.21.73.1.51.67.10.67.51.1.51.51.51.1.50.26.17.51.51.51.67.67.63.50.17.12.62.24.xover.mutate.done 50
 generation 21.94.60.69.69.64.62.62.62.62.62.62.50.50.63.69.62.50.50.0.50.50.50.50.50.62.62.50.50.50.0.0.50.11.62.69.8.12.50.64.11.28.62.50.0.0.50.53.50.0.64.xover.mutate.done 50
 generation 22.86.70.70.70.71.70.70.70.68.69.69.1.50.68.51.12.68.68.61.70.68.18.70.45.68.50.68.50.1.51.70.1.19.1.1.0.36.1.68.0.58.70.68.51.69.19.1.19.50.70.xover.mutate.done 50
 generation 23.86.73.73.73.73.70.70.70.71.73.71.38.70.70.70.16.70.70.22.22.22.70.50.70.73.71.71.0.50.70.70.70.50.50.70.71.2.50.40.70.70.41.50.45.70.30.70.70.50.2.xover.mutate.done 50
 generation 24.89.75.75.75.75.75.75.70.66.70.51.68.51.37.1.38.68.75.65.51.16.20.68.50.28.66.51.30.51.1.75.50.50.1.50.68.75.68.50.51.68.50.0.68.68.50.0.66.38.1.xover.mutate.done 50
 generation 25.89.63.63.63.63.63.63.63.63.67.14.9.63.66.50.50.50.63.30.50.50.62.12.62.57.10.63.56.0.0.67.23.0.4.62.62.62.50.0.11.67.50.0.67.63.50.0.50.0.50.xover.mutate.done 50
 generation 26.93.71.71.71.71.67.66.66.66.66.66.66.2.51.17.2.64.66.13.71.50.21.22.2.15.17.51.51.2.61.17.67.51.64.50.62.17.66.17.51.51.1.66.17.64.20.63.63.34.50.xover.mutate.done 50
 generation 27.92.71.71.71.71.71.72.68.68.68.68.20.50.40.50.28.68.58.58.1.50.71.13.68.68.68.68.1.68.64.50.1.60.68.50.71.1.22.66.71.22.64.68.16.22.1.71.1.22.60.xover.mutate.done 50
 generation 28.91.70.74.74.74.74.74.74.74.74.51.73.60.51.22.22.21.26.70.23.0.72.11.74.22.11.1.74.2.51.22.74.64.41.42.22.1.27.60.51.74.74.72.0.17.1.74.22.16.22.xover.mutate.done 50
 generation 29.87.68.68.68.68.68.68.68.68.68.19.0.68.6.50.0.0.56.27.50.20.68.58.50.0.0.18.68.0.16.56.0.50.46.17.58.77.62.72.18.50.68.16.68.68.56.50.0.18.26.xover.mutate.done 50
 generation 30.89.77.69.71.71.71.71.71.71.71.50.51.51.51.3.4.10.30.4.50.65.3.24.18.71.71.53.51.71.30.4.71.15.51.71.30.50.43.65.3.4.4.51.32.33.71.4.51.51.60.xover.mutate.done 50
 generation 31.92.76.68.68.68.68.68.68.68.68.57.18.23.68.33.33.50.68.57.68.68.68.68.20.8.19.16.68.0.25.57.68.57.57.50.50.50.0.50.8.68.50.7.20.0.0.68.40.76.68.xover.mutate.done 50
 generation 32.86.76.76.68.68.68.68.68.68.68.68.11.68.68.50.68.68.55.68.68.59.59.11.68.22.68.68.68.68.68.68.1.6.16.68.68.21.68.50.68.50.38.46.62.1.50.46.68.50.13.xover.mutate.done 50
 generation 33.88.80.80.67.67.67.67.67.67.67.67.52.52.67.59.67.18.67.67.67.18.67.67.17.51.67.67.17.67.3.67.3.67.67.59.67.2.67.34.52.67.67.3.67.54.50.67.67.1.67.xover.mutate.done 50
 generation 34.91.79.79.72.72.72.72.72.72.72.65.22.5.50.23.22.50.50.0.21.23.58.0.59.72.50.18.50.72.9.72.0.35.79.72.59.59.0.72.50.72.0.73.11.0.72.50.72.50.72.xover.mutate.done 50
 generation 35.92.85.85.85.79.78.78.78.78.78.50.0.62.50.77.64.7.0.28.0.7.9.78.50.61.29.22.0.62.28.50.78.50.77.50.74.0.62.78.78.78.0.26.50.60.57.78.38.22.64.xover.mutate.done 50
 generation 36.89.78.78.78.67.67.67.67.67.67.0.50.52.59.2.57.67.24.35.24.2.60.50.59.65.60.78.52.16.67.67.67.2.50.67.60.52.67.52.67.67.14.67.60.0.67.14.36.7.10.xover.mutate.done 50
 generation 37.92.77.77.77.77.72.72.72.72.72.7.9.72.57.57.7.72.1.57.51.61.1.50.64.56.77.71.33.72.57.1.72.2.1.64.72.1.50.50.1.1.27.50.72.64.72.21.72.51.72.xover.mutate.done 50
 generation 38.93.79.79.79.79.79.70.70.70.70.35.1.20.50.62.23.50.50.66.1.1.19.66.50.1.70.51.1.20.70.1.12.61.70.79.35.74.69.21.70.61.62.40.0.70.69.50.12.50.47.xover.mutate.done 50
 generation 39.94.81.81.81.81.81.81.71.71.71.51.69.18.71.50.81.1.69.58.1.66.50.50.18.50.66.81.81.58.72.19.50.59.20.51.69.81.34.71.39.66.75.59.71.51.50.65.66.67.82.xover.mutate.done 50
 generation 40.89.79.78.78.78.78.78.78.78.78.70.65.65.67.25.45.78.36.2.64.78.3.64.25.78.47.79.51.78.71.65.78.78.32.39.78.79.67.28.65.78.67.1.57.76.57.58.51.2.67.xover.mutate.done 50
 generation 41.90.79.79.79.75.75.75.75.75.75.56.50.33.79.50.75.75.71.32.50.75.50.66.75.79.20.0.75.23.50.20.50.50.75.50.50.79.23.50.67.50.21.69.67.75.76.50.30.50.0.xover.mutate.done 50
 generation 42.89.78.78.78.78.78.79.76.76.76.69.42.51.46.31.51.35.76.42.51.50.58.61.51.56.51.50.51.35.1.50.50.68.76.41.76.51.72.76.13.76.76.76.68.78.68.72.2.78.2.xover.mutate.done 50
 generation 43.92.86.82.82.82.82.82.83.81.82.81.35.46.51.83.57.41.19.81.1.51.0.1.51.51.82.50.11.38.50.81.50.82.50.42.82.47.82.82.38.50.1.82.82.50.1.49.83.81.0.xover.mutate.done 50
 generation 44.93.91.84.84.84.84.84.84.84.84.84.21.43.43.84.50.50.84.50.50.50.50.52.50.3.50.59.9.46.50.50.10.84.44.84.0.82.50.53.84.42.84.50.84.53.75.50.46.32.84.xover.mutate.done 50
 generation 45.95.79.78.78.78.77.77.77.78.77.50.50.78.78.51.51.0.1.51.59.78.78.0.79.11.10.78.51.75.35.0.28.22.50.50.46.50.77.76.77.18.13.50.1.51.11.35.35.78.75.xover.mutate.done 50
 generation 46.91.81.81.77.77.77.77.77.77.77.2.77.77.51.47.51.57.77.77.51.2.2.27.77.77.77.51.51.77.2.72.2.77.2.50.77.1.5.77.77.77.51.50.14.50.1.21.51.77.77.xover.mutate.done 50
 generation 47.88.79.79.82.82.82.82.81.81.81.51.81.82.51.51.23.77.57.81.50.1.77.50.34.42.81.82.77.67.80.42.37.50.1.82.82.81.77.1.50.81.68.1.81.7.77.1.81.82.51.xover.mutate.done 50
 generation 48.92.81.81.81.80.81.81.81.81.81.51.50.50.51.8.1.66.51.1.50.81.58.51.77.50.81.50.50.81.57.50.51.38.1.81.81.81.57.0.77.50.51.51.51.50.50.40.16.81.81.xover.mutate.done 50
 generation 49.83.85.85.85.85.85.85.85.85.85.7.1.18.50.1.33.51.50.36.1.1.1.50.12.1.86.54.50.50.64.86.54.86.38.85.85.43.51.85.50.54.33.85.85.85.15.85.85.61.1.xover.mutate.done 50
 23504357 iters     871528 iter/sec (26.97 s)
 total time: 26.97
