% Ministry of Cellular Automata
% Project Deux (CS523 Spring 2015)
% Version:v0.1-66-g3e0f-dirty
%  pop:50
%  ic count:100
%  CA Log option:r2/run33
%  width:121
%  max workers:4
%  radius:2
%  iterations:300
%  generations:50

 generation 0.3.3.3.3.3.3.3.3.3.0.3.50.0.0.3.0.7.18.50.0.0.0.0.3.3.3.3.3.3.3.3.3.50.3.0.0.50.0.3.0.50.3.3.3.3.50.3.50.35.0.xover.mutate.done 50
 generation 1.50.50.50.50.50.50.50.34.16.4.3.12.0.0.0.37.0.50.0.50.0.50.50.1.50.34.0.0.0.0.0.0.22.50.50.3.0.0.0.15.0.0.0.0.0.0.50.0.50.0.xover.mutate.done 50
 generation 2.50.50.50.50.50.50.50.50.50.50.50.27.50.41.2.50.2.2.50.3.50.7.12.3.9.3.1.50.3.3.3.50.12.3.50.50.3.1.17.13.1.3.3.3.52.1.50.28.1.3.xover.mutate.done 50
 generation 3.51.50.50.50.50.50.50.50.50.50.20.50.51.51.1.50.2.2.10.50.50.50.50.2.2.50.34.50.51.1.2.2.51.11.7.51.50.50.1.51.51.8.50.2.1.51.18.50.2.51.xover.mutate.done 50
 generation 4.52.52.52.50.52.52.50.52.50.50.40.2.2.41.2.0.50.7.50.50.52.0.2.2.52.50.2.0.2.50.50.52.52.2.2.50.36.0.52.12.0.2.50.52.50.0.2.50.50.0.xover.mutate.done 50
 generation 5.52.52.52.52.52.52.52.52.52.52.4.4.4.4.2.16.2.52.2.2.60.4.50.4.52.36.4.4.52.52.4.4.52.2.4.52.2.4.36.4.52.4.46.2.52.52.52.12.50.52.xover.mutate.done 50
 generation 6.53.50.50.50.50.50.50.50.50.50.50.50.50.0.0.50.0.50.21.0.50.0.0.50.50.0.50.9.0.50.50.3.50.0.50.0.0.50.0.0.50.50.50.32.9.50.0.50.0.50.xover.mutate.done 50
 generation 7.55.51.51.51.51.51.51.51.51.51.1.51.70.51.51.50.1.37.1.0.1.51.57.51.50.1.36.5.51.51.1.1.51.50.1.1.1.8.50.22.51.51.50.1.51.51.1.1.1.51.xover.mutate.done 50
 generation 8.69.54.55.51.51.51.51.51.51.51.55.51.51.54.51.51.51.10.42.53.51.51.32.51.1.51.51.2.51.51.51.3.2.2.2.7.51.51.44.51.51.14.41.2.51.2.31.51.51.32.xover.mutate.done 50
 generation 9.68.56.56.55.55.55.50.50.50.50.50.50.50.52.1.50.50.35.50.50.50.55.55.55.55.52.50.63.1.56.1.50.55.40.56.46.55.56.50.50.50.46.17.50.50.50.55.30.50.46.xover.mutate.done 50
 generation 10.73.71.55.55.55.55.55.55.55.55.1.55.55.55.83.15.50.24.40.55.55.50.13.50.8.50.26.40.1.50.40.29.50.1.6.50.55.50.50.43.0.1.50.50.50.55.36.41.1.0.xover.mutate.done 50
 generation 11.70.65.60.56.56.56.56.56.55.55.55.55.56.52.52.3.51.52.28.50.2.63.52.3.56.41.39.6.36.8.52.52.6.56.55.56.7.7.55.52.44.36.52.3.56.70.3.56.60.55.xover.mutate.done 50
 generation 12.80.80.69.62.67.69.60.60.60.60.60.49.32.70.50.59.59.59.69.39.60.59.14.46.60.1.50.50.50.25.59.25.50.70.60.50.69.60.50.50.62.62.50.69.50.80.38.62.10.50.xover.mutate.done 50
 generation 13.79.79.79.70.70.69.66.66.74.69.66.51.9.79.32.19.70.2.51.29.50.50.46.61.69.51.69.78.70.30.16.56.66.51.50.51.51.66.12.51.56.58.51.51.58.51.68.51.1.9.xover.mutate.done 50
 generation 14.81.81.81.81.78.62.72.72.72.72.51.2.50.72.32.50.50.72.42.51.68.72.51.69.32.2.2.48.22.7.59.50.66.1.51.32.61.68.8.57.72.22.43.22.68.25.33.1.1.38.xover.mutate.done 50
 generation 15.75.75.75.75.75.66.66.66.66.65.75.12.51.42.17.21.55.65.34.54.50.64.50.50.65.65.50.67.18.27.60.51.66.12.35.50.34.50.16.54.66.50.66.65.23.3.65.51.18.50.xover.mutate.done 50
 generation 16.78.78.78.78.77.77.72.69.69.70.32.70.69.64.52.77.21.37.52.69.29.68.53.69.85.12.70.52.4.52.70.47.68.50.52.4.31.69.21.69.29.4.52.28.52.72.56.52.52.52.xover.mutate.done 50
 generation 17.77.84.84.84.84.84.84.84.77.76.34.48.51.76.41.76.34.78.76.76.50.51.46.66.52.52.76.52.23.84.76.76.2.52.50.87.46.76.76.76.81.34.52.76.76.33.76.63.40.84.xover.mutate.done 50
 generation 18.85.80.80.80.80.79.79.79.80.80.26.78.52.73.60.24.52.52.73.73.73.29.52.73.26.79.27.52.25.70.64.60.33.80.27.68.73.31.32.8.78.52.70.70.80.73.52.60.50.73.xover.mutate.done 50
 generation 19.77.73.73.73.73.73.73.73.73.73.71.68.51.8.67.45.51.45.64.51.51.70.70.51.51.60.51.1.71.73.11.51.51.70.51.51.80.71.25.73.73.64.51.2.73.45.51.69.60.69.xover.mutate.done 50
 generation 20.80.80.78.78.78.78.78.77.77.77.70.2.78.59.78.77.77.67.52.50.74.69.75.54.77.52.52.77.77.70.50.77.78.73.29.52.52.2.52.70.77.73.52.52.78.80.77.52.23.77.xover.mutate.done 50
 generation 21.80.77.77.72.72.72.72.72.72.72.64.51.72.51.72.34.57.72.51.8.50.48.51.52.72.73.2.51.65.72.51.76.65.40.51.15.50.51.72.77.51.72.72.72.2.27.51.51.51.73.xover.mutate.done 50
 generation 22.89.86.86.86.85.84.75.83.83.83.74.57.50.32.50.83.84.0.50.36.75.0.50.26.50.50.50.50.53.30.7.50.73.50.0.88.59.50.83.27.84.83.83.50.88.78.62.11.75.50.xover.mutate.done 50
 generation 23.83.84.84.83.83.83.82.82.82.81.72.50.50.65.47.66.50.1.51.50.50.1.50.81.45.82.50.81.37.84.50.84.48.39.50.56.59.82.1.50.84.82.45.66.36.74.50.27.19.50.xover.mutate.done 50
 generation 24.82.82.82.82.82.80.79.79.79.74.50.24.77.27.74.0.50.74.69.50.47.50.50.50.33.78.15.74.75.33.60.62.50.50.0.47.36.50.56.48.50.66.74.56.50.50.0.78.56.17.xover.mutate.done 50
 generation 25.81.81.81.81.81.81.80.80.80.80.50.51.31.77.14.50.50.30.47.51.82.50.74.50.50.50.51.50.50.1.37.51.0.80.43.46.77.50.50.50.17.82.77.50.47.77.26.32.50.50.xover.mutate.done 50
 generation 26.77.85.82.82.82.82.82.83.81.81.15.56.50.82.41.50.46.30.10.74.7.46.50.14.50.82.81.73.52.75.50.61.50.16.50.54.50.31.70.12.50.75.10.60.0.13.9.50.47.81.xover.mutate.done 50
 generation 27.87.87.86.86.86.86.86.86.86.86.79.50.62.62.50.76.50.23.50.55.48.50.50.80.45.50.86.50.50.62.62.73.20.12.50.45.45.0.62.62.0.0.12.50.56.50.45.0.50.20.xover.mutate.done 50
 generation 28.83.82.81.81.81.81.81.81.81.80.51.60.39.50.77.38.35.50.2.39.60.60.81.50.2.82.2.50.50.35.74.60.60.50.81.81.39.50.80.77.60.2.2.2.50.26.82.50.2.52.xover.mutate.done 50
 generation 29.83.83.82.83.81.81.81.81.81.81.5.54.51.26.75.59.50.81.46.81.59.28.54.12.55.50.56.83.51.5.78.63.81.38.50.49.61.61.75.79.12.81.83.61.81.44.19.36.54.61.xover.mutate.done 50
 generation 30.83.81.82.83.82.83.82.82.82.82.37.5.11.48.0.51.21.55.82.32.4.82.72.54.83.39.53.82.50.24.55.40.55.75.52.50.50.50.7.16.17.37.0.5.39.0.50.82.55.25.xover.mutate.done 50
 generation 31.87.87.86.87.87.87.86.86.86.86.23.0.63.0.0.0.50.49.50.50.61.50.47.87.50.50.50.47.59.87.50.50.46.56.50.83.87.86.59.12.50.17.85.50.50.60.50.60.61.86.xover.mutate.done 50
 generation 32.85.85.85.87.87.85.87.87.84.86.59.56.44.6.41.51.57.3.21.48.41.48.87.48.85.85.29.56.4.39.55.43.29.48.85.27.51.40.47.86.1.56.51.50.56.1.51.43.86.85.xover.mutate.done 50
 generation 33.88.88.88.88.88.87.87.87.87.87.50.87.46.33.31.47.53.11.87.45.47.60.55.80.87.47.48.53.47.53.39.87.87.34.11.88.86.87.12.11.25.87.68.56.57.87.3.7.59.87.xover.mutate.done 50
 generation 34.81.81.81.81.81.81.78.78.81.81.81.73.81.73.45.62.81.27.50.81.57.81.13.51.81.13.48.81.51.68.81.51.81.43.81.10.81.27.81.1.81.56.45.81.81.50.1.27.78.45.xover.mutate.done 50
 generation 35.87.87.87.87.87.87.87.87.87.87.52.73.87.61.61.73.2.87.13.87.87.75.30.52.43.59.60.48.87.87.4.87.87.87.24.87.29.87.87.87.52.61.87.60.17.82.48.75.87.32.xover.mutate.done 50
 generation 36.88.88.88.88.88.88.88.88.88.88.88.50.72.88.88.88.50.45.57.88.40.88.9.88.88.88.77.88.49.31.79.59.88.88.88.88.23.59.88.88.88.50.88.88.46.88.52.44.57.27.xover.mutate.done 50
 generation 37.87.87.87.87.87.87.87.87.87.87.73.50.53.23.87.87.1.87.87.87.11.50.53.8.50.87.87.87.16.50.87.50.41.87.0.87.50.50.81.19.87.87.50.57.41.60.87.45.87.73.xover.mutate.done 50
 generation 38.87.87.87.87.87.87.87.87.87.87.50.11.46.87.83.70.87.11.60.87.55.87.50.50.83.50.50.26.87.87.50.34.49.11.87.42.38.87.87.83.87.49.87.0.87.45.10.50.87.11.xover.mutate.done 50
 generation 39.84.84.84.84.84.84.84.84.84.84.52.84.44.53.42.64.84.8.84.40.51.84.84.40.8.81.84.53.46.75.84.84.75.12.83.79.50.84.84.40.81.39.39.84.52.59.39.51.3.84.xover.mutate.done 50
 generation 40.85.85.85.85.85.85.85.85.85.85.85.85.51.85.43.11.11.85.85.85.85.41.54.60.70.11.85.70.85.85.51.70.48.57.51.51.54.85.11.10.57.51.11.51.54.85.51.11.85.85.xover.mutate.done 50
 generation 41.86.86.86.86.86.86.86.86.86.86.58.49.86.86.50.45.60.86.8.86.50.86.86.86.48.14.59.59.50.39.50.50.59.86.58.50.59.50.50.57.86.66.52.86.10.86.86.13.50.50.xover.mutate.done 50
 generation 42.88.88.88.88.88.88.87.87.88.88.70.88.59.63.76.59.52.7.52.2.39.59.88.2.62.59.88.12.62.52.62.88.62.52.88.70.2.52.53.57.14.2.62.11.88.50.88.33.52.0.xover.mutate.done 50
 generation 43.84.83.83.83.83.83.84.83.84.84.51.51.1.1.47.83.51.51.51.83.51.69.15.56.50.50.38.63.1.51.63.49.69.83.51.14.63.14.31.30.1.56.83.51.83.63.51.50.1.63.xover.mutate.done 50
 generation 44.87.87.87.87.87.87.87.87.87.87.6.2.9.87.58.50.50.87.50.52.52.10.0.8.50.52.10.50.50.50.49.87.58.34.87.37.49.58.87.84.87.68.50.52.87.38.17.87.46.52.xover.mutate.done 50
 generation 45.85.85.85.85.85.85.85.85.85.85.4.85.4.52.43.85.15.16.61.85.85.60.85.52.85.73.85.85.52.84.43.63.4.30.85.15.52.71.38.56.42.9.52.4.46.24.52.20.15.52.xover.mutate.done 50
 generation 46.88.89.88.88.88.88.88.88.88.88.51.88.2.49.61.51.67.11.49.5.51.16.43.50.2.57.88.42.12.42.2.51.51.88.58.88.58.88.51.88.51.67.88.2.79.51.58.7.51.51.xover.mutate.done 50
 generation 47.86.86.86.86.86.86.86.86.86.86.86.51.77.65.51.65.65.28.1.51.53.46.54.65.51.1.51.51.51.65.65.51.51.50.50.64.50.46.65.86.51.51.46.86.86.1.50.51.86.50.xover.mutate.done 50
 generation 48.81.81.81.81.81.81.81.81.81.81.48.19.50.80.81.55.18.81.49.23.50.13.81.47.14.58.81.55.50.79.50.50.68.50.50.81.72.32.0.21.25.81.81.50.50.50.64.34.13.81.xover.mutate.done 50
 generation 49.85.84.84.84.84.84.84.84.84.84.50.35.84.77.1.51.20.84.84.77.54.43.59.35.1.84.50.50.84.84.1.51.51.84.48.29.6.84.1.59.11.84.49.84.54.50.84.84.84.46.xover.mutate.done 50
 22841875 iters     903532 iter/sec (25.28 s)
 total time: 25.28
