50 50 50 50 50 50 50 50 42 17 17 7 4 0 0 0 0 0 0 0 0 0 0 0 0 0 0 0 0 0 0 0 0 0 0 0 0 0 0 0 0 0 0 0 0 0 0 0 0 0 
50 50 50 50 50 50 50 50 50 50 50 50 50 50 50 50 40 21 17 15 11 11 6 0 0 0 0 0 0 0 0 0 0 0 0 0 0 0 0 0 0 0 0 0 0 0 0 0 0 0 
52 52 52 52 51 50 50 50 50 50 50 50 50 50 50 50 50 50 50 50 50 50 50 50 50 44 43 23 10 7 5 3 3 3 3 3 3 2 2 2 2 2 2 2 2 2 2 2 2 2 
55 52 52 52 52 50 50 50 50 50 50 50 50 50 50 50 50 50 50 50 50 50 50 50 50 50 50 50 50 50 50 50 50 50 50 50 50 50 50 50 41 18 12 2 2 2 2 2 0 0 
52 52 51 51 51 51 51 51 51 51 51 51 51 50 50 50 50 50 50 50 50 50 50 50 50 50 50 50 50 50 50 50 50 50 50 50 50 43 13 12 8 1 1 1 1 0 0 0 0 0 
56 56 56 56 56 56 56 56 56 56 56 56 56 56 56 56 56 51 51 51 51 50 50 50 50 50 50 50 49 49 49 13 12 8 7 7 7 7 7 6 6 1 1 1 1 1 1 1 1 1 
87 51 51 51 51 51 51 51 51 51 51 51 51 51 51 51 51 51 51 51 51 51 51 51 51 50 50 50 50 50 50 50 14 1 1 1 1 1 1 1 1 1 1 1 1 1 1 0 0 0 
91 66 51 51 51 51 51 51 51 51 51 51 51 51 51 51 51 51 51 51 51 51 51 51 51 51 51 51 51 51 51 50 50 50 50 12 1 1 1 1 1 1 1 1 1 1 0 0 0 0 
92 66 52 52 52 52 52 52 52 52 52 52 52 52 52 52 52 52 52 52 52 52 52 52 52 52 52 52 52 52 52 52 52 52 50 50 16 15 6 2 2 2 2 2 2 2 2 2 0 0 
88 63 50 50 50 50 50 50 50 50 50 50 50 50 50 50 50 50 50 50 50 50 50 50 50 50 50 50 50 50 50 50 50 50 50 50 50 25 24 2 2 2 2 2 2 2 2 2 2 0 
91 66 51 51 51 51 51 51 51 51 51 51 51 51 51 51 51 51 51 51 51 51 51 51 51 51 51 51 51 51 51 51 51 50 33 29 27 10 10 2 2 2 2 2 2 2 2 1 1 1 
91 62 50 50 50 50 50 50 50 50 50 50 50 50 50 50 50 50 50 50 50 50 50 50 50 50 50 50 50 50 50 50 49 48 47 44 19 16 7 2 2 2 2 2 2 2 2 0 0 0 
88 67 50 50 50 50 50 50 50 50 50 50 50 50 50 50 50 50 50 50 50 50 50 50 50 50 50 50 50 50 50 10 9 7 1 1 1 1 1 1 1 1 1 1 1 1 1 1 1 0 
88 55 55 51 51 51 51 51 51 51 51 51 51 51 51 51 51 51 51 51 51 51 51 51 51 51 51 51 51 51 51 51 51 51 51 51 50 50 50 32 21 11 1 1 1 1 1 1 1 1 
92 66 65 51 51 51 51 51 51 51 51 51 51 51 51 51 51 51 51 51 51 51 51 51 51 51 51 51 50 50 40 30 18 15 2 2 2 2 2 2 2 2 2 2 1 1 1 1 1 1 
93 73 73 73 52 52 52 52 52 52 52 52 52 52 52 52 52 52 52 52 52 52 52 52 52 52 52 52 52 52 52 52 50 50 24 16 16 10 3 3 3 3 3 3 3 3 3 2 1 1 
89 63 63 63 63 51 51 51 51 51 51 51 51 51 51 51 51 51 51 51 51 51 51 51 51 51 51 51 51 51 51 51 51 51 51 51 51 50 50 50 8 4 1 1 1 1 1 1 0 0 
87 59 59 59 59 59 59 50 50 50 50 50 50 50 50 50 50 50 50 50 50 50 50 50 50 50 50 50 50 50 50 50 50 23 9 0 0 0 0 0 0 0 0 0 0 0 0 0 0 0 
85 70 69 69 69 69 69 69 69 69 69 69 66 54 51 51 51 51 51 51 51 51 51 51 51 51 51 51 51 51 51 51 51 51 51 38 35 21 19 12 1 1 1 1 1 1 1 1 1 1 
91 70 70 68 66 66 66 66 66 66 66 66 66 66 66 66 66 66 66 66 66 57 57 57 51 51 51 51 51 51 51 51 51 51 51 51 50 44 37 17 17 13 2 2 2 1 1 1 1 1 
91 73 71 71 68 67 67 67 67 67 67 67 67 67 67 67 63 63 62 59 51 51 51 51 51 51 51 51 51 51 51 51 50 50 26 24 21 17 17 17 17 12 12 10 1 1 1 1 1 1 
94 69 69 69 69 64 64 64 63 62 62 62 62 62 62 62 62 62 62 62 60 53 50 50 50 50 50 50 50 50 50 50 50 50 50 50 50 50 50 28 12 11 11 8 0 0 0 0 0 0 
86 71 70 70 70 70 70 70 70 70 70 70 70 69 69 69 68 68 68 68 68 68 68 68 68 61 58 51 51 51 50 50 50 50 45 36 19 19 19 18 12 1 1 1 1 1 1 1 0 0 
86 73 73 73 73 73 73 71 71 71 71 71 70 70 70 70 70 70 70 70 70 70 70 70 70 70 70 70 70 70 70 50 50 50 50 50 50 50 45 41 40 38 30 22 22 22 16 2 2 0 
89 75 75 75 75 75 75 75 75 75 70 70 68 68 68 68 68 68 68 68 66 66 66 65 51 51 51 51 51 51 50 50 50 50 50 50 50 38 38 37 30 28 20 16 1 1 1 1 0 0 
89 67 67 67 67 66 63 63 63 63 63 63 63 63 63 63 63 63 62 62 62 62 62 57 56 50 50 50 50 50 50 50 50 50 50 30 23 14 12 11 10 9 4 0 0 0 0 0 0 0 
93 71 71 71 71 71 67 67 66 66 66 66 66 66 66 66 66 64 64 64 63 63 62 61 51 51 51 51 51 51 50 50 50 34 22 21 20 17 17 17 17 17 17 15 13 2 2 2 2 1 
92 72 71 71 71 71 71 71 71 71 71 68 68 68 68 68 68 68 68 68 68 68 68 66 64 64 60 60 58 58 50 50 50 50 50 40 28 22 22 22 22 20 16 13 1 1 1 1 1 1 
91 74 74 74 74 74 74 74 74 74 74 74 74 74 74 73 72 72 70 70 64 60 60 51 51 51 51 42 41 27 26 23 22 22 22 22 22 22 22 21 17 16 11 11 2 1 1 1 0 0 
87 77 72 68 68 68 68 68 68 68 68 68 68 68 68 68 68 68 62 58 58 56 56 56 50 50 50 50 50 50 46 27 26 20 19 18 18 18 17 16 16 6 0 0 0 0 0 0 0 0 
89 77 71 71 71 71 71 71 71 71 71 71 71 71 71 69 65 65 60 53 51 51 51 51 51 51 51 51 50 50 50 43 33 32 30 30 30 24 18 15 10 4 4 4 4 4 4 3 3 3 
92 76 76 68 68 68 68 68 68 68 68 68 68 68 68 68 68 68 68 68 68 68 57 57 57 57 57 50 50 50 50 50 50 40 33 33 25 23 20 20 19 18 16 8 8 7 0 0 0 0 
86 76 76 68 68 68 68 68 68 68 68 68 68 68 68 68 68 68 68 68 68 68 68 68 68 68 68 68 68 62 59 59 55 50 50 50 50 50 46 46 38 22 21 16 13 11 11 6 1 1 
88 80 80 67 67 67 67 67 67 67 67 67 67 67 67 67 67 67 67 67 67 67 67 67 67 67 67 67 67 67 67 67 59 59 54 52 52 52 51 50 34 18 18 17 17 3 3 3 2 1 
91 79 79 79 73 72 72 72 72 72 72 72 72 72 72 72 72 72 72 72 72 65 59 59 59 58 50 50 50 50 50 50 50 50 35 23 23 22 22 21 18 11 9 5 0 0 0 0 0 0 
92 85 85 85 79 78 78 78 78 78 78 78 78 78 78 78 77 77 74 64 64 62 62 62 61 60 57 50 50 50 50 50 50 50 38 29 28 28 26 22 22 9 7 7 0 0 0 0 0 0 
89 78 78 78 78 67 67 67 67 67 67 67 67 67 67 67 67 67 67 67 67 65 60 60 60 60 59 59 57 52 52 52 52 50 50 50 36 35 24 24 16 14 14 10 7 2 2 2 0 0 
92 77 77 77 77 77 72 72 72 72 72 72 72 72 72 72 72 72 72 72 71 64 64 64 61 57 57 57 57 56 51 51 50 50 50 50 33 27 21 9 7 7 2 1 1 1 1 1 1 1 
93 79 79 79 79 79 79 74 70 70 70 70 70 70 70 70 70 69 69 66 66 62 62 61 61 51 50 50 50 50 50 50 47 40 35 35 23 21 20 20 19 12 12 1 1 1 1 1 1 0 
94 82 81 81 81 81 81 81 81 81 81 81 75 72 71 71 71 71 71 71 69 69 69 67 66 66 66 66 65 59 59 58 58 51 51 51 50 50 50 50 50 50 39 34 20 19 18 18 1 1 
89 79 79 79 78 78 78 78 78 78 78 78 78 78 78 78 78 78 78 78 76 71 70 67 67 67 67 65 65 65 65 64 64 58 57 57 51 51 47 45 39 36 32 28 25 25 3 2 2 1 
90 79 79 79 79 79 79 76 75 75 75 75 75 75 75 75 75 75 75 75 75 71 69 67 67 66 56 50 50 50 50 50 50 50 50 50 50 50 50 50 33 32 30 23 23 21 20 20 0 0 
89 79 78 78 78 78 78 78 78 76 76 76 76 76 76 76 76 76 76 72 72 69 68 68 68 61 58 56 51 51 51 51 51 51 51 50 50 50 50 46 42 42 41 35 35 31 13 2 2 1 
92 86 83 83 83 82 82 82 82 82 82 82 82 82 82 82 82 82 81 81 81 81 81 57 51 51 51 51 50 50 50 50 50 50 49 47 46 42 41 38 38 35 19 11 1 1 1 1 0 0 
93 91 84 84 84 84 84 84 84 84 84 84 84 84 84 84 84 84 84 82 75 59 53 53 52 50 50 50 50 50 50 50 50 50 50 50 50 50 46 46 44 43 43 42 32 21 10 9 3 0 
95 79 79 78 78 78 78 78 78 78 78 78 78 77 77 77 77 77 77 76 75 75 59 51 51 51 51 51 50 50 50 50 50 50 46 35 35 35 28 22 18 13 11 11 10 1 1 0 0 0 
91 81 81 77 77 77 77 77 77 77 77 77 77 77 77 77 77 77 77 77 77 77 77 77 77 72 57 51 51 51 51 51 51 51 50 50 50 47 27 21 14 5 2 2 2 2 2 2 1 1 
88 82 82 82 82 82 82 82 82 82 81 81 81 81 81 81 81 81 81 81 80 79 79 77 77 77 77 77 68 67 57 51 51 51 51 50 50 50 50 42 42 37 34 23 7 1 1 1 1 1 
92 81 81 81 81 81 81 81 81 81 81 81 81 81 81 81 81 80 77 77 66 58 57 57 51 51 51 51 51 51 51 51 50 50 50 50 50 50 50 50 50 50 40 38 16 8 1 1 1 0 
86 86 86 85 85 85 85 85 85 85 85 85 85 85 85 85 85 85 85 85 83 64 61 54 54 54 51 51 50 50 50 50 50 50 43 38 36 33 33 18 15 12 7 1 1 1 1 1 1 1 
