50 50 50 50 50 50 50 43 40 31 8 5 3 3 3 3 3 3 3 3 3 3 3 3 3 2 2 2 2 2 2 2 2 2 1 1 1 1 1 1 1 1 1 1 1 1 1 1 1 1 
51 51 51 50 50 50 50 50 50 50 50 50 50 50 50 50 40 40 38 37 15 12 9 9 6 2 2 2 2 2 2 2 2 2 2 2 2 1 1 1 1 1 1 1 1 1 1 1 1 1 
54 54 54 54 54 51 51 51 51 51 51 50 50 50 50 50 50 50 50 50 50 50 50 50 50 50 48 42 37 32 31 12 10 5 5 5 5 5 5 5 5 5 5 4 4 4 4 4 4 1 
60 56 52 52 52 52 52 52 52 51 51 51 51 51 51 51 51 51 51 51 50 50 50 46 36 34 31 14 9 3 3 3 3 3 3 3 3 2 2 2 2 2 2 2 2 1 1 1 1 1 
53 53 53 53 53 53 53 53 53 53 51 51 51 51 51 51 51 51 51 51 51 51 51 51 50 50 50 50 50 48 48 32 32 29 26 19 8 4 4 4 4 4 4 4 4 3 3 1 1 1 
50 50 50 50 50 50 50 50 50 50 50 50 50 50 50 50 50 50 50 50 50 50 50 50 50 50 50 50 50 50 33 29 9 9 9 8 3 0 0 0 0 0 0 0 0 0 0 0 0 0 
51 51 51 51 51 51 51 51 51 51 51 51 51 51 51 51 51 51 51 51 51 51 51 51 51 51 51 51 51 51 51 50 50 50 50 50 50 50 31 24 20 16 15 14 1 1 1 1 1 1 
50 50 50 50 50 50 50 50 50 50 50 50 50 50 50 50 50 50 50 50 50 50 50 50 50 50 50 50 50 50 50 50 50 50 50 50 50 50 50 21 11 9 0 0 0 0 0 0 0 0 
52 52 52 52 52 52 51 51 51 51 51 51 51 51 51 51 51 51 51 51 51 51 51 51 51 51 51 51 51 51 51 51 51 51 51 51 51 17 14 9 3 3 3 3 3 3 3 3 3 3 
51 51 51 51 51 51 51 51 51 51 51 51 51 51 51 51 51 51 51 51 51 51 50 50 50 50 50 50 50 50 50 50 50 17 12 5 1 1 1 1 1 1 1 1 1 1 1 1 1 1 
50 50 50 50 50 50 50 50 50 50 50 50 50 50 50 50 50 50 50 50 50 50 50 50 50 50 50 50 16 9 0 0 0 0 0 0 0 0 0 0 0 0 0 0 0 0 0 0 0 0 
51 51 51 51 51 51 51 51 51 51 51 51 51 51 51 51 51 51 51 51 51 51 51 51 51 51 51 51 51 50 50 50 47 34 11 8 1 1 1 1 1 1 1 1 1 1 1 1 0 0 
59 50 50 50 50 50 50 50 50 50 50 50 50 50 50 50 50 50 50 50 50 50 50 50 50 50 50 50 50 50 50 50 50 50 50 40 28 24 3 0 0 0 0 0 0 0 0 0 0 0 
59 59 50 50 50 50 50 50 50 50 50 50 50 50 50 50 50 50 50 50 50 50 50 50 50 50 50 50 50 50 50 50 50 50 50 50 50 50 50 50 50 50 14 12 1 1 1 1 1 1 
56 56 56 50 50 50 50 50 50 50 50 50 50 50 50 50 50 50 50 50 50 50 50 50 50 50 50 50 50 50 50 50 50 50 50 50 50 11 7 2 1 1 1 1 1 1 1 1 1 1 
62 62 62 62 62 52 52 52 52 52 52 52 52 52 52 52 52 52 52 52 52 52 52 52 52 52 52 52 52 52 52 52 52 52 50 50 50 50 50 50 30 29 27 21 9 3 3 3 3 3 
60 60 60 60 60 60 51 51 51 51 51 51 51 51 51 51 51 51 51 51 51 51 51 51 51 51 51 51 51 51 50 50 50 50 34 27 23 22 13 13 2 2 2 2 2 1 1 1 1 1 
60 60 60 60 60 60 60 60 60 60 60 60 60 50 50 50 50 50 50 50 50 50 50 50 50 50 50 50 50 50 50 50 50 50 50 50 50 50 50 50 50 15 6 5 5 1 1 1 1 1 
58 58 58 58 58 58 58 58 58 58 58 58 58 58 58 58 58 58 58 58 58 51 51 51 51 51 51 51 51 51 51 51 51 51 51 51 51 51 51 51 50 50 40 39 27 23 3 3 3 1 
61 61 61 61 61 61 61 61 61 61 61 61 61 61 61 61 61 61 60 60 50 50 50 50 50 50 50 50 50 50 50 35 35 35 20 19 17 17 17 13 11 11 10 6 5 2 0 0 0 0 
62 61 56 56 56 56 56 56 56 56 56 56 56 56 56 56 56 56 56 56 56 56 56 56 56 50 50 50 50 50 50 50 50 50 50 50 50 32 25 24 24 12 7 7 7 7 7 5 1 1 
61 61 61 61 60 55 55 55 55 55 55 55 55 55 55 55 55 55 55 55 55 55 55 55 55 55 55 55 51 50 50 50 50 50 50 50 50 22 22 22 12 9 6 6 6 6 5 1 1 1 
64 64 64 64 62 56 56 56 56 56 56 56 56 56 56 56 56 56 56 56 56 56 56 51 51 51 51 51 51 51 51 51 51 51 51 50 25 24 24 14 12 12 12 7 7 2 2 2 2 1 
67 67 67 67 67 67 67 67 66 66 64 61 60 60 60 60 60 60 60 60 60 60 60 60 60 60 60 60 60 57 50 50 50 50 50 50 50 50 50 44 37 36 36 35 20 19 17 13 13 3 
68 67 64 63 63 63 63 63 63 63 63 63 63 63 63 63 63 63 63 63 63 60 60 60 60 60 60 60 60 60 60 60 60 59 56 56 50 50 50 50 50 50 50 50 29 27 6 1 1 1 
75 65 65 64 61 60 60 60 60 60 60 60 60 60 60 60 60 60 60 60 59 58 58 58 58 58 56 56 56 56 56 56 56 56 56 56 56 56 56 50 50 39 35 32 16 11 10 7 7 6 
74 67 67 67 64 64 63 63 63 63 62 61 61 61 61 61 61 61 61 61 61 61 61 61 61 60 53 53 53 53 53 53 53 51 50 50 39 34 28 27 24 24 22 21 13 4 3 2 1 1 
75 72 63 63 63 63 62 62 62 62 62 62 60 60 60 60 60 60 60 60 60 60 60 56 56 56 56 56 51 51 51 51 51 51 50 50 33 26 18 18 14 14 13 10 10 8 8 1 1 0 
80 73 73 73 72 72 72 72 72 72 72 72 71 71 71 71 71 70 70 68 68 67 64 64 64 61 61 58 53 52 52 52 52 50 50 45 43 34 33 28 25 24 23 20 19 18 8 3 2 2 
77 77 72 69 69 69 65 65 65 65 65 65 65 65 65 65 65 65 65 64 64 64 61 61 61 61 60 57 55 55 50 50 37 37 35 35 33 33 33 32 31 20 18 17 10 10 0 0 0 0 
86 82 81 72 71 70 70 70 64 64 64 64 64 60 60 60 60 59 58 52 52 52 50 50 50 50 50 50 50 48 43 41 41 37 33 33 32 28 27 25 24 24 22 15 12 12 5 2 2 0 
84 83 80 79 79 79 79 78 78 78 76 74 72 72 72 72 72 70 70 68 68 57 55 55 54 54 54 54 54 54 54 53 50 50 50 50 47 44 42 40 33 27 19 18 18 12 8 4 4 0 
83 79 78 78 78 78 76 76 76 76 75 72 68 68 68 68 68 68 67 66 66 65 65 58 56 55 52 52 52 52 52 50 50 50 50 50 35 33 33 32 30 28 24 24 20 7 4 0 0 0 
83 79 79 79 79 79 79 78 78 77 76 73 73 72 71 71 71 68 66 66 66 61 53 53 53 52 50 50 50 50 50 50 48 44 44 43 42 38 31 26 26 25 23 20 19 14 14 14 3 3 
87 85 85 85 84 84 84 84 84 84 84 84 84 83 82 80 79 69 68 59 59 59 57 56 56 56 56 56 56 54 52 51 51 50 50 50 50 50 49 48 46 40 35 30 25 16 9 7 1 1 
89 89 88 88 88 88 88 88 86 86 86 86 86 86 84 84 81 69 69 66 64 61 61 61 60 60 60 60 59 59 59 59 59 58 55 52 51 50 50 50 48 48 45 43 39 30 18 13 13 10 
87 83 83 83 83 83 83 83 83 83 83 83 83 83 82 82 82 82 80 79 67 66 66 66 62 58 58 55 55 51 51 51 51 50 50 50 50 48 38 37 34 33 32 21 18 9 6 1 1 1 
83 83 83 83 82 82 82 80 80 80 80 80 80 80 80 80 80 80 80 80 80 80 79 79 70 65 61 55 54 53 52 51 51 47 47 43 42 38 37 37 36 36 32 17 14 9 8 4 4 4 
82 82 82 82 81 81 81 81 81 81 81 81 81 79 79 79 79 78 76 65 64 61 58 58 57 57 52 52 52 52 52 52 52 52 50 46 44 44 43 42 35 35 35 35 30 28 16 11 5 5 
85 81 81 81 81 81 80 80 80 80 80 80 80 80 80 80 80 80 78 77 76 71 71 71 59 52 51 51 50 50 44 42 41 40 38 36 35 35 31 30 30 29 29 29 22 20 13 9 5 1 
87 81 81 81 81 81 81 78 77 77 77 77 77 77 77 77 77 77 76 60 60 59 59 59 59 59 51 51 51 50 50 50 50 50 50 45 40 40 40 40 40 38 37 29 29 27 27 24 15 10 
83 81 81 81 81 81 81 81 81 81 81 81 80 80 80 80 80 77 77 68 65 63 63 53 51 51 51 51 50 50 50 50 48 48 40 37 36 34 34 28 28 18 14 14 13 1 1 1 1 1 
85 83 83 83 83 83 83 83 83 83 83 83 83 82 82 82 80 80 78 73 70 63 63 63 62 61 59 58 58 51 51 51 50 50 50 50 50 50 50 50 43 42 39 34 33 22 22 19 1 0 
85 85 83 83 83 83 83 83 83 83 83 83 83 83 83 83 83 83 83 83 83 81 79 78 64 63 62 60 58 57 52 52 52 52 51 51 51 50 50 50 50 49 47 43 41 40 14 3 3 2 
81 81 80 79 79 79 79 79 79 79 79 79 79 79 79 79 78 66 66 66 64 63 63 57 57 51 51 51 51 51 51 51 51 51 50 50 50 50 50 50 50 50 50 39 39 32 30 30 22 8 
83 83 83 83 83 82 82 82 82 82 82 82 82 82 82 82 82 80 77 71 60 59 54 53 53 50 50 50 50 50 50 50 50 50 50 50 50 48 47 43 42 38 28 22 16 13 10 9 5 0 
87 87 87 87 87 87 87 85 83 83 83 83 83 83 83 83 83 83 83 83 83 83 81 79 76 76 69 64 62 62 62 56 54 53 50 50 50 50 50 47 39 37 35 30 28 24 2 2 1 0 
74 74 74 74 74 74 74 74 74 72 72 72 72 72 72 72 72 70 70 70 57 56 56 56 56 55 53 51 51 51 51 51 50 50 48 47 38 32 31 30 28 26 26 17 16 14 8 5 5 4 
86 86 86 86 86 86 86 86 86 86 86 84 83 83 83 80 80 80 71 65 65 65 65 65 65 63 59 54 54 53 53 53 53 53 53 50 50 50 50 50 50 47 45 44 38 35 26 20 11 9 
89 89 89 89 89 89 89 89 89 89 89 86 86 86 86 86 86 86 86 86 86 79 72 68 67 63 63 63 61 61 59 59 56 51 51 51 51 50 50 48 48 48 47 42 24 17 17 16 10 1 
