0.5 0.15625 0.28125 0.6875 0.09375 0.53125 1.0 1.0 0.5625 0.28125 
0.875 0.15625 0.09375 1.0 1.0 0.0 1.0 0.0625 0.84375 0.125 
0.5625 0.875 0.84375 0.8125 0.875 0.15625 0.09375 1.0 1.0 0.0 
0.5625 0.53125 0.875 0.84375 0.8125 0.875 0.84375 0.65625 0.875 0.15625 
0.53125 0.5625 0.8125 0.875 0.84375 0.8125 0.875 0.84375 0.65625 0.875 
0.53125 0.53125 0.5625 0.875 0.84375 0.8125 0.875 0.84375 0.65625 0.875 
0.5 0.53125 0.53125 0.5625 0.875 0.84375 0.8125 0.875 0.84375 0.65625 
0.5 0.53125 0.53125 0.53125 0.53125 0.5625 0.5625 0.875 0.84375 0.8125 
0.5 0.53125 0.53125 0.53125 0.53125 0.5625 0.5625 0.875 0.84375 0.8125 
0.5 0.53125 0.53125 0.53125 0.53125 0.53125 0.53125 0.5625 0.875 0.84375 
0.5 0.53125 0.53125 0.53125 0.53125 0.5625 0.53125 0.53125 0.53125 0.53125 
0.5 0.53125 0.53125 0.53125 0.53125 0.53125 0.53125 0.53125 0.53125 0.53125 
0.5 0.53125 0.53125 0.53125 0.53125 0.5625 0.53125 0.53125 0.53125 0.53125 
0.5 0.5625 0.53125 0.53125 0.5 0.53125 0.53125 0.53125 0.53125 0.53125 
0.5 0.5 0.5625 0.53125 0.53125 0.53125 0.53125 0.53125 0.46875 0.46875 
0.5 0.5 0.5 0.5 0.46875 0.46875 0.53125 0.53125 0.53125 0.53125 
0.53125 0.5 0.5 0.5 0.5 0.5 0.46875 0.46875 0.53125 0.53125 
0.53125 0.5 0.5 0.5 0.5 0.5 0.46875 0.46875 0.53125 0.53125 
0.53125 0.5 0.5 0.5 0.5 0.5 0.5 0.46875 0.46875 0.53125 
0.53125 0.53125 0.53125 0.5 0.5 0.5 0.5 0.5 0.5 0.5 
0.53125 0.53125 0.53125 0.53125 0.53125 0.5625 0.5 0.5 0.5 0.5 
0.5625 0.5625 0.5625 0.53125 0.53125 0.53125 0.53125 0.53125 0.53125 0.53125 
0.53125 0.53125 0.53125 0.53125 0.53125 0.53125 0.53125 0.53125 0.53125 0.53125 
0.53125 0.53125 0.53125 0.53125 0.53125 0.53125 0.53125 0.53125 0.53125 0.53125 
0.53125 0.53125 0.53125 0.53125 0.53125 0.53125 0.53125 0.53125 0.53125 0.53125 
0.53125 0.53125 0.53125 0.53125 0.53125 0.53125 0.53125 0.53125 0.53125 0.53125 
0.53125 0.53125 0.53125 0.53125 0.53125 0.53125 0.53125 0.53125 0.53125 0.53125 
0.53125 0.53125 0.53125 0.53125 0.53125 0.53125 0.53125 0.53125 0.53125 0.53125 
0.53125 0.53125 0.53125 0.53125 0.53125 0.53125 0.53125 0.53125 0.53125 0.53125 
0.53125 0.53125 0.53125 0.53125 0.53125 0.53125 0.53125 0.53125 0.53125 0.53125 
0.53125 0.53125 0.53125 0.53125 0.53125 0.53125 0.53125 0.53125 0.53125 0.53125 
0.53125 0.53125 0.53125 0.53125 0.53125 0.53125 0.53125 0.53125 0.53125 0.53125 
0.53125 0.53125 0.53125 0.53125 0.53125 0.53125 0.53125 0.53125 0.53125 0.53125 
0.5625 0.5625 0.5625 0.53125 0.53125 0.53125 0.53125 0.53125 0.53125 0.53125 
0.5625 0.5625 0.5625 0.53125 0.53125 0.5625 0.53125 0.53125 0.53125 0.53125 
0.5625 0.5625 0.5625 0.53125 0.53125 0.5625 0.5625 0.53125 0.53125 0.53125 
0.5625 0.5625 0.5625 0.53125 0.53125 0.5625 0.5625 0.5625 0.5625 0.5625 
0.53125 0.53125 0.53125 0.5625 0.5625 0.5625 0.5625 0.5625 0.5625 0.5625 
0.53125 0.53125 0.53125 0.5625 0.5625 0.5625 0.5625 0.5625 0.5625 0.5625 
0.53125 0.53125 0.53125 0.5625 0.5625 0.5625 0.5625 0.5625 0.5625 0.5625 
0.53125 0.53125 0.53125 0.5625 0.5625 0.5625 0.5625 0.5625 0.5625 0.5625 
0.53125 0.53125 0.53125 0.5625 0.5625 0.5625 0.5625 0.5625 0.5625 0.5625 
0.53125 0.53125 0.53125 0.5625 0.5625 0.5625 0.5625 0.5625 0.5625 0.5625 
0.53125 0.53125 0.53125 0.53125 0.5625 0.5625 0.5625 0.5625 0.5625 0.5625 
0.5625 0.5625 0.5625 0.5625 0.5625 0.5625 0.5625 0.5625 0.59375 0.5625 
0.5625 0.5625 0.5625 0.5625 0.5625 0.5625 0.5625 0.5625 0.5625 0.5625 
0.5625 0.5625 0.5625 0.5625 0.5625 0.5625 0.5625 0.5625 0.5625 0.5625 
0.5625 0.5625 0.5625 0.5625 0.5625 0.5625 0.5625 0.5625 0.5625 0.5625 
0.5625 0.5625 0.5625 0.5625 0.5625 0.5625 0.5625 0.5625 0.5625 0.5625 
0.5625 0.5625 0.5625 0.5625 0.5625 0.5625 0.5625 0.5625 0.5625 0.5625 
