52 52 50 50 50 50 50 50 50 19 11 8 2 2 2 2 2 2 2 2 2 2 2 2 2 2 2 2 2 2 2 2 2 2 0 0 0 0 0 0 0 0 0 0 0 0 0 0 0 0 
50 50 50 50 50 50 50 50 50 50 50 50 50 50 50 50 50 50 39 24 22 19 17 12 11 1 0 0 0 0 0 0 0 0 0 0 0 0 0 0 0 0 0 0 0 0 0 0 0 0 
59 55 54 51 51 51 51 51 51 50 50 50 50 50 50 50 50 50 50 50 50 50 50 50 50 50 50 50 50 42 39 23 13 1 1 1 1 1 1 1 1 1 1 1 1 1 1 1 1 0 
58 58 56 55 50 50 50 50 50 50 50 50 50 50 50 50 50 50 50 50 50 50 50 50 50 50 50 50 41 39 38 37 37 30 9 8 5 5 0 0 0 0 0 0 0 0 0 0 0 0 
61 61 61 51 51 51 51 51 51 50 50 50 50 50 50 50 50 50 50 50 50 50 50 50 46 40 40 36 35 31 1 1 1 1 1 1 1 1 1 1 1 1 0 0 0 0 0 0 0 0 
85 58 58 58 58 58 58 58 52 52 52 52 52 52 52 52 52 52 52 52 52 52 52 52 52 52 50 50 50 50 50 50 47 43 40 8 4 4 4 4 4 4 4 2 2 2 2 2 2 2 
84 84 77 70 70 70 70 68 68 68 67 52 52 52 52 52 52 52 52 52 50 50 50 50 50 50 50 50 48 46 45 45 45 44 22 21 17 9 2 2 2 2 2 2 2 2 2 0 0 0 
79 79 77 77 61 61 61 61 61 61 61 61 61 61 59 59 59 59 51 51 51 51 51 51 51 51 51 51 51 51 46 43 43 39 39 34 32 31 30 26 10 7 7 5 2 2 2 2 2 1 
84 84 80 80 78 77 76 76 61 60 60 60 60 60 60 60 60 60 59 58 58 57 57 56 56 51 51 51 51 50 50 50 50 50 50 50 50 44 44 42 42 42 35 34 18 17 12 12 7 7 
75 74 74 74 70 70 67 67 67 67 67 59 58 56 55 55 55 54 54 54 54 54 52 52 52 52 52 52 50 50 50 50 50 50 50 48 42 40 39 37 33 23 22 20 14 11 2 2 2 2 
85 83 83 83 83 80 79 79 79 79 79 76 76 76 75 63 58 57 56 51 51 51 51 51 51 51 51 50 50 50 50 46 44 44 44 44 40 33 21 19 17 16 8 7 1 1 1 0 0 0 
86 86 86 86 86 85 84 84 82 82 82 82 81 81 80 80 79 51 51 51 51 51 50 50 50 50 50 50 50 50 50 50 49 47 44 32 29 20 17 11 11 10 10 8 7 1 1 1 1 0 
85 83 83 83 83 83 83 83 83 83 83 81 80 80 79 79 78 78 77 76 71 71 66 66 60 60 58 58 58 55 53 53 53 53 53 53 51 51 51 50 42 15 14 13 11 9 4 4 4 3 
83 80 80 80 80 80 80 80 80 80 80 80 80 80 80 80 80 77 77 69 69 69 69 64 61 61 61 61 61 61 61 57 57 57 57 51 51 50 50 45 44 42 42 42 39 31 19 7 1 1 
74 72 72 72 72 72 72 72 72 72 72 72 72 72 72 72 72 68 68 64 63 63 58 56 55 55 51 51 51 51 51 51 51 38 38 31 28 28 25 23 22 16 11 9 9 8 7 7 2 1 
76 76 76 76 76 76 76 76 76 76 76 76 76 76 76 76 76 76 76 76 76 72 72 63 63 60 57 55 52 52 52 52 50 50 50 42 42 41 38 34 32 31 30 26 19 16 12 2 2 2 
82 81 80 80 80 80 80 80 80 80 80 80 80 80 80 80 80 80 80 80 80 80 80 80 80 80 79 78 67 57 53 53 53 53 50 50 50 50 50 37 37 37 36 32 29 5 1 1 1 1 
86 85 83 83 83 83 83 83 83 83 83 83 83 83 83 83 83 83 83 83 83 83 83 83 82 79 79 72 68 67 67 62 62 61 61 53 53 53 53 53 50 37 35 33 33 18 12 12 10 3 
77 77 77 77 77 77 77 77 77 77 77 77 77 77 77 77 77 77 77 76 75 75 74 73 62 62 58 57 57 56 56 52 50 50 41 37 32 31 29 27 27 27 27 27 23 8 6 3 2 2 
81 81 80 80 80 80 80 80 80 80 80 80 80 80 80 80 80 80 80 80 80 80 78 73 72 72 72 69 59 51 51 51 51 51 51 51 51 51 51 51 50 50 36 32 31 26 11 9 9 2 
83 83 82 82 82 82 82 82 82 82 82 82 82 82 82 82 82 82 78 77 77 77 77 77 76 75 56 55 50 50 50 50 50 50 50 50 50 50 50 46 43 35 33 30 28 23 21 0 0 0 
88 88 88 88 88 88 87 85 85 85 85 85 85 85 85 85 85 85 85 85 85 85 85 84 82 80 80 70 70 70 59 53 51 51 51 51 51 50 50 50 40 39 38 37 30 13 10 1 1 1 
78 78 78 78 78 78 78 78 78 78 78 78 77 77 77 77 77 77 77 77 76 74 71 70 69 61 52 52 52 52 50 50 50 50 47 45 44 44 41 41 37 33 31 27 11 10 2 2 0 0 
89 89 89 89 87 87 87 87 87 87 87 87 87 87 87 87 85 85 85 85 85 80 57 56 56 56 56 51 51 51 51 51 51 51 49 43 42 40 40 27 25 18 9 7 7 5 4 2 2 2 
83 83 83 83 83 83 83 83 83 83 83 83 83 83 83 83 82 74 74 59 58 55 54 50 50 50 50 50 50 50 50 50 50 50 50 45 45 45 44 38 37 33 22 14 9 9 1 0 0 0 
84 84 84 84 84 84 84 84 84 84 84 84 84 78 59 59 58 58 56 53 53 53 50 50 50 50 50 50 50 50 50 50 50 50 50 47 44 44 39 36 26 23 20 16 11 11 8 7 3 3 
80 80 80 80 80 80 80 80 80 80 80 80 80 80 78 58 58 58 58 57 51 51 51 51 51 51 51 51 51 51 51 51 50 50 42 38 34 33 25 11 10 9 8 6 6 6 1 1 1 0 
80 80 80 80 80 80 80 80 80 80 80 80 80 80 80 80 80 76 61 55 55 55 54 54 53 51 51 51 51 51 51 50 50 44 42 42 36 34 34 15 12 12 12 8 5 1 1 1 1 1 
78 78 78 78 78 78 78 78 78 78 78 78 78 78 78 78 78 78 78 78 78 78 78 58 56 55 55 55 55 55 55 51 50 50 50 50 50 50 43 42 38 32 32 31 28 28 1 1 1 1 
83 83 83 83 83 83 83 83 83 83 83 83 83 83 83 83 83 83 82 82 81 81 72 72 72 61 60 56 56 52 52 52 52 52 52 52 52 52 50 42 42 41 22 20 20 11 11 9 9 2 
86 86 86 86 86 86 86 86 86 86 86 86 86 86 86 86 86 86 86 86 86 86 86 86 74 61 57 56 56 56 51 51 51 51 51 51 51 51 51 51 51 49 43 38 38 37 36 23 21 8 
81 79 79 79 79 79 79 79 79 79 79 79 79 79 79 79 79 79 79 79 79 79 73 73 72 56 53 52 52 51 51 51 51 51 51 50 50 41 41 39 35 35 35 34 33 33 26 12 5 2 
80 79 79 79 79 79 79 79 79 79 79 79 79 79 79 79 79 79 79 79 79 78 78 78 78 78 73 59 59 53 53 53 53 52 51 49 48 45 44 39 36 33 32 30 17 14 7 7 3 3 
81 80 80 80 80 79 79 79 79 79 79 79 79 79 79 78 78 78 62 62 61 61 57 56 50 50 49 47 42 37 35 34 33 33 29 29 28 28 28 26 24 19 17 15 13 10 10 8 7 6 
84 84 82 82 82 82 82 82 81 81 81 81 81 81 81 79 62 61 56 56 56 51 51 51 51 51 51 51 51 51 51 45 45 44 41 40 40 40 34 32 31 30 20 20 9 9 9 2 2 1 
85 85 85 82 82 82 82 82 82 82 82 82 82 82 82 82 82 82 82 62 60 60 60 60 60 60 57 57 57 50 50 50 50 50 47 46 39 38 38 36 29 14 14 12 12 12 11 7 1 1 
82 82 82 82 82 82 82 82 81 81 81 81 81 81 80 80 80 80 80 80 80 79 69 65 65 55 55 55 51 51 51 51 51 51 51 51 51 50 45 43 42 40 40 35 34 34 18 7 2 2 
85 82 82 82 82 82 82 82 82 82 82 82 82 82 82 82 82 82 82 81 81 81 80 79 64 63 63 59 58 58 58 58 58 58 51 51 51 51 47 46 42 41 12 10 10 9 8 8 1 1 
92 91 89 89 89 89 89 89 89 89 89 89 89 89 88 86 84 84 84 84 84 68 68 67 66 65 65 60 60 59 58 58 55 50 50 50 50 50 50 50 50 50 50 44 25 19 11 9 6 0 
89 87 86 86 86 86 86 86 86 86 86 86 86 86 86 86 86 86 86 86 86 86 86 85 83 82 82 80 64 61 60 60 60 56 55 55 54 51 51 50 50 50 50 50 50 50 46 41 25 16 
77 77 77 77 77 74 74 74 74 74 74 74 74 74 74 74 74 72 72 71 71 71 71 71 71 70 69 69 69 68 56 56 55 54 54 52 52 52 50 50 50 50 50 50 33 29 28 28 12 2 
85 85 84 84 84 84 84 84 84 84 84 84 84 84 84 84 84 84 84 84 84 84 84 84 84 84 84 84 83 83 79 72 71 59 59 59 57 57 56 50 50 48 48 41 41 40 39 31 20 11 
82 82 82 82 82 81 81 81 81 81 81 81 81 81 80 80 80 80 80 80 80 80 80 76 76 65 65 64 64 64 59 59 55 55 51 51 51 51 51 51 50 50 50 46 46 46 46 44 44 6 
89 89 89 87 87 87 87 87 87 87 87 87 87 87 87 87 87 87 85 62 58 58 58 58 58 54 54 52 52 52 52 52 52 52 50 50 48 48 48 48 47 46 45 41 24 16 8 2 2 2 
85 82 82 82 82 80 80 80 80 80 80 80 80 80 80 80 80 80 80 78 77 57 56 56 56 56 53 50 50 50 50 50 50 39 36 32 32 32 31 28 16 12 7 7 7 6 0 0 0 0 
89 89 89 89 89 88 88 88 88 88 88 88 88 88 88 88 88 88 88 88 63 61 61 57 57 56 51 51 51 51 51 51 51 51 50 50 50 46 46 46 44 43 43 42 41 35 27 12 8 2 
85 85 85 85 85 85 85 84 84 84 84 84 84 84 84 84 84 84 81 61 60 60 53 50 50 50 50 50 50 50 50 50 50 50 50 50 45 45 43 41 40 39 36 31 29 11 10 10 0 0 
82 82 82 82 81 81 81 81 81 80 80 80 80 79 79 79 79 79 79 78 78 78 70 68 68 63 62 57 56 52 52 52 52 52 52 52 51 51 50 50 50 47 45 42 9 3 3 3 3 1 
89 89 89 89 89 89 89 89 89 89 89 89 89 89 86 86 85 85 84 84 77 65 65 64 63 63 55 52 51 50 50 50 50 50 50 48 48 44 42 42 38 16 9 9 5 5 2 2 0 0 
81 81 81 81 81 81 81 81 81 80 80 80 80 80 80 76 76 75 75 74 74 73 73 70 70 65 60 60 58 58 51 51 51 50 50 50 50 50 39 39 39 39 29 16 9 9 9 8 6 1 
