% Ministry of Cellular Automata
% Project Deux (CS523 Spring 2015)
% Version:v0.1-66-g3e0f-dirty
%  pop:50
%  ic count:100
%  CA Log option:r2/run30
%  width:121
%  max workers:4
%  radius:2
%  iterations:300
%  generations:50

 generation 0.1.50.1.1.50.1.50.50.0.1.50.50.2.1.38.1.16.50.1.1.1.0.50.1.1.1.50.1.1.0.0.50.7.50.0.1.1.40.1.50.1.51.0.1.1.1.1.1.1.30.xover.mutate.done 50
 generation 1.52.50.50.50.50.50.50.50.50.50.2.50.0.50.50.7.14.2.2.37.0.2.2.28.0.2.32.20.2.9.52.35.10.2.2.50.52.50.0.0.0.50.2.2.52.50.17.2.2.61.xover.mutate.done 50
 generation 2.65.51.51.51.51.50.50.50.50.50.1.50.0.51.0.1.50.51.1.7.1.50.1.1.11.1.0.50.64.1.50.0.50.1.46.51.1.1.50.1.1.1.50.47.50.50.1.9.1.1.xover.mutate.done 50
 generation 3.65.67.51.51.51.51.51.51.51.50.51.1.51.1.1.0.1.1.50.1.1.1.1.1.51.1.51.0.50.1.50.50.50.1.0.1.50.1.51.50.54.50.1.50.50.51.51.50.1.1.xover.mutate.done 50
 generation 4.58.52.44.51.51.51.51.51.51.51.28.1.51.51.1.1.1.51.51.50.0.51.1.50.51.51.1.50.1.51.26.1.51.1.58.50.51.0.6.51.1.0.1.50.1.51.50.51.0.51.xover.mutate.done 50
 generation 5.58.58.56.50.50.50.50.50.50.50.50.1.0.1.50.50.0.50.0.50.1.1.50.50.1.0.50.50.50.50.50.0.50.1.50.1.22.1.0.50.1.1.0.19.50.50.50.64.0.50.xover.mutate.done 50
 generation 6.74.64.64.61.50.50.50.50.50.50.50.50.50.0.50.0.65.50.50.0.0.0.11.0.0.0.62.0.0.65.50.50.0.0.0.0.50.0.0.0.0.50.0.0.0.50.50.50.50.50.xover.mutate.done 50
 generation 7.77.68.68.70.70.59.56.50.50.50.1.1.50.1.0.0.50.1.50.50.50.0.0.1.0.1.0.33.1.50.1.1.50.1.20.0.1.0.0.50.50.50.0.0.1.1.1.1.50.1.xover.mutate.done 50
 generation 8.67.57.57.56.56.51.55.52.52.52.2.1.3.2.10.34.52.52.2.26.3.3.3.52.3.11.3.1.3.50.1.52.3.57.1.52.50.2.2.1.1.52.52.1.1.56.3.3.12.1.xover.mutate.done 50
 generation 9.76.70.70.70.68.68.68.70.50.50.1.70.45.1.6.50.50.0.50.1.1.4.0.50.1.0.1.0.25.1.0.1.0.50.6.1.1.68.50.50.0.71.50.50.50.1.0.0.1.0.xover.mutate.done 50
 generation 10.67.62.60.60.60.58.60.60.60.60.10.0.50.0.0.50.0.0.0.50.62.49.0.50.0.0.0.50.0.38.54.0.0.0.9.0.50.60.0.60.0.0.62.0.54.0.60.54.50.0.xover.mutate.done 50
 generation 11.70.62.62.62.62.62.62.62.64.64.19.62.50.57.1.1.64.1.64.62.50.0.1.1.1.62.64.64.1.50.1.1.10.54.50.64.62.0.46.56.1.1.50.62.8.57.1.62.0.0.xover.mutate.done 50
 generation 12.74.65.65.65.65.68.65.65.68.68.50.0.6.35.5.11.61.2.2.51.14.2.65.20.0.0.27.65.2.2.2.2.2.68.2.27.22.50.22.65.60.58.68.18.2.50.51.35.22.2.xover.mutate.done 50
 generation 13.74.71.63.63.54.63.68.68.68.68.0.0.0.23.53.74.29.0.0.67.29.68.23.0.23.60.50.0.16.0.67.0.50.38.0.11.29.36.0.63.67.0.0.29.0.0.10.60.34.0.xover.mutate.done 50
 generation 14.76.76.65.67.67.67.67.67.71.71.47.74.1.76.3.2.59.55.64.3.3.1.20.2.43.2.1.16.10.2.3.1.57.10.3.57.3.59.52.31.67.3.3.3.1.2.3.47.24.1.xover.mutate.done 50
 generation 15.65.65.65.65.62.62.55.55.55.55.83.2.1.2.1.61.1.20.2.1.2.1.58.23.49.61.8.44.2.9.51.2.54.2.16.2.65.15.55.56.1.2.1.43.8.1.1.2.1.19.xover.mutate.done 50
 generation 16.81.64.64.64.66.64.60.60.58.58.44.3.3.50.56.51.20.56.3.3.3.3.7.50.56.3.48.51.51.56.3.9.3.60.7.36.50.49.2.51.16.3.3.53.2.13.3.3.30.3.xover.mutate.done 50
 generation 17.81.67.69.69.69.69.65.65.64.64.55.0.18.60.0.64.0.59.4.0.0.0.59.0.0.50.0.0.0.58.0.14.0.47.0.0.0.62.65.0.50.28.34.6.0.0.55.69.59.59.xover.mutate.done 50
 generation 18.81.74.74.74.74.74.74.67.67.69.0.62.0.61.9.0.61.6.0.0.81.69.0.69.74.27.29.69.61.0.52.9.50.69.0.57.69.81.0.57.0.0.0.69.0.9.0.0.6.69.xover.mutate.done 50
 generation 19.84.84.84.65.65.65.65.65.70.65.65.3.3.61.8.54.60.9.50.51.84.3.8.59.16.54.59.8.58.2.70.79.21.53.3.84.61.3.61.65.3.65.67.19.70.14.2.44.17.55.xover.mutate.done 50
 generation 20.81.81.81.81.81.83.74.74.74.70.64.64.1.72.1.1.81.20.49.24.44.3.65.72.49.70.1.72.3.63.72.1.10.11.83.1.21.1.3.71.81.72.3.48.11.3.70.83.4.64.xover.mutate.done 50
 generation 21.80.80.80.82.82.82.82.82.82.82.2.65.2.44.71.65.65.2.71.35.15.2.65.48.2.6.65.6.2.71.6.78.37.2.6.7.71.2.82.65.6.46.6.37.65.0.82.37.82.82.xover.mutate.done 50
 generation 22.81.81.81.81.81.81.81.81.81.81.3.7.62.8.81.7.0.3.3.62.74.81.3.3.0.3.50.3.0.81.3.3.3.81.7.81.18.81.74.63.7.3.3.56.7.43.3.7.63.7.xover.mutate.done 50
 generation 23.80.80.80.80.80.80.80.80.80.80.64.0.5.75.0.17.0.64.74.0.74.68.0.5.64.0.0.43.62.0.0.0.0.74.5.5.0.80.0.5.0.46.80.62.0.0.5.80.5.80.xover.mutate.done 50
 generation 24.81.81.81.81.81.81.81.81.81.81.10.10.46.57.10.57.1.62.5.32.81.5.5.81.81.81.67.5.10.5.10.10.75.81.81.54.67.5.5.46.74.10.74.12.10.10.5.10.62.81.xover.mutate.done 50
 generation 25.75.75.75.75.75.75.75.75.75.75.51.55.75.2.2.75.47.75.75.6.5.71.4.3.75.37.3.1.75.3.44.1.3.75.5.28.3.75.3.44.44.44.75.3.14.75.5.71.75.59.xover.mutate.done 50
 generation 26.84.84.84.84.84.84.84.84.84.84.73.84.84.71.67.53.9.9.66.67.82.40.69.9.9.32.84.1.1.52.84.0.73.84.84.0.84.71.9.84.56.1.10.75.72.9.9.9.1.84.xover.mutate.done 50
 generation 27.80.80.80.80.80.80.80.80.80.80.1.80.1.80.1.1.23.7.1.80.57.29.1.4.80.7.80.63.7.63.1.1.80.1.68.7.63.7.7.1.4.7.80.1.0.1.80.11.56.7.xover.mutate.done 50
 generation 28.84.84.84.84.84.84.84.84.84.84.74.84.84.74.84.76.9.84.4.27.74.76.9.4.9.70.9.4.31.14.78.4.70.7.4.74.9.9.84.4.84.73.54.84.84.84.4.70.4.10.xover.mutate.done 50
 generation 29.86.86.86.86.86.86.86.86.86.86.1.1.86.1.66.82.7.1.86.7.7.66.57.62.66.86.86.75.6.86.86.86.48.86.29.86.69.86.1.86.1.7.29.86.79.72.75.69.1.10.xover.mutate.done 50
 generation 30.81.81.81.81.81.81.81.81.81.81.4.42.66.4.81.14.4.62.54.46.1.81.4.81.61.61.4.48.1.81.48.46.62.7.1.46.1.33.5.81.61.62.62.4.4.4.15.4.48.23.xover.mutate.done 50
 generation 31.83.83.83.83.83.83.83.83.83.83.56.5.83.83.0.0.64.83.82.44.4.83.0.0.4.4.0.83.0.38.55.62.64.0.62.0.69.83.0.83.43.4.83.83.60.82.64.4.25.64.xover.mutate.done 50
 generation 32.91.91.91.91.91.91.91.91.91.91.5.58.91.5.23.0.5.91.10.2.91.95.91.5.91.94.71.66.91.91.5.2.5.5.70.91.91.95.91.91.66.91.5.95.58.71.91.80.9.57.xover.mutate.done 50
 generation 33.86.86.86.86.83.83.83.83.83.83.83.83.83.83.11.83.53.57.72.7.26.49.1.1.11.8.57.83.86.86.7.72.57.69.20.49.83.7.83.7.0.64.0.1.1.1.7.76.59.1.xover.mutate.done 50
 generation 34.84.84.84.84.84.84.79.79.79.79.2.7.2.19.14.50.79.76.20.53.27.84.2.2.12.6.2.79.63.7.2.2.2.63.2.2.8.79.79.65.6.7.2.2.7.2.79.79.66.7.xover.mutate.done 50
 generation 35.89.89.89.89.89.89.89.84.84.84.65.72.2.3.3.76.11.3.3.77.40.70.84.77.84.89.3.3.3.3.2.89.55.88.2.81.3.3.88.11.3.11.3.56.89.3.84.81.2.3.xover.mutate.done 50
 generation 36.88.88.88.89.89.88.88.88.88.88.41.1.62.86.88.88.1.1.70.1.69.88.4.53.1.78.1.1.88.81.89.88.86.86.1.6.86.4.27.1.0.14.1.70.86.1.86.4.59.62.xover.mutate.done 50
 generation 37.89.89.89.89.89.89.89.89.89.89.1.68.89.1.54.51.5.6.1.1.1.89.6.0.62.1.1.62.71.1.89.1.67.1.1.89.1.82.19.63.59.1.23.1.52.1.62.1.60.23.xover.mutate.done 50
 generation 38.85.85.85.85.85.85.85.85.85.85.72.62.47.2.72.2.2.1.14.0.1.2.1.62.62.1.50.1.1.0.69.37.61.2.1.50.1.1.1.1.14.1.85.1.2.1.62.1.14.1.xover.mutate.done 50
 generation 39.86.86.86.85.85.85.85.85.85.85.64.73.8.8.2.9.8.2.2.2.22.22.2.2.57.1.35.2.22.9.38.54.8.56.1.2.8.64.2.2.2.66.73.9.28.64.9.2.85.2.xover.mutate.done 50
 generation 40.87.87.87.87.87.87.87.87.87.87.65.55.3.3.4.53.14.72.3.3.4.4.3.4.3.72.65.87.3.4.49.4.38.0.3.52.3.3.65.4.4.4.3.0.3.78.3.3.3.3.xover.mutate.done 50
 generation 41.86.86.86.86.86.86.86.86.86.86.1.1.79.52.3.54.55.46.1.1.1.3.1.1.55.1.1.3.69.80.1.1.3.74.69.66.4.1.86.30.67.69.1.3.1.3.67.3.3.60.xover.mutate.done 50
 generation 42.89.89.89.88.88.88.88.88.88.88.17.8.8.71.2.8.17.2.68.76.89.71.64.2.2.8.2.2.0.66.65.2.8.58.14.2.2.67.8.55.8.8.2.2.36.2.64.2.58.8.xover.mutate.done 50
 generation 43.85.85.85.85.86.86.86.86.86.86.3.3.7.86.3.2.86.54.60.20.2.7.7.7.64.86.73.52.1.64.7.86.86.7.3.7.64.7.74.7.3.2.59.7.86.7.2.86.7.71.xover.mutate.done 50
 generation 44.89.89.89.89.89.89.89.89.84.89.80.89.89.2.2.7.7.7.7.89.82.7.2.58.85.81.18.46.2.7.58.58.89.89.58.67.7.53.47.63.7.63.2.56.87.2.7.7.7.43.xover.mutate.done 50
 generation 45.85.85.85.85.85.85.85.85.85.85.0.3.0.3.70.0.85.0.60.85.3.13.0.80.3.60.38.66.0.5.60.3.3.3.65.3.38.85.4.0.0.85.38.0.0.3.3.3.3.0.xover.mutate.done 50
 generation 46.91.91.91.91.91.91.91.91.91.91.1.1.1.7.1.1.7.1.59.7.34.91.17.7.41.91.7.1.90.6.7.38.1.1.1.91.1.1.7.7.34.1.7.1.21.7.1.59.69.91.xover.mutate.done 50
 generation 47.83.83.83.83.83.83.83.83.83.83.33.2.83.83.10.83.2.70.2.9.69.2.2.83.9.9.73.2.9.83.9.83.2.2.83.2.2.63.39.2.70.83.2.2.9.10.2.2.2.46.xover.mutate.done 50
 generation 48.94.94.94.94.94.94.94.94.94.94.17.1.94.4.1.4.4.1.58.1.94.4.4.59.4.94.94.4.58.67.1.1.4.74.4.20.1.4.4.1.52.4.52.25.4.59.6.94.1.55.xover.mutate.done 50
 generation 49.82.82.82.82.82.82.82.82.82.82.9.4.6.82.5.2.6.2.82.58.2.2.14.1.5.4.82.6.2.82.4.82.48.48.2.82.64.32.2.4.4.58.9.2.1.9.19.2.4.11.xover.mutate.done 50
 68008397 iters     963747 iter/sec (70.57 s)
 total time: 70.57
