% Ministry of Cellular Automata
% Project Deux (CS523 Spring 2015)
% Version:v0.1-66-g3e0f-dirty
%  pop:50
%  ic count:100
%  CA Log option:r2/run32
%  width:121
%  max workers:4
%  radius:2
%  iterations:300
%  generations:50

 generation 0.1.1.50.1.2.40.3.50.2.50.2.1.31.1.50.1.2.1.3.3.2.1.3.50.3.1.1.1.1.5.2.1.2.50.8.1.3.3.1.3.3.2.3.50.1.3.3.3.43.2.xover.mutate.done 50
 generation 1.50.50.50.50.50.50.50.40.37.38.1.1.1.2.9.2.2.12.2.1.50.50.1.1.50.51.1.1.9.2.2.50.2.2.50.50.15.1.40.2.1.2.51.51.6.1.2.2.1.1.xover.mutate.done 50
 generation 2.54.51.54.50.50.50.50.50.50.50.5.12.54.32.37.42.50.10.5.50.51.4.50.50.5.4.50.1.5.5.51.5.54.50.51.48.50.5.4.54.5.5.31.4.51.4.5.50.4.51.xover.mutate.done 50
 generation 3.52.52.56.52.52.51.51.51.51.51.51.3.50.31.3.60.3.51.51.34.2.2.3.51.3.3.3.1.2.2.52.9.3.1.2.2.1.2.1.51.14.36.52.52.1.46.51.2.50.50.xover.mutate.done 50
 generation 4.48.51.51.51.51.51.51.51.51.53.32.53.53.4.1.53.53.4.1.51.1.51.50.3.32.48.29.50.50.4.4.51.51.4.51.8.19.50.53.4.53.4.3.51.4.53.53.50.26.53.xover.mutate.done 50
 generation 5.50.50.50.50.50.50.50.50.50.50.0.0.50.50.50.50.0.50.50.50.0.0.8.50.0.50.0.0.0.50.9.9.50.50.50.50.50.3.9.50.0.50.33.0.29.50.50.0.50.0.xover.mutate.done 50
 generation 6.51.51.51.51.51.51.51.51.51.51.50.51.50.51.50.31.20.50.1.14.15.50.51.1.51.51.51.50.51.50.51.51.51.24.51.1.1.51.16.1.51.51.51.1.51.51.51.51.51.51.xover.mutate.done 50
 generation 7.50.50.50.50.50.50.50.50.50.50.50.50.50.50.50.50.50.0.50.50.0.50.50.0.50.21.50.50.0.50.50.9.0.50.50.0.50.50.50.0.50.50.0.50.50.50.50.11.50.50.xover.mutate.done 50
 generation 8.51.51.51.51.51.51.51.51.51.51.51.3.51.51.51.51.3.52.3.51.51.52.17.51.51.51.52.51.3.51.52.51.3.51.51.52.9.52.14.3.51.51.3.3.51.51.51.3.3.51.xover.mutate.done 50
 generation 9.50.50.50.50.50.50.51.51.51.51.51.17.51.51.51.50.1.1.50.1.1.51.51.50.1.1.51.51.51.12.50.1.1.51.1.51.1.51.51.51.51.1.5.1.1.50.1.51.51.51.xover.mutate.done 50
 generation 10.50.50.50.50.50.50.50.50.50.50.0.16.50.0.0.0.9.0.50.0.0.0.0.50.50.0.50.50.50.0.50.50.0.0.0.50.50.50.50.0.50.50.0.50.50.0.50.0.0.0.xover.mutate.done 50
 generation 11.51.51.51.51.51.51.51.51.51.51.1.51.1.51.51.1.51.50.11.1.51.51.51.51.51.51.0.1.51.1.51.51.51.50.34.51.1.1.0.1.51.50.1.1.51.1.51.51.47.8.xover.mutate.done 50
 generation 12.50.50.50.50.50.50.50.50.50.50.0.50.0.50.0.50.50.50.3.50.50.0.40.50.50.50.0.50.28.50.50.0.50.0.50.50.0.0.50.50.50.24.50.0.59.50.50.50.50.0.xover.mutate.done 50
 generation 13.59.50.50.50.50.50.50.50.50.50.50.50.50.50.59.50.50.14.50.50.50.1.1.50.1.50.12.50.50.50.50.1.50.50.1.50.50.50.50.50.50.50.50.50.50.50.50.50.50.1.xover.mutate.done 50
 generation 14.56.56.50.50.50.50.50.50.50.50.50.50.1.50.1.56.50.50.2.1.1.50.50.1.50.50.1.50.50.50.1.50.1.50.50.50.50.50.1.50.50.50.1.50.50.7.50.11.50.50.xover.mutate.done 50
 generation 15.62.62.62.52.52.52.52.52.52.52.52.3.30.52.52.27.52.3.21.50.52.50.52.52.50.52.3.3.52.52.29.62.52.52.3.9.52.52.52.52.52.52.52.52.50.62.50.52.52.50.xover.mutate.done 50
 generation 16.60.60.60.60.60.51.51.51.51.51.1.51.2.1.2.23.1.51.2.51.51.51.51.27.51.1.50.51.2.60.51.51.50.51.1.34.2.50.51.22.51.51.51.51.13.51.13.51.50.51.xover.mutate.done 50
 generation 17.60.60.60.60.60.60.50.50.50.50.1.50.50.50.15.60.50.50.1.50.60.1.50.60.50.60.50.6.50.50.50.50.50.50.50.50.50.50.50.50.60.50.60.5.50.5.1.60.50.1.xover.mutate.done 50
 generation 18.58.58.58.58.58.58.58.58.58.58.51.58.50.58.1.27.58.58.51.51.3.39.58.51.58.51.51.58.40.50.51.51.51.58.51.3.3.58.58.51.51.58.51.23.51.51.51.51.51.51.xover.mutate.done 50
 generation 19.61.61.61.61.61.61.61.61.61.61.2.50.50.17.61.6.50.61.0.50.11.35.61.50.0.61.50.50.35.61.0.0.19.20.35.5.11.50.50.17.61.17.13.50.50.61.61.10.60.60.xover.mutate.done 50
 generation 20.56.56.56.56.56.56.56.56.56.56.5.56.56.7.25.50.50.56.56.12.56.50.24.56.7.56.56.1.61.50.50.24.50.7.50.50.50.50.1.56.56.7.56.32.62.50.7.56.50.56.xover.mutate.done 50
 generation 21.61.61.55.55.55.55.55.55.55.55.50.6.5.50.22.6.55.50.61.55.50.55.55.55.1.22.55.55.55.51.50.55.22.55.1.61.6.55.55.50.55.9.50.50.55.12.6.1.55.60.xover.mutate.done 50
 generation 22.64.62.64.64.64.56.56.56.56.56.51.56.51.56.25.24.51.56.56.2.7.56.51.56.2.2.51.56.12.12.14.56.2.51.56.1.51.51.56.7.51.56.51.56.12.50.56.24.51.51.xover.mutate.done 50
 generation 23.67.67.67.66.64.60.60.60.60.60.36.50.3.20.50.50.60.60.50.13.60.67.50.50.44.61.17.67.50.36.37.67.60.60.67.35.57.13.66.60.60.50.50.60.60.60.60.19.67.60.xover.mutate.done 50
 generation 24.63.63.63.63.63.63.63.63.63.63.60.60.29.63.60.63.60.63.50.63.1.68.50.59.63.63.50.1.50.63.50.67.60.56.56.60.60.63.27.1.6.50.60.50.60.60.50.60.60.64.xover.mutate.done 50
 generation 25.65.65.61.60.60.60.60.60.60.60.56.16.50.56.32.60.59.56.56.60.56.56.58.58.7.11.60.56.60.58.56.58.60.56.50.60.56.56.64.56.7.75.56.39.35.6.60.10.58.60.xover.mutate.done 50
 generation 26.74.67.67.64.63.61.61.61.61.61.53.50.64.50.61.13.60.4.53.61.3.61.67.63.53.53.27.61.21.1.24.53.61.61.62.1.28.24.22.51.53.63.63.39.2.53.34.61.61.61.xover.mutate.done 50
 generation 27.72.63.63.63.62.62.60.60.60.62.60.14.62.10.1.60.1.0.56.60.10.56.8.50.50.18.51.62.33.51.63.14.60.75.60.60.8.51.56.56.60.51.26.56.60.13.62.18.51.51.xover.mutate.done 50
 generation 28.73.73.72.72.72.72.71.71.70.71.52.50.61.3.64.52.72.50.67.43.52.71.53.2.45.23.68.18.64.58.28.34.80.72.2.72.19.8.24.68.20.33.70.71.52.72.61.73.64.25.xover.mutate.done 50
 generation 29.77.69.69.69.65.65.65.65.65.65.61.33.65.61.0.20.65.37.18.77.35.64.65.64.10.61.50.31.55.50.10.65.61.65.33.0.33.55.37.35.32.65.60.65.72.17.64.0.0.57.xover.mutate.done 50
 generation 30.81.82.71.70.70.70.64.64.64.64.41.33.43.52.12.33.50.24.12.2.52.2.32.50.52.48.60.50.59.50.28.5.72.64.60.60.15.50.27.37.58.25.22.50.60.24.50.41.86.0.xover.mutate.done 50
 generation 31.84.79.78.70.83.72.70.72.79.79.55.57.4.19.72.74.44.55.50.42.8.54.50.53.12.78.68.54.54.27.18.0.72.54.4.76.54.78.40.68.50.54.54.47.80.33.79.50.18.72.xover.mutate.done 50
 generation 32.83.76.67.79.68.68.68.78.78.78.52.4.55.20.75.35.0.0.76.24.50.68.66.58.76.52.50.76.68.50.72.68.7.0.50.50.65.52.56.33.33.78.65.24.52.32.28.66.30.52.xover.mutate.done 50
 generation 33.83.78.79.79.79.79.73.77.76.71.14.31.53.50.71.53.3.43.61.3.20.52.66.23.48.50.71.14.26.50.66.72.44.73.53.79.68.44.50.38.19.79.25.42.14.66.26.50.78.50.xover.mutate.done 50
 generation 34.87.84.84.84.85.85.85.84.79.82.9.68.50.56.59.56.59.56.84.57.84.7.83.1.69.84.35.1.50.50.84.46.50.40.54.56.51.30.25.84.49.51.48.56.56.59.50.80.16.52.xover.mutate.done 50
 generation 35.89.88.88.88.86.86.86.84.84.86.60.86.13.50.88.30.50.58.59.48.18.51.45.10.89.59.66.60.50.81.88.64.13.61.61.88.43.59.59.60.69.59.52.69.48.86.61.55.39.60.xover.mutate.done 50
 generation 36.87.83.83.83.83.83.83.83.82.82.83.1.66.82.34.55.50.32.66.83.1.51.58.80.1.38.58.50.67.9.83.6.33.51.83.48.66.21.62.50.82.18.83.51.51.79.83.55.50.37.xover.mutate.done 50
 generation 37.83.83.80.80.80.80.80.80.80.80.37.51.4.14.4.80.80.82.8.43.52.37.38.47.17.55.9.32.80.83.36.4.80.65.61.80.82.51.36.79.79.80.82.42.80.54.83.53.47.70.xover.mutate.done 50
 generation 38.82.82.82.82.79.79.78.81.81.81.81.52.52.81.81.43.79.52.81.42.58.52.5.57.81.52.28.52.11.65.35.46.44.52.35.61.50.35.44.5.81.76.58.30.35.57.64.79.16.52.xover.mutate.done 50
 generation 39.85.81.81.81.80.80.80.80.80.80.71.81.31.59.80.51.35.80.38.80.1.77.22.29.20.29.50.5.29.40.50.42.52.78.71.41.80.9.30.71.51.13.76.35.80.44.81.30.80.36.xover.mutate.done 50
 generation 40.87.81.81.81.81.81.77.77.77.77.77.50.51.77.78.59.59.29.50.40.40.59.40.45.77.10.81.77.59.24.50.40.40.77.27.60.37.59.50.15.50.29.38.60.50.51.77.51.76.27.xover.mutate.done 50
 generation 41.83.81.81.81.81.81.81.77.80.80.13.28.50.37.81.1.80.81.81.77.81.51.1.50.53.63.81.50.50.28.65.40.34.14.68.48.36.80.14.18.51.80.1.1.48.51.34.1.51.63.xover.mutate.done 50
 generation 42.85.83.83.83.83.83.83.83.83.83.82.83.19.50.61.80.1.22.0.51.59.43.78.51.73.70.22.58.50.34.39.80.50.50.50.33.50.83.63.83.50.58.82.51.63.62.82.50.63.42.xover.mutate.done 50
 generation 43.85.83.83.83.83.83.83.83.83.83.79.83.58.14.83.43.50.52.51.52.83.57.50.85.2.52.47.3.3.60.52.81.50.50.83.49.51.83.51.63.83.83.40.41.83.83.83.78.62.64.xover.mutate.done 50
 generation 44.81.81.79.79.79.79.79.79.79.80.50.79.8.50.32.63.79.79.79.50.39.51.66.51.50.30.66.51.57.63.39.79.51.51.50.66.78.51.50.64.30.50.79.51.50.50.51.22.57.51.xover.mutate.done 50
 generation 45.83.83.82.82.82.82.82.82.82.82.77.9.50.50.10.82.43.50.50.50.47.5.13.83.50.28.82.82.50.50.54.42.71.50.60.50.83.53.16.80.0.50.53.83.82.50.59.22.48.38.xover.mutate.done 50
 generation 46.87.87.87.87.87.85.83.83.83.83.83.83.83.83.62.2.87.35.0.2.56.81.30.24.76.69.54.50.83.50.1.37.79.62.87.39.53.64.76.83.83.83.83.62.50.47.50.28.83.50.xover.mutate.done 50
 generation 47.74.74.74.74.74.74.74.72.72.72.28.48.51.5.31.32.74.56.56.55.51.4.70.14.17.72.16.30.26.38.72.53.47.50.57.72.70.50.8.70.74.51.72.51.26.5.51.72.56.56.xover.mutate.done 50
 generation 48.86.86.86.86.86.86.86.86.86.83.47.80.50.38.45.86.26.50.54.50.65.53.65.71.50.35.20.63.83.50.83.86.80.65.9.53.11.44.65.54.53.53.80.50.53.59.65.84.65.53.xover.mutate.done 50
 generation 49.89.89.89.89.89.89.89.89.89.89.67.59.10.89.50.56.47.86.48.51.48.16.63.1.51.51.86.68.51.61.48.86.63.86.63.86.86.24.86.79.17.86.61.59.86.50.86.72.17.42.xover.mutate.done 50
 21282045 iters     884917 iter/sec (24.05 s)
 total time: 24.05
