% Ministry of Cellular Automata
% Project Deux (CS523 Spring 2015)
% Version:v0.1-66-g3e0f-dirty
%  pop:50
%  ic count:100
%  CA Log option:r2/run35
%  width:121
%  max workers:4
%  radius:2
%  iterations:300
%  generations:50

 generation 0.2.1.3.2.50.2.50.2.1.9.50.2.3.2.3.3.50.52.1.52.3.50.1.3.20.3.1.1.2.50.2.3.50.50.50.3.50.3.50.3.50.3.3.50.1.3.33.1.3.3.xover.mutate.done 50
 generation 1.50.50.50.50.50.50.50.50.50.50.1.47.0.1.50.8.50.50.1.50.50.1.50.50.0.9.1.45.50.1.50.50.0.21.50.50.0.1.8.1.51.1.1.0.51.1.0.0.1.51.xover.mutate.done 50
 generation 2.50.50.50.51.51.50.50.50.50.50.0.1.1.0.0.28.1.1.1.50.0.33.50.0.1.50.50.0.50.0.50.0.1.1.50.1.0.1.50.1.50.50.1.0.51.0.50.1.8.1.xover.mutate.done 50
 generation 3.50.50.50.51.51.51.50.50.50.50.50.43.0.50.1.1.1.51.50.7.39.1.50.1.0.51.24.1.50.2.50.0.1.51.0.1.1.50.0.0.1.1.50.1.1.0.1.51.51.1.xover.mutate.done 50
 generation 4.50.50.50.50.50.50.50.50.51.51.1.0.51.0.0.1.1.55.51.1.51.51.1.50.9.1.1.51.0.1.0.23.50.43.50.50.1.1.22.50.50.1.1.1.9.50.23.1.51.51.xover.mutate.done 50
 generation 5.56.50.50.50.50.50.50.50.50.50.0.50.50.50.0.0.50.0.50.19.0.50.50.50.0.0.50.50.50.50.50.7.10.0.0.0.0.0.50.50.50.7.0.0.50.19.0.50.0.50.xover.mutate.done 50
 generation 6.59.50.50.50.50.50.50.50.50.50.76.52.50.2.2.13.50.50.50.2.50.50.50.2.2.50.2.9.25.50.52.59.2.52.2.2.50.2.50.50.52.50.11.22.50.2.2.2.2.2.xover.mutate.done 50
 generation 7.76.60.60.52.52.52.52.50.50.50.52.2.50.50.2.50.50.50.2.50.50.52.50.50.50.0.50.2.52.50.2.50.50.50.22.2.52.50.50.50.2.2.50.2.52.50.2.2.50.52.xover.mutate.done 50
 generation 8.83.57.57.50.50.50.50.50.50.50.12.50.50.50.50.17.50.0.9.50.50.9.17.12.55.0.50.14.50.50.50.50.9.50.50.50.50.22.50.50.50.50.50.50.50.57.0.50.15.0.xover.mutate.done 50
 generation 9.72.57.57.57.55.51.51.51.51.51.6.51.51.51.2.51.2.15.2.22.2.2.51.58.7.29.1.9.51.2.7.2.2.51.9.50.9.51.9.2.51.51.15.50.50.1.51.51.57.2.xover.mutate.done 50
 generation 10.75.59.52.52.55.55.52.51.51.51.6.1.50.41.18.7.1.55.1.50.50.0.3.6.37.4.50.51.50.50.50.50.51.6.51.51.50.50.50.1.27.51.1.5.51.1.52.0.55.51.xover.mutate.done 50
 generation 11.76.60.57.57.57.57.58.58.57.58.52.51.44.50.13.10.57.50.3.12.2.57.50.52.62.51.51.50.50.3.51.52.57.51.21.51.9.26.58.58.51.51.3.46.3.10.51.57.50.52.xover.mutate.done 50
 generation 12.74.61.59.58.58.58.58.58.56.56.26.54.17.23.54.27.50.50.27.54.50.21.10.68.7.58.10.4.50.54.50.11.50.11.54.54.59.4.68.14.43.57.10.50.50.50.54.11.11.54.xover.mutate.done 50
 generation 13.74.68.68.60.60.55.56.56.56.56.6.50.7.12.50.6.59.6.25.56.0.50.63.0.8.50.70.58.53.3.60.50.9.3.50.53.53.50.6.19.0.65.8.12.50.8.7.3.50.56.xover.mutate.done 50
 generation 14.77.71.67.67.64.63.59.56.56.59.69.50.50.51.50.59.1.5.57.50.8.1.1.21.77.10.1.1.50.25.50.1.1.14.17.50.50.1.50.57.58.15.50.6.50.1.1.11.56.51.xover.mutate.done 50
 generation 15.78.78.74.73.72.72.71.66.60.60.60.51.50.6.51.50.6.51.2.21.12.51.72.51.6.51.8.6.60.6.51.36.60.2.56.50.51.2.2.16.6.2.51.51.51.36.51.55.15.2.xover.mutate.done 50
 generation 16.74.74.70.70.70.70.70.66.64.60.33.4.33.52.61.52.60.70.10.8.52.52.7.50.61.60.10.60.70.4.52.62.58.52.52.23.8.31.73.57.4.26.7.60.25.8.8.60.19.52.xover.mutate.done 50
 generation 17.75.75.68.68.67.65.65.65.67.67.23.24.6.6.65.5.59.17.45.59.65.5.8.19.59.20.1.65.9.59.50.75.59.59.5.1.8.45.1.14.8.5.56.15.1.66.59.59.59.56.xover.mutate.done 50
 generation 18.75.75.75.69.69.69.69.69.69.69.13.6.42.20.18.75.34.31.22.9.69.64.51.51.19.75.67.69.62.25.75.75.69.50.52.69.60.67.20.51.69.41.69.69.69.55.52.56.69.67.xover.mutate.done 50
 generation 19.71.71.71.71.71.71.71.63.63.65.65.1.20.51.51.65.65.51.51.51.43.56.6.65.63.63.51.50.44.65.56.9.71.50.65.26.56.21.51.16.51.51.71.65.12.16.65.65.18.50.xover.mutate.done 50
 generation 20.79.79.79.79.79.79.79.79.79.77.78.77.77.1.50.50.77.77.49.13.50.51.51.77.76.79.22.77.51.51.77.76.33.50.79.49.77.50.77.21.65.77.31.76.64.30.51.77.76.78.xover.mutate.done 50
 generation 21.72.72.72.72.72.72.72.72.72.72.61.9.72.50.50.72.70.69.20.1.69.69.72.50.19.69.50.51.9.51.75.70.22.50.69.51.72.71.72.51.66.68.70.68.69.56.50.51.71.69.xover.mutate.done 50
 generation 22.82.75.75.75.75.75.75.75.75.75.71.71.2.75.51.70.51.43.51.71.71.75.51.12.51.40.51.75.61.51.36.31.75.71.51.13.58.22.13.22.31.1.51.51.75.74.51.71.69.71.xover.mutate.done 50
 generation 23.78.74.74.74.74.74.74.74.74.74.51.73.73.51.51.51.51.73.51.73.62.51.51.51.2.50.51.2.37.74.51.51.74.74.2.78.74.22.74.74.26.74.2.26.50.74.70.36.50.2.xover.mutate.done 50
 generation 24.83.83.76.76.76.76.76.76.76.76.50.73.50.50.50.50.73.50.50.70.0.17.0.50.58.70.76.50.76.8.14.64.50.50.50.50.50.76.11.76.50.50.76.67.50.50.50.66.86.76.xover.mutate.done 50
 generation 25.83.81.81.78.78.78.78.78.78.78.70.78.78.52.78.52.42.52.50.78.72.52.28.52.52.2.50.52.78.52.52.52.78.71.52.78.76.6.2.78.2.78.78.57.57.50.52.85.52.52.xover.mutate.done 50
 generation 26.88.84.83.83.79.79.79.79.79.79.51.51.50.51.51.51.50.79.51.51.51.51.79.50.51.75.51.79.2.51.79.51.51.79.75.75.50.51.51.50.61.51.10.10.51.51.84.79.44.51.xover.mutate.done 50
 generation 27.84.83.83.82.82.80.80.80.80.80.84.80.8.50.51.50.50.80.50.50.1.75.50.43.50.81.50.50.50.50.75.41.50.50.1.50.80.51.51.50.51.74.61.84.50.80.50.61.1.7.xover.mutate.done 50
 generation 28.84.84.84.79.79.79.79.79.73.73.84.40.37.24.51.51.50.60.51.73.12.51.19.75.7.51.78.67.67.73.58.40.73.79.73.51.51.2.51.51.51.17.18.51.56.65.51.7.51.73.xover.mutate.done 50
 generation 29.86.86.86.86.82.82.80.80.79.80.41.82.41.7.52.35.52.7.82.45.72.86.52.50.24.42.82.56.59.25.79.52.52.52.86.41.52.62.72.48.50.75.4.45.24.80.75.37.52.79.xover.mutate.done 50
 generation 30.83.83.83.83.83.83.83.83.83.83.53.10.83.3.0.83.5.53.83.83.53.81.78.3.53.83.81.83.41.36.3.73.50.53.11.71.81.53.53.81.83.61.83.3.50.81.35.11.57.40.xover.mutate.done 50
 generation 31.82.82.82.82.82.82.78.78.78.78.82.2.35.82.62.51.44.82.37.51.51.51.71.51.51.7.44.51.15.82.78.19.74.51.29.82.2.51.30.42.50.51.62.78.74.82.16.78.51.51.xover.mutate.done 50
 generation 32.83.83.83.83.81.83.83.83.83.83.44.83.58.73.81.83.58.81.50.59.8.81.23.83.72.83.10.59.36.8.23.9.83.80.83.83.53.79.83.81.36.54.54.9.27.50.50.80.50.50.xover.mutate.done 50
 generation 33.84.84.84.84.84.84.84.84.84.84.84.76.49.85.75.59.50.84.84.1.59.84.59.84.45.50.84.59.62.71.61.54.84.51.50.49.59.50.51.51.76.40.78.84.84.84.54.1.26.9.xover.mutate.done 50
 generation 34.78.80.80.80.80.80.80.80.80.80.78.80.50.5.1.76.1.19.1.50.61.60.54.35.80.74.80.0.34.34.11.1.80.58.11.25.80.80.80.33.74.54.17.74.35.50.47.51.1.35.xover.mutate.done 50
 generation 35.85.85.85.85.85.85.85.85.85.85.45.9.6.81.51.50.50.1.50.55.9.18.77.21.58.85.17.16.6.51.58.1.83.39.50.58.85.51.85.36.59.1.51.85.50.58.42.1.58.6.xover.mutate.done 50
 generation 36.84.84.84.84.84.84.84.84.84.84.0.50.50.10.55.84.50.60.50.61.0.12.50.78.55.50.50.50.0.0.5.84.78.78.61.84.10.11.61.60.12.78.75.50.78.50.50.0.0.84.xover.mutate.done 50
 generation 37.84.84.84.84.84.84.84.84.84.84.83.84.65.16.78.84.83.84.52.7.65.52.66.52.16.2.84.56.52.50.22.52.81.82.84.2.22.83.84.50.84.84.50.17.65.6.29.50.16.66.xover.mutate.done 50
 generation 38.83.83.83.83.83.83.83.83.83.83.55.80.40.81.60.51.80.58.32.60.1.80.50.44.78.14.60.80.18.79.60.57.83.76.83.50.83.1.72.60.0.50.12.60.72.12.11.51.81.59.xover.mutate.done 50
 generation 39.80.80.80.80.80.80.80.80.80.80.55.17.80.50.62.80.52.80.3.34.57.33.57.80.77.80.52.1.55.19.5.6.2.80.34.55.47.59.50.6.80.50.29.80.80.33.19.33.80.59.xover.mutate.done 50
 generation 40.87.87.87.87.87.87.87.87.87.87.50.50.86.34.20.58.50.51.50.82.54.87.44.50.86.59.50.87.50.50.87.87.10.59.50.50.82.64.45.87.51.13.87.86.50.50.87.45.7.10.xover.mutate.done 50
 generation 41.85.85.85.85.85.85.85.85.85.85.85.50.58.22.50.85.50.0.49.85.39.29.85.85.10.50.0.29.50.50.82.50.38.34.55.50.50.60.3.10.50.85.50.50.50.43.85.0.84.50.xover.mutate.done 50
 generation 42.83.83.83.83.83.83.83.83.83.83.55.81.55.50.83.55.39.51.83.71.55.83.54.83.83.59.58.42.50.6.50.25.50.59.51.51.51.50.51.50.83.37.83.40.55.83.81.58.83.81.xover.mutate.done 50
 generation 43.90.90.90.90.90.90.90.90.90.90.90.90.90.46.19.50.69.90.90.90.90.52.90.90.42.59.60.90.59.90.60.51.50.45.90.52.90.3.46.84.50.52.59.11.90.45.10.57.60.52.xover.mutate.done 50
 generation 44.84.84.84.84.84.84.84.84.84.84.56.84.19.50.84.19.50.7.46.51.84.50.1.84.71.50.40.76.11.51.18.56.40.56.51.71.84.50.56.56.0.84.54.39.1.84.84.56.56.84.xover.mutate.done 50
 generation 45.83.83.83.83.83.83.83.83.83.83.50.83.83.36.51.59.50.36.83.51.18.32.83.5.59.51.83.66.83.82.83.66.82.50.78.59.50.18.65.54.51.51.82.51.82.21.83.59.1.83.xover.mutate.done 50
 generation 46.79.79.79.79.79.79.79.79.79.79.67.50.17.79.50.50.79.67.67.50.50.79.51.5.50.55.79.55.50.56.67.32.8.54.79.50.50.51.50.79.75.75.51.79.50.1.1.50.20.79.xover.mutate.done 50
 generation 47.84.84.84.84.84.84.84.84.84.84.0.50.53.84.50.50.52.84.84.54.0.80.84.84.54.53.84.50.84.3.84.50.84.80.50.84.84.84.0.84.50.12.50.0.84.61.84.84.53.83.xover.mutate.done 50
 generation 48.84.84.84.84.84.84.84.84.84.84.57.81.9.10.8.13.84.10.52.52.84.84.84.57.40.52.57.52.4.52.52.52.57.84.9.83.84.52.83.38.84.84.52.83.57.44.40.52.35.50.xover.mutate.done 50
 generation 49.86.86.86.86.86.86.86.86.86.86.51.2.51.59.52.58.86.61.11.86.3.3.86.51.42.52.86.40.3.61.86.17.52.77.50.86.86.50.86.10.86.41.63.86.3.86.86.51.51.59.xover.mutate.done 50
 23254089 iters     881228 iter/sec (26.39 s)
 total time: 26.39
