0.75 0.25 0.03125 0.125 0.375 0.0 0.96875 0.03125 0.46875 0.25 
0.75 0.03125 0.125 0.0 0.96875 0.03125 0.09375 0.0625 1.0 0.8125 
0.25 0.125 0.65625 0.03125 0.125 0.0 0.96875 0.03125 0.09375 0.0625 
0.25 0.125 0.65625 0.03125 0.125 0.0 0.96875 0.03125 0.09375 0.0625 
0.25 0.125 0.65625 0.03125 0.125 0.0 0.96875 0.03125 0.09375 0.0625 
0.25 0.125 0.65625 0.15625 0.34375 0.15625 0.1875 0.15625 0.84375 0.1875 
0.25 0.125 0.65625 0.15625 0.34375 0.15625 0.1875 0.15625 0.84375 0.1875 
0.25 0.125 0.15625 0.34375 0.15625 0.1875 0.15625 0.1875 0.25 0.21875 
0.25 0.125 0.15625 0.34375 0.15625 0.1875 0.15625 0.1875 0.25 0.21875 
0.25 0.125 0.15625 0.34375 0.15625 0.1875 0.15625 0.1875 0.25 0.21875 
0.25 0.125 0.15625 0.34375 0.15625 0.1875 0.15625 0.1875 0.25 0.21875 
0.25 0.125 0.15625 0.34375 0.15625 0.1875 0.15625 0.1875 0.25 0.21875 
0.25 0.125 0.15625 0.34375 0.15625 0.1875 0.15625 0.1875 0.25 0.21875 
0.375 0.25 0.125 0.15625 0.34375 0.15625 0.1875 0.15625 0.1875 0.25 
0.375 0.25 0.125 0.15625 0.34375 0.15625 0.1875 0.15625 0.1875 0.25 
0.375 0.375 0.25 0.125 0.15625 0.34375 0.15625 0.1875 0.15625 0.1875 
0.375 0.375 0.25 0.125 0.15625 0.34375 0.15625 0.1875 0.15625 0.1875 
0.375 0.375 0.375 0.25 0.125 0.15625 0.34375 0.15625 0.1875 0.15625 
0.375 0.375 0.375 0.3125 0.375 0.25 0.125 0.15625 0.34375 0.15625 
0.375 0.375 0.375 0.3125 0.375 0.3125 0.375 0.34375 0.34375 0.375 
0.375 0.375 0.375 0.375 0.3125 0.375 0.3125 0.375 0.34375 0.34375 
0.375 0.40625 0.375 0.375 0.375 0.3125 0.375 0.3125 0.375 0.34375 
0.375 0.4375 0.40625 0.375 0.375 0.375 0.3125 0.375 0.3125 0.375 
0.46875 0.375 0.34375 0.40625 0.34375 0.34375 0.34375 0.4375 0.40625 0.375 
0.4375 0.46875 0.375 0.34375 0.40625 0.34375 0.34375 0.34375 0.375 0.375 
0.4375 0.4375 0.46875 0.375 0.34375 0.40625 0.34375 0.34375 0.34375 0.375 
0.4375 0.4375 0.4375 0.46875 0.375 0.34375 0.40625 0.34375 0.34375 0.34375 
0.4375 0.4375 0.4375 0.46875 0.375 0.34375 0.40625 0.34375 0.34375 0.34375 
0.4375 0.4375 0.46875 0.4375 0.4375 0.46875 0.375 0.34375 0.40625 0.34375 
0.4375 0.4375 0.375 0.46875 0.4375 0.4375 0.46875 0.375 0.34375 0.40625 
0.53125 0.46875 0.4375 0.4375 0.375 0.40625 0.4375 0.4375 0.4375 0.4375 
0.46875 0.4375 0.4375 0.375 0.40625 0.4375 0.4375 0.4375 0.40625 0.375 
0.46875 0.46875 0.4375 0.4375 0.375 0.40625 0.46875 0.40625 0.4375 0.4375 
0.46875 0.46875 0.46875 0.46875 0.40625 0.4375 0.40625 0.4375 0.40625 0.375 
0.46875 0.46875 0.46875 0.46875 0.40625 0.4375 0.40625 0.4375 0.40625 0.375 
0.46875 0.46875 0.46875 0.46875 0.40625 0.40625 0.4375 0.4375 0.4375 0.40625 
0.46875 0.46875 0.46875 0.46875 0.46875 0.46875 0.4375 0.4375 0.4375 0.40625 
0.4375 0.4375 0.46875 0.46875 0.46875 0.46875 0.46875 0.46875 0.46875 0.4375 
0.46875 0.4375 0.4375 0.4375 0.4375 0.4375 0.46875 0.46875 0.46875 0.46875 
0.40625 0.46875 0.4375 0.4375 0.4375 0.4375 0.4375 0.46875 0.4375 0.4375 
0.40625 0.46875 0.46875 0.4375 0.4375 0.4375 0.4375 0.4375 0.4375 0.4375 
0.40625 0.40625 0.46875 0.46875 0.46875 0.46875 0.46875 0.46875 0.46875 0.46875 
0.40625 0.40625 0.46875 0.46875 0.46875 0.46875 0.46875 0.46875 0.46875 0.46875 
0.40625 0.40625 0.46875 0.46875 0.46875 0.46875 0.4375 0.46875 0.46875 0.46875 
0.40625 0.40625 0.4375 0.40625 0.40625 0.46875 0.4375 0.46875 0.46875 0.46875 
0.40625 0.40625 0.40625 0.40625 0.4375 0.46875 0.4375 0.4375 0.46875 0.46875 
0.40625 0.40625 0.40625 0.40625 0.4375 0.4375 0.4375 0.4375 0.46875 0.46875 
0.40625 0.40625 0.40625 0.40625 0.46875 0.46875 0.46875 0.4375 0.4375 0.4375 
0.40625 0.40625 0.40625 0.40625 0.40625 0.4375 0.4375 0.4375 0.46875 0.4375 
0.40625 0.40625 0.40625 0.40625 0.40625 0.40625 0.40625 0.40625 0.40625 0.40625 
