51 50 50 50 50 50 50 50 50 50 50 50 50 40 38 30 16 7 2 1 1 1 1 1 1 1 1 1 1 1 1 1 1 1 1 1 1 1 1 1 1 1 1 1 0 0 0 0 0 0 
61 52 52 52 52 50 50 50 50 50 50 50 50 50 50 50 50 50 50 50 50 37 35 32 28 20 17 14 10 9 7 2 2 2 2 2 2 2 2 2 2 2 2 2 0 0 0 0 0 0 
65 64 51 51 51 51 51 51 51 50 50 50 50 50 50 50 50 50 50 50 50 50 50 50 47 46 11 9 7 1 1 1 1 1 1 1 1 1 1 1 1 1 1 1 1 1 0 0 0 0 
67 65 54 51 51 51 51 51 51 51 51 51 51 51 51 51 51 50 50 50 50 50 50 50 50 50 50 50 50 1 1 1 1 1 1 1 1 1 1 1 1 1 1 1 1 1 1 0 0 0 
58 58 52 51 51 51 51 51 51 51 51 51 51 51 51 51 51 51 51 51 51 51 51 51 50 50 50 50 50 50 44 28 26 6 1 1 1 1 1 1 1 1 1 1 1 1 0 0 0 0 
64 58 58 56 50 50 50 50 50 50 50 50 50 50 50 50 50 50 50 50 50 50 50 50 50 50 50 50 50 50 22 19 1 1 1 1 1 1 1 1 1 1 0 0 0 0 0 0 0 0 
74 65 65 64 64 62 61 50 50 50 50 50 50 50 50 50 50 50 50 50 50 50 50 50 50 50 50 50 11 0 0 0 0 0 0 0 0 0 0 0 0 0 0 0 0 0 0 0 0 0 
77 70 70 68 68 59 56 50 50 50 50 50 50 50 50 50 50 50 50 50 50 33 20 1 1 1 1 1 1 1 1 1 1 1 1 1 1 1 1 0 0 0 0 0 0 0 0 0 0 0 
67 57 57 57 56 56 56 55 52 52 52 52 52 52 52 52 52 52 51 50 50 34 26 12 11 10 3 3 3 3 3 3 3 3 3 3 2 2 2 2 2 1 1 1 1 1 1 1 1 1 
76 71 70 70 70 70 70 68 68 68 68 50 50 50 50 50 50 50 50 50 50 50 50 45 25 6 6 4 1 1 1 1 1 1 1 1 1 1 1 1 0 0 0 0 0 0 0 0 0 0 
67 62 62 62 60 60 60 60 60 60 60 60 60 60 58 54 54 54 50 50 50 50 50 50 50 49 38 10 9 0 0 0 0 0 0 0 0 0 0 0 0 0 0 0 0 0 0 0 0 0 
70 64 64 64 64 64 64 64 62 62 62 62 62 62 62 62 62 62 62 62 62 57 57 56 54 50 50 50 50 50 46 19 10 8 1 1 1 1 1 1 1 1 1 1 1 1 0 0 0 0 
74 68 68 68 68 68 65 65 65 65 65 65 65 65 65 61 60 58 51 51 50 50 50 35 35 27 27 22 22 22 20 18 14 11 6 5 2 2 2 2 2 2 2 2 2 2 2 0 0 0 
74 74 71 68 68 68 68 68 67 67 67 63 63 63 63 60 60 54 53 50 50 38 36 34 29 29 29 29 23 23 23 16 11 10 0 0 0 0 0 0 0 0 0 0 0 0 0 0 0 0 
76 76 76 74 71 71 67 67 67 67 67 67 65 64 59 59 57 57 55 52 47 47 43 31 24 20 16 10 10 3 3 3 3 3 3 3 3 3 3 2 2 2 2 2 1 1 1 1 1 1 
83 65 65 65 65 65 62 62 61 61 58 56 55 55 55 55 55 54 51 49 44 43 23 20 19 16 15 9 8 8 2 2 2 2 2 2 2 2 2 2 1 1 1 1 1 1 1 1 1 1 
81 66 64 64 64 64 60 60 60 58 58 56 56 56 56 53 51 51 51 51 50 50 50 49 48 44 36 30 20 16 13 9 7 7 3 3 3 3 3 3 3 3 3 3 3 3 3 3 2 2 
81 69 69 69 69 69 67 65 65 65 64 64 64 62 60 59 59 59 59 58 55 55 50 50 47 34 28 18 14 6 4 0 0 0 0 0 0 0 0 0 0 0 0 0 0 0 0 0 0 0 
81 81 81 74 74 74 74 74 74 74 69 69 69 69 69 69 69 69 67 67 62 61 61 61 57 57 52 50 29 27 9 9 9 6 6 0 0 0 0 0 0 0 0 0 0 0 0 0 0 0 
84 84 84 84 84 79 70 70 70 67 65 65 65 65 65 65 65 65 65 61 61 61 60 59 59 58 55 54 54 53 51 50 44 21 19 17 16 14 9 8 8 8 3 3 3 3 3 3 2 2 
83 83 83 81 81 81 81 81 81 81 74 74 74 72 72 72 72 72 71 70 70 70 65 64 64 64 63 49 49 48 44 24 21 20 11 11 10 4 3 3 3 3 3 1 1 1 1 1 1 1 
82 82 82 82 82 82 82 82 82 82 82 80 80 80 78 71 71 71 71 65 65 65 65 65 65 65 48 46 44 37 37 37 35 15 7 6 6 6 6 6 6 2 2 2 2 2 2 2 2 0 
81 81 81 81 81 81 81 81 81 81 81 81 81 81 81 81 74 74 63 63 62 62 56 50 43 18 8 7 7 7 7 7 7 7 3 3 3 3 3 3 3 3 3 3 3 3 3 0 0 0 
80 80 80 80 80 80 80 80 80 80 80 80 80 80 75 74 74 74 68 64 64 64 62 62 46 43 17 5 5 5 5 5 5 5 0 0 0 0 0 0 0 0 0 0 0 0 0 0 0 0 
81 81 81 81 81 81 81 81 81 81 81 81 81 81 81 81 81 75 74 74 67 67 62 62 57 57 54 46 46 32 12 10 10 10 10 10 10 10 10 10 10 5 5 5 5 5 5 5 5 1 
75 75 75 75 75 75 75 75 75 75 75 75 75 75 75 75 75 75 75 75 75 71 71 59 55 51 47 44 44 44 44 37 28 14 6 5 5 5 4 3 3 3 3 3 3 3 2 2 1 1 
84 84 84 84 84 84 84 84 84 84 84 84 84 84 84 84 84 84 84 82 75 73 73 72 71 71 69 67 67 66 56 53 52 40 32 10 9 9 9 9 9 9 9 9 1 1 1 1 0 0 
80 80 80 80 80 80 80 80 80 80 80 80 80 80 80 80 80 80 68 63 63 63 57 56 29 23 11 7 7 7 7 7 7 7 7 4 4 1 1 1 1 1 1 1 1 1 1 1 1 0 
84 84 84 84 84 84 84 84 84 84 84 84 84 84 84 84 84 84 84 78 76 76 74 74 74 74 73 70 70 70 54 31 27 14 10 9 9 9 9 9 9 7 4 4 4 4 4 4 4 4 
86 86 86 86 86 86 86 86 86 86 86 86 86 86 86 86 86 86 86 86 86 86 82 79 75 75 72 69 69 66 66 66 62 57 48 29 29 10 7 7 7 7 6 1 1 1 1 1 1 1 
81 81 81 81 81 81 81 81 81 81 81 81 81 81 81 66 62 62 62 62 61 61 61 54 48 48 48 46 46 46 42 33 23 15 14 7 5 4 4 4 4 4 4 4 4 4 1 1 1 1 
83 83 83 83 83 83 83 83 83 83 83 83 83 83 83 83 83 83 83 82 82 69 64 64 64 64 62 62 60 56 55 44 43 38 25 5 4 4 4 4 4 0 0 0 0 0 0 0 0 0 
95 95 95 94 91 91 91 91 91 91 91 91 91 91 91 91 91 91 91 91 91 91 91 91 91 91 91 80 71 71 70 66 66 58 58 57 23 10 9 5 5 5 5 5 5 5 5 2 2 0 
86 86 86 86 86 86 83 83 83 83 83 83 83 83 83 83 83 83 83 83 76 72 72 69 64 59 57 57 57 53 49 49 26 20 11 11 8 7 7 7 7 7 1 1 1 1 1 1 0 0 
84 84 84 84 84 84 84 79 79 79 79 79 79 79 79 79 79 76 66 65 63 63 53 50 27 20 19 14 12 8 7 7 7 7 7 6 6 2 2 2 2 2 2 2 2 2 2 2 2 2 
89 89 89 89 89 89 89 89 89 89 88 88 84 84 84 84 84 84 81 81 77 77 76 72 70 65 56 55 40 11 11 11 3 3 3 3 3 3 3 3 3 3 3 3 3 3 2 2 2 2 
89 89 89 88 88 88 88 88 88 88 88 88 88 88 88 88 86 86 86 86 86 86 81 78 70 70 69 62 62 59 53 41 27 14 6 4 4 4 1 1 1 1 1 1 1 1 1 1 1 0 
89 89 89 89 89 89 89 89 89 89 89 89 89 89 82 71 68 67 63 62 62 62 60 59 54 52 51 23 23 19 6 6 5 1 1 1 1 1 1 1 1 1 1 1 1 1 1 1 1 0 
85 85 85 85 85 85 85 85 85 85 85 72 72 69 62 62 62 62 61 50 50 47 37 14 14 14 2 2 2 2 2 2 1 1 1 1 1 1 1 1 1 1 1 1 1 1 1 1 0 0 
86 86 86 85 85 85 85 85 85 85 85 73 73 66 64 64 64 57 56 54 38 35 28 22 22 22 9 9 9 9 8 8 8 8 8 2 2 2 2 2 2 2 2 2 2 2 2 2 1 1 
87 87 87 87 87 87 87 87 87 87 87 78 72 72 65 65 65 55 53 52 49 38 14 4 4 4 4 4 4 4 4 4 3 3 3 3 3 3 3 3 3 3 3 3 3 3 3 3 0 0 
86 86 86 86 86 86 86 86 86 86 86 80 79 74 69 69 69 67 67 66 60 55 55 54 52 46 30 4 3 3 3 3 3 3 3 3 1 1 1 1 1 1 1 1 1 1 1 1 1 1 
89 89 89 89 88 88 88 88 88 88 88 76 71 71 68 67 66 65 64 64 58 58 55 36 17 17 14 8 8 8 8 8 8 8 8 8 2 2 2 2 2 2 2 2 2 2 2 2 2 0 
86 86 86 86 86 86 86 86 86 86 86 86 86 85 85 85 85 74 73 71 64 64 64 60 59 54 52 20 7 7 7 7 7 7 7 7 7 7 7 7 3 3 3 3 3 2 2 2 2 1 
89 89 89 89 89 89 89 89 89 89 89 89 89 89 87 85 84 82 81 80 67 63 63 58 58 58 58 56 53 47 46 43 18 7 7 7 7 7 7 7 7 7 7 7 2 2 2 2 2 2 
85 85 85 85 85 85 85 85 85 85 85 85 85 85 80 70 66 65 60 60 60 38 38 38 13 5 4 3 3 3 3 3 3 3 3 3 3 3 3 0 0 0 0 0 0 0 0 0 0 0 
91 91 91 91 91 91 91 91 91 91 91 91 91 91 90 69 59 59 41 38 34 34 21 17 7 7 7 7 7 7 7 7 7 7 6 1 1 1 1 1 1 1 1 1 1 1 1 1 1 1 
83 83 83 83 83 83 83 83 83 83 83 83 83 83 83 83 83 83 73 70 70 69 63 46 39 33 10 10 9 9 9 9 9 9 2 2 2 2 2 2 2 2 2 2 2 2 2 2 2 2 
94 94 94 94 94 94 94 94 94 94 94 94 94 94 94 74 67 59 59 58 58 55 52 52 25 20 17 6 4 4 4 4 4 4 4 4 4 4 4 4 4 1 1 1 1 1 1 1 1 1 
82 82 82 82 82 82 82 82 82 82 82 82 82 82 82 82 64 58 58 48 48 32 19 14 11 9 9 9 6 6 6 5 5 4 4 4 4 4 4 2 2 2 2 2 2 2 2 2 1 1 
