% Ministry of Cellular Automata
% Project Deux (CS523 Spring 2015)
% Version:v0.1-66-g3e0f-dirty
%  pop:50
%  ic count:100
%  CA Log option:r2/run36
%  width:121
%  max workers:4
%  radius:2
%  iterations:300
%  generations:50

 generation 0.1.2.50.50.1.50.50.50.1.1.1.50.31.10.1.1.2.50.1.1.1.2.1.2.2.50.1.54.50.2.1.1.1.2.1.1.2.2.1.1.50.2.50.1.1.2.16.2.1.2.xover.mutate.done 50
 generation 1.44.50.50.50.50.50.50.50.50.50.50.44.50.1.3.3.2.50.10.50.50.50.3.52.9.51.3.50.52.2.1.3.21.28.2.5.1.50.2.1.2.50.50.50.50.1.3.1.50.2.xover.mutate.done 50
 generation 2.50.50.50.50.50.50.50.50.50.50.0.0.50.50.35.50.0.9.50.0.40.50.50.0.50.0.50.50.8.50.0.11.0.0.50.50.48.0.0.8.50.50.50.50.50.50.0.0.0.17.xover.mutate.done 50
 generation 3.50.50.50.50.50.50.50.50.50.50.50.50.0.50.10.50.50.0.50.50.0.0.50.0.0.50.50.50.0.50.0.0.50.13.50.0.0.50.50.50.3.0.50.50.50.0.50.0.0.50.xover.mutate.done 50
 generation 4.51.51.51.50.50.50.50.50.50.50.51.50.50.51.2.51.1.51.50.51.24.50.50.51.50.51.50.2.50.50.50.51.50.50.2.51.50.2.51.50.50.1.5.50.50.1.51.50.51.1.xover.mutate.done 50
 generation 5.50.50.50.50.50.50.50.50.50.50.0.50.50.50.50.50.50.0.0.50.0.50.50.50.0.50.0.0.0.50.50.50.50.50.0.50.50.50.50.50.0.0.50.50.50.50.0.23.0.0.xover.mutate.done 50
 generation 6.52.52.50.52.52.52.52.52.50.52.50.52.2.52.0.52.2.2.2.11.50.0.0.52.2.2.52.52.4.0.52.52.52.52.2.52.2.50.52.52.2.0.52.0.52.52.52.50.50.52.xover.mutate.done 50
 generation 7.52.52.52.52.52.52.52.52.52.52.2.2.50.0.50.2.50.52.50.12.2.52.8.52.2.52.2.52.2.52.50.6.27.52.52.50.0.2.52.22.52.2.52.50.52.52.52.50.9.0.xover.mutate.done 50
 generation 8.52.52.52.52.52.52.52.52.52.52.2.6.52.12.52.6.52.52.2.52.2.52.50.52.52.39.2.2.50.52.35.6.50.2.0.52.2.52.52.25.2.2.50.52.52.50.52.11.52.52.xover.mutate.done 50
 generation 9.50.50.50.50.50.50.50.50.50.50.50.50.50.0.0.50.50.8.50.50.0.50.46.0.50.0.50.0.50.50.50.50.50.50.0.50.50.0.0.13.50.19.0.50.3.0.0.50.50.0.xover.mutate.done 50
 generation 10.52.52.52.52.52.52.52.52.52.52.50.52.52.52.4.52.2.52.52.2.50.50.2.52.52.52.52.52.52.52.52.2.2.52.52.52.52.52.2.52.2.52.52.52.2.52.52.2.2.52.xover.mutate.done 50
 generation 11.50.50.50.50.50.50.50.50.50.50.50.18.50.50.50.50.50.1.50.1.50.50.42.1.50.50.1.1.1.1.50.1.50.50.50.50.1.50.50.50.1.50.1.50.1.50.50.9.50.50.xover.mutate.done 50
 generation 12.50.50.50.50.50.50.50.50.50.50.50.50.54.0.0.50.12.50.50.0.50.50.50.50.50.50.50.50.0.50.50.50.50.5.50.50.50.50.50.13.0.50.50.50.50.50.50.0.50.50.xover.mutate.done 50
 generation 13.54.50.50.50.50.50.50.50.50.50.0.0.50.50.50.50.50.50.50.43.50.13.50.50.0.50.50.50.50.50.0.50.0.50.50.50.12.0.50.0.50.50.50.50.50.50.19.0.0.50.xover.mutate.done 50
 generation 14.54.52.52.52.52.52.52.52.52.52.3.3.50.52.52.52.9.52.3.52.48.52.52.52.52.18.52.18.3.13.3.3.52.52.54.15.14.52.13.52.10.52.52.3.30.52.52.52.52.50.xover.mutate.done 50
 generation 15.56.56.52.52.52.52.52.52.52.52.27.52.52.5.52.52.52.52.15.52.52.5.43.39.46.52.5.52.52.50.52.12.52.52.52.5.52.52.52.28.52.52.52.52.52.52.52.15.52.31.xover.mutate.done 50
 generation 16.58.58.50.50.50.50.50.50.50.50.50.58.8.1.1.1.41.1.1.1.50.50.50.50.1.50.50.50.38.1.40.50.1.1.1.1.29.50.50.0.50.8.50.50.50.1.1.1.0.50.xover.mutate.done 50
 generation 17.54.54.54.50.50.50.50.50.50.50.50.7.1.4.50.1.50.50.50.54.50.10.0.1.50.50.0.50.50.50.50.0.50.23.50.54.1.1.50.1.1.50.50.4.1.50.0.1.7.0.xover.mutate.done 50
 generation 18.58.58.58.58.58.52.52.52.52.52.52.8.52.58.52.52.52.52.50.50.52.52.52.52.58.2.58.52.52.52.52.52.2.52.52.58.50.52.58.52.52.52.2.2.8.58.52.50.0.8.xover.mutate.done 50
 generation 19.55.55.55.55.55.55.55.55.55.55.50.51.55.5.10.55.51.51.51.51.55.51.55.51.55.5.55.51.36.55.55.55.51.54.5.51.51.2.51.57.55.55.51.10.55.51.28.55.10.51.xover.mutate.done 50
 generation 20.60.57.57.57.57.57.57.57.57.57.57.51.51.51.51.57.52.57.57.51.57.51.57.57.57.58.24.24.57.57.57.51.3.24.22.57.51.57.57.57.54.57.38.51.57.51.57.1.57.57.xover.mutate.done 50
 generation 21.57.55.55.55.55.55.55.55.55.55.5.55.55.55.55.5.7.52.55.55.52.55.55.54.55.5.52.5.5.55.22.5.56.2.55.55.55.55.55.55.19.52.5.55.55.51.51.5.55.55.xover.mutate.done 50
 generation 22.59.55.55.55.55.55.55.55.55.55.50.59.50.46.59.50.55.53.19.55.55.55.51.55.50.55.55.2.6.18.55.55.51.50.55.55.55.55.55.60.50.55.55.59.59.6.27.55.59.55.xover.mutate.done 50
 generation 23.62.62.62.62.62.62.62.60.60.60.10.62.50.62.60.1.60.1.10.10.62.50.63.60.60.62.10.60.62.50.1.62.62.60.60.50.10.62.50.15.60.50.62.30.60.62.62.60.51.62.xover.mutate.done 50
 generation 24.64.64.64.64.64.64.64.64.64.64.64.64.64.51.60.60.22.51.64.45.64.64.63.64.64.14.51.12.50.14.60.51.60.12.62.50.16.60.64.60.64.1.71.60.64.64.64.51.64.64.xover.mutate.done 50
 generation 25.64.60.59.59.59.59.59.59.59.59.20.54.59.59.59.59.59.11.50.50.59.50.59.59.50.20.10.59.59.9.24.54.59.60.59.54.59.59.29.50.10.59.10.59.10.59.50.59.59.50.xover.mutate.done 50
 generation 26.65.60.60.60.60.60.60.60.60.60.1.10.9.10.60.51.7.60.60.60.59.10.10.9.60.10.50.14.51.60.60.9.51.60.51.37.59.11.35.16.51.60.21.10.9.60.1.60.60.10.xover.mutate.done 50
 generation 27.63.56.56.55.55.55.55.55.55.55.55.55.55.51.5.50.55.5.5.55.15.24.49.51.1.51.55.16.51.55.55.55.55.55.14.51.11.61.55.55.55.51.17.5.51.50.51.61.55.51.xover.mutate.done 50
 generation 28.65.62.61.59.59.59.59.59.59.59.19.10.59.59.59.11.11.62.43.59.59.52.59.52.59.52.59.59.2.43.52.11.59.4.11.58.16.11.58.9.59.14.18.52.59.59.57.52.9.59.xover.mutate.done 50
 generation 29.66.63.62.67.60.60.59.59.59.59.59.16.59.59.1.50.59.59.31.7.59.59.50.59.10.60.57.70.44.10.59.61.45.59.1.50.59.18.14.20.44.1.30.1.59.59.59.57.60.59.xover.mutate.done 50
 generation 30.57.55.68.68.67.66.65.65.65.64.23.65.65.62.65.53.65.15.3.65.57.55.53.53.3.30.65.48.53.65.15.19.15.15.15.15.65.56.15.53.3.65.73.3.53.65.3.15.12.33.xover.mutate.done 50
 generation 31.72.70.65.64.62.60.60.60.59.59.13.15.29.49.3.28.50.27.26.59.3.64.24.43.12.12.59.12.50.59.59.3.22.11.3.50.60.63.60.28.20.15.13.72.13.29.3.50.57.46.xover.mutate.done 50
 generation 32.77.77.63.61.59.59.58.60.59.59.1.11.1.57.51.51.64.57.9.31.56.51.77.8.1.12.8.57.51.77.57.28.51.24.51.8.59.57.1.62.10.27.60.35.51.58.16.17.16.53.xover.mutate.done 50
 generation 33.83.83.83.83.77.75.72.67.65.65.50.50.20.57.6.13.0.59.50.29.59.29.10.15.58.35.59.61.61.59.0.30.40.7.15.59.52.61.15.32.35.9.14.21.1.58.35.59.31.50.xover.mutate.done 50
 generation 34.69.69.69.69.63.61.63.61.61.61.0.63.5.11.50.54.53.11.6.7.57.55.55.7.55.50.50.44.57.11.12.39.19.8.54.50.13.50.59.56.59.19.36.6.50.10.55.7.54.50.xover.mutate.done 50
 generation 35.75.75.75.75.68.66.73.70.66.62.57.9.11.46.75.10.50.0.29.10.13.19.53.19.50.50.7.12.13.22.28.59.24.58.16.61.12.25.60.1.9.11.24.1.9.50.58.73.19.77.xover.mutate.done 50
 generation 36.73.74.74.74.74.74.65.65.61.61.56.20.2.1.8.27.58.68.57.8.2.50.8.65.78.29.29.8.7.2.10.2.18.56.11.7.20.51.78.7.8.8.51.2.30.51.1.45.8.45.xover.mutate.done 50
 generation 37.76.76.74.74.74.74.74.79.70.69.76.72.13.20.34.50.74.69.64.44.67.61.14.32.2.19.76.23.29.46.61.9.59.47.20.69.12.2.74.2.30.47.50.22.33.76.2.18.5.59.xover.mutate.done 50
 generation 38.78.76.76.76.76.76.73.73.73.73.25.51.76.73.27.58.31.28.76.33.51.24.3.33.27.50.76.57.73.50.8.50.73.57.8.63.52.73.54.61.51.27.38.76.8.86.15.57.3.63.xover.mutate.done 50
 generation 39.84.76.77.77.77.77.77.78.77.77.4.2.9.75.52.77.52.46.81.68.15.76.75.68.30.4.76.31.30.23.77.77.77.2.77.48.46.75.75.75.68.68.68.50.52.25.77.43.31.68.xover.mutate.done 50
 generation 40.83.79.76.74.74.74.74.74.74.74.74.57.51.51.51.51.74.62.11.74.76.67.74.74.51.26.64.50.83.71.34.75.79.64.73.75.51.58.64.74.74.76.63.22.2.51.51.74.77.62.xover.mutate.done 50
 generation 41.81.81.78.78.74.76.76.76.74.74.51.54.78.29.9.43.76.54.70.15.15.7.10.76.20.74.71.73.74.73.51.58.30.12.74.76.26.15.78.74.58.35.34.69.50.73.35.76.25.28.xover.mutate.done 50
 generation 42.88.88.83.83.83.83.87.87.87.87.52.87.30.25.61.15.50.80.52.2.18.50.15.87.52.68.74.42.30.52.25.6.70.87.52.56.52.52.83.61.63.11.52.15.82.62.63.76.15.52.xover.mutate.done 50
 generation 43.88.88.82.82.82.82.88.82.82.86.76.81.50.55.7.50.1.1.37.34.55.1.84.82.54.15.55.62.82.1.50.82.59.55.60.44.88.50.50.57.50.50.50.88.82.57.15.50.17.50.xover.mutate.done 50
 generation 44.79.79.78.79.79.76.75.73.73.73.73.50.73.50.31.25.3.19.50.50.50.50.71.75.0.30.50.0.40.50.50.36.50.54.73.54.54.50.3.50.53.72.54.53.0.53.73.43.50.17.xover.mutate.done 50
 generation 45.90.90.90.90.87.85.86.86.83.83.1.50.83.57.60.0.73.83.4.86.51.4.83.1.50.33.6.10.24.53.50.83.55.51.40.11.57.29.1.6.83.40.75.31.1.71.1.29.73.51.xover.mutate.done 50
 generation 46.86.86.86.86.82.82.82.82.80.83.12.7.80.5.60.51.8.9.82.39.24.31.17.52.14.51.43.52.75.52.3.3.52.52.52.7.79.83.83.52.12.16.27.77.3.17.52.80.41.81.xover.mutate.done 50
 generation 47.86.86.86.86.75.75.75.82.79.79.76.59.51.39.42.65.1.17.43.5.32.51.2.2.51.51.71.75.2.15.67.30.17.29.51.76.29.51.51.13.51.50.86.75.51.19.64.51.51.77.xover.mutate.done 50
 generation 48.86.86.86.86.86.82.81.81.76.79.30.86.86.53.65.27.85.86.12.86.53.53.79.66.37.53.37.78.19.65.53.42.53.37.6.55.53.53.50.38.66.74.50.86.86.54.3.67.50.66.xover.mutate.done 50
 generation 49.85.85.85.85.85.85.85.85.85.85.38.57.50.13.2.8.50.80.9.51.51.13.85.51.63.46.76.50.6.16.51.48.57.61.55.6.51.76.62.30.57.13.83.85.51.51.50.62.85.82.xover.mutate.done 50
 20373549 iters     856696 iter/sec (23.78 s)
 total time: 23.78
