50 50 50 50 50 50 50 35 18 7 3 3 3 3 3 3 3 3 3 3 3 3 3 3 3 3 3 3 3 3 3 3 3 3 3 3 3 0 0 0 0 0 0 0 0 0 0 0 0 0 
50 50 50 50 50 50 50 50 50 50 50 50 50 50 50 50 37 34 34 22 16 15 12 4 3 3 1 0 0 0 0 0 0 0 0 0 0 0 0 0 0 0 0 0 0 0 0 0 0 0 
52 50 50 50 50 50 50 50 50 50 50 50 50 50 50 50 50 50 50 50 50 41 28 27 17 13 12 12 9 7 3 3 3 3 3 3 3 3 3 3 3 3 2 2 2 1 1 1 1 1 
51 51 51 51 51 51 51 51 51 51 50 50 50 50 50 50 50 50 50 50 50 50 50 50 50 50 50 50 50 50 50 34 20 18 11 10 8 7 2 2 2 2 2 2 2 2 1 1 1 1 
52 52 52 52 52 52 52 52 52 52 52 52 50 50 50 50 50 50 50 50 50 50 50 50 50 50 50 41 40 36 12 7 2 2 2 2 2 2 2 2 2 2 2 0 0 0 0 0 0 0 
60 52 52 52 52 52 52 52 52 52 52 52 52 52 52 52 52 52 52 52 52 52 50 50 46 36 36 16 12 4 4 4 4 4 4 4 4 4 4 4 4 4 4 2 2 2 2 2 2 2 
53 50 50 50 50 50 50 50 50 50 50 50 50 50 50 50 50 50 50 50 50 50 50 50 50 50 50 50 50 50 32 21 9 9 3 0 0 0 0 0 0 0 0 0 0 0 0 0 0 0 
70 57 55 51 51 51 51 51 51 51 51 51 51 51 51 51 51 51 51 51 51 51 51 51 51 50 50 50 50 50 37 36 22 8 5 1 1 1 1 1 1 1 1 1 1 1 1 1 1 0 
69 55 55 54 54 53 51 51 51 51 51 51 51 51 51 51 51 51 51 51 51 51 51 51 51 51 51 51 51 51 51 51 51 44 42 41 32 32 31 14 10 7 3 2 2 2 2 2 2 1 
68 63 56 56 56 56 56 55 55 55 55 55 55 55 55 55 55 52 52 50 50 50 50 50 50 50 50 50 50 50 50 50 50 50 50 50 50 50 50 50 46 46 46 40 35 30 17 1 1 1 
83 73 71 55 55 55 55 55 55 55 55 55 55 55 55 55 55 55 50 50 50 50 50 50 50 50 50 50 50 50 43 41 40 40 40 36 29 26 24 15 13 8 6 1 1 1 1 1 0 0 
70 70 65 63 60 60 56 56 56 56 56 56 56 56 56 56 56 55 55 55 55 55 55 55 52 52 52 52 52 52 52 52 51 50 44 41 39 36 36 28 8 7 7 6 6 3 3 3 3 2 
80 80 80 70 70 69 69 69 69 69 67 62 62 62 62 60 60 60 60 60 60 60 60 60 59 59 59 59 59 50 50 50 50 50 50 50 50 50 50 50 49 46 39 38 32 25 25 14 10 1 
79 79 79 79 78 74 70 70 70 70 69 69 69 69 68 66 66 66 66 66 61 58 58 56 56 51 51 51 51 51 51 51 51 51 51 51 50 50 50 46 32 30 29 19 16 12 9 9 2 1 
81 81 81 81 78 72 72 72 72 72 72 72 72 69 68 68 68 66 62 61 59 57 51 51 51 51 50 50 50 50 48 43 42 38 33 32 32 32 25 22 22 22 8 7 2 2 2 1 1 1 
75 75 75 75 75 75 67 66 66 66 66 66 66 66 65 65 65 65 65 65 64 60 55 54 54 51 51 51 50 50 50 50 50 50 50 50 42 35 34 34 27 23 21 18 18 17 16 12 12 3 
85 78 78 78 78 77 77 77 72 72 70 70 70 70 69 69 69 69 69 69 69 68 68 64 56 53 52 52 52 52 52 52 52 52 52 52 50 47 37 32 31 29 29 28 21 21 12 4 4 4 
87 84 84 84 84 84 84 84 84 84 81 78 77 77 76 76 76 76 76 76 76 76 76 76 76 76 76 76 66 63 52 52 52 52 52 51 51 50 50 48 46 46 41 40 34 34 34 33 23 2 
85 80 80 80 80 80 80 80 80 79 79 79 79 78 78 73 73 73 73 73 73 73 73 70 70 70 68 64 60 60 60 52 52 52 52 52 52 52 50 33 32 31 29 27 27 26 26 25 24 8 
80 77 73 73 73 73 73 73 73 73 73 73 73 73 73 71 71 71 70 70 70 69 69 68 67 64 64 60 60 51 51 51 51 51 51 51 51 51 51 51 51 51 45 45 45 25 11 8 2 1 
80 80 80 78 78 78 78 78 78 78 78 78 77 77 77 77 77 77 77 77 77 77 77 77 75 74 73 73 70 70 70 69 67 59 54 52 52 52 52 52 52 52 52 52 50 50 29 23 2 2 
80 77 77 77 76 73 73 72 72 72 72 72 72 72 72 72 72 72 72 72 72 72 72 65 65 64 57 52 51 51 51 51 51 51 51 51 51 51 51 51 50 50 48 40 34 27 15 8 2 2 
89 88 88 86 86 86 85 84 84 84 83 83 83 83 83 83 83 78 75 75 75 74 73 62 59 57 53 50 50 50 50 50 50 50 50 50 50 50 50 50 36 32 30 27 26 11 7 0 0 0 
84 84 84 84 84 83 83 83 83 82 82 82 82 82 82 81 81 81 74 72 66 66 65 59 56 51 50 50 50 50 50 50 50 50 50 50 50 50 48 47 45 45 39 37 36 27 19 1 1 1 
82 82 82 82 82 80 79 79 79 78 78 77 75 74 74 74 74 74 69 66 62 60 56 56 56 50 50 50 50 50 50 50 50 50 50 50 50 48 47 47 36 33 33 27 24 17 15 0 0 0 
82 82 81 81 81 81 81 81 80 80 80 80 80 77 77 77 77 74 51 51 51 51 50 50 50 50 50 50 50 50 50 50 50 50 50 50 50 47 47 46 43 37 32 31 30 26 17 14 1 0 
85 83 82 82 82 82 82 82 82 81 81 81 81 77 75 75 74 73 70 61 60 56 54 52 50 50 50 50 50 50 50 50 50 50 47 46 46 41 31 30 16 15 14 13 12 10 10 9 7 0 
87 87 86 86 86 86 86 86 86 86 86 80 79 76 73 62 62 62 62 62 62 56 55 50 50 50 50 50 50 50 50 50 50 50 50 50 48 45 45 45 45 23 20 20 12 12 0 0 0 0 
83 82 82 82 81 81 81 81 81 81 81 81 81 81 80 80 77 77 74 60 60 60 60 60 60 52 51 50 50 50 50 50 50 50 50 50 39 39 39 38 35 35 26 2 2 2 2 2 2 2 
83 83 83 83 83 82 81 81 81 81 81 81 81 81 81 81 81 79 78 75 75 63 61 61 61 61 59 59 56 55 54 54 54 51 51 50 50 50 49 46 44 38 36 28 26 19 12 12 5 5 
83 83 83 83 82 82 82 82 82 82 82 82 82 82 81 75 72 55 55 55 55 54 53 52 51 50 50 50 50 50 48 40 39 39 37 37 32 25 24 21 17 16 11 7 5 5 4 0 0 0 
87 87 87 87 87 87 87 87 86 86 86 86 86 86 86 85 83 63 61 61 60 60 59 59 56 50 50 50 50 50 50 50 50 50 50 50 50 50 50 49 47 47 46 23 17 12 0 0 0 0 
87 87 87 87 87 86 86 86 85 85 85 85 85 85 85 85 84 59 57 56 56 56 56 55 51 51 51 51 50 48 48 48 48 47 44 43 43 41 41 40 39 29 29 27 21 6 4 3 1 1 
88 88 88 88 88 88 87 87 87 87 87 87 87 87 87 87 87 87 87 87 86 80 68 60 59 57 56 55 53 53 53 50 48 47 47 47 47 46 45 39 34 33 31 25 12 11 11 11 7 3 
81 81 81 81 81 81 81 81 81 81 81 81 81 81 81 81 81 81 81 81 81 81 81 78 78 78 73 73 68 62 57 56 51 51 51 50 50 48 45 45 45 43 27 27 27 13 13 10 1 1 
87 87 87 87 87 87 87 87 87 87 87 87 87 87 87 87 87 87 87 87 87 87 87 87 87 82 75 75 73 73 61 61 61 60 60 59 52 52 52 48 48 43 32 30 29 24 17 13 4 2 
88 88 88 88 88 88 88 88 88 88 88 88 88 88 88 88 88 88 88 88 88 88 88 88 88 88 88 88 88 88 79 77 72 59 59 57 57 52 50 50 50 49 46 45 44 40 31 27 23 9 
87 87 87 87 87 87 87 87 87 87 87 87 87 87 87 87 87 87 87 87 87 87 87 87 87 81 73 73 60 57 53 53 50 50 50 50 50 50 50 50 45 41 41 23 19 16 11 8 1 0 
87 87 87 87 87 87 87 87 87 87 87 87 87 87 87 87 87 87 87 87 87 87 87 83 83 83 70 60 55 50 50 50 50 50 50 50 49 49 46 45 42 38 34 26 11 11 11 11 10 0 
84 84 84 84 84 84 84 84 84 84 84 84 84 84 84 84 84 84 84 84 84 84 83 81 81 79 75 75 64 59 53 53 52 52 51 51 50 46 44 42 40 40 40 39 39 39 12 8 8 3 
85 85 85 85 85 85 85 85 85 85 85 85 85 85 85 85 85 85 85 85 85 85 85 85 70 70 70 60 57 57 54 54 54 51 51 51 51 51 51 51 48 43 41 11 11 11 11 11 11 10 
86 86 86 86 86 86 86 86 86 86 86 86 86 86 86 86 86 86 86 86 86 86 66 60 59 59 59 59 58 58 57 52 50 50 50 50 50 50 50 50 50 50 49 48 45 39 14 13 10 8 
88 88 88 88 88 88 88 88 88 88 88 88 88 88 88 87 87 76 70 70 63 62 62 62 62 62 59 59 59 59 57 53 52 52 52 52 52 52 50 39 33 14 12 11 7 2 2 2 2 0 
84 84 84 84 83 83 83 83 83 83 83 83 83 83 83 69 69 63 63 63 63 63 56 56 51 51 51 51 51 51 51 51 51 51 50 50 50 49 47 38 31 30 15 14 14 1 1 1 1 1 
87 87 87 87 87 87 87 87 87 87 87 87 87 87 87 87 87 87 84 68 58 58 58 52 52 52 52 52 50 50 50 50 50 50 50 50 49 49 46 38 37 34 17 10 10 9 8 6 2 0 
85 85 85 85 85 85 85 85 85 85 85 85 85 85 85 85 85 85 85 84 73 71 63 61 60 56 52 52 52 52 52 52 52 46 43 43 42 38 30 24 20 16 15 15 15 9 4 4 4 4 
89 88 88 88 88 88 88 88 88 88 88 88 88 88 88 88 88 79 67 67 61 58 58 58 57 51 51 51 51 51 51 51 51 51 51 50 49 49 43 42 42 16 12 11 7 5 2 2 2 2 
86 86 86 86 86 86 86 86 86 86 86 86 86 86 86 77 65 65 65 65 65 65 65 64 54 53 51 51 51 51 51 51 51 51 51 51 51 51 50 50 50 50 50 46 46 46 28 1 1 1 
81 81 81 81 81 81 81 81 81 81 81 81 81 81 81 81 81 81 80 79 72 68 64 58 55 55 50 50 50 50 50 50 50 50 50 50 49 48 47 34 32 25 23 21 19 18 14 13 13 0 
85 84 84 84 84 84 84 84 84 84 84 84 84 84 84 84 84 84 84 84 84 84 84 77 77 59 59 54 54 51 51 51 50 50 50 50 49 48 46 43 35 35 29 20 11 6 1 1 1 1 
