50 50 50 50 50 50 50 50 50 50 50 50 50 50 50 50 50 50 50 8 4 4 4 4 4 4 4 4 4 4 4 4 3 3 3 3 3 3 3 3 3 3 1 1 1 1 1 1 1 1 
51 51 51 50 50 50 50 50 50 50 50 50 50 50 50 50 50 50 50 50 50 50 50 50 50 50 50 50 50 50 50 46 34 21 12 12 10 8 6 4 4 1 1 1 1 1 1 1 1 1 
52 52 52 52 52 52 50 50 50 50 50 50 50 50 50 50 50 50 50 50 50 50 50 50 50 50 50 50 50 50 50 50 34 26 19 18 9 4 2 2 2 2 2 2 2 2 2 2 0 0 
50 50 50 50 50 50 50 50 50 50 50 50 50 50 50 50 50 50 50 50 50 50 50 50 50 50 50 50 50 50 50 50 33 24 11 10 7 0 0 0 0 0 0 0 0 0 0 0 0 0 
51 51 51 51 51 51 51 51 51 51 51 51 51 51 51 51 51 51 51 50 50 50 50 50 50 50 50 50 50 35 29 11 10 10 8 5 5 1 1 1 1 1 1 1 1 1 1 0 0 0 
52 52 52 52 52 52 52 52 52 52 52 52 52 52 52 52 52 52 52 52 52 52 52 52 52 52 52 52 52 52 52 50 50 50 50 50 50 50 31 28 12 11 9 7 5 2 2 2 2 0 
52 52 52 52 52 52 52 52 52 52 52 52 52 52 52 52 52 52 52 52 52 52 52 52 52 52 52 52 52 52 52 52 52 52 52 52 52 50 50 50 23 16 10 9 9 2 2 2 2 2 
52 50 50 50 50 50 50 50 50 50 50 50 50 50 50 50 50 50 50 50 50 50 50 50 50 50 50 50 50 50 50 50 50 50 50 50 50 50 22 18 9 9 8 8 8 8 2 2 2 0 
50 50 50 50 50 50 50 50 50 50 50 50 50 50 50 50 50 50 50 50 50 50 50 50 50 50 50 50 50 50 50 50 50 50 16 15 5 5 0 0 0 0 0 0 0 0 0 0 0 0 
51 51 51 51 51 51 51 51 51 51 51 51 51 51 51 51 51 51 51 51 51 51 51 51 51 51 51 51 51 51 51 51 51 51 51 51 51 51 50 43 14 2 2 2 2 1 1 1 1 1 
53 53 53 53 53 53 53 53 53 53 53 53 53 53 53 53 53 53 53 53 53 53 53 53 53 53 53 53 53 53 53 53 53 53 50 50 34 11 7 6 6 6 6 6 6 6 3 3 3 3 
63 51 50 50 50 50 50 50 50 50 50 50 50 50 50 50 50 50 50 50 50 50 50 50 50 50 50 50 50 50 50 50 50 50 50 50 50 50 50 50 50 14 1 1 1 1 1 1 1 0 
66 52 52 51 51 51 51 51 51 51 51 51 51 51 51 51 51 51 51 51 51 51 51 51 51 51 51 51 51 51 51 51 51 50 50 50 37 24 13 10 7 3 3 3 3 3 3 3 2 1 
61 61 50 50 50 50 50 50 50 50 50 50 50 50 50 50 50 50 50 50 50 50 50 50 50 50 50 50 50 50 50 50 50 50 50 50 19 17 12 12 8 8 8 5 0 0 0 0 0 0 
61 57 57 57 57 52 50 50 50 50 50 50 50 50 50 50 50 50 50 50 50 50 50 50 50 50 50 50 50 50 50 50 50 50 50 50 50 12 11 7 7 2 0 0 0 0 0 0 0 0 
66 60 60 60 60 60 55 55 55 55 52 52 52 52 52 52 52 52 52 52 52 52 52 50 50 50 50 50 50 46 37 18 18 14 12 10 7 7 2 2 2 2 2 2 2 2 2 2 2 0 
74 63 63 63 63 63 63 63 61 58 58 58 58 58 58 58 58 50 50 50 50 50 50 50 50 50 50 36 35 34 34 34 31 21 17 15 15 14 11 8 8 8 8 8 8 8 8 7 0 0 
68 68 68 65 65 65 65 65 65 65 65 65 65 65 64 64 61 60 60 58 57 55 55 55 55 53 53 53 50 50 50 47 30 30 30 28 24 21 20 18 18 17 14 12 10 10 9 3 3 3 
70 68 64 64 64 59 59 59 59 59 59 59 59 59 59 59 59 59 59 57 56 55 55 55 55 50 50 50 50 50 50 50 50 50 50 50 50 50 50 50 50 50 31 27 13 12 9 7 6 6 
76 75 69 69 69 69 66 66 64 63 63 63 63 63 63 63 63 63 63 63 63 63 63 60 60 56 56 56 56 51 51 51 51 51 51 50 36 36 30 30 25 19 16 13 7 6 5 1 1 1 
75 75 73 73 73 73 73 73 73 72 69 69 69 69 68 68 67 63 63 63 63 63 63 62 62 57 57 56 56 56 52 51 51 51 50 48 46 42 40 39 39 39 23 21 20 12 3 3 3 3 
73 73 73 69 69 66 66 66 66 66 66 66 66 65 63 61 60 60 59 59 57 53 53 52 50 50 50 50 50 50 34 28 27 27 26 25 23 19 19 19 19 11 8 5 0 0 0 0 0 0 
74 74 74 74 74 73 73 72 72 72 72 70 69 69 69 69 69 69 69 69 69 68 67 62 62 56 55 52 52 51 50 50 50 50 50 50 45 43 36 36 32 32 27 24 24 24 18 5 2 2 
80 79 75 75 75 75 75 75 75 73 73 73 72 71 71 70 67 65 65 63 62 56 55 51 51 51 51 51 51 51 51 50 47 46 46 40 37 37 24 24 24 24 17 8 2 2 2 2 2 2 
80 80 80 77 65 65 65 65 65 65 65 65 65 65 65 63 61 60 58 54 53 53 50 50 50 50 50 50 50 45 43 42 40 40 36 33 26 25 18 18 15 15 15 14 13 12 3 0 0 0 
91 91 91 91 91 91 91 88 88 83 83 83 83 83 83 83 83 83 83 83 80 76 76 68 67 64 55 55 52 52 52 51 49 49 48 41 41 39 32 29 27 21 18 9 8 3 3 3 3 1 
85 85 85 85 85 85 85 85 85 85 83 83 83 83 79 78 76 76 76 76 76 76 76 75 75 72 63 61 60 59 53 53 50 50 50 50 42 42 42 41 35 32 26 16 9 9 0 0 0 0 
83 78 78 78 78 78 78 78 78 78 78 78 78 78 78 75 74 74 74 65 64 60 60 58 58 54 52 52 50 50 50 50 50 50 50 36 30 29 27 26 26 26 26 18 17 10 10 2 2 2 
88 84 84 84 84 84 84 84 84 84 84 84 84 84 84 84 84 84 84 84 80 80 78 77 77 77 77 76 71 65 56 56 56 54 53 52 51 51 50 50 47 47 46 42 39 37 31 24 3 3 
80 80 80 80 80 80 80 80 80 80 80 80 80 79 79 79 77 58 58 56 56 56 55 55 51 51 51 50 50 50 50 50 50 50 47 35 35 32 28 6 6 6 5 5 5 1 1 1 1 0 
84 84 84 84 84 84 84 84 84 84 84 84 84 84 84 84 84 84 81 80 78 77 73 57 52 52 52 52 52 52 50 50 50 50 47 43 41 41 41 41 38 36 30 14 9 9 9 6 0 0 
83 83 83 83 83 83 83 83 83 83 83 83 83 81 81 72 65 57 57 57 57 56 56 56 56 56 53 53 51 51 51 51 51 51 51 51 51 51 51 51 50 49 36 22 10 10 5 4 2 1 
83 83 83 83 83 83 83 83 83 83 83 83 83 83 83 81 69 62 61 61 61 58 58 58 58 51 51 51 51 51 51 51 51 51 51 50 50 50 43 38 32 32 16 12 11 11 9 9 8 1 
85 85 85 85 85 85 85 85 85 85 85 85 85 85 85 85 85 85 85 77 75 68 63 53 53 53 53 51 51 51 50 50 50 50 50 50 50 50 50 40 39 34 33 7 7 7 5 1 0 0 
84 84 84 84 84 84 84 84 84 84 84 84 84 83 80 72 72 59 59 59 59 57 57 57 57 51 51 51 51 51 51 51 51 51 50 50 50 50 50 48 48 47 42 42 36 28 8 2 2 1 
79 79 79 79 79 79 79 79 79 79 79 79 79 79 79 79 79 79 79 79 79 79 77 77 77 77 59 58 56 56 53 53 51 51 51 51 51 50 50 48 44 44 43 38 8 7 6 4 4 1 
83 83 83 83 83 83 83 83 83 83 83 83 83 83 83 83 83 81 80 80 80 78 78 74 67 63 63 61 51 51 51 51 50 50 50 50 50 50 50 46 46 44 44 15 12 12 12 11 1 0 
83 82 82 82 82 82 82 82 82 82 82 82 82 82 82 82 82 82 82 82 81 81 76 75 74 55 54 54 54 53 52 52 52 51 51 51 50 50 50 35 34 24 12 6 6 6 5 5 5 3 
83 83 83 83 83 83 83 83 83 83 83 83 83 83 83 81 81 81 78 77 75 55 53 53 51 51 51 51 51 51 51 51 51 51 51 50 50 41 37 37 36 35 29 24 6 5 3 2 2 1 
78 78 78 78 78 78 78 78 78 78 78 78 78 78 78 78 78 78 78 78 78 78 78 78 78 77 77 57 51 51 51 51 51 51 51 51 50 50 50 50 30 16 9 6 6 6 1 1 1 0 
83 82 82 82 82 82 82 82 82 82 82 82 82 82 82 82 82 82 82 82 82 80 80 80 80 70 60 53 53 53 53 53 53 53 53 53 53 51 51 50 50 35 33 7 6 6 4 3 1 1 
80 80 80 80 80 80 80 80 80 80 80 80 80 80 80 80 80 80 80 80 80 77 77 68 64 60 54 50 50 50 50 50 50 50 50 50 50 50 50 50 50 50 50 50 50 50 31 0 0 0 
82 82 82 82 82 82 82 82 82 82 82 82 82 82 82 82 82 82 82 82 80 80 80 78 77 69 69 68 65 60 60 60 52 52 52 52 52 52 52 52 52 50 50 50 39 22 12 12 12 0 
77 77 77 77 77 77 77 77 77 77 77 77 77 77 77 77 77 77 77 77 77 77 76 74 74 72 60 56 51 50 50 50 50 50 50 50 49 32 25 6 6 6 6 6 6 5 1 1 1 1 
85 85 85 85 85 85 85 85 85 85 85 85 85 85 85 85 84 79 60 55 52 52 52 52 52 50 50 50 50 48 47 45 44 43 41 41 41 39 13 11 11 10 7 7 7 7 2 2 2 0 
79 78 78 78 78 78 78 78 78 78 78 78 78 78 78 78 78 78 78 78 77 77 76 74 73 60 59 56 52 52 52 52 52 50 50 50 46 44 37 17 14 12 12 2 2 2 2 2 2 0 
88 84 84 84 84 84 84 84 84 84 84 84 84 84 84 84 84 82 81 80 74 74 59 59 57 50 50 50 50 50 50 50 50 50 50 50 50 50 50 50 50 50 39 34 20 10 7 7 7 7 
83 83 83 83 83 83 83 83 83 83 83 83 83 83 83 83 83 83 83 81 81 76 69 57 52 52 52 52 51 51 51 51 51 51 51 50 50 50 50 50 50 38 34 28 12 11 10 9 3 3 
87 87 87 87 87 87 87 87 87 87 87 87 87 87 87 87 84 84 81 78 63 57 56 51 51 51 51 51 50 50 50 50 50 50 50 43 40 40 33 20 14 7 7 1 1 1 1 1 1 1 
90 90 90 90 90 90 90 90 90 90 90 90 90 90 90 90 90 87 77 73 73 73 72 72 72 71 71 66 66 63 59 57 51 51 50 50 50 50 50 50 50 47 8 7 1 1 1 1 1 0 
