50 50 50 50 50 50 50 50 13 8 1 1 1 1 1 1 1 1 1 1 1 1 1 1 1 1 1 1 1 1 1 1 1 1 1 1 1 1 1 1 1 0 0 0 0 0 0 0 0 0 
62 51 51 51 50 50 50 50 50 50 50 50 50 50 50 50 50 50 50 50 50 39 14 12 12 2 1 1 1 1 1 1 1 1 1 1 1 1 1 1 1 1 1 1 1 1 0 0 0 0 
63 50 50 50 50 50 50 50 50 50 50 50 50 50 50 50 50 50 50 50 50 50 50 50 50 50 50 50 50 50 37 35 0 0 0 0 0 0 0 0 0 0 0 0 0 0 0 0 0 0 
58 56 52 52 52 52 52 52 52 52 51 51 50 50 50 50 50 50 50 50 50 50 50 50 50 50 11 10 3 3 3 3 3 3 3 3 2 2 2 2 2 2 1 1 1 1 1 1 1 1 
59 56 50 50 50 50 50 50 50 50 50 50 50 50 50 50 50 50 50 50 34 31 26 16 7 1 0 0 0 0 0 0 0 0 0 0 0 0 0 0 0 0 0 0 0 0 0 0 0 0 
61 52 51 51 51 51 51 51 51 51 51 51 51 51 51 50 50 50 50 50 50 47 31 29 28 27 26 23 12 12 2 2 2 2 2 2 2 2 1 1 1 1 1 1 1 1 1 1 1 1 
59 55 50 50 50 50 50 50 50 50 50 50 50 50 50 50 50 50 50 50 50 50 50 28 20 13 1 1 1 1 1 1 1 1 1 1 1 1 1 1 1 1 1 1 1 1 1 0 0 0 
54 51 50 50 50 50 50 50 50 50 50 50 50 50 50 50 50 50 50 50 50 50 50 50 36 29 16 15 13 12 12 1 0 0 0 0 0 0 0 0 0 0 0 0 0 0 0 0 0 0 
59 58 52 52 52 52 52 52 52 52 52 52 52 52 52 52 52 52 52 52 52 52 52 50 50 33 18 13 10 4 4 4 4 4 4 4 4 4 4 4 4 2 2 2 2 2 2 2 2 2 
55 55 51 51 51 51 51 51 51 51 51 51 51 51 51 51 51 51 51 51 51 51 51 51 51 51 51 51 51 51 51 51 50 35 30 9 2 2 2 2 2 2 1 1 1 1 1 1 1 1 
56 53 51 51 51 51 51 51 51 51 51 51 51 51 51 51 51 51 51 51 51 51 51 51 51 51 51 51 51 51 51 50 50 21 20 12 12 9 9 9 9 1 1 1 1 1 1 1 1 1 
53 53 51 51 51 51 51 51 51 51 51 51 51 51 51 51 51 51 51 51 51 51 51 51 51 51 51 51 51 50 33 21 8 2 2 2 2 2 2 2 2 2 1 1 1 1 1 1 1 1 
57 55 52 52 52 52 52 52 52 52 52 52 52 52 52 52 52 52 52 52 52 52 45 36 21 15 8 4 4 4 4 4 4 4 4 4 4 4 4 4 2 2 2 2 2 2 2 2 2 2 
60 52 51 51 51 51 51 51 51 51 51 51 51 51 51 51 51 51 39 32 24 13 12 9 2 2 2 2 2 2 2 2 2 2 2 2 2 2 1 1 1 1 1 1 1 1 1 1 1 1 
62 59 53 50 50 50 50 50 50 50 50 50 50 50 50 50 50 50 50 50 50 37 29 21 21 18 1 1 1 1 1 1 1 1 1 1 1 1 1 1 1 1 1 1 1 1 1 0 0 0 
67 57 57 55 51 51 51 51 51 51 51 51 51 51 51 51 51 51 51 50 50 50 50 40 15 15 12 11 10 10 2 2 2 2 2 2 2 2 2 2 2 2 2 1 1 1 1 1 1 1 
56 55 54 54 54 54 50 50 50 50 50 50 50 50 50 50 50 50 50 50 50 50 50 50 50 50 50 22 15 9 0 0 0 0 0 0 0 0 0 0 0 0 0 0 0 0 0 0 0 0 
65 61 58 58 58 58 58 58 58 50 50 50 50 50 50 50 50 50 50 50 50 50 50 50 50 50 50 50 50 50 50 42 23 14 11 0 0 0 0 0 0 0 0 0 0 0 0 0 0 0 
64 58 58 58 58 58 58 58 58 58 58 58 58 58 58 58 58 50 50 50 50 50 50 50 50 50 50 50 50 8 8 8 0 0 0 0 0 0 0 0 0 0 0 0 0 0 0 0 0 0 
57 57 57 57 57 57 57 57 57 57 57 57 57 57 57 57 57 57 57 57 57 56 54 52 52 52 49 9 9 9 9 9 9 9 9 8 4 4 4 4 4 2 2 2 2 2 2 2 2 2 
57 57 57 57 57 57 57 57 57 57 57 57 57 57 57 57 57 57 57 57 57 57 57 57 57 57 52 52 52 50 36 17 7 7 7 7 7 7 7 7 7 7 7 7 3 2 2 2 0 0 
68 59 59 59 59 59 59 59 59 59 59 59 59 59 59 59 59 59 59 59 59 59 59 59 59 52 50 38 38 38 36 29 18 11 11 11 11 11 11 11 11 11 11 11 11 4 4 4 2 2 
55 52 51 51 51 51 51 51 51 51 51 51 51 51 51 51 51 51 51 51 51 51 51 51 51 51 51 51 51 51 51 50 50 18 2 2 2 2 2 2 2 2 2 2 2 2 1 1 1 1 
62 62 56 56 54 54 54 54 54 54 54 54 54 54 54 54 54 54 54 54 54 54 54 54 54 54 54 54 54 50 50 50 23 23 8 6 6 6 6 6 6 6 6 6 6 6 6 6 6 2 
61 61 61 54 54 54 54 54 54 54 54 54 54 54 54 54 54 54 54 54 54 54 54 54 54 54 54 54 54 51 51 51 50 45 25 15 4 4 4 4 4 4 4 4 4 4 4 2 1 1 
64 64 64 64 59 59 58 56 56 56 56 56 56 56 56 56 56 56 56 56 56 56 56 56 56 56 52 52 52 52 23 12 9 9 9 9 9 7 6 6 6 6 6 6 6 6 6 6 2 2 
67 67 67 67 67 67 67 67 61 61 61 61 61 60 60 58 58 58 58 58 58 58 58 58 58 58 58 58 58 50 50 50 50 50 50 22 18 14 11 11 8 8 8 8 8 8 8 8 0 0 
66 66 66 66 66 66 66 66 66 66 66 57 56 56 56 55 55 55 55 55 55 51 51 51 51 51 51 50 50 50 50 29 21 19 14 14 12 9 8 7 7 7 6 6 6 6 5 2 2 1 
61 61 60 60 60 60 60 60 60 60 60 60 60 60 60 55 55 55 55 54 54 54 54 54 54 54 54 51 51 51 51 51 50 50 50 50 50 50 42 35 23 12 12 11 11 9 4 4 1 0 
67 67 67 67 67 67 67 67 67 67 67 67 67 67 67 67 67 67 67 60 60 60 58 58 58 58 51 51 51 51 51 51 51 51 51 51 51 50 50 50 50 41 24 20 20 8 8 1 1 1 
69 69 65 65 65 63 63 63 63 63 63 63 63 63 63 63 63 63 61 61 58 57 57 57 57 57 57 57 57 52 51 51 51 51 50 50 30 19 9 9 9 9 9 9 9 3 3 2 2 2 
69 67 66 66 66 66 66 63 63 61 61 61 61 61 61 61 61 61 58 58 55 55 55 51 51 51 50 50 50 50 50 47 40 34 28 28 27 22 19 19 14 11 8 8 1 1 1 1 0 0 
64 63 63 63 63 63 63 63 63 63 62 62 62 61 61 55 55 53 53 51 51 51 51 51 51 51 50 50 42 34 24 23 17 14 13 12 5 5 5 5 5 3 3 3 3 1 1 1 0 0 
73 70 70 70 70 70 70 70 70 69 69 68 68 68 68 68 68 68 68 68 68 60 60 60 60 52 52 50 50 50 44 44 36 35 31 29 24 21 21 19 18 14 11 11 11 10 10 2 2 0 
82 71 69 69 69 69 69 69 68 67 67 67 67 67 67 67 67 65 64 55 55 55 55 55 55 55 51 51 50 50 45 45 45 26 22 18 18 18 17 17 16 15 6 5 5 5 5 5 1 1 
81 79 72 72 70 70 70 70 70 70 70 70 70 70 70 70 70 69 69 68 62 62 59 55 55 55 55 55 55 50 50 50 50 50 48 37 22 22 20 19 18 16 14 6 5 3 2 2 2 2 
70 68 68 67 67 63 63 63 63 63 61 61 61 61 61 61 61 61 60 60 60 59 59 58 57 57 55 53 50 50 50 50 50 50 50 50 50 50 50 50 50 42 32 16 15 13 13 11 8 0 
86 84 83 83 82 82 82 81 81 81 81 75 75 75 75 75 75 75 73 73 73 73 73 73 73 73 73 73 71 51 51 51 51 51 51 51 50 42 41 36 31 28 25 24 24 24 2 2 2 1 
78 78 76 76 76 76 76 75 73 73 73 73 72 72 72 72 68 68 68 67 67 66 64 63 57 57 57 50 50 50 50 50 50 50 50 50 50 39 39 32 29 28 28 28 26 19 18 18 0 0 
76 76 75 75 75 75 74 73 73 73 73 73 73 73 73 73 73 73 73 73 73 73 70 70 70 70 70 66 63 57 51 51 51 50 50 50 50 50 31 26 24 22 21 21 20 18 16 16 9 1 
77 77 77 77 77 77 77 77 77 77 77 77 75 75 75 75 75 75 75 75 75 75 74 74 73 73 73 73 68 68 65 64 59 51 51 51 51 50 50 50 50 50 35 28 27 27 27 24 24 1 
81 81 81 80 80 80 80 80 80 80 80 80 80 80 80 79 79 79 79 78 78 78 78 78 78 78 78 76 76 68 68 53 50 50 50 50 50 36 35 33 33 32 30 30 29 28 16 8 8 3 
82 82 82 82 82 82 82 82 81 81 81 81 81 81 81 81 81 81 81 80 80 80 79 73 73 71 57 57 51 51 51 51 50 50 40 39 38 38 37 36 36 33 33 30 27 27 9 9 2 1 
84 84 84 84 84 84 84 84 84 84 84 84 84 84 83 83 83 83 83 83 83 83 83 83 82 80 80 74 72 72 69 62 62 62 62 60 50 50 50 50 50 50 50 34 33 13 12 6 0 0 
76 76 76 76 76 76 76 76 76 76 76 76 76 76 76 76 76 75 75 75 75 75 75 75 74 72 69 60 60 60 59 59 58 50 50 50 50 50 31 30 25 17 8 6 0 0 0 0 0 0 
82 82 82 82 82 82 82 82 82 82 82 82 82 82 82 82 82 82 82 80 80 80 80 80 80 80 80 80 80 78 73 73 73 71 61 60 52 50 50 50 50 50 36 34 32 28 14 12 10 2 
79 79 79 79 79 79 79 79 79 79 79 79 79 79 79 79 79 79 79 78 78 56 51 51 51 51 51 51 51 51 51 50 50 50 50 50 50 50 50 50 33 33 33 33 32 31 20 3 1 1 
82 82 82 82 82 82 82 82 82 82 82 82 82 82 82 82 81 81 81 80 55 52 52 52 52 52 52 52 52 52 52 52 52 51 51 51 51 41 34 34 33 33 22 22 3 3 3 2 2 2 
79 79 79 79 79 79 79 79 79 79 79 79 79 79 79 79 79 79 79 79 79 78 78 76 76 75 61 60 60 50 50 50 50 50 50 50 50 50 50 50 50 30 30 30 29 4 0 0 0 0 
85 85 85 85 85 85 85 85 85 85 85 85 85 85 85 85 85 85 85 85 85 85 85 85 85 85 85 83 62 62 62 59 51 51 51 51 51 51 50 41 40 36 36 36 36 36 10 2 2 2 
