% Ministry of Cellular Automata
% Project Deux (CS523 Spring 2015)
% Version:v0.1-66-g3e0f-dirty
%  pop:50
%  ic count:100
%  CA Log option:r2/run46
%  width:121
%  max workers:4
%  radius:2
%  iterations:300
%  generations:50

 generation 0.50.3.1.2.50.50.50.2.2.14.50.50.50.18.52.50.51.1.3.2.1.11.1.50.3.50.3.3.50.2.50.50.1.50.3.50.50.50.1.1.3.3.3.3.3.50.3.50.1.1.xover.mutate.done 50
 generation 1.51.51.50.50.50.50.50.50.50.50.2.12.51.1.51.1.50.50.2.50.50.1.57.10.50.23.6.2.50.50.51.50.2.1.50.10.50.50.2.51.50.50.51.11.33.50.1.8.1.2.xover.mutate.done 50
 generation 2.65.50.53.53.50.53.50.53.50.50.50.50.50.50.50.53.50.50.50.50.3.50.3.71.50.50.42.50.3.3.53.3.50.50.50.50.11.50.3.50.30.50.50.50.50.53.3.65.30.3.xover.mutate.done 50
 generation 3.73.62.62.50.50.50.50.50.50.50.50.42.50.50.50.0.50.0.0.50.50.9.0.0.50.44.50.50.50.0.50.50.50.50.50.12.0.0.50.4.50.42.50.50.43.0.0.0.50.50.xover.mutate.done 50
 generation 4.64.59.59.51.51.51.51.51.51.51.50.51.50.1.3.2.1.51.52.50.3.50.2.50.2.1.50.1.3.51.1.13.3.76.1.1.1.1.3.23.1.17.11.51.51.3.50.50.59.35.xover.mutate.done 50
 generation 5.83.73.59.59.59.50.50.50.50.50.50.50.0.0.0.0.83.0.0.50.61.18.0.17.50.26.50.50.50.50.0.57.50.50.0.0.23.0.50.50.0.50.50.0.50.50.50.50.50.50.xover.mutate.done 50
 generation 6.83.85.73.73.65.65.65.64.54.52.50.77.50.2.6.49.50.17.54.50.52.4.17.69.49.50.56.50.6.6.52.65.52.35.6.38.6.58.54.52.6.52.52.65.54.6.52.6.4.52.xover.mutate.done 50
 generation 7.83.83.72.78.64.63.62.62.62.62.8.50.50.58.51.50.44.54.15.50.62.50.62.62.30.44.51.61.58.83.1.1.24.62.8.63.46.50.12.12.50.50.62.61.50.50.51.1.8.57.xover.mutate.done 50
 generation 8.76.76.76.67.69.68.66.66.65.65.50.66.15.50.16.50.1.36.65.66.17.5.17.11.52.3.3.16.66.52.35.51.50.52.17.65.6.3.3.10.52.65.2.52.52.51.16.2.24.35.xover.mutate.done 50
 generation 9.83.82.83.76.63.73.62.62.62.62.64.50.62.50.27.61.13.55.50.63.14.43.1.50.50.46.63.50.61.51.63.58.27.51.30.1.62.79.32.71.63.45.50.51.50.51.18.46.64.61.xover.mutate.done 50
 generation 10.78.78.77.71.68.67.64.65.64.67.19.50.50.2.50.52.0.50.31.0.70.69.50.60.50.78.52.50.78.50.37.39.39.58.78.67.50.60.28.52.71.35.8.13.68.60.78.7.60.50.xover.mutate.done 50
 generation 11.82.82.82.82.82.82.82.82.82.68.35.57.71.40.14.82.51.51.57.65.82.60.4.74.61.4.22.1.55.69.34.66.57.51.42.10.4.66.53.14.20.51.47.29.50.51.31.82.61.57.xover.mutate.done 50
 generation 12.77.77.77.77.77.77.76.72.72.77.50.18.44.72.66.38.56.36.5.66.23.2.2.52.5.2.59.50.72.50.55.35.61.13.52.18.52.66.77.0.7.5.16.77.6.8.56.52.77.50.xover.mutate.done 50
 generation 13.78.78.78.78.78.78.78.78.78.78.63.50.50.4.26.61.50.78.12.34.0.69.50.78.61.63.42.37.18.62.50.77.56.77.50.77.0.69.50.56.50.78.56.6.19.50.69.0.56.69.xover.mutate.done 50
 generation 14.75.75.75.75.75.75.75.75.75.75.35.25.58.51.50.58.64.75.56.50.58.68.75.68.3.52.75.56.19.9.58.56.8.3.52.9.66.50.56.68.75.22.75.7.52.70.52.3.35.58.xover.mutate.done 50
 generation 15.76.76.76.76.76.76.76.76.76.76.76.76.36.34.75.21.3.27.53.61.52.51.61.52.52.76.17.51.61.76.52.3.76.5.53.3.3.50.52.52.52.65.52.29.51.56.51.52.53.56.xover.mutate.done 50
 generation 16.81.81.81.81.81.81.81.81.81.81.52.64.26.2.50.50.28.81.31.0.50.52.50.50.50.37.50.37.0.81.53.3.2.53.2.73.51.52.70.52.79.36.15.52.50.50.52.2.2.81.xover.mutate.done 50
 generation 17.76.76.76.76.76.76.76.76.76.76.43.51.28.3.3.11.34.52.51.52.28.3.52.3.75.28.50.3.52.29.3.3.8.34.63.50.16.51.9.76.11.27.76.76.76.3.63.28.63.63.xover.mutate.done 50
 generation 18.84.84.84.84.84.84.84.84.84.84.51.71.71.50.1.32.51.53.61.2.9.84.84.7.7.84.2.32.50.9.73.2.20.50.2.9.50.83.18.2.20.12.12.2.56.40.15.20.40.28.xover.mutate.done 50
 generation 19.84.84.84.84.84.84.84.84.84.84.4.84.41.50.51.57.14.84.84.29.3.18.39.19.84.14.3.84.68.54.53.80.20.52.52.3.84.52.34.57.3.29.53.50.58.57.52.51.9.84.xover.mutate.done 50
 generation 20.77.77.77.77.77.77.77.77.77.77.59.77.50.77.50.27.50.50.13.26.77.1.77.41.51.50.75.77.1.44.77.77.10.24.77.77.77.26.10.50.50.53.39.77.50.3.1.50.77.1.xover.mutate.done 50
 generation 21.84.84.84.84.84.84.84.84.84.84.50.84.35.36.51.1.81.41.37.1.35.84.50.19.9.84.9.50.81.50.50.50.51.36.35.6.46.2.84.40.83.1.84.14.56.6.72.84.51.50.xover.mutate.done 50
 generation 22.78.78.78.78.78.78.78.78.78.78.78.78.52.48.3.48.3.3.8.51.3.41.50.3.51.50.51.57.75.21.51.52.50.78.3.3.78.46.52.56.3.51.16.29.18.78.77.24.51.51.xover.mutate.done 50
 generation 23.80.80.80.80.80.80.80.80.80.80.78.80.1.31.31.18.50.31.80.52.6.51.51.50.1.31.51.1.51.51.80.29.37.1.42.8.36.15.80.50.51.50.50.31.80.0.50.50.51.41.xover.mutate.done 50
 generation 24.78.78.78.78.78.78.78.78.78.78.78.28.50.1.1.7.78.77.51.1.51.55.50.29.44.78.50.5.77.67.51.27.1.23.1.17.29.78.1.50.78.55.23.1.78.51.51.50.67.36.xover.mutate.done 50
 generation 25.79.79.79.79.79.79.79.79.79.79.52.28.79.50.7.18.54.16.45.28.2.6.52.27.62.75.43.2.2.41.52.79.50.39.75.5.79.2.50.52.52.60.2.2.52.6.10.50.35.29.xover.mutate.done 50
 generation 26.77.77.77.77.77.77.77.77.77.77.29.52.50.10.77.77.75.35.39.65.3.66.10.66.77.43.65.52.77.77.77.77.77.52.13.3.52.3.57.77.77.77.19.51.33.52.50.52.77.77.xover.mutate.done 50
 generation 27.80.80.80.80.80.80.80.80.80.80.30.1.74.80.50.50.74.1.80.51.51.3.31.33.32.45.50.51.1.1.51.1.0.51.51.3.74.1.56.60.1.80.76.80.31.74.74.51.51.31.xover.mutate.done 50
 generation 28.79.79.79.79.79.79.79.79.79.79.56.34.1.1.52.71.71.56.77.50.32.79.29.1.71.51.79.50.50.50.71.56.36.50.79.79.26.79.56.50.51.29.79.29.39.34.79.1.1.50.xover.mutate.done 50
 generation 29.74.74.74.74.74.74.74.74.74.74.1.50.36.51.50.1.1.43.4.17.11.50.74.4.43.60.74.51.59.50.74.64.30.66.29.56.51.50.51.30.50.51.50.54.50.72.50.51.25.50.xover.mutate.done 50
 generation 30.74.74.74.74.74.74.74.74.74.74.74.34.74.50.4.33.12.1.51.51.4.55.18.50.1.56.1.50.50.59.6.51.74.1.54.24.50.68.1.50.68.22.54.4.74.51.1.74.1.4.xover.mutate.done 50
 generation 31.80.80.80.80.80.80.80.80.80.80.53.79.51.50.0.50.51.1.1.37.80.3.1.50.1.10.51.80.16.51.51.50.53.51.51.4.80.0.3.79.50.0.50.15.51.8.45.80.52.1.xover.mutate.done 50
 generation 32.81.81.81.81.81.81.81.81.81.81.1.17.1.50.10.51.80.50.1.50.14.1.79.81.4.81.50.80.81.81.63.7.81.1.32.0.50.50.8.35.79.81.50.81.63.1.58.1.58.81.xover.mutate.done 50
 generation 33.78.78.78.78.78.78.78.78.78.78.50.21.6.52.50.52.78.52.50.50.6.78.29.38.33.78.78.28.78.2.52.2.78.2.2.52.33.50.78.8.78.52.13.78.2.75.50.29.8.52.xover.mutate.done 50
 generation 34.81.81.81.81.81.81.81.81.81.81.81.81.52.52.52.81.81.81.3.58.52.3.7.3.66.81.52.10.3.38.81.50.58.51.52.51.51.7.81.52.3.81.3.51.38.81.51.50.60.14.xover.mutate.done 50
 generation 35.77.77.77.77.77.77.77.77.77.77.52.50.77.52.53.2.2.35.50.77.52.2.50.2.28.53.36.52.50.52.22.77.73.50.50.26.50.35.52.50.50.77.14.50.63.29.77.52.6.53.xover.mutate.done 50
 generation 36.83.83.83.83.83.83.83.83.83.83.68.50.2.13.50.18.44.24.26.56.6.9.25.2.2.33.2.43.33.50.15.4.52.50.83.43.83.61.2.6.50.6.83.56.2.52.2.83.2.2.xover.mutate.done 50
 generation 37.78.78.78.78.78.78.78.78.78.78.15.50.0.78.50.16.24.0.60.46.24.50.50.50.34.50.11.50.78.23.0.0.78.60.58.8.0.50.8.5.50.78.0.28.0.50.78.50.60.78.xover.mutate.done 50
 generation 38.86.86.86.86.86.86.86.86.86.86.86.5.85.54.38.2.86.74.51.10.11.51.51.56.1.1.1.21.85.85.50.8.57.86.57.47.37.5.51.86.58.2.4.83.51.86.2.54.6.56.xover.mutate.done 50
 generation 39.83.83.83.83.83.83.83.83.83.83.53.81.53.33.53.3.53.81.33.53.78.83.0.3.50.12.83.53.53.83.83.53.83.50.33.50.12.81.83.81.62.83.15.83.41.3.83.59.50.83.xover.mutate.done 50
 generation 40.78.78.78.78.78.78.78.78.78.78.78.50.55.57.13.74.50.24.50.1.57.78.51.51.78.50.50.78.7.50.51.14.29.25.50.78.55.70.37.18.51.78.70.51.78.29.29.50.36.55.xover.mutate.done 50
 generation 41.78.78.78.78.78.78.78.78.78.78.56.7.50.50.26.69.43.51.50.77.8.0.1.1.78.75.8.77.1.8.50.27.26.50.77.26.78.38.51.50.50.78.10.77.51.50.78.56.1.78.xover.mutate.done 50
 generation 42.82.82.82.82.82.82.82.82.82.82.32.7.51.50.82.51.50.44.82.32.38.50.62.79.29.50.50.1.51.50.7.51.41.62.45.0.82.82.82.1.7.82.51.1.82.48.82.51.82.51.xover.mutate.done 50
 generation 43.78.78.78.78.78.78.78.78.78.78.37.62.50.77.78.76.50.0.0.17.50.50.50.50.14.76.50.78.50.78.36.0.78.0.0.6.6.38.34.50.0.0.78.0.0.11.78.50.78.50.xover.mutate.done 50
 generation 44.83.83.83.83.83.83.83.83.83.83.84.50.11.51.51.34.83.33.74.41.33.83.43.31.83.83.23.10.5.1.35.73.34.83.83.83.30.11.77.83.83.6.1.77.56.39.15.50.50.10.xover.mutate.done 50
 generation 45.79.79.79.79.79.79.79.79.79.79.38.31.79.29.5.79.38.53.34.77.50.50.28.50.79.55.50.1.41.50.79.27.50.0.79.50.4.0.79.37.25.50.28.69.79.0.79.35.41.53.xover.mutate.done 50
 generation 46.77.77.77.77.77.77.77.77.77.77.5.77.52.53.14.10.68.8.70.5.77.5.68.23.53.17.5.5.53.30.78.30.77.5.10.75.77.78.5.52.70.11.53.36.27.5.58.5.36.52.xover.mutate.done 50
 generation 47.80.80.81.80.80.80.80.80.80.80.7.40.31.51.51.2.70.80.52.8.52.51.3.80.50.32.54.51.38.32.80.51.80.8.3.70.21.3.2.6.36.2.56.6.3.33.80.51.3.81.xover.mutate.done 50
 generation 48.81.81.80.80.79.79.79.79.79.79.79.64.7.79.1.63.51.19.50.16.26.20.50.7.50.50.51.13.79.6.30.79.51.25.16.41.40.50.22.79.80.1.79.42.51.10.1.13.51.51.xover.mutate.done 50
 generation 49.85.85.84.84.88.84.84.84.84.84.50.35.50.50.4.0.84.50.79.0.0.50.0.55.50.34.50.6.34.50.58.38.38.84.0.84.38.50.85.50.8.50.50.37.30.50.55.9.50.50.xover.mutate.done 50
 24665793 iters     906298 iter/sec (27.22 s)
 total time: 27.22
