50 50 50 50 50 50 50 50 50 50 50 50 35 18 10 5 0 0 0 0 0 0 0 0 0 0 0 0 0 0 0 0 0 0 0 0 0 0 0 0 0 0 0 0 0 0 0 0 0 0 
52 51 51 51 51 51 50 50 50 50 50 50 50 50 50 50 50 50 50 50 50 50 50 50 50 44 43 33 32 25 25 24 14 13 8 8 7 3 3 3 3 3 2 2 2 2 1 1 1 1 
51 51 51 51 51 51 51 51 51 51 51 51 51 50 50 50 50 50 50 50 50 50 50 50 50 50 50 50 50 50 50 50 30 25 22 21 12 11 10 7 2 2 2 2 2 1 1 1 1 1 
71 51 51 51 51 51 51 51 51 51 51 51 51 51 51 51 51 50 50 50 50 50 50 50 50 50 43 32 29 20 13 13 10 2 2 2 2 2 2 2 2 2 1 1 1 1 1 1 1 1 
73 52 52 52 52 50 50 50 50 50 50 50 50 50 50 50 50 50 50 50 50 50 50 50 43 34 21 15 13 11 10 7 6 2 2 2 2 2 2 2 2 2 2 2 2 2 2 0 0 0 
78 56 51 51 51 51 51 51 51 51 51 50 50 50 50 50 50 50 50 50 50 50 50 50 50 50 35 34 33 30 30 22 18 10 1 1 1 1 1 1 1 1 1 1 1 1 1 1 0 0 
82 57 53 53 53 53 53 53 53 53 53 53 53 53 53 53 53 50 50 50 50 50 50 50 50 50 50 50 50 50 50 50 50 48 38 33 33 26 19 12 12 9 3 3 3 3 3 3 3 3 
73 62 52 52 51 51 51 51 51 51 50 50 50 50 50 50 50 50 50 50 50 50 50 50 50 50 50 50 50 50 43 43 23 8 8 8 6 6 6 2 1 1 1 1 1 1 1 0 0 0 
80 80 80 72 58 58 56 51 51 51 51 51 51 51 51 51 51 51 51 51 51 51 51 51 51 51 51 51 51 51 50 46 44 40 40 40 30 19 17 10 9 2 2 2 2 2 2 2 2 1 
76 75 75 75 75 75 75 67 52 52 51 51 51 51 51 50 50 50 50 50 50 50 50 50 50 50 50 48 43 31 30 30 30 26 25 20 20 6 6 1 1 1 1 1 1 1 1 1 1 1 
82 82 81 81 81 81 81 81 81 81 81 81 81 81 75 66 66 56 55 53 53 51 51 51 51 51 51 50 50 50 50 50 50 50 39 37 37 12 12 4 1 1 1 1 1 1 1 1 1 1 
77 77 77 76 76 76 75 75 75 75 75 75 75 75 63 63 58 58 57 57 56 56 54 51 51 51 51 51 51 51 51 51 51 50 50 45 45 38 37 21 17 13 11 9 9 2 2 2 2 1 
81 81 81 81 81 81 81 81 81 81 81 81 81 80 80 80 80 80 79 69 67 65 65 64 60 58 56 55 51 50 50 50 50 50 50 50 50 50 50 50 48 43 37 31 8 6 6 6 0 0 
81 78 78 78 78 78 78 78 78 78 78 78 78 78 77 77 77 77 77 77 77 77 75 70 66 61 54 54 53 52 51 51 50 50 50 50 50 50 50 50 47 46 42 42 39 35 26 3 1 1 
82 82 78 78 78 78 78 78 78 78 78 78 78 78 78 78 78 78 77 77 77 77 77 77 67 67 63 56 56 56 54 51 51 51 51 51 50 50 50 50 50 50 50 50 48 36 29 26 22 1 
82 81 81 77 77 77 77 77 76 76 76 76 76 76 76 76 76 76 76 76 69 64 58 54 53 53 51 51 51 51 51 50 50 50 50 50 48 42 39 28 28 18 14 9 1 1 1 1 1 1 
86 86 86 86 86 86 83 83 81 81 81 81 81 81 80 80 80 79 79 71 70 69 69 63 63 57 56 56 56 55 54 51 51 51 51 51 51 51 50 50 50 50 50 34 28 20 10 9 5 1 
82 82 81 81 81 81 81 81 72 72 72 72 72 72 72 72 72 72 72 72 72 72 71 71 71 61 60 54 53 51 51 51 51 51 51 51 51 51 51 50 50 50 50 50 48 48 39 29 2 2 
84 84 84 83 83 83 83 83 83 83 80 80 80 80 80 80 79 79 79 79 79 79 79 79 71 54 54 53 53 51 51 51 50 50 50 50 50 50 50 50 50 50 35 32 32 31 30 4 1 0 
84 84 84 80 80 80 80 80 80 80 80 80 80 77 77 77 77 76 76 76 76 76 76 76 76 76 76 76 73 73 68 61 60 58 54 53 52 52 52 50 50 50 50 50 50 28 2 2 0 0 
86 86 86 85 85 85 85 85 85 85 85 85 82 82 82 82 82 82 82 82 82 82 82 82 81 81 76 74 70 70 70 66 60 60 59 56 55 55 54 51 51 51 51 50 50 50 49 45 39 24 
84 84 84 84 84 84 84 84 84 84 84 83 82 82 82 82 82 73 73 72 72 70 65 62 57 57 57 57 52 52 51 51 51 51 51 50 50 50 50 50 50 50 50 44 44 15 8 1 1 1 
84 84 84 82 82 82 82 82 82 82 82 82 82 82 82 82 82 82 82 82 82 73 73 58 56 56 56 52 52 51 50 50 50 50 50 50 50 50 50 50 50 50 50 40 34 10 7 7 7 4 
87 87 87 85 84 84 84 84 84 84 84 84 84 84 84 84 82 82 80 78 78 59 57 57 57 56 56 51 51 51 51 51 51 51 50 50 50 50 47 44 42 38 27 27 6 6 1 1 1 1 
86 85 85 85 84 84 84 84 84 84 84 84 84 84 79 78 78 78 78 78 75 74 72 69 64 61 58 58 56 56 56 55 55 55 51 51 51 51 51 51 50 50 50 32 32 20 13 1 1 1 
86 85 85 85 85 85 85 85 85 85 85 85 85 85 84 82 82 80 80 78 77 77 76 69 69 69 68 67 66 58 58 57 56 53 53 51 50 50 50 50 47 47 44 36 21 8 7 4 4 3 
87 87 87 87 87 86 84 84 84 84 84 84 84 84 84 84 84 84 84 77 71 71 63 61 50 50 50 50 50 50 50 50 50 50 50 50 49 48 48 46 46 43 43 38 31 27 18 12 0 0 
81 79 79 79 78 78 78 78 77 77 77 77 77 77 77 77 77 77 76 76 74 73 71 65 64 62 62 50 50 50 50 50 50 50 50 50 50 49 43 43 40 32 31 7 0 0 0 0 0 0 
83 83 81 81 81 81 80 80 80 80 80 80 80 80 80 80 80 80 80 80 80 80 79 79 79 77 75 73 69 60 56 56 52 51 51 51 51 50 50 50 47 45 43 41 41 23 20 7 7 1 
90 90 90 90 90 90 90 90 90 90 90 90 90 87 84 84 84 77 77 76 74 74 72 67 65 62 61 58 55 55 55 54 51 51 50 50 50 50 50 50 48 48 45 42 41 10 8 8 7 0 
83 83 83 83 83 83 82 82 82 82 82 82 82 82 82 82 80 79 79 79 79 79 70 70 67 60 60 56 54 53 53 51 51 51 51 51 51 50 50 50 50 50 40 38 37 32 27 21 1 0 
89 89 89 89 89 89 87 87 87 87 86 86 86 86 83 83 83 69 68 68 68 68 64 60 60 60 58 57 56 55 51 51 51 51 51 51 51 50 50 50 50 48 46 42 39 36 34 23 4 2 
87 87 87 87 87 87 87 87 87 87 87 87 85 83 82 80 80 67 67 59 58 58 58 58 58 57 56 55 55 55 54 50 50 50 50 50 50 50 50 50 50 50 50 50 48 47 36 27 1 1 
88 88 88 88 88 88 88 88 88 88 88 88 87 86 81 81 72 72 70 66 58 58 58 58 58 57 57 57 57 56 56 56 50 50 50 50 50 50 50 50 50 49 44 24 7 0 0 0 0 0 
84 84 84 84 84 84 84 84 84 84 84 84 84 84 84 84 84 84 77 69 58 58 58 58 58 58 56 56 55 54 54 54 52 52 52 52 51 51 51 50 50 50 50 41 36 9 9 9 7 2 
87 87 87 87 87 87 87 87 87 87 87 87 87 87 87 87 87 87 87 86 82 76 75 58 56 56 56 56 56 51 51 51 50 50 50 50 50 50 50 50 50 43 42 41 40 27 9 4 1 1 
86 86 86 86 86 86 86 86 86 86 86 86 86 86 86 86 86 85 82 80 57 57 57 57 57 52 52 52 52 52 51 51 51 51 51 51 51 50 50 50 50 50 34 32 28 16 7 7 7 6 
79 79 79 79 79 79 79 79 79 79 79 79 79 79 79 79 79 79 79 79 79 79 79 79 79 73 61 61 61 61 61 57 50 50 50 50 50 50 50 50 39 39 31 25 13 11 0 0 0 0 
84 84 84 84 84 84 84 84 84 84 84 84 83 83 83 83 83 83 81 81 79 72 62 59 59 59 59 59 58 58 54 54 50 50 50 50 50 50 50 50 50 50 50 30 29 13 11 8 0 0 
81 81 81 81 81 81 81 81 81 81 81 81 81 81 81 81 80 79 75 75 75 71 71 64 63 62 57 57 54 51 51 51 51 51 50 50 50 50 50 50 50 49 49 39 39 34 34 28 2 2 
80 80 80 80 80 80 80 80 80 80 80 80 80 80 80 73 70 70 66 62 62 60 59 59 56 50 50 50 50 50 50 50 50 50 50 50 47 43 38 38 36 36 27 0 0 0 0 0 0 0 
80 80 80 80 80 80 80 80 80 80 80 80 80 80 80 80 80 80 79 78 78 78 68 68 65 65 60 59 59 59 59 58 55 51 51 51 51 50 50 50 33 33 31 20 18 11 2 1 1 1 
87 87 87 87 87 87 87 87 87 87 87 87 87 87 87 84 83 75 74 73 72 71 69 57 57 57 57 57 57 56 56 50 50 50 50 50 50 40 36 25 24 7 7 7 0 0 0 0 0 0 
86 86 86 86 86 86 86 86 86 86 86 86 86 84 84 83 83 83 77 77 77 67 67 67 63 63 57 53 52 52 52 50 50 50 50 50 50 50 50 48 47 47 40 31 27 25 10 2 2 2 
87 87 87 87 87 87 87 87 87 87 87 87 87 87 87 87 87 87 83 76 76 76 73 69 61 58 52 51 51 50 50 50 50 50 50 50 50 50 50 50 50 48 47 47 39 38 24 23 20 1 
81 81 81 81 81 81 81 81 81 81 81 81 81 81 81 80 77 72 72 69 65 59 58 56 53 51 51 51 51 50 50 50 50 50 50 50 50 47 47 20 20 20 20 11 10 9 1 1 1 1 
87 87 87 87 87 87 87 87 87 87 87 87 87 87 87 87 87 66 61 58 58 58 57 55 55 55 55 55 54 51 51 51 50 50 50 50 50 50 43 25 20 19 10 7 7 1 1 1 1 0 
83 82 82 82 82 82 82 82 82 82 82 82 82 82 82 82 67 60 59 59 57 57 57 56 52 52 52 52 52 52 52 52 52 52 52 50 50 50 50 50 50 50 28 28 22 14 9 2 2 2 
87 87 87 87 87 87 87 87 87 87 87 87 87 84 79 79 68 68 68 63 61 61 61 60 56 52 52 52 52 52 50 50 50 50 48 39 27 23 22 17 15 14 14 13 2 2 2 2 0 0 
86 86 86 86 86 86 86 86 86 86 86 86 86 86 86 84 80 66 61 56 56 55 52 52 52 50 50 50 50 50 42 41 40 38 38 30 30 24 24 18 17 11 8 8 2 2 2 2 0 0 
