0.0625 0.875 0.0 0.3125 0.0625 0.25 0.28125 0.71875 0.25 0.28125 
0.0625 0.0 0.0625 0.9375 0.03125 0.1875 0.90625 0.125 0.0 0.84375 
0.3125 0.53125 0.71875 0.0625 0.0 0.0625 0.9375 0.03125 0.1875 0.90625 
0.53125 0.71875 0.0625 0.0 0.0625 0.9375 0.03125 0.1875 0.90625 0.0625 
0.53125 0.71875 0.53125 0.8125 0.53125 0.0625 0.0 0.0625 0.9375 0.03125 
0.34375 0.4375 0.375 0.3125 0.53125 0.71875 0.53125 0.8125 0.53125 0.0625 
0.5625 0.53125 0.71875 0.53125 0.8125 0.53125 0.4375 0.6875 0.65625 0.84375 
0.5625 0.5 0.53125 0.71875 0.53125 0.8125 0.53125 0.6875 0.65625 0.84375 
0.5625 0.5 0.53125 0.5 0.53125 0.71875 0.53125 0.8125 0.53125 0.6875 
0.5625 0.5 0.53125 0.5 0.46875 0.5625 0.46875 0.5 0.3125 0.3125 
0.5625 0.5 0.53125 0.5 0.46875 0.46875 0.5 0.5 0.5 0.46875 
0.4375 0.46875 0.5625 0.5 0.53125 0.5 0.46875 0.46875 0.5 0.5 
0.4375 0.46875 0.46875 0.5625 0.5 0.53125 0.5 0.46875 0.46875 0.5 
0.4375 0.46875 0.46875 0.5 0.46875 0.5625 0.5 0.53125 0.5 0.46875 
0.46875 0.4375 0.5 0.53125 0.5 0.53125 0.5 0.46875 0.46875 0.5625 
0.46875 0.5 0.4375 0.5 0.53125 0.5 0.53125 0.53125 0.46875 0.53125 
0.46875 0.5 0.46875 0.46875 0.5 0.5 0.4375 0.5 0.53125 0.53125 
0.46875 0.5 0.46875 0.46875 0.46875 0.5 0.4375 0.5 0.4375 0.46875 
0.46875 0.46875 0.46875 0.46875 0.5 0.4375 0.5 0.5 0.46875 0.5 
0.46875 0.46875 0.46875 0.5 0.4375 0.5 0.5 0.46875 0.5 0.46875 
0.5 0.375 0.46875 0.46875 0.46875 0.5 0.4375 0.5 0.5 0.46875 
0.375 0.375 0.46875 0.46875 0.46875 0.5 0.4375 0.5 0.5 0.46875 
0.375 0.375 0.46875 0.46875 0.46875 0.5 0.4375 0.5 0.5 0.46875 
0.375 0.375 0.46875 0.46875 0.46875 0.5 0.4375 0.5 0.5 0.46875 
0.375 0.375 0.4375 0.46875 0.46875 0.46875 0.5 0.4375 0.5 0.5 
0.375 0.375 0.4375 0.40625 0.46875 0.46875 0.46875 0.5 0.4375 0.5 
0.375 0.375 0.4375 0.40625 0.46875 0.46875 0.46875 0.5 0.4375 0.5 
0.375 0.375 0.4375 0.40625 0.40625 0.4375 0.375 0.40625 0.4375 0.46875 
0.375 0.375 0.4375 0.40625 0.40625 0.4375 0.375 0.40625 0.4375 0.375 
0.375 0.375 0.40625 0.40625 0.375 0.40625 0.375 0.40625 0.46875 0.46875 
0.375 0.375 0.40625 0.40625 0.375 0.40625 0.375 0.40625 0.46875 0.40625 
0.375 0.375 0.40625 0.40625 0.375 0.40625 0.375 0.40625 0.46875 0.40625 
0.375 0.375 0.40625 0.40625 0.375 0.40625 0.375 0.40625 0.46875 0.40625 
0.375 0.375 0.40625 0.40625 0.375 0.40625 0.375 0.40625 0.46875 0.40625 
0.375 0.375 0.40625 0.40625 0.375 0.40625 0.375 0.40625 0.46875 0.40625 
0.375 0.375 0.40625 0.40625 0.375 0.40625 0.375 0.40625 0.46875 0.40625 
0.375 0.375 0.40625 0.40625 0.375 0.40625 0.375 0.40625 0.46875 0.40625 
0.375 0.375 0.40625 0.40625 0.375 0.40625 0.375 0.40625 0.46875 0.40625 
0.375 0.375 0.40625 0.40625 0.375 0.40625 0.375 0.40625 0.46875 0.40625 
0.375 0.375 0.40625 0.40625 0.375 0.40625 0.375 0.40625 0.46875 0.40625 
0.375 0.375 0.40625 0.40625 0.375 0.40625 0.375 0.40625 0.46875 0.40625 
0.375 0.375 0.40625 0.40625 0.375 0.40625 0.375 0.40625 0.46875 0.40625 
0.375 0.375 0.40625 0.40625 0.375 0.40625 0.375 0.40625 0.46875 0.40625 
0.375 0.375 0.40625 0.40625 0.375 0.40625 0.375 0.40625 0.46875 0.40625 
0.375 0.375 0.40625 0.40625 0.375 0.40625 0.375 0.40625 0.46875 0.40625 
0.375 0.375 0.40625 0.40625 0.375 0.40625 0.375 0.40625 0.46875 0.40625 
0.375 0.375 0.40625 0.40625 0.375 0.40625 0.375 0.40625 0.46875 0.40625 
0.375 0.375 0.40625 0.40625 0.375 0.40625 0.375 0.40625 0.46875 0.40625 
0.375 0.375 0.40625 0.40625 0.375 0.40625 0.375 0.40625 0.46875 0.40625 
0.375 0.375 0.40625 0.40625 0.375 0.40625 0.375 0.40625 0.46875 0.40625 
