52 51 50 50 50 50 50 50 50 50 50 50 50 50 50 50 50 50 50 50 50 18 14 11 3 3 3 3 3 3 3 3 3 3 3 3 2 2 2 2 2 1 1 1 1 1 1 1 1 1 
57 51 51 51 51 51 51 51 50 50 50 50 50 50 50 50 50 50 50 50 50 50 50 50 50 50 50 50 50 50 33 23 12 11 10 10 8 6 2 2 2 2 2 2 1 1 1 1 1 1 
71 65 65 53 53 53 53 53 53 53 50 50 50 50 50 50 50 50 50 50 50 50 50 50 50 50 50 50 50 50 50 50 50 50 50 50 50 50 42 30 30 11 3 3 3 3 3 3 3 3 
73 62 62 50 50 50 50 50 50 50 50 50 50 50 50 50 50 50 50 50 50 50 50 50 50 50 50 50 50 50 50 50 44 43 42 42 12 9 4 0 0 0 0 0 0 0 0 0 0 0 
76 64 59 59 59 52 51 51 51 51 51 51 51 51 51 51 51 51 50 50 50 50 50 50 50 50 35 23 17 13 11 3 3 3 3 3 3 2 2 2 1 1 1 1 1 1 1 1 1 1 
83 83 73 61 59 59 59 57 50 50 50 50 50 50 50 50 50 50 50 50 50 50 50 50 50 50 50 50 50 50 50 50 50 26 23 18 17 0 0 0 0 0 0 0 0 0 0 0 0 0 
85 83 77 73 73 69 65 65 65 65 65 64 58 56 54 54 54 54 52 52 52 52 52 52 52 52 52 50 50 50 50 50 50 49 49 38 35 17 17 6 6 6 6 6 6 6 6 4 4 2 
83 83 83 78 72 64 63 63 62 62 62 62 62 62 62 62 62 61 61 58 58 57 54 51 51 51 50 50 50 50 50 50 50 50 50 50 46 44 44 30 24 15 12 12 8 8 8 1 1 1 
76 76 76 69 68 67 66 66 66 66 66 65 65 65 65 65 52 52 52 52 52 52 51 51 50 50 50 50 36 35 35 24 17 17 17 16 16 16 15 11 10 6 5 3 3 3 3 2 2 1 
83 83 82 79 76 73 71 64 64 63 63 63 63 63 62 62 62 62 62 62 61 61 61 58 55 51 51 51 51 50 50 50 50 50 50 50 50 46 46 45 43 32 30 27 27 18 14 13 1 1 
78 78 78 78 78 78 77 71 71 70 69 68 68 67 67 67 65 64 64 60 60 60 60 58 52 52 52 50 50 50 50 50 50 50 50 50 50 39 39 37 35 31 28 19 13 8 7 2 0 0 
82 82 82 82 82 82 82 82 82 82 82 82 74 71 69 68 66 66 65 61 61 60 57 57 57 57 55 53 51 51 51 51 51 50 47 42 40 35 34 31 29 22 20 14 14 10 4 4 4 1 
77 77 77 77 77 77 77 77 77 77 76 72 72 72 72 66 66 66 61 59 56 56 55 52 52 52 52 50 50 50 50 44 38 36 35 23 18 18 16 13 8 7 6 5 5 5 2 2 2 0 
78 78 78 78 78 78 78 78 78 78 78 78 78 77 77 77 69 69 69 69 63 63 62 61 61 56 56 56 56 50 50 50 50 50 50 50 50 50 42 37 34 26 19 18 12 6 4 0 0 0 
75 75 75 75 75 75 75 75 75 75 75 75 75 75 75 70 68 68 68 66 64 58 58 58 58 58 56 56 56 56 52 52 52 52 51 50 50 50 35 35 25 22 19 9 9 8 7 3 3 3 
76 76 76 76 76 76 76 76 76 76 76 76 76 76 76 75 65 61 61 61 56 56 53 53 53 52 52 52 52 52 52 52 52 52 51 51 51 51 50 36 34 29 27 21 17 5 3 3 3 3 
81 81 81 81 81 81 81 81 81 81 81 81 81 79 73 70 64 53 53 52 52 52 52 52 52 51 50 50 50 50 50 50 50 50 50 37 37 36 31 28 26 15 3 2 2 2 2 2 0 0 
76 76 76 76 76 76 76 76 76 76 76 76 76 76 75 63 63 63 63 52 52 52 52 51 51 51 50 50 43 34 34 29 28 28 28 28 27 16 11 11 9 8 3 3 3 3 3 3 3 3 
84 84 84 84 84 84 84 84 84 84 84 84 84 83 73 71 71 61 56 53 51 51 50 50 50 50 40 40 32 32 28 20 20 20 18 15 12 12 9 9 9 7 7 2 2 2 2 2 2 1 
84 84 84 84 84 84 84 84 84 84 84 84 84 84 84 84 84 80 68 58 57 57 57 54 53 53 52 52 52 52 51 51 50 50 41 39 34 29 29 20 19 18 14 14 9 4 3 3 3 3 
77 77 77 77 77 77 77 77 77 77 77 77 77 77 77 77 77 77 77 77 77 77 75 59 53 51 50 50 50 50 50 50 50 50 50 44 41 39 27 26 26 24 13 10 10 3 1 1 1 1 
84 84 84 84 84 84 84 84 84 84 84 84 84 84 84 84 83 81 81 72 56 51 51 51 50 50 50 50 50 50 50 46 41 40 37 36 36 35 35 35 19 14 9 9 6 6 2 1 1 1 
78 78 78 78 78 78 78 78 78 78 78 78 78 78 78 77 75 57 56 52 52 52 51 51 51 51 51 51 51 50 50 50 48 48 46 41 29 24 21 18 16 8 3 3 3 3 3 3 3 3 
80 80 80 80 80 80 80 80 80 80 80 80 80 80 80 78 52 51 51 51 51 51 51 51 50 50 50 50 50 50 50 42 41 37 36 31 31 31 31 31 29 18 15 8 6 1 1 1 1 0 
78 78 78 78 78 78 78 78 78 78 78 78 78 78 78 78 77 77 67 67 55 55 51 51 51 51 51 50 50 50 50 50 44 36 29 29 28 27 23 23 17 7 5 1 1 1 1 1 1 1 
79 79 79 79 79 79 79 79 79 79 79 79 79 75 75 62 60 54 52 52 52 52 52 52 50 50 50 50 45 43 41 39 35 29 28 28 27 18 16 10 7 6 6 5 2 2 2 2 2 2 
77 77 77 77 77 77 77 77 77 77 77 77 77 77 77 77 77 77 77 77 77 77 77 75 66 66 65 65 57 52 52 52 52 52 52 51 50 50 43 39 35 33 29 19 13 10 10 3 3 3 
80 80 80 80 80 80 80 80 80 80 80 80 80 80 76 74 74 74 74 74 60 56 51 51 51 51 51 51 51 51 50 50 50 45 33 32 31 31 31 30 3 3 1 1 1 1 1 1 1 0 
79 79 79 79 79 79 79 79 79 79 79 79 79 79 79 79 79 77 71 71 71 71 56 56 56 56 52 51 51 50 50 50 50 50 50 50 39 36 34 34 32 29 29 29 26 1 1 1 1 1 
74 74 74 74 74 74 74 74 74 74 74 74 74 72 66 64 60 59 56 54 51 51 51 51 51 51 50 50 50 50 50 50 50 50 50 50 43 43 36 30 30 29 25 17 11 4 4 1 1 1 
74 74 74 74 74 74 74 74 74 74 74 74 74 74 74 68 68 59 56 55 54 54 51 51 51 51 50 50 50 50 50 50 34 33 24 22 18 12 6 4 4 4 4 1 1 1 1 1 1 1 
80 80 80 80 80 80 80 80 80 80 80 80 80 80 79 79 53 53 52 51 51 51 51 51 51 51 51 50 50 50 50 50 50 45 37 16 15 10 8 4 3 3 1 1 1 1 1 0 0 0 
81 81 81 81 81 81 81 81 81 81 81 81 81 81 81 81 81 81 80 80 79 79 63 63 58 58 51 50 50 50 50 50 50 50 35 32 17 14 10 8 7 4 1 1 1 1 1 1 1 0 
78 78 78 78 78 78 78 78 78 78 78 78 78 78 78 78 78 78 78 75 52 52 52 52 52 52 52 50 50 50 50 50 50 38 33 33 29 29 28 21 13 8 8 6 6 2 2 2 2 2 
81 81 81 81 81 81 81 81 81 81 81 81 81 81 81 81 81 81 81 81 66 60 58 58 52 52 52 52 52 52 52 51 51 51 51 51 50 50 38 38 14 10 7 7 3 3 3 3 3 3 
77 77 77 77 77 77 77 77 77 77 77 77 77 77 77 73 63 53 53 53 52 52 52 52 52 52 52 50 50 50 50 50 50 50 50 50 50 36 35 35 29 28 26 22 14 6 2 2 2 2 
83 83 83 83 83 83 83 83 83 83 83 83 83 83 68 61 56 56 52 52 50 50 50 50 50 44 43 43 33 33 26 25 24 18 15 13 9 6 6 6 4 2 2 2 2 2 2 2 2 2 
78 78 78 78 78 78 78 78 78 78 78 78 78 78 78 78 60 60 60 58 50 50 50 50 50 50 50 50 50 50 50 46 34 28 24 24 23 16 15 11 8 8 5 0 0 0 0 0 0 0 
86 86 86 86 86 86 86 86 86 86 86 86 86 86 86 85 85 85 83 74 58 57 57 56 56 54 54 51 51 51 51 51 50 47 38 37 21 11 10 8 6 5 5 4 2 2 2 1 1 1 
83 83 83 83 83 83 83 83 83 83 83 83 83 83 83 83 83 83 83 83 81 81 81 81 78 62 59 53 53 53 53 53 53 53 53 50 50 50 50 41 33 33 33 15 12 12 3 3 3 0 
78 78 78 78 78 78 78 78 78 78 78 78 78 78 78 78 78 74 70 70 57 57 55 55 55 51 51 51 51 51 50 50 50 50 50 50 50 50 37 36 29 29 29 25 24 18 14 13 7 1 
78 78 78 78 78 78 78 78 78 78 78 78 78 78 78 77 77 77 77 75 69 56 56 51 51 51 50 50 50 50 50 50 50 50 43 38 27 26 26 26 10 8 8 8 7 1 1 1 1 0 
82 82 82 82 82 82 82 82 82 82 82 82 82 82 82 82 82 82 82 79 62 62 51 51 51 51 51 51 51 50 50 50 50 50 50 48 45 44 41 38 32 32 29 7 7 7 1 1 1 0 
78 78 78 78 78 78 78 78 78 78 78 78 78 78 78 78 78 77 76 76 62 50 50 50 50 50 50 50 50 50 50 50 38 37 36 34 17 14 11 6 6 0 0 0 0 0 0 0 0 0 
84 83 83 83 83 83 83 83 83 83 83 83 83 83 83 83 83 83 83 83 77 77 74 73 56 51 51 50 50 50 43 41 39 35 34 34 33 33 31 30 23 15 11 11 10 10 6 5 1 1 
79 79 79 79 79 79 79 79 79 79 79 79 79 79 79 79 79 79 77 69 55 53 53 50 50 50 50 50 50 50 50 41 41 38 38 37 35 34 31 29 28 28 27 25 5 4 1 0 0 0 
78 78 77 77 77 77 77 77 77 77 77 77 77 77 77 77 75 70 70 68 68 58 53 53 53 53 52 52 52 36 36 30 30 27 23 17 14 11 10 10 8 5 5 5 5 5 5 5 5 5 
81 81 80 80 80 80 80 80 80 80 80 80 80 80 80 80 70 70 56 54 52 52 51 51 51 51 51 51 50 40 38 36 33 32 32 31 21 8 8 7 6 6 3 3 3 3 3 2 2 2 
81 81 80 80 80 79 79 79 79 79 79 79 79 79 79 79 79 64 63 51 51 51 51 51 51 50 50 50 50 50 42 41 40 30 26 25 22 20 19 16 16 13 13 10 7 7 6 1 1 1 
88 85 85 85 84 84 84 84 84 84 84 84 84 84 79 58 55 55 50 50 50 50 50 50 50 50 50 50 50 50 50 50 50 38 38 38 37 35 34 34 30 9 8 6 4 0 0 0 0 0 
