0.8125 0.5 0.84375 0.125 0.53125 0.5 0.15625 0.21875 0.40625 0.96875 
0.84375 0.15625 0.96875 0.09375 1.0 0.03125 0.875 0.90625 0.25 0.96875 
0.84375 0.15625 0.96875 0.09375 1.0 0.03125 0.875 0.90625 0.25 0.96875 
0.25 0.1875 0.84375 0.15625 0.96875 0.09375 1.0 0.03125 0.875 0.90625 
0.25 0.1875 0.84375 0.9375 0.3125 0.875 0.125 0.90625 0.40625 0.21875 
0.25 0.1875 0.3125 0.125 0.40625 0.21875 0.40625 0.25 0.1875 0.84375 
0.65625 0.25 0.1875 0.3125 0.125 0.40625 0.21875 0.40625 0.25 0.1875 
0.65625 0.65625 0.25 0.1875 0.3125 0.125 0.40625 0.21875 0.40625 0.25 
0.65625 0.65625 0.25 0.1875 0.3125 0.125 0.40625 0.21875 0.40625 0.25 
0.65625 0.65625 0.65625 0.5625 0.25 0.1875 0.3125 0.125 0.40625 0.21875 
0.5625 0.65625 0.65625 0.65625 0.65625 0.25 0.1875 0.3125 0.125 0.40625 
0.5625 0.65625 0.65625 0.65625 0.65625 0.65625 0.375 0.25 0.1875 0.3125 
0.5625 0.65625 0.65625 0.65625 0.65625 0.65625 0.65625 0.5625 0.65625 0.375 
0.5625 0.65625 0.65625 0.65625 0.65625 0.65625 0.65625 0.5625 0.65625 0.375 
0.5625 0.65625 0.65625 0.65625 0.65625 0.65625 0.65625 0.5625 0.65625 0.59375 
0.5 0.5625 0.65625 0.65625 0.65625 0.65625 0.65625 0.65625 0.5625 0.65625 
0.5 0.4375 0.5625 0.65625 0.65625 0.65625 0.65625 0.65625 0.65625 0.5625 
0.5 0.4375 0.4375 0.5625 0.5625 0.5625 0.625 0.5625 0.5625 0.625 
0.5 0.5625 0.5625 0.625 0.5625 0.5625 0.5625 0.5 0.65625 0.625 
0.5 0.53125 0.53125 0.53125 0.5625 0.5625 0.5625 0.625 0.5625 0.5625 
0.5 0.53125 0.53125 0.53125 0.53125 0.5 0.53125 0.4375 0.5625 0.5625 
0.5 0.53125 0.53125 0.53125 0.53125 0.5 0.53125 0.59375 0.65625 0.53125 
0.5 0.53125 0.53125 0.53125 0.53125 0.53125 0.53125 0.5 0.5 0.53125 
0.53125 0.53125 0.53125 0.53125 0.53125 0.53125 0.5 0.5 0.53125 0.53125 
0.53125 0.53125 0.53125 0.53125 0.53125 0.53125 0.53125 0.53125 0.53125 0.5 
0.53125 0.53125 0.53125 0.53125 0.53125 0.53125 0.53125 0.53125 0.53125 0.53125 
0.53125 0.53125 0.53125 0.53125 0.53125 0.53125 0.53125 0.53125 0.53125 0.53125 
0.53125 0.53125 0.53125 0.53125 0.53125 0.53125 0.53125 0.53125 0.53125 0.53125 
0.53125 0.53125 0.53125 0.53125 0.53125 0.53125 0.53125 0.53125 0.53125 0.53125 
0.53125 0.53125 0.53125 0.53125 0.53125 0.53125 0.53125 0.53125 0.53125 0.53125 
0.53125 0.53125 0.53125 0.53125 0.53125 0.53125 0.53125 0.53125 0.53125 0.53125 
0.53125 0.53125 0.53125 0.53125 0.53125 0.53125 0.53125 0.53125 0.53125 0.53125 
0.53125 0.53125 0.53125 0.53125 0.53125 0.53125 0.53125 0.53125 0.53125 0.53125 
0.53125 0.53125 0.53125 0.53125 0.53125 0.53125 0.53125 0.53125 0.53125 0.53125 
0.53125 0.53125 0.53125 0.53125 0.53125 0.53125 0.53125 0.53125 0.53125 0.53125 
0.53125 0.53125 0.53125 0.53125 0.53125 0.53125 0.53125 0.53125 0.53125 0.53125 
0.53125 0.53125 0.53125 0.53125 0.53125 0.53125 0.53125 0.53125 0.53125 0.53125 
0.53125 0.53125 0.53125 0.53125 0.53125 0.53125 0.53125 0.53125 0.53125 0.53125 
0.53125 0.53125 0.53125 0.53125 0.53125 0.53125 0.53125 0.53125 0.53125 0.53125 
0.53125 0.53125 0.53125 0.53125 0.53125 0.53125 0.53125 0.53125 0.53125 0.53125 
0.53125 0.53125 0.53125 0.53125 0.53125 0.53125 0.53125 0.53125 0.53125 0.53125 
0.5625 0.53125 0.53125 0.53125 0.53125 0.53125 0.53125 0.53125 0.53125 0.53125 
0.53125 0.53125 0.53125 0.53125 0.53125 0.53125 0.53125 0.53125 0.53125 0.53125 
0.53125 0.53125 0.53125 0.53125 0.53125 0.53125 0.53125 0.53125 0.53125 0.53125 
0.53125 0.53125 0.53125 0.53125 0.53125 0.53125 0.53125 0.53125 0.53125 0.53125 
0.53125 0.53125 0.53125 0.53125 0.53125 0.53125 0.53125 0.53125 0.53125 0.53125 
0.53125 0.53125 0.53125 0.53125 0.53125 0.53125 0.53125 0.53125 0.53125 0.53125 
0.53125 0.53125 0.53125 0.53125 0.53125 0.53125 0.53125 0.53125 0.53125 0.53125 
0.53125 0.53125 0.53125 0.53125 0.53125 0.53125 0.53125 0.53125 0.53125 0.53125 
0.53125 0.53125 0.53125 0.53125 0.53125 0.53125 0.53125 0.53125 0.53125 0.53125 
