% Ministry of Cellular Automata
% Project Deux (CS523 Spring 2015)
% Version:v0.1-66-g3e0f-dirty
%  pop:50
%  ic count:100
%  CA Log option:r2/run44
%  width:121
%  max workers:4
%  radius:2
%  iterations:300
%  generations:50

 generation 0.3.2.1.3.3.1.3.3.3.3.3.1.50.1.50.2.1.3.50.1.2.52.50.52.1.3.3.1.23.3.2.50.39.3.3.1.3.1.2.34.41.2.3.1.50.50.1.3.3.1.xover.mutate.done 50
 generation 1.52.52.50.50.50.50.50.50.50.30.2.29.2.2.2.0.24.2.12.8.52.12.50.2.2.0.8.8.50.2.2.0.2.50.2.2.2.0.2.50.52.2.50.46.2.0.52.2.0.2.xover.mutate.done 50
 generation 2.52.52.52.52.52.50.50.50.50.50.50.2.50.50.2.2.50.2.3.50.0.0.2.6.50.2.38.2.2.34.43.50.0.50.17.50.2.2.50.52.50.2.2.2.2.50.2.2.2.0.xover.mutate.done 50
 generation 3.50.50.50.50.50.50.50.50.50.50.46.50.50.0.20.0.0.50.50.20.50.0.50.20.50.20.50.0.54.50.0.0.0.0.0.0.50.50.0.50.50.50.0.46.14.0.18.4.0.18.xover.mutate.done 50
 generation 4.56.51.51.51.51.51.51.50.50.50.50.51.0.1.1.50.10.1.51.50.50.1.50.0.1.1.1.38.50.13.13.50.50.50.1.51.1.50.5.0.14.50.50.50.1.0.51.56.51.1.xover.mutate.done 50
 generation 5.57.57.52.52.52.52.52.52.52.52.51.51.51.51.2.59.2.3.50.2.52.2.2.57.12.50.52.52.57.52.3.2.3.51.50.50.50.2.50.51.50.52.52.10.50.50.3.59.50.2.xover.mutate.done 50
 generation 6.61.61.59.59.59.59.50.50.50.50.6.59.61.59.10.50.50.50.50.50.51.50.0.1.51.1.1.50.9.1.50.8.1.50.59.59.50.50.59.10.57.0.50.50.50.50.51.61.13.1.xover.mutate.done 50
 generation 7.61.61.61.61.57.57.57.57.57.57.50.50.13.52.41.0.50.61.55.50.50.57.50.9.57.57.50.52.50.57.48.61.61.61.0.57.2.2.9.61.61.61.61.50.50.50.61.2.57.50.xover.mutate.done 50
 generation 8.57.57.57.57.57.57.56.56.56.57.6.50.51.57.9.50.57.50.2.41.57.2.45.57.54.50.16.54.50.57.57.57.50.54.50.50.50.50.54.2.54.54.9.2.57.39.34.22.56.50.xover.mutate.done 50
 generation 9.57.57.57.57.57.57.57.57.57.57.33.69.57.8.30.30.50.56.57.57.57.50.50.50.50.1.50.39.9.50.57.57.57.1.45.56.56.50.50.50.57.8.50.50.50.50.56.50.10.57.xover.mutate.done 50
 generation 10.69.58.58.58.58.58.58.58.58.58.5.50.0.58.69.5.50.52.55.58.55.50.0.58.58.50.57.8.79.50.58.50.50.37.58.50.50.58.50.50.55.7.50.58.55.50.50.50.58.54.xover.mutate.done 50
 generation 11.81.67.67.61.61.61.61.61.61.61.61.22.1.51.50.61.67.61.55.11.61.71.51.11.1.54.61.5.1.51.61.67.67.61.54.11.61.60.51.81.5.61.61.61.67.61.51.61.14.51.xover.mutate.done 50
 generation 12.72.72.67.66.66.66.66.68.66.56.56.57.56.29.59.0.56.56.66.56.50.66.50.50.66.66.63.66.66.50.6.59.56.13.67.56.50.23.56.56.6.31.56.56.56.6.6.56.6.68.xover.mutate.done 50
 generation 13.83.83.64.64.62.62.61.62.61.61.11.53.56.56.56.1.18.48.61.56.48.83.74.53.62.18.7.53.56.18.20.11.7.56.50.9.56.56.74.56.9.31.61.53.53.56.56.53.53.56.xover.mutate.done 50
 generation 14.79.79.79.71.71.66.66.68.68.65.5.19.69.79.58.16.54.65.17.65.79.55.71.68.8.38.9.65.51.79.59.57.57.59.71.65.8.71.65.65.59.72.59.59.1.55.51.51.59.38.xover.mutate.done 50
 generation 15.90.90.90.90.90.90.76.74.74.74.0.48.50.9.41.70.90.29.90.50.10.0.90.54.67.66.29.76.50.69.50.59.44.4.50.29.76.74.90.67.74.90.10.67.50.67.54.60.50.54.xover.mutate.done 50
 generation 16.83.83.83.83.83.83.83.83.83.83.70.69.52.52.69.83.83.10.83.68.52.83.4.52.10.60.52.69.83.83.49.52.83.57.72.47.52.10.83.52.52.58.12.44.70.83.4.52.52.68.xover.mutate.done 50
 generation 17.79.79.79.79.79.79.79.79.80.79.58.52.2.71.79.23.79.52.4.79.52.52.52.71.71.52.72.52.13.52.52.79.46.52.56.2.4.52.4.4.52.79.79.52.52.78.29.10.79.79.xover.mutate.done 50
 generation 18.79.79.79.79.79.79.79.79.79.79.66.50.63.56.50.18.77.79.67.50.50.36.55.79.79.79.50.0.55.50.50.50.71.77.71.0.50.50.6.50.71.50.67.79.77.79.50.50.79.13.xover.mutate.done 50
 generation 19.82.82.82.82.82.82.82.82.82.82.68.82.36.50.50.38.71.50.82.52.2.2.80.82.71.51.8.29.58.52.82.52.2.82.82.50.52.2.82.71.52.82.82.68.33.51.52.49.50.71.xover.mutate.done 50
 generation 20.82.81.81.81.81.81.81.81.81.81.81.21.82.81.52.52.51.81.51.26.51.51.81.51.81.51.68.52.52.41.3.81.70.52.68.81.3.52.52.81.81.3.51.3.3.81.82.51.52.51.xover.mutate.done 50
 generation 21.79.79.79.78.78.78.78.78.78.78.2.78.51.51.46.51.2.12.78.2.51.37.78.51.51.51.51.2.78.79.50.79.79.79.51.78.51.51.70.51.2.78.2.78.2.78.78.46.79.51.xover.mutate.done 50
 generation 22.78.78.78.78.78.78.78.78.78.78.38.78.78.48.78.50.50.78.0.78.50.13.52.78.75.13.14.52.50.2.50.38.0.13.78.78.78.77.2.50.78.2.78.50.50.78.78.77.50.78.xover.mutate.done 50
 generation 23.77.77.77.77.77.77.77.77.77.77.39.58.77.50.63.66.77.33.37.31.51.50.77.67.33.66.77.45.60.45.50.45.77.9.6.77.31.66.77.57.7.77.1.23.45.60.77.11.51.50.xover.mutate.done 50
 generation 24.83.83.83.83.83.83.83.83.82.82.51.9.81.57.50.5.51.50.59.36.50.81.83.17.21.51.83.76.50.50.76.1.67.65.55.82.45.82.44.50.83.82.83.82.51.44.81.50.19.50.xover.mutate.done 50
 generation 25.81.81.81.81.81.81.81.81.81.81.81.8.80.13.50.50.79.47.38.35.40.50.50.81.57.55.50.81.71.15.55.5.1.50.81.81.22.39.50.36.55.57.69.50.80.22.80.50.6.50.xover.mutate.done 50
 generation 26.86.86.86.86.86.86.86.86.86.86.44.86.50.50.27.10.52.86.86.65.58.52.10.68.86.86.8.86.86.50.52.50.52.86.52.50.86.50.10.71.52.30.52.22.50.52.86.86.50.86.xover.mutate.done 50
 generation 27.84.84.84.84.84.84.84.84.84.84.83.1.40.1.83.51.70.51.51.51.15.2.20.2.51.2.84.84.39.50.51.50.51.51.51.84.20.64.13.84.84.84.51.42.19.2.40.84.14.84.xover.mutate.done 50
 generation 28.82.82.82.82.82.82.82.82.82.82.75.52.12.82.82.50.19.52.50.58.80.52.2.82.50.82.82.12.11.2.2.50.42.82.82.2.82.43.50.50.52.50.46.50.2.80.82.50.50.50.xover.mutate.done 50
 generation 29.79.79.79.79.79.79.79.79.79.79.52.2.39.2.52.52.52.71.39.4.50.67.4.79.79.79.52.46.10.79.38.52.50.79.20.52.52.2.79.52.39.79.79.60.20.79.2.40.78.79.xover.mutate.done 50
 generation 30.80.80.80.80.80.80.80.80.80.80.80.62.6.55.7.67.51.37.80.66.37.80.63.0.50.78.13.51.37.50.51.51.14.35.41.13.21.80.1.50.50.13.80.31.37.37.37.51.37.40.xover.mutate.done 50
 generation 31.80.80.80.80.80.80.80.80.80.80.80.71.70.10.10.80.15.62.34.50.51.50.50.80.63.79.80.28.39.42.15.50.71.50.50.51.80.0.79.80.50.80.57.57.39.1.80.32.38.50.xover.mutate.done 50
 generation 32.83.83.83.83.83.83.83.83.83.83.83.51.40.50.83.55.50.1.59.43.11.52.83.83.10.83.83.50.32.59.51.12.68.51.1.7.1.83.8.1.1.54.50.83.33.7.83.50.50.50.xover.mutate.done 50
 generation 33.76.76.76.76.76.76.76.76.76.76.50.49.60.60.57.30.34.76.22.15.45.8.32.51.76.60.39.76.50.78.76.32.76.76.41.57.45.50.57.34.5.76.50.51.57.50.57.76.57.76.xover.mutate.done 50
 generation 34.82.79.79.79.79.79.79.79.79.79.17.51.60.51.51.66.82.50.60.34.66.17.51.66.52.78.11.22.51.51.26.16.56.3.34.46.79.52.11.35.1.67.79.79.79.51.44.35.79.11.xover.mutate.done 50
 generation 35.76.76.87.87.87.87.87.87.87.87.84.39.87.72.72.87.73.50.52.46.42.46.65.52.86.52.83.2.83.83.86.52.52.53.50.52.51.87.87.52.87.87.50.87.87.44.32.86.50.50.xover.mutate.done 50
 generation 36.84.84.84.84.84.84.84.84.84.84.60.52.70.48.52.51.36.48.16.52.36.16.52.84.84.9.60.52.48.52.28.56.52.52.50.51.84.52.51.70.40.81.51.56.11.51.51.52.7.84.xover.mutate.done 50
 generation 37.76.76.76.76.76.76.76.76.76.76.76.58.73.39.6.75.76.75.2.2.51.51.2.51.69.15.69.76.75.51.76.51.76.51.75.76.76.51.51.38.39.50.2.13.51.76.76.58.51.8.xover.mutate.done 50
 generation 38.79.79.79.79.79.79.79.79.79.79.51.78.19.50.31.76.59.79.1.79.51.23.53.53.78.79.1.79.39.48.50.17.51.1.79.59.76.49.51.29.79.1.51.1.79.23.50.50.33.76.xover.mutate.done 50
 generation 39.84.84.84.84.84.84.84.84.84.84.51.84.13.80.51.50.84.51.2.33.84.41.13.83.1.51.40.35.2.84.51.19.84.84.57.51.51.2.25.2.84.51.84.60.51.41.71.13.13.80.xover.mutate.done 50
 generation 40.80.80.80.80.80.80.80.80.80.80.80.61.50.50.80.50.80.80.77.67.33.0.80.44.38.49.25.67.61.23.80.11.21.31.50.80.50.0.23.67.80.77.6.50.0.11.38.28.80.61.xover.mutate.done 50
 generation 41.83.83.83.83.83.83.83.83.83.83.82.51.83.83.51.51.51.51.25.51.32.50.81.51.51.83.51.83.6.83.29.83.51.2.41.46.46.58.51.35.2.82.50.47.50.83.83.9.51.51.xover.mutate.done 50
 generation 42.83.83.83.83.83.83.83.83.83.83.50.52.83.34.52.50.58.50.52.55.15.24.2.83.52.80.50.50.52.2.40.52.2.83.50.83.50.15.67.52.50.83.0.6.83.58.15.50.2.58.xover.mutate.done 50
 generation 43.81.81.81.81.81.81.81.81.81.81.81.56.50.81.54.0.47.0.81.50.4.50.14.38.81.81.4.51.54.50.39.50.50.0.51.4.50.21.50.50.81.10.0.54.0.0.40.81.81.81.xover.mutate.done 50
 generation 44.72.72.72.72.72.72.72.72.72.72.71.52.72.44.52.71.44.59.52.21.50.72.43.71.50.50.2.52.52.50.52.50.55.7.72.44.48.41.13.18.50.25.68.71.52.50.50.71.72.50.xover.mutate.done 50
 generation 45.87.87.87.87.87.87.87.87.87.87.59.50.2.2.62.12.50.75.52.86.87.78.86.2.52.66.72.50.52.52.75.62.87.50.2.50.50.86.87.2.10.58.47.2.62.72.9.52.52.52.xover.mutate.done 50
 generation 46.77.77.77.77.77.77.77.77.77.77.50.50.77.50.50.71.50.77.57.76.56.50.71.17.77.77.57.33.50.77.50.50.0.35.50.13.50.50.49.77.77.38.17.77.27.50.77.57.13.50.xover.mutate.done 50
 generation 47.76.76.76.76.76.76.76.76.76.76.76.52.51.76.60.50.67.2.10.67.63.15.35.10.10.42.38.15.76.3.3.35.50.52.1.76.33.76.3.3.35.30.58.50.3.2.76.76.39.3.xover.mutate.done 50
 generation 48.83.83.83.83.83.83.83.83.83.83.83.83.82.51.53.34.83.51.62.40.37.62.51.50.80.82.83.80.50.37.16.53.82.51.83.34.13.38.3.53.50.83.13.83.74.51.51.83.82.53.xover.mutate.done 50
 generation 49.78.78.78.78.78.78.78.78.78.78.50.50.50.50.50.50.28.77.74.50.50.50.55.50.50.77.39.55.0.50.0.78.78.78.50.19.50.78.69.78.55.50.50.74.50.19.50.50.15.50.xover.mutate.done 50
 24045848 iters     905370 iter/sec (26.56 s)
 total time: 26.56
