% Ministry of Cellular Automata
% Project Deux (CS523 Spring 2015)
% Version:v0.1-66-g3e0f-dirty
%  pop:50
%  ic count:100
%  CA Log option:r2/run45
%  width:121
%  max workers:4
%  radius:2
%  iterations:300
%  generations:50

 generation 0.50.0.50.50.1.1.1.50.50.0.1.50.1.0.50.1.1.50.1.1.50.1.0.50.1.35.51.51.50.0.15.1.2.51.1.50.50.50.4.1.9.50.50.1.1.51.0.50.1.1.xover.mutate.done 50
 generation 1.52.52.52.52.50.50.51.50.50.50.51.36.2.1.52.1.23.51.30.52.3.3.52.52.50.3.51.2.1.50.2.3.50.50.1.19.50.2.1.3.3.14.3.50.2.50.50.50.50.8.xover.mutate.done 50
 generation 2.50.50.50.50.50.50.50.50.52.52.0.50.50.50.2.0.0.2.50.50.50.50.50.50.37.50.0.50.50.50.50.2.50.2.50.50.50.2.52.0.11.0.50.27.50.0.9.52.2.2.xover.mutate.done 50
 generation 3.50.50.50.50.52.52.52.52.52.52.34.50.52.50.52.50.2.2.52.50.0.50.52.52.2.7.52.52.50.2.2.52.52.52.52.52.2.2.52.52.50.52.52.2.50.52.52.52.52.52.xover.mutate.done 50
 generation 4.51.51.51.51.51.51.51.51.51.51.51.53.50.51.53.4.51.4.4.53.51.4.4.51.51.51.4.51.4.4.51.4.15.53.53.4.1.4.51.50.18.51.53.51.51.51.51.53.4.4.xover.mutate.done 50
 generation 5.51.51.51.51.51.51.51.51.51.51.27.2.51.2.51.51.51.51.2.2.2.51.50.8.23.2.2.2.51.30.51.4.2.51.2.51.2.51.2.35.2.2.1.2.51.1.1.51.51.2.xover.mutate.done 50
 generation 6.51.51.51.51.51.51.51.51.51.51.51.2.8.2.1.2.2.51.33.51.2.2.2.4.51.51.51.51.51.2.50.2.51.2.51.1.51.22.51.51.51.51.2.1.8.2.2.2.2.51.xover.mutate.done 50
 generation 7.51.51.51.51.51.51.51.50.50.50.11.51.50.50.1.50.1.50.1.50.50.51.11.7.51.50.50.50.51.1.50.1.1.42.1.1.1.1.51.1.1.51.1.11.1.1.50.1.51.1.xover.mutate.done 50
 generation 8.50.50.50.50.50.50.50.50.50.50.8.51.1.0.50.16.1.18.50.1.51.0.50.51.1.7.50.51.51.6.51.50.1.50.31.8.1.51.0.0.1.50.0.51.1.50.50.1.51.1.xover.mutate.done 50
 generation 9.52.52.52.52.52.52.52.52.52.51.52.3.51.51.52.75.3.3.51.52.52.3.52.52.51.83.3.3.51.83.51.1.51.1.51.3.1.52.51.3.3.3.3.3.52.11.50.52.52.51.xover.mutate.done 50
 generation 10.71.71.67.50.50.50.50.50.50.50.50.1.1.1.50.1.22.1.50.77.50.55.4.50.30.10.71.1.50.51.1.50.1.51.0.50.50.50.71.1.1.16.50.29.50.1.1.1.1.1.xover.mutate.done 50
 generation 11.88.85.85.85.85.70.58.51.51.51.51.1.51.36.36.35.51.51.51.36.7.51.2.2.2.2.2.21.7.51.51.51.51.2.1.2.51.2.51.2.2.51.51.42.51.51.2.51.2.51.xover.mutate.done 50
 generation 12.82.80.80.80.80.70.60.51.51.50.6.1.1.1.50.50.0.1.3.14.50.13.50.4.8.50.1.40.6.80.1.80.80.50.0.50.50.40.1.50.50.50.51.1.50.21.50.1.50.1.xover.mutate.done 50
 generation 13.83.78.78.78.78.78.78.78.69.59.50.78.83.78.0.50.25.0.0.70.50.83.0.50.0.50.50.50.78.50.69.78.50.83.0.0.23.50.0.50.50.50.0.78.0.78.50.50.50.68.xover.mutate.done 50
 generation 14.87.87.87.87.81.81.81.81.81.81.51.51.87.4.81.51.81.1.1.19.4.51.51.51.51.69.51.7.51.51.26.87.1.80.81.51.17.38.81.50.51.51.17.51.51.87.1.7.1.84.xover.mutate.done 50
 generation 15.89.89.89.89.89.89.89.82.82.82.89.48.42.30.89.13.89.52.52.89.52.39.89.7.2.89.52.89.80.82.3.58.3.82.79.89.52.41.52.52.52.89.14.82.52.52.89.52.36.82.xover.mutate.done 50
 generation 16.87.87.87.87.87.87.87.87.87.87.24.87.42.66.51.87.51.87.51.51.87.87.73.82.51.57.84.87.51.51.87.51.3.87.51.87.51.84.51.87.3.87.51.45.3.51.87.87.51.87.xover.mutate.done 50
 generation 17.83.83.83.83.83.83.83.83.83.83.50.80.50.19.82.83.57.50.50.83.36.57.50.35.6.50.50.78.82.50.0.83.83.78.50.83.83.53.83.50.50.76.8.41.50.37.82.53.83.0.xover.mutate.done 50
 generation 18.93.93.93.93.93.93.93.93.93.93.93.91.37.93.51.93.47.1.93.93.50.70.51.93.93.50.93.53.93.91.93.93.93.88.50.51.40.93.93.48.51.93.70.93.93.63.51.1.93.77.xover.mutate.done 50
 generation 19.87.87.87.87.87.87.87.87.87.87.85.87.61.51.74.6.87.87.87.51.87.41.81.87.81.87.51.76.68.86.7.87.51.1.87.51.41.51.68.43.87.86.31.43.87.85.87.51.87.81.xover.mutate.done 50
 generation 20.84.84.84.84.84.84.84.84.84.84.76.53.84.47.14.4.81.84.51.84.51.84.82.84.4.32.4.53.81.84.4.39.51.84.53.62.84.84.60.84.84.51.84.84.7.25.32.4.83.4.xover.mutate.done 50
 generation 21.87.87.87.87.87.87.87.87.87.87.87.87.73.50.50.51.85.3.73.88.84.50.51.87.45.34.83.88.50.50.1.51.50.87.8.75.57.87.82.50.84.25.50.87.82.84.40.50.87.50.xover.mutate.done 50
 generation 22.86.86.86.86.86.86.86.86.86.86.50.50.50.86.50.38.50.37.50.86.86.86.47.86.58.51.86.75.50.23.51.50.83.61.10.50.3.50.86.86.56.23.86.10.86.86.58.50.86.86.xover.mutate.done 50
 generation 23.83.83.83.83.83.83.83.83.83.82.83.51.34.83.83.60.83.83.63.51.34.61.23.83.55.50.63.83.83.63.58.51.49.83.51.1.1.51.83.83.83.49.83.83.51.47.50.1.51.83.xover.mutate.done 50
 generation 24.89.89.88.88.88.88.88.88.88.88.52.52.40.52.52.47.88.44.52.87.52.88.88.58.52.89.60.44.52.52.45.88.52.52.14.83.58.82.88.60.83.88.70.88.52.88.66.40.52.52.xover.mutate.done 50
 generation 25.90.90.90.90.90.90.90.90.90.90.73.82.73.90.57.78.71.1.51.90.90.90.47.73.51.50.50.31.90.61.9.22.13.81.90.90.90.51.51.53.50.78.90.90.90.57.78.84.63.90.xover.mutate.done 50
 generation 26.85.85.85.85.85.85.85.85.85.85.11.50.28.85.10.60.50.52.50.37.50.85.85.52.85.85.38.85.53.85.85.64.50.50.50.28.50.85.85.85.85.39.57.83.50.85.85.85.83.33.xover.mutate.done 50
 generation 27.78.78.78.78.78.78.78.78.78.78.78.29.51.77.29.31.53.78.36.78.76.15.31.62.70.25.59.78.78.8.53.53.26.78.40.4.53.4.59.53.51.51.78.53.53.77.78.78.62.38.xover.mutate.done 50
 generation 28.82.82.82.81.81.81.81.81.81.81.51.9.59.10.81.59.42.82.72.68.12.81.81.81.59.81.59.50.80.81.59.58.58.50.1.50.82.64.71.62.51.50.12.81.47.50.25.59.82.50.xover.mutate.done 50
 generation 29.85.85.85.85.85.85.84.84.84.84.50.85.1.84.68.50.3.51.85.84.54.68.85.85.84.1.84.84.1.50.85.50.50.50.56.51.1.72.53.50.57.84.54.55.85.17.84.43.50.84.xover.mutate.done 50
 generation 30.88.88.88.88.88.88.88.88.88.88.0.63.37.80.87.80.80.42.87.50.50.50.50.35.42.30.71.80.85.87.10.50.87.87.87.71.87.87.87.88.87.88.87.55.88.87.87.31.80.40.xover.mutate.done 50
 generation 31.83.83.83.83.83.83.83.83.83.83.74.83.83.52.83.4.60.83.52.33.83.83.77.72.24.52.83.77.74.74.52.83.83.83.13.83.83.83.60.60.83.52.50.83.36.74.77.52.83.83.xover.mutate.done 50
 generation 32.77.77.77.77.77.77.77.77.77.77.59.71.29.34.77.50.50.77.34.77.31.75.24.31.77.77.77.77.77.51.31.77.77.77.23.71.74.51.77.75.77.50.77.77.33.77.51.66.66.34.xover.mutate.done 50
 generation 33.85.85.85.85.85.85.85.85.85.85.6.60.50.77.84.60.84.84.27.75.67.85.60.85.17.85.84.46.73.85.0.77.50.63.50.4.85.80.83.84.60.10.50.84.85.84.50.77.85.31.xover.mutate.done 50
 generation 34.80.80.80.80.80.80.80.80.80.80.80.79.50.80.80.20.68.80.21.29.50.10.67.32.80.80.11.80.32.32.77.80.35.60.1.44.17.50.80.50.40.36.50.79.80.80.80.32.80.50.xover.mutate.done 50
 generation 35.83.83.83.83.83.83.83.83.83.83.37.83.67.83.26.51.11.6.83.83.83.38.26.39.1.83.51.1.83.50.75.51.43.26.39.35.39.50.51.2.83.83.68.38.39.35.50.83.2.83.xover.mutate.done 50
 generation 36.84.84.84.84.84.84.84.84.84.84.32.50.84.50.50.82.83.50.84.84.83.10.73.84.83.50.84.74.73.73.53.50.82.6.84.6.50.35.71.35.0.50.10.60.84.82.29.84.37.84.xover.mutate.done 50
 generation 37.84.84.84.84.84.84.84.84.84.84.84.84.84.68.57.83.74.83.53.42.4.57.57.83.84.57.29.84.50.83.84.61.3.55.53.64.50.36.44.50.83.3.4.84.83.74.53.65.53.57.xover.mutate.done 50
 generation 38.86.86.86.86.86.86.86.86.86.86.86.31.16.86.86.86.53.60.66.10.10.86.50.10.86.21.50.30.17.53.21.11.17.86.79.53.53.16.31.82.50.86.86.70.74.70.76.0.86.10.xover.mutate.done 50
 generation 39.87.87.87.87.87.87.87.87.87.87.50.75.50.5.50.54.40.6.67.11.51.79.87.87.66.87.87.15.87.50.43.22.20.87.28.55.87.87.87.4.87.50.45.51.66.55.50.87.67.11.xover.mutate.done 50
 generation 40.88.88.88.88.88.88.88.88.88.88.0.62.87.12.88.50.88.88.88.50.48.77.50.87.87.87.65.86.61.74.88.50.55.50.74.74.55.31.0.88.88.88.74.0.65.18.65.50.44.50.xover.mutate.done 50
 generation 41.83.83.83.83.83.83.83.83.83.83.83.3.83.75.53.3.83.39.43.63.25.50.83.67.3.50.3.81.61.83.83.34.83.40.53.62.83.11.39.53.26.20.15.83.62.83.53.80.34.83.xover.mutate.done 50
 generation 42.91.91.91.91.91.91.91.91.91.91.91.56.91.50.60.50.32.59.58.91.91.50.45.91.15.91.32.52.91.45.52.89.52.74.61.18.52.81.20.84.91.25.89.45.52.91.50.11.50.52.xover.mutate.done 50
 generation 43.90.90.90.90.90.90.90.90.90.90.80.90.90.90.42.59.25.52.90.27.63.89.90.22.60.90.2.68.14.90.50.77.89.90.60.90.15.60.2.89.50.90.36.25.75.90.90.21.9.80.xover.mutate.done 50
 generation 44.85.85.85.85.85.85.85.85.85.85.85.52.63.3.55.85.51.62.85.24.66.85.40.1.39.57.56.7.11.52.39.76.17.85.48.72.9.33.51.85.57.12.52.52.73.46.85.85.52.39.xover.mutate.done 50
 generation 45.86.86.86.86.86.86.86.86.86.86.63.86.42.68.86.61.69.44.27.86.86.72.63.83.72.86.1.26.50.1.86.50.37.44.86.63.86.51.86.72.0.75.48.72.84.51.63.50.40.51.xover.mutate.done 50
 generation 46.86.86.86.86.86.86.86.86.86.86.83.63.50.84.86.9.39.86.77.84.38.86.50.86.75.83.43.77.51.49.86.43.50.86.1.49.86.38.50.51.43.25.48.86.25.86.50.50.71.67.xover.mutate.done 50
 generation 47.91.91.91.91.91.91.91.91.91.91.54.54.84.30.88.20.84.91.73.47.80.91.80.89.91.73.71.54.91.91.21.91.91.91.80.91.50.89.91.73.86.91.91.30.50.80.4.91.47.91.xover.mutate.done 50
 generation 48.87.87.87.87.87.87.87.87.87.87.51.87.87.87.75.87.87.24.43.86.31.87.72.86.87.21.84.49.21.60.66.87.43.87.86.70.87.81.87.87.72.58.87.87.49.40.16.87.5.31.xover.mutate.done 50
 generation 49.85.85.85.85.85.85.85.85.85.85.38.51.85.37.52.82.65.85.49.82.80.3.36.80.3.51.72.8.8.85.59.37.82.52.69.52.38.85.85.85.82.52.85.38.38.38.59.52.40.80.xover.mutate.done 50
 21463466 iters     892794 iter/sec (24.04 s)
 total time: 24.04
