50 50 50 50 50 50 50 50 50 50 50 50 50 50 50 50 22 21 17 2 2 2 2 2 2 2 2 2 2 2 2 2 2 2 2 2 2 2 2 0 0 0 0 0 0 0 0 0 0 0 
52 50 50 50 50 50 50 50 50 50 50 50 50 50 50 50 50 50 50 50 50 50 50 50 50 50 39 37 21 20 18 15 12 8 8 8 2 2 2 2 2 2 2 2 2 2 2 2 2 2 
52 52 52 51 51 51 50 50 50 50 50 50 50 50 50 50 50 50 50 50 50 50 50 50 50 50 50 50 50 50 38 23 19 13 11 10 3 3 3 3 3 2 2 2 1 1 1 1 1 1 
56 51 51 51 51 51 51 51 51 51 51 51 51 51 51 51 51 50 50 50 50 50 50 50 50 50 50 50 50 50 50 50 50 42 33 32 22 21 16 15 13 10 9 2 2 2 2 1 1 1 
59 52 52 52 52 52 50 50 50 50 50 50 50 50 50 50 50 50 50 50 50 50 50 50 50 50 50 50 50 37 30 25 14 12 11 11 2 2 2 2 2 2 2 2 2 0 0 0 0 0 
60 57 57 52 52 52 52 52 52 52 52 52 52 52 52 52 50 50 50 50 50 50 50 50 50 50 50 50 50 50 50 50 50 50 50 50 50 19 12 10 8 2 2 2 0 0 0 0 0 0 
59 59 59 59 58 58 52 52 52 52 52 52 52 52 52 52 52 52 52 52 52 52 52 50 50 50 50 50 50 50 13 11 10 10 8 8 8 2 2 2 2 2 2 2 2 0 0 0 0 0 
58 58 58 58 58 56 56 55 55 54 51 51 51 51 51 51 51 51 51 51 51 51 51 51 51 51 51 50 50 50 46 40 40 18 16 14 11 10 10 9 7 6 1 1 1 1 1 1 1 0 
70 60 60 60 60 60 58 58 56 56 56 56 50 50 50 50 50 50 50 50 50 50 50 50 50 50 50 43 21 18 14 14 12 10 10 10 10 10 10 9 9 8 7 6 6 6 6 6 6 0 
64 62 62 58 58 58 58 58 58 58 57 56 56 55 55 53 53 52 52 52 52 52 45 40 31 22 19 14 14 14 14 14 14 14 13 12 10 10 10 8 8 8 7 3 3 3 3 3 3 3 
81 67 64 64 60 60 60 59 58 57 57 57 57 57 57 57 57 57 57 55 54 54 50 50 44 40 40 38 34 33 32 27 17 16 16 15 12 9 8 7 7 7 7 5 5 0 0 0 0 0 
84 76 76 74 66 66 66 64 63 61 61 61 59 57 57 57 56 56 56 56 56 55 55 55 55 55 54 54 54 53 50 50 50 46 46 43 40 26 9 7 6 5 5 5 4 4 3 1 1 1 
76 76 76 76 68 68 68 67 67 67 66 66 66 66 66 66 64 64 64 64 64 64 64 64 60 56 56 56 56 50 50 38 37 37 36 21 20 18 16 16 13 13 13 12 10 6 1 1 1 0 
83 80 80 80 80 80 80 78 75 75 75 75 71 71 71 68 68 67 66 65 65 62 61 59 58 58 54 54 54 54 51 51 51 50 50 50 50 50 44 40 35 31 27 27 21 12 12 7 7 0 
82 81 81 81 81 81 81 81 81 81 81 79 76 76 76 72 72 72 68 67 67 67 63 62 62 60 56 56 56 56 55 51 51 50 41 41 34 31 25 21 17 13 11 10 10 10 5 4 4 1 
80 78 78 78 78 78 78 78 78 78 78 78 78 78 78 78 78 78 75 62 60 59 58 56 55 54 53 53 50 50 50 50 50 50 46 41 40 36 36 35 29 14 12 8 6 5 4 4 4 0 
81 78 78 78 78 78 78 78 78 78 78 78 78 75 71 71 71 71 69 56 56 56 55 53 52 52 52 52 52 52 52 52 50 50 50 41 40 39 35 33 31 28 26 26 20 15 11 7 5 2 
89 86 86 86 86 86 86 86 86 86 86 86 86 86 86 86 81 76 67 60 58 56 56 56 56 56 52 52 50 50 50 50 50 50 50 50 50 50 50 46 46 40 39 38 25 25 19 19 11 2 
84 79 79 79 79 79 79 79 79 79 79 79 79 79 79 79 79 79 79 79 76 72 68 67 61 59 58 52 51 51 51 51 51 51 51 51 51 51 51 51 50 50 50 43 42 23 14 10 2 2 
86 86 84 84 84 84 84 84 84 84 84 84 84 84 84 84 84 84 84 84 84 84 84 71 71 51 51 51 51 51 50 50 50 50 50 50 50 45 45 44 44 43 37 25 21 11 1 1 1 0 
77 77 75 75 75 75 75 75 75 75 75 75 75 75 75 75 75 75 75 75 75 64 53 51 51 50 50 50 50 50 50 50 50 50 50 50 50 50 50 50 50 48 33 33 28 5 1 1 1 0 
82 82 82 79 79 79 79 79 79 79 79 79 79 79 79 79 79 66 66 56 56 50 50 50 50 50 50 50 50 50 50 50 50 50 50 50 50 40 40 35 35 31 29 18 6 3 0 0 0 0 
83 83 83 83 81 81 81 81 81 81 81 81 81 81 81 81 81 81 81 75 75 71 62 62 53 53 53 53 53 53 53 53 53 50 50 50 50 50 50 50 50 29 19 13 8 3 3 3 3 0 
82 82 82 82 82 82 82 82 82 80 80 80 80 80 80 80 80 80 80 80 80 80 80 80 80 80 80 69 68 68 68 68 65 64 53 52 52 52 52 50 50 50 37 34 34 34 30 25 2 2 
82 82 82 82 82 82 82 82 82 82 82 81 78 78 78 78 78 78 78 78 78 73 73 69 66 59 53 53 53 53 53 53 50 50 50 49 38 38 36 36 34 34 28 19 16 9 8 6 3 3 
86 86 86 86 86 86 86 86 86 86 86 86 86 86 86 86 86 86 85 85 85 77 73 73 73 70 59 58 55 54 52 51 51 51 51 51 50 47 46 46 44 44 42 42 9 9 9 9 3 1 
89 89 89 89 89 89 89 89 89 89 89 89 89 89 89 89 89 88 81 75 75 66 65 65 63 57 52 52 52 52 51 51 51 51 51 51 50 45 44 44 43 43 43 40 37 33 28 25 13 3 
89 89 89 89 89 89 89 89 89 89 89 89 89 89 89 89 89 88 88 85 85 80 67 61 61 59 59 56 51 51 51 51 50 50 50 50 50 50 50 49 47 46 44 40 40 31 20 18 8 6 
86 86 86 86 86 86 86 86 86 86 86 86 86 86 86 86 86 86 84 84 84 62 60 60 59 55 55 53 53 50 50 50 50 50 50 50 50 50 49 44 44 44 43 41 39 19 17 8 7 0 
83 83 83 83 83 83 83 83 83 83 83 83 83 83 83 83 83 83 83 83 82 81 81 81 66 62 58 51 51 51 51 51 51 51 51 50 50 38 34 34 34 33 25 19 14 9 8 1 1 1 
95 95 95 95 95 95 95 95 95 95 95 95 95 95 95 95 95 95 95 95 95 95 86 78 77 65 63 63 55 52 52 52 52 52 52 52 51 51 51 51 48 48 47 30 29 29 27 13 2 2 
77 77 77 77 77 77 77 77 77 77 77 77 77 77 63 59 59 58 58 58 57 57 57 56 50 50 50 50 50 50 50 50 50 50 50 50 50 50 50 50 46 37 37 33 31 10 6 0 0 0 
84 84 84 84 84 84 84 84 84 84 84 84 84 84 84 83 74 73 59 56 56 52 52 52 52 52 52 52 52 52 52 50 47 43 40 40 35 35 31 9 9 7 7 7 6 5 2 2 2 2 
89 89 89 89 89 89 89 89 89 89 89 89 89 89 89 89 89 89 89 89 87 80 61 61 59 59 52 50 50 50 50 50 50 50 50 50 50 50 44 42 42 4 3 0 0 0 0 0 0 0 
84 84 84 84 84 84 84 84 84 84 84 84 84 84 84 79 73 73 63 59 59 58 55 54 51 51 51 51 51 51 51 51 51 51 51 50 50 50 50 46 42 38 37 20 10 1 1 1 1 1 
82 82 82 82 82 82 82 82 82 82 82 82 82 82 82 82 80 75 74 69 66 66 56 56 53 52 50 50 50 50 50 50 50 46 40 38 35 17 10 6 6 6 2 2 2 2 2 0 0 0 
79 79 79 79 79 79 79 79 79 79 79 79 79 79 79 79 79 79 76 73 73 65 65 57 56 56 55 55 55 51 51 51 51 51 50 50 43 33 32 32 21 12 11 10 9 7 6 6 2 1 
86 86 86 86 86 86 86 86 86 86 86 86 86 86 86 86 86 86 78 68 59 58 58 55 52 52 50 50 50 50 50 50 50 50 50 50 50 48 41 41 40 38 38 8 4 3 2 2 0 0 
87 87 87 87 87 87 87 87 87 87 87 87 87 87 87 87 87 87 87 81 66 58 57 56 56 55 51 51 51 51 51 51 51 51 51 51 50 50 50 50 48 44 43 43 40 39 38 1 1 1 
83 83 83 83 83 83 83 83 83 83 83 83 83 83 83 83 83 83 75 72 67 67 60 59 58 54 52 52 52 52 52 52 51 50 50 50 50 50 38 38 34 11 7 2 2 2 2 2 2 2 
82 82 82 82 82 82 82 82 82 82 82 82 82 82 82 82 79 79 78 71 66 61 61 58 56 51 51 51 51 51 51 50 50 50 50 50 50 50 50 39 39 36 15 3 3 3 3 3 3 1 
81 81 81 81 81 81 81 81 81 81 81 81 81 81 81 81 81 76 76 75 74 61 60 60 50 50 50 50 50 50 50 50 50 50 50 50 45 41 37 36 17 7 7 1 1 0 0 0 0 0 
82 82 82 82 82 82 82 82 82 82 82 82 82 74 67 63 60 60 60 58 58 58 50 50 50 50 50 50 50 50 50 50 50 50 50 49 49 49 49 49 35 35 34 34 10 5 0 0 0 0 
83 83 83 83 83 83 83 83 83 83 83 83 83 83 74 71 66 57 56 55 55 54 52 52 52 52 52 52 52 52 52 52 52 52 52 52 50 50 50 50 50 50 42 35 24 18 12 12 2 2 
83 83 83 83 83 83 83 83 83 83 83 83 83 83 83 73 73 66 65 65 61 58 58 58 56 56 56 56 50 50 50 50 50 50 50 50 45 45 39 36 36 26 22 22 20 4 3 3 1 1 
86 86 86 86 86 86 86 86 86 86 86 86 86 86 86 86 86 86 85 69 66 61 59 59 57 55 52 52 52 52 52 52 52 52 52 52 52 42 42 31 29 28 26 26 24 12 6 6 2 2 
79 79 79 79 79 79 79 79 79 79 79 79 78 78 76 68 68 67 65 64 64 64 57 56 55 51 51 51 51 51 51 51 51 38 38 37 33 33 26 10 10 9 8 7 7 3 3 1 1 1 
83 83 83 83 83 83 83 83 83 83 83 83 83 83 67 67 66 64 64 62 62 55 54 51 51 51 51 51 51 51 51 51 51 50 50 43 43 41 34 34 34 22 20 20 16 14 13 8 2 1 
78 78 78 78 78 78 78 78 78 78 78 78 78 78 78 67 67 56 56 50 50 50 50 50 50 50 50 50 37 33 33 29 29 25 23 23 23 18 17 8 7 5 5 0 0 0 0 0 0 0 
83 83 83 83 83 83 83 83 83 83 83 83 83 83 83 76 76 66 66 64 64 61 60 57 51 51 51 51 51 51 51 51 51 51 51 51 50 50 50 50 38 37 37 30 19 18 8 2 1 1 
