% Ministry of Cellular Automata
% Project Deux (CS523 Spring 2015)
% Version:v0.1-66-g3e0f-dirty
%  pop:50
%  ic count:100
%  CA Log option:r2/run40
%  width:121
%  max workers:4
%  radius:2
%  iterations:300
%  generations:50

 generation 0.22.1.51.1.1.1.50.5.1.50.8.0.8.50.1.50.0.1.0.50.1.1.0.1.50.0.23.1.1.50.50.50.0.1.1.50.50.0.11.1.1.50.1.0.0.50.0.1.50.0.xover.mutate.done 50
 generation 1.50.50.50.50.50.50.50.50.50.50.0.15.0.0.50.2.50.50.17.50.50.22.0.50.50.0.0.0.17.50.0.50.0.38.0.1.0.0.0.4.0.0.50.5.0.10.0.50.0.5.xover.mutate.done 50
 generation 2.50.50.50.50.50.50.50.50.52.50.52.17.2.50.50.50.50.50.28.2.50.50.50.50.50.2.50.43.2.50.50.6.50.0.50.50.2.50.2.50.2.50.0.3.50.50.50.0.50.0.xover.mutate.done 50
 generation 3.51.51.51.50.50.50.50.50.50.50.51.51.51.50.1.50.49.42.50.50.1.51.41.2.2.8.51.50.2.50.41.1.51.2.51.2.50.1.50.51.14.1.50.50.51.1.1.1.1.2.xover.mutate.done 50
 generation 4.53.53.51.51.53.51.53.51.53.53.15.4.4.50.50.4.51.53.4.51.50.4.50.26.3.4.51.1.50.53.50.50.7.4.50.4.53.50.51.4.4.4.51.4.3.4.10.51.4.4.xover.mutate.done 50
 generation 5.50.50.50.50.50.50.50.50.50.50.0.0.55.0.0.50.0.0.0.50.0.50.0.0.5.50.0.50.0.5.0.19.50.50.0.50.46.0.0.4.0.19.0.5.50.50.0.50.0.50.xover.mutate.done 50
 generation 6.57.51.51.51.51.51.51.51.51.51.51.2.22.2.1.51.1.51.10.50.1.6.10.51.8.50.2.1.51.2.2.2.1.51.4.1.57.51.50.51.28.51.21.51.15.2.51.9.2.51.xover.mutate.done 50
 generation 7.59.59.53.53.53.53.53.53.53.53.53.12.50.3.4.53.51.53.50.53.7.4.49.53.53.4.9.20.51.51.51.4.53.51.51.53.53.53.12.51.12.53.53.53.51.13.4.53.12.14.xover.mutate.done 50
 generation 8.55.55.51.51.51.51.51.51.51.51.50.51.51.12.51.50.51.1.1.51.11.51.51.51.51.4.1.1.51.51.51.6.51.1.19.6.51.1.51.51.0.51.6.6.51.1.55.51.55.1.xover.mutate.done 50
 generation 9.58.58.58.60.51.51.51.51.51.51.2.51.9.2.9.12.11.16.51.51.16.2.51.51.1.51.51.58.51.51.51.51.51.51.2.16.51.6.2.51.51.12.9.9.51.51.50.2.51.51.xover.mutate.done 50
 generation 10.59.58.58.58.58.50.50.50.50.50.12.50.50.8.11.0.50.50.18.50.0.0.50.50.0.0.50.50.50.50.8.8.58.11.50.11.11.28.50.50.50.0.50.47.50.52.50.0.50.50.xover.mutate.done 50
 generation 11.59.59.59.59.59.59.56.50.50.50.51.50.37.50.50.50.50.50.50.50.50.0.50.59.44.27.50.14.50.50.9.9.50.50.50.50.50.59.9.59.0.11.50.0.50.50.50.50.50.50.xover.mutate.done 50
 generation 12.57.57.57.57.57.57.57.57.57.57.24.1.51.51.50.51.1.57.50.50.1.51.51.51.57.51.57.50.51.51.51.57.50.8.50.46.51.51.57.51.13.37.57.8.44.51.50.51.56.8.xover.mutate.done 50
 generation 13.60.60.60.60.60.60.60.60.60.58.11.50.51.1.60.51.58.51.51.60.0.51.10.1.11.29.31.58.50.54.30.58.32.44.14.51.31.1.1.11.51.50.60.60.51.50.51.23.55.11.xover.mutate.done 50
 generation 14.61.61.61.61.61.61.61.61.61.61.61.3.61.61.52.52.55.51.3.61.52.52.76.3.13.3.51.52.52.61.3.58.52.61.54.61.3.51.52.2.28.61.3.40.61.52.42.50.13.61.xover.mutate.done 50
 generation 15.84.58.58.58.58.58.58.58.58.58.2.58.45.2.24.10.51.58.46.2.1.36.51.58.51.8.51.51.58.57.58.51.58.44.58.44.54.2.8.44.2.9.51.51.57.62.35.1.43.13.xover.mutate.done 50
 generation 16.78.64.58.55.55.55.55.55.55.58.55.55.56.43.64.51.51.6.64.6.56.55.2.14.55.2.13.50.1.43.51.55.58.2.50.15.4.58.50.50.35.50.23.25.51.32.6.58.38.1.xover.mutate.done 50
 generation 17.75.57.57.57.64.64.64.64.64.59.12.20.50.15.50.49.50.59.63.64.51.10.1.64.50.7.51.59.13.50.50.1.10.15.57.51.59.47.50.64.41.50.1.50.22.64.16.1.37.15.xover.mutate.done 50
 generation 18.83.60.60.60.60.60.59.59.59.60.59.40.14.59.59.2.50.59.59.59.52.20.14.83.50.50.50.14.8.46.64.50.23.2.50.0.50.52.65.50.60.16.52.59.59.23.83.59.11.16.xover.mutate.done 50
 generation 19.78.78.78.60.58.57.57.57.57.57.36.50.9.7.57.42.15.50.50.78.53.3.53.34.57.78.45.50.59.53.76.7.50.53.45.6.0.3.58.53.57.20.41.7.57.3.0.20.16.16.xover.mutate.done 50
 generation 20.74.74.74.74.74.74.60.59.58.58.10.56.62.50.50.2.51.24.50.14.51.59.50.26.52.51.27.62.3.74.51.14.51.23.42.51.29.50.20.51.52.22.50.50.21.35.62.51.14.36.xover.mutate.done 50
 generation 21.80.80.80.80.80.79.80.58.58.58.24.2.52.46.52.19.44.12.2.24.0.0.79.52.58.12.19.30.19.50.80.18.0.2.32.40.50.16.46.0.19.79.23.50.2.79.52.62.30.50.xover.mutate.done 50
 generation 22.82.83.83.83.83.83.83.83.83.83.74.58.15.51.15.26.83.83.51.83.3.61.51.55.2.3.42.50.15.51.50.24.26.83.51.58.51.51.77.83.14.58.22.50.83.3.51.83.58.51.xover.mutate.done 50
 generation 23.78.78.78.78.78.78.76.76.76.78.57.29.28.50.71.9.50.0.0.50.39.50.0.74.0.50.50.78.50.76.50.50.12.78.50.76.55.7.30.50.39.2.50.26.50.50.50.50.50.50.xover.mutate.done 50
 generation 24.81.81.81.81.81.81.81.81.81.80.1.40.55.36.51.80.50.46.36.50.15.36.69.66.51.59.31.15.69.50.50.65.61.50.30.81.19.10.55.50.51.36.59.51.50.1.51.50.80.51.xover.mutate.done 50
 generation 25.82.82.82.82.82.82.82.82.82.82.52.82.11.60.50.32.82.11.61.79.60.0.52.2.17.50.52.82.2.60.82.50.50.48.59.50.2.56.50.18.52.15.2.52.82.59.50.82.26.43.xover.mutate.done 50
 generation 26.77.77.77.77.77.77.77.77.77.77.13.14.35.50.50.77.55.50.50.77.50.50.14.14.77.77.40.7.50.50.59.0.9.36.76.77.57.59.31.18.77.9.50.10.76.9.14.67.50.50.xover.mutate.done 50
 generation 27.84.84.84.84.84.84.84.84.84.84.84.50.50.84.84.51.39.76.62.1.84.83.84.62.55.28.65.76.61.55.84.84.16.6.59.84.11.46.50.50.50.65.62.50.50.39.39.51.84.50.xover.mutate.done 50
 generation 28.87.87.87.87.87.87.87.87.87.87.45.87.45.12.20.54.58.68.87.51.75.62.84.38.42.50.59.51.87.87.59.61.13.29.59.50.84.50.45.1.62.50.1.1.61.55.9.45.38.76.xover.mutate.done 50
 generation 29.75.75.75.75.75.75.75.75.75.75.40.74.4.14.74.51.4.1.19.7.19.56.67.7.75.75.51.32.7.56.43.75.56.67.75.75.14.75.75.67.58.40.14.53.16.11.51.23.61.75.xover.mutate.done 50
 generation 30.82.82.82.82.82.82.82.82.82.82.82.82.81.51.51.82.60.82.82.82.51.81.82.82.51.82.82.82.81.50.82.82.81.51.82.50.41.10.82.82.51.81.82.50.59.81.82.11.31.51.xover.mutate.done 50
 generation 31.80.80.80.80.80.80.80.80.80.80.80.80.80.80.3.80.80.80.34.80.3.12.80.63.80.3.50.53.80.36.80.43.53.53.50.80.80.14.80.3.80.80.80.54.80.63.53.80.22.80.xover.mutate.done 50
 generation 32.78.78.78.78.78.78.78.78.78.78.78.29.52.7.78.78.50.51.32.51.78.17.78.52.78.50.78.51.78.78.32.78.78.51.52.78.3.66.78.78.40.78.50.3.51.40.29.18.78.78.xover.mutate.done 50
 generation 33.84.84.84.84.84.84.84.84.84.84.43.43.50.50.47.37.84.47.84.32.62.54.82.79.61.34.34.54.84.84.82.34.82.4.7.43.84.4.50.84.34.84.84.34.50.82.84.84.4.37.xover.mutate.done 50
 generation 34.84.84.84.84.84.84.84.84.84.84.50.58.59.84.34.48.11.6.83.48.48.50.50.37.50.84.50.50.65.59.32.84.84.10.84.23.82.80.84.50.84.59.82.84.84.50.48.65.84.84.xover.mutate.done 50
 generation 35.78.78.78.78.78.78.78.78.78.78.0.78.42.78.78.57.57.28.78.50.74.78.0.41.50.78.78.59.45.78.12.50.78.78.78.50.78.33.0.78.11.78.32.78.63.69.78.50.15.78.xover.mutate.done 50
 generation 36.86.86.86.86.86.86.86.86.86.86.86.51.13.43.86.32.43.85.51.86.7.86.51.56.51.51.62.86.86.56.1.51.22.54.32.86.86.63.22.86.38.86.85.86.51.63.51.56.85.86.xover.mutate.done 50
 generation 37.80.80.80.80.80.80.80.80.80.80.80.21.10.31.66.80.80.80.75.58.9.51.58.7.80.80.80.79.80.51.51.80.80.80.20.35.33.66.59.79.12.79.79.80.80.7.79.59.80.80.xover.mutate.done 50
 generation 38.83.83.83.83.83.83.83.83.83.83.83.17.38.47.83.83.49.47.83.51.83.46.67.83.47.83.83.83.83.83.83.83.62.83.83.51.83.83.49.51.83.38.12.83.46.51.51.38.83.51.xover.mutate.done 50
 generation 39.80.80.80.80.80.80.80.80.80.80.80.80.80.80.80.80.50.38.50.80.44.80.80.30.61.80.50.42.80.50.41.38.42.80.80.42.55.79.0.50.80.80.21.80.80.42.62.80.80.42.xover.mutate.done 50
 generation 40.82.82.82.82.82.82.82.82.82.82.15.81.35.81.35.79.35.82.35.79.82.82.72.50.52.2.82.52.50.82.81.81.45.35.82.82.85.79.82.50.82.50.52.82.59.52.52.82.82.59.xover.mutate.done 50
 generation 41.74.78.78.78.78.78.78.78.78.78.78.76.40.78.11.51.78.77.77.78.78.77.40.12.49.40.78.50.51.49.57.40.32.51.77.36.9.54.78.32.51.78.50.50.1.40.78.78.77.77.xover.mutate.done 50
 generation 42.85.85.85.85.85.85.85.85.85.85.51.36.51.85.36.85.51.84.19.51.81.50.56.81.45.12.43.85.54.39.54.85.85.84.2.59.85.51.51.84.60.51.85.45.84.81.51.85.19.2.xover.mutate.done 50
 generation 43.81.81.81.81.81.81.81.81.81.81.46.50.80.81.81.1.1.75.1.80.51.80.81.81.51.81.51.51.81.51.51.59.51.80.81.49.51.50.31.31.81.37.37.31.18.81.37.35.51.60.xover.mutate.done 50
 generation 44.84.84.84.84.84.84.84.84.84.84.0.9.84.50.50.84.36.50.37.84.36.36.1.36.50.19.42.53.50.1.50.52.56.14.47.84.43.46.50.83.84.83.50.84.1.58.84.83.50.52.xover.mutate.done 50
 generation 45.78.78.78.78.78.78.78.78.78.78.78.75.78.50.56.78.50.2.15.50.78.58.17.52.54.78.78.36.78.50.78.22.78.50.30.54.72.54.78.47.78.36.28.36.72.78.52.17.50.8.xover.mutate.done 50
 generation 46.77.77.77.77.77.77.77.77.77.77.35.2.51.74.51.51.77.77.51.51.59.77.77.60.15.64.61.21.51.19.51.51.77.51.51.77.52.51.50.37.77.77.77.2.21.16.16.45.51.39.xover.mutate.done 50
 generation 47.81.81.81.81.81.81.81.81.81.81.31.50.34.50.56.58.39.80.1.8.81.1.10.81.21.50.37.50.7.80.81.79.50.7.50.10.50.19.81.50.81.56.37.51.51.50.50.46.81.10.xover.mutate.done 50
 generation 48.83.83.83.83.83.83.83.83.83.83.38.13.45.83.18.14.83.52.83.52.83.13.15.10.52.41.83.81.52.83.52.83.81.61.27.83.38.83.50.83.83.79.38.52.83.83.61.52.83.82.xover.mutate.done 50
 generation 49.80.80.80.80.80.80.80.80.80.80.20.80.52.2.60.50.80.50.80.7.50.50.80.30.52.80.22.63.80.35.40.12.69.2.50.2.0.80.35.2.80.2.50.40.51.63.50.80.20.50.xover.mutate.done 50
 23867626 iters     919554 iter/sec (25.96 s)
 total time: 25.96
