% Ministry of Cellular Automata
% Project Deux (CS523 Spring 2015)
% Version:v0.1-66-g3e0f-dirty
%  pop:50
%  ic count:100
%  CA Log option:r2/run49
%  width:121
%  max workers:4
%  radius:2
%  iterations:300
%  generations:50

 generation 0.50.0.50.2.50.2.10.0.2.2.2.50.0.0.50.50.50.2.9.50.50.2.0.2.50.2.0.50.50.2.50.0.2.50.2.50.0.2.2.2.2.0.0.0.2.2.50.13.50.27.xover.mutate.done 50
 generation 1.50.50.50.50.50.50.50.50.50.50.50.50.1.9.46.50.50.50.50.9.18.50.7.50.36.51.50.50.50.8.50.1.14.50.50.1.0.46.10.1.50.1.28.51.50.50.1.1.50.51.xover.mutate.done 50
 generation 2.47.50.50.50.50.50.50.50.50.50.50.50.0.50.50.3.50.26.50.50.50.0.50.0.8.3.50.0.50.23.0.50.0.50.34.26.50.0.24.6.0.27.19.50.0.0.50.36.50.50.xover.mutate.done 50
 generation 3.51.51.50.50.50.50.50.50.50.50.50.50.50.6.1.1.50.50.51.1.1.51.8.1.1.1.50.1.50.50.1.1.50.10.1.50.1.50.50.50.50.50.50.37.1.50.50.7.50.51.xover.mutate.done 50
 generation 4.50.50.50.50.50.50.50.50.50.50.1.0.50.6.50.50.50.0.50.6.18.0.1.50.1.50.50.1.0.50.50.50.1.50.1.51.51.50.1.1.1.0.0.51.10.1.50.51.1.6.xover.mutate.done 50
 generation 5.50.50.50.50.51.51.51.51.51.50.50.36.51.1.1.0.1.51.71.5.1.1.5.8.50.1.51.50.1.51.50.50.51.50.51.51.50.50.5.51.50.0.51.1.25.1.51.1.1.5.xover.mutate.done 50
 generation 6.66.50.50.50.50.50.46.50.50.50.50.50.50.50.0.50.50.0.6.50.0.50.0.6.0.66.0.38.50.50.50.50.0.0.50.50.0.7.50.50.50.0.0.50.0.50.7.5.38.16.xover.mutate.done 50
 generation 7.69.69.51.51.51.51.51.51.51.51.50.51.50.2.51.51.51.51.1.2.51.51.51.1.9.69.8.9.1.40.51.51.40.2.2.51.51.30.51.51.2.51.40.2.51.69.51.2.51.15.xover.mutate.done 50
 generation 8.63.63.63.63.50.50.50.50.50.50.2.50.20.50.50.50.50.17.50.50.19.63.63.1.50.50.2.2.50.50.50.12.2.52.2.0.2.50.63.2.37.50.63.50.52.2.43.50.2.2.xover.mutate.done 50
 generation 9.72.72.72.72.72.71.72.72.50.50.19.7.7.51.1.72.28.55.1.51.51.1.51.51.45.1.1.50.4.1.51.51.1.51.8.51.72.34.0.51.51.55.19.51.18.72.51.19.72.1.xover.mutate.done 50
 generation 10.71.71.71.71.71.71.71.71.71.71.85.40.52.52.3.7.57.33.22.52.14.26.79.52.8.3.8.57.68.3.3.3.57.61.52.52.52.2.57.68.3.52.2.6.40.34.31.68.57.52.xover.mutate.done 50
 generation 11.81.77.70.70.70.70.70.70.70.70.63.51.29.65.63.70.44.51.70.17.3.51.51.51.13.51.43.51.26.61.61.70.70.61.77.70.51.36.61.51.61.52.51.61.70.50.7.70.67.51.xover.mutate.done 50
 generation 12.79.77.77.63.63.63.63.63.63.63.57.56.13.55.51.63.16.63.63.56.76.56.63.51.63.63.51.63.62.51.51.36.41.51.62.63.52.56.71.24.51.56.50.51.61.63.50.56.56.55.xover.mutate.done 50
 generation 13.84.73.73.83.70.73.73.73.73.73.83.1.24.24.4.68.19.65.34.24.66.24.73.72.72.73.1.73.51.53.50.85.57.23.24.81.30.30.73.82.65.50.73.73.53.1.50.78.73.39.xover.mutate.done 50
 generation 14.87.81.79.79.79.79.73.74.74.69.51.58.79.58.53.52.69.68.3.69.69.73.79.48.3.52.82.69.79.79.68.51.79.79.69.79.69.52.69.52.69.62.77.79.52.69.58.52.3.21.xover.mutate.done 50
 generation 15.86.77.78.78.78.81.75.78.78.78.50.62.23.76.73.23.12.61.2.83.78.32.78.61.65.79.2.78.56.50.69.52.76.77.72.57.30.78.52.43.78.83.73.74.78.2.83.73.75.50.xover.mutate.done 50
 generation 16.84.83.83.83.81.80.81.80.80.80.63.28.51.80.51.1.80.76.51.35.8.4.83.51.80.83.51.17.0.43.80.28.54.80.51.50.81.51.55.81.44.76.80.83.50.76.51.68.67.80.xover.mutate.done 50
 generation 17.85.83.85.85.85.85.85.81.81.81.85.81.81.68.26.63.60.81.81.27.81.50.72.51.85.51.81.32.79.50.81.50.81.2.50.32.32.65.60.81.85.81.51.14.67.32.50.81.83.85.xover.mutate.done 50
 generation 18.84.86.86.86.86.86.86.86.86.86.50.61.50.86.86.50.22.0.38.86.50.33.31.63.16.70.61.51.51.84.86.85.42.61.36.0.86.51.86.84.86.81.49.50.86.86.71.50.86.36.xover.mutate.done 50
 generation 19.79.79.79.79.79.79.79.79.79.79.78.79.36.50.80.79.80.0.50.53.51.7.33.76.7.79.32.1.56.76.78.32.0.55.20.36.25.49.50.50.79.76.79.0.51.50.60.78.79.79.xover.mutate.done 50
 generation 20.72.84.82.82.82.82.82.82.82.82.1.78.82.8.68.7.82.82.8.50.61.23.50.32.48.51.51.78.1.59.82.58.1.77.51.84.82.81.72.78.14.50.51.82.1.49.1.50.50.39.xover.mutate.done 50
 generation 21.83.83.81.81.81.81.81.81.81.81.50.79.81.51.72.40.34.50.77.81.50.50.81.50.81.61.50.65.50.39.51.40.40.72.50.57.81.67.81.24.75.81.50.79.59.17.79.31.67.23.xover.mutate.done 50
 generation 22.87.87.87.87.87.87.87.87.87.87.59.1.46.50.87.68.63.50.52.58.51.38.59.50.52.87.67.8.59.50.87.87.51.82.52.52.87.68.84.12.55.59.69.13.52.1.1.52.51.52.xover.mutate.done 50
 generation 23.83.83.81.81.81.81.81.81.81.81.66.56.77.51.75.82.50.31.81.81.60.2.56.61.66.55.81.55.2.76.45.60.60.51.51.51.22.81.75.41.2.80.51.61.51.8.56.50.76.51.xover.mutate.done 50
 generation 24.88.88.83.85.85.85.85.85.85.85.7.48.63.60.85.50.50.24.60.66.83.51.60.85.57.64.2.79.51.10.75.74.85.51.57.45.84.88.74.50.57.15.85.66.74.85.57.85.50.88.xover.mutate.done 50
 generation 25.87.87.87.87.87.87.87.87.87.87.73.52.68.15.76.77.79.59.74.51.87.51.83.60.50.51.33.33.73.87.72.84.50.87.83.68.87.50.66.61.81.50.50.51.87.42.15.79.59.66.xover.mutate.done 50
 generation 26.82.82.82.82.81.81.81.81.81.81.7.38.81.50.0.82.82.80.7.51.51.51.7.51.50.50.65.51.79.51.51.1.79.55.51.50.50.82.54.58.50.51.80.54.50.82.65.50.82.77.xover.mutate.done 50
 generation 27.84.84.84.84.84.84.84.84.84.83.5.54.84.5.51.14.60.51.51.84.51.83.5.62.4.54.66.62.20.10.5.39.61.50.47.54.51.84.84.83.51.66.70.84.62.33.30.51.51.70.xover.mutate.done 50
 generation 28.83.83.82.83.83.82.83.83.82.83.1.51.82.51.83.51.50.50.28.80.51.50.83.11.51.83.1.77.18.51.80.10.80.82.81.1.63.50.83.50.83.51.50.50.50.83.51.61.51.51.xover.mutate.done 50
 generation 29.84.84.84.84.84.84.84.84.84.83.84.84.50.52.2.52.52.34.59.60.84.84.84.2.74.84.84.60.35.50.52.84.52.84.84.84.52.50.84.2.75.72.82.52.50.50.84.52.60.84.xover.mutate.done 50
 generation 30.92.92.92.92.92.92.92.92.92.91.50.50.89.50.86.53.92.54.53.42.88.92.3.92.53.45.42.47.3.66.84.45.84.50.53.7.92.15.64.53.42.3.53.7.63.86.64.53.53.17.xover.mutate.done 50
 generation 31.79.79.79.79.79.79.79.79.79.79.34.50.18.76.70.1.31.50.51.42.78.78.78.79.28.30.78.76.76.12.76.40.61.51.1.78.79.5.59.50.0.78.50.51.32.55.51.51.55.71.xover.mutate.done 50
 generation 32.83.83.83.83.83.83.83.83.83.83.80.28.4.2.52.83.65.52.83.62.2.50.52.78.80.50.66.78.50.79.52.52.52.52.4.56.52.83.78.50.50.78.50.59.78.83.2.4.4.52.xover.mutate.done 50
 generation 33.82.82.82.82.82.82.82.82.82.82.50.50.82.50.50.50.50.50.0.50.24.31.50.69.59.50.50.82.50.8.33.23.50.0.50.82.50.78.78.78.82.11.82.82.55.82.82.50.50.0.xover.mutate.done 50
 generation 34.81.81.81.81.81.81.81.81.81.81.0.81.50.1.59.76.77.81.81.50.74.81.50.81.50.50.1.50.50.81.51.50.50.1.1.1.51.50.50.78.70.73.35.50.50.81.81.76.50.0.xover.mutate.done 50
 generation 35.87.87.87.87.87.87.87.87.87.87.50.57.50.63.84.84.50.31.50.85.50.50.84.87.87.65.84.87.50.0.50.87.50.87.50.50.50.87.0.63.87.8.87.65.50.11.41.50.50.87.xover.mutate.done 50
 generation 36.86.86.86.86.86.86.86.86.86.86.83.81.51.81.86.50.60.37.1.50.82.1.1.86.1.50.50.50.50.50.49.86.27.86.51.1.1.61.59.59.86.1.51.50.86.37.65.50.16.7.xover.mutate.done 50
 generation 37.85.85.85.85.85.85.85.85.85.85.50.50.6.8.4.50.37.50.51.85.85.19.1.85.53.38.41.51.51.51.1.39.1.6.53.85.61.85.4.10.37.85.8.4.50.50.85.51.51.85.xover.mutate.done 50
 generation 38.83.83.83.83.83.83.83.83.83.83.79.2.35.78.11.44.52.83.37.0.66.83.50.2.52.83.83.50.50.52.52.52.2.52.52.58.52.83.83.11.0.80.50.50.52.83.37.30.83.79.xover.mutate.done 50
 generation 39.82.82.82.82.82.82.82.82.82.82.0.50.0.6.82.34.50.0.0.0.82.82.77.50.15.50.50.77.50.40.50.82.82.50.50.82.50.62.69.62.0.82.69.50.0.48.82.50.56.0.xover.mutate.done 50
 generation 40.89.89.89.89.89.89.89.89.89.89.3.50.50.0.50.50.89.89.89.89.0.89.89.89.89.89.39.50.42.0.89.89.0.39.73.50.0.50.50.50.76.13.50.50.0.89.89.89.89.50.xover.mutate.done 50
 generation 41.84.84.84.84.84.84.84.84.84.84.50.84.82.84.50.84.64.84.84.24.62.62.84.50.74.82.50.50.84.50.50.64.63.38.39.50.61.50.50.20.2.84.50.65.50.36.14.50.84.84.xover.mutate.done 50
 generation 42.83.83.83.83.83.83.83.83.83.83.83.51.60.82.50.83.56.60.51.51.83.83.50.1.74.0.51.51.60.50.1.51.33.83.83.50.80.51.10.51.50.60.51.83.50.83.6.83.51.10.xover.mutate.done 50
 generation 43.83.83.83.83.83.83.83.83.83.83.50.83.83.83.50.83.59.83.83.61.50.83.83.35.83.81.50.50.50.50.11.20.40.50.50.83.62.68.83.33.83.72.50.50.82.4.83.60.80.50.xover.mutate.done 50
 generation 44.90.90.90.90.90.90.90.90.90.90.90.90.10.90.4.52.42.90.50.49.90.90.90.90.90.90.52.90.90.90.50.88.52.50.52.52.90.50.10.61.61.61.90.52.90.52.52.9.90.50.xover.mutate.done 50
 generation 45.75.75.75.75.75.75.75.75.75.75.52.50.52.75.75.56.4.60.75.50.52.75.70.2.50.75.52.52.58.28.60.70.13.69.75.75.73.75.50.58.28.11.75.75.56.50.60.75.4.58.xover.mutate.done 50
 generation 46.90.90.90.90.90.90.90.90.90.90.90.51.50.52.51.51.63.62.51.90.2.63.78.80.90.51.90.51.51.61.43.90.42.90.52.78.89.38.51.51.51.34.86.90.51.40.51.51.89.90.xover.mutate.done 50
 generation 47.86.86.86.86.86.86.86.86.86.86.86.70.36.9.50.86.70.86.86.63.55.1.51.41.55.86.70.51.86.54.40.51.50.36.50.47.86.13.41.51.51.42.41.50.86.86.50.77.42.37.xover.mutate.done 50
 generation 48.82.82.82.82.82.82.82.82.82.82.32.3.58.50.52.32.62.50.82.58.37.82.1.23.62.79.58.51.34.37.62.82.82.76.50.60.50.51.55.50.50.51.51.78.82.62.51.51.82.33.xover.mutate.done 50
 generation 49.87.87.87.87.87.87.87.87.87.87.50.23.50.85.22.87.50.50.50.51.45.50.87.87.83.87.87.50.87.50.50.50.36.64.66.50.1.59.50.87.87.59.87.0.50.50.50.87.50.18.xover.mutate.done 50
 20871563 iters     850059 iter/sec (24.55 s)
 total time: 24.55
