% Ministry of Cellular Automata
% Project Deux (CS523 Spring 2015)
% Version:v0.1-66-g3e0f-dirty
%  pop:50
%  ic count:100
%  CA Log option:r2/run48
%  width:121
%  max workers:4
%  radius:2
%  iterations:300
%  generations:50

 generation 0.2.2.2.0.50.0.2.50.2.50.2.2.0.50.50.0.2.2.21.50.0.2.50.2.17.50.2.2.0.0.50.2.0.50.0.2.2.2.0.2.2.50.22.50.50.2.50.0.50.50.xover.mutate.done 50
 generation 1.50.50.50.50.50.50.50.50.50.50.2.50.2.12.2.50.2.2.20.50.50.50.2.50.2.8.21.8.50.50.2.50.50.2.50.15.2.50.39.8.2.2.52.37.50.50.2.2.50.18.xover.mutate.done 50
 generation 2.52.50.50.50.50.50.50.50.50.50.19.50.52.13.50.50.1.1.1.10.50.3.50.23.1.51.50.38.51.50.50.3.50.51.1.50.2.1.3.50.50.50.2.3.11.50.52.3.50.2.xover.mutate.done 50
 generation 3.51.51.51.51.51.51.50.50.50.50.10.50.50.22.50.2.50.50.56.42.51.50.33.50.51.32.51.50.9.1.51.15.2.51.2.51.50.1.1.50.50.50.51.51.51.16.51.13.2.21.xover.mutate.done 50
 generation 4.59.52.52.52.50.50.50.50.52.50.50.11.50.50.50.50.50.2.50.2.0.50.50.2.2.14.30.0.50.2.50.12.2.50.25.37.52.11.2.50.0.50.50.50.0.50.2.0.2.50.xover.mutate.done 50
 generation 5.60.52.52.52.52.52.50.50.50.50.57.50.50.50.0.50.52.52.50.2.50.50.52.0.57.12.50.50.52.50.2.52.2.50.0.50.50.50.50.52.52.19.0.52.50.10.50.0.0.8.xover.mutate.done 50
 generation 6.58.59.59.52.52.52.52.52.52.52.8.52.52.50.52.0.2.8.52.50.50.2.10.52.2.10.0.58.0.59.2.2.0.52.50.50.52.2.8.50.52.0.52.50.59.13.2.11.52.2.xover.mutate.done 50
 generation 7.58.58.58.58.56.56.51.51.51.51.51.50.51.9.1.51.51.1.51.1.50.51.51.1.51.18.6.58.51.11.10.1.51.40.14.10.55.0.51.54.1.51.46.7.40.55.50.16.51.1.xover.mutate.done 50
 generation 8.60.60.60.60.60.56.56.58.58.56.50.50.50.50.9.10.18.50.50.6.9.50.50.12.56.50.6.7.10.10.50.43.0.14.50.14.10.6.6.50.10.50.50.6.70.10.21.8.6.50.xover.mutate.done 50
 generation 9.64.58.58.58.58.58.56.56.53.53.12.3.52.57.14.62.52.45.14.14.10.14.8.31.3.19.3.3.7.22.55.14.13.14.3.40.55.58.52.3.14.52.10.10.3.58.62.8.8.52.xover.mutate.done 50
 generation 10.64.58.60.57.57.57.57.57.57.57.8.15.67.60.7.0.60.54.7.38.16.5.64.0.55.57.59.5.81.32.57.0.16.40.0.9.34.27.54.7.33.17.7.57.50.12.50.44.0.40.xover.mutate.done 50
 generation 11.84.76.74.61.66.66.56.57.56.55.64.61.76.54.6.59.5.63.1.55.7.50.1.4.55.3.56.56.46.53.54.57.54.43.57.61.26.9.46.40.66.4.55.55.5.1.5.50.56.50.xover.mutate.done 50
 generation 12.76.68.68.67.66.66.66.64.64.66.64.12.1.56.56.56.67.68.20.66.64.38.16.64.64.36.1.60.37.21.56.64.13.64.66.10.18.76.16.6.76.13.0.37.76.1.50.67.50.13.xover.mutate.done 50
 generation 13.80.80.78.80.75.75.75.71.71.71.51.51.35.83.54.54.31.7.50.12.27.7.59.21.62.12.80.54.61.68.40.50.66.75.50.27.67.58.54.58.80.0.51.50.44.65.68.65.50.80.xover.mutate.done 50
 generation 14.82.81.81.81.81.81.79.76.72.72.56.56.25.62.63.62.50.67.81.34.56.56.81.10.1.21.72.55.5.60.41.11.13.51.51.4.68.41.76.31.10.81.10.81.4.81.17.67.76.67.xover.mutate.done 50
 generation 15.80.78.78.78.78.78.78.78.78.78.4.60.59.46.8.78.50.50.78.78.58.78.56.12.78.75.41.50.36.6.53.4.78.78.5.29.53.50.54.36.50.40.50.4.14.35.62.78.55.0.xover.mutate.done 50
 generation 16.81.78.78.78.78.78.78.78.78.78.52.52.50.52.26.52.7.75.31.39.71.52.56.55.33.69.71.71.71.56.56.53.41.2.52.50.5.15.40.28.78.35.11.50.52.20.26.78.52.78.xover.mutate.done 50
 generation 17.89.86.86.86.86.86.86.86.86.86.86.60.50.40.46.19.50.50.67.76.86.56.2.52.56.86.52.50.50.56.25.86.39.38.11.50.50.58.86.46.50.56.19.50.25.81.56.86.50.50.xover.mutate.done 50
 generation 18.84.79.79.79.79.79.79.79.79.79.23.51.79.43.51.10.50.51.68.51.50.14.51.42.76.51.79.61.50.59.79.51.51.79.2.51.51.2.79.79.51.72.79.52.79.79.67.79.51.58.xover.mutate.done 50
 generation 19.86.84.84.84.84.84.84.84.84.84.84.51.50.50.50.0.51.84.51.43.84.84.71.84.50.84.1.45.25.50.71.45.44.84.51.44.84.50.84.51.84.21.37.1.86.84.50.11.84.1.xover.mutate.done 50
 generation 20.77.77.75.75.75.75.75.75.75.75.50.75.75.1.75.33.1.64.50.50.51.50.75.33.75.28.50.51.50.50.50.50.48.50.50.75.75.53.75.50.50.5.75.50.0.1.75.50.50.75.xover.mutate.done 50
 generation 21.82.82.79.79.79.79.79.79.79.79.79.50.35.50.50.50.0.29.82.0.56.79.56.50.0.3.79.40.79.50.50.40.50.35.6.50.50.50.50.18.50.31.79.66.50.79.50.50.66.0.xover.mutate.done 50
 generation 22.83.83.83.81.81.81.81.81.81.81.50.62.62.50.53.81.3.50.75.53.53.53.50.81.81.71.83.8.81.50.3.81.81.13.53.75.50.50.81.29.19.53.0.3.53.53.3.81.53.50.xover.mutate.done 50
 generation 23.82.82.82.82.80.80.80.80.80.80.82.68.68.25.52.30.2.69.68.2.53.80.80.52.50.50.80.52.80.34.80.80.52.64.68.82.34.82.80.37.80.34.82.65.80.80.50.80.82.80.xover.mutate.done 50
 generation 24.82.82.82.82.82.82.82.82.82.78.53.53.78.34.73.53.53.78.78.19.73.78.53.28.53.3.78.8.82.16.78.34.50.78.38.3.81.69.82.78.50.38.66.36.9.6.50.36.59.49.xover.mutate.done 50
 generation 25.86.86.86.86.86.86.86.86.86.86.50.86.59.54.86.85.77.51.55.44.51.42.9.46.42.52.9.51.58.86.85.46.1.86.51.85.70.44.47.86.3.9.86.86.73.73.86.73.9.51.xover.mutate.done 50
 generation 26.89.89.89.89.89.89.89.89.89.89.88.43.75.25.65.75.89.89.50.43.89.44.51.65.3.52.43.89.52.51.45.51.51.57.89.81.89.33.66.63.51.89.13.40.28.52.44.37.52.51.xover.mutate.done 50
 generation 27.89.89.89.89.89.89.89.89.89.89.89.51.47.88.85.59.67.50.88.85.89.61.61.51.31.6.40.89.89.50.80.50.44.89.59.51.40.56.89.51.46.20.50.18.50.49.8.50.50.89.xover.mutate.done 50
 generation 28.86.86.86.86.86.86.86.86.86.86.86.84.50.86.62.84.50.60.84.49.41.86.7.60.19.55.50.50.17.86.50.44.50.50.86.59.86.44.0.8.43.55.44.53.86.53.50.39.86.50.xover.mutate.done 50
 generation 29.83.83.83.83.83.83.83.83.83.83.51.83.1.1.1.83.51.51.83.83.8.33.34.62.19.14.81.50.34.51.51.66.83.81.50.82.51.58.25.51.9.83.83.83.38.51.81.83.83.34.xover.mutate.done 50
 generation 30.95.95.95.95.95.95.95.95.95.95.95.95.95.52.95.2.52.55.78.48.51.47.13.48.29.52.51.63.29.95.86.77.27.95.2.52.52.65.52.95.51.51.95.95.52.30.95.95.63.95.xover.mutate.done 50
 generation 31.77.77.77.77.77.77.77.77.77.77.50.37.50.50.50.50.37.50.50.0.50.50.59.57.50.50.77.50.10.50.31.50.57.33.63.56.58.50.77.77.77.50.6.58.58.0.0.59.46.57.xover.mutate.done 50
 generation 32.84.84.84.84.84.84.84.84.84.84.35.5.7.84.47.73.52.50.52.56.2.52.31.7.35.2.84.52.2.9.83.84.43.40.84.6.74.52.40.52.7.59.2.52.84.9.52.52.52.56.xover.mutate.done 50
 generation 33.89.89.89.89.89.89.89.89.89.89.89.50.89.50.0.3.4.59.50.50.50.89.50.61.87.50.50.50.0.0.42.80.89.44.89.0.89.52.42.89.89.59.0.0.50.0.61.89.89.50.xover.mutate.done 50
 generation 34.84.84.84.84.84.84.84.84.84.84.38.50.84.59.51.42.51.50.51.63.50.51.46.51.55.37.73.84.58.84.54.20.84.79.84.1.51.51.59.1.1.51.1.1.51.51.51.50.73.10.xover.mutate.done 50
 generation 35.82.82.82.82.82.82.82.82.82.82.10.0.17.56.2.35.66.50.2.52.6.2.74.6.50.50.50.50.82.2.82.6.82.46.75.82.82.56.0.40.82.0.50.69.2.38.66.50.53.80.xover.mutate.done 50
 generation 36.79.79.79.79.79.79.79.79.79.79.2.56.79.79.9.57.73.51.12.65.73.6.79.32.32.79.7.6.51.79.65.50.43.51.79.76.56.21.55.33.79.55.1.11.51.51.55.10.79.50.xover.mutate.done 50
 generation 37.86.86.86.86.86.86.86.86.86.86.50.52.4.86.2.50.48.86.86.86.78.50.86.50.50.50.50.0.58.86.40.2.50.3.38.8.86.68.41.86.0.58.50.50.38.50.52.59.41.55.xover.mutate.done 50
 generation 38.87.87.87.87.87.87.87.87.87.87.1.51.43.51.87.56.51.48.87.55.39.87.44.43.87.87.50.51.66.58.51.50.51.51.1.50.40.57.87.51.51.51.38.81.87.56.50.87.1.87.xover.mutate.done 50
 generation 39.83.83.83.83.83.83.83.83.83.83.52.83.60.50.83.52.67.83.83.11.52.50.2.2.2.83.2.54.50.83.7.2.34.2.50.38.83.50.52.72.75.52.58.67.51.83.38.2.59.52.xover.mutate.done 50
 generation 40.82.82.82.82.82.82.82.82.82.82.82.50.61.50.3.50.66.51.61.82.50.71.51.79.3.51.3.50.50.3.15.78.82.39.82.51.50.36.51.50.82.51.3.39.79.82.3.1.56.58.xover.mutate.done 50
 generation 41.81.81.81.81.81.81.81.81.81.81.0.50.50.74.81.0.50.50.81.50.81.81.50.50.0.0.50.76.17.75.61.76.0.60.41.45.1.50.81.1.7.7.50.50.81.60.81.50.36.37.xover.mutate.done 50
 generation 42.82.82.82.82.82.82.82.82.82.82.63.58.67.0.50.50.0.50.50.34.5.82.82.50.50.58.49.82.50.0.49.49.49.35.50.49.58.10.50.50.60.35.60.74.60.34.50.0.50.50.xover.mutate.done 50
 generation 43.83.83.83.83.83.83.83.83.83.83.83.83.74.50.52.52.54.52.2.52.52.52.52.56.50.12.50.57.52.52.50.66.55.52.52.18.35.71.83.52.12.42.83.24.50.55.2.52.50.52.xover.mutate.done 50
 generation 44.83.83.83.83.83.83.83.83.83.83.50.73.65.4.56.56.73.58.1.50.56.83.58.83.58.45.3.50.22.50.50.36.83.66.65.36.20.45.50.83.22.50.50.83.61.39.1.3.56.26.xover.mutate.done 50
 generation 45.86.86.86.86.86.86.86.86.86.86.42.52.26.52.61.85.86.29.12.52.86.52.31.86.86.52.52.6.52.26.57.2.86.28.59.42.24.59.52.55.6.86.52.52.66.52.2.86.69.86.xover.mutate.done 50
 generation 46.79.79.79.79.79.79.79.79.79.79.51.68.65.7.51.38.3.78.55.33.67.64.51.78.9.51.33.64.79.38.76.1.3.1.64.51.10.51.51.68.26.7.56.8.37.51.10.1.79.57.xover.mutate.done 50
 generation 47.83.83.83.83.83.83.83.83.83.83.83.14.64.83.13.20.1.43.51.51.51.51.41.50.51.55.43.51.2.62.83.8.83.51.54.67.66.16.34.64.67.20.34.50.51.51.34.22.51.62.xover.mutate.done 50
 generation 48.78.78.78.78.78.78.78.78.78.78.0.25.23.23.50.0.50.67.7.18.5.50.23.0.50.0.0.0.17.50.33.78.56.78.33.78.29.56.50.50.50.29.37.0.50.78.67.78.5.8.xover.mutate.done 50
 generation 49.83.83.83.83.83.83.83.83.83.83.1.61.30.38.51.51.60.51.64.50.83.66.83.76.2.83.37.66.50.37.51.64.51.51.19.57.18.50.50.8.83.76.51.51.51.83.51.1.51.51.xover.mutate.done 50
 22501150 iters     902727 iter/sec (24.93 s)
 total time: 24.93
