51 51 51 51 50 50 50 50 50 50 50 50 50 50 50 50 50 50 50 50 50 35 15 9 4 2 1 1 1 1 1 1 1 1 1 1 1 1 1 1 1 1 1 1 0 0 0 0 0 0 
52 52 52 52 52 52 52 52 51 51 51 51 50 50 50 50 50 50 50 50 50 50 50 50 50 50 50 36 30 23 19 14 8 3 3 3 3 3 3 3 2 2 2 2 2 1 1 1 1 1 
52 52 52 52 50 50 50 50 50 50 50 50 50 50 50 50 50 50 50 50 50 50 50 50 50 50 50 50 50 50 50 50 37 27 11 9 2 2 2 2 2 2 2 0 0 0 0 0 0 0 
52 52 52 52 52 52 52 52 52 52 52 52 52 52 52 52 52 52 52 52 52 52 52 52 52 52 52 50 50 50 50 50 50 50 50 50 50 50 50 34 7 2 2 2 2 2 2 2 2 0 
53 53 53 53 53 53 53 51 51 51 51 51 51 51 51 51 51 51 51 51 51 51 51 51 51 51 51 51 51 51 51 51 50 50 18 15 4 4 4 4 4 4 4 4 4 4 4 4 4 1 
51 51 51 51 51 51 51 51 51 51 51 51 51 51 51 51 51 51 51 51 51 51 51 51 50 35 30 27 23 8 4 2 2 2 2 2 2 2 2 2 2 2 2 2 2 2 2 1 1 1 
51 51 51 51 51 51 51 51 51 51 51 51 51 51 51 51 51 51 51 51 51 51 51 51 51 51 50 33 22 8 8 4 2 2 2 2 2 2 2 2 2 2 2 2 2 2 2 1 1 1 
51 51 51 51 51 51 51 51 51 51 51 51 51 51 50 50 50 50 50 50 50 50 50 50 50 50 50 50 42 11 11 11 7 1 1 1 1 1 1 1 1 1 1 1 1 1 1 1 1 1 
51 51 51 51 51 51 51 51 51 50 50 50 50 50 50 50 50 50 50 50 50 50 50 50 50 50 50 50 31 18 16 8 8 7 6 1 1 1 1 1 1 1 1 1 1 0 0 0 0 0 
83 83 75 52 52 52 52 52 52 52 52 52 52 52 52 52 52 52 52 52 52 52 51 51 51 51 51 51 51 51 51 51 51 50 11 3 3 3 3 3 3 3 3 3 3 3 3 1 1 1 
77 71 71 71 71 67 55 51 51 50 50 50 50 50 50 50 50 50 50 50 50 50 50 50 50 50 50 50 30 29 22 16 10 4 1 1 1 1 1 1 1 1 1 1 1 1 1 1 1 0 
88 85 85 85 85 70 58 51 51 51 51 51 51 51 51 51 51 51 51 51 51 51 51 51 51 51 51 51 42 36 36 36 35 21 7 7 2 2 2 2 2 2 2 2 2 2 2 2 1 1 
82 80 80 80 80 80 80 80 70 60 51 51 51 50 50 50 50 50 50 50 50 50 50 50 50 50 50 50 40 40 21 14 13 8 6 6 4 3 1 1 1 1 1 1 1 1 1 1 0 0 
83 83 83 83 78 78 78 78 78 78 78 78 78 78 78 78 78 70 69 69 68 59 50 50 50 50 50 50 50 50 50 50 50 50 50 50 50 50 25 23 0 0 0 0 0 0 0 0 0 0 
87 87 87 87 87 87 87 84 81 81 81 81 81 81 81 81 81 81 80 69 51 51 51 51 51 51 51 51 51 51 51 51 51 51 51 50 38 26 19 17 17 7 7 4 4 1 1 1 1 1 
89 89 89 89 89 89 89 89 89 89 89 89 89 89 89 89 89 82 82 82 82 82 82 82 80 79 58 52 52 52 52 52 52 52 52 52 52 52 48 42 41 39 36 30 14 13 7 3 3 2 
87 87 87 87 87 87 87 87 87 87 87 87 87 87 87 87 87 87 87 87 87 87 87 87 84 84 82 73 66 57 51 51 51 51 51 51 51 51 51 51 51 51 51 51 45 42 24 3 3 3 
83 83 83 83 83 83 83 83 83 83 83 83 83 83 83 83 83 83 82 82 82 80 78 78 76 57 57 53 53 50 50 50 50 50 50 50 50 50 50 50 50 41 37 36 35 19 8 6 0 0 
93 93 93 93 93 93 93 93 93 93 93 93 93 93 93 93 93 93 93 93 93 93 93 93 93 93 93 93 91 91 88 77 70 70 63 53 51 51 51 51 51 50 50 50 48 47 40 37 1 1 
87 87 87 87 87 87 87 87 87 87 87 87 87 87 87 87 87 87 87 87 87 87 87 86 86 85 85 81 81 81 76 74 68 68 61 51 51 51 51 51 51 51 43 43 41 41 31 7 6 1 
84 84 84 84 84 84 84 84 84 84 84 84 84 84 84 84 84 84 84 84 84 84 84 83 82 81 81 76 62 60 53 53 53 51 51 51 51 47 39 32 32 25 14 7 4 4 4 4 4 4 
88 88 87 87 87 87 87 87 87 87 87 87 87 87 87 87 87 87 87 85 84 84 84 83 82 82 75 73 73 57 51 51 51 50 50 50 50 50 50 50 50 50 50 45 40 34 25 8 3 1 
86 86 86 86 86 86 86 86 86 86 86 86 86 86 86 86 86 86 86 86 86 86 86 83 75 61 58 58 56 51 51 50 50 50 50 50 50 50 50 50 50 50 47 38 37 23 23 10 10 3 
83 83 83 83 83 83 83 83 83 83 83 83 83 83 83 83 83 83 83 83 83 83 83 83 82 63 63 63 61 60 58 55 51 51 51 51 51 51 51 50 50 49 49 47 34 34 23 1 1 1 
89 89 89 88 88 88 88 88 88 88 88 88 88 88 88 88 88 88 88 87 83 83 82 70 66 60 60 58 58 52 52 52 52 52 52 52 52 52 52 52 52 52 52 47 45 44 44 40 40 14 
90 90 90 90 90 90 90 90 90 90 90 90 90 90 90 90 90 90 90 90 90 90 84 82 81 78 78 78 73 73 73 71 63 61 57 57 53 51 51 51 51 50 50 50 47 31 22 13 9 1 
85 85 85 85 85 85 85 85 85 85 85 85 85 85 85 85 85 85 85 85 85 85 85 85 85 83 83 64 60 57 53 52 52 50 50 50 50 50 50 50 50 50 39 38 37 33 28 28 11 10 
78 78 78 78 78 78 78 78 78 78 78 78 78 78 78 78 78 78 78 77 77 76 70 62 62 59 59 53 53 53 53 53 53 53 51 51 51 40 38 36 31 31 29 29 26 25 15 8 4 4 
82 82 82 82 82 82 81 81 81 81 81 81 81 81 81 81 81 81 81 81 80 72 71 68 64 62 59 59 59 59 59 59 58 58 51 51 50 50 50 50 50 50 47 42 25 12 12 10 9 1 
85 85 85 85 85 85 85 85 85 85 85 85 84 84 84 84 84 84 84 84 84 84 84 84 72 68 68 57 56 55 54 54 53 51 51 50 50 50 50 50 50 50 50 43 17 3 1 1 1 1 
88 88 88 88 88 88 88 88 88 88 88 88 88 87 87 87 87 87 87 87 87 87 87 87 87 87 85 80 80 80 80 80 71 71 63 55 50 50 50 50 50 42 42 40 37 35 31 30 10 0 
83 83 83 83 83 83 83 83 83 83 83 83 83 83 83 83 83 83 83 83 83 83 83 83 83 83 83 77 77 77 74 74 74 74 72 60 60 60 52 52 52 52 52 52 50 36 33 24 13 4 
77 77 77 77 77 77 77 77 77 77 77 77 77 77 77 77 77 77 77 77 77 77 77 77 77 77 75 75 74 71 71 66 66 59 51 51 51 50 50 50 34 34 34 33 31 31 31 29 24 23 
85 85 85 85 85 85 85 85 85 85 85 85 85 85 85 85 85 84 84 84 84 84 84 84 83 80 77 77 77 75 73 67 63 60 60 60 60 50 50 50 50 50 46 31 27 17 10 6 4 0 
80 80 80 80 80 80 80 80 80 80 80 80 80 80 80 80 80 80 80 80 80 80 80 79 79 77 68 67 60 50 50 50 50 50 50 44 40 36 35 32 32 32 32 29 21 20 17 11 10 1 
83 83 83 83 83 83 83 83 83 83 83 83 83 83 83 83 83 83 83 83 83 75 68 67 51 51 51 51 50 50 50 43 39 39 39 39 38 38 37 35 35 26 26 26 11 6 2 2 1 1 
84 84 84 84 84 84 84 84 84 84 84 84 84 84 84 84 84 84 84 83 83 83 82 82 82 74 73 73 73 71 60 53 50 50 50 50 50 50 50 50 37 35 35 32 29 10 10 6 6 0 
84 84 84 84 84 84 84 84 84 84 84 84 84 84 84 84 84 83 83 83 83 83 83 74 74 68 65 64 61 57 57 57 57 57 55 53 53 53 53 50 50 50 44 42 36 29 4 4 3 3 
86 86 86 86 86 86 86 86 86 86 86 86 86 86 86 86 86 86 86 86 82 79 76 74 70 70 66 60 53 53 53 53 50 50 50 31 31 30 21 21 17 17 16 16 11 10 10 10 10 0 
87 87 87 87 87 87 87 87 87 87 87 87 87 87 87 87 87 87 87 87 87 79 75 67 67 66 66 55 55 54 51 51 50 50 50 50 50 50 45 43 40 28 22 20 15 11 11 6 5 4 
88 88 88 88 88 88 88 88 88 88 88 88 88 88 88 88 88 88 87 87 87 87 86 77 74 74 74 74 65 65 65 62 61 55 55 50 50 50 50 50 50 50 48 44 31 18 12 0 0 0 
83 83 83 83 83 83 83 83 83 83 83 83 83 83 83 83 83 83 83 83 83 81 80 75 67 63 62 62 61 53 53 53 53 50 50 43 40 39 39 34 34 26 25 20 15 11 3 3 3 3 
91 91 91 91 91 91 91 91 91 91 91 91 91 91 91 91 91 91 91 89 89 84 81 74 61 60 59 58 56 52 52 52 52 52 52 50 50 50 50 50 45 45 45 32 32 25 20 18 15 11 
90 90 90 90 90 90 90 90 90 90 90 90 90 90 90 90 90 90 90 90 90 90 89 89 89 80 80 77 75 68 63 60 60 60 59 52 50 50 42 36 27 25 25 22 21 15 14 9 2 2 
85 85 85 85 85 85 85 85 85 85 85 85 85 85 85 85 85 85 76 73 72 66 63 62 57 57 56 55 52 52 52 52 52 51 51 48 46 40 39 39 39 33 24 17 12 11 9 7 3 1 
86 86 86 86 86 86 86 86 86 86 86 86 86 86 86 86 86 86 86 84 83 75 72 72 72 72 69 68 63 63 63 63 61 51 51 51 50 50 50 48 44 44 42 40 37 27 26 1 1 0 
86 86 86 86 86 86 86 86 86 86 86 86 86 86 86 86 86 86 86 84 84 83 83 77 77 75 71 67 63 51 51 50 50 50 50 50 50 49 49 48 43 43 43 39 38 38 25 25 9 1 
91 91 91 91 91 91 91 91 91 91 91 91 91 91 91 91 91 91 91 91 91 91 91 91 89 89 88 86 84 84 80 80 80 80 73 73 73 71 54 54 54 50 50 47 47 30 30 21 20 4 
87 87 87 87 87 87 87 87 87 87 87 87 87 87 87 87 87 87 87 87 87 87 87 87 87 86 86 86 84 81 75 72 72 70 66 60 58 51 49 49 43 43 40 31 31 24 21 21 16 5 
85 85 85 85 85 85 85 85 85 85 85 85 85 85 85 85 85 82 82 82 82 80 80 80 72 69 65 59 59 52 52 52 52 52 51 51 49 40 38 38 38 38 38 37 37 36 8 8 3 3 
