% Ministry of Cellular Automata
% Project Deux (CS523 Spring 2015)
% Version:v0.1-66-g3e0f-dirty
%  pop:50
%  ic count:100
%  CA Log option:r2/run47
%  width:121
%  max workers:4
%  radius:2
%  iterations:300
%  generations:50

 generation 0.1.2.51.50.1.1.1.2.50.1.1.10.2.1.50.1.50.1.1.1.1.50.1.1.2.50.50.1.1.50.1.1.50.1.2.1.1.2.1.41.7.1.1.2.1.2.1.1.1.1.xover.mutate.done 50
 generation 1.50.50.50.50.50.50.50.50.50.50.1.50.1.50.50.1.50.1.50.50.1.5.50.0.7.22.1.1.50.0.1.1.1.1.50.0.50.50.50.28.6.1.1.1.1.10.4.50.1.50.xover.mutate.done 50
 generation 2.50.50.50.50.50.50.50.50.50.50.1.1.50.50.50.50.50.50.0.1.54.29.50.10.0.50.47.51.50.0.1.50.7.50.50.50.1.1.49.1.50.50.7.50.1.50.50.50.1.1.xover.mutate.done 50
 generation 3.46.50.52.50.50.50.50.50.50.50.0.52.50.3.2.0.50.50.50.2.7.52.2.0.50.52.2.50.52.50.50.2.50.50.2.0.50.50.50.50.0.50.2.50.50.2.2.50.50.2.xover.mutate.done 50
 generation 4.51.51.51.51.51.50.50.50.50.50.50.8.51.1.50.50.51.50.1.50.50.51.1.0.50.51.1.50.50.15.9.1.28.51.8.1.25.1.50.1.51.1.50.4.1.0.9.50.1.51.xover.mutate.done 50
 generation 5.50.50.50.50.50.50.50.50.50.50.50.50.0.50.33.8.0.50.50.0.0.0.50.69.19.0.50.50.50.50.50.50.0.50.50.50.0.50.0.0.50.0.0.12.0.50.50.30.0.0.xover.mutate.done 50
 generation 6.65.50.50.50.50.50.50.50.50.50.1.50.0.50.1.50.50.1.14.50.34.50.50.50.50.50.28.50.50.50.50.50.1.7.0.1.1.1.0.14.1.50.50.1.50.51.1.50.1.50.xover.mutate.done 50
 generation 7.54.51.51.51.51.51.51.51.51.51.2.1.51.51.51.1.2.1.2.51.1.51.16.19.51.51.51.11.2.51.2.2.33.51.2.2.2.51.51.30.51.11.9.2.51.1.20.51.51.51.xover.mutate.done 50
 generation 8.63.52.52.52.52.52.52.52.52.52.52.52.52.4.2.52.52.52.4.52.52.4.23.52.4.52.52.52.4.52.52.52.52.52.29.35.52.50.52.52.4.4.4.52.8.52.4.37.8.4.xover.mutate.done 50
 generation 9.63.52.50.50.50.50.50.50.50.50.50.2.2.2.2.50.50.50.50.50.50.50.2.2.31.2.50.50.50.2.20.0.0.2.50.50.41.50.50.13.50.2.50.50.50.50.50.50.26.2.xover.mutate.done 50
 generation 10.59.53.51.51.51.51.51.51.51.51.56.35.6.50.51.51.51.16.51.19.51.4.1.56.7.51.51.51.9.51.42.51.51.51.12.5.4.51.51.51.3.51.51.51.51.51.51.51.1.8.xover.mutate.done 50
 generation 11.65.55.57.50.50.50.50.50.50.50.50.50.50.0.50.50.0.0.50.50.50.0.0.50.9.56.50.50.0.16.22.50.19.17.50.0.11.50.50.57.50.50.50.50.58.50.50.50.50.50.xover.mutate.done 50
 generation 12.61.56.59.58.55.55.50.52.52.52.52.52.14.52.52.2.26.18.8.52.43.52.52.52.5.2.14.52.2.2.52.5.0.0.8.52.17.52.52.52.52.52.52.52.52.52.26.5.52.55.xover.mutate.done 50
 generation 13.57.54.54.57.54.54.57.50.50.50.8.7.50.1.50.5.8.50.50.57.47.9.50.50.50.50.50.50.4.50.48.1.5.50.1.27.1.50.50.54.0.0.44.50.44.1.50.16.8.57.xover.mutate.done 50
 generation 14.54.61.58.58.61.59.58.57.57.57.57.59.2.61.57.57.24.57.55.52.57.2.58.14.31.52.52.59.32.45.7.7.2.7.58.45.2.14.52.52.14.52.58.52.7.13.7.21.52.14.xover.mutate.done 50
 generation 15.61.61.61.62.62.62.62.62.62.62.23.23.62.10.13.50.66.36.50.46.23.62.23.59.60.59.25.59.52.61.59.32.50.50.12.10.59.62.1.59.36.50.36.15.10.59.50.44.12.59.xover.mutate.done 50
 generation 16.59.54.54.54.53.53.54.53.55.53.4.54.31.18.54.34.25.41.4.15.58.54.1.1.1.31.53.54.34.58.54.54.14.29.54.61.58.29.12.15.36.50.31.54.42.54.51.4.51.20.xover.mutate.done 50
 generation 17.69.58.56.56.56.56.56.56.56.56.6.50.56.56.62.50.2.2.66.56.5.21.55.52.50.60.50.67.8.8.55.14.50.58.12.55.15.18.50.56.55.56.13.69.5.7.6.58.56.79.xover.mutate.done 50
 generation 18.75.62.62.71.64.61.58.57.58.55.57.50.55.56.10.50.56.57.58.50.58.0.56.56.6.48.55.29.0.57.50.25.42.42.14.8.55.42.6.57.57.57.0.50.6.6.64.50.64.74.xover.mutate.done 50
 generation 19.84.83.80.78.78.78.74.74.67.70.70.13.74.50.10.51.20.65.74.50.85.13.52.57.9.51.52.50.65.70.7.64.43.85.59.51.51.73.40.74.44.71.51.74.15.63.64.68.51.50.xover.mutate.done 50
 generation 20.77.77.74.73.72.69.69.69.69.69.69.69.61.58.57.50.0.66.58.38.50.69.67.40.0.69.50.13.50.0.57.50.18.66.61.69.50.38.50.73.50.69.58.69.50.66.8.50.40.65.xover.mutate.done 50
 generation 21.77.77.77.73.73.72.70.70.70.68.70.9.30.2.52.72.60.31.52.57.44.9.68.73.15.52.70.60.68.29.60.53.52.68.73.33.50.61.54.66.66.57.59.41.52.57.66.20.47.68.xover.mutate.done 50
 generation 22.81.81.81.80.80.79.80.77.77.72.51.27.27.81.4.77.77.51.9.51.80.18.55.14.51.70.53.72.4.22.74.51.67.17.79.77.51.55.27.77.67.37.21.53.53.31.80.77.16.79.xover.mutate.done 50
 generation 23.81.81.80.81.80.80.80.80.80.80.40.64.57.78.9.78.51.8.80.2.78.12.81.57.79.78.58.51.57.51.44.7.78.79.78.49.57.8.18.79.79.81.57.13.80.80.57.18.70.42.xover.mutate.done 50
 generation 24.77.77.77.77.77.77.75.75.75.75.5.72.0.77.75.26.77.41.39.25.75.63.77.38.75.39.75.40.77.75.63.13.75.35.75.16.6.77.38.63.9.27.72.77.77.16.35.50.33.56.xover.mutate.done 50
 generation 25.78.78.78.78.78.76.78.78.78.78.78.15.78.65.74.35.74.34.50.38.41.71.32.78.37.78.60.54.50.52.60.74.78.10.27.59.76.33.77.50.78.21.50.71.60.78.47.60.39.65.xover.mutate.done 50
 generation 26.82.82.82.82.82.82.82.82.82.80.53.64.53.82.50.67.82.73.50.63.42.17.53.82.19.63.55.67.53.53.82.33.80.37.63.53.50.15.49.51.81.53.82.31.44.46.32.80.47.73.xover.mutate.done 50
 generation 27.82.82.82.82.82.82.82.82.82.82.82.24.32.0.50.50.82.50.0.50.50.40.38.36.37.73.66.54.39.0.50.50.45.30.38.50.61.50.4.41.82.51.0.50.82.54.50.50.66.0.xover.mutate.done 50
 generation 28.76.76.76.76.76.76.76.76.76.76.63.35.17.76.40.12.51.50.34.51.76.75.59.11.72.55.29.50.55.66.76.10.13.51.32.60.52.36.51.30.3.66.49.13.51.11.15.24.76.50.xover.mutate.done 50
 generation 29.83.83.83.83.83.83.83.83.83.83.50.50.34.52.83.57.22.50.35.25.26.83.32.44.83.57.83.83.33.83.6.57.0.68.37.10.20.61.83.10.83.38.26.83.50.83.51.50.6.83.xover.mutate.done 50
 generation 30.74.74.74.74.74.74.74.74.74.74.12.61.74.41.53.62.51.65.15.51.74.36.74.62.45.74.46.50.50.36.50.74.3.50.74.62.62.17.53.69.50.13.45.13.12.74.14.53.50.74.xover.mutate.done 50
 generation 31.79.79.79.79.79.79.79.79.79.79.51.57.56.22.51.13.79.79.16.79.51.79.79.51.56.75.52.34.79.30.51.79.56.79.10.79.8.69.79.51.79.79.31.13.30.79.35.57.52.51.xover.mutate.done 50
 generation 32.81.81.81.81.81.81.81.81.81.81.81.3.52.35.81.80.45.52.37.81.31.81.51.28.52.53.15.70.57.11.81.35.81.81.52.70.81.80.64.70.70.35.32.13.52.35.81.81.83.81.xover.mutate.done 50
 generation 33.81.80.80.80.80.80.80.80.80.80.0.49.50.8.50.50.0.57.57.46.70.80.32.0.32.35.80.20.0.50.70.13.8.50.35.35.80.70.52.80.80.0.80.50.80.57.0.32.80.59.xover.mutate.done 50
 generation 34.88.88.88.88.88.88.88.88.88.88.88.88.13.7.88.88.36.53.88.1.10.74.13.51.88.88.59.88.88.74.88.88.50.88.51.88.52.74.12.49.51.43.38.7.39.3.88.52.42.55.xover.mutate.done 50
 generation 35.83.80.80.80.80.80.80.80.80.80.35.80.15.80.80.80.41.80.80.80.80.35.77.80.50.80.8.20.32.80.80.80.53.69.69.32.37.80.80.9.20.50.10.80.51.50.51.42.80.50.xover.mutate.done 50
 generation 36.83.83.83.83.83.83.83.83.83.83.35.35.36.52.52.7.8.39.37.11.3.83.41.35.83.67.66.50.83.4.52.45.83.35.83.50.55.66.34.52.83.83.52.52.35.34.36.83.3.51.xover.mutate.done 50
 generation 37.80.79.79.79.79.79.79.79.79.79.55.66.28.50.17.50.0.42.50.0.8.50.7.0.50.67.34.50.79.79.79.32.38.0.67.50.41.50.34.5.0.29.79.28.50.79.50.50.40.8.xover.mutate.done 50
 generation 38.80.78.78.78.78.78.78.78.78.78.38.51.50.78.51.69.51.19.50.50.50.59.78.14.78.78.43.50.38.32.43.50.59.78.38.50.69.10.50.1.78.51.18.1.31.69.69.51.19.51.xover.mutate.done 50
 generation 39.88.87.87.87.87.87.87.87.87.87.38.87.60.39.28.31.60.19.2.32.87.51.84.2.50.51.84.60.60.51.4.16.17.31.73.32.30.87.87.16.78.51.9.87.2.60.13.87.60.51.xover.mutate.done 50
 generation 40.77.77.77.77.77.77.77.77.77.77.50.77.65.77.77.50.29.1.24.77.77.73.6.77.1.35.51.73.56.50.50.37.50.57.77.37.30.50.17.77.68.77.73.73.73.18.77.69.77.14.xover.mutate.done 50
 generation 41.80.79.79.79.79.79.79.79.79.79.16.51.73.20.51.44.65.77.50.74.73.51.63.50.15.79.22.74.44.79.77.34.73.79.11.73.27.77.74.52.79.41.14.57.51.51.51.51.50.51.xover.mutate.done 50
 generation 42.84.82.82.82.82.82.82.82.82.82.60.52.82.52.42.23.81.10.82.52.82.36.36.52.10.74.60.52.82.52.2.52.78.67.14.10.82.82.82.78.52.44.82.82.39.40.52.82.39.78.xover.mutate.done 50
 generation 43.81.78.78.78.78.78.78.78.78.78.64.48.52.35.35.31.50.14.56.43.52.78.64.77.18.78.31.78.7.73.21.11.78.7.77.77.78.2.78.20.55.8.2.56.55.78.78.67.78.52.xover.mutate.done 50
 generation 44.74.73.73.73.73.73.73.73.73.73.27.10.73.50.32.32.1.50.73.52.40.15.50.40.58.50.73.58.28.72.73.63.15.39.15.25.50.51.63.73.50.73.27.50.52.50.27.71.73.12.xover.mutate.done 50
 generation 45.80.79.79.79.79.79.79.79.79.79.51.50.30.62.31.51.79.50.51.51.79.15.21.36.62.79.42.57.51.79.38.79.1.31.8.1.30.31.79.1.50.79.70.50.44.79.10.79.51.46.xover.mutate.done 50
 generation 46.83.82.82.82.82.82.82.82.82.82.50.33.1.51.51.39.1.34.34.35.36.82.70.51.9.50.59.70.10.26.34.67.34.50.50.82.82.51.28.1.9.51.16.58.7.1.51.82.23.82.xover.mutate.done 50
 generation 47.75.75.75.75.75.75.75.75.75.75.75.75.51.50.30.33.1.3.1.6.75.51.9.61.50.50.1.26.33.1.75.1.60.75.36.59.51.1.23.55.75.75.7.29.26.51.75.1.50.36.xover.mutate.done 50
 generation 48.76.76.76.76.76.76.76.76.76.76.76.50.29.2.76.52.76.10.74.76.52.31.32.76.76.35.76.35.2.8.52.35.2.76.44.53.28.13.68.16.76.52.35.52.8.76.76.68.43.76.xover.mutate.done 50
 generation 49.82.81.81.81.81.81.81.81.81.81.81.81.81.81.81.15.56.81.39.31.81.58.53.77.51.50.3.14.53.0.31.80.50.53.53.51.53.34.31.3.53.3.65.53.53.27.79.50.31.38.xover.mutate.done 50
 21565716 iters     908916 iter/sec (23.73 s)
 total time: 23.73
