0.4375 0.90625 0.9375 0.9375 0.09375 0.6875 0.125 0.71875 0.90625 0.21875 
0.90625 0.9375 0.09375 0.125 0.03125 1.0 0.0 0.0 0.9375 0.4375 
0.125 0.1875 0.375 0.90625 0.8125 0.875 0.9375 0.09375 0.125 0.03125 
0.4375 0.375 0.375 0.125 0.1875 0.90625 0.8125 0.875 0.9375 0.09375 
0.375 0.375 0.4375 0.125 0.6875 0.21875 0.1875 0.1875 0.40625 0.15625 
0.375 0.375 0.4375 0.4375 0.1875 0.1875 0.40625 0.15625 0.71875 0.125 
0.375 0.375 0.1875 0.1875 0.40625 0.15625 0.71875 0.375 0.75 0.78125 
0.375 0.375 0.1875 0.1875 0.40625 0.15625 0.375 0.15625 0.25 0.1875 
0.625 0.625 0.1875 0.1875 0.40625 0.15625 0.375 0.15625 0.25 0.1875 
0.1875 0.1875 0.40625 0.15625 0.375 0.15625 0.25 0.1875 0.28125 0.15625 
0.1875 0.1875 0.40625 0.15625 0.375 0.15625 0.25 0.1875 0.28125 0.15625 
0.1875 0.1875 0.40625 0.15625 0.375 0.15625 0.25 0.1875 0.28125 0.15625 
0.1875 0.1875 0.40625 0.15625 0.375 0.15625 0.25 0.1875 0.28125 0.15625 
0.1875 0.1875 0.40625 0.15625 0.375 0.15625 0.25 0.1875 0.28125 0.15625 
0.1875 0.1875 0.40625 0.15625 0.375 0.15625 0.25 0.1875 0.28125 0.15625 
0.1875 0.1875 0.40625 0.15625 0.375 0.15625 0.25 0.1875 0.28125 0.15625 
0.1875 0.1875 0.40625 0.15625 0.375 0.15625 0.25 0.1875 0.28125 0.15625 
0.1875 0.1875 0.40625 0.15625 0.375 0.15625 0.25 0.1875 0.28125 0.15625 
0.1875 0.1875 0.40625 0.15625 0.375 0.15625 0.25 0.1875 0.28125 0.15625 
0.1875 0.1875 0.40625 0.15625 0.375 0.15625 0.25 0.1875 0.28125 0.15625 
0.1875 0.1875 0.40625 0.15625 0.375 0.15625 0.25 0.1875 0.28125 0.15625 
0.1875 0.1875 0.40625 0.15625 0.375 0.15625 0.25 0.1875 0.28125 0.15625 
0.1875 0.1875 0.40625 0.15625 0.375 0.15625 0.25 0.1875 0.28125 0.15625 
0.1875 0.1875 0.40625 0.15625 0.375 0.15625 0.25 0.1875 0.28125 0.15625 
0.1875 0.1875 0.40625 0.15625 0.375 0.15625 0.25 0.1875 0.28125 0.15625 
0.1875 0.1875 0.40625 0.15625 0.375 0.15625 0.25 0.1875 0.28125 0.15625 
0.1875 0.1875 0.40625 0.15625 0.375 0.15625 0.25 0.1875 0.28125 0.15625 
0.1875 0.1875 0.40625 0.15625 0.375 0.15625 0.25 0.1875 0.28125 0.15625 
0.1875 0.1875 0.40625 0.15625 0.375 0.15625 0.25 0.1875 0.28125 0.15625 
0.1875 0.1875 0.40625 0.15625 0.375 0.15625 0.25 0.1875 0.28125 0.15625 
0.1875 0.1875 0.40625 0.15625 0.375 0.15625 0.25 0.1875 0.28125 0.15625 
0.1875 0.1875 0.40625 0.15625 0.375 0.15625 0.25 0.1875 0.28125 0.15625 
0.1875 0.1875 0.40625 0.15625 0.375 0.15625 0.25 0.1875 0.28125 0.15625 
0.1875 0.1875 0.40625 0.15625 0.375 0.15625 0.25 0.1875 0.28125 0.15625 
0.1875 0.1875 0.40625 0.15625 0.375 0.15625 0.25 0.1875 0.28125 0.15625 
0.3125 0.1875 0.1875 0.40625 0.15625 0.375 0.15625 0.25 0.1875 0.28125 
0.3125 0.1875 0.1875 0.40625 0.15625 0.375 0.15625 0.25 0.1875 0.28125 
0.3125 0.1875 0.1875 0.40625 0.15625 0.375 0.15625 0.25 0.1875 0.28125 
0.3125 0.1875 0.1875 0.40625 0.15625 0.375 0.15625 0.25 0.1875 0.28125 
0.3125 0.1875 0.1875 0.40625 0.15625 0.375 0.15625 0.25 0.1875 0.28125 
0.3125 0.1875 0.1875 0.40625 0.15625 0.375 0.15625 0.25 0.1875 0.28125 
0.3125 0.1875 0.1875 0.40625 0.15625 0.375 0.15625 0.25 0.1875 0.28125 
0.3125 0.1875 0.1875 0.40625 0.15625 0.375 0.15625 0.25 0.1875 0.28125 
0.3125 0.1875 0.1875 0.40625 0.15625 0.375 0.15625 0.25 0.1875 0.28125 
0.3125 0.1875 0.1875 0.40625 0.15625 0.375 0.15625 0.25 0.1875 0.28125 
0.3125 0.1875 0.1875 0.40625 0.15625 0.375 0.15625 0.25 0.1875 0.28125 
0.3125 0.1875 0.1875 0.40625 0.15625 0.375 0.15625 0.25 0.1875 0.28125 
0.3125 0.1875 0.1875 0.40625 0.15625 0.375 0.15625 0.25 0.1875 0.28125 
0.3125 0.1875 0.1875 0.40625 0.15625 0.375 0.15625 0.25 0.1875 0.28125 
0.3125 0.1875 0.1875 0.40625 0.15625 0.375 0.15625 0.25 0.1875 0.28125 
