51 50 50 50 50 50 50 50 50 50 41 10 7 2 2 2 2 2 2 2 2 1 1 1 1 1 1 1 1 1 1 1 1 1 1 1 1 1 1 1 1 1 1 1 1 1 1 1 1 1 
50 50 50 50 50 50 50 50 50 50 50 50 50 50 50 50 50 50 50 50 50 50 50 50 28 22 10 7 6 5 4 1 1 1 1 1 1 1 1 1 1 1 1 1 1 1 1 0 0 0 
54 51 50 50 50 50 50 50 50 50 50 50 50 50 50 50 50 50 50 50 50 50 50 50 50 50 50 50 50 50 50 49 47 29 10 7 7 1 1 1 1 1 1 1 1 1 1 0 0 0 
52 52 52 52 52 50 50 50 50 50 50 50 50 50 50 50 50 50 50 50 50 50 50 50 50 50 50 50 50 50 50 50 46 7 3 2 2 2 2 2 2 2 2 2 2 0 0 0 0 0 
51 51 51 51 51 51 51 51 51 51 51 51 50 50 50 50 50 50 50 50 50 50 50 50 50 50 50 50 50 28 25 15 9 9 8 8 4 1 1 1 1 1 1 1 1 1 1 1 0 0 
69 50 50 50 50 50 50 50 50 50 50 50 50 50 50 50 50 50 50 50 50 50 50 50 50 50 50 50 50 50 33 30 19 12 8 0 0 0 0 0 0 0 0 0 0 0 0 0 0 0 
65 51 50 50 50 50 50 50 50 50 50 50 50 50 50 50 50 50 50 50 50 50 50 50 50 50 50 50 50 50 50 34 28 14 14 7 1 1 1 1 1 1 1 1 1 1 1 0 0 0 
54 51 51 51 51 51 51 51 51 51 51 51 51 51 51 51 51 51 51 51 51 51 51 51 51 51 51 33 30 20 19 16 11 11 9 2 2 2 2 2 2 2 2 2 2 1 1 1 1 1 
63 52 52 52 52 52 52 52 52 52 52 52 52 52 52 52 52 52 52 52 52 52 52 52 52 52 52 52 52 52 52 52 50 37 35 29 23 8 8 4 4 4 4 4 4 4 4 4 4 2 
63 52 50 50 50 50 50 50 50 50 50 50 50 50 50 50 50 50 50 50 50 50 50 50 50 50 50 50 50 50 50 50 41 31 26 20 13 2 2 2 2 2 2 2 2 2 2 2 0 0 
59 56 56 53 51 51 51 51 51 51 51 51 51 51 51 51 51 51 51 51 51 51 51 51 51 51 51 51 51 51 51 51 51 51 50 42 35 19 16 12 9 8 7 6 5 4 4 3 1 1 
65 58 57 57 56 55 50 50 50 50 50 50 50 50 50 50 50 50 50 50 50 50 50 50 50 50 50 50 50 50 50 50 50 50 50 50 50 22 19 17 16 11 9 0 0 0 0 0 0 0 
61 59 58 56 55 55 55 52 52 52 52 52 52 52 52 52 52 52 52 52 52 52 52 52 52 52 52 52 52 52 52 50 43 26 26 18 17 14 14 8 8 5 5 5 2 2 2 2 0 0 
57 57 57 57 57 54 54 54 54 54 50 50 50 50 50 50 50 50 50 50 50 50 50 50 50 50 50 50 50 48 47 44 44 27 16 9 8 8 8 7 5 5 4 1 1 1 1 1 0 0 
61 61 61 59 59 59 58 58 58 58 58 58 57 57 57 57 57 57 57 57 55 54 52 52 52 52 52 52 52 52 45 45 32 31 24 21 14 14 14 14 13 7 7 7 7 7 2 2 2 2 
66 62 62 62 62 62 62 62 62 62 62 61 61 61 61 60 59 59 59 59 59 59 59 59 52 50 50 50 50 50 50 46 44 36 36 36 32 25 23 23 23 23 15 13 12 12 10 10 10 1 
61 59 58 58 58 55 54 54 54 54 54 54 54 54 54 54 54 54 54 53 53 53 53 53 51 51 50 42 41 36 34 34 31 31 31 29 29 25 20 18 15 15 14 12 4 4 4 1 1 1 
79 69 69 67 66 62 60 58 58 58 56 56 56 56 56 56 56 56 56 56 56 56 56 56 55 55 55 55 52 50 50 50 50 50 50 21 18 15 14 13 12 8 8 7 6 6 5 5 2 2 
75 74 71 64 64 64 62 62 61 58 58 58 58 57 57 57 57 57 57 57 56 56 56 56 55 55 55 55 50 50 50 50 50 50 48 42 42 42 29 25 14 10 8 6 6 6 6 0 0 0 
85 85 84 83 80 78 78 78 74 74 74 74 74 74 73 71 70 70 70 68 67 65 65 64 64 63 59 57 52 52 51 51 51 51 51 51 50 50 50 50 44 43 40 20 15 13 13 10 9 7 
77 77 74 73 73 72 69 69 69 69 69 69 69 69 69 69 69 69 67 66 66 66 65 61 61 58 58 58 57 57 50 50 50 50 50 50 50 50 50 50 40 40 38 38 18 13 8 0 0 0 
77 77 77 73 73 73 73 72 72 70 70 70 70 70 68 68 68 68 68 66 66 66 61 60 60 60 59 57 57 57 54 53 52 52 52 52 52 50 47 44 41 33 31 30 29 20 15 9 9 2 
81 81 81 81 80 80 80 80 80 79 79 79 77 77 77 77 77 77 77 74 72 72 70 67 67 55 55 53 53 53 51 51 51 51 51 51 37 31 27 27 27 22 21 18 17 16 14 9 4 4 
81 81 81 81 81 80 80 80 80 80 80 80 80 80 80 79 79 79 79 78 78 78 78 78 78 70 64 58 57 57 57 57 57 57 51 51 51 49 44 42 40 18 18 13 12 9 8 8 7 2 
77 77 77 77 77 77 77 77 77 77 77 77 77 75 75 75 75 75 75 75 75 75 75 75 72 72 63 63 63 56 50 41 40 39 39 38 38 35 35 33 27 26 25 16 16 13 9 6 5 0 
78 78 78 78 78 78 78 78 78 78 78 78 78 78 78 78 77 76 76 74 74 74 71 71 65 65 60 60 60 60 59 54 52 50 50 50 50 47 41 39 38 37 35 34 33 32 27 21 15 10 
82 82 82 82 82 82 82 82 82 82 82 82 82 82 81 80 80 80 73 73 67 67 64 63 63 63 55 53 53 53 53 53 53 53 51 50 50 50 49 47 46 44 42 37 33 32 31 19 17 15 
82 82 82 82 82 82 82 82 82 82 82 82 82 82 73 66 66 61 54 54 51 50 50 50 50 50 50 50 50 50 50 50 50 45 41 40 39 38 38 37 36 32 30 24 4 0 0 0 0 0 
76 76 76 76 76 76 76 76 76 76 76 76 76 76 75 72 66 66 63 60 59 55 55 52 51 51 51 51 51 50 50 50 49 40 36 35 34 32 30 29 24 17 15 13 13 12 11 11 10 3 
83 83 83 83 83 83 83 83 83 83 83 83 83 83 83 83 83 83 83 83 83 68 61 57 57 57 52 51 50 50 50 50 50 44 38 37 35 34 33 32 26 26 25 22 20 10 10 6 6 0 
74 74 74 74 74 74 74 74 74 74 74 74 74 74 74 74 74 74 69 65 62 62 62 62 61 53 53 53 51 51 50 50 50 50 50 50 46 45 45 41 36 36 17 15 14 13 13 12 12 3 
79 79 79 79 79 79 79 79 79 79 79 79 79 79 79 79 79 79 79 79 79 79 79 75 69 57 57 56 56 56 52 52 51 51 51 51 51 51 51 35 34 31 30 30 22 16 13 13 10 8 
83 81 81 81 81 81 81 81 81 81 81 81 81 81 81 81 81 81 81 81 81 81 80 80 70 70 70 70 64 57 53 52 52 52 52 52 51 45 37 35 35 35 35 32 31 28 15 13 11 3 
81 80 80 80 80 80 80 80 80 80 80 80 80 80 80 80 80 80 70 70 70 59 57 57 57 52 50 50 50 50 50 50 49 46 35 35 35 32 32 32 20 13 8 8 0 0 0 0 0 0 
88 88 88 88 88 88 88 88 88 88 88 88 88 88 88 88 88 88 88 88 88 88 88 88 74 74 74 59 55 53 52 52 51 51 51 50 49 43 42 39 38 36 13 13 12 10 7 7 3 1 
83 80 80 80 80 80 80 80 80 80 80 80 80 80 80 80 80 80 80 80 80 80 80 80 80 80 80 77 69 69 53 51 51 50 50 50 50 42 41 37 35 35 32 32 20 20 15 10 9 8 
83 83 83 83 83 83 83 83 83 83 83 83 83 83 83 83 83 83 67 66 66 55 52 52 52 52 52 52 51 50 50 45 41 39 37 36 36 35 35 35 35 35 34 34 11 8 7 4 3 3 
80 79 79 79 79 79 79 79 79 79 79 79 79 79 79 67 67 66 55 50 50 50 50 50 50 50 50 50 50 50 42 41 40 38 34 34 32 29 28 28 17 8 8 7 5 0 0 0 0 0 
80 78 78 78 78 78 78 78 78 78 78 78 78 78 78 78 69 69 69 69 59 59 51 51 51 51 51 51 50 50 50 50 50 50 50 50 43 43 38 38 38 32 31 19 19 18 14 10 1 1 
88 87 87 87 87 87 87 87 87 87 87 87 87 87 87 87 84 84 78 73 60 60 60 60 60 60 51 51 51 51 51 50 39 38 32 32 31 31 30 28 19 17 16 16 13 9 4 2 2 2 
77 77 77 77 77 77 77 77 77 77 77 77 77 77 77 77 77 77 77 77 77 73 73 73 73 73 69 68 65 57 56 51 50 50 50 50 50 50 37 37 35 30 29 24 18 17 14 6 1 1 
80 79 79 79 79 79 79 79 79 79 79 79 79 79 77 77 77 74 74 74 73 73 73 73 65 63 57 52 51 51 51 51 51 51 51 51 50 50 50 44 44 41 34 27 22 20 16 15 14 11 
84 82 82 82 82 82 82 82 82 82 82 82 82 82 82 82 82 82 82 82 81 78 78 78 74 67 60 60 52 52 52 52 52 52 52 52 52 44 42 40 39 39 36 36 23 14 10 10 10 2 
81 78 78 78 78 78 78 78 78 78 78 78 78 78 78 78 78 78 78 77 77 77 73 67 64 64 56 56 55 55 52 52 52 50 48 43 35 35 31 31 21 20 18 14 11 8 7 7 2 2 
74 73 73 73 73 73 73 73 73 73 73 73 73 73 73 73 73 72 71 63 63 58 58 52 52 51 50 50 50 50 50 50 50 50 40 40 39 32 32 28 27 27 27 25 15 15 15 12 10 1 
80 79 79 79 79 79 79 79 79 79 79 79 79 79 79 79 79 79 79 70 62 62 57 51 51 51 51 51 51 50 50 50 50 46 44 42 38 36 31 31 31 30 30 21 15 10 8 1 1 1 
83 82 82 82 82 82 82 82 82 82 82 82 82 82 82 70 70 67 59 58 51 51 51 51 51 51 50 50 50 50 39 36 35 34 34 34 34 33 28 26 23 16 10 9 9 7 1 1 1 1 
75 75 75 75 75 75 75 75 75 75 75 75 75 75 75 75 75 75 61 60 59 55 51 51 51 51 50 50 50 50 36 36 33 33 30 29 26 26 23 9 7 6 3 1 1 1 1 1 1 1 
76 76 76 76 76 76 76 76 76 76 76 76 76 76 76 76 76 76 76 76 76 76 74 68 68 53 52 52 52 52 52 50 44 43 35 35 35 35 32 31 29 28 16 13 10 8 8 2 2 2 
82 81 81 81 81 81 81 81 81 81 81 81 81 81 81 81 81 80 79 77 65 58 56 53 53 53 53 53 53 53 53 51 51 50 50 50 39 38 34 31 31 31 31 27 15 14 3 3 3 0 
