50 50 50 50 50 50 50 50 50 50 38 20 18 7 7 3 1 1 1 1 1 1 1 1 1 1 1 1 1 1 1 1 1 1 1 1 1 1 1 1 1 0 0 0 0 0 0 0 0 0 
50 50 50 50 50 50 50 50 50 50 50 50 50 50 50 50 33 20 11 6 6 4 3 0 0 0 0 0 0 0 0 0 0 0 0 0 0 0 0 0 0 0 0 0 0 0 0 0 0 0 
70 55 52 50 50 50 50 50 50 50 50 50 50 50 50 50 50 50 50 50 50 50 50 50 50 50 50 50 50 50 50 50 50 50 41 31 11 10 6 5 1 1 1 1 1 0 0 0 0 0 
61 51 51 50 50 50 50 50 50 50 50 50 50 50 50 50 50 50 50 50 50 50 50 50 50 50 50 50 50 49 33 33 20 8 5 4 3 1 1 1 1 1 1 1 1 1 1 0 0 0 
59 51 51 51 50 50 50 50 50 50 50 50 50 50 50 50 50 50 50 50 50 50 50 50 50 50 50 50 50 50 50 50 47 41 9 3 1 1 1 1 1 1 1 1 1 1 1 0 0 0 
64 64 52 52 52 52 52 52 52 52 52 50 50 50 50 50 50 50 50 50 50 50 50 50 50 50 50 50 50 50 50 50 50 50 50 2 2 2 2 2 2 2 2 2 2 2 2 2 2 0 
79 67 63 63 52 52 52 52 51 51 51 51 51 51 51 51 51 51 51 51 50 50 50 50 50 50 50 50 12 11 10 8 6 3 3 3 3 3 3 3 3 3 2 2 1 1 1 1 1 1 
69 58 58 55 55 50 50 50 50 50 50 50 50 50 50 50 50 50 50 50 50 50 50 50 50 37 9 8 5 4 0 0 0 0 0 0 0 0 0 0 0 0 0 0 0 0 0 0 0 0 
76 62 60 59 59 50 50 50 50 50 50 50 50 50 50 50 50 50 50 50 50 50 50 50 50 50 50 50 19 10 4 4 4 0 0 0 0 0 0 0 0 0 0 0 0 0 0 0 0 0 
73 61 59 59 59 50 50 50 50 50 50 50 50 50 50 50 50 50 50 50 50 50 50 50 50 50 50 28 13 10 9 6 5 5 0 0 0 0 0 0 0 0 0 0 0 0 0 0 0 0 
82 71 67 67 59 57 51 51 51 51 51 51 51 51 51 51 51 51 50 50 50 50 50 50 24 14 12 10 9 9 8 6 6 6 2 2 2 1 1 1 1 1 1 1 1 1 1 1 1 1 
71 62 60 53 53 51 51 51 51 51 51 51 51 51 51 51 51 50 50 50 50 50 50 50 50 50 50 50 50 50 45 45 42 20 18 18 11 2 2 2 2 2 2 1 1 1 1 1 1 1 
81 70 65 64 64 64 62 58 52 50 50 50 50 50 50 50 50 50 50 50 50 50 50 50 50 17 9 6 5 5 2 2 2 2 2 2 2 2 2 2 2 0 0 0 0 0 0 0 0 0 
77 77 62 62 62 61 59 53 52 52 51 50 50 50 50 50 50 50 50 49 10 10 9 8 7 6 2 2 2 2 2 2 2 2 2 2 2 2 2 2 2 2 0 0 0 0 0 0 0 0 
76 76 64 63 63 63 63 63 60 58 58 52 50 50 50 50 50 50 50 50 49 15 14 14 13 10 10 2 2 2 2 2 2 2 2 2 2 2 2 2 2 2 2 2 2 2 2 2 0 0 
73 73 73 73 73 72 61 61 58 56 53 53 53 53 53 52 50 50 49 8 8 8 8 8 7 7 2 2 2 2 2 2 2 2 2 2 2 2 2 2 2 2 2 2 2 2 2 2 0 0 
76 75 75 74 74 74 74 74 69 69 69 68 68 63 58 58 51 51 50 13 5 5 5 5 5 1 1 1 1 1 1 1 1 1 1 1 1 1 1 1 1 0 0 0 0 0 0 0 0 0 
77 72 72 72 72 72 72 70 70 70 65 65 65 65 54 52 50 50 20 20 9 9 7 4 4 4 4 4 4 4 4 4 3 3 3 3 3 3 3 3 3 3 2 2 2 1 1 1 1 1 
80 80 80 80 80 80 80 80 80 80 80 80 78 78 78 78 78 57 55 50 46 46 42 42 26 25 14 12 9 5 5 5 4 4 4 4 4 4 4 4 4 4 4 4 0 0 0 0 0 0 
67 67 67 67 67 67 67 67 67 67 67 67 67 67 67 67 67 67 67 67 67 66 60 57 54 48 48 48 45 45 44 10 9 7 5 3 3 3 3 3 3 3 3 3 3 1 1 1 1 1 
73 73 73 73 73 73 73 73 73 73 73 73 73 73 73 73 73 73 73 73 73 73 73 60 58 55 54 52 40 34 20 18 17 16 10 8 8 8 8 8 8 8 4 4 4 4 3 3 3 1 
73 73 73 73 73 73 73 73 73 73 73 73 73 73 73 73 73 73 73 73 73 73 73 73 71 61 61 51 51 51 48 43 14 13 13 9 3 3 3 3 3 2 2 2 2 1 1 1 0 0 
69 68 68 68 68 68 68 68 68 68 68 68 68 68 68 68 68 68 68 68 68 68 68 67 60 60 56 56 56 51 48 41 39 36 29 12 12 8 6 3 3 3 2 2 2 2 1 1 1 1 
72 72 72 72 72 72 72 72 72 72 72 72 72 72 72 72 72 72 72 72 72 72 68 50 46 43 33 33 26 25 23 18 10 5 5 5 1 1 1 1 1 1 1 1 1 1 1 1 0 0 
71 71 71 71 71 71 71 71 71 71 71 71 71 71 71 71 71 71 71 71 71 68 68 67 56 55 34 28 24 24 19 15 3 3 3 3 3 0 0 0 0 0 0 0 0 0 0 0 0 0 
74 73 73 73 73 73 73 73 73 73 73 73 73 73 73 73 73 73 73 73 73 73 73 73 73 73 73 73 72 63 51 36 28 28 15 13 7 7 7 7 7 0 0 0 0 0 0 0 0 0 
84 84 83 83 83 83 83 83 83 83 83 83 83 83 83 83 83 83 83 83 83 83 83 83 83 83 83 76 57 46 46 18 18 17 4 4 4 4 4 0 0 0 0 0 0 0 0 0 0 0 
73 73 73 72 72 72 72 72 72 72 72 72 72 72 72 72 72 72 72 72 72 72 72 72 71 54 54 54 53 53 45 35 35 34 32 32 29 21 21 7 7 7 7 3 3 3 3 3 0 0 
66 66 66 63 63 63 63 63 63 63 63 63 63 63 63 63 63 63 63 63 63 63 63 63 58 58 46 45 45 39 29 25 25 23 23 22 20 20 20 8 8 8 8 3 3 3 3 1 1 1 
69 69 69 69 69 69 69 69 69 69 69 69 69 69 69 69 69 69 69 68 68 68 68 58 56 48 48 48 46 46 46 42 42 34 16 16 10 9 9 9 7 7 7 3 3 3 3 3 3 2 
73 73 73 73 73 73 73 73 73 73 73 73 73 73 73 73 73 73 73 73 73 72 64 64 60 56 53 53 48 48 48 47 47 47 47 47 43 40 40 19 9 9 8 3 3 3 3 0 0 0 
76 76 76 76 76 76 76 76 76 76 76 76 76 76 76 76 76 76 76 76 59 45 43 41 38 32 29 28 18 17 8 6 6 6 3 3 3 3 3 3 1 1 1 1 1 1 1 1 1 0 
70 70 70 70 70 70 70 70 70 70 70 70 70 70 70 70 70 70 70 51 49 48 47 47 47 43 37 32 31 29 27 25 25 25 21 15 14 6 6 6 6 6 5 2 2 2 1 1 1 1 
77 77 77 77 77 77 77 77 77 77 77 77 77 77 77 77 77 65 65 58 56 51 49 49 46 46 46 44 43 35 33 33 22 8 5 2 2 1 1 1 0 0 0 0 0 0 0 0 0 0 
66 66 66 66 66 66 66 66 66 66 66 66 66 66 66 66 41 39 38 37 37 37 36 31 26 13 13 11 10 7 1 1 1 1 1 1 1 1 1 1 1 1 1 1 1 1 1 0 0 0 
76 76 76 76 76 76 76 76 76 76 76 76 76 76 76 76 76 73 63 58 53 53 53 53 52 52 51 50 47 34 26 11 11 7 7 7 7 7 7 6 6 0 0 0 0 0 0 0 0 0 
64 64 64 64 64 64 64 64 64 64 64 64 64 64 64 61 61 48 46 46 45 43 42 42 35 21 12 12 11 6 5 5 5 5 5 5 5 2 2 2 2 2 2 2 1 1 1 1 1 1 
71 71 71 71 71 71 71 71 71 71 71 71 71 71 71 71 49 49 46 46 40 39 39 38 35 35 32 32 17 17 14 8 8 8 8 8 8 8 8 2 1 1 1 1 1 1 1 0 0 0 
66 66 66 66 66 66 66 66 66 66 66 66 66 66 66 66 66 66 66 64 63 52 52 51 44 44 44 42 40 37 33 25 18 17 16 16 16 16 12 12 5 5 5 1 1 1 0 0 0 0 
76 76 76 76 76 76 76 76 76 76 76 76 76 76 76 76 76 76 76 76 76 68 66 49 48 41 38 34 32 25 17 17 17 14 9 8 8 8 7 0 0 0 0 0 0 0 0 0 0 0 
72 72 72 72 72 72 72 72 72 72 72 72 72 72 72 72 72 72 72 61 61 61 55 55 50 47 45 45 45 42 37 36 33 23 21 8 7 7 7 3 3 3 2 2 2 2 2 2 2 2 
75 75 75 75 75 75 75 75 75 75 75 75 75 75 75 75 75 75 61 58 52 52 43 43 42 41 41 40 40 34 30 22 6 4 2 2 2 2 1 1 1 1 1 1 1 1 1 1 1 1 
70 70 70 70 70 70 70 70 70 70 70 70 70 70 70 70 70 53 45 44 44 44 44 37 37 36 31 31 30 26 24 23 16 13 13 13 13 12 12 12 10 5 4 2 2 2 2 1 1 1 
73 73 73 73 73 73 73 73 73 73 73 73 73 73 73 73 73 73 73 66 58 50 48 48 45 45 44 22 16 14 14 11 9 6 6 6 6 6 0 0 0 0 0 0 0 0 0 0 0 0 
72 72 72 72 72 72 72 72 72 72 72 72 72 72 72 72 72 72 72 72 72 72 67 58 58 52 52 52 49 46 46 38 28 28 16 14 11 9 2 2 2 2 2 2 1 1 1 1 1 1 
83 83 83 83 83 83 83 83 83 83 83 83 83 83 83 83 83 83 83 83 83 83 55 55 55 53 49 49 49 49 43 42 38 38 27 26 25 18 8 8 8 8 2 2 2 2 1 1 1 1 
72 72 72 72 72 72 72 72 72 72 72 72 72 72 72 72 72 71 71 71 62 59 53 53 53 51 51 46 41 40 26 26 26 24 16 16 13 3 3 3 3 3 0 0 0 0 0 0 0 0 
69 69 69 69 69 69 69 69 69 69 69 69 69 69 69 69 69 69 69 69 69 69 69 55 49 49 44 41 41 34 34 33 33 31 25 22 13 10 9 6 6 3 3 3 3 3 2 2 2 2 
73 72 72 72 72 72 72 72 72 72 72 72 72 72 72 72 72 72 72 72 72 62 61 48 48 43 43 42 42 42 40 34 33 33 30 28 23 20 17 15 13 12 12 6 6 2 2 2 2 2 
81 72 72 72 72 72 72 72 72 72 72 72 72 72 72 70 70 58 49 43 43 43 41 36 35 33 31 20 11 8 4 2 2 2 2 2 2 2 0 0 0 0 0 0 0 0 0 0 0 0 
