% Ministry of Cellular Automata
% Project Deux (CS523 Spring 2015)
% Version:v0.1-66-g3e0f-dirty
%  pop:50
%  ic count:100
%  CA Log option:r2/run43
%  width:121
%  max workers:4
%  radius:2
%  iterations:300
%  generations:50

 generation 0.50.0.0.0.35.50.0.0.0.0.0.50.0.5.50.0.0.0.50.0.50.0.50.18.0.0.50.0.0.0.0.0.0.0.0.50.0.0.50.0.0.50.0.0.50.0.0.10.0.0.xover.mutate.done 50
 generation 1.50.50.50.50.50.50.51.50.50.50.50.2.3.43.50.3.50.1.50.51.44.3.50.25.1.50.7.51.2.50.1.50.24.8.1.52.3.13.50.25.50.14.51.51.33.2.8.2.32.3.xover.mutate.done 50
 generation 2.51.51.51.51.51.51.50.50.50.50.1.50.21.50.50.1.2.51.50.50.50.2.50.51.1.51.7.50.2.1.50.11.50.25.2.2.51.50.51.50.50.50.50.22.51.30.51.1.10.12.xover.mutate.done 50
 generation 3.51.51.51.51.51.51.51.51.51.51.1.1.71.32.1.20.50.2.50.50.29.50.51.51.1.2.1.13.50.43.2.50.13.2.51.2.50.51.51.2.10.50.1.50.2.2.1.2.1.51.xover.mutate.done 50
 generation 4.73.52.50.50.50.50.50.52.50.50.6.21.50.11.50.50.2.50.50.52.0.2.0.2.2.0.43.15.2.2.2.50.50.2.2.50.50.13.2.50.34.7.2.50.10.50.52.2.2.2.xover.mutate.done 50
 generation 5.78.51.51.51.51.50.50.50.50.50.50.0.1.50.1.51.30.50.50.1.51.1.51.1.0.56.10.1.33.51.50.50.1.1.1.22.35.1.50.1.34.1.18.30.50.50.1.51.50.1.xover.mutate.done 50
 generation 6.82.57.53.53.53.53.53.53.53.53.19.50.3.53.3.3.48.53.50.50.50.50.53.50.33.53.12.50.26.50.53.33.12.50.50.3.50.3.38.50.53.50.3.50.53.9.50.3.3.50.xover.mutate.done 50
 generation 7.62.52.50.50.50.50.50.50.50.50.1.23.2.0.43.6.73.1.52.51.51.50.6.50.1.1.50.1.8.6.51.1.8.50.0.50.50.50.50.51.1.51.0.8.50.43.50.50.51.50.xover.mutate.done 50
 generation 8.80.72.58.58.51.51.51.51.51.51.51.2.9.51.19.51.51.51.40.51.51.40.51.10.30.40.51.51.2.2.51.44.80.2.17.2.51.2.2.50.56.46.51.51.1.51.51.2.80.51.xover.mutate.done 50
 generation 9.75.75.75.67.52.52.48.50.50.50.6.43.51.75.1.75.6.20.1.1.1.26.50.51.1.1.1.50.50.50.20.76.1.50.1.1.51.1.50.30.31.51.51.75.50.50.25.30.30.50.xover.mutate.done 50
 generation 10.81.81.81.81.81.81.81.75.53.53.50.82.37.51.66.81.1.1.50.51.4.50.81.81.51.1.1.50.37.1.82.55.1.51.39.1.1.1.12.50.1.56.81.66.12.51.50.81.50.51.xover.mutate.done 50
 generation 11.76.76.77.75.75.75.75.75.75.77.54.75.75.51.17.13.58.2.2.45.51.50.2.51.51.50.45.57.21.51.58.63.77.57.51.11.51.56.38.76.1.51.37.56.2.63.9.9.51.51.xover.mutate.done 50
 generation 12.81.81.81.81.81.81.80.80.80.80.50.60.50.81.81.81.64.67.50.6.6.55.50.6.81.79.50.69.56.50.50.43.50.31.80.0.8.58.37.51.50.65.48.65.81.81.0.81.50.50.xover.mutate.done 50
 generation 13.78.78.78.78.78.78.78.78.78.78.26.53.61.77.3.75.77.77.50.54.39.77.46.51.70.1.81.42.78.50.77.1.50.47.77.50.50.78.51.77.52.54.66.42.50.50.78.77.50.35.xover.mutate.done 50
 generation 14.82.78.78.78.78.78.78.78.78.77.50.82.78.36.48.22.56.78.77.67.51.50.78.78.1.50.29.51.77.51.77.54.26.56.50.78.51.50.51.77.50.78.63.50.67.56.78.77.78.50.xover.mutate.done 50
 generation 15.81.81.76.76.76.77.77.77.77.76.76.9.64.1.50.82.18.39.14.1.51.50.1.51.51.54.76.28.1.76.51.50.1.42.58.1.53.76.48.76.76.76.76.28.51.77.50.69.53.50.xover.mutate.done 50
 generation 16.86.86.86.81.81.81.81.81.83.83.28.51.80.79.69.56.51.34.80.57.69.81.50.63.54.71.70.55.50.79.51.86.50.86.51.86.20.10.51.80.5.9.51.56.63.50.56.50.51.1.xover.mutate.done 50
 generation 17.82.81.81.81.81.82.71.71.72.72.51.54.72.72.72.61.72.72.50.72.48.51.51.48.51.60.51.71.72.50.72.50.81.51.50.51.51.2.53.81.39.50.29.72.51.72.72.51.72.2.xover.mutate.done 50
 generation 18.84.84.83.83.83.83.83.83.80.80.50.80.50.31.71.50.80.53.30.54.79.50.50.79.4.32.51.53.51.79.79.32.51.80.50.50.50.50.54.0.79.83.79.79.35.1.79.80.50.84.xover.mutate.done 50
 generation 19.84.84.84.80.80.80.80.80.80.80.73.2.50.50.50.77.80.76.61.77.28.76.52.50.76.50.54.2.52.60.52.80.0.50.77.76.76.0.80.53.58.76.68.76.73.76.76.76.77.76.xover.mutate.done 50
 generation 20.86.86.86.85.85.85.85.85.85.85.82.82.82.59.24.82.50.85.45.82.81.51.51.70.82.55.50.51.76.70.82.54.50.60.56.81.70.82.49.74.39.82.82.55.82.85.66.60.51.82.xover.mutate.done 50
 generation 21.84.84.84.84.84.84.84.84.84.84.72.57.73.8.82.50.57.51.44.65.51.50.57.73.50.50.52.84.72.1.70.57.62.82.51.50.44.1.52.50.82.50.51.82.83.50.51.15.1.82.xover.mutate.done 50
 generation 22.84.84.84.82.82.82.82.82.82.82.40.34.56.82.73.50.50.82.50.82.52.10.50.4.7.82.56.7.73.50.82.56.50.82.82.50.50.50.58.7.50.50.52.82.51.82.82.50.50.82.xover.mutate.done 50
 generation 23.87.87.87.84.84.84.84.84.84.84.1.47.80.84.51.85.82.56.57.51.27.50.1.78.50.51.1.57.59.44.6.27.1.82.56.84.50.50.51.51.84.78.38.51.84.42.57.84.6.51.xover.mutate.done 50
 generation 24.85.85.86.85.84.84.84.84.84.84.55.56.51.50.84.78.51.55.56.50.50.64.13.32.84.1.69.56.84.51.75.61.79.1.58.32.72.78.55.84.1.78.51.78.58.78.20.51.74.51.xover.mutate.done 50
 generation 25.86.85.85.82.85.85.85.85.85.85.69.53.53.4.85.85.7.3.58.84.66.85.21.51.77.85.76.8.69.80.50.44.80.68.82.50.78.58.69.4.36.77.50.47.57.47.85.67.56.50.xover.mutate.done 50
 generation 26.87.87.87.84.84.84.84.84.84.84.86.50.43.84.50.50.84.87.0.77.46.18.61.50.87.63.50.84.71.27.31.38.0.49.50.12.48.84.50.50.50.50.43.84.46.84.50.71.50.48.xover.mutate.done 50
 generation 27.79.78.78.79.79.76.77.77.77.77.74.0.7.0.77.71.50.31.64.50.50.77.0.50.77.78.50.50.32.76.77.50.50.78.50.43.81.73.62.40.43.65.77.77.50.0.62.0.49.0.xover.mutate.done 50
 generation 28.83.81.81.81.80.80.77.80.80.80.7.81.43.83.80.56.50.80.1.51.41.51.47.50.51.51.52.7.80.69.60.50.80.75.20.45.80.73.80.80.80.79.41.79.79.23.80.56.80.80.xover.mutate.done 50
 generation 29.77.77.90.90.90.90.90.90.90.90.74.50.76.8.84.10.7.90.50.65.72.90.87.54.90.74.67.48.42.48.0.50.50.41.50.55.8.51.55.90.58.50.84.45.62.61.84.55.51.90.xover.mutate.done 50
 generation 30.83.83.83.83.82.82.82.82.82.82.40.51.51.70.50.21.60.53.60.80.32.0.79.82.83.53.50.51.79.38.83.79.67.27.1.51.50.82.54.82.50.70.82.51.50.79.79.56.51.37.xover.mutate.done 50
 generation 31.89.89.89.89.89.89.87.87.87.86.60.58.51.68.60.50.86.34.51.50.51.51.56.60.51.68.69.51.86.86.48.87.50.51.42.68.68.23.64.57.55.4.46.36.50.39.83.83.83.2.xover.mutate.done 50
 generation 32.87.87.87.87.87.87.87.87.87.83.82.50.80.87.58.36.50.50.1.48.67.47.55.50.58.55.59.50.67.50.50.50.87.54.50.57.55.58.50.58.27.87.80.50.85.1.50.58.56.50.xover.mutate.done 50
 generation 33.88.88.88.88.88.88.88.88.88.88.57.24.50.50.0.58.50.50.50.88.86.81.56.50.72.0.50.58.44.87.49.57.88.0.7.0.58.66.58.58.56.50.81.70.72.57.57.56.50.0.xover.mutate.done 50
 generation 34.84.84.84.84.84.84.84.84.84.84.52.52.9.69.50.50.56.51.2.41.84.54.77.84.51.50.36.84.55.9.50.58.84.58.58.52.52.51.58.54.84.84.56.84.9.58.7.58.54.84.xover.mutate.done 50
 generation 35.87.87.87.87.87.87.87.87.87.87.58.87.76.56.87.9.50.50.87.27.87.87.82.42.56.87.56.87.51.4.75.40.87.86.51.56.50.50.50.1.50.56.87.51.50.1.41.50.50.43.xover.mutate.done 50
 generation 36.86.86.86.86.86.86.86.86.86.86.57.86.50.51.52.50.51.16.85.51.52.80.82.51.86.52.50.57.34.51.51.52.86.7.28.50.7.57.6.86.50.7.86.52.86.57.86.51.32.57.xover.mutate.done 50
 generation 37.79.79.79.79.79.79.79.79.79.79.79.39.50.50.13.31.73.79.79.39.61.50.79.0.61.79.79.79.79.57.61.50.79.0.0.79.50.79.0.79.50.79.25.79.79.61.50.11.61.50.xover.mutate.done 50
 generation 38.84.84.84.84.84.84.83.83.83.84.58.54.58.50.83.54.50.50.0.8.50.50.59.84.50.59.79.50.59.84.50.81.84.50.84.29.59.83.50.11.81.62.59.72.13.30.50.83.0.84.xover.mutate.done 50
 generation 39.81.81.81.81.81.81.81.81.81.81.62.34.50.80.64.71.81.2.28.49.50.50.71.51.57.75.81.63.51.50.39.54.51.34.49.51.2.81.50.50.81.79.39.75.51.81.50.81.75.57.xover.mutate.done 50
 generation 40.80.80.80.80.80.80.80.80.80.80.62.0.70.80.50.59.80.50.36.80.0.60.0.50.36.50.0.43.80.38.27.73.0.80.66.56.70.0.50.50.50.62.47.50.50.0.59.50.50.38.xover.mutate.done 50
 generation 41.80.80.80.80.80.80.80.80.80.80.20.51.80.59.68.80.78.51.78.33.50.65.65.80.50.59.2.33.59.58.80.51.59.18.79.68.80.11.80.1.31.1.78.50.60.1.55.80.80.51.xover.mutate.done 50
 generation 42.87.87.87.87.87.87.87.87.87.87.50.0.56.83.24.0.50.50.74.87.57.69.36.0.87.57.57.50.7.57.0.40.57.87.72.0.73.87.7.56.75.7.25.50.84.71.50.87.57.0.xover.mutate.done 50
 generation 43.86.86.86.86.86.86.86.86.86.86.50.77.10.50.31.50.40.57.86.50.83.86.52.83.27.47.50.25.67.50.77.67.83.63.2.2.84.63.84.53.52.47.86.2.77.48.50.52.50.67.xover.mutate.done 50
 generation 44.87.87.87.87.87.87.87.87.87.87.50.76.50.83.87.50.38.39.87.73.24.69.76.20.76.50.23.50.50.50.50.87.87.87.51.47.58.50.52.87.51.48.61.50.87.87.47.1.50.50.xover.mutate.done 50
 generation 45.81.81.81.81.81.81.81.81.81.81.81.72.50.1.20.59.65.77.51.51.1.20.11.81.53.20.9.10.50.20.51.58.50.81.47.1.1.51.72.56.47.50.69.80.50.50.50.81.81.50.xover.mutate.done 50
 generation 46.87.87.87.87.87.87.87.87.87.87.50.0.58.19.55.55.87.50.87.43.87.1.50.55.87.55.51.61.87.7.50.1.58.20.10.51.1.25.57.66.87.50.50.87.1.55.54.7.51.58.xover.mutate.done 50
 generation 47.82.82.82.82.82.82.82.82.82.82.50.52.57.52.52.52.56.50.2.82.52.82.22.57.83.50.14.82.50.2.59.50.52.82.52.50.67.9.59.52.28.60.52.57.82.52.28.50.52.2.xover.mutate.done 50
 generation 48.84.87.87.87.87.87.87.87.87.87.2.68.52.87.13.52.50.79.87.61.50.22.68.2.56.0.15.60.52.87.61.68.87.52.2.14.17.23.0.79.14.48.50.63.39.2.50.52.61.27.xover.mutate.done 50
 generation 49.86.86.86.86.86.86.86.86.86.86.50.80.41.11.18.0.8.86.55.30.52.2.50.66.52.50.2.61.2.86.56.84.38.17.52.56.8.86.50.2.24.30.0.50.38.86.40.42.86.24.xover.mutate.done 50
 21583933 iters     907651 iter/sec (23.78 s)
 total time: 23.78
