50 50 50 50 50 50 50 50 50 50 50 50 50 50 50 50 50 27 13 10 9 2 2 2 2 2 2 2 2 2 2 2 2 2 2 2 2 2 2 0 0 0 0 0 0 0 0 0 0 0 
51 51 51 50 50 50 50 50 50 50 50 50 50 50 50 50 50 50 50 50 50 50 50 50 50 50 50 50 50 50 50 46 46 36 28 18 14 10 9 9 8 7 1 1 1 1 1 1 1 0 
50 50 50 50 50 50 50 50 50 50 50 50 50 50 50 50 50 50 50 50 50 50 50 50 50 50 50 47 36 34 27 26 26 24 23 19 8 6 3 3 0 0 0 0 0 0 0 0 0 0 
51 51 51 51 51 50 50 50 50 50 50 50 50 50 50 50 50 50 50 50 50 50 50 50 50 50 50 50 50 50 50 50 37 10 8 7 6 1 1 1 1 1 1 1 1 1 1 1 1 1 
51 51 51 51 50 50 50 50 50 50 50 50 50 50 50 50 50 50 50 50 50 50 50 50 50 50 50 50 18 10 6 6 6 1 1 1 1 1 1 1 1 1 1 1 0 0 0 0 0 0 
71 51 51 51 51 51 51 51 51 51 51 51 51 51 51 51 50 50 50 50 50 50 50 50 50 50 50 50 50 50 36 25 8 5 5 5 5 1 1 1 1 1 1 1 1 1 1 1 0 0 
66 66 50 50 50 50 50 50 50 50 50 50 50 50 50 50 50 50 50 50 50 50 50 50 50 50 50 50 50 46 38 38 16 7 7 6 6 5 0 0 0 0 0 0 0 0 0 0 0 0 
69 69 69 69 51 51 51 51 51 51 51 51 51 51 51 51 51 51 51 51 51 51 51 51 51 51 51 51 51 51 50 50 40 40 40 30 15 9 9 8 2 2 2 2 2 2 2 1 1 1 
63 63 63 63 63 63 63 63 52 52 50 50 50 50 50 50 50 50 50 50 50 50 50 50 50 50 50 50 50 50 50 50 43 37 20 19 17 12 2 2 2 2 2 2 2 2 2 2 1 0 
72 72 72 72 72 72 72 72 72 72 72 71 55 55 51 51 51 51 51 51 51 51 51 51 51 51 51 50 50 50 45 34 28 19 19 19 18 8 7 7 4 1 1 1 1 1 1 1 1 0 
85 79 71 71 71 71 71 71 71 71 71 71 68 68 68 61 57 57 57 57 57 52 52 52 52 52 52 52 52 52 40 40 34 33 31 26 22 14 8 8 7 6 3 3 3 3 3 3 2 2 
81 77 77 70 70 70 70 70 70 70 70 70 70 70 70 70 70 70 67 65 63 63 61 61 61 61 61 61 52 51 51 51 51 51 51 51 51 51 51 51 50 44 43 36 29 26 17 13 7 3 
79 77 77 76 71 63 63 63 63 63 63 63 63 63 63 63 63 63 63 63 63 62 62 61 57 56 56 56 56 56 56 56 55 55 52 51 51 51 51 51 51 51 51 50 50 41 36 24 16 13 
85 84 83 83 82 81 78 73 73 73 73 73 73 73 73 73 73 73 73 73 73 72 72 70 68 66 65 65 57 53 53 51 50 50 50 39 34 30 30 24 24 24 24 24 23 19 4 1 1 1 
87 82 81 79 79 79 79 79 79 79 79 79 79 79 79 77 74 74 73 73 69 69 69 69 69 69 69 69 69 69 68 68 62 58 58 58 53 52 52 52 52 52 52 51 51 48 21 3 3 3 
86 83 83 83 81 79 78 78 78 78 78 78 78 78 78 78 78 78 77 77 76 76 75 75 74 73 73 73 72 69 65 62 61 61 57 56 52 52 50 50 50 43 32 30 23 23 12 2 2 2 
84 83 83 83 83 83 83 81 81 81 81 80 80 80 80 80 80 80 80 80 80 80 76 76 76 68 67 63 55 54 51 51 51 51 51 51 51 51 50 50 44 43 35 28 28 17 8 4 1 0 
85 85 85 85 85 85 85 85 85 85 83 83 81 81 81 81 81 81 81 81 81 81 81 81 81 81 79 72 68 67 65 63 60 60 51 51 51 50 50 50 50 50 32 32 32 32 27 26 14 2 
86 86 86 86 86 86 86 86 86 86 86 86 86 86 86 86 86 86 86 85 84 84 84 81 71 70 63 61 61 61 51 51 51 50 50 50 50 50 50 49 42 38 36 36 33 31 22 16 0 0 
80 80 79 79 79 79 79 79 79 79 79 79 79 79 79 79 79 79 79 78 78 78 76 76 76 60 56 55 53 51 51 50 50 50 50 50 49 36 36 33 32 32 25 20 7 7 1 0 0 0 
84 84 82 82 82 82 82 82 82 82 82 82 82 82 82 82 81 78 78 78 77 72 72 68 61 59 58 51 51 51 51 50 50 50 50 50 49 48 39 32 23 14 8 8 7 1 1 1 1 1 
83 83 81 81 81 81 81 81 81 81 81 81 81 81 81 81 81 79 79 79 77 75 72 72 67 67 65 61 59 57 51 51 50 50 50 50 50 50 50 50 50 40 40 40 39 34 31 24 23 17 
87 87 87 87 87 87 87 87 87 87 87 87 87 87 87 84 82 69 68 68 67 63 59 59 59 59 58 55 52 52 52 52 52 52 52 51 51 51 50 50 50 50 46 38 13 12 8 1 1 1 
83 83 82 81 81 81 81 81 81 81 81 81 81 81 81 80 77 76 76 75 75 66 66 61 61 60 60 60 56 56 56 55 55 51 51 51 51 51 51 51 50 50 45 41 31 22 8 2 2 2 
88 88 88 88 85 85 85 85 85 85 85 85 85 85 85 85 85 84 83 83 79 75 74 74 74 66 66 64 63 60 60 60 57 57 57 57 51 51 51 50 50 50 50 48 45 24 15 10 7 2 
87 87 87 87 87 87 87 87 87 87 87 87 87 87 87 84 83 83 81 79 79 77 76 74 73 73 72 68 68 66 66 61 60 59 59 52 51 51 51 51 50 50 50 50 50 42 33 33 15 15 
82 82 82 82 82 82 82 82 82 81 81 81 81 81 81 81 80 80 79 79 77 65 65 58 55 54 54 51 51 51 51 51 51 51 51 51 50 50 50 50 50 50 50 50 38 7 7 7 1 0 
84 84 84 84 84 84 84 84 84 84 84 84 84 84 83 83 83 70 70 66 66 62 62 62 61 60 54 54 54 51 51 51 51 51 51 51 51 50 47 39 33 30 20 14 10 5 5 5 5 4 
83 83 83 83 83 83 83 83 83 83 83 83 83 82 82 82 82 82 81 80 80 80 77 63 61 51 51 51 51 51 51 51 51 51 51 50 50 50 50 50 50 50 50 28 18 11 10 1 1 1 
84 84 84 84 84 84 84 84 84 84 84 84 84 84 84 84 84 84 84 84 84 84 84 83 82 75 74 72 60 60 60 59 52 52 52 52 52 52 52 52 50 50 50 50 50 35 34 2 2 2 
92 92 92 92 92 92 92 92 92 92 92 92 92 91 89 88 86 86 84 84 66 64 64 63 54 53 53 53 53 53 53 53 53 50 50 50 50 47 45 45 42 42 42 17 15 7 7 3 3 3 
79 79 79 79 79 79 79 79 79 79 79 79 78 78 78 78 78 78 76 76 76 76 71 70 61 59 55 55 51 51 51 51 51 50 50 50 50 42 40 34 32 31 30 28 18 12 5 1 1 0 
83 83 83 83 83 83 83 83 83 83 83 83 83 83 80 80 79 78 78 78 78 78 66 65 62 59 56 52 52 52 52 52 52 52 52 52 50 50 50 50 50 50 28 4 4 4 4 2 2 2 
82 82 82 82 82 82 82 82 82 82 82 82 82 82 82 82 82 82 78 78 78 69 59 55 50 50 50 50 50 50 50 50 50 50 50 50 50 50 50 50 50 33 31 24 23 11 8 0 0 0 
81 81 81 81 81 81 81 81 81 81 81 81 81 81 81 81 81 81 78 77 76 76 74 73 70 59 51 51 50 50 50 50 50 50 50 50 50 50 50 50 50 50 35 1 1 1 1 1 0 0 
87 87 87 87 87 87 87 87 87 87 87 87 87 87 87 87 87 87 87 85 84 84 84 84 65 65 63 63 57 50 50 50 50 50 50 50 50 50 50 50 50 50 50 50 41 31 11 8 0 0 
86 86 86 86 86 86 86 86 86 86 86 86 86 86 86 86 83 82 81 81 65 61 60 59 59 51 51 51 50 50 50 50 50 50 50 50 50 49 37 37 27 16 7 1 1 1 1 1 1 1 
85 85 85 85 85 85 85 85 85 85 85 85 85 85 85 85 85 85 61 53 53 51 51 51 51 51 51 50 50 50 50 50 50 41 39 38 37 37 19 10 8 8 6 6 4 4 4 1 1 1 
83 83 83 83 83 83 83 83 83 83 83 83 83 83 83 83 83 83 80 79 79 78 66 58 52 52 52 52 52 52 52 52 52 50 50 50 50 50 44 37 37 35 30 11 11 2 2 2 0 0 
82 82 82 82 82 82 82 82 82 82 82 82 82 82 82 82 82 82 77 77 69 69 62 62 56 50 50 50 50 50 50 50 50 50 50 50 50 48 40 34 15 6 0 0 0 0 0 0 0 0 
89 89 89 89 89 89 89 89 89 89 89 89 89 89 89 89 89 89 89 89 89 89 89 89 89 76 73 50 50 50 50 50 50 50 50 50 50 50 50 42 39 39 13 3 0 0 0 0 0 0 
84 84 84 84 84 84 84 84 84 84 84 84 84 84 84 84 84 84 84 84 82 82 74 65 64 64 63 62 62 61 50 50 50 50 50 50 50 50 50 50 50 50 50 39 38 36 24 20 14 2 
83 83 83 83 83 83 83 83 83 83 83 83 83 83 83 83 83 83 83 82 80 74 60 60 60 60 56 51 51 51 51 51 51 51 51 51 51 50 50 50 50 50 50 33 10 10 6 1 1 0 
83 83 83 83 83 83 83 83 83 83 83 83 83 83 83 83 83 83 83 83 83 83 83 82 81 80 72 68 62 61 60 59 50 50 50 50 50 50 50 50 50 50 50 50 40 35 33 20 11 4 
90 90 90 90 90 90 90 90 90 90 90 90 90 90 90 90 90 90 90 90 90 90 90 90 90 90 90 88 61 61 61 52 52 52 52 52 52 52 52 50 50 50 50 50 49 42 10 10 9 4 
75 75 75 75 75 75 75 75 75 75 75 75 75 75 75 75 75 75 75 75 75 73 70 70 69 60 60 60 58 58 58 56 56 52 52 52 52 52 50 50 50 50 50 28 28 13 11 4 4 2 
90 90 90 90 90 90 90 90 90 90 90 90 90 90 90 90 90 90 89 89 86 80 78 78 63 63 62 61 52 52 51 51 51 51 51 51 51 51 51 51 51 51 51 50 43 42 40 38 34 2 
86 86 86 86 86 86 86 86 86 86 86 86 86 86 86 86 86 86 86 77 70 70 70 63 55 55 54 51 51 51 51 51 50 50 50 50 50 47 42 42 41 41 41 40 37 36 36 13 9 1 
82 82 82 82 82 82 82 82 82 82 82 82 82 82 82 82 79 78 76 62 62 62 62 60 58 58 58 55 52 51 51 51 51 51 51 50 50 50 50 50 50 37 37 34 33 32 32 23 3 1 
87 87 87 87 87 87 87 87 87 87 87 87 87 87 87 87 87 87 87 87 85 83 66 64 59 59 51 50 50 50 50 50 50 50 50 50 50 50 50 50 50 50 50 45 36 23 22 18 1 0 
