% Ministry of Cellular Automata
% Project Deux (CS523 Spring 2015)
% Version:v0.1-66-g3e0f-dirty
%  pop:50
%  ic count:100
%  CA Log option:r2/run42
%  width:121
%  max workers:4
%  radius:2
%  iterations:300
%  generations:50

 generation 0.0.0.1.0.1.1.18.1.50.1.0.50.1.7.38.20.1.0.1.0.1.0.50.1.1.1.1.50.1.3.50.1.1.0.1.1.7.1.1.50.0.1.50.1.50.1.1.50.1.50.xover.mutate.done 50
 generation 1.50.50.50.50.50.50.50.50.50.50.50.0.50.0.0.11.0.33.0.0.0.20.0.0.0.0.0.0.0.0.50.0.3.0.0.0.6.50.0.50.0.0.6.0.0.50.0.0.0.4.xover.mutate.done 50
 generation 2.50.50.50.50.50.50.50.50.50.50.50.31.50.50.1.50.50.1.50.55.1.50.41.50.50.1.50.50.50.50.50.50.10.70.6.50.0.0.0.50.1.11.50.0.50.50.0.52.50.5.xover.mutate.done 50
 generation 3.61.49.51.50.50.50.50.50.50.50.20.1.50.4.50.3.50.50.1.0.50.1.0.50.1.1.33.5.1.50.1.50.8.50.50.50.50.50.50.50.50.1.33.50.51.0.50.50.1.1.xover.mutate.done 50
 generation 4.59.41.51.50.50.50.50.50.50.50.50.1.50.47.0.1.50.50.50.50.50.51.50.1.1.1.50.1.50.1.50.51.50.1.0.9.50.50.50.50.50.0.3.1.50.1.50.1.50.50.xover.mutate.done 50
 generation 5.64.50.50.50.50.50.50.50.50.50.0.52.50.2.50.2.2.2.2.52.52.52.50.64.52.52.50.2.50.2.50.2.52.50.2.52.50.50.2.50.2.52.2.50.50.2.50.2.50.50.xover.mutate.done 50
 generation 6.67.63.51.51.51.51.51.51.51.51.50.8.3.12.10.11.1.3.50.50.2.3.1.50.1.3.3.3.3.1.51.52.51.3.50.1.50.63.3.50.2.50.52.52.52.1.51.79.51.6.xover.mutate.done 50
 generation 7.69.55.55.58.50.50.50.50.50.50.50.50.0.50.58.0.0.50.0.0.50.9.0.0.0.0.50.0.0.50.0.50.4.0.50.50.8.50.50.0.5.0.37.0.0.0.50.50.0.0.xover.mutate.done 50
 generation 8.76.59.59.62.60.50.50.50.50.50.0.50.50.50.0.50.0.0.0.50.50.0.50.0.50.50.50.0.4.0.10.50.0.50.50.0.50.0.19.0.0.4.0.50.0.0.4.50.50.50.xover.mutate.done 50
 generation 9.73.61.59.59.59.50.50.50.50.50.13.0.0.50.50.0.50.50.0.50.5.50.6.50.10.50.0.50.50.50.0.50.50.0.9.28.50.50.0.0.0.0.50.0.0.0.5.0.50.0.xover.mutate.done 50
 generation 10.82.71.57.67.67.51.51.51.51.51.1.1.2.51.1.12.1.51.6.24.2.1.8.50.9.6.1.50.1.51.1.51.50.1.51.50.6.1.50.51.50.1.9.2.1.59.51.14.10.1.xover.mutate.done 50
 generation 11.71.62.53.53.45.60.51.51.51.51.51.1.50.50.1.1.50.20.18.50.50.50.2.18.1.50.2.50.50.1.11.51.42.1.50.50.45.51.2.51.50.2.50.51.2.1.2.51.51.51.xover.mutate.done 50
 generation 12.81.70.65.64.64.50.50.50.50.62.50.0.50.2.2.50.6.50.2.0.50.2.5.2.0.50.50.50.0.0.50.50.5.17.9.2.2.50.2.58.0.52.2.0.2.64.0.50.2.0.xover.mutate.done 50
 generation 13.77.59.49.62.62.62.61.53.52.50.0.2.2.0.52.7.50.9.0.2.0.10.2.2.0.2.2.0.50.2.2.2.10.50.2.51.50.6.50.50.0.8.77.0.2.2.2.2.2.50.xover.mutate.done 50
 generation 14.76.76.63.63.63.64.60.58.50.50.2.2.2.2.14.63.2.2.2.50.2.2.50.13.2.0.15.10.2.50.2.2.0.2.2.2.52.50.58.14.2.50.2.2.63.50.2.10.2.49.xover.mutate.done 50
 generation 15.73.73.52.53.53.53.61.53.58.56.8.2.2.2.2.50.8.73.2.2.2.0.2.2.2.61.2.8.2.73.0.2.72.2.8.73.2.8.2.2.2.7.2.49.53.7.2.50.2.2.xover.mutate.done 50
 generation 16.74.74.75.74.75.76.68.68.63.58.1.1.5.1.51.50.69.1.5.0.0.51.0.1.0.1.1.0.0.13.5.74.5.69.58.69.1.1.1.1.0.1.0.0.74.5.1.1.1.1.xover.mutate.done 50
 generation 17.77.70.70.72.72.72.72.72.65.65.4.3.4.3.4.65.3.20.3.1.1.50.1.65.4.72.4.3.1.7.52.1.3.50.4.4.20.3.2.9.4.3.9.54.2.3.3.4.70.2.xover.mutate.done 50
 generation 18.78.80.80.80.80.80.80.78.78.78.46.4.57.80.55.4.5.4.0.4.80.46.0.4.80.14.42.0.78.4.80.25.4.50.0.9.42.4.4.4.80.12.5.26.80.0.0.5.4.4.xover.mutate.done 50
 generation 19.67.67.67.67.67.67.67.67.67.67.67.48.1.3.67.5.45.3.45.67.1.67.67.44.3.7.10.3.1.3.67.57.48.67.9.3.67.1.67.48.67.1.3.54.60.66.3.3.67.3.xover.mutate.done 50
 generation 20.73.73.73.73.73.73.73.73.73.73.8.73.4.54.73.20.73.8.73.73.4.10.73.8.73.3.3.4.18.52.73.34.58.8.17.73.8.8.40.73.1.8.73.16.60.55.73.3.4.73.xover.mutate.done 50
 generation 21.73.73.73.73.73.73.73.73.73.73.73.51.1.3.73.73.3.51.2.73.61.2.13.3.73.73.73.48.71.14.2.73.43.9.73.0.2.73.0.3.3.73.13.61.1.73.73.1.51.73.xover.mutate.done 50
 generation 22.68.68.68.68.68.68.68.68.68.68.51.68.68.68.29.56.12.2.36.39.2.68.48.1.1.3.68.1.67.68.69.2.41.3.56.68.12.6.68.3.68.68.1.68.60.68.56.2.60.8.xover.mutate.done 50
 generation 23.72.72.72.72.72.72.72.72.72.72.26.68.43.1.72.72.1.1.50.10.72.18.5.1.1.33.1.72.72.72.0.33.1.1.72.5.46.72.5.1.23.25.1.72.72.72.0.1.72.1.xover.mutate.done 50
 generation 24.71.71.71.71.71.71.71.71.71.71.0.71.0.56.71.0.0.71.0.3.3.71.71.71.0.3.24.15.0.71.3.34.67.0.0.19.55.3.0.71.71.0.68.71.0.24.28.0.71.68.xover.mutate.done 50
 generation 25.74.73.73.73.73.73.73.73.73.73.0.0.0.73.73.28.73.63.73.0.73.73.73.73.7.0.73.0.73.51.0.73.7.73.0.7.7.73.7.28.73.13.72.73.36.15.73.73.73.0.xover.mutate.done 50
 generation 26.84.83.83.83.83.83.83.83.83.83.83.83.57.0.76.18.4.0.4.83.83.83.83.83.83.4.0.46.83.0.46.18.0.4.0.83.17.0.84.0.0.83.4.83.83.83.0.83.0.83.xover.mutate.done 50
 generation 27.73.73.72.72.72.72.72.72.72.72.7.54.72.35.21.29.71.3.72.34.72.72.54.72.7.72.72.21.32.45.7.72.73.32.3.3.72.3.72.35.53.53.72.7.72.0.0.72.54.3.xover.mutate.done 50
 generation 28.66.66.66.63.63.63.63.63.63.63.58.25.1.63.63.45.63.63.3.25.22.63.23.63.45.23.63.63.8.46.39.20.20.8.8.20.1.58.3.63.8.63.63.3.63.3.1.29.63.63.xover.mutate.done 50
 generation 29.68.68.68.69.69.69.69.69.69.69.9.69.48.42.69.9.69.46.3.10.46.69.58.69.42.46.48.7.16.68.3.3.34.3.7.69.69.7.48.69.69.69.56.69.3.3.2.16.9.69.xover.mutate.done 50
 generation 30.73.73.73.73.73.73.73.73.73.73.72.73.64.43.53.60.3.73.9.3.9.3.48.47.40.73.73.40.47.73.48.73.47.0.8.19.73.73.47.48.53.64.73.3.47.56.0.0.73.73.xover.mutate.done 50
 generation 31.76.76.76.76.76.76.76.76.76.76.1.8.76.3.28.6.17.6.29.1.1.1.76.45.76.1.0.76.1.43.1.3.32.18.76.76.3.1.76.76.76.38.1.6.59.3.76.3.3.41.xover.mutate.done 50
 generation 32.70.70.70.70.70.70.70.70.70.70.1.6.47.43.29.32.6.1.70.25.37.6.70.25.2.1.70.47.31.6.70.1.5.21.25.2.47.70.14.70.49.51.48.70.6.2.27.70.15.70.xover.mutate.done 50
 generation 33.77.77.77.77.77.77.77.77.77.77.58.8.1.65.77.51.0.35.65.1.1.0.56.0.2.44.0.43.46.0.49.0.77.0.33.2.77.49.77.77.77.0.5.0.0.77.46.22.33.46.xover.mutate.done 50
 generation 34.66.66.66.66.66.66.66.66.66.66.1.39.1.0.1.1.66.1.26.11.1.1.1.1.37.41.66.1.66.66.36.37.66.0.1.0.1.1.1.37.1.1.10.1.38.13.13.7.66.31.xover.mutate.done 50
 generation 35.76.76.76.76.76.76.76.76.76.76.7.0.11.58.0.6.76.0.0.7.50.52.76.76.11.53.53.7.26.0.53.47.7.76.0.53.76.0.76.34.63.73.76.52.7.0.6.7.51.0.xover.mutate.done 50
 generation 36.64.64.64.64.64.64.64.64.64.64.5.46.11.2.61.5.1.5.42.5.35.2.1.1.5.1.64.2.45.6.46.64.43.64.5.64.2.1.48.2.5.42.12.1.21.64.2.12.2.61.xover.mutate.done 50
 generation 37.71.71.71.71.71.71.71.71.71.71.40.39.71.8.1.49.0.71.2.32.46.0.1.8.1.71.17.49.32.38.8.1.71.71.14.1.0.8.1.17.8.46.71.8.1.35.8.39.35.8.xover.mutate.done 50
 generation 38.66.66.66.66.66.66.66.66.66.66.66.25.5.51.18.0.16.16.16.12.16.1.44.52.42.17.66.44.0.66.66.66.1.12.66.44.66.64.0.52.40.5.0.1.66.5.66.63.37.33.xover.mutate.done 50
 generation 39.76.76.76.76.76.76.76.76.76.76.76.38.66.41.76.76.32.0.0.8.0.7.14.76.76.0.0.76.17.76.49.0.76.34.17.0.68.0.76.8.0.76.48.8.25.9.76.0.17.0.xover.mutate.done 50
 generation 40.72.72.72.72.72.72.72.72.72.72.50.72.21.45.3.7.61.61.2.42.72.55.23.2.61.72.72.72.3.47.2.2.37.72.3.2.2.72.72.7.8.45.36.72.7.2.2.33.45.55.xover.mutate.done 50
 generation 41.75.75.75.75.75.75.75.75.75.75.1.41.1.52.30.61.1.52.2.1.41.34.1.43.75.1.58.42.4.22.1.1.75.75.2.75.2.1.1.40.75.1.1.75.43.75.75.40.6.2.xover.mutate.done 50
 generation 42.70.70.70.70.70.70.70.70.70.70.13.10.44.70.37.2.24.23.26.13.70.1.70.31.12.70.30.44.1.16.2.12.37.4.5.45.44.2.70.31.2.12.1.13.70.36.70.44.13.53.xover.mutate.done 50
 generation 43.73.73.73.73.73.73.73.73.73.73.73.6.73.6.45.73.0.0.6.0.45.0.6.50.11.0.73.22.48.58.0.0.16.6.73.66.0.0.73.14.0.0.44.14.73.0.9.48.73.73.xover.mutate.done 50
 generation 44.72.72.72.72.72.72.72.72.72.72.58.72.67.72.28.2.38.46.58.72.11.2.72.72.52.9.1.52.2.72.52.49.28.72.1.2.72.2.14.46.1.1.72.2.72.72.72.1.1.16.xover.mutate.done 50
 generation 45.83.83.83.83.83.83.83.83.83.83.83.49.83.83.8.1.1.53.2.2.49.55.25.2.83.49.2.83.83.43.1.55.83.18.1.83.38.8.83.83.26.27.8.55.49.38.42.83.83.8.xover.mutate.done 50
 generation 46.72.72.72.72.72.72.72.72.72.72.72.72.53.0.71.72.16.13.72.72.0.3.71.71.0.0.0.0.16.72.46.53.72.3.26.3.53.62.0.0.40.51.3.59.26.26.41.3.24.51.xover.mutate.done 50
 generation 47.69.69.69.69.69.69.69.69.69.69.3.34.9.6.3.49.2.2.69.44.69.10.55.34.3.31.33.69.41.25.49.69.69.69.69.69.13.69.3.69.69.69.2.6.2.3.22.41.69.33.xover.mutate.done 50
 generation 48.72.72.72.72.72.72.72.72.72.72.42.61.23.72.2.72.6.62.48.2.12.42.33.34.6.43.43.20.73.72.33.72.30.2.2.72.42.40.72.72.13.17.48.12.15.2.72.28.72.72.xover.mutate.done 50
 generation 49.70.72.72.72.72.72.72.72.72.72.0.0.2.0.0.2.11.70.0.0.33.72.72.81.72.43.72.0.36.41.20.0.8.43.0.35.49.0.2.43.72.0.2.2.58.0.4.2.31.2.xover.mutate.done 50
 64676314 iters     958664 iter/sec (67.47 s)
 total time: 67.47
