0.84375 0.84375 0.15625 0.5625 0.53125 0.5 0.40625 0.46875 0.40625 0.09375 
0.3125 0.15625 0.90625 0.125 0.90625 0.96875 0.96875 0.8125 0.0 0.21875 
0.3125 0.15625 0.28125 0.15625 0.1875 0.90625 0.125 0.90625 0.96875 0.96875 
0.3125 0.15625 0.28125 0.15625 0.1875 0.28125 0.90625 0.125 0.90625 0.96875 
0.3125 0.3125 0.15625 0.28125 0.15625 0.1875 0.28125 0.90625 0.125 0.90625 
0.3125 0.3125 0.3125 0.15625 0.28125 0.15625 0.1875 0.28125 0.21875 0.28125 
0.40625 0.40625 0.3125 0.3125 0.3125 0.25 0.3125 0.15625 0.28125 0.15625 
0.40625 0.40625 0.375 0.375 0.3125 0.3125 0.3125 0.25 0.28125 0.34375 
0.40625 0.40625 0.375 0.375 0.375 0.40625 0.40625 0.4375 0.375 0.40625 
0.40625 0.40625 0.375 0.375 0.375 0.40625 0.40625 0.46875 0.40625 0.375 
0.40625 0.40625 0.40625 0.375 0.375 0.375 0.40625 0.40625 0.46875 0.40625 
0.46875 0.40625 0.4375 0.40625 0.40625 0.375 0.375 0.375 0.40625 0.40625 
0.46875 0.46875 0.4375 0.40625 0.4375 0.40625 0.40625 0.4375 0.40625 0.40625 
0.46875 0.46875 0.4375 0.4375 0.4375 0.4375 0.40625 0.4375 0.40625 0.40625 
0.46875 0.46875 0.46875 0.5 0.5 0.4375 0.4375 0.4375 0.4375 0.4375 
0.46875 0.46875 0.46875 0.46875 0.46875 0.46875 0.4375 0.5 0.5 0.5 
0.46875 0.46875 0.46875 0.46875 0.46875 0.46875 0.4375 0.46875 0.4375 0.46875 
0.46875 0.46875 0.46875 0.46875 0.46875 0.46875 0.4375 0.46875 0.4375 0.46875 
0.4375 0.46875 0.46875 0.46875 0.46875 0.46875 0.46875 0.4375 0.46875 0.46875 
0.4375 0.46875 0.46875 0.46875 0.46875 0.46875 0.46875 0.4375 0.46875 0.46875 
0.4375 0.46875 0.46875 0.46875 0.46875 0.46875 0.46875 0.4375 0.46875 0.46875 
0.4375 0.4375 0.4375 0.46875 0.46875 0.46875 0.46875 0.46875 0.46875 0.4375 
0.4375 0.4375 0.4375 0.4375 0.4375 0.4375 0.4375 0.4375 0.46875 0.46875 
0.4375 0.4375 0.4375 0.4375 0.4375 0.4375 0.4375 0.4375 0.46875 0.46875 
0.4375 0.4375 0.4375 0.4375 0.4375 0.4375 0.4375 0.4375 0.46875 0.46875 
0.4375 0.4375 0.4375 0.4375 0.4375 0.4375 0.4375 0.4375 0.4375 0.4375 
0.4375 0.4375 0.4375 0.4375 0.4375 0.4375 0.4375 0.4375 0.4375 0.4375 
0.4375 0.4375 0.4375 0.4375 0.4375 0.4375 0.4375 0.4375 0.4375 0.4375 
0.4375 0.4375 0.4375 0.4375 0.4375 0.4375 0.4375 0.4375 0.4375 0.4375 
0.4375 0.4375 0.4375 0.4375 0.4375 0.4375 0.4375 0.4375 0.4375 0.4375 
0.4375 0.4375 0.4375 0.4375 0.4375 0.4375 0.4375 0.4375 0.4375 0.4375 
0.4375 0.4375 0.4375 0.4375 0.4375 0.4375 0.4375 0.4375 0.4375 0.4375 
0.4375 0.4375 0.4375 0.4375 0.4375 0.4375 0.4375 0.4375 0.4375 0.4375 
0.4375 0.4375 0.4375 0.4375 0.4375 0.4375 0.4375 0.4375 0.4375 0.4375 
0.5 0.4375 0.4375 0.4375 0.4375 0.4375 0.4375 0.4375 0.4375 0.4375 
0.5 0.5 0.4375 0.4375 0.4375 0.4375 0.4375 0.4375 0.4375 0.4375 
0.4375 0.4375 0.4375 0.4375 0.4375 0.4375 0.4375 0.4375 0.4375 0.4375 
0.4375 0.4375 0.4375 0.4375 0.4375 0.4375 0.4375 0.4375 0.4375 0.4375 
0.4375 0.4375 0.4375 0.4375 0.4375 0.4375 0.4375 0.4375 0.4375 0.4375 
0.4375 0.4375 0.4375 0.4375 0.4375 0.4375 0.4375 0.4375 0.4375 0.4375 
0.4375 0.4375 0.4375 0.4375 0.4375 0.4375 0.4375 0.4375 0.4375 0.4375 
0.4375 0.4375 0.4375 0.4375 0.4375 0.4375 0.4375 0.4375 0.4375 0.4375 
0.4375 0.4375 0.4375 0.4375 0.4375 0.4375 0.4375 0.4375 0.4375 0.4375 
0.4375 0.4375 0.4375 0.4375 0.4375 0.4375 0.4375 0.4375 0.4375 0.4375 
0.4375 0.4375 0.4375 0.4375 0.4375 0.4375 0.4375 0.4375 0.4375 0.4375 
0.4375 0.4375 0.4375 0.4375 0.4375 0.4375 0.4375 0.4375 0.4375 0.4375 
0.4375 0.4375 0.4375 0.4375 0.4375 0.4375 0.4375 0.4375 0.4375 0.4375 
0.4375 0.4375 0.4375 0.4375 0.4375 0.4375 0.4375 0.4375 0.4375 0.4375 
0.4375 0.4375 0.4375 0.4375 0.4375 0.4375 0.4375 0.4375 0.4375 0.4375 
0.4375 0.4375 0.4375 0.4375 0.4375 0.4375 0.4375 0.4375 0.4375 0.4375 
