0.59375 0.625 0.21875 0.6875 1.0 0.53125 0.53125 0.78125 0.21875 0.28125 
1.0 0.78125 0.28125 1.0 0.03125 1.0 0.03125 0.96875 0.0 1.0 
0.59375 1.0 0.78125 0.28125 1.0 0.03125 1.0 0.03125 0.96875 0.0 
0.59375 0.78125 0.875 0.46875 0.25 0.3125 1.0 0.78125 0.28125 1.0 
0.6875 0.59375 0.78125 0.875 0.46875 0.25 0.3125 0.4375 0.5625 0.4375 
0.6875 0.59375 0.78125 0.875 0.5625 0.5625 0.46875 0.25 0.3125 0.4375 
0.6875 0.3125 0.3125 0.59375 0.78125 0.875 0.5625 0.5625 0.5625 0.53125 
0.3125 0.3125 0.3125 0.375 0.6875 0.59375 0.59375 0.78125 0.875 0.5625 
0.3125 0.3125 0.3125 0.375 0.375 0.6875 0.59375 0.375 0.34375 0.3125 
0.53125 0.3125 0.3125 0.3125 0.375 0.375 0.375 0.34375 0.6875 0.59375 
0.53125 0.34375 0.53125 0.3125 0.3125 0.3125 0.375 0.375 0.40625 0.40625 
0.40625 0.5 0.53125 0.4375 0.53125 0.53125 0.375 0.375 0.34375 0.3125 
0.40625 0.5 0.5 0.53125 0.53125 0.53125 0.53125 0.5625 0.5625 0.4375 
0.40625 0.4375 0.53125 0.4375 0.5 0.5 0.5 0.53125 0.53125 0.53125 
0.46875 0.40625 0.4375 0.4375 0.4375 0.40625 0.53125 0.53125 0.5 0.5 
0.46875 0.40625 0.4375 0.4375 0.4375 0.40625 0.4375 0.5 0.46875 0.5 
0.46875 0.40625 0.4375 0.4375 0.4375 0.40625 0.4375 0.5 0.46875 0.5 
0.46875 0.40625 0.4375 0.4375 0.4375 0.40625 0.4375 0.5 0.46875 0.5 
0.46875 0.40625 0.4375 0.4375 0.4375 0.40625 0.4375 0.5 0.46875 0.5 
0.46875 0.40625 0.4375 0.4375 0.4375 0.40625 0.4375 0.5 0.46875 0.5 
0.46875 0.46875 0.40625 0.4375 0.4375 0.4375 0.40625 0.4375 0.5 0.46875 
0.46875 0.46875 0.40625 0.4375 0.4375 0.4375 0.40625 0.4375 0.5 0.46875 
0.46875 0.46875 0.46875 0.40625 0.4375 0.4375 0.4375 0.40625 0.4375 0.5 
0.46875 0.46875 0.46875 0.4375 0.40625 0.4375 0.4375 0.4375 0.40625 0.4375 
0.46875 0.46875 0.46875 0.4375 0.46875 0.46875 0.46875 0.46875 0.4375 0.40625 
0.46875 0.46875 0.46875 0.4375 0.46875 0.46875 0.46875 0.46875 0.4375 0.46875 
0.46875 0.46875 0.46875 0.4375 0.46875 0.46875 0.46875 0.46875 0.4375 0.46875 
0.46875 0.46875 0.46875 0.4375 0.46875 0.46875 0.46875 0.46875 0.4375 0.46875 
0.46875 0.46875 0.46875 0.4375 0.46875 0.46875 0.46875 0.46875 0.4375 0.46875 
0.46875 0.46875 0.46875 0.4375 0.46875 0.46875 0.46875 0.46875 0.4375 0.46875 
0.46875 0.46875 0.46875 0.4375 0.46875 0.46875 0.46875 0.46875 0.4375 0.46875 
0.46875 0.46875 0.46875 0.4375 0.46875 0.46875 0.46875 0.46875 0.4375 0.46875 
0.46875 0.46875 0.46875 0.4375 0.46875 0.46875 0.46875 0.46875 0.4375 0.46875 
0.46875 0.46875 0.46875 0.4375 0.46875 0.46875 0.46875 0.46875 0.4375 0.46875 
0.46875 0.46875 0.46875 0.4375 0.46875 0.46875 0.46875 0.46875 0.4375 0.46875 
0.46875 0.46875 0.46875 0.4375 0.46875 0.46875 0.46875 0.46875 0.4375 0.46875 
0.46875 0.46875 0.46875 0.4375 0.46875 0.46875 0.46875 0.46875 0.4375 0.46875 
0.46875 0.46875 0.46875 0.4375 0.46875 0.46875 0.46875 0.46875 0.4375 0.46875 
0.46875 0.46875 0.46875 0.4375 0.46875 0.46875 0.46875 0.46875 0.4375 0.46875 
0.46875 0.46875 0.46875 0.4375 0.46875 0.46875 0.46875 0.46875 0.4375 0.46875 
0.46875 0.46875 0.46875 0.4375 0.46875 0.46875 0.46875 0.46875 0.4375 0.46875 
0.46875 0.46875 0.46875 0.4375 0.46875 0.46875 0.46875 0.46875 0.4375 0.46875 
0.46875 0.46875 0.46875 0.4375 0.46875 0.46875 0.46875 0.46875 0.4375 0.46875 
0.46875 0.46875 0.46875 0.4375 0.46875 0.46875 0.46875 0.46875 0.4375 0.46875 
0.46875 0.46875 0.46875 0.4375 0.46875 0.46875 0.46875 0.46875 0.4375 0.46875 
0.46875 0.46875 0.46875 0.4375 0.46875 0.46875 0.46875 0.46875 0.4375 0.46875 
0.46875 0.46875 0.46875 0.4375 0.46875 0.46875 0.46875 0.46875 0.4375 0.46875 
0.46875 0.46875 0.46875 0.4375 0.46875 0.46875 0.46875 0.46875 0.4375 0.46875 
0.46875 0.46875 0.46875 0.4375 0.46875 0.46875 0.46875 0.46875 0.4375 0.46875 
0.46875 0.46875 0.46875 0.4375 0.46875 0.46875 0.46875 0.46875 0.4375 0.46875 
