0.03125 0.59375 0.1875 0.84375 0.9375 0.09375 0.875 0.78125 0.71875 0.3125 
0.28125 0.78125 0.03125 0.9375 0.09375 0.875 0.0625 0.03125 0.28125 0.0 
0.40625 0.28125 0.78125 0.84375 0.46875 0.625 0.21875 0.9375 0.03125 0.9375 
0.5 0.40625 0.375 0.78125 0.84375 0.625 0.9375 0.71875 0.75 0.8125 
0.5 0.40625 0.375 0.78125 0.84375 0.625 0.9375 0.71875 0.75 0.8125 
0.40625 0.5 0.40625 0.375 0.40625 0.4375 0.78125 0.84375 0.625 0.9375 
0.40625 0.4375 0.5 0.4375 0.40625 0.375 0.40625 0.375 0.4375 0.78125 
0.4375 0.40625 0.5 0.5 0.4375 0.40625 0.40625 0.375 0.40625 0.40625 
0.4375 0.40625 0.4375 0.5 0.5 0.4375 0.40625 0.40625 0.40625 0.375 
0.4375 0.40625 0.4375 0.5 0.4375 0.5 0.40625 0.40625 0.40625 0.40625 
0.4375 0.4375 0.40625 0.46875 0.5 0.5 0.53125 0.40625 0.375 0.4375 
0.4375 0.4375 0.4375 0.46875 0.40625 0.40625 0.40625 0.46875 0.4375 0.4375 
0.4375 0.4375 0.4375 0.46875 0.40625 0.40625 0.40625 0.46875 0.4375 0.4375 
0.4375 0.4375 0.4375 0.46875 0.40625 0.40625 0.4375 0.40625 0.40625 0.40625 
0.4375 0.4375 0.4375 0.46875 0.40625 0.40625 0.4375 0.40625 0.40625 0.40625 
0.4375 0.4375 0.4375 0.46875 0.40625 0.40625 0.4375 0.40625 0.40625 0.40625 
0.4375 0.4375 0.4375 0.46875 0.40625 0.40625 0.4375 0.40625 0.40625 0.40625 
0.4375 0.4375 0.4375 0.46875 0.40625 0.40625 0.4375 0.40625 0.40625 0.40625 
0.4375 0.4375 0.4375 0.46875 0.40625 0.40625 0.4375 0.40625 0.40625 0.40625 
0.4375 0.4375 0.4375 0.46875 0.40625 0.40625 0.4375 0.40625 0.40625 0.40625 
0.4375 0.4375 0.4375 0.46875 0.40625 0.40625 0.4375 0.40625 0.40625 0.40625 
0.4375 0.4375 0.4375 0.46875 0.40625 0.40625 0.4375 0.40625 0.40625 0.40625 
0.4375 0.4375 0.4375 0.46875 0.40625 0.40625 0.4375 0.40625 0.40625 0.40625 
0.4375 0.4375 0.4375 0.46875 0.40625 0.40625 0.4375 0.40625 0.40625 0.40625 
0.4375 0.4375 0.4375 0.46875 0.40625 0.40625 0.4375 0.40625 0.40625 0.40625 
0.4375 0.4375 0.4375 0.46875 0.40625 0.40625 0.4375 0.40625 0.40625 0.40625 
0.4375 0.4375 0.4375 0.46875 0.40625 0.40625 0.4375 0.40625 0.40625 0.40625 
0.4375 0.4375 0.4375 0.46875 0.40625 0.40625 0.4375 0.40625 0.40625 0.40625 
0.4375 0.4375 0.4375 0.46875 0.40625 0.40625 0.4375 0.40625 0.40625 0.40625 
0.4375 0.4375 0.4375 0.46875 0.40625 0.40625 0.4375 0.40625 0.40625 0.40625 
0.4375 0.4375 0.4375 0.46875 0.40625 0.40625 0.4375 0.40625 0.40625 0.40625 
0.4375 0.4375 0.4375 0.46875 0.40625 0.40625 0.4375 0.40625 0.40625 0.40625 
0.4375 0.4375 0.4375 0.46875 0.40625 0.40625 0.4375 0.40625 0.40625 0.40625 
0.4375 0.4375 0.4375 0.46875 0.40625 0.40625 0.4375 0.40625 0.40625 0.40625 
0.4375 0.4375 0.4375 0.46875 0.40625 0.40625 0.4375 0.40625 0.40625 0.40625 
0.4375 0.4375 0.4375 0.46875 0.40625 0.40625 0.4375 0.40625 0.40625 0.40625 
0.4375 0.4375 0.4375 0.46875 0.40625 0.40625 0.4375 0.40625 0.40625 0.40625 
0.4375 0.4375 0.4375 0.46875 0.40625 0.40625 0.4375 0.40625 0.40625 0.40625 
0.4375 0.4375 0.4375 0.46875 0.40625 0.40625 0.4375 0.40625 0.40625 0.40625 
0.4375 0.4375 0.4375 0.46875 0.40625 0.40625 0.4375 0.40625 0.40625 0.40625 
0.4375 0.4375 0.4375 0.46875 0.40625 0.40625 0.4375 0.40625 0.40625 0.40625 
0.4375 0.4375 0.4375 0.46875 0.40625 0.40625 0.4375 0.40625 0.40625 0.40625 
0.4375 0.4375 0.4375 0.46875 0.40625 0.40625 0.4375 0.40625 0.40625 0.40625 
0.4375 0.4375 0.4375 0.46875 0.40625 0.40625 0.4375 0.40625 0.40625 0.40625 
0.4375 0.4375 0.4375 0.46875 0.40625 0.40625 0.4375 0.40625 0.40625 0.40625 
0.4375 0.4375 0.4375 0.4375 0.46875 0.40625 0.40625 0.4375 0.40625 0.40625 
0.4375 0.4375 0.4375 0.4375 0.46875 0.40625 0.40625 0.4375 0.40625 0.40625 
0.4375 0.46875 0.4375 0.4375 0.4375 0.4375 0.46875 0.40625 0.40625 0.4375 
0.4375 0.4375 0.4375 0.46875 0.4375 0.4375 0.4375 0.46875 0.40625 0.40625 
0.4375 0.4375 0.4375 0.46875 0.46875 0.4375 0.4375 0.4375 0.46875 0.40625 
