51 50 50 50 50 50 50 50 50 50 50 50 50 50 50 23 22 11 8 8 5 1 1 1 1 1 1 1 1 1 1 1 1 1 1 1 1 1 1 0 0 0 0 0 0 0 0 0 0 0 
50 50 50 50 50 50 50 50 50 50 50 50 50 50 50 50 50 50 50 50 50 38 22 17 17 15 10 5 5 4 2 1 0 0 0 0 0 0 0 0 0 0 0 0 0 0 0 0 0 0 
52 52 50 50 50 50 50 50 50 50 50 50 50 50 50 50 50 50 50 50 50 50 50 50 50 50 50 50 50 50 50 50 50 50 43 28 17 6 3 2 2 2 2 2 2 2 0 0 0 0 
51 51 51 51 51 51 51 51 51 51 51 51 50 50 50 50 50 50 50 50 50 50 50 50 50 50 50 50 50 49 42 41 41 14 8 2 2 2 2 2 2 1 1 1 1 1 1 1 1 1 
53 53 53 53 53 53 53 53 53 51 51 51 51 51 51 51 51 51 51 50 50 50 50 50 50 50 50 50 26 15 10 7 4 4 4 4 4 4 4 4 4 4 4 4 4 4 4 3 3 1 
55 50 50 50 50 50 50 50 50 50 50 50 50 50 50 50 50 50 50 50 50 50 50 46 19 19 5 5 5 4 0 0 0 0 0 0 0 0 0 0 0 0 0 0 0 0 0 0 0 0 
57 57 51 51 51 51 51 51 51 51 51 51 51 51 51 51 51 51 51 51 51 51 51 50 50 50 28 22 21 15 10 10 9 8 6 4 2 2 2 2 2 2 2 2 1 1 1 1 1 1 
59 59 53 53 53 53 53 53 53 53 53 53 53 53 53 53 53 53 53 53 53 53 53 53 51 51 51 51 51 51 51 51 50 50 49 20 14 13 12 12 12 12 9 7 4 4 4 4 4 3 
55 55 55 55 51 51 51 51 51 51 51 51 51 51 51 51 51 51 51 51 51 51 51 51 51 51 51 51 51 51 51 50 50 19 12 11 6 6 6 6 4 1 1 1 1 1 1 1 1 0 
60 58 58 58 58 51 51 51 51 51 51 51 51 51 51 51 51 51 51 51 51 51 51 51 51 51 51 51 51 51 51 50 16 16 16 12 12 11 9 9 9 9 6 2 2 2 2 2 2 1 
59 58 58 58 58 58 52 50 50 50 50 50 50 50 50 50 50 50 50 50 50 50 50 50 50 50 50 50 50 50 50 50 47 28 18 12 11 11 11 11 8 8 8 0 0 0 0 0 0 0 
59 59 59 59 59 59 59 59 59 56 51 50 50 50 50 50 50 50 50 50 50 50 50 50 50 50 50 50 50 50 50 50 50 50 50 50 50 50 50 44 37 27 14 11 9 9 9 0 0 0 
57 57 57 57 57 57 57 57 57 57 57 57 57 57 57 57 56 51 51 51 51 51 51 51 51 51 51 51 51 51 51 51 50 50 50 50 50 50 50 46 44 37 24 13 8 8 8 1 1 1 
60 60 60 60 60 60 60 60 60 60 60 60 60 58 58 58 58 55 54 51 51 51 51 51 51 51 51 51 50 50 50 50 44 32 31 31 30 29 23 14 11 11 11 11 10 1 1 1 1 0 
76 61 61 61 61 61 61 61 61 61 61 61 61 61 61 61 61 61 61 61 61 58 55 54 52 52 52 52 52 52 52 52 52 51 51 51 50 42 40 28 13 13 3 3 3 3 3 3 3 2 
84 62 58 58 58 58 58 58 58 58 58 58 58 58 58 58 58 58 57 57 54 51 51 51 51 51 51 51 51 46 45 44 44 44 43 36 35 24 13 10 9 8 8 2 2 2 2 2 1 1 
78 64 64 64 58 58 58 58 58 56 56 55 55 55 55 55 55 55 55 55 55 55 51 51 51 51 50 50 50 50 50 43 43 38 35 32 25 23 15 14 13 6 6 6 4 2 2 2 1 1 
75 64 64 64 64 64 64 64 64 64 63 59 59 59 59 57 57 57 57 51 51 51 50 50 50 50 50 50 50 50 50 49 47 41 37 22 20 16 15 15 15 13 12 10 10 7 1 1 1 1 
83 83 83 65 64 60 60 60 60 60 60 60 59 59 59 59 59 59 59 59 59 59 59 59 52 52 52 50 50 50 50 50 50 50 50 46 40 23 23 20 16 16 14 14 14 11 8 2 2 0 
78 78 78 78 78 76 60 59 58 58 57 57 57 57 57 57 57 57 57 53 53 53 53 53 50 50 50 50 50 45 45 42 41 36 34 20 20 16 16 15 9 7 7 7 6 3 3 3 0 0 
74 74 74 74 74 74 74 62 62 62 60 59 59 58 58 56 52 52 51 51 51 51 51 51 51 51 50 50 50 50 50 50 50 42 36 35 29 27 26 24 23 22 21 20 14 14 14 10 3 2 
80 80 80 80 80 80 80 79 79 79 79 62 58 58 58 58 52 52 52 52 50 50 50 50 46 46 44 40 32 30 30 24 24 23 19 19 19 19 18 16 12 12 2 2 2 2 0 0 0 0 
83 83 83 83 83 83 83 83 83 83 83 83 83 83 83 83 82 77 74 61 58 58 58 58 55 51 51 51 51 51 51 51 51 51 50 50 50 42 26 26 24 22 15 15 15 14 3 3 3 2 
78 78 78 78 78 78 78 78 78 76 76 76 76 76 74 71 57 55 50 50 50 50 50 50 50 50 50 50 50 50 50 50 50 50 50 50 39 39 30 29 28 26 12 9 7 2 0 0 0 0 
81 81 81 81 81 81 81 81 81 81 80 80 80 69 69 66 65 61 59 59 55 55 51 51 51 51 51 51 50 50 50 50 50 50 50 50 46 40 36 36 36 36 31 30 19 15 15 10 1 1 
82 82 82 82 82 82 82 82 82 82 82 82 82 82 82 82 79 61 60 60 60 59 59 56 52 52 52 52 52 50 50 50 50 50 50 50 48 43 32 26 18 17 15 11 11 2 2 2 2 0 
77 77 77 77 77 77 77 77 77 77 77 77 77 77 77 77 76 76 67 59 59 57 55 50 50 50 50 50 50 50 50 50 50 50 40 36 35 31 18 14 14 14 14 13 10 9 9 9 7 0 
84 84 84 84 84 84 84 84 84 84 84 84 84 84 84 84 84 84 84 83 76 76 65 65 62 62 62 61 59 55 55 51 51 50 50 50 50 50 50 50 50 46 39 39 39 28 16 11 6 1 
87 87 87 87 87 87 87 87 87 87 87 87 87 87 84 84 76 75 68 62 62 61 61 59 59 59 58 55 54 51 51 50 50 50 50 45 45 45 45 42 38 38 29 20 13 12 9 1 1 1 
75 75 75 75 75 75 75 75 75 75 75 75 75 75 75 75 75 75 74 74 67 67 67 61 58 56 56 56 53 51 51 51 43 40 40 32 23 19 19 16 14 14 14 11 7 7 7 4 4 1 
82 82 82 82 82 82 82 82 82 82 82 82 82 82 82 82 82 82 82 82 82 82 82 82 82 82 82 82 81 81 81 81 81 81 60 59 51 51 51 51 51 51 51 50 50 50 41 31 11 10 
80 80 80 80 80 80 80 80 80 80 80 80 80 80 80 80 80 80 80 80 80 80 80 80 80 80 80 80 80 80 80 63 63 54 53 53 53 53 50 50 43 36 34 22 14 12 3 3 3 3 
78 78 78 78 78 78 78 78 78 78 78 78 78 78 78 78 78 78 78 78 78 78 78 78 78 78 78 66 52 52 52 51 51 51 51 51 50 50 50 40 40 32 32 29 29 18 17 7 3 3 
84 84 84 84 84 84 84 84 84 84 84 84 84 84 84 84 84 84 84 84 82 82 82 82 79 62 61 54 54 50 50 50 50 47 47 43 43 43 37 37 34 34 34 34 34 32 7 4 4 4 
84 84 84 84 84 84 84 84 84 84 84 84 84 84 84 84 84 84 84 84 84 83 82 82 80 65 65 59 59 59 58 50 50 50 50 50 50 50 50 48 48 48 48 37 34 32 23 11 10 6 
78 78 78 78 78 78 78 78 78 78 78 78 78 78 78 78 78 78 78 78 78 78 78 78 78 78 78 74 69 63 59 57 57 50 50 50 50 50 45 42 41 33 32 28 15 12 11 0 0 0 
86 86 86 86 86 86 86 86 86 86 86 86 86 86 86 86 86 86 86 86 86 86 85 85 85 63 63 62 56 56 56 54 51 51 51 51 51 51 51 51 43 43 38 32 32 22 22 13 7 1 
80 80 80 80 80 80 80 80 80 80 80 80 80 80 80 80 80 80 80 80 80 80 80 80 80 79 79 79 79 79 75 66 66 59 59 58 58 51 51 51 35 33 31 21 20 12 10 9 7 7 
83 83 83 83 83 83 83 83 83 83 83 83 83 83 83 83 83 83 83 83 83 83 83 83 83 83 83 83 83 83 67 62 51 51 51 51 51 51 49 49 47 47 47 46 46 38 38 38 17 12 
80 80 80 80 80 80 80 80 80 80 80 80 80 80 80 80 80 80 80 80 80 80 80 80 80 80 80 80 80 79 62 61 55 50 50 50 50 50 44 42 42 42 42 42 41 38 38 30 21 0 
85 82 82 82 82 82 82 82 82 82 82 82 82 82 82 82 82 82 82 82 82 82 82 81 81 81 81 79 79 79 72 59 59 52 52 52 52 52 50 50 50 50 45 35 35 35 35 35 15 2 
78 78 78 78 78 78 78 78 78 78 78 78 78 78 78 78 78 78 78 77 77 77 77 77 77 76 74 57 54 51 51 51 51 50 50 50 49 49 40 40 40 40 40 36 32 32 12 11 9 1 
85 85 85 85 85 85 85 85 85 85 85 85 85 85 85 85 85 85 84 84 84 84 81 81 81 60 59 56 54 54 51 51 51 51 51 51 51 51 50 45 45 43 39 36 36 19 19 12 2 2 
81 81 81 81 81 81 81 81 81 81 81 81 81 81 81 81 81 81 81 80 80 80 80 75 60 59 51 51 51 51 51 51 51 51 51 50 50 49 46 37 37 37 35 31 31 31 18 1 1 1 
84 84 84 84 84 84 84 84 84 84 84 84 84 84 84 84 84 83 83 83 58 56 53 52 52 50 50 50 50 50 50 50 50 50 47 46 43 42 37 36 36 36 36 19 14 9 1 1 1 0 
78 78 78 78 78 78 78 78 78 78 78 78 78 78 78 78 78 78 78 78 78 78 75 72 72 58 56 54 54 54 52 52 50 50 50 50 50 50 47 36 36 36 30 28 22 17 17 15 8 2 
77 77 77 77 77 77 77 77 77 77 77 77 77 77 77 77 77 77 77 74 64 61 60 59 52 51 51 51 51 51 51 51 51 51 51 51 51 50 45 39 37 35 21 21 19 16 16 15 2 2 
81 81 81 81 81 81 81 81 81 81 81 81 81 81 81 81 80 80 79 58 56 56 51 51 50 50 50 50 50 50 50 50 50 50 46 39 37 37 34 31 21 19 10 10 10 8 7 7 1 1 
83 83 83 83 83 83 83 83 83 83 83 83 83 83 83 83 83 83 83 83 83 83 83 83 82 81 81 79 61 61 52 52 52 52 52 52 52 50 45 41 38 38 38 27 18 15 14 13 13 10 
80 80 80 80 80 80 80 80 80 80 80 80 80 80 80 80 80 80 80 69 63 63 60 52 52 51 50 50 50 50 50 50 50 50 40 40 35 35 30 22 20 20 12 7 2 2 2 2 2 0 
