% Ministry of Cellular Automata
% Project Deux (CS523 Spring 2015)
% Version:v0.1-66-g3e0f-dirty
%  pop:50
%  ic count:100
%  CA Log option:r2/run41
%  width:121
%  max workers:4
%  radius:2
%  iterations:300
%  generations:50

 generation 0.1.50.1.50.50.1.50.9.1.1.1.1.0.50.30.1.50.1.1.0.1.1.1.1.1.1.1.0.1.0.50.1.1.50.1.1.1.1.1.1.1.0.1.1.0.10.0.1.1.50.xover.mutate.done 50
 generation 1.51.50.50.50.50.50.50.50.50.27.2.3.3.3.3.3.50.1.51.16.1.2.50.52.2.51.3.50.3.3.50.2.50.50.52.54.27.1.3.50.2.3.50.1.3.2.50.10.3.3.xover.mutate.done 50
 generation 2.56.50.60.50.50.50.50.50.50.50.7.0.43.50.5.23.50.63.50.0.50.0.0.50.50.50.50.0.50.48.0.50.50.50.11.50.50.50.50.0.50.60.0.50.50.0.0.50.43.13.xover.mutate.done 50
 generation 3.59.62.62.53.52.51.51.51.50.50.1.2.3.12.51.53.50.51.53.3.51.26.2.50.1.10.3.51.2.52.50.50.38.52.3.1.52.1.2.51.51.2.52.50.51.52.51.1.50.50.xover.mutate.done 50
 generation 4.58.58.51.46.38.41.50.50.50.50.0.0.0.50.50.0.39.50.50.50.0.0.49.41.50.50.0.51.50.0.50.0.50.14.50.50.0.50.50.50.0.3.11.0.0.0.0.50.29.50.xover.mutate.done 50
 generation 5.57.57.50.50.51.51.51.51.51.50.2.2.1.2.1.2.51.1.1.50.2.2.2.51.51.51.1.51.51.33.2.1.1.1.2.50.1.1.1.51.1.51.51.1.11.1.38.14.50.51.xover.mutate.done 50
 generation 6.52.52.51.51.51.51.50.51.50.50.51.51.7.51.50.11.50.0.1.50.8.50.1.1.51.1.1.1.0.50.1.51.9.0.1.1.50.51.1.1.50.0.17.1.50.0.1.51.1.1.xover.mutate.done 50
 generation 7.48.48.50.50.50.50.50.50.50.50.50.50.2.0.21.50.0.2.50.14.2.0.50.52.0.0.0.0.50.52.0.2.0.0.0.50.2.50.0.50.50.2.2.0.2.2.0.2.50.2.xover.mutate.done 50
 generation 8.51.51.52.52.52.52.52.52.52.52.3.3.51.3.52.51.2.52.13.3.50.3.3.51.1.52.1.1.2.52.52.52.52.3.3.52.50.1.3.51.52.3.52.52.50.3.52.52.3.2.xover.mutate.done 50
 generation 9.50.50.50.50.50.50.50.50.50.50.2.50.50.2.31.31.2.50.50.13.2.50.50.50.50.13.50.50.50.50.50.50.50.50.2.2.2.50.50.50.2.2.50.50.50.50.2.50.50.9.xover.mutate.done 50
 generation 10.53.53.53.53.53.53.53.53.53.53.53.53.53.53.53.30.6.53.53.6.53.3.53.6.53.6.53.53.32.53.6.53.53.3.53.6.53.53.53.53.14.53.6.6.53.53.6.50.3.53.xover.mutate.done 50
 generation 11.52.52.52.52.52.52.52.52.52.52.52.52.2.2.52.52.52.52.2.50.50.2.52.52.52.2.52.2.2.52.52.52.52.2.52.2.2.52.2.52.52.52.11.2.52.52.52.52.17.2.xover.mutate.done 50
 generation 12.51.51.51.51.51.51.51.51.51.51.51.3.50.51.51.43.3.51.3.3.50.51.3.3.51.51.51.3.1.51.51.50.17.51.51.51.51.51.50.1.3.51.37.51.51.3.48.14.3.51.xover.mutate.done 50
 generation 13.50.50.50.50.50.50.50.50.50.50.50.50.18.1.50.1.1.1.50.50.50.17.1.50.1.50.1.33.50.1.50.13.50.1.13.50.50.50.1.50.35.50.50.15.1.50.15.50.1.1.xover.mutate.done 50
 generation 14.50.50.50.50.50.50.50.50.50.50.50.1.1.50.1.10.1.50.50.38.1.50.50.8.50.50.50.1.50.1.50.1.1.50.50.1.0.1.50.50.50.50.50.50.50.11.50.50.50.50.xover.mutate.done 50
 generation 15.51.51.51.51.51.51.51.51.51.51.51.16.51.51.51.12.50.51.51.13.51.51.50.51.1.51.51.11.51.51.51.51.51.51.51.51.12.51.27.51.51.13.51.51.51.51.51.1.51.14.xover.mutate.done 50
 generation 16.52.52.52.52.52.52.52.52.52.52.52.52.52.52.14.52.16.52.12.52.52.52.52.4.52.52.4.52.52.52.52.52.52.52.52.4.52.11.52.52.15.4.52.52.12.4.52.52.8.13.xover.mutate.done 50
 generation 17.50.50.50.50.50.50.50.50.50.50.50.2.0.50.50.50.11.10.0.2.2.50.50.50.50.50.50.50.9.50.50.50.50.2.2.50.50.2.2.14.50.50.8.50.50.50.50.50.50.2.xover.mutate.done 50
 generation 18.50.50.50.50.50.50.50.50.50.50.50.50.50.1.50.1.50.29.50.1.50.50.50.50.50.50.50.50.12.50.1.50.50.50.50.50.50.1.1.50.50.1.5.1.50.50.1.12.50.1.xover.mutate.done 50
 generation 19.50.50.50.50.50.50.50.50.50.50.50.50.50.37.50.50.50.9.50.50.50.50.0.50.0.0.0.50.12.21.13.50.50.50.50.50.50.0.50.50.50.0.50.12.0.35.50.0.0.0.xover.mutate.done 50
 generation 20.50.50.50.50.50.50.50.50.50.50.50.1.1.50.50.50.50.1.50.50.50.1.50.9.50.50.9.50.50.50.1.29.50.28.50.50.1.50.50.50.50.50.50.50.50.50.33.50.50.50.xover.mutate.done 50
 generation 21.51.51.51.51.51.51.51.51.51.51.51.51.50.51.51.51.51.51.51.1.4.51.1.36.4.51.1.51.51.51.51.51.51.51.51.1.51.51.4.14.51.51.50.51.51.51.51.51.51.51.xover.mutate.done 50
 generation 22.51.51.51.51.51.51.51.51.51.51.51.51.2.51.1.51.51.51.2.51.2.25.51.51.51.1.2.51.51.51.2.2.51.51.51.51.51.14.12.2.51.51.51.51.11.51.51.51.51.51.xover.mutate.done 50
 generation 23.51.51.51.51.51.51.51.51.51.51.2.29.51.51.22.51.2.2.51.51.2.6.6.8.51.51.8.10.51.51.1.2.51.2.51.51.2.51.51.51.2.2.2.8.51.9.51.2.51.51.xover.mutate.done 50
 generation 24.51.51.51.51.51.51.51.51.51.51.51.3.51.51.4.51.51.10.51.51.51.14.9.51.10.51.51.51.1.51.51.51.51.10.51.51.51.51.51.10.9.51.51.51.51.51.51.51.3.3.xover.mutate.done 50
 generation 25.50.50.50.50.50.50.50.50.50.50.50.50.50.18.1.50.50.1.1.50.1.1.1.50.50.50.50.50.1.50.50.34.14.1.50.50.20.50.50.50.50.50.14.50.16.1.50.1.11.50.xover.mutate.done 50
 generation 26.51.51.51.51.51.51.51.51.51.51.14.13.51.51.2.2.26.2.1.11.51.2.51.51.2.2.10.50.51.2.51.2.51.51.50.51.51.51.51.51.2.51.51.11.2.51.51.51.51.2.xover.mutate.done 50
 generation 27.50.50.50.50.50.50.50.50.50.50.50.50.0.10.50.50.50.50.50.12.0.50.50.50.50.50.50.50.50.50.50.50.17.50.50.50.50.0.50.9.5.0.50.50.0.50.50.50.50.50.xover.mutate.done 50
 generation 28.50.50.50.50.50.50.50.50.50.50.50.50.50.50.14.10.50.50.50.50.50.19.50.1.50.50.50.50.14.25.1.50.50.1.50.50.50.50.1.13.50.50.50.50.50.1.50.16.50.50.xover.mutate.done 50
 generation 29.51.51.51.51.51.51.51.51.51.51.51.21.21.51.51.51.51.51.11.51.51.2.3.25.42.51.51.51.25.51.51.51.51.51.51.51.51.51.51.50.51.51.2.38.51.34.51.12.51.8.xover.mutate.done 50
 generation 30.50.50.50.50.50.50.50.50.50.50.50.17.50.50.0.50.50.0.50.50.0.50.50.50.50.0.50.0.50.50.50.50.50.0.50.50.18.0.0.9.0.50.50.50.50.50.50.50.0.50.xover.mutate.done 50
 generation 31.50.50.50.50.50.50.50.50.50.50.50.50.49.50.50.50.10.50.11.50.50.50.2.23.50.2.0.50.50.50.50.50.50.50.50.50.50.2.50.50.50.2.50.50.50.50.26.50.2.13.xover.mutate.done 50
 generation 32.54.54.54.54.54.54.54.54.54.54.54.54.54.24.54.5.54.54.54.54.54.54.12.54.15.5.54.54.54.50.12.50.14.54.54.54.54.54.54.54.54.54.5.54.54.12.54.54.54.54.xover.mutate.done 50
 generation 33.51.51.51.51.51.51.51.51.51.51.51.50.51.3.51.51.51.3.51.1.51.9.14.2.51.51.3.51.51.51.50.51.51.51.25.51.51.25.51.51.51.9.3.51.51.51.51.51.51.51.xover.mutate.done 50
 generation 34.50.50.50.50.50.50.50.50.50.50.50.50.50.50.50.50.11.50.50.0.50.50.0.0.5.10.13.0.0.50.50.50.50.14.50.50.0.0.50.50.52.11.0.50.50.23.50.0.50.50.xover.mutate.done 50
 generation 35.52.51.51.51.51.51.51.51.51.51.51.51.51.1.51.5.51.0.51.51.50.1.51.1.51.1.1.2.0.51.51.51.51.1.51.51.51.51.13.51.51.1.51.26.51.50.51.17.51.1.xover.mutate.done 50
 generation 36.52.52.52.52.52.52.52.52.52.52.52.1.52.27.50.52.52.52.11.52.52.52.52.3.52.11.4.52.52.52.52.52.52.12.52.52.17.52.3.3.52.3.52.17.2.9.7.7.52.3.xover.mutate.done 50
 generation 37.55.50.50.50.50.50.50.50.50.50.0.50.0.50.50.50.12.16.50.50.50.0.0.50.25.50.24.50.50.0.0.15.50.26.50.23.50.0.50.25.50.50.50.50.0.50.50.24.50.50.xover.mutate.done 50
 generation 38.52.50.50.50.50.50.50.50.50.50.50.20.50.0.50.0.0.50.50.50.0.0.0.23.50.0.50.0.2.50.50.50.50.50.50.16.0.50.50.14.12.50.0.12.2.50.50.7.12.50.xover.mutate.done 50
 generation 39.53.50.50.50.50.50.50.50.50.50.50.50.50.2.14.2.50.50.50.50.50.50.2.50.50.50.50.18.50.50.50.2.50.50.50.5.2.9.50.17.50.50.2.50.50.2.50.10.50.50.xover.mutate.done 50
 generation 40.55.51.51.51.51.51.51.51.51.51.51.51.51.2.19.2.50.6.1.51.50.1.1.51.11.51.2.51.51.51.30.51.51.51.2.31.51.2.51.51.2.11.28.2.51.51.2.15.51.12.xover.mutate.done 50
 generation 41.56.51.51.51.51.51.51.51.51.51.51.51.2.31.51.50.51.51.51.51.51.2.51.51.51.51.51.51.19.51.29.51.51.2.24.2.16.2.13.51.2.27.2.51.24.2.2.2.2.2.xover.mutate.done 50
 generation 42.55.50.50.50.50.50.50.50.50.50.1.50.19.50.50.50.1.26.50.50.50.1.1.50.50.1.50.50.23.50.50.28.25.50.50.50.29.50.50.50.50.50.50.50.50.50.1.50.50.50.xover.mutate.done 50
 generation 43.54.52.52.52.52.52.52.52.52.52.39.52.52.50.52.52.52.52.52.52.20.52.37.52.50.52.52.50.52.52.15.36.14.52.4.52.27.30.52.52.4.30.52.26.52.4.50.52.4.52.xover.mutate.done 50
 generation 44.54.51.51.51.51.51.51.51.51.51.51.51.34.3.51.11.3.51.51.3.24.3.3.6.3.51.51.51.51.3.51.3.51.51.51.3.51.51.51.51.51.51.3.3.51.3.51.12.51.51.xover.mutate.done 50
 generation 45.61.56.56.56.56.56.56.56.56.56.7.56.56.56.56.56.7.37.24.56.56.41.56.56.7.56.56.1.35.7.6.56.56.7.56.56.56.16.56.7.56.56.7.56.56.56.56.6.56.50.xover.mutate.done 50
 generation 46.52.50.50.50.50.50.50.50.50.50.3.0.50.0.50.50.18.0.50.50.50.9.10.50.0.0.50.50.10.0.50.50.0.50.50.5.50.36.19.0.0.50.0.50.50.21.50.0.50.0.xover.mutate.done 50
 generation 47.56.50.50.50.50.50.50.50.50.50.50.50.50.50.50.2.50.20.50.50.50.50.50.50.50.16.4.2.16.2.2.2.2.50.2.2.2.50.23.50.50.50.50.37.50.50.50.50.12.50.xover.mutate.done 50
 generation 48.56.51.51.51.51.51.51.51.51.51.51.50.51.51.34.24.0.12.51.50.1.0.50.8.1.8.0.51.50.1.1.1.8.51.1.1.1.51.51.51.10.51.0.1.6.1.1.51.1.6.xover.mutate.done 50
 generation 49.54.52.52.52.52.52.52.52.52.52.2.2.8.2.52.2.50.52.2.2.52.52.4.2.34.4.50.2.8.2.52.50.27.2.4.52.14.52.36.52.0.52.52.2.2.14.50.52.2.12.xover.mutate.done 50
 22353704 iters     944592 iter/sec (23.66 s)
 total time: 23.66
