52 52 50 50 50 50 50 50 50 41 39 34 23 3 3 3 3 3 3 3 3 3 3 3 3 3 3 3 3 3 3 2 2 2 2 2 2 1 1 1 1 1 1 1 1 1 1 1 1 1 
52 52 52 52 52 50 50 50 50 50 50 50 50 50 50 50 50 46 30 29 24 12 12 8 8 8 2 2 2 2 2 2 2 2 2 2 2 2 2 2 2 2 2 2 0 0 0 0 0 0 
52 52 52 52 52 52 50 50 50 50 50 50 50 50 50 50 50 50 50 50 50 50 50 43 38 34 17 6 3 2 2 2 2 2 2 2 2 2 2 2 2 2 2 2 2 2 0 0 0 0 
54 50 50 50 50 50 50 50 50 50 50 50 50 50 50 50 50 50 50 50 50 50 50 50 50 46 46 20 20 20 20 18 18 14 4 0 0 0 0 0 0 0 0 0 0 0 0 0 0 0 
56 56 51 51 51 51 51 51 51 51 51 51 51 50 50 50 50 50 50 50 50 50 50 50 50 50 50 50 50 38 14 13 13 10 5 1 1 1 1 1 1 1 1 1 1 1 0 0 0 0 
59 59 57 57 57 57 52 52 52 52 52 52 52 52 52 52 52 52 52 52 51 51 51 51 51 51 50 50 50 50 50 50 50 50 50 50 12 10 3 3 3 3 2 2 2 2 2 2 2 2 
61 61 61 61 59 59 59 59 59 59 59 59 59 57 51 51 51 50 50 50 50 50 50 50 50 50 50 50 50 50 50 50 50 50 50 50 13 10 10 9 8 6 1 1 1 1 1 1 0 0 
61 61 61 61 61 61 61 61 61 61 61 61 61 57 57 57 57 57 57 57 57 57 57 57 57 55 52 52 50 50 50 50 50 50 50 50 50 50 50 50 48 41 13 9 9 2 2 2 0 0 
57 57 57 57 57 57 57 57 57 57 57 57 57 57 57 56 56 56 56 54 54 54 54 54 54 51 50 50 50 50 50 50 50 50 50 50 50 45 41 39 34 22 16 9 9 6 2 2 2 2 
69 57 57 57 57 57 57 57 57 57 57 57 57 57 57 57 57 57 57 57 56 56 56 56 50 50 50 50 50 50 50 50 50 50 50 50 50 50 50 45 39 33 30 30 10 9 8 8 1 1 
79 69 69 58 58 58 58 58 58 58 58 58 58 58 58 58 58 58 58 58 58 57 55 55 55 55 54 52 50 50 50 50 50 50 50 50 50 50 50 50 50 50 50 37 8 7 5 5 0 0 
81 81 71 67 67 67 67 67 67 61 61 61 61 61 61 61 61 61 61 61 61 61 61 61 61 61 61 61 61 60 55 54 54 51 51 51 51 51 51 50 22 14 11 11 11 5 5 1 1 1 
72 72 68 68 67 67 66 66 66 66 66 66 66 66 66 66 66 63 59 59 57 56 56 56 56 56 56 56 56 56 56 56 56 56 56 50 50 50 50 50 31 29 23 13 6 6 6 6 6 0 
83 83 83 74 74 64 64 62 62 62 62 61 61 61 61 61 56 56 56 56 56 56 56 56 56 56 56 56 53 53 53 53 53 53 53 50 48 48 31 20 18 18 18 11 11 9 9 7 7 1 
79 79 79 79 79 79 72 71 71 71 71 71 69 68 68 68 66 66 65 65 65 65 65 65 65 59 59 59 59 59 59 58 57 57 55 55 54 51 51 51 38 38 19 17 16 9 8 8 5 1 
90 90 90 90 90 90 90 90 90 90 90 76 76 76 74 74 74 74 74 70 69 67 67 67 67 66 60 59 54 54 54 50 50 50 50 50 50 50 48 44 41 29 29 29 10 10 9 4 0 0 
83 83 83 83 83 83 83 83 83 83 83 83 83 83 83 83 83 83 83 72 70 70 69 69 69 68 68 60 58 57 52 52 52 52 52 52 52 52 52 52 52 49 47 44 12 10 10 10 4 4 
80 79 79 79 79 79 79 79 79 79 79 79 79 79 79 79 79 79 78 72 71 71 71 58 56 52 52 52 52 52 52 52 52 52 52 52 52 52 52 46 29 23 13 10 4 4 4 4 2 2 
79 79 79 79 79 79 79 79 79 79 79 79 79 79 79 79 79 77 77 77 71 71 71 67 67 66 63 56 55 55 50 50 50 50 50 50 50 50 50 50 50 50 50 50 36 18 13 6 0 0 
82 82 82 82 82 82 82 82 82 82 82 82 82 82 82 82 82 82 82 80 71 71 71 71 68 68 58 52 52 52 52 52 52 51 51 50 50 50 50 50 49 38 36 33 29 8 2 2 2 2 
82 82 82 81 81 81 81 81 81 81 81 81 81 81 81 81 81 81 81 81 81 81 70 68 68 52 52 52 52 52 52 52 52 51 51 51 51 51 51 51 51 51 41 26 21 3 3 3 3 3 
79 79 79 79 79 79 79 79 78 78 78 78 78 78 78 78 78 78 78 78 78 78 78 78 70 51 51 51 51 51 51 51 51 51 51 51 51 51 50 46 46 37 12 2 2 2 2 2 2 2 
78 78 78 78 78 78 78 78 78 78 78 78 78 78 78 78 78 78 78 78 78 78 78 78 77 77 75 52 52 50 50 50 50 50 50 50 50 50 48 38 38 14 13 13 13 2 2 2 0 0 
77 77 77 77 77 77 77 77 77 77 77 77 77 77 77 77 77 77 77 67 66 66 66 63 60 60 58 57 51 51 50 50 50 50 45 45 45 45 39 37 33 33 31 31 23 11 9 7 6 1 
83 83 83 83 83 83 83 83 83 83 83 83 82 82 82 82 82 82 81 81 81 76 76 67 65 59 57 55 51 51 51 51 50 50 50 50 50 50 50 50 45 44 44 36 21 19 17 9 5 1 
81 81 81 81 81 81 81 81 81 81 81 81 81 81 81 80 80 80 79 71 69 57 57 55 55 55 50 50 50 50 50 50 50 50 50 50 47 40 39 38 36 35 22 22 15 13 8 6 5 1 
86 86 86 86 86 86 86 86 86 86 86 86 86 86 86 86 86 86 86 86 86 86 71 68 65 58 52 52 52 52 52 52 52 52 50 50 50 50 50 50 50 50 44 30 27 22 10 10 10 8 
84 84 84 84 84 84 84 84 84 84 84 84 84 84 84 84 84 84 83 83 70 64 51 51 51 51 51 51 51 51 51 51 50 50 42 40 40 39 20 20 19 15 14 13 2 2 2 2 1 1 
82 82 82 82 82 82 82 82 82 82 82 82 82 82 82 82 82 82 82 80 80 75 58 52 52 52 52 50 50 50 50 50 50 50 50 50 50 50 46 43 42 19 12 12 11 2 2 2 2 2 
79 79 79 79 79 79 79 79 79 79 79 79 79 79 79 79 79 79 79 79 78 71 67 60 52 52 52 52 52 52 52 52 52 50 50 46 40 39 39 39 38 20 20 10 4 4 2 2 2 2 
80 80 80 80 80 80 80 80 80 80 80 80 80 80 80 78 67 66 63 62 55 51 51 51 51 51 50 50 50 50 41 40 37 37 37 37 37 37 37 35 31 21 14 13 13 13 7 6 1 0 
80 80 80 80 80 80 80 80 80 80 80 80 80 80 80 80 80 80 79 79 71 71 70 63 62 57 57 51 51 50 50 50 50 50 50 50 50 42 39 39 38 34 32 28 15 15 10 10 1 0 
83 83 83 83 83 83 83 83 83 83 83 83 83 83 83 83 83 83 83 68 59 59 55 54 52 51 51 51 50 50 50 50 50 50 50 43 40 33 32 12 11 10 8 7 7 1 1 1 1 1 
78 76 76 76 76 76 76 76 76 76 76 76 76 76 76 76 76 76 76 76 60 60 60 57 57 57 57 57 57 51 51 50 50 50 50 50 49 45 45 41 39 34 34 32 32 30 22 15 8 5 
82 82 79 79 79 79 79 79 79 79 79 79 79 79 79 79 78 67 66 66 66 60 60 56 52 52 51 51 51 51 51 51 51 50 46 44 35 35 34 34 26 22 17 17 16 11 11 11 3 1 
87 87 87 87 87 87 87 87 87 87 87 87 87 87 87 87 86 86 86 84 83 83 83 76 76 73 72 72 65 53 52 52 52 52 52 52 52 51 50 50 50 50 50 46 46 44 42 39 32 2 
84 84 84 84 84 84 84 84 84 84 84 84 84 84 81 70 70 60 60 56 56 52 52 52 52 52 52 52 52 52 52 51 51 51 51 51 51 50 48 48 48 40 36 36 28 16 16 11 9 7 
76 76 76 76 76 76 76 76 76 76 76 76 76 76 76 76 76 76 76 75 75 75 75 73 69 69 58 58 51 51 51 51 51 51 51 51 51 51 50 39 39 38 15 13 8 6 2 2 2 2 
79 79 79 79 79 79 79 79 79 79 79 79 79 79 79 79 79 78 78 76 76 76 59 59 53 53 51 51 51 51 51 50 50 50 50 49 48 39 33 31 29 23 23 19 17 1 1 1 1 1 
84 84 84 84 84 84 84 84 84 84 84 84 84 84 84 84 84 84 83 80 80 71 60 57 51 51 51 51 51 51 51 51 51 50 41 41 40 35 33 25 19 13 13 13 13 2 2 2 2 1 
80 80 80 80 80 80 80 80 80 80 80 80 80 80 80 80 80 80 80 77 77 67 67 67 61 61 61 50 50 50 50 50 50 49 44 38 38 33 31 28 25 23 23 21 11 11 6 0 0 0 
83 83 83 83 83 83 83 83 83 83 83 83 83 83 83 83 83 83 82 82 81 58 51 51 51 51 51 51 51 51 51 51 51 51 51 50 50 50 47 46 46 41 35 32 29 25 9 6 2 2 
83 83 83 83 83 83 83 83 83 83 83 83 83 83 83 83 80 67 58 58 58 55 52 52 52 52 52 52 52 50 50 50 50 50 50 50 50 50 40 34 24 15 15 15 6 2 2 2 2 0 
81 81 81 81 81 81 81 81 81 81 81 81 81 81 81 81 81 81 81 56 54 54 54 51 51 50 50 50 50 50 50 50 50 50 47 40 39 38 21 14 10 4 4 4 0 0 0 0 0 0 
72 72 72 72 72 72 72 72 72 72 72 72 72 72 71 71 71 71 71 68 59 55 52 52 52 52 52 52 52 50 50 50 50 50 50 50 50 50 48 44 44 44 43 41 25 21 18 13 7 2 
87 87 87 87 87 87 87 87 87 87 87 87 87 86 86 86 78 75 75 72 72 66 62 62 62 59 58 52 52 52 52 52 52 52 50 50 50 50 50 50 47 12 10 9 2 2 2 2 2 2 
77 77 77 77 77 77 77 77 77 77 77 77 77 77 77 77 77 77 77 76 71 71 57 57 57 56 50 50 50 50 50 50 50 50 50 50 50 50 50 50 49 38 35 33 27 17 17 13 13 0 
76 76 76 76 76 76 76 76 76 76 76 76 76 76 76 76 76 67 67 63 60 58 52 52 51 50 50 50 42 39 38 35 35 35 33 30 15 15 10 10 10 3 3 3 3 3 3 2 2 1 
83 83 83 83 83 83 83 83 83 83 83 83 83 83 83 83 83 83 82 82 82 82 80 80 74 62 62 53 53 53 53 51 51 51 51 51 51 50 50 50 40 38 37 37 34 34 16 13 13 3 
78 78 78 78 78 78 78 78 78 78 78 78 78 78 78 77 77 74 74 69 55 55 55 50 50 50 50 50 50 50 50 50 50 50 50 50 50 50 50 50 50 50 50 39 28 19 19 15 0 0 
