% Ministry of Cellular Automata
% Project Deux (CS523 Spring 2015)
% Version:v0.1-66-g3e0f-dirty
%  pop:50
%  ic count:100
%  CA Log option:r2/run50
%  width:121
%  max workers:4
%  radius:2
%  iterations:300
%  generations:50

 generation 0.1.27.50.50.1.51.50.1.1.50.1.50.1.1.0.50.1.50.1.1.50.1.1.1.0.1.0.1.1.0.2.1.50.0.50.1.0.1.51.0.1.27.50.1.50.1.1.1.0.1.xover.mutate.done 50
 generation 1.50.50.50.50.50.50.50.50.50.50.3.3.50.11.3.0.50.0.33.3.40.0.50.53.50.0.53.0.50.4.3.50.50.50.3.50.50.10.3.0.0.3.50.50.0.0.7.0.50.23.xover.mutate.done 50
 generation 2.51.51.52.52.50.50.50.50.50.50.51.3.37.51.2.1.48.52.15.51.50.52.50.2.31.2.1.7.3.50.39.50.2.50.3.50.1.52.36.42.3.52.52.3.2.52.50.52.2.50.xover.mutate.done 50
 generation 3.51.51.51.51.51.51.51.51.51.51.2.2.2.50.51.51.2.50.2.2.51.2.51.13.14.51.2.1.1.51.13.51.51.41.51.2.1.50.51.50.51.1.1.1.1.59.2.1.51.1.xover.mutate.done 50
 generation 4.55.50.50.50.50.50.50.50.50.50.0.50.50.50.50.0.15.6.0.50.0.8.50.50.50.0.50.50.50.27.0.0.50.50.50.0.50.50.50.0.0.7.19.55.18.0.50.50.0.50.xover.mutate.done 50
 generation 5.54.54.50.50.50.50.50.50.50.50.8.0.1.50.51.50.1.50.1.1.1.50.50.51.1.50.17.21.50.1.5.1.1.50.4.8.54.50.50.1.50.0.50.20.1.50.50.50.50.1.xover.mutate.done 50
 generation 6.55.55.55.51.51.50.50.50.50.50.8.57.18.50.50.8.50.50.5.5.50.46.50.1.50.50.50.50.46.50.1.50.50.50.1.1.50.50.50.50.14.0.9.1.18.50.1.50.1.1.xover.mutate.done 50
 generation 7.59.56.56.56.50.50.50.50.50.50.0.11.50.50.9.50.50.50.50.50.59.52.50.50.0.50.38.50.14.50.56.50.50.0.0.0.50.0.9.0.56.50.50.11.50.33.33.50.6.0.xover.mutate.done 50
 generation 8.57.57.58.58.58.58.58.59.51.51.51.59.51.2.10.51.86.9.46.10.2.16.51.51.51.2.50.2.2.40.2.51.9.2.25.51.51.1.11.9.51.2.9.58.51.51.51.10.51.51.xover.mutate.done 50
 generation 9.81.62.58.56.56.56.56.56.56.50.12.52.50.39.51.50.81.50.52.10.7.3.58.3.51.3.52.52.51.51.51.12.3.3.11.10.51.51.52.52.3.7.7.3.7.56.36.52.52.52.xover.mutate.done 50
 generation 10.82.82.54.57.57.55.55.55.55.55.51.5.55.51.55.50.51.5.1.1.0.22.1.55.67.11.5.5.51.56.67.1.5.1.84.51.21.50.1.1.51.43.57.55.1.1.34.51.55.1.xover.mutate.done 50
 generation 11.76.75.75.62.62.57.57.57.47.56.6.75.8.56.32.18.8.51.51.76.51.51.50.57.76.2.8.29.74.8.56.11.1.51.57.62.1.56.14.2.51.2.50.76.51.24.50.8.8.56.xover.mutate.done 50
 generation 12.83.83.83.83.83.83.81.81.73.73.54.54.50.41.11.60.60.81.54.54.22.7.34.61.11.61.61.15.67.60.25.60.80.73.50.54.81.14.54.14.83.7.50.83.50.53.83.53.33.83.xover.mutate.done 50
 generation 13.80.79.79.80.79.79.79.79.78.79.50.53.74.51.43.50.50.1.58.72.64.79.79.66.50.51.50.34.79.79.50.52.12.68.50.64.60.72.71.75.79.12.79.2.64.54.6.79.54.1.xover.mutate.done 50
 generation 14.87.87.85.85.84.84.84.85.84.85.68.84.61.51.21.76.2.81.51.51.84.64.82.83.50.74.79.85.85.64.84.2.61.76.51.12.51.51.61.51.76.43.68.84.84.16.83.83.50.82.xover.mutate.done 50
 generation 15.80.80.77.77.77.77.77.77.76.76.77.75.69.42.66.76.76.50.76.1.50.76.76.50.1.1.8.74.76.76.76.1.1.62.1.75.51.40.51.50.1.13.77.1.76.9.17.76.76.1.xover.mutate.done 50
 generation 16.83.83.83.83.83.83.83.83.83.83.56.81.50.70.15.34.74.56.83.29.74.0.42.83.83.7.38.42.50.56.50.81.50.25.46.83.50.12.83.6.50.74.81.50.50.81.83.50.0.50.xover.mutate.done 50
 generation 17.85.85.85.85.85.85.85.85.85.85.9.78.11.84.53.50.11.0.85.50.83.50.78.50.49.59.50.8.50.50.65.12.0.50.55.50.0.36.50.0.85.50.0.76.50.85.85.50.84.85.xover.mutate.done 50
 generation 18.83.83.83.83.83.83.83.83.83.83.2.67.59.50.18.83.50.59.2.49.59.59.2.6.83.81.60.69.4.0.83.65.83.78.2.83.2.56.74.83.52.83.74.52.15.2.67.52.50.83.xover.mutate.done 50
 generation 19.86.86.82.82.82.82.82.82.82.82.34.52.82.52.18.82.52.52.22.75.52.55.52.82.52.19.4.52.52.4.72.34.50.70.52.7.52.82.62.42.71.82.52.86.55.34.55.82.16.56.xover.mutate.done 50
 generation 20.83.83.83.85.85.85.85.85.85.85.50.31.0.85.85.67.47.54.35.15.0.71.85.35.86.50.35.50.42.50.3.70.76.50.0.53.67.50.13.86.54.85.85.85.50.85.85.73.1.3.xover.mutate.done 50
 generation 21.86.86.83.83.83.83.83.83.83.83.83.50.5.65.25.26.1.51.30.28.83.86.37.43.38.86.71.50.54.83.12.50.83.83.50.64.50.1.40.50.35.50.19.86.29.67.76.51.83.19.xover.mutate.done 50
 generation 22.88.88.88.88.88.86.86.86.86.86.60.1.50.12.88.50.88.80.1.53.88.41.18.86.86.86.8.50.88.51.7.86.88.12.86.88.60.86.50.70.50.8.65.88.18.66.63.50.86.66.xover.mutate.done 50
 generation 23.88.88.88.88.88.88.88.88.88.88.79.86.50.87.50.50.88.79.75.64.65.87.88.38.80.1.50.71.17.51.87.1.1.70.50.49.87.44.23.1.51.50.54.51.50.2.87.64.50.44.xover.mutate.done 50
 generation 24.83.83.83.83.83.83.83.83.83.83.50.50.83.10.26.83.57.8.30.68.0.81.50.50.50.83.83.39.7.50.7.57.7.50.7.9.57.50.50.8.50.50.7.83.50.0.83.0.40.83.xover.mutate.done 50
 generation 25.84.84.84.84.84.84.84.84.84.84.84.7.70.84.0.57.0.0.84.0.37.57.36.50.61.4.50.7.8.16.43.78.66.35.0.50.84.39.7.0.84.50.0.66.7.17.50.84.84.8.xover.mutate.done 50
 generation 26.82.82.82.82.82.82.82.82.82.82.82.77.79.8.50.1.51.51.69.65.50.8.69.50.58.82.79.82.75.46.82.50.58.82.8.50.61.75.65.82.58.82.19.51.82.51.34.82.43.8.xover.mutate.done 50
 generation 27.87.87.87.87.87.87.87.87.87.87.87.87.69.50.87.19.87.19.69.1.5.66.50.87.51.75.50.87.13.81.5.50.45.83.81.87.87.50.41.51.87.87.75.5.5.45.66.87.5.87.xover.mutate.done 50
 generation 28.81.81.81.81.81.81.81.81.81.81.63.35.81.44.81.6.81.59.50.63.79.81.81.76.51.81.19.81.48.51.81.7.81.46.50.51.17.78.8.81.51.24.59.6.81.50.57.25.81.81.xover.mutate.done 50
 generation 29.78.78.78.78.78.78.78.78.78.78.78.32.78.78.78.60.34.78.78.78.59.0.75.77.50.78.54.78.50.78.78.78.9.78.76.78.50.75.78.50.78.78.50.50.54.78.75.39.68.75.xover.mutate.done 50
 generation 30.78.78.78.78.78.78.78.78.78.78.50.78.50.30.10.0.50.78.74.67.50.74.50.62.50.50.78.50.78.50.50.50.50.50.78.50.75.74.78.50.54.78.54.74.0.50.75.74.54.78.xover.mutate.done 50
 generation 31.85.85.85.85.85.85.85.85.85.85.17.85.51.47.57.57.78.32.85.51.75.51.85.83.51.85.10.85.85.50.85.85.85.51.51.85.57.8.50.51.50.85.75.85.50.50.65.17.85.1.xover.mutate.done 50
 generation 32.86.86.86.86.86.86.86.86.86.86.86.65.67.50.9.86.83.62.60.50.50.86.68.22.48.50.62.11.86.86.42.43.86.68.86.11.63.0.50.86.86.34.67.37.60.11.82.50.72.86.xover.mutate.done 50
 generation 33.86.86.86.86.86.86.86.86.86.86.51.41.40.51.50.9.51.86.86.81.49.59.86.50.72.40.81.86.50.86.50.77.80.8.77.50.86.86.50.50.22.86.50.86.50.72.86.50.72.60.xover.mutate.done 50
 generation 34.81.81.81.81.81.81.81.81.81.81.50.81.51.77.50.76.81.54.50.81.81.77.68.39.50.80.81.76.50.76.81.81.81.81.1.50.60.81.81.41.77.5.66.50.54.51.51.31.11.50.xover.mutate.done 50
 generation 35.83.83.83.83.83.83.83.83.83.83.7.61.36.61.50.83.83.52.83.51.50.71.83.62.83.83.83.83.62.3.58.50.51.39.61.64.58.3.62.83.71.81.51.81.52.83.61.83.50.42.xover.mutate.done 50
 generation 36.92.92.92.92.92.92.92.92.92.92.91.57.92.14.91.50.87.50.64.50.37.92.37.61.36.64.60.61.92.92.11.50.50.87.61.92.8.92.51.22.75.87.64.92.92.10.87.92.92.50.xover.mutate.done 50
 generation 37.85.85.85.85.85.85.85.85.85.85.50.7.50.79.50.50.51.85.85.85.85.70.85.85.50.50.79.38.78.85.4.51.61.79.85.75.65.79.50.54.85.85.50.4.8.51.5.65.60.79.xover.mutate.done 50
 generation 38.85.85.85.85.85.85.85.85.85.85.50.56.50.61.38.68.83.50.85.6.85.15.50.50.50.51.60.85.50.28.68.68.51.65.15.50.14.50.50.85.54.82.64.50.83.68.85.12.15.12.xover.mutate.done 50
 generation 39.88.88.88.88.88.88.88.88.88.88.52.51.56.49.50.55.50.43.50.87.36.68.50.50.50.88.88.68.88.64.68.50.36.85.50.56.33.87.43.52.50.72.88.50.52.41.88.72.6.88.xover.mutate.done 50
 generation 40.85.85.85.85.85.85.85.85.85.85.85.85.85.50.68.85.68.1.9.84.18.68.50.84.50.85.68.51.6.50.50.68.50.7.85.68.85.85.85.51.1.84.50.68.50.85.85.1.68.85.xover.mutate.done 50
 generation 41.82.82.82.82.82.82.82.82.82.82.50.65.82.82.82.56.50.51.51.82.82.1.82.1.74.50.50.51.35.36.54.50.82.82.54.82.51.50.56.82.51.50.56.50.82.51.74.49.82.56.xover.mutate.done 50
 generation 42.83.83.83.83.83.83.83.83.83.83.51.83.50.41.82.50.83.35.83.57.83.83.65.57.65.50.83.83.83.76.41.56.8.83.50.8.51.37.39.83.37.83.83.83.83.83.56.56.83.83.xover.mutate.done 50
 generation 43.79.79.79.79.79.79.79.79.79.79.79.77.0.79.50.79.61.79.50.79.34.50.4.0.58.54.55.77.33.54.54.79.0.78.79.56.13.50.53.33.50.79.54.79.5.73.36.50.56.77.xover.mutate.done 50
 generation 44.81.81.81.81.81.81.81.81.81.81.50.50.81.12.50.50.37.53.27.81.53.50.50.81.81.50.53.81.50.81.50.71.50.53.81.81.53.81.71.6.57.77.50.50.81.50.68.81.81.53.xover.mutate.done 50
 generation 45.87.87.87.87.87.87.87.87.87.87.87.50.50.50.87.82.42.50.87.50.50.87.50.0.58.50.78.58.50.87.58.87.87.50.50.87.87.50.44.50.50.0.44.87.50.50.86.50.60.50.xover.mutate.done 50
 generation 46.84.84.84.84.84.84.84.84.84.84.50.80.50.67.50.1.56.83.62.84.84.1.84.65.66.1.84.6.17.51.84.84.84.65.80.84.1.84.1.76.51.84.14.53.50.80.84.56.65.51.xover.mutate.done 50
 generation 47.87.87.87.87.87.87.87.87.87.87.61.87.87.87.16.42.87.41.41.36.87.47.50.51.87.47.87.87.68.78.77.50.87.51.87.50.5.87.14.50.87.42.6.51.87.51.1.57.87.50.xover.mutate.done 50
 generation 48.88.88.88.88.88.88.88.88.88.88.50.50.88.88.62.57.88.51.50.60.53.0.88.88.0.50.51.88.51.41.62.57.1.50.1.50.88.88.62.63.88.88.57.88.88.73.88.88.88.83.xover.mutate.done 50
 generation 49.81.81.81.81.81.81.81.81.81.81.58.81.81.43.81.12.81.50.9.66.81.81.50.59.81.81.34.81.81.79.81.81.9.72.51.77.50.9.81.9.47.81.71.50.58.27.51.26.59.50.xover.mutate.done 50
 21381711 iters     889800 iter/sec (24.03 s)
 total time: 24.03
