0.34375 0.875 1.0 0.09375 0.25 0.84375 0.9375 0.21875 0.1875 0.0 
0.84375 0.84375 1.0 0.09375 0.9375 0.0 0.1875 1.0 0.15625 0.0 
0.125 0.125 0.84375 0.84375 1.0 0.09375 0.9375 0.0 0.1875 1.0 
0.84375 0.84375 0.75 0.71875 0.8125 0.9375 0.59375 0.8125 0.78125 0.125 
0.28125 0.84375 0.84375 0.75 0.71875 0.8125 0.9375 0.59375 0.8125 0.78125 
0.28125 0.3125 0.84375 0.84375 0.75 0.71875 0.8125 0.9375 0.59375 0.8125 
0.28125 0.3125 0.3125 0.15625 0.46875 0.84375 0.84375 0.75 0.71875 0.8125 
0.375 0.28125 0.3125 0.3125 0.15625 0.46875 0.84375 0.84375 0.75 0.71875 
0.375 0.375 0.28125 0.3125 0.3125 0.3125 0.3125 0.59375 0.15625 0.46875 
0.46875 0.59375 0.34375 0.28125 0.3125 0.3125 0.3125 0.3125 0.3125 0.375 
0.46875 0.40625 0.59375 0.34375 0.375 0.28125 0.3125 0.3125 0.3125 0.3125 
0.4375 0.46875 0.40625 0.40625 0.40625 0.34375 0.375 0.375 0.375 0.28125 
0.4375 0.375 0.375 0.4375 0.46875 0.40625 0.40625 0.4375 0.40625 0.40625 
0.4375 0.375 0.375 0.4375 0.46875 0.40625 0.4375 0.40625 0.46875 0.46875 
0.4375 0.4375 0.375 0.375 0.46875 0.40625 0.4375 0.40625 0.46875 0.4375 
0.4375 0.4375 0.375 0.375 0.40625 0.4375 0.4375 0.375 0.46875 0.40625 
0.4375 0.4375 0.375 0.375 0.40625 0.4375 0.4375 0.375 0.4375 0.375 
0.4375 0.4375 0.375 0.375 0.40625 0.4375 0.4375 0.375 0.4375 0.375 
0.4375 0.4375 0.375 0.375 0.40625 0.4375 0.4375 0.375 0.4375 0.375 
0.4375 0.4375 0.375 0.375 0.40625 0.4375 0.4375 0.375 0.4375 0.375 
0.4375 0.4375 0.4375 0.375 0.375 0.40625 0.4375 0.4375 0.375 0.4375 
0.40625 0.4375 0.375 0.375 0.40625 0.4375 0.4375 0.375 0.4375 0.46875 
0.40625 0.4375 0.40625 0.4375 0.4375 0.375 0.375 0.40625 0.4375 0.4375 
0.40625 0.4375 0.40625 0.4375 0.4375 0.40625 0.4375 0.40625 0.40625 0.40625 
0.40625 0.4375 0.40625 0.4375 0.4375 0.40625 0.4375 0.40625 0.40625 0.40625 
0.40625 0.4375 0.40625 0.4375 0.4375 0.40625 0.4375 0.40625 0.40625 0.40625 
0.40625 0.4375 0.40625 0.4375 0.4375 0.40625 0.4375 0.40625 0.40625 0.40625 
0.40625 0.4375 0.40625 0.4375 0.4375 0.40625 0.4375 0.40625 0.40625 0.40625 
0.40625 0.4375 0.40625 0.4375 0.4375 0.40625 0.4375 0.40625 0.40625 0.40625 
0.40625 0.4375 0.40625 0.4375 0.4375 0.40625 0.4375 0.40625 0.40625 0.40625 
0.40625 0.4375 0.40625 0.4375 0.4375 0.40625 0.4375 0.40625 0.40625 0.40625 
0.40625 0.4375 0.40625 0.4375 0.4375 0.40625 0.4375 0.40625 0.40625 0.40625 
0.40625 0.4375 0.40625 0.4375 0.4375 0.40625 0.4375 0.40625 0.40625 0.40625 
0.40625 0.4375 0.40625 0.4375 0.4375 0.40625 0.4375 0.40625 0.40625 0.40625 
0.40625 0.4375 0.40625 0.4375 0.4375 0.40625 0.4375 0.40625 0.40625 0.40625 
0.40625 0.4375 0.40625 0.4375 0.4375 0.40625 0.4375 0.40625 0.40625 0.40625 
0.40625 0.4375 0.40625 0.4375 0.4375 0.40625 0.4375 0.40625 0.40625 0.40625 
0.40625 0.4375 0.40625 0.4375 0.4375 0.40625 0.4375 0.40625 0.40625 0.40625 
0.40625 0.4375 0.40625 0.4375 0.4375 0.40625 0.4375 0.40625 0.40625 0.40625 
0.40625 0.4375 0.40625 0.4375 0.4375 0.40625 0.4375 0.40625 0.40625 0.40625 
0.40625 0.4375 0.40625 0.4375 0.4375 0.40625 0.4375 0.40625 0.40625 0.40625 
0.40625 0.4375 0.40625 0.4375 0.4375 0.40625 0.4375 0.40625 0.40625 0.40625 
0.40625 0.4375 0.40625 0.4375 0.4375 0.40625 0.4375 0.40625 0.40625 0.40625 
0.40625 0.4375 0.40625 0.4375 0.4375 0.40625 0.4375 0.40625 0.40625 0.40625 
0.40625 0.4375 0.40625 0.4375 0.4375 0.40625 0.4375 0.40625 0.40625 0.40625 
0.40625 0.4375 0.40625 0.4375 0.4375 0.40625 0.4375 0.40625 0.40625 0.40625 
0.40625 0.4375 0.40625 0.4375 0.4375 0.40625 0.4375 0.40625 0.40625 0.40625 
0.40625 0.4375 0.40625 0.4375 0.4375 0.40625 0.4375 0.40625 0.40625 0.40625 
0.40625 0.4375 0.40625 0.4375 0.4375 0.40625 0.4375 0.40625 0.40625 0.40625 
0.40625 0.4375 0.40625 0.4375 0.4375 0.40625 0.4375 0.40625 0.40625 0.40625 
