51 51 50 50 50 50 50 50 50 50 50 50 50 50 27 27 2 1 1 1 1 1 1 1 1 1 1 1 1 1 1 1 1 1 1 1 1 1 1 1 1 1 0 0 0 0 0 0 0 0 
53 53 50 50 50 50 50 50 50 50 50 50 50 50 50 50 50 50 50 50 50 50 50 50 50 40 33 23 11 10 7 4 3 3 3 3 3 3 3 3 0 0 0 0 0 0 0 0 0 0 
52 52 52 52 52 52 52 52 52 51 51 51 51 51 50 50 50 50 50 50 50 50 50 50 50 50 50 50 48 42 39 37 36 31 15 7 3 3 3 3 3 2 2 2 2 2 2 1 1 1 
59 51 51 51 51 51 51 51 51 51 51 51 51 51 51 51 51 51 51 51 51 51 51 50 50 50 50 41 14 13 13 2 2 2 2 2 2 2 2 2 2 1 1 1 1 1 1 1 1 1 
55 55 50 50 50 50 50 50 50 50 50 50 50 50 50 50 50 50 50 50 50 50 50 50 50 50 50 50 50 50 50 27 19 18 15 8 7 6 0 0 0 0 0 0 0 0 0 0 0 0 
54 54 54 51 51 50 50 50 50 50 50 50 50 50 50 50 50 50 50 50 50 50 50 50 50 50 50 50 50 21 20 17 8 8 5 4 1 1 1 1 1 1 1 1 1 1 1 1 0 0 
57 55 55 55 51 51 50 50 50 50 50 50 50 50 50 50 50 50 50 50 50 50 50 50 50 50 50 50 50 50 50 46 46 18 18 14 9 8 8 5 5 1 1 1 1 1 1 1 1 0 
59 59 56 56 56 56 56 52 50 50 50 50 50 50 50 50 50 50 50 50 50 50 50 50 50 50 50 50 50 50 50 50 50 38 33 33 14 11 11 9 9 6 0 0 0 0 0 0 0 0 
86 59 59 58 58 58 58 58 58 57 57 51 51 51 51 51 51 51 51 51 51 51 51 51 51 51 51 51 50 46 40 25 16 11 10 10 10 9 9 9 9 2 2 2 2 2 2 2 2 1 
81 81 62 58 58 56 56 56 56 56 56 56 52 52 52 52 52 52 52 52 52 51 51 51 51 51 51 51 50 50 50 50 39 36 12 12 11 10 10 7 7 7 7 3 3 3 3 3 3 3 
84 82 82 67 67 57 57 57 56 55 55 55 55 55 55 55 55 55 55 54 51 51 51 51 51 51 51 50 50 43 34 22 21 11 5 5 5 5 5 1 1 1 1 1 1 1 1 1 1 0 
76 76 76 76 75 75 75 74 62 62 62 57 57 57 57 57 56 56 56 56 56 51 51 51 51 51 51 51 50 50 50 47 32 29 24 18 14 11 8 8 8 8 8 8 6 2 2 2 1 1 
83 83 83 83 83 83 83 83 83 83 81 81 81 81 80 73 73 73 67 61 61 61 60 60 60 60 54 54 54 54 54 54 53 53 50 50 50 50 41 34 33 25 22 15 14 14 11 11 7 7 
80 80 79 79 79 79 79 79 79 79 79 79 79 79 79 79 78 75 74 72 72 71 68 66 64 64 64 60 58 54 54 53 52 51 51 50 50 50 50 50 50 50 43 34 12 12 6 2 1 1 
87 87 85 85 85 85 85 85 84 84 84 84 84 84 84 84 84 83 83 83 82 82 81 79 76 76 76 74 68 68 64 64 61 61 61 51 51 51 51 51 51 51 50 50 43 21 16 12 2 2 
80 80 77 77 77 77 77 77 77 77 76 76 76 76 76 76 76 76 76 76 76 76 76 75 75 74 69 66 62 51 51 50 50 50 50 42 40 17 13 9 8 1 1 1 1 1 1 1 1 1 
83 83 83 83 83 83 83 83 83 83 83 83 83 83 83 83 81 81 81 81 74 74 74 70 56 56 56 50 50 50 50 50 50 50 50 50 50 46 42 42 38 34 29 25 15 12 7 6 0 0 
85 85 85 85 85 85 85 85 85 85 85 85 85 85 85 84 84 83 78 78 76 65 59 55 53 50 50 50 50 50 50 50 50 50 50 50 50 50 49 36 12 11 11 9 8 0 0 0 0 0 
83 83 83 83 83 83 83 83 83 83 83 83 83 83 83 83 83 83 81 78 74 74 69 67 67 65 60 59 59 59 59 56 52 52 52 50 50 50 49 18 15 6 4 2 2 2 2 2 2 0 
86 86 86 82 82 82 82 82 82 82 82 82 82 82 82 82 82 75 72 71 70 62 56 55 55 55 52 52 52 52 52 52 52 52 52 52 52 52 50 42 34 34 34 22 19 18 16 7 4 4 
86 86 85 85 85 85 85 85 85 85 85 85 85 85 85 85 85 83 83 83 76 73 71 70 67 67 54 54 53 50 50 50 50 50 50 50 47 42 35 35 35 31 15 13 3 3 1 0 0 0 
86 86 86 86 86 83 83 83 83 83 83 83 83 83 83 83 83 83 83 76 71 67 65 64 54 51 51 50 50 50 50 50 50 50 43 40 38 37 35 30 29 28 26 25 19 19 12 5 1 1 
88 88 88 88 88 88 88 88 88 88 88 88 86 86 86 86 86 86 86 86 86 86 86 86 80 70 66 66 65 63 60 60 53 51 50 50 50 50 50 50 41 18 18 12 12 8 8 7 1 1 
88 88 88 88 88 88 88 88 88 88 88 88 87 87 87 87 87 86 80 79 79 75 71 70 65 64 64 54 51 51 51 50 50 50 50 50 50 50 50 49 44 44 38 23 17 2 1 1 1 1 
83 83 83 83 83 83 83 83 83 83 83 83 83 83 83 83 83 81 68 57 57 57 50 50 50 50 50 50 50 50 50 50 50 50 40 39 30 26 10 9 8 8 7 7 7 7 7 0 0 0 
84 84 84 84 84 84 84 84 84 84 84 84 84 84 84 84 84 78 70 66 66 61 57 57 50 50 50 50 50 43 39 37 36 35 17 16 8 8 7 7 7 7 4 0 0 0 0 0 0 0 
82 82 82 82 82 82 82 82 82 82 82 82 82 82 82 82 82 82 82 79 79 77 75 75 69 69 65 65 61 58 58 58 51 51 51 51 50 50 50 50 50 46 43 34 19 8 8 8 8 1 
87 87 87 87 87 87 87 87 87 87 87 87 87 87 87 87 87 87 87 87 87 87 83 81 81 75 75 69 69 66 66 51 51 50 50 50 50 50 45 45 41 19 19 13 5 5 5 5 5 1 
81 81 81 81 81 81 81 81 81 81 81 81 81 81 81 81 81 81 81 81 81 81 81 79 78 76 63 63 59 59 57 51 51 51 51 50 50 50 48 46 44 35 25 24 19 17 8 7 6 6 
78 78 78 78 78 78 78 78 78 78 78 78 78 78 78 78 78 78 78 78 78 78 78 78 78 78 78 78 77 76 75 75 75 75 68 60 59 54 54 50 50 50 50 50 50 39 34 32 9 0 
78 78 78 78 78 78 78 78 78 78 78 78 78 78 78 78 78 78 75 75 74 74 74 74 74 67 62 54 54 54 50 50 50 50 50 50 50 50 50 50 50 50 50 50 50 50 30 10 0 0 
85 85 85 85 85 85 85 85 85 85 85 85 85 85 85 85 85 85 85 85 85 85 85 83 78 75 75 65 57 57 57 51 51 51 51 51 51 51 50 50 50 50 50 47 32 17 17 10 8 1 
86 86 86 86 86 86 86 86 86 86 86 86 86 86 86 86 86 86 86 86 83 82 72 68 68 67 67 65 63 62 62 60 60 50 50 50 50 50 50 48 43 42 37 34 22 11 11 11 9 0 
86 86 86 86 86 86 86 86 86 86 86 86 86 86 86 86 86 86 86 86 81 81 80 77 77 72 72 72 60 59 51 51 51 50 50 50 50 50 50 50 50 50 50 49 41 40 40 22 9 8 
81 81 81 81 81 81 81 81 81 81 81 81 81 81 81 81 81 81 81 81 81 80 77 77 77 76 76 76 68 66 60 54 54 51 51 51 50 50 50 50 50 50 50 50 41 39 31 11 5 1 
83 83 83 83 83 83 83 83 83 83 83 83 83 83 83 83 83 83 83 83 83 81 81 71 71 64 62 62 62 61 61 61 61 58 58 52 52 51 51 51 50 50 50 50 42 39 36 7 3 3 
92 92 92 92 92 92 92 92 92 92 92 92 92 92 92 92 92 92 92 92 91 91 87 87 87 87 75 64 64 64 61 61 61 60 57 51 50 50 50 50 50 50 37 37 36 22 14 11 10 8 
85 85 85 85 85 85 85 85 85 85 85 85 85 85 85 85 85 85 85 85 79 79 79 79 79 78 75 70 65 65 61 60 54 51 51 51 50 50 50 50 50 50 50 50 38 8 7 5 4 4 
85 85 85 85 85 85 85 85 85 85 85 85 85 85 85 83 83 82 68 68 68 68 65 64 61 60 56 54 51 51 50 50 50 50 50 50 50 50 50 50 50 38 28 15 15 15 14 12 12 6 
88 88 88 88 88 88 88 88 88 88 88 88 88 88 88 88 87 87 85 72 72 68 68 68 64 56 56 55 52 52 52 51 50 50 50 50 50 50 50 50 50 50 49 43 43 41 36 36 33 6 
85 85 85 85 85 85 85 85 85 85 85 85 85 85 85 85 85 85 85 85 85 85 84 84 84 68 68 68 68 68 68 68 68 51 51 50 50 50 50 50 50 50 50 18 9 7 6 1 1 1 
82 82 82 82 82 82 82 82 82 82 82 82 82 82 82 82 82 82 82 82 82 82 74 74 65 56 56 56 56 54 54 51 51 51 51 51 51 50 50 50 50 50 50 50 50 49 36 35 1 1 
83 83 83 83 83 83 83 83 83 83 83 83 83 83 83 83 83 83 83 83 83 83 83 83 83 83 83 82 76 65 65 57 57 56 56 56 51 51 50 50 50 50 41 41 39 37 37 35 8 8 
79 79 79 79 79 79 79 79 79 79 79 79 79 79 79 79 79 79 79 78 77 77 77 73 61 58 56 56 55 54 54 54 54 53 50 50 50 50 50 50 36 34 33 33 13 5 4 0 0 0 
81 81 81 81 81 81 81 81 81 81 81 81 81 81 81 81 81 81 81 81 81 81 77 71 71 68 57 53 53 53 53 53 53 50 50 50 50 50 50 50 50 50 50 50 50 50 37 27 12 6 
87 87 87 87 87 87 87 87 87 87 87 87 87 87 87 87 87 87 87 87 86 82 78 60 58 58 58 50 50 50 50 50 50 50 50 50 50 50 50 50 50 50 50 50 50 44 44 42 0 0 
84 84 84 84 84 84 84 84 84 84 84 84 84 84 84 84 84 84 84 84 84 83 80 80 80 76 67 66 65 65 65 62 56 56 53 51 51 51 50 50 50 50 17 14 6 1 1 1 1 1 
87 87 87 87 87 87 87 87 87 87 87 87 87 87 87 87 87 87 87 87 87 87 87 87 78 77 68 61 57 51 51 51 51 50 50 50 50 50 47 47 42 42 41 41 36 16 14 6 5 1 
88 88 88 88 88 88 88 88 88 88 88 88 88 88 88 88 88 88 88 88 88 88 88 88 88 83 73 63 62 62 62 60 57 57 57 53 51 51 51 50 50 50 50 50 50 41 1 1 0 0 
81 81 81 81 81 81 81 81 81 81 81 81 81 81 81 81 81 81 81 81 81 81 81 81 79 77 72 71 66 59 59 58 58 51 51 50 50 50 50 50 47 43 34 27 26 12 9 9 9 9 
