0.2890625 0.8671875 0.7421875 0.6953125 0.9296875 0.8828125 0.5546875 0.0859375 0.8671875 0.59375 
0.8828125 0.015625 0.875 0.0078125 0.890625 0.9609375 0.1796875 0.7109375 0.1875 0.0546875 
0.7109375 0.84375 0.8828125 0.015625 0.875 0.0078125 0.890625 0.9609375 0.1796875 0.2734375 
0.3125 0.421875 0.7109375 0.84375 0.8828125 0.015625 0.875 0.0078125 0.890625 0.9609375 
0.3125 0.421875 0.625 0.6953125 0.515625 0.234375 0.28125 0.2109375 0.7109375 0.84375 
0.3125 0.6953125 0.5390625 0.421875 0.7109375 0.84375 0.8671875 0.6484375 0.8984375 0.84375 
0.3125 0.65625 0.421875 0.6953125 0.5390625 0.7109375 0.84375 0.8671875 0.6484375 0.8984375 
0.3125 0.671875 0.65625 0.421875 0.5390625 0.421875 0.6953125 0.6953125 0.65625 0.7109375 
0.65625 0.3125 0.421875 0.6640625 0.671875 0.6953125 0.6953125 0.65625 0.5390625 0.421875 
0.671875 0.671875 0.6640625 0.6953125 0.6953125 0.65625 0.65625 0.3125 0.421875 0.3203125 
0.4609375 0.6640625 0.6640625 0.671875 0.671875 0.65625 0.3125 0.65625 0.6953125 0.6953125 
0.4609375 0.6640625 0.6640625 0.671875 0.671875 0.3125 0.65625 0.65625 0.65625 0.6953125 
0.4609375 0.5 0.3125 0.65625 0.671875 0.671875 0.6640625 0.6640625 0.6640625 0.65625 
0.4609375 0.671875 0.5 0.3125 0.6640625 0.6640625 0.6640625 0.671875 0.671875 0.65625 
0.4609375 0.6171875 0.671875 0.5 0.6640625 0.6640625 0.6640625 0.671875 0.671875 0.3125 
0.4609375 0.671875 0.6171875 0.3125 0.6640625 0.6640625 0.6640625 0.671875 0.671875 0.5 
0.4609375 0.671875 0.6171875 0.6640625 0.6640625 0.6640625 0.671875 0.671875 0.625 0.6640625 
0.4609375 0.6015625 0.6171875 0.625 0.6484375 0.671875 0.671875 0.671875 0.6640625 0.6640625 
0.6015625 0.4609375 0.671875 0.6171875 0.6484375 0.625 0.671875 0.671875 0.6640625 0.6640625 
0.4609375 0.6015625 0.6875 0.671875 0.6171875 0.6484375 0.671875 0.671875 0.625 0.6640625 
0.6015625 0.4609375 0.6796875 0.6875 0.671875 0.6171875 0.6484375 0.6640625 0.6640625 0.671875 
0.4609375 0.6015625 0.6875 0.671875 0.6796875 0.6796875 0.6953125 0.671875 0.6171875 0.6484375 
0.4609375 0.6796875 0.6875 0.6796875 0.6015625 0.6875 0.671875 0.671875 0.6796875 0.6484375 
0.4609375 0.6640625 0.6796875 0.6875 0.6015625 0.6796875 0.6875 0.6796875 0.671875 0.671875 
0.4609375 0.6796875 0.6875 0.6796875 0.6015625 0.6875 0.6640625 0.6796875 0.671875 0.671875 
0.6015625 0.4609375 0.6796875 0.6875 0.6875 0.609375 0.671875 0.671875 0.6796875 0.6796875 
0.6796875 0.6875 0.6015625 0.4609375 0.6875 0.6796875 0.6796875 0.609375 0.6953125 0.625 
0.4609375 0.6875 0.6015625 0.6796875 0.6796875 0.625 0.609375 0.6875 0.6953125 0.6015625 
0.4609375 0.6015625 0.6796875 0.6015625 0.6640625 0.6875 0.6796875 0.609375 0.6875 0.6953125 
0.65625 0.4609375 0.6015625 0.6796875 0.6640625 0.6640625 0.6640625 0.6875 0.6875 0.609375 
0.65625 0.5703125 0.609375 0.4609375 0.6640625 0.6640625 0.6640625 0.6640625 0.65625 0.671875 
0.65625 0.4609375 0.5703125 0.6171875 0.609375 0.65625 0.6640625 0.6640625 0.6640625 0.6640625 
0.65625 0.4609375 0.5703125 0.5703125 0.5859375 0.6171875 0.609375 0.640625 0.59375 0.6640625 
0.4609375 0.5703125 0.6015625 0.6171875 0.6640625 0.6640625 0.65625 0.5703125 0.59375 0.625 
0.4609375 0.609375 0.5703125 0.6015625 0.65625 0.625 0.6171875 0.6640625 0.6640625 0.5703125 
0.609375 0.4609375 0.6015625 0.65625 0.625 0.6015625 0.5703125 0.6640625 0.6640625 0.5703125 
0.4609375 0.6015625 0.609375 0.609375 0.65625 0.625 0.6015625 0.6640625 0.5703125 0.6640625 
0.609375 0.609375 0.4609375 0.6015625 0.625 0.6015625 0.6640625 0.625 0.65625 0.5703125 
0.5859375 0.609375 0.609375 0.6015625 0.5859375 0.6015625 0.5859375 0.625 0.6640625 0.625 
0.609375 0.6015625 0.609375 0.625 0.6015625 0.5859375 0.6015625 0.5859375 0.625 0.6640625 
0.625 0.609375 0.609375 0.5859375 0.6640625 0.6171875 0.6015625 0.5859375 0.609375 0.625 
0.625 0.609375 0.6640625 0.6015625 0.609375 0.6484375 0.625 0.609375 0.5859375 0.5859375 
0.625 0.6640625 0.609375 0.609375 0.6015625 0.625 0.625 0.609375 0.6015625 0.6484375 
0.6640625 0.6015625 0.625 0.625 0.625 0.609375 0.6015625 0.6171875 0.6015625 0.609375 
0.6171875 0.6015625 0.6015625 0.6640625 0.625 0.625 0.609375 0.6015625 0.625 0.609375 
0.6015625 0.6640625 0.609375 0.6015625 0.625 0.625 0.625 0.625 0.625 0.6171875 
0.59375 0.6015625 0.6015625 0.625 0.625 0.625 0.625 0.6171875 0.6171875 0.609375 
0.59375 0.6015625 0.640625 0.6015625 0.609375 0.625 0.625 0.625 0.625 0.6171875 
0.6171875 0.625 0.625 0.625 0.625 0.609375 0.6015625 0.6015625 0.609375 0.6484375 
0.609375 0.6171875 0.609375 0.625 0.625 0.625 0.625 0.6015625 0.6484375 0.6015625 
