0.2734375 0.34375 0.4140625 0.640625 1.0 0.703125 0.359375 0.8359375 0.5546875 0.3046875 
1.0 0.890625 0.0 0.25 0.7578125 0.1484375 0.984375 0.0546875 0.03125 0.0078125 
1.0 0.890625 0.0 0.25 0.7578125 0.1484375 0.984375 0.0546875 0.03125 0.0078125 
0.6796875 0.2890625 0.78125 0.609375 0.6328125 0.8203125 0.703125 0.34375 0.3046875 0.3515625 
0.6796875 0.4140625 0.2890625 0.34375 0.3046875 0.3515625 0.4375 0.3203125 0.015625 0.3359375 
0.5 0.6796875 0.4140625 0.359375 0.2890625 0.2890625 0.34375 0.3046875 0.3515625 0.4375 
0.4765625 0.5 0.6796875 0.4140625 0.359375 0.328125 0.2890625 0.2890625 0.765625 0.8515625 
0.4765625 0.6484375 0.5 0.6796875 0.4140625 0.359375 0.390625 0.3671875 0.328125 0.2890625 
0.4609375 0.46875 0.4765625 0.5 0.484375 0.6484375 0.4140625 0.6796875 0.359375 0.390625 
0.4609375 0.46875 0.4765625 0.5 0.4765625 0.484375 0.6796875 0.6484375 0.359375 0.390625 
0.4609375 0.46875 0.4765625 0.4765625 0.5 0.484375 0.6484375 0.3828125 0.6796875 0.359375 
0.4609375 0.46875 0.46875 0.4765625 0.4765625 0.5 0.484375 0.6484375 0.6796875 0.3828125 
0.4609375 0.46875 0.46875 0.4765625 0.4765625 0.484375 0.5 0.6796875 0.6484375 0.3828125 
0.46875 0.46875 0.4765625 0.4609375 0.4765625 0.6484375 0.5 0.484375 0.6796875 0.3828125 
0.4453125 0.46875 0.46875 0.4609375 0.4765625 0.4765625 0.5 0.484375 0.6484375 0.6484375 
0.4453125 0.4609375 0.46875 0.4765625 0.46875 0.46875 0.4609375 0.4765625 0.4765625 0.484375 
0.4453125 0.46875 0.4609375 0.4765625 0.46875 0.46875 0.4609375 0.4765625 0.484375 0.46875 
0.4453125 0.46875 0.4765625 0.4609375 0.46875 0.46875 0.46875 0.4609375 0.4765625 0.46875 
0.4453125 0.453125 0.46875 0.4765625 0.4765625 0.46875 0.4609375 0.46875 0.46875 0.46875 
0.4453125 0.453125 0.46875 0.4765625 0.4765625 0.46875 0.4609375 0.3984375 0.46875 0.46875 
0.453125 0.421875 0.4296875 0.421875 0.4453125 0.46875 0.4765625 0.4765625 0.46875 0.46875 
0.421875 0.421875 0.4453125 0.4296875 0.46875 0.453125 0.46875 0.4765625 0.4765625 0.46875 
0.421875 0.421875 0.453125 0.4453125 0.4140625 0.4296875 0.4765625 0.4765625 0.46875 0.46875 
0.4453125 0.453125 0.4296875 0.46875 0.46875 0.46875 0.421875 0.421875 0.4765625 0.4765625 
0.421875 0.421875 0.4453125 0.4453125 0.4296875 0.46875 0.4765625 0.4765625 0.4609375 0.453125 
0.4453125 0.4453125 0.4296875 0.4609375 0.421875 0.421875 0.46875 0.453125 0.4765625 0.4765625 
0.4453125 0.453125 0.4296875 0.4453125 0.4609375 0.46875 0.4609375 0.3984375 0.421875 0.421875 
0.4453125 0.3984375 0.4296875 0.453125 0.4453125 0.421875 0.421875 0.4609375 0.46875 0.46875 
0.3984375 0.4609375 0.46875 0.453125 0.4453125 0.4296875 0.453125 0.4453125 0.421875 0.421875 
0.4296875 0.453125 0.4453125 0.421875 0.421875 0.3984375 0.4453125 0.4296875 0.4609375 0.4609375 
0.4296875 0.453125 0.4453125 0.3984375 0.4296875 0.4296875 0.421875 0.421875 0.4453125 0.4609375 
0.40625 0.3984375 0.4296875 0.453125 0.4453125 0.4453125 0.4296875 0.4296875 0.421875 0.421875 
0.3984375 0.40625 0.4296875 0.453125 0.4453125 0.421875 0.421875 0.4453125 0.3984375 0.4296875 
0.40625 0.4296875 0.4453125 0.453125 0.453125 0.4453125 0.4296875 0.40625 0.3984375 0.4609375 
0.40625 0.4296875 0.4453125 0.4453125 0.453125 0.40625 0.3984375 0.4609375 0.40625 0.4375 
0.4453125 0.4296875 0.421875 0.453125 0.3984375 0.46875 0.40625 0.4453125 0.4609375 0.40625 
0.4296875 0.4453125 0.421875 0.4453125 0.4375 0.4453125 0.453125 0.40625 0.3984375 0.46875 
0.40625 0.3984375 0.4453125 0.4375 0.4453125 0.453125 0.4296875 0.421875 0.4296875 0.4296875 
0.4296875 0.40625 0.4296875 0.421875 0.4296875 0.4453125 0.4453125 0.453125 0.3984375 0.4375 
0.4296875 0.40625 0.421875 0.4296875 0.4453125 0.4453125 0.453125 0.4140625 0.3984375 0.4375 
0.40625 0.4140625 0.421875 0.4296875 0.3984375 0.4296875 0.4453125 0.4453125 0.453125 0.4296875 
0.40625 0.4140625 0.421875 0.4296875 0.4296875 0.4453125 0.3984375 0.453125 0.4453125 0.4296875 
0.4296875 0.40625 0.4140625 0.421875 0.4296875 0.4453125 0.4453125 0.4453125 0.453125 0.3984375 
0.40625 0.3984375 0.4140625 0.421875 0.4296875 0.4453125 0.4453125 0.4453125 0.453125 0.4375 
0.46875 0.421875 0.4296875 0.453125 0.4296875 0.421875 0.4453125 0.3984375 0.4453125 0.4453125 
0.46875 0.4453125 0.3984375 0.453125 0.421875 0.4453125 0.4453125 0.4375 0.4375 0.421875 
0.46875 0.3984375 0.421875 0.4296875 0.421875 0.4375 0.4375 0.453125 0.421875 0.4375 
0.3984375 0.453125 0.46875 0.421875 0.4375 0.421875 0.4375 0.4375 0.453125 0.4296875 
0.3984375 0.421875 0.4375 0.421875 0.4375 0.4375 0.4296875 0.4375 0.4296875 0.4296875 
0.421875 0.421875 0.4375 0.4296875 0.4296875 0.4296875 0.3984375 0.4375 0.4375 0.4296875 
