% Ministry of Cellular Automata
% Project Deux (CS523 Spring 2015)
% Version:v0.1-66-g3e0f-dirty
%  pop:50
%  ic count:100
%  CA Log option:r3/run06
%  width:121
%  max workers:4
%  radius:3
%  iterations:300
%  generations:50

 generation 0.0.0.7.0.0.0.0.50.0.0.50.0.0.0.50.0.0.0.22.50.27.0.0.50.0.0.50.0.0.0.50.0.0.0.0.0.16.0.50.0.0.50.0.50.0.0.0.0.0.0.xover.mutate.done 50
 generation 1.50.50.50.50.50.50.50.50.50.50.1.0.0.1.50.32.47.1.6.67.8.0.0.1.1.1.50.1.1.1.1.9.77.1.1.1.10.1.1.1.0.0.7.50.1.1.51.1.1.50.xover.mutate.done 50
 generation 2.65.68.50.50.50.50.50.50.50.50.1.0.8.50.1.1.50.1.0.50.51.50.51.36.1.70.1.1.0.51.45.13.1.1.50.0.50.1.50.47.1.10.50.50.1.1.50.1.26.0.xover.mutate.done 50
 generation 3.64.65.59.51.51.51.50.50.50.50.38.1.51.50.1.50.1.50.1.1.0.50.0.50.1.3.0.1.50.50.50.43.1.50.43.1.0.48.1.5.0.50.51.1.50.1.51.1.0.50.xover.mutate.done 50
 generation 4.66.71.69.51.51.51.51.51.51.51.1.1.1.51.49.1.51.1.1.1.50.1.50.51.2.36.50.2.9.1.50.1.2.2.2.50.50.50.2.50.1.1.2.9.51.1.12.50.5.51.xover.mutate.done 50
 generation 5.66.76.70.50.50.50.50.50.50.52.0.0.2.0.2.50.2.2.50.2.2.2.2.50.2.28.51.2.50.50.2.52.2.50.0.50.2.2.0.8.50.11.50.0.50.4.50.50.50.2.xover.mutate.done 50
 generation 6.59.63.71.51.51.49.50.50.50.50.0.0.1.1.1.1.50.1.1.31.50.1.1.1.50.28.51.3.50.1.1.0.1.1.41.50.1.1.1.1.0.50.0.1.50.50.1.1.52.1.xover.mutate.done 50
 generation 7.65.70.59.54.50.50.50.51.51.51.1.0.0.1.0.50.1.4.50.0.51.0.0.1.47.7.51.1.1.9.50.7.1.9.50.51.50.50.1.51.0.1.51.1.50.1.1.51.1.51.xover.mutate.done 50
 generation 8.68.64.62.60.53.53.53.53.53.53.3.4.4.51.53.12.53.60.3.4.10.4.50.1.1.42.3.4.4.51.50.51.50.3.13.3.50.53.3.50.53.53.4.3.53.3.4.53.4.1.xover.mutate.done 50
 generation 9.68.68.63.52.52.52.52.52.52.52.50.50.2.2.4.4.4.52.52.2.4.2.52.20.36.4.2.2.52.2.4.2.8.4.4.2.4.2.4.2.2.52.4.41.4.8.2.4.2.2.xover.mutate.done 50
 generation 10.73.76.65.54.54.53.53.53.53.53.0.50.26.53.53.53.6.3.53.0.53.3.0.53.3.3.3.53.3.53.3.3.10.7.53.3.3.3.3.53.3.3.53.3.3.0.3.3.4.53.xover.mutate.done 50
 generation 11.61.63.62.53.53.50.50.50.50.50.1.0.0.1.1.50.50.0.1.50.4.1.9.16.0.50.50.50.0.1.1.4.0.1.1.1.50.53.1.50.1.0.50.50.0.50.53.0.1.0.xover.mutate.done 50
 generation 12.68.66.66.51.51.51.51.50.50.50.1.1.50.50.50.1.0.1.2.50.1.50.1.50.2.0.1.1.1.50.1.1.50.50.1.4.1.1.4.0.50.0.6.50.1.1.1.1.1.4.xover.mutate.done 50
 generation 13.63.67.64.56.56.56.56.51.51.51.51.1.1.0.1.50.1.1.51.1.43.1.3.51.1.1.1.50.1.50.51.10.1.1.50.1.12.56.50.52.1.0.1.7.0.1.11.51.51.1.xover.mutate.done 50
 generation 14.63.69.70.53.53.54.53.54.51.50.2.6.0.2.0.50.50.2.2.2.2.2.50.2.50.7.50.18.50.50.0.2.2.2.15.6.6.2.50.50.2.2.2.50.8.50.2.50.2.2.xover.mutate.done 50
 generation 15.70.70.57.59.59.59.59.59.58.51.1.11.59.27.51.50.3.3.2.3.51.1.51.51.3.2.50.3.51.3.51.9.51.2.50.50.3.3.11.48.3.1.3.50.11.3.11.50.3.11.xover.mutate.done 50
 generation 16.73.68.53.53.53.53.53.53.50.63.46.1.50.1.49.4.4.46.0.4.0.1.1.1.1.53.1.0.1.50.8.1.1.0.50.50.4.1.1.4.1.4.4.0.1.4.1.47.1.50.xover.mutate.done 50
 generation 17.71.72.56.60.60.59.59.59.60.60.19.1.1.1.11.2.51.51.1.1.50.2.1.50.50.30.50.50.29.50.1.10.59.1.2.1.51.2.1.2.2.11.48.45.2.1.2.1.51.1.xover.mutate.done 50
 generation 18.64.65.54.54.54.54.53.53.53.53.7.0.49.50.50.0.0.54.50.1.12.6.1.1.0.4.49.0.50.1.1.19.50.1.3.1.50.50.4.53.50.1.1.50.4.5.4.5.26.1.xover.mutate.done 50
 generation 19.62.64.57.57.57.57.57.56.56.56.2.16.8.2.2.50.7.19.19.2.10.8.11.2.50.50.0.54.8.55.2.50.2.0.8.10.16.50.6.2.0.50.24.56.22.50.2.50.50.17.xover.mutate.done 50
 generation 20.62.65.58.58.58.58.58.56.56.56.19.51.1.2.9.2.7.1.1.58.2.51.2.10.1.2.1.38.2.51.9.7.1.10.2.59.2.2.47.1.1.2.51.1.58.2.1.51.30.22.xover.mutate.done 50
 generation 21.69.70.57.56.56.56.56.56.56.56.8.52.22.56.8.56.52.52.52.2.4.2.4.56.4.2.4.50.4.50.4.56.8.2.48.56.2.52.8.4.17.55.4.52.2.29.19.56.52.4.xover.mutate.done 50
 generation 22.70.73.57.57.57.57.57.57.57.57.51.14.18.2.56.67.51.57.2.1.50.2.2.45.57.1.7.1.2.57.8.42.10.2.51.2.8.8.8.31.6.51.2.50.57.2.20.43.1.56.xover.mutate.done 50
 generation 23.62.65.59.55.52.52.52.52.52.52.71.1.3.50.10.9.50.20.8.1.1.1.50.3.50.50.1.31.1.53.50.0.50.3.6.1.50.50.1.1.1.10.7.30.4.0.8.53.22.34.xover.mutate.done 50
 generation 24.67.68.71.59.54.54.54.54.54.54.6.9.2.50.54.48.2.74.46.50.2.54.54.4.24.6.54.6.0.6.50.2.10.54.6.31.7.2.0.58.54.54.10.50.2.11.7.2.52.2.xover.mutate.done 50
 generation 25.78.68.64.76.66.66.60.62.59.60.22.8.11.46.13.50.1.62.77.60.13.25.21.10.50.11.10.1.1.11.22.11.2.1.11.50.47.11.2.10.10.20.59.1.11.45.10.43.51.51.xover.mutate.done 50
 generation 26.75.77.67.67.56.55.60.53.53.53.53.1.50.50.32.1.5.49.7.18.53.49.73.54.51.1.1.0.53.4.0.0.50.1.0.24.75.53.50.48.6.50.1.5.55.50.50.6.75.1.xover.mutate.done 50
 generation 27.76.66.66.66.67.59.70.72.60.60.18.51.1.55.58.51.2.2.50.9.22.50.61.1.19.51.1.31.57.50.1.1.51.54.50.54.2.2.46.51.47.87.19.51.1.53.32.50.50.1.xover.mutate.done 50
 generation 28.88.79.63.60.77.77.77.77.56.58.2.38.12.39.50.48.55.6.68.51.2.17.2.2.4.6.53.5.7.5.2.68.2.54.6.0.56.5.85.50.2.50.57.6.46.2.83.13.53.33.xover.mutate.done 50
 generation 29.92.84.90.80.70.74.74.74.59.64.13.84.37.57.55.0.36.0.57.92.61.5.55.0.0.47.76.6.12.0.5.54.56.57.39.5.42.0.43.0.50.50.50.4.68.23.50.55.56.5.xover.mutate.done 50
 generation 30.96.95.94.83.85.82.81.78.78.78.71.72.59.50.8.55.5.1.8.30.81.54.42.1.42.7.49.91.30.54.56.50.5.81.51.64.1.7.50.5.31.46.5.5.5.27.1.8.15.27.xover.mutate.done 50
 generation 31.89.84.86.89.84.84.85.78.78.78.50.20.0.58.51.50.48.18.43.13.46.1.51.8.50.0.0.0.78.3.1.1.29.50.56.80.48.7.56.47.3.2.21.51.51.56.45.45.0.46.xover.mutate.done 50
 generation 32.93.87.83.80.84.84.84.80.77.77.7.35.51.76.80.22.49.25.40.1.50.50.1.48.6.50.55.86.59.50.47.49.1.48.92.56.76.9.1.83.50.19.31.51.1.1.53.13.50.1.xover.mutate.done 50
 generation 33.91.94.89.92.92.88.77.90.90.78.50.61.76.57.50.63.0.46.34.30.37.48.90.50.86.58.9.65.48.34.39.8.0.32.50.50.50.9.67.20.0.53.50.55.37.80.45.61.8.0.xover.mutate.done 50
 generation 34.95.93.87.90.88.88.81.89.85.74.50.10.89.65.43.50.48.50.28.81.51.50.64.51.50.50.7.50.3.6.0.59.50.74.82.50.50.50.50.2.0.50.21.50.16.61.50.54.15.0.xover.mutate.done 50
 generation 35.94.84.93.90.92.88.88.89.89.83.27.50.69.18.52.12.31.53.50.30.88.46.35.3.50.35.94.49.23.94.17.23.19.50.3.3.50.13.37.42.50.8.3.52.9.94.24.53.53.62.xover.mutate.done 50
 generation 36.91.91.90.90.90.92.89.90.88.91.1.89.93.29.23.6.5.50.0.91.51.37.50.22.9.89.58.44.50.31.87.43.45.8.32.30.68.50.50.66.50.50.39.49.23.5.1.59.46.1.xover.mutate.done 50
 generation 37.93.87.88.93.85.93.93.93.88.86.6.62.50.25.48.1.79.47.5.50.85.1.67.87.18.44.47.22.49.43.61.82.1.45.21.50.54.50.92.63.55.89.38.1.82.1.49.85.53.19.xover.mutate.done 50
 generation 38.93.93.94.94.94.94.87.93.87.88.1.1.50.1.87.50.83.95.50.62.1.47.56.27.1.93.91.58.50.1.50.12.8.61.1.50.45.50.87.20.94.50.46.93.55.94.1.27.36.44.xover.mutate.done 50
 generation 39.90.89.92.92.92.91.92.90.92.90.47.50.43.50.12.0.50.43.46.0.50.50.26.0.75.48.45.50.69.50.0.50.50.73.45.50.48.8.0.12.0.0.0.38.43.49.50.92.62.53.xover.mutate.done 50
 generation 40.94.94.94.94.93.94.93.92.97.92.81.9.18.78.51.92.32.86.51.44.13.35.51.79.50.50.91.51.4.4.24.51.84.53.3.21.87.53.4.51.51.4.4.44.4.51.18.27.92.4.xover.mutate.done 50
 generation 41.94.93.93.92.94.94.94.92.94.91.47.27.25.25.51.42.4.86.37.50.37.4.4.12.80.50.72.80.82.36.46.75.38.1.50.50.93.86.0.50.51.18.88.80.88.50.48.49.1.16.xover.mutate.done 50
 generation 42.92.93.93.95.92.93.93.86.93.94.51.51.51.89.84.81.52.59.50.67.56.71.2.10.2.47.2.24.49.51.51.24.34.34.51.12.51.27.51.93.51.48.43.2.2.2.84.51.50.30.xover.mutate.done 50
 generation 43.90.90.90.90.90.90.89.91.90.90.60.61.52.87.75.45.50.3.39.52.52.10.3.52.52.92.8.87.38.52.2.52.52.52.6.52.23.88.45.52.56.75.89.3.26.80.52.55.52.46.xover.mutate.done 50
 generation 44.97.97.97.97.97.97.97.97.96.97.56.42.48.96.60.30.95.0.6.96.49.50.50.7.13.49.11.97.1.49.68.78.15.29.1.69.94.49.68.97.1.50.50.0.50.5.51.0.17.50.xover.mutate.done 50
 generation 45.90.92.90.91.90.90.90.90.88.91.44.56.64.66.92.90.86.56.44.1.47.25.50.70.50.45.50.55.20.0.58.23.62.14.85.49.83.43.76.9.5.22.0.49.87.45.50.58.51.44.xover.mutate.done 50
 generation 46.94.94.92.93.94.94.94.94.94.94.94.29.68.48.2.52.52.50.80.51.54.19.94.73.54.24.92.74.38.51.28.56.50.94.50.54.48.92.52.52.10.31.17.31.46.67.42.23.52.4.xover.mutate.done 50
 generation 47.89.89.90.88.88.88.89.89.89.88.40.61.47.1.50.51.72.60.50.21.9.50.63.43.55.5.90.63.49.39.56.45.13.78.49.68.1.41.59.48.66.60.47.10.50.60.28.85.9.57.xover.mutate.done 50
 generation 48.92.88.92.92.92.92.93.92.93.93.1.92.6.1.47.46.50.59.50.1.1.54.51.40.79.1.50.44.1.47.91.47.54.6.70.47.1.79.92.1.1.42.50.60.93.1.55.93.70.1.xover.mutate.done 50
 generation 49.97.96.96.97.97.97.97.97.96.96.95.0.0.49.47.49.55.49.58.1.39.49.96.0.56.94.93.49.50.0.75.55.0.46.39.25.96.93.40.50.41.0.47.48.93.95.38.3.10.50.xover.mutate.done 50
 36968116 iters     679187 iter/sec (54.43 s)
 total time: 54.43
