% Ministry of Cellular Automata
% Project Deux (CS523 Spring 2015)
% Version:v0.1-66-g3e0f-dirty
%  pop:50
%  ic count:100
%  CA Log option:r3/run07
%  width:121
%  max workers:4
%  radius:3
%  iterations:300
%  generations:50

 generation 0.1.0.1.1.1.50.1.50.0.0.50.1.1.0.50.1.1.1.50.1.1.50.0.0.0.7.0.48.1.1.50.1.0.0.1.0.0.50.1.50.1.1.1.50.50.1.1.1.1.1.xover.mutate.done 50
 generation 1.50.50.50.50.50.50.50.50.50.50.50.50.1.1.1.1.50.1.50.50.1.1.16.1.1.1.1.1.1.50.1.51.0.1.0.1.50.1.0.1.50.1.1.1.1.51.1.0.0.1.xover.mutate.done 50
 generation 2.51.51.50.50.50.50.50.51.50.50.50.2.51.2.2.1.14.4.1.50.2.2.51.51.2.1.2.51.12.1.2.50.50.50.50.1.2.2.1.3.1.1.50.2.1.50.2.17.24.1.xover.mutate.done 50
 generation 3.51.51.50.51.50.50.51.50.50.50.51.15.50.1.51.1.0.0.1.50.1.16.50.50.50.50.50.11.50.50.1.18.0.1.50.37.50.51.0.1.50.50.10.50.50.1.1.0.50.43.xover.mutate.done 50
 generation 4.52.52.52.52.52.52.52.51.51.51.46.3.1.50.1.50.1.1.50.18.11.52.7.51.12.3.50.50.1.52.52.50.52.50.3.50.50.34.50.1.64.50.51.50.50.11.50.3.52.1.xover.mutate.done 50
 generation 5.60.51.51.51.51.51.51.51.51.51.8.8.1.2.51.51.2.50.1.50.1.2.1.51.51.1.50.50.1.51.26.1.7.50.51.51.51.50.50.50.51.10.51.8.2.51.41.1.51.47.xover.mutate.done 50
 generation 6.61.51.51.51.51.51.51.51.51.51.2.32.4.50.51.51.23.51.51.2.33.1.1.51.51.51.1.1.51.2.51.1.43.47.41.1.1.51.51.51.1.50.28.2.2.49.4.1.51.50.xover.mutate.done 50
 generation 7.54.52.52.52.52.52.52.52.52.52.2.52.52.52.18.52.12.40.8.14.1.16.3.3.52.2.3.25.51.2.6.52.41.50.22.51.3.1.3.52.3.37.52.52.8.3.3.52.3.2.xover.mutate.done 50
 generation 8.55.50.50.50.50.50.50.50.50.50.1.6.50.0.9.1.1.50.21.21.9.20.10.50.50.50.11.50.1.1.31.50.1.50.1.6.11.50.0.36.16.31.0.50.1.0.0.50.1.0.xover.mutate.done 50
 generation 9.59.51.51.51.51.51.51.51.51.51.0.51.51.1.29.51.1.51.6.1.0.18.14.1.1.50.51.1.1.28.13.12.50.51.17.51.43.1.1.22.51.50.51.50.51.50.51.1.51.0.xover.mutate.done 50
 generation 10.59.50.50.50.50.50.50.50.50.50.19.45.0.0.3.0.50.47.0.50.50.2.17.0.45.50.50.0.27.0.50.9.50.47.50.0.50.0.50.15.50.50.0.24.50.50.0.50.50.0.xover.mutate.done 50
 generation 11.61.50.50.50.50.50.50.50.50.50.26.50.45.1.50.50.11.50.50.0.0.50.1.50.50.50.50.0.12.40.50.50.49.1.50.50.50.50.50.49.9.50.29.14.1.50.50.50.0.0.xover.mutate.done 50
 generation 12.60.52.52.52.52.52.52.52.52.52.50.52.52.52.8.18.52.1.52.3.50.51.52.52.52.52.7.3.50.50.22.52.41.9.52.50.50.52.50.50.52.40.46.3.51.52.52.52.29.52.xover.mutate.done 50
 generation 13.59.50.50.50.50.50.50.50.50.50.50.50.50.2.2.50.50.50.50.50.50.3.50.2.50.0.2.0.50.2.50.2.50.0.50.50.50.2.50.50.50.50.0.0.2.0.50.21.18.2.xover.mutate.done 50
 generation 14.52.50.50.50.50.50.50.50.50.50.30.50.5.0.0.0.50.0.50.0.0.0.36.50.50.6.0.37.50.23.50.50.0.0.0.50.50.50.33.0.0.0.20.50.50.50.0.50.0.0.xover.mutate.done 50
 generation 15.54.50.50.50.50.50.50.50.50.50.50.15.37.0.50.1.14.50.50.1.41.50.1.1.50.50.1.20.50.50.0.1.50.19.50.1.48.1.37.49.50.1.1.1.50.13.1.1.46.50.xover.mutate.done 50
 generation 16.62.52.52.52.52.52.52.52.52.52.52.49.2.2.50.16.52.2.2.2.50.52.52.2.52.2.52.2.52.2.52.17.13.12.52.2.50.52.2.35.2.0.2.52.2.52.52.2.18.2.xover.mutate.done 50
 generation 17.60.51.51.51.51.51.51.51.51.51.2.51.50.51.51.3.1.51.2.2.15.32.51.51.2.51.31.51.30.51.1.51.25.26.41.11.51.51.51.2.29.15.2.2.1.15.43.30.19.51.xover.mutate.done 50
 generation 18.55.51.51.51.51.51.51.51.51.51.1.1.2.51.51.20.2.51.51.51.51.51.50.3.51.3.51.3.22.3.1.3.51.51.51.51.51.3.51.51.29.51.51.51.51.51.3.3.51.51.xover.mutate.done 50
 generation 19.63.52.52.52.52.52.52.52.52.52.2.2.52.52.50.2.2.25.52.52.52.52.52.52.19.52.45.2.38.4.52.52.52.34.52.46.52.2.2.2.2.52.34.2.47.2.46.52.2.52.xover.mutate.done 50
 generation 20.61.51.51.51.51.51.51.51.51.51.51.1.51.50.2.51.1.51.2.51.51.2.51.51.51.2.2.51.51.2.50.2.51.35.51.36.2.51.51.18.51.16.1.48.12.51.16.51.2.51.xover.mutate.done 50
 generation 21.63.51.51.51.51.51.51.51.51.51.51.51.2.51.1.50.50.50.51.51.51.51.1.2.51.2.2.2.1.51.50.51.2.51.51.1.51.51.23.51.48.51.2.2.2.51.49.1.20.51.xover.mutate.done 50
 generation 22.61.52.52.52.52.52.52.52.52.52.52.3.26.52.3.52.38.1.3.3.12.52.52.52.52.33.50.33.50.3.52.52.52.52.52.52.52.13.3.2.52.52.3.52.50.52.24.52.52.52.xover.mutate.done 50
 generation 23.54.50.50.50.50.50.50.50.50.50.0.50.50.50.50.0.50.0.0.50.23.50.50.50.0.50.50.19.18.50.26.50.25.50.0.50.50.50.50.0.50.0.50.13.0.0.50.50.37.0.xover.mutate.done 50
 generation 24.61.50.50.50.50.50.50.50.50.50.50.0.0.0.50.50.50.50.39.50.0.50.50.38.25.50.45.50.0.50.44.0.0.3.15.50.0.50.41.50.50.50.45.0.40.50.50.0.50.50.xover.mutate.done 50
 generation 25.52.51.51.51.51.51.51.51.51.51.51.51.2.18.50.50.51.17.32.50.51.51.51.8.16.2.51.1.1.2.24.35.2.2.1.51.1.3.41.51.17.51.14.1.1.2.51.1.51.51.xover.mutate.done 50
 generation 26.61.50.50.50.50.50.50.50.50.50.50.2.2.50.35.0.50.44.50.25.14.15.42.40.2.2.50.16.42.50.50.2.44.49.50.50.13.50.50.0.11.12.33.50.42.25.50.50.50.50.xover.mutate.done 50
 generation 27.52.50.50.50.50.50.50.50.50.50.50.50.32.50.48.50.1.50.21.50.14.1.1.7.50.14.15.0.50.1.50.19.50.21.50.27.48.0.50.1.1.50.1.50.14.50.50.1.50.46.xover.mutate.done 50
 generation 28.61.50.50.50.50.50.50.50.50.50.50.41.33.0.50.0.15.0.22.0.24.27.0.0.0.50.21.0.50.50.8.0.32.0.50.50.50.50.0.50.0.50.50.13.0.40.50.0.50.50.xover.mutate.done 50
 generation 29.57.50.50.50.50.50.50.50.50.50.50.22.0.0.48.17.5.0.0.50.0.50.50.0.0.0.50.22.50.0.0.0.50.0.50.50.50.28.0.0.50.0.50.46.50.0.0.50.0.0.xover.mutate.done 50
 generation 30.52.51.51.51.51.51.51.51.51.51.1.3.1.51.51.51.50.3.47.3.50.51.2.50.2.14.9.14.3.51.1.51.51.9.51.3.51.51.6.3.51.3.15.1.1.3.50.51.3.3.xover.mutate.done 50
 generation 31.58.52.52.52.52.52.52.52.52.52.52.5.52.52.9.52.9.52.24.14.50.2.50.13.52.52.49.50.52.8.52.9.52.20.52.50.52.30.52.52.50.52.10.52.3.52.28.52.52.29.xover.mutate.done 50
 generation 32.58.50.50.50.50.50.50.50.50.50.1.1.50.50.36.50.50.50.1.1.32.1.1.50.50.0.50.1.23.50.1.50.50.50.0.16.50.1.50.50.50.50.50.50.1.50.50.13.31.50.xover.mutate.done 50
 generation 33.56.50.50.50.50.50.50.50.50.50.50.0.0.50.50.50.0.50.0.0.50.50.50.50.50.50.50.0.0.0.50.50.50.46.0.0.0.50.50.27.50.37.50.39.50.50.0.9.50.48.xover.mutate.done 50
 generation 34.56.50.50.50.50.50.50.50.50.50.50.48.0.35.50.50.15.0.12.50.50.50.0.44.50.0.50.0.16.40.50.48.0.42.0.48.0.0.50.50.50.18.0.50.42.12.50.50.33.0.xover.mutate.done 50
 generation 35.64.50.50.50.50.50.50.50.50.50.50.0.44.49.3.22.3.50.3.18.50.50.0.50.8.50.50.50.3.50.50.50.50.50.0.50.3.12.50.50.3.0.24.18.3.16.50.30.49.50.xover.mutate.done 50
 generation 36.56.50.50.50.50.50.50.50.50.50.50.1.50.50.50.25.50.17.50.1.50.1.0.1.50.18.1.15.50.1.17.17.50.50.38.1.50.50.50.0.1.8.1.1.57.50.50.14.1.50.xover.mutate.done 50
 generation 37.60.62.50.50.50.50.50.50.50.50.50.50.0.1.35.46.4.1.1.1.0.50.1.1.50.50.50.20.50.42.0.50.0.1.42.50.1.0.0.0.0.0.1.50.1.40.0.50.1.50.xover.mutate.done 50
 generation 38.57.56.53.53.53.53.53.53.53.53.50.53.51.45.3.52.6.3.43.3.4.53.4.1.5.3.4.4.41.50.47.1.4.24.50.1.4.8.50.3.4.4.53.8.4.29.53.53.53.50.xover.mutate.done 50
 generation 39.50.52.50.50.50.50.50.50.50.50.0.50.18.0.50.50.50.0.50.50.0.50.50.0.18.1.50.50.4.45.0.50.8.0.0.50.0.50.9.0.4.0.50.0.0.0.50.0.50.50.xover.mutate.done 50
 generation 40.57.61.51.51.51.51.51.51.51.51.13.3.7.50.49.4.4.51.5.3.1.4.51.51.50.50.4.51.50.3.3.4.51.49.51.3.51.51.4.4.4.3.51.3.51.51.1.50.51.49.xover.mutate.done 50
 generation 41.61.66.50.50.50.50.50.50.50.50.50.46.0.13.50.50.50.50.0.4.0.23.50.25.6.50.50.50.50.0.0.11.50.50.0.0.41.50.50.50.0.50.50.0.50.50.50.9.50.48.xover.mutate.done 50
 generation 42.63.63.50.50.50.50.50.50.50.50.49.50.50.50.50.49.33.2.2.50.35.15.44.50.50.15.39.50.2.50.2.50.50.5.50.50.2.50.2.15.45.50.44.50.2.21.50.2.15.50.xover.mutate.done 50
 generation 43.59.60.50.50.50.50.50.50.50.50.1.1.50.1.0.50.50.50.1.50.1.50.0.41.50.1.50.0.41.1.50.18.0.41.1.50.46.0.0.1.0.50.50.24.50.50.4.50.50.36.xover.mutate.done 50
 generation 44.68.69.51.51.51.51.51.51.51.51.51.28.1.17.51.51.1.0.51.51.51.1.1.28.0.26.1.1.0.50.24.48.49.1.12.47.13.1.46.6.51.0.0.50.50.1.1.1.45.47.xover.mutate.done 50
 generation 45.55.51.50.50.50.50.50.50.50.50.50.50.2.2.0.5.2.50.5.43.28.20.22.2.0.2.50.50.2.0.2.50.50.44.0.12.50.50.0.2.0.2.2.2.0.17.50.50.2.50.xover.mutate.done 50
 generation 46.55.58.51.51.51.51.51.51.51.51.6.51.47.51.50.22.51.50.1.37.51.50.1.51.51.19.51.51.2.51.51.38.6.16.51.51.51.17.2.51.50.1.51.2.50.15.1.51.50.2.xover.mutate.done 50
 generation 47.63.62.50.50.50.50.50.50.50.50.50.1.50.50.13.50.0.50.50.1.50.1.37.50.0.11.50.1.1.50.50.13.11.27.50.2.23.50.49.11.0.50.0.1.1.0.0.11.1.1.xover.mutate.done 50
 generation 48.60.62.52.52.52.52.52.52.52.52.1.19.3.52.11.1.26.2.2.37.50.50.1.52.52.3.7.3.52.3.2.12.4.52.13.3.52.8.21.3.45.52.2.1.1.1.52.50.50.30.xover.mutate.done 50
 generation 49.66.71.50.50.50.50.50.50.50.50.49.0.18.3.3.3.3.50.14.50.3.3.44.50.50.0.3.3.50.50.50.50.50.50.20.0.3.50.3.50.36.50.3.27.50.50.50.14.3.50.xover.mutate.done 50
 29314835 iters     681335 iter/sec (43.03 s)
 total time: 43.03
