52 52 50 50 50 50 50 50 50 50 50 50 50 34 8 2 2 2 2 2 2 2 2 2 2 2 2 2 2 2 2 2 2 2 2 2 2 2 2 2 2 2 0 0 0 0 0 0 0 0 
57 53 53 53 53 53 50 50 50 50 50 50 50 50 50 50 50 50 50 50 45 30 30 24 22 11 10 10 3 3 3 3 3 3 3 3 3 3 3 3 3 3 3 3 3 3 3 0 0 0 
55 52 52 52 52 52 52 52 52 52 52 52 52 52 50 50 50 50 50 50 50 50 50 50 50 50 24 24 13 8 2 2 2 2 2 2 2 2 2 2 2 2 2 2 2 2 0 0 0 0 
51 50 50 50 50 50 50 50 50 50 50 50 50 50 50 50 50 50 50 50 50 50 48 14 9 8 5 5 1 1 1 1 1 1 1 1 1 0 0 0 0 0 0 0 0 0 0 0 0 0 
60 51 51 51 51 51 51 51 51 51 51 51 51 51 51 51 51 51 51 50 50 50 50 50 50 50 50 23 10 7 6 1 1 1 1 1 1 1 1 1 1 1 1 1 1 0 0 0 0 0 
64 50 50 50 50 50 50 50 50 50 50 50 50 50 50 50 50 50 50 50 50 50 50 50 50 50 50 17 15 14 14 12 12 3 3 3 3 3 3 3 3 3 3 3 0 0 0 0 0 0 
60 52 52 52 52 52 52 52 52 52 52 52 52 52 52 52 52 52 52 52 52 52 52 52 52 52 52 52 52 52 50 50 50 50 50 50 46 37 2 2 2 2 2 2 2 2 2 2 2 2 
55 50 50 50 50 50 50 50 50 50 50 50 50 50 50 50 50 50 50 50 50 50 50 50 50 50 50 50 50 50 50 50 50 50 50 18 5 5 5 5 0 0 0 0 0 0 0 0 0 0 
52 51 51 51 51 51 51 51 51 51 51 51 51 51 51 51 51 51 51 51 51 51 51 51 51 50 50 50 50 50 50 50 50 48 17 7 6 2 2 2 2 2 2 2 1 1 1 1 1 1 
56 51 51 51 51 51 51 51 51 51 51 51 51 51 51 51 51 51 51 51 51 51 51 51 51 51 51 50 50 46 37 26 7 6 2 1 1 1 1 1 1 1 1 1 1 1 1 1 0 0 
57 51 51 51 51 51 51 51 51 51 51 51 51 51 51 51 51 51 51 51 51 51 51 51 51 51 51 51 51 50 50 31 20 12 11 8 1 1 1 1 1 1 1 1 1 1 1 1 0 0 
60 53 53 53 53 53 53 53 53 53 53 53 53 53 53 53 53 53 53 53 53 53 53 53 53 53 53 53 53 53 53 50 50 49 49 33 26 24 17 4 3 3 3 3 3 3 3 3 3 0 
62 50 50 50 50 50 50 50 50 50 50 50 50 50 50 50 50 50 50 50 50 50 50 50 50 50 50 50 42 42 40 36 30 19 18 13 9 3 2 1 1 1 1 1 1 1 1 0 0 0 
56 51 51 51 51 51 51 51 51 51 51 51 51 51 51 51 51 51 51 51 51 51 51 50 50 44 42 42 30 26 25 24 18 18 16 16 12 11 7 2 2 2 2 2 2 2 1 1 1 1 
50 50 50 50 50 50 50 50 50 50 50 50 50 50 50 50 50 50 50 50 50 50 50 50 50 50 50 50 50 48 48 41 36 23 21 17 14 12 12 10 4 4 0 0 0 0 0 0 0 0 
51 51 51 51 51 51 51 51 51 51 51 51 51 51 51 51 51 51 51 51 51 51 51 51 51 51 51 51 51 50 33 28 19 17 15 2 1 1 1 1 1 1 1 1 1 1 1 0 0 0 
51 51 51 51 51 51 51 51 51 51 51 51 51 51 51 51 51 51 51 51 51 51 51 51 51 51 51 51 51 51 51 51 51 45 21 8 3 2 2 2 2 2 2 2 2 1 1 1 1 1 
51 51 51 51 51 51 51 51 51 51 51 51 51 51 51 51 51 51 51 51 51 51 51 51 51 51 51 51 51 51 34 26 22 15 10 2 2 2 2 2 2 2 2 2 2 2 2 2 2 1 
51 51 51 51 51 51 51 51 51 51 51 51 51 51 51 51 51 51 51 51 51 51 51 51 51 51 51 51 51 51 50 50 49 48 21 12 10 4 1 1 1 1 1 1 1 1 1 1 0 0 
51 51 51 51 51 51 51 51 51 51 51 51 51 51 51 51 51 51 51 51 51 51 51 51 51 51 51 50 47 41 39 22 11 10 2 2 2 2 2 2 2 2 2 2 2 2 1 1 1 1 
51 51 51 51 51 51 51 51 51 51 51 51 51 51 51 51 51 51 51 51 51 51 51 51 51 51 51 51 51 51 49 31 25 25 17 9 7 3 2 2 2 2 2 2 2 2 2 2 2 2 
50 50 50 50 50 50 50 50 50 50 50 50 50 50 50 50 50 50 50 50 50 50 50 50 50 50 50 50 50 47 40 34 34 29 29 20 17 16 14 13 0 0 0 0 0 0 0 0 0 0 
51 51 51 51 51 51 51 51 51 51 51 51 51 51 51 51 51 51 51 51 51 51 51 51 51 51 51 50 50 48 48 34 30 23 18 14 12 1 1 1 1 1 1 1 1 1 1 1 1 0 
50 50 50 50 50 50 50 50 50 50 50 50 50 50 50 50 50 50 50 50 50 50 50 50 50 50 50 50 50 50 50 50 50 50 50 45 10 10 10 9 7 7 0 0 0 0 0 0 0 0 
52 52 52 52 52 52 52 52 52 52 52 52 52 52 52 52 52 52 52 52 52 52 52 52 52 52 52 52 52 52 43 41 23 16 14 13 11 8 3 2 2 2 2 2 2 2 2 2 2 2 
51 51 51 51 51 51 51 51 51 51 51 51 51 51 51 51 51 51 51 51 51 51 51 51 51 51 51 51 51 51 51 49 49 48 35 33 33 15 8 8 4 1 1 1 1 1 1 1 1 1 
51 51 51 51 51 51 51 51 51 51 51 51 51 51 51 51 51 51 51 51 51 51 51 51 51 51 51 51 51 51 51 51 51 46 38 27 26 18 17 2 2 2 2 2 2 2 2 2 2 2 
51 51 51 51 51 51 51 51 51 51 51 51 51 51 51 51 51 51 51 51 51 51 51 50 50 49 13 11 8 7 4 1 1 1 1 1 1 1 1 1 1 1 1 1 1 1 1 1 1 1 
50 50 50 50 50 50 50 50 50 50 50 50 50 50 50 50 50 50 50 50 50 50 50 50 50 50 50 50 50 50 50 47 41 28 23 14 12 12 11 10 9 2 2 2 2 2 2 2 2 0 
51 51 51 51 51 51 51 51 51 51 51 51 51 51 51 51 51 51 51 51 51 51 51 51 51 51 51 51 50 50 50 50 32 20 15 14 10 9 3 3 3 3 3 3 3 3 3 3 3 3 
50 50 50 50 50 50 50 50 50 50 50 50 50 50 50 50 50 50 50 50 50 50 50 50 50 50 50 50 50 50 50 50 50 50 50 50 30 12 8 7 6 6 5 0 0 0 0 0 0 0 
53 53 53 53 53 53 53 53 53 53 53 53 53 53 53 53 53 53 53 53 53 53 53 53 53 53 53 28 15 3 3 3 3 3 3 3 3 3 3 3 3 3 3 3 3 3 3 3 3 0 
52 52 52 52 52 52 52 52 52 52 52 52 52 52 52 52 52 52 52 52 52 52 52 52 52 52 52 52 52 52 52 50 31 30 17 16 13 11 2 2 2 2 2 2 2 2 2 2 2 2 
52 52 52 52 52 52 52 52 52 52 52 52 52 52 52 52 52 52 52 52 52 52 52 52 52 52 52 52 52 52 52 50 50 50 50 47 38 36 33 31 29 24 20 14 10 4 4 4 4 2 
50 50 50 50 50 50 50 50 50 50 50 50 50 50 50 50 50 50 50 50 50 50 50 50 50 50 50 50 50 50 50 50 50 50 23 16 15 14 0 0 0 0 0 0 0 0 0 0 0 0 
50 50 50 50 50 50 50 50 50 50 50 50 50 50 50 50 50 50 50 50 50 50 50 50 50 50 50 50 50 48 39 15 12 12 11 1 1 1 1 1 1 1 1 1 1 1 1 1 1 0 
53 53 53 53 53 53 53 53 53 53 53 53 53 53 53 53 53 53 53 53 53 53 53 50 50 15 15 12 9 3 3 3 3 3 3 3 3 3 3 3 3 3 3 3 3 3 3 3 3 3 
53 53 53 53 53 53 53 53 53 53 53 53 53 53 53 53 53 53 53 53 53 53 53 53 53 53 53 52 45 45 44 25 17 14 8 7 6 3 3 3 3 3 3 3 3 3 3 3 3 3 
51 51 51 51 51 51 51 51 51 51 51 51 51 51 51 51 51 51 51 51 51 51 51 51 51 51 51 49 48 48 31 22 20 16 15 14 11 2 2 2 2 2 2 2 2 2 2 2 2 1 
51 50 50 50 50 50 50 50 50 50 50 50 50 50 50 50 50 50 50 50 50 50 50 50 50 50 50 50 50 50 50 50 50 50 23 13 11 9 1 1 0 0 0 0 0 0 0 0 0 0 
53 51 51 51 51 51 51 51 51 51 51 51 51 51 51 51 51 51 51 51 51 51 51 51 51 51 51 51 51 51 51 51 50 50 50 37 24 15 14 12 7 6 4 4 2 2 2 2 2 2 
57 51 51 51 51 51 51 51 51 51 51 51 51 51 51 51 51 51 51 51 51 51 51 51 51 51 51 51 51 51 51 51 51 51 51 51 40 39 25 15 14 14 14 9 2 2 2 2 2 1 
54 51 51 51 51 51 51 51 51 51 51 51 51 51 51 51 51 51 51 51 51 51 51 51 51 51 51 51 51 51 51 51 51 51 51 51 48 46 46 27 25 20 17 14 8 3 3 3 1 1 
53 51 51 51 51 51 51 51 51 51 51 51 51 51 51 51 51 51 51 51 51 51 51 51 51 51 51 51 50 43 36 32 19 14 10 9 9 8 7 3 1 1 1 1 1 1 1 1 1 1 
53 50 50 50 50 50 50 50 50 50 50 50 50 50 50 50 50 50 50 50 50 50 50 50 50 50 50 50 41 35 33 29 11 11 11 11 9 6 3 2 2 1 0 0 0 0 0 0 0 0 
54 54 52 51 51 51 51 51 51 51 51 51 51 51 51 51 51 51 51 51 51 51 51 51 51 51 51 51 51 51 51 51 51 50 43 39 16 13 12 10 7 2 2 2 2 2 2 2 2 1 
53 53 53 50 50 50 50 50 50 50 50 50 50 50 50 50 50 50 50 50 50 50 50 50 50 50 50 50 50 50 50 47 39 39 39 31 24 19 17 15 4 3 0 0 0 0 0 0 0 0 
58 58 58 56 56 51 50 50 50 50 50 50 50 50 50 50 50 50 50 50 50 50 50 50 50 50 50 50 50 50 50 50 50 50 50 50 50 49 41 29 10 7 1 1 1 1 1 1 1 1 
51 51 51 50 50 50 50 50 50 50 50 50 50 50 50 50 50 50 50 50 50 50 50 50 50 50 50 50 50 50 49 48 46 45 44 43 38 38 34 13 11 8 3 1 0 0 0 0 0 0 
57 57 57 57 57 57 53 53 53 53 53 53 53 53 53 53 53 53 53 53 53 53 53 53 53 53 53 50 50 50 49 48 47 47 43 41 34 29 27 27 25 20 20 16 15 7 7 3 3 3 
