0.6875 0.625 0.9140625 0.3515625 0.46875 0.390625 0.2109375 0.03125 0.6484375 0.0859375 
0.03125 0.8125 0.109375 0.9375 0.0546875 0.0859375 0.1015625 0.0078125 0.9921875 0.0 
0.4609375 0.6640625 0.7578125 0.03125 0.8125 0.109375 0.9375 0.0546875 0.0859375 0.1015625 
0.6328125 0.6640625 0.4609375 0.2578125 0.25 0.265625 0.7578125 0.03125 0.8125 0.109375 
0.6640625 0.6328125 0.4609375 0.2578125 0.25 0.265625 0.21875 0.28125 0.296875 0.7578125 
0.6328125 0.4609375 0.6640625 0.2578125 0.25 0.265625 0.21875 0.28125 0.296875 0.7578125 
0.4609375 0.6640625 0.6328125 0.7578125 0.6875 0.4609375 0.2578125 0.25 0.265625 0.21875 
0.6328125 0.6640625 0.4609375 0.3203125 0.7578125 0.6875 0.8671875 0.2578125 0.25 0.265625 
0.6640625 0.6328125 0.4609375 0.3203125 0.2578125 0.25 0.265625 0.296875 0.3203125 0.2421875 
0.6640625 0.6328125 0.4609375 0.3203125 0.34375 0.2578125 0.25 0.265625 0.296875 0.3203125 
0.6640625 0.6328125 0.4609375 0.3203125 0.34375 0.2578125 0.25 0.265625 0.296875 0.3203125 
0.6328125 0.6640625 0.4609375 0.3203125 0.34375 0.2578125 0.25 0.265625 0.296875 0.3203125 
0.6640625 0.4609375 0.6328125 0.3203125 0.34375 0.3515625 0.34375 0.2578125 0.25 0.265625 
0.6640625 0.4609375 0.6328125 0.3203125 0.34375 0.3515625 0.34375 0.2578125 0.25 0.265625 
0.4609375 0.6328125 0.6640625 0.3203125 0.34375 0.3515625 0.34375 0.34375 0.359375 0.2578125 
0.6640625 0.6328125 0.4609375 0.3515625 0.34375 0.3203125 0.34375 0.34375 0.359375 0.2578125 
0.6640625 0.6328125 0.3515625 0.34375 0.3203125 0.34375 0.34375 0.375 0.359375 0.4609375 
0.6640625 0.6328125 0.4609375 0.3515625 0.34375 0.3203125 0.34375 0.34375 0.375 0.3515625 
0.6328125 0.6640625 0.3515625 0.34375 0.375 0.3515625 0.3203125 0.34375 0.34375 0.3828125 
0.6640625 0.6328125 0.3515625 0.34375 0.375 0.3515625 0.375 0.3203125 0.34375 0.34375 
0.6328125 0.6640625 0.3515625 0.34375 0.375 0.3515625 0.375 0.3203125 0.34375 0.34375 
0.6640625 0.6328125 0.3515625 0.3515625 0.34375 0.375 0.3515625 0.375 0.3515625 0.359375 
0.6328125 0.6640625 0.3515625 0.3515625 0.34375 0.375 0.3515625 0.375 0.3515625 0.359375 
0.6640625 0.6328125 0.40625 0.3515625 0.3515625 0.34375 0.375 0.3515625 0.375 0.3515625 
0.4296875 0.6328125 0.6640625 0.40625 0.3515625 0.359375 0.3515625 0.3515625 0.34375 0.375 
0.4140625 0.6640625 0.6328125 0.4296875 0.40625 0.4140625 0.3515625 0.359375 0.3515625 0.3515625 
0.4140625 0.390625 0.4296875 0.6640625 0.40625 0.4140625 0.6328125 0.359375 0.375 0.3515625 
0.390625 0.4140625 0.4140625 0.4140625 0.4296875 0.4296875 0.6640625 0.6328125 0.40625 0.4140625 
0.3671875 0.390625 0.6328125 0.6640625 0.4296875 0.4140625 0.4140625 0.4140625 0.484375 0.40625 
0.3671875 0.3984375 0.3984375 0.390625 0.4296875 0.4140625 0.4140625 0.4140625 0.40625 0.421875 
0.3671875 0.40625 0.3984375 0.3984375 0.421875 0.390625 0.453125 0.4140625 0.4140625 0.4140625 
0.3671875 0.40625 0.3984375 0.390625 0.421875 0.3984375 0.390625 0.453125 0.453125 0.453125 
0.3671875 0.390625 0.3984375 0.390625 0.40625 0.421875 0.3984375 0.421875 0.453125 0.453125 
0.3671875 0.421875 0.390625 0.3984375 0.40625 0.421875 0.3984375 0.3984375 0.3984375 0.390625 
0.421875 0.3984375 0.40625 0.3671875 0.3984375 0.3984375 0.390625 0.390625 0.421875 0.421875 
0.421875 0.3984375 0.3671875 0.390625 0.390625 0.3984375 0.3984375 0.40625 0.421875 0.421875 
0.421875 0.3828125 0.390625 0.390625 0.3671875 0.390625 0.390625 0.40625 0.421875 0.3984375 
0.3984375 0.390625 0.421875 0.3828125 0.3984375 0.375 0.390625 0.390625 0.3671875 0.40625 
0.3984375 0.3828125 0.375 0.390625 0.390625 0.3984375 0.40625 0.421875 0.3671875 0.390625 
0.40625 0.375 0.390625 0.390625 0.3984375 0.3984375 0.390625 0.3984375 0.3828125 0.421875 
0.390625 0.390625 0.3984375 0.390625 0.3828125 0.390625 0.3984375 0.40625 0.3984375 0.421875 
0.3984375 0.390625 0.390625 0.3984375 0.390625 0.390625 0.3828125 0.3984375 0.40625 0.421875 
0.3984375 0.390625 0.390625 0.3828125 0.40625 0.390625 0.390625 0.4375 0.3984375 0.3984375 
0.3828125 0.3984375 0.390625 0.390625 0.390625 0.390625 0.3984375 0.421875 0.3984375 0.40625 
0.4140625 0.421875 0.3828125 0.3984375 0.390625 0.390625 0.390625 0.390625 0.3984375 0.40625 
0.4140625 0.421875 0.3828125 0.3984375 0.390625 0.390625 0.390625 0.390625 0.40625 0.3828125 
0.421875 0.421875 0.3984375 0.3828125 0.4140625 0.3828125 0.390625 0.390625 0.390625 0.390625 
0.421875 0.421875 0.4140625 0.3828125 0.390625 0.390625 0.390625 0.390625 0.4140625 0.421875 
0.4140625 0.421875 0.421875 0.421875 0.390625 0.390625 0.4140625 0.3828125 0.390625 0.390625 
0.4140625 0.390625 0.390625 0.421875 0.421875 0.4140625 0.421875 0.421875 0.390625 0.390625 
