0.90625 0.203125 0.578125 0.3046875 0.2265625 0.5 0.7109375 0.5625 0.734375 1.0 
0.1015625 0.0625 1.0 0.015625 0.953125 0.0390625 0.0078125 0.1015625 0.9921875 0.0078125 
0.0859375 0.1015625 0.0625 0.1015625 0.1328125 0.4609375 1.0 0.015625 0.953125 0.0390625 
0.0859375 0.1015625 0.0625 0.1015625 0.1328125 0.4609375 0.203125 0.0625 0.15625 0.203125 
0.6875 0.0859375 0.1015625 0.0625 0.1015625 0.1328125 0.4609375 0.203125 0.0625 0.15625 
0.0859375 0.1015625 0.0625 0.1015625 0.1328125 0.4609375 0.203125 0.0625 0.15625 0.2734375 
0.0859375 0.1015625 0.0625 0.1015625 0.1328125 0.4609375 0.203125 0.0625 0.15625 0.2734375 
0.0859375 0.1015625 0.0625 0.1015625 0.1328125 0.4609375 0.203125 0.0625 0.15625 0.2734375 
0.0859375 0.1015625 0.0625 0.1015625 0.1328125 0.4609375 0.203125 0.0625 0.15625 0.2734375 
0.0859375 0.1015625 0.0625 0.1015625 0.1328125 0.4609375 0.203125 0.0625 0.15625 0.2734375 
0.0859375 0.1015625 0.0625 0.1015625 0.1328125 0.4609375 0.203125 0.0625 0.15625 0.2734375 
0.0859375 0.1015625 0.0625 0.1015625 0.1328125 0.4609375 0.203125 0.0625 0.15625 0.2734375 
0.0859375 0.1015625 0.0625 0.1015625 0.1328125 0.4609375 0.203125 0.0625 0.15625 0.2734375 
0.0859375 0.1015625 0.0625 0.1015625 0.1328125 0.4609375 0.203125 0.0625 0.15625 0.2734375 
0.0859375 0.1015625 0.0625 0.1015625 0.1328125 0.203125 0.0625 0.15625 0.2734375 0.2890625 
0.1015625 0.0625 0.1015625 0.1328125 0.203125 0.0625 0.15625 0.2734375 0.2890625 0.171875 
0.1015625 0.0625 0.1015625 0.1328125 0.203125 0.0625 0.15625 0.2734375 0.2890625 0.171875 
0.1015625 0.0625 0.1015625 0.1328125 0.203125 0.0625 0.15625 0.2734375 0.2890625 0.171875 
0.1015625 0.0625 0.1015625 0.1328125 0.203125 0.0625 0.15625 0.2734375 0.2890625 0.171875 
0.1015625 0.0625 0.1015625 0.1328125 0.203125 0.0625 0.15625 0.2734375 0.2890625 0.171875 
0.1015625 0.0625 0.1015625 0.1328125 0.203125 0.0625 0.15625 0.2734375 0.2890625 0.171875 
0.1015625 0.0625 0.1015625 0.1328125 0.203125 0.0625 0.15625 0.2734375 0.2890625 0.171875 
0.1015625 0.0625 0.1015625 0.1328125 0.203125 0.0625 0.15625 0.2734375 0.2890625 0.171875 
0.1015625 0.0625 0.1015625 0.1328125 0.203125 0.0625 0.15625 0.2734375 0.2890625 0.171875 
0.1015625 0.0625 0.1015625 0.1328125 0.203125 0.0625 0.15625 0.2734375 0.2890625 0.171875 
0.1015625 0.0625 0.1015625 0.1328125 0.203125 0.0625 0.15625 0.2734375 0.2890625 0.171875 
0.1015625 0.0625 0.1015625 0.1328125 0.203125 0.0625 0.15625 0.2734375 0.2890625 0.171875 
0.1015625 0.0625 0.1015625 0.1328125 0.203125 0.0625 0.15625 0.2734375 0.2890625 0.171875 
0.1015625 0.0625 0.1015625 0.1328125 0.203125 0.0625 0.15625 0.2734375 0.2890625 0.171875 
0.1015625 0.0625 0.1015625 0.1328125 0.203125 0.0625 0.15625 0.2734375 0.2890625 0.171875 
0.1015625 0.0625 0.1015625 0.1328125 0.203125 0.0625 0.15625 0.2734375 0.2890625 0.171875 
0.1015625 0.0625 0.1015625 0.1328125 0.203125 0.0625 0.15625 0.2734375 0.2890625 0.171875 
0.1015625 0.0625 0.1015625 0.1328125 0.203125 0.0625 0.15625 0.2734375 0.2890625 0.171875 
0.1015625 0.0625 0.1015625 0.1328125 0.203125 0.0625 0.15625 0.2734375 0.2890625 0.171875 
0.1015625 0.0625 0.1015625 0.1328125 0.203125 0.0625 0.15625 0.2734375 0.2890625 0.171875 
0.1015625 0.0625 0.1015625 0.1328125 0.203125 0.0625 0.15625 0.2734375 0.2890625 0.171875 
0.1015625 0.0625 0.1015625 0.1328125 0.203125 0.0625 0.15625 0.2734375 0.2890625 0.171875 
0.1015625 0.0625 0.1015625 0.1328125 0.203125 0.0625 0.15625 0.2734375 0.2890625 0.171875 
0.1015625 0.0625 0.1015625 0.1328125 0.203125 0.0625 0.15625 0.2734375 0.2890625 0.171875 
0.1015625 0.0625 0.1015625 0.1328125 0.203125 0.0625 0.15625 0.2734375 0.2890625 0.171875 
0.3125 0.1015625 0.0625 0.1015625 0.1328125 0.203125 0.0625 0.15625 0.2734375 0.2890625 
0.3125 0.1015625 0.0625 0.1015625 0.1328125 0.203125 0.0625 0.15625 0.2734375 0.2890625 
0.3125 0.1015625 0.0625 0.1015625 0.1328125 0.203125 0.0625 0.15625 0.2734375 0.2890625 
0.3125 0.1015625 0.0625 0.1015625 0.1328125 0.203125 0.0625 0.15625 0.2734375 0.2890625 
0.3125 0.1015625 0.0625 0.1015625 0.1328125 0.203125 0.0625 0.15625 0.2734375 0.2890625 
0.3125 0.1015625 0.0625 0.1015625 0.1328125 0.203125 0.0625 0.15625 0.2734375 0.2890625 
0.3125 0.3046875 0.3125 0.1015625 0.0625 0.1015625 0.1328125 0.203125 0.0625 0.15625 
0.3125 0.3046875 0.3046875 0.1015625 0.0625 0.1015625 0.1328125 0.203125 0.0625 0.15625 
0.3125 0.3046875 0.3046875 0.28125 0.3359375 0.328125 0.1015625 0.0625 0.1015625 0.1328125 
0.3125 0.3046875 0.3046875 0.28125 0.3359375 0.1015625 0.0625 0.1015625 0.1328125 0.2421875 
