% Ministry of Cellular Automata
% Project Deux (CS523 Spring 2015)
% Version:v0.1-66-g3e0f-dirty
%  pop:50
%  ic count:100
%  CA Log option:r3/run02
%  width:121
%  max workers:4
%  radius:3
%  iterations:300
%  generations:50

 generation 0.50.1.0.0.1.50.1.50.0.0.50.1.1.50.1.1.0.1.1.1.0.1.1.1.32.50.1.35.1.1.12.50.1.1.50.0.0.0.0.1.1.1.1.0.1.50.1.1.1.1.xover.mutate.done 50
 generation 1.50.50.50.50.50.50.50.50.50.43.0.2.0.0.50.0.0.0.0.35.0.0.0.0.0.42.0.3.0.0.0.0.8.50.0.0.4.50.0.37.0.0.0.50.0.0.0.0.27.49.xover.mutate.done 50
 generation 2.50.50.50.50.50.50.50.50.50.50.0.50.50.0.0.0.19.9.0.50.0.0.4.15.8.50.11.0.50.50.0.50.8.0.50.0.0.0.0.50.40.0.0.0.0.50.0.0.50.0.xover.mutate.done 50
 generation 3.50.50.50.50.50.50.50.50.50.50.50.11.50.0.0.24.0.3.50.0.0.50.50.24.0.0.5.50.0.3.20.10.4.50.50.50.50.0.0.50.0.0.4.0.0.0.46.50.50.0.xover.mutate.done 50
 generation 4.50.50.50.50.50.50.50.50.50.50.50.50.0.0.0.50.77.50.0.0.36.0.0.0.12.0.50.0.50.0.50.0.31.0.50.50.50.50.50.0.0.50.50.27.0.6.50.0.0.0.xover.mutate.done 50
 generation 5.79.50.50.50.50.50.50.50.50.50.50.52.2.50.50.2.50.2.50.0.0.0.0.50.13.13.5.28.50.2.0.2.2.2.25.50.2.49.50.2.50.0.0.0.50.0.49.0.0.2.xover.mutate.done 50
 generation 6.73.50.50.50.50.50.50.50.50.50.1.1.1.16.1.1.1.0.1.51.50.11.1.1.50.44.5.1.50.50.1.50.0.50.1.1.50.1.0.35.1.1.72.51.3.1.7.18.1.1.xover.mutate.done 50
 generation 7.74.77.52.52.52.50.50.50.50.50.11.50.4.5.50.2.50.50.50.50.5.2.4.28.2.4.6.4.50.18.50.2.50.4.2.2.4.12.2.50.4.4.12.52.2.2.50.47.4.4.xover.mutate.done 50
 generation 8.84.77.51.51.51.51.50.50.50.50.50.51.50.38.35.7.7.50.50.14.50.50.50.2.50.7.2.44.2.50.50.18.8.18.15.2.1.50.25.1.7.1.51.50.4.51.51.1.7.2.xover.mutate.done 50
 generation 9.80.71.51.51.54.54.54.54.54.54.50.50.1.54.14.4.5.1.44.32.50.9.54.1.5.5.23.5.50.51.54.5.44.50.50.50.10.16.16.1.50.50.4.54.1.5.54.50.72.14.xover.mutate.done 50
 generation 10.76.69.69.51.51.51.51.51.51.51.1.50.1.1.51.3.1.3.50.2.51.50.3.3.9.51.1.6.26.51.15.51.3.51.2.3.50.59.1.3.1.3.3.51.51.50.50.2.1.50.xover.mutate.done 50
 generation 11.88.81.79.54.50.50.50.50.50.50.39.0.0.50.5.46.50.50.0.0.0.0.50.25.50.50.0.0.0.0.17.0.0.36.50.50.50.0.50.50.0.0.4.0.1.0.0.0.0.11.xover.mutate.done 50
 generation 12.82.77.78.56.50.50.50.50.50.50.0.0.0.0.0.17.16.19.0.0.0.0.50.0.3.11.0.50.50.0.0.50.0.50.0.50.29.0.50.0.0.50.0.50.0.50.50.0.0.50.xover.mutate.done 50
 generation 13.76.72.72.61.51.51.51.51.51.51.3.2.1.1.1.18.2.2.2.2.2.3.50.50.2.11.1.19.3.1.51.1.51.1.59.3.2.51.3.3.24.43.51.1.3.51.51.12.1.3.xover.mutate.done 50
 generation 14.81.77.76.54.53.50.50.50.50.50.0.50.40.0.18.13.0.18.0.16.0.0.54.0.4.0.50.0.0.5.0.6.50.18.0.0.9.13.0.4.0.75.0.0.5.0.29.4.0.0.xover.mutate.done 50
 generation 15.76.75.75.76.54.54.52.51.51.51.7.1.5.50.1.1.1.50.1.1.1.1.1.1.1.51.21.1.42.1.1.1.1.39.1.37.15.13.1.15.18.1.23.0.13.48.50.75.36.50.xover.mutate.done 50
 generation 16.86.80.81.81.81.59.56.59.50.50.0.0.16.6.0.0.10.0.0.0.0.0.50.0.48.50.0.50.34.0.8.0.0.0.0.0.9.0.0.0.0.0.0.0.0.19.20.20.46.15.xover.mutate.done 50
 generation 17.82.82.81.81.84.59.58.58.51.51.8.50.1.50.2.1.2.1.1.1.1.2.7.1.50.27.50.2.50.2.50.30.2.2.1.2.2.2.7.61.1.51.2.51.2.2.30.24.81.58.xover.mutate.done 50
 generation 18.75.79.78.76.76.76.53.57.56.56.1.0.0.50.0.17.15.1.50.25.1.0.1.50.56.1.1.50.1.21.1.0.1.50.1.1.56.51.1.56.0.50.6.0.1.1.1.22.50.51.xover.mutate.done 50
 generation 19.75.73.72.72.72.76.55.52.52.52.50.1.8.52.54.0.0.1.50.0.0.0.72.0.52.50.50.50.50.18.50.20.0.50.50.0.50.0.50.50.52.5.0.50.8.50.41.1.50.50.xover.mutate.done 50
 generation 20.76.85.79.81.81.81.81.55.55.55.50.50.50.50.2.5.5.55.0.2.0.50.2.50.49.0.24.2.2.18.7.2.50.50.50.49.7.2.0.50.50.18.2.50.2.10.43.32.5.50.xover.mutate.done 50
 generation 21.81.81.81.81.81.81.79.54.52.52.11.81.0.45.50.0.0.1.0.82.2.0.0.0.44.2.0.46.0.11.50.24.50.0.81.0.50.42.54.0.0.0.0.0.50.2.27.0.0.32.xover.mutate.done 50
 generation 22.72.74.74.74.74.74.79.77.74.74.3.50.10.50.8.7.6.24.12.50.74.3.1.23.1.2.3.1.50.12.50.19.19.19.52.3.2.21.8.2.1.2.55.3.3.3.10.3.34.1.xover.mutate.done 50
 generation 23.68.66.70.66.66.66.66.66.66.67.1.1.30.60.1.1.1.1.19.1.1.1.1.0.1.1.15.10.11.10.1.50.1.9.1.0.0.1.11.1.0.1.0.0.27.65.62.16.1.1.xover.mutate.done 50
 generation 24.84.85.84.83.84.84.84.84.84.76.10.2.1.25.4.2.84.4.55.2.81.1.1.4.1.2.2.4.2.85.1.1.1.2.2.5.1.2.2.28.2.2.42.26.2.2.29.2.1.2.xover.mutate.done 50
 generation 25.79.78.85.79.79.79.79.79.79.78.1.1.7.7.1.1.1.79.7.1.7.0.1.1.49.1.43.79.13.1.7.1.1.7.79.7.10.1.1.1.1.19.1.9.1.1.1.1.74.25.xover.mutate.done 50
 generation 26.79.77.79.76.76.76.76.76.84.76.3.15.69.3.11.81.28.3.3.3.3.81.1.43.76.10.3.8.3.76.3.8.76.3.11.3.34.76.34.3.3.11.3.3.3.51.28.2.3.3.xover.mutate.done 50
 generation 27.74.68.72.83.69.72.73.73.73.73.29.10.39.15.8.48.10.5.17.24.68.8.20.75.8.15.18.1.5.64.9.39.5.9.74.5.22.57.9.10.34.9.5.5.45.5.10.5.41.5.xover.mutate.done 50
 generation 28.83.83.84.81.79.79.79.79.82.81.2.31.21.2.7.12.24.2.8.2.81.2.64.35.6.9.2.2.2.27.2.2.2.2.64.2.2.2.2.2.46.1.2.2.2.2.2.2.2.26.xover.mutate.done 50
 generation 29.73.78.73.72.78.73.77.74.74.74.5.2.5.22.2.5.2.5.2.2.33.2.14.2.68.1.1.33.11.2.5.5.2.1.5.2.2.1.5.2.64.2.2.2.2.2.2.2.44.2.xover.mutate.done 50
 generation 30.78.80.81.71.71.71.76.73.73.74.19.4.4.8.51.4.4.2.4.24.4.4.4.33.71.26.7.10.4.4.4.9.32.9.4.4.7.4.63.29.21.4.70.7.4.29.10.8.8.4.xover.mutate.done 50
 generation 31.79.79.79.82.80.78.76.78.78.78.0.0.4.13.66.36.4.4.36.16.0.0.77.0.0.42.0.0.57.0.5.0.0.28.0.0.4.0.0.0.32.0.0.0.0.0.0.0.4.4.xover.mutate.done 50
 generation 32.70.67.76.78.84.80.75.75.75.76.3.3.5.6.1.3.5.3.13.3.68.3.52.47.3.12.3.76.71.3.10.3.3.68.76.3.12.28.3.3.9.59.3.3.6.3.3.5.4.3.xover.mutate.done 50
 generation 33.83.74.81.82.81.82.80.78.78.78.14.2.2.75.2.2.9.2.16.2.21.2.2.2.2.75.6.61.9.2.2.5.1.1.32.2.2.63.2.2.2.18.2.20.2.3.4.72.5.2.xover.mutate.done 50
 generation 34.80.81.81.79.79.81.79.79.79.81.8.59.57.8.7.5.75.47.5.37.5.5.48.8.15.8.27.17.5.8.48.5.37.5.7.40.17.5.10.5.5.5.50.9.23.5.48.58.5.1.xover.mutate.done 50
 generation 35.79.82.78.75.81.79.78.79.79.79.7.56.60.5.39.6.20.75.6.21.17.78.1.1.1.78.5.1.75.1.5.1.1.26.1.7.5.84.38.5.84.68.1.65.14.1.1.5.6.1.xover.mutate.done 50
 generation 36.83.85.83.81.84.83.79.79.79.88.76.1.38.9.1.2.86.1.6.77.1.1.1.39.21.57.1.77.1.2.2.1.1.12.11.1.62.57.52.2.84.10.1.1.2.85.84.27.1.58.xover.mutate.done 50
 generation 37.81.80.85.89.84.83.86.83.86.83.2.4.27.2.3.2.2.10.3.9.8.61.4.75.3.3.2.5.10.2.25.42.2.3.3.4.4.2.64.83.2.24.2.41.3.69.2.1.2.4.xover.mutate.done 50
 generation 38.85.79.80.78.79.77.76.77.75.82.2.9.11.6.2.79.2.2.12.0.2.39.2.68.0.20.5.2.2.6.74.6.45.2.2.6.2.2.10.8.74.2.2.5.80.48.2.6.2.2.xover.mutate.done 50
 generation 39.83.78.83.77.79.79.78.84.75.79.2.5.2.5.2.16.2.2.2.5.7.7.5.22.6.0.10.2.29.2.75.2.67.2.2.2.81.2.2.2.2.37.50.5.2.0.2.5.13.2.xover.mutate.done 50
 generation 40.81.88.88.85.83.84.82.77.87.86.7.2.2.2.0.7.12.2.2.0.37.0.48.2.7.8.2.18.2.74.33.82.7.43.2.8.2.7.29.15.7.2.17.2.7.8.8.2.2.2.xover.mutate.done 50
 generation 41.78.79.75.83.72.76.70.77.78.80.53.76.6.44.27.67.6.7.1.1.4.26.31.18.51.76.6.78.1.6.6.4.67.1.4.66.1.68.1.1.7.2.71.1.1.1.1.1.1.78.xover.mutate.done 50
 generation 42.79.78.79.82.72.83.72.80.83.75.1.1.5.5.5.1.1.9.9.5.5.1.1.5.1.1.1.68.26.1.1.1.1.1.1.5.75.37.5.1.5.44.1.61.58.5.39.1.35.1.xover.mutate.done 50
 generation 43.73.74.74.77.77.77.75.71.63.61.24.0.14.0.0.30.41.9.0.24.0.66.56.5.0.35.0.0.0.0.3.0.3.12.2.0.37.0.3.0.3.0.12.29.71.0.3.0.0.43.xover.mutate.done 50
 generation 44.85.84.84.82.85.88.86.82.85.70.5.7.5.10.5.5.5.5.7.28.67.7.50.5.7.80.49.5.5.5.6.25.5.7.20.5.5.59.43.5.5.5.5.5.7.20.7.17.44.5.xover.mutate.done 50
 generation 45.87.77.83.83.71.88.80.81.76.79.1.3.1.1.4.2.1.8.83.2.2.72.22.31.2.2.3.3.69.18.3.2.72.2.2.7.2.2.1.8.1.2.2.2.3.2.1.2.66.3.xover.mutate.done 50
 generation 46.74.77.75.78.72.75.78.72.69.70.3.77.6.16.4.6.3.17.69.6.3.4.4.6.61.59.4.4.9.6.4.54.4.11.41.4.42.4.65.70.1.61.19.71.3.4.4.4.6.4.xover.mutate.done 50
 generation 47.81.85.85.79.81.84.81.77.82.75.12.0.75.46.0.0.79.7.0.56.0.0.0.22.54.23.62.10.71.19.25.0.18.73.8.74.78.0.0.10.10.13.0.21.0.0.0.84.37.33.xover.mutate.done 50
 generation 48.81.82.81.85.77.83.82.81.74.74.69.1.1.1.1.1.54.8.7.1.6.53.5.7.61.6.8.1.6.1.61.6.78.71.53.0.6.8.1.1.1.1.6.1.77.6.1.1.1.1.xover.mutate.done 50
 generation 49.72.79.81.80.83.80.79.72.71.74.5.0.5.16.0.49.6.75.0.0.6.0.8.0.0.5.48.5.6.0.0.0.8.5.0.55.0.5.5.5.31.0.6.5.5.5.44.0.0.0.xover.mutate.done 50
 61617237 iters     728183 iter/sec (84.62 s)
 total time: 84.62
