0.1015625 0.703125 0.8203125 0.640625 0.2578125 0.1484375 0.8203125 1.0 0.5390625 0.8125 
0.1015625 0.1484375 1.0 0.0859375 0.0390625 0.9296875 0.109375 0.0625 0.015625 0.78125 
0.1015625 0.1484375 1.0 0.0859375 0.0390625 0.9296875 0.109375 0.0625 0.015625 0.9921875 
0.1015625 0.1484375 1.0 0.0859375 0.0390625 0.9296875 0.109375 0.0625 0.015625 0.9921875 
0.1015625 0.1484375 1.0 0.0859375 0.0390625 0.9296875 0.109375 0.0625 0.015625 0.9921875 
0.796875 0.1015625 0.1484375 1.0 0.0859375 0.0390625 0.9296875 0.109375 0.0625 0.015625 
0.796875 0.3984375 0.1015625 0.1484375 1.0 0.0859375 0.0390625 0.9296875 0.109375 0.0625 
0.796875 0.546875 0.5390625 0.8046875 0.3984375 0.1015625 0.1484375 1.0 0.0859375 0.0390625 
0.546875 0.796875 0.5390625 0.8046875 0.3984375 0.1484375 0.1015625 0.1484375 1.0 0.0859375 
0.546875 0.796875 0.5390625 0.8046875 0.3984375 0.1484375 0.2734375 0.2421875 0.21875 0.4453125 
0.546875 0.7578125 0.796875 0.3984375 0.1484375 0.2734375 0.2421875 0.21875 0.4453125 0.203125 
0.546875 0.7578125 0.796875 0.7109375 0.3984375 0.1484375 0.2734375 0.2421875 0.21875 0.4453125 
0.546875 0.7578125 0.796875 0.7109375 0.3984375 0.1484375 0.2734375 0.2421875 0.21875 0.4453125 
0.546875 0.796875 0.7578125 0.7109375 0.3984375 0.1484375 0.2734375 0.2421875 0.21875 0.4453125 
0.546875 0.796875 0.7578125 0.7109375 0.6640625 0.3984375 0.1484375 0.2734375 0.2421875 0.21875 
0.546875 0.796875 0.7578125 0.7421875 0.7109375 0.6796875 0.6640625 0.3984375 0.1484375 0.2734375 
0.546875 0.7421875 0.796875 0.7578125 0.7578125 0.7109375 0.6796875 0.6640625 0.3984375 0.1484375 
0.546875 0.796875 0.7578125 0.7578125 0.7421875 0.7109375 0.6640625 0.6796875 0.3984375 0.1484375 
0.7421875 0.546875 0.796875 0.7578125 0.7578125 0.7578125 0.4765625 0.7109375 0.6640625 0.6796875 
0.546875 0.796875 0.7578125 0.7578125 0.7578125 0.7421875 0.7109375 0.6640625 0.6796875 0.640625 
0.7421875 0.546875 0.796875 0.7578125 0.7578125 0.7578125 0.7578125 0.7109375 0.671875 0.6640625 
0.546875 0.7578125 0.7578125 0.7578125 0.7578125 0.796875 0.7421875 0.7109375 0.671875 0.6640625 
0.75 0.546875 0.7578125 0.7578125 0.7578125 0.7578125 0.796875 0.765625 0.7578125 0.7421875 
0.796875 0.765625 0.546875 0.7578125 0.7578125 0.7578125 0.7578125 0.7578125 0.7421875 0.7265625 
0.546875 0.796875 0.7265625 0.765625 0.7578125 0.7578125 0.7578125 0.7578125 0.7578125 0.7421875 
0.796875 0.765625 0.546875 0.7265625 0.7578125 0.7578125 0.7578125 0.7578125 0.7578125 0.75 
0.546875 0.796875 0.7265625 0.7578125 0.7578125 0.7578125 0.7578125 0.7578125 0.734375 0.7578125 
0.734375 0.7421875 0.7265625 0.546875 0.7265625 0.796875 0.7578125 0.7578125 0.7578125 0.7578125 
0.546875 0.75 0.734375 0.75 0.7578125 0.7578125 0.7578125 0.7578125 0.7265625 0.796875 
0.734375 0.546875 0.75 0.7265625 0.75 0.796875 0.75 0.7578125 0.7578125 0.7578125 
0.546875 0.75 0.75 0.7578125 0.7578125 0.7578125 0.734375 0.75 0.796875 0.7265625 
0.75 0.75 0.546875 0.734375 0.7265625 0.75 0.796875 0.7578125 0.7578125 0.7578125 
0.734375 0.7265625 0.75 0.75 0.546875 0.75 0.7578125 0.7578125 0.7578125 0.765625 
0.546875 0.75 0.75 0.75 0.765625 0.7265625 0.71875 0.7578125 0.7578125 0.7578125 
0.546875 0.75 0.7265625 0.75 0.765625 0.71875 0.7578125 0.7578125 0.7578125 0.6328125 
0.75 0.7265625 0.71875 0.6328125 0.546875 0.75 0.765625 0.7578125 0.7578125 0.7578125 
0.703125 0.71875 0.7265625 0.546875 0.75 0.75 0.7578125 0.7578125 0.7578125 0.71875 
0.71875 0.6953125 0.71875 0.71875 0.75 0.609375 0.75 0.703125 0.7265625 0.75 
0.71875 0.75 0.7265625 0.71875 0.75 0.609375 0.703125 0.75 0.703125 0.71875 
0.71875 0.71875 0.7265625 0.71875 0.75 0.75 0.6875 0.71875 0.609375 0.75 
0.71875 0.71875 0.7265625 0.6796875 0.75 0.75 0.75 0.71875 0.6875 0.71875 
0.71875 0.7265625 0.6875 0.71875 0.6796875 0.75 0.75 0.75 0.6953125 0.71875 
0.71875 0.71875 0.7265625 0.71875 0.6953125 0.703125 0.6953125 0.75 0.75 0.703125 
0.703125 0.75 0.71875 0.75 0.71875 0.7265625 0.71875 0.703125 0.75 0.6953125 
0.75 0.71875 0.7265625 0.71875 0.75 0.71875 0.703125 0.703125 0.671875 0.71875 
0.71875 0.703125 0.75 0.75 0.671875 0.71875 0.7265625 0.71875 0.703125 0.7109375 
0.71875 0.71875 0.75 0.75 0.6875 0.71875 0.7265625 0.7109375 0.703125 0.703125 
0.75 0.7265625 0.71875 0.6953125 0.75 0.71875 0.71875 0.6875 0.7109375 0.703125 
0.7265625 0.71875 0.71875 0.671875 0.7109375 0.75 0.75 0.71875 0.6953125 0.6953125 
0.671875 0.75 0.71875 0.75 0.7265625 0.71875 0.71875 0.6953125 0.7109375 0.6953125 
