52 52 50 50 50 50 50 50 50 50 50 50 29 16 3 3 3 3 3 3 3 3 3 3 3 3 3 3 3 3 3 2 2 2 2 2 2 2 2 2 1 1 1 1 1 1 1 1 1 1 
52 52 52 51 51 51 50 50 50 50 50 50 50 50 50 50 50 50 50 50 50 50 50 50 34 15 3 3 3 3 3 3 3 3 3 3 3 3 3 2 2 2 2 2 2 2 2 1 1 1 
51 51 51 51 51 51 51 51 51 50 50 50 50 50 50 50 50 50 50 50 50 50 50 50 50 50 48 44 41 32 31 25 9 5 2 2 2 2 2 2 2 2 1 1 1 1 1 1 1 1 
52 52 52 52 52 52 52 52 52 52 52 51 51 51 51 51 50 50 50 50 50 50 50 49 41 29 28 22 19 17 14 8 3 3 3 3 3 3 3 3 3 3 2 2 2 2 2 2 1 1 
58 52 52 50 50 50 50 50 50 50 50 50 50 50 50 50 50 50 50 50 50 50 50 50 50 50 50 50 30 28 26 23 20 20 14 2 2 2 2 2 2 2 2 2 2 2 0 0 0 0 
53 50 50 50 50 50 50 50 50 50 50 50 50 50 50 50 50 50 50 50 50 50 50 50 50 40 37 18 18 12 9 2 2 0 0 0 0 0 0 0 0 0 0 0 0 0 0 0 0 0 
55 52 52 52 52 52 52 52 52 52 52 52 52 52 52 52 52 51 51 50 50 50 50 37 28 15 3 3 3 3 3 3 3 3 3 3 3 3 3 3 3 3 2 2 2 1 1 1 1 1 
57 53 52 52 51 51 51 51 51 51 51 51 51 51 51 51 51 51 51 51 51 51 51 51 51 51 51 51 51 51 51 50 46 45 25 2 2 2 2 2 2 2 2 2 2 2 2 2 1 1 
79 52 51 50 50 50 50 50 50 50 50 50 50 50 50 50 50 50 50 50 50 50 50 47 47 46 42 37 37 37 30 14 13 11 9 8 3 3 2 2 2 2 2 1 1 1 1 1 1 0 
72 56 56 56 56 52 50 50 50 50 50 50 50 50 50 50 50 50 50 50 50 50 50 50 50 50 50 50 50 50 50 50 50 48 17 13 11 10 8 0 0 0 0 0 0 0 0 0 0 0 
92 84 72 57 53 52 52 52 52 52 52 50 50 50 50 50 50 50 50 50 50 50 50 50 50 50 50 50 50 50 50 50 50 50 50 50 50 49 41 40 26 13 9 4 1 0 0 0 0 0 
95 87 66 66 59 57 57 56 56 56 56 56 56 54 54 50 50 50 50 50 50 50 50 50 50 50 50 50 50 50 50 50 36 31 23 17 15 14 11 8 7 6 6 4 3 3 3 3 3 0 
86 86 80 72 66 66 62 56 56 55 54 54 53 53 53 53 53 53 53 53 50 50 50 50 50 50 50 50 50 50 50 50 50 48 36 29 29 27 26 21 13 10 8 4 3 3 0 0 0 0 
94 94 93 92 92 90 89 81 81 80 78 78 74 68 67 66 66 66 64 63 61 61 58 56 54 54 52 52 52 52 50 50 47 35 19 19 19 18 12 11 11 11 6 6 2 2 2 2 2 2 
96 94 93 92 91 90 89 89 84 84 83 74 74 73 72 70 68 58 56 56 51 50 49 48 47 46 46 41 40 38 37 31 30 27 17 12 12 7 0 0 0 0 0 0 0 0 0 0 0 0 
95 94 94 93 93 92 90 89 86 86 85 85 70 65 65 65 63 63 59 59 59 56 53 51 51 50 49 48 48 48 48 47 36 34 33 28 27 25 20 17 15 15 11 8 4 4 4 4 4 1 
95 95 94 92 92 91 90 90 88 87 84 78 64 62 56 56 55 55 55 54 53 52 52 52 52 52 51 47 43 43 42 42 41 41 36 16 13 8 8 8 6 5 4 3 3 3 3 2 2 1 
93 93 92 92 91 91 89 88 88 85 84 81 73 67 60 59 59 54 53 51 51 51 51 51 48 47 46 44 43 39 38 34 25 20 17 9 5 5 5 3 3 2 2 2 2 2 2 1 1 1 
94 94 93 91 91 91 90 90 89 88 88 87 62 58 58 56 55 53 52 51 50 50 50 50 50 50 50 49 30 29 20 18 18 17 15 13 8 7 5 3 3 3 3 3 3 3 3 2 0 0 
94 93 92 91 91 91 89 89 85 85 82 76 67 56 56 55 55 50 50 50 50 50 50 49 46 46 41 40 35 33 29 28 20 18 14 12 8 6 2 0 0 0 0 0 0 0 0 0 0 0 
96 94 94 94 92 89 89 88 88 86 86 57 56 52 51 51 51 50 50 50 50 50 50 49 49 49 49 48 48 46 42 41 39 39 32 19 11 5 4 3 2 2 1 1 1 1 1 1 1 0 
96 94 94 93 92 91 89 88 87 86 85 83 69 57 55 54 51 51 51 51 51 50 50 48 46 46 44 33 23 19 18 8 6 6 5 5 4 2 2 2 2 2 1 1 1 1 1 1 1 1 
96 95 95 95 94 94 93 93 93 92 91 90 89 66 57 53 53 53 53 53 53 52 52 52 52 52 52 52 50 50 49 48 47 46 43 37 17 9 6 6 5 5 5 5 5 3 3 3 2 2 
93 93 92 92 91 91 91 91 90 89 89 88 88 85 77 54 51 51 51 50 50 50 50 50 50 49 49 48 41 38 28 22 15 6 5 5 4 4 4 2 1 1 1 1 1 1 1 1 1 0 
97 97 97 97 97 95 95 94 94 89 89 68 58 56 55 53 53 53 53 53 53 52 50 50 50 50 50 50 49 43 39 21 20 19 16 14 13 8 8 7 7 7 6 5 3 3 3 3 3 3 
93 91 90 90 90 90 90 90 89 89 89 89 88 87 77 67 65 58 58 56 56 54 53 52 50 50 50 50 49 46 33 32 30 27 24 12 11 11 9 7 7 6 1 0 0 0 0 0 0 0 
97 95 94 94 94 91 91 91 91 90 89 88 87 87 86 85 81 79 78 76 76 75 71 66 65 63 60 60 57 57 53 53 52 52 52 52 50 49 48 27 14 13 9 7 6 5 3 3 3 1 
98 96 96 93 93 92 92 92 92 92 91 91 91 89 88 87 87 82 82 76 74 72 69 68 67 63 62 61 57 56 56 52 52 51 50 49 45 44 41 39 39 30 22 20 18 9 7 3 3 3 
95 94 93 93 93 93 92 92 92 91 91 91 91 89 88 88 87 81 71 66 57 53 53 52 52 52 52 52 51 50 50 50 50 48 48 45 44 39 35 32 32 28 23 22 15 10 7 3 3 3 
95 93 92 92 92 92 92 90 90 89 89 88 84 84 76 73 64 58 57 53 50 50 50 50 50 49 49 46 44 44 43 41 38 37 36 32 25 24 22 21 16 14 10 3 3 0 0 0 0 0 
95 95 94 94 94 91 91 90 90 88 88 88 86 86 76 69 65 63 61 60 59 57 55 55 51 51 51 51 51 51 51 51 51 51 50 50 49 49 46 45 42 37 27 24 12 8 7 7 2 2 
93 93 93 93 92 92 92 91 91 91 91 90 89 87 76 74 73 71 62 53 53 53 52 51 51 51 51 51 51 51 51 51 51 50 50 48 48 47 40 36 34 32 20 19 16 14 9 5 4 4 
96 94 93 92 92 92 92 91 91 88 86 86 83 78 77 75 73 69 69 60 60 50 50 50 50 50 50 50 50 50 50 50 50 49 49 30 22 16 15 14 14 13 9 8 2 0 0 0 0 0 
95 94 94 93 93 93 93 92 92 91 91 91 91 91 89 89 87 87 87 86 86 85 85 82 82 81 81 79 66 58 55 51 50 50 50 50 50 50 49 49 46 46 44 43 30 26 25 1 1 1 
95 94 93 93 92 92 92 92 92 91 90 90 90 89 89 88 88 81 75 65 64 64 58 54 50 50 50 50 50 50 50 50 50 50 50 49 49 49 44 40 40 38 30 18 7 4 0 0 0 0 
95 92 92 92 92 92 91 90 90 89 89 88 87 87 87 76 73 73 65 65 60 59 58 57 57 56 54 51 51 50 50 50 50 50 50 50 49 49 44 42 42 41 38 35 32 19 7 1 1 1 
97 97 96 96 94 93 92 92 92 90 86 83 83 79 71 70 69 67 66 65 64 63 58 56 51 51 51 51 51 51 51 51 50 50 46 36 35 33 31 31 15 7 6 2 2 2 2 2 2 1 
94 93 93 91 91 90 89 88 88 88 87 87 85 82 80 79 73 71 71 70 68 66 59 53 53 51 51 49 48 48 47 47 46 40 29 27 26 23 17 14 13 11 11 10 6 3 2 2 2 2 
94 94 93 92 91 91 90 90 89 89 88 86 86 71 68 65 63 55 53 52 51 51 51 51 50 50 50 50 49 49 49 49 48 46 46 46 46 39 36 35 34 31 26 23 22 20 8 1 1 0 
94 93 91 91 91 90 90 89 89 87 87 85 84 82 81 80 78 73 72 72 64 63 60 59 58 53 53 51 50 50 50 50 49 49 49 49 46 45 42 30 24 23 19 12 11 11 10 5 5 5 
94 93 92 91 91 90 90 90 90 90 90 87 83 77 77 77 71 65 65 63 59 55 51 51 51 50 50 50 50 48 47 44 42 39 39 30 30 24 18 11 11 9 8 7 1 1 1 1 1 1 
94 92 91 90 90 90 87 87 87 86 86 84 78 78 59 55 54 53 53 52 51 51 51 50 49 49 48 48 48 47 47 42 37 33 15 9 7 6 6 4 3 3 3 3 3 3 1 1 1 1 
96 95 94 94 94 94 94 93 91 89 89 89 86 85 85 81 75 74 71 64 61 60 60 53 53 53 53 53 52 51 50 50 48 45 44 38 23 15 9 8 7 6 3 3 3 3 3 3 3 0 
96 95 94 92 91 91 91 90 90 87 80 75 75 73 70 69 69 59 50 50 50 50 50 50 50 49 49 46 45 41 40 40 39 37 22 20 18 9 9 7 6 6 0 0 0 0 0 0 0 0 
98 97 97 97 96 96 95 94 94 94 94 93 91 90 88 88 85 83 81 75 66 64 64 55 53 51 50 50 50 50 50 50 50 50 50 49 47 46 45 37 19 13 11 5 5 1 1 0 0 0 
95 94 94 93 93 93 93 92 92 91 91 91 90 88 88 86 86 80 74 60 59 59 52 52 52 52 51 51 51 51 51 51 50 50 50 49 46 43 38 37 34 21 11 8 3 3 3 3 3 2 
96 95 95 94 94 94 93 93 93 92 91 91 91 83 82 74 72 67 64 62 57 55 54 51 50 50 50 50 50 49 48 43 42 40 38 34 32 23 22 17 7 1 1 1 1 1 1 1 1 0 
94 93 92 91 91 91 90 90 89 89 89 89 88 80 79 76 74 72 72 66 60 60 60 58 52 51 51 51 51 51 50 49 49 48 46 46 45 28 26 20 18 15 13 10 7 1 1 1 1 1 
94 92 91 90 90 90 90 89 89 89 88 88 88 87 87 86 86 84 79 68 66 63 60 60 51 51 50 50 50 50 50 50 47 46 45 44 43 43 38 36 27 26 17 5 2 1 1 1 1 1 
94 94 93 93 93 93 92 90 90 89 89 86 86 86 76 72 69 65 65 64 64 61 59 58 53 53 53 53 53 52 51 50 50 50 50 50 50 50 48 46 38 32 32 24 23 23 23 22 9 3 
