50 50 50 50 50 50 50 50 50 50 50 50 50 28 11 8 4 3 1 1 1 1 1 1 1 1 1 1 1 1 1 1 1 1 1 1 1 1 0 0 0 0 0 0 0 0 0 0 0 0 
50 50 50 50 50 50 50 50 50 50 50 50 50 50 50 50 50 50 50 50 45 31 26 19 17 16 10 5 0 0 0 0 0 0 0 0 0 0 0 0 0 0 0 0 0 0 0 0 0 0 
60 51 51 51 51 51 51 51 51 50 50 50 50 50 50 50 50 50 50 50 50 50 50 50 50 50 50 50 50 33 33 32 21 2 2 2 2 2 2 2 2 2 2 2 2 1 1 1 1 1 
71 64 52 52 52 52 52 52 52 52 52 52 52 51 51 51 51 51 50 50 50 50 50 50 50 50 50 50 44 43 24 16 5 3 3 3 3 3 3 3 3 3 3 2 2 2 1 1 1 1 
67 63 52 52 52 51 51 51 51 51 51 51 51 51 51 51 51 51 51 51 51 51 50 50 42 42 22 14 3 3 3 3 3 3 3 3 3 2 2 2 2 2 2 2 2 2 1 1 1 1 
65 58 52 52 52 52 52 52 52 52 52 52 52 52 52 52 51 51 51 50 50 50 45 42 36 26 3 3 3 3 3 3 3 3 3 3 3 3 3 3 2 2 2 1 1 1 1 1 1 1 
76 63 51 51 51 51 51 51 51 51 51 51 51 51 51 51 51 51 51 51 51 51 51 51 51 51 51 49 49 43 1 1 1 1 1 1 1 1 1 1 1 1 1 1 0 0 0 0 0 0 
72 68 50 50 50 50 50 50 50 50 50 50 50 50 50 50 50 50 50 50 50 50 50 50 50 50 50 50 50 50 49 36 8 1 1 1 1 1 1 1 1 1 1 1 1 1 1 0 0 0 
68 63 50 50 50 50 50 50 50 50 50 50 50 50 50 50 50 50 50 50 50 50 50 50 50 50 50 43 43 32 25 15 1 1 1 1 1 1 1 1 1 1 1 1 1 0 0 0 0 0 
68 60 51 51 51 51 51 51 51 51 51 51 51 51 51 51 51 51 51 51 51 51 51 51 51 51 51 51 51 51 51 51 51 50 47 41 3 3 3 3 3 3 3 3 3 3 3 3 3 1 
66 61 50 50 50 50 50 50 50 50 50 50 50 50 50 50 50 50 50 50 50 50 50 50 50 50 50 50 50 50 50 50 50 50 50 50 50 15 9 1 1 1 1 1 1 1 1 1 1 1 
64 58 50 50 50 50 50 50 50 50 50 50 50 50 50 50 50 50 50 50 50 50 50 50 50 50 50 50 43 42 21 12 10 8 0 0 0 0 0 0 0 0 0 0 0 0 0 0 0 0 
62 59 52 52 52 52 52 52 52 52 52 52 52 52 52 52 52 52 52 52 52 52 50 50 23 22 19 12 11 11 11 10 10 8 7 2 2 2 2 2 2 2 2 2 2 2 2 2 2 0 
70 69 58 52 52 52 52 52 52 52 52 52 52 52 52 52 52 52 52 52 52 52 52 52 52 52 52 52 52 25 20 11 6 2 2 2 2 2 2 2 2 2 2 2 2 2 2 0 0 0 
73 65 58 52 52 52 52 52 52 52 52 52 52 52 52 52 52 52 52 52 52 52 52 52 52 52 47 28 12 11 2 2 2 2 2 2 2 2 2 2 2 2 2 2 2 2 0 0 0 0 
71 65 57 52 52 52 52 52 52 52 52 52 52 52 52 52 52 52 52 52 52 52 52 52 52 50 50 50 34 34 9 9 6 3 3 3 3 3 3 3 3 3 2 2 2 2 2 2 1 1 
68 64 53 51 51 51 51 51 51 51 51 51 51 51 51 51 51 51 51 51 51 51 51 51 51 51 51 51 50 49 46 45 45 18 15 14 12 11 3 3 3 3 3 3 3 3 3 3 2 2 
70 60 55 50 50 50 50 50 50 50 50 50 50 50 50 50 50 50 50 50 50 50 50 50 50 50 47 28 23 19 11 0 0 0 0 0 0 0 0 0 0 0 0 0 0 0 0 0 0 0 
67 63 51 51 51 51 51 51 51 51 51 51 51 51 51 51 51 51 51 51 51 51 51 51 51 51 51 51 50 41 22 13 4 2 2 2 2 2 2 2 2 2 2 2 2 2 1 1 1 1 
69 69 55 52 52 52 52 52 52 52 52 52 52 52 52 52 52 52 52 52 52 52 52 52 52 52 52 52 52 50 43 15 2 2 2 2 2 2 2 2 2 2 2 2 2 2 2 2 2 2 
73 62 50 50 50 50 50 50 50 50 50 50 50 50 50 50 50 50 50 50 50 50 50 50 50 50 50 50 50 50 50 50 48 45 40 23 18 10 7 3 3 3 3 3 3 3 3 3 3 0 
71 63 63 50 50 50 50 50 50 50 50 50 50 50 50 50 50 50 50 50 50 50 50 50 50 50 50 50 50 50 50 50 50 27 25 23 17 11 6 1 1 1 1 1 1 1 0 0 0 0 
74 64 58 50 50 50 50 50 50 50 50 50 50 50 50 50 50 50 50 50 50 50 50 50 50 50 50 29 20 12 10 9 8 0 0 0 0 0 0 0 0 0 0 0 0 0 0 0 0 0 
71 71 67 67 52 52 52 52 52 52 52 52 52 52 52 52 52 52 52 52 52 52 52 52 52 52 52 52 52 50 50 32 21 17 17 4 4 4 4 4 4 4 2 2 2 2 2 2 2 2 
76 71 71 69 69 63 52 52 52 52 52 52 52 52 52 52 52 52 52 52 52 52 52 52 52 52 50 50 44 43 22 21 14 7 3 3 3 3 3 3 3 3 2 2 2 2 1 1 1 1 
69 67 67 66 64 59 52 52 52 52 52 52 52 52 52 52 52 50 50 50 50 50 49 39 36 25 24 11 4 3 3 3 3 3 3 3 3 3 3 3 2 2 2 2 2 2 2 2 1 1 
68 66 61 60 59 58 54 54 52 52 52 52 52 52 52 52 52 52 52 52 52 52 52 52 52 50 50 50 50 50 50 50 50 32 22 2 2 2 2 2 2 2 2 2 2 2 2 0 0 0 
65 64 62 62 60 60 58 55 54 52 50 50 50 50 50 50 50 50 50 50 31 22 9 6 6 6 0 0 0 0 0 0 0 0 0 0 0 0 0 0 0 0 0 0 0 0 0 0 0 0 
63 58 58 57 56 56 55 55 53 50 50 50 50 50 50 46 28 21 3 3 3 0 0 0 0 0 0 0 0 0 0 0 0 0 0 0 0 0 0 0 0 0 0 0 0 0 0 0 0 0 
69 65 63 63 62 61 59 59 59 55 55 52 50 50 49 49 49 40 29 27 24 23 21 18 17 14 11 6 6 1 1 1 1 1 1 1 1 1 1 1 1 1 1 1 0 0 0 0 0 0 
69 69 69 68 68 67 65 64 60 60 60 55 55 54 51 50 50 50 50 37 34 30 27 20 16 14 10 8 3 1 0 0 0 0 0 0 0 0 0 0 0 0 0 0 0 0 0 0 0 0 
76 74 74 69 68 67 67 67 66 64 61 61 61 55 50 49 37 37 34 32 18 9 8 6 6 5 4 4 1 1 1 1 1 1 1 1 1 1 1 1 1 1 1 1 1 0 0 0 0 0 
77 73 71 70 68 67 67 67 67 64 64 63 60 55 54 54 50 50 50 47 43 39 34 32 26 25 20 19 19 17 17 9 9 9 7 7 7 3 3 3 3 3 3 3 3 3 3 0 0 0 
69 69 66 66 63 63 63 60 59 58 56 54 53 53 53 50 50 45 44 44 40 40 30 27 27 25 19 17 15 14 12 10 10 8 2 2 2 2 2 2 2 2 2 2 2 0 0 0 0 0 
82 74 71 71 71 71 67 67 66 64 63 63 61 56 56 49 47 46 46 45 45 45 42 40 36 31 26 21 20 18 16 15 13 13 11 11 10 7 2 2 2 2 2 2 2 2 0 0 0 0 
77 75 73 72 69 69 68 67 66 66 66 65 62 61 58 54 54 53 53 47 39 34 34 33 32 27 24 22 21 20 20 19 18 17 16 16 15 12 9 7 6 1 1 1 1 1 1 1 1 0 
83 76 72 70 70 70 70 69 69 69 68 64 61 60 59 58 45 43 43 38 32 29 27 25 25 24 22 17 16 16 14 14 12 12 10 9 7 6 1 1 1 1 1 1 1 1 1 1 1 1 
77 76 74 73 72 72 71 71 70 69 68 67 67 64 51 51 46 45 41 38 33 32 27 24 21 20 16 12 11 10 8 2 2 2 2 2 2 2 2 2 2 2 1 1 1 1 1 1 1 1 
80 71 70 68 66 66 63 62 62 62 60 60 54 52 51 45 45 43 41 37 36 27 21 21 20 18 16 15 8 8 6 6 6 2 2 2 2 2 2 2 2 2 2 2 2 2 2 2 2 2 
82 76 74 74 73 72 70 70 69 64 64 60 57 56 56 56 53 53 52 46 45 41 39 38 36 35 31 22 21 20 19 9 9 9 5 3 3 1 1 1 1 1 1 1 1 1 1 1 1 1 
80 73 73 72 70 70 70 69 69 69 68 67 66 65 62 60 57 57 55 55 55 53 53 47 40 36 27 19 19 18 18 17 16 14 13 4 2 2 0 0 0 0 0 0 0 0 0 0 0 0 
76 71 70 68 68 67 66 66 66 64 62 56 52 42 42 38 34 26 24 24 23 22 19 19 18 17 15 13 9 8 8 2 2 2 2 2 2 2 2 2 2 2 2 0 0 0 0 0 0 0 
81 74 71 69 69 69 68 68 67 67 66 66 64 59 59 55 54 42 39 37 36 32 30 29 25 22 22 21 14 8 8 7 6 6 5 5 5 5 5 1 1 1 1 1 1 1 1 1 1 0 
79 75 72 71 69 68 68 67 67 65 65 65 64 63 60 59 52 42 41 36 33 26 26 25 20 16 15 14 13 10 9 5 4 4 3 3 3 1 1 1 1 1 1 1 1 1 1 1 1 0 
79 78 75 74 74 72 72 71 71 71 69 67 67 66 65 64 60 56 48 47 46 36 30 27 25 24 24 14 13 10 8 8 7 7 6 1 1 1 1 1 1 1 1 1 1 1 1 0 0 0 
82 78 76 75 71 71 70 70 68 68 68 65 54 53 48 47 47 44 42 32 29 29 26 26 19 19 19 15 14 12 8 7 5 5 1 1 1 1 1 1 1 1 1 1 1 1 0 0 0 0 
78 75 71 71 71 71 69 69 68 66 63 61 58 46 44 41 36 27 27 23 20 20 16 14 12 10 5 4 4 4 4 3 3 3 3 3 3 3 1 1 1 1 1 1 1 1 1 1 1 1 
79 77 76 75 75 73 72 71 70 70 69 69 68 66 65 62 55 55 37 31 24 22 13 10 9 7 7 6 6 6 5 5 4 3 3 3 3 3 3 3 3 3 3 3 3 3 3 3 3 1 
74 71 70 69 69 68 68 68 67 67 66 62 62 62 52 48 43 41 41 39 37 33 32 31 30 24 18 12 8 8 7 7 7 7 7 6 0 0 0 0 0 0 0 0 0 0 0 0 0 0 
75 70 69 69 68 65 64 63 63 62 62 62 61 57 56 51 49 42 39 37 33 30 19 18 17 15 13 13 8 8 7 7 7 6 5 5 5 3 3 3 2 2 2 2 2 2 2 2 2 2 
