51 50 50 50 50 50 50 50 50 50 50 50 50 50 42 28 21 4 1 1 1 1 1 1 1 1 1 1 1 1 1 1 1 1 1 1 0 0 0 0 0 0 0 0 0 0 0 0 0 0 
61 54 50 50 50 50 50 50 50 50 50 50 50 50 50 50 50 50 50 50 50 50 50 47 44 42 29 19 16 16 16 13 6 0 0 0 0 0 0 0 0 0 0 0 0 0 0 0 0 0 
56 55 52 51 51 51 51 50 50 50 50 50 50 50 50 50 50 50 50 50 50 50 50 50 50 50 45 39 36 34 32 19 18 13 12 6 5 4 1 1 1 1 1 1 1 1 0 0 0 0 
55 55 55 55 51 50 50 50 50 50 50 50 50 50 50 50 50 50 50 50 50 50 50 50 50 50 50 50 50 50 44 38 27 22 16 13 12 12 6 4 1 1 1 1 1 1 1 1 1 0 
85 82 60 59 53 53 53 51 51 51 51 51 51 51 51 51 51 51 51 51 50 50 50 50 50 50 50 50 50 50 47 47 33 21 12 4 4 4 4 4 4 4 3 3 3 3 3 3 3 2 
93 82 56 55 54 53 52 52 52 52 51 51 51 51 51 51 51 51 51 51 50 50 50 50 50 50 50 49 49 42 31 27 27 22 12 4 1 1 1 1 1 1 1 1 1 1 1 1 1 0 
88 84 83 57 55 55 55 55 55 54 50 50 50 50 50 50 50 50 50 50 50 49 48 47 47 46 46 42 41 40 39 32 26 20 11 5 5 5 0 0 0 0 0 0 0 0 0 0 0 0 
87 84 76 76 72 59 57 57 57 57 57 57 55 54 54 53 53 52 51 51 51 51 51 51 44 44 43 36 32 26 25 22 9 8 8 7 7 7 4 3 2 1 1 1 1 1 1 1 0 0 
90 84 84 83 78 76 73 59 57 56 55 53 53 53 53 53 51 51 51 50 50 50 48 48 43 39 36 31 28 28 27 23 21 17 16 11 8 5 5 5 3 3 1 1 1 1 1 1 1 1 
84 83 83 81 74 73 71 61 60 59 59 58 58 58 57 57 57 56 56 51 51 50 49 49 49 38 26 21 16 15 13 12 11 9 8 8 8 4 3 1 1 1 1 1 1 1 1 1 1 1 
86 82 82 81 75 71 69 61 59 59 59 59 58 52 51 50 46 43 41 39 39 38 38 37 35 34 31 29 25 24 16 14 13 11 10 9 8 4 3 2 2 2 2 2 2 2 2 2 2 0 
87 84 82 82 78 70 66 62 55 55 55 54 54 53 53 53 53 53 52 51 50 47 46 41 38 30 29 29 24 19 12 8 8 7 7 6 6 5 4 4 4 4 4 3 3 2 2 2 2 2 
89 84 84 82 72 71 71 68 61 58 56 55 51 51 37 35 34 34 31 28 27 27 23 21 21 19 18 16 14 13 12 10 7 6 5 4 4 4 3 2 2 2 2 2 2 2 1 1 1 1 
86 83 83 80 79 79 78 69 69 62 59 57 56 56 56 50 50 50 47 39 35 34 33 32 32 29 27 26 24 18 13 13 7 6 6 6 4 2 0 0 0 0 0 0 0 0 0 0 0 0 
92 86 86 85 85 82 77 75 74 73 72 62 58 55 51 50 50 50 48 40 31 31 28 22 21 20 19 18 17 14 13 9 8 8 6 6 5 4 4 2 1 1 1 1 1 1 1 1 0 0 
90 87 85 85 82 82 81 78 78 69 68 66 57 56 56 55 53 53 50 50 50 50 50 50 50 47 36 27 22 20 18 16 11 11 10 9 5 2 2 0 0 0 0 0 0 0 0 0 0 0 
84 84 83 81 79 77 72 72 72 72 72 67 66 63 54 51 51 51 50 50 50 48 46 41 40 35 26 23 23 18 16 14 13 11 5 3 2 1 1 1 1 1 1 1 1 1 1 0 0 0 
91 91 88 87 86 86 86 86 85 83 83 79 74 65 64 60 51 48 47 40 40 38 37 37 35 35 32 30 29 29 26 26 19 14 11 10 7 4 3 3 3 3 2 2 2 2 1 1 1 1 
89 87 85 85 85 84 83 83 83 82 82 80 75 63 62 60 51 50 49 49 48 48 48 41 41 39 36 33 33 30 25 21 21 17 17 15 9 6 6 3 3 3 2 2 2 2 2 2 1 1 
92 90 88 87 86 85 85 85 84 81 81 81 81 67 59 57 51 51 50 50 50 49 47 44 41 40 39 38 32 29 29 27 26 24 24 17 9 9 7 7 5 1 1 1 1 1 1 1 0 0 
89 88 88 88 88 88 87 86 85 85 84 80 68 62 58 51 51 50 50 50 46 44 43 42 35 34 30 29 28 25 24 15 14 14 14 14 11 9 5 5 4 3 3 3 2 2 2 2 2 2 
88 87 87 86 85 83 82 82 82 79 73 61 58 54 51 51 51 50 50 50 47 47 41 34 32 32 30 26 25 23 21 20 16 15 14 8 7 3 1 1 1 1 1 1 1 1 0 0 0 0 
90 88 88 88 87 87 87 87 87 85 85 82 82 82 71 66 66 57 54 53 51 51 51 51 51 51 50 50 50 47 46 45 44 42 24 21 19 15 12 7 2 2 2 2 1 1 1 1 1 1 
92 92 92 89 87 87 85 85 85 85 85 85 85 84 83 66 59 57 51 50 50 50 50 50 50 49 46 45 40 35 34 33 32 31 29 27 25 24 23 22 15 5 2 1 1 1 0 0 0 0 
96 96 95 95 93 93 93 93 93 93 92 92 90 89 88 87 84 83 73 68 59 52 51 51 50 50 48 47 47 46 37 36 33 32 31 30 16 16 16 15 14 14 10 8 6 5 2 2 1 1 
90 89 89 89 89 89 87 86 86 86 86 86 86 86 84 84 84 83 78 76 69 67 65 56 54 53 50 50 50 50 50 50 49 49 46 45 44 43 43 34 34 28 26 25 19 18 5 1 1 1 
96 95 94 94 94 94 94 94 94 93 93 93 92 92 91 88 87 59 59 56 55 51 51 50 50 50 45 43 41 37 32 32 28 27 22 21 18 18 12 10 10 9 7 4 1 1 1 1 1 1 
93 91 90 90 89 89 89 89 89 86 86 84 78 70 63 52 50 50 50 50 50 50 50 50 49 48 48 48 34 34 25 23 20 18 16 16 16 12 11 9 7 7 3 1 1 1 1 1 1 0 
90 90 90 90 90 90 90 90 90 89 84 82 77 60 55 55 55 55 52 51 51 51 50 50 50 50 49 48 47 44 35 23 22 15 15 11 10 8 7 6 5 5 4 4 1 1 1 1 1 1 
90 89 88 88 88 88 88 88 88 87 87 86 84 83 65 58 53 53 53 53 52 50 50 50 50 50 49 44 44 43 38 37 37 30 30 14 13 11 9 7 6 4 4 4 4 4 3 3 3 1 
86 86 85 85 85 85 85 85 85 84 84 81 81 80 79 78 60 54 52 51 50 50 49 48 47 46 46 43 41 23 22 20 17 17 11 11 9 8 5 5 4 2 1 1 1 1 1 0 0 0 
92 92 92 92 92 92 91 91 91 91 91 90 89 68 54 52 51 50 50 50 49 49 48 48 47 46 46 46 43 42 38 36 35 35 34 26 15 8 7 2 1 1 0 0 0 0 0 0 0 0 
96 96 96 96 95 95 95 95 95 95 95 95 94 94 89 68 58 57 57 51 51 51 51 50 47 47 44 35 32 27 27 22 18 16 15 14 14 13 9 6 5 5 2 2 2 2 2 1 1 1 
91 90 90 90 89 89 89 89 89 89 89 89 88 87 86 68 68 60 55 54 53 52 51 51 50 50 50 50 50 50 50 50 50 49 49 48 46 29 23 20 11 9 6 6 2 1 1 1 0 0 
92 92 91 91 91 91 91 91 91 91 88 81 78 74 51 50 50 50 50 50 50 50 50 49 49 49 47 47 47 44 41 41 40 40 39 25 23 23 20 16 12 11 10 9 4 0 0 0 0 0 
95 95 94 94 94 94 94 94 94 93 93 93 93 82 72 62 61 60 53 50 50 50 50 50 50 50 50 49 48 42 41 36 33 17 9 9 8 6 0 0 0 0 0 0 0 0 0 0 0 0 
92 91 91 91 91 91 91 91 91 90 73 61 60 55 55 51 51 50 50 50 50 50 50 50 49 49 49 49 49 49 45 45 41 41 39 31 16 13 12 11 10 1 1 1 1 1 1 1 1 1 
92 92 91 91 91 91 91 90 90 87 87 83 81 74 72 72 57 50 50 50 50 50 48 47 47 47 40 39 30 28 28 25 16 11 10 10 8 8 4 4 3 0 0 0 0 0 0 0 0 0 
95 94 94 94 94 94 94 93 93 93 93 93 93 92 92 92 87 87 80 78 75 72 65 62 60 56 52 52 52 51 51 50 50 50 48 47 46 43 39 38 32 22 17 17 12 9 3 3 3 1 
92 92 91 91 91 91 90 90 90 90 90 90 87 86 85 80 69 67 54 50 50 50 50 50 50 50 49 49 49 46 44 40 39 36 35 19 18 15 11 9 7 6 5 0 0 0 0 0 0 0 
96 96 96 96 96 96 95 94 94 94 94 94 86 85 81 61 60 59 51 50 50 50 50 50 50 50 50 49 48 48 48 47 47 44 38 33 13 13 12 11 10 10 10 9 9 8 1 1 1 0 
90 89 89 89 89 89 89 88 88 88 88 88 86 82 51 51 51 51 51 51 50 50 50 50 50 50 50 49 49 48 47 41 37 27 22 16 15 13 5 5 4 2 1 1 1 1 1 1 1 1 
93 92 92 92 92 91 90 90 90 90 89 89 88 85 81 79 69 56 52 52 52 52 51 51 51 51 51 51 50 50 50 50 50 44 34 33 30 9 8 8 7 7 5 4 4 3 3 3 2 1 
93 93 92 92 92 91 91 91 91 91 91 89 88 87 84 83 74 57 51 50 50 50 50 50 50 50 50 50 49 49 49 48 46 43 42 40 31 22 18 9 8 8 7 7 5 3 0 0 0 0 
91 91 91 91 90 90 90 90 90 90 89 89 89 84 84 79 73 64 58 52 51 51 51 51 51 50 50 49 48 46 46 37 31 30 27 27 26 19 19 16 15 13 13 9 6 1 1 1 1 0 
93 92 92 92 92 92 91 91 91 91 91 90 90 89 88 88 73 64 58 56 50 50 50 50 50 50 50 50 49 49 46 45 44 44 43 43 42 38 29 29 13 11 10 8 4 1 1 1 1 1 
94 94 93 93 93 93 93 92 92 92 91 91 91 90 87 84 84 75 74 71 70 63 58 56 56 55 52 50 50 50 50 49 49 49 49 48 47 47 46 46 45 18 15 12 10 8 4 0 0 0 
92 92 91 91 90 90 90 90 90 89 69 67 64 54 51 51 51 51 51 51 51 51 51 51 51 51 50 50 50 49 48 48 46 45 45 38 30 19 14 9 8 8 7 2 2 2 2 2 2 1 
90 88 88 87 87 87 87 87 86 86 85 85 66 58 55 53 52 51 51 51 50 50 49 49 49 49 48 48 47 39 33 28 26 25 23 21 21 18 13 12 11 10 10 7 7 4 3 3 3 3 
96 96 96 96 95 95 95 95 95 95 93 92 91 90 88 86 85 74 64 58 54 54 53 51 51 51 51 51 51 51 51 51 51 50 50 49 28 28 22 17 7 5 4 3 2 2 2 2 1 1 
