% Ministry of Cellular Automata
% Project Deux (CS523 Spring 2015)
% Version:v0.1-66-g3e0f-dirty
%  pop:50
%  ic count:100
%  CA Log option:r3/run09
%  width:121
%  max workers:4
%  radius:3
%  iterations:300
%  generations:50

 generation 0.2.2.2.2.2.0.2.2.2.50.50.50.2.2.50.2.2.0.50.0.2.50.52.2.50.2.2.2.2.2.0.50.0.0.2.2.34.8.50.0.2.2.2.2.50.2.0.2.50.52.xover.mutate.done 50
 generation 1.53.53.50.50.50.50.50.50.50.50.50.3.11.50.3.3.3.22.3.3.53.53.30.10.3.30.50.24.0.53.3.3.3.3.50.3.45.57.3.3.10.3.3.3.0.50.3.0.50.3.xover.mutate.done 50
 generation 2.55.52.52.52.52.52.50.50.50.50.52.2.50.2.50.2.2.8.13.2.50.2.24.2.50.50.52.2.2.2.0.50.2.2.52.52.0.2.50.52.52.2.2.52.52.2.0.24.50.0.xover.mutate.done 50
 generation 3.50.50.50.50.50.50.50.50.50.50.1.1.50.48.0.0.5.50.8.50.1.1.1.1.0.0.50.1.0.50.0.1.50.0.14.5.0.0.50.50.51.0.50.50.0.0.1.50.9.0.xover.mutate.done 50
 generation 4.50.60.51.51.51.51.51.51.51.51.0.50.50.51.51.1.51.51.51.0.51.50.1.0.51.50.1.1.23.6.1.51.50.51.10.1.1.1.1.50.0.1.50.7.1.1.51.0.1.1.xover.mutate.done 50
 generation 5.64.50.50.50.50.50.50.50.50.50.3.3.3.50.50.15.12.17.50.0.0.50.50.3.50.14.3.0.12.3.0.14.50.50.50.50.3.3.50.0.50.3.0.3.50.3.50.50.50.50.xover.mutate.done 50
 generation 6.60.52.52.52.52.52.52.52.52.52.52.52.52.2.52.52.2.2.2.2.52.46.50.52.52.52.52.2.2.52.50.2.50.2.2.52.2.52.50.52.52.52.52.52.52.37.50.52.2.50.xover.mutate.done 50
 generation 7.55.50.50.50.50.50.50.50.50.50.50.0.18.0.50.5.50.50.50.50.50.5.50.50.0.0.50.50.50.5.0.50.50.50.50.50.50.50.0.5.50.50.50.0.50.0.0.50.50.0.xover.mutate.done 50
 generation 8.52.51.51.51.51.51.51.51.51.51.1.7.51.51.50.50.2.1.2.51.51.51.2.51.51.51.6.1.51.50.17.51.48.50.51.50.2.50.2.50.1.51.50.51.2.1.51.2.51.1.xover.mutate.done 50
 generation 9.56.51.51.51.51.51.51.51.51.51.1.50.1.1.51.1.1.26.6.51.51.1.51.51.51.7.1.51.1.51.51.1.51.51.51.1.0.1.1.51.50.51.51.37.51.0.51.46.2.1.xover.mutate.done 50
 generation 10.57.51.51.51.51.51.51.51.51.51.51.51.20.1.0.51.51.51.51.1.51.1.50.1.51.1.1.1.1.31.0.1.51.51.51.51.51.1.1.51.51.51.51.8.51.1.11.50.12.51.xover.mutate.done 50
 generation 11.60.53.53.53.53.53.53.53.53.53.17.53.53.4.53.33.53.3.53.3.53.53.53.53.49.0.3.53.53.26.53.53.53.3.3.53.50.53.3.53.53.24.50.49.3.3.3.53.53.53.xover.mutate.done 50
 generation 12.62.50.50.50.50.50.50.50.50.50.50.2.9.1.1.30.50.50.50.13.1.50.42.50.50.40.1.1.50.50.0.50.1.50.50.50.50.36.18.19.42.50.3.50.50.0.50.0.1.1.xover.mutate.done 50
 generation 13.56.51.51.51.51.50.51.51.51.51.2.42.51.51.51.2.12.51.2.51.11.51.2.51.50.16.51.2.51.1.44.2.1.30.51.2.51.18.1.1.25.51.16.7.51.24.26.18.42.51.xover.mutate.done 50
 generation 14.48.50.50.50.50.50.50.50.50.50.0.36.50.50.50.50.48.23.50.50.50.50.0.0.12.21.0.50.0.4.50.50.50.41.0.50.17.10.50.50.50.50.50.50.50.0.14.4.0.12.xover.mutate.done 50
 generation 15.51.51.51.51.51.51.51.51.51.51.51.51.33.0.1.1.50.51.1.51.51.51.1.51.17.51.1.19.51.1.51.1.1.1.51.28.51.2.1.15.51.51.51.51.0.51.1.51.51.0.xover.mutate.done 50
 generation 16.51.51.51.51.51.51.51.51.51.51.51.51.3.2.51.51.51.51.51.2.8.2.51.51.2.1.51.51.1.2.1.51.1.2.51.51.51.51.51.51.2.51.1.51.51.51.2.21.51.45.xover.mutate.done 50
 generation 17.51.51.51.51.51.51.51.51.51.51.51.51.34.51.2.1.2.2.15.2.51.51.51.51.51.2.2.51.10.51.51.51.2.2.51.2.51.51.51.51.2.2.51.51.2.2.22.2.51.26.xover.mutate.done 50
 generation 18.51.51.51.51.51.51.51.51.51.51.51.1.1.1.1.10.51.51.51.50.50.51.1.51.48.51.51.12.1.51.1.1.51.51.4.0.51.0.51.49.51.51.1.51.51.51.51.1.51.21.xover.mutate.done 50
 generation 19.51.51.51.51.51.51.51.51.51.51.2.51.51.10.47.51.51.22.51.1.51.51.41.51.51.2.2.50.51.1.51.2.39.1.2.2.2.51.51.51.1.2.2.2.51.51.11.51.2.2.xover.mutate.done 50
 generation 20.51.51.51.51.51.51.51.51.51.51.51.51.51.7.2.51.2.51.25.51.2.51.51.2.9.2.51.2.51.51.51.31.3.2.2.2.2.2.51.51.25.51.51.51.49.17.2.51.51.51.xover.mutate.done 50
 generation 21.50.50.50.50.50.50.50.50.50.50.0.50.14.50.0.50.0.0.0.0.16.47.50.50.0.50.29.50.50.17.50.40.50.50.50.50.29.0.34.0.50.50.13.20.50.0.50.34.50.50.xover.mutate.done 50
 generation 22.51.51.51.51.51.51.51.51.51.51.51.1.30.1.51.51.1.50.51.51.0.34.23.51.1.51.48.50.14.1.51.51.1.1.51.1.51.1.51.51.1.51.51.51.12.1.1.51.48.18.xover.mutate.done 50
 generation 23.50.50.50.50.50.50.50.50.50.50.7.50.50.50.50.0.10.9.50.50.50.50.50.50.50.50.50.50.10.0.50.0.50.7.50.10.50.45.50.0.50.50.50.50.50.50.0.0.0.0.xover.mutate.done 50
 generation 24.52.52.52.52.52.52.52.52.52.52.52.14.52.52.52.52.52.52.2.8.16.23.52.52.2.52.2.52.2.2.2.52.2.52.2.2.52.52.11.2.2.52.13.52.43.52.52.41.3.52.xover.mutate.done 50
 generation 25.51.51.51.51.51.51.51.51.51.51.35.1.4.51.51.51.51.51.49.1.51.51.1.51.51.8.51.15.8.51.1.49.1.51.51.1.1.33.1.51.51.1.51.51.51.51.51.33.48.51.xover.mutate.done 50
 generation 26.51.51.51.51.51.51.51.51.51.51.2.51.51.18.26.2.51.51.51.2.51.51.2.51.2.51.51.51.51.51.51.51.2.51.51.2.51.46.51.2.38.2.2.51.2.51.17.51.27.51.xover.mutate.done 50
 generation 27.51.51.51.51.51.51.51.51.51.51.1.49.51.1.51.7.1.51.1.11.51.1.1.8.1.1.1.1.1.1.51.1.1.51.51.51.1.51.1.51.4.51.13.50.51.1.1.1.51.50.xover.mutate.done 50
 generation 28.50.50.50.50.50.50.50.50.50.50.50.12.2.50.28.50.50.50.50.10.9.50.23.2.50.50.50.11.2.47.50.2.50.50.41.12.50.2.2.14.50.2.0.50.50.50.50.50.50.2.xover.mutate.done 50
 generation 29.51.51.51.51.51.51.51.51.51.51.3.3.51.3.3.51.51.51.51.51.51.50.50.20.3.9.51.3.51.3.51.3.15.51.14.50.10.51.51.3.3.51.32.51.3.51.50.51.3.51.xover.mutate.done 50
 generation 30.50.50.50.50.50.50.50.50.50.50.50.8.0.12.50.6.50.50.50.50.50.0.50.50.50.50.50.50.50.5.50.50.6.50.50.50.50.50.30.50.0.0.50.50.50.0.50.7.0.0.xover.mutate.done 50
 generation 31.53.53.53.53.53.53.53.53.53.53.3.3.53.53.3.53.3.3.53.53.3.53.3.0.15.53.53.28.3.53.3.3.3.3.3.53.53.53.53.3.3.3.3.53.3.53.53.53.3.3.xover.mutate.done 50
 generation 32.52.52.52.52.52.52.52.52.52.52.2.2.52.11.52.52.52.2.30.2.52.2.2.52.52.52.2.52.16.52.52.2.31.52.52.52.52.50.17.52.2.2.52.2.52.52.13.52.2.52.xover.mutate.done 50
 generation 33.52.52.52.52.52.52.52.52.52.52.38.4.52.4.20.52.10.52.4.33.52.14.52.52.29.52.52.4.52.50.52.31.47.36.50.52.52.52.50.52.52.52.52.52.2.52.52.52.50.24.xover.mutate.done 50
 generation 34.50.50.50.50.50.50.50.50.50.50.50.14.16.50.50.50.50.50.50.50.50.0.0.0.0.50.0.50.0.23.50.0.50.50.0.50.50.15.0.50.50.0.0.50.50.50.0.50.50.50.xover.mutate.done 50
 generation 35.50.50.50.50.50.50.50.50.50.50.50.50.50.50.50.11.50.1.1.50.50.50.50.50.50.1.1.39.15.50.1.50.0.50.1.1.50.1.1.1.48.50.50.50.1.12.1.1.1.12.xover.mutate.done 50
 generation 36.53.53.53.53.53.53.53.53.53.53.53.15.53.3.3.3.53.53.3.3.3.53.3.3.50.3.3.53.53.50.53.9.3.3.3.53.3.12.53.3.3.3.53.53.53.3.3.15.3.3.xover.mutate.done 50
 generation 37.53.53.53.53.53.53.53.53.53.53.53.53.45.53.53.44.3.3.3.53.53.17.53.53.45.7.53.53.3.53.6.53.53.3.53.8.25.3.3.53.52.3.53.3.14.3.3.3.53.3.xover.mutate.done 50
 generation 38.51.51.51.51.51.51.51.51.51.51.51.14.2.51.51.22.2.15.51.2.2.11.2.51.51.2.51.51.49.31.51.51.16.2.20.51.2.48.51.48.51.51.2.51.2.51.51.2.2.1.xover.mutate.done 50
 generation 39.50.50.50.50.50.50.50.50.50.50.50.0.50.50.0.50.0.11.50.50.50.50.50.0.50.13.0.50.50.0.50.50.0.50.50.0.50.51.0.0.50.9.50.50.1.50.50.1.50.23.xover.mutate.done 50
 generation 40.53.51.51.51.51.51.51.51.51.51.51.51.51.50.51.51.2.51.4.2.51.50.7.15.2.37.51.51.2.4.2.51.51.14.51.51.51.51.51.51.51.51.51.6.24.12.51.51.50.2.xover.mutate.done 50
 generation 41.57.51.51.51.51.51.51.51.51.51.40.51.51.51.2.51.1.51.39.14.51.2.51.14.51.51.51.2.2.51.51.51.2.51.51.51.9.51.51.51.51.25.51.51.15.51.51.51.51.14.xover.mutate.done 50
 generation 42.54.51.51.51.51.51.51.51.51.51.51.51.3.51.3.8.1.51.1.51.51.51.51.51.51.51.17.48.46.51.51.51.14.51.27.51.51.51.51.51.51.51.51.20.46.51.25.51.3.51.xover.mutate.done 50
 generation 43.53.51.51.51.51.51.51.51.51.51.9.51.9.1.1.51.32.51.1.51.36.1.3.19.1.43.51.10.51.51.14.7.50.8.51.1.51.51.51.51.51.1.51.51.51.1.1.51.51.1.xover.mutate.done 50
 generation 44.53.50.50.50.50.50.50.50.50.50.50.50.33.3.0.0.11.50.50.0.41.11.35.0.50.1.2.2.50.0.0.50.0.50.50.0.29.9.50.50.50.11.50.50.6.50.11.50.50.50.xover.mutate.done 50
 generation 45.54.51.51.51.51.51.51.51.51.51.51.10.13.51.2.54.2.52.51.7.51.51.51.51.2.39.2.51.51.2.51.50.51.51.51.51.51.1.12.51.43.2.51.51.51.2.51.16.2.51.xover.mutate.done 50
 generation 46.53.53.47.50.50.50.50.50.50.50.50.50.3.39.50.0.50.50.0.50.17.50.0.19.0.50.50.31.50.50.24.39.50.50.4.0.50.50.0.50.15.0.50.50.53.0.50.39.50.50.xover.mutate.done 50
 generation 47.58.58.58.50.50.50.50.50.50.50.50.1.50.1.50.51.50.50.1.41.50.50.50.50.50.50.50.7.10.50.50.1.50.50.1.50.50.50.29.50.49.50.50.50.1.1.50.1.56.56.xover.mutate.done 50
 generation 48.51.51.51.50.50.44.50.50.50.50.8.46.50.38.50.50.50.49.50.50.0.50.50.0.0.0.38.50.50.50.50.1.50.45.11.43.48.50.50.13.50.3.0.50.50.50.50.50.0.34.xover.mutate.done 50
 generation 49.57.57.57.57.57.53.53.53.53.53.20.53.53.53.7.53.53.53.53.53.53.53.50.47.41.3.29.48.3.47.49.53.53.3.7.27.50.34.57.53.15.16.20.53.50.43.25.27.53.53.xover.mutate.done 50
 24905740 iters     691621 iter/sec (36.01 s)
 total time: 36.01
