50 50 50 50 50 50 50 50 50 50 20 11 7 6 3 3 3 3 3 3 3 3 3 3 3 3 3 3 3 3 2 2 2 2 2 2 2 2 1 1 1 1 1 1 1 1 1 1 1 1 
50 50 50 50 50 50 50 50 50 50 50 50 50 50 50 47 38 27 21 7 7 5 4 4 4 0 0 0 0 0 0 0 0 0 0 0 0 0 0 0 0 0 0 0 0 0 0 0 0 0 
65 55 53 53 53 53 53 51 51 51 51 50 50 50 50 50 50 50 50 50 50 50 50 50 50 50 50 50 36 31 19 12 10 10 5 4 4 4 4 4 4 4 4 4 3 1 1 1 1 1 
68 64 57 51 51 51 51 51 51 51 50 50 50 50 50 50 50 50 50 50 50 50 50 50 50 50 50 50 50 50 46 46 40 32 13 11 11 8 1 1 1 1 1 1 1 1 0 0 0 0 
81 64 58 56 54 54 51 51 51 51 51 51 51 51 51 51 51 51 51 51 50 50 49 31 22 21 14 13 9 2 2 2 2 2 2 2 2 2 2 1 1 1 1 1 1 1 1 1 1 1 
79 76 71 57 55 54 53 53 52 52 52 51 51 51 51 51 43 15 15 11 11 11 9 9 7 6 6 6 4 3 3 3 3 3 3 3 3 3 3 3 3 3 3 3 3 2 2 2 2 1 
81 76 75 72 62 62 61 59 57 57 57 57 57 55 51 51 51 51 50 36 31 27 24 20 20 11 11 10 9 8 8 8 6 5 1 1 1 1 1 1 1 1 1 1 1 1 1 1 1 0 
76 75 73 69 66 64 61 60 58 57 57 57 56 56 56 53 51 49 48 41 40 35 25 25 20 20 14 14 9 9 8 8 8 7 6 6 5 4 4 3 1 1 1 1 1 1 1 1 0 0 
80 79 79 79 79 76 68 67 60 60 60 59 59 59 57 57 51 50 50 50 50 50 50 50 45 39 30 22 20 20 20 18 18 17 14 12 10 10 10 9 1 1 1 1 1 1 1 1 0 0 
78 78 77 76 74 72 70 62 59 58 58 57 56 55 55 53 51 51 51 50 50 50 50 50 50 49 47 39 29 27 13 12 10 10 8 8 6 5 4 3 1 1 1 1 1 1 1 1 0 0 
83 82 82 81 80 78 75 70 69 68 62 60 60 51 51 51 51 50 50 50 50 50 50 50 47 44 38 30 26 13 13 13 11 10 7 4 2 2 2 2 2 2 2 1 1 1 1 1 1 1 
76 76 76 76 75 71 69 64 61 60 59 53 51 51 51 51 50 50 50 45 41 37 36 36 32 31 28 25 23 19 13 8 8 8 7 7 4 4 3 2 2 2 2 2 2 1 1 1 1 1 
82 82 82 81 81 76 75 72 72 71 62 57 51 51 50 50 50 50 50 50 50 49 46 46 45 38 29 26 25 25 22 21 16 13 10 9 1 1 1 1 1 1 1 1 1 1 1 1 1 0 
94 84 84 84 83 82 79 73 71 71 68 65 59 51 50 50 50 50 50 50 50 50 50 47 43 42 37 35 29 22 13 12 8 8 7 3 2 1 1 1 1 1 1 1 1 1 0 0 0 0 
90 87 86 75 74 74 74 74 74 74 70 69 69 69 63 57 54 50 50 50 50 50 44 35 34 29 23 22 17 17 15 15 10 8 6 0 0 0 0 0 0 0 0 0 0 0 0 0 0 0 
94 89 87 83 83 83 83 83 83 83 83 82 82 79 68 58 56 51 50 50 50 50 47 45 43 41 36 36 36 32 27 22 16 13 13 11 4 4 4 4 4 4 3 3 3 3 1 1 1 1 
90 86 86 84 78 75 75 75 74 74 72 72 69 61 55 50 50 50 49 48 37 35 33 31 29 27 25 19 18 15 13 12 11 11 11 9 9 9 8 7 6 4 2 2 2 2 2 2 0 0 
89 88 87 87 87 82 80 80 79 79 79 79 79 79 67 66 61 55 54 53 53 51 50 50 50 50 49 49 48 47 37 33 33 33 32 32 31 28 26 25 25 15 14 11 9 8 4 3 0 0 
92 90 86 86 86 86 85 80 78 78 78 78 78 77 77 77 77 72 71 57 55 55 54 54 53 51 51 50 50 50 50 50 50 43 36 35 30 28 25 20 17 17 8 8 7 5 3 1 0 0 
92 91 91 91 90 90 90 90 90 90 87 83 83 81 81 81 78 78 62 62 61 59 59 57 57 57 57 56 56 53 51 51 51 50 43 36 34 33 30 29 28 28 26 21 15 12 11 9 5 3 
92 92 92 90 90 89 87 87 87 87 87 87 85 83 81 73 72 72 68 68 66 65 60 59 56 56 53 50 50 49 47 47 38 36 32 32 29 28 17 16 13 12 11 7 3 2 2 2 2 1 
93 93 91 90 90 89 86 86 86 85 85 78 74 69 68 61 60 57 57 56 56 55 53 52 50 50 49 47 47 45 43 43 40 40 37 37 34 31 31 18 14 10 9 9 9 7 5 5 4 3 
91 90 89 89 88 88 87 87 87 87 87 87 87 87 87 87 87 82 82 78 72 64 63 63 63 60 56 55 55 54 51 51 50 50 47 41 38 34 33 32 30 25 25 13 13 10 9 8 2 1 
93 93 92 92 91 90 90 90 90 89 89 85 85 85 85 83 82 82 81 70 70 60 55 53 51 51 51 50 50 50 50 50 47 44 42 38 29 28 26 25 25 25 18 16 15 12 12 11 7 1 
95 95 95 95 94 94 94 94 93 93 93 77 71 68 64 63 60 56 56 54 50 50 50 50 50 45 43 43 43 42 42 42 40 39 36 28 27 25 24 23 20 17 16 14 7 6 5 0 0 0 
92 92 91 90 90 90 90 90 89 89 89 89 87 87 76 65 64 62 58 56 55 54 54 51 51 51 50 50 50 50 50 50 50 50 49 48 47 39 34 33 32 30 28 27 25 6 6 5 5 1 
91 91 90 89 89 89 89 88 88 87 87 86 85 75 73 73 72 68 61 60 60 59 58 56 52 52 50 50 50 50 50 50 49 49 40 37 29 23 21 18 17 16 14 10 10 10 9 2 2 2 
96 96 96 96 95 95 95 95 95 95 95 93 75 63 63 62 62 62 61 57 53 53 50 50 50 50 50 50 50 49 49 47 46 46 39 38 34 33 30 21 17 15 15 14 0 0 0 0 0 0 
94 94 94 94 94 93 93 93 92 92 91 91 90 90 87 62 57 57 57 57 57 54 52 52 52 51 51 51 51 48 45 44 42 36 35 34 28 20 18 16 14 13 10 10 9 9 9 6 1 1 
94 94 94 93 93 93 92 92 92 91 91 90 89 84 81 79 74 72 69 67 62 59 57 57 56 54 53 53 52 50 50 50 50 48 47 45 45 44 22 20 19 12 11 10 10 9 7 3 3 0 
95 92 90 89 89 88 88 88 88 88 88 88 83 75 75 75 73 72 70 60 59 50 49 47 46 43 37 36 33 29 21 17 16 13 13 10 10 10 10 8 8 8 8 2 2 2 2 2 2 2 
94 93 93 93 93 93 93 92 92 91 91 91 87 87 87 86 86 86 86 82 77 68 59 59 58 56 56 51 51 51 51 50 50 47 45 43 35 33 33 31 31 29 28 27 8 8 7 7 1 1 
92 89 89 89 88 88 88 88 87 87 86 85 85 74 72 72 62 62 62 59 57 57 54 51 51 49 45 44 42 42 36 26 24 21 21 19 16 16 11 10 8 8 8 8 7 6 5 5 1 1 
95 95 95 94 94 94 94 94 94 93 93 92 91 91 90 84 73 62 60 60 56 51 50 50 50 50 45 43 37 30 26 19 18 14 14 14 13 12 10 7 7 7 6 3 0 0 0 0 0 0 
98 97 97 96 96 96 95 95 95 94 94 94 94 94 94 91 87 78 76 68 61 58 56 51 51 51 51 51 50 50 50 47 18 13 7 7 6 6 2 2 2 2 2 2 2 2 1 1 1 1 
97 96 96 96 96 96 95 95 94 93 92 92 90 90 87 84 69 65 64 62 58 57 57 52 52 52 52 52 52 50 48 46 40 38 38 35 31 27 17 15 12 12 12 9 2 2 2 2 2 2 
95 95 94 94 94 94 93 93 93 92 91 91 90 90 89 89 85 77 66 63 61 51 51 51 50 50 49 48 42 41 35 31 27 23 21 20 20 18 17 16 9 6 1 1 1 1 1 1 1 1 
98 97 97 96 95 94 94 94 91 91 90 89 67 65 65 51 51 51 51 50 48 48 44 43 41 40 39 39 35 31 29 26 25 16 14 11 9 9 8 7 7 2 2 2 2 2 1 1 1 1 
94 93 93 92 92 92 92 92 91 91 91 90 90 89 88 88 64 63 63 62 56 52 51 50 50 50 50 50 50 49 46 44 40 32 30 30 29 22 20 17 8 7 5 1 1 1 1 1 0 0 
94 92 91 91 91 90 90 90 90 89 88 87 62 59 56 55 54 53 50 50 50 50 50 50 49 49 48 47 47 46 46 44 43 42 39 36 33 33 27 25 25 20 16 16 16 13 12 7 1 1 
96 94 94 94 94 94 93 93 92 92 91 89 81 62 62 61 59 54 50 50 50 50 50 50 48 42 39 37 34 33 29 27 26 24 24 23 22 19 16 15 9 7 6 0 0 0 0 0 0 0 
96 95 95 95 95 95 95 95 94 93 92 78 77 75 62 56 55 51 50 50 50 50 50 50 48 44 36 35 34 34 33 32 27 20 20 19 18 9 1 1 1 1 1 1 1 1 1 1 1 0 
95 94 93 93 92 92 92 92 92 92 92 91 90 90 75 71 71 71 66 65 64 62 61 60 58 50 50 50 50 50 48 44 35 27 26 26 25 23 23 22 20 17 10 8 6 0 0 0 0 0 
92 91 91 91 91 91 90 89 89 89 88 88 88 87 86 62 59 56 52 52 51 50 50 50 50 50 50 50 49 49 40 40 37 28 24 13 11 11 7 5 4 2 1 1 1 1 1 1 1 1 
91 90 89 88 88 88 88 88 88 87 87 87 87 86 63 60 59 58 58 58 58 53 53 50 50 50 50 50 50 46 44 43 26 24 17 17 16 16 15 13 12 9 9 7 2 2 2 2 1 0 
87 87 87 87 87 86 86 84 84 84 84 84 84 83 83 83 83 52 52 52 52 52 50 47 46 42 40 30 21 20 16 10 8 8 7 7 6 4 4 4 2 2 2 2 2 2 2 2 2 2 
94 94 93 93 93 92 92 92 92 91 91 91 90 88 62 61 52 51 51 51 51 51 51 51 50 50 47 47 45 45 39 27 23 21 9 3 3 3 3 3 3 3 3 3 3 3 3 3 2 2 
92 92 92 92 92 92 92 92 92 92 92 91 91 89 73 59 56 55 51 51 51 50 47 47 45 44 43 37 21 17 12 11 3 2 1 1 1 1 1 1 1 1 1 1 1 1 1 1 1 1 
93 91 91 91 91 91 89 89 89 89 89 89 88 74 62 57 56 54 51 51 50 50 50 48 42 41 41 39 29 28 21 14 10 9 7 2 2 2 2 2 2 2 2 2 2 2 2 2 2 2 
94 94 94 94 94 94 93 92 92 92 92 92 92 90 60 57 55 52 51 51 50 50 50 50 50 49 49 48 45 45 42 36 35 25 19 18 13 10 10 4 2 2 2 2 2 2 2 2 2 2 
