% Ministry of Cellular Automata
% Project Deux (CS523 Spring 2015)
% Version:v0.1-66-g3e0f-dirty
%  pop:50
%  ic count:100
%  CA Log option:r3/run08
%  width:121
%  max workers:4
%  radius:3
%  iterations:300
%  generations:50

 generation 0.1.3.50.50.1.1.2.50.2.3.3.2.29.1.2.2.52.2.3.2.3.3.1.1.50.50.3.52.16.3.1.3.3.3.2.3.50.50.1.3.2.50.1.3.3.50.50.3.1.3.xover.mutate.done 50
 generation 1.52.52.50.50.50.50.50.50.50.50.3.3.50.50.3.3.2.3.2.1.3.2.1.50.51.15.3.3.50.2.51.50.50.50.3.34.2.52.3.1.2.3.3.50.3.50.50.51.2.2.xover.mutate.done 50
 generation 2.51.51.51.51.51.50.50.50.50.50.1.2.50.50.50.41.32.1.25.9.2.1.1.2.5.2.51.50.2.44.50.2.51.1.50.1.1.2.50.51.31.2.50.51.48.50.50.50.50.1.xover.mutate.done 50
 generation 3.52.52.52.51.51.52.52.51.52.49.3.17.3.50.2.52.3.51.1.50.2.2.50.3.3.52.41.2.3.52.50.29.50.3.19.3.50.28.3.3.8.50.2.52.51.52.22.14.2.1.xover.mutate.done 50
 generation 4.50.50.50.50.50.50.50.50.50.50.2.52.0.2.0.2.30.50.23.20.2.50.50.2.2.50.50.0.50.50.52.50.0.50.2.50.50.50.14.2.2.58.26.50.20.2.2.50.28.50.xover.mutate.done 50
 generation 5.53.50.50.50.50.50.50.50.50.50.50.9.40.18.0.2.0.2.0.50.0.50.50.50.50.50.50.0.50.50.0.50.0.0.0.0.0.0.37.0.0.0.50.50.12.50.0.0.18.50.xover.mutate.done 50
 generation 6.55.51.51.52.52.52.52.52.52.52.52.3.52.3.3.1.52.52.50.1.3.2.3.3.3.3.50.1.52.3.52.37.15.3.1.52.50.3.3.2.28.2.1.3.50.3.3.52.3.52.xover.mutate.done 50
 generation 7.52.51.51.51.51.51.51.51.51.51.51.2.51.2.53.2.57.51.51.2.51.2.51.51.1.51.1.51.46.51.2.50.51.45.25.2.2.2.2.51.51.51.52.51.51.2.51.51.2.2.xover.mutate.done 50
 generation 8.52.51.47.47.50.50.50.50.50.50.2.1.2.50.37.1.50.9.50.37.50.46.50.1.50.30.50.42.1.8.50.79.37.50.0.3.1.11.2.13.50.2.50.14.3.50.2.50.1.50.xover.mutate.done 50
 generation 9.72.56.56.50.50.50.50.50.50.50.13.17.50.0.50.50.50.56.0.8.50.50.10.50.0.50.0.0.50.0.52.50.50.50.50.50.11.50.50.56.50.50.50.50.0.0.0.0.0.48.xover.mutate.done 50
 generation 10.84.53.52.52.52.57.50.50.50.50.50.50.50.0.0.50.50.52.1.50.50.26.92.9.50.40.50.0.0.52.50.49.4.13.50.50.0.50.72.50.50.50.50.41.50.50.52.50.50.50.xover.mutate.done 50
 generation 11.95.87.66.59.57.56.56.56.56.56.50.50.50.50.0.50.3.3.50.50.50.11.7.57.4.50.50.23.50.50.54.50.50.6.3.54.15.50.17.8.50.31.6.36.14.50.3.56.3.66.xover.mutate.done 50
 generation 12.86.80.66.66.53.53.56.53.53.53.3.54.4.62.26.50.0.55.50.50.50.50.53.53.29.27.50.50.48.50.0.50.86.72.8.10.0.13.36.56.53.50.21.54.50.0.50.29.50.3.xover.mutate.done 50
 generation 13.94.94.92.78.81.81.74.61.66.61.2.56.52.52.35.63.78.19.52.50.54.93.67.47.6.2.11.66.64.11.50.52.19.66.18.2.80.6.89.2.19.11.92.58.2.90.54.68.12.2.xover.mutate.done 50
 generation 14.93.90.96.83.91.94.92.74.74.72.50.0.30.0.38.84.40.0.47.70.0.58.51.41.56.17.46.68.0.27.73.0.46.12.48.84.37.0.0.7.0.56.0.12.49.89.89.31.0.0.xover.mutate.done 50
 generation 15.94.93.95.90.94.92.89.86.85.85.59.33.93.48.20.47.4.65.48.51.65.48.36.86.50.1.53.70.56.63.4.4.28.48.11.25.17.65.15.27.15.59.63.4.34.51.4.49.8.59.xover.mutate.done 50
 generation 16.95.95.91.92.92.94.90.87.90.84.52.52.41.3.2.51.55.3.36.1.5.56.8.8.52.6.2.43.55.47.42.3.78.62.13.41.64.56.53.88.4.16.55.52.3.52.43.42.54.8.xover.mutate.done 50
 generation 17.91.91.92.92.93.93.89.88.81.85.84.2.1.5.60.20.43.44.34.2.2.59.73.2.51.67.51.39.5.59.9.1.25.38.1.53.17.2.48.51.5.2.3.47.3.46.88.54.51.51.xover.mutate.done 50
 generation 18.88.90.91.89.93.94.88.91.91.90.29.0.3.56.18.3.3.51.49.17.58.50.53.2.52.94.50.3.8.18.0.50.62.3.7.87.3.50.5.20.3.50.13.50.50.30.3.55.15.58.xover.mutate.done 50
 generation 19.91.94.93.89.91.91.89.85.92.85.56.12.56.50.50.0.55.0.50.76.49.50.46.18.0.41.35.0.28.55.82.0.6.33.0.2.8.29.50.67.40.46.0.14.0.50.0.20.0.0.xover.mutate.done 50
 generation 20.96.94.94.94.86.86.88.89.88.92.39.89.49.11.46.51.56.52.50.57.39.50.2.50.0.5.1.2.50.51.1.1.1.3.48.48.50.1.49.41.49.19.32.1.49.51.42.1.50.4.xover.mutate.done 50
 generation 21.94.94.93.92.85.96.87.91.86.83.51.51.1.51.54.6.51.6.18.8.1.50.33.57.2.23.89.5.51.55.46.46.2.50.1.1.44.5.1.1.19.1.4.48.88.2.2.2.69.1.xover.mutate.done 50
 generation 22.95.96.95.94.95.90.91.93.94.93.53.92.46.53.52.47.66.5.3.2.6.5.53.5.3.5.57.53.48.9.50.50.43.52.53.49.52.52.2.17.89.6.52.53.5.3.37.52.93.52.xover.mutate.done 50
 generation 23.91.88.92.89.93.89.91.85.92.91.1.93.1.38.77.28.49.91.5.51.50.15.1.0.90.88.50.50.48.1.54.1.1.22.2.49.4.50.1.1.41.50.4.5.51.51.50.4.1.6.xover.mutate.done 50
 generation 24.97.97.97.89.97.97.94.95.89.95.6.14.21.50.13.49.8.68.7.53.5.39.43.94.52.7.53.50.3.53.53.19.53.3.8.56.3.50.3.58.50.50.53.55.50.20.16.3.7.3.xover.mutate.done 50
 generation 25.90.90.89.89.93.90.89.87.90.91.50.0.27.50.58.52.54.0.88.32.11.11.0.65.7.49.46.50.0.0.6.24.30.89.53.67.0.0.12.77.90.56.90.50.7.33.58.9.56.1.xover.mutate.done 50
 generation 26.90.91.94.97.87.91.87.91.94.94.52.65.49.85.52.81.13.52.91.79.7.78.63.5.76.3.57.27.52.50.6.53.3.9.1.53.66.95.71.57.60.60.76.88.3.48.75.86.89.14.xover.mutate.done 50
 generation 27.92.89.96.96.98.93.91.91.92.92.82.61.7.30.50.39.92.91.68.74.87.56.87.22.88.82.3.49.57.9.51.3.62.69.39.41.92.52.72.93.20.45.52.56.76.63.3.67.44.18.xover.mutate.done 50
 generation 28.94.93.93.88.87.93.92.91.93.91.52.3.89.91.22.81.23.48.39.57.50.35.32.52.92.28.53.52.7.92.3.32.45.88.71.53.66.48.50.10.51.50.15.3.44.52.91.52.95.50.xover.mutate.done 50
 generation 29.89.93.95.92.92.88.90.84.90.92.89.92.76.24.49.10.38.0.32.0.41.50.46.0.53.49.21.0.50.16.3.44.36.50.50.44.37.73.50.22.64.0.14.58.84.92.3.43.57.25.xover.mutate.done 50
 generation 30.91.91.94.95.90.88.90.94.86.94.65.45.46.42.57.88.51.76.37.61.59.12.69.63.49.51.86.27.49.88.51.51.60.95.8.24.51.50.2.2.51.7.51.51.51.51.55.55.50.7.xover.mutate.done 50
 generation 31.89.93.92.93.91.93.90.93.92.91.51.5.62.51.51.53.73.51.4.19.74.71.51.36.51.9.51.50.48.14.16.34.53.50.51.48.20.53.91.40.4.91.87.51.47.92.51.76.52.32.xover.mutate.done 50
 generation 32.93.92.94.91.96.86.86.92.88.92.0.15.14.49.0.22.75.14.60.50.78.8.77.83.60.50.0.50.50.50.16.30.91.50.50.49.0.69.69.2.50.73.50.0.92.50.50.9.50.13.xover.mutate.done 50
 generation 33.95.94.92.91.93.94.93.91.89.92.46.93.81.1.86.81.82.44.49.86.79.50.91.46.82.1.58.93.50.49.91.87.30.87.43.91.26.51.55.87.50.66.50.1.85.25.50.85.89.50.xover.mutate.done 50
 generation 34.93.93.89.92.88.92.92.92.94.90.50.58.38.95.89.50.50.49.64.64.81.90.0.88.54.50.92.4.18.65.40.0.50.50.0.91.49.50.50.7.50.49.75.44.0.50.30.90.50.40.xover.mutate.done 50
 generation 35.88.90.91.95.92.92.92.92.89.92.1.44.57.89.56.1.50.35.50.54.65.51.19.49.51.49.50.73.50.41.50.7.60.87.87.50.38.59.65.1.58.42.32.57.87.76.50.42.90.73.xover.mutate.done 50
 generation 36.97.92.96.96.94.93.97.90.86.92.2.15.58.51.51.50.92.2.1.79.46.2.51.36.71.56.6.50.51.2.51.33.65.63.2.66.35.2.31.64.69.7.67.83.51.83.51.70.51.31.xover.mutate.done 50
 generation 37.93.89.87.87.94.91.90.93.91.88.11.51.17.40.26.2.11.66.2.53.13.68.88.59.49.2.85.2.3.47.46.29.53.70.48.48.79.10.71.27.73.80.88.47.51.82.6.23.71.14.xover.mutate.done 50
 generation 38.94.93.90.91.88.90.94.92.86.89.39.51.1.89.71.0.23.50.22.20.46.35.31.36.50.86.34.8.91.46.51.46.51.52.48.51.53.65.26.49.50.49.55.63.1.49.46.49.68.50.xover.mutate.done 50
 generation 39.91.93.94.81.89.89.90.91.87.87.50.11.10.19.72.23.90.24.12.64.49.11.49.80.60.63.50.50.5.50.30.84.51.53.85.91.5.5.58.53.73.45.72.42.78.46.59.82.49.49.xover.mutate.done 50
 generation 40.94.93.92.91.90.91.90.90.90.90.44.1.87.42.59.77.71.9.51.50.65.90.24.77.77.50.1.30.39.1.1.83.51.51.1.50.7.39.50.11.48.11.18.65.47.30.63.55.1.8.xover.mutate.done 50
 generation 41.90.92.90.94.90.87.86.87.87.86.55.1.53.3.49.6.15.3.54.49.3.78.3.3.3.33.51.1.59.53.91.42.4.1.52.48.6.48.47.51.48.50.84.7.1.47.51.78.9.37.xover.mutate.done 50
 generation 42.96.94.93.94.94.94.91.89.89.85.53.85.50.86.60.6.44.38.94.23.53.53.74.61.50.3.15.89.9.7.3.81.8.3.53.3.3.3.95.60.64.71.51.53.52.0.3.75.48.45.xover.mutate.done 50
 generation 43.95.87.96.94.91.90.91.91.92.90.45.0.6.69.0.49.70.0.69.46.59.50.20.75.40.41.0.50.9.0.37.50.39.0.80.22.50.6.0.7.50.40.18.50.75.73.50.9.0.49.xover.mutate.done 50
 generation 44.97.94.98.95.96.96.97.90.93.94.0.50.50.37.97.66.83.50.19.50.50.5.94.91.1.81.88.88.5.55.47.0.49.75.0.64.46.45.11.64.53.1.50.50.13.94.51.85.50.50.xover.mutate.done 50
 generation 45.95.93.94.93.93.92.93.91.90.92.59.52.86.51.52.52.3.50.2.21.51.91.74.51.91.86.50.43.59.60.49.52.51.80.88.51.3.50.46.3.38.11.94.3.3.8.88.34.51.37.xover.mutate.done 50
 generation 46.92.95.93.94.94.94.93.91.91.96.57.95.49.72.1.1.62.22.67.38.55.42.40.91.1.64.51.7.50.1.17.48.74.34.50.50.83.32.1.54.1.50.1.0.23.82.50.1.93.43.xover.mutate.done 50
 generation 47.89.88.91.89.90.89.91.92.94.93.1.15.7.60.80.1.72.79.76.46.50.51.91.51.51.74.89.20.48.51.60.28.58.1.72.52.66.1.51.45.10.1.18.90.60.49.26.13.49.46.xover.mutate.done 50
 generation 48.91.94.92.90.90.90.88.89.88.90.5.27.50.1.51.1.63.79.87.1.60.45.87.46.47.88.66.17.50.36.44.84.1.89.89.50.86.50.50.43.68.38.86.26.60.1.43.51.50.2.xover.mutate.done 50
 generation 49.90.89.86.94.93.93.89.86.86.92.32.65.53.23.50.72.22.50.52.50.50.53.64.51.50.23.9.32.59.93.50.53.23.53.64.93.76.94.48.24.3.38.53.46.58.61.50.90.65.69.xover.mutate.done 50
 29495520 iters     705657 iter/sec (41.80 s)
 total time: 41.80
