0.7578125 0.421875 0.140625 1.0 0.5078125 0.765625 0.4921875 0.953125 0.109375 0.40625 
0.78125 0.9609375 0.140625 1.0 0.953125 0.921875 0.25 0.0390625 0.0625 0.2109375 
0.78125 0.9609375 0.6484375 0.515625 0.1171875 0.4609375 0.140625 1.0 0.953125 0.921875 
0.78125 0.9609375 0.6484375 0.515625 0.1171875 0.9375 0.9453125 0.359375 0.734375 0.4609375 
0.78125 0.9609375 0.6484375 0.9375 0.9453125 0.734375 0.8671875 0.6328125 0.9453125 0.9609375 
0.515625 0.171875 0.4609375 0.78125 0.9609375 0.6484375 0.9375 0.9453125 0.734375 0.8671875 
0.515625 0.171875 0.4609375 0.78125 0.9609375 0.6484375 0.9375 0.9453125 0.734375 0.8671875 
0.515625 0.78125 0.9609375 0.6484375 0.9375 0.9453125 0.734375 0.8671875 0.9375 0.9609375 
0.4765625 0.515625 0.515625 0.5234375 0.78125 0.9609375 0.6484375 0.9375 0.9453125 0.734375 
0.53125 0.4765625 0.515625 0.78125 0.9609375 0.6484375 0.9375 0.9453125 0.734375 0.8984375 
0.53125 0.4765625 0.515625 0.4921875 0.484375 0.6328125 0.78125 0.9609375 0.6484375 0.9375 
0.640625 0.53125 0.5390625 0.6328125 0.4765625 0.515625 0.4921875 0.484375 0.5 0.4765625 
0.640625 0.53125 0.5390625 0.5390625 0.6328125 0.4765625 0.6484375 0.515625 0.4921875 0.484375 
0.640625 0.5390625 0.53125 0.578125 0.5390625 0.5390625 0.6015625 0.6484375 0.6484375 0.546875 
0.640625 0.5390625 0.6328125 0.53125 0.6015625 0.5234375 0.5703125 0.5390625 0.5390625 0.53125 
0.6328125 0.5234375 0.640625 0.5703125 0.6015625 0.5390625 0.6015625 0.578125 0.5703125 0.5625 
0.640625 0.6328125 0.6015625 0.5234375 0.5 0.5390625 0.5703125 0.6015625 0.578125 0.6015625 
0.640625 0.6328125 0.5390625 0.5234375 0.5 0.6015625 0.5703125 0.578125 0.5703125 0.6015625 
0.5 0.6015625 0.5390625 0.5234375 0.640625 0.6328125 0.5703125 0.578125 0.578125 0.6015625 
0.6328125 0.5625 0.640625 0.5390625 0.578125 0.578125 0.6015625 0.6015625 0.5234375 0.5 
0.5625 0.640625 0.5234375 0.6328125 0.578125 0.578125 0.5390625 0.6015625 0.6015625 0.5 
0.5625 0.640625 0.5234375 0.6328125 0.5 0.6015625 0.5859375 0.5390625 0.6015625 0.578125 
0.6015625 0.5625 0.640625 0.5234375 0.6328125 0.5390625 0.546875 0.515625 0.5859375 0.6015625 
0.5625 0.6015625 0.640625 0.6328125 0.5234375 0.5859375 0.515625 0.6015625 0.515625 0.5703125 
0.5234375 0.5859375 0.640625 0.515625 0.5625 0.515625 0.5703125 0.5625 0.5390625 0.6328125 
0.5234375 0.5859375 0.640625 0.5625 0.515625 0.5625 0.6328125 0.5703125 0.5078125 0.515625 
0.515625 0.515625 0.5234375 0.5859375 0.5625 0.5078125 0.5625 0.5078125 0.640625 0.5625 
0.5859375 0.5234375 0.5234375 0.640625 0.5625 0.515625 0.5078125 0.5078125 0.5859375 0.515625 
0.5625 0.5234375 0.640625 0.515625 0.5703125 0.5859375 0.5859375 0.515625 0.5234375 0.515625 
0.5859375 0.5625 0.5234375 0.640625 0.5859375 0.5234375 0.5859375 0.546875 0.5390625 0.515625 
0.5234375 0.5625 0.640625 0.5859375 0.515625 0.5703125 0.5078125 0.5859375 0.5390625 0.5859375 
0.5859375 0.53125 0.640625 0.5859375 0.5859375 0.5234375 0.5625 0.515625 0.5078125 0.5703125 
0.53125 0.5859375 0.5234375 0.515625 0.640625 0.5078125 0.5 0.5859375 0.5703125 0.515625 
0.640625 0.5234375 0.53125 0.5859375 0.5859375 0.515625 0.515625 0.515625 0.5078125 0.5703125 
0.640625 0.5234375 0.515625 0.5859375 0.515625 0.515625 0.515625 0.53125 0.5703125 0.5859375 
0.5234375 0.5703125 0.640625 0.5234375 0.5859375 0.515625 0.515625 0.53125 0.53125 0.5078125 
0.5234375 0.5859375 0.515625 0.515625 0.53125 0.5078125 0.640625 0.5703125 0.6328125 0.53125 
0.5234375 0.640625 0.515625 0.515625 0.53125 0.5078125 0.5859375 0.53125 0.5234375 0.5703125 
0.53125 0.5234375 0.53125 0.5078125 0.5234375 0.5859375 0.640625 0.5703125 0.53125 0.5 
0.53125 0.640625 0.5234375 0.5703125 0.5078125 0.5078125 0.53125 0.5859375 0.5 0.5 
0.5234375 0.640625 0.53125 0.5859375 0.5234375 0.53125 0.5 0.5078125 0.5078125 0.5 
0.5234375 0.640625 0.53125 0.5859375 0.53125 0.5234375 0.5 0.5078125 0.5078125 0.5 
0.5859375 0.640625 0.546875 0.5234375 0.53125 0.53125 0.5234375 0.5078125 0.5078125 0.5 
0.5859375 0.53125 0.640625 0.5234375 0.53125 0.53125 0.5 0.546875 0.5234375 0.5078125 
0.640625 0.5859375 0.5234375 0.5234375 0.53125 0.5 0.546875 0.53125 0.5078125 0.53125 
0.5234375 0.640625 0.546875 0.640625 0.53125 0.5 0.5234375 0.5859375 0.53125 0.515625 
0.5234375 0.546875 0.609375 0.640625 0.640625 0.53125 0.5234375 0.5 0.515625 0.5859375 
0.5859375 0.546875 0.6171875 0.640625 0.640625 0.53125 0.609375 0.5234375 0.515625 0.5234375 
0.515625 0.5234375 0.5234375 0.6171875 0.609375 0.625 0.640625 0.5 0.5859375 0.640625 
0.5234375 0.5234375 0.515625 0.6171875 0.609375 0.625 0.640625 0.5 0.515625 0.5859375 
