50 50 50 50 50 50 50 50 50 50 50 48 7 1 1 1 1 1 1 1 1 1 1 1 1 1 1 1 1 1 1 1 1 1 1 1 1 1 0 0 0 0 0 0 0 0 0 0 0 0 
51 51 50 50 50 50 50 50 50 50 50 50 50 50 50 50 50 50 50 50 16 1 1 1 1 1 1 1 1 1 1 1 1 1 1 1 1 1 1 1 1 1 1 1 1 0 0 0 0 0 
51 51 51 51 51 51 51 50 50 50 50 50 50 50 50 50 50 50 50 50 50 50 24 17 14 12 4 3 2 2 2 2 2 2 2 2 2 2 2 2 1 1 1 1 1 1 1 1 1 1 
51 51 51 51 51 51 51 50 50 50 50 50 50 50 50 50 50 50 50 50 50 50 50 50 50 50 50 50 50 43 37 18 16 15 11 10 1 1 1 1 1 1 1 1 1 0 0 0 0 0 
64 52 52 52 52 52 52 52 52 52 52 52 52 51 51 51 51 51 50 50 50 50 50 50 50 50 50 50 50 50 50 50 46 34 18 12 11 11 7 3 3 3 3 1 1 1 1 1 1 1 
60 51 51 51 51 51 51 51 51 51 51 51 51 51 51 51 51 51 51 51 51 51 50 50 50 50 50 50 50 50 47 41 26 10 8 8 8 7 2 2 2 2 1 1 1 1 1 1 1 1 
61 51 51 51 51 51 51 51 51 51 51 51 51 51 51 51 51 51 51 51 51 51 51 50 50 50 49 47 43 41 33 32 28 23 4 4 2 2 2 2 2 1 1 1 1 1 1 1 1 1 
54 52 52 52 52 52 52 52 52 52 52 52 52 52 52 52 52 52 52 52 51 51 50 41 40 37 25 22 18 16 14 12 8 8 6 3 3 3 3 3 3 3 3 3 2 2 2 2 1 1 
55 50 50 50 50 50 50 50 50 50 50 50 50 50 50 50 50 50 50 50 50 36 31 31 21 21 20 16 11 11 10 9 9 6 6 1 1 1 1 1 1 1 1 1 0 0 0 0 0 0 
59 51 51 51 51 51 51 51 51 51 51 51 51 51 51 51 51 51 51 51 51 51 50 50 50 50 50 43 29 28 22 18 17 14 13 12 6 1 1 1 1 1 1 1 1 1 1 0 0 0 
59 50 50 50 50 50 50 50 50 50 50 50 50 50 50 50 50 50 50 50 50 50 50 50 50 50 47 47 45 45 27 24 19 17 15 9 3 2 0 0 0 0 0 0 0 0 0 0 0 0 
61 50 50 50 50 50 50 50 50 50 50 50 50 50 50 50 50 50 50 50 50 50 50 50 50 50 50 50 50 50 50 49 49 45 40 29 26 14 12 11 9 1 1 1 1 0 0 0 0 0 
60 52 52 52 52 52 52 52 52 52 52 52 52 52 52 52 52 52 52 52 52 52 52 52 52 52 52 51 51 50 50 50 50 50 50 50 50 46 41 40 29 22 18 9 8 7 3 3 3 1 
59 50 50 50 50 50 50 50 50 50 50 50 50 50 50 50 50 50 50 50 50 50 50 50 50 50 50 50 50 50 50 50 21 18 3 2 2 2 2 2 2 2 2 2 0 0 0 0 0 0 
52 50 50 50 50 50 50 50 50 50 50 50 50 50 50 50 50 50 50 50 50 50 50 50 50 37 36 33 30 23 20 6 5 0 0 0 0 0 0 0 0 0 0 0 0 0 0 0 0 0 
54 50 50 50 50 50 50 50 50 50 50 50 50 50 50 50 50 50 50 50 50 50 50 50 49 48 46 41 37 37 20 19 15 14 13 1 1 1 1 1 1 1 1 1 1 1 1 1 0 0 
62 52 52 52 52 52 52 52 52 52 52 52 52 52 52 52 52 52 52 52 52 52 52 50 50 50 49 35 18 17 16 13 12 2 2 2 2 2 2 2 2 2 2 2 2 2 2 2 2 0 
60 51 51 51 51 51 51 51 51 51 51 51 51 51 51 51 51 51 51 51 51 51 51 51 50 43 41 32 31 30 30 29 26 25 19 15 15 15 11 3 2 2 2 2 2 2 2 1 1 1 
55 51 51 51 51 51 51 51 51 51 51 51 51 51 51 51 51 51 51 51 51 51 51 51 51 51 51 51 51 51 51 51 51 50 29 22 20 3 3 3 3 3 3 3 3 2 2 1 1 1 
63 52 52 52 52 52 52 52 52 52 52 52 52 52 52 52 52 52 52 52 52 52 52 52 52 52 52 50 47 46 46 45 38 34 34 25 19 4 2 2 2 2 2 2 2 2 2 2 2 2 
61 51 51 51 51 51 51 51 51 51 51 51 51 51 51 51 51 51 51 51 51 51 51 51 51 51 51 51 51 50 50 48 36 35 18 16 16 12 2 2 2 2 2 2 2 2 2 1 1 1 
63 51 51 51 51 51 51 51 51 51 51 51 51 51 51 51 51 51 51 51 51 51 51 51 51 51 51 51 50 50 50 50 49 48 23 20 2 2 2 2 2 2 2 2 2 1 1 1 1 1 
61 52 52 52 52 52 52 52 52 52 52 52 52 52 52 52 52 52 52 52 52 52 52 52 52 52 52 52 52 52 52 50 50 50 38 33 33 26 24 13 12 3 3 3 3 3 3 3 2 1 
54 50 50 50 50 50 50 50 50 50 50 50 50 50 50 50 50 50 50 50 50 50 50 50 50 50 50 50 50 50 50 50 37 26 25 23 19 18 13 0 0 0 0 0 0 0 0 0 0 0 
61 50 50 50 50 50 50 50 50 50 50 50 50 50 50 50 50 50 50 50 50 50 50 50 50 50 50 50 50 50 45 45 44 41 40 39 38 25 15 3 0 0 0 0 0 0 0 0 0 0 
52 51 51 51 51 51 51 51 51 51 51 51 51 51 51 51 51 51 51 51 51 51 51 50 50 50 41 35 32 24 18 17 17 16 14 8 3 2 2 2 2 2 2 1 1 1 1 1 1 1 
61 50 50 50 50 50 50 50 50 50 50 50 50 50 50 50 50 50 50 50 50 50 50 50 50 50 49 44 44 42 42 42 40 35 33 25 25 16 15 14 13 12 11 2 2 2 2 2 0 0 
52 50 50 50 50 50 50 50 50 50 50 50 50 50 50 50 50 50 50 50 50 50 50 50 50 50 50 48 48 46 32 27 21 21 19 15 14 14 14 7 1 1 1 1 1 1 1 1 0 0 
61 50 50 50 50 50 50 50 50 50 50 50 50 50 50 50 50 50 50 50 50 50 50 50 50 41 40 33 32 27 24 22 21 15 13 8 0 0 0 0 0 0 0 0 0 0 0 0 0 0 
57 50 50 50 50 50 50 50 50 50 50 50 50 50 50 50 50 50 50 50 50 50 50 50 48 46 28 22 22 17 5 0 0 0 0 0 0 0 0 0 0 0 0 0 0 0 0 0 0 0 
52 51 51 51 51 51 51 51 51 51 51 51 51 51 51 51 51 51 51 51 51 51 50 50 50 50 47 15 14 14 9 9 6 3 3 3 3 3 3 3 3 3 3 2 2 1 1 1 1 1 
58 52 52 52 52 52 52 52 52 52 52 52 52 52 52 52 52 52 52 52 52 52 52 52 52 52 52 52 52 50 50 50 50 50 49 30 29 28 24 20 14 13 10 9 9 9 8 5 3 2 
58 50 50 50 50 50 50 50 50 50 50 50 50 50 50 50 50 50 50 50 50 50 50 50 50 50 50 50 50 50 50 50 36 32 31 23 16 13 1 1 1 1 1 1 1 1 1 1 0 0 
56 50 50 50 50 50 50 50 50 50 50 50 50 50 50 50 50 50 50 50 50 50 50 50 50 50 50 50 50 50 50 50 48 46 39 37 27 9 0 0 0 0 0 0 0 0 0 0 0 0 
56 50 50 50 50 50 50 50 50 50 50 50 50 50 50 50 50 50 50 50 50 50 50 50 50 48 48 48 44 42 42 40 35 33 18 16 15 12 12 0 0 0 0 0 0 0 0 0 0 0 
64 50 50 50 50 50 50 50 50 50 50 50 50 50 50 50 50 50 50 50 50 50 50 50 50 50 50 50 49 49 44 30 24 22 18 18 16 12 8 3 3 3 3 3 3 3 0 0 0 0 
57 56 50 50 50 50 50 50 50 50 50 50 50 50 50 50 50 50 50 50 50 50 50 50 50 50 50 50 38 25 18 17 17 17 15 14 8 1 1 1 1 1 1 1 1 1 1 1 0 0 
62 60 50 50 50 50 50 50 50 50 50 50 50 50 50 50 50 50 50 50 50 50 46 42 42 40 35 20 4 1 1 1 1 1 1 1 1 1 1 1 0 0 0 0 0 0 0 0 0 0 
57 56 53 53 53 53 53 53 53 53 53 53 53 53 53 53 52 51 50 50 50 50 50 47 45 43 41 29 24 8 8 6 5 4 4 4 4 4 4 4 4 4 3 3 3 3 3 1 1 1 
52 50 50 50 50 50 50 50 50 50 50 50 50 50 50 50 50 50 50 50 50 50 50 50 50 50 50 45 18 18 9 8 4 4 1 0 0 0 0 0 0 0 0 0 0 0 0 0 0 0 
61 57 51 51 51 51 51 51 51 51 51 51 51 51 51 51 51 51 51 51 51 51 50 50 50 50 50 49 49 49 13 7 5 4 4 4 4 4 4 4 4 3 3 3 3 3 3 3 1 1 
66 61 50 50 50 50 50 50 50 50 50 50 50 50 50 50 50 50 50 50 50 50 50 50 50 50 50 50 50 50 50 48 46 41 25 23 13 11 9 6 4 0 0 0 0 0 0 0 0 0 
63 63 50 50 50 50 50 50 50 50 50 50 50 50 50 50 50 50 50 50 50 50 50 50 50 50 50 50 49 49 45 44 44 39 35 33 21 15 15 15 15 5 2 2 2 2 2 2 2 2 
60 59 50 50 50 50 50 50 50 50 50 50 50 50 50 50 50 50 50 50 50 50 50 50 50 50 46 41 41 41 36 24 18 4 1 1 1 1 1 1 1 1 1 0 0 0 0 0 0 0 
69 68 51 51 51 51 51 51 51 51 51 51 51 51 51 51 51 50 50 50 49 48 47 47 46 45 28 28 26 24 17 13 12 6 1 1 1 1 1 1 1 1 1 1 1 0 0 0 0 0 
55 51 50 50 50 50 50 50 50 50 50 50 50 50 50 50 50 50 50 50 50 50 44 43 28 22 20 17 12 5 5 2 2 2 2 2 2 2 2 2 2 2 2 0 0 0 0 0 0 0 
58 55 51 51 51 51 51 51 51 51 51 51 51 51 51 51 51 51 51 51 51 51 51 51 51 51 50 50 50 50 50 50 47 38 37 22 19 17 16 15 6 6 2 2 2 2 1 1 1 1 
63 62 50 50 50 50 50 50 50 50 50 50 50 50 50 50 50 50 50 50 50 50 50 50 49 37 27 23 13 13 11 11 11 11 2 1 1 1 1 1 1 1 1 1 0 0 0 0 0 0 
62 60 52 52 52 52 52 52 52 52 52 52 52 52 52 52 52 52 50 50 50 50 45 37 30 26 21 19 13 12 11 8 7 4 3 3 3 3 3 3 2 2 2 2 1 1 1 1 1 1 
71 66 50 50 50 50 50 50 50 50 50 50 50 50 50 50 50 50 50 50 50 50 50 50 50 50 50 49 44 36 27 20 18 14 14 3 3 3 3 3 3 3 3 3 3 3 3 0 0 0 
