50 50 50 50 50 50 50 50 50 50 27 22 16 7 0 0 0 0 0 0 0 0 0 0 0 0 0 0 0 0 0 0 0 0 0 0 0 0 0 0 0 0 0 0 0 0 0 0 0 0 
77 67 51 50 50 50 50 50 50 50 50 50 50 50 50 50 50 47 32 10 9 8 7 6 1 1 1 1 1 1 1 1 1 1 1 1 1 1 1 1 1 1 1 1 0 0 0 0 0 0 
70 68 65 51 51 51 50 50 50 50 50 50 50 50 50 50 50 50 50 50 50 50 50 50 47 45 36 26 13 10 8 1 1 1 1 1 1 1 1 1 1 1 1 1 1 0 0 0 0 0 
65 64 59 51 51 51 51 51 51 50 50 50 50 50 50 50 50 50 50 50 50 50 50 50 50 48 43 43 38 5 3 1 1 1 1 1 1 1 1 1 1 1 1 1 0 0 0 0 0 0 
71 69 66 51 51 51 51 51 51 51 51 51 51 51 51 50 50 50 50 50 50 50 50 50 49 36 12 9 9 5 2 2 2 2 2 2 2 1 1 1 1 1 1 1 1 1 1 1 1 1 
76 70 66 52 52 51 50 50 50 50 50 50 50 50 50 50 50 50 50 50 50 50 50 50 50 28 11 8 4 2 2 2 2 2 2 2 2 2 2 2 2 2 2 2 0 0 0 0 0 0 
71 63 59 52 51 51 51 50 50 50 50 50 50 50 50 50 50 50 50 49 41 31 28 3 1 1 1 1 1 1 1 1 1 1 1 1 1 1 1 1 1 1 1 1 1 0 0 0 0 0 
70 65 59 54 51 51 51 51 51 51 51 51 51 51 50 50 50 50 50 50 50 50 50 50 47 9 9 7 7 4 1 1 1 1 1 1 1 1 1 1 1 1 1 0 0 0 0 0 0 0 
68 64 62 60 60 53 53 53 53 53 53 53 53 53 53 53 53 53 51 51 51 50 50 50 50 50 42 13 12 10 4 4 4 4 4 4 4 4 4 3 3 3 3 3 3 3 3 1 1 1 
68 68 63 52 52 52 52 52 52 52 52 52 52 52 52 50 50 41 36 20 8 8 4 4 4 4 4 4 4 4 4 4 4 4 4 2 2 2 2 2 2 2 2 2 2 2 2 2 2 2 
76 73 65 54 54 53 53 53 53 53 53 53 53 53 53 53 53 53 53 53 53 53 50 26 10 7 6 4 3 3 3 3 3 3 3 3 3 3 3 3 3 3 3 3 3 3 0 0 0 0 
63 62 61 53 53 53 53 50 50 50 50 50 50 50 50 50 50 50 50 50 50 50 50 16 9 4 4 1 1 1 1 1 1 1 1 1 1 1 1 1 0 0 0 0 0 0 0 0 0 0 
68 66 66 51 51 51 51 50 50 50 50 50 50 50 50 50 50 50 50 50 50 6 4 4 4 2 2 1 1 1 1 1 1 1 1 1 1 1 1 1 1 1 1 1 1 1 0 0 0 0 
67 64 63 56 56 56 56 56 52 51 51 51 51 51 51 51 51 51 50 50 50 50 50 43 12 11 10 7 3 1 1 1 1 1 1 1 1 1 1 1 1 1 1 1 1 1 1 0 0 0 
70 69 63 54 54 53 53 53 51 50 50 50 50 50 50 50 50 50 50 50 50 50 18 15 8 7 6 6 6 2 2 2 2 2 2 2 2 2 2 2 2 2 2 2 2 2 2 0 0 0 
70 70 59 59 59 59 59 59 58 57 51 51 51 51 51 51 51 51 50 50 50 50 50 50 48 27 11 11 11 11 11 9 3 3 3 3 3 3 3 3 3 3 3 3 2 2 2 1 1 1 
73 68 63 53 53 53 53 53 53 53 50 50 50 50 50 50 49 47 46 46 8 4 4 4 4 4 4 4 4 1 1 1 1 1 1 1 1 1 1 1 1 1 1 1 1 0 0 0 0 0 
72 71 60 60 60 60 59 59 59 59 56 51 51 51 51 50 50 50 50 50 50 48 45 30 29 19 11 11 10 2 2 2 2 2 2 2 2 1 1 1 1 1 1 1 1 1 1 1 1 1 
65 64 54 54 54 54 54 53 53 53 53 53 50 50 50 50 50 50 50 50 50 49 49 26 19 12 7 6 5 5 4 4 4 4 3 1 1 1 1 1 1 1 1 1 1 0 0 0 0 0 
64 62 57 57 57 57 57 56 56 56 56 55 54 50 50 50 50 50 50 50 50 50 24 22 19 19 17 16 16 11 10 10 8 8 8 8 7 6 2 2 2 2 2 2 2 2 2 0 0 0 
65 62 59 58 58 58 58 58 58 58 56 56 56 51 51 51 51 51 47 38 30 22 19 10 10 9 9 7 7 2 2 2 2 2 2 2 2 2 2 2 1 1 1 1 1 1 1 1 1 1 
70 69 57 56 56 56 56 56 56 56 56 56 56 56 56 56 55 52 52 52 52 52 52 52 50 50 48 29 22 19 17 8 8 8 8 4 4 4 4 4 4 4 4 4 2 2 2 2 2 2 
73 70 67 57 57 57 57 57 57 57 57 57 57 57 57 56 56 51 51 51 51 50 50 45 43 42 31 20 18 14 10 8 8 8 8 7 6 2 2 2 2 2 2 2 2 2 1 1 1 1 
71 65 62 59 55 53 53 52 52 52 52 52 52 50 50 50 50 50 50 50 50 50 34 31 30 22 20 10 10 9 8 8 7 6 4 3 3 3 1 1 1 1 1 1 1 1 1 1 0 0 
74 71 68 67 59 58 54 54 54 54 54 54 54 54 54 54 54 54 54 52 50 50 50 50 48 46 31 24 11 10 10 9 7 7 6 6 6 6 6 4 2 2 2 2 2 2 2 2 0 0 
78 77 76 68 66 66 64 62 62 60 60 60 59 59 51 51 50 50 50 47 46 45 43 25 22 22 21 20 13 13 11 11 11 11 11 11 11 10 10 10 10 10 8 2 2 1 1 1 1 1 
77 75 75 75 73 67 67 60 56 55 55 54 53 53 53 53 53 53 53 51 50 50 50 50 50 50 50 49 49 48 32 24 18 7 6 6 5 5 4 1 1 1 1 1 1 1 0 0 0 0 
87 76 72 70 67 66 66 66 61 60 60 59 58 57 55 54 54 53 51 51 51 51 51 51 50 50 50 50 50 50 47 46 32 31 22 19 19 18 9 2 2 2 2 1 1 1 1 1 1 1 
88 85 83 79 77 77 77 77 68 68 63 60 58 57 56 56 55 54 53 53 51 50 50 50 48 46 39 38 33 17 13 12 7 6 6 6 6 5 5 5 4 2 2 2 2 2 2 2 2 0 
92 92 90 84 84 80 76 74 74 74 70 68 64 61 59 57 57 57 56 56 55 55 55 54 50 50 50 50 47 43 42 39 37 36 23 13 12 6 5 5 5 5 4 0 0 0 0 0 0 0 
96 95 94 91 85 83 82 81 81 81 78 78 78 72 71 64 59 56 55 54 54 51 50 50 50 49 46 42 42 31 30 30 27 27 15 8 8 8 7 7 5 5 5 5 5 5 1 1 1 1 
89 89 86 85 84 84 84 80 78 78 78 78 58 56 56 56 51 51 51 51 50 50 50 50 48 48 47 46 46 45 45 43 29 21 20 18 13 8 7 3 3 2 1 1 1 0 0 0 0 0 
93 92 87 86 84 84 84 83 83 80 80 80 77 77 76 76 59 56 55 53 51 51 50 50 50 50 50 50 49 49 48 48 47 40 35 31 25 22 19 13 9 7 6 1 1 1 1 1 1 1 
94 92 92 91 90 90 90 89 88 86 80 78 77 76 67 65 63 61 61 58 57 55 53 50 50 50 50 50 50 50 48 48 46 45 39 37 37 34 34 32 30 20 9 9 8 8 0 0 0 0 
95 93 90 89 89 88 88 87 85 82 81 81 74 74 65 64 61 59 54 51 51 50 50 50 50 50 50 50 50 50 50 50 50 50 50 50 48 43 28 21 16 15 10 7 6 3 2 0 0 0 
94 94 94 94 93 92 90 89 89 88 88 88 84 83 69 62 53 53 53 52 52 50 50 50 50 50 50 49 46 42 37 35 35 31 30 27 24 23 23 19 18 17 13 12 9 8 3 3 3 3 
93 92 91 91 91 91 90 90 90 90 89 89 89 88 87 68 66 59 58 51 50 50 50 50 50 50 50 49 46 45 44 43 39 37 32 31 30 29 23 23 22 9 8 6 5 5 1 1 1 0 
93 93 93 93 93 92 89 88 88 87 87 86 85 85 85 82 82 79 67 63 62 61 55 54 53 50 50 50 50 49 49 48 47 47 45 44 43 38 25 22 21 19 18 6 5 1 1 1 1 1 
95 94 94 94 94 94 94 93 93 93 93 93 91 88 87 87 87 87 83 62 61 58 56 55 50 50 50 50 50 50 50 50 47 46 45 44 36 27 27 20 12 8 1 1 1 1 1 1 1 1 
92 92 92 92 92 92 91 90 90 90 89 75 73 69 62 53 50 50 50 50 50 50 50 50 50 50 50 49 48 48 47 46 45 45 43 43 43 38 26 12 12 8 0 0 0 0 0 0 0 0 
97 94 94 94 94 94 93 93 92 92 92 92 91 87 86 84 81 79 78 53 53 51 51 51 51 51 51 51 51 50 50 44 44 35 32 27 24 21 18 18 13 9 4 4 4 4 4 4 4 3 
94 94 94 94 94 93 93 93 92 92 91 88 88 86 86 82 80 80 80 75 72 51 51 50 50 50 50 50 50 49 48 47 46 42 38 37 37 36 27 25 25 18 16 12 4 4 4 1 1 0 
95 94 93 93 93 93 93 93 92 92 89 86 84 84 81 71 67 59 56 52 51 51 51 51 51 51 51 51 51 51 50 50 49 48 47 43 34 34 30 27 24 24 12 10 2 2 2 2 2 2 
92 91 90 90 90 90 90 90 90 90 89 89 88 87 87 80 75 75 61 60 56 55 52 52 52 52 52 52 52 52 52 52 52 52 52 50 46 45 45 39 38 26 23 10 8 6 3 3 3 2 
97 97 97 97 97 97 97 97 97 97 97 96 96 96 95 94 78 69 68 68 60 56 51 50 50 50 50 50 50 49 49 49 49 48 42 30 29 17 15 13 11 7 6 5 1 1 1 0 0 0 
92 92 91 91 90 90 90 90 90 90 90 88 87 86 85 83 76 70 66 64 62 58 58 56 56 55 51 50 50 50 50 49 49 47 45 45 44 44 44 43 25 23 22 20 14 9 5 1 0 0 
94 94 94 94 94 94 94 94 94 94 94 93 92 92 92 80 74 73 68 67 56 54 54 54 52 52 52 52 52 51 51 50 50 50 48 48 46 42 38 31 31 29 28 24 23 19 17 10 4 2 
90 90 89 89 89 89 89 88 88 88 88 85 78 72 68 66 63 63 61 60 60 60 59 57 56 55 51 50 50 50 50 49 49 48 47 47 45 43 41 40 39 28 21 13 10 9 9 5 1 1 
93 93 93 93 93 92 92 92 92 92 92 92 92 91 88 79 79 70 70 60 59 55 54 54 51 50 50 50 50 47 47 47 47 46 44 42 40 6 6 1 1 1 1 1 1 1 1 1 1 1 
97 97 97 97 97 97 96 96 96 96 96 96 95 95 94 93 93 93 75 58 56 55 55 50 50 50 49 49 49 49 49 48 47 47 46 41 40 39 39 38 25 10 3 1 0 0 0 0 0 0 
