50 50 50 50 50 50 50 50 50 35 32 12 1 1 1 1 1 1 1 1 1 1 1 1 1 1 1 1 1 1 1 1 1 1 1 1 1 1 1 0 0 0 0 0 0 0 0 0 0 0 
50 50 50 50 50 50 50 50 50 50 50 50 50 49 43 42 37 35 27 8 4 3 2 0 0 0 0 0 0 0 0 0 0 0 0 0 0 0 0 0 0 0 0 0 0 0 0 0 0 0 
50 50 50 50 50 50 50 50 50 50 50 50 50 50 50 50 50 50 50 50 50 40 19 15 11 9 8 8 4 0 0 0 0 0 0 0 0 0 0 0 0 0 0 0 0 0 0 0 0 0 
50 50 50 50 50 50 50 50 50 50 50 50 50 50 50 50 50 50 50 50 50 50 50 46 24 24 20 11 10 5 4 4 3 3 0 0 0 0 0 0 0 0 0 0 0 0 0 0 0 0 
77 50 50 50 50 50 50 50 50 50 50 50 50 50 50 50 50 50 50 50 50 50 50 50 50 50 36 31 27 12 6 0 0 0 0 0 0 0 0 0 0 0 0 0 0 0 0 0 0 0 
79 52 50 50 50 50 50 50 50 50 50 50 50 50 50 50 50 50 50 50 50 50 49 49 28 25 13 13 5 2 2 2 2 2 2 2 2 2 2 0 0 0 0 0 0 0 0 0 0 0 
73 72 51 51 50 50 50 50 50 50 50 50 50 50 50 50 50 50 50 50 44 35 18 16 11 7 5 3 1 1 1 1 1 1 1 1 1 1 1 1 1 1 1 1 1 1 1 0 0 0 
77 74 52 52 52 52 50 50 50 50 50 50 50 50 50 50 50 50 50 50 50 50 47 28 18 12 12 11 6 5 5 4 4 4 4 4 4 4 4 4 4 2 2 2 2 2 2 2 2 2 
84 77 51 51 51 51 51 51 51 51 50 50 50 50 50 50 50 50 50 50 50 50 50 50 50 50 44 38 35 25 18 18 15 14 8 7 7 7 7 7 4 2 2 2 2 2 1 1 1 1 
80 72 71 54 54 54 54 54 54 54 54 54 54 54 51 51 51 50 50 50 50 50 50 50 50 50 50 44 44 32 23 16 16 14 14 10 9 5 5 5 5 5 5 4 4 1 1 1 1 1 
76 69 69 59 51 51 51 51 51 51 51 51 51 51 51 51 51 51 51 50 50 50 50 50 50 50 26 15 9 6 3 3 3 3 3 3 3 3 3 2 2 2 1 1 1 1 1 1 1 1 
88 81 79 54 50 50 50 50 50 50 50 50 50 50 50 50 50 50 50 50 50 46 39 36 25 17 11 5 4 1 0 0 0 0 0 0 0 0 0 0 0 0 0 0 0 0 0 0 0 0 
82 78 77 56 50 50 50 50 50 50 50 50 50 50 50 50 50 50 50 50 50 50 29 19 17 16 11 3 0 0 0 0 0 0 0 0 0 0 0 0 0 0 0 0 0 0 0 0 0 0 
76 72 72 61 59 51 51 51 51 51 51 51 51 51 51 51 51 50 50 43 24 19 18 12 11 3 3 3 3 3 3 3 3 2 2 2 2 2 2 2 2 1 1 1 1 1 1 1 1 1 
81 77 76 75 54 54 53 50 50 50 50 50 50 50 50 40 29 18 18 18 16 13 13 9 6 5 5 4 4 4 0 0 0 0 0 0 0 0 0 0 0 0 0 0 0 0 0 0 0 0 
76 76 75 75 75 54 54 52 51 51 51 51 50 50 50 50 48 42 39 37 36 23 21 18 15 15 13 13 7 5 1 1 1 1 1 1 1 1 1 1 1 1 1 1 1 1 1 1 1 0 
86 81 81 81 80 59 59 56 50 50 50 50 50 48 46 34 20 20 19 16 15 10 9 8 6 0 0 0 0 0 0 0 0 0 0 0 0 0 0 0 0 0 0 0 0 0 0 0 0 0 
84 82 82 81 81 81 61 59 58 58 58 51 51 51 51 50 50 50 50 50 50 30 30 27 24 8 7 7 2 2 2 2 2 2 2 2 2 2 2 2 2 1 1 1 1 1 1 1 1 1 
79 78 76 76 76 75 57 56 56 56 56 56 53 51 51 50 50 50 50 50 50 50 25 22 21 17 15 6 1 1 1 1 1 1 1 1 1 1 1 1 1 1 1 0 0 0 0 0 0 0 
76 75 73 72 72 72 72 55 54 52 52 52 52 52 52 50 50 50 50 50 50 50 50 50 50 50 50 50 50 50 50 41 20 18 8 8 5 1 1 1 0 0 0 0 0 0 0 0 0 0 
85 81 81 81 81 79 76 55 55 55 55 50 50 50 50 50 50 50 50 50 50 50 50 50 49 49 43 32 24 18 18 10 7 7 5 5 5 2 2 2 2 2 2 2 2 2 0 0 0 0 
82 81 81 81 81 81 81 81 81 79 54 54 52 52 50 50 50 50 50 46 45 44 42 32 27 24 11 11 2 2 2 1 0 0 0 0 0 0 0 0 0 0 0 0 0 0 0 0 0 0 
79 77 74 74 74 74 74 74 74 74 72 55 52 50 50 50 50 50 34 24 23 21 19 19 19 12 12 10 10 8 8 7 6 3 3 3 3 3 3 3 3 2 2 2 2 1 1 1 1 1 
70 68 67 66 66 66 66 66 66 66 65 62 60 50 30 27 19 16 15 11 11 10 10 9 1 1 1 1 1 1 1 1 1 1 1 1 1 1 1 1 1 1 1 1 0 0 0 0 0 0 
85 85 84 84 84 84 84 84 84 84 83 81 76 55 42 29 28 26 25 10 5 4 4 4 4 2 2 2 2 2 2 2 2 2 2 2 2 2 2 2 2 1 1 1 1 1 1 1 1 1 
85 79 79 79 79 79 79 79 79 79 79 78 78 74 49 43 25 19 13 10 9 7 7 7 7 7 7 7 1 1 1 1 1 1 1 1 1 1 1 1 1 1 1 1 1 1 1 1 1 0 
84 81 81 79 79 77 76 76 76 76 76 76 76 76 76 76 69 51 43 34 34 28 28 15 11 11 11 10 8 8 3 3 3 3 3 3 3 3 3 3 3 3 3 3 3 3 3 3 2 1 
83 75 74 74 73 73 73 73 72 72 69 68 68 64 57 48 45 41 39 39 34 29 24 22 20 18 17 15 15 10 10 10 10 9 9 9 9 8 8 8 5 5 5 5 5 5 5 5 5 1 
84 83 83 82 81 81 81 79 79 79 79 64 64 46 35 31 27 26 24 21 12 9 8 7 6 2 2 2 2 2 2 2 2 2 2 2 2 2 2 2 2 2 2 2 2 2 2 2 2 1 
78 78 77 74 74 74 73 73 73 72 68 64 44 33 33 22 14 11 5 5 5 5 5 5 5 5 2 2 2 2 2 2 2 2 2 2 2 2 2 2 2 2 2 2 2 2 1 1 1 1 
81 80 78 76 74 73 73 71 71 71 71 70 63 51 33 32 29 29 26 24 21 19 10 10 9 9 8 8 8 7 7 7 4 4 4 4 4 4 4 4 4 4 4 4 4 4 4 4 4 2 
82 80 79 79 79 78 78 78 78 77 76 66 57 42 36 36 32 28 16 13 5 4 4 4 4 4 4 0 0 0 0 0 0 0 0 0 0 0 0 0 0 0 0 0 0 0 0 0 0 0 
84 80 78 76 76 76 76 75 75 75 71 70 68 68 67 59 52 47 28 13 12 12 10 9 6 6 5 5 5 4 3 3 3 3 3 3 3 3 3 3 3 3 3 3 3 3 3 3 3 1 
83 82 82 81 81 80 78 78 78 75 75 74 72 63 61 32 21 20 18 16 14 9 9 6 5 5 4 3 2 2 2 2 2 2 2 2 2 2 2 2 2 2 2 2 2 2 2 2 1 1 
81 81 81 81 80 79 79 79 79 79 75 59 58 57 50 48 48 48 47 40 37 37 27 23 17 17 15 10 9 8 8 8 8 8 7 7 5 5 5 5 5 5 5 5 5 5 5 5 5 1 
84 84 82 81 79 79 79 79 79 78 78 78 78 75 75 75 68 65 60 56 39 38 26 21 20 17 14 7 7 6 6 6 5 5 5 5 5 5 1 1 1 1 1 1 1 1 1 1 1 1 
88 86 85 85 84 84 84 83 83 83 81 79 79 79 77 77 76 62 58 57 57 52 39 38 27 21 12 11 10 9 6 2 2 2 2 2 1 1 1 1 1 1 1 1 1 1 1 1 1 1 
89 86 86 85 84 83 83 83 83 81 80 75 69 64 61 42 41 27 25 24 10 10 9 8 5 4 4 4 4 4 3 3 3 3 3 3 3 2 2 2 2 2 2 2 2 2 2 2 2 1 
85 82 80 80 79 79 79 78 77 77 76 75 74 74 68 48 45 39 20 12 11 10 9 8 6 6 6 6 6 5 5 2 2 2 2 2 2 2 2 2 2 2 2 2 2 2 2 2 0 0 
84 83 83 81 79 79 79 78 78 77 75 75 67 50 37 29 22 16 13 10 7 7 6 5 5 5 5 5 5 2 2 2 2 2 2 2 2 2 2 2 2 2 2 2 2 2 2 2 0 0 
88 88 87 86 85 84 83 82 82 81 77 74 48 43 37 33 29 18 17 15 12 8 8 8 8 7 7 7 7 7 7 7 2 2 2 2 2 2 2 2 2 2 2 2 2 2 2 0 0 0 
83 80 79 78 78 78 78 77 76 76 76 75 72 71 70 68 67 67 66 53 51 44 31 27 26 18 7 7 6 6 6 6 6 4 4 4 2 1 1 1 1 1 1 1 1 1 1 1 1 1 
83 83 82 80 79 79 78 75 75 72 72 68 61 58 44 39 37 35 26 9 9 5 5 5 5 5 5 5 5 5 5 1 1 1 1 1 1 1 1 1 1 1 1 1 1 1 1 1 1 1 
77 77 77 75 74 74 73 71 71 66 63 61 56 43 41 37 35 30 29 24 24 14 12 12 9 5 3 3 3 3 3 2 0 0 0 0 0 0 0 0 0 0 0 0 0 0 0 0 0 0 
88 86 85 85 85 84 84 82 82 80 70 67 59 50 49 44 43 28 25 20 20 17 10 7 7 7 7 7 7 7 6 5 5 5 5 5 5 5 5 5 5 5 5 5 5 5 5 5 5 5 
88 87 83 83 83 81 80 79 77 76 72 72 71 69 66 31 22 18 8 8 7 4 3 3 3 3 3 3 2 2 2 2 2 2 2 2 2 2 2 2 2 2 2 1 1 1 1 1 1 1 
78 78 77 77 75 75 74 72 72 71 70 70 69 69 65 61 61 59 54 42 41 19 17 16 11 9 6 6 6 6 6 6 4 4 4 4 4 4 4 4 4 4 4 4 4 3 3 3 3 1 
85 85 84 84 82 81 81 81 79 79 78 77 75 75 74 73 71 62 56 54 46 37 33 25 23 22 21 19 18 13 12 10 10 10 8 7 0 0 0 0 0 0 0 0 0 0 0 0 0 0 
85 83 82 82 81 81 81 78 77 77 74 74 71 69 61 61 54 53 53 8 8 8 7 7 6 6 6 6 6 6 6 5 1 1 1 1 1 1 1 1 1 1 1 1 1 1 1 1 1 0 
83 81 80 80 79 79 75 74 72 72 71 55 49 48 44 31 16 8 8 6 6 6 6 5 5 5 5 5 5 5 5 5 5 5 0 0 0 0 0 0 0 0 0 0 0 0 0 0 0 0 
