% Ministry of Cellular Automata
% Project Deux (CS523 Spring 2015)
% Version:v0.1-66-g3e0f-dirty
%  pop:50
%  ic count:100
%  CA Log option:r3/run01
%  width:121
%  max workers:4
%  radius:3
%  iterations:300
%  generations:50

 generation 0.0.0.1.50.50.50.1.1.4.1.1.0.50.50.1.1.50.0.50.50.1.1.1.1.0.1.1.1.50.1.3.28.1.11.1.0.50.1.0.8.50.0.0.50.1.1.0.0.50.0.xover.mutate.done 50
 generation 1.50.50.50.50.50.50.50.50.50.50.0.0.50.0.0.0.0.50.0.50.50.0.16.0.0.26.0.0.0.50.0.50.50.0.0.0.31.5.0.45.17.19.50.10.0.50.0.0.50.0.xover.mutate.done 50
 generation 2.50.50.50.50.50.51.50.50.50.50.2.50.2.2.1.50.51.50.60.2.50.51.50.2.32.51.50.1.2.51.2.51.33.33.50.1.50.2.2.51.2.50.1.1.2.2.21.50.51.50.xover.mutate.done 50
 generation 3.64.52.52.51.52.51.52.52.52.50.43.52.2.52.44.51.50.52.3.50.1.3.1.24.16.3.3.50.5.1.3.71.50.3.50.2.1.51.3.52.50.2.50.52.3.51.3.3.50.50.xover.mutate.done 50
 generation 4.67.63.51.51.51.51.51.51.51.51.51.51.51.52.2.51.2.3.2.51.2.3.50.3.1.3.3.42.1.51.51.52.50.51.1.3.2.2.3.2.1.42.3.2.2.3.52.51.22.14.xover.mutate.done 50
 generation 5.65.58.51.51.51.52.52.52.52.52.1.52.26.45.3.1.52.3.3.1.2.3.3.52.52.52.52.2.3.52.3.1.52.3.50.1.3.36.50.2.3.50.3.52.3.42.1.1.3.3.xover.mutate.done 50
 generation 6.76.63.51.51.51.51.51.51.51.51.1.51.1.1.1.51.0.51.1.43.1.51.51.51.0.51.51.0.0.1.1.51.1.51.1.49.1.51.51.51.51.0.1.49.51.0.1.1.51.51.xover.mutate.done 50
 generation 7.72.68.50.50.50.50.50.50.50.50.50.50.0.50.1.50.1.1.50.50.1.1.50.1.1.1.0.0.50.1.1.8.50.1.50.50.50.50.1.50.36.1.50.50.1.50.50.49.50.50.xover.mutate.done 50
 generation 8.68.63.50.50.50.50.50.50.50.50.50.50.15.0.32.1.0.1.1.0.1.0.50.1.50.43.50.50.50.50.50.1.1.50.50.1.50.50.1.50.0.1.50.50.1.25.50.43.1.1.xover.mutate.done 50
 generation 9.68.60.51.51.51.51.51.51.51.51.3.47.51.41.51.3.51.50.51.51.3.3.51.51.51.3.51.3.3.51.51.3.51.51.51.3.51.3.51.3.3.51.51.51.3.1.51.51.51.51.xover.mutate.done 50
 generation 10.66.61.50.50.50.50.50.50.50.50.50.50.50.1.9.50.50.50.50.50.50.50.1.1.50.50.50.1.50.1.50.1.50.1.1.1.50.50.50.50.50.50.1.50.50.50.50.15.50.1.xover.mutate.done 50
 generation 11.64.58.50.50.50.50.50.50.50.50.0.0.50.50.50.8.0.50.50.0.50.0.50.50.0.50.0.50.10.50.42.0.0.50.50.0.0.0.50.0.50.0.0.50.12.0.21.50.50.43.xover.mutate.done 50
 generation 12.62.59.52.52.52.52.52.52.52.52.52.2.52.50.2.8.2.52.52.2.52.2.2.7.19.11.22.2.10.11.2.2.52.52.52.12.2.10.2.2.23.11.0.52.2.52.52.2.50.52.xover.mutate.done 50
 generation 13.70.69.52.52.52.52.52.52.52.52.25.2.52.0.2.2.2.52.2.2.52.52.52.52.2.52.2.11.2.0.20.52.52.6.52.2.52.2.2.2.52.52.0.2.52.52.58.52.52.52.xover.mutate.done 50
 generation 14.73.65.58.52.52.52.52.52.52.52.2.52.12.2.52.47.52.2.0.2.2.2.52.52.2.28.0.52.52.2.52.2.2.11.52.52.0.2.0.2.52.52.2.2.52.2.52.2.52.52.xover.mutate.done 50
 generation 15.71.65.57.52.52.52.52.52.52.52.50.52.52.50.3.6.3.2.2.1.52.9.52.3.52.52.3.52.2.3.1.3.2.9.52.50.3.52.52.52.2.3.52.2.34.52.3.52.52.34.xover.mutate.done 50
 generation 16.68.64.53.51.51.51.51.51.51.51.3.51.3.18.51.14.51.51.51.3.45.51.51.50.51.51.3.15.2.3.3.51.11.51.12.3.49.3.3.51.2.51.51.51.51.3.51.46.51.45.xover.mutate.done 50
 generation 17.70.60.55.50.50.50.50.50.50.50.50.0.0.0.0.0.0.50.50.0.50.50.0.0.50.0.50.0.28.50.0.0.50.50.0.19.50.50.0.50.0.50.0.50.11.23.0.50.0.47.xover.mutate.done 50
 generation 18.67.63.51.51.51.51.51.51.51.51.2.51.1.2.51.2.51.2.2.51.2.41.1.2.13.51.1.51.2.51.51.51.51.51.22.1.51.51.2.4.2.51.2.2.50.51.51.51.2.51.xover.mutate.done 50
 generation 19.69.69.55.52.52.52.52.52.52.52.50.2.2.52.52.52.52.2.52.52.52.2.2.52.2.2.2.2.52.2.2.52.52.52.2.52.15.52.2.52.2.43.2.52.52.52.52.2.2.2.xover.mutate.done 50
 generation 20.73.62.48.50.50.50.50.50.50.50.50.3.3.50.50.0.50.3.50.50.40.18.50.50.50.50.50.50.23.50.50.50.45.50.50.50.3.50.3.50.3.10.50.3.3.50.3.7.3.50.xover.mutate.done 50
 generation 21.71.63.50.50.50.50.50.50.50.50.23.50.63.50.27.50.50.1.50.17.1.50.1.50.50.50.50.50.1.50.50.6.11.0.50.0.50.50.1.1.1.50.50.50.50.50.0.50.25.0.xover.mutate.done 50
 generation 22.74.58.64.50.50.50.50.50.50.50.50.50.9.0.10.29.50.50.50.50.50.50.0.0.0.0.0.0.0.0.0.50.0.8.0.50.0.0.50.50.50.50.50.50.12.0.50.0.20.0.xover.mutate.done 50
 generation 23.71.71.67.52.52.52.52.52.52.52.52.52.52.4.52.4.52.52.2.52.2.52.2.52.4.4.52.4.2.32.50.4.21.17.2.17.2.52.2.4.67.52.52.2.52.52.52.52.52.50.xover.mutate.done 50
 generation 24.76.71.63.69.52.52.52.52.52.52.3.52.52.52.52.22.1.2.3.52.52.3.3.52.52.52.2.52.69.52.1.2.3.44.3.52.21.50.71.14.3.1.2.52.52.7.50.1.43.3.xover.mutate.done 50
 generation 25.69.64.67.59.67.66.52.52.52.52.2.39.3.50.3.2.3.3.24.3.49.50.3.3.52.2.52.52.3.36.50.2.52.2.1.3.50.2.11.50.2.2.25.1.52.3.52.52.4.3.xover.mutate.done 50
 generation 26.68.58.66.54.60.61.52.52.52.52.52.52.52.2.50.52.0.50.2.52.52.2.50.54.52.52.2.2.2.50.0.50.50.2.50.52.52.52.2.0.2.50.32.2.52.59.2.2.22.52.xover.mutate.done 50
 generation 27.65.64.60.58.62.62.55.60.50.50.6.0.50.0.0.0.0.0.50.31.50.50.50.50.0.0.0.0.0.6.0.0.50.0.0.50.0.0.0.9.0.0.22.0.6.0.52.0.54.0.xover.mutate.done 50
 generation 28.63.55.56.58.50.56.55.58.57.53.0.0.0.50.46.0.0.0.0.0.0.21.0.0.0.50.0.50.28.0.3.0.0.0.0.0.0.0.0.0.0.3.0.50.0.0.50.3.0.0.xover.mutate.done 50
 generation 29.65.59.49.61.55.69.62.59.55.63.1.21.18.0.1.23.1.1.1.59.50.11.29.14.0.6.49.52.1.1.1.1.1.0.24.6.1.0.17.40.27.49.0.1.63.50.1.1.0.1.xover.mutate.done 50
 generation 30.64.68.60.60.67.68.69.69.69.65.0.0.0.0.51.0.8.1.20.14.60.3.10.0.55.0.0.0.0.55.0.50.30.0.50.34.0.0.0.37.27.54.50.50.0.0.0.16.0.0.xover.mutate.done 50
 generation 31.64.67.67.76.66.67.69.74.61.61.0.49.34.8.5.9.1.4.1.37.50.1.6.1.1.74.1.1.61.1.1.32.1.1.0.6.1.0.68.0.1.55.1.1.18.1.37.4.0.1.xover.mutate.done 50
 generation 32.71.68.77.67.64.67.67.73.70.63.50.26.32.25.60.3.0.3.54.64.0.50.19.47.9.17.54.20.7.9.50.3.34.39.7.17.0.3.3.3.3.7.3.67.55.3.3.9.43.19.xover.mutate.done 50
 generation 33.69.69.66.60.66.58.63.63.63.56.53.53.25.14.27.2.19.30.2.17.2.10.15.44.40.12.2.2.54.0.2.40.27.45.10.8.2.2.2.50.50.0.0.2.53.44.59.2.0.0.xover.mutate.done 50
 generation 34.74.63.71.71.71.71.64.61.63.67.26.2.45.42.0.10.46.49.82.31.11.46.66.67.2.56.13.7.0.45.2.2.40.11.13.15.2.21.2.56.0.16.2.2.18.36.47.45.0.20.xover.mutate.done 50
 generation 35.77.69.72.66.66.66.65.69.62.75.1.34.27.33.17.1.1.16.9.24.73.54.16.61.22.1.18.1.53.21.34.32.12.1.7.6.20.53.19.58.15.68.39.47.20.54.1.0.67.1.xover.mutate.done 50
 generation 36.83.60.68.70.69.70.61.70.72.70.1.24.1.14.1.76.1.7.12.1.58.43.64.14.22.9.43.59.10.1.16.1.6.69.1.32.16.29.1.69.25.1.27.38.25.12.1.1.17.45.xover.mutate.done 50
 generation 37.77.70.72.71.68.71.67.74.67.69.2.11.21.20.12.1.51.51.2.2.1.2.8.64.24.1.1.38.2.2.33.10.46.32.2.2.1.45.1.27.2.72.41.16.2.73.1.2.76.1.xover.mutate.done 50
 generation 38.80.68.62.63.60.66.70.60.71.66.2.2.2.51.6.45.8.2.62.2.21.2.2.2.45.8.27.2.6.16.15.2.2.2.52.2.37.6.2.21.2.62.18.2.43.2.41.54.36.20.xover.mutate.done 50
 generation 39.82.74.69.76.72.74.70.73.64.64.1.1.46.56.1.56.1.57.1.56.1.35.41.39.19.52.38.3.1.53.1.9.1.31.9.20.1.45.1.5.21.53.36.70.1.9.22.60.3.1.xover.mutate.done 50
 generation 40.80.69.73.72.69.70.65.69.68.60.19.57.0.36.73.62.2.0.0.16.19.0.13.2.0.66.0.14.70.18.40.67.70.0.57.4.55.0.0.0.55.18.53.55.0.47.17.0.27.53.xover.mutate.done 50
 generation 41.76.71.68.62.70.68.66.66.67.64.2.24.13.34.2.19.24.66.42.2.2.0.42.2.2.19.22.2.0.2.2.0.23.2.52.17.8.0.0.2.0.9.38.8.2.18.56.0.15.26.xover.mutate.done 50
 generation 42.81.68.66.74.66.69.68.67.67.69.22.8.1.7.1.36.1.1.42.25.1.5.1.59.59.37.69.14.32.21.6.8.39.54.5.5.5.30.1.22.1.55.64.6.0.1.5.71.29.1.xover.mutate.done 50
 generation 43.79.75.69.65.65.64.67.67.68.68.1.1.36.1.1.14.26.72.63.1.3.25.0.1.42.1.60.1.26.33.1.5.9.65.4.16.3.41.52.20.4.15.59.71.10.3.13.1.1.1.xover.mutate.done 50
 generation 44.79.78.75.65.66.71.71.67.72.72.14.24.8.46.67.1.48.10.71.74.27.56.7.1.69.25.60.1.1.1.30.1.1.24.7.1.47.6.0.0.36.1.1.74.1.1.64.13.0.8.xover.mutate.done 50
 generation 45.82.78.71.76.70.70.71.68.68.65.19.26.7.42.0.1.12.47.8.1.0.5.48.1.1.0.44.1.1.1.75.29.0.1.26.14.68.19.1.29.47.15.1.1.5.19.53.1.54.32.xover.mutate.done 50
 generation 46.78.75.71.71.61.66.71.68.69.69.1.20.3.1.3.44.3.14.16.3.1.3.1.1.4.46.10.63.4.4.23.3.20.36.1.4.12.1.1.1.1.1.58.27.41.27.1.5.71.3.xover.mutate.done 50
 generation 47.76.79.75.72.73.75.70.70.69.65.3.77.62.3.68.5.71.22.10.13.3.3.55.3.3.5.1.6.3.6.3.3.3.55.3.31.66.4.9.24.6.69.3.3.3.7.3.37.3.7.xover.mutate.done 50
 generation 48.70.68.74.67.68.67.71.66.62.62.18.32.24.39.12.0.0.0.30.0.6.0.69.0.8.0.52.0.8.0.7.31.7.41.0.43.37.68.69.62.0.7.0.0.7.33.0.7.41.48.xover.mutate.done 50
 generation 49.75.69.70.63.68.62.61.65.69.63.13.39.2.2.7.8.8.19.2.2.62.5.2.57.17.33.2.5.2.7.2.37.30.5.2.15.3.49.18.6.56.51.42.3.2.64.13.3.62.7.xover.mutate.done 50
 51333444 iters     718062 iter/sec (71.49 s)
 total time: 71.49
