% Ministry of Cellular Automata
% Project Deux (CS523 Spring 2015)
% Version:v0.1-66-g3e0f-dirty
%  pop:50
%  ic count:100
%  CA Log option:r3/run03
%  width:121
%  max workers:4
%  radius:3
%  iterations:300
%  generations:50

 generation 0.0.1.1.1.1.50.1.0.1.1.1.1.50.50.1.1.50.12.1.1.0.50.1.50.1.0.1.1.6.1.1.1.1.1.50.1.1.35.1.0.0.1.1.1.1.50.1.1.1.1.xover.mutate.done 50
 generation 1.50.50.50.50.50.50.50.52.33.15.2.2.2.2.2.50.0.2.0.2.0.50.50.0.2.0.2.50.0.2.0.5.2.2.2.0.0.2.0.0.0.52.8.2.2.0.50.50.0.2.xover.mutate.done 50
 generation 2.50.50.50.50.50.50.50.50.50.50.65.50.0.50.50.50.0.0.0.0.5.0.0.0.67.0.0.32.0.0.47.0.0.0.40.0.0.0.50.50.50.0.0.50.0.50.50.0.0.0.xover.mutate.done 50
 generation 3.71.63.51.51.50.50.50.50.50.50.2.52.57.2.2.3.3.21.2.51.6.50.52.1.2.2.2.56.3.3.50.50.2.51.6.7.3.52.54.10.50.3.2.1.3.51.3.50.2.1.xover.mutate.done 50
 generation 4.58.53.42.54.42.50.50.50.51.51.1.54.50.51.50.50.8.0.1.1.51.1.50.1.50.18.50.50.51.51.0.1.51.0.50.0.1.50.29.1.1.51.50.7.51.4.1.50.50.50.xover.mutate.done 50
 generation 5.75.62.61.65.50.50.50.50.50.50.2.50.0.68.0.0.0.0.0.50.12.38.0.0.50.12.0.50.0.50.0.50.0.50.0.50.0.0.0.0.46.50.50.50.50.0.50.50.0.0.xover.mutate.done 50
 generation 6.69.64.61.53.56.52.52.52.52.52.0.52.0.50.0.50.2.2.50.50.2.50.2.50.0.54.52.33.2.10.21.67.2.2.50.23.9.44.52.53.2.28.52.2.53.49.50.2.38.2.xover.mutate.done 50
 generation 7.65.58.66.63.53.53.55.55.55.50.28.1.1.1.8.0.50.1.51.42.44.0.0.17.50.34.50.1.50.50.39.59.1.1.1.9.50.0.50.12.1.1.1.1.22.0.50.34.0.1.xover.mutate.done 50
 generation 8.56.55.47.69.70.57.57.57.47.52.1.50.50.50.0.50.22.1.50.1.1.50.51.1.18.1.1.50.50.50.70.0.50.50.1.50.1.1.0.1.1.50.7.1.50.1.1.1.50.1.xover.mutate.done 50
 generation 9.66.66.69.57.57.57.65.63.56.53.41.6.6.8.47.3.14.50.3.3.50.3.6.3.48.6.57.6.69.57.7.3.6.25.50.3.6.7.3.3.55.50.3.6.6.3.6.14.58.91.xover.mutate.done 50
 generation 10.91.68.68.68.68.60.62.52.52.52.0.1.0.54.48.1.1.49.20.0.1.0.50.50.2.20.50.0.1.4.0.0.48.47.11.1.50.16.12.50.50.52.27.2.6.50.18.5.1.0.xover.mutate.done 50
 generation 11.94.64.64.65.65.72.66.60.56.55.78.55.1.1.11.17.1.0.1.51.1.31.5.34.1.1.9.18.8.1.5.9.55.24.55.50.23.1.0.59.1.11.51.1.29.1.64.19.1.1.xover.mutate.done 50
 generation 12.92.71.65.60.63.63.65.65.65.55.52.11.54.2.24.10.5.13.35.50.22.23.58.5.3.12.52.7.3.55.2.55.37.3.3.56.22.11.11.5.12.5.18.5.78.3.3.3.3.17.xover.mutate.done 50
 generation 13.90.72.69.60.61.61.61.61.61.60.50.10.54.4.4.8.39.1.1.4.6.57.1.21.50.74.1.15.27.53.1.18.1.22.20.50.1.4.1.3.35.13.17.1.57.50.3.1.45.13.xover.mutate.done 50
 generation 14.92.72.79.64.66.66.66.66.66.71.50.28.7.4.0.54.0.53.1.50.53.0.24.11.0.0.50.56.56.0.62.0.50.19.0.16.11.0.17.57.3.63.0.50.6.50.2.64.0.20.xover.mutate.done 50
 generation 15.90.85.73.63.67.67.67.67.67.66.1.67.1.8.40.23.50.1.1.7.3.0.1.10.67.23.1.1.50.1.67.6.60.1.0.46.54.0.42.8.39.50.1.1.0.49.0.1.50.8.xover.mutate.done 50
 generation 16.89.68.75.68.68.68.69.69.71.68.0.50.46.2.0.6.50.15.60.50.31.87.50.0.25.0.52.0.29.68.42.50.3.52.0.49.50.0.49.53.7.0.0.70.3.7.0.37.0.61.xover.mutate.done 50
 generation 17.86.87.76.65.73.62.62.77.62.62.57.0.2.2.54.2.10.45.50.58.43.51.36.51.60.53.27.49.2.16.2.16.51.0.2.37.3.25.2.58.50.2.2.2.19.20.50.2.48.10.xover.mutate.done 50
 generation 18.86.93.83.78.78.70.72.72.70.70.52.63.13.52.52.63.57.5.2.13.5.63.60.5.38.14.39.5.28.6.26.42.52.48.20.5.5.22.52.49.16.19.2.52.5.35.35.5.5.86.xover.mutate.done 50
 generation 19.87.89.80.80.76.71.66.66.64.67.52.50.52.52.52.2.13.52.67.2.64.9.83.16.22.44.50.45.47.9.2.19.2.10.48.2.2.2.12.2.61.14.24.5.2.58.2.2.2.2.xover.mutate.done 50
 generation 20.89.91.80.81.74.72.70.65.65.67.43.50.47.47.1.41.27.1.1.50.1.1.1.1.12.50.75.1.1.1.1.17.1.44.1.81.50.1.1.10.81.1.44.8.13.18.56.22.1.11.xover.mutate.done 50
 generation 21.91.79.78.78.83.75.71.76.71.72.12.5.1.4.50.39.1.50.39.10.72.1.82.46.83.45.68.1.6.0.55.1.5.6.18.9.6.50.1.50.21.5.11.15.1.39.6.4.15.1.xover.mutate.done 50
 generation 22.94.86.86.84.85.84.77.76.78.70.77.41.49.16.2.38.51.8.43.2.2.43.36.2.14.6.47.58.14.24.29.42.2.1.1.8.51.72.47.61.57.2.51.8.87.31.59.14.10.2.xover.mutate.done 50
 generation 23.90.81.88.88.82.83.82.79.76.76.5.2.10.32.15.55.2.2.7.20.0.14.2.2.50.61.20.4.12.43.7.6.33.55.2.9.12.28.8.8.62.22.14.50.16.32.64.0.54.48.xover.mutate.done 50
 generation 24.88.86.86.80.89.85.80.81.82.82.4.46.65.11.49.64.4.11.4.4.2.47.10.9.50.48.65.50.46.85.16.44.45.70.36.2.46.59.48.51.52.48.47.47.26.73.59.44.8.24.xover.mutate.done 50
 generation 25.90.89.91.91.89.87.84.84.88.88.1.57.50.1.66.44.61.40.61.8.56.85.48.11.56.46.1.31.39.14.42.1.43.1.51.8.51.22.42.25.8.30.39.42.42.6.85.11.53.43.xover.mutate.done 50
 generation 26.85.86.79.98.83.79.85.84.78.85.48.2.45.48.51.2.5.4.33.28.2.51.20.86.2.42.54.26.2.68.51.61.43.2.50.51.13.50.44.9.17.46.51.80.42.60.2.7.28.51.xover.mutate.done 50
 generation 27.90.84.86.86.84.79.81.81.81.86.56.2.7.13.6.2.2.35.79.41.58.35.45.50.49.54.2.19.2.2.16.56.4.2.5.48.50.21.48.22.7.6.29.6.2.2.42.17.85.54.xover.mutate.done 50
 generation 28.88.83.87.88.87.86.82.84.85.77.25.0.56.27.38.90.29.50.24.0.60.14.56.0.20.84.49.12.50.49.0.23.44.7.13.0.77.87.27.61.40.0.52.87.27.72.49.0.56.42.xover.mutate.done 50
 generation 29.91.88.77.84.86.86.86.83.78.89.3.3.46.3.82.86.78.27.39.29.48.25.51.85.75.20.14.71.17.8.90.51.27.67.46.57.24.70.51.53.81.86.69.14.39.47.45.65.12.81.xover.mutate.done 50
 generation 30.94.90.87.94.86.86.86.86.87.82.29.41.52.15.51.51.88.48.3.34.51.82.48.86.51.35.53.85.49.30.51.50.7.55.50.19.56.8.48.86.18.6.14.47.30.61.1.46.37.49.xover.mutate.done 50
 generation 31.92.89.88.84.84.82.83.83.83.83.86.84.45.19.40.35.50.43.33.50.49.51.56.73.43.51.49.74.0.85.27.26.42.48.78.39.84.38.36.43.79.14.48.75.47.50.1.71.1.79.xover.mutate.done 50
 generation 32.89.93.92.89.82.90.87.73.88.90.39.0.46.2.46.90.24.0.0.50.64.58.59.18.83.86.83.55.42.0.92.50.78.43.25.45.26.43.31.48.41.0.88.56.50.0.42.47.48.11.xover.mutate.done 50
 generation 33.91.90.90.86.85.85.90.85.85.90.2.50.51.49.52.28.8.83.51.4.84.46.84.42.50.50.7.30.46.57.42.55.44.91.47.50.50.2.9.46.2.46.2.75.84.66.9.57.43.48.xover.mutate.done 50
 generation 34.92.93.87.89.89.89.81.85.85.83.2.2.7.2.58.13.51.31.44.37.37.35.51.51.50.56.2.76.21.2.36.2.48.2.51.2.48.51.53.43.51.33.2.2.19.88.8.2.57.9.xover.mutate.done 50
 generation 35.91.94.89.90.90.93.86.84.84.84.50.22.72.50.50.34.77.49.61.58.50.33.12.10.39.3.50.19.50.3.47.3.89.29.60.50.50.3.58.44.3.12.21.3.91.13.73.0.0.50.xover.mutate.done 50
 generation 36.95.95.96.96.94.95.95.95.93.92.8.26.89.83.9.51.48.51.50.1.50.87.14.1.87.51.28.12.51.51.13.51.95.47.44.24.1.51.79.47.45.12.47.48.58.51.1.48.31.51.xover.mutate.done 50
 generation 37.94.93.90.92.91.93.91.91.90.89.91.50.15.14.57.49.92.93.63.46.90.67.18.50.50.12.3.47.58.50.47.50.45.50.49.50.50.53.45.50.48.84.48.50.49.50.71.3.96.18.xover.mutate.done 50
 generation 38.92.94.95.95.91.93.93.92.92.92.93.90.50.51.50.28.50.50.50.45.1.49.1.51.1.50.91.8.50.1.50.6.94.45.50.92.50.76.28.49.1.44.38.86.91.1.92.57.36.50.xover.mutate.done 50
 generation 39.90.89.88.88.88.90.88.89.91.90.51.2.25.2.50.51.19.64.2.46.2.49.42.21.2.49.91.42.7.88.2.51.75.49.13.51.2.49.2.51.65.43.90.21.48.88.50.82.88.80.xover.mutate.done 50
 generation 40.95.94.91.91.94.89.94.89.94.93.26.14.4.57.51.19.51.50.50.48.52.3.50.51.3.94.50.50.39.51.4.17.53.30.51.56.4.1.53.90.51.4.21.39.6.10.47.13.50.43.xover.mutate.done 50
 generation 41.93.88.93.88.92.88.89.92.87.83.21.4.15.50.50.0.0.50.25.50.0.32.50.11.52.81.50.50.50.0.50.67.0.0.10.1.22.50.0.41.89.19.14.92.0.0.50.50.0.0.xover.mutate.done 50
 generation 42.91.93.90.90.92.91.91.91.91.90.62.41.0.50.90.27.0.45.46.0.21.49.50.8.20.91.19.0.0.50.50.50.6.0.25.53.0.45.49.50.11.50.50.50.0.39.36.50.91.32.xover.mutate.done 50
 generation 43.88.89.87.88.88.88.88.90.90.87.13.29.1.51.20.50.50.10.28.46.51.51.1.40.76.51.1.9.45.50.51.1.17.50.1.6.48.1.0.50.44.17.0.26.61.0.45.48.26.45.xover.mutate.done 50
 generation 44.94.93.96.96.95.95.91.94.95.96.51.50.94.51.0.0.33.2.95.1.1.95.13.14.56.1.1.34.1.1.1.43.34.1.1.51.47.18.36.1.16.45.1.51.2.1.10.1.96.0.xover.mutate.done 50
 generation 45.96.93.94.95.95.95.94.95.95.95.1.1.1.1.49.25.1.49.94.11.50.95.40.50.50.33.50.50.1.70.51.24.50.48.48.1.94.47.54.50.34.91.42.13.2.97.49.6.58.16.xover.mutate.done 50
 generation 46.93.93.92.91.91.91.91.90.90.92.83.0.0.10.0.0.47.54.0.71.50.47.50.48.55.50.7.73.49.13.49.50.59.3.50.90.50.0.58.50.44.50.93.50.84.13.58.50.52.0.xover.mutate.done 50
 generation 47.88.91.81.90.90.92.92.92.92.94.72.92.15.90.51.16.46.57.51.69.2.49.2.2.50.50.51.51.2.26.49.50.54.66.1.41.33.63.2.72.47.1.46.51.59.46.1.46.1.2.xover.mutate.done 50
 generation 48.89.90.90.90.90.91.90.87.93.90.46.52.52.1.50.3.51.56.90.42.11.22.50.3.52.62.52.64.63.53.6.71.27.85.50.22.3.50.45.49.49.89.50.58.89.75.52.93.50.46.xover.mutate.done 50
 generation 49.91.91.91.89.89.89.89.93.90.89.50.50.64.81.90.35.91.7.49.36.91.0.64.85.88.58.50.46.31.50.50.0.46.47.83.21.50.50.89.46.49.58.38.21.50.0.52.18.50.60.xover.mutate.done 50
 35256121 iters     694657 iter/sec (50.75 s)
 total time: 50.75
