% Ministry of Cellular Automata
% Project Deux (CS523 Spring 2015)
% Version:v0.1-66-g3e0f-dirty
%  pop:50
%  ic count:100
%  CA Log option:r3/run04
%  width:121
%  max workers:4
%  radius:3
%  iterations:300
%  generations:50

 generation 0.1.3.3.3.50.6.3.2.2.3.1.2.50.2.3.1.2.50.3.1.50.1.1.3.1.11.3.50.2.3.1.1.3.3.7.50.3.1.3.3.3.20.2.1.2.50.50.1.50.50.xover.mutate.done 50
 generation 1.50.50.50.50.50.50.50.50.50.50.0.0.0.0.0.38.50.0.0.50.21.0.0.0.0.4.4.0.27.7.0.0.50.0.50.0.0.0.0.0.4.0.0.50.0.0.5.47.0.7.xover.mutate.done 50
 generation 2.50.50.50.50.50.50.50.50.50.50.31.50.51.4.10.4.55.19.50.50.3.4.50.4.12.53.65.53.51.50.1.1.36.51.53.50.5.10.51.1.53.1.4.4.50.4.4.4.53.1.xover.mutate.done 50
 generation 3.68.57.50.50.50.50.50.51.51.51.50.51.1.50.46.51.46.50.1.13.1.11.50.64.50.50.1.11.8.0.1.50.50.50.51.51.50.1.50.0.50.1.0.50.0.1.40.50.32.50.xover.mutate.done 50
 generation 4.64.58.54.51.51.51.51.51.51.51.1.21.2.51.2.54.81.14.22.51.50.1.2.1.51.2.13.2.9.2.1.51.2.1.56.1.31.1.49.1.1.2.51.51.1.1.2.50.51.2.xover.mutate.done 50
 generation 5.76.71.57.55.53.53.51.51.51.51.3.3.3.11.3.52.3.2.3.3.4.43.3.7.1.52.15.3.15.2.52.54.79.3.3.2.11.9.6.9.3.2.3.6.3.11.3.3.51.6.xover.mutate.done 50
 generation 6.81.75.72.62.62.57.57.57.51.51.9.76.57.6.1.1.27.11.8.10.1.5.1.55.1.20.51.20.1.8.51.1.31.36.1.1.1.1.11.24.1.57.1.8.50.1.1.0.59.61.xover.mutate.done 50
 generation 7.73.64.69.60.61.58.57.57.56.56.6.56.14.14.0.9.76.1.5.53.35.1.0.25.20.40.49.3.1.4.8.1.25.9.8.51.66.6.75.1.7.41.8.57.4.20.1.1.48.1.xover.mutate.done 50
 generation 8.80.79.79.79.76.67.57.68.60.60.50.20.10.14.50.45.1.1.59.59.12.1.30.0.59.51.22.50.17.20.79.50.57.50.9.1.10.1.0.60.18.1.50.1.39.50.18.10.1.20.xover.mutate.done 50
 generation 9.78.78.77.74.76.72.59.70.58.57.1.27.1.50.8.39.50.51.4.13.62.12.51.56.1.50.1.55.5.1.29.49.50.55.0.47.58.10.1.50.50.8.1.0.53.1.10.6.3.51.xover.mutate.done 50
 generation 10.83.82.81.80.78.75.70.68.69.60.2.2.82.2.51.51.7.50.10.50.30.50.2.51.1.2.50.38.44.1.50.1.62.2.47.13.2.4.11.60.26.50.13.1.1.51.13.50.1.1.xover.mutate.done 50
 generation 11.76.76.76.75.76.69.71.61.64.60.8.13.8.2.1.4.1.53.8.3.7.1.4.31.2.1.59.2.25.51.51.36.7.41.28.45.19.32.51.1.37.2.2.51.36.50.50.23.50.2.xover.mutate.done 50
 generation 12.81.82.82.81.82.72.75.72.76.71.50.16.10.1.50.46.50.1.13.38.1.25.9.1.29.26.50.0.57.50.62.1.49.1.22.1.50.21.1.51.1.1.45.1.1.46.1.51.50.25.xover.mutate.done 50
 generation 13.84.84.83.84.82.71.79.73.68.65.71.8.50.1.37.43.50.35.7.42.50.59.1.0.50.94.1.22.1.0.0.1.2.50.1.50.0.13.50.8.47.1.50.12.29.50.1.1.51.3.xover.mutate.done 50
 generation 14.90.74.74.74.74.75.70.69.69.69.0.50.50.0.29.74.35.0.50.0.8.50.0.87.15.23.0.10.22.15.0.57.44.63.0.0.86.17.17.0.74.0.0.0.0.34.50.0.6.54.xover.mutate.done 50
 generation 15.94.87.89.83.83.83.83.83.82.83.41.3.13.56.68.4.83.82.1.50.4.50.1.4.1.32.36.50.43.4.50.27.11.36.58.45.13.47.51.36.4.83.22.3.79.1.16.3.3.4.xover.mutate.done 50
 generation 16.90.86.84.72.75.75.75.74.72.74.11.9.78.12.6.37.0.25.48.11.18.49.7.4.61.2.29.2.15.50.31.0.2.2.13.9.8.55.11.35.33.50.19.86.50.27.69.2.9.2.xover.mutate.done 50
 generation 17.89.87.87.80.82.79.79.79.79.80.66.53.37.54.32.50.14.11.0.79.50.32.3.87.49.25.53.79.26.67.47.4.33.61.50.28.15.50.33.33.8.31.51.55.49.25.88.0.9.48.xover.mutate.done 50
 generation 18.92.90.86.86.86.78.85.77.78.78.8.50.50.30.28.50.0.17.78.80.55.5.0.53.77.57.25.17.54.54.50.3.43.20.50.77.1.51.72.86.55.8.71.36.7.77.51.78.35.50.xover.mutate.done 50
 generation 19.90.92.90.90.90.90.87.81.83.81.34.12.36.50.78.26.90.51.28.28.62.81.15.62.78.59.29.57.33.56.30.59.51.91.5.3.91.61.51.57.57.91.21.57.56.83.43.9.11.53.xover.mutate.done 50
 generation 20.89.92.90.92.92.87.87.87.87.85.68.65.2.16.47.90.73.72.2.11.28.32.87.29.66.87.50.3.13.2.81.12.47.56.2.49.56.53.83.59.60.50.72.38.1.68.36.17.32.7.xover.mutate.done 50
 generation 21.93.93.90.89.85.91.85.86.86.86.47.52.53.90.14.50.60.34.9.37.9.45.49.7.57.31.43.78.69.4.61.55.50.5.40.56.74.37.31.68.40.57.18.47.3.5.9.43.10.56.xover.mutate.done 50
 generation 22.87.87.90.91.82.89.87.87.87.89.78.64.72.60.63.34.13.82.55.9.88.33.25.50.55.13.32.8.51.38.1.63.2.54.47.87.56.88.25.87.50.30.87.10.87.51.41.87.87.63.xover.mutate.done 50
 generation 23.92.89.91.85.90.89.93.93.90.90.70.81.50.38.44.70.92.85.51.28.82.16.18.25.53.26.50.7.51.47.29.83.42.90.25.51.25.55.82.85.11.85.60.50.50.15.1.50.12.12.xover.mutate.done 50
 generation 24.94.94.95.95.95.94.93.93.95.93.7.71.36.43.24.40.50.60.68.14.16.43.17.42.20.50.0.54.50.56.42.45.39.63.0.6.50.56.28.77.43.23.42.0.50.5.64.27.94.25.xover.mutate.done 50
 generation 25.92.90.91.90.89.89.90.92.89.89.51.76.25.51.6.56.87.54.50.54.50.28.50.5.27.6.33.51.5.90.48.49.50.87.39.47.30.34.90.58.32.62.50.64.1.55.50.65.50.50.xover.mutate.done 50
 generation 26.91.89.86.89.88.87.87.91.89.89.10.61.10.52.18.88.56.49.21.49.50.73.40.50.9.50.2.73.37.50.68.52.75.72.50.2.17.85.2.90.29.14.50.59.23.60.10.58.16.60.xover.mutate.done 50
 generation 27.95.96.95.95.95.95.95.96.96.95.53.0.0.0.0.96.15.39.15.50.62.38.53.50.57.63.17.21.33.46.50.46.14.0.34.63.47.50.50.62.50.62.93.50.61.30.75.49.0.49.xover.mutate.done 50
 generation 28.93.92.90.91.93.94.94.94.94.94.93.48.9.57.57.57.9.6.87.18.20.57.35.28.36.34.92.62.13.54.1.44.10.51.9.90.45.51.52.52.91.52.14.1.51.42.10.16.51.57.xover.mutate.done 50
 generation 29.94.94.94.92.92.93.92.93.91.91.19.90.47.9.45.3.20.74.12.22.62.10.72.0.59.69.10.53.44.57.57.89.7.50.84.93.45.52.81.56.11.50.50.54.50.3.79.48.53.67.xover.mutate.done 50
 generation 30.90.89.88.92.88.88.88.88.89.83.8.16.33.10.49.8.59.72.2.2.88.8.10.50.17.95.75.75.10.73.13.75.43.2.36.2.29.70.8.10.13.37.47.2.2.21.88.2.60.46.xover.mutate.done 50
 generation 31.93.94.93.93.92.93.91.91.93.93.51.68.33.7.59.82.91.86.29.56.50.56.45.31.8.28.51.33.87.7.50.87.87.1.58.1.59.92.51.51.47.77.86.86.43.31.27.8.35.86.xover.mutate.done 50
 generation 32.86.92.89.88.88.85.85.89.87.88.16.21.24.1.59.7.62.5.8.21.42.8.44.57.89.19.72.8.45.88.74.62.87.10.11.51.49.57.1.8.62.51.16.5.26.54.72.36.42.6.xover.mutate.done 50
 generation 33.95.95.94.90.94.95.91.94.94.94.14.6.3.93.62.14.92.0.50.19.84.93.56.51.50.50.10.26.30.12.43.60.94.0.45.14.0.7.91.0.37.7.73.13.18.0.60.7.50.0.xover.mutate.done 50
 generation 34.95.97.95.98.96.94.96.95.94.94.76.50.51.97.7.2.94.2.58.51.18.94.2.47.50.1.1.6.1.2.56.94.96.7.2.2.6.87.91.51.61.13.50.2.1.51.51.2.78.68.xover.mutate.done 50
 generation 35.96.97.96.95.94.93.95.96.90.90.31.52.38.62.2.64.12.2.2.17.35.46.40.52.52.96.48.52.52.2.84.96.69.38.50.65.87.9.12.92.92.58.57.2.27.15.52.57.12.2.xover.mutate.done 50
 generation 36.93.91.93.94.94.94.94.95.95.89.27.20.50.1.41.18.1.1.1.50.9.42.49.48.20.6.66.92.51.16.1.1.61.91.1.77.51.93.17.90.23.31.89.35.51.90.85.1.63.21.xover.mutate.done 50
 generation 37.97.91.94.91.94.94.95.96.90.98.2.1.51.97.51.2.89.39.25.8.65.2.2.51.51.31.65.9.41.7.26.48.1.35.14.40.44.39.11.29.48.43.16.7.2.1.1.67.50.9.xover.mutate.done 50
 generation 38.90.93.94.93.92.92.92.92.91.91.63.90.50.30.92.20.1.7.1.52.1.46.1.89.50.51.50.22.5.32.88.50.30.17.8.44.0.40.50.29.64.88.91.56.63.49.0.62.50.1.xover.mutate.done 50
 generation 39.90.94.91.91.90.90.90.92.91.88.20.50.25.33.50.87.62.33.55.7.89.50.16.1.48.46.25.47.53.46.27.43.50.39.42.1.36.13.50.54.49.12.49.16.47.50.16.59.44.56.xover.mutate.done 50
 generation 40.96.94.94.94.93.94.94.92.93.92.39.0.22.0.23.89.37.50.48.0.61.7.50.16.19.0.24.26.59.62.42.24.0.29.50.62.91.9.81.0.54.33.6.27.50.50.50.15.0.34.xover.mutate.done 50
 generation 41.95.95.95.95.96.95.93.94.95.92.1.34.56.9.19.50.35.44.50.1.27.62.50.1.36.78.1.18.95.48.75.77.55.1.1.0.1.1.32.20.50.20.51.50.1.34.33.1.50.1.xover.mutate.done 50
 generation 42.91.95.93.93.92.92.92.92.92.94.44.0.61.26.0.50.6.48.75.26.71.50.17.27.50.0.22.50.90.71.10.71.0.23.50.60.23.65.0.8.62.25.35.92.58.64.20.90.66.92.xover.mutate.done 50
 generation 43.87.89.88.91.91.90.89.89.91.88.52.24.28.50.37.88.49.11.50.40.59.13.52.5.91.50.50.92.50.1.1.91.11.62.1.51.50.1.1.50.40.4.1.1.49.7.56.86.1.2.xover.mutate.done 50
 generation 44.91.87.86.88.87.88.87.89.88.88.59.58.50.15.2.50.43.58.9.44.17.13.17.50.24.26.2.12.58.16.53.0.87.2.1.58.9.7.46.88.2.63.50.16.50.88.90.50.53.60.xover.mutate.done 50
 generation 45.87.83.87.84.84.83.83.86.86.87.87.42.52.84.2.52.16.8.52.52.84.30.2.46.2.4.21.52.20.40.7.83.6.2.47.2.8.2.2.84.50.10.7.87.2.84.2.4.4.2.xover.mutate.done 50
 generation 46.93.94.92.91.91.92.92.94.93.93.51.51.3.2.2.92.3.3.9.3.50.3.51.3.91.27.21.51.47.3.3.39.51.51.3.62.50.52.3.61.3.88.90.51.3.47.3.45.45.23.xover.mutate.done 50
 generation 47.92.91.91.92.92.92.92.92.89.92.1.50.56.92.2.43.44.37.1.92.92.1.12.55.47.1.1.1.47.51.1.1.1.17.45.1.59.21.92.3.11.1.1.1.1.51.51.1.1.73.xover.mutate.done 50
 generation 48.89.91.91.93.89.89.89.89.91.91.21.2.2.91.9.54.2.74.51.50.2.7.57.41.50.89.41.10.51.56.2.2.2.39.48.88.50.14.2.29.2.2.2.28.62.2.2.42.2.2.xover.mutate.done 50
 generation 49.94.94.93.94.94.94.92.92.92.92.57.92.50.94.50.4.2.2.50.48.90.18.19.60.92.50.49.10.49.36.13.51.2.52.25.35.2.45.51.50.2.2.10.55.42.45.2.2.2.2.xover.mutate.done 50
 34724775 iters     695541 iter/sec (49.92 s)
 total time: 49.92
