% Ministry of Cellular Automata
% Project Deux (CS523 Spring 2015)
% Version:v0.1-66-g3e0f-dirty
%  pop:50
%  ic count:100
%  CA Log option:r3/run05
%  width:121
%  max workers:4
%  radius:3
%  iterations:300
%  generations:50

 generation 0.51.1.1.50.1.1.50.0.42.1.1.0.50.1.0.1.1.1.0.28.0.50.50.1.1.1.50.0.1.50.1.50.0.50.50.0.1.50.0.0.21.1.50.0.0.0.50.1.4.0.xover.mutate.done 50
 generation 1.50.50.50.50.50.50.50.50.50.50.13.50.54.0.19.50.0.0.50.50.0.50.47.0.0.0.50.44.0.50.0.29.0.6.50.50.50.50.16.0.61.0.42.16.0.0.16.0.0.0.xover.mutate.done 50
 generation 2.56.52.51.50.50.50.50.50.50.50.0.50.51.45.19.1.32.1.6.51.50.50.50.50.50.50.1.1.12.51.55.13.1.1.50.50.0.18.50.1.4.50.39.0.5.36.0.34.1.50.xover.mutate.done 50
 generation 3.55.55.55.50.50.50.50.50.50.50.6.0.1.50.50.50.50.55.16.50.1.1.50.12.1.27.4.1.1.1.13.44.50.50.50.50.50.50.22.50.12.1.50.50.51.50.1.50.38.50.xover.mutate.done 50
 generation 4.53.51.59.51.53.51.51.51.51.50.51.51.53.50.21.12.3.50.3.4.3.4.51.51.2.47.3.3.50.51.85.51.50.50.3.50.33.60.51.4.82.3.50.47.4.50.4.4.4.50.xover.mutate.done 50
 generation 5.93.82.55.53.56.50.50.52.52.51.51.4.50.1.50.1.0.1.1.52.51.42.1.22.1.12.31.51.51.1.27.50.1.50.51.27.1.49.52.1.51.51.1.1.54.1.49.51.51.50.xover.mutate.done 50
 generation 6.88.83.57.55.48.54.55.55.55.55.0.50.50.41.50.47.0.84.5.50.20.47.5.40.0.0.50.0.0.50.0.50.32.49.50.39.42.46.26.11.0.0.50.0.46.0.0.50.50.5.xover.mutate.done 50
 generation 7.87.84.76.59.54.57.57.57.57.53.53.1.72.8.9.44.57.3.57.1.54.76.51.51.4.2.7.1.51.43.1.51.7.36.0.22.1.52.1.1.7.51.55.8.25.51.26.44.32.0.xover.mutate.done 50
 generation 8.90.84.78.76.73.56.53.53.53.53.51.1.57.1.16.1.55.53.50.1.39.8.5.3.23.1.36.28.11.21.50.1.51.27.5.31.51.83.48.50.48.1.1.3.28.17.59.43.5.84.xover.mutate.done 50
 generation 9.84.83.83.81.73.74.71.56.61.60.51.57.49.59.1.8.58.3.1.58.21.38.56.4.1.1.1.50.57.8.1.59.8.9.1.1.49.51.1.16.15.58.1.1.13.26.57.11.49.12.xover.mutate.done 50
 generation 10.86.82.82.81.71.75.69.59.61.59.2.59.2.34.41.8.2.11.10.25.38.4.3.43.39.52.16.24.2.39.37.2.2.0.50.38.2.35.14.59.29.2.2.2.31.13.51.9.58.46.xover.mutate.done 50
 generation 11.87.82.82.78.84.70.66.55.55.53.53.3.53.4.46.19.8.2.7.2.4.5.2.6.24.3.12.62.54.41.55.29.4.53.38.47.2.53.6.29.8.30.54.51.7.52.50.4.4.2.xover.mutate.done 50
 generation 12.89.71.84.84.82.72.71.58.56.55.18.13.35.2.10.1.1.12.2.27.21.14.37.2.19.5.31.27.2.51.2.6.16.7.51.1.34.4.61.23.4.68.34.3.2.4.1.28.2.21.xover.mutate.done 50
 generation 13.86.83.83.79.69.80.69.62.57.56.26.13.0.6.27.0.50.78.0.7.47.32.2.0.50.29.0.32.0.39.6.0.18.79.0.34.6.50.59.0.56.24.13.0.56.33.0.35.0.4.xover.mutate.done 50
 generation 14.92.86.86.75.85.85.82.73.74.77.0.28.50.14.5.58.0.1.55.19.31.50.50.22.6.4.1.8.51.31.6.1.1.17.2.72.21.13.62.48.1.18.1.4.9.40.1.20.1.8.xover.mutate.done 50
 generation 15.87.85.85.82.82.81.68.78.69.78.55.5.2.47.50.50.0.50.0.11.0.11.10.50.0.27.0.18.16.20.50.57.50.66.2.53.53.0.50.9.90.0.0.22.0.0.0.56.56.36.xover.mutate.done 50
 generation 16.84.81.72.72.72.72.79.77.66.63.72.2.1.14.46.84.50.16.1.1.48.51.23.1.26.35.67.18.83.3.40.13.50.50.54.23.0.41.1.51.51.5.1.1.1.1.1.11.0.0.xover.mutate.done 50
 generation 17.91.87.85.91.83.79.86.86.86.86.26.32.2.40.2.4.10.47.3.11.29.1.1.1.2.51.2.3.48.65.19.60.40.35.37.83.38.74.14.3.7.29.35.64.37.26.3.1.30.88.xover.mutate.done 50
 generation 18.89.85.84.87.83.83.82.82.85.80.48.25.2.1.6.1.63.48.2.30.49.83.39.48.3.85.62.50.17.2.17.49.9.2.3.41.2.3.15.51.2.21.21.60.33.6.33.36.41.75.xover.mutate.done 50
 generation 19.92.86.85.85.85.87.81.81.81.81.29.67.24.39.1.32.1.1.47.50.27.51.41.1.88.7.9.7.1.40.26.44.50.0.49.1.1.38.29.59.9.90.50.84.51.24.5.17.57.0.xover.mutate.done 50
 generation 20.86.88.85.89.88.84.88.88.85.80.14.24.14.44.30.35.2.2.58.88.2.4.9.15.2.62.50.2.46.2.3.34.14.51.50.3.51.87.14.25.5.50.68.3.29.43.11.28.42.5.xover.mutate.done 50
 generation 21.85.87.83.82.82.82.87.86.79.88.51.1.34.0.21.7.25.1.51.14.73.47.1.32.16.1.1.61.51.1.54.0.58.1.0.20.26.30.50.0.1.8.23.3.41.50.50.32.47.15.xover.mutate.done 50
 generation 22.85.90.85.88.87.87.87.87.87.88.51.47.1.50.24.82.42.51.45.53.1.2.82.50.1.88.1.50.51.15.2.82.44.71.19.57.51.21.46.54.2.2.1.1.7.12.66.51.51.66.xover.mutate.done 50
 generation 23.87.92.85.89.92.85.85.85.85.92.66.31.85.84.49.0.50.35.87.24.46.25.33.50.85.27.5.50.0.1.32.50.22.0.57.0.34.40.83.15.1.23.29.2.50.50.45.1.59.51.xover.mutate.done 50
 generation 24.95.93.90.92.93.89.93.95.93.93.2.5.1.59.73.14.83.10.88.6.46.14.2.50.84.50.32.33.30.36.15.16.16.1.16.93.87.96.47.37.51.31.52.92.8.47.68.51.96.48.xover.mutate.done 50
 generation 25.89.83.89.86.84.87.86.86.86.86.25.46.50.26.1.89.44.50.86.65.49.5.43.89.50.53.78.50.76.18.19.84.34.49.50.90.45.43.67.1.50.89.1.86.56.34.54.84.69.28.xover.mutate.done 50
 generation 26.96.94.94.93.94.93.91.93.92.92.27.43.87.59.9.94.51.1.88.32.94.4.1.56.1.50.37.32.22.18.1.12.50.21.95.28.41.94.45.10.1.51.7.50.10.55.1.94.59.18.xover.mutate.done 50
 generation 27.93.91.89.86.90.89.90.86.89.89.48.89.1.9.50.50.7.12.34.34.50.50.11.16.50.50.3.70.0.48.18.20.1.25.1.7.78.1.50.1.23.16.84.16.50.48.63.49.1.52.xover.mutate.done 50
 generation 28.84.90.90.90.90.90.90.90.90.89.1.23.50.15.50.44.8.5.55.51.55.52.51.1.50.55.5.47.1.1.1.6.48.51.90.10.35.15.4.11.4.22.60.77.1.50.49.55.7.82.xover.mutate.done 50
 generation 29.88.88.88.87.89.88.90.88.88.87.14.4.50.6.50.11.13.50.86.37.52.30.49.4.53.44.38.4.3.50.4.53.83.88.3.44.50.4.53.3.1.43.65.7.84.9.30.37.53.58.xover.mutate.done 50
 generation 30.84.85.86.84.85.85.85.85.85.85.46.86.49.17.51.0.1.41.9.52.1.0.50.1.8.54.60.5.81.22.80.5.50.11.20.43.78.1.23.4.0.48.2.17.1.46.81.47.11.79.xover.mutate.done 50
 generation 31.91.91.91.91.92.92.92.92.92.90.91.0.34.46.54.0.0.47.48.92.49.0.46.50.50.46.1.2.7.0.48.0.26.38.1.36.43.89.68.51.0.35.0.8.49.15.52.35.42.50.xover.mutate.done 50
 generation 32.95.95.95.95.95.96.96.96.96.95.47.95.50.35.94.13.27.1.57.2.22.9.47.51.18.32.5.51.2.57.15.44.51.14.27.94.2.1.89.2.2.68.16.5.51.14.6.1.95.58.xover.mutate.done 50
 generation 33.90.91.90.90.89.89.89.89.88.89.50.6.68.20.50.6.0.50.86.50.53.1.1.51.50.50.60.55.0.9.50.87.89.52.89.50.51.2.54.23.46.50.29.48.68.49.89.49.11.1.xover.mutate.done 50
 generation 34.91.92.91.88.91.91.91.91.92.91.81.50.12.50.23.0.49.49.0.47.4.50.74.9.47.16.41.50.51.0.50.23.40.10.20.50.39.91.40.44.41.25.0.49.11.47.78.50.50.0.xover.mutate.done 50
 generation 35.94.94.95.95.93.94.93.93.93.94.49.0.36.94.50.50.0.48.94.6.0.62.9.82.50.0.0.17.0.0.0.60.50.42.50.9.53.33.0.0.0.50.61.50.50.0.72.8.41.94.xover.mutate.done 50
 generation 36.92.91.91.90.91.91.91.91.91.91.1.41.49.50.49.45.1.41.60.16.61.1.1.55.50.1.1.1.73.50.31.45.49.39.55.50.12.50.13.49.51.1.50.11.49.1.51.49.50.10.xover.mutate.done 50
 generation 37.91.90.91.92.92.87.91.91.91.90.0.8.28.10.83.28.47.47.50.50.8.50.0.16.10.11.72.25.0.0.74.48.0.39.0.0.87.0.72.50.81.57.30.4.0.40.3.4.50.47.xover.mutate.done 50
 generation 38.93.93.93.93.94.94.93.92.93.92.52.87.12.3.32.17.38.22.94.3.92.65.87.94.80.50.50.9.52.94.48.78.62.75.60.72.95.56.3.51.46.1.52.43.39.50.17.51.94.47.xover.mutate.done 50
 generation 39.92.91.91.91.91.90.90.90.90.92.0.85.50.15.50.49.87.90.35.67.54.50.86.49.0.7.69.46.50.18.50.36.39.40.6.50.19.0.80.0.44.0.5.0.49.11.90.0.50.9.xover.mutate.done 50
 generation 40.96.95.96.96.96.96.94.94.94.94.51.33.10.12.48.10.50.50.48.85.50.96.50.48.94.47.50.81.44.47.10.50.13.60.9.59.50.9.50.38.1.1.49.13.61.8.11.0.1.86.xover.mutate.done 50
 generation 41.89.89.89.89.89.90.89.88.88.88.50.27.50.51.1.50.16.1.49.48.47.1.1.50.13.2.50.1.88.37.50.1.51.1.51.1.5.15.51.4.86.82.88.51.41.51.5.22.50.49.xover.mutate.done 50
 generation 42.90.93.92.92.92.92.91.89.89.90.7.52.52.90.1.56.51.3.34.69.51.85.51.52.51.52.30.51.44.7.2.8.4.50.5.90.9.51.4.3.3.79.8.33.50.81.88.50.50.50.xover.mutate.done 50
 generation 43.91.91.91.91.91.93.91.92.89.92.8.0.0.50.83.40.50.50.42.7.84.31.50.50.51.46.3.74.49.5.50.87.9.92.50.0.88.48.7.93.50.49.0.50.8.22.18.49.43.57.xover.mutate.done 50
 generation 44.91.90.91.91.91.90.90.90.89.89.73.27.30.19.46.6.31.26.51.51.19.49.89.1.58.50.84.9.52.46.13.13.90.51.1.15.79.1.51.27.84.48.16.1.37.50.0.51.90.64.xover.mutate.done 50
 generation 45.93.92.92.92.90.91.91.91.89.92.44.42.1.88.1.50.29.13.43.49.29.46.4.11.43.50.90.91.38.92.1.10.1.50.50.88.8.64.1.50.73.58.91.50.49.56.44.50.45.50.xover.mutate.done 50
 generation 46.94.92.92.94.91.92.93.93.93.90.91.84.0.48.15.47.47.52.10.50.55.58.70.87.18.56.46.50.46.8.71.93.4.84.93.45.0.49.49.49.75.74.0.56.63.91.49.50.50.12.xover.mutate.done 50
 generation 47.90.90.90.91.92.92.89.90.90.91.19.2.50.9.51.48.7.51.30.2.2.67.51.45.2.51.50.51.46.64.51.48.54.69.51.45.2.51.14.8.1.49.38.51.2.8.51.51.51.50.xover.mutate.done 50
 generation 48.86.90.87.86.88.88.87.87.87.85.51.26.51.7.66.50.28.12.3.49.10.11.58.13.52.3.47.25.18.87.48.49.53.49.4.48.85.3.21.21.50.49.39.7.55.3.23.33.51.10.xover.mutate.done 50
 generation 49.95.95.95.96.96.95.95.95.96.90.51.50.51.7.17.2.28.50.91.5.51.2.28.49.51.51.51.53.58.4.51.74.3.1.96.92.1.85.64.51.2.86.93.88.51.2.51.54.22.54.xover.mutate.done 50
 31301319 iters     654953 iter/sec (47.79 s)
 total time: 47.79
