0.8203125 0.546875 0.59375 0.84375 0.78125 0.9921875 0.28125 0.9140625 0.078125 0.40625 
0.9921875 0.9140625 0.9921875 0.078125 0.109375 0.8359375 0.953125 0.0859375 0.1484375 0.078125 
0.1015625 0.21875 0.9921875 0.9140625 0.9921875 0.078125 0.109375 0.8359375 0.953125 0.0859375 
0.1015625 0.21875 0.8359375 0.2578125 0.5859375 0.7578125 0.203125 0.9921875 0.9140625 0.9921875 
0.1015625 0.21875 0.2578125 0.203125 0.34375 0.15625 0.2890625 0.8359375 0.5859375 0.7578125 
0.8203125 0.1015625 0.21875 0.2578125 0.203125 0.34375 0.15625 0.2890625 0.2109375 0.4375 
0.8203125 0.1015625 0.21875 0.2578125 0.203125 0.34375 0.15625 0.2890625 0.2109375 0.4375 
0.8203125 0.1015625 0.21875 0.2578125 0.203125 0.34375 0.15625 0.2890625 0.2109375 0.4375 
0.8203125 0.1015625 0.21875 0.2578125 0.203125 0.34375 0.15625 0.2890625 0.2109375 0.4375 
0.8203125 0.1015625 0.21875 0.2578125 0.203125 0.34375 0.15625 0.2890625 0.2109375 0.4375 
0.8203125 0.1015625 0.21875 0.2578125 0.203125 0.34375 0.15625 0.2890625 0.2109375 0.4375 
0.8203125 0.1015625 0.21875 0.2578125 0.203125 0.34375 0.15625 0.2890625 0.2109375 0.4375 
0.8203125 0.1015625 0.21875 0.2578125 0.203125 0.34375 0.15625 0.2890625 0.2109375 0.4375 
0.8203125 0.1015625 0.21875 0.2578125 0.203125 0.34375 0.15625 0.2890625 0.2109375 0.4375 
0.8203125 0.1015625 0.21875 0.2578125 0.203125 0.34375 0.15625 0.2890625 0.2109375 0.4375 
0.8203125 0.1015625 0.21875 0.2578125 0.203125 0.34375 0.15625 0.2890625 0.2109375 0.4375 
0.8203125 0.1015625 0.21875 0.2578125 0.203125 0.34375 0.15625 0.2890625 0.2109375 0.4375 
0.8203125 0.1015625 0.21875 0.2578125 0.203125 0.34375 0.15625 0.2890625 0.2109375 0.4375 
0.8203125 0.1015625 0.21875 0.2578125 0.203125 0.34375 0.15625 0.2890625 0.2109375 0.4375 
0.8203125 0.1015625 0.21875 0.2578125 0.203125 0.34375 0.15625 0.2890625 0.2109375 0.4375 
0.8203125 0.1015625 0.21875 0.2578125 0.203125 0.34375 0.15625 0.2890625 0.2109375 0.4375 
0.8203125 0.1015625 0.21875 0.2578125 0.203125 0.34375 0.15625 0.2890625 0.2109375 0.4375 
0.8203125 0.1015625 0.21875 0.2578125 0.203125 0.34375 0.15625 0.2890625 0.2109375 0.4375 
0.8203125 0.1015625 0.21875 0.2578125 0.203125 0.34375 0.15625 0.2890625 0.2109375 0.4375 
0.8203125 0.1015625 0.21875 0.2578125 0.203125 0.34375 0.15625 0.2890625 0.2109375 0.4375 
0.8203125 0.1015625 0.21875 0.2578125 0.203125 0.34375 0.15625 0.2890625 0.2109375 0.4375 
0.8203125 0.1015625 0.21875 0.2578125 0.203125 0.34375 0.15625 0.2890625 0.2109375 0.4375 
0.8203125 0.1015625 0.21875 0.2578125 0.203125 0.34375 0.15625 0.2890625 0.2109375 0.4375 
0.8203125 0.1015625 0.21875 0.2578125 0.203125 0.34375 0.15625 0.2890625 0.2109375 0.4375 
0.8203125 0.1015625 0.21875 0.2578125 0.203125 0.34375 0.15625 0.2890625 0.2109375 0.4375 
0.8203125 0.1015625 0.21875 0.2578125 0.203125 0.34375 0.15625 0.2890625 0.2109375 0.4375 
0.8203125 0.1015625 0.21875 0.2578125 0.203125 0.34375 0.15625 0.2890625 0.2109375 0.4375 
0.8203125 0.1015625 0.21875 0.2578125 0.203125 0.34375 0.15625 0.2890625 0.2109375 0.4375 
0.8203125 0.1015625 0.21875 0.2578125 0.203125 0.34375 0.15625 0.2890625 0.2109375 0.4375 
0.8203125 0.1015625 0.21875 0.2578125 0.203125 0.34375 0.15625 0.2890625 0.2109375 0.4375 
0.8203125 0.1015625 0.21875 0.2578125 0.203125 0.34375 0.15625 0.2890625 0.2109375 0.4375 
0.8203125 0.1015625 0.21875 0.2578125 0.203125 0.34375 0.15625 0.2890625 0.2109375 0.4375 
0.796875 0.8203125 0.1015625 0.21875 0.2578125 0.203125 0.34375 0.15625 0.2890625 0.2109375 
0.8203125 0.796875 0.1015625 0.21875 0.2578125 0.203125 0.34375 0.15625 0.2890625 0.2109375 
0.8203125 0.796875 0.1015625 0.21875 0.2578125 0.203125 0.34375 0.15625 0.2890625 0.2109375 
0.796875 0.8203125 0.1015625 0.21875 0.2578125 0.203125 0.34375 0.15625 0.2890625 0.2109375 
0.8203125 0.796875 0.1015625 0.21875 0.2578125 0.203125 0.34375 0.15625 0.2890625 0.2109375 
0.796875 0.8203125 0.1015625 0.21875 0.2578125 0.203125 0.34375 0.15625 0.2890625 0.2109375 
0.796875 0.8203125 0.1015625 0.21875 0.2578125 0.203125 0.34375 0.15625 0.2890625 0.2109375 
0.8203125 0.796875 0.1015625 0.21875 0.2578125 0.203125 0.34375 0.15625 0.2890625 0.2109375 
0.796875 0.8203125 0.1015625 0.21875 0.2578125 0.203125 0.34375 0.15625 0.2890625 0.2109375 
0.796875 0.8203125 0.1015625 0.21875 0.2578125 0.203125 0.34375 0.15625 0.2890625 0.2109375 
0.8203125 0.796875 0.1015625 0.21875 0.2578125 0.203125 0.34375 0.15625 0.2890625 0.2109375 
0.8203125 0.796875 0.1015625 0.21875 0.2578125 0.203125 0.34375 0.15625 0.2890625 0.2109375 
0.796875 0.8203125 0.1015625 0.21875 0.2578125 0.203125 0.34375 0.15625 0.2890625 0.2109375 
