50 50 50 50 50 50 50 50 35 12 6 1 1 1 1 1 1 1 1 1 1 1 1 1 1 1 1 1 1 1 1 1 1 1 1 1 1 1 1 1 1 1 1 1 0 0 0 0 0 0 
52 52 50 50 50 50 50 50 50 50 50 50 50 50 50 33 15 8 5 2 2 2 2 2 2 2 2 2 2 2 2 2 2 2 2 2 0 0 0 0 0 0 0 0 0 0 0 0 0 0 
67 65 50 50 50 50 50 50 50 50 50 50 50 50 50 50 50 50 50 50 50 50 47 40 32 5 0 0 0 0 0 0 0 0 0 0 0 0 0 0 0 0 0 0 0 0 0 0 0 0 
71 63 57 56 54 52 52 52 51 51 51 51 51 50 50 50 50 50 50 50 50 50 50 50 21 10 7 6 6 3 3 3 3 3 3 3 3 2 2 2 2 2 2 2 2 2 2 1 1 1 
58 54 54 53 51 51 51 51 51 51 51 51 51 50 50 50 50 50 50 50 50 50 50 50 50 50 50 50 50 42 42 29 18 8 7 4 1 1 1 1 1 1 1 1 1 1 0 0 0 0 
75 68 65 62 61 50 50 50 50 50 50 50 50 50 50 50 50 50 50 50 50 50 50 50 50 46 38 12 12 2 0 0 0 0 0 0 0 0 0 0 0 0 0 0 0 0 0 0 0 0 
69 67 64 61 56 54 53 53 53 52 52 52 52 52 52 52 52 52 50 50 50 50 50 50 50 50 49 44 38 33 28 23 21 10 9 2 2 2 2 2 2 2 2 2 2 2 0 0 0 0 
66 65 63 59 58 55 55 55 53 53 51 50 50 50 50 50 50 50 50 50 44 42 39 34 34 28 22 17 12 9 8 1 1 1 1 1 1 1 1 1 1 1 1 1 0 0 0 0 0 0 
70 70 69 57 57 57 56 55 52 51 50 50 50 50 50 50 50 50 50 50 50 50 50 50 50 47 47 22 18 7 1 1 1 1 1 1 1 1 1 1 1 1 1 1 1 1 1 0 0 0 
91 69 69 66 66 65 63 58 57 57 57 57 57 56 55 53 50 50 50 50 48 47 41 25 14 14 8 7 7 6 6 6 6 6 6 6 6 6 6 3 3 3 3 3 3 3 3 3 3 3 
91 68 68 68 68 62 60 54 52 52 52 52 50 50 50 50 50 50 50 49 48 48 47 27 20 20 18 16 12 11 6 5 4 2 2 1 1 1 1 1 1 1 0 0 0 0 0 0 0 0 
94 78 72 66 65 65 64 64 64 60 59 56 55 55 55 55 51 51 50 34 31 29 24 23 19 18 17 11 11 9 9 8 5 5 1 1 1 1 1 1 1 1 1 1 1 1 1 1 0 0 
92 78 71 65 65 65 65 63 63 60 58 56 55 55 55 54 52 52 50 37 35 24 23 22 22 18 17 13 12 12 11 11 11 10 7 5 5 5 5 5 3 3 3 3 3 3 3 3 2 2 
90 74 72 69 61 61 61 61 61 60 60 57 57 54 53 50 50 50 50 45 39 35 27 22 21 20 18 17 15 13 13 10 8 6 4 4 4 4 3 3 1 1 1 1 1 1 1 1 1 1 
92 79 72 71 66 66 66 66 66 64 64 63 62 57 56 56 54 53 53 50 50 50 50 50 50 28 24 20 19 17 16 11 11 7 6 4 3 2 1 0 0 0 0 0 0 0 0 0 0 0 
90 85 73 67 67 67 67 67 67 67 67 66 63 60 54 50 50 50 50 49 46 42 40 39 23 23 10 8 8 8 7 6 3 1 1 1 1 1 1 1 1 1 1 1 1 0 0 0 0 0 
89 87 75 71 70 69 69 68 68 68 68 68 68 61 60 53 52 52 50 50 50 50 50 50 49 49 46 42 37 31 29 25 15 7 7 6 3 3 2 0 0 0 0 0 0 0 0 0 0 0 
87 86 77 76 73 65 62 62 62 62 60 58 58 57 54 53 51 51 51 50 50 50 49 48 45 43 37 36 27 25 20 19 16 16 10 10 3 2 2 2 2 2 2 2 2 2 2 2 0 0 
93 86 86 83 78 78 72 72 70 70 70 63 63 63 60 57 52 52 52 52 52 52 49 48 42 39 38 35 35 28 26 22 20 19 16 14 13 13 6 5 5 5 5 5 5 5 5 5 2 2 
89 87 83 80 80 76 71 67 67 66 66 64 64 61 58 52 52 52 52 52 50 50 48 47 45 44 24 22 19 16 14 13 12 10 9 9 5 2 2 2 2 2 2 2 2 2 2 2 2 2 
91 89 81 81 81 80 75 74 72 70 67 65 65 56 50 50 50 50 47 47 44 44 43 41 27 22 18 17 13 12 11 10 8 1 1 1 1 1 1 1 1 1 1 1 1 1 1 1 1 1 
91 83 83 82 79 78 78 76 75 72 72 71 71 68 55 50 50 50 50 46 45 39 39 39 21 18 15 15 12 11 10 9 6 6 6 6 5 5 5 4 4 1 1 1 1 1 1 1 1 0 
94 87 86 86 85 84 84 78 77 77 76 72 70 61 59 58 57 51 51 51 49 47 47 43 43 42 41 38 36 31 29 24 16 14 14 14 10 8 8 8 6 2 2 2 2 2 2 2 1 1 
90 88 88 83 82 82 81 79 76 76 64 62 61 55 55 54 50 50 48 43 33 32 32 28 22 20 20 16 15 14 14 12 12 10 9 8 8 7 7 6 5 4 2 2 2 2 2 2 0 0 
89 88 86 86 85 85 82 82 81 80 80 73 70 65 65 64 59 59 52 51 50 50 49 48 48 48 47 47 47 46 46 46 45 44 44 36 26 24 16 11 11 10 9 8 4 4 4 4 2 2 
91 91 90 89 89 88 88 87 85 85 84 84 66 61 61 57 56 56 53 51 51 50 48 46 44 43 43 42 42 42 42 40 39 39 31 30 25 22 14 11 11 8 8 8 6 1 1 1 1 1 
98 86 86 85 85 85 84 83 80 79 79 78 68 61 60 54 51 51 51 51 51 51 50 50 48 48 46 45 44 43 42 42 33 28 28 26 20 17 13 9 7 5 4 2 2 2 2 2 2 2 
90 86 86 86 85 84 84 81 81 81 79 79 58 56 56 54 54 50 50 49 48 48 45 42 41 35 35 29 22 21 19 17 16 13 7 7 6 6 6 5 4 2 2 2 2 2 2 2 2 2 
90 88 88 87 87 87 87 86 85 84 84 83 82 77 77 72 61 60 56 56 56 52 50 50 49 49 49 44 42 40 38 29 27 27 27 25 24 23 20 14 13 12 7 0 0 0 0 0 0 0 
91 90 89 88 86 86 86 86 86 85 84 83 82 81 81 78 78 77 75 71 70 69 67 65 57 53 51 51 51 48 47 46 46 45 39 39 29 27 27 25 24 20 17 14 14 12 8 3 3 3 
94 94 90 88 87 87 86 86 86 86 86 86 85 82 82 61 56 55 53 52 51 51 51 51 51 50 50 49 49 48 48 48 47 46 41 37 35 34 30 30 29 19 18 15 14 8 7 6 3 1 
92 89 88 86 85 84 84 84 84 83 83 83 83 82 79 79 78 75 74 73 71 56 51 51 50 50 50 49 49 48 48 47 45 43 43 43 42 40 39 38 36 35 33 27 26 19 14 1 1 0 
93 92 92 90 90 90 89 89 88 88 87 86 83 83 82 78 73 64 59 58 56 55 50 50 50 48 48 47 46 46 45 43 43 42 42 41 39 31 26 25 24 18 11 2 0 0 0 0 0 0 
91 91 90 90 90 90 86 85 85 85 85 84 84 84 83 75 66 57 57 55 52 51 51 50 50 50 50 50 49 48 47 46 46 46 46 44 43 42 42 30 28 9 9 8 7 4 2 2 2 2 
93 92 89 89 89 88 87 85 85 83 81 76 58 57 56 53 51 51 51 51 51 51 50 48 48 44 43 37 37 36 35 33 31 21 19 13 9 8 7 2 2 2 2 2 2 2 2 2 2 2 
94 93 91 91 90 90 89 89 86 84 84 84 77 73 72 61 60 58 58 50 50 50 50 50 50 50 50 50 49 47 44 39 34 33 29 22 21 19 13 12 12 10 3 3 3 3 3 3 0 0 
96 96 95 95 95 95 95 95 94 93 92 89 87 87 83 79 58 51 51 51 51 51 51 51 51 51 50 50 48 48 48 47 47 47 45 44 31 28 26 24 14 13 12 12 9 8 1 1 1 1 
96 94 93 93 93 92 92 91 91 91 91 90 90 90 89 84 71 67 63 58 57 53 50 50 50 50 50 50 50 50 50 50 50 49 49 49 48 48 47 47 46 45 45 18 18 15 14 12 3 3 
95 95 94 94 93 93 93 92 92 92 92 92 92 91 91 91 90 86 76 57 51 51 50 50 50 50 50 50 50 50 50 50 50 49 49 45 45 44 38 36 28 28 8 6 1 1 1 1 1 1 
91 91 90 90 90 90 89 89 88 88 88 88 88 88 88 82 80 75 65 64 51 51 51 51 51 50 50 49 49 49 49 48 46 43 42 42 25 21 21 19 13 7 2 2 2 2 2 2 2 2 
95 94 94 94 94 94 93 91 91 90 89 89 57 56 53 53 52 51 51 51 51 51 51 50 50 50 50 50 50 48 47 43 39 39 30 26 21 19 17 14 13 10 6 4 4 4 4 3 3 1 
93 93 92 92 92 89 89 88 88 88 87 83 81 67 52 50 50 50 50 50 50 50 50 50 50 50 50 41 32 25 22 21 19 15 14 11 10 4 1 0 0 0 0 0 0 0 0 0 0 0 
93 92 91 91 91 91 91 91 91 90 90 90 90 62 53 50 50 50 50 50 50 50 50 50 50 49 49 46 45 45 41 39 36 32 27 25 21 20 19 11 8 6 0 0 0 0 0 0 0 0 
90 90 89 88 88 88 88 88 87 87 76 61 51 51 51 51 51 50 50 50 50 50 48 48 46 45 45 45 44 40 29 28 26 26 20 17 17 13 10 9 6 1 1 1 1 1 1 0 0 0 
96 96 96 96 95 95 95 95 95 94 94 94 93 91 56 51 51 51 51 50 47 45 43 36 34 34 33 18 16 14 13 10 2 2 1 1 1 1 1 1 1 1 1 1 1 1 1 0 0 0 
97 96 95 95 95 95 95 95 95 94 94 94 94 93 91 70 58 54 51 50 50 50 50 50 50 50 49 49 49 48 48 47 42 40 34 33 25 24 16 13 11 6 2 1 1 1 1 1 1 1 
93 93 93 92 92 91 91 91 91 90 90 90 84 83 73 71 59 58 58 55 54 52 50 50 50 50 50 50 50 50 50 50 49 49 48 47 47 44 13 13 10 7 3 0 0 0 0 0 0 0 
94 92 92 92 92 92 91 90 90 90 88 81 72 72 69 66 63 59 57 54 51 51 51 51 51 50 50 50 49 49 47 46 46 46 46 41 33 26 16 15 2 2 2 2 2 2 1 1 1 1 
93 93 91 90 90 90 90 90 90 90 89 89 89 87 85 75 71 64 63 62 58 56 53 52 52 52 52 52 51 50 50 50 50 50 50 49 49 46 46 45 42 27 22 22 11 6 3 3 3 1 
93 91 91 91 91 91 90 90 89 89 89 89 89 89 88 85 83 81 64 64 60 58 58 52 50 50 50 50 50 50 50 50 50 49 49 47 46 46 46 38 36 35 31 21 21 18 7 0 0 0 
