0.2890625 0.3828125 0.4296875 1.0 0.90625 0.9296875 0.7734375 0.7109375 0.21875 0.6328125 
1.0 0.90625 0.9296875 0.9375 0.1171875 0.875 0.953125 0.0234375 0.140625 0.1015625 
1.0 0.90625 0.9296875 0.9375 0.1171875 0.875 0.953125 0.0234375 0.140625 0.1015625 
0.515625 0.875 0.8828125 0.140625 0.7890625 0.203125 0.8359375 0.78125 0.7734375 1.0 
0.6484375 0.515625 0.875 0.8828125 0.7890625 0.8359375 0.78125 0.7734375 0.7578125 0.7734375 
0.6484375 0.515625 0.296875 0.234375 0.1640625 0.875 0.8828125 0.7890625 0.8359375 0.78125 
0.6484375 0.515625 0.875 0.8828125 0.7890625 0.8359375 0.78125 0.84375 0.6875 0.8203125 
0.6484375 0.515625 0.875 0.8828125 0.7890625 0.8359375 0.78125 0.84375 0.6875 0.8203125 
0.6484375 0.515625 0.875 0.8828125 0.7890625 0.8359375 0.78125 0.84375 0.6875 0.8203125 
0.6484375 0.515625 0.875 0.8828125 0.7890625 0.8359375 0.78125 0.84375 0.6875 0.8203125 
0.6484375 0.515625 0.875 0.8828125 0.7890625 0.8359375 0.78125 0.84375 0.6875 0.8203125 
0.6484375 0.515625 0.875 0.8828125 0.7890625 0.8359375 0.78125 0.84375 0.6875 0.8203125 
0.6484375 0.515625 0.875 0.8828125 0.7890625 0.8359375 0.78125 0.84375 0.6875 0.8203125 
0.6484375 0.515625 0.875 0.8828125 0.7890625 0.8359375 0.78125 0.84375 0.6875 0.8203125 
0.6484375 0.515625 0.6875 0.875 0.8828125 0.7890625 0.8359375 0.78125 0.84375 0.6875 
0.6484375 0.515625 0.6875 0.875 0.8828125 0.7890625 0.8359375 0.78125 0.84375 0.6875 
0.6484375 0.515625 0.6875 0.875 0.8828125 0.7890625 0.8359375 0.78125 0.84375 0.6875 
0.6484375 0.515625 0.6875 0.875 0.8828125 0.7890625 0.8359375 0.78125 0.84375 0.6875 
0.6484375 0.515625 0.6875 0.875 0.8828125 0.7890625 0.8359375 0.78125 0.84375 0.6875 
0.6484375 0.515625 0.6875 0.875 0.8828125 0.7890625 0.8359375 0.78125 0.84375 0.6875 
0.6484375 0.515625 0.6875 0.875 0.8828125 0.7890625 0.8359375 0.78125 0.84375 0.6875 
0.6484375 0.515625 0.875 0.8828125 0.7890625 0.8359375 0.78125 0.84375 0.6875 0.7890625 
0.6484375 0.515625 0.6328125 0.875 0.8828125 0.7890625 0.8359375 0.78125 0.84375 0.6875 
0.6484375 0.6328125 0.515625 0.875 0.8828125 0.7890625 0.8359375 0.78125 0.84375 0.6875 
0.6484375 0.6328125 0.515625 0.6171875 0.875 0.8828125 0.7890625 0.8359375 0.78125 0.84375 
0.6484375 0.6328125 0.6328125 0.6171875 0.6484375 0.515625 0.875 0.8828125 0.7890625 0.8359375 
0.6484375 0.6328125 0.6484375 0.515625 0.6328125 0.6171875 0.875 0.8828125 0.7890625 0.8359375 
0.6484375 0.6484375 0.6171875 0.6328125 0.625 0.6328125 0.515625 0.5859375 0.875 0.8828125 
0.6484375 0.6484375 0.625 0.6328125 0.6171875 0.5859375 0.6328125 0.515625 0.640625 0.7734375 
0.6484375 0.6328125 0.515625 0.640625 0.625 0.5859375 0.6484375 0.6328125 0.7734375 0.6171875 
0.5859375 0.6484375 0.6171875 0.6171875 0.6484375 0.640625 0.6328125 0.6328125 0.6328125 0.625 
0.6328125 0.6328125 0.6328125 0.6484375 0.640625 0.6484375 0.625 0.5859375 0.6171875 0.6171875 
0.6484375 0.5859375 0.625 0.625 0.609375 0.6328125 0.6328125 0.6484375 0.640625 0.6328125 
0.625 0.6484375 0.6484375 0.640625 0.5859375 0.625 0.6328125 0.6328125 0.59375 0.609375 
0.625 0.6484375 0.6484375 0.5859375 0.6328125 0.6328125 0.59375 0.640625 0.640625 0.625 
0.6171875 0.625 0.6484375 0.5859375 0.6328125 0.6328125 0.625 0.671875 0.5625 0.59375 
0.6171875 0.59375 0.6171875 0.6484375 0.625 0.671875 0.5859375 0.59375 0.5859375 0.6328125 
0.6171875 0.6015625 0.5859375 0.6484375 0.671875 0.59375 0.6328125 0.625 0.640625 0.609375 
0.6171875 0.6015625 0.625 0.578125 0.5859375 0.59375 0.6484375 0.59375 0.6015625 0.609375 
0.6171875 0.6015625 0.6484375 0.6015625 0.59375 0.609375 0.578125 0.625 0.609375 0.6171875 
0.6171875 0.6015625 0.6015625 0.609375 0.625 0.59375 0.578125 0.6328125 0.6484375 0.609375 
0.6171875 0.6015625 0.5625 0.609375 0.59375 0.6328125 0.59375 0.6015625 0.625 0.6328125 
0.6171875 0.6015625 0.59375 0.5625 0.6328125 0.625 0.59375 0.6015625 0.6015625 0.6328125 
0.6171875 0.5625 0.625 0.625 0.6328125 0.59375 0.6015625 0.59375 0.6015625 0.6015625 
0.6171875 0.5625 0.59375 0.6015625 0.625 0.6015625 0.6015625 0.6015625 0.59375 0.625 
0.6171875 0.5625 0.59375 0.6328125 0.609375 0.59375 0.625 0.6015625 0.6015625 0.5703125 
0.6171875 0.5625 0.6328125 0.578125 0.59375 0.625 0.609375 0.59375 0.6015625 0.6015625 
0.6171875 0.5625 0.6328125 0.578125 0.609375 0.5546875 0.6015625 0.6015625 0.59375 0.625 
0.5625 0.5546875 0.6171875 0.6328125 0.5546875 0.609375 0.578125 0.59375 0.6015625 0.6015625 
0.6171875 0.578125 0.5625 0.5859375 0.5546875 0.5546875 0.5546875 0.5703125 0.6328125 0.609375 
