0.2109375 0.578125 0.5859375 0.0 0.796875 0.578125 0.09375 0.390625 0.953125 0.5390625 
0.2109375 0.0 0.09375 0.0 0.90625 0.96875 0.8828125 0.015625 0.0078125 0.09375 
0.4609375 0.796875 0.2109375 0.0 0.09375 0.0 0.90625 0.96875 0.8828125 0.015625 
0.4609375 0.4453125 0.796875 0.2109375 0.140625 0.390625 0.2578125 0.0 0.09375 0.0 
0.4609375 0.4453125 0.796875 0.4453125 0.78125 0.2109375 0.140625 0.390625 0.2578125 0.0 
0.5625 0.4921875 0.7421875 0.796875 0.4609375 0.78125 0.609375 0.4453125 0.4453125 0.2109375 
0.5625 0.4921875 0.4609375 0.7421875 0.65625 0.796875 0.4453125 0.4453125 0.4453125 0.4453125 
0.5625 0.484375 0.4921875 0.4609375 0.7421875 0.4453125 0.4453125 0.4453125 0.4453125 0.796875 
0.5625 0.484375 0.4921875 0.4765625 0.5 0.4609375 0.4453125 0.4453125 0.4453125 0.4453125 
0.5625 0.484375 0.484375 0.4921875 0.4921875 0.4765625 0.5 0.7265625 0.4765625 0.4609375 
0.5625 0.484375 0.484375 0.4921875 0.4765625 0.4921875 0.5 0.4765625 0.4609375 0.4609375 
0.5625 0.484375 0.484375 0.4921875 0.4921875 0.4765625 0.5 0.4609375 0.4765625 0.4609375 
0.5625 0.4921875 0.484375 0.484375 0.4921875 0.4765625 0.5 0.46875 0.4609375 0.4765625 
0.5625 0.484375 0.484375 0.4921875 0.4765625 0.4921875 0.5 0.5703125 0.4921875 0.46875 
0.5625 0.484375 0.484375 0.4921875 0.4921875 0.4921875 0.5078125 0.4765625 0.5 0.5703125 
0.5625 0.484375 0.484375 0.4921875 0.4921875 0.5078125 0.5703125 0.4921875 0.5 0.4765625 
0.5234375 0.5625 0.484375 0.484375 0.4921875 0.4921875 0.5078125 0.4921875 0.4765625 0.5 
0.5234375 0.546875 0.53125 0.5625 0.5078125 0.4921875 0.484375 0.484375 0.4921875 0.4921875 
0.5234375 0.5625 0.4921875 0.546875 0.484375 0.484375 0.4921875 0.4921875 0.53125 0.5078125 
0.5234375 0.546875 0.5625 0.53125 0.53125 0.4921875 0.484375 0.484375 0.484375 0.4921875 
0.5234375 0.5390625 0.515625 0.4921875 0.546875 0.5625 0.53125 0.53125 0.5625 0.484375 
0.4921875 0.5390625 0.546875 0.53125 0.53125 0.53125 0.5078125 0.5234375 0.515625 0.5625 
0.5625 0.5390625 0.5078125 0.5234375 0.4921875 0.546875 0.53125 0.53125 0.53125 0.515625 
0.5390625 0.5234375 0.515625 0.515625 0.4921875 0.546875 0.53125 0.53125 0.53125 0.5625 
0.5234375 0.4921875 0.5625 0.515625 0.5390625 0.4765625 0.515625 0.546875 0.53125 0.53125 
0.53125 0.546875 0.5234375 0.546875 0.4921875 0.5390625 0.515625 0.53125 0.53125 0.53125 
0.5390625 0.53125 0.5234375 0.53125 0.515625 0.53125 0.5390625 0.546875 0.515625 0.53125 
0.5390625 0.546875 0.53125 0.5234375 0.515625 0.515625 0.5546875 0.5390625 0.546875 0.53125 
0.5390625 0.546875 0.515625 0.5546875 0.53125 0.515625 0.546875 0.53125 0.5546875 0.5234375 
0.546875 0.515625 0.5546875 0.53125 0.515625 0.546875 0.53125 0.5546875 0.546875 0.5234375 
0.53125 0.515625 0.546875 0.515625 0.5546875 0.546875 0.5546875 0.546875 0.546875 0.53125 
0.546875 0.546875 0.515625 0.5546875 0.546875 0.5546875 0.546875 0.546875 0.53125 0.53125 
0.546875 0.5546875 0.546875 0.546875 0.53125 0.5546875 0.546875 0.546875 0.515625 0.5546875 
0.5546875 0.546875 0.546875 0.515625 0.546875 0.5546875 0.546875 0.546875 0.53125 0.5546875 
0.546875 0.5546875 0.546875 0.515625 0.546875 0.5546875 0.546875 0.546875 0.5546875 0.546875 
0.5546875 0.5546875 0.546875 0.546875 0.546875 0.5546875 0.546875 0.546875 0.546875 0.5546875 
0.546875 0.546875 0.5546875 0.5546875 0.5546875 0.5546875 0.4921875 0.5546875 0.5546875 0.546875 
0.546875 0.546875 0.5546875 0.5546875 0.5546875 0.4921875 0.5546875 0.5546875 0.546875 0.5546875 
0.5546875 0.5546875 0.546875 0.5546875 0.5546875 0.5546875 0.546875 0.546875 0.5546875 0.4921875 
0.546875 0.5546875 0.5546875 0.546875 0.546875 0.5390625 0.5390625 0.5546875 0.5546875 0.546875 
0.546875 0.546875 0.5546875 0.5546875 0.546875 0.546875 0.5390625 0.5390625 0.5546875 0.5546875 
0.546875 0.5546875 0.5546875 0.546875 0.546875 0.5546875 0.546875 0.5390625 0.5390625 0.5546875 
0.5546875 0.546875 0.5546875 0.5546875 0.546875 0.546875 0.546875 0.5390625 0.5390625 0.5546875 
0.546875 0.5546875 0.5546875 0.546875 0.546875 0.546875 0.5546875 0.5546875 0.546875 0.5546875 
0.546875 0.5546875 0.5546875 0.5546875 0.546875 0.546875 0.5546875 0.5546875 0.546875 0.546875 
0.546875 0.5546875 0.5546875 0.546875 0.5546875 0.546875 0.5546875 0.5546875 0.546875 0.5546875 
0.546875 0.5546875 0.5546875 0.546875 0.5546875 0.5390625 0.546875 0.5546875 0.5546875 0.546875 
0.546875 0.546875 0.546875 0.5546875 0.5546875 0.546875 0.578125 0.5546875 0.5546875 0.5390625 
0.5546875 0.546875 0.5546875 0.5390625 0.546875 0.546875 0.546875 0.5546875 0.5546875 0.578125 
0.546875 0.546875 0.546875 0.5546875 0.546875 0.5546875 0.5546875 0.5625 0.5546875 0.5390625 
