% Ministry of Cellular Automata
% Project Deux (CS523 Spring 2015)
% Version:v0.1-66-g3e0f-dirty
%  pop:50
%  ic count:100
%  CA Log option:r3/run18
%  width:121
%  max workers:4
%  radius:3
%  iterations:300
%  generations:50

 generation 0.3.12.1.50.1.50.1.3.4.3.3.3.4.1.1.3.3.19.4.53.3.50.50.3.1.3.3.50.1.3.1.4.3.50.1.50.3.4.50.22.11.16.3.4.4.4.4.4.4.4.xover.mutate.done 50
 generation 1.50.50.50.50.50.50.50.50.50.18.0.0.50.24.0.0.0.17.0.0.50.0.50.0.0.0.0.0.50.10.0.0.0.0.0.46.0.50.50.50.0.0.50.0.0.0.48.0.0.37.xover.mutate.done 50
 generation 2.51.50.50.50.50.50.50.50.50.50.5.2.5.51.6.2.15.51.1.50.51.1.2.2.50.2.2.46.1.15.1.50.9.1.50.50.2.2.2.1.51.51.2.2.50.50.1.7.2.50.xover.mutate.done 50
 generation 3.50.50.50.50.50.50.50.50.50.50.0.44.0.0.0.50.0.0.0.0.0.0.50.0.0.0.6.0.34.0.47.31.0.0.34.49.1.0.0.50.4.0.26.0.50.50.50.0.50.37.xover.mutate.done 50
 generation 4.52.52.52.52.52.52.50.50.50.50.1.2.2.52.3.2.3.3.50.3.2.52.52.52.24.55.3.2.2.48.50.3.2.3.2.3.50.3.52.1.2.3.3.16.2.3.3.52.44.3.xover.mutate.done 50
 generation 5.54.50.50.50.50.50.50.50.50.50.0.0.0.19.50.50.50.0.50.0.3.0.0.0.8.0.0.5.0.50.0.17.50.66.0.0.0.0.7.0.0.0.39.0.0.0.0.0.9.0.xover.mutate.done 50
 generation 6.65.55.50.50.50.50.50.50.50.50.1.1.1.38.1.1.50.1.1.50.5.0.0.1.37.1.50.17.9.1.1.12.0.8.1.21.0.0.19.44.7.50.1.5.44.50.1.4.1.0.xover.mutate.done 50
 generation 7.66.56.50.50.50.50.50.50.50.50.5.0.0.0.0.0.50.0.50.0.0.0.50.11.26.10.23.50.7.50.28.8.50.56.0.50.52.8.0.11.0.0.5.0.0.0.0.0.43.0.xover.mutate.done 50
 generation 8.66.54.54.58.50.50.50.50.50.50.0.0.0.0.50.50.5.0.0.5.50.50.58.13.50.50.0.0.0.0.50.50.50.50.28.7.50.0.41.2.0.0.44.50.50.50.0.50.50.50.xover.mutate.done 50
 generation 9.66.61.63.58.58.52.52.52.52.52.52.52.3.9.52.13.14.58.3.63.3.52.3.15.51.52.2.34.3.52.52.52.2.1.52.52.52.3.32.22.3.8.51.52.8.3.63.32.53.52.xover.mutate.done 50
 generation 10.67.61.61.61.61.58.58.58.50.52.3.17.52.52.4.51.50.52.57.24.52.56.52.76.2.52.58.46.7.47.16.52.31.33.52.27.52.40.52.61.52.52.9.52.52.52.52.52.52.17.xover.mutate.done 50
 generation 11.79.65.62.62.62.59.59.54.54.54.43.17.50.6.56.50.52.54.50.6.24.6.60.29.52.2.42.6.52.29.22.50.12.4.52.52.4.6.53.52.6.52.24.70.59.6.18.52.63.52.xover.mutate.done 50
 generation 12.82.65.70.61.61.61.61.69.61.61.50.50.61.23.50.9.10.11.15.51.28.29.39.61.25.68.39.50.13.61.41.50.61.24.0.43.57.47.56.50.26.51.11.61.30.7.50.62.1.1.xover.mutate.done 50
 generation 13.80.61.59.68.66.56.57.56.57.57.0.55.12.16.0.40.19.55.6.0.0.0.47.43.6.43.50.54.49.6.15.0.21.50.56.32.50.0.36.0.50.0.32.55.46.51.55.69.18.42.xover.mutate.done 50
 generation 14.79.65.73.72.64.60.60.61.61.59.59.24.49.50.57.15.35.52.48.20.52.34.22.52.22.2.21.2.33.8.52.14.52.47.30.59.56.52.59.21.42.52.2.2.22.52.7.57.52.38.xover.mutate.done 50
 generation 15.78.68.69.69.63.57.57.59.57.57.68.0.0.0.42.50.30.0.50.50.0.50.38.5.4.5.50.54.45.50.50.39.65.0.55.54.6.50.24.35.23.0.37.0.41.50.41.50.50.47.xover.mutate.done 50
 generation 16.83.65.69.75.63.72.63.59.57.57.5.50.34.18.0.7.47.44.50.50.11.32.1.65.20.25.50.1.20.17.51.8.50.16.1.37.29.34.11.1.31.54.5.1.50.9.56.42.53.67.xover.mutate.done 50
 generation 17.81.70.71.69.65.69.65.72.61.60.8.7.53.7.47.3.50.17.46.69.40.12.3.3.17.3.47.14.3.3.14.11.50.6.68.3.3.3.50.12.50.49.45.34.27.7.19.17.6.53.xover.mutate.done 50
 generation 18.80.68.73.71.74.71.68.67.71.64.29.51.1.1.71.1.8.25.47.16.66.72.50.15.42.66.40.50.50.10.41.35.53.69.52.16.1.11.1.1.23.1.1.8.16.10.29.63.52.9.xover.mutate.done 50
 generation 19.79.72.71.73.70.63.68.66.72.77.11.68.52.58.23.46.51.19.66.1.56.43.50.50.12.16.29.58.51.9.70.50.70.51.29.15.31.51.31.23.22.24.59.68.31.15.1.50.21.54.xover.mutate.done 50
 generation 20.79.68.69.65.68.68.67.68.63.64.45.1.30.45.49.51.1.2.51.51.30.60.61.12.21.2.27.51.2.10.39.15.1.40.39.2.31.16.45.9.27.19.51.11.60.11.2.51.49.9.xover.mutate.done 50
 generation 21.79.73.73.68.73.72.73.72.70.66.29.17.19.24.52.70.5.89.26.5.37.5.2.80.5.4.52.48.54.58.34.57.26.75.2.39.9.9.5.5.30.36.18.5.29.22.45.52.50.29.xover.mutate.done 50
 generation 22.83.68.75.65.69.70.68.68.65.67.1.46.12.1.0.11.50.74.1.47.49.22.14.51.51.49.27.41.51.19.19.69.62.14.1.37.23.63.14.50.29.1.1.55.1.35.38.63.58.67.xover.mutate.done 50
 generation 23.79.80.74.72.70.70.70.68.67.66.43.3.3.51.67.56.50.50.26.0.46.26.40.3.53.34.44.50.5.22.50.19.38.5.50.3.47.3.32.50.64.50.4.8.63.52.44.3.49.53.xover.mutate.done 50
 generation 24.76.87.71.75.70.68.72.64.65.66.70.9.31.3.28.3.3.3.30.62.3.8.23.23.69.31.0.82.50.3.8.3.42.12.64.3.58.20.41.50.27.50.50.60.50.53.10.46.68.39.xover.mutate.done 50
 generation 25.82.83.77.67.70.73.71.62.68.69.73.44.27.62.19.48.32.65.41.34.50.55.1.51.41.69.1.48.63.13.0.71.39.12.1.57.48.69.42.1.44.37.1.65.1.6.0.50.21.8.xover.mutate.done 50
 generation 26.83.80.79.74.70.72.72.74.73.73.46.36.64.1.1.50.15.9.34.23.24.29.37.50.23.24.17.13.49.1.31.17.31.56.36.15.13.62.47.44.70.8.43.1.1.76.42.5.1.79.xover.mutate.done 50
 generation 27.84.82.82.75.70.73.72.68.72.68.51.3.38.17.22.3.18.56.32.6.8.3.11.19.3.35.35.11.16.64.51.33.3.18.67.12.1.33.3.2.1.49.45.16.7.3.3.2.3.17.xover.mutate.done 50
 generation 28.82.83.73.74.71.72.68.81.71.71.4.22.4.52.4.20.49.7.4.39.6.10.23.19.4.31.4.31.42.17.4.1.4.4.4.5.24.7.5.51.4.4.4.1.28.4.25.53.19.51.xover.mutate.done 50
 generation 29.82.80.75.74.75.72.71.69.68.72.52.50.15.52.1.1.18.0.1.0.18.1.1.68.0.11.46.1.1.0.10.1.35.67.1.15.49.1.0.18.1.63.42.1.50.33.1.51.1.1.xover.mutate.done 50
 generation 30.84.87.63.87.67.69.67.81.81.81.61.66.31.2.42.19.23.7.43.2.52.7.29.2.2.52.2.49.2.2.2.6.30.7.2.2.55.52.35.7.7.7.61.46.36.2.12.45.7.17.xover.mutate.done 50
 generation 31.82.78.84.75.68.68.79.71.76.74.14.21.6.12.61.0.29.0.85.0.0.1.0.14.43.69.0.27.27.25.42.0.52.26.13.43.48.0.12.0.0.59.50.50.51.22.50.28.55.16.xover.mutate.done 50
 generation 32.84.86.83.78.76.77.77.77.78.71.57.59.15.50.51.21.82.7.1.8.24.49.9.1.15.23.38.60.8.7.43.38.69.76.32.50.23.1.9.0.14.24.7.1.30.50.34.11.74.1.xover.mutate.done 50
 generation 33.73.78.82.62.66.64.66.70.61.76.50.62.56.16.19.1.50.56.23.49.0.47.73.43.39.12.51.62.32.34.62.17.7.8.50.60.58.60.7.1.30.2.26.6.50.26.18.8.6.40.xover.mutate.done 50
 generation 34.84.74.82.80.75.78.70.67.71.73.50.24.63.60.34.2.2.2.67.61.2.48.2.55.2.18.2.10.68.10.36.58.33.44.61.50.63.58.50.20.7.29.70.2.60.2.50.52.35.50.xover.mutate.done 50
 generation 35.85.77.81.74.71.79.74.72.70.68.39.11.66.23.43.0.50.61.29.16.46.0.72.71.32.0.8.0.7.50.6.41.52.0.61.50.57.46.6.13.61.45.0.0.49.16.10.20.0.32.xover.mutate.done 50
 generation 36.85.87.84.84.78.78.76.69.75.75.2.2.2.20.76.40.14.50.1.30.42.2.10.24.33.7.33.71.51.20.68.23.35.12.20.37.30.2.59.23.23.26.76.7.2.2.35.70.51.41.xover.mutate.done 50
 generation 37.83.82.79.79.76.69.74.74.68.73.1.54.3.46.51.9.51.52.3.3.22.3.17.10.63.19.57.73.19.20.3.60.60.47.1.50.50.14.49.25.3.3.1.18.25.79.6.12.3.48.xover.mutate.done 50
 generation 38.82.84.79.79.83.77.76.76.72.72.34.1.10.51.38.58.1.12.1.29.61.11.21.41.35.1.67.1.50.28.33.34.25.9.47.1.37.36.26.1.1.28.50.1.22.41.31.49.53.52.xover.mutate.done 50
 generation 39.77.79.78.79.75.72.72.69.70.70.14.14.13.16.23.46.46.12.1.50.56.1.37.20.14.30.34.65.46.40.50.1.1.50.79.33.29.20.15.12.51.1.27.53.12.1.34.15.10.12.xover.mutate.done 50
 generation 40.80.74.83.80.88.76.76.73.72.72.3.22.22.25.13.63.3.69.22.35.72.17.3.58.48.3.66.48.52.15.45.19.66.47.70.31.60.41.10.10.52.39.34.11.25.51.52.45.29.3.xover.mutate.done 50
 generation 41.82.73.76.78.76.68.78.66.67.67.42.50.33.9.68.15.64.11.70.47.64.13.13.43.2.36.47.2.34.22.42.8.50.19.33.16.72.11.37.45.39.2.2.80.2.3.2.40.50.2.xover.mutate.done 50
 generation 42.82.82.87.83.81.77.83.78.71.75.27.61.9.27.27.78.50.71.46.46.18.58.83.30.23.12.18.9.19.56.2.48.2.74.51.16.42.58.37.2.57.37.51.51.1.64.51.26.66.71.xover.mutate.done 50
 generation 43.81.81.85.80.80.80.78.74.78.76.33.39.9.1.8.17.39.56.29.21.15.50.51.12.16.43.51.61.39.60.24.15.69.10.5.22.67.5.33.60.59.1.44.50.70.9.48.43.50.17.xover.mutate.done 50
 generation 44.79.76.73.89.85.84.84.80.82.69.1.60.50.0.45.50.27.22.17.44.0.0.27.50.48.73.0.50.27.0.0.12.46.29.17.24.0.54.53.65.12.58.0.42.54.16.3.17.14.32.xover.mutate.done 50
 generation 45.83.84.81.80.77.76.78.80.74.76.47.50.3.48.7.36.67.50.26.57.47.17.23.50.9.45.50.55.4.50.33.16.52.6.60.14.3.27.4.56.5.57.58.23.1.23.31.4.9.3.xover.mutate.done 50
 generation 46.81.79.79.78.83.76.74.77.69.69.67.0.39.0.10.39.18.0.31.0.50.0.28.50.1.0.15.50.68.32.46.17.57.50.17.44.3.48.55.68.40.20.0.6.0.61.0.67.6.58.xover.mutate.done 50
 generation 47.83.90.83.82.81.79.81.77.70.78.72.32.11.3.49.20.3.66.53.66.68.3.3.52.3.58.3.68.3.8.50.27.8.27.43.42.51.64.77.58.20.0.22.26.39.8.20.53.25.12.xover.mutate.done 50
 generation 48.92.83.87.86.85.84.79.79.82.79.46.2.51.32.43.61.2.51.51.2.2.28.75.23.15.8.61.16.51.24.22.1.40.12.67.79.51.51.2.49.51.32.23.32.46.11.49.2.27.12.xover.mutate.done 50
 generation 49.82.82.79.81.77.79.78.79.70.78.42.18.13.41.15.39.50.38.50.11.19.1.49.54.34.54.56.33.3.6.1.7.1.1.11.23.51.36.4.50.64.1.28.51.21.36.36.48.48.50.xover.mutate.done 50
 35718727 iters     725818 iter/sec (49.21 s)
 total time: 49.21
