53 50 50 50 50 50 50 50 50 22 19 16 12 11 4 4 4 4 4 4 4 4 4 4 4 4 3 3 3 3 3 3 3 3 3 3 3 3 3 3 3 1 1 1 1 1 1 1 1 1 
50 50 50 50 50 50 50 50 50 50 50 50 50 50 50 50 50 48 46 37 24 18 17 10 0 0 0 0 0 0 0 0 0 0 0 0 0 0 0 0 0 0 0 0 0 0 0 0 0 0 
51 51 51 51 51 51 50 50 50 50 50 50 50 50 50 50 50 50 50 50 50 50 50 46 15 15 9 7 6 5 5 2 2 2 2 2 2 2 2 2 2 2 2 1 1 1 1 1 1 1 
50 50 50 50 50 50 50 50 50 50 50 50 50 50 50 50 50 49 47 44 37 34 34 31 26 6 4 1 0 0 0 0 0 0 0 0 0 0 0 0 0 0 0 0 0 0 0 0 0 0 
55 52 52 52 52 52 52 52 52 52 52 52 52 50 50 50 50 50 50 50 48 44 24 16 3 3 3 3 3 3 3 3 3 3 3 3 3 3 2 2 2 2 2 2 2 2 2 2 1 1 
66 54 50 50 50 50 50 50 50 50 50 50 50 50 50 50 50 39 19 17 9 8 7 5 3 0 0 0 0 0 0 0 0 0 0 0 0 0 0 0 0 0 0 0 0 0 0 0 0 0 
65 55 50 50 50 50 50 50 50 50 50 50 50 50 50 44 44 38 37 21 19 17 12 9 8 7 5 5 4 1 1 1 1 1 1 1 1 1 1 1 1 1 1 1 0 0 0 0 0 0 
66 56 56 52 50 50 50 50 50 50 50 50 50 50 50 50 50 50 50 43 28 26 23 11 11 10 8 8 7 5 5 0 0 0 0 0 0 0 0 0 0 0 0 0 0 0 0 0 0 0 
66 58 58 54 54 50 50 50 50 50 50 50 50 50 50 50 50 50 50 50 50 50 50 50 50 50 50 50 44 41 28 13 7 5 5 2 0 0 0 0 0 0 0 0 0 0 0 0 0 0 
66 63 63 63 61 58 58 58 53 52 52 52 52 52 52 52 52 52 52 52 52 52 52 52 52 52 52 51 51 34 32 32 22 15 14 13 9 8 8 3 3 3 3 3 3 3 3 2 2 1 
76 67 61 61 61 61 61 58 58 58 58 57 56 52 52 52 52 52 52 52 52 52 52 52 52 52 52 52 52 52 52 52 51 50 50 47 46 40 33 31 27 24 17 17 16 9 7 4 3 2 
79 70 65 63 62 62 62 60 59 59 59 56 54 54 54 54 53 52 52 52 52 52 52 52 52 52 50 50 50 50 43 42 29 29 24 24 22 18 17 12 6 6 6 6 6 6 6 4 4 2 
82 70 69 68 65 62 61 61 61 61 61 61 61 61 61 61 61 57 56 51 51 50 50 50 50 50 50 50 47 43 41 39 39 30 29 28 26 25 24 23 15 13 11 11 10 9 7 1 1 0 
80 69 68 66 61 59 57 57 57 56 56 56 55 55 55 55 54 51 50 50 50 50 49 47 46 43 43 42 40 36 32 32 21 19 18 16 15 12 6 6 6 0 0 0 0 0 0 0 0 0 
79 73 72 65 64 61 61 60 60 59 59 59 59 57 57 56 52 52 52 52 52 52 52 52 52 50 49 48 47 42 38 35 34 33 30 24 22 22 22 21 21 20 15 14 8 7 2 2 2 2 
78 69 69 68 68 65 63 59 57 57 57 57 55 54 54 50 50 50 50 50 50 50 50 50 50 50 47 45 42 41 41 39 38 37 35 30 24 23 6 5 5 4 0 0 0 0 0 0 0 0 
83 75 72 69 67 65 65 63 63 59 57 57 56 54 53 51 50 50 50 50 50 50 47 44 42 37 34 34 32 31 29 25 20 20 18 17 16 11 11 9 8 7 5 5 1 1 1 1 1 0 
81 72 71 70 69 69 69 68 65 65 61 60 53 53 50 50 50 50 49 47 47 46 45 40 34 27 19 17 17 17 14 14 12 12 11 8 7 7 7 6 6 3 3 3 3 3 3 3 3 3 
80 74 73 72 71 71 71 71 69 68 68 67 66 66 64 63 53 52 52 51 50 50 50 47 42 41 40 35 29 29 25 23 16 16 16 15 11 10 10 9 8 8 1 1 1 1 1 1 1 1 
79 77 73 72 72 71 70 70 70 68 68 68 66 66 63 59 58 58 56 54 52 51 51 51 51 50 50 50 50 46 43 31 31 31 29 29 24 23 23 22 21 19 16 15 15 12 11 9 1 1 
79 69 68 68 68 68 67 65 64 63 61 60 60 51 51 51 51 51 51 49 49 45 45 45 40 39 39 31 30 30 27 27 21 19 16 15 12 11 11 10 9 9 2 2 2 2 2 1 1 1 
89 80 79 75 73 73 73 73 72 72 70 70 68 66 58 57 54 52 52 52 50 48 45 39 37 36 34 30 29 29 29 26 26 24 22 19 18 17 9 9 5 5 5 5 5 5 5 4 2 2 
83 75 74 70 69 69 68 68 68 67 67 65 65 63 63 62 58 55 51 51 51 50 50 49 49 47 46 41 38 37 35 29 27 23 22 19 19 14 14 14 12 11 1 1 1 1 1 1 1 0 
80 79 74 72 70 70 70 68 67 67 66 64 63 56 53 53 52 51 50 50 50 50 50 50 50 49 47 46 44 44 43 40 38 34 32 26 26 22 19 8 5 5 4 3 3 3 3 3 3 0 
87 82 76 75 72 71 70 70 69 68 68 66 65 64 64 62 60 58 53 50 50 50 50 50 46 42 41 39 31 31 30 28 27 23 23 20 12 10 9 8 8 3 3 3 3 3 3 3 3 0 
83 82 77 73 73 71 71 70 69 69 69 68 67 65 65 63 62 62 57 55 51 50 50 48 48 48 44 44 42 41 41 39 37 34 32 27 21 19 13 12 8 6 1 1 1 1 1 1 0 0 
83 80 79 79 76 74 74 73 73 72 72 70 70 64 62 56 50 50 49 47 46 44 43 42 37 36 36 34 31 31 29 24 24 23 23 17 17 15 15 13 13 9 8 5 1 1 1 1 1 1 
84 82 82 75 73 72 72 70 68 68 67 64 56 51 51 49 45 38 35 35 33 33 32 22 19 18 18 17 17 16 16 12 11 11 8 7 6 3 3 3 3 3 3 3 3 3 2 2 1 1 
83 82 81 74 73 72 71 71 71 68 53 52 51 51 49 42 39 31 31 28 25 24 23 22 20 19 19 17 10 7 7 6 5 5 4 4 4 4 4 4 4 4 4 4 4 4 4 4 1 1 
82 80 75 75 74 72 72 71 69 68 68 67 63 52 52 51 50 50 49 46 42 35 33 18 18 18 15 15 11 10 1 1 1 1 1 1 1 1 1 1 1 1 1 1 1 0 0 0 0 0 
87 87 84 81 81 81 69 67 67 66 63 61 61 55 52 52 52 49 46 45 43 42 36 35 31 30 29 23 19 17 12 7 7 7 7 7 7 7 6 2 2 2 2 2 2 2 2 2 2 2 
85 84 82 79 78 76 75 74 71 69 68 68 61 59 55 52 51 50 50 50 48 43 43 42 29 28 27 27 26 25 22 21 16 14 14 13 12 12 6 1 0 0 0 0 0 0 0 0 0 0 
86 84 83 82 78 78 77 77 77 76 76 74 71 69 60 59 57 51 50 50 50 49 43 38 38 34 32 30 24 24 23 23 21 15 15 14 11 9 9 8 8 7 7 7 1 1 1 1 1 0 
82 78 76 73 73 70 66 66 64 62 62 62 62 61 60 60 58 56 56 51 50 50 50 50 49 47 43 40 39 34 32 30 26 26 23 19 18 17 16 12 8 8 7 7 6 6 2 1 1 0 
84 82 80 78 75 74 73 71 70 70 68 67 67 63 63 61 61 60 60 58 58 55 52 50 50 50 50 50 48 44 36 35 34 33 29 24 20 18 10 10 7 2 2 2 2 2 2 2 2 2 
85 81 79 77 74 74 72 72 71 71 70 68 66 61 61 61 57 52 50 50 50 49 46 46 45 43 41 39 32 32 29 23 20 16 16 13 11 10 8 7 6 6 0 0 0 0 0 0 0 0 
87 85 84 84 78 78 76 76 76 75 75 71 70 69 68 59 51 51 50 42 41 40 37 35 35 33 33 30 30 26 24 23 23 23 20 20 20 14 12 10 7 7 2 2 2 2 2 2 2 1 
83 82 79 79 79 76 74 74 73 73 69 68 63 60 60 57 54 52 51 51 50 50 49 48 47 46 25 25 22 20 19 19 18 17 14 12 10 9 6 3 3 3 3 3 3 3 3 1 1 1 
84 83 82 79 79 77 76 76 72 72 67 61 58 53 52 51 50 50 49 47 41 41 38 37 36 35 34 34 33 31 29 28 28 26 25 22 21 12 11 10 9 1 1 1 1 1 1 1 1 1 
79 79 79 78 77 75 72 72 70 70 69 65 56 53 51 50 50 50 46 46 46 40 37 34 34 33 30 29 27 23 20 20 16 15 15 14 14 14 13 12 12 12 12 10 1 1 1 1 1 1 
88 83 80 80 76 76 74 73 72 72 72 70 69 66 66 63 60 58 52 52 52 51 48 48 47 45 45 41 39 35 34 31 29 25 25 22 22 22 19 17 15 13 11 10 10 3 3 3 3 3 
82 80 78 78 76 76 73 72 70 68 68 67 67 66 64 64 50 50 50 47 47 45 43 42 42 40 39 37 36 34 33 33 22 19 16 15 13 13 11 11 9 8 3 2 2 2 2 2 2 2 
87 83 83 83 82 82 81 78 78 77 75 74 71 71 71 66 64 61 58 58 57 56 51 51 51 51 50 48 46 46 42 37 37 30 27 27 27 26 23 19 18 18 16 12 9 9 2 2 2 1 
85 81 81 80 80 80 78 78 76 74 70 69 67 61 60 60 59 56 51 51 50 50 50 48 44 43 43 39 39 39 33 33 29 24 22 21 17 17 16 15 15 12 10 9 9 8 5 5 1 1 
89 85 84 84 82 80 79 76 73 73 69 65 60 58 54 54 53 50 50 50 50 48 46 45 44 42 32 29 27 27 27 24 22 17 17 17 16 14 12 12 3 1 0 0 0 0 0 0 0 0 
84 83 81 80 80 78 77 76 76 74 67 60 58 57 57 56 55 52 50 50 50 50 50 48 47 47 45 36 33 31 27 26 23 23 23 17 16 14 9 9 7 6 5 4 4 4 3 3 3 1 
83 81 79 79 78 77 76 74 69 69 68 68 67 67 61 58 57 55 50 50 50 50 48 46 44 40 39 39 32 31 28 20 18 17 17 15 10 6 6 3 1 0 0 0 0 0 0 0 0 0 
90 83 83 82 81 81 79 78 77 77 72 70 68 68 66 66 64 58 58 53 53 52 51 50 49 43 42 39 32 27 27 26 25 22 20 20 20 12 11 8 8 8 3 3 3 3 3 3 3 0 
92 87 86 85 84 83 82 79 79 79 79 75 67 61 61 51 51 51 51 51 51 51 49 49 46 46 43 40 32 32 32 28 27 24 23 23 22 16 15 12 12 11 8 2 2 2 2 2 2 1 
82 82 81 79 79 79 78 78 77 70 64 56 54 54 51 51 50 50 50 50 49 48 48 42 41 39 38 36 36 36 34 33 28 23 21 19 18 15 13 11 11 7 6 4 3 1 1 1 1 1 
