0.8515625 0.59375 0.8125 0.8984375 0.0703125 0.1953125 0.921875 0.984375 0.0703125 0.890625 
0.0703125 0.8125 0.921875 0.8984375 0.984375 0.9921875 0.109375 0.0703125 1.0 0.953125 
0.8125 0.921875 0.9375 0.9375 0.8046875 0.7109375 0.0703125 0.8984375 0.984375 0.9921875 
0.8125 0.921875 0.9375 0.9375 0.8046875 0.7109375 0.7421875 0.9375 0.71875 0.0703125 
0.8125 0.921875 0.9375 0.9375 0.8046875 0.7109375 0.7421875 0.9375 0.71875 0.0703125 
0.8125 0.921875 0.9375 0.9375 0.8046875 0.7109375 0.7421875 0.9375 0.71875 0.7421875 
0.0859375 0.1953125 0.484375 0.6875 0.8125 0.921875 0.9375 0.9375 0.8046875 0.7109375 
0.6875 0.8125 0.921875 0.9375 0.9375 0.8046875 0.7109375 0.859375 0.78125 0.8515625 
0.8125 0.921875 0.9375 0.9375 0.8046875 0.7109375 0.859375 0.78125 0.8515625 0.8203125 
0.8125 0.921875 0.9375 0.9375 0.8046875 0.7109375 0.859375 0.78125 0.8515625 0.8203125 
0.8125 0.921875 0.9375 0.9375 0.8046875 0.7109375 0.859375 0.78125 0.8515625 0.8203125 
0.8125 0.921875 0.9375 0.9375 0.8046875 0.7109375 0.859375 0.78125 0.8515625 0.8203125 
0.8125 0.921875 0.9375 0.9375 0.8046875 0.7109375 0.859375 0.78125 0.8515625 0.8203125 
0.8125 0.921875 0.9375 0.9375 0.8046875 0.7109375 0.859375 0.78125 0.8515625 0.8203125 
0.8125 0.921875 0.9375 0.9375 0.8046875 0.7109375 0.859375 0.78125 0.8515625 0.8203125 
0.8125 0.921875 0.9375 0.9375 0.8046875 0.7109375 0.859375 0.78125 0.8515625 0.8203125 
0.8125 0.921875 0.9375 0.9375 0.8046875 0.7109375 0.859375 0.78125 0.8515625 0.8203125 
0.8125 0.921875 0.9375 0.9375 0.8046875 0.7109375 0.859375 0.78125 0.8515625 0.8203125 
0.8125 0.921875 0.9375 0.9375 0.8046875 0.7109375 0.859375 0.78125 0.8515625 0.8203125 
0.8125 0.921875 0.9375 0.9375 0.8046875 0.7109375 0.859375 0.78125 0.8515625 0.8203125 
0.8125 0.921875 0.9375 0.9375 0.8046875 0.7109375 0.859375 0.78125 0.8515625 0.8203125 
0.8125 0.921875 0.9375 0.9375 0.8046875 0.7109375 0.859375 0.78125 0.8515625 0.8203125 
0.8125 0.921875 0.9375 0.9375 0.8046875 0.7109375 0.859375 0.78125 0.8515625 0.8203125 
0.8125 0.921875 0.9375 0.9375 0.8046875 0.7109375 0.859375 0.78125 0.8515625 0.8203125 
0.8125 0.921875 0.9375 0.9375 0.8046875 0.7109375 0.859375 0.78125 0.8515625 0.8203125 
0.8125 0.921875 0.9375 0.9375 0.8046875 0.7109375 0.859375 0.78125 0.8515625 0.8203125 
0.8125 0.921875 0.9375 0.9375 0.8046875 0.7109375 0.859375 0.78125 0.8515625 0.8203125 
0.8125 0.921875 0.9375 0.9375 0.8046875 0.7109375 0.859375 0.78125 0.8515625 0.8203125 
0.8125 0.921875 0.9375 0.9375 0.8046875 0.7109375 0.859375 0.78125 0.8515625 0.8203125 
0.8125 0.921875 0.9375 0.9375 0.8046875 0.7109375 0.859375 0.78125 0.8515625 0.8203125 
0.8125 0.921875 0.9375 0.9375 0.8046875 0.7109375 0.859375 0.78125 0.8515625 0.8203125 
0.6953125 0.8125 0.921875 0.9375 0.9375 0.8046875 0.7109375 0.859375 0.78125 0.8515625 
0.6953125 0.8125 0.921875 0.9375 0.9375 0.8046875 0.7109375 0.859375 0.78125 0.8515625 
0.6953125 0.8125 0.921875 0.9375 0.9375 0.8046875 0.7109375 0.859375 0.78125 0.8515625 
0.6953125 0.8125 0.921875 0.9375 0.9375 0.8046875 0.7109375 0.859375 0.78125 0.8515625 
0.6953125 0.8125 0.921875 0.9375 0.9375 0.8046875 0.7109375 0.859375 0.78125 0.8515625 
0.6953125 0.8125 0.921875 0.9375 0.9375 0.8046875 0.7109375 0.859375 0.78125 0.8515625 
0.6953125 0.640625 0.8125 0.921875 0.9375 0.9375 0.8046875 0.7109375 0.859375 0.78125 
0.6953125 0.8125 0.921875 0.9375 0.9375 0.8046875 0.7109375 0.859375 0.78125 0.8046875 
0.6953125 0.8125 0.921875 0.9375 0.9375 0.8046875 0.7109375 0.859375 0.78125 0.8046875 
0.6953125 0.8125 0.921875 0.9375 0.9375 0.8046875 0.7109375 0.859375 0.78125 0.8046875 
0.6953125 0.8125 0.921875 0.9375 0.9375 0.8046875 0.7109375 0.859375 0.78125 0.8046875 
0.6953125 0.8125 0.921875 0.9375 0.9375 0.8046875 0.7109375 0.859375 0.78125 0.796875 
0.6953125 0.8125 0.921875 0.9375 0.9375 0.8046875 0.7109375 0.859375 0.78125 0.796875 
0.6953125 0.8125 0.921875 0.9375 0.9375 0.8046875 0.7109375 0.859375 0.78125 0.796875 
0.6953125 0.8125 0.921875 0.9375 0.9375 0.8046875 0.7109375 0.859375 0.78125 0.796875 
0.6953125 0.8125 0.921875 0.9375 0.9375 0.8046875 0.7109375 0.859375 0.78125 0.796875 
0.6953125 0.8125 0.921875 0.9375 0.9375 0.8046875 0.7109375 0.859375 0.78125 0.796875 
0.6953125 0.8125 0.921875 0.9375 0.9375 0.8046875 0.7109375 0.859375 0.78125 0.796875 
0.6953125 0.8125 0.921875 0.9375 0.9375 0.8046875 0.7109375 0.859375 0.78125 0.796875 
