% Ministry of Cellular Automata
% Project Deux (CS523 Spring 2015)
% Version:v0.1-66-g3e0f-dirty
%  pop:50
%  ic count:100
%  CA Log option:r3/run13
%  width:121
%  max workers:4
%  radius:3
%  iterations:300
%  generations:50

 generation 0.50.1.1.2.2.1.1.1.2.50.1.1.1.15.2.1.50.1.1.50.3.50.50.51.51.1.1.2.4.2.2.50.2.1.1.2.1.50.1.1.1.50.2.1.1.29.2.2.1.1.xover.mutate.done 50
 generation 1.50.50.50.50.50.50.50.50.50.50.0.48.50.50.50.50.0.0.0.0.17.0.62.50.0.0.0.50.0.0.46.50.12.0.0.1.50.0.49.0.0.46.50.0.50.5.50.0.50.0.xover.mutate.done 50
 generation 2.56.50.50.50.50.50.50.50.50.50.50.50.50.50.50.50.0.50.50.50.28.50.50.50.0.50.50.8.50.50.11.0.0.51.50.0.50.0.0.50.50.0.0.0.50.0.0.0.50.0.xover.mutate.done 50
 generation 3.60.48.50.52.50.50.50.50.50.50.50.0.52.50.50.50.50.50.50.50.50.50.50.0.0.17.52.16.52.35.46.45.50.2.50.52.50.2.2.50.9.50.50.52.52.50.57.29.2.2.xover.mutate.done 50
 generation 4.52.53.51.51.51.51.51.51.51.51.2.5.1.1.5.1.1.51.50.2.1.5.50.51.22.1.51.50.2.54.51.1.2.51.2.2.6.51.35.34.1.51.1.13.1.5.1.1.2.51.xover.mutate.done 50
 generation 5.59.52.55.51.51.51.49.51.51.51.1.51.1.51.50.28.50.1.0.51.7.50.1.1.8.5.50.1.8.1.50.1.22.1.50.51.8.1.1.5.1.1.0.1.51.1.50.1.51.54.xover.mutate.done 50
 generation 6.52.50.54.52.50.50.50.50.50.50.0.8.50.0.5.0.0.0.0.37.0.50.0.0.0.0.48.0.0.50.53.0.49.50.0.0.0.0.50.0.0.50.8.50.0.50.0.0.0.0.xover.mutate.done 50
 generation 7.59.57.63.54.57.50.51.51.51.51.51.0.1.1.49.15.1.1.1.1.51.1.57.0.1.1.1.51.1.1.50.8.7.1.27.1.1.50.50.1.1.11.10.1.1.10.1.1.50.0.xover.mutate.done 50
 generation 8.64.58.56.63.56.54.52.52.52.52.6.1.3.3.52.2.53.52.50.2.6.3.3.50.52.3.50.2.9.3.3.3.41.3.3.3.3.10.3.3.7.1.1.59.9.9.52.52.51.55.xover.mutate.done 50
 generation 9.55.50.58.59.58.58.53.47.47.51.51.50.51.9.2.1.1.28.3.2.12.7.50.19.2.50.9.3.2.58.52.8.1.5.51.50.9.47.5.2.51.3.2.20.50.3.51.51.52.58.xover.mutate.done 50
 generation 10.55.55.55.55.55.55.53.52.51.51.1.1.1.7.51.1.16.55.1.4.1.50.50.0.1.28.22.1.55.56.1.55.5.55.1.1.1.6.50.20.1.0.1.1.54.1.1.11.0.1.xover.mutate.done 50
 generation 11.57.59.61.58.58.61.61.58.61.58.50.53.30.3.46.3.53.3.0.53.50.3.39.3.30.61.46.3.8.53.8.53.24.3.8.50.58.50.3.3.50.58.10.14.3.46.3.9.3.8.xover.mutate.done 50
 generation 12.54.54.54.54.54.54.53.53.53.53.53.0.0.0.35.1.0.0.36.6.0.50.0.33.50.32.2.17.50.50.55.50.0.50.19.0.50.50.12.50.50.17.0.15.12.30.1.41.53.10.xover.mutate.done 50
 generation 13.62.58.58.58.58.58.56.56.56.56.51.45.37.2.50.2.2.2.11.50.50.50.8.2.2.18.22.43.56.58.26.50.2.37.12.2.57.22.47.16.55.2.15.56.59.56.39.50.57.16.xover.mutate.done 50
 generation 14.60.59.58.58.58.58.58.58.58.58.5.50.50.52.58.10.58.1.58.16.20.13.52.10.22.50.54.52.16.3.48.55.58.45.2.58.3.58.17.10.52.1.3.58.24.25.58.2.3.50.xover.mutate.done 50
 generation 15.60.56.56.56.56.56.56.56.56.56.21.26.55.2.48.5.51.26.20.55.6.52.36.52.50.2.56.5.52.25.15.52.56.20.25.5.0.55.52.20.9.2.47.26.50.50.6.43.20.6.xover.mutate.done 50
 generation 16.60.56.56.56.56.56.56.56.56.56.12.56.45.10.3.6.7.25.52.52.7.1.51.1.14.13.52.1.56.14.17.50.11.50.3.56.7.3.1.1.54.6.50.52.6.18.32.49.8.3.xover.mutate.done 50
 generation 17.60.56.56.56.56.56.56.56.56.56.1.50.1.1.1.50.5.16.21.55.1.1.50.1.50.5.23.1.50.20.23.50.18.25.16.5.7.44.50.50.50.6.5.6.1.62.50.1.14.25.xover.mutate.done 50
 generation 18.60.59.56.56.56.56.56.56.56.56.23.4.8.32.4.6.16.4.2.5.4.52.16.8.20.50.39.11.50.20.41.4.51.50.2.29.7.17.4.52.8.11.8.50.9.53.35.56.4.2.xover.mutate.done 50
 generation 19.59.57.56.56.56.56.56.56.56.56.1.52.52.5.52.50.52.52.31.1.43.7.3.24.56.52.6.3.12.8.3.3.14.3.48.7.11.2.3.52.22.52.52.3.52.50.1.1.6.52.xover.mutate.done 50
 generation 20.58.54.52.52.52.52.52.52.52.52.0.0.49.2.20.14.7.50.0.50.2.47.0.50.0.0.42.0.50.0.52.2.0.0.9.0.50.49.0.20.22.0.36.5.5.0.39.2.46.45.xover.mutate.done 50
 generation 21.67.62.59.58.58.58.58.58.58.58.58.16.1.51.51.0.58.1.1.58.1.1.50.50.51.9.10.37.58.47.8.9.1.48.51.35.51.40.51.45.4.1.60.51.12.51.57.1.4.57.xover.mutate.done 50
 generation 22.61.57.54.54.53.53.53.53.53.53.5.50.16.50.44.37.1.1.38.1.4.4.50.37.4.54.26.50.46.1.1.53.1.27.53.63.47.8.53.32.31.5.53.6.53.19.35.18.58.4.xover.mutate.done 50
 generation 23.61.60.57.57.54.53.54.53.53.53.39.7.0.39.50.3.7.0.42.57.11.0.10.49.0.0.50.50.47.50.50.3.16.35.22.27.45.3.50.50.50.10.3.3.50.0.46.40.62.0.xover.mutate.done 50
 generation 24.71.69.67.62.62.61.59.59.58.56.50.10.9.61.22.1.50.1.51.50.38.21.1.1.2.50.1.66.49.31.62.61.58.15.0.18.13.1.25.10.51.50.72.32.43.17.10.1.1.45.xover.mutate.done 50
 generation 25.73.63.65.63.57.63.61.57.61.61.2.62.62.11.35.63.4.11.63.37.13.23.50.45.10.56.6.2.48.10.44.2.17.8.2.0.20.43.62.9.30.48.4.57.42.56.55.2.12.59.xover.mutate.done 50
 generation 26.71.60.64.57.55.57.56.58.58.55.5.0.9.51.49.54.1.1.10.5.5.53.1.6.53.39.3.25.53.17.1.51.50.56.3.58.5.22.53.36.6.5.24.54.51.22.6.7.5.53.xover.mutate.done 50
 generation 27.73.64.64.58.61.61.59.61.60.59.19.0.14.8.50.0.36.39.3.3.56.8.0.3.6.58.46.58.6.0.50.44.29.0.4.51.0.50.11.7.52.31.50.5.3.29.56.23.54.6.xover.mutate.done 50
 generation 28.74.65.64.64.65.64.62.63.61.63.2.12.2.17.2.15.48.16.23.2.45.2.34.42.65.10.43.10.65.12.65.58.2.60.8.2.46.65.2.15.28.35.10.8.23.2.30.13.12.13.xover.mutate.done 50
 generation 29.69.66.63.63.63.63.59.64.61.65.38.6.61.12.9.50.6.65.11.50.1.10.65.64.54.1.1.35.54.29.1.57.25.50.15.1.18.16.50.40.7.47.19.24.1.52.8.14.54.1.xover.mutate.done 50
 generation 30.68.71.65.64.66.63.70.63.63.63.61.12.12.12.63.49.45.63.61.12.27.44.2.26.59.31.16.61.33.43.52.12.62.12.20.52.13.51.34.66.61.43.49.28.2.10.13.61.41.61.xover.mutate.done 50
 generation 31.70.73.72.67.68.66.67.66.65.66.49.59.64.51.49.44.38.69.5.64.33.51.65.37.43.29.33.9.10.1.1.28.59.49.9.11.57.51.60.10.59.65.30.57.13.1.51.28.5.10.xover.mutate.done 50
 generation 32.76.71.68.67.66.66.62.66.64.61.60.62.55.47.61.33.56.56.42.55.5.64.10.56.7.64.3.57.28.19.3.67.3.66.71.64.51.27.20.73.3.17.1.54.43.2.51.27.71.9.xover.mutate.done 50
 generation 33.67.66.72.69.65.61.61.64.58.61.46.61.48.29.0.4.14.32.58.7.15.19.66.41.63.50.29.9.47.0.32.56.0.1.57.55.66.50.36.55.27.58.7.50.32.50.50.0.50.50.xover.mutate.done 50
 generation 34.65.70.64.64.56.66.62.59.66.59.51.9.10.54.50.41.7.1.43.20.1.59.62.51.0.9.15.23.52.1.50.11.22.14.29.50.1.20.54.50.45.2.1.51.53.61.41.49.36.49.xover.mutate.done 50
 generation 35.74.70.67.70.73.69.62.62.67.62.34.54.26.24.13.25.8.3.3.4.50.50.8.9.18.3.37.20.3.21.75.25.3.54.50.11.46.3.3.10.50.14.9.3.55.54.46.10.41.3.xover.mutate.done 50
 generation 36.63.73.69.69.71.69.67.64.64.64.16.51.1.12.51.1.17.2.1.46.33.40.51.51.28.8.1.7.57.52.19.27.2.31.1.1.22.2.58.2.7.18.42.44.61.6.8.41.50.50.xover.mutate.done 50
 generation 37.70.69.72.63.71.65.64.67.67.65.60.9.23.36.51.38.49.49.13.35.2.53.3.38.47.35.3.3.51.3.3.72.2.3.26.41.60.2.14.2.41.3.3.48.45.42.46.52.3.2.xover.mutate.done 50
 generation 38.69.68.69.77.69.67.67.70.65.72.25.19.57.33.19.51.33.2.71.1.42.11.2.18.1.31.23.14.16.18.16.51.23.45.55.2.6.51.14.2.1.1.4.4.51.34.7.6.68.2.xover.mutate.done 50
 generation 39.67.64.65.63.71.73.66.70.66.67.11.1.1.21.4.3.39.11.20.1.13.9.9.30.9.14.21.59.9.12.3.9.1.48.4.59.9.12.11.8.11.41.60.59.44.12.36.51.1.4.xover.mutate.done 50
 generation 40.70.73.70.70.68.72.61.62.66.66.3.3.17.33.12.14.3.3.4.51.21.3.3.20.56.70.66.50.10.72.2.1.67.52.10.17.11.3.3.43.52.46.26.3.46.54.13.49.44.4.xover.mutate.done 50
 generation 41.61.64.67.66.65.69.67.66.70.67.44.10.27.46.28.7.19.3.50.54.20.36.8.20.7.36.48.3.49.50.13.18.22.36.62.15.54.65.47.3.44.16.33.61.3.50.45.7.15.22.xover.mutate.done 50
 generation 42.63.67.67.70.65.68.66.68.68.70.6.66.30.7.1.69.29.57.50.52.50.18.63.6.1.75.9.59.59.22.39.21.1.0.18.37.53.31.0.43.27.23.5.62.1.51.31.11.81.5.xover.mutate.done 50
 generation 43.83.76.67.71.67.66.63.65.66.65.51.15.32.19.55.17.52.60.36.2.9.15.2.38.53.35.41.2.11.47.63.2.6.50.6.52.82.2.55.5.3.8.50.4.52.2.90.39.73.50.xover.mutate.done 50
 generation 44.87.89.84.78.78.81.75.72.72.68.72.42.31.66.4.34.4.67.50.46.21.1.47.8.23.28.40.22.51.60.51.22.58.3.68.17.51.51.53.12.4.25.33.58.11.42.32.18.49.12.xover.mutate.done 50
 generation 45.78.85.79.69.67.69.66.66.72.70.5.22.50.2.22.62.5.25.35.64.2.2.12.12.6.7.47.52.2.30.47.8.82.21.43.50.2.34.47.52.50.2.58.69.52.36.2.23.14.52.xover.mutate.done 50
 generation 46.90.75.79.85.63.67.67.72.61.78.28.65.1.47.3.51.52.38.53.0.32.60.0.52.35.22.50.43.0.3.8.1.10.29.1.35.50.62.0.49.1.51.39.2.1.40.51.50.54.31.xover.mutate.done 50
 generation 47.90.86.86.80.78.70.68.67.67.66.51.65.48.1.9.29.17.39.39.8.8.19.45.41.20.9.62.1.23.59.3.55.48.2.45.3.8.4.4.28.25.49.48.57.2.62.14.38.59.1.xover.mutate.done 50
 generation 48.90.79.80.74.85.77.75.67.64.73.7.51.51.27.34.1.55.1.30.28.37.20.79.4.48.23.16.37.67.52.24.34.9.10.11.23.52.14.0.22.0.1.10.10.0.77.49.13.4.49.xover.mutate.done 50
 generation 49.87.79.86.81.77.76.70.75.80.69.50.37.14.0.33.30.12.0.0.36.88.43.10.22.14.35.8.1.30.0.22.35.50.42.50.42.44.1.90.35.11.1.0.10.44.51.21.1.1.1.xover.mutate.done 50
 37089856 iters     708606 iter/sec (52.34 s)
 total time: 52.34
