50 50 50 50 50 50 50 50 50 50 50 50 21 21 4 3 1 1 1 1 1 1 1 1 1 1 1 1 1 1 1 1 1 1 1 1 0 0 0 0 0 0 0 0 0 0 0 0 0 0 
50 50 50 50 50 50 50 50 50 50 50 50 50 50 50 50 50 50 50 45 18 7 6 6 3 1 1 1 1 1 1 1 1 1 1 1 1 1 1 1 1 1 1 1 0 0 0 0 0 0 
58 52 52 51 51 51 51 51 51 50 50 50 50 50 50 50 50 50 50 50 50 50 47 36 20 15 11 9 6 4 4 3 3 3 3 3 3 3 3 3 3 3 2 2 2 2 2 1 1 1 
59 58 51 51 51 51 50 50 50 50 50 50 50 50 50 50 50 50 50 50 50 50 50 50 50 50 49 35 33 33 33 25 20 2 1 1 1 1 1 1 1 1 1 1 1 1 0 0 0 0 
60 57 51 51 51 51 51 51 51 51 51 51 51 51 51 51 51 51 51 51 51 51 51 51 48 48 48 32 28 27 13 11 10 2 2 2 2 2 2 2 2 2 2 2 1 1 1 1 1 1 
64 61 58 51 51 51 51 51 51 51 51 51 51 51 51 51 51 51 51 51 51 51 51 51 50 50 50 50 50 32 20 18 13 10 10 9 2 2 2 2 2 2 2 2 2 2 2 2 2 1 
59 56 54 51 51 51 51 51 51 51 51 51 51 50 50 50 50 50 50 50 50 50 50 50 50 50 50 50 50 50 50 32 22 15 5 1 1 1 1 1 1 1 1 1 1 1 1 1 0 0 
69 59 57 52 52 52 52 52 52 52 52 52 52 52 52 52 52 52 52 52 50 50 50 50 50 35 35 25 15 9 9 5 5 4 4 4 4 4 4 4 4 4 4 4 4 2 2 2 2 2 
64 63 57 56 52 52 52 51 51 51 51 51 51 51 51 51 51 51 51 50 50 50 37 37 29 24 22 21 19 15 12 7 4 3 3 3 3 3 3 3 3 3 3 3 3 2 2 1 1 1 
65 58 58 57 56 51 51 51 51 51 51 51 51 51 51 51 51 51 51 51 51 50 50 50 50 49 49 48 45 39 39 33 31 13 12 3 2 2 2 2 2 2 2 1 1 1 1 1 1 1 
66 66 66 65 62 62 59 59 56 50 50 50 50 50 50 50 50 50 50 50 50 50 50 50 47 47 43 32 29 25 22 18 17 16 16 10 0 0 0 0 0 0 0 0 0 0 0 0 0 0 
63 63 63 62 62 62 62 60 60 59 51 51 51 51 51 51 51 51 51 51 50 50 45 44 44 43 38 37 33 29 25 15 13 12 2 2 2 2 2 2 2 2 1 1 1 1 1 1 1 1 
68 68 67 67 63 63 63 63 61 61 60 60 60 52 51 51 51 51 51 51 51 51 51 51 50 50 50 45 45 29 18 17 15 3 2 2 2 2 2 2 2 1 1 1 1 1 1 1 1 1 
69 66 66 66 66 66 65 65 64 63 63 63 60 59 55 51 50 50 50 50 50 50 50 47 46 46 44 41 39 21 18 17 14 8 8 5 2 1 1 1 1 1 1 1 1 1 1 1 0 0 
71 70 70 67 67 66 64 64 64 64 64 64 63 63 62 62 61 61 59 58 58 57 54 51 51 50 41 37 31 23 21 21 17 16 16 14 14 1 1 1 1 1 1 1 1 1 0 0 0 0 
72 71 70 70 68 68 68 67 67 64 63 63 62 62 62 62 60 59 56 56 54 53 53 51 51 51 51 51 51 50 50 49 49 42 36 34 34 32 27 23 22 21 15 14 3 3 3 3 2 2 
76 75 75 73 72 72 72 71 71 69 68 67 66 66 63 61 61 56 51 51 51 50 50 49 41 40 38 36 32 31 25 24 22 15 15 13 10 9 6 6 1 1 1 1 1 1 1 1 1 0 
71 71 70 70 70 69 68 68 67 67 66 66 66 66 66 66 64 60 55 55 52 52 51 50 50 50 50 50 47 45 41 22 18 17 16 11 8 5 2 0 0 0 0 0 0 0 0 0 0 0 
76 74 72 72 72 71 70 70 69 69 69 69 68 66 65 64 61 59 54 50 50 50 50 50 50 50 47 45 43 42 41 36 33 32 26 25 24 21 21 12 9 3 2 2 2 2 2 2 2 0 
72 69 67 67 67 65 64 63 62 62 62 60 57 53 51 51 51 51 51 51 51 50 47 47 45 40 36 35 34 33 31 30 29 20 17 16 9 8 7 7 5 4 4 3 2 1 1 1 1 0 
86 79 78 77 73 72 71 71 70 70 69 69 68 65 64 58 58 56 56 55 55 51 51 51 51 49 48 48 47 46 44 43 43 40 39 36 31 29 25 18 17 12 10 10 6 2 2 1 1 0 
95 78 78 77 74 74 73 71 70 69 68 68 67 67 63 61 59 59 58 51 51 51 51 49 49 46 46 44 44 43 42 42 40 39 34 30 29 27 25 21 17 17 17 14 2 1 1 1 1 1 
90 77 72 72 70 68 68 68 65 65 65 65 65 63 60 58 55 54 51 51 51 51 51 51 50 50 49 47 47 44 41 38 36 30 27 27 25 14 9 7 2 2 2 2 2 2 2 2 2 1 
88 85 84 79 79 77 76 76 74 74 70 69 67 59 56 52 52 52 52 51 50 50 50 50 48 48 48 47 47 44 44 36 35 34 34 30 29 29 18 17 16 15 14 11 7 5 2 2 2 2 
91 78 76 73 73 73 71 71 70 69 68 67 65 64 59 57 56 55 55 50 50 50 50 50 50 50 50 49 45 42 42 37 37 36 35 34 31 28 26 25 23 23 20 20 18 17 10 10 4 0 
88 85 85 80 79 78 74 72 71 70 69 68 68 66 66 65 61 51 50 50 50 50 50 50 50 50 49 49 47 47 47 44 44 44 39 36 32 32 32 25 21 13 7 6 5 0 0 0 0 0 
89 87 87 86 84 83 83 82 81 81 81 81 81 81 81 79 74 70 68 67 66 56 51 51 51 51 50 50 50 50 50 48 48 48 47 45 45 35 28 26 25 20 18 18 16 15 11 11 6 3 
87 87 87 85 85 85 85 84 82 80 79 77 75 73 70 70 70 70 66 64 64 57 55 51 50 50 50 50 46 43 43 37 35 34 32 28 25 24 24 23 22 18 18 16 16 14 2 1 1 1 
99 96 96 96 96 96 95 90 89 89 89 88 87 87 82 69 68 67 60 54 54 54 51 51 50 49 48 46 46 40 39 35 31 29 26 23 23 22 19 17 15 9 6 5 5 5 5 5 5 2 
91 90 90 89 88 88 86 85 84 84 79 79 60 58 50 50 50 50 50 49 49 48 45 43 42 39 39 37 37 35 31 29 25 23 22 21 21 17 16 16 13 6 5 4 2 0 0 0 0 0 
94 92 92 91 89 88 87 87 86 85 73 67 62 58 54 52 52 51 51 51 51 51 51 50 46 45 44 43 42 42 38 33 32 31 29 28 27 23 21 21 20 17 12 11 11 11 10 10 10 2 
94 93 89 88 88 88 88 88 86 86 85 85 83 68 65 64 59 52 52 52 51 49 49 48 46 44 41 40 38 35 34 34 31 26 22 16 16 14 11 11 7 7 6 3 3 3 3 3 3 3 
94 93 93 93 93 91 88 88 88 88 86 80 80 66 58 56 52 51 51 51 51 49 49 44 26 26 25 20 19 16 9 9 9 9 9 8 4 4 4 4 4 4 4 4 4 4 4 3 3 3 
93 91 90 90 89 89 89 87 85 84 84 67 66 64 63 60 57 54 51 51 51 51 50 50 50 47 46 45 39 36 36 30 27 27 22 20 20 17 16 12 9 7 5 2 2 2 2 1 1 1 
93 93 91 91 90 90 90 89 89 88 88 88 88 77 70 67 56 51 51 51 50 50 48 47 47 46 45 42 39 29 21 21 18 18 16 14 14 14 12 10 10 7 1 1 1 1 1 1 1 1 
92 92 91 91 90 89 88 88 88 88 88 85 85 74 63 61 60 56 53 52 52 52 52 50 50 48 47 41 40 40 38 34 32 29 28 20 16 10 9 9 8 4 3 3 2 2 2 2 2 2 
90 90 90 89 87 86 86 85 85 84 84 80 73 68 65 57 52 52 52 51 50 47 45 41 39 37 37 35 34 26 26 26 19 18 17 17 14 12 12 11 11 11 4 3 3 3 3 3 3 2 
88 87 86 86 86 86 85 84 83 82 80 78 61 60 53 51 50 50 50 49 47 45 45 40 39 39 38 33 22 12 10 10 10 10 10 9 8 8 6 5 1 1 1 1 1 1 1 1 1 0 
92 91 90 90 90 89 89 89 88 87 86 85 81 81 68 67 54 51 51 51 51 51 46 44 38 29 26 25 23 23 22 22 19 19 18 16 14 12 10 6 5 2 2 2 2 2 2 2 2 2 
93 92 91 91 91 91 91 90 85 84 76 66 65 62 58 51 51 50 49 48 45 43 39 39 39 34 34 33 32 32 28 27 23 20 19 19 17 16 12 11 8 7 1 1 1 1 1 1 1 0 
92 92 92 90 90 90 89 89 88 83 76 66 60 52 52 52 51 50 49 49 47 47 41 41 38 37 35 31 28 25 22 22 21 18 17 16 15 12 10 9 9 8 3 2 2 2 2 2 2 2 
93 93 92 91 91 91 91 91 89 89 89 86 85 81 71 63 62 59 54 52 52 52 51 51 50 49 43 36 35 33 33 32 28 28 22 22 18 16 14 12 10 8 8 8 5 2 2 2 2 2 
95 95 92 91 91 91 90 90 90 90 88 73 66 64 63 62 56 52 52 51 51 50 50 49 49 44 43 38 34 33 33 29 27 24 24 17 17 16 15 13 11 10 10 9 3 3 3 3 3 3 
92 92 92 92 92 91 87 87 87 86 84 81 79 76 67 66 66 63 63 57 56 52 52 51 51 49 48 48 48 46 46 39 37 36 35 35 30 27 26 18 17 15 8 5 3 3 3 3 2 1 
94 93 93 93 93 93 92 92 89 88 87 86 72 67 62 59 58 58 54 53 53 50 50 50 50 50 50 50 50 49 48 48 47 46 46 42 41 27 25 21 14 9 7 6 6 0 0 0 0 0 
93 91 90 90 90 90 90 90 90 89 88 87 85 81 79 77 76 65 64 60 59 58 57 55 52 52 52 51 51 51 49 49 49 47 47 43 40 38 37 28 18 17 14 14 14 10 7 3 3 2 
93 91 89 89 89 89 89 89 89 89 88 88 83 73 63 58 58 56 50 50 50 50 50 50 50 45 44 43 43 43 36 33 31 28 26 23 20 17 16 14 12 9 0 0 0 0 0 0 0 0 
95 95 95 95 95 95 94 94 93 89 89 89 79 68 64 63 62 62 58 57 54 52 52 52 52 52 52 51 51 50 50 50 50 50 46 43 42 38 33 33 14 11 10 3 3 3 3 3 3 2 
96 94 94 94 94 94 94 94 94 93 91 91 91 90 74 65 55 54 53 50 50 50 50 50 50 49 49 46 45 45 44 41 38 34 31 26 22 20 18 18 11 10 10 7 7 5 3 0 0 0 
97 95 95 95 95 95 95 95 95 95 94 91 89 70 68 67 59 59 58 57 57 57 54 54 53 51 50 50 48 46 44 42 41 37 34 31 29 28 25 25 15 11 10 8 8 7 2 1 1 1 
