51 51 50 50 50 50 50 50 50 50 50 3 2 2 2 2 2 2 2 2 2 2 2 2 2 2 2 2 2 2 2 1 1 1 1 1 1 1 1 1 1 1 1 1 1 1 1 1 1 1 
51 51 51 51 51 50 50 50 50 50 50 50 50 50 50 50 50 50 50 50 42 12 3 2 2 2 2 2 2 2 2 2 2 2 1 1 1 1 1 1 1 1 1 1 1 1 1 1 1 1 
50 50 50 50 50 50 50 50 50 50 50 50 50 50 50 50 50 50 50 50 50 50 49 48 43 41 31 23 11 6 5 0 0 0 0 0 0 0 0 0 0 0 0 0 0 0 0 0 0 0 
52 52 52 52 52 51 51 51 51 51 51 51 50 50 50 50 50 50 50 50 50 50 50 48 25 17 13 12 3 3 3 3 3 3 3 3 3 3 3 3 2 2 2 2 2 2 1 1 1 1 
53 53 53 53 53 53 53 53 53 51 50 50 50 50 50 50 50 50 50 50 50 50 50 50 44 33 16 3 3 3 3 3 3 3 3 3 3 3 3 3 3 3 0 0 0 0 0 0 0 0 
64 51 51 51 51 51 51 51 51 51 51 50 50 50 50 50 49 48 47 46 9 2 1 1 1 1 1 1 1 1 1 1 1 1 1 1 1 1 1 1 1 1 1 1 1 1 1 1 0 0 
56 56 51 50 50 50 50 50 50 50 50 50 50 50 50 50 50 50 50 50 50 50 42 12 8 2 1 1 1 1 1 1 1 1 1 1 1 1 1 1 1 1 1 1 1 1 1 0 0 0 
73 70 70 70 70 65 61 52 52 52 52 52 52 52 52 52 52 52 52 52 51 50 50 50 50 50 50 50 48 34 34 9 4 4 4 4 4 4 4 4 4 4 4 4 4 4 4 2 2 2 
69 68 67 67 67 58 53 51 51 51 51 51 51 51 51 51 51 51 51 51 50 50 50 50 50 50 49 49 46 19 15 14 7 7 2 2 2 2 2 2 2 1 1 1 1 1 1 1 1 1 
67 66 65 64 64 64 57 55 55 51 50 50 50 50 50 50 50 50 50 50 50 50 50 50 50 47 36 23 18 18 17 13 12 7 6 5 3 3 1 1 1 1 1 1 1 1 1 1 1 0 
81 67 67 66 66 66 66 65 65 65 59 59 54 53 50 50 50 50 50 50 50 50 50 50 50 50 50 50 50 50 50 50 49 48 40 34 25 0 0 0 0 0 0 0 0 0 0 0 0 0 
76 72 70 70 70 70 70 69 69 68 68 68 67 67 67 65 58 58 58 57 57 57 55 53 51 51 51 51 51 51 51 50 50 49 46 45 23 18 12 8 8 7 2 2 2 2 1 1 1 1 
73 71 70 70 69 69 68 68 68 68 67 66 66 65 64 62 62 59 59 56 55 55 55 55 54 53 51 51 51 50 50 50 49 48 31 29 24 24 18 14 13 12 10 10 9 2 2 2 1 1 
74 73 69 68 67 67 64 62 62 62 61 61 61 61 57 57 53 52 51 51 51 51 50 50 50 50 45 45 42 40 37 29 29 27 24 21 16 14 14 12 8 2 1 1 1 1 1 1 0 0 
77 76 72 70 68 68 68 67 67 67 66 66 65 65 65 64 62 61 60 58 57 57 57 56 56 54 52 52 51 50 49 48 29 27 23 18 15 12 11 11 11 10 8 7 5 3 2 2 0 0 
90 81 76 76 75 73 72 72 71 71 70 66 66 62 55 55 54 54 53 50 50 50 49 47 47 46 43 43 38 38 30 29 28 25 22 21 16 15 13 8 6 5 1 1 1 1 1 0 0 0 
93 90 88 87 85 79 77 77 77 75 75 70 69 63 62 60 59 58 57 57 57 56 52 50 50 50 50 44 40 38 31 29 29 29 22 21 19 16 14 10 10 10 2 2 2 2 2 2 2 2 
86 85 83 80 80 80 78 76 76 75 74 73 72 68 68 59 57 54 51 51 51 50 50 49 47 46 42 40 38 37 37 34 33 30 30 22 21 21 14 13 12 12 7 3 2 2 2 2 2 2 
92 89 86 82 82 80 79 78 76 76 75 72 65 59 53 53 52 49 49 48 45 42 41 39 38 37 37 36 35 29 26 21 19 19 17 17 12 11 11 11 11 11 8 6 6 6 6 6 6 6 
92 91 86 79 79 79 78 76 76 75 73 72 69 69 63 63 58 51 50 50 49 46 43 42 41 37 35 27 16 14 12 9 6 5 5 5 1 1 1 1 1 1 1 1 1 1 1 1 1 0 
93 89 88 87 84 83 82 82 80 78 77 75 74 72 64 60 60 54 52 50 46 46 46 45 44 43 41 39 39 39 34 31 30 25 21 8 8 7 7 3 3 1 1 1 1 1 1 1 0 0 
89 88 86 85 84 84 81 81 80 77 75 68 67 66 63 61 55 54 50 50 50 49 49 48 47 47 41 38 36 36 32 28 27 25 25 21 20 14 11 9 3 0 0 0 0 0 0 0 0 0 
97 96 93 91 90 88 86 86 86 84 84 84 83 82 80 75 72 63 60 56 53 50 50 50 50 50 49 49 46 45 45 42 40 38 37 24 22 12 8 7 6 1 0 0 0 0 0 0 0 0 
92 90 90 89 88 86 84 83 83 83 81 80 77 77 58 53 52 51 51 51 51 51 51 51 50 50 50 49 44 43 43 40 38 37 31 28 21 19 19 13 8 6 5 4 2 1 1 1 1 0 
98 98 97 96 94 94 91 91 89 88 87 87 86 84 81 81 81 74 74 67 67 54 54 54 53 52 52 50 50 50 50 50 50 50 50 49 49 49 43 42 37 35 28 14 12 4 4 4 4 0 
88 87 87 85 85 84 82 80 77 76 76 74 69 67 66 63 61 54 51 51 51 51 51 50 50 50 50 49 49 47 45 44 39 21 18 15 12 8 8 5 2 2 2 2 2 1 1 1 1 1 
94 94 94 94 94 93 92 92 91 91 87 85 84 82 82 72 62 61 51 51 51 51 50 50 46 40 40 40 40 37 37 35 32 26 17 16 15 8 7 6 2 2 1 1 1 1 1 0 0 0 
95 95 95 95 95 95 95 94 93 93 92 92 91 89 88 84 84 84 79 75 62 54 52 51 51 50 49 49 49 49 48 46 32 27 27 23 20 9 8 4 3 1 1 1 1 1 1 1 1 1 
94 94 94 93 93 93 93 93 93 93 92 92 92 91 88 83 81 78 71 71 68 66 60 56 52 52 50 49 49 32 28 26 15 12 10 8 3 3 2 2 2 2 2 2 2 2 2 0 0 0 
97 97 96 96 96 96 96 96 96 96 95 95 93 82 78 77 77 69 64 53 52 50 50 50 50 49 49 48 47 47 45 43 40 35 35 32 29 28 23 23 0 0 0 0 0 0 0 0 0 0 
94 94 94 94 93 93 93 93 93 93 93 93 93 93 93 93 93 93 93 93 93 92 92 76 66 59 56 52 51 50 50 50 50 50 50 48 48 48 48 47 45 34 33 23 14 1 1 1 1 1 
90 89 89 89 89 89 89 89 89 88 87 87 87 87 87 87 87 87 87 84 82 81 81 66 59 57 55 50 50 50 50 50 50 49 46 46 43 43 41 41 38 32 30 23 10 7 7 0 0 0 
92 91 91 91 91 91 91 91 91 90 90 90 90 90 90 89 89 89 88 86 85 85 80 70 64 60 60 60 59 59 59 56 51 51 51 51 51 51 48 47 47 47 45 43 42 18 14 12 9 2 
93 91 91 91 91 91 91 91 91 91 91 91 91 91 90 89 88 88 87 86 85 84 83 74 71 66 64 62 62 56 55 55 51 51 51 51 50 49 47 47 46 46 44 43 40 40 2 1 1 1 
95 94 94 93 93 93 93 93 93 93 93 92 92 92 92 92 90 90 89 89 88 79 75 71 71 71 60 57 56 56 50 49 48 48 48 47 41 40 39 38 38 35 31 19 4 0 0 0 0 0 
94 94 94 94 94 93 93 93 91 91 91 91 90 90 89 89 87 81 80 65 63 59 52 51 51 51 51 51 51 50 50 49 49 48 48 47 45 36 35 35 33 23 22 11 7 3 3 3 3 2 
92 92 92 92 92 91 91 91 91 91 89 88 79 77 74 73 71 70 70 61 55 55 53 52 50 50 50 50 50 50 48 46 46 46 43 25 24 23 21 20 18 17 17 14 11 10 8 7 0 0 
95 94 94 94 94 94 94 93 93 93 92 92 91 88 88 87 87 86 82 81 78 72 65 61 56 53 52 52 50 50 50 50 50 50 49 49 47 45 32 32 21 8 7 7 7 7 2 2 2 2 
96 96 96 96 95 95 95 95 95 95 95 95 94 94 94 93 89 89 89 88 86 80 80 72 71 70 68 68 67 62 57 55 53 53 52 52 51 51 50 50 48 47 43 42 41 38 26 25 15 10 
92 91 91 91 91 91 91 91 90 90 89 89 89 88 86 82 80 72 64 63 60 59 59 58 55 54 53 53 53 52 52 50 48 45 44 35 32 32 31 28 16 14 13 8 5 3 3 3 3 0 
93 92 92 92 92 92 92 91 91 91 90 90 88 85 85 82 82 74 68 64 63 60 57 55 55 51 51 50 50 50 50 50 50 49 47 47 45 43 42 40 39 32 31 26 23 1 1 1 1 1 
94 94 93 93 93 93 92 92 92 92 92 92 92 92 92 88 81 80 77 74 74 56 52 51 50 50 50 50 50 49 49 49 49 48 48 47 45 41 40 37 36 36 32 24 23 19 9 6 1 1 
93 93 92 92 92 92 92 91 91 91 91 90 90 89 89 89 83 82 81 80 77 77 77 76 76 76 76 73 72 70 51 51 51 51 50 50 50 50 50 46 43 42 13 12 8 3 3 3 1 1 
94 93 93 92 92 92 92 92 92 92 92 91 91 90 87 79 76 76 74 71 70 69 66 64 60 57 55 55 53 51 51 51 51 51 51 51 50 50 50 49 48 48 46 41 38 16 6 5 2 1 
92 92 91 90 90 90 90 90 89 89 89 89 79 77 66 64 59 56 55 54 51 50 50 50 50 49 49 49 48 48 46 43 39 38 38 30 26 20 18 15 8 7 7 7 1 1 1 1 1 1 
93 93 93 93 93 93 93 93 92 92 92 92 92 91 90 85 80 73 72 69 68 67 61 57 55 52 52 51 50 50 50 50 50 50 49 49 48 48 45 41 39 36 9 9 3 2 1 0 0 0 
96 94 94 93 93 93 93 93 93 92 92 92 92 91 91 91 90 89 88 88 83 74 67 63 54 54 52 51 51 51 51 50 50 38 34 34 32 18 16 16 14 13 5 3 3 3 3 3 3 1 
94 94 93 93 93 93 92 92 92 92 92 91 91 91 90 90 89 88 87 86 86 83 82 78 77 72 71 58 51 51 51 50 50 50 50 50 50 49 49 47 47 46 45 21 18 16 10 6 1 1 
95 95 94 94 94 94 94 94 93 93 92 92 92 91 91 90 89 89 86 83 77 72 71 70 69 68 62 61 56 53 51 51 51 51 50 50 50 50 49 48 45 41 38 31 24 14 1 1 1 1 
93 92 91 91 91 90 90 90 90 90 90 90 90 89 87 86 85 84 72 72 71 70 69 68 63 62 54 51 51 50 50 50 50 49 47 46 45 38 34 31 24 13 8 6 6 6 1 1 1 1 
