0.859375 0.46875 0.515625 0.9375 0.046875 0.0234375 0.140625 0.234375 0.4375 0.8984375 
0.09375 0.921875 0.9375 0.0234375 0.0625 0.015625 0.9921875 0.8359375 0.828125 0.2890625 
0.09375 0.109375 0.046875 0.921875 0.9375 0.0234375 0.0625 0.015625 0.9921875 0.8359375 
0.921875 0.8359375 0.6640625 0.7421875 0.09375 0.109375 0.046875 0.9375 0.0234375 0.0625 
0.921875 0.8359375 0.6640625 0.7421875 0.09375 0.109375 0.046875 0.9375 0.0234375 0.0625 
0.09375 0.109375 0.046875 0.25 0.265625 0.1640625 0.921875 0.8359375 0.6640625 0.7421875 
0.09375 0.109375 0.046875 0.25 0.265625 0.1640625 0.921875 0.8359375 0.6640625 0.7421875 
0.3984375 0.09375 0.109375 0.046875 0.25 0.265625 0.1640625 0.921875 0.8359375 0.6640625 
0.3984375 0.09375 0.109375 0.046875 0.25 0.265625 0.1640625 0.921875 0.8359375 0.6640625 
0.3984375 0.09375 0.109375 0.046875 0.25 0.265625 0.1640625 0.921875 0.8359375 0.6640625 
0.3984375 0.09375 0.109375 0.046875 0.25 0.265625 0.1640625 0.25 0.296875 0.25 
0.3984375 0.09375 0.109375 0.046875 0.25 0.265625 0.1640625 0.25 0.296875 0.25 
0.3984375 0.09375 0.109375 0.046875 0.25 0.265625 0.1640625 0.25 0.296875 0.25 
0.3984375 0.09375 0.109375 0.046875 0.25 0.265625 0.1640625 0.25 0.296875 0.25 
0.3984375 0.09375 0.109375 0.046875 0.25 0.265625 0.1640625 0.25 0.296875 0.25 
0.3984375 0.09375 0.109375 0.046875 0.25 0.265625 0.1640625 0.25 0.296875 0.25 
0.3984375 0.09375 0.109375 0.046875 0.25 0.265625 0.1640625 0.25 0.296875 0.25 
0.3984375 0.09375 0.109375 0.046875 0.25 0.265625 0.1640625 0.25 0.296875 0.25 
0.3984375 0.09375 0.109375 0.046875 0.25 0.265625 0.1640625 0.25 0.296875 0.25 
0.3984375 0.09375 0.109375 0.046875 0.25 0.265625 0.1640625 0.25 0.296875 0.25 
0.3984375 0.09375 0.109375 0.046875 0.25 0.265625 0.1640625 0.25 0.296875 0.25 
0.3984375 0.09375 0.109375 0.046875 0.25 0.265625 0.1640625 0.25 0.296875 0.25 
0.3984375 0.09375 0.109375 0.046875 0.25 0.265625 0.1640625 0.25 0.296875 0.25 
0.40625 0.3984375 0.09375 0.109375 0.046875 0.25 0.265625 0.1640625 0.25 0.296875 
0.40625 0.3984375 0.09375 0.109375 0.046875 0.25 0.265625 0.1640625 0.25 0.296875 
0.40625 0.40625 0.40625 0.3984375 0.09375 0.109375 0.046875 0.25 0.265625 0.1640625 
0.40625 0.40625 0.40625 0.40625 0.3984375 0.09375 0.109375 0.046875 0.25 0.265625 
0.40625 0.40625 0.40625 0.3984375 0.40625 0.4140625 0.09375 0.109375 0.046875 0.25 
0.390625 0.3984375 0.40625 0.40625 0.40625 0.3984375 0.4140625 0.40625 0.09375 0.109375 
0.40625 0.390625 0.3984375 0.40625 0.40625 0.40625 0.3984375 0.3984375 0.40625 0.4140625 
0.40625 0.390625 0.390625 0.3984375 0.40625 0.40625 0.40625 0.3984375 0.421875 0.40625 
0.40625 0.390625 0.3984375 0.40625 0.40625 0.40625 0.390625 0.4296875 0.40625 0.3984375 
0.390625 0.40625 0.390625 0.40625 0.40625 0.40625 0.3984375 0.390625 0.3984375 0.4296875 
0.390625 0.40625 0.390625 0.390625 0.40625 0.40625 0.40625 0.3984375 0.3984375 0.34375 
0.390625 0.390625 0.40625 0.390625 0.390625 0.40625 0.40625 0.40625 0.40625 0.359375 
0.3828125 0.40625 0.390625 0.390625 0.390625 0.390625 0.40625 0.40625 0.40625 0.40625 
0.390625 0.3828125 0.390625 0.390625 0.40625 0.390625 0.390625 0.40625 0.40625 0.40625 
0.40625 0.390625 0.3828125 0.390625 0.390625 0.390625 0.390625 0.40625 0.40625 0.40625 
0.390625 0.40625 0.390625 0.390625 0.3828125 0.390625 0.390625 0.40625 0.40625 0.40625 
0.390625 0.390625 0.390625 0.3828125 0.40625 0.3828125 0.390625 0.390625 0.40625 0.40625 
0.390625 0.40625 0.390625 0.390625 0.40625 0.3828125 0.3828125 0.390625 0.390625 0.3984375 
0.390625 0.40625 0.390625 0.40625 0.3828125 0.3828125 0.390625 0.390625 0.390625 0.40625 
0.390625 0.3828125 0.40625 0.390625 0.390625 0.390625 0.40625 0.3984375 0.40625 0.3828125 
0.3984375 0.390625 0.390625 0.390625 0.40625 0.375 0.3828125 0.3984375 0.390625 0.390625 
0.3984375 0.390625 0.390625 0.390625 0.375 0.40625 0.40625 0.375 0.390625 0.3984375 
0.390625 0.390625 0.375 0.3828125 0.3984375 0.390625 0.40625 0.3984375 0.375 0.40625 
0.3828125 0.375 0.3828125 0.3984375 0.390625 0.3984375 0.40625 0.40625 0.4140625 0.390625 
0.390625 0.3984375 0.40625 0.3828125 0.390625 0.40625 0.3828125 0.375 0.3984375 0.3984375 
0.390625 0.375 0.3984375 0.3828125 0.3984375 0.3828125 0.40625 0.390625 0.390625 0.390625 
0.390625 0.3984375 0.3984375 0.3828125 0.390625 0.390625 0.3828125 0.4140625 0.40625 0.375 
