0.015625 0.2734375 0.046875 0.0 0.328125 0.953125 0.9140625 0.1484375 0.4375 0.3828125 
0.046875 0.0 0.859375 0.0234375 0.203125 0.109375 0.03125 0.0859375 0.09375 0.984375 
0.4296875 0.8828125 0.1484375 0.1484375 0.1171875 0.046875 0.0 0.859375 0.0234375 0.203125 
0.4296875 0.8828125 0.1484375 0.1484375 0.1171875 0.046875 0.0 0.859375 0.0234375 0.203125 
0.4296875 0.8828125 0.1484375 0.1484375 0.1171875 0.046875 0.0 0.859375 0.0234375 0.203125 
0.4296875 0.8828125 0.1484375 0.1484375 0.1171875 0.046875 0.0 0.859375 0.0234375 0.203125 
0.4296875 0.8828125 0.859375 0.1484375 0.1484375 0.1171875 0.109375 0.2578125 0.0703125 0.125 
0.4453125 0.4296875 0.8828125 0.859375 0.1484375 0.1484375 0.1171875 0.109375 0.2578125 0.0703125 
0.4453125 0.4296875 0.8828125 0.859375 0.859375 0.1484375 0.1484375 0.1171875 0.109375 0.2578125 
0.4453125 0.4296875 0.8828125 0.859375 0.859375 0.1484375 0.1484375 0.1171875 0.109375 0.2578125 
0.4453125 0.4296875 0.8828125 0.8515625 0.859375 0.859375 0.859375 0.859375 0.1484375 0.1484375 
0.4453125 0.4375 0.4296875 0.8828125 0.8515625 0.8515625 0.859375 0.859375 0.859375 0.859375 
0.4453125 0.4375 0.4296875 0.5078125 0.5 0.5546875 0.8515625 0.8671875 0.8828125 0.1875 
0.4453125 0.4453125 0.4453125 0.4375 0.578125 0.4921875 0.4296875 0.5078125 0.5 0.5390625 
0.421875 0.4453125 0.4453125 0.4453125 0.4296875 0.4453125 0.4375 0.578125 0.8671875 0.8671875 
0.4453125 0.4453125 0.4453125 0.4453125 0.4375 0.4453125 0.4453125 0.421875 0.4453125 0.4375 
0.4453125 0.4453125 0.4453125 0.4453125 0.4453125 0.4453125 0.4453125 0.4375 0.421875 0.4609375 
0.4453125 0.4453125 0.4453125 0.4453125 0.4453125 0.4453125 0.4453125 0.421875 0.4375 0.4609375 
0.3984375 0.421875 0.4453125 0.4453125 0.4453125 0.4453125 0.4453125 0.4453125 0.4453125 0.4375 
0.421875 0.3984375 0.515625 0.4375 0.4921875 0.4296875 0.4453125 0.4453125 0.4453125 0.4453125 
0.4453125 0.4453125 0.4453125 0.4453125 0.40625 0.484375 0.4375 0.421875 0.515625 0.4296875 
0.5 0.515625 0.4296875 0.421875 0.40625 0.4453125 0.4453125 0.4453125 0.4453125 0.484375 
0.484375 0.4296875 0.4296875 0.515625 0.421875 0.40625 0.5 0.46875 0.421875 0.4609375 
0.484375 0.40625 0.4296875 0.4296875 0.5 0.46875 0.515625 0.421875 0.46875 0.421875 
0.4296875 0.4296875 0.4296875 0.484375 0.46875 0.5 0.40625 0.421875 0.515625 0.421875 
0.484375 0.4296875 0.4296875 0.4296875 0.4296875 0.4296875 0.40625 0.5 0.421875 0.515625 
0.484375 0.40625 0.4140625 0.515625 0.4296875 0.4296875 0.4296875 0.4296875 0.4296875 0.4453125 
0.484375 0.4609375 0.4296875 0.4296875 0.4296875 0.4296875 0.4296875 0.4140625 0.421875 0.515625 
0.484375 0.4140625 0.4296875 0.4296875 0.4296875 0.4296875 0.4296875 0.4296875 0.4609375 0.515625 
0.484375 0.4140625 0.515625 0.4296875 0.4609375 0.453125 0.4296875 0.4296875 0.4296875 0.4296875 
0.484375 0.4296875 0.4296875 0.4296875 0.4296875 0.4375 0.515625 0.4296875 0.4609375 0.4140625 
0.484375 0.4140625 0.4296875 0.40625 0.4375 0.4609375 0.4375 0.4296875 0.4296875 0.4296875 
0.484375 0.4140625 0.4296875 0.4296875 0.4296875 0.4296875 0.4375 0.4375 0.4453125 0.40625 
0.484375 0.4375 0.4375 0.4375 0.4140625 0.4453125 0.421875 0.4296875 0.4296875 0.4296875 
0.484375 0.4375 0.4375 0.4375 0.4375 0.4296875 0.4296875 0.4296875 0.421875 0.4140625 
0.4765625 0.484375 0.4375 0.4375 0.4375 0.4375 0.4609375 0.4140625 0.4296875 0.4296875 
0.4765625 0.484375 0.4296875 0.4375 0.4375 0.4375 0.4375 0.4375 0.4296875 0.4765625 
0.4765625 0.46875 0.484375 0.4765625 0.4921875 0.4296875 0.4375 0.4375 0.4375 0.4375 
0.4765625 0.484375 0.4765625 0.4921875 0.46875 0.4296875 0.4375 0.4375 0.4375 0.4375 
0.4765625 0.4765625 0.4921875 0.46875 0.4921875 0.484375 0.46875 0.4375 0.4375 0.4375 
0.4765625 0.46875 0.484375 0.4765625 0.4921875 0.4921875 0.484375 0.46875 0.4375 0.4375 
0.4765625 0.46875 0.484375 0.46875 0.4921875 0.4921875 0.4375 0.4375 0.4765625 0.484375 
0.484375 0.4765625 0.46875 0.4375 0.4375 0.46875 0.4765625 0.4921875 0.4921875 0.484375 
0.4765625 0.46875 0.484375 0.46875 0.4921875 0.4921875 0.4375 0.4375 0.4375 0.4765625 
0.4765625 0.4375 0.46875 0.4765625 0.484375 0.4375 0.4375 0.4921875 0.4921875 0.46875 
0.4765625 0.46875 0.46875 0.484375 0.4921875 0.4921875 0.4921875 0.4375 0.4765625 0.4375 
0.4765625 0.46875 0.46875 0.484375 0.4375 0.4921875 0.4921875 0.4921875 0.4921875 0.4453125 
0.4765625 0.46875 0.46875 0.4453125 0.484375 0.4375 0.4921875 0.4921875 0.4921875 0.4921875 
0.46875 0.46875 0.484375 0.4765625 0.4375 0.4453125 0.4921875 0.4921875 0.4921875 0.4921875 
0.4765625 0.46875 0.484375 0.46875 0.4453125 0.4921875 0.4921875 0.4921875 0.4921875 0.4375 
