0.2734375 0.25 0.90625 0.0625 0.21875 0.265625 0.796875 0.8203125 0.3203125 0.6640625 
0.0625 0.0 0.9375 0.984375 0.0390625 0.0234375 0.7421875 0.0078125 0.0625 0.2109375 
0.53125 0.234375 0.1015625 0.0625 0.0 0.9375 0.984375 0.0390625 0.0234375 0.7421875 
0.53125 0.234375 0.1015625 0.171875 0.2265625 0.15625 0.1015625 0.0625 0.0 0.9375 
0.53125 0.5625 0.890625 0.5859375 0.234375 0.1015625 0.171875 0.2265625 0.15625 0.1015625 
0.53125 0.5625 0.890625 0.5859375 0.234375 0.1015625 0.171875 0.2265625 0.15625 0.1015625 
0.53125 0.234375 0.1015625 0.171875 0.2265625 0.15625 0.1015625 0.2890625 0.21875 0.4140625 
0.53125 0.234375 0.1015625 0.171875 0.2265625 0.15625 0.1015625 0.2890625 0.21875 0.4140625 
0.53125 0.234375 0.1015625 0.171875 0.2265625 0.15625 0.1015625 0.2890625 0.21875 0.4140625 
0.53125 0.234375 0.1015625 0.171875 0.2265625 0.15625 0.1015625 0.2890625 0.21875 0.4140625 
0.53125 0.5078125 0.234375 0.1015625 0.171875 0.2265625 0.15625 0.1015625 0.2890625 0.21875 
0.53125 0.5078125 0.234375 0.1015625 0.171875 0.2265625 0.15625 0.1015625 0.2890625 0.21875 
0.53125 0.234375 0.1015625 0.171875 0.2265625 0.15625 0.1015625 0.2890625 0.21875 0.21875 
0.53125 0.234375 0.1015625 0.171875 0.2265625 0.15625 0.1015625 0.2890625 0.21875 0.21875 
0.53125 0.234375 0.1015625 0.171875 0.2265625 0.15625 0.1015625 0.2890625 0.21875 0.21875 
0.53125 0.234375 0.1015625 0.171875 0.2265625 0.15625 0.1015625 0.2890625 0.21875 0.21875 
0.53125 0.234375 0.1015625 0.171875 0.2265625 0.15625 0.1015625 0.2890625 0.21875 0.21875 
0.53125 0.234375 0.1015625 0.171875 0.2265625 0.15625 0.1015625 0.2890625 0.21875 0.21875 
0.53125 0.234375 0.1015625 0.171875 0.2265625 0.15625 0.1015625 0.2890625 0.21875 0.21875 
0.53125 0.234375 0.1015625 0.171875 0.2265625 0.15625 0.1015625 0.2890625 0.21875 0.21875 
0.53125 0.5078125 0.234375 0.1015625 0.171875 0.2265625 0.15625 0.1015625 0.2890625 0.21875 
0.53125 0.5078125 0.234375 0.1015625 0.171875 0.2265625 0.15625 0.1015625 0.2890625 0.21875 
0.53125 0.5078125 0.234375 0.1015625 0.171875 0.2265625 0.15625 0.1015625 0.2890625 0.21875 
0.53125 0.5078125 0.5 0.234375 0.1015625 0.171875 0.2265625 0.15625 0.1015625 0.2890625 
0.53125 0.234375 0.1015625 0.171875 0.2265625 0.15625 0.1015625 0.2890625 0.2734375 0.28125 
0.53125 0.234375 0.1015625 0.171875 0.2265625 0.15625 0.1015625 0.2890625 0.2734375 0.28125 
0.53125 0.234375 0.1015625 0.171875 0.2265625 0.15625 0.1015625 0.2890625 0.2734375 0.28125 
0.53125 0.234375 0.1015625 0.171875 0.2265625 0.15625 0.1015625 0.2890625 0.2734375 0.28125 
0.53125 0.234375 0.1015625 0.171875 0.2265625 0.15625 0.1015625 0.2890625 0.2734375 0.28125 
0.53125 0.234375 0.1015625 0.171875 0.2265625 0.15625 0.1015625 0.2890625 0.2734375 0.28125 
0.53125 0.234375 0.1015625 0.171875 0.2265625 0.15625 0.1015625 0.2890625 0.2734375 0.28125 
0.53125 0.234375 0.1015625 0.171875 0.2265625 0.15625 0.1015625 0.2890625 0.2734375 0.28125 
0.53125 0.234375 0.1015625 0.171875 0.2265625 0.15625 0.1015625 0.2890625 0.2734375 0.28125 
0.53125 0.234375 0.1015625 0.171875 0.2265625 0.15625 0.1015625 0.2890625 0.2734375 0.28125 
0.53125 0.234375 0.1015625 0.171875 0.2265625 0.15625 0.1015625 0.2890625 0.2734375 0.28125 
0.53125 0.234375 0.1015625 0.171875 0.2265625 0.15625 0.1015625 0.2890625 0.2734375 0.28125 
0.53125 0.234375 0.1015625 0.171875 0.2265625 0.15625 0.1015625 0.2890625 0.2734375 0.28125 
0.53125 0.234375 0.1015625 0.171875 0.2265625 0.15625 0.1015625 0.2890625 0.2734375 0.28125 
0.53125 0.234375 0.1015625 0.171875 0.2265625 0.15625 0.1015625 0.2890625 0.2734375 0.28125 
0.53125 0.234375 0.1015625 0.171875 0.2265625 0.15625 0.1015625 0.2890625 0.2734375 0.28125 
0.53125 0.234375 0.1015625 0.171875 0.2265625 0.15625 0.1015625 0.2890625 0.2734375 0.28125 
0.53125 0.234375 0.1015625 0.171875 0.2265625 0.15625 0.1015625 0.2890625 0.2734375 0.28125 
0.53125 0.234375 0.1015625 0.171875 0.2265625 0.15625 0.1015625 0.2890625 0.2734375 0.28125 
0.53125 0.234375 0.1015625 0.171875 0.2265625 0.15625 0.1015625 0.2890625 0.2734375 0.28125 
0.53125 0.234375 0.1015625 0.171875 0.2265625 0.15625 0.1015625 0.2890625 0.2734375 0.28125 
0.53125 0.234375 0.1015625 0.171875 0.2265625 0.15625 0.1015625 0.2890625 0.2734375 0.28125 
0.53125 0.234375 0.1015625 0.171875 0.2265625 0.15625 0.1015625 0.2890625 0.2734375 0.28125 
0.53125 0.234375 0.1015625 0.171875 0.2265625 0.15625 0.1015625 0.2890625 0.2734375 0.28125 
0.53125 0.234375 0.1015625 0.171875 0.2265625 0.15625 0.1015625 0.2890625 0.2734375 0.28125 
0.53125 0.234375 0.1015625 0.171875 0.2265625 0.15625 0.1015625 0.2890625 0.2734375 0.28125 
