50 50 50 50 50 50 50 50 50 50 50 50 37 29 26 11 2 2 2 2 2 2 2 2 2 2 2 2 2 2 2 2 2 2 2 2 2 0 0 0 0 0 0 0 0 0 0 0 0 0 
51 51 51 50 50 50 50 50 50 50 50 50 50 50 50 50 50 50 50 50 50 50 50 50 50 50 50 30 6 1 1 1 1 1 1 1 1 1 1 1 1 1 1 1 1 0 0 0 0 0 
52 52 52 52 52 52 50 50 50 50 50 50 50 50 50 50 50 50 50 50 50 50 50 50 50 50 50 50 50 50 50 50 50 50 45 32 18 11 2 2 2 2 2 2 2 2 2 2 0 0 
51 51 51 51 51 51 51 51 51 51 51 51 50 50 50 50 50 50 50 50 50 50 50 50 50 50 45 31 30 25 15 13 6 3 1 1 1 1 1 1 1 1 1 1 1 1 1 1 1 0 
50 50 50 50 50 50 50 50 50 50 50 50 50 50 50 50 50 50 50 50 50 50 50 50 50 50 50 50 19 19 18 14 6 5 3 0 0 0 0 0 0 0 0 0 0 0 0 0 0 0 
50 50 50 50 50 50 50 50 50 50 50 50 50 50 50 50 50 50 50 50 50 50 50 50 50 50 50 50 48 16 6 0 0 0 0 0 0 0 0 0 0 0 0 0 0 0 0 0 0 0 
50 50 50 50 50 50 50 50 50 50 50 50 50 50 50 50 50 50 50 50 50 50 50 50 50 50 50 48 42 39 36 28 22 17 15 12 11 11 0 0 0 0 0 0 0 0 0 0 0 0 
50 50 50 50 50 50 50 50 50 50 50 50 50 50 50 50 50 50 50 50 50 50 50 50 50 50 50 50 50 50 50 46 42 24 17 14 6 5 5 5 0 0 0 0 0 0 0 0 0 0 
50 50 50 50 50 50 50 50 50 50 50 50 50 50 50 50 50 50 50 50 50 50 50 50 50 50 50 50 50 47 43 37 24 19 16 15 7 1 1 1 1 1 1 1 1 1 1 0 0 0 
51 51 51 51 51 51 51 51 51 51 51 51 51 51 51 51 51 51 51 51 51 51 51 51 51 51 50 49 44 30 25 18 16 12 11 9 2 2 2 2 2 2 2 2 2 1 1 1 1 1 
52 52 52 52 52 52 52 52 52 52 52 52 52 52 52 52 52 52 52 52 52 52 52 52 52 52 36 32 15 11 10 2 2 2 2 2 2 2 2 2 2 2 2 2 2 2 2 2 2 2 
68 51 51 51 51 51 51 51 51 51 51 51 51 51 51 51 51 51 51 51 51 51 51 51 51 51 51 51 51 51 51 51 43 41 35 20 19 19 19 18 12 2 2 2 2 2 1 1 1 1 
64 50 50 50 50 50 50 50 50 50 50 50 50 50 50 50 50 50 50 50 50 50 50 50 50 50 49 37 37 36 27 21 13 13 5 3 1 1 1 1 1 1 1 1 1 0 0 0 0 0 
62 51 51 51 51 51 51 51 51 51 51 51 51 51 51 51 51 51 51 51 51 51 51 51 51 51 51 51 50 50 50 38 20 18 18 17 16 3 3 3 3 3 3 3 3 3 2 2 1 1 
69 50 50 50 50 50 50 50 50 50 50 50 50 50 50 50 50 50 50 50 50 50 50 50 50 50 50 47 46 45 44 38 30 27 23 22 15 10 5 0 0 0 0 0 0 0 0 0 0 0 
68 51 51 51 51 51 51 51 51 51 51 51 51 51 51 51 51 51 51 51 51 51 51 51 51 51 51 51 51 51 51 51 51 51 51 51 51 50 45 40 40 29 25 12 8 3 3 3 3 1 
64 57 56 51 51 51 51 51 51 51 51 51 51 51 51 51 51 51 51 51 51 51 51 51 51 51 51 51 51 51 51 50 50 50 45 42 41 32 24 22 18 15 8 2 2 2 2 1 1 1 
65 56 55 55 51 51 51 51 51 51 51 51 51 51 51 51 51 51 51 51 51 51 50 50 50 50 50 50 50 48 23 21 21 8 8 5 5 3 1 1 1 1 1 1 1 1 1 1 1 0 
70 68 63 58 57 56 56 56 55 52 52 52 52 52 52 52 52 52 52 52 52 52 52 52 52 52 52 50 50 50 50 37 35 18 17 16 14 12 8 6 2 2 2 2 2 2 2 2 2 2 
69 58 54 54 52 52 51 51 51 51 51 51 51 51 51 51 51 51 51 51 51 51 51 51 51 51 51 51 51 51 50 50 50 33 32 28 22 19 19 18 15 1 1 1 1 1 1 1 1 0 
69 62 61 61 59 58 56 56 55 55 55 55 55 54 54 54 53 53 52 52 52 52 52 52 52 52 52 52 50 50 50 50 27 26 25 16 16 14 10 7 3 3 3 3 3 2 2 2 2 1 
67 63 61 61 61 60 60 59 58 58 58 55 55 54 54 54 54 52 52 50 50 50 50 50 49 48 48 45 41 39 39 38 35 34 16 12 12 12 11 9 8 6 6 6 6 4 2 2 0 0 
69 66 64 63 62 61 61 61 61 60 60 60 59 59 58 58 58 57 53 52 50 50 50 50 50 50 50 50 50 49 47 47 45 44 36 21 19 19 13 11 9 8 8 0 0 0 0 0 0 0 
73 64 63 62 62 61 61 60 60 60 60 59 59 59 59 58 58 57 57 56 55 55 53 53 51 51 51 51 50 50 50 50 39 35 30 26 16 16 11 11 10 4 2 2 2 2 2 2 1 1 
74 65 65 63 62 62 62 61 61 60 60 58 56 56 55 54 54 53 53 53 53 53 52 50 50 50 50 50 50 50 50 50 31 16 15 13 12 11 11 8 7 7 1 1 1 1 1 1 0 0 
71 68 68 67 66 66 65 65 65 64 64 62 58 57 57 57 57 57 57 56 56 56 51 51 51 51 51 51 50 50 50 50 50 49 48 46 42 38 20 8 7 7 1 1 1 1 1 1 0 0 
70 65 65 65 64 64 64 64 63 63 63 61 61 61 57 55 55 52 50 50 50 50 50 50 50 50 50 50 50 50 50 50 50 50 50 49 48 47 43 15 14 12 8 0 0 0 0 0 0 0 
66 65 62 61 61 61 61 60 60 60 57 51 50 50 50 50 50 50 50 50 50 50 47 46 45 45 45 44 43 42 42 37 37 33 32 31 20 18 14 11 10 7 7 5 2 1 0 0 0 0 
73 69 68 67 67 67 67 67 66 66 61 60 60 60 59 57 52 52 52 52 52 52 50 50 50 50 50 49 49 48 47 31 26 21 18 11 9 9 6 2 2 2 2 2 2 0 0 0 0 0 
77 67 67 67 67 65 65 64 63 63 62 58 57 56 56 56 56 55 55 55 50 50 50 50 50 50 50 50 50 50 50 48 44 36 34 33 28 22 21 20 18 17 16 9 7 4 1 0 0 0 
78 62 59 59 59 59 59 58 58 58 58 57 56 55 55 54 54 54 52 51 51 51 51 51 51 51 50 50 50 50 50 47 47 46 43 40 35 33 30 21 18 15 12 10 5 5 5 5 1 0 
67 65 64 63 63 63 63 62 62 62 61 61 57 57 56 56 55 54 54 54 54 51 51 51 51 51 50 50 47 42 41 34 33 15 13 12 11 11 10 8 6 2 2 2 2 2 2 2 1 1 
69 62 60 60 60 60 60 59 57 57 57 56 56 55 55 54 54 53 53 52 51 50 50 50 50 50 50 50 50 48 47 47 47 45 45 41 40 37 33 33 24 20 16 9 9 4 4 3 1 0 
65 64 62 61 60 59 59 59 59 59 58 58 56 56 55 54 54 54 53 53 53 50 50 50 50 50 50 50 49 49 49 45 32 21 10 10 10 5 5 4 4 3 3 3 3 0 0 0 0 0 
68 65 65 62 62 62 62 62 61 60 60 57 57 56 56 55 55 55 54 52 52 52 52 52 52 52 52 50 50 50 50 50 50 49 42 38 37 33 29 19 12 10 8 8 7 7 5 4 4 2 
78 69 67 66 65 63 61 61 61 61 61 61 60 57 57 57 56 55 55 53 51 50 50 50 50 50 50 50 50 50 50 50 50 45 42 41 35 29 28 25 21 20 15 13 10 8 6 1 1 0 
80 77 75 69 64 63 62 62 62 62 61 59 56 56 55 55 55 52 52 52 50 50 50 50 50 50 50 50 50 48 48 46 45 42 42 41 41 39 35 34 31 31 24 18 4 0 0 0 0 0 
80 79 67 65 65 64 64 63 63 63 63 63 59 59 55 54 53 53 50 50 50 50 50 50 50 50 50 50 50 50 49 47 46 44 42 42 41 34 32 31 18 17 7 3 2 2 2 2 0 0 
73 70 69 68 66 63 63 61 61 61 60 60 58 57 57 56 56 55 55 53 53 53 53 53 52 51 50 50 50 49 48 47 47 47 47 43 26 24 22 19 12 11 6 3 3 3 3 3 3 0 
77 76 68 64 62 62 62 62 61 60 59 59 59 58 58 56 54 50 50 50 50 50 50 50 50 49 45 45 43 39 39 37 34 33 30 29 27 24 17 16 10 9 6 5 4 4 0 0 0 0 
78 78 75 74 73 68 67 64 64 64 63 62 62 62 61 61 61 61 60 58 53 50 50 50 50 50 49 48 45 44 44 44 39 38 34 34 29 27 19 16 15 14 11 9 8 7 1 1 1 1 
79 78 77 72 70 70 68 67 62 62 59 59 59 59 57 56 55 53 52 52 50 50 50 50 50 50 50 49 47 46 46 43 43 43 39 34 33 27 26 26 11 11 4 1 1 1 1 1 0 0 
79 78 78 76 72 71 69 66 66 64 63 62 62 61 58 56 55 52 50 50 50 50 50 49 48 47 46 45 43 38 36 17 16 11 9 8 8 5 5 0 0 0 0 0 0 0 0 0 0 0 
84 81 73 73 71 67 64 63 61 60 59 56 52 52 50 50 50 48 48 47 47 46 44 40 36 35 34 33 29 27 25 23 19 15 10 7 6 3 2 2 2 1 0 0 0 0 0 0 0 0 
81 81 80 78 71 67 66 65 63 63 62 61 59 55 55 50 50 50 50 50 50 50 46 40 29 26 25 18 14 9 8 7 5 5 4 0 0 0 0 0 0 0 0 0 0 0 0 0 0 0 
82 81 79 76 74 74 74 73 71 67 65 52 51 50 50 50 43 43 40 36 29 25 24 23 17 16 12 10 7 6 6 6 5 5 4 4 3 0 0 0 0 0 0 0 0 0 0 0 0 0 
85 81 76 75 74 74 72 69 67 65 59 56 55 50 50 50 38 38 34 31 20 20 19 18 18 15 15 14 13 12 12 10 10 8 8 5 2 2 2 2 2 2 2 2 2 2 2 2 2 0 
78 78 76 76 73 72 71 69 68 66 65 63 62 61 53 53 50 50 50 49 49 47 41 41 34 26 25 18 17 12 11 10 9 9 5 5 4 3 0 0 0 0 0 0 0 0 0 0 0 0 
84 83 81 81 79 79 77 76 76 72 71 71 65 59 59 58 53 49 44 41 39 37 37 36 32 32 31 26 25 19 13 11 11 11 11 6 6 5 5 5 5 5 5 5 5 5 5 3 3 3 
84 81 79 78 77 75 75 75 74 72 64 58 50 50 49 47 46 45 42 42 41 41 41 38 32 28 25 22 20 20 20 15 15 14 13 13 9 8 7 6 3 2 1 1 1 1 1 1 0 0 
