% Ministry of Cellular Automata
% Project Deux (CS523 Spring 2015)
% Version:v0.1-66-g3e0f-dirty
%  pop:50
%  ic count:100
%  CA Log option:r3/run12
%  width:121
%  max workers:4
%  radius:3
%  iterations:300
%  generations:50

 generation 0.0.25.0.50.0.0.0.0.0.0.0.0.0.0.0.50.0.0.0.0.0.50.0.0.0.0.50.0.50.1.0.0.0.50.0.0.50.0.0.0.0.50.50.0.39.12.0.0.0.0.xover.mutate.done 50
 generation 1.50.50.50.50.50.50.50.50.50.40.50.50.1.1.50.0.34.0.50.50.21.1.1.50.1.0.50.1.1.0.40.1.1.1.67.51.50.50.50.1.1.0.0.0.51.0.1.50.1.37.xover.mutate.done 50
 generation 2.65.52.52.50.50.50.50.50.50.50.0.0.25.50.50.0.0.50.50.52.0.43.50.2.0.35.0.50.52.2.50.20.14.0.26.52.0.50.2.50.50.50.52.19.0.2.50.50.0.41.xover.mutate.done 50
 generation 3.59.51.51.51.51.51.51.50.50.50.51.50.4.3.28.13.1.50.30.1.3.51.3.51.4.5.51.50.51.50.51.50.12.50.46.51.53.4.50.53.4.3.50.4.50.53.50.40.50.51.xover.mutate.done 50
 generation 4.66.51.51.51.51.51.51.51.51.51.51.1.2.51.51.2.2.1.2.2.1.50.51.51.50.51.51.2.50.2.50.44.1.1.51.2.51.51.51.50.2.51.51.1.2.2.51.1.1.1.xover.mutate.done 50
 generation 5.59.50.50.50.52.52.52.52.52.52.3.52.52.2.50.52.2.2.52.50.52.2.50.2.3.2.0.2.3.3.1.0.50.3.52.52.2.52.52.2.0.50.2.52.52.52.3.52.52.52.xover.mutate.done 50
 generation 6.67.50.50.50.50.50.50.50.50.50.50.0.50.50.50.0.50.0.0.50.50.50.50.33.0.0.0.50.0.0.50.50.0.50.50.0.50.0.0.50.50.50.50.0.0.50.0.0.50.0.xover.mutate.done 50
 generation 7.61.50.50.50.50.50.50.50.50.50.0.0.0.0.0.50.27.50.0.37.8.50.50.50.47.50.50.50.50.50.50.0.50.50.7.47.50.46.50.50.8.50.0.14.50.0.50.50.9.50.xover.mutate.done 50
 generation 8.64.51.51.51.51.51.51.51.51.51.50.1.51.51.30.51.51.1.51.51.1.51.1.50.1.40.1.51.1.51.1.1.51.51.0.50.51.51.1.0.1.1.50.50.1.50.8.51.51.20.xover.mutate.done 50
 generation 9.60.52.52.52.52.52.52.52.52.52.2.2.52.52.6.52.2.2.2.50.12.52.46.2.2.52.19.2.2.52.52.15.25.52.2.52.52.2.52.2.55.2.2.2.2.50.2.2.2.52.xover.mutate.done 50
 generation 10.63.54.51.51.51.51.51.51.51.51.2.2.2.2.1.2.51.1.51.51.2.2.51.50.1.2.2.49.2.51.33.2.1.51.1.1.50.14.26.1.51.51.19.51.8.51.2.1.8.1.xover.mutate.done 50
 generation 11.57.48.50.50.50.50.50.50.50.50.50.2.46.50.2.2.2.49.50.50.0.0.2.50.50.2.2.0.50.50.2.2.50.35.2.32.2.50.36.2.2.50.50.48.50.50.2.2.0.50.xover.mutate.done 50
 generation 12.67.50.50.50.50.50.50.50.50.50.2.50.0.50.0.50.2.0.0.50.2.0.2.50.10.2.47.50.2.0.0.50.2.2.2.20.50.0.50.2.2.14.2.50.2.2.50.0.50.49.xover.mutate.done 50
 generation 13.60.50.50.50.50.50.50.50.50.50.26.0.50.50.36.0.50.50.50.50.0.0.0.0.50.50.0.50.0.50.50.0.0.7.0.50.0.0.0.0.47.50.0.50.0.0.0.50.6.0.xover.mutate.done 50
 generation 14.72.51.51.51.51.51.51.51.51.51.50.1.0.51.48.50.1.37.51.1.1.50.1.51.1.51.51.1.1.0.1.1.1.1.1.50.0.50.1.51.51.1.1.1.51.51.1.1.1.22.xover.mutate.done 50
 generation 15.61.50.50.50.50.50.50.50.50.50.0.50.11.0.0.21.32.0.50.50.17.0.0.50.50.50.0.0.0.38.0.50.0.0.0.50.50.0.38.0.0.0.50.0.50.0.0.0.0.0.xover.mutate.done 50
 generation 16.58.50.50.50.50.50.50.50.50.50.1.1.33.0.1.1.1.1.0.1.1.1.50.50.1.32.0.18.1.11.10.1.1.1.1.32.2.1.50.1.34.1.50.1.1.1.0.50.50.50.xover.mutate.done 50
 generation 17.54.51.51.51.51.51.51.51.51.51.3.2.3.3.3.1.51.3.1.51.3.3.51.14.51.3.3.51.2.51.1.51.51.3.3.1.51.3.1.3.43.3.2.3.3.3.1.3.3.44.xover.mutate.done 50
 generation 18.64.53.53.53.53.53.53.53.53.53.5.5.53.5.2.5.5.5.53.16.53.5.5.53.5.3.5.50.28.53.53.5.53.5.53.5.5.2.5.53.53.53.5.53.53.5.20.53.53.35.xover.mutate.done 50
 generation 19.61.50.50.50.50.50.50.50.50.50.50.1.1.22.1.1.50.1.49.4.5.1.1.0.50.1.0.1.1.0.1.22.0.1.1.1.50.1.1.50.50.50.1.51.50.0.9.50.50.1.xover.mutate.done 50
 generation 20.68.60.52.52.52.52.52.52.52.52.52.2.2.50.52.2.52.49.52.2.0.2.48.2.52.2.2.2.2.36.2.0.52.2.2.2.50.52.2.51.2.2.52.2.2.12.9.2.2.2.xover.mutate.done 50
 generation 21.60.51.51.51.51.51.51.51.51.51.1.9.1.0.51.1.10.47.4.1.1.1.12.1.51.0.1.1.1.51.1.1.51.1.34.51.0.51.1.51.1.32.1.51.51.51.51.36.1.10.xover.mutate.done 50
 generation 22.69.61.52.52.52.52.52.52.52.52.3.2.52.2.52.2.3.3.41.52.52.52.3.13.52.48.30.52.42.52.52.3.56.3.3.3.3.52.50.50.3.3.52.3.3.52.52.2.3.52.xover.mutate.done 50
 generation 23.62.47.49.52.52.52.52.52.52.52.48.50.6.50.50.52.2.2.52.50.52.6.15.2.2.52.4.4.6.6.52.52.2.6.6.6.52.2.52.52.6.6.46.2.12.18.2.13.52.6.xover.mutate.done 50
 generation 24.68.51.51.51.51.51.51.51.51.51.51.51.48.36.50.3.47.48.13.3.29.50.51.1.37.48.38.17.40.51.50.43.1.3.1.3.51.3.3.51.1.50.51.51.1.50.51.51.2.3.xover.mutate.done 50
 generation 25.58.50.50.50.50.50.50.50.50.50.0.50.0.50.50.0.50.0.0.0.50.47.50.50.0.50.50.0.31.0.50.0.0.50.0.0.50.50.50.22.0.50.50.0.0.50.0.50.0.50.xover.mutate.done 50
 generation 26.68.50.50.50.50.50.50.50.50.50.1.50.1.1.50.3.50.1.1.0.1.50.50.0.1.50.50.50.1.50.1.50.50.47.1.50.0.50.1.50.30.50.50.7.50.50.50.50.1.0.xover.mutate.done 50
 generation 27.59.52.52.52.52.52.52.52.52.52.2.38.17.52.2.2.34.52.52.18.52.52.52.52.2.2.0.37.16.52.2.52.52.2.2.52.2.2.2.2.52.47.52.52.2.52.0.52.52.0.xover.mutate.done 50
 generation 28.71.51.51.51.51.51.51.51.51.51.51.2.2.51.33.23.51.2.32.39.51.2.24.51.51.2.47.51.51.2.2.1.18.51.51.1.14.51.51.51.51.2.51.44.51.1.2.51.51.51.xover.mutate.done 50
 generation 29.66.50.50.50.50.50.50.50.50.50.50.0.0.50.41.0.50.0.50.38.0.36.50.0.50.50.12.50.0.0.50.0.0.50.48.50.0.0.50.33.50.50.50.0.50.0.50.50.50.50.xover.mutate.done 50
 generation 30.63.52.52.52.52.52.52.52.52.52.52.52.34.2.3.52.52.52.50.3.52.3.47.52.52.3.52.52.3.52.3.52.52.50.52.3.3.1.52.2.52.52.2.52.3.49.3.12.52.52.xover.mutate.done 50
 generation 31.60.50.50.50.50.50.50.50.50.50.45.50.22.47.0.0.0.0.39.50.50.0.50.50.0.50.50.50.50.50.50.50.0.50.50.0.0.0.50.50.50.50.11.50.50.0.50.39.0.0.xover.mutate.done 50
 generation 32.59.50.50.50.50.50.50.50.50.50.50.3.11.48.1.1.29.50.1.8.50.50.50.50.8.1.1.1.50.1.39.30.50.50.50.1.50.0.9.1.19.0.22.1.20.50.0.28.1.50.xover.mutate.done 50
 generation 33.59.51.51.51.51.51.51.51.51.51.51.0.22.51.1.1.51.51.51.50.51.51.1.34.1.39.1.51.50.51.32.1.0.51.1.51.51.1.1.1.22.51.29.51.51.1.13.51.50.11.xover.mutate.done 50
 generation 34.59.50.50.50.50.50.50.50.50.50.43.50.37.0.50.50.50.0.0.0.50.50.50.50.0.50.0.0.50.50.50.50.50.0.50.50.50.11.0.0.50.0.0.0.0.10.50.50.0.50.xover.mutate.done 50
 generation 35.60.51.51.51.51.51.51.51.51.51.51.1.51.38.51.1.51.1.10.1.1.1.51.19.51.34.51.51.27.1.1.1.3.51.51.12.51.1.51.51.1.51.51.1.50.51.1.51.51.1.xover.mutate.done 50
 generation 36.71.50.50.50.50.50.50.50.50.50.50.50.50.50.50.3.50.50.50.50.3.50.3.50.3.6.6.50.38.50.3.50.50.50.50.3.0.3.50.3.3.50.3.50.50.50.3.50.50.50.xover.mutate.done 50
 generation 37.59.51.51.51.51.51.51.51.51.51.46.51.51.3.3.51.3.3.1.51.3.3.4.3.51.4.4.4.3.50.31.3.51.25.4.3.51.1.3.3.27.51.51.51.11.51.3.51.2.51.xover.mutate.done 50
 generation 38.63.50.50.50.50.50.50.50.50.50.50.50.50.8.50.0.1.1.2.1.1.1.50.50.1.50.50.50.1.49.50.43.1.1.50.50.1.50.0.50.50.41.50.50.32.50.1.50.1.1.xover.mutate.done 50
 generation 39.64.50.50.50.50.50.50.50.50.50.50.19.50.50.31.1.50.0.0.0.0.8.0.50.14.0.0.0.0.50.22.50.50.0.0.0.50.50.0.0.50.50.50.50.0.50.50.50.0.50.xover.mutate.done 50
 generation 40.72.51.51.51.51.51.51.51.51.51.2.1.51.2.51.50.2.13.2.2.2.50.50.42.51.2.2.50.19.2.2.2.51.51.51.2.1.51.1.39.48.50.49.2.2.51.2.51.51.2.xover.mutate.done 50
 generation 41.59.50.50.50.50.50.50.50.50.50.39.1.19.42.1.1.1.1.1.1.1.4.1.50.1.1.49.41.16.1.19.1.41.50.1.9.50.1.1.1.50.1.50.50.48.1.1.41.1.50.xover.mutate.done 50
 generation 42.64.50.50.50.50.50.50.50.50.50.3.50.33.3.3.50.3.3.3.10.50.50.3.50.3.50.3.3.0.3.3.3.50.42.3.50.9.44.26.3.3.50.3.3.3.3.50.3.3.18.xover.mutate.done 50
 generation 43.63.51.51.51.51.51.51.51.51.51.51.51.3.3.3.30.38.2.23.3.3.2.1.43.50.51.3.51.3.42.51.9.50.3.3.7.3.51.16.3.38.3.25.3.3.2.3.51.1.3.xover.mutate.done 50
 generation 44.61.50.50.50.50.50.50.50.50.50.50.50.36.26.0.0.0.10.50.50.0.0.33.50.50.50.0.27.50.0.50.0.0.7.14.0.0.50.19.0.0.0.0.0.42.0.50.0.50.0.xover.mutate.done 50
 generation 45.62.52.52.52.52.52.52.52.52.52.46.2.52.2.52.52.21.50.52.50.50.39.50.52.0.2.2.23.40.2.52.52.52.2.50.52.2.17.2.50.2.42.50.50.2.47.52.0.47.49.xover.mutate.done 50
 generation 46.61.51.51.51.51.51.51.51.51.51.1.0.1.1.1.51.1.0.1.7.51.51.51.1.43.1.1.42.51.50.51.29.1.1.50.1.51.51.1.51.1.1.1.1.51.51.1.43.1.6.xover.mutate.done 50
 generation 47.55.50.50.50.50.50.50.50.50.50.50.50.0.50.0.0.50.0.0.0.50.0.0.0.18.0.0.31.0.0.0.50.50.50.50.0.0.0.0.0.0.0.0.50.50.50.50.50.50.0.xover.mutate.done 50
 generation 48.66.50.50.50.50.50.50.50.50.50.1.1.50.50.1.50.0.1.1.0.20.50.50.50.1.1.0.1.50.1.1.50.50.50.1.50.50.50.1.38.20.19.49.50.29.50.16.1.1.0.xover.mutate.done 50
 generation 49.64.53.53.53.53.53.53.53.53.53.3.3.28.3.3.0.53.0.3.3.3.3.0.0.3.50.53.53.42.0.0.32.50.20.26.3.50.50.3.0.53.3.12.49.3.3.3.31.41.3.xover.mutate.done 50
 32642720 iters     703096 iter/sec (46.43 s)
 total time: 46.43
