% Ministry of Cellular Automata
% Project Deux (CS523 Spring 2015)
% Version:v0.1-66-g3e0f-dirty
%  pop:50
%  ic count:100
%  CA Log option:r3/run16
%  width:121
%  max workers:4
%  radius:3
%  iterations:300
%  generations:50

 generation 0.2.2.2.0.2.2.0.50.50.2.50.0.2.0.0.2.50.0.2.50.2.0.2.2.50.2.50.0.50.37.0.0.0.2.2.29.0.50.50.26.2.2.2.0.2.11.50.50.2.2.xover.mutate.done 50
 generation 1.50.50.50.50.50.50.50.50.50.50.50.1.1.1.0.1.0.1.1.50.30.1.51.50.51.1.50.50.1.50.51.50.0.0.50.1.6.1.50.1.1.1.1.50.50.50.0.50.1.50.xover.mutate.done 50
 generation 2.52.52.52.50.50.50.50.50.50.50.2.2.0.50.50.50.45.50.52.50.50.50.50.11.2.50.2.52.52.2.50.2.50.18.50.0.50.50.50.50.50.50.2.50.50.2.32.50.2.2.xover.mutate.done 50
 generation 3.51.51.51.51.51.51.50.50.50.50.1.51.1.25.30.51.1.50.1.51.1.1.1.1.51.50.51.1.6.1.50.1.50.13.50.50.1.15.51.1.0.45.50.50.50.3.50.1.31.1.xover.mutate.done 50
 generation 4.50.50.50.50.50.50.50.50.50.50.0.50.50.0.50.50.19.0.3.0.18.50.0.6.14.50.0.0.50.0.50.0.50.50.50.0.0.50.50.5.50.0.50.19.50.50.0.0.0.50.xover.mutate.done 50
 generation 5.50.50.50.50.50.50.50.50.50.50.0.0.0.50.50.0.0.50.0.0.50.0.0.50.50.16.50.50.50.50.6.50.0.50.50.0.0.0.0.0.50.0.48.50.0.0.0.50.50.50.xover.mutate.done 50
 generation 6.50.50.50.50.50.50.50.50.50.50.50.50.50.50.22.50.50.50.11.0.11.50.36.50.50.50.0.0.50.50.0.50.0.50.28.15.0.48.39.0.50.0.0.0.0.50.12.42.0.17.xover.mutate.done 50
 generation 7.50.50.50.50.50.50.50.50.50.50.50.0.50.50.0.50.24.50.50.50.50.5.0.50.50.5.50.0.0.0.42.50.50.0.50.50.6.50.46.50.50.5.0.14.0.50.17.0.50.50.xover.mutate.done 50
 generation 8.50.50.50.50.50.50.50.50.50.50.50.50.1.24.47.7.50.50.50.50.50.50.1.50.50.50.50.0.15.1.19.1.1.1.50.1.50.16.1.0.43.37.50.0.50.1.50.50.1.50.xover.mutate.done 50
 generation 9.51.51.51.51.51.51.51.51.51.51.51.18.51.51.1.51.50.51.51.2.2.44.2.16.12.2.1.51.9.25.51.1.51.2.1.51.2.1.30.51.51.2.2.51.51.51.2.11.51.49.xover.mutate.done 50
 generation 10.52.52.52.52.52.52.52.52.52.52.11.2.2.52.2.2.52.52.2.2.52.52.52.2.15.52.52.2.52.52.52.2.2.52.2.2.36.2.2.10.32.52.52.2.2.52.2.52.2.2.xover.mutate.done 50
 generation 11.51.51.51.51.51.51.51.51.51.51.2.43.51.51.51.51.51.51.1.1.1.18.51.35.51.12.51.51.19.2.1.41.51.51.19.51.20.51.51.51.51.51.2.51.51.51.2.2.19.68.xover.mutate.done 50
 generation 12.64.50.50.50.50.50.50.50.50.50.50.50.50.50.0.1.50.50.50.1.5.1.49.36.50.37.0.0.0.13.1.13.50.3.50.27.50.1.50.37.50.21.0.50.1.1.50.1.1.50.xover.mutate.done 50
 generation 13.62.51.51.51.51.51.51.51.51.51.50.51.3.51.1.50.18.2.38.51.16.51.51.3.51.51.3.18.1.51.51.3.51.20.3.51.51.51.3.51.17.51.50.51.3.51.2.3.3.51.xover.mutate.done 50
 generation 14.69.50.50.50.50.50.50.50.50.50.50.50.50.0.0.50.50.50.0.50.22.27.50.50.45.50.15.50.50.47.50.23.0.30.0.44.50.50.0.5.38.0.10.46.0.0.0.0.50.50.xover.mutate.done 50
 generation 15.68.51.51.51.51.51.51.51.51.51.51.29.3.51.51.51.1.50.51.40.51.51.51.51.45.51.51.3.51.51.25.12.8.51.40.51.3.51.51.51.51.51.51.51.51.51.3.51.51.51.xover.mutate.done 50
 generation 16.64.51.51.51.51.51.51.51.51.51.51.51.51.45.2.1.41.2.1.51.51.2.32.51.51.51.51.51.18.51.50.42.51.2.50.15.51.51.1.57.24.56.51.8.50.51.22.51.51.51.xover.mutate.done 50
 generation 17.65.55.55.51.51.51.51.51.51.51.50.51.3.51.0.21.50.50.51.5.5.1.23.1.1.1.51.51.51.1.51.48.51.50.50.51.8.1.8.51.1.51.50.50.1.1.1.56.1.21.xover.mutate.done 50
 generation 18.68.57.56.56.52.52.52.52.52.52.52.50.2.52.52.52.70.35.52.55.50.56.2.58.2.14.2.2.52.52.8.18.6.37.16.2.63.12.50.52.52.52.2.50.17.52.2.2.52.2.xover.mutate.done 50
 generation 19.69.58.54.52.51.51.51.54.51.51.0.51.33.1.51.51.1.51.1.1.22.51.51.51.15.1.52.51.50.50.51.19.51.1.51.18.51.32.1.1.51.51.19.51.51.51.51.51.28.50.xover.mutate.done 50
 generation 20.69.61.61.59.56.58.55.55.54.54.10.53.2.27.52.55.54.3.26.1.52.52.55.52.52.55.7.16.53.14.62.50.52.52.3.3.16.3.50.2.56.52.52.2.25.50.2.52.50.3.xover.mutate.done 50
 generation 21.67.61.63.61.58.60.54.54.55.54.58.34.48.39.50.59.45.50.4.8.52.61.50.0.48.2.49.12.54.41.55.16.58.39.12.12.35.2.6.6.38.0.6.60.52.11.9.50.50.6.xover.mutate.done 50
 generation 22.69.66.62.61.61.61.61.60.58.60.9.50.50.0.44.50.60.49.0.0.59.50.50.47.0.58.64.63.57.11.19.45.19.59.50.0.47.50.58.8.50.53.50.8.52.21.13.0.0.36.xover.mutate.done 50
 generation 23.73.62.60.64.63.62.60.59.59.59.2.50.53.16.50.2.55.51.50.1.60.55.16.51.1.58.11.53.51.4.58.2.10.35.39.51.11.56.2.30.2.2.50.57.59.26.61.60.61.57.xover.mutate.done 50
 generation 24.74.62.62.63.61.60.65.60.58.61.1.53.8.53.50.50.50.0.12.13.1.16.53.11.56.1.7.50.1.50.11.65.54.1.50.50.50.0.52.56.50.54.1.7.31.55.53.53.15.62.xover.mutate.done 50
 generation 25.71.68.68.67.66.64.65.65.62.65.57.7.49.8.57.7.0.42.51.66.56.51.48.51.51.50.50.1.50.0.56.64.38.1.1.20.1.56.1.51.1.57.58.57.46.51.50.50.57.57.xover.mutate.done 50
 generation 26.70.65.65.63.64.64.64.61.63.63.50.50.55.12.0.0.49.50.50.14.65.0.50.50.8.55.0.47.57.50.0.50.61.64.50.48.50.15.50.50.50.50.52.0.0.50.61.43.50.50.xover.mutate.done 50
 generation 27.66.61.61.61.60.61.62.60.65.60.11.51.46.47.50.50.0.44.50.45.50.45.1.32.57.43.0.50.0.20.18.14.50.42.7.10.50.50.31.7.50.33.0.37.37.45.2.42.50.5.xover.mutate.done 50
 generation 28.73.68.66.67.67.67.69.67.67.66.2.2.6.0.2.50.31.2.26.48.11.49.50.57.9.61.9.60.52.50.52.50.21.50.0.52.52.0.18.0.0.59.2.60.2.52.60.52.49.47.xover.mutate.done 50
 generation 29.77.64.65.67.67.67.65.63.62.63.56.18.21.1.50.50.34.7.55.55.56.57.44.48.50.22.50.56.0.58.50.50.16.20.0.50.17.28.55.9.56.50.67.4.33.50.36.50.50.0.xover.mutate.done 50
 generation 30.78.59.59.59.59.62.58.59.57.58.51.58.50.50.1.51.47.47.5.51.50.51.30.54.51.43.21.5.55.54.15.50.50.55.46.54.0.5.18.58.56.35.51.10.52.51.12.40.33.5.xover.mutate.done 50
 generation 31.67.64.63.63.63.63.62.62.62.65.11.50.2.51.1.34.2.56.47.54.2.41.6.50.51.15.56.12.42.61.51.1.2.2.33.61.54.51.11.13.8.2.57.57.55.51.54.10.2.54.xover.mutate.done 50
 generation 32.69.54.59.60.60.60.60.57.56.56.40.47.50.9.60.1.9.4.50.45.16.53.62.50.53.50.55.54.37.24.47.47.51.3.0.57.20.4.33.50.52.33.55.50.41.45.57.50.48.50.xover.mutate.done 50
 generation 33.65.62.59.59.59.59.59.61.58.58.0.21.32.54.50.0.53.53.49.10.49.56.49.10.54.4.3.54.3.50.50.10.3.50.55.0.64.45.0.4.53.0.50.60.5.50.56.3.50.5.xover.mutate.done 50
 generation 34.68.57.65.60.61.62.62.62.62.62.52.57.52.50.2.12.8.65.52.50.60.50.49.50.55.33.56.42.38.52.19.52.55.37.52.52.8.50.52.7.7.56.5.54.29.4.10.4.50.55.xover.mutate.done 50
 generation 35.65.67.60.61.61.61.61.61.63.66.10.0.57.6.50.42.1.50.61.25.50.28.50.50.78.50.50.57.13.50.56.21.50.55.57.69.8.41.50.50.55.51.20.15.53.35.45.50.29.1.xover.mutate.done 50
 generation 36.77.80.69.64.75.61.62.62.62.62.52.50.52.55.48.0.39.50.24.4.31.56.18.41.0.0.50.42.55.50.31.50.63.50.52.0.34.48.35.55.45.50.41.56.46.50.50.0.42.59.xover.mutate.done 50
 generation 37.79.80.64.67.63.65.63.63.63.63.3.34.50.0.2.47.42.2.59.50.32.50.50.46.18.53.59.50.2.65.44.2.50.50.42.41.55.50.50.49.7.17.50.53.0.64.31.50.54.50.xover.mutate.done 50
 generation 38.70.69.68.61.61.73.63.63.60.60.47.47.51.6.3.3.50.47.3.55.11.53.61.26.0.12.58.53.57.43.53.24.3.48.53.55.52.56.22.50.57.66.47.50.56.53.49.19.3.3.xover.mutate.done 50
 generation 39.62.77.68.62.64.60.61.62.59.59.4.34.50.37.50.0.0.45.6.24.49.27.0.33.50.50.76.30.39.43.58.62.17.50.5.39.59.9.16.50.10.56.45.4.58.54.0.50.29.50.xover.mutate.done 50
 generation 40.75.74.78.68.78.64.64.64.62.62.61.11.1.50.39.61.14.7.62.50.50.60.61.73.44.9.38.67.49.34.50.61.58.34.48.44.8.63.27.1.1.19.29.45.50.53.44.15.1.16.xover.mutate.done 50
 generation 41.70.70.78.72.68.59.67.62.59.59.1.1.50.50.27.0.56.50.62.55.46.39.1.11.50.47.43.77.79.34.57.26.11.50.52.50.0.50.59.49.1.52.26.43.53.4.33.46.43.1.xover.mutate.done 50
 generation 42.78.79.76.71.78.58.72.69.64.63.0.11.36.0.0.50.0.38.47.0.0.0.43.16.48.0.62.0.66.5.56.8.45.50.62.50.9.52.0.55.0.61.50.17.46.66.50.5.8.49.xover.mutate.done 50
 generation 43.73.84.73.81.67.71.63.64.61.60.47.0.48.10.0.52.2.35.6.0.47.0.50.46.48.0.2.44.36.2.29.59.25.34.56.15.19.52.0.0.3.40.27.23.50.1.0.7.50.33.xover.mutate.done 50
 generation 44.81.81.80.71.65.66.63.67.62.63.50.55.0.0.50.8.29.50.0.0.0.5.26.61.0.40.0.0.55.0.0.50.46.0.0.14.78.18.0.50.4.0.59.50.9.50.0.5.25.7.xover.mutate.done 50
 generation 45.82.71.76.74.81.74.74.79.67.73.36.12.0.65.0.5.50.40.6.0.7.50.4.0.0.17.43.24.29.16.0.0.4.50.52.6.10.0.0.43.25.23.0.3.0.0.6.51.0.5.xover.mutate.done 50
 generation 46.85.72.74.74.76.67.75.65.81.59.12.20.15.19.2.2.31.50.2.69.2.10.14.0.10.20.55.2.2.34.5.2.13.50.18.12.2.2.2.18.56.8.15.8.2.38.50.2.2.38.xover.mutate.done 50
 generation 47.78.76.78.71.69.76.72.65.68.66.41.0.4.73.10.62.12.26.5.49.9.49.41.53.53.0.0.0.0.17.0.0.25.47.3.18.0.0.9.0.11.61.0.34.50.5.0.63.50.50.xover.mutate.done 50
 generation 48.84.79.79.81.76.83.71.77.72.71.37.11.3.11.49.36.37.5.32.5.5.59.5.59.5.5.19.32.41.13.58.44.76.3.6.39.31.5.25.6.5.3.11.53.5.5.11.65.81.26.xover.mutate.done 50
 generation 49.81.64.84.77.79.78.74.75.75.72.0.42.1.50.8.2.46.1.32.20.75.3.15.20.22.47.1.58.6.13.41.45.50.20.1.7.25.41.14.1.0.15.13.38.41.1.42.49.28.9.xover.mutate.done 50
 28450288 iters     692626 iter/sec (41.08 s)
 total time: 41.08
