51 51 50 50 50 50 50 50 50 50 50 50 21 20 15 8 2 2 2 2 2 2 2 2 2 2 2 1 1 1 1 1 1 1 1 1 1 1 1 1 1 1 1 1 1 1 1 1 1 1 
51 51 51 50 50 50 50 50 50 50 50 50 50 50 50 50 50 50 50 50 37 30 26 25 22 14 10 8 1 1 1 1 1 1 1 1 1 1 1 1 1 0 0 0 0 0 0 0 0 0 
51 51 51 51 50 50 50 50 50 50 50 50 50 50 50 50 50 50 50 50 50 50 50 50 50 50 44 10 2 1 1 1 1 1 1 1 1 1 1 1 1 1 1 1 1 1 1 1 0 0 
50 50 50 50 50 50 50 50 50 50 50 50 50 50 50 50 50 50 50 50 50 50 50 50 50 50 50 50 50 49 39 26 18 6 0 0 0 0 0 0 0 0 0 0 0 0 0 0 0 0 
51 51 51 51 51 51 50 50 50 50 50 50 50 50 50 50 50 50 50 46 36 5 1 1 1 1 1 1 1 1 1 1 1 1 1 1 1 1 1 1 0 0 0 0 0 0 0 0 0 0 
50 50 50 50 50 50 50 50 50 50 50 50 50 50 50 50 50 50 50 50 50 50 50 50 50 44 34 34 16 14 7 0 0 0 0 0 0 0 0 0 0 0 0 0 0 0 0 0 0 0 
75 50 50 50 50 50 50 50 50 50 50 50 50 50 50 50 50 50 50 50 50 50 17 0 0 0 0 0 0 0 0 0 0 0 0 0 0 0 0 0 0 0 0 0 0 0 0 0 0 0 
58 50 50 50 50 50 50 50 50 50 50 50 50 50 50 50 50 50 50 50 50 50 50 14 8 0 0 0 0 0 0 0 0 0 0 0 0 0 0 0 0 0 0 0 0 0 0 0 0 0 
68 52 52 52 52 52 52 52 52 52 52 52 52 52 52 50 17 16 15 14 13 5 4 4 4 4 4 4 4 4 4 4 4 4 4 4 4 4 4 4 4 4 2 2 2 2 2 2 2 2 
67 51 51 51 51 51 51 51 51 51 51 50 50 50 50 50 34 15 14 13 12 12 1 1 1 1 1 1 1 1 1 1 1 1 1 1 1 1 1 1 1 1 1 1 1 1 1 1 0 0 
64 51 51 51 51 51 51 51 51 51 51 51 51 51 51 51 51 51 50 50 45 42 42 33 13 7 3 1 1 1 1 1 1 1 1 1 1 1 1 1 1 1 1 1 1 1 1 1 1 1 
73 51 51 51 51 51 51 51 51 51 51 51 51 51 51 51 51 51 51 49 47 41 36 13 12 9 1 1 1 1 1 1 1 1 1 1 1 1 1 1 1 1 1 1 1 1 1 1 1 0 
74 51 51 51 51 51 51 51 51 51 51 51 51 51 51 51 51 51 51 51 51 51 51 51 51 51 50 50 50 41 26 20 15 15 15 2 2 2 2 2 2 2 2 2 1 1 1 1 1 1 
66 50 50 50 50 50 50 50 50 50 50 50 50 50 50 50 50 50 50 50 50 50 50 50 50 50 50 50 50 50 50 50 50 50 47 41 28 8 7 2 2 2 2 2 2 0 0 0 0 0 
63 53 53 53 53 53 53 53 53 53 53 53 53 53 53 53 53 53 53 53 53 53 53 53 53 53 53 53 53 53 53 53 50 50 50 12 4 4 4 4 4 4 4 4 4 4 3 3 3 3 
73 51 51 51 51 51 51 51 51 51 51 51 51 51 51 51 51 51 51 51 51 51 51 51 51 51 51 50 50 50 17 15 11 10 7 2 1 1 1 1 1 1 1 1 1 1 1 1 0 0 
73 51 51 51 51 51 51 51 51 51 51 51 51 51 51 51 51 51 51 51 51 51 51 51 51 51 51 51 51 51 51 51 51 51 50 19 16 12 12 4 4 4 4 4 4 3 1 1 1 1 
65 50 50 50 50 50 50 50 50 50 50 50 50 50 50 50 50 50 50 50 50 50 50 50 50 50 50 50 50 50 50 50 49 41 40 14 13 7 0 0 0 0 0 0 0 0 0 0 0 0 
65 50 50 50 50 50 50 50 50 50 50 50 50 50 50 50 50 50 50 50 50 50 50 50 50 50 50 50 47 41 41 28 19 9 9 1 1 1 1 1 1 1 1 1 1 0 0 0 0 0 
70 51 51 51 51 51 51 51 51 51 51 51 51 51 51 51 51 51 51 51 50 17 17 16 12 12 12 4 4 4 4 4 4 4 4 4 4 4 4 4 4 3 3 3 1 1 1 1 1 1 
63 51 51 51 51 51 51 51 51 51 51 51 51 51 51 51 51 51 51 51 51 51 51 51 51 50 49 44 43 21 10 10 8 5 1 1 1 1 1 1 1 1 1 1 1 1 1 1 1 0 
64 51 51 51 51 51 51 51 51 51 51 51 51 51 51 51 51 51 51 51 51 51 51 51 51 50 50 50 47 47 39 11 1 1 1 1 1 1 1 1 1 1 1 1 1 1 1 1 0 0 
72 71 51 51 51 51 51 51 51 51 51 51 51 51 51 51 51 51 51 51 51 51 51 51 51 51 51 51 51 50 50 50 50 40 14 14 14 10 3 3 3 3 3 3 3 3 3 3 2 2 
72 69 51 51 51 51 51 51 51 51 51 51 51 51 51 51 51 51 51 51 51 51 51 51 51 51 51 51 50 50 48 36 14 13 13 12 3 2 2 2 2 2 2 2 2 2 2 2 2 1 
70 70 70 69 51 51 51 51 51 51 51 51 51 51 51 51 51 51 51 51 51 51 51 51 51 51 51 51 51 51 51 51 51 51 51 51 35 34 17 15 6 2 2 2 2 2 2 1 1 1 
67 67 67 67 65 51 51 51 51 51 51 51 51 51 51 51 51 51 51 51 51 51 51 51 51 51 51 51 51 51 51 51 51 50 46 26 25 22 9 8 7 4 3 3 2 2 2 2 1 1 
67 67 67 65 62 58 51 51 51 51 51 51 51 51 51 51 51 51 51 51 51 51 51 51 51 51 51 51 51 51 50 50 49 46 43 40 13 11 7 7 2 1 1 1 1 1 1 1 0 0 
81 77 70 70 70 64 64 63 50 50 50 50 50 50 50 50 50 50 50 50 50 50 50 50 50 50 50 50 46 44 41 36 3 2 2 1 1 1 1 1 1 1 1 1 1 1 0 0 0 0 
81 79 71 70 70 70 67 65 64 63 60 57 52 52 52 52 52 52 52 52 52 52 52 52 52 52 52 52 52 52 52 51 51 50 48 46 43 39 18 15 13 9 3 3 3 3 3 3 3 2 
79 78 77 74 72 72 72 71 68 65 63 62 59 55 53 53 53 53 53 53 53 53 53 53 53 53 52 50 50 50 49 46 41 38 23 16 9 6 5 5 5 5 5 5 5 5 5 5 5 2 
82 81 73 73 73 73 72 70 69 68 68 67 66 64 57 55 53 53 53 48 48 47 45 42 40 38 21 18 16 12 11 11 11 10 10 9 7 7 3 3 3 3 3 3 3 3 3 3 3 3 
82 81 76 73 73 73 73 73 72 68 67 67 65 63 53 51 51 51 51 51 48 47 47 46 44 37 22 13 12 12 12 12 12 11 9 9 6 5 5 3 1 1 1 1 1 1 1 1 1 1 
79 77 74 71 68 68 68 65 64 63 62 60 59 59 53 52 51 51 51 44 43 41 40 38 38 35 34 33 26 25 19 15 12 9 7 6 5 5 5 3 3 3 3 3 1 1 1 1 1 1 
83 83 81 80 76 71 71 71 71 68 67 65 64 64 59 58 57 55 54 51 50 50 48 47 47 45 43 41 36 35 24 20 20 20 19 18 15 15 14 11 6 6 6 6 5 0 0 0 0 0 
81 77 76 75 72 71 66 66 66 66 66 66 66 65 61 59 52 50 50 49 47 46 45 45 41 40 37 37 37 32 29 24 13 13 10 9 7 7 5 5 3 3 3 3 3 2 2 2 2 2 
81 80 80 80 77 77 71 69 69 69 69 54 54 50 50 50 50 50 49 48 47 46 46 46 45 45 41 40 40 40 38 37 32 29 29 25 20 19 13 11 8 6 5 2 1 1 1 1 0 0 
83 82 82 82 80 79 78 72 65 65 65 65 64 52 51 51 50 49 48 48 46 39 39 38 38 37 31 17 13 11 11 10 10 9 8 5 5 4 4 1 1 1 1 1 1 1 1 1 1 1 
89 87 85 81 81 79 74 73 73 72 71 60 55 55 50 50 50 50 49 49 49 49 48 48 48 48 43 43 42 41 30 25 24 11 9 6 5 5 5 2 2 2 1 1 1 1 1 1 1 1 
90 85 83 83 81 81 80 76 76 75 75 73 72 68 61 57 50 50 50 49 49 48 48 48 44 41 33 30 28 28 26 15 13 11 10 4 3 3 1 0 0 0 0 0 0 0 0 0 0 0 
89 88 84 82 81 80 80 79 79 78 77 77 66 54 53 51 51 50 49 47 46 45 42 41 37 31 28 27 26 25 21 20 18 15 15 13 11 11 10 10 3 3 3 3 2 2 1 1 1 1 
87 86 82 81 81 80 80 80 79 78 77 77 74 65 57 55 54 54 53 51 51 51 51 50 50 50 48 47 46 46 45 42 41 40 40 39 37 30 21 19 16 7 6 1 1 1 1 1 1 0 
94 87 86 85 85 84 83 82 79 78 75 73 73 70 60 57 57 55 51 51 51 51 51 51 51 50 50 49 48 47 46 44 39 36 23 21 21 13 13 8 4 2 2 2 2 2 1 1 1 1 
85 84 84 80 79 79 78 78 76 76 76 76 74 74 71 69 67 56 51 50 50 50 50 50 50 49 48 45 45 43 39 37 37 36 34 34 30 15 12 9 8 6 2 0 0 0 0 0 0 0 
90 90 89 89 86 86 84 83 81 80 79 79 77 76 76 76 74 72 64 58 52 52 52 52 52 52 52 52 50 50 50 50 48 47 44 44 43 40 40 38 32 24 10 7 4 3 3 2 2 2 
94 93 93 93 92 92 92 92 89 88 87 87 87 86 84 80 71 64 63 59 53 52 52 51 50 48 46 43 40 23 21 14 13 3 3 3 3 3 3 3 3 3 3 3 3 3 2 2 2 1 
88 87 87 87 87 87 86 85 85 84 83 76 71 65 61 56 56 54 52 52 52 52 50 50 49 47 46 46 45 45 43 34 34 26 25 13 12 11 11 4 4 4 4 4 4 4 2 2 2 2 
91 90 90 89 89 89 88 88 88 88 88 88 87 82 82 80 79 77 69 66 64 60 60 55 55 52 51 51 51 50 50 49 47 45 41 40 40 30 29 25 25 19 18 16 12 10 2 2 2 1 
86 86 85 85 85 85 84 84 84 84 83 83 83 82 82 82 75 73 66 62 60 59 54 53 50 49 49 48 48 47 47 47 47 38 37 35 24 18 15 12 10 10 9 9 7 5 5 5 5 3 
91 90 90 90 88 88 87 87 85 83 83 81 79 79 75 64 60 57 57 53 50 50 50 49 45 44 39 37 33 30 25 22 18 17 15 15 14 13 12 8 7 4 4 3 1 1 1 1 1 0 
89 89 89 87 87 87 87 87 84 81 73 71 70 50 50 50 50 49 49 48 48 47 45 45 41 36 33 31 27 24 24 23 19 17 13 10 10 9 8 7 7 7 3 1 1 1 1 1 1 1 
