0.453125 0.5234375 0.9921875 0.6953125 0.1875 0.0 0.9765625 0.3984375 0.3359375 0.7890625 
0.9921875 0.0 0.7890625 0.921875 0.0 0.078125 0.1640625 0.953125 0.1328125 0.1640625 
0.9921875 0.0 0.7890625 0.921875 0.0 0.078125 0.1640625 0.953125 0.1328125 0.1640625 
0.5234375 0.890625 0.7734375 0.1640625 0.1640625 0.3046875 0.2265625 0.1484375 0.171875 0.9921875 
0.5234375 0.71875 0.890625 0.7734375 0.859375 0.6796875 0.1640625 0.1640625 0.3046875 0.2265625 
0.71875 0.5234375 0.890625 0.7734375 0.859375 0.6796875 0.1640625 0.1640625 0.3046875 0.2265625 
0.71875 0.5078125 0.5234375 0.890625 0.7734375 0.859375 0.6796875 0.1640625 0.1640625 0.3046875 
0.71875 0.5234375 0.5078125 0.890625 0.7734375 0.859375 0.6796875 0.8046875 0.7421875 0.7890625 
0.71875 0.5234375 0.5078125 0.890625 0.7734375 0.859375 0.6796875 0.8046875 0.7421875 0.7890625 
0.5234375 0.5078125 0.71875 0.5234375 0.390625 0.28125 0.265625 0.890625 0.7734375 0.859375 
0.71875 0.5234375 0.515625 0.5078125 0.5234375 0.390625 0.28125 0.265625 0.890625 0.7734375 
0.515625 0.515625 0.515625 0.5234375 0.5078125 0.5078125 0.71875 0.5234375 0.5234375 0.390625 
0.71875 0.5234375 0.515625 0.515625 0.515625 0.515625 0.5234375 0.5078125 0.5078125 0.5234375 
0.515625 0.515625 0.71875 0.5234375 0.515625 0.515625 0.515625 0.5234375 0.5234375 0.5 
0.484375 0.515625 0.515625 0.515625 0.5234375 0.4921875 0.5234375 0.5234375 0.71875 0.515625 
0.46875 0.484375 0.5078125 0.5078125 0.5078125 0.5078125 0.515625 0.515625 0.515625 0.5234375 
0.46875 0.5234375 0.5078125 0.4921875 0.5078125 0.5078125 0.5078125 0.484375 0.5 0.515625 
0.484375 0.5078125 0.5078125 0.5078125 0.46875 0.484375 0.484375 0.5234375 0.5 0.4921875 
0.5078125 0.5078125 0.484375 0.46875 0.4921875 0.5234375 0.515625 0.515625 0.5078125 0.5 
0.5078125 0.484375 0.5078125 0.46875 0.5 0.5078125 0.5234375 0.5078125 0.4921875 0.515625 
0.484375 0.5234375 0.5078125 0.5 0.5234375 0.4921875 0.46875 0.5078125 0.5078125 0.5078125 
0.4609375 0.5234375 0.5078125 0.484375 0.5078125 0.5234375 0.5 0.4921875 0.5078125 0.46875 
0.453125 0.4609375 0.484375 0.5078125 0.5234375 0.5 0.5 0.4921875 0.5078125 0.5 
0.453125 0.4609375 0.484375 0.5078125 0.5 0.5234375 0.5 0.4921875 0.5 0.46875 
0.453125 0.4609375 0.4609375 0.5078125 0.5234375 0.46875 0.484375 0.5 0.5 0.4921875 
0.453125 0.4453125 0.4453125 0.4609375 0.5078125 0.484375 0.4609375 0.5 0.5 0.5234375 
0.453125 0.4453125 0.4453125 0.4609375 0.4765625 0.4453125 0.4609375 0.484375 0.4375 0.5078125 
0.453125 0.4453125 0.4453125 0.4765625 0.4765625 0.4609375 0.4375 0.4765625 0.4453125 0.4453125 
0.453125 0.4453125 0.4609375 0.4453125 0.4765625 0.453125 0.4453125 0.4765625 0.4453125 0.4765625 
0.453125 0.4453125 0.4765625 0.484375 0.46875 0.46875 0.4609375 0.453125 0.4453125 0.4765625 
0.453125 0.46875 0.46875 0.4296875 0.4765625 0.4609375 0.4453125 0.4765625 0.484375 0.453125 
0.4453125 0.46875 0.46875 0.453125 0.4609375 0.484375 0.4296875 0.4765625 0.453125 0.4765625 
0.4453125 0.4296875 0.453125 0.46875 0.46875 0.4609375 0.453125 0.46875 0.4765625 0.4765625 
0.4296875 0.4453125 0.453125 0.4609375 0.453125 0.4453125 0.46875 0.46875 0.4765625 0.4765625 
0.4453125 0.453125 0.453125 0.453125 0.4453125 0.46875 0.46875 0.4609375 0.4296875 0.4765625 
0.4453125 0.4296875 0.453125 0.453125 0.453125 0.453125 0.4765625 0.4453125 0.421875 0.46875 
0.453125 0.453125 0.4453125 0.453125 0.453125 0.453125 0.4296875 0.4453125 0.421875 0.46875 
0.453125 0.453125 0.453125 0.453125 0.4453125 0.453125 0.4296875 0.453125 0.4453125 0.421875 
0.453125 0.4296875 0.453125 0.453125 0.453125 0.421875 0.4453125 0.453125 0.453125 0.4453125 
0.4453125 0.453125 0.453125 0.453125 0.453125 0.4296875 0.453125 0.4765625 0.453125 0.421875 
0.453125 0.4296875 0.453125 0.453125 0.453125 0.453125 0.421875 0.4453125 0.453125 0.4765625 
0.453125 0.453125 0.4453125 0.453125 0.453125 0.453125 0.4296875 0.421875 0.453125 0.4765625 
0.453125 0.453125 0.4296875 0.453125 0.453125 0.453125 0.453125 0.453125 0.4453125 0.421875 
0.453125 0.4296875 0.4453125 0.453125 0.421875 0.4609375 0.453125 0.453125 0.453125 0.453125 
0.453125 0.453125 0.453125 0.453125 0.453125 0.453125 0.4296875 0.4453125 0.4609375 0.4453125 
0.453125 0.453125 0.453125 0.453125 0.453125 0.453125 0.4296875 0.4453125 0.453125 0.4453125 
0.4296875 0.4453125 0.453125 0.453125 0.453125 0.453125 0.453125 0.453125 0.4296875 0.4453125 
0.453125 0.4296875 0.4453125 0.453125 0.453125 0.453125 0.453125 0.453125 0.4453125 0.453125 
0.453125 0.453125 0.453125 0.453125 0.453125 0.453125 0.453125 0.4296875 0.4453125 0.4453125 
0.453125 0.453125 0.453125 0.453125 0.453125 0.453125 0.453125 0.453125 0.453125 0.4296875 
