50 50 50 50 50 50 50 50 50 50 50 44 31 5 1 1 1 1 1 1 1 1 1 1 1 1 1 1 1 1 1 1 1 1 1 0 0 0 0 0 0 0 0 0 0 0 0 0 0 0 
75 53 52 52 52 50 50 50 50 50 50 50 50 50 50 50 50 50 50 50 45 44 44 40 12 12 6 3 3 3 3 3 3 3 3 3 3 3 3 3 2 2 2 1 1 1 1 1 1 1 
69 52 50 50 50 50 50 50 50 50 50 50 50 50 50 50 50 50 50 50 46 43 27 25 9 8 5 2 2 0 0 0 0 0 0 0 0 0 0 0 0 0 0 0 0 0 0 0 0 0 
65 62 50 50 50 50 50 50 50 50 50 50 50 50 50 50 50 50 50 50 50 50 50 48 27 22 18 10 10 1 1 1 1 1 1 1 1 1 1 1 1 1 1 1 1 1 1 0 0 0 
64 53 50 50 50 50 50 50 50 50 50 50 50 50 50 50 50 50 50 50 50 50 50 50 50 50 50 50 22 3 1 1 0 0 0 0 0 0 0 0 0 0 0 0 0 0 0 0 0 0 
66 59 58 51 51 51 51 51 51 51 51 51 50 50 50 50 50 50 50 50 50 50 50 50 50 50 50 50 50 50 41 35 24 20 17 5 4 2 2 2 2 2 2 1 1 1 1 1 1 1 
77 65 55 53 50 50 50 50 50 50 50 50 50 50 50 50 50 50 50 50 50 50 50 50 50 50 50 50 50 50 41 23 7 7 2 2 2 2 2 2 2 2 2 2 2 2 2 0 0 0 
71 64 55 53 53 50 50 50 50 50 50 50 50 50 50 50 50 50 50 50 50 50 50 50 50 50 50 50 50 50 50 50 32 17 5 0 0 0 0 0 0 0 0 0 0 0 0 0 0 0 
77 65 59 55 55 51 51 51 51 51 51 51 51 51 51 50 50 50 50 50 50 50 50 50 48 46 40 30 21 10 9 9 8 2 2 2 2 2 2 2 2 2 2 1 1 1 1 1 1 1 
84 68 61 61 57 57 57 56 51 51 51 51 51 51 51 51 51 51 51 50 50 50 50 50 50 50 50 50 50 50 50 14 6 1 1 1 1 1 1 1 1 1 1 1 1 0 0 0 0 0 
77 75 74 57 57 56 55 55 55 55 50 50 50 50 50 50 50 50 50 50 50 50 50 50 50 47 46 32 11 9 6 3 2 1 1 1 1 1 1 1 1 1 1 0 0 0 0 0 0 0 
77 76 66 62 62 58 52 52 51 50 50 50 50 49 49 49 49 49 49 47 40 28 20 4 3 1 1 1 1 1 1 1 1 1 1 1 1 1 1 1 1 1 0 0 0 0 0 0 0 0 
80 80 80 77 71 68 67 64 64 64 64 63 56 55 55 54 52 51 51 51 50 48 44 36 19 17 14 12 12 8 6 3 3 3 3 3 3 3 3 3 3 2 2 2 1 1 1 1 1 1 
73 71 71 71 71 71 68 62 59 59 57 57 57 56 56 54 51 50 47 47 41 11 8 8 7 2 2 2 2 2 2 2 2 2 2 1 1 1 1 1 1 1 1 1 1 1 1 1 1 1 
78 78 78 78 78 78 78 75 74 74 73 72 71 70 68 63 63 62 61 51 50 49 49 42 9 8 4 4 4 4 4 4 4 4 4 4 4 4 4 4 2 2 2 2 2 2 2 2 2 2 
78 78 78 78 78 78 78 76 76 73 71 71 66 66 64 63 63 62 48 47 45 43 40 30 22 19 17 8 7 4 4 4 4 4 0 0 0 0 0 0 0 0 0 0 0 0 0 0 0 0 
74 74 74 74 74 74 74 71 69 66 65 61 55 55 54 50 46 39 21 19 16 11 10 10 10 9 9 8 8 8 8 2 2 2 2 2 2 2 2 2 2 2 2 2 2 2 1 1 1 1 
79 78 75 75 75 75 75 75 75 75 71 66 63 63 62 59 55 45 37 30 19 17 9 8 2 1 1 1 1 1 1 0 0 0 0 0 0 0 0 0 0 0 0 0 0 0 0 0 0 0 
74 73 71 70 69 69 67 67 67 67 67 67 67 64 63 62 59 53 38 36 29 20 4 4 3 3 2 2 2 2 2 2 2 2 2 2 2 2 2 2 2 2 2 2 2 2 0 0 0 0 
82 82 82 82 79 79 78 77 77 77 76 76 71 71 70 67 67 64 61 55 53 25 24 20 9 6 6 6 6 4 4 3 3 2 2 2 2 2 2 2 2 2 2 2 2 2 2 2 2 0 
75 73 72 71 70 69 69 69 69 68 68 68 67 67 65 62 53 51 50 45 41 39 33 21 11 2 2 1 1 1 1 1 0 0 0 0 0 0 0 0 0 0 0 0 0 0 0 0 0 0 
88 80 80 78 78 78 77 77 72 72 71 71 71 71 71 71 63 62 59 49 38 38 23 10 1 1 1 1 0 0 0 0 0 0 0 0 0 0 0 0 0 0 0 0 0 0 0 0 0 0 
88 78 77 77 76 75 74 74 73 72 68 67 65 64 63 61 61 61 57 55 54 45 41 38 38 30 20 9 5 3 2 2 2 2 2 2 2 2 2 2 2 2 2 2 2 2 2 1 1 1 
87 87 87 86 81 80 79 78 76 72 70 67 65 61 60 60 58 56 54 52 48 45 44 41 36 24 18 8 7 6 6 6 5 5 5 5 5 5 0 0 0 0 0 0 0 0 0 0 0 0 
89 87 87 87 87 87 83 81 80 78 77 76 75 68 66 64 63 58 54 52 51 35 19 5 4 3 2 2 2 2 2 2 2 2 2 2 2 1 1 1 1 1 1 1 1 1 1 0 0 0 
82 80 76 74 72 72 72 72 72 71 70 65 59 56 56 55 53 52 36 31 29 20 11 7 6 6 6 6 6 6 6 3 3 3 3 3 3 3 3 3 2 2 2 2 2 2 2 2 2 1 
86 75 74 74 74 74 74 72 72 71 71 70 65 65 56 54 51 50 50 47 38 36 5 5 5 5 4 4 4 4 4 4 4 4 1 1 1 1 1 1 1 1 1 1 1 1 1 1 1 1 
86 79 76 76 76 76 76 76 74 74 72 65 61 54 50 48 46 45 44 41 39 39 14 10 8 8 6 6 6 4 4 4 3 3 1 1 1 1 1 1 1 1 1 1 1 1 0 0 0 0 
87 80 80 80 79 79 77 77 77 77 77 77 77 75 71 71 71 65 63 58 56 56 56 17 14 6 6 4 4 4 4 4 1 1 1 1 1 1 1 1 1 1 1 1 1 1 0 0 0 0 
84 79 79 79 79 79 77 76 75 74 70 70 63 63 62 62 59 58 58 56 54 48 41 32 13 11 10 8 7 7 7 6 6 1 1 1 1 1 1 1 1 1 1 1 1 1 1 1 0 0 
89 86 85 83 82 82 82 81 81 81 81 81 78 78 76 73 69 68 63 61 60 58 50 48 47 8 6 5 5 5 2 2 2 2 2 2 2 2 2 2 2 2 2 2 1 1 1 1 1 1 
82 82 79 79 79 77 76 76 73 67 67 67 66 58 56 55 54 53 23 15 5 3 3 2 2 2 2 2 2 1 0 0 0 0 0 0 0 0 0 0 0 0 0 0 0 0 0 0 0 0 
84 80 80 80 78 78 78 77 77 77 77 74 73 71 69 63 56 55 44 44 41 39 35 35 20 6 5 5 4 3 3 3 3 3 3 3 3 3 3 3 3 3 3 3 3 3 3 2 2 1 
87 82 82 82 82 76 76 76 74 73 72 66 62 61 57 57 55 51 47 47 47 42 42 39 38 38 34 15 7 7 6 5 5 5 2 2 2 2 2 2 2 2 2 2 2 2 0 0 0 0 
92 89 77 77 77 77 77 76 75 75 75 74 68 57 56 53 35 33 31 31 6 6 5 5 3 3 3 3 2 2 2 2 2 2 2 2 2 2 2 2 2 2 2 1 1 1 1 1 1 1 
90 88 85 82 82 82 82 82 80 80 77 76 74 73 71 71 64 60 59 59 57 56 53 47 42 36 35 20 15 6 6 5 3 3 3 3 3 3 3 0 0 0 0 0 0 0 0 0 0 0 
91 86 85 83 81 80 78 78 78 78 78 78 75 73 67 66 65 62 60 48 46 45 45 43 43 43 37 28 23 15 15 12 7 7 7 5 5 5 5 5 5 5 5 5 4 4 1 1 1 1 
92 88 85 83 82 78 77 77 77 77 76 74 73 72 71 68 66 65 56 53 51 47 43 42 42 40 32 31 29 16 11 8 6 6 6 3 2 2 2 2 2 2 2 2 2 2 1 1 1 1 
91 82 78 78 78 77 77 75 75 75 75 75 74 73 71 71 71 71 69 64 61 57 56 54 51 51 50 46 41 38 7 5 3 3 2 2 2 2 2 2 0 0 0 0 0 0 0 0 0 0 
93 90 87 84 82 82 82 81 80 80 80 79 78 71 66 66 63 61 55 53 48 44 44 42 42 38 31 28 25 25 25 13 8 4 4 4 4 4 4 3 1 1 1 1 1 1 0 0 0 0 
90 90 89 87 85 85 83 83 81 78 72 65 64 64 58 58 56 51 42 39 19 19 17 10 10 10 10 10 10 10 10 10 4 4 4 4 4 4 4 4 4 4 4 4 4 4 2 2 2 2 
89 88 86 80 80 79 78 77 77 77 76 74 73 63 62 61 61 56 50 50 49 40 40 19 8 8 8 8 8 8 1 1 1 1 1 1 1 1 1 1 1 1 1 1 1 0 0 0 0 0 
90 87 84 84 81 81 81 75 75 75 75 71 71 71 65 55 52 46 43 43 36 31 18 10 7 6 6 6 5 5 5 5 5 5 3 3 3 3 3 3 3 3 3 3 3 3 2 2 1 1 
94 89 88 86 85 83 83 82 82 78 69 64 63 61 61 61 56 41 39 38 36 23 8 7 7 7 7 7 7 4 4 4 4 4 4 4 4 4 4 4 4 4 4 4 4 4 4 4 4 2 
96 91 89 89 87 87 87 84 79 79 79 79 77 74 67 62 59 53 48 33 33 28 27 5 3 3 3 3 3 3 3 1 1 1 1 1 1 1 1 1 1 1 1 1 1 1 1 1 1 1 
92 90 88 86 86 85 85 85 85 83 81 76 68 68 67 62 59 54 52 42 37 37 33 30 29 26 21 20 17 12 2 2 2 1 1 1 1 1 1 1 1 1 1 1 1 1 1 1 0 0 
93 87 87 84 83 76 74 74 74 74 74 71 71 67 65 59 50 49 45 44 43 40 38 31 29 29 17 17 8 8 8 8 8 8 7 7 7 7 4 3 3 3 3 3 3 3 3 3 3 1 
95 94 91 89 86 85 81 81 81 81 81 79 73 67 67 66 65 56 55 53 45 42 38 35 33 18 14 7 7 6 5 5 5 4 4 4 4 4 4 4 4 4 3 3 3 3 3 3 3 0 
96 90 89 88 88 86 86 86 86 84 82 62 51 50 44 35 31 16 15 15 9 9 9 9 8 7 7 7 7 7 7 6 5 5 5 5 1 1 1 1 1 1 1 1 1 1 1 1 1 1 
94 94 93 92 86 86 86 86 86 85 70 67 62 60 60 56 54 43 41 41 38 38 36 32 31 24 20 9 8 8 8 8 8 8 8 8 8 7 7 7 7 7 7 1 1 1 1 1 0 0 
