% Ministry of Cellular Automata
% Project Deux (CS523 Spring 2015)
% Version:v0.1-66-g3e0f-dirty
%  pop:50
%  ic count:100
%  CA Log option:r3/run10
%  width:121
%  max workers:4
%  radius:3
%  iterations:300
%  generations:50

 generation 0.1.1.50.50.1.0.0.1.1.1.44.1.50.1.0.1.0.50.0.1.50.1.1.1.0.1.0.1.0.5.1.50.1.1.1.1.0.31.0.0.50.50.1.0.50.50.50.0.0.0.xover.mutate.done 50
 generation 1.50.50.50.50.50.50.50.50.50.50.12.50.3.1.3.1.2.2.1.1.52.2.3.3.1.12.3.3.52.75.1.53.40.45.50.44.3.3.6.3.3.44.3.3.1.50.50.3.50.52.xover.mutate.done 50
 generation 2.69.52.50.50.50.50.50.50.50.50.2.0.43.0.50.0.0.0.0.0.0.0.0.0.50.50.27.50.0.5.46.0.0.50.9.50.8.2.25.0.50.0.0.0.0.0.0.50.50.50.xover.mutate.done 50
 generation 3.65.62.50.50.50.50.50.50.50.50.50.50.50.0.1.1.1.1.50.1.10.50.1.1.48.50.1.1.1.1.0.1.10.50.1.0.50.22.1.1.50.18.1.27.1.50.50.50.50.1.xover.mutate.done 50
 generation 4.64.53.50.50.50.50.50.50.50.50.0.0.50.50.50.50.0.50.50.50.50.1.0.50.0.0.50.0.50.50.0.0.50.50.0.0.1.0.0.50.0.0.50.0.50.3.0.22.50.0.xover.mutate.done 50
 generation 5.66.59.51.51.51.50.50.50.50.50.1.24.2.5.1.50.51.51.50.50.50.4.2.58.2.50.1.50.50.17.51.41.50.51.50.50.50.1.1.20.1.35.2.50.1.51.50.2.2.51.xover.mutate.done 50
 generation 6.65.55.53.50.50.50.50.50.50.50.50.77.2.2.2.50.41.2.2.2.50.2.0.7.0.50.50.50.50.0.50.2.50.50.50.50.2.7.23.2.50.50.50.50.2.50.50.2.50.2.xover.mutate.done 50
 generation 7.71.64.55.53.50.50.50.50.50.50.50.0.0.50.0.50.50.0.50.0.50.0.32.50.5.0.0.0.50.50.0.50.17.50.50.50.53.50.0.50.50.0.50.0.0.0.50.50.50.50.xover.mutate.done 50
 generation 8.77.65.59.55.55.51.51.51.51.51.50.51.2.2.1.50.50.2.9.51.50.9.1.2.51.51.1.2.51.10.48.50.2.8.50.40.2.30.46.2.21.2.50.50.50.1.2.1.1.1.xover.mutate.done 50
 generation 9.84.68.61.57.57.51.51.51.51.51.51.6.50.51.1.56.1.50.1.50.0.0.0.1.50.1.50.51.14.1.1.50.50.51.51.1.1.61.50.1.50.50.50.0.0.1.1.50.51.57.xover.mutate.done 50
 generation 10.77.74.57.56.55.55.55.55.50.50.50.6.50.0.1.1.0.9.1.1.1.1.1.50.50.1.47.0.1.50.50.50.0.50.50.75.50.3.50.50.0.0.32.50.1.46.57.11.0.2.xover.mutate.done 50
 generation 11.77.76.66.51.52.47.49.49.49.49.28.1.0.1.20.0.1.1.0.0.50.1.50.1.50.1.1.0.1.1.1.40.0.0.1.62.62.52.1.1.58.3.4.1.50.49.1.0.49.1.xover.mutate.done 50
 generation 12.80.77.67.64.64.55.55.54.56.51.68.3.2.3.48.8.3.64.3.80.3.1.52.2.17.3.3.63.3.3.1.36.12.19.1.1.50.14.80.51.3.1.6.2.12.1.44.71.64.51.xover.mutate.done 50
 generation 13.71.71.71.68.62.57.71.57.54.56.1.2.2.56.51.57.1.1.50.59.2.1.1.1.71.1.1.1.1.1.1.2.47.59.2.2.47.8.2.1.7.1.41.2.11.2.2.73.8.1.xover.mutate.done 50
 generation 14.75.78.78.78.72.78.68.70.63.63.78.42.4.73.71.49.9.78.4.51.2.4.74.4.4.4.61.2.4.74.2.4.78.2.62.4.50.2.2.4.2.4.2.49.4.8.2.2.4.4.xover.mutate.done 50
 generation 15.78.78.78.78.76.78.78.76.71.63.30.17.4.0.66.8.45.0.0.0.7.0.22.0.4.4.63.0.43.4.4.0.0.0.73.0.0.0.66.78.40.47.71.0.0.0.48.19.64.62.xover.mutate.done 50
 generation 16.74.74.74.74.74.74.74.69.71.65.2.21.2.8.2.2.2.8.2.1.1.9.2.10.55.2.46.2.10.11.2.9.50.1.2.54.8.2.19.2.66.39.55.61.1.16.8.10.2.2.xover.mutate.done 50
 generation 17.75.75.75.75.75.75.75.78.75.71.1.0.8.1.1.62.59.0.0.30.0.55.17.0.0.1.66.0.0.19.0.0.0.63.63.37.0.0.1.0.2.45.0.1.0.0.0.79.9.0.xover.mutate.done 50
 generation 18.73.74.67.67.67.67.67.67.67.70.62.29.38.20.2.4.69.2.2.2.0.2.0.2.59.63.2.2.2.2.2.2.2.2.2.0.3.4.2.2.2.53.69.71.64.0.36.3.2.2.xover.mutate.done 50
 generation 19.77.76.77.78.76.77.82.82.82.82.24.55.2.2.2.9.79.4.20.67.2.2.3.2.2.2.6.61.6.53.4.71.25.2.64.2.2.6.6.2.2.0.3.67.79.2.2.70.71.2.xover.mutate.done 50
 generation 20.69.69.69.69.70.68.68.71.73.72.68.0.0.51.65.1.0.67.39.1.0.2.2.21.0.0.0.0.0.62.0.0.0.41.33.0.0.53.50.1.0.45.0.0.0.11.67.1.75.1.xover.mutate.done 50
 generation 21.77.78.80.78.78.71.71.71.71.71.0.63.0.0.0.10.0.0.0.71.0.0.0.80.0.0.49.62.0.1.38.0.0.0.59.0.88.23.1.0.72.0.1.38.1.0.77.0.72.0.xover.mutate.done 50
 generation 22.88.77.77.74.74.78.76.75.72.64.2.2.57.1.9.2.2.65.2.2.5.38.45.1.61.2.2.2.3.41.68.2.73.67.61.63.2.30.2.2.55.61.2.2.38.54.2.20.1.2.xover.mutate.done 50
 generation 23.86.79.87.87.80.81.76.78.67.72.65.5.5.61.44.41.6.56.52.87.6.0.70.54.0.60.5.48.0.6.0.24.0.5.0.45.36.0.0.60.58.0.8.0.7.0.5.18.5.0.xover.mutate.done 50
 generation 24.87.87.87.89.77.81.83.80.78.76.2.52.35.87.1.1.2.3.51.54.0.2.1.1.87.2.75.2.0.2.1.64.19.5.4.0.1.2.1.1.1.66.2.2.58.2.2.68.1.63.xover.mutate.done 50
 generation 25.82.72.72.72.72.72.80.65.70.74.52.76.2.3.3.3.56.71.1.2.56.36.3.31.6.2.6.29.2.3.3.3.6.2.55.2.2.6.7.2.3.6.53.59.6.2.11.20.3.6.xover.mutate.done 50
 generation 26.86.70.72.71.74.74.74.74.74.71.65.4.54.75.36.4.50.1.1.4.1.5.1.1.1.5.1.4.5.4.4.56.1.5.1.1.50.65.1.1.1.4.4.51.47.1.38.72.1.1.xover.mutate.done 50
 generation 27.86.74.76.76.76.76.76.79.72.74.44.6.6.0.39.41.76.1.8.1.1.46.61.3.1.0.6.1.8.10.39.1.1.0.4.4.50.45.4.1.0.54.1.1.1.3.14.65.48.1.xover.mutate.done 50
 generation 28.87.80.77.77.77.77.77.77.79.80.1.75.1.6.0.58.56.71.4.1.63.4.0.1.1.4.4.71.80.1.77.1.79.1.65.1.1.1.14.17.1.4.71.1.0.56.0.56.1.6.xover.mutate.done 50
 generation 29.84.74.77.76.75.70.79.79.79.79.1.1.1.8.62.1.48.58.70.56.6.32.11.13.1.1.1.62.63.41.1.6.1.10.59.7.1.1.7.1.1.0.0.79.1.7.54.58.1.63.xover.mutate.done 50
 generation 30.89.81.81.81.81.82.76.85.78.86.83.2.82.8.47.2.1.1.2.2.1.5.1.82.2.2.69.2.2.1.61.2.78.81.6.50.2.5.2.73.2.63.60.5.68.48.1.58.2.2.xover.mutate.done 50
 generation 31.82.82.77.67.76.67.76.79.79.79.0.0.0.0.2.2.1.23.2.0.3.2.3.0.55.58.0.0.53.66.2.0.0.2.0.73.0.5.0.54.0.15.0.0.56.67.0.0.0.0.xover.mutate.done 50
 generation 32.84.78.77.77.77.73.80.80.78.69.3.3.5.4.3.74.6.1.3.3.80.3.77.44.3.3.3.35.3.2.78.56.71.2.3.35.55.3.3.63.20.3.3.3.41.3.44.5.3.39.xover.mutate.done 50
 generation 33.87.82.82.82.73.72.74.76.76.76.51.34.0.5.2.7.6.47.47.2.2.47.0.42.57.2.7.39.55.2.38.5.2.57.2.2.15.66.2.62.0.2.2.5.82.38.61.2.42.0.xover.mutate.done 50
 generation 34.89.77.77.77.77.75.75.75.68.76.2.35.6.92.57.5.2.2.1.2.5.2.3.2.2.2.2.31.53.56.1.74.3.6.1.2.33.77.1.31.2.3.2.1.2.2.1.1.2.3.xover.mutate.done 50
 generation 35.90.88.82.82.82.82.73.76.71.71.47.0.35.74.56.3.0.0.6.3.36.15.0.57.20.82.0.0.3.0.59.0.0.0.64.3.0.3.59.80.80.3.85.5.53.77.6.3.42.60.xover.mutate.done 50
 generation 36.91.85.80.78.78.78.78.78.75.83.4.1.73.23.48.65.5.67.5.5.66.5.1.86.7.43.15.7.5.78.5.60.46.28.1.5.5.4.5.15.37.43.12.43.62.45.7.45.81.1.xover.mutate.done 50
 generation 37.92.82.88.85.83.78.77.77.77.77.1.31.42.2.74.68.43.8.2.1.72.6.11.73.6.40.71.6.66.2.65.2.29.1.2.2.51.2.53.2.1.56.76.47.3.42.2.2.32.16.xover.mutate.done 50
 generation 38.91.77.82.78.78.71.75.75.75.75.0.0.2.3.54.0.56.64.71.0.0.71.74.73.71.2.0.5.57.3.46.2.75.0.78.69.2.7.38.51.61.77.50.0.41.51.0.0.2.2.xover.mutate.done 50
 generation 39.93.84.82.81.82.87.79.80.80.80.4.4.0.25.61.4.55.42.66.78.28.13.44.31.82.44.25.4.38.0.1.25.1.3.1.1.0.1.48.71.53.1.4.4.90.42.63.8.0.66.xover.mutate.done 50
 generation 40.90.90.89.81.85.85.78.87.83.83.64.19.58.19.2.10.2.39.42.4.4.10.10.4.4.72.10.4.4.10.4.2.4.51.10.10.56.58.4.10.17.4.2.64.4.4.4.4.10.65.xover.mutate.done 50
 generation 41.88.86.89.79.77.77.80.80.78.77.1.0.62.1.49.61.73.8.8.76.0.56.19.0.1.63.74.1.1.1.50.1.50.0.8.40.8.8.61.8.1.1.0.1.1.40.1.1.1.1.xover.mutate.done 50
 generation 42.84.90.87.75.75.84.75.81.81.71.2.3.1.65.3.7.46.5.5.81.43.75.3.36.31.5.3.3.18.5.3.5.3.52.3.6.6.2.3.3.43.55.5.6.71.10.1.71.3.3.xover.mutate.done 50
 generation 43.94.88.85.78.82.82.89.83.83.86.7.23.4.61.4.38.4.8.4.4.4.4.4.4.64.61.4.7.4.4.41.4.4.61.4.4.7.4.69.4.4.7.7.56.7.4.2.63.39.36.xover.mutate.done 50
 generation 44.96.84.89.79.89.79.79.87.87.77.1.48.1.1.1.27.59.3.1.1.91.3.1.67.3.1.74.1.1.79.1.1.33.53.5.62.3.1.87.1.1.1.1.3.33.3.3.1.28.1.xover.mutate.done 50
 generation 45.92.90.88.86.85.85.85.76.81.86.17.1.1.59.1.62.12.2.0.68.67.33.1.1.2.1.42.85.1.2.68.37.37.54.20.1.52.1.1.26.0.29.1.1.21.1.1.1.30.83.xover.mutate.done 50
 generation 46.93.87.87.83.76.74.74.74.74.84.17.4.29.59.7.3.31.38.29.3.3.3.50.8.65.44.3.71.49.8.7.8.67.74.8.3.7.3.3.3.40.8.17.3.1.43.71.7.8.45.xover.mutate.done 50
 generation 47.89.94.95.85.91.86.81.81.81.81.65.4.67.35.55.6.73.38.7.53.4.56.4.4.18.81.5.3.33.3.3.0.4.4.7.45.3.66.5.79.42.3.3.3.4.67.14.5.4.4.xover.mutate.done 50
 generation 48.88.90.89.96.84.88.86.86.86.86.50.1.1.44.35.7.51.6.1.5.7.1.1.1.82.31.9.7.9.1.9.1.15.5.1.15.7.8.1.1.9.62.5.1.7.7.1.16.5.1.xover.mutate.done 50
 generation 49.94.94.93.92.86.86.86.86.86.85.62.8.43.7.24.1.7.56.31.7.7.7.1.7.8.67.8.8.8.70.60.1.1.38.0.8.54.8.0.41.41.38.20.8.60.8.32.36.1.9.xover.mutate.done 50
 66566320 iters     686863 iter/sec (96.91 s)
 total time: 96.91
