% Ministry of Cellular Automata
% Project Deux (CS523 Spring 2015)
% Version:v0.1-66-g3e0f-dirty
%  pop:50
%  ic count:100
%  CA Log option:r3/run17
%  width:121
%  max workers:4
%  radius:3
%  iterations:300
%  generations:50

 generation 0.2.2.0.2.0.2.50.0.50.2.0.2.0.6.0.2.9.2.2.0.2.0.2.2.50.1.2.2.16.2.2.2.2.12.0.50.2.2.2.0.0.2.2.2.2.2.50.2.50.3.xover.mutate.done 50
 generation 1.50.50.50.50.50.50.4.3.5.3.0.0.1.15.1.0.0.48.0.58.50.1.1.1.1.48.0.1.1.1.49.1.57.50.50.1.1.1.50.45.50.1.1.5.1.2.1.0.50.1.xover.mutate.done 50
 generation 2.60.55.50.50.50.50.50.50.50.50.6.50.50.1.1.1.2.8.1.44.10.50.1.1.50.1.50.11.2.50.2.51.51.1.2.50.1.51.6.1.50.12.2.50.1.50.1.2.2.11.xover.mutate.done 50
 generation 3.62.50.51.51.51.50.50.50.50.50.50.0.8.51.50.7.7.0.50.41.7.50.50.50.1.0.1.0.37.0.0.59.50.1.1.50.51.1.16.0.50.0.50.0.51.50.0.7.4.1.xover.mutate.done 50
 generation 4.59.64.52.52.52.52.52.52.54.50.50.2.41.4.52.50.38.17.2.52.4.4.4.50.50.10.6.35.24.52.50.52.52.50.6.4.2.50.50.50.20.2.2.50.2.21.2.17.13.50.xover.mutate.done 50
 generation 5.67.61.56.51.51.51.51.51.51.51.51.28.51.16.1.0.0.51.50.51.1.0.0.50.51.24.50.51.0.1.9.0.0.50.50.51.20.50.50.51.51.50.51.18.50.4.1.51.0.9.xover.mutate.done 50
 generation 6.65.63.51.51.51.51.51.51.51.51.1.11.24.1.56.50.50.1.6.51.1.1.11.0.10.0.50.0.47.0.50.51.50.51.51.1.66.50.49.50.1.1.51.50.6.50.19.50.51.4.xover.mutate.done 50
 generation 7.63.62.60.54.57.51.51.51.51.51.1.1.1.12.2.2.1.1.51.1.50.2.51.2.2.51.1.2.2.16.2.1.8.51.1.2.50.50.1.2.50.1.2.2.51.51.51.25.2.51.xover.mutate.done 50
 generation 8.66.68.66.56.56.52.52.52.52.52.10.2.2.52.0.52.6.49.47.52.2.0.2.52.2.0.50.2.2.6.0.0.13.50.0.2.2.22.2.2.2.0.2.2.20.2.2.2.50.0.xover.mutate.done 50
 generation 9.64.59.64.57.52.50.50.50.50.50.39.2.50.2.48.0.50.50.50.46.50.67.27.6.0.50.2.47.0.2.0.50.2.0.16.15.0.43.0.50.0.50.50.50.0.14.2.0.50.0.xover.mutate.done 50
 generation 10.65.64.61.64.55.51.51.51.51.51.40.0.0.1.1.51.50.1.1.51.50.0.1.1.0.1.59.1.1.0.0.1.0.22.1.1.50.67.1.51.1.1.50.0.50.50.1.7.1.0.xover.mutate.done 50
 generation 11.64.57.57.58.56.55.52.49.51.51.3.3.3.47.3.3.1.1.51.51.2.2.51.3.1.1.1.3.2.3.3.57.2.3.50.51.18.51.2.1.54.2.50.44.50.1.51.50.2.2.xover.mutate.done 50
 generation 12.69.60.63.63.62.60.58.58.52.51.0.14.51.1.5.14.1.1.1.50.51.50.3.1.50.1.50.51.1.50.1.3.1.1.0.51.13.0.1.51.50.63.1.50.0.1.58.1.50.1.xover.mutate.done 50
 generation 13.74.68.72.72.70.68.64.69.68.69.8.50.49.2.68.50.58.1.1.50.2.17.10.39.2.17.11.1.2.55.73.56.15.50.51.2.10.1.1.24.23.2.2.50.2.8.2.2.50.70.xover.mutate.done 50
 generation 14.66.69.63.63.63.63.60.60.61.60.2.19.53.13.13.1.39.61.3.63.18.1.17.1.13.42.3.63.24.1.50.56.2.3.38.17.1.1.49.32.56.16.2.51.17.30.17.1.2.56.xover.mutate.done 50
 generation 15.74.67.67.67.65.65.67.67.60.59.1.1.8.1.1.60.9.11.11.51.67.1.42.1.1.4.1.8.0.8.50.1.17.58.66.68.5.67.8.50.1.52.11.50.57.1.11.1.67.21.xover.mutate.done 50
 generation 16.76.66.72.67.67.71.67.72.71.67.68.2.70.68.12.10.10.10.2.42.8.16.14.16.10.9.66.12.19.2.52.52.7.2.11.2.9.2.15.2.2.45.12.9.55.10.11.65.12.9.xover.mutate.done 50
 generation 17.64.67.64.63.63.69.64.64.64.64.5.65.9.0.15.0.5.8.6.10.0.5.6.0.3.5.0.51.60.10.30.64.5.0.0.51.3.1.9.0.45.6.47.17.50.5.9.0.9.0.xover.mutate.done 50
 generation 18.58.73.61.76.63.61.61.62.62.62.13.0.2.25.4.0.1.0.63.19.4.15.1.30.0.7.9.4.30.15.4.0.18.0.14.4.0.10.0.0.8.46.8.22.0.17.10.2.0.0.xover.mutate.done 50
 generation 19.66.66.64.62.63.63.63.65.65.65.40.11.2.2.24.16.2.8.9.9.2.0.2.0.8.0.2.9.8.2.2.21.2.9.35.2.21.2.11.39.8.21.8.10.9.8.27.2.47.9.xover.mutate.done 50
 generation 20.66.72.68.67.67.67.67.67.67.69.0.0.52.8.0.52.53.0.0.41.0.48.9.9.0.8.41.37.0.11.49.0.74.0.25.8.62.8.8.0.0.7.8.10.0.0.37.0.36.10.xover.mutate.done 50
 generation 21.66.69.65.65.66.66.69.68.68.68.3.3.0.3.8.8.3.77.45.8.3.3.3.64.8.11.17.0.67.9.18.3.0.9.10.10.3.0.50.63.15.3.69.60.47.57.55.46.53.11.xover.mutate.done 50
 generation 22.72.67.63.73.63.63.63.62.63.64.3.9.3.53.3.3.3.3.3.12.14.33.25.55.72.16.11.18.3.3.59.3.3.14.53.38.46.14.3.66.12.63.3.3.10.3.36.49.12.53.xover.mutate.done 50
 generation 23.62.70.69.64.57.65.64.65.65.65.41.38.2.2.24.2.9.61.54.1.2.22.44.2.52.2.37.25.43.2.12.55.51.61.1.2.9.52.9.55.2.2.2.2.12.1.9.11.1.12.xover.mutate.done 50
 generation 24.75.74.66.64.64.64.65.65.62.62.44.7.10.68.0.48.0.0.3.1.0.47.0.0.0.55.0.48.0.0.9.0.0.63.61.0.0.65.3.55.0.39.8.6.62.13.0.6.61.0.xover.mutate.done 50
 generation 25.67.69.70.65.66.66.67.67.67.67.66.4.70.25.59.9.4.69.63.8.4.54.4.10.7.62.48.63.57.4.54.4.4.4.4.47.7.4.12.63.47.4.63.58.13.14.71.4.54.9.xover.mutate.done 50
 generation 26.66.66.66.70.70.71.62.57.57.57.1.5.8.1.1.59.42.10.41.11.9.69.20.8.54.4.7.53.64.1.8.51.70.4.1.57.1.6.66.51.9.66.31.33.61.13.9.1.1.9.xover.mutate.done 50
 generation 27.84.74.74.74.72.68.72.72.75.69.4.69.4.27.49.4.14.8.25.13.69.9.26.9.68.25.11.10.1.9.10.59.73.59.12.58.13.72.11.92.9.4.4.4.44.4.8.1.1.3.xover.mutate.done 50
 generation 28.80.70.70.71.71.71.59.67.68.68.8.8.70.2.12.2.58.2.59.2.2.15.68.20.30.21.30.56.2.6.16.2.55.7.5.2.2.7.0.7.2.41.7.7.9.12.7.72.15.43.xover.mutate.done 50
 generation 29.74.67.65.65.65.67.67.65.60.60.50.4.5.6.2.5.54.43.16.12.2.5.2.26.17.62.5.2.2.69.5.0.0.47.4.5.5.13.49.53.31.5.2.2.2.2.50.2.12.2.xover.mutate.done 50
 generation 30.86.76.70.75.71.70.70.70.74.65.7.0.3.0.3.3.0.8.0.0.6.58.0.69.2.0.7.6.0.2.8.3.3.3.64.2.3.2.0.60.3.50.2.0.3.11.0.19.7.0.xover.mutate.done 50
 generation 31.91.75.73.67.73.71.73.73.73.71.51.11.2.61.9.3.9.13.8.60.9.12.19.3.2.11.2.48.18.19.2.54.2.11.57.15.45.23.9.15.9.80.3.2.9.3.44.18.1.24.xover.mutate.done 50
 generation 32.88.79.73.72.72.70.70.70.69.67.6.34.1.4.1.1.24.54.1.1.7.1.4.11.5.10.1.46.1.3.28.45.1.5.1.1.0.5.52.4.11.1.65.1.15.64.0.22.60.1.xover.mutate.done 50
 generation 33.85.80.71.71.74.70.70.70.69.62.8.60.13.7.12.0.18.12.9.26.15.74.10.0.4.9.11.18.4.4.4.14.4.4.4.9.18.0.4.0.0.4.15.0.4.0.4.69.4.7.xover.mutate.done 50
 generation 34.75.74.69.68.68.68.65.65.65.64.12.3.3.3.3.6.3.3.6.2.8.2.1.1.28.59.3.10.13.9.6.29.2.37.10.2.43.57.9.2.12.3.28.11.2.3.3.13.13.9.xover.mutate.done 50
 generation 35.86.81.73.68.68.71.68.68.68.71.35.3.3.0.0.3.0.9.4.0.0.3.0.0.0.0.0.0.68.0.0.0.0.2.0.0.3.3.0.0.0.3.0.0.10.8.3.0.59.1.xover.mutate.done 50
 generation 36.85.78.74.74.73.74.64.69.69.69.6.2.13.65.2.9.27.6.2.11.2.11.50.6.13.79.2.9.6.9.9.2.8.6.2.6.9.28.6.17.6.2.6.54.39.6.37.2.9.18.xover.mutate.done 50
 generation 37.87.79.77.71.71.76.66.73.73.73.0.4.0.0.6.16.0.0.8.32.6.0.6.16.8.76.8.0.0.19.33.0.6.26.48.0.7.20.0.0.0.0.0.0.0.20.51.57.6.53.xover.mutate.done 50
 generation 38.80.82.77.64.77.66.66.66.71.71.27.1.7.31.0.60.21.7.67.75.1.19.39.1.11.8.6.10.39.1.0.1.0.1.1.62.1.1.79.48.0.74.12.63.13.59.5.7.61.1.xover.mutate.done 50
 generation 39.76.85.78.79.75.76.70.73.77.55.1.7.7.71.1.54.1.50.24.1.0.1.67.42.1.7.0.11.1.39.0.55.1.1.1.54.0.7.7.9.1.39.7.1.1.71.1.8.1.64.xover.mutate.done 50
 generation 40.85.85.79.75.76.80.80.70.72.72.40.4.15.24.12.11.12.1.4.72.4.4.4.6.10.38.4.15.77.12.10.4.4.10.64.4.4.11.71.37.19.15.50.18.48.4.45.24.10.4.xover.mutate.done 50
 generation 41.80.75.77.70.74.61.70.67.70.70.44.7.5.5.0.1.1.70.6.6.1.7.1.1.6.1.1.5.72.7.0.8.0.6.1.5.68.6.70.1.6.1.48.5.1.68.53.1.5.7.xover.mutate.done 50
 generation 42.84.81.80.76.78.81.84.73.73.73.2.61.5.5.14.2.7.7.2.2.2.2.2.7.37.2.5.2.7.5.2.1.65.7.2.2.2.2.18.7.9.7.5.7.7.72.2.22.1.7.xover.mutate.done 50
 generation 43.87.74.76.79.81.75.81.71.71.71.10.10.12.3.10.75.9.10.10.3.10.10.3.10.3.16.10.11.41.3.3.3.3.10.10.79.10.10.10.10.13.3.10.48.3.60.10.10.3.44.xover.mutate.done 50
 generation 44.81.78.82.79.76.75.74.74.77.70.6.2.12.2.56.5.56.1.1.2.3.6.23.2.6.6.6.2.2.6.6.5.7.2.6.6.1.6.1.6.43.2.2.4.1.2.2.5.2.4.xover.mutate.done 50
 generation 45.81.86.78.81.76.80.80.73.73.75.8.33.8.1.0.69.7.1.1.56.1.1.1.8.1.8.56.73.1.9.49.1.9.1.7.8.8.73.55.7.8.79.11.1.7.0.1.8.9.1.xover.mutate.done 50
 generation 46.86.78.81.78.77.77.74.78.68.76.74.0.5.12.6.40.5.0.0.5.5.0.0.5.5.3.0.0.6.73.59.80.4.71.5.0.27.4.0.6.6.4.15.33.6.5.6.4.5.67.xover.mutate.done 50
 generation 47.79.79.78.76.75.75.76.79.76.80.5.1.4.19.4.1.1.4.4.1.4.4.4.4.4.4.60.4.1.1.75.45.1.4.4.4.4.4.5.1.4.4.4.4.4.1.1.4.1.8.xover.mutate.done 50
 generation 48.77.87.75.79.79.82.80.71.76.74.2.2.10.13.1.2.2.2.1.1.61.2.2.2.8.25.8.3.40.9.2.7.8.7.8.8.7.25.1.8.75.14.2.8.9.2.9.10.2.7.xover.mutate.done 50
 generation 49.83.80.77.78.76.79.76.81.79.77.4.64.12.4.67.49.4.15.11.4.4.2.11.19.11.12.11.4.10.15.9.9.13.11.11.14.11.4.4.74.9.11.19.10.12.10.11.10.14.2.xover.mutate.done 50
 66278900 iters     738738 iter/sec (89.72 s)
 total time: 89.72
