0.9609375 0.5 0.515625 0.4765625 0.734375 0.4921875 0.1796875 0.1015625 0.28125 0.984375 
0.296875 0.65625 0.9609375 0.984375 0.0078125 0.140625 0.1171875 0.8984375 0.015625 0.859375 
0.2109375 0.296875 0.65625 0.9609375 0.984375 0.0078125 0.140625 0.1171875 0.8984375 0.015625 
0.2109375 0.3515625 0.296875 0.65625 0.9609375 0.984375 0.0078125 0.140625 0.1171875 0.8984375 
0.2109375 0.578125 0.65625 0.953125 0.78125 0.5 0.8046875 0.8125 0.71875 0.296875 
0.21875 0.578125 0.2109375 0.65625 0.953125 0.78125 0.5 0.8046875 0.8125 0.71875 
0.21875 0.2109375 0.3828125 0.578125 0.65625 0.953125 0.78125 0.8046875 0.8125 0.71875 
0.3828125 0.3828125 0.21875 0.578125 0.2109375 0.65625 0.953125 0.78125 0.8046875 0.8125 
0.21875 0.3828125 0.3828125 0.2109375 0.3984375 0.578125 0.953125 0.78125 0.8046875 0.8125 
0.21875 0.2109375 0.40625 0.3828125 0.3828125 0.3984375 0.6484375 0.578125 0.5859375 0.953125 
0.3828125 0.40625 0.3828125 0.3984375 0.40625 0.40625 0.21875 0.6484375 0.4609375 0.234375 
0.609375 0.3828125 0.40625 0.3828125 0.3984375 0.40625 0.40625 0.390625 0.40625 0.40625 
0.40625 0.40625 0.40625 0.40625 0.40625 0.3828125 0.3828125 0.3984375 0.390625 0.40625 
0.4140625 0.40625 0.40625 0.40625 0.40625 0.40625 0.3828125 0.3828125 0.3984375 0.390625 
0.4140625 0.421875 0.40625 0.40625 0.40625 0.40625 0.40625 0.40625 0.4296875 0.4140625 
0.4140625 0.421875 0.40625 0.40625 0.40625 0.40625 0.40625 0.40625 0.4296875 0.4140625 
0.4140625 0.421875 0.40625 0.40625 0.40625 0.40625 0.40625 0.40625 0.4296875 0.4140625 
0.4140625 0.421875 0.40625 0.40625 0.40625 0.40625 0.40625 0.40625 0.4296875 0.4140625 
0.4453125 0.4140625 0.421875 0.40625 0.40625 0.40625 0.40625 0.40625 0.40625 0.4296875 
0.4453125 0.4140625 0.421875 0.40625 0.40625 0.40625 0.40625 0.40625 0.40625 0.4296875 
0.4453125 0.4140625 0.421875 0.40625 0.40625 0.40625 0.40625 0.40625 0.40625 0.4296875 
0.4453125 0.4140625 0.421875 0.40625 0.40625 0.40625 0.40625 0.40625 0.40625 0.4296875 
0.4453125 0.4140625 0.4140625 0.421875 0.40625 0.40625 0.40625 0.40625 0.40625 0.40625 
0.46875 0.4453125 0.453125 0.4140625 0.4140625 0.421875 0.4140625 0.40625 0.40625 0.40625 
0.4609375 0.46875 0.4453125 0.453125 0.4140625 0.4453125 0.4140625 0.4140625 0.421875 0.40625 
0.4453125 0.4609375 0.46875 0.4453125 0.4453125 0.453125 0.4140625 0.4140625 0.4453125 0.453125 
0.4453125 0.46875 0.4609375 0.4453125 0.453125 0.453125 0.3984375 0.453125 0.4453125 0.4453125 
0.4453125 0.4609375 0.46875 0.453125 0.4453125 0.453125 0.4453125 0.453125 0.3984375 0.4375 
0.4453125 0.4609375 0.46875 0.4453125 0.453125 0.453125 0.3984375 0.4453125 0.4375 0.453125 
0.4453125 0.4609375 0.453125 0.4609375 0.4609375 0.4609375 0.4296875 0.46875 0.4453125 0.453125 
0.4453125 0.4609375 0.453125 0.453125 0.4609375 0.46875 0.5 0.453125 0.4609375 0.4609375 
0.4609375 0.5 0.4453125 0.4609375 0.453125 0.453125 0.453125 0.46875 0.453125 0.4609375 
0.5 0.4453125 0.4609375 0.4609375 0.453125 0.4609375 0.453125 0.453125 0.46875 0.4609375 
0.5 0.46875 0.4453125 0.4921875 0.46875 0.4609375 0.4609375 0.4609375 0.453125 0.4609375 
0.4453125 0.4921875 0.5 0.46875 0.5078125 0.5078125 0.46875 0.4609375 0.4921875 0.4609375 
0.4921875 0.5078125 0.4921875 0.4453125 0.5 0.46875 0.46875 0.46875 0.484375 0.4609375 
0.4609375 0.4921875 0.5 0.5078125 0.4453125 0.46875 0.4921875 0.484375 0.46875 0.46875 
0.4921875 0.4453125 0.5 0.5078125 0.46875 0.4921875 0.484375 0.46875 0.46875 0.4609375 
0.5 0.46875 0.46875 0.4921875 0.4453125 0.46875 0.46875 0.4921875 0.4609375 0.484375 
0.4921875 0.484375 0.5 0.4921875 0.5 0.46875 0.4453125 0.46875 0.5078125 0.46875 
0.46875 0.5 0.46875 0.4921875 0.46875 0.4453125 0.5078125 0.5 0.484375 0.4921875 
0.5 0.4453125 0.4609375 0.46875 0.46875 0.4921875 0.4609375 0.46875 0.4921875 0.484375 
0.4921875 0.4921875 0.4609375 0.4609375 0.484375 0.46875 0.46875 0.46875 0.4609375 0.4453125 
0.4375 0.4765625 0.4609375 0.4453125 0.4765625 0.46875 0.46875 0.4609375 0.4921875 0.4609375 
0.4609375 0.4375 0.4453125 0.4765625 0.4921875 0.4453125 0.4609375 0.4765625 0.46875 0.4921875 
0.4375 0.4609375 0.4453125 0.4453125 0.4765625 0.4921875 0.4609375 0.4765625 0.46875 0.5 
0.4609375 0.5078125 0.4453125 0.4375 0.46875 0.5 0.4453125 0.4921875 0.4609375 0.4765625 
0.4609375 0.4375 0.4453125 0.4765625 0.5078125 0.4921875 0.5 0.4453125 0.4921875 0.46875 
0.4609375 0.4375 0.4453125 0.4765625 0.5078125 0.4921875 0.5 0.4453125 0.4921875 0.46875 
0.4609375 0.5078125 0.4453125 0.4375 0.484375 0.4921875 0.515625 0.5 0.4765625 0.46875 
