0.4609375 0.453125 0.65625 0.4609375 0.8984375 0.453125 0.21875 0.875 0.9140625 0.6484375 
0.875 0.9140625 0.1171875 0.0234375 0.109375 0.9921875 0.953125 0.21875 0.8515625 0.0859375 
0.1953125 0.328125 0.234375 0.875 0.9140625 0.1171875 0.0234375 0.109375 0.9921875 0.953125 
0.1953125 0.328125 0.234375 0.4140625 0.28125 0.2890625 0.875 0.9140625 0.1171875 0.0234375 
0.1953125 0.328125 0.234375 0.4140625 0.28125 0.2890625 0.390625 0.3671875 0.3203125 0.2578125 
0.1953125 0.328125 0.234375 0.4140625 0.28125 0.2890625 0.390625 0.3671875 0.3203125 0.2578125 
0.1953125 0.328125 0.234375 0.4140625 0.28125 0.2890625 0.390625 0.3671875 0.3203125 0.2578125 
0.1953125 0.328125 0.234375 0.4140625 0.28125 0.2890625 0.390625 0.3671875 0.3203125 0.2578125 
0.1953125 0.328125 0.234375 0.4140625 0.28125 0.2890625 0.390625 0.3671875 0.3203125 0.2578125 
0.1953125 0.328125 0.234375 0.4140625 0.28125 0.2890625 0.390625 0.3671875 0.3203125 0.2578125 
0.1953125 0.328125 0.234375 0.4140625 0.28125 0.2890625 0.390625 0.3671875 0.3203125 0.2578125 
0.1953125 0.328125 0.234375 0.4140625 0.28125 0.2890625 0.390625 0.3671875 0.3203125 0.2578125 
0.4140625 0.1953125 0.328125 0.234375 0.4140625 0.28125 0.2890625 0.390625 0.3671875 0.3203125 
0.4140625 0.1953125 0.328125 0.234375 0.4140625 0.28125 0.2890625 0.390625 0.3671875 0.3203125 
0.4140625 0.1953125 0.328125 0.234375 0.4140625 0.28125 0.2890625 0.390625 0.3671875 0.3203125 
0.4140625 0.1953125 0.328125 0.234375 0.4140625 0.28125 0.2890625 0.390625 0.3671875 0.3203125 
0.4140625 0.1953125 0.328125 0.234375 0.4140625 0.28125 0.2890625 0.390625 0.3671875 0.3203125 
0.4140625 0.3828125 0.359375 0.1953125 0.328125 0.234375 0.4140625 0.28125 0.2890625 0.390625 
0.4140625 0.390625 0.3828125 0.359375 0.1953125 0.328125 0.234375 0.4140625 0.28125 0.2890625 
0.3984375 0.4140625 0.40625 0.4296875 0.390625 0.3828125 0.359375 0.390625 0.359375 0.1953125 
0.3984375 0.4140625 0.40625 0.390625 0.4296875 0.3984375 0.390625 0.3828125 0.359375 0.359375 
0.3984375 0.375 0.4140625 0.40625 0.390625 0.3984375 0.4296875 0.40625 0.390625 0.3828125 
0.3984375 0.4140625 0.375 0.40625 0.375 0.3984375 0.3984375 0.3984375 0.390625 0.3984375 
0.3984375 0.4140625 0.421875 0.4296875 0.375 0.40625 0.375 0.3984375 0.3984375 0.3984375 
0.3984375 0.4296875 0.375 0.4140625 0.40625 0.4296875 0.453125 0.421875 0.375 0.4375 
0.3984375 0.453125 0.453125 0.4140625 0.4296875 0.375 0.4140625 0.40625 0.4375 0.4296875 
0.3984375 0.453125 0.453125 0.4140625 0.4296875 0.4140625 0.4140625 0.40625 0.4296875 0.375 
0.3984375 0.453125 0.453125 0.453125 0.4296875 0.4140625 0.4140625 0.4140625 0.4140625 0.4296875 
0.3984375 0.4140625 0.4140625 0.453125 0.453125 0.453125 0.4140625 0.4296875 0.4140625 0.4296875 
0.3984375 0.4140625 0.4140625 0.453125 0.453125 0.453125 0.4296875 0.4140625 0.4140625 0.4296875 
0.3984375 0.453125 0.453125 0.453125 0.453125 0.4140625 0.4296875 0.4140625 0.4140625 0.4296875 
0.3984375 0.4140625 0.453125 0.453125 0.453125 0.453125 0.4140625 0.4296875 0.4296875 0.5078125 
0.3984375 0.5078125 0.4140625 0.453125 0.453125 0.453125 0.453125 0.4140625 0.4296875 0.4296875 
0.3984375 0.484375 0.453125 0.453125 0.453125 0.453125 0.453125 0.4140625 0.4140625 0.40625 
0.3984375 0.484375 0.484375 0.4140625 0.4609375 0.453125 0.453125 0.453125 0.453125 0.453125 
0.3984375 0.484375 0.4375 0.453125 0.453125 0.453125 0.453125 0.453125 0.4609375 0.4140625 
0.5234375 0.4375 0.484375 0.4140625 0.3984375 0.4609375 0.453125 0.453125 0.453125 0.453125 
0.4375 0.5234375 0.3984375 0.484375 0.4140625 0.453125 0.453125 0.453125 0.453125 0.453125 
0.5234375 0.4375 0.484375 0.453125 0.4609375 0.3984375 0.453125 0.4140625 0.453125 0.453125 
0.3984375 0.5234375 0.4375 0.484375 0.4609375 0.453125 0.4140625 0.453125 0.4609375 0.4453125 
0.5234375 0.53125 0.4375 0.4609375 0.3984375 0.484375 0.453125 0.4375 0.4140625 0.453125 
0.4375 0.3984375 0.5234375 0.53125 0.4609375 0.4609375 0.5 0.484375 0.453125 0.4375 
0.4453125 0.5234375 0.4765625 0.53125 0.4375 0.3984375 0.4609375 0.5 0.484375 0.484375 
0.5234375 0.4453125 0.4375 0.4765625 0.4609375 0.53125 0.5 0.4453125 0.4765625 0.484375 
0.4453125 0.4765625 0.5234375 0.4375 0.53125 0.4609375 0.4453125 0.5 0.4765625 0.484375 
0.4453125 0.4765625 0.5234375 0.4375 0.4375 0.5 0.4609375 0.53125 0.4453125 0.484375 
0.4453125 0.4375 0.53125 0.5234375 0.4375 0.5 0.4609375 0.484375 0.4765625 0.4453125 
0.4453125 0.4765625 0.4375 0.4609375 0.53125 0.5234375 0.4375 0.484375 0.5 0.484375 
0.4453125 0.4375 0.4765625 0.5234375 0.484375 0.4375 0.4609375 0.53125 0.5 0.484375 
0.4453125 0.4375 0.5234375 0.4375 0.4375 0.4765625 0.53125 0.484375 0.484375 0.5 
