% Ministry of Cellular Automata
% Project Deux (CS523 Spring 2015)
% Version:v0.1-66-g3e0f-dirty
%  pop:50
%  ic count:100
%  CA Log option:r3/run14
%  width:121
%  max workers:4
%  radius:3
%  iterations:300
%  generations:50

 generation 0.50.50.2.1.50.2.1.2.1.50.2.1.51.3.2.2.1.1.2.1.2.50.1.1.2.50.1.1.1.2.1.2.2.2.2.50.2.1.2.1.2.1.1.2.1.50.2.50.51.1.xover.mutate.done 50
 generation 1.51.51.50.50.50.50.50.50.50.50.1.50.1.50.2.51.2.1.2.2.1.2.2.1.50.2.1.42.2.2.51.1.50.1.1.12.1.50.50.50.1.51.1.2.2.1.1.1.1.3.xover.mutate.done 50
 generation 2.50.50.50.50.50.50.50.50.50.50.0.0.50.0.0.50.0.31.0.49.50.0.50.41.50.0.48.0.5.50.50.0.50.43.6.0.0.50.0.0.0.0.23.11.50.0.0.50.0.50.xover.mutate.done 50
 generation 3.52.51.51.51.52.50.50.50.50.50.50.3.51.1.50.1.51.2.25.12.50.51.51.1.3.52.3.48.13.50.3.3.3.3.50.3.2.3.1.2.50.3.2.2.52.17.52.2.3.3.xover.mutate.done 50
 generation 4.50.50.50.50.50.53.53.53.53.53.3.50.50.3.0.53.0.51.3.3.3.50.3.3.50.3.50.33.3.3.0.50.0.0.0.3.53.44.50.3.53.0.50.50.3.53.3.0.3.16.xover.mutate.done 50
 generation 5.51.51.51.51.51.51.51.51.51.47.48.1.1.1.1.1.1.1.51.1.0.1.50.1.64.1.1.50.2.1.1.0.1.50.1.1.1.49.1.1.46.1.1.1.50.9.1.50.1.1.xover.mutate.done 50
 generation 6.56.50.50.50.50.50.50.50.50.50.2.50.51.1.50.1.50.1.50.1.50.1.8.1.1.50.1.1.0.1.1.1.1.12.56.1.1.1.42.50.0.1.1.1.0.1.50.50.1.50.xover.mutate.done 50
 generation 7.70.70.52.52.52.52.52.52.52.52.4.52.65.4.34.9.4.52.4.4.50.2.50.70.50.4.4.4.4.52.2.4.50.73.52.61.2.4.4.4.50.50.4.50.51.4.48.34.70.52.xover.mutate.done 50
 generation 8.67.67.67.68.69.58.53.51.51.51.50.50.51.1.51.51.2.49.46.50.14.15.2.2.7.1.19.51.7.1.51.1.1.1.2.2.51.2.50.1.51.51.1.2.50.51.49.51.1.50.xover.mutate.done 50
 generation 9.64.65.66.64.64.57.47.51.50.50.17.18.23.50.50.50.5.50.1.7.1.6.1.1.67.36.3.3.1.1.1.1.50.50.50.1.50.50.0.18.50.1.50.55.13.50.12.55.50.1.xover.mutate.done 50
 generation 10.65.65.66.67.66.66.59.54.53.50.50.50.0.49.50.0.40.66.0.34.50.0.50.0.25.0.50.50.0.81.0.65.50.50.59.0.50.50.0.0.48.67.50.50.50.0.50.50.50.0.xover.mutate.done 50
 generation 11.72.68.70.69.68.68.70.70.70.67.58.18.51.1.12.8.67.1.45.1.49.51.67.23.51.51.69.51.7.2.8.2.65.46.76.51.2.58.53.70.55.1.57.51.50.57.2.58.50.57.xover.mutate.done 50
 generation 12.73.70.71.70.69.68.66.68.66.67.10.50.68.59.24.2.29.55.1.14.55.24.50.62.59.9.54.55.13.69.51.48.51.10.51.1.2.68.31.64.18.56.50.49.2.62.12.53.55.65.xover.mutate.done 50
 generation 13.73.64.67.62.61.74.61.61.62.61.42.53.1.51.1.27.69.50.57.37.2.14.8.24.50.51.67.29.52.68.0.29.57.50.1.12.45.21.40.51.1.0.14.62.1.45.50.51.1.16.xover.mutate.done 50
 generation 14.65.76.64.67.70.68.67.67.66.60.7.10.62.65.15.58.3.52.11.68.50.66.18.77.5.54.57.48.11.68.29.72.51.2.61.56.27.0.8.57.52.23.2.56.12.65.11.0.57.49.xover.mutate.done 50
 generation 15.81.75.76.71.70.73.62.71.66.66.54.90.38.13.1.1.38.49.22.72.25.8.15.5.54.0.21.53.30.16.47.0.1.6.76.50.72.0.50.43.55.1.47.55.46.43.28.1.29.50.xover.mutate.done 50
 generation 16.93.87.85.77.77.75.70.77.79.63.2.50.57.57.88.22.14.90.2.10.50.2.16.56.50.19.58.44.2.21.10.29.2.57.10.31.40.62.29.29.50.52.38.2.2.75.2.59.60.69.xover.mutate.done 50
 generation 17.85.86.83.80.76.73.75.80.78.72.12.51.13.33.74.30.46.49.57.30.2.47.2.54.51.42.59.22.51.7.38.68.80.14.2.12.68.2.37.34.50.50.40.21.2.21.76.2.3.37.xover.mutate.done 50
 generation 18.89.92.86.76.82.79.78.80.75.76.82.11.17.35.6.72.8.53.6.21.6.29.6.59.6.6.49.11.41.38.39.45.12.42.26.36.53.11.52.11.19.65.19.48.11.6.37.49.37.17.xover.mutate.done 50
 generation 19.92.91.86.75.79.79.79.76.76.73.51.5.37.12.27.35.1.42.63.1.69.50.1.43.1.69.6.63.0.9.49.1.5.1.72.1.78.41.58.1.1.5.14.16.1.1.1.46.50.1.xover.mutate.done 50
 generation 20.87.89.83.82.64.75.78.74.77.80.8.7.39.72.1.84.0.7.30.21.1.25.0.39.60.3.8.54.41.45.52.1.60.50.1.46.1.46.31.44.88.3.43.1.39.93.34.46.82.1.xover.mutate.done 50
 generation 21.88.84.85.89.84.86.81.81.75.77.47.0.0.50.20.0.11.63.49.32.49.55.0.66.50.54.9.25.21.38.0.41.50.3.28.0.0.48.36.80.0.14.47.27.0.67.25.68.61.36.xover.mutate.done 50
 generation 22.93.97.86.91.90.88.84.84.83.86.75.82.0.6.0.0.49.12.50.1.63.42.45.84.80.0.0.40.46.86.37.24.22.56.96.8.50.60.0.72.45.0.53.7.50.50.0.38.50.49.xover.mutate.done 50
 generation 23.90.89.86.84.81.92.77.77.80.83.51.38.13.83.19.50.51.21.28.50.19.43.53.51.90.1.51.1.50.58.88.1.44.8.0.2.51.51.40.51.6.4.49.5.1.31.37.43.83.52.xover.mutate.done 50
 generation 24.89.97.94.98.96.98.87.81.81.87.50.86.50.12.49.88.74.50.50.54.50.28.91.14.4.37.50.52.43.49.91.67.54.0.50.42.94.54.52.67.81.4.4.35.49.74.84.50.4.53.xover.mutate.done 50
 generation 25.85.82.84.85.87.87.77.80.88.76.51.50.49.69.18.39.50.51.1.76.51.50.49.1.5.51.1.2.2.2.2.1.67.63.8.66.61.50.44.51.74.1.2.45.47.12.21.8.54.15.xover.mutate.done 50
 generation 26.87.94.94.94.91.92.93.84.82.85.40.40.0.94.91.2.40.82.37.7.16.50.51.6.92.35.72.32.8.62.37.0.26.1.1.1.94.46.51.15.2.51.17.1.0.61.40.1.51.50.xover.mutate.done 50
 generation 27.92.92.95.95.95.91.95.94.93.84.1.84.20.1.1.49.48.62.9.52.1.1.93.88.89.1.49.95.1.32.95.3.49.54.27.51.27.84.46.1.4.8.23.75.79.50.1.95.49.51.xover.mutate.done 50
 generation 28.93.93.93.93.93.93.94.92.92.91.2.49.2.3.26.32.2.66.28.12.8.92.56.3.88.83.2.71.93.0.49.81.71.52.0.2.60.2.2.15.10.52.94.2.0.68.2.78.94.50.xover.mutate.done 50
 generation 29.96.95.96.96.96.96.97.93.95.96.0.50.0.0.50.52.0.53.45.69.50.23.49.49.48.0.35.0.0.50.43.28.78.32.23.96.0.77.47.29.35.82.97.96.77.47.40.64.0.0.xover.mutate.done 50
 generation 30.92.93.94.93.93.93.93.93.93.93.23.50.56.1.93.94.1.48.92.47.1.50.50.48.94.93.52.48.1.14.33.93.93.48.66.45.50.93.93.50.93.94.50.51.59.93.1.34.76.93.xover.mutate.done 50
 generation 31.87.87.87.89.89.87.89.89.89.89.87.46.7.57.43.0.50.0.87.82.30.87.49.50.87.87.89.66.32.81.41.7.46.41.50.89.50.90.50.43.23.55.10.38.88.59.50.0.84.81.xover.mutate.done 50
 generation 32.89.91.91.91.91.91.91.89.91.90.86.92.64.85.48.51.60.59.60.91.90.56.51.51.90.2.45.90.59.70.9.47.47.51.60.12.43.88.14.18.47.59.85.80.90.42.89.51.51.90.xover.mutate.done 50
 generation 33.93.91.91.91.91.91.91.91.87.90.56.66.91.43.84.46.88.47.74.91.1.51.1.62.51.86.88.55.91.71.44.46.40.55.2.49.83.62.64.50.1.85.51.47.91.91.91.89.51.40.xover.mutate.done 50
 generation 34.90.93.93.93.93.93.92.94.93.92.19.0.48.79.71.50.35.92.40.89.39.93.4.92.38.0.31.0.75.48.94.0.95.88.71.0.47.92.93.56.38.60.90.48.57.56.71.49.89.41.xover.mutate.done 50
 generation 35.89.94.91.94.90.93.93.93.94.90.50.81.52.51.33.2.87.91.63.59.36.35.7.51.51.49.3.51.3.49.3.91.50.48.23.65.51.89.11.51.94.80.94.3.47.22.91.48.45.35.xover.mutate.done 50
 generation 36.92.92.89.92.92.91.91.91.91.92.88.0.55.46.7.24.50.91.55.70.43.0.14.17.48.70.17.25.18.46.21.79.52.50.50.50.71.73.50.23.50.46.8.10.77.61.11.74.20.53.xover.mutate.done 50
 generation 37.94.94.91.94.93.94.93.94.92.93.65.50.88.95.87.94.72.8.82.2.32.49.50.50.56.61.7.53.50.92.50.50.52.47.7.86.32.21.52.49.2.2.81.78.45.7.7.2.88.87.xover.mutate.done 50
 generation 38.94.95.95.96.95.95.96.95.95.96.62.50.89.25.93.67.47.71.72.52.53.86.10.53.68.80.51.89.26.50.38.43.94.80.52.15.55.68.95.94.42.88.48.96.51.41.70.89.95.57.xover.mutate.done 50
 generation 39.90.92.89.89.91.91.91.91.90.91.52.52.8.13.48.31.59.3.32.16.28.55.91.53.80.0.5.50.14.3.64.58.32.89.35.53.88.60.59.86.53.44.54.3.63.72.91.82.3.45.xover.mutate.done 50
 generation 40.92.91.91.92.92.92.92.92.93.90.50.82.82.60.40.1.23.74.50.50.47.63.50.42.57.32.45.49.39.88.91.47.51.85.85.64.43.1.50.51.1.26.1.90.50.55.1.68.31.55.xover.mutate.done 50
 generation 41.93.92.92.92.92.92.92.94.93.94.48.40.92.92.92.49.77.56.36.41.36.47.81.23.88.9.50.51.49.49.1.74.45.74.6.50.93.24.49.50.37.32.52.80.1.93.19.48.50.50.xover.mutate.done 50
 generation 42.92.92.93.92.92.91.93.91.91.91.12.3.76.42.8.77.90.77.1.76.72.89.51.50.76.1.89.70.89.76.90.82.50.92.43.46.51.51.50.77.3.51.73.83.50.3.13.50.80.81.xover.mutate.done 50
 generation 43.90.93.92.92.92.92.94.91.92.92.55.57.38.46.91.74.79.93.64.53.66.51.50.76.55.48.50.60.50.87.51.2.69.51.5.51.71.51.92.92.1.51.51.70.41.49.16.48.76.6.xover.mutate.done 50
 generation 44.90.89.89.90.90.90.89.92.92.91.43.50.46.26.38.56.54.7.89.30.50.49.49.18.48.7.59.39.77.1.15.1.49.64.20.1.55.79.8.48.1.50.1.7.90.38.66.1.51.50.xover.mutate.done 50
 generation 45.92.92.93.93.92.92.93.92.93.93.36.91.0.57.68.3.1.80.9.50.93.41.49.50.67.72.61.93.50.50.50.52.90.0.48.45.55.51.73.93.39.85.69.2.49.52.50.9.48.0.xover.mutate.done 50
 generation 46.93.94.93.93.93.96.94.90.93.93.74.3.52.92.92.91.13.3.51.16.50.5.18.3.3.54.54.34.3.67.16.38.91.14.51.88.83.1.88.91.92.89.51.3.51.92.63.50.34.32.xover.mutate.done 50
 generation 47.92.93.91.91.92.93.93.92.92.91.10.50.1.94.71.51.16.82.50.49.86.88.45.90.47.89.50.90.58.47.50.21.46.87.51.72.94.50.86.78.1.92.77.18.50.6.51.49.83.93.xover.mutate.done 50
 generation 48.93.95.94.94.94.94.95.92.92.92.69.56.14.72.83.50.48.68.1.94.38.51.24.94.93.41.53.51.70.50.1.45.71.89.50.49.31.91.1.62.1.91.89.86.77.51.51.50.61.90.xover.mutate.done 50
 generation 49.89.92.90.91.91.90.90.90.86.84.70.31.90.72.90.90.54.8.1.13.50.1.91.90.46.1.24.85.72.68.50.1.62.6.38.71.93.34.49.63.45.51.50.87.50.51.6.6.47.69.xover.mutate.done 50
 28049182 iters     702587 iter/sec (39.92 s)
 total time: 39.92
