53 51 51 50 50 50 50 50 50 50 50 50 50 50 50 33 4 4 4 4 4 4 4 4 4 3 3 3 3 3 3 3 3 3 3 3 2 1 1 1 1 1 1 1 1 1 1 1 1 1 
53 53 53 53 53 53 50 50 50 50 50 50 50 50 50 50 50 50 50 50 50 50 50 50 50 50 46 33 27 15 12 8 8 8 6 4 3 3 3 3 3 3 3 3 3 0 0 0 0 0 
52 52 52 52 52 52 52 52 52 50 50 50 50 50 50 50 50 50 50 50 50 50 50 50 50 50 50 50 50 50 50 50 38 29 11 8 2 2 2 2 2 2 2 0 0 0 0 0 0 0 
50 50 50 50 50 50 50 50 50 50 50 50 50 50 50 50 50 50 50 50 50 50 50 50 50 50 50 50 50 22 19 17 8 7 0 0 0 0 0 0 0 0 0 0 0 0 0 0 0 0 
51 51 51 51 51 51 51 51 51 51 51 51 51 51 51 51 51 51 51 51 51 51 51 50 50 50 50 50 50 48 40 39 23 22 19 18 8 6 1 1 1 1 1 1 1 1 0 0 0 0 
51 51 51 51 50 50 50 50 50 50 50 50 50 50 50 50 50 50 50 50 50 50 50 50 50 50 50 50 50 50 50 50 50 46 30 30 27 18 13 4 1 1 1 1 1 1 1 1 1 0 
52 51 51 51 51 51 51 51 51 51 51 51 51 51 51 51 51 51 51 51 50 50 50 49 42 31 31 18 14 14 13 9 1 1 1 1 1 1 1 1 1 1 1 1 1 1 1 1 0 0 
50 50 50 50 50 50 50 50 50 50 50 50 50 50 50 50 50 50 50 50 50 50 50 50 50 50 50 48 48 12 11 10 8 8 1 1 1 1 1 1 1 1 1 1 1 1 1 1 1 0 
51 51 51 51 51 51 51 51 51 51 51 51 51 51 51 51 51 51 51 51 51 51 50 50 50 26 21 17 13 11 11 9 8 7 6 6 1 1 1 1 1 1 1 1 1 1 1 1 1 0 
51 51 51 51 51 51 51 51 51 51 51 51 51 51 51 51 51 51 51 51 51 51 51 51 51 37 31 24 22 21 20 18 15 15 14 14 11 9 4 4 4 4 4 4 3 3 3 1 1 1 
51 51 51 51 51 51 51 51 51 51 51 51 51 51 51 51 51 51 51 51 51 51 51 51 51 51 51 51 51 50 50 50 50 49 44 25 23 23 18 18 17 10 10 1 1 1 1 1 1 1 
51 51 51 51 51 51 51 51 51 51 51 51 51 51 51 51 51 51 51 51 51 51 51 51 50 50 41 24 19 17 12 10 8 8 8 3 3 3 3 3 3 3 3 3 3 3 3 3 3 3 
50 50 50 50 50 50 50 50 50 50 50 50 50 50 50 50 50 50 50 50 50 50 50 50 50 50 50 50 50 50 50 50 50 25 18 13 5 1 1 1 1 1 1 1 1 1 1 1 0 0 
52 52 52 52 52 52 52 52 52 52 52 52 52 52 52 52 52 52 52 52 52 52 51 50 50 50 50 47 34 26 24 17 2 2 2 2 2 2 2 2 2 2 2 2 2 2 2 2 2 2 
50 50 50 50 50 50 50 50 50 50 50 50 50 50 50 50 50 50 50 50 50 50 50 50 50 33 23 22 20 15 10 3 3 3 3 3 3 3 3 3 3 3 3 3 3 3 3 3 3 3 
51 51 51 51 51 51 51 51 51 51 51 51 51 51 51 51 51 51 51 51 51 50 50 50 31 28 24 23 22 21 20 14 1 1 1 1 1 1 1 1 1 1 1 1 1 1 1 0 0 0 
50 50 50 50 50 50 50 50 50 50 50 50 50 50 50 50 50 50 50 50 50 50 50 50 50 50 50 47 46 30 23 21 21 19 18 17 2 0 0 0 0 0 0 0 0 0 0 0 0 0 
51 51 51 51 51 51 51 51 51 51 51 51 51 51 51 51 51 51 51 51 51 50 50 50 50 30 26 12 8 8 8 4 3 3 3 3 3 3 3 3 3 3 3 3 3 3 3 2 1 1 
52 52 52 52 52 52 52 52 52 52 52 52 52 52 52 52 52 52 52 52 52 52 52 52 52 52 52 51 50 46 23 18 15 14 14 11 8 7 4 4 4 4 4 4 4 4 4 4 2 2 
50 50 50 50 50 50 50 50 50 50 50 50 50 50 50 50 50 50 50 50 50 50 50 50 50 50 50 50 45 39 34 30 29 26 12 9 1 0 0 0 0 0 0 0 0 0 0 0 0 0 
50 50 50 50 50 50 50 50 50 50 50 50 50 50 50 50 50 50 50 50 50 50 50 50 50 50 50 50 50 50 25 13 13 6 6 0 0 0 0 0 0 0 0 0 0 0 0 0 0 0 
51 51 51 51 51 51 51 51 51 51 51 51 51 51 51 51 51 51 51 51 51 51 51 51 51 50 50 50 50 50 47 29 22 16 14 10 6 5 4 4 4 4 4 4 4 4 4 4 4 3 
51 51 51 51 51 51 51 51 51 51 51 51 51 51 51 51 51 51 51 51 51 51 51 51 51 50 50 50 27 20 11 1 1 1 1 1 1 1 1 1 1 1 1 1 1 1 0 0 0 0 
51 51 51 51 51 51 51 51 51 51 51 51 51 51 51 51 51 51 51 51 51 51 51 51 51 51 50 18 10 10 6 3 3 3 3 3 3 3 3 3 3 3 3 2 2 2 2 1 1 1 
50 50 50 50 50 50 50 50 50 50 50 50 50 50 50 50 50 50 50 50 50 50 50 50 50 50 50 50 45 38 24 20 18 15 14 1 1 1 1 1 1 1 1 1 1 1 1 0 0 0 
50 50 50 50 50 50 50 50 50 50 50 50 50 50 50 50 50 50 50 50 50 50 50 50 50 50 50 50 50 50 50 50 50 41 35 21 12 9 2 2 2 2 2 2 2 2 2 2 2 0 
51 51 51 51 51 51 51 51 51 51 51 51 51 51 51 51 51 51 51 51 51 51 51 50 50 50 41 40 39 35 29 21 19 14 12 12 11 8 6 2 2 2 2 2 2 2 2 1 1 1 
51 51 51 51 51 51 51 51 51 51 51 51 51 51 51 51 51 51 51 51 51 51 51 51 51 51 51 50 50 50 50 50 50 44 35 32 29 25 25 15 11 10 9 2 2 2 2 2 1 1 
50 50 50 50 50 50 50 50 50 50 50 50 50 50 50 50 50 50 50 50 50 50 50 50 50 50 50 50 48 32 16 14 0 0 0 0 0 0 0 0 0 0 0 0 0 0 0 0 0 0 
51 51 51 51 51 51 51 51 51 51 51 51 51 51 51 51 51 51 51 51 51 51 51 50 50 50 50 44 35 25 18 18 14 2 2 2 2 2 2 2 2 2 2 2 2 2 1 1 1 1 
54 51 51 51 51 51 51 51 51 51 51 51 51 51 51 51 51 51 51 51 51 51 51 51 51 51 51 51 51 51 51 50 50 50 45 26 20 17 16 8 8 2 2 2 2 2 2 2 2 2 
52 50 50 50 50 50 50 50 50 50 50 50 50 50 50 50 50 50 50 50 50 50 50 50 50 50 50 50 50 50 50 13 10 6 6 0 0 0 0 0 0 0 0 0 0 0 0 0 0 0 
51 50 50 50 50 50 50 50 50 50 50 50 50 50 50 50 50 50 50 50 50 50 50 50 31 29 21 15 14 13 7 0 0 0 0 0 0 0 0 0 0 0 0 0 0 0 0 0 0 0 
58 50 50 50 50 50 50 50 50 50 50 50 50 50 50 50 50 50 50 50 50 50 50 50 50 50 50 50 50 50 50 50 50 50 50 28 24 6 1 1 1 1 1 1 1 1 1 1 1 1 
55 52 52 52 52 52 52 52 52 52 52 52 52 52 52 52 52 52 52 52 52 52 52 52 52 52 52 52 52 52 52 50 50 50 50 50 25 8 3 3 3 3 3 3 3 3 3 1 1 1 
52 50 50 50 50 50 50 50 50 50 50 50 50 50 50 50 50 50 50 50 50 50 50 50 50 50 50 50 49 45 18 17 13 12 11 7 7 1 1 1 1 1 1 1 1 1 1 0 0 0 
56 54 52 52 52 52 52 52 52 52 52 52 52 52 52 52 52 52 52 52 52 52 52 52 52 50 50 28 28 27 27 19 17 12 3 2 2 2 2 2 2 2 2 2 2 2 2 2 2 2 
52 50 50 50 50 50 50 50 50 50 50 50 50 50 50 50 50 50 50 50 50 48 47 33 26 15 13 13 11 9 9 6 4 3 2 2 2 2 2 2 2 2 2 2 2 2 2 2 2 0 
54 50 50 50 50 50 50 50 50 50 50 50 50 50 50 50 50 50 50 50 50 50 50 50 50 50 50 50 30 26 25 20 18 17 14 14 11 8 6 4 0 0 0 0 0 0 0 0 0 0 
51 50 50 50 50 50 50 50 50 50 50 50 50 50 50 50 50 50 50 50 50 50 50 50 50 50 50 50 50 23 22 22 19 16 16 13 12 6 0 0 0 0 0 0 0 0 0 0 0 0 
53 50 50 50 50 50 50 50 50 50 50 50 50 50 50 50 50 50 50 50 50 49 23 16 16 14 13 13 11 6 5 2 2 2 2 2 2 2 2 2 2 2 2 2 2 0 0 0 0 0 
53 51 51 51 51 51 51 51 51 51 51 51 51 51 51 51 51 51 50 50 50 42 29 27 27 18 6 3 3 3 3 3 3 3 3 3 3 3 3 3 3 3 3 3 3 3 3 2 2 1 
53 50 50 50 50 50 50 50 50 50 50 50 50 50 50 50 50 50 50 50 50 50 50 50 47 46 42 20 16 12 6 2 2 2 2 2 2 2 2 2 2 2 2 2 2 2 2 2 2 2 
52 50 50 50 50 50 50 50 50 50 50 50 50 50 50 50 50 50 50 50 50 50 50 50 50 50 50 50 50 50 50 44 39 25 11 11 9 8 8 2 2 2 2 2 2 2 2 2 2 2 
55 51 51 51 51 51 51 51 51 51 51 51 51 51 51 51 51 51 51 51 51 51 51 51 51 51 51 50 50 40 18 8 7 2 1 1 1 1 1 1 1 1 1 1 1 1 0 0 0 0 
59 53 53 53 53 53 53 53 53 53 53 53 53 53 53 53 53 53 53 53 50 50 50 50 50 22 18 12 3 3 3 3 3 3 3 3 3 3 3 3 3 3 3 3 3 3 3 0 0 0 
55 51 51 51 51 51 51 51 51 51 51 51 51 51 51 51 51 51 51 51 51 51 51 51 50 49 35 23 17 16 16 11 10 2 2 2 2 2 2 2 2 2 2 2 1 1 1 1 1 1 
53 52 52 52 52 52 52 52 52 52 52 52 52 52 52 52 52 52 52 52 52 52 52 52 52 52 52 52 52 52 52 52 52 52 52 49 44 25 19 11 7 3 3 3 3 3 3 2 2 1 
52 50 50 50 50 50 50 50 50 50 50 50 50 50 50 50 50 50 50 50 50 50 50 50 50 50 50 50 50 50 50 41 36 28 15 8 6 6 0 0 0 0 0 0 0 0 0 0 0 0 
55 50 50 50 50 50 50 50 50 50 50 50 50 50 50 50 50 50 50 50 50 50 50 50 50 50 50 50 50 50 46 45 32 18 12 12 11 11 10 10 0 0 0 0 0 0 0 0 0 0 
