% Ministry of Cellular Automata
% Project Deux (CS523 Spring 2015)
% Version:v0.1-66-g3e0f-dirty
%  pop:50
%  ic count:100
%  CA Log option:r3/run11
%  width:121
%  max workers:4
%  radius:3
%  iterations:300
%  generations:50

 generation 0.3.1.51.50.2.1.51.50.53.1.4.50.1.3.50.50.4.3.3.50.1.1.1.3.4.1.33.50.50.50.3.3.3.1.1.4.50.1.3.4.50.1.4.50.1.4.3.4.4.3.xover.mutate.done 50
 generation 1.50.53.53.50.50.50.50.50.50.50.12.3.8.3.53.50.4.50.50.3.50.3.0.50.3.0.50.27.50.53.3.46.0.50.50.3.0.15.3.8.50.53.33.50.0.50.8.53.3.6.xover.mutate.done 50
 generation 2.52.52.52.52.52.52.50.50.50.50.50.50.50.0.52.38.50.0.0.29.0.50.2.50.50.52.2.52.50.50.50.50.50.50.8.50.2.2.0.50.2.50.2.50.50.2.0.0.11.50.xover.mutate.done 50
 generation 3.50.50.50.50.50.50.50.50.50.50.50.50.17.0.50.50.0.50.50.0.50.50.0.50.0.22.50.50.19.0.50.50.0.50.8.50.50.0.50.0.0.0.50.7.0.0.0.0.0.50.xover.mutate.done 50
 generation 4.51.51.51.51.51.51.51.51.51.50.18.0.51.1.51.50.1.51.51.40.50.51.50.0.50.1.8.51.1.51.48.51.6.51.0.1.19.51.51.51.39.51.1.50.0.23.1.1.51.22.xover.mutate.done 50
 generation 5.50.50.50.50.50.50.50.50.50.50.51.1.1.50.50.1.4.50.50.30.50.50.50.50.1.50.1.1.51.13.1.46.30.50.50.50.50.50.50.50.50.1.1.51.18.50.50.0.51.27.xover.mutate.done 50
 generation 6.50.50.49.52.51.51.51.51.51.51.51.18.1.31.1.51.50.1.1.14.1.1.0.51.51.51.1.0.51.1.51.1.1.31.51.1.1.1.42.51.51.1.13.51.51.51.1.9.14.1.xover.mutate.done 50
 generation 7.48.50.50.50.50.50.50.50.50.50.12.8.1.1.50.1.50.48.50.1.1.8.1.1.1.50.0.50.10.1.50.50.50.1.1.50.1.50.50.50.50.50.50.50.1.50.1.1.11.50.xover.mutate.done 50
 generation 8.51.51.51.51.51.51.51.51.51.51.8.1.51.1.1.7.51.1.1.1.1.13.6.11.6.26.50.51.51.50.1.51.51.51.1.51.51.9.17.51.0.1.1.21.51.11.51.1.1.50.xover.mutate.done 50
 generation 9.51.51.51.51.51.51.51.51.51.51.4.51.31.18.4.51.15.4.15.22.51.3.11.51.51.4.21.51.14.24.20.51.51.51.9.51.51.51.51.4.51.3.51.1.1.3.4.37.1.14.xover.mutate.done 50
 generation 10.51.51.51.51.51.51.51.51.51.51.1.18.50.25.51.51.50.50.10.51.1.1.51.1.51.1.51.49.51.51.50.44.1.18.51.51.51.51.10.17.51.51.23.51.51.1.51.51.23.51.xover.mutate.done 50
 generation 11.51.51.51.51.51.51.51.51.51.51.8.3.3.3.51.3.3.3.51.51.3.50.10.51.51.3.3.3.50.51.51.51.12.17.51.51.3.3.51.3.24.51.51.19.8.3.8.41.51.3.xover.mutate.done 50
 generation 12.50.50.50.50.50.50.50.50.50.50.1.50.1.50.50.0.50.50.5.50.50.1.1.50.18.1.1.50.50.25.50.50.50.1.50.50.50.50.13.50.1.50.50.1.50.1.0.1.50.50.xover.mutate.done 50
 generation 13.52.52.52.52.52.52.52.52.52.52.2.47.2.2.17.2.52.2.52.52.52.2.52.2.52.52.50.52.2.2.50.50.51.2.2.2.2.52.26.24.2.52.50.2.2.2.2.52.34.52.xover.mutate.done 50
 generation 14.50.50.50.50.50.50.50.50.50.50.50.50.3.3.3.3.50.3.50.50.23.3.3.3.3.3.50.50.33.3.50.3.50.50.3.15.10.20.50.50.3.50.22.3.3.50.3.3.3.50.xover.mutate.done 50
 generation 15.51.51.51.51.51.51.51.51.51.51.1.1.50.51.28.51.1.1.51.51.21.20.1.1.1.51.50.1.51.1.14.1.1.51.51.23.51.51.0.31.1.24.50.0.1.22.1.0.51.1.xover.mutate.done 50
 generation 16.50.50.50.50.50.50.50.50.50.50.50.0.0.50.47.2.50.50.46.50.50.23.50.50.50.0.0.0.0.18.50.50.17.0.50.0.50.50.0.50.21.0.0.21.0.0.19.50.50.30.xover.mutate.done 50
 generation 17.51.51.51.51.51.51.51.51.51.51.3.30.50.3.51.12.1.3.3.3.51.3.26.3.1.51.3.51.50.3.3.2.51.50.8.3.3.3.51.3.3.51.4.51.51.51.50.8.51.8.xover.mutate.done 50
 generation 18.52.52.52.52.52.52.52.52.52.52.4.4.52.8.52.4.14.4.18.52.52.4.4.52.52.50.23.11.52.4.51.46.52.52.52.52.52.15.4.52.7.52.52.52.4.2.14.2.52.4.xover.mutate.done 50
 generation 19.50.50.50.50.50.50.50.50.50.50.0.50.50.45.0.50.0.50.0.50.50.50.50.30.50.50.0.34.26.39.0.1.50.50.50.0.50.29.9.0.50.0.50.12.0.0.0.50.0.50.xover.mutate.done 50
 generation 20.50.50.50.50.50.50.50.50.50.50.0.50.50.50.0.50.0.0.50.50.0.50.0.50.50.0.50.50.50.13.50.0.0.0.6.0.0.50.50.13.50.0.50.50.50.0.6.50.25.0.xover.mutate.done 50
 generation 21.51.51.51.51.51.51.51.51.51.51.6.51.4.4.51.22.50.4.3.4.51.51.51.16.5.4.47.51.51.4.10.51.50.50.51.29.51.50.51.50.4.51.51.14.51.51.4.4.4.4.xover.mutate.done 50
 generation 22.51.51.51.51.51.51.51.51.51.51.1.51.50.51.50.51.51.51.51.51.0.0.1.20.51.1.1.1.51.51.1.1.1.51.27.51.1.1.51.50.1.1.51.1.0.51.1.1.11.0.xover.mutate.done 50
 generation 23.51.51.51.51.51.51.51.51.51.51.1.18.51.2.3.50.3.51.3.2.10.51.3.1.51.2.51.51.3.51.3.51.3.51.51.10.3.51.1.3.2.51.3.51.6.3.51.3.51.51.xover.mutate.done 50
 generation 24.50.50.50.50.50.50.50.50.50.50.50.50.1.1.1.1.0.50.20.50.0.1.50.1.15.45.24.50.50.1.50.18.1.14.1.50.0.50.50.50.38.1.1.50.50.1.50.50.50.50.xover.mutate.done 50
 generation 25.50.50.50.50.50.50.50.50.50.50.50.50.50.50.2.50.2.50.2.50.50.50.50.9.50.2.50.35.50.2.50.2.50.50.50.2.50.50.21.2.50.12.50.50.41.50.2.2.0.2.xover.mutate.done 50
 generation 26.51.51.51.51.51.51.51.51.51.51.41.6.51.50.51.2.51.40.35.14.51.19.2.2.51.29.21.39.2.51.1.2.51.51.51.11.1.51.2.51.1.8.12.2.12.2.50.51.50.51.xover.mutate.done 50
 generation 27.51.51.51.51.51.51.51.51.51.51.15.1.50.51.2.2.10.32.2.9.51.11.44.51.51.50.25.29.2.51.1.50.51.25.51.51.51.50.2.51.51.51.51.35.51.51.50.51.50.51.xover.mutate.done 50
 generation 28.50.50.50.50.50.50.50.50.50.50.0.0.50.50.32.16.0.0.50.0.0.50.0.50.0.50.0.50.0.0.50.0.50.0.0.50.50.0.50.50.0.0.50.50.50.48.50.50.14.0.xover.mutate.done 50
 generation 29.51.51.51.51.51.51.51.51.51.51.14.51.51.2.51.2.2.2.51.1.2.51.18.18.25.2.50.2.2.50.2.1.2.2.51.44.51.51.51.50.51.2.51.1.51.35.51.2.50.1.xover.mutate.done 50
 generation 30.51.51.51.51.51.51.51.51.51.51.51.51.51.51.51.51.16.2.50.51.2.51.51.2.51.8.45.50.2.17.2.2.54.2.2.51.20.51.51.51.8.51.51.51.51.50.51.2.26.51.xover.mutate.done 50
 generation 31.52.50.50.50.50.50.50.50.50.50.50.13.50.50.50.50.0.0.0.0.6.50.50.0.50.50.50.50.0.0.0.10.6.50.0.50.0.0.50.0.50.0.50.50.50.0.50.0.50.50.xover.mutate.done 50
 generation 32.51.50.50.50.50.50.50.50.50.50.0.50.0.50.50.0.50.0.50.0.31.0.50.50.50.21.15.13.0.0.0.50.0.0.0.7.50.50.0.0.50.0.50.29.14.0.50.0.0.0.xover.mutate.done 50
 generation 33.58.50.50.50.50.50.50.50.50.50.50.50.1.1.50.1.50.50.24.50.1.50.50.50.50.50.50.50.1.1.6.50.50.1.1.1.50.50.50.50.50.1.28.50.50.1.1.50.50.50.xover.mutate.done 50
 generation 34.55.52.52.52.52.52.52.52.52.52.1.52.3.52.3.3.50.52.1.3.3.52.3.52.25.52.50.50.52.52.52.52.52.3.52.52.52.52.52.52.3.50.8.50.52.3.52.52.52.1.xover.mutate.done 50
 generation 35.52.50.50.50.50.50.50.50.50.50.1.13.1.1.50.1.1.18.50.50.12.11.50.49.1.0.1.50.1.50.1.1.45.7.50.50.50.7.50.0.50.17.50.50.50.50.50.0.50.50.xover.mutate.done 50
 generation 36.56.52.52.52.52.52.52.52.52.52.17.3.2.54.50.2.2.52.52.27.2.2.2.28.52.52.2.2.2.2.52.2.12.28.52.52.52.52.52.2.52.2.2.50.27.19.52.52.2.52.xover.mutate.done 50
 generation 37.52.48.50.50.50.50.50.50.50.50.0.6.50.2.2.50.50.33.2.11.13.9.2.2.2.2.2.13.50.47.4.3.15.50.50.50.9.50.2.50.26.50.2.50.2.50.2.2.2.2.xover.mutate.done 50
 generation 38.54.50.50.50.50.50.50.50.50.50.50.0.18.25.50.0.50.50.50.0.50.6.50.50.30.17.0.0.14.50.0.8.50.0.20.4.50.50.50.14.50.50.0.11.50.26.0.50.0.50.xover.mutate.done 50
 generation 39.51.50.50.50.50.50.50.50.50.50.0.0.50.50.22.0.0.50.50.0.50.0.19.0.23.50.16.50.50.0.0.50.12.50.6.50.0.0.50.50.50.50.16.50.0.50.50.50.22.13.xover.mutate.done 50
 generation 40.53.50.50.50.50.50.50.50.50.50.50.2.2.50.23.0.2.50.13.2.2.14.0.2.2.0.2.5.50.16.49.11.50.50.50.2.0.50.2.2.2.6.50.50.16.13.50.2.0.2.xover.mutate.done 50
 generation 41.53.51.51.51.51.51.51.51.51.50.3.51.3.6.42.3.51.3.3.3.3.3.3.3.51.18.3.3.51.50.51.51.51.29.3.3.3.2.3.3.3.3.1.51.2.27.50.51.27.3.xover.mutate.done 50
 generation 42.53.50.50.50.50.50.50.50.50.50.47.6.50.50.50.2.2.2.50.50.2.2.50.2.2.2.50.50.16.42.50.2.2.2.46.50.50.50.2.2.2.20.2.2.12.50.2.50.2.2.xover.mutate.done 50
 generation 43.52.50.50.50.50.50.50.50.50.50.11.2.2.50.2.2.50.50.50.50.50.9.50.2.50.2.50.50.11.2.50.50.50.50.25.2.50.50.44.2.50.8.50.2.8.50.50.2.50.39.xover.mutate.done 50
 generation 44.55.51.51.51.51.51.51.51.51.51.51.0.51.1.1.0.50.1.1.51.51.51.1.0.51.7.51.51.2.1.0.1.51.51.40.8.1.1.1.51.51.50.1.51.51.51.51.51.1.18.xover.mutate.done 50
 generation 45.59.53.53.53.53.53.53.53.53.53.3.0.3.3.53.3.50.3.0.18.12.3.50.53.3.3.3.53.3.53.3.53.50.3.53.3.22.3.53.50.53.50.53.53.3.3.3.0.3.3.xover.mutate.done 50
 generation 46.55.51.51.51.51.51.51.51.51.51.51.51.2.2.2.16.2.1.51.2.51.2.2.51.51.51.2.51.51.1.2.51.17.1.51.35.2.11.49.23.51.1.51.50.1.16.51.1.2.10.xover.mutate.done 50
 generation 47.53.52.52.52.52.52.52.52.52.52.52.3.52.11.1.52.3.52.2.52.52.52.52.52.52.2.52.52.52.3.52.52.52.52.52.25.52.49.44.52.7.52.19.52.52.52.3.52.3.3.xover.mutate.done 50
 generation 48.52.50.50.50.50.50.50.50.50.50.50.0.0.36.50.8.50.28.50.0.50.50.41.50.50.0.50.50.0.50.15.6.0.50.0.50.50.50.0.50.0.0.6.50.50.0.50.50.0.50.xover.mutate.done 50
 generation 49.55.50.50.50.50.50.50.50.50.50.12.50.12.11.0.50.10.0.50.11.50.0.50.50.50.0.0.50.0.50.50.45.18.50.32.0.50.50.50.0.10.50.0.50.0.50.50.50.50.46.xover.mutate.done 50
 27321725 iters     670616 iter/sec (40.74 s)
 total time: 40.74
