51 51 50 50 50 50 50 50 50 50 50 29 15 4 3 2 2 2 2 2 2 2 2 2 2 2 2 1 1 1 1 1 1 1 1 1 1 1 1 1 1 1 1 1 1 1 1 1 1 1 
62 50 50 50 50 50 50 50 50 50 50 50 50 50 50 50 50 50 50 50 50 50 50 49 48 46 46 17 12 5 1 0 0 0 0 0 0 0 0 0 0 0 0 0 0 0 0 0 0 0 
56 51 50 50 50 50 50 50 50 50 50 50 50 50 50 50 50 50 50 50 50 50 50 50 50 50 50 50 50 50 50 50 50 28 11 8 0 0 0 0 0 0 0 0 0 0 0 0 0 0 
60 57 52 52 52 52 52 52 52 50 50 50 50 50 50 50 50 50 50 50 50 50 50 50 50 50 50 50 50 50 50 50 50 50 48 46 45 35 29 17 16 9 2 2 2 2 2 0 0 0 
54 53 52 51 51 51 51 51 51 51 51 51 51 51 51 51 51 51 51 50 50 50 35 34 22 13 6 5 5 5 5 2 2 2 2 2 2 2 1 1 1 1 1 1 1 1 1 1 1 1 
59 55 54 52 51 51 51 51 51 51 51 51 51 51 51 51 50 50 50 50 50 50 50 49 28 22 8 8 8 7 5 5 1 1 1 1 1 1 1 1 1 1 1 1 1 1 1 1 0 0 
54 53 52 52 50 50 50 50 50 50 50 50 50 50 50 50 50 50 50 49 48 37 8 8 5 0 0 0 0 0 0 0 0 0 0 0 0 0 0 0 0 0 0 0 0 0 0 0 0 0 
63 59 57 57 57 54 51 51 51 51 51 51 51 50 50 50 50 50 49 27 15 11 10 10 8 7 1 1 1 1 1 1 1 1 1 1 1 1 1 1 1 1 1 1 1 1 1 0 0 0 
64 63 59 58 56 56 55 54 53 52 52 52 52 52 52 52 52 52 51 50 50 50 41 10 9 9 9 7 6 6 3 3 3 3 3 3 3 3 3 3 3 3 3 3 2 2 2 1 1 1 
59 58 58 58 58 58 55 53 52 52 51 51 51 51 51 51 51 50 50 50 50 50 50 47 47 47 28 20 19 12 9 9 9 8 7 5 5 3 3 3 3 2 2 2 2 2 2 1 1 1 
56 55 55 55 55 55 55 55 55 55 55 54 53 52 51 51 51 50 50 50 28 22 20 16 11 7 6 5 4 1 1 1 1 1 1 1 1 1 1 1 1 1 1 1 1 1 1 0 0 0 
61 61 61 61 61 59 58 58 58 58 58 58 57 53 53 53 53 53 50 50 50 50 50 46 46 46 39 30 30 24 14 10 9 8 8 8 8 3 3 3 3 3 3 3 3 3 3 3 3 0 
55 54 54 54 54 54 54 53 53 53 53 53 53 50 50 50 50 50 50 50 50 50 50 41 36 35 33 32 30 19 17 17 15 12 12 10 6 2 1 1 0 0 0 0 0 0 0 0 0 0 
62 59 58 58 58 58 58 58 57 57 56 56 56 56 56 56 56 55 51 50 50 50 50 50 50 47 45 43 39 37 37 26 22 22 18 16 16 15 12 11 8 2 2 2 2 2 2 2 2 2 
60 59 58 58 58 58 58 58 58 58 58 58 58 58 58 58 58 58 55 54 52 52 52 52 50 50 50 50 48 45 25 24 22 20 17 16 16 13 10 10 10 5 3 3 3 3 2 2 1 1 
60 56 56 56 56 56 56 56 56 56 56 56 55 55 55 52 52 52 52 52 51 50 50 50 48 47 43 36 26 26 26 25 25 21 20 20 20 20 15 9 6 6 6 5 5 5 2 2 2 0 
60 56 56 56 56 56 56 56 56 56 56 56 56 54 52 52 52 52 51 50 50 50 49 45 32 25 18 17 14 14 13 12 11 10 8 7 7 7 6 6 6 3 3 3 3 1 1 1 1 1 
62 60 56 56 56 56 56 56 56 56 56 55 50 50 50 50 50 50 50 50 50 50 44 25 25 23 23 21 20 18 16 16 14 7 6 6 5 5 5 5 1 1 1 1 1 1 1 1 1 1 
60 59 56 56 56 56 56 56 56 56 56 53 52 52 51 50 50 50 50 41 39 35 32 29 23 20 20 17 16 16 11 11 9 8 8 8 8 7 6 5 4 4 4 4 4 4 4 2 2 2 
59 57 56 56 56 56 56 56 56 56 56 52 52 52 52 52 52 52 52 52 52 52 50 50 48 43 31 24 22 14 12 11 8 7 7 6 6 5 3 3 3 3 3 3 3 2 1 1 1 1 
58 54 52 52 52 52 52 52 52 52 52 50 50 50 50 50 49 49 47 46 45 42 39 36 22 20 20 14 9 7 5 5 2 2 2 2 0 0 0 0 0 0 0 0 0 0 0 0 0 0 
67 62 60 59 58 58 58 58 58 58 58 58 58 58 58 57 57 51 51 51 51 51 51 51 51 50 50 48 47 45 40 37 35 16 12 10 9 9 8 4 4 1 1 1 1 1 1 1 1 0 
63 61 58 57 54 54 54 53 53 53 53 53 53 53 53 53 53 53 50 50 50 50 47 46 44 38 37 37 35 32 31 27 26 19 18 16 8 6 5 5 4 4 4 4 1 1 1 1 1 1 
62 61 60 57 57 57 54 54 53 53 53 53 50 50 50 50 50 50 50 50 50 49 47 46 45 42 40 39 39 35 27 22 16 11 10 10 7 7 3 3 3 3 3 0 0 0 0 0 0 0 
72 71 69 67 66 62 62 62 61 61 61 59 59 58 58 56 51 51 50 50 50 50 50 49 45 43 38 32 31 25 22 21 18 17 15 13 10 10 10 9 2 1 1 1 1 1 1 1 1 0 
73 65 63 63 63 63 63 62 62 62 61 61 61 59 57 57 57 56 56 55 50 48 48 45 44 43 42 37 35 30 23 20 17 13 12 11 11 10 10 9 8 6 4 4 2 2 2 2 2 0 
71 64 60 58 58 58 57 57 56 56 55 55 54 54 53 53 53 53 53 51 51 51 50 49 39 36 25 24 22 22 17 10 9 7 6 6 6 5 5 5 5 5 5 3 3 1 1 1 1 0 
73 64 64 61 61 61 60 59 59 58 58 58 56 56 54 52 51 50 50 50 50 46 44 39 36 31 29 29 23 19 14 11 8 8 7 6 6 6 5 4 3 3 3 3 0 0 0 0 0 0 
74 65 65 65 65 65 65 64 64 64 63 63 62 61 60 58 48 46 45 43 42 35 34 30 28 23 23 17 16 15 15 13 13 12 12 12 10 10 10 8 8 2 2 2 2 2 2 2 2 2 
69 66 65 65 65 64 64 63 63 63 63 61 61 59 57 54 54 54 52 50 50 50 50 47 40 38 35 29 25 24 19 18 16 15 14 12 11 10 9 8 7 6 6 1 1 1 1 1 1 1 
71 70 68 66 66 65 64 63 63 63 63 63 63 62 61 61 61 61 61 61 59 52 52 51 49 49 45 44 43 43 41 34 33 31 28 27 26 20 16 13 13 12 12 12 12 12 12 10 2 2 
73 72 70 69 68 67 67 66 66 66 65 65 65 64 64 60 59 59 59 57 57 51 51 51 51 49 49 49 44 43 38 37 33 33 30 29 28 28 13 11 10 10 10 9 9 5 5 1 1 1 
76 73 71 71 71 68 67 67 66 66 66 66 64 64 64 64 62 62 61 61 60 57 56 56 56 55 55 54 51 51 47 43 42 33 28 27 27 20 19 17 10 9 7 5 3 3 3 3 2 1 
72 69 67 66 66 66 65 64 63 61 61 61 61 58 58 58 57 56 55 55 50 50 50 50 50 50 50 48 47 46 41 36 32 32 32 29 29 27 19 15 14 9 7 7 4 1 0 0 0 0 
70 66 66 65 64 64 62 62 61 59 59 59 56 54 54 53 52 51 51 51 50 50 50 50 49 49 45 43 41 41 36 29 23 22 20 20 15 14 11 10 9 9 7 2 1 1 1 1 1 0 
75 74 73 70 70 69 67 67 62 62 62 55 54 54 54 50 50 50 50 46 46 41 37 34 26 25 25 24 21 20 18 14 13 11 10 10 9 9 8 8 4 3 3 3 3 3 3 3 3 3 
73 71 69 69 69 67 64 64 64 63 61 58 57 52 51 51 51 51 50 50 46 44 42 41 40 33 31 28 27 22 19 18 17 16 12 8 8 7 7 6 2 2 2 2 1 1 1 1 1 1 
72 72 71 70 69 67 67 65 65 64 63 60 60 53 52 51 51 49 49 48 47 46 45 42 41 41 38 38 36 35 35 26 23 14 13 9 3 3 3 3 3 3 3 3 3 2 2 2 2 2 
77 72 71 70 69 69 69 68 68 67 67 65 57 55 51 51 51 51 45 42 34 33 33 31 25 23 23 19 19 18 18 16 16 14 14 11 7 6 6 4 4 2 2 2 2 2 1 1 1 1 
73 71 70 67 67 66 66 65 64 63 60 59 59 59 51 48 44 41 39 36 30 21 21 20 14 13 12 12 12 11 11 11 11 9 9 9 9 9 9 8 4 4 4 3 3 1 1 1 1 1 
73 72 72 70 70 70 70 68 67 66 66 66 62 61 56 54 52 52 51 50 49 46 46 44 43 33 26 21 20 17 17 14 13 12 11 10 10 4 4 3 3 3 3 3 3 3 3 3 2 1 
70 69 67 67 67 66 66 65 65 64 62 61 61 54 54 50 50 50 49 48 47 46 45 44 44 36 36 36 33 28 27 22 22 20 20 19 18 16 15 15 13 10 8 7 7 7 3 3 3 3 
81 75 70 70 69 68 68 68 67 67 66 66 65 63 63 62 59 59 57 53 52 51 50 50 43 39 37 31 31 30 29 27 23 22 21 18 18 11 9 7 6 6 5 5 1 1 1 1 0 0 
90 83 82 76 73 71 67 67 66 66 65 65 63 63 60 55 55 53 52 52 52 51 50 50 50 47 41 39 38 36 35 32 19 17 15 15 11 9 8 6 6 5 4 3 2 2 2 2 2 2 
89 87 84 81 78 78 75 72 72 72 68 68 67 66 60 58 58 53 51 51 51 51 50 49 47 46 42 42 40 34 33 32 31 28 25 23 22 22 21 18 17 12 12 11 8 4 4 4 3 1 
85 82 79 78 72 70 69 69 69 67 66 66 64 62 58 52 52 52 52 50 50 50 47 47 47 43 36 35 34 30 25 23 22 22 21 14 12 12 8 7 6 5 5 2 2 2 2 2 2 2 
90 85 79 78 75 72 67 67 65 63 62 61 60 54 53 52 52 51 51 51 50 50 50 49 47 43 40 39 38 35 35 32 31 29 28 22 10 8 3 3 2 1 1 1 1 1 0 0 0 0 
90 86 86 80 78 70 68 67 67 66 65 62 62 59 59 57 55 51 49 48 48 48 45 45 41 39 39 38 29 28 25 23 20 19 17 14 9 9 8 8 8 4 4 3 3 2 2 1 1 1 
90 85 80 79 79 77 77 75 74 73 67 67 64 55 52 52 51 51 49 49 48 37 37 34 34 30 28 27 24 23 23 22 20 16 14 13 11 10 10 10 9 7 4 4 1 1 1 0 0 0 
90 88 87 86 81 80 79 77 76 75 70 69 51 50 50 50 44 44 43 42 42 37 36 35 35 35 33 30 30 22 22 21 14 14 12 11 10 10 8 1 1 1 1 1 1 0 0 0 0 0 
