% Ministry of Cellular Automata
% Project Deux (CS523 Spring 2015)
% Version:v0.1-66-g3e0f-dirty
%  pop:50
%  ic count:100
%  CA Log option:r3/run15
%  width:121
%  max workers:4
%  radius:3
%  iterations:300
%  generations:50

 generation 0.1.0.50.0.1.50.3.1.1.50.1.1.1.50.50.50.50.0.1.0.1.4.1.50.0.50.50.21.1.1.0.1.1.0.0.50.0.0.21.0.1.1.1.1.0.1.0.1.0.50.xover.mutate.done 50
 generation 1.50.50.50.50.50.50.50.50.50.50.7.50.1.1.50.1.50.6.1.50.6.0.50.1.0.3.1.1.0.18.1.50.1.1.50.0.1.1.1.1.1.1.1.50.50.1.45.0.1.0.xover.mutate.done 50
 generation 2.50.50.50.50.50.50.50.50.50.51.51.51.50.3.3.9.2.50.1.3.1.3.3.1.3.2.50.3.51.3.50.2.52.3.3.4.58.20.52.15.2.47.11.36.51.4.51.3.6.2.xover.mutate.done 50
 generation 3.59.51.51.50.50.50.50.50.50.50.50.49.1.0.20.35.1.58.51.1.50.1.50.1.1.1.50.1.33.0.50.50.0.1.50.50.0.51.1.50.1.50.33.50.2.33.25.50.1.50.xover.mutate.done 50
 generation 4.57.60.51.51.51.51.51.51.51.51.2.48.51.27.1.51.51.2.11.1.2.51.51.2.51.1.32.2.51.2.13.10.1.51.1.51.2.48.51.2.51.48.2.51.2.51.28.2.1.51.xover.mutate.done 50
 generation 5.64.58.51.51.51.51.51.51.51.51.10.50.10.2.50.2.2.2.32.51.51.51.2.2.51.2.51.50.2.13.18.2.51.20.50.9.2.51.51.1.51.61.2.2.2.51.51.50.51.51.xover.mutate.done 50
 generation 6.59.54.56.51.51.51.51.50.50.50.51.50.0.51.50.1.1.1.1.50.50.1.1.51.1.50.51.51.1.50.50.50.0.1.50.50.15.1.50.1.1.51.22.50.50.50.5.50.1.32.xover.mutate.done 50
 generation 7.69.59.57.52.52.52.52.52.52.52.4.9.4.52.52.2.52.52.50.4.15.2.50.50.52.5.2.52.4.9.25.4.50.4.5.52.4.35.4.2.4.4.2.35.4.52.52.52.4.50.xover.mutate.done 50
 generation 8.57.56.63.51.51.51.51.51.51.51.1.50.37.3.3.2.50.64.3.1.15.22.3.52.3.51.3.52.3.3.29.3.50.1.21.3.51.3.51.24.37.12.3.2.4.19.7.51.51.52.xover.mutate.done 50
 generation 9.58.57.65.56.51.51.51.51.51.51.39.50.1.1.49.2.51.33.2.51.50.45.51.50.58.51.51.3.51.51.1.12.51.2.2.39.2.2.1.49.31.2.1.13.1.51.1.50.51.48.xover.mutate.done 50
 generation 10.59.65.66.62.59.50.50.50.50.50.50.62.29.0.16.50.32.0.0.50.0.47.0.0.0.18.50.0.47.66.0.43.50.50.0.50.10.0.66.0.17.16.22.50.50.56.50.0.0.25.xover.mutate.done 50
 generation 11.62.62.62.62.60.60.63.59.63.51.43.51.50.13.1.51.37.51.44.2.2.29.2.1.51.63.1.2.2.50.51.51.25.51.15.45.2.1.51.1.33.12.51.38.2.1.2.44.1.1.xover.mutate.done 50
 generation 12.67.67.68.63.63.63.63.60.60.61.45.61.52.2.2.51.50.51.1.51.50.1.18.1.51.51.17.3.60.68.1.2.2.1.1.45.1.15.51.51.50.2.1.51.1.2.51.51.2.29.xover.mutate.done 50
 generation 13.63.63.64.65.66.66.66.66.60.59.1.1.0.18.1.8.41.46.50.8.50.63.1.5.1.50.50.39.65.50.50.51.47.55.66.17.44.1.1.1.1.1.69.2.21.0.50.1.14.46.xover.mutate.done 50
 generation 14.70.64.64.64.64.64.63.64.62.61.23.0.71.41.14.1.66.0.67.1.16.63.37.1.62.50.51.1.21.58.21.17.1.16.0.59.31.67.1.51.14.57.1.1.54.0.70.58.61.1.xover.mutate.done 50
 generation 15.72.67.68.68.68.70.62.62.62.62.60.14.63.51.3.32.2.51.70.21.49.63.42.59.54.51.56.3.34.27.49.53.67.3.3.51.71.34.51.23.56.50.2.22.15.36.64.50.53.51.xover.mutate.done 50
 generation 16.72.71.73.69.75.66.66.72.63.61.50.25.71.41.76.68.22.6.31.1.1.10.51.1.32.67.15.40.6.75.38.51.0.51.49.13.9.15.56.50.1.1.24.72.1.1.36.61.1.1.xover.mutate.done 50
 generation 17.70.71.71.67.70.66.66.69.67.70.52.50.50.50.66.55.2.41.64.50.11.0.17.66.5.55.0.50.0.0.68.8.68.0.22.0.51.52.45.66.0.60.0.0.47.0.18.66.16.0.xover.mutate.done 50
 generation 18.72.76.74.72.69.70.69.66.71.69.2.50.2.65.50.61.26.45.47.69.2.25.36.9.42.2.59.21.3.70.2.72.2.50.43.50.2.33.68.12.21.24.50.50.0.50.64.54.41.32.xover.mutate.done 50
 generation 19.67.72.63.64.67.62.67.62.65.62.57.34.1.1.51.7.17.20.4.51.30.0.16.31.2.9.51.1.51.8.1.69.7.53.45.36.51.4.33.51.47.5.47.51.35.29.3.60.50.40.xover.mutate.done 50
 generation 20.77.79.78.71.72.71.69.70.69.73.10.17.68.47.18.51.55.29.86.65.36.56.39.58.48.49.51.48.0.56.46.1.2.1.51.25.64.44.43.6.12.40.31.55.2.10.43.51.58.70.xover.mutate.done 50
 generation 21.78.74.77.78.67.67.73.71.70.68.1.1.95.14.63.59.34.51.74.40.44.51.17.29.69.58.1.1.42.27.49.17.44.39.43.51.1.46.51.49.59.17.42.68.46.25.2.61.30.21.xover.mutate.done 50
 generation 22.90.77.72.72.68.70.68.68.63.65.2.41.65.65.2.30.44.9.7.25.1.51.51.2.51.27.47.2.55.2.2.47.50.38.65.49.36.51.51.2.54.51.27.2.65.14.58.60.2.50.xover.mutate.done 50
 generation 23.88.85.76.79.76.79.74.74.70.77.52.56.50.47.34.48.5.18.14.51.34.2.30.52.44.48.44.47.52.69.2.84.7.17.11.50.48.16.50.2.29.36.59.67.35.52.2.29.50.15.xover.mutate.done 50
 generation 24.91.73.71.73.69.64.73.71.70.65.25.26.35.37.50.55.50.36.49.76.31.42.20.50.34.18.55.10.23.42.4.45.17.78.57.50.23.59.50.28.50.68.56.67.50.20.10.37.0.50.xover.mutate.done 50
 generation 25.88.85.78.80.70.72.74.68.66.68.0.32.36.50.21.0.44.7.0.50.51.49.71.5.49.44.6.85.61.65.13.50.44.39.69.0.0.50.25.66.79.50.47.50.50.32.47.32.50.47.xover.mutate.done 50
 generation 26.89.81.81.81.84.87.83.79.83.81.20.18.50.48.81.81.70.25.26.28.51.51.45.18.74.81.51.86.11.48.11.50.87.3.50.48.66.68.45.67.6.16.82.47.50.15.56.51.35.50.xover.mutate.done 50
 generation 27.87.85.82.85.84.75.73.80.70.70.57.66.85.50.64.79.25.18.85.77.87.37.35.1.28.18.50.23.2.43.70.55.50.50.1.24.43.34.22.46.64.16.51.24.14.87.16.32.70.1.xover.mutate.done 50
 generation 28.90.89.95.96.96.99.87.89.88.87.46.96.96.5.22.60.35.46.9.5.48.50.23.19.96.39.31.67.54.17.15.26.68.23.82.6.5.54.40.51.5.89.5.49.29.54.69.2.51.5.xover.mutate.done 50
 generation 29.91.86.88.84.90.90.88.84.79.85.89.39.50.21.2.22.25.49.21.16.0.0.60.35.0.23.13.50.37.50.5.6.0.42.17.43.31.58.49.50.37.0.39.29.45.4.50.79.16.48.xover.mutate.done 50
 generation 30.91.92.92.87.87.89.94.85.88.86.50.38.52.28.42.45.10.52.42.21.51.43.44.51.67.2.11.11.62.51.20.73.11.51.58.10.12.32.17.23.10.33.29.46.27.51.51.31.21.54.xover.mutate.done 50
 generation 31.94.88.88.89.88.85.93.86.88.83.44.3.64.48.26.3.41.3.38.49.49.3.52.65.35.6.3.46.31.34.16.52.7.3.3.68.22.11.59.86.7.14.51.16.52.40.34.88.11.85.xover.mutate.done 50
 generation 32.93.94.93.88.88.93.93.86.88.88.49.51.4.4.9.58.80.4.3.51.3.8.20.56.26.52.16.4.9.80.91.51.66.4.4.25.9.19.9.44.4.4.4.51.49.9.3.4.4.26.xover.mutate.done 50
 generation 33.85.89.90.87.90.93.89.89.84.84.36.50.45.22.7.1.27.5.12.2.57.39.51.64.50.51.16.1.20.27.9.2.47.60.46.30.51.66.50.54.63.2.91.67.1.2.36.17.20.51.xover.mutate.done 50
 generation 34.93.91.90.90.89.88.88.88.93.90.1.47.91.45.51.21.1.16.18.70.10.89.46.14.1.77.50.7.48.29.39.1.67.21.50.1.12.1.51.18.56.42.88.10.14.47.1.14.1.51.xover.mutate.done 50
 generation 35.91.88.92.92.85.91.85.88.88.88.61.41.4.63.3.29.10.28.2.60.2.50.47.38.52.9.2.16.9.34.48.88.50.20.32.52.8.74.56.40.40.3.89.52.53.52.2.90.2.2.xover.mutate.done 50
 generation 36.90.90.87.85.89.86.86.85.84.84.45.37.17.12.11.52.3.3.3.90.2.3.35.26.41.3.68.39.47.37.57.14.51.3.4.11.50.26.34.52.65.11.18.17.73.26.12.80.52.19.xover.mutate.done 50
 generation 37.86.86.86.83.85.88.87.84.82.86.61.38.50.47.1.10.39.40.1.8.50.1.78.80.49.53.9.33.10.1.1.1.45.10.8.45.51.1.10.0.22.1.1.39.6.12.50.60.5.10.xover.mutate.done 50
 generation 38.86.89.90.90.90.87.92.91.89.85.38.22.12.2.26.29.81.46.2.67.51.18.2.81.16.19.2.25.2.2.2.89.22.51.51.2.23.6.51.19.10.54.44.88.68.5.2.23.51.14.xover.mutate.done 50
 generation 39.90.85.91.91.91.92.93.84.91.91.28.11.39.27.23.19.51.50.45.32.1.1.1.17.32.19.1.1.51.34.43.1.48.58.34.49.33.1.39.65.20.0.39.62.12.16.66.76.8.7.xover.mutate.done 50
 generation 40.92.89.90.90.90.92.89.92.88.83.17.2.49.47.47.9.37.31.28.22.2.2.2.35.18.21.52.2.12.52.41.49.10.2.41.66.22.15.51.60.9.50.25.76.8.3.16.2.38.52.xover.mutate.done 50
 generation 41.93.93.89.91.91.91.86.89.85.81.54.35.36.32.18.71.2.52.16.5.63.28.52.33.2.14.8.8.52.92.2.51.49.62.12.2.50.33.10.59.28.91.43.22.2.89.91.22.51.8.xover.mutate.done 50
 generation 42.88.95.95.90.90.90.91.90.92.91.17.24.52.50.43.10.3.3.66.3.49.9.73.62.3.34.15.50.27.63.3.91.38.33.17.64.11.56.33.29.16.24.52.51.13.49.51.44.3.10.xover.mutate.done 50
 generation 43.91.87.87.84.81.87.92.92.92.92.46.3.86.5.35.39.2.37.48.35.3.17.3.46.56.3.30.48.8.66.57.67.26.48.52.49.63.15.63.51.18.79.66.92.76.36.52.27.1.51.xover.mutate.done 50
 generation 44.93.93.93.93.93.94.92.92.87.88.7.72.50.50.47.67.41.0.50.62.54.14.48.89.50.49.50.46.0.86.53.50.46.58.48.9.50.59.27.42.25.50.6.53.0.0.21.0.58.6.xover.mutate.done 50
 generation 45.90.90.90.90.90.90.93.91.87.89.14.81.52.3.64.14.85.49.90.51.38.18.65.40.17.77.14.79.88.2.3.52.51.57.51.60.37.43.47.52.10.7.28.47.49.55.76.59.49.58.xover.mutate.done 50
 generation 46.91.89.93.89.89.89.89.89.88.89.73.26.9.50.63.0.58.58.20.50.50.43.0.50.0.31.43.56.14.0.0.16.88.45.83.0.50.50.0.50.36.43.23.0.89.12.44.28.33.17.xover.mutate.done 50
 generation 47.94.94.89.95.95.95.95.95.93.95.3.42.51.3.11.52.46.52.57.52.3.62.89.89.33.51.3.3.52.64.50.54.43.52.62.3.63.38.52.2.33.58.50.10.79.50.68.50.14.50.xover.mutate.done 50
 generation 48.94.94.94.94.94.94.96.93.91.91.54.18.34.10.11.50.7.50.49.3.94.65.50.0.49.26.50.74.18.5.38.55.41.31.20.0.45.50.94.45.44.53.90.91.22.10.7.50.0.46.xover.mutate.done 50
 generation 49.94.95.95.95.95.95.95.95.95.91.89.46.29.67.70.42.7.53.48.57.28.8.57.25.37.51.50.54.11.34.31.1.10.58.44.1.2.59.54.8.95.1.97.25.57.59.50.15.68.41.xover.mutate.done 50
 33300826 iters     699403 iter/sec (47.61 s)
 total time: 47.61
