0.0625 0.8515625 0.640625 0.125 1.0 0.265625 0.703125 0.421875 0.90625 0.875 
0.109375 0.8671875 0.0625 0.8515625 1.0 0.875 0.96875 0.890625 0.015625 0.6640625 
0.109375 0.8671875 0.8671875 0.75 0.28125 0.0625 0.8515625 1.0 0.875 0.96875 
0.109375 0.8671875 0.8671875 0.75 0.28125 0.0625 0.8515625 1.0 0.875 0.96875 
0.109375 0.28125 0.3984375 0.453125 0.1640625 0.8671875 0.8671875 0.75 0.7890625 0.8671875 
0.8671875 0.8671875 0.75 0.7890625 0.8671875 0.625 0.9140625 0.609375 0.859375 0.546875 
0.6015625 0.8671875 0.8671875 0.75 0.7890625 0.8671875 0.625 0.9140625 0.609375 0.859375 
0.6015625 0.6015625 0.3984375 0.8671875 0.8671875 0.75 0.7890625 0.8671875 0.625 0.9140625 
0.5703125 0.6015625 0.6015625 0.578125 0.5859375 0.6171875 0.5546875 0.3984375 0.8671875 0.8671875 
0.5859375 0.578125 0.5703125 0.6015625 0.6015625 0.6171875 0.5546875 0.3984375 0.8671875 0.8671875 
0.5625 0.5703125 0.578125 0.5859375 0.6015625 0.6015625 0.6171875 0.5859375 0.59375 0.3984375 
0.5625 0.5859375 0.5546875 0.578125 0.6015625 0.6015625 0.5703125 0.5625 0.5703125 0.5859375 
0.5859375 0.5625 0.5546875 0.5703125 0.5625 0.5703125 0.5625 0.578125 0.5625 0.5859375 
0.5859375 0.5546875 0.5625 0.5703125 0.5625 0.5703125 0.5703125 0.578125 0.6015625 0.5625 
0.5703125 0.5859375 0.5703125 0.546875 0.5625 0.6015625 0.5546875 0.5703125 0.6015625 0.5625 
0.5859375 0.5859375 0.5703125 0.5625 0.6015625 0.5703125 0.546875 0.546875 0.5546875 0.5703125 
0.625 0.5859375 0.5703125 0.5546875 0.5859375 0.5703125 0.6015625 0.578125 0.5625 0.546875 
0.625 0.5859375 0.546875 0.5859375 0.5703125 0.5625 0.5546875 0.5859375 0.578125 0.5703125 
0.5859375 0.625 0.546875 0.5859375 0.5859375 0.5546875 0.578125 0.5703125 0.5625 0.5546875 
0.625 0.5859375 0.546875 0.5859375 0.5546875 0.5703125 0.5546875 0.578125 0.5859375 0.5546875 
0.625 0.5859375 0.546875 0.5546875 0.5703125 0.5546875 0.5625 0.578125 0.5859375 0.5859375 
0.59375 0.5859375 0.6015625 0.625 0.578125 0.546875 0.5546875 0.5546875 0.5859375 0.5625 
0.625 0.59375 0.546875 0.6015625 0.5859375 0.578125 0.5546875 0.5546875 0.546875 0.5625 
0.59375 0.578125 0.625 0.6015625 0.5859375 0.578125 0.546875 0.5625 0.546875 0.5546875 
0.578125 0.59375 0.625 0.578125 0.5703125 0.625 0.6015625 0.5546875 0.5546875 0.6171875 
0.578125 0.625 0.59375 0.5703125 0.625 0.625 0.6171875 0.5625 0.578125 0.5546875 
0.578125 0.625 0.625 0.578125 0.5703125 0.59375 0.625 0.5625 0.6171875 0.5546875 
0.625 0.625 0.578125 0.5703125 0.578125 0.625 0.59375 0.5703125 0.5703125 0.5859375 
0.578125 0.5703125 0.578125 0.59375 0.6171875 0.578125 0.5859375 0.5703125 0.5703125 0.5625 
0.5859375 0.6015625 0.5546875 0.578125 0.5703125 0.578125 0.59375 0.6171875 0.578125 0.578125 
0.59375 0.5546875 0.5859375 0.5546875 0.578125 0.5703125 0.578125 0.578125 0.578125 0.578125 
0.5859375 0.5859375 0.5859375 0.5703125 0.5546875 0.5546875 0.578125 0.5703125 0.578125 0.578125 
0.546875 0.5703125 0.5546875 0.578125 0.5703125 0.578125 0.578125 0.5625 0.5625 0.5390625 
0.5703125 0.5703125 0.5546875 0.578125 0.5703125 0.578125 0.578125 0.5625 0.578125 0.5390625 
0.5703125 0.5703125 0.5546875 0.578125 0.5703125 0.578125 0.578125 0.5625 0.6015625 0.5703125 
0.5390625 0.5625 0.546875 0.5703125 0.5546875 0.578125 0.5703125 0.578125 0.6015625 0.5859375 
0.5625 0.5703125 0.6015625 0.5703125 0.578125 0.578125 0.5703125 0.578125 0.546875 0.546875 
0.5625 0.5703125 0.5703125 0.578125 0.546875 0.578125 0.5703125 0.578125 0.546875 0.5546875 
0.5625 0.5625 0.5703125 0.578125 0.578125 0.578125 0.640625 0.546875 0.5703125 0.5546875 
0.578125 0.640625 0.5546875 0.546875 0.5625 0.5703125 0.578125 0.578125 0.546875 0.5703125 
0.640625 0.5625 0.5703125 0.578125 0.578125 0.5703125 0.5546875 0.5625 0.578125 0.546875 
0.578125 0.640625 0.578125 0.578125 0.5703125 0.5546875 0.5625 0.5625 0.5703125 0.5625 
0.5625 0.5625 0.578125 0.5703125 0.640625 0.609375 0.640625 0.578125 0.578125 0.5703125 
0.578125 0.640625 0.5625 0.5625 0.5703125 0.640625 0.65625 0.609375 0.578125 0.578125 
0.65625 0.640625 0.640625 0.5625 0.5625 0.5703125 0.640625 0.578125 0.578125 0.5625 
0.578125 0.578125 0.5625 0.65625 0.5625 0.5625 0.5703125 0.578125 0.640625 0.640625 
0.5625 0.65625 0.5703125 0.640625 0.640625 0.5859375 0.59375 0.640625 0.578125 0.578125 
0.5859375 0.65625 0.59375 0.5625 0.5703125 0.640625 0.640625 0.578125 0.578125 0.53125 
0.6171875 0.578125 0.65625 0.640625 0.640625 0.6015625 0.5859375 0.5703125 0.578125 0.578125 
0.578125 0.5859375 0.65625 0.640625 0.640625 0.6015625 0.65625 0.640625 0.6171875 0.6015625 
