% Ministry of Cellular Automata
% Project Deux (CS523 Spring 2015)
% Version:v0.1-66-g3e0f-dirty
%  pop:50
%  ic count:100
%  CA Log option:r3/run19
%  width:121
%  max workers:4
%  radius:3
%  iterations:300
%  generations:50

 generation 0.1.1.2.50.15.50.1.2.1.1.1.50.51.1.2.2.21.50.1.1.1.2.50.20.51.1.2.1.2.50.1.2.50.50.1.1.1.1.2.1.1.50.1.2.8.2.1.1.50.1.xover.mutate.done 50
 generation 1.51.50.50.50.50.50.50.50.50.50.50.1.22.1.8.0.1.26.1.14.50.30.0.1.0.50.0.50.1.1.0.37.50.51.1.1.51.50.1.1.50.0.0.0.1.50.10.1.25.0.xover.mutate.done 50
 generation 2.50.50.50.51.50.50.50.50.50.50.50.1.1.1.50.1.50.50.44.1.1.50.1.51.51.50.1.2.1.1.1.1.50.50.0.50.1.1.10.50.1.1.50.1.51.50.0.50.1.1.xover.mutate.done 50
 generation 3.50.50.50.50.50.50.50.50.50.50.50.0.50.0.6.0.50.50.50.18.26.0.50.0.0.39.50.0.50.49.0.0.50.50.0.50.50.50.50.50.50.0.0.0.50.0.50.0.50.0.xover.mutate.done 50
 generation 4.50.50.50.50.51.51.51.50.50.50.46.50.50.0.1.1.1.0.0.1.1.1.50.36.0.50.1.0.1.1.0.0.0.1.1.5.0.51.51.1.51.1.50.1.1.50.1.0.1.1.xover.mutate.done 50
 generation 5.50.50.50.50.50.50.50.50.50.50.0.0.0.0.0.0.34.0.34.50.50.0.0.50.0.0.44.0.50.7.14.50.50.50.0.0.0.16.50.0.50.0.50.50.0.50.50.0.50.50.xover.mutate.done 50
 generation 6.50.50.50.50.50.50.50.50.50.50.0.0.0.50.0.0.0.0.0.50.0.50.50.0.50.0.0.50.0.0.50.0.0.17.50.75.0.0.0.50.0.50.0.0.0.0.50.0.0.0.xover.mutate.done 50
 generation 7.58.50.50.50.50.50.50.50.50.50.14.50.0.50.50.50.50.0.50.0.50.50.8.0.0.0.0.0.0.0.0.50.50.0.0.0.50.0.0.0.0.0.0.0.0.0.50.0.50.0.xover.mutate.done 50
 generation 8.68.52.52.52.52.52.52.52.52.52.2.13.2.52.4.4.4.15.4.4.4.4.4.4.52.16.2.4.52.2.4.4.4.2.2.4.52.4.4.17.4.14.4.2.52.4.2.50.5.4.xover.mutate.done 50
 generation 9.67.51.51.51.51.51.51.50.50.50.0.1.1.1.1.1.1.1.1.1.1.15.51.1.1.1.34.51.1.1.12.1.1.1.51.50.1.50.1.51.0.14.1.1.12.13.1.1.1.1.xover.mutate.done 50
 generation 10.64.51.51.51.51.51.51.51.51.51.45.1.1.42.1.33.3.13.51.1.1.50.1.1.1.51.42.1.1.1.1.1.1.1.7.51.50.1.1.1.51.51.1.51.1.1.1.51.51.1.xover.mutate.done 50
 generation 11.73.51.51.51.51.51.51.51.51.51.47.1.1.1.36.12.51.1.1.1.1.1.51.51.1.1.1.13.1.1.51.51.1.1.1.1.1.41.1.9.51.51.1.49.1.1.0.51.51.1.xover.mutate.done 50
 generation 12.74.51.51.51.51.51.51.51.51.51.51.51.51.1.51.26.51.1.2.2.51.51.50.50.51.2.41.15.51.1.2.51.20.1.50.51.51.2.2.2.51.51.1.15.51.51.2.1.2.15.xover.mutate.done 50
 generation 13.66.50.50.50.50.50.50.50.50.50.2.0.50.50.50.50.0.2.2.2.50.50.50.28.2.50.0.50.0.50.47.50.50.50.50.2.50.50.50.50.7.50.50.50.50.41.0.50.8.50.xover.mutate.done 50
 generation 14.63.53.53.53.53.53.53.53.53.53.53.53.53.53.53.53.53.50.3.4.4.53.50.3.53.4.53.53.3.53.4.53.4.4.53.53.50.53.53.3.4.53.4.53.53.53.4.53.12.4.xover.mutate.done 50
 generation 15.73.51.51.51.51.51.51.51.51.51.51.7.1.51.1.50.50.51.15.51.51.0.51.11.1.1.51.1.17.51.1.51.51.51.50.1.51.10.51.0.1.51.51.51.51.1.1.2.1.1.xover.mutate.done 50
 generation 16.73.51.51.51.51.51.51.51.51.51.51.51.51.51.50.51.51.12.51.4.1.51.51.4.51.3.51.4.4.19.51.51.51.1.51.51.4.1.51.1.51.16.51.51.51.12.4.51.51.51.xover.mutate.done 50
 generation 17.65.50.50.50.50.50.50.50.50.50.0.0.50.0.50.50.13.14.0.50.50.50.0.7.0.50.50.50.50.0.0.50.0.0.40.50.50.49.50.0.0.50.50.50.50.50.50.50.50.41.xover.mutate.done 50
 generation 18.65.50.50.50.50.50.50.50.50.50.1.1.19.50.50.1.47.9.28.50.1.50.50.1.41.50.0.50.1.50.50.1.50.50.50.0.0.41.1.1.50.0.0.50.50.50.50.50.1.9.xover.mutate.done 50
 generation 19.70.51.51.51.51.51.51.51.51.51.1.12.51.51.51.4.16.1.4.51.12.4.4.12.3.3.51.4.4.51.1.4.4.50.17.1.4.4.51.51.51.1.1.4.17.4.4.3.4.51.xover.mutate.done 50
 generation 20.63.51.51.51.51.51.51.51.51.51.43.1.51.51.51.10.10.1.49.51.1.0.44.51.1.1.51.1.51.8.51.1.51.1.50.51.5.1.1.51.21.51.1.1.51.1.1.51.51.1.xover.mutate.done 50
 generation 21.64.51.51.51.51.51.51.51.51.51.51.51.1.51.51.1.51.0.0.1.1.1.51.51.1.51.51.1.1.47.51.1.1.1.50.51.51.50.51.51.1.50.1.11.1.51.1.47.1.39.xover.mutate.done 50
 generation 22.71.51.51.51.51.51.51.51.51.51.51.3.51.14.3.51.3.3.51.3.51.51.51.40.3.2.51.51.51.3.14.51.50.50.72.51.51.3.51.51.51.50.51.3.51.50.14.3.10.2.xover.mutate.done 50
 generation 23.72.69.51.51.51.51.51.51.51.51.51.2.50.51.13.51.51.51.51.14.1.2.2.13.51.2.51.2.2.51.51.2.2.36.2.2.51.48.51.51.2.51.12.50.3.2.51.51.51.51.xover.mutate.done 50
 generation 24.70.69.51.51.51.51.51.51.51.51.51.51.51.2.51.51.51.2.6.51.35.51.70.51.34.51.51.51.2.15.51.51.51.1.2.2.51.51.70.51.51.2.51.1.51.51.17.1.51.51.xover.mutate.done 50
 generation 25.67.67.67.65.51.51.51.51.51.51.51.7.51.51.51.51.51.2.2.51.22.1.51.51.51.25.2.50.46.3.1.51.51.51.8.51.26.3.51.51.51.51.51.51.9.67.4.51.2.51.xover.mutate.done 50
 generation 26.67.67.67.62.65.51.51.51.51.51.2.58.51.51.51.49.51.13.1.50.1.1.7.51.51.51.50.51.1.11.1.51.51.51.51.51.51.0.1.0.46.51.51.7.51.51.43.1.51.40.xover.mutate.done 50
 generation 27.70.70.70.64.63.64.50.50.50.50.0.1.2.50.1.50.1.50.50.81.0.1.50.1.50.50.1.50.50.0.50.50.50.50.1.1.1.50.3.1.46.50.0.1.36.41.50.2.44.77.xover.mutate.done 50
 generation 28.79.71.70.70.70.67.63.64.52.52.3.52.50.15.3.52.52.52.52.51.52.48.52.52.52.2.52.81.13.52.57.3.52.3.65.52.3.3.60.3.39.46.52.52.9.18.51.43.52.52.xover.mutate.done 50
 generation 29.79.78.74.72.72.72.71.63.65.62.38.55.5.5.53.5.68.53.5.46.59.53.5.53.53.5.53.52.23.5.53.50.53.6.2.53.77.53.5.16.5.5.49.53.50.9.50.5.53.41.xover.mutate.done 50
 generation 30.82.81.72.73.73.73.73.68.67.69.21.38.18.3.55.12.68.53.47.3.3.64.11.11.53.3.7.3.9.16.3.11.3.10.48.10.40.70.3.3.57.3.45.3.66.48.3.7.53.42.xover.mutate.done 50
 generation 31.81.82.72.73.73.73.76.68.67.73.1.5.44.1.51.63.48.53.67.1.12.51.1.51.1.6.51.73.12.9.22.11.1.47.37.3.46.5.12.12.1.1.65.13.12.1.51.1.9.47.xover.mutate.done 50
 generation 32.79.77.71.68.68.68.65.74.60.59.1.3.43.12.1.38.19.51.44.34.3.40.33.25.59.53.51.9.63.3.3.1.5.51.7.52.1.62.3.26.6.41.5.64.15.35.5.1.38.1.xover.mutate.done 50
 generation 33.83.81.80.83.71.71.71.64.64.67.5.0.0.20.18.71.50.6.36.15.57.59.43.6.6.20.24.54.47.41.6.76.68.0.0.0.55.20.15.14.48.51.19.47.50.11.35.45.65.58.xover.mutate.done 50
 generation 34.76.75.77.71.72.66.66.66.66.66.7.24.61.3.9.2.13.52.66.3.2.13.2.81.40.47.10.3.65.2.46.7.45.41.2.37.50.59.49.50.37.29.3.32.3.5.37.66.5.45.xover.mutate.done 50
 generation 35.80.77.80.77.71.80.69.69.69.69.40.6.25.37.54.81.45.1.0.49.46.50.8.47.50.11.40.0.32.46.50.1.13.29.38.2.1.48.41.1.5.50.20.54.45.40.29.50.46.19.xover.mutate.done 50
 generation 36.82.82.82.79.83.80.78.65.65.65.1.17.48.13.51.37.1.8.1.72.5.1.4.10.11.64.39.1.65.38.52.1.46.11.51.1.1.1.49.5.50.1.9.10.4.38.1.39.48.31.xover.mutate.done 50
 generation 37.87.81.81.85.79.74.71.72.73.73.1.11.5.30.2.48.50.89.1.55.5.1.42.50.25.1.49.60.48.48.5.41.2.50.1.48.49.55.49.1.24.43.2.1.43.49.50.1.6.9.xover.mutate.done 50
 generation 38.90.81.85.83.83.80.76.75.75.76.0.41.48.57.48.48.11.26.0.50.10.49.1.30.0.0.0.15.50.33.72.3.68.0.0.81.13.49.61.0.50.28.3.0.4.0.73.28.44.0.xover.mutate.done 50
 generation 39.89.82.79.80.88.80.77.84.81.66.49.3.25.47.51.50.18.28.2.1.77.3.2.45.3.1.10.42.53.37.10.41.13.11.15.21.15.26.78.27.3.51.31.1.1.11.79.46.20.54.xover.mutate.done 50
 generation 40.87.86.82.79.81.80.81.80.80.77.1.77.74.39.40.57.41.16.48.37.45.46.1.50.1.53.7.46.40.30.54.50.51.42.1.65.6.47.19.0.51.51.21.51.55.1.78.50.1.54.xover.mutate.done 50
 generation 41.94.86.73.75.78.87.85.85.84.83.57.51.23.2.60.2.2.46.70.49.47.1.4.50.73.8.51.21.2.51.36.1.51.13.51.44.79.50.51.55.1.82.1.48.2.51.13.39.57.21.xover.mutate.done 50
 generation 42.84.78.79.76.76.80.74.71.76.69.34.30.74.0.0.49.45.2.43.37.12.50.67.51.78.8.6.36.45.50.0.48.50.15.50.0.84.76.0.56.39.50.0.9.34.50.0.37.85.79.xover.mutate.done 50
 generation 43.90.90.89.81.79.86.77.79.76.76.24.72.32.76.52.2.47.2.40.52.44.48.7.50.10.2.58.86.84.89.40.50.4.52.64.80.52.83.74.50.52.43.50.44.3.52.38.3.52.52.xover.mutate.done 50
 generation 44.92.92.94.93.93.92.88.89.86.84.80.40.52.46.92.14.3.53.87.21.3.48.59.2.3.3.64.3.3.2.3.2.52.3.87.1.3.51.13.3.43.3.87.3.71.3.63.23.93.50.xover.mutate.done 50
 generation 45.83.84.87.87.87.87.86.87.76.85.12.13.54.61.45.11.50.46.2.49.88.4.52.2.52.4.47.25.34.4.2.56.52.4.11.43.45.4.52.65.85.2.46.56.34.50.26.4.71.4.xover.mutate.done 50
 generation 46.88.88.89.88.89.88.89.82.88.91.79.2.51.64.60.87.66.60.40.40.16.18.10.12.49.51.19.90.77.52.2.88.47.1.25.82.55.80.45.55.29.90.2.50.51.69.50.25.41.30.xover.mutate.done 50
 generation 47.86.85.84.85.84.82.83.86.83.83.84.47.82.62.5.49.53.18.85.10.10.7.84.82.9.12.47.15.9.85.60.54.49.38.5.48.50.37.24.59.5.5.47.75.3.35.47.73.48.66.xover.mutate.done 50
 generation 48.88.83.90.87.90.90.85.88.79.91.4.49.25.87.4.1.13.15.33.57.75.30.1.8.18.50.37.79.7.39.50.60.1.14.0.1.57.12.3.45.50.83.53.1.81.22.44.64.15.17.xover.mutate.done 50
 generation 49.89.89.89.87.87.87.87.87.84.81.50.36.7.9.49.1.1.23.73.41.10.17.47.45.8.24.70.50.1.13.48.50.50.45.31.7.1.27.48.3.24.1.1.19.1.33.7.71.49.10.xover.mutate.done 50
 31035564 iters     683965 iter/sec (45.38 s)
 total time: 45.38
