50 50 50 50 50 50 50 50 50 39 25 12 1 0 0 0 0 0 0 0 0 0 0 0 0 0 0 0 0 0 0 0 0 0 0 0 0 0 0 0 0 0 0 0 0 0 0 0 0 0 
67 51 51 50 50 50 50 50 50 50 50 50 50 50 50 50 50 50 50 50 50 50 50 40 40 37 34 21 1 1 1 1 1 1 1 1 1 1 1 1 1 1 0 0 0 0 0 0 0 0 
65 52 52 52 52 52 52 50 50 50 50 50 50 50 50 50 50 50 50 50 50 50 50 50 50 50 50 43 41 35 26 25 20 19 14 2 2 2 2 0 0 0 0 0 0 0 0 0 0 0 
59 53 53 53 51 51 51 51 51 51 51 51 51 51 51 51 51 51 50 50 50 50 50 50 50 50 50 50 50 50 50 50 46 40 30 28 13 12 5 4 4 4 4 4 3 3 3 3 1 1 
66 51 51 51 51 51 51 51 51 51 51 51 51 51 51 51 51 51 51 51 51 51 51 51 50 50 50 50 50 44 2 2 2 2 2 2 2 2 2 2 2 1 1 1 1 1 1 1 1 1 
59 52 52 52 52 52 52 52 52 52 52 52 52 52 52 52 52 52 52 52 52 52 50 50 50 50 50 50 50 50 3 3 3 3 3 3 2 2 2 2 2 2 2 2 2 2 1 0 0 0 
67 50 50 50 50 50 50 50 50 50 50 50 50 50 50 50 50 50 50 50 50 50 50 50 50 50 50 50 50 50 50 33 0 0 0 0 0 0 0 0 0 0 0 0 0 0 0 0 0 0 
61 50 50 50 50 50 50 50 50 50 50 50 50 50 50 50 50 50 50 50 50 50 50 50 50 50 50 50 50 50 50 47 47 46 37 27 14 9 8 8 7 0 0 0 0 0 0 0 0 0 
64 51 51 51 51 51 51 51 51 51 51 51 51 51 51 51 51 51 51 51 51 51 51 51 51 50 50 50 50 50 50 40 30 20 8 1 1 1 1 1 1 1 1 1 1 1 1 1 0 0 
60 55 52 52 52 52 52 52 52 52 52 52 52 52 52 52 52 52 52 52 52 52 52 50 50 46 25 19 15 12 6 2 2 2 2 2 2 2 2 2 2 2 2 2 2 2 2 2 2 2 
63 54 51 51 51 51 51 51 51 51 51 51 51 51 51 51 51 51 51 51 50 50 49 33 26 19 14 8 8 2 2 2 2 2 2 2 2 2 2 2 2 1 1 1 1 1 1 1 1 1 
57 50 50 50 50 50 50 50 50 50 50 50 50 50 50 50 50 50 50 50 50 50 50 50 49 48 48 46 36 35 32 2 2 2 2 2 2 2 2 2 2 2 2 2 2 2 0 0 0 0 
67 50 50 50 50 50 50 50 50 50 50 50 50 50 50 50 50 50 50 50 50 50 49 47 20 14 10 2 2 2 2 2 2 2 2 2 2 2 2 2 2 0 0 0 0 0 0 0 0 0 
60 50 50 50 50 50 50 50 50 50 50 50 50 50 50 50 50 50 50 50 50 50 50 50 50 47 36 26 7 6 0 0 0 0 0 0 0 0 0 0 0 0 0 0 0 0 0 0 0 0 
72 51 51 51 51 51 51 51 51 51 51 51 51 51 51 51 51 51 51 50 50 50 50 50 48 37 22 1 1 1 1 1 1 1 1 1 1 1 1 1 1 1 1 1 1 1 1 0 0 0 
61 50 50 50 50 50 50 50 50 50 50 50 50 50 50 50 50 50 50 50 50 38 38 32 21 17 11 0 0 0 0 0 0 0 0 0 0 0 0 0 0 0 0 0 0 0 0 0 0 0 
58 50 50 50 50 50 50 50 50 50 50 50 50 50 50 50 50 34 33 32 32 18 11 10 2 1 1 1 1 1 1 1 1 1 1 1 1 1 1 1 1 1 1 1 1 1 0 0 0 0 
54 51 51 51 51 51 51 51 51 51 51 51 51 51 51 51 51 51 51 44 43 14 3 3 3 3 3 3 3 3 3 3 3 3 3 3 3 3 3 3 3 2 2 2 1 1 1 1 1 1 
64 53 53 53 53 53 53 53 53 53 53 53 53 53 53 53 53 53 53 53 53 53 53 53 53 50 35 28 20 16 5 5 5 5 5 5 5 5 5 5 5 5 5 5 5 5 5 3 2 2 
61 51 50 50 50 50 50 50 50 50 50 50 50 50 50 50 50 50 50 50 50 49 22 22 9 5 4 1 1 1 1 1 1 1 1 1 1 1 1 1 1 1 1 1 1 0 0 0 0 0 
68 60 52 52 52 52 52 52 52 52 52 52 52 52 52 52 52 52 51 50 50 49 48 36 12 9 2 2 2 2 2 2 2 2 2 2 2 2 2 2 2 2 2 2 2 2 2 2 0 0 
60 51 51 51 51 51 51 51 51 51 51 51 51 51 51 51 51 51 51 51 51 47 36 34 32 12 10 10 9 4 1 1 1 1 1 1 1 1 1 1 1 1 1 1 1 1 1 0 0 0 
69 61 56 52 52 52 52 52 52 52 52 52 52 52 52 52 52 52 52 52 52 52 52 52 52 50 50 48 42 41 30 13 3 3 3 3 3 3 3 3 3 3 3 3 3 3 2 2 2 2 
62 52 52 52 52 52 52 52 52 52 52 52 52 52 52 52 52 52 50 50 50 50 49 48 47 46 18 15 13 12 6 6 6 6 6 6 6 6 6 6 4 4 2 2 2 2 2 2 2 2 
68 51 51 51 51 51 51 51 51 51 51 51 51 51 51 51 51 51 51 51 50 50 50 50 50 48 48 48 47 43 40 38 37 36 29 17 13 3 3 3 3 3 3 3 2 1 1 1 1 1 
58 50 50 50 50 50 50 50 50 50 50 50 50 50 50 50 50 50 50 50 50 50 50 50 50 50 50 50 50 47 31 22 0 0 0 0 0 0 0 0 0 0 0 0 0 0 0 0 0 0 
68 50 50 50 50 50 50 50 50 50 50 50 50 50 50 50 50 50 50 50 50 50 50 50 50 50 50 50 50 50 47 30 7 3 1 1 1 1 1 1 1 1 1 1 1 1 0 0 0 0 
59 52 52 52 52 52 52 52 52 52 52 52 52 52 52 52 52 52 52 52 52 52 52 52 52 52 52 47 38 37 34 18 17 16 2 2 2 2 2 2 2 2 2 2 2 2 2 0 0 0 
71 51 51 51 51 51 51 51 51 51 51 51 51 51 51 51 51 51 51 51 51 51 51 51 51 51 51 51 51 47 44 39 33 32 24 23 18 14 2 2 2 2 2 2 2 2 2 1 1 1 
66 50 50 50 50 50 50 50 50 50 50 50 50 50 50 50 50 50 50 50 50 50 50 50 50 50 50 50 50 50 48 41 38 36 33 12 0 0 0 0 0 0 0 0 0 0 0 0 0 0 
63 52 52 52 52 52 52 52 52 52 52 52 52 52 52 52 52 52 52 52 52 52 52 52 52 52 52 52 52 52 50 50 49 47 34 12 3 3 3 3 3 3 3 3 3 3 2 2 2 1 
60 50 50 50 50 50 50 50 50 50 50 50 50 50 50 50 50 50 50 50 50 50 50 50 50 50 50 50 50 50 50 47 45 39 39 22 11 0 0 0 0 0 0 0 0 0 0 0 0 0 
59 50 50 50 50 50 50 50 50 50 50 50 50 50 50 50 50 50 50 50 50 50 50 48 39 30 29 28 22 20 19 11 9 8 8 3 1 1 1 1 1 1 1 1 1 1 1 0 0 0 
59 51 51 51 51 51 51 51 51 51 51 51 51 51 51 51 51 51 51 51 51 51 51 51 51 51 50 50 50 39 34 32 29 22 22 13 11 1 1 1 1 1 1 1 1 1 1 1 0 0 
59 50 50 50 50 50 50 50 50 50 50 50 50 50 50 50 50 50 50 50 50 50 50 50 50 50 50 50 50 50 50 43 37 11 10 0 0 0 0 0 0 0 0 0 0 0 0 0 0 0 
60 51 51 51 51 51 51 51 51 51 51 51 51 51 51 51 51 51 51 51 51 51 51 51 51 51 51 51 50 38 34 27 19 12 10 3 1 1 1 1 1 1 1 1 1 1 1 1 1 1 
71 50 50 50 50 50 50 50 50 50 50 50 50 50 50 50 50 50 50 50 50 50 50 50 50 50 50 50 50 50 50 50 50 50 50 38 6 6 3 3 3 3 3 3 3 3 3 3 3 0 
59 51 51 51 51 51 51 51 51 51 51 51 51 51 51 51 51 51 51 51 51 51 51 50 46 31 27 25 11 4 4 4 4 4 3 3 3 3 3 3 3 3 3 3 3 3 3 2 1 1 
63 50 50 50 50 50 50 50 50 50 50 50 50 50 50 50 50 50 50 50 50 50 50 50 50 50 50 50 50 49 43 41 32 8 2 1 1 1 1 1 1 1 1 1 1 1 1 1 0 0 
64 50 50 50 50 50 50 50 50 50 50 50 50 50 50 50 50 50 50 50 50 50 50 50 50 50 50 50 31 22 19 14 8 1 0 0 0 0 0 0 0 0 0 0 0 0 0 0 0 0 
72 51 51 51 51 51 51 51 51 51 51 51 51 51 51 51 51 51 51 51 50 50 50 50 50 49 48 42 39 19 13 2 2 2 2 2 2 2 2 2 2 2 2 2 2 2 2 1 1 1 
59 50 50 50 50 50 50 50 50 50 50 50 50 50 50 50 50 49 48 42 41 41 41 39 19 19 16 9 4 1 1 1 1 1 1 1 1 1 1 1 1 1 1 1 1 1 1 1 1 1 
64 50 50 50 50 50 50 50 50 50 50 50 50 50 50 50 50 50 50 50 44 42 33 26 18 10 9 3 3 3 3 3 3 3 3 3 3 3 3 3 3 3 3 3 3 3 3 3 3 0 
63 51 51 51 51 51 51 51 51 51 51 51 51 51 51 51 51 50 50 43 42 38 38 30 25 23 16 9 7 3 3 3 3 3 3 3 3 3 3 3 3 3 3 3 3 2 2 2 1 1 
61 50 50 50 50 50 50 50 50 50 50 50 50 50 50 50 50 50 50 50 50 50 42 36 33 27 26 19 14 10 7 0 0 0 0 0 0 0 0 0 0 0 0 0 0 0 0 0 0 0 
62 52 52 52 52 52 52 52 52 52 52 52 52 52 52 52 52 52 52 52 50 50 50 50 50 50 50 50 49 47 47 46 42 40 39 23 21 17 2 2 2 2 2 2 2 2 2 2 0 0 
61 51 51 51 51 51 51 51 51 51 51 51 51 51 51 51 51 51 51 51 51 50 50 43 43 42 29 7 6 1 1 1 1 1 1 1 1 1 1 1 1 1 1 1 1 1 1 1 0 0 
55 50 50 50 50 50 50 50 50 50 50 50 50 50 50 50 50 50 50 50 50 50 50 50 50 31 18 0 0 0 0 0 0 0 0 0 0 0 0 0 0 0 0 0 0 0 0 0 0 0 
66 50 50 50 50 50 50 50 50 50 50 50 50 50 50 50 50 50 50 50 50 50 50 50 50 49 38 29 20 20 19 16 1 1 1 1 1 1 1 1 1 1 1 1 1 1 0 0 0 0 
64 53 53 53 53 53 53 53 53 53 53 53 53 53 50 50 50 50 49 42 41 32 31 28 26 20 12 3 3 3 3 3 3 3 3 3 3 3 3 3 3 3 3 0 0 0 0 0 0 0 
