0.5546875 0.1171875 0.2578125 0.78125 0.1796875 0.0390625 0.203125 0.3515625 0.5859375 0.6328125 
0.0703125 0.78125 0.0390625 0.859375 0.0 0.9765625 0.8046875 0.890625 0.890625 0.609375 
0.0703125 0.78125 0.0390625 0.859375 0.0 0.9765625 0.8046875 0.890625 0.890625 0.625 
0.0703125 0.0625 0.078125 0.0625 0.28125 0.4296875 0.78125 0.0390625 0.859375 0.0 
0.0703125 0.0625 0.078125 0.0625 0.28125 0.4296875 0.78125 0.0390625 0.859375 0.0 
0.484375 0.0703125 0.0625 0.078125 0.0625 0.28125 0.4296875 0.3203125 0.25 0.1015625 
0.4375 0.484375 0.0703125 0.0625 0.078125 0.0625 0.28125 0.4296875 0.3203125 0.25 
0.4375 0.484375 0.0703125 0.0625 0.078125 0.0625 0.28125 0.4296875 0.3203125 0.25 
0.4375 0.484375 0.5 0.4765625 0.0703125 0.0625 0.078125 0.0625 0.28125 0.4296875 
0.4375 0.4765625 0.4921875 0.484375 0.5 0.0703125 0.0625 0.078125 0.0625 0.28125 
0.4375 0.4921875 0.5 0.5 0.4765625 0.484375 0.5 0.5 0.6171875 0.0703125 
0.4921875 0.4375 0.4921875 0.5 0.5 0.4765625 0.4765625 0.484375 0.5 0.5 
0.4921875 0.40625 0.4375 0.515625 0.4921875 0.5 0.5 0.5390625 0.4765625 0.4765625 
0.4921875 0.4375 0.5390625 0.5234375 0.40625 0.421875 0.515625 0.4921875 0.5 0.5 
0.4921875 0.4765625 0.5234375 0.40625 0.4375 0.5390625 0.515625 0.5 0.5 0.421875 
0.4921875 0.5234375 0.40625 0.4765625 0.4375 0.5 0.5 0.5390625 0.515625 0.421875 
0.4921875 0.40625 0.4765625 0.5234375 0.5234375 0.5390625 0.4375 0.5390625 0.5 0.5 
0.4921875 0.5234375 0.5390625 0.4765625 0.5703125 0.40625 0.5390625 0.5234375 0.4375 0.5390625 
0.4921875 0.5234375 0.5390625 0.5234375 0.4765625 0.40625 0.5390625 0.546875 0.5703125 0.5390625 
0.4921875 0.4765625 0.5390625 0.5625 0.5234375 0.40625 0.5703125 0.53125 0.5546875 0.5234375 
0.4921875 0.5234375 0.5625 0.4765625 0.5546875 0.5390625 0.5234375 0.5390625 0.4453125 0.5703125 
0.4921875 0.5625 0.5234375 0.5546875 0.5390625 0.5390625 0.5234375 0.4765625 0.5703125 0.4453125 
0.53125 0.5703125 0.4921875 0.53125 0.5625 0.5234375 0.5390625 0.5234375 0.5390625 0.4765625 
0.53125 0.4921875 0.515625 0.5234375 0.5625 0.5546875 0.5703125 0.5390625 0.5234375 0.4765625 
0.4921875 0.53125 0.515625 0.5234375 0.5625 0.5546875 0.5703125 0.5390625 0.5234375 0.53125 
0.53125 0.4765625 0.4921875 0.5234375 0.5703125 0.515625 0.5625 0.5234375 0.5234375 0.5546875 
0.4765625 0.53125 0.4921875 0.515625 0.5390625 0.5625 0.53125 0.5703125 0.5546875 0.5546875 
0.4765625 0.53125 0.4921875 0.5390625 0.5234375 0.515625 0.5703125 0.5546875 0.5546875 0.5625 
0.4765625 0.53125 0.4921875 0.5390625 0.515625 0.5703125 0.5546875 0.5234375 0.5546875 0.5625 
0.53125 0.4765625 0.5234375 0.5390625 0.4921875 0.5703125 0.515625 0.5546875 0.5625 0.5546875 
0.53125 0.4765625 0.5234375 0.4921875 0.5390625 0.5703125 0.5546875 0.515625 0.5546875 0.5625 
0.4765625 0.4921875 0.53125 0.515625 0.5546875 0.5625 0.5703125 0.5390625 0.5546875 0.46875 
0.5546875 0.53125 0.4765625 0.5703125 0.4921875 0.5546875 0.515625 0.46875 0.5390625 0.484375 
0.53125 0.5546875 0.4765625 0.484375 0.5703125 0.5390625 0.5546875 0.515625 0.46875 0.4921875 
0.4765625 0.5546875 0.4921875 0.53125 0.5390625 0.515625 0.5703125 0.5546875 0.5390625 0.484375 
0.4765625 0.4921875 0.53125 0.515625 0.5390625 0.5546875 0.484375 0.5390625 0.5703125 0.484375 
0.4765625 0.53125 0.5546875 0.4921875 0.515625 0.484375 0.5390625 0.5 0.5390625 0.5390625 
0.53125 0.4765625 0.5546875 0.4921875 0.515625 0.484375 0.5390625 0.515625 0.515625 0.5390625 
0.53125 0.4765625 0.5546875 0.4921875 0.4765625 0.515625 0.5390625 0.515625 0.5390625 0.5390625 
0.4765625 0.4765625 0.53125 0.5546875 0.4921875 0.515625 0.5390625 0.515625 0.5390625 0.5390625 
0.4765625 0.5546875 0.546875 0.53125 0.4765625 0.4921875 0.515625 0.5390625 0.5390625 0.5390625 
0.4765625 0.546875 0.4765625 0.53125 0.4921875 0.515625 0.5546875 0.5390625 0.5390625 0.5390625 
0.4765625 0.484375 0.53125 0.5546875 0.4765625 0.4921875 0.546875 0.4921875 0.5078125 0.515625 
0.53125 0.5546875 0.546875 0.4765625 0.4765625 0.484375 0.4765625 0.4921875 0.5 0.4921875 
0.546875 0.53125 0.5546875 0.4765625 0.4765625 0.484375 0.4765625 0.5 0.4921875 0.4921875 
0.4765625 0.4765625 0.484375 0.4765625 0.4921875 0.5 0.546875 0.53125 0.5546875 0.5390625 
0.4765625 0.4765625 0.484375 0.4765625 0.53125 0.546875 0.4921875 0.5 0.5390625 0.5546875 
0.53125 0.4765625 0.4765625 0.484375 0.4765625 0.5 0.546875 0.4921875 0.5390625 0.5546875 
0.4765625 0.53125 0.4765625 0.484375 0.4765625 0.546875 0.5 0.5546875 0.4921875 0.484375 
0.4765625 0.4765625 0.484375 0.4765625 0.546875 0.53125 0.4921875 0.5 0.5546875 0.484375 
