% Ministry of Cellular Automata
% Project Deux (CS523 Spring 2015)
% Version:v0.1-66-g3e0f-dirty
%  pop:50
%  ic count:100
%  CA Log option:r3/run27
%  width:121
%  max workers:4
%  radius:3
%  iterations:300
%  generations:50

 generation 0.4.4.4.2.1.4.1.50.4.4.4.3.4.4.3.3.1.1.53.1.1.1.3.4.4.4.1.1.4.1.3.1.1.1.1.3.1.4.50.1.6.50.4.50.3.50.4.50.4.50.xover.mutate.done 50
 generation 1.51.50.50.50.50.50.50.50.6.2.1.1.50.51.2.1.1.50.6.2.1.50.1.2.50.1.2.9.1.1.2.30.1.2.1.2.2.50.40.2.50.15.1.1.2.1.1.2.62.1.xover.mutate.done 50
 generation 2.59.51.50.50.50.50.50.50.50.50.0.41.1.50.50.50.50.4.50.1.22.50.4.0.23.50.1.3.50.4.50.50.0.1.1.48.4.50.1.1.10.56.10.51.1.1.50.1.1.1.xover.mutate.done 50
 generation 3.57.57.52.52.54.50.50.50.50.50.50.52.4.54.54.2.4.54.6.2.52.54.52.11.72.50.52.2.11.2.11.50.50.50.6.6.2.6.52.50.2.2.50.50.2.54.6.21.52.50.xover.mutate.done 50
 generation 4.68.64.60.51.51.51.51.51.51.51.51.49.2.50.29.57.1.50.12.2.51.2.50.12.51.14.50.2.51.51.1.51.1.51.1.2.11.49.13.2.1.1.51.51.1.51.51.2.1.1.xover.mutate.done 50
 generation 5.64.58.51.48.51.51.51.51.51.51.51.4.2.51.22.2.50.2.2.2.2.51.2.85.2.27.2.1.2.51.2.4.2.1.43.2.17.49.2.45.2.2.1.2.50.51.51.9.5.2.xover.mutate.done 50
 generation 6.87.62.61.60.51.51.51.51.51.51.3.2.1.3.52.3.10.51.51.3.52.3.3.3.3.3.52.3.51.50.1.3.51.16.51.51.3.33.3.3.52.3.41.51.8.1.2.3.8.51.xover.mutate.done 50
 generation 7.86.62.56.54.50.50.50.50.50.50.48.0.11.50.8.0.0.20.50.0.0.50.50.0.50.0.50.50.0.50.0.0.59.50.21.16.0.0.0.50.44.50.0.50.7.12.9.0.16.84.xover.mutate.done 50
 generation 8.87.84.69.60.58.57.52.52.52.52.52.48.10.52.2.4.52.52.51.4.52.52.4.4.52.4.4.52.48.4.4.26.11.4.17.52.2.52.4.4.84.52.54.24.84.44.52.52.4.52.xover.mutate.done 50
 generation 9.89.87.87.87.71.66.65.60.60.52.2.52.52.15.43.2.52.59.2.37.48.59.12.2.2.2.8.2.2.52.52.52.55.21.13.48.50.51.64.27.2.10.88.51.36.2.46.2.52.2.xover.mutate.done 50
 generation 10.88.82.84.84.84.59.64.61.68.54.49.29.2.2.84.2.2.79.83.51.48.2.51.17.47.10.2.2.39.11.51.51.34.1.2.33.11.2.2.2.34.4.35.41.2.49.2.35.74.20.xover.mutate.done 50
 generation 11.80.82.82.82.82.75.83.83.74.65.31.13.43.1.51.2.21.60.31.29.37.2.42.56.59.2.2.51.2.58.2.2.2.46.36.2.2.2.10.51.46.51.83.2.69.2.65.2.51.34.xover.mutate.done 50
 generation 12.82.83.84.84.84.84.84.85.80.72.52.9.84.45.3.33.3.53.3.21.49.42.53.51.56.46.3.49.44.11.9.47.47.3.3.37.71.51.8.49.3.4.3.51.3.3.27.51.55.26.xover.mutate.done 50
 generation 13.79.79.75.75.75.75.75.78.79.75.50.50.49.6.0.55.58.37.0.35.0.9.66.0.64.50.0.56.52.0.41.83.4.81.0.32.50.50.49.36.79.50.14.6.50.37.0.49.49.50.xover.mutate.done 50
 generation 14.86.81.82.84.80.84.79.83.83.83.51.42.47.1.31.40.51.55.81.54.5.51.79.54.5.75.83.90.35.45.15.51.5.4.4.51.5.51.83.56.81.49.51.8.51.81.5.50.81.48.xover.mutate.done 50
 generation 15.88.84.89.89.86.86.86.86.83.84.41.60.73.46.72.0.55.50.38.51.83.37.50.33.55.14.2.84.1.87.59.1.91.1.48.83.58.13.46.46.49.61.13.59.50.85.52.41.1.81.xover.mutate.done 50
 generation 16.89.83.83.89.78.78.78.78.82.78.50.61.38.51.5.51.49.87.42.35.4.23.30.12.51.74.1.18.34.65.54.90.41.41.1.49.7.64.81.43.72.51.42.30.6.5.51.6.51.23.xover.mutate.done 50
 generation 17.92.88.94.90.86.86.85.82.84.85.10.1.82.50.1.39.1.53.1.5.12.56.34.55.85.55.16.58.17.76.7.50.1.50.50.42.1.34.13.38.85.40.1.50.65.39.79.1.37.1.xover.mutate.done 50
 generation 18.93.95.91.92.88.88.89.89.90.88.9.6.79.29.88.7.2.75.18.70.51.82.46.84.31.51.51.47.7.51.51.94.27.50.94.47.28.2.94.74.44.88.9.23.11.10.36.2.17.29.xover.mutate.done 50
 generation 19.94.95.94.94.93.87.90.86.80.83.51.90.53.68.26.85.37.51.83.87.51.96.2.77.6.15.2.51.51.43.42.1.62.37.51.51.51.47.34.51.94.49.49.94.2.51.4.2.78.95.xover.mutate.done 50
 generation 20.92.90.93.91.91.91.91.88.87.87.50.45.65.42.1.2.21.49.1.15.82.77.90.91.27.1.63.62.77.86.51.2.2.82.55.91.7.39.11.1.4.51.22.26.51.2.25.2.92.2.xover.mutate.done 50
 generation 21.87.85.86.84.86.86.86.87.87.86.61.48.50.47.22.35.45.0.30.50.65.70.41.84.57.37.45.36.77.29.87.32.0.50.18.52.46.74.87.80.49.49.59.46.0.24.62.83.30.61.xover.mutate.done 50
 generation 22.89.94.93.95.95.93.91.91.91.93.50.0.50.31.19.6.31.0.72.50.93.0.42.90.50.70.50.60.31.60.0.50.50.34.54.0.44.63.0.35.60.40.5.66.0.0.33.18.55.90.xover.mutate.done 50
 generation 23.91.92.91.93.91.93.91.92.92.92.3.56.49.50.50.48.50.49.42.47.4.0.55.66.15.57.13.47.3.50.3.3.50.0.87.0.64.11.50.57.44.82.49.53.54.79.0.24.3.3.xover.mutate.done 50
 generation 24.88.91.94.90.90.90.93.91.92.92.2.67.2.51.2.34.61.2.60.51.51.2.10.51.20.71.56.35.83.68.2.4.19.64.23.94.50.2.50.61.2.51.92.49.39.51.49.2.2.56.xover.mutate.done 50
 generation 25.84.84.84.84.84.86.83.86.83.83.68.32.15.52.79.30.40.83.4.9.50.4.1.33.78.55.48.51.4.68.12.69.43.39.1.44.64.48.59.23.50.81.44.3.52.83.20.50.38.50.xover.mutate.done 50
 generation 26.88.93.87.87.88.91.93.87.87.87.52.74.8.64.37.52.19.50.22.50.49.25.2.50.52.21.48.52.43.11.87.50.74.50.52.17.28.49.3.49.2.13.87.47.25.50.38.20.45.28.xover.mutate.done 50
 generation 27.94.94.96.93.93.93.93.92.91.91.50.32.49.5.49.49.1.38.50.1.87.2.51.50.76.12.0.78.82.70.84.1.1.1.1.50.50.83.14.50.1.0.1.44.50.26.50.51.12.1.xover.mutate.done 50
 generation 28.93.94.94.93.95.94.94.94.94.94.2.2.86.2.95.0.30.47.93.47.91.8.7.52.0.21.2.40.52.92.2.2.16.63.49.88.38.69.37.21.88.37.69.71.50.37.2.94.50.8.xover.mutate.done 50
 generation 29.92.91.91.91.93.93.91.90.90.93.76.5.56.18.45.82.0.25.81.7.49.12.0.49.0.92.65.50.48.44.13.50.0.0.50.24.83.86.47.47.67.56.12.45.84.50.93.91.50.77.xover.mutate.done 50
 generation 30.91.91.91.91.90.93.90.92.91.91.3.1.46.20.5.50.78.0.50.51.49.1.49.35.7.51.38.1.0.90.48.33.45.12.47.89.50.53.49.80.70.50.1.0.75.49.66.1.50.1.xover.mutate.done 50
 generation 31.90.90.91.91.91.91.90.90.90.90.4.43.65.51.77.52.49.4.92.50.4.50.4.50.24.49.50.33.44.5.6.80.2.50.50.87.48.52.52.51.49.92.49.31.85.2.50.52.52.53.xover.mutate.done 50
 generation 32.97.90.92.92.92.92.91.92.91.93.2.48.88.5.97.71.50.52.13.2.51.32.14.1.74.2.44.96.53.92.30.51.2.51.41.59.51.43.89.29.97.2.50.50.51.51.12.3.2.51.xover.mutate.done 50
 generation 33.91.90.91.90.93.94.94.94.94.91.50.6.50.50.10.7.80.44.0.0.25.0.0.90.50.91.91.91.45.30.90.13.33.82.50.49.79.91.55.58.8.50.50.91.49.50.94.0.0.91.xover.mutate.done 50
 generation 34.94.94.94.94.94.92.85.89.93.87.92.90.47.50.81.9.50.3.82.52.3.85.52.53.48.41.78.3.85.57.53.50.88.91.46.50.68.7.40.12.43.3.74.3.27.0.53.85.45.3.xover.mutate.done 50
 generation 35.96.96.96.96.96.97.94.92.95.93.69.1.0.13.51.1.1.51.6.1.46.63.3.50.93.84.93.92.1.65.95.49.1.49.5.50.50.50.96.1.50.16.42.48.50.12.65.1.51.0.xover.mutate.done 50
 generation 36.93.91.91.91.91.91.91.91.91.91.50.51.41.39.91.79.70.47.41.52.59.91.4.69.70.80.4.48.50.77.6.77.6.88.4.4.52.91.6.42.92.50.52.51.4.51.88.57.48.47.xover.mutate.done 50
 generation 37.92.93.93.93.93.93.93.91.94.94.32.10.38.50.4.93.51.93.54.54.44.50.49.46.53.45.52.34.50.49.89.91.86.57.85.69.81.48.51.50.2.6.28.49.55.93.94.4.4.52.xover.mutate.done 50
 generation 38.91.96.93.91.94.94.94.94.94.91.46.70.42.50.85.79.49.50.50.80.50.50.22.53.86.48.56.2.2.2.50.81.41.89.86.91.83.6.94.2.53.64.52.87.52.50.94.53.50.49.xover.mutate.done 50
 generation 39.93.94.94.94.94.94.94.94.93.94.37.50.72.11.9.79.85.70.11.79.12.61.4.55.35.46.58.49.63.95.15.50.95.11.50.12.60.11.71.51.74.49.49.42.81.93.61.68.24.49.xover.mutate.done 50
 generation 40.93.91.93.93.93.93.93.93.93.91.32.3.8.8.31.84.50.9.3.21.46.48.8.91.49.10.53.45.92.52.3.50.57.39.65.53.8.3.89.80.54.68.19.8.58.42.49.64.53.46.xover.mutate.done 50
 generation 41.93.94.94.94.94.94.94.94.91.90.24.65.61.50.0.50.0.47.0.27.89.48.47.2.2.78.79.79.84.45.0.50.0.28.10.29.50.0.6.45.50.87.30.38.50.0.94.10.76.50.xover.mutate.done 50
 generation 42.93.93.93.93.93.93.93.89.94.94.62.18.50.48.56.50.6.53.50.77.0.56.28.3.0.52.49.6.38.49.77.90.50.56.53.66.6.6.50.50.17.6.0.48.49.6.6.8.63.39.xover.mutate.done 50
 generation 43.95.95.93.93.93.93.93.93.93.90.40.62.2.50.1.2.43.3.5.83.2.49.5.6.80.78.50.60.41.5.93.51.49.49.14.49.2.8.5.54.5.54.54.51.5.51.51.25.2.5.xover.mutate.done 50
 generation 44.96.94.94.94.94.94.94.94.94.94.45.50.38.7.50.69.50.36.83.27.87.52.63.1.93.51.57.49.1.50.39.47.63.50.1.1.79.1.49.6.21.31.1.50.1.50.51.50.1.40.xover.mutate.done 50
 generation 45.89.92.90.90.90.90.90.90.90.90.31.31.40.10.1.93.27.45.1.6.50.48.39.50.48.51.72.6.49.50.50.1.0.1.50.36.73.50.49.2.90.79.41.1.44.71.68.1.0.6.xover.mutate.done 50
 generation 46.96.94.91.91.91.91.91.91.91.91.1.50.56.92.51.1.6.49.13.48.72.82.21.52.56.2.33.42.48.49.2.2.25.1.95.1.60.50.50.89.51.6.51.51.52.50.1.8.2.75.xover.mutate.done 50
 generation 47.93.89.93.88.95.95.95.95.95.95.55.49.1.42.16.43.1.1.95.0.50.82.45.6.16.48.46.50.1.14.77.47.17.95.55.1.1.1.67.55.80.17.51.65.71.4.51.5.48.40.xover.mutate.done 50
 generation 48.96.96.96.96.96.96.96.96.98.97.51.2.87.38.50.50.1.94.51.3.1.1.51.36.78.4.1.47.48.50.51.50.51.1.1.1.4.86.47.50.55.49.41.82.2.61.35.1.10.50.xover.mutate.done 50
 generation 49.97.96.99.99.99.99.99.99.99.99.58.50.59.56.1.8.50.25.58.43.50.40.96.1.1.65.1.51.10.22.36.40.61.44.50.48.50.33.1.41.15.59.68.77.50.50.36.52.9.9.xover.mutate.done 50
 31952283 iters     706215 iter/sec (45.24 s)
 total time: 45.24
