0.2421875 0.78125 0.1015625 0.40625 0.859375 0.265625 0.921875 0.8359375 0.4375 0.46875 
0.84375 0.8984375 0.84375 0.078125 0.0234375 0.8046875 0.8359375 0.8984375 0.0703125 0.203125 
0.828125 0.84375 0.8984375 0.84375 0.078125 0.0234375 0.21875 0.109375 0.3046875 0.2265625 
0.828125 0.84375 0.8984375 0.84375 0.078125 0.0234375 0.21875 0.109375 0.3046875 0.2265625 
0.21875 0.109375 0.3046875 0.2265625 0.1015625 0.3984375 0.828125 0.8828125 0.84375 0.8984375 
0.21875 0.109375 0.3046875 0.2265625 0.1015625 0.3984375 0.828125 0.8828125 0.84375 0.8984375 
0.828125 0.8828125 0.84375 0.625 0.796875 0.21875 0.109375 0.3046875 0.2265625 0.1015625 
0.828125 0.8828125 0.84375 0.625 0.796875 0.21875 0.109375 0.3046875 0.2265625 0.1015625 
0.21875 0.109375 0.3046875 0.2265625 0.1015625 0.3828125 0.2265625 0.1640625 0.15625 0.453125 
0.21875 0.109375 0.3046875 0.2265625 0.1015625 0.3828125 0.2265625 0.1640625 0.15625 0.453125 
0.21875 0.109375 0.3046875 0.2265625 0.1015625 0.3828125 0.2265625 0.1640625 0.15625 0.453125 
0.21875 0.109375 0.3046875 0.2265625 0.1015625 0.3828125 0.2265625 0.1640625 0.15625 0.453125 
0.4765625 0.21875 0.109375 0.3046875 0.2265625 0.1015625 0.3828125 0.2265625 0.1640625 0.15625 
0.4765625 0.21875 0.109375 0.3046875 0.2265625 0.1015625 0.3828125 0.2265625 0.1640625 0.15625 
0.4765625 0.21875 0.109375 0.3046875 0.2265625 0.1015625 0.3828125 0.2265625 0.1640625 0.15625 
0.4765625 0.21875 0.109375 0.3046875 0.2265625 0.1015625 0.3828125 0.2265625 0.1640625 0.15625 
0.4765625 0.21875 0.109375 0.3046875 0.2265625 0.1015625 0.3828125 0.2265625 0.1640625 0.15625 
0.4765625 0.21875 0.109375 0.3046875 0.2265625 0.1015625 0.3828125 0.2265625 0.1640625 0.15625 
0.4765625 0.21875 0.109375 0.3046875 0.2265625 0.1015625 0.3828125 0.2265625 0.1640625 0.15625 
0.4765625 0.21875 0.109375 0.3046875 0.2265625 0.1015625 0.3828125 0.2265625 0.1640625 0.15625 
0.4765625 0.21875 0.109375 0.3046875 0.2265625 0.1015625 0.3828125 0.2265625 0.1640625 0.15625 
0.4765625 0.21875 0.109375 0.3046875 0.2265625 0.1015625 0.3828125 0.2265625 0.1640625 0.15625 
0.4765625 0.21875 0.109375 0.3046875 0.2265625 0.1015625 0.3828125 0.2265625 0.1640625 0.15625 
0.21875 0.4765625 0.21875 0.109375 0.3046875 0.2265625 0.1015625 0.3828125 0.2265625 0.1640625 
0.421875 0.21875 0.21875 0.109375 0.3046875 0.2265625 0.1015625 0.3828125 0.2265625 0.1640625 
0.421875 0.21875 0.21875 0.109375 0.3046875 0.2265625 0.1015625 0.3828125 0.2265625 0.1640625 
0.421875 0.21875 0.21875 0.109375 0.3046875 0.2265625 0.1015625 0.3828125 0.2265625 0.1640625 
0.421875 0.21875 0.21875 0.109375 0.3046875 0.2265625 0.1015625 0.3828125 0.2265625 0.1640625 
0.421875 0.21875 0.21875 0.109375 0.3046875 0.2265625 0.1015625 0.3828125 0.2265625 0.1640625 
0.421875 0.21875 0.21875 0.109375 0.3046875 0.2265625 0.1015625 0.3828125 0.2265625 0.1640625 
0.421875 0.21875 0.21875 0.109375 0.3046875 0.2265625 0.1015625 0.3828125 0.2265625 0.1640625 
0.421875 0.21875 0.21875 0.109375 0.3046875 0.2265625 0.1015625 0.3828125 0.2265625 0.1640625 
0.421875 0.3359375 0.21875 0.21875 0.109375 0.3046875 0.2265625 0.1015625 0.3828125 0.2265625 
0.421875 0.3359375 0.21875 0.21875 0.109375 0.3046875 0.2265625 0.1015625 0.3828125 0.2265625 
0.421875 0.3359375 0.34375 0.21875 0.21875 0.109375 0.3046875 0.2265625 0.1015625 0.3828125 
0.421875 0.3359375 0.34375 0.390625 0.375 0.21875 0.3671875 0.21875 0.109375 0.3046875 
0.421875 0.3359375 0.34375 0.390625 0.375 0.21875 0.3671875 0.3671875 0.3359375 0.3671875 
0.421875 0.3359375 0.34375 0.390625 0.375 0.3671875 0.3359375 0.3828125 0.375 0.390625 
0.421875 0.390625 0.3359375 0.34375 0.390625 0.375 0.3671875 0.3359375 0.3828125 0.40625 
0.421875 0.390625 0.3359375 0.40625 0.3671875 0.34375 0.390625 0.375 0.3671875 0.3359375 
0.4765625 0.390625 0.3671875 0.359375 0.3359375 0.40625 0.34375 0.390625 0.375 0.3671875 
0.4765625 0.359375 0.390625 0.3359375 0.3671875 0.40625 0.34375 0.390625 0.375 0.3671875 
0.4921875 0.3984375 0.4765625 0.359375 0.390625 0.3671875 0.4453125 0.3359375 0.390625 0.40625 
0.4921875 0.4765625 0.3984375 0.4140625 0.359375 0.390625 0.4453125 0.3359375 0.390625 0.390625 
0.4921875 0.4765625 0.3984375 0.359375 0.359375 0.3671875 0.3828125 0.359375 0.4140625 0.3984375 
0.4921875 0.4140625 0.3984375 0.4140625 0.4765625 0.3984375 0.40625 0.359375 0.359375 0.40625 
0.4296875 0.4921875 0.4921875 0.4765625 0.4140625 0.3984375 0.4140625 0.359375 0.3828125 0.40625 
0.4296875 0.4296875 0.4921875 0.4921875 0.4765625 0.4140625 0.4453125 0.3671875 0.3984375 0.359375 
0.3984375 0.4296875 0.4296875 0.4921875 0.4921875 0.4765625 0.4140625 0.3671875 0.421875 0.4453125 
0.3984375 0.3984375 0.4296875 0.4296875 0.4921875 0.4921875 0.4765625 0.4140625 0.4140625 0.3671875 
