0.65625 0.46875 0.921875 0.75 0.671875 0.9140625 0.9765625 0.859375 0.359375 0.3125 
0.859375 0.9921875 0.9296875 0.0859375 0.921875 0.8359375 0.9921875 0.0078125 1.0 0.9609375 
0.8125 0.8515625 0.4765625 0.359375 0.8046875 0.9140625 0.859375 0.9921875 0.9296875 0.0859375 
0.8125 0.8515625 0.4765625 0.359375 0.8046875 0.9140625 0.859375 0.9921875 0.9296875 0.0859375 
0.8125 0.328125 0.8515625 0.8046875 0.9140625 0.7421875 0.859375 0.9140625 0.5703125 0.7421875 
0.7421875 0.8125 0.328125 0.9453125 0.34375 0.34375 0.2109375 0.8515625 0.8046875 0.9140625 
0.7421875 0.8125 0.328125 0.7265625 0.9453125 0.34375 0.34375 0.2109375 0.8515625 0.8046875 
0.3828125 0.7265625 0.7421875 0.8125 0.328125 0.9453125 0.34375 0.34375 0.2109375 0.8515625 
0.3828125 0.75 0.75 0.8125 0.734375 0.7265625 0.7421875 0.9453125 0.328125 0.375 
0.5234375 0.3828125 0.390625 0.75 0.75 0.7421875 0.7421875 0.7421875 0.8125 0.734375 
0.5234375 0.53125 0.3828125 0.75 0.390625 0.75 0.734375 0.7421875 0.7421875 0.7421875 
0.5234375 0.3828125 0.75 0.53125 0.390625 0.7421875 0.7421875 0.75 0.546875 0.3828125 
0.5234375 0.53125 0.546875 0.3828125 0.75 0.75 0.7421875 0.7421875 0.75 0.390625 
0.5234375 0.53125 0.375 0.546875 0.75 0.3828125 0.75 0.7421875 0.7421875 0.390625 
0.5234375 0.375 0.53125 0.53125 0.53125 0.546875 0.3828125 0.75 0.75 0.75 
0.5234375 0.375 0.46875 0.53125 0.53125 0.3828125 0.75 0.546875 0.484375 0.53125 
0.5234375 0.46875 0.53125 0.375 0.53125 0.53125 0.75 0.546875 0.4453125 0.546875 
0.5234375 0.53125 0.375 0.4609375 0.46875 0.46875 0.53125 0.53125 0.53125 0.5390625 
0.5234375 0.375 0.46875 0.46875 0.53125 0.5078125 0.515625 0.53125 0.53125 0.4765625 
0.5234375 0.515625 0.5078125 0.515625 0.5234375 0.5078125 0.46875 0.46875 0.53125 0.53125 
0.5234375 0.46875 0.46875 0.46875 0.515625 0.5234375 0.5234375 0.5234375 0.5234375 0.5078125 
0.453125 0.5 0.5234375 0.515625 0.5234375 0.5234375 0.5234375 0.5234375 0.5078125 0.515625 
0.5234375 0.453125 0.484375 0.4921875 0.515625 0.5078125 0.515625 0.46875 0.4609375 0.5234375 
0.484375 0.46875 0.5234375 0.453125 0.46875 0.515625 0.4921875 0.4609375 0.5234375 0.5078125 
0.484375 0.46875 0.46875 0.46875 0.5234375 0.515625 0.4921875 0.453125 0.5234375 0.5078125 
0.46875 0.46875 0.46875 0.46875 0.46875 0.4609375 0.453125 0.4609375 0.484375 0.5234375 
0.46875 0.4609375 0.46875 0.484375 0.4609375 0.5234375 0.4921875 0.46875 0.46875 0.46875 
0.4765625 0.4609375 0.46875 0.4609375 0.46875 0.484375 0.5234375 0.46875 0.46875 0.46875 
0.453125 0.46875 0.46875 0.4609375 0.5234375 0.46875 0.46875 0.46875 0.4765625 0.46875 
0.46875 0.46875 0.453125 0.4609375 0.46875 0.5234375 0.4609375 0.46875 0.46875 0.46875 
0.4609375 0.46875 0.46875 0.453125 0.46875 0.5234375 0.4609375 0.46875 0.46875 0.46875 
0.453125 0.4609375 0.46875 0.46875 0.46875 0.46875 0.4453125 0.46875 0.46875 0.4609375 
0.453125 0.4453125 0.46875 0.46875 0.46875 0.46875 0.46875 0.4609375 0.4609375 0.46875 
0.46875 0.453125 0.4609375 0.4609375 0.46875 0.4765625 0.4765625 0.4453125 0.46875 0.46875 
0.4609375 0.46875 0.453125 0.46875 0.46875 0.4765625 0.4765625 0.4609375 0.46875 0.46875 
0.4609375 0.453125 0.453125 0.46875 0.4765625 0.4765625 0.46875 0.46875 0.484375 0.4609375 
0.453125 0.4609375 0.4609375 0.4296875 0.46875 0.46875 0.46875 0.4765625 0.4765625 0.4609375 
0.453125 0.4609375 0.4609375 0.4609375 0.46875 0.46875 0.46875 0.4296875 0.46875 0.4296875 
0.46875 0.4609375 0.453125 0.4609375 0.46875 0.4609375 0.46875 0.46875 0.4296875 0.4921875 
0.4609375 0.453125 0.46875 0.46875 0.453125 0.4609375 0.46875 0.4609375 0.4921875 0.453125 
0.453125 0.46875 0.453125 0.46875 0.46875 0.4609375 0.4609375 0.4609375 0.4921875 0.484375 
0.453125 0.453125 0.46875 0.46875 0.4609375 0.4609375 0.4921875 0.484375 0.484375 0.484375 
0.453125 0.453125 0.46875 0.4609375 0.484375 0.484375 0.484375 0.46875 0.4609375 0.4921875 
0.453125 0.453125 0.46875 0.46875 0.4609375 0.4765625 0.484375 0.484375 0.484375 0.484375 
0.453125 0.46875 0.46875 0.453125 0.4765625 0.4765625 0.4453125 0.4765625 0.4765625 0.484375 
0.453125 0.453125 0.46875 0.46875 0.4765625 0.4765625 0.4453125 0.4765625 0.4765625 0.46875 
0.4765625 0.4765625 0.4765625 0.4765625 0.46875 0.46875 0.46875 0.453125 0.453125 0.46875 
0.4609375 0.4453125 0.4765625 0.4765625 0.4765625 0.4765625 0.46875 0.46875 0.46875 0.453125 
0.4609375 0.4765625 0.4765625 0.4765625 0.4765625 0.46875 0.46875 0.46875 0.46875 0.4453125 
0.4609375 0.46875 0.46875 0.46875 0.46875 0.4765625 0.4765625 0.4765625 0.4765625 0.4453125 
