50 50 50 50 50 18 9 9 8 5 4 3 3 3 3 3 3 3 3 3 3 3 3 3 3 3 3 3 3 3 3 3 3 3 3 3 3 0 0 0 0 0 0 0 0 0 0 0 0 0 
51 50 50 50 50 50 50 50 50 50 50 28 13 8 8 7 6 5 5 4 3 2 1 1 1 1 1 1 1 1 1 1 1 1 1 1 1 1 1 1 1 0 0 0 0 0 0 0 0 0 
51 50 50 50 50 50 50 50 50 50 50 50 50 50 50 50 25 21 9 8 8 5 4 3 1 1 1 1 1 1 1 1 1 1 1 1 1 1 1 1 1 0 0 0 0 0 0 0 0 0 
52 52 52 52 52 52 51 51 50 50 50 50 50 50 50 50 50 50 50 50 49 15 12 12 3 3 3 3 3 3 3 3 3 2 2 2 2 2 2 2 1 1 1 1 1 1 1 1 1 1 
50 50 50 50 50 50 50 50 50 50 50 50 50 50 50 50 50 50 50 50 50 50 50 50 32 30 25 23 12 0 0 0 0 0 0 0 0 0 0 0 0 0 0 0 0 0 0 0 0 0 
53 53 53 53 53 52 52 52 52 52 52 52 52 52 52 52 52 52 52 52 50 50 50 50 39 35 12 9 8 5 5 5 5 5 5 5 5 5 5 5 5 3 3 2 2 2 2 2 2 2 
50 50 50 50 50 50 50 50 50 50 50 50 50 50 50 50 50 50 50 50 50 50 50 50 37 27 8 3 2 0 0 0 0 0 0 0 0 0 0 0 0 0 0 0 0 0 0 0 0 0 
51 51 51 51 51 51 51 51 51 51 50 50 50 50 50 50 50 50 50 50 50 50 41 40 39 15 6 1 1 1 1 1 1 1 1 1 1 1 1 1 1 1 1 0 0 0 0 0 0 0 
51 51 51 51 51 51 51 51 51 51 51 51 50 50 50 50 50 50 47 36 7 4 1 1 1 1 1 1 1 1 1 1 1 1 1 1 1 1 1 1 1 1 1 1 1 1 0 0 0 0 
51 51 51 51 51 51 51 51 51 51 51 51 51 51 51 51 51 51 51 51 51 51 47 42 25 24 2 2 2 2 2 2 2 2 2 2 2 2 2 2 2 2 2 2 2 2 2 2 1 1 
51 51 51 51 51 51 51 51 51 51 51 51 51 51 51 51 51 51 51 51 51 44 43 31 29 29 28 2 2 2 2 2 2 2 2 2 2 2 2 2 2 2 2 2 2 2 2 1 1 1 
52 51 51 51 51 51 51 51 51 51 51 51 51 51 51 51 51 51 51 51 51 44 43 24 20 18 17 6 3 3 3 3 3 3 3 3 3 3 3 3 3 3 3 3 3 3 3 3 1 1 
50 50 50 50 50 50 50 50 50 50 50 50 50 50 50 50 50 50 50 50 50 50 50 46 45 43 42 39 39 28 18 9 0 0 0 0 0 0 0 0 0 0 0 0 0 0 0 0 0 0 
53 51 51 51 51 51 51 51 51 51 51 51 51 51 51 51 51 51 50 28 27 26 26 25 25 16 15 4 4 4 4 4 4 4 4 4 4 4 4 4 4 4 4 4 3 1 1 1 1 1 
50 50 50 50 50 50 50 50 50 50 50 50 50 50 50 50 50 50 50 50 50 50 50 49 20 18 15 13 9 7 4 2 1 0 0 0 0 0 0 0 0 0 0 0 0 0 0 0 0 0 
51 50 50 50 50 50 50 50 50 50 50 50 50 50 50 50 50 50 50 50 50 50 50 50 50 50 50 50 50 50 48 32 21 13 13 12 10 8 1 1 1 1 1 1 1 1 1 0 0 0 
51 51 51 51 51 51 51 51 51 51 51 51 51 51 51 51 51 51 51 51 51 51 51 51 51 51 51 51 51 51 51 49 47 19 16 15 12 11 3 2 2 2 2 2 2 2 2 2 2 1 
50 50 50 50 50 50 50 50 50 50 50 50 50 50 50 50 50 50 50 50 50 50 50 50 50 50 50 50 50 50 50 50 42 22 21 15 13 10 9 2 0 0 0 0 0 0 0 0 0 0 
50 50 50 50 50 50 50 50 50 50 50 50 50 50 50 50 50 50 50 50 50 50 50 40 23 20 17 11 7 0 0 0 0 0 0 0 0 0 0 0 0 0 0 0 0 0 0 0 0 0 
52 50 50 50 50 50 50 50 50 50 50 50 50 50 50 50 50 50 50 50 50 50 50 50 50 50 50 50 50 32 29 17 2 2 2 2 2 2 2 2 2 2 2 2 2 2 0 0 0 0 
50 50 50 50 50 50 50 50 50 50 50 50 50 50 50 50 50 50 50 50 50 50 50 50 50 50 15 7 3 0 0 0 0 0 0 0 0 0 0 0 0 0 0 0 0 0 0 0 0 0 
51 50 50 50 50 50 50 50 50 50 50 50 50 50 50 50 50 50 50 50 50 50 50 50 37 37 31 20 19 16 16 11 10 1 1 1 1 1 1 1 1 1 1 1 1 1 1 0 0 0 
54 51 50 50 50 50 50 50 50 50 50 50 50 50 50 50 50 50 50 50 50 50 50 50 50 50 46 33 21 18 16 12 6 2 2 2 2 2 2 2 2 2 2 2 2 2 2 2 2 2 
64 55 52 52 52 52 52 52 52 52 52 52 52 52 52 52 52 52 52 52 52 52 52 52 52 52 52 51 50 49 44 32 24 22 8 4 3 3 3 3 3 3 3 3 3 3 3 3 2 1 
59 52 51 51 51 51 51 51 51 51 51 51 51 51 51 51 51 51 51 51 51 51 51 51 51 51 51 51 51 51 31 18 14 12 2 2 1 1 1 1 1 1 1 1 1 1 1 1 1 1 
56 52 50 50 50 50 50 50 50 50 50 50 50 50 50 50 50 50 50 50 50 50 50 50 50 50 50 50 49 24 23 22 13 13 13 11 2 2 2 2 2 2 2 2 2 2 2 2 2 2 
61 53 51 51 51 51 51 51 51 51 51 51 51 51 51 51 51 51 51 51 51 51 51 51 51 51 51 51 50 48 36 19 14 10 3 3 3 3 3 3 3 3 3 3 3 3 3 3 3 2 
62 57 50 50 50 50 50 50 50 50 50 50 50 50 50 50 50 50 50 50 50 50 50 50 50 50 50 49 47 45 44 41 29 19 15 5 1 1 1 1 1 1 1 1 1 1 1 1 1 0 
64 55 52 52 52 52 52 52 52 52 52 52 52 52 52 52 52 52 52 52 52 52 52 52 50 38 35 34 32 28 20 18 16 10 9 8 7 4 2 2 2 2 2 2 2 2 2 2 2 2 
56 53 50 50 50 50 50 50 50 50 50 50 50 50 50 50 50 50 50 50 50 50 41 24 23 18 16 10 6 6 4 3 1 0 0 0 0 0 0 0 0 0 0 0 0 0 0 0 0 0 
55 53 51 51 51 51 51 51 51 51 51 51 51 51 51 51 51 51 51 51 51 51 51 51 51 50 46 36 32 13 11 3 2 2 2 2 2 2 2 2 2 2 2 2 2 1 1 1 1 1 
61 55 54 50 50 50 50 50 50 50 50 50 50 50 50 50 50 50 50 50 50 50 47 22 17 13 6 2 2 2 2 2 2 2 2 2 2 2 2 2 2 2 2 2 2 2 2 0 0 0 
56 56 56 50 50 50 50 50 50 50 50 50 50 50 50 50 50 50 50 50 50 50 50 50 50 48 47 23 21 15 14 12 6 6 6 0 0 0 0 0 0 0 0 0 0 0 0 0 0 0 
58 55 54 53 50 50 50 50 50 50 50 50 50 50 50 50 50 50 50 50 50 50 50 50 50 50 50 50 50 50 50 50 50 50 49 39 33 9 9 9 6 1 1 1 1 1 1 1 1 0 
64 58 57 57 57 56 55 51 51 51 51 51 51 51 51 51 51 51 51 51 51 51 51 51 51 48 41 27 16 11 9 9 9 9 5 5 5 3 3 3 3 3 3 3 3 3 3 3 3 3 
66 60 58 58 58 58 58 58 58 58 57 53 51 51 51 51 51 51 51 51 51 51 51 51 50 50 49 49 47 34 33 29 18 17 13 11 8 8 6 6 1 1 1 1 1 1 1 1 1 1 
61 57 57 57 57 57 57 57 57 57 57 57 57 55 55 55 55 51 51 51 51 51 51 51 51 51 51 51 51 50 47 40 38 32 24 22 13 8 8 8 8 6 6 2 2 2 2 2 2 1 
60 56 55 55 55 55 55 55 55 55 55 53 53 53 50 50 50 50 50 50 49 41 40 40 40 32 28 25 24 10 8 7 5 5 5 5 5 5 5 5 5 5 4 0 0 0 0 0 0 0 
65 63 63 63 63 62 62 62 62 62 62 62 61 54 54 54 54 53 50 47 42 41 40 28 18 17 17 15 13 13 13 12 12 12 12 12 12 12 12 9 8 4 4 4 4 4 4 4 4 4 
58 55 55 55 54 54 54 54 54 54 54 54 54 54 53 53 50 50 50 50 50 50 43 20 14 10 6 5 5 4 1 1 1 1 1 1 1 1 1 1 1 1 1 1 1 1 1 1 1 0 
62 57 56 55 54 54 54 54 54 54 54 54 54 54 53 53 51 50 50 50 50 50 50 49 40 32 28 17 15 13 11 9 8 6 6 6 5 5 5 5 5 5 5 5 5 5 4 1 1 1 
63 61 60 60 58 58 58 57 57 56 56 56 56 56 56 56 56 56 56 56 56 55 54 51 50 50 50 50 50 47 42 42 38 33 33 29 15 12 11 6 6 5 2 2 0 0 0 0 0 0 
62 59 57 56 55 55 55 55 55 55 55 55 54 54 54 54 54 54 53 53 50 50 50 50 50 50 50 50 50 49 47 46 39 38 30 23 11 10 8 5 4 4 4 0 0 0 0 0 0 0 
66 63 60 58 58 57 57 57 56 56 56 55 55 55 55 55 55 55 54 51 51 50 50 49 48 44 43 42 41 38 37 25 16 15 15 12 12 9 9 6 6 5 5 5 5 5 1 1 1 1 
62 62 61 61 60 60 60 59 59 59 59 59 59 57 57 57 57 56 56 56 55 55 55 55 50 49 49 47 46 38 37 33 33 30 28 27 21 21 16 15 11 10 7 6 5 5 5 0 0 0 
74 69 69 65 64 63 63 63 63 62 61 61 60 60 59 59 58 58 58 58 58 58 57 56 54 51 51 51 51 51 50 50 49 47 46 45 44 43 41 39 37 26 22 20 18 15 10 9 2 1 
79 79 69 69 66 62 62 61 60 60 60 60 60 60 59 59 59 59 59 58 58 57 57 57 56 56 55 55 53 52 50 50 50 50 50 49 49 45 39 39 38 36 25 21 19 14 8 8 6 6 
88 82 82 62 62 61 60 60 59 58 58 58 58 58 57 57 56 56 56 56 56 56 53 53 53 52 52 50 50 48 48 45 45 34 32 29 23 21 18 17 12 10 7 7 6 3 3 3 3 0 
89 85 82 82 69 69 61 60 60 58 58 58 56 55 55 55 55 55 55 55 55 55 54 50 50 50 50 50 50 50 50 50 48 48 46 45 44 40 37 27 25 13 13 11 6 6 5 0 0 0 
89 89 74 74 67 67 62 62 61 57 56 56 53 53 53 53 52 50 50 50 44 44 43 38 36 33 26 23 22 22 18 17 17 13 10 9 7 7 5 4 4 4 1 1 1 1 1 1 1 0 
