% Ministry of Cellular Automata
% Project Deux (CS523 Spring 2015)
% Version:v0.1-66-g3e0f-dirty
%  pop:50
%  ic count:100
%  CA Log option:r3/run26
%  width:121
%  max workers:4
%  radius:3
%  iterations:300
%  generations:50

 generation 0.1.1.1.27.1.1.2.1.1.2.1.50.7.50.1.1.1.1.1.2.1.1.1.25.1.2.2.2.50.2.2.1.1.2.1.50.8.2.2.1.22.1.50.43.50.2.1.50.51.1.xover.mutate.done 50
 generation 1.52.50.50.50.50.50.50.50.39.34.0.4.54.2.2.2.50.2.0.2.2.2.2.38.2.2.2.2.5.50.2.2.2.0.50.50.0.2.4.2.8.2.2.2.0.2.2.2.6.0.xover.mutate.done 50
 generation 2.54.50.50.50.50.50.50.50.50.50.11.0.1.0.0.0.14.10.0.50.1.51.51.5.1.23.0.50.0.1.1.5.50.50.9.12.26.0.45.50.34.0.9.0.50.9.50.50.1.1.xover.mutate.done 50
 generation 3.52.53.53.52.50.50.50.50.50.50.50.50.5.8.2.2.13.53.52.2.54.21.5.11.20.5.5.7.52.5.5.56.26.7.5.50.2.90.5.76.50.3.2.50.11.53.44.5.5.5.xover.mutate.done 50
 generation 4.94.76.65.55.53.53.53.53.48.50.50.3.50.3.28.50.50.50.3.50.3.30.0.50.3.50.3.3.0.0.3.50.53.50.50.53.57.0.50.0.46.0.0.53.50.50.50.50.3.3.xover.mutate.done 50
 generation 5.93.67.52.46.56.54.54.54.54.54.19.50.50.1.50.23.5.50.1.33.4.4.4.24.1.51.54.54.20.5.7.1.34.54.5.8.20.1.20.1.50.5.50.1.54.50.5.4.53.4.xover.mutate.done 50
 generation 6.92.67.53.52.52.52.52.52.52.52.2.50.21.48.52.2.2.5.2.5.0.2.52.2.22.47.55.2.0.2.52.0.27.29.49.2.2.62.2.2.52.21.46.8.2.2.2.24.2.2.xover.mutate.done 50
 generation 7.93.77.54.63.52.51.51.51.51.51.51.1.1.0.1.46.2.0.42.50.1.46.50.0.1.1.28.26.43.1.36.51.25.50.10.50.1.1.14.51.0.10.40.34.38.0.25.1.51.2.xover.mutate.done 50
 generation 8.93.76.60.64.58.54.54.54.54.54.14.4.54.12.6.55.54.6.54.34.14.4.55.50.50.10.54.55.54.6.6.55.11.39.6.6.50.8.19.6.11.6.21.54.17.37.4.50.4.54.xover.mutate.done 50
 generation 9.94.81.61.58.54.48.48.49.46.51.64.10.56.11.51.62.16.51.58.2.58.13.2.47.51.47.1.2.2.2.13.31.1.1.2.25.2.11.47.1.46.51.50.51.28.30.2.51.50.8.xover.mutate.done 50
 generation 10.88.71.64.53.56.54.57.54.53.54.45.39.30.49.11.1.51.45.2.2.14.1.48.4.20.2.57.50.21.51.1.21.51.50.32.51.45.51.11.9.35.28.28.51.1.43.1.10.1.1.xover.mutate.done 50
 generation 11.90.70.55.55.56.58.52.52.55.50.51.51.51.3.40.25.50.38.3.43.51.1.33.35.12.28.34.3.3.51.51.50.18.56.39.51.1.15.1.50.3.3.1.46.51.51.39.38.51.10.xover.mutate.done 50
 generation 12.96.69.53.56.60.60.54.54.61.55.51.1.53.1.27.31.50.1.20.51.1.1.51.1.51.50.54.51.54.34.38.33.31.51.44.1.29.51.51.50.1.51.1.1.39.1.51.51.1.52.xover.mutate.done 50
 generation 13.89.73.51.62.68.58.42.54.54.54.1.50.8.1.51.1.54.48.47.1.50.48.1.4.16.51.1.2.6.49.29.51.11.58.51.51.51.50.1.10.51.51.24.2.51.17.43.46.12.2.xover.mutate.done 50
 generation 14.87.73.66.58.59.55.55.52.54.55.2.50.50.50.2.50.32.50.0.2.0.50.50.48.43.50.49.50.23.30.50.13.20.43.2.50.0.0.50.2.0.50.8.2.29.50.38.50.33.2.xover.mutate.done 50
 generation 15.91.66.55.55.61.55.54.54.54.52.51.15.6.3.3.18.29.51.51.2.51.46.3.69.18.51.51.51.51.16.50.3.51.50.57.51.32.43.51.6.39.37.54.3.59.50.41.48.51.51.xover.mutate.done 50
 generation 16.95.71.76.63.59.59.63.56.54.53.58.56.3.29.44.54.29.0.0.46.19.31.50.11.53.0.38.50.0.50.0.50.0.0.57.11.50.53.42.0.54.0.24.67.0.59.0.38.50.0.xover.mutate.done 50
 generation 17.88.73.72.70.64.64.63.60.60.64.5.47.48.70.59.45.55.7.51.50.9.67.1.50.22.1.59.50.50.48.20.50.49.1.30.21.43.1.51.5.49.1.70.63.45.50.67.56.50.15.xover.mutate.done 50
 generation 18.91.67.74.63.60.67.58.73.58.56.52.52.50.56.14.22.50.51.52.52.33.9.52.28.53.49.48.1.8.41.2.3.49.58.48.13.33.51.2.2.49.2.19.46.3.56.54.44.2.58.xover.mutate.done 50
 generation 19.89.70.67.69.63.69.63.55.61.61.63.6.14.2.40.11.49.21.50.41.23.49.49.19.11.73.9.40.60.2.45.51.51.52.50.31.50.32.35.60.43.31.42.3.28.62.57.22.46.64.xover.mutate.done 50
 generation 20.92.75.77.73.70.75.68.73.65.66.4.9.19.48.43.4.52.50.55.4.29.13.68.41.61.44.43.2.55.67.15.43.25.42.2.52.50.55.49.49.52.52.4.28.17.50.50.76.32.2.xover.mutate.done 50
 generation 21.92.70.77.75.67.75.68.71.66.67.57.61.19.70.53.23.11.47.5.12.40.51.41.11.51.23.33.1.1.1.1.51.48.2.43.23.5.43.21.22.29.1.22.70.2.62.2.1.42.32.xover.mutate.done 50
 generation 22.84.70.66.67.68.66.60.66.63.65.27.0.50.2.19.33.8.9.2.46.10.11.2.8.46.2.2.47.50.8.2.43.16.32.8.32.7.56.66.57.56.2.9.24.44.52.42.27.2.40.xover.mutate.done 50
 generation 23.89.67.67.68.71.71.63.71.73.61.53.33.22.46.36.0.0.60.3.4.4.50.0.43.42.49.42.3.49.50.0.7.50.6.7.6.5.47.43.63.0.7.0.30.0.0.11.48.36.44.xover.mutate.done 50
 generation 24.86.67.70.71.63.65.70.67.64.65.17.21.14.6.38.0.24.63.40.0.50.50.17.0.45.38.11.50.39.13.30.66.15.0.25.50.0.2.9.50.72.16.10.50.53.0.50.0.48.28.xover.mutate.done 50
 generation 25.91.83.77.78.71.72.69.73.74.61.1.41.21.11.0.32.38.21.59.20.58.57.1.5.50.11.15.23.50.1.0.50.39.1.50.1.50.60.79.68.9.42.50.1.21.51.63.30.13.64.xover.mutate.done 50
 generation 26.92.75.71.70.70.71.69.62.72.68.52.4.55.43.54.44.54.19.19.50.50.75.0.18.50.24.3.43.33.75.39.57.26.27.49.12.13.50.49.0.67.27.0.0.8.43.5.55.0.3.xover.mutate.done 50
 generation 27.87.80.76.84.70.78.68.66.72.75.16.52.56.50.51.2.52.50.50.17.12.42.31.84.50.1.48.19.56.1.20.70.37.76.36.7.14.2.52.23.55.12.60.23.56.46.43.45.22.52.xover.mutate.done 50
 generation 28.85.74.80.67.71.73.69.70.69.71.0.50.0.1.25.44.0.3.46.56.6.75.7.54.70.3.6.50.50.50.53.4.19.50.54.10.57.50.66.43.0.14.18.8.56.45.53.37.50.17.xover.mutate.done 50
 generation 29.95.90.69.66.73.79.69.78.81.60.16.4.50.27.2.49.15.7.21.3.67.4.50.45.37.60.24.9.0.5.8.56.50.83.11.44.5.51.1.2.1.57.53.2.50.41.10.50.7.5.xover.mutate.done 50
 generation 30.88.87.84.74.69.65.75.69.71.69.48.51.4.22.51.50.14.1.71.27.64.52.55.50.29.63.14.33.25.50.55.60.50.38.18.49.79.19.17.51.53.18.4.59.27.2.1.63.48.28.xover.mutate.done 50
 generation 31.89.88.77.72.73.70.72.72.65.74.12.50.55.57.24.29.52.64.16.2.20.2.63.9.5.44.48.47.35.52.7.60.7.12.2.2.61.50.57.46.29.2.52.70.4.6.51.9.52.37.xover.mutate.done 50
 generation 32.91.81.88.71.72.69.73.73.74.72.44.51.12.68.8.1.56.23.11.55.50.8.40.16.52.29.27.49.1.45.7.56.20.14.61.16.3.1.65.51.28.1.14.16.82.49.68.44.34.6.xover.mutate.done 50
 generation 33.90.84.86.87.71.70.70.75.71.77.51.5.21.50.0.31.22.52.53.50.0.0.1.43.0.50.25.31.26.38.50.0.50.55.34.50.0.0.3.0.0.48.0.42.1.0.18.40.49.51.xover.mutate.done 50
 generation 34.91.89.90.85.77.77.79.81.70.70.50.1.44.2.11.5.3.6.46.35.35.25.81.2.48.3.6.47.33.14.50.2.52.3.52.29.60.36.68.34.52.32.50.50.27.3.62.1.49.49.xover.mutate.done 50
 generation 35.93.90.91.84.79.89.80.73.83.67.51.4.42.9.39.44.52.46.55.45.49.51.51.9.64.63.13.19.17.51.31.50.12.51.9.1.45.85.70.5.55.5.51.50.49.66.5.45.5.20.xover.mutate.done 50
 generation 36.90.85.89.86.80.83.74.72.75.71.33.46.47.82.75.48.19.64.30.21.59.3.3.43.21.21.2.9.52.2.34.13.50.72.25.42.48.66.2.8.7.48.64.30.61.3.45.3.3.45.xover.mutate.done 50
 generation 37.91.89.82.88.80.83.80.86.80.80.1.38.49.5.2.1.21.35.14.50.50.50.35.91.24.54.51.51.68.5.47.50.51.50.66.32.44.9.51.70.64.14.20.1.17.62.35.46.5.1.xover.mutate.done 50
 generation 38.87.91.89.90.74.75.88.75.78.74.0.14.70.0.30.35.0.0.6.0.0.12.37.20.0.38.0.0.0.74.74.50.0.50.45.79.0.0.50.0.0.9.39.0.33.50.20.76.39.65.xover.mutate.done 50
 generation 39.95.86.89.86.95.83.81.78.74.84.13.46.39.1.13.1.85.8.10.13.56.56.1.1.59.1.37.0.51.1.50.47.1.51.46.51.31.6.27.72.44.45.9.47.14.57.49.33.39.23.xover.mutate.done 50
 generation 40.94.92.92.86.86.74.87.90.83.80.53.44.51.34.2.17.68.51.74.50.53.47.56.50.52.51.28.8.49.51.48.78.9.38.16.45.73.68.24.43.49.38.39.40.2.41.51.51.13.57.xover.mutate.done 50
 generation 41.89.90.85.83.81.80.90.79.79.75.11.22.37.40.50.5.0.55.35.51.64.14.43.52.2.19.9.24.50.43.54.55.0.19.24.17.6.47.61.26.43.48.70.41.35.56.56.2.57.44.xover.mutate.done 50
 generation 42.87.87.91.83.85.80.83.74.75.73.44.83.10.44.12.41.48.52.23.17.57.72.46.34.11.51.2.83.64.50.45.66.2.16.43.51.13.51.40.74.15.51.30.88.9.8.50.1.30.12.xover.mutate.done 50
 generation 43.94.89.94.83.80.85.87.85.86.81.0.13.39.1.46.1.50.50.50.18.10.1.49.34.46.9.1.62.50.1.1.17.42.20.36.1.23.42.52.39.0.0.20.50.4.46.13.25.23.42.xover.mutate.done 50
 generation 44.90.89.85.79.76.81.81.88.77.84.48.1.51.51.24.43.48.55.1.6.44.47.0.48.14.1.51.8.49.19.4.8.27.51.59.44.49.31.48.56.71.53.21.1.42.27.48.54.51.49.xover.mutate.done 50
 generation 45.97.97.90.90.91.92.92.92.89.86.48.9.7.23.70.2.2.67.0.50.9.49.2.17.55.21.2.10.11.53.53.50.2.8.50.47.10.16.2.12.13.2.54.2.7.2.45.26.47.17.xover.mutate.done 50
 generation 46.90.91.90.90.81.84.77.85.84.85.21.34.46.17.8.0.44.4.13.12.51.4.58.4.1.40.1.13.1.53.48.1.1.11.1.1.51.8.50.4.44.46.7.15.13.1.26.38.57.26.xover.mutate.done 50
 generation 47.90.94.83.83.85.85.89.79.87.83.15.4.24.49.27.48.38.8.38.4.26.31.48.3.8.51.4.5.5.2.2.35.6.53.3.2.1.30.20.49.7.3.54.10.1.4.5.25.1.12.xover.mutate.done 50
 generation 48.94.93.90.88.92.79.91.91.87.81.2.33.2.37.55.47.43.50.52.8.22.0.2.12.2.0.50.2.50.2.47.57.14.53.52.27.2.61.42.2.46.50.2.2.7.48.74.46.2.10.xover.mutate.done 50
 generation 49.86.88.84.80.80.80.85.75.79.81.1.1.16.17.43.11.50.31.2.1.31.12.12.50.53.2.2.13.37.11.10.54.45.51.1.2.27.15.7.33.10.1.46.43.2.45.60.6.1.36.xover.mutate.done 50
 36787750 iters     681955 iter/sec (53.94 s)
 total time: 53.94
