53 50 50 50 50 50 50 50 6 4 4 4 4 4 4 4 4 4 4 4 4 4 4 4 4 4 3 3 3 3 3 3 3 2 1 1 1 1 1 1 1 1 1 1 1 1 1 1 1 1 
62 51 51 50 50 50 50 50 50 50 50 50 50 50 50 50 40 30 15 9 6 6 2 2 2 2 2 2 2 2 2 2 2 2 1 1 1 1 1 1 1 1 1 1 1 1 1 1 1 1 
59 56 51 51 50 50 50 50 50 50 50 50 50 50 50 50 50 50 50 50 50 50 50 50 48 41 23 22 10 10 4 4 4 4 3 1 1 1 1 1 1 1 1 1 1 1 1 0 0 0 
72 57 57 54 54 54 54 54 54 52 52 52 52 52 52 52 52 50 50 50 50 50 50 50 50 50 50 50 50 50 50 21 11 11 11 6 6 6 6 6 4 4 2 2 2 2 2 2 2 2 
68 64 60 57 51 51 51 51 51 51 51 51 51 51 51 51 51 51 51 51 51 51 50 50 50 50 49 49 29 14 13 12 12 11 2 2 2 2 2 2 2 1 1 1 1 1 1 1 1 1 
85 64 58 51 51 51 51 51 51 51 51 51 51 51 51 51 50 50 49 48 45 43 27 22 17 9 5 4 4 2 2 2 2 2 2 2 2 2 2 2 2 2 2 2 2 2 2 1 1 1 
87 62 61 60 52 52 52 52 51 51 51 51 51 51 51 51 51 51 51 51 51 51 50 41 33 16 10 8 8 3 3 3 3 3 3 3 3 3 3 3 3 3 3 3 3 2 2 1 1 1 
86 84 62 59 56 54 50 50 50 50 50 50 50 50 50 50 50 50 50 50 50 50 50 50 48 44 21 20 16 16 12 11 9 8 7 0 0 0 0 0 0 0 0 0 0 0 0 0 0 0 
87 84 84 84 69 60 58 57 54 52 52 52 52 52 52 52 52 52 52 52 52 52 52 52 52 52 52 51 48 48 44 26 24 17 11 10 4 4 4 4 4 4 4 4 4 4 4 4 2 2 
89 88 87 87 87 71 66 65 64 60 60 59 59 55 52 52 52 52 52 52 52 52 51 51 50 48 48 46 43 37 36 27 21 15 13 12 10 8 2 2 2 2 2 2 2 2 2 2 2 2 
88 84 84 84 84 83 82 79 74 68 64 61 59 54 51 51 51 51 49 49 48 47 41 39 35 35 34 34 33 29 20 17 11 11 10 4 2 2 2 2 2 2 2 2 2 2 2 2 2 1 
83 83 83 82 82 82 82 80 75 74 69 65 65 60 59 58 56 51 51 51 51 51 46 46 43 42 37 36 34 31 31 29 21 13 10 2 2 2 2 2 2 2 2 2 2 2 2 2 2 1 
85 84 84 84 84 84 84 83 82 80 72 71 56 55 53 53 52 51 51 51 51 49 49 49 47 47 46 45 44 42 37 33 27 26 21 11 9 9 8 4 3 3 3 3 3 3 3 3 3 3 
83 81 79 79 79 79 78 75 75 75 75 75 75 66 64 58 56 55 52 50 50 50 50 50 50 50 50 49 49 49 49 41 37 37 36 35 32 14 9 6 6 4 0 0 0 0 0 0 0 0 
90 86 84 84 83 83 83 83 83 82 81 81 81 81 81 80 79 79 75 56 55 54 54 51 51 51 51 51 51 51 51 50 49 48 47 45 42 40 35 31 15 8 5 5 5 5 5 4 4 1 
91 89 89 88 87 86 86 86 86 85 84 84 84 83 83 83 81 73 72 61 60 59 59 58 55 55 52 51 50 50 50 49 48 46 46 46 41 41 38 37 33 14 13 13 2 1 1 1 1 0 
90 89 89 87 83 83 82 81 78 78 78 78 78 74 72 65 64 61 54 51 51 51 51 51 51 50 49 49 43 42 42 41 41 38 35 34 30 30 23 23 18 12 7 6 6 5 5 4 1 1 
94 92 90 88 86 86 85 85 85 85 84 82 82 79 76 65 58 56 55 55 53 50 50 50 50 50 42 40 39 39 38 37 34 34 17 16 13 12 10 7 5 1 1 1 1 1 1 1 1 1 
95 94 94 94 93 92 91 90 89 89 88 88 88 88 88 84 82 79 75 74 70 51 51 51 51 51 50 47 47 46 44 36 31 29 29 28 27 23 18 17 11 10 9 9 7 7 6 2 2 2 
96 95 95 94 94 94 94 94 93 90 90 87 87 86 85 83 83 80 78 77 68 62 53 51 51 51 51 51 51 51 51 51 51 49 49 47 43 42 37 37 34 26 15 6 4 2 2 2 2 1 
93 92 92 91 91 91 91 91 91 90 90 88 87 87 86 82 82 77 77 65 63 62 55 51 51 51 50 49 45 42 39 27 26 25 22 21 15 11 7 4 2 2 2 2 2 2 1 1 1 1 
87 87 87 87 87 86 86 86 86 86 85 84 84 83 80 77 74 70 65 62 61 61 59 57 52 50 50 50 49 49 48 47 46 46 45 45 41 37 36 35 32 30 30 29 24 22 18 0 0 0 
95 95 94 93 93 93 93 91 91 91 90 90 89 72 70 66 63 60 60 60 55 54 50 50 50 50 50 50 50 44 42 40 35 34 33 31 31 31 19 18 6 5 0 0 0 0 0 0 0 0 
93 93 92 92 92 92 91 91 91 91 87 82 79 66 64 57 57 56 55 54 53 50 50 50 50 50 50 49 49 49 48 47 47 44 42 24 15 13 11 4 3 3 3 3 3 3 0 0 0 0 
94 94 93 92 92 92 91 91 90 90 90 88 83 71 68 67 64 61 61 60 56 56 51 51 51 51 51 51 50 50 49 49 39 35 34 23 20 19 10 4 2 2 2 2 2 2 2 2 2 2 
86 86 84 84 84 84 84 83 83 83 83 83 81 79 78 69 68 68 64 59 55 52 52 51 50 50 50 50 48 48 44 44 43 40 39 38 33 32 30 23 20 15 12 9 4 4 4 3 1 1 
93 93 91 88 88 87 87 87 87 87 87 87 74 74 64 52 52 52 52 52 50 50 50 50 50 50 49 49 49 48 47 45 43 38 37 28 28 25 25 22 21 20 19 17 13 11 8 3 2 2 
96 94 94 93 93 93 93 92 91 91 87 84 83 82 78 76 70 51 51 50 50 50 50 50 50 50 50 49 49 49 44 38 32 26 14 12 12 5 2 1 1 1 1 1 1 1 1 1 0 0 
95 95 94 94 94 94 94 94 94 94 93 93 93 92 91 88 88 86 71 69 69 63 52 52 50 50 49 47 47 40 38 37 37 37 30 21 21 16 8 8 7 2 2 2 2 2 2 2 0 0 
93 93 93 93 92 92 91 91 91 91 91 90 90 86 84 83 82 81 77 76 67 65 56 56 50 50 50 50 50 49 49 48 47 47 45 45 44 25 24 18 13 12 12 7 5 0 0 0 0 0 
93 92 91 91 91 91 91 91 90 90 90 89 80 78 75 70 66 53 51 51 50 50 50 50 50 49 49 49 49 48 47 46 45 38 35 33 20 12 7 5 3 1 1 1 1 1 1 0 0 0 
92 92 91 91 91 91 90 90 90 90 90 90 87 85 80 77 65 53 52 52 52 52 52 51 51 50 50 50 50 50 50 50 49 49 49 49 48 44 43 33 31 24 6 5 4 4 4 4 2 2 
97 97 97 96 93 92 92 92 92 92 92 91 91 90 89 88 74 71 59 53 52 51 51 51 51 51 51 51 50 50 50 48 44 43 41 32 30 29 14 13 12 5 3 2 2 2 2 2 2 1 
94 94 94 94 94 93 91 91 91 91 91 91 91 91 91 90 90 90 90 82 80 79 58 55 50 50 50 50 50 50 50 50 49 49 45 44 33 30 25 13 10 8 7 6 0 0 0 0 0 0 
94 94 94 94 94 93 92 92 91 90 89 88 87 85 85 85 85 82 81 78 74 68 57 53 53 53 52 52 50 50 50 50 48 47 46 45 43 41 40 27 12 9 7 3 3 3 3 3 3 0 
97 96 96 96 96 96 96 95 95 94 93 93 93 92 92 84 69 65 65 63 51 51 51 50 50 50 50 50 50 49 49 48 46 42 16 13 12 6 5 3 1 1 1 1 1 1 1 1 0 0 
93 92 91 91 91 91 91 91 91 91 91 91 91 91 88 88 80 79 77 77 70 70 69 59 57 52 52 52 51 51 51 50 50 50 48 48 47 47 42 41 41 39 6 6 6 4 4 4 4 4 
94 94 94 93 93 93 93 93 93 93 93 93 92 91 91 89 86 85 81 69 57 55 54 54 53 52 52 51 51 50 50 50 50 49 49 49 48 46 45 44 38 34 32 28 10 6 4 4 4 2 
96 94 94 94 94 94 94 94 93 91 91 91 91 89 87 86 86 85 83 81 80 79 70 64 56 53 53 53 52 52 50 50 50 50 50 50 50 50 49 49 48 46 42 41 22 6 2 2 2 2 
95 95 94 94 94 94 94 94 94 94 93 93 93 85 81 79 79 74 72 71 70 68 63 61 61 60 58 55 51 50 50 50 49 49 49 49 46 42 37 35 24 15 12 12 11 11 11 11 9 4 
93 93 93 93 93 93 93 93 92 91 91 91 89 84 80 68 65 64 58 57 54 53 53 53 52 50 50 49 49 48 46 46 45 42 39 32 31 21 19 10 9 8 8 8 8 8 3 3 3 3 
94 94 94 94 94 94 94 94 93 91 90 89 87 84 79 79 78 76 65 61 50 50 50 50 50 50 50 48 47 47 45 45 38 30 29 28 27 24 10 10 6 2 2 0 0 0 0 0 0 0 
94 94 93 93 93 93 93 93 93 90 89 77 77 66 63 62 56 56 56 53 53 52 50 50 50 50 50 50 49 49 49 48 48 39 38 28 18 17 8 6 6 6 6 6 6 6 3 0 0 0 
95 95 93 93 93 93 93 93 93 93 90 83 80 78 62 60 54 54 54 51 51 51 51 50 50 49 49 49 49 43 41 40 25 14 8 6 5 5 5 5 5 5 5 3 2 2 2 2 2 1 
96 94 94 94 94 94 94 94 94 94 93 87 83 79 69 63 63 57 52 51 51 50 50 50 50 50 50 50 50 49 49 47 45 40 39 38 36 31 27 21 7 6 1 1 1 1 1 1 1 1 
93 92 90 90 90 90 90 90 90 90 90 89 79 73 72 71 68 51 50 50 50 50 50 50 49 49 48 48 45 44 41 40 39 36 31 31 27 10 6 6 6 2 1 1 1 1 1 1 0 0 
96 95 94 92 91 91 91 91 91 91 91 91 89 82 75 72 60 56 56 52 52 51 51 51 51 50 50 50 50 49 49 48 48 42 33 25 21 13 8 6 6 2 2 2 2 1 1 1 1 1 
95 95 95 95 95 95 95 95 93 93 89 88 82 80 77 71 67 65 55 55 55 51 51 50 50 49 48 48 47 46 45 43 42 40 17 17 16 16 14 6 5 4 1 1 1 1 1 1 1 0 
98 97 96 96 96 96 96 96 96 96 94 87 86 82 78 61 55 51 51 51 51 51 50 50 50 50 50 50 49 48 47 47 41 38 36 35 10 4 4 3 2 2 1 1 1 1 1 1 1 1 
99 99 99 99 99 99 99 99 97 96 96 77 68 65 61 59 59 58 58 56 52 51 50 50 50 50 50 50 50 48 44 43 41 40 40 36 36 33 25 22 15 10 9 9 8 1 1 1 1 1 
