0.734375 0.9765625 0.828125 0.6484375 0.1171875 0.9765625 0.3203125 0.921875 0.671875 0.6484375 
0.9765625 0.828125 0.6484375 0.1171875 0.9765625 0.921875 0.9140625 0.7265625 0.0625 1.0 
0.1171875 0.9765625 0.828125 0.6484375 0.9765625 0.921875 0.9140625 0.7265625 0.0625 1.0 
0.1171875 0.6484375 0.75 0.734375 0.9140625 0.765625 0.9765625 0.828125 0.9765625 0.921875 
0.6484375 0.75 0.734375 0.9140625 0.765625 0.796875 0.9453125 0.1171875 0.9765625 0.828125 
0.6484375 0.75 0.734375 0.9140625 0.765625 0.796875 0.9453125 0.8671875 0.8359375 0.6484375 
0.6484375 0.75 0.734375 0.9140625 0.765625 0.796875 0.9453125 0.8671875 0.8359375 0.6484375 
0.6484375 0.75 0.734375 0.9140625 0.765625 0.796875 0.9453125 0.8671875 0.8359375 0.6484375 
0.6484375 0.75 0.734375 0.9140625 0.765625 0.796875 0.9453125 0.8671875 0.8359375 0.6484375 
0.6484375 0.75 0.734375 0.9140625 0.765625 0.796875 0.9453125 0.8671875 0.8359375 0.6484375 
0.6484375 0.75 0.734375 0.9140625 0.765625 0.796875 0.9453125 0.8671875 0.8359375 0.6484375 
0.6484375 0.75 0.734375 0.9140625 0.765625 0.796875 0.9453125 0.8671875 0.8359375 0.6484375 
0.6484375 0.75 0.734375 0.9140625 0.765625 0.796875 0.9453125 0.8671875 0.8359375 0.6484375 
0.6484375 0.75 0.734375 0.9140625 0.765625 0.796875 0.9453125 0.8671875 0.8359375 0.6484375 
0.6484375 0.75 0.734375 0.9140625 0.765625 0.796875 0.9453125 0.8671875 0.8359375 0.6484375 
0.6484375 0.75 0.734375 0.9140625 0.765625 0.796875 0.9453125 0.8671875 0.8359375 0.6484375 
0.6484375 0.75 0.734375 0.9140625 0.765625 0.796875 0.9453125 0.8671875 0.8359375 0.6484375 
0.6484375 0.75 0.734375 0.9140625 0.765625 0.796875 0.9453125 0.8671875 0.8359375 0.6484375 
0.6484375 0.75 0.734375 0.9140625 0.765625 0.796875 0.9453125 0.8671875 0.8359375 0.6484375 
0.6484375 0.75 0.734375 0.9140625 0.765625 0.796875 0.9453125 0.8671875 0.8359375 0.6484375 
0.6484375 0.75 0.734375 0.9140625 0.765625 0.796875 0.9453125 0.8671875 0.8359375 0.6484375 
0.6484375 0.75 0.734375 0.9140625 0.765625 0.796875 0.9453125 0.8671875 0.8359375 0.6484375 
0.6484375 0.75 0.734375 0.9140625 0.765625 0.796875 0.9453125 0.8671875 0.8359375 0.6484375 
0.6484375 0.75 0.734375 0.9140625 0.765625 0.796875 0.9453125 0.8671875 0.8359375 0.6484375 
0.6484375 0.75 0.734375 0.9140625 0.765625 0.796875 0.9453125 0.8671875 0.8359375 0.6484375 
0.6484375 0.75 0.734375 0.9140625 0.765625 0.796875 0.9453125 0.8671875 0.8359375 0.6484375 
0.6484375 0.75 0.734375 0.9140625 0.765625 0.796875 0.9453125 0.8671875 0.8359375 0.6484375 
0.6484375 0.75 0.734375 0.9140625 0.765625 0.796875 0.9453125 0.8671875 0.8359375 0.6484375 
0.6484375 0.75 0.734375 0.9140625 0.765625 0.796875 0.9453125 0.8671875 0.8359375 0.6484375 
0.6484375 0.75 0.734375 0.9140625 0.765625 0.796875 0.9453125 0.8671875 0.8359375 0.6484375 
0.6484375 0.75 0.734375 0.9140625 0.765625 0.796875 0.9453125 0.8671875 0.8359375 0.6484375 
0.6484375 0.75 0.734375 0.9140625 0.765625 0.796875 0.9453125 0.8671875 0.8359375 0.6484375 
0.6484375 0.75 0.734375 0.9140625 0.765625 0.796875 0.9453125 0.8671875 0.8359375 0.6484375 
0.6484375 0.75 0.734375 0.9140625 0.765625 0.796875 0.9453125 0.8671875 0.8359375 0.6484375 
0.6484375 0.75 0.734375 0.9140625 0.765625 0.796875 0.9453125 0.8671875 0.8359375 0.6484375 
0.6484375 0.75 0.734375 0.9140625 0.765625 0.796875 0.9453125 0.8671875 0.8359375 0.6484375 
0.6484375 0.75 0.734375 0.9140625 0.765625 0.796875 0.9453125 0.8671875 0.8359375 0.6484375 
0.6484375 0.75 0.734375 0.9140625 0.765625 0.796875 0.9453125 0.8671875 0.8359375 0.6484375 
0.6484375 0.75 0.734375 0.9140625 0.765625 0.796875 0.9453125 0.8671875 0.8359375 0.6484375 
0.6484375 0.75 0.734375 0.9140625 0.765625 0.796875 0.9453125 0.8671875 0.8359375 0.6484375 
0.6484375 0.75 0.734375 0.9140625 0.765625 0.796875 0.9453125 0.8671875 0.8359375 0.6484375 
0.6484375 0.75 0.734375 0.9140625 0.765625 0.796875 0.9453125 0.8671875 0.8359375 0.6484375 
0.6484375 0.75 0.734375 0.9140625 0.765625 0.796875 0.9453125 0.8671875 0.8359375 0.6484375 
0.6484375 0.75 0.734375 0.9140625 0.765625 0.796875 0.9453125 0.8671875 0.8359375 0.6484375 
0.6484375 0.75 0.734375 0.9140625 0.765625 0.796875 0.9453125 0.8671875 0.8359375 0.6484375 
0.6484375 0.75 0.734375 0.9140625 0.765625 0.796875 0.9453125 0.8671875 0.8359375 0.6484375 
0.6484375 0.75 0.734375 0.9140625 0.765625 0.796875 0.9453125 0.8671875 0.8359375 0.6484375 
0.6484375 0.75 0.734375 0.9140625 0.765625 0.796875 0.9453125 0.8671875 0.8359375 0.6484375 
0.6484375 0.75 0.734375 0.9140625 0.765625 0.796875 0.9453125 0.8671875 0.8359375 0.6484375 
0.6484375 0.75 0.734375 0.9140625 0.765625 0.796875 0.9453125 0.8671875 0.8359375 0.6484375 
