% Ministry of Cellular Automata
% Project Deux (CS523 Spring 2015)
% Version:v0.1-66-g3e0f-dirty
%  pop:50
%  ic count:100
%  CA Log option:r3/run29
%  width:121
%  max workers:4
%  radius:3
%  iterations:300
%  generations:50

 generation 0.1.0.50.1.0.1.1.1.1.39.0.11.0.1.0.1.20.1.1.1.1.0.1.1.50.1.1.1.50.50.50.1.1.1.2.1.50.1.1.0.1.0.50.50.1.1.50.0.1.1.xover.mutate.done 50
 generation 1.50.50.50.50.51.50.50.50.50.39.50.18.1.50.2.1.1.1.51.2.2.1.2.2.6.2.2.2.2.2.13.50.1.2.50.1.1.50.51.2.2.50.1.51.2.2.2.50.2.19.xover.mutate.done 50
 generation 2.51.52.51.51.50.50.50.50.50.50.50.2.2.51.1.50.52.50.52.50.1.2.50.3.50.51.50.9.52.1.50.2.51.50.3.50.3.52.2.50.2.51.3.2.2.2.2.52.9.3.xover.mutate.done 50
 generation 3.50.50.50.50.50.50.50.50.50.50.0.50.50.9.0.0.0.0.22.50.50.50.0.0.50.0.50.50.50.50.50.50.50.50.0.50.0.50.50.0.50.50.0.0.50.0.50.8.0.50.xover.mutate.done 50
 generation 4.50.50.50.50.50.50.51.51.51.51.1.50.1.51.0.51.0.1.0.1.1.1.50.0.1.1.1.1.50.50.50.18.1.1.11.50.1.51.1.50.50.1.1.0.1.1.0.50.28.0.xover.mutate.done 50
 generation 5.50.50.50.50.50.50.50.51.51.51.50.1.0.11.1.50.21.0.0.1.1.1.1.1.50.1.1.1.1.1.1.1.1.1.50.1.1.1.1.50.1.1.1.20.0.50.51.1.0.0.xover.mutate.done 50
 generation 6.51.51.51.51.51.51.51.51.51.51.50.51.51.2.1.1.1.50.1.2.1.50.2.2.2.1.51.2.2.51.2.25.36.51.1.51.2.50.1.2.2.2.1.2.2.1.1.51.8.2.xover.mutate.done 50
 generation 7.51.51.51.51.50.50.50.50.50.50.1.50.1.1.1.1.1.1.50.50.1.1.1.1.1.1.12.1.51.1.1.1.51.50.44.51.1.50.1.1.35.50.1.50.4.1.17.50.9.1.xover.mutate.done 50
 generation 8.52.52.52.52.52.61.52.51.51.51.3.18.2.3.5.50.3.3.3.3.3.3.3.3.3.16.2.51.3.2.72.52.3.3.52.3.3.3.2.29.3.13.3.51.51.4.3.3.3.3.xover.mutate.done 50
 generation 9.74.53.50.50.50.50.50.50.50.50.8.1.50.0.1.16.50.1.1.48.4.50.1.17.1.1.1.7.1.1.1.37.60.51.1.1.1.41.25.1.1.1.43.1.51.1.1.1.50.50.xover.mutate.done 50
 generation 10.74.63.54.51.51.50.50.50.50.50.50.49.51.1.48.1.49.1.74.51.1.1.50.51.11.51.1.1.28.19.1.51.26.42.1.1.1.26.50.23.40.1.9.1.1.9.1.50.50.50.xover.mutate.done 50
 generation 11.72.72.63.57.50.50.50.50.50.50.57.52.2.31.52.2.52.50.50.8.47.37.13.17.29.2.50.2.52.2.52.2.2.77.2.2.2.50.52.37.10.24.52.18.2.52.8.50.2.29.xover.mutate.done 50
 generation 12.72.80.80.65.55.64.51.51.51.51.6.48.1.11.51.14.2.51.12.2.28.33.87.11.51.24.51.64.51.68.22.70.7.2.66.51.51.1.23.51.51.51.18.51.51.51.31.32.2.1.xover.mutate.done 50
 generation 13.85.79.79.80.63.70.61.63.59.61.53.1.20.1.46.13.47.22.60.1.14.50.30.11.1.50.51.51.61.86.1.46.30.46.1.51.51.85.1.51.50.47.32.79.48.21.63.64.0.30.xover.mutate.done 50
 generation 14.85.85.85.68.77.77.77.66.57.73.63.51.19.3.2.74.47.23.3.26.3.51.37.3.64.3.60.48.65.85.60.52.52.3.41.3.28.61.37.3.51.62.49.31.52.7.21.44.39.70.xover.mutate.done 50
 generation 15.87.89.89.89.77.77.77.76.68.75.2.50.28.61.0.0.77.49.81.52.77.26.18.3.50.2.89.15.52.33.48.45.2.70.11.48.33.23.2.61.45.21.9.52.11.12.50.45.29.13.xover.mutate.done 50
 generation 16.91.91.91.91.92.85.82.82.82.82.10.4.96.25.22.31.49.64.51.4.4.34.2.4.42.74.40.85.52.81.4.11.36.4.88.4.91.4.4.4.50.52.47.40.12.4.52.79.61.4.xover.mutate.done 50
 generation 17.92.84.81.81.87.87.81.86.82.82.59.3.77.51.52.86.80.3.30.50.48.46.3.35.64.64.52.3.24.7.86.72.50.6.65.34.44.3.3.64.33.18.34.9.7.87.13.88.81.5.xover.mutate.done 50
 generation 18.93.90.92.90.90.88.88.88.86.83.64.51.51.80.91.67.51.37.88.51.27.2.79.57.20.25.72.50.76.50.48.77.2.71.51.73.23.2.47.96.28.86.81.88.2.83.3.46.49.19.xover.mutate.done 50
 generation 19.90.92.90.88.85.89.89.87.86.87.2.80.67.72.37.72.90.15.64.39.44.33.52.39.82.77.55.41.2.82.50.64.46.52.65.50.67.2.33.50.39.76.71.34.61.52.61.8.39.24.xover.mutate.done 50
 generation 20.85.91.88.91.84.84.84.86.86.83.74.47.66.52.49.2.21.52.34.18.50.92.68.22.81.49.17.91.49.52.40.2.42.79.52.27.74.49.83.7.83.49.50.52.87.63.67.15.43.77.xover.mutate.done 50
 generation 21.92.92.92.92.88.83.85.85.90.86.84.76.83.66.59.81.16.70.82.49.14.70.23.84.73.3.92.50.84.41.61.85.20.45.27.83.83.69.58.41.60.20.27.41.36.83.53.68.23.62.xover.mutate.done 50
 generation 22.90.89.89.89.90.81.78.78.83.83.10.52.43.15.80.60.78.3.45.12.13.65.51.87.83.46.37.71.31.74.14.73.50.52.51.13.19.78.49.54.45.90.32.12.58.70.89.51.34.90.xover.mutate.done 50
 generation 23.94.93.94.93.95.95.95.95.90.87.44.46.55.48.23.77.0.85.50.92.19.10.38.75.92.5.50.34.50.85.68.4.94.55.84.44.41.61.52.52.0.46.42.43.93.67.83.42.84.65.xover.mutate.done 50
 generation 24.89.89.89.89.89.89.89.89.89.88.59.1.1.40.25.56.76.47.1.3.14.83.88.92.44.43.40.82.48.0.70.89.39.51.12.55.48.90.43.67.1.20.27.32.62.79.2.48.88.89.xover.mutate.done 50
 generation 25.94.91.94.94.94.94.97.97.90.97.68.48.53.92.50.48.3.91.6.73.50.49.40.3.53.91.50.83.49.72.72.28.83.25.49.97.28.6.61.50.50.48.3.49.3.35.40.10.36.53.xover.mutate.done 50
 generation 26.97.97.97.97.97.96.96.96.96.95.93.38.51.51.2.38.23.50.14.92.50.2.66.28.74.21.1.50.32.97.9.40.80.10.37.51.1.51.2.35.96.23.38.3.91.60.2.23.51.51.xover.mutate.done 50
 generation 27.91.91.91.91.91.91.91.91.91.91.1.1.52.50.2.2.51.32.5.18.2.28.35.66.59.3.84.92.42.91.38.32.44.88.39.51.2.51.50.90.88.12.51.1.51.2.50.87.18.2.xover.mutate.done 50
 generation 28.95.96.96.96.96.95.96.94.94.94.40.6.46.88.96.96.25.34.2.4.93.52.2.89.11.84.24.76.52.60.44.50.50.52.45.16.8.47.23.95.50.96.50.73.50.2.94.35.96.2.xover.mutate.done 50
 generation 29.95.95.95.95.95.95.96.96.95.95.75.96.73.96.50.37.25.9.49.3.68.53.50.66.53.53.50.52.3.42.53.26.52.52.3.45.87.3.84.3.50.28.50.3.45.40.49.95.86.79.xover.mutate.done 50
 generation 30.91.90.92.90.91.91.91.91.91.91.53.3.3.46.35.3.65.31.91.53.0.3.48.48.44.50.53.10.86.47.39.49.69.53.13.47.49.41.3.68.69.69.89.37.29.36.74.50.3.3.xover.mutate.done 50
 generation 31.93.91.93.93.93.93.93.93.94.93.1.1.32.4.62.51.38.51.1.50.19.35.1.1.39.89.74.66.1.21.45.50.17.1.88.23.36.23.1.62.23.93.15.50.47.81.2.1.47.1.xover.mutate.done 50
 generation 32.99.96.99.99.99.99.99.99.99.99.43.3.48.52.51.88.75.3.51.42.51.11.7.3.3.48.49.51.78.2.52.30.3.73.7.51.52.41.7.67.3.51.3.9.15.12.4.3.10.37.xover.mutate.done 50
 generation 33.98.99.99.99.99.99.99.97.99.95.51.1.34.51.2.45.96.50.28.51.45.8.33.55.45.8.50.50.1.1.1.4.50.44.50.1.50.35.19.6.72.1.1.3.48.44.49.81.50.51.xover.mutate.done 50
 generation 34.86.86.86.86.86.86.86.87.87.83.86.50.42.50.6.50.0.21.36.83.50.0.46.0.54.56.0.13.50.22.70.87.46.44.0.8.0.50.0.39.38.50.0.47.52.7.0.30.50.0.xover.mutate.done 50
 generation 35.95.94.95.95.95.95.95.95.95.95.44.23.51.95.51.72.49.91.6.2.2.50.51.62.2.51.95.51.2.42.2.2.2.6.49.2.51.47.2.41.95.56.2.64.2.41.70.2.2.51.xover.mutate.done 50
 generation 36.95.95.95.95.95.95.95.95.95.95.50.50.50.95.34.27.39.40.63.35.97.50.50.1.95.48.37.37.1.24.50.1.50.48.53.66.50.6.50.38.40.50.50.50.28.11.60.31.93.50.xover.mutate.done 50
 generation 37.92.95.95.93.93.93.93.93.93.93.10.52.3.3.6.43.2.51.3.48.53.44.52.24.9.3.44.52.3.52.52.47.49.51.94.51.16.39.52.48.3.3.52.31.49.3.3.52.87.38.xover.mutate.done 50
 generation 38.93.93.94.94.94.94.94.94.94.94.24.71.20.3.16.3.36.51.3.44.20.67.53.59.50.50.52.3.90.51.3.3.51.36.8.50.4.49.51.47.53.35.5.3.3.3.36.5.0.65.xover.mutate.done 50
 generation 39.89.89.89.89.89.89.89.89.91.91.20.1.50.45.45.43.8.48.84.50.7.13.7.12.91.20.30.8.1.48.50.86.4.51.45.0.7.50.1.58.50.2.50.48.10.42.90.1.14.83.xover.mutate.done 50
 generation 40.95.95.95.91.97.96.96.96.96.97.62.50.41.47.48.10.46.8.0.50.0.37.49.38.21.50.50.50.60.32.44.21.44.0.50.21.48.0.9.16.21.12.33.48.21.48.0.0.95.0.xover.mutate.done 50
 generation 41.96.94.94.94.94.94.94.94.94.94.0.53.81.94.44.53.50.74.50.20.6.3.12.40.48.6.48.3.85.37.49.58.92.52.48.90.14.10.37.84.92.73.38.85.30.50.56.51.3.49.xover.mutate.done 50
 generation 42.95.95.95.95.95.95.95.95.95.95.96.10.51.6.54.13.51.50.50.46.74.11.19.13.95.40.51.37.89.95.1.95.6.50.51.78.50.3.45.1.30.50.12.84.46.88.15.9.2.27.xover.mutate.done 50
 generation 43.89.89.89.89.89.89.89.89.89.89.8.3.82.84.51.53.89.50.50.51.2.89.48.51.90.9.38.50.51.28.7.15.47.44.46.46.2.2.2.44.19.6.3.65.53.55.48.49.4.50.xover.mutate.done 50
 generation 44.97.98.99.98.98.98.98.98.98.98.50.28.93.3.52.0.52.24.50.10.52.98.74.50.3.50.31.3.15.49.0.97.88.15.52.3.3.64.50.3.70.17.0.82.56.36.50.15.12.85.xover.mutate.done 50
 generation 45.88.88.88.88.88.88.88.88.88.88.1.31.15.46.50.17.46.0.44.81.58.5.88.50.46.50.1.56.34.4.82.1.2.88.1.40.24.49.50.48.46.4.50.88.17.36.45.50.41.51.xover.mutate.done 50
 generation 46.94.92.93.93.93.93.93.93.93.93.0.50.68.50.50.52.4.4.38.93.50.28.0.89.10.51.50.6.40.11.50.57.0.81.94.3.93.6.48.34.78.0.11.75.69.31.53.66.51.49.xover.mutate.done 50
 generation 47.94.94.93.93.93.94.94.93.93.93.43.50.54.88.2.52.11.38.49.57.93.22.69.49.52.23.52.52.88.17.52.52.28.49.93.2.52.51.52.2.15.56.12.93.37.23.2.35.40.33.xover.mutate.done 50
 generation 48.90.89.89.89.89.89.89.89.89.89.88.50.50.0.59.50.36.49.52.34.58.85.38.21.58.39.10.0.25.0.89.50.77.0.10.56.17.19.8.50.21.84.64.50.56.87.36.89.52.53.xover.mutate.done 50
 generation 49.90.91.90.90.90.90.90.91.91.91.55.1.46.84.50.43.34.80.51.38.84.60.52.5.47.60.64.80.54.43.26.38.50.51.88.51.0.55.50.93.91.84.36.90.88.51.10.44.44.87.xover.mutate.done 50
 31374996 iters     703776 iter/sec (44.58 s)
 total time: 44.58
