53 50 50 50 50 50 50 50 50 50 50 50 50 26 20 7 3 3 3 3 3 3 3 3 3 3 3 3 3 3 3 3 3 3 3 3 3 3 3 0 0 0 0 0 0 0 0 0 0 0 
57 52 52 50 50 50 50 50 50 50 50 50 50 50 50 50 50 50 50 50 50 50 50 50 49 39 33 24 15 12 10 7 2 2 2 2 2 2 2 2 2 2 0 0 0 0 0 0 0 0 
54 53 53 53 53 50 50 50 50 50 50 50 50 50 50 50 50 50 50 50 50 50 50 49 41 32 29 17 11 9 3 3 3 3 3 3 3 3 3 3 3 3 3 3 3 0 0 0 0 0 
72 52 52 52 52 52 50 50 50 50 50 50 50 50 50 50 50 50 50 50 50 50 50 50 50 29 26 22 13 7 7 5 4 2 2 2 2 2 2 2 2 0 0 0 0 0 0 0 0 0 
70 54 53 52 52 52 52 52 52 52 50 50 50 50 50 50 50 50 50 50 50 50 50 50 50 50 50 50 50 34 15 14 11 7 6 2 2 2 2 2 2 2 2 2 2 0 0 0 0 0 
71 55 53 53 53 53 53 53 53 53 53 53 53 53 51 51 51 50 50 50 50 50 50 50 50 50 50 49 21 20 19 18 7 4 4 4 4 4 4 4 3 2 1 1 1 1 1 1 1 1 
64 56 56 51 51 51 51 51 51 51 51 51 51 51 51 51 51 51 51 51 51 51 50 50 50 50 50 50 50 50 19 18 6 1 1 1 1 1 1 1 1 1 1 1 1 1 0 0 0 0 
65 62 61 51 51 51 51 51 51 51 51 51 51 51 51 51 51 51 51 51 51 51 51 51 50 50 50 50 18 7 1 1 1 1 1 1 1 1 1 1 1 1 1 1 1 1 0 0 0 0 
68 66 64 54 54 54 51 51 51 51 51 51 51 51 51 51 51 51 51 51 51 51 51 51 51 51 50 50 30 9 2 2 2 2 2 2 2 2 2 2 1 1 1 1 1 1 1 1 1 1 
64 62 61 50 50 50 50 50 50 50 50 50 50 50 50 50 50 50 50 50 49 49 49 44 42 33 21 16 14 13 8 6 5 0 0 0 0 0 0 0 0 0 0 0 0 0 0 0 0 0 
68 66 64 52 52 52 52 52 52 52 52 52 52 52 52 52 52 52 52 52 50 50 50 50 48 29 23 22 19 16 15 12 12 11 2 2 2 2 2 2 2 2 2 2 2 2 0 0 0 0 
67 65 63 51 51 51 51 51 51 51 51 51 51 51 51 51 51 51 51 51 51 51 51 50 50 50 50 44 23 22 21 16 11 6 2 2 2 2 2 2 1 1 1 1 1 1 1 1 1 1 
78 72 68 50 50 50 50 50 50 50 50 50 50 50 50 50 50 50 50 50 50 50 50 50 50 50 50 50 42 40 40 40 35 34 28 23 21 20 6 0 0 0 0 0 0 0 0 0 0 0 
63 61 61 50 50 50 50 50 50 50 50 50 50 50 50 50 50 50 50 50 50 50 50 50 50 50 50 50 50 50 33 32 22 21 17 12 7 2 1 1 1 1 1 1 1 1 0 0 0 0 
71 69 65 50 50 50 50 50 50 50 50 50 50 50 50 50 50 50 50 50 50 50 50 50 50 50 50 50 50 50 50 48 46 41 40 23 20 4 0 0 0 0 0 0 0 0 0 0 0 0 
66 66 61 50 50 50 50 50 50 50 50 50 50 50 50 50 50 50 50 50 50 50 50 50 50 50 39 28 28 25 12 9 5 1 1 1 1 1 1 1 1 1 1 1 1 0 0 0 0 0 
66 65 65 63 53 53 53 53 53 53 53 53 53 53 53 53 53 53 53 53 53 53 53 53 53 53 50 50 50 50 31 27 23 22 7 4 4 4 4 4 4 4 3 3 3 1 1 1 1 1 
62 61 61 60 53 53 53 53 53 53 53 53 53 53 53 53 53 53 53 53 53 50 32 31 15 15 10 8 3 3 3 3 3 3 3 3 3 3 3 3 3 3 3 3 3 3 3 3 0 0 
66 63 62 60 54 50 50 50 50 50 50 50 50 50 50 50 50 50 47 46 39 30 29 27 4 4 4 2 2 2 2 2 2 2 2 2 2 2 2 2 0 0 0 0 0 0 0 0 0 0 
70 69 66 65 62 60 51 51 51 51 51 51 51 51 51 51 51 51 51 51 51 51 51 51 50 50 46 42 29 12 9 9 5 1 1 1 1 1 1 1 1 1 1 1 1 0 0 0 0 0 
58 55 54 53 51 51 50 50 50 50 50 50 50 50 50 50 50 50 50 50 50 50 50 28 21 20 20 20 20 13 9 8 5 0 0 0 0 0 0 0 0 0 0 0 0 0 0 0 0 0 
68 65 63 62 60 59 58 54 50 50 50 50 50 50 50 50 50 50 50 50 50 50 50 50 50 50 50 36 27 27 20 9 9 8 0 0 0 0 0 0 0 0 0 0 0 0 0 0 0 0 
65 64 63 60 58 54 53 53 52 52 52 52 52 52 52 52 52 50 50 33 30 16 12 10 7 3 3 3 3 3 3 3 3 2 2 2 2 2 2 2 2 2 2 1 1 1 1 1 1 1 
64 64 63 62 60 60 60 53 51 51 51 51 51 51 51 50 50 46 22 22 14 13 10 7 4 4 2 2 2 2 2 2 2 2 2 2 2 2 2 1 1 1 1 1 1 1 1 1 1 1 
65 64 60 60 60 57 57 56 56 56 50 50 50 47 26 20 13 7 5 0 0 0 0 0 0 0 0 0 0 0 0 0 0 0 0 0 0 0 0 0 0 0 0 0 0 0 0 0 0 0 
72 72 71 71 66 66 65 64 64 63 61 61 59 58 50 50 50 50 50 41 39 8 7 6 1 1 1 1 1 1 1 1 1 1 1 1 1 1 1 1 1 1 1 1 1 1 0 0 0 0 
69 66 66 65 65 64 63 62 61 61 61 61 61 58 57 56 54 51 51 50 50 50 49 32 23 10 5 4 4 4 4 1 1 1 1 1 1 1 1 1 1 0 0 0 0 0 0 0 0 0 
66 63 61 61 61 61 60 58 57 56 51 50 50 50 49 48 47 39 28 26 25 24 21 14 14 9 8 8 7 7 7 7 7 4 4 4 3 3 3 3 3 3 3 1 1 1 1 1 1 1 
64 63 62 62 61 60 58 57 56 56 55 55 51 50 50 50 47 45 36 32 28 18 14 9 8 6 5 5 5 4 1 1 1 1 1 1 1 1 1 1 0 0 0 0 0 0 0 0 0 0 
68 67 66 66 65 65 63 62 62 59 57 56 55 54 53 50 45 35 32 31 14 5 4 4 4 4 3 3 3 3 3 3 3 3 3 2 2 2 2 2 2 2 2 1 1 1 1 1 1 1 
70 65 64 62 61 60 59 59 59 58 57 55 55 54 54 53 51 47 31 23 23 18 15 10 6 4 3 2 2 0 0 0 0 0 0 0 0 0 0 0 0 0 0 0 0 0 0 0 0 0 
63 63 62 62 60 59 59 59 57 57 57 56 54 53 53 51 51 47 42 31 29 21 16 15 7 7 7 6 6 5 5 5 5 5 2 2 2 2 2 2 2 2 2 2 1 1 1 1 1 1 
69 68 67 66 65 65 64 62 61 61 60 59 59 58 52 44 44 42 41 40 37 33 32 22 21 17 17 17 14 14 14 13 9 1 1 1 1 1 1 1 1 1 1 1 1 1 1 1 1 1 
67 63 60 59 59 59 57 56 55 51 50 48 48 46 44 42 40 34 32 26 23 23 22 21 18 14 11 11 11 8 7 6 5 5 5 1 1 1 1 1 1 1 1 1 0 0 0 0 0 0 
64 64 64 63 61 61 61 59 58 56 54 54 50 48 48 46 45 43 38 37 32 29 29 28 22 22 21 21 19 17 13 12 11 9 3 1 1 1 1 1 1 1 1 1 1 0 0 0 0 0 
71 70 70 67 67 66 66 66 65 65 62 60 59 57 54 51 47 47 45 44 40 39 38 36 36 27 25 23 22 21 17 16 15 12 12 5 5 4 4 4 3 0 0 0 0 0 0 0 0 0 
67 65 63 62 61 61 60 57 56 56 55 55 53 52 52 51 50 49 49 46 45 44 44 44 43 33 31 28 27 25 22 17 15 15 15 13 11 7 5 4 4 3 3 3 3 3 3 3 0 0 
71 71 70 69 69 68 67 67 67 66 66 65 65 61 60 59 56 51 48 47 46 46 42 38 34 33 32 28 25 20 18 17 16 8 8 6 5 5 5 5 2 2 2 2 2 2 2 1 1 1 
75 74 71 70 69 69 69 62 61 61 59 58 58 58 57 55 54 53 53 53 49 44 44 42 37 36 36 35 34 27 26 25 22 22 19 13 11 10 9 8 8 3 3 2 0 0 0 0 0 0 
69 67 66 66 65 61 60 60 60 60 59 56 56 53 53 53 51 50 49 47 45 44 43 41 32 32 26 22 19 14 12 11 9 8 8 5 3 3 3 3 3 0 0 0 0 0 0 0 0 0 
70 68 67 65 64 64 64 63 63 62 61 61 61 59 58 58 56 55 55 53 47 46 46 45 43 43 43 41 40 39 36 35 32 30 26 23 16 14 10 9 7 7 6 6 3 3 3 3 1 1 
72 71 70 66 65 65 64 64 63 63 61 61 60 58 58 58 57 57 57 56 56 54 52 51 51 50 49 48 48 43 41 36 25 17 17 16 15 14 7 7 1 1 1 1 1 1 1 1 1 1 
66 66 64 63 60 60 60 59 59 58 57 56 56 55 53 52 51 51 48 48 47 47 47 47 47 46 44 44 42 41 41 40 38 31 29 26 21 20 11 10 10 10 5 3 0 0 0 0 0 0 
68 67 66 66 64 64 64 64 62 62 62 61 60 59 59 59 58 55 53 52 52 50 49 49 49 48 47 46 43 43 43 37 30 28 26 25 20 19 18 10 7 6 5 5 1 1 0 0 0 0 
72 71 69 67 67 67 66 66 65 65 64 64 61 61 59 56 56 55 54 53 52 50 49 46 44 43 42 40 36 33 32 31 26 23 15 9 8 7 1 1 1 1 1 1 1 1 0 0 0 0 
70 68 67 67 66 64 63 63 62 61 61 61 60 60 60 60 59 58 51 49 48 40 32 31 31 30 29 27 25 20 18 15 11 11 9 9 8 8 7 5 5 5 2 2 2 2 2 1 1 1 
70 67 67 67 66 63 62 62 62 62 61 61 57 54 54 53 50 50 45 43 43 38 38 33 30 24 22 19 15 14 14 8 8 6 6 3 3 3 3 3 3 3 3 3 3 3 3 3 0 0 
73 68 67 67 67 64 62 61 60 59 59 57 57 57 56 56 54 51 48 48 47 45 45 35 33 32 31 28 26 21 19 17 15 10 8 5 4 4 2 2 2 2 2 2 2 2 2 2 1 1 
73 73 69 69 69 68 68 67 67 66 64 63 63 61 58 58 57 56 55 51 51 46 41 41 36 24 22 14 14 13 13 12 11 7 7 5 3 3 3 3 3 3 3 3 3 3 3 3 3 3 
75 74 73 72 72 70 70 70 69 69 68 64 64 63 63 62 61 59 59 56 55 53 37 36 35 34 30 28 25 25 20 19 18 16 16 16 13 11 10 7 6 3 3 3 3 3 3 3 3 3 
