% Ministry of Cellular Automata
% Project Deux (CS523 Spring 2015)
% Version:v0.1-66-g3e0f-dirty
%  pop:50
%  ic count:100
%  CA Log option:r3/run23
%  width:121
%  max workers:4
%  radius:3
%  iterations:300
%  generations:50

 generation 0.0.50.50.50.50.50.0.50.0.0.0.0.0.0.50.0.50.0.0.0.50.0.0.0.0.0.0.1.0.0.50.0.0.0.50.0.0.0.0.0.0.50.0.34.0.2.50.0.0.50.xover.mutate.done 50
 generation 1.50.50.50.51.50.50.50.50.50.50.0.1.50.0.1.50.43.1.50.1.50.1.50.1.50.1.1.50.1.5.1.1.1.1.1.10.1.5.50.1.29.1.50.50.50.1.1.50.50.50.xover.mutate.done 50
 generation 2.52.50.50.51.50.50.50.50.50.50.50.2.2.50.50.2.1.51.21.50.50.50.2.39.2.2.15.3.2.2.50.51.50.2.3.8.2.50.51.3.3.1.3.2.50.2.2.51.1.3.xover.mutate.done 50
 generation 3.50.51.51.51.51.51.50.50.50.50.0.1.0.1.0.45.0.50.1.0.50.1.50.1.1.50.50.1.50.50.1.50.50.50.50.50.1.51.0.1.0.13.1.50.1.50.1.51.1.0.xover.mutate.done 50
 generation 4.51.51.51.51.51.51.51.50.50.50.50.0.34.51.51.0.50.0.50.51.1.51.1.34.1.50.0.1.41.1.1.50.50.50.50.1.49.0.51.1.50.50.1.1.50.50.50.1.33.36.xover.mutate.done 50
 generation 5.52.52.52.52.52.52.52.52.52.52.52.3.52.50.3.52.10.51.50.52.1.52.20.1.3.51.51.3.50.3.50.1.3.1.50.50.1.52.52.50.52.50.1.52.52.1.50.52.25.50.xover.mutate.done 50
 generation 6.50.50.50.50.50.50.50.50.50.50.50.1.50.50.1.50.1.8.1.50.1.50.50.50.50.50.1.50.11.1.1.1.1.1.50.50.50.50.50.38.50.50.40.50.50.1.19.50.50.50.xover.mutate.done 50
 generation 7.51.51.51.51.51.51.51.51.51.51.1.51.51.51.1.1.1.1.1.51.50.51.0.51.51.29.1.1.1.51.50.1.1.51.1.0.51.1.1.50.51.1.51.1.1.1.51.51.0.11.xover.mutate.done 50
 generation 8.50.50.50.50.50.50.50.50.50.50.50.50.50.5.50.2.2.50.50.2.2.2.2.2.2.50.2.50.50.2.50.2.2.2.2.0.2.50.2.50.46.50.2.50.2.2.2.50.50.50.xover.mutate.done 50
 generation 9.53.53.53.53.53.53.53.53.53.53.52.3.15.53.11.3.50.3.3.53.4.53.3.3.53.3.50.3.53.3.3.3.3.11.3.53.53.39.50.3.50.53.3.50.53.53.53.53.3.53.xover.mutate.done 50
 generation 10.52.52.52.52.52.52.52.52.52.52.0.26.52.50.52.50.2.52.0.47.50.4.52.52.52.52.52.52.0.50.52.2.52.52.52.52.52.2.2.52.16.52.2.52.34.2.0.52.2.50.xover.mutate.done 50
 generation 11.50.50.50.50.50.50.50.50.50.50.50.50.2.50.2.2.50.50.25.50.2.2.50.0.50.50.24.2.50.50.0.50.50.28.0.50.29.2.50.50.4.30.0.2.10.50.0.2.50.50.xover.mutate.done 50
 generation 12.51.51.51.51.51.51.51.51.51.51.51.13.1.51.51.51.0.1.1.51.1.51.1.19.51.51.27.51.1.1.51.1.51.51.25.50.17.1.1.51.51.51.29.51.0.1.51.1.20.51.xover.mutate.done 50
 generation 13.50.50.50.50.50.50.50.50.50.50.1.50.50.50.50.1.50.1.1.1.20.1.50.42.1.37.20.50.50.12.50.50.0.50.7.1.1.22.11.50.50.1.16.50.1.50.14.50.1.16.xover.mutate.done 50
 generation 14.52.52.52.52.52.52.52.52.52.52.4.4.4.52.2.4.23.38.4.50.52.42.52.2.27.49.52.4.4.52.4.4.4.2.52.52.4.52.14.4.4.22.2.52.2.50.4.4.2.4.xover.mutate.done 50
 generation 15.51.51.51.51.51.51.51.51.51.51.3.51.51.2.51.2.2.1.2.15.51.51.2.2.50.21.36.2.2.11.51.2.1.51.50.51.51.1.2.51.2.2.2.2.50.51.50.1.51.1.xover.mutate.done 50
 generation 16.50.50.50.50.50.50.50.50.50.50.2.2.2.50.50.2.2.50.2.50.2.13.50.50.50.50.2.50.2.2.50.50.22.50.2.50.2.14.2.22.50.50.2.2.2.2.50.50.2.2.xover.mutate.done 50
 generation 17.50.50.50.50.50.50.50.50.50.50.50.0.0.0.50.0.50.0.0.50.0.50.50.50.0.0.50.50.0.0.0.0.0.0.50.0.0.0.0.0.50.50.50.50.50.50.16.28.50.50.xover.mutate.done 50
 generation 18.51.51.51.51.51.51.51.51.51.51.51.3.20.3.21.3.51.34.3.51.3.51.51.34.3.51.2.51.3.51.2.25.34.3.51.3.19.51.51.50.51.51.51.51.2.20.51.3.51.50.xover.mutate.done 50
 generation 19.50.50.50.50.50.50.50.50.50.50.0.50.0.0.0.0.0.50.20.50.0.0.50.0.50.0.50.0.50.50.50.0.0.13.0.50.0.0.50.50.0.0.50.0.50.50.50.0.50.50.xover.mutate.done 50
 generation 20.50.50.50.50.50.50.50.50.50.50.50.50.37.0.0.50.0.50.0.50.34.48.50.0.50.50.0.50.21.45.13.50.50.50.27.50.0.0.0.0.50.50.0.50.17.0.0.0.0.50.xover.mutate.done 50
 generation 21.51.51.51.51.51.51.51.51.51.51.51.51.2.51.50.22.51.2.51.50.50.51.50.2.1.13.1.2.46.51.1.51.51.51.2.1.51.51.1.10.2.51.2.24.51.2.51.51.51.51.xover.mutate.done 50
 generation 22.53.53.53.53.53.53.53.53.53.53.53.53.53.24.4.53.4.50.4.50.29.53.53.53.53.53.53.4.4.4.4.4.4.53.4.53.24.53.5.53.53.4.53.33.53.30.4.48.53.53.xover.mutate.done 50
 generation 23.50.50.50.50.50.50.50.50.50.50.50.50.45.50.50.50.50.0.0.50.28.50.50.0.0.50.0.50.50.50.29.25.0.50.37.50.50.50.0.0.50.0.0.0.50.0.50.50.50.0.xover.mutate.done 50
 generation 24.52.52.52.52.52.52.52.52.52.52.16.52.0.52.5.52.52.52.18.2.50.0.0.2.11.44.50.52.51.52.50.2.2.2.52.52.35.50.27.2.50.13.52.10.52.51.8.52.0.0.xover.mutate.done 50
 generation 25.51.51.51.51.51.51.51.51.51.51.51.1.1.51.51.1.1.51.43.1.50.50.51.51.0.51.51.1.1.51.1.1.25.51.1.1.51.1.46.38.51.0.51.48.51.51.1.51.51.51.xover.mutate.done 50
 generation 26.51.51.51.51.51.51.51.51.51.51.1.0.50.51.51.50.51.1.24.45.51.0.51.51.51.51.23.51.16.1.51.51.51.51.50.1.51.51.51.51.51.29.51.51.51.51.1.48.1.1.xover.mutate.done 50
 generation 27.51.51.51.51.51.51.51.51.51.51.51.51.51.2.51.51.51.49.35.51.2.2.2.2.2.24.51.38.2.21.51.51.2.51.2.51.51.51.2.2.36.1.50.51.17.51.50.51.51.2.xover.mutate.done 50
 generation 28.50.50.50.50.50.50.50.50.50.50.50.0.5.50.50.5.0.50.0.50.50.50.50.50.31.35.50.0.50.0.50.0.50.39.0.0.45.50.50.0.50.50.5.50.0.0.50.50.50.0.xover.mutate.done 50
 generation 29.51.51.51.51.51.51.51.51.51.51.50.51.1.1.51.1.51.50.1.51.45.1.45.51.38.50.51.51.1.50.51.51.18.43.51.51.51.1.1.51.11.51.1.51.1.51.51.1.51.1.xover.mutate.done 50
 generation 30.51.51.51.51.51.51.51.51.51.51.51.51.50.1.22.51.1.51.0.1.50.51.51.51.51.51.1.46.43.1.48.27.1.1.1.1.22.1.46.50.1.12.50.0.51.51.1.10.51.51.xover.mutate.done 50
 generation 31.50.50.50.50.50.50.50.50.50.50.50.0.50.0.7.50.50.0.12.30.50.0.50.50.0.14.0.50.0.0.0.50.0.0.40.0.50.0.0.0.50.50.0.50.20.0.0.50.30.50.xover.mutate.done 50
 generation 32.50.50.50.50.50.50.50.50.50.50.0.50.50.0.1.50.1.50.0.50.0.50.50.0.50.50.50.0.0.50.50.0.0.50.50.0.0.50.0.50.50.50.50.1.0.0.50.50.50.50.xover.mutate.done 50
 generation 33.52.52.52.52.52.52.52.52.52.52.0.52.2.52.2.52.52.2.52.52.52.2.52.52.52.2.52.52.52.52.52.52.52.13.2.2.2.0.52.50.2.2.2.52.52.52.2.52.2.52.xover.mutate.done 50
 generation 34.52.52.52.52.52.52.52.52.52.52.52.2.2.2.2.21.2.52.2.2.2.52.48.2.52.39.52.41.20.52.2.2.46.52.2.52.50.52.2.18.2.2.0.52.52.0.16.52.52.52.xover.mutate.done 50
 generation 35.51.51.51.51.51.51.51.51.51.51.1.8.51.40.51.2.49.8.51.3.4.51.51.11.33.50.51.29.3.51.3.19.3.51.51.51.3.8.50.3.51.3.20.51.51.51.51.3.24.33.xover.mutate.done 50
 generation 36.51.51.51.51.51.51.51.51.51.51.51.5.51.0.50.44.50.51.1.51.51.51.19.51.1.1.51.51.51.1.51.1.51.51.51.14.1.28.51.1.51.0.1.1.1.7.1.50.51.13.xover.mutate.done 50
 generation 37.53.53.53.53.53.53.53.53.53.53.53.53.53.53.53.53.1.53.53.48.53.53.26.53.53.4.50.18.53.4.15.4.53.53.53.53.4.53.53.53.53.53.53.53.4.53.53.53.3.4.xover.mutate.done 50
 generation 38.52.52.52.52.52.52.52.52.52.52.44.52.3.52.52.52.52.3.2.2.52.52.52.52.52.3.3.49.52.29.52.3.3.52.52.3.20.12.3.15.52.3.52.52.52.52.50.52.19.52.xover.mutate.done 50
 generation 39.50.50.50.50.50.50.50.50.50.50.50.50.0.46.0.0.50.50.50.1.49.50.37.0.0.49.50.50.0.0.50.43.50.50.15.50.50.50.0.50.0.0.50.43.42.50.0.50.50.50.xover.mutate.done 50
 generation 40.52.52.52.52.52.52.52.52.52.52.51.4.4.2.52.52.4.52.4.4.52.52.51.4.52.52.4.40.52.50.52.4.2.52.52.52.49.52.52.6.52.52.38.39.52.52.9.4.52.4.xover.mutate.done 50
 generation 41.51.51.51.51.51.51.51.51.51.51.51.51.2.8.46.51.2.1.51.51.51.50.28.2.51.1.50.51.51.51.2.2.51.2.5.2.51.51.51.2.50.51.51.51.51.51.51.51.2.50.xover.mutate.done 50
 generation 42.51.51.51.51.51.51.51.51.51.51.50.8.51.51.51.2.51.51.51.51.51.49.51.51.51.51.51.2.14.51.51.51.51.51.51.51.51.51.1.51.51.51.48.32.50.51.50.51.51.2.xover.mutate.done 50
 generation 43.51.51.51.51.51.51.51.51.51.51.51.51.8.50.2.51.51.51.13.51.2.2.2.2.2.51.51.2.2.51.2.2.51.50.2.51.2.51.2.2.29.51.2.51.2.51.2.51.2.51.xover.mutate.done 50
 generation 44.50.50.50.50.50.50.50.50.50.50.2.50.50.50.2.50.2.50.2.48.39.2.50.2.2.50.50.2.50.22.42.2.50.50.50.2.2.50.25.2.2.2.38.50.50.50.2.50.25.50.xover.mutate.done 50
 generation 45.52.52.52.52.52.52.52.52.52.52.52.52.2.50.19.2.52.2.52.52.14.52.0.50.52.52.52.50.52.52.52.0.52.52.12.52.23.2.52.2.16.2.2.52.2.50.52.52.52.2.xover.mutate.done 50
 generation 46.50.50.50.50.50.50.50.50.50.50.1.50.50.50.1.50.1.50.1.1.50.0.1.1.1.1.50.1.0.50.50.0.1.50.50.50.50.1.1.1.1.50.1.1.50.50.50.1.1.50.xover.mutate.done 50
 generation 47.51.51.51.51.51.51.51.51.51.51.1.1.1.51.24.51.51.1.51.0.0.51.51.7.1.1.51.51.1.51.51.51.1.51.51.50.1.51.51.0.1.1.1.51.1.51.1.46.51.40.xover.mutate.done 50
 generation 48.50.50.50.50.50.50.50.50.50.50.36.0.50.0.50.50.0.50.0.0.0.50.0.50.0.50.50.23.24.50.50.50.0.48.0.0.0.30.44.0.0.0.50.50.0.0.0.50.50.50.xover.mutate.done 50
 generation 49.50.50.50.50.50.50.50.50.50.50.0.50.11.50.50.0.37.0.50.50.7.50.0.50.50.50.50.50.0.50.0.50.0.50.0.50.0.0.48.50.50.0.0.0.50.50.50.50.0.50.xover.mutate.done 50
 24257554 iters     702672 iter/sec (34.52 s)
 total time: 34.52
