50 50 50 50 50 50 50 50 50 50 50 28 16 12 10 5 5 5 5 5 5 5 5 5 5 5 5 5 4 4 4 4 4 4 4 4 4 1 1 1 1 1 1 1 1 1 1 1 1 1 
52 52 52 52 50 50 50 50 50 50 50 50 50 50 50 50 50 50 50 49 20 18 18 14 11 8 4 4 4 4 4 4 4 4 4 4 4 4 4 4 4 4 2 2 2 2 2 2 2 2 
52 52 52 52 52 52 52 51 51 51 51 51 50 50 50 50 50 50 50 50 50 50 50 50 50 50 50 50 50 50 47 6 3 3 3 3 3 3 3 3 3 2 2 2 1 1 1 1 1 1 
52 52 52 52 52 52 52 52 52 52 52 52 52 51 51 51 51 51 51 51 51 51 51 50 50 50 50 50 50 50 50 34 21 13 13 10 8 3 3 3 2 2 2 2 2 2 2 1 1 1 
53 53 53 53 53 53 52 51 51 51 51 51 51 51 51 51 51 51 51 51 51 51 51 51 51 51 51 51 50 50 50 33 19 14 14 13 7 4 4 4 4 4 3 3 3 1 1 1 1 1 
52 52 52 52 52 52 52 52 50 50 50 50 50 50 50 50 50 50 50 24 20 17 15 10 8 2 2 2 2 2 2 2 2 2 2 2 2 2 2 2 2 2 2 2 2 2 2 2 0 0 
54 54 54 54 54 54 54 54 54 54 54 54 54 53 50 50 50 50 50 50 50 50 49 13 9 9 8 8 4 4 4 4 4 4 4 4 4 4 4 4 4 4 4 4 4 4 4 4 4 0 
78 51 51 51 51 51 51 51 51 51 51 51 51 51 51 50 50 50 50 50 50 50 50 46 43 41 28 27 24 11 11 2 1 1 1 1 1 1 1 1 1 1 1 1 1 1 1 1 0 0 
92 55 52 52 52 52 52 52 52 52 52 52 52 52 52 52 52 52 52 52 52 52 52 50 50 50 34 9 7 7 6 6 4 4 4 2 2 2 2 2 2 2 2 2 2 2 2 2 2 2 
82 59 54 53 51 51 51 50 50 50 50 50 50 50 50 50 50 50 50 50 50 50 50 50 50 49 49 44 27 15 14 7 7 6 5 4 4 1 1 1 1 1 1 1 1 1 1 1 1 1 
94 94 87 68 59 56 56 56 56 55 52 52 52 52 52 52 52 52 52 51 51 51 51 50 50 49 49 47 30 23 21 14 14 13 12 10 9 8 8 8 3 3 3 3 3 2 1 1 1 1 
89 89 89 89 78 67 62 58 58 58 55 54 54 52 52 51 51 50 50 50 50 50 50 49 46 41 40 39 32 30 20 20 16 15 14 9 9 9 1 1 1 1 1 1 1 1 1 1 1 0 
91 91 91 91 91 84 67 66 65 63 62 61 60 60 57 57 57 56 54 53 53 51 50 50 50 50 49 43 30 23 19 16 16 14 14 14 14 9 8 7 7 7 7 6 1 1 1 1 1 0 
94 94 94 94 94 94 94 83 75 65 65 64 63 57 57 56 54 53 53 51 51 51 51 50 50 50 50 49 37 21 20 20 18 15 10 9 9 8 6 4 4 4 4 3 1 1 1 1 1 0 
91 91 91 91 91 91 85 83 82 74 72 72 60 59 58 58 58 56 54 53 51 51 50 50 50 50 50 50 50 50 50 46 42 30 24 16 14 13 9 8 8 8 6 5 2 1 1 1 1 0 
92 92 92 92 92 92 91 90 88 86 86 84 84 82 78 61 59 55 54 53 53 52 52 51 50 45 45 41 36 33 18 14 13 12 10 10 7 5 5 5 5 5 5 5 5 5 3 2 2 2 
91 91 91 91 91 91 91 91 91 88 88 85 85 82 77 70 58 55 54 51 51 51 50 50 50 50 49 49 47 45 44 43 41 41 40 37 37 30 26 26 23 7 5 5 5 4 1 1 1 1 
95 95 95 95 95 95 95 94 94 94 94 94 91 90 89 88 83 69 69 60 60 59 57 55 55 55 51 50 50 50 50 50 42 39 37 20 17 11 9 8 4 1 0 0 0 0 0 0 0 0 
93 93 93 93 93 93 93 93 93 92 91 91 90 88 83 61 59 59 53 53 53 52 50 50 50 44 44 44 43 43 43 42 36 35 35 33 16 16 13 12 12 12 3 3 3 3 3 3 3 0 
97 97 97 97 97 97 97 97 97 97 96 96 93 72 65 53 51 51 51 51 51 50 50 50 48 48 38 37 33 32 32 25 24 19 17 17 14 9 7 6 5 1 1 1 1 1 1 1 1 0 
90 88 88 88 88 88 88 88 86 86 86 86 86 78 57 51 51 51 51 50 50 50 50 50 49 46 45 41 41 40 33 31 28 24 22 13 9 6 6 6 1 1 1 1 1 1 1 1 1 0 
89 89 89 89 89 89 89 89 88 88 88 88 87 87 82 82 82 79 73 64 53 51 51 50 50 50 50 48 42 34 30 18 15 14 13 12 9 1 0 0 0 0 0 0 0 0 0 0 0 0 
96 95 95 95 94 94 94 94 94 94 93 93 93 93 93 93 93 90 87 83 59 57 53 52 52 52 51 46 44 41 36 36 31 22 22 22 20 17 15 15 12 10 9 8 4 4 4 4 4 4 
94 94 94 94 94 94 94 93 93 93 91 91 88 84 83 81 79 78 69 67 59 55 55 54 53 53 51 50 50 49 49 49 49 43 42 35 33 17 9 1 0 0 0 0 0 0 0 0 0 0 
96 96 96 96 95 95 95 94 94 94 93 93 93 92 91 89 89 68 58 58 57 53 52 51 51 50 50 50 47 41 40 37 31 29 26 26 24 20 12 10 9 8 4 3 3 2 2 2 2 2 
93 93 93 93 93 93 93 92 92 92 92 92 90 87 76 76 74 61 53 53 51 50 50 45 45 43 39 35 34 29 26 25 22 18 13 13 8 5 2 2 2 2 2 2 2 2 2 0 0 0 
92 90 90 90 90 90 90 90 90 89 89 89 89 89 89 89 87 87 79 53 53 52 52 51 51 51 50 46 43 37 31 25 21 20 20 18 17 14 9 7 3 3 3 3 3 3 3 3 3 3 
95 93 92 92 92 92 92 92 92 91 91 91 91 91 89 89 89 79 75 65 58 55 50 50 50 50 50 50 49 48 48 47 47 41 40 36 30 24 19 18 18 14 13 4 0 0 0 0 0 0 
92 91 89 89 89 89 88 88 87 87 87 87 87 86 83 67 56 54 53 53 53 52 51 51 50 49 47 45 44 43 42 40 38 38 32 31 23 17 7 5 4 4 4 4 4 4 4 3 2 1 
95 94 94 94 94 94 94 93 93 93 93 93 79 57 55 53 51 51 51 51 51 51 50 50 50 50 50 46 45 45 44 44 39 31 25 14 13 7 7 1 1 1 1 1 1 1 1 1 1 1 
95 95 95 93 93 93 93 93 93 92 92 92 92 92 91 86 83 82 72 63 62 59 54 50 50 50 50 50 49 48 48 45 45 44 43 42 37 29 18 11 10 0 0 0 0 0 0 0 0 0 
93 93 93 93 92 92 92 92 92 92 92 87 85 85 62 57 56 51 51 51 51 51 50 50 48 48 45 45 45 45 44 43 41 35 32 25 9 6 2 2 2 2 2 2 2 2 2 1 1 1 
96 96 95 94 94 94 94 94 93 93 93 92 92 92 92 92 92 92 92 90 87 82 62 57 52 52 51 51 51 49 47 41 40 37 37 32 21 19 16 16 13 10 9 4 4 3 3 3 3 3 
95 94 94 93 93 93 93 93 92 91 91 91 91 91 90 90 90 90 88 87 86 57 57 56 55 51 51 51 51 50 50 50 50 49 49 48 17 12 12 12 6 2 2 2 2 2 2 2 1 1 
99 98 98 98 98 98 98 98 98 97 97 97 97 96 96 96 94 93 91 90 89 88 85 80 62 59 52 50 50 50 50 50 50 50 50 50 50 50 50 48 38 27 23 15 9 7 3 0 0 0 
96 96 96 96 96 96 96 96 95 95 95 93 92 90 86 76 76 57 56 56 53 51 51 51 51 50 50 50 50 50 50 50 50 49 49 47 39 29 15 10 10 8 7 5 3 3 3 2 1 1 
95 95 95 95 95 95 95 95 95 95 95 93 93 93 92 88 85 63 60 60 58 58 57 56 52 51 51 51 50 50 50 50 50 50 50 50 50 50 49 48 47 45 45 44 28 21 12 9 2 0 
97 97 97 97 97 96 96 96 96 96 95 95 95 94 94 92 88 79 75 73 72 53 52 52 52 52 52 51 50 50 50 50 46 45 44 44 37 30 20 17 13 12 8 4 3 3 3 3 3 1 
92 90 90 90 90 90 90 89 89 89 89 89 88 88 87 87 87 85 84 79 77 76 57 51 50 50 50 50 50 50 48 46 46 45 43 43 30 23 18 16 14 13 12 4 1 1 1 1 1 0 
95 95 95 95 95 95 95 94 93 93 92 91 86 86 72 66 55 52 52 52 52 50 50 50 50 49 48 45 39 36 31 28 26 20 20 14 14 13 12 11 10 9 7 4 3 3 3 3 3 2 
94 94 94 93 93 93 93 93 93 93 93 93 92 92 92 92 91 87 66 62 61 61 56 56 56 55 54 52 52 51 51 51 51 50 50 50 49 49 46 44 43 37 24 23 18 7 4 4 4 3 
96 95 95 95 94 94 94 93 93 93 93 93 93 92 92 92 91 91 90 89 87 86 84 72 68 66 64 63 62 59 57 57 54 52 50 50 50 50 50 50 49 48 48 46 30 17 14 6 5 0 
94 93 93 93 93 93 92 92 92 92 92 92 92 92 91 91 91 91 90 89 84 78 69 65 62 56 55 53 52 51 51 51 50 47 46 44 44 43 36 15 10 10 10 7 6 6 2 2 2 1 
92 91 91 91 90 90 90 89 88 88 88 88 88 88 87 87 87 87 87 87 87 86 86 84 80 61 50 50 50 49 47 47 46 46 46 43 41 40 35 31 28 13 5 1 0 0 0 0 0 0 
95 95 94 94 94 94 94 94 94 94 93 93 93 92 89 89 88 78 70 66 62 59 58 58 54 51 51 50 50 50 50 49 49 47 46 44 44 42 37 36 34 31 30 26 22 19 9 1 1 1 
91 91 91 91 90 90 90 90 89 89 89 89 88 87 86 83 82 82 82 81 77 77 70 64 60 58 57 56 55 55 54 50 49 47 46 45 45 44 44 39 36 23 23 23 17 16 9 7 6 5 
90 89 89 89 89 88 88 88 88 88 86 86 85 85 79 62 54 51 50 50 50 50 48 45 45 43 38 35 35 34 32 28 26 26 22 20 19 18 17 8 8 7 3 1 0 0 0 0 0 0 
93 93 93 93 92 92 92 91 90 90 89 88 88 85 62 62 57 56 54 52 51 51 50 50 50 49 49 49 43 41 41 40 35 25 24 14 12 12 10 8 6 5 5 1 1 1 1 1 1 1 
95 94 94 94 93 93 93 93 93 93 93 93 92 90 89 82 78 73 67 64 64 53 51 51 50 50 50 49 46 45 45 39 35 35 34 19 19 19 18 18 14 14 13 11 11 6 2 1 1 0 
94 93 93 93 93 93 93 93 93 93 93 93 90 87 85 72 64 58 53 53 53 52 51 50 50 50 50 48 47 46 44 42 38 37 27 24 23 16 12 11 8 3 3 3 3 3 3 3 0 0 
