50 50 50 50 50 50 50 50 50 50 50 50 44 3 3 3 3 2 2 2 2 2 2 2 2 1 1 1 1 1 1 1 1 1 1 1 1 1 1 1 1 1 1 1 1 1 1 1 1 1 
57 57 50 50 50 50 50 50 50 50 50 50 50 50 50 50 50 50 50 50 50 50 50 45 42 10 5 0 0 0 0 0 0 0 0 0 0 0 0 0 0 0 0 0 0 0 0 0 0 0 
52 51 51 51 51 50 50 50 50 50 50 50 50 50 50 50 50 50 50 50 50 50 50 50 50 50 50 50 28 14 10 2 2 1 0 0 0 0 0 0 0 0 0 0 0 0 0 0 0 0 
53 53 53 53 53 53 53 53 53 51 51 51 51 51 51 50 50 50 50 50 50 50 50 50 50 50 41 37 35 28 13 12 10 10 4 4 4 3 1 1 1 1 1 1 1 1 0 0 0 0 
54 54 53 53 53 53 53 53 53 53 53 53 53 53 53 52 51 51 50 50 50 50 50 50 50 50 50 50 50 50 50 50 48 48 44 40 38 35 32 17 14 12 9 5 4 4 4 3 0 0 
60 60 58 58 57 57 57 57 57 57 57 57 57 57 57 57 57 57 55 51 51 51 50 50 50 50 50 50 50 42 41 32 31 29 25 22 22 20 19 16 14 14 11 11 8 8 7 7 7 0 
55 55 55 54 54 54 54 54 54 54 54 54 54 54 54 54 54 54 51 51 51 51 51 50 50 50 44 44 44 34 34 32 29 27 26 17 15 14 11 6 5 4 4 4 4 4 1 1 1 0 
54 54 54 54 54 54 54 54 54 54 54 54 54 54 54 54 50 50 50 50 50 50 50 50 50 50 50 42 38 36 34 29 22 20 17 17 16 12 12 12 6 6 6 6 6 2 2 2 2 2 
57 57 57 57 57 56 56 56 55 55 55 55 55 55 55 55 55 55 55 50 50 50 50 50 50 50 50 46 41 40 29 27 19 17 15 13 12 8 6 6 5 5 5 5 5 0 0 0 0 0 
52 52 52 52 52 52 52 52 52 52 52 52 52 52 52 52 51 50 50 50 50 50 48 44 43 42 38 31 22 20 18 14 13 9 8 7 6 6 3 2 2 2 2 2 2 1 1 1 1 0 
54 54 54 54 54 54 54 54 54 54 54 54 54 54 54 54 54 50 50 50 50 50 50 50 47 47 46 45 41 40 40 36 35 28 23 23 22 19 15 14 11 4 0 0 0 0 0 0 0 0 
55 55 55 55 55 55 55 55 55 54 54 54 54 54 54 54 54 51 51 51 51 49 42 39 39 36 36 30 23 20 20 20 19 11 8 7 7 7 7 5 5 4 4 4 4 4 3 3 3 3 
64 56 56 56 56 56 56 56 56 56 56 56 56 56 56 56 56 56 56 56 52 52 52 52 52 50 50 49 49 46 44 43 33 30 25 25 23 16 16 15 12 8 7 6 6 4 2 2 2 0 
86 65 61 58 58 57 57 57 57 57 57 57 57 57 57 57 57 57 57 57 57 57 52 52 52 52 52 52 52 50 50 45 39 37 24 23 23 17 17 12 10 8 8 8 3 3 3 3 3 2 
82 62 62 62 61 56 56 55 54 54 54 54 54 54 54 54 54 54 54 52 52 52 52 52 50 50 50 50 50 50 50 49 38 26 23 21 14 13 13 10 6 6 5 5 3 3 3 3 1 1 
86 77 72 62 62 62 62 62 61 61 61 60 59 57 56 56 55 55 54 54 54 54 54 54 53 53 50 50 50 50 50 49 48 41 26 14 13 13 7 7 4 3 3 3 0 0 0 0 0 0 
83 72 71 65 65 65 65 65 65 62 62 61 61 60 60 60 58 57 57 57 51 50 50 50 50 50 49 36 36 36 33 30 19 15 12 11 8 7 7 7 7 5 0 0 0 0 0 0 0 0 
84 83 81 72 66 66 66 66 66 66 66 66 65 62 61 61 61 61 57 56 55 53 50 50 50 50 50 45 40 40 32 28 27 26 18 14 10 10 9 9 9 9 9 0 0 0 0 0 0 0 
89 88 80 69 62 62 60 60 59 59 59 59 59 59 58 57 55 52 52 51 50 50 49 48 47 44 44 43 42 38 36 36 35 35 33 29 27 25 21 12 9 8 5 5 5 4 2 2 2 2 
88 86 84 79 76 76 68 64 63 63 63 63 62 61 56 56 55 55 54 54 52 51 51 51 50 50 50 50 48 46 44 42 42 42 41 39 39 32 24 23 18 17 16 13 13 12 10 5 5 0 
84 82 82 82 81 74 74 70 70 70 64 64 62 62 58 57 56 56 55 54 53 53 51 51 51 50 50 48 45 42 40 39 39 38 33 23 22 21 18 18 14 13 9 9 5 3 1 1 0 0 
89 87 86 83 78 78 77 76 76 76 76 72 70 68 67 65 62 62 58 58 57 54 51 50 50 50 50 48 47 42 33 30 29 26 25 23 19 13 10 9 8 8 6 5 4 1 1 1 1 0 
89 86 84 82 82 82 81 81 81 76 76 67 64 61 58 57 55 54 54 54 49 49 48 47 44 44 43 36 34 34 33 28 24 19 19 16 16 14 13 13 11 9 9 9 6 5 3 3 3 1 
87 85 84 83 80 80 75 75 74 74 72 68 65 57 56 56 55 54 53 51 50 46 39 36 36 31 21 18 16 16 15 15 14 13 12 11 10 8 8 7 7 7 6 6 6 2 1 1 1 1 
84 83 83 82 82 81 79 79 79 78 78 78 68 64 56 55 54 53 51 50 45 39 36 35 33 32 31 30 28 24 19 17 17 16 14 11 11 10 10 10 8 3 3 3 3 3 3 3 3 1 
89 88 84 84 84 83 82 80 80 79 78 78 78 78 71 48 46 45 35 25 24 23 22 18 18 17 16 14 13 12 11 11 11 10 8 8 7 6 6 6 5 1 1 1 1 1 1 1 1 1 
94 91 89 89 89 87 84 84 83 82 82 78 77 70 69 68 63 61 51 50 50 49 40 38 37 34 29 25 25 25 20 17 16 14 13 12 11 11 10 8 3 0 0 0 0 0 0 0 0 0 
89 89 88 86 86 86 83 83 83 82 81 80 72 71 66 62 58 58 57 55 48 47 46 44 42 41 37 37 36 36 25 22 21 19 15 10 9 6 4 4 3 3 3 3 2 2 2 2 1 1 
93 92 91 89 87 87 87 86 85 84 54 54 54 52 52 52 51 51 51 50 49 48 48 45 45 31 26 26 19 18 17 17 15 13 12 11 9 5 5 4 2 1 1 1 1 1 1 1 1 0 
91 90 89 88 87 86 82 82 81 81 79 73 67 57 56 56 56 56 51 50 50 50 50 49 46 46 44 44 44 38 37 36 29 27 25 23 22 21 21 12 8 7 6 5 0 0 0 0 0 0 
90 87 87 86 85 85 83 83 80 71 61 55 54 54 53 52 50 50 50 50 50 50 48 48 47 46 40 36 36 25 18 18 17 15 15 15 9 9 8 7 5 5 5 2 2 2 2 2 2 2 
89 88 87 87 83 83 82 81 78 77 75 73 72 61 56 56 55 55 54 52 50 50 50 50 50 50 50 46 39 39 38 36 31 25 16 13 11 10 8 6 6 4 4 4 4 0 0 0 0 0 
86 85 85 85 85 84 82 80 80 79 79 63 62 62 58 57 54 52 52 51 51 50 50 50 50 49 45 42 38 32 31 31 28 26 23 20 18 12 11 11 8 7 7 6 6 5 3 3 3 3 
86 86 85 84 84 83 82 80 79 79 79 79 65 64 61 60 57 56 53 52 51 51 51 51 50 49 45 41 38 36 35 33 29 27 18 17 12 10 9 9 8 4 2 2 2 2 2 2 2 1 
89 87 86 86 86 84 84 81 80 80 80 80 78 77 74 65 64 60 59 58 56 53 53 52 52 52 50 50 47 40 40 39 39 37 35 32 30 27 27 27 26 16 13 12 10 9 4 2 2 0 
90 88 87 87 87 87 86 85 85 82 82 79 55 54 53 51 51 51 51 51 51 51 51 49 48 47 46 45 43 41 38 35 35 30 29 27 25 24 24 24 15 12 11 7 6 5 5 3 3 3 
92 91 91 90 90 90 89 87 87 84 82 82 82 80 71 65 61 60 59 58 56 55 55 55 53 51 51 51 51 49 48 40 39 38 27 23 22 13 11 11 9 9 5 5 2 2 2 2 1 1 
91 90 89 87 87 86 86 86 86 85 85 85 84 83 80 77 77 71 57 55 54 52 52 52 50 50 50 50 49 49 47 40 38 29 28 24 19 11 10 10 9 7 7 5 5 3 3 0 0 0 
91 90 90 90 90 88 88 88 88 87 86 86 83 79 77 76 63 50 50 50 50 48 48 45 45 44 44 44 41 40 38 38 37 36 34 34 28 24 22 21 18 16 10 10 9 0 0 0 0 0 
93 92 91 91 90 87 86 86 85 85 83 64 58 55 53 51 51 50 49 47 47 43 43 42 42 37 36 36 36 35 32 30 30 18 18 11 8 8 7 7 5 2 1 1 1 1 1 1 0 0 
90 89 89 89 89 89 88 88 88 88 88 87 81 58 54 54 52 51 51 50 49 46 40 39 35 30 27 26 25 23 22 18 15 11 10 9 9 8 7 7 6 6 2 2 2 2 2 2 2 2 
92 91 90 90 90 90 89 89 86 86 82 77 69 62 60 55 54 53 51 51 50 50 50 50 49 46 43 39 38 37 36 35 34 32 21 19 18 9 8 7 6 6 4 2 2 2 2 2 1 1 
94 93 93 92 92 92 92 91 90 90 90 89 88 88 71 71 64 62 61 60 59 58 58 57 56 56 52 52 52 52 52 50 50 48 48 45 43 43 41 40 25 21 14 11 7 7 4 4 4 2 
95 94 94 94 93 92 92 92 91 91 90 89 60 58 57 57 56 56 55 52 52 51 50 50 50 50 45 40 38 35 31 25 23 23 23 21 20 17 16 15 11 9 7 2 1 1 1 1 0 0 
93 91 90 89 89 89 89 89 89 88 88 88 87 83 62 61 61 60 58 55 51 51 51 51 51 50 50 49 48 48 48 35 34 26 21 21 19 18 16 15 12 11 1 1 1 1 1 1 1 0 
91 91 90 90 90 89 89 89 86 85 84 82 70 69 50 50 50 50 50 50 50 49 48 48 47 44 44 42 41 39 35 27 23 22 21 18 15 10 10 9 7 7 0 0 0 0 0 0 0 0 
92 91 90 89 89 88 88 86 86 81 76 73 64 62 57 54 50 50 50 50 48 48 47 43 43 41 41 37 34 33 30 29 26 25 17 17 16 15 11 10 9 6 0 0 0 0 0 0 0 0 
87 87 86 85 84 84 83 82 80 79 76 72 66 62 55 52 52 52 51 50 50 49 49 46 45 45 44 34 32 29 29 27 21 14 13 12 11 9 8 7 3 3 3 3 3 3 3 3 3 3 
94 91 89 88 87 86 86 85 84 84 84 84 82 79 79 60 59 59 57 57 56 53 53 51 51 51 51 50 49 42 29 16 10 10 3 3 3 3 3 3 2 2 2 2 2 2 2 2 1 1 
94 94 93 93 92 92 91 91 91 90 89 84 69 60 56 56 56 55 55 55 55 54 53 51 51 51 50 50 50 49 48 46 46 44 43 39 38 28 18 7 2 2 2 2 2 2 2 1 1 1 
