0.5 0.8828125 0.1640625 0.5859375 0.6875 0.4140625 0.2578125 0.0625 0.1875 0.390625 
0.125 0.8671875 0.1640625 0.9921875 0.0703125 0.015625 0.96875 0.0859375 0.2578125 0.5859375 
0.890625 0.125 0.8671875 0.1640625 0.9921875 0.0703125 0.015625 0.96875 0.0859375 0.9453125 
0.890625 0.734375 0.640625 0.125 0.8671875 0.1640625 0.9921875 0.0703125 0.015625 0.96875 
0.546875 0.46875 0.7890625 0.6328125 0.734375 0.640625 0.828125 0.6171875 0.890625 0.125 
0.546875 0.46875 0.7890625 0.453125 0.6328125 0.734375 0.640625 0.828125 0.6171875 0.6015625 
0.546875 0.46875 0.6328125 0.734375 0.640625 0.828125 0.6171875 0.6015625 0.8125 0.6015625 
0.546875 0.46875 0.453125 0.4375 0.6328125 0.734375 0.640625 0.828125 0.6171875 0.6015625 
0.546875 0.46875 0.4375 0.453125 0.6328125 0.734375 0.640625 0.828125 0.6171875 0.6015625 
0.546875 0.46875 0.453125 0.4375 0.6328125 0.5546875 0.5546875 0.59375 0.5625 0.734375 
0.546875 0.46875 0.546875 0.4609375 0.453125 0.4375 0.578125 0.53125 0.5 0.6328125 
0.546875 0.46875 0.546875 0.578125 0.578125 0.453125 0.4375 0.53125 0.6328125 0.4609375 
0.546875 0.46875 0.453125 0.578125 0.5078125 0.546875 0.578125 0.6328125 0.4375 0.53125 
0.546875 0.46875 0.4375 0.5078125 0.546875 0.578125 0.53125 0.578125 0.6328125 0.6015625 
0.546875 0.46875 0.546875 0.5078125 0.578125 0.5 0.578125 0.6328125 0.6015625 0.6796875 
0.546875 0.46875 0.546875 0.578125 0.5078125 0.5 0.578125 0.6796875 0.6015625 0.6328125 
0.546875 0.4921875 0.46875 0.5078125 0.5078125 0.515625 0.546875 0.578125 0.5 0.578125 
0.546875 0.46875 0.4921875 0.515625 0.5078125 0.546875 0.5078125 0.515625 0.515625 0.4921875 
0.546875 0.46875 0.4921875 0.515625 0.4765625 0.4921875 0.5078125 0.5078125 0.5078125 0.546875 
0.546875 0.4921875 0.5078125 0.46875 0.4921875 0.515625 0.4765625 0.5078125 0.5078125 0.5078125 
0.546875 0.484375 0.4921875 0.46875 0.515625 0.5078125 0.5 0.4921875 0.4765625 0.5 
0.546875 0.4921875 0.5234375 0.484375 0.5078125 0.46875 0.4921875 0.515625 0.5 0.515625 
0.546875 0.5234375 0.484375 0.46875 0.515625 0.4921875 0.4921875 0.4921875 0.4921875 0.5078125 
0.546875 0.5234375 0.515625 0.46875 0.484375 0.4921875 0.4921875 0.5390625 0.5078125 0.4921875 
0.546875 0.5078125 0.484375 0.4921875 0.5390625 0.46875 0.5234375 0.515625 0.4921875 0.4609375 
0.546875 0.578125 0.4921875 0.484375 0.5234375 0.5078125 0.515625 0.546875 0.46875 0.4609375 
0.546875 0.578125 0.53125 0.484375 0.4921875 0.46875 0.546875 0.5078125 0.5234375 0.515625 
0.546875 0.578125 0.5078125 0.46875 0.5234375 0.53125 0.46875 0.484375 0.4921875 0.546875 
0.546875 0.46875 0.5546875 0.578125 0.53125 0.5078125 0.46875 0.546875 0.4921875 0.5234375 
0.546875 0.5546875 0.5234375 0.46875 0.5078125 0.53125 0.5234375 0.546875 0.484375 0.46875 
0.546875 0.5546875 0.5078125 0.484375 0.53125 0.546875 0.5078125 0.5234375 0.5234375 0.53125 
0.546875 0.5546875 0.5078125 0.4765625 0.5078125 0.484375 0.5234375 0.5234375 0.53125 0.5234375 
0.546875 0.5546875 0.5078125 0.5234375 0.5078125 0.4765625 0.5234375 0.5234375 0.484375 0.5390625 
0.546875 0.5078125 0.5390625 0.5546875 0.484375 0.5234375 0.5234375 0.5078125 0.5390625 0.5234375 
0.546875 0.5546875 0.5390625 0.5078125 0.5234375 0.5078125 0.484375 0.5390625 0.5234375 0.5234375 
0.546875 0.5390625 0.5546875 0.5078125 0.5390625 0.5234375 0.484375 0.5234375 0.5078125 0.5234375 
0.546875 0.5546875 0.5390625 0.5234375 0.5078125 0.5078125 0.5078125 0.484375 0.5390625 0.5234375 
0.546875 0.5390625 0.5234375 0.5546875 0.5078125 0.5234375 0.5078125 0.5390625 0.515625 0.5078125 
0.546875 0.546875 0.5390625 0.5546875 0.5390625 0.5234375 0.5234375 0.5078125 0.5078125 0.515625 
0.546875 0.5546875 0.5390625 0.5234375 0.546875 0.5234375 0.5078125 0.5 0.5234375 0.5078125 
0.546875 0.546875 0.5390625 0.5546875 0.5234375 0.515625 0.5078125 0.5234375 0.5078125 0.5 
0.546875 0.546875 0.5390625 0.5234375 0.5078125 0.5546875 0.5234375 0.5078125 0.5 0.546875 
0.546875 0.5234375 0.546875 0.5390625 0.5234375 0.5078125 0.5546875 0.5078125 0.5 0.546875 
0.546875 0.5546875 0.546875 0.5234375 0.5234375 0.5390625 0.5546875 0.5390625 0.5546875 0.5078125 
0.546875 0.546875 0.5546875 0.5546875 0.5546875 0.5390625 0.5390625 0.5234375 0.5078125 0.5234375 
0.546875 0.546875 0.5234375 0.5546875 0.5234375 0.5390625 0.5390625 0.5546875 0.5078125 0.5546875 
0.546875 0.546875 0.5390625 0.5390625 0.5546875 0.5234375 0.5234375 0.5546875 0.5078125 0.5546875 
0.546875 0.546875 0.5390625 0.5390625 0.5546875 0.5546875 0.5234375 0.5078125 0.5546875 0.5234375 
0.546875 0.546875 0.5234375 0.5546875 0.5546875 0.5546875 0.5390625 0.5390625 0.5234375 0.5078125 
0.546875 0.546875 0.5546875 0.5390625 0.5390625 0.5234375 0.5546875 0.5234375 0.5078125 0.5546875 
