50 50 50 50 50 50 50 50 50 50 50 44 11 11 6 2 1 1 1 1 1 1 1 1 1 1 1 1 1 1 1 1 1 1 1 1 0 0 0 0 0 0 0 0 0 0 0 0 0 0 
58 52 50 50 50 50 50 50 50 50 50 50 50 50 50 50 50 44 11 10 6 2 2 2 2 2 2 2 2 2 2 2 2 2 0 0 0 0 0 0 0 0 0 0 0 0 0 0 0 0 
59 52 51 51 51 51 51 51 51 50 50 50 50 50 50 50 50 50 50 50 50 50 50 50 50 50 50 50 50 9 8 7 5 2 2 2 2 2 2 2 2 2 2 2 1 1 1 1 1 1 
57 54 50 50 50 50 50 50 50 50 50 50 50 50 50 50 50 50 50 50 50 50 50 50 47 8 8 0 0 0 0 0 0 0 0 0 0 0 0 0 0 0 0 0 0 0 0 0 0 0 
59 52 52 52 52 52 52 52 52 52 52 50 50 50 50 50 50 50 50 50 50 50 50 50 50 50 49 46 36 5 2 2 2 2 2 2 2 2 2 2 2 2 2 0 0 0 0 0 0 0 
58 52 51 51 51 50 50 50 50 50 50 50 50 50 50 50 50 50 50 50 50 50 50 50 50 50 50 47 21 19 17 7 6 1 1 1 1 1 1 1 1 1 1 0 0 0 0 0 0 0 
55 55 55 51 51 51 51 51 51 51 51 51 51 51 51 51 51 50 50 50 50 50 50 50 50 49 46 19 11 8 5 1 1 1 1 1 1 1 1 1 1 1 1 1 1 1 1 1 0 0 
57 56 55 51 51 50 50 50 50 50 50 50 50 50 50 50 50 50 50 50 50 50 50 50 50 19 10 8 7 1 1 1 1 1 1 1 1 1 1 1 1 1 1 1 0 0 0 0 0 0 
55 55 53 51 51 50 50 50 50 50 50 50 50 50 50 50 50 50 50 50 50 50 50 50 50 50 50 50 50 50 44 12 8 5 5 5 1 1 1 1 1 1 1 1 1 1 1 0 0 0 
57 57 57 56 52 52 52 52 52 52 52 52 52 52 52 51 50 50 50 50 50 50 50 50 50 50 50 49 48 47 39 9 9 8 7 7 7 4 3 2 2 2 2 2 2 2 2 0 0 0 
62 60 58 57 57 53 51 51 51 51 51 51 51 51 51 51 51 51 51 51 51 51 51 51 51 51 51 50 50 50 50 48 47 45 44 39 27 24 17 13 9 7 6 3 1 1 1 1 0 0 
62 61 60 60 59 59 54 54 50 50 50 50 50 50 50 50 47 47 42 32 26 23 20 20 18 14 14 12 11 9 9 8 8 7 6 3 2 0 0 0 0 0 0 0 0 0 0 0 0 0 
69 62 59 58 57 57 56 52 51 50 50 50 50 50 50 49 49 49 46 42 41 39 30 26 25 17 14 13 11 11 11 9 9 7 7 7 7 7 0 0 0 0 0 0 0 0 0 0 0 0 
71 70 69 69 65 63 63 63 63 63 63 63 63 61 61 61 61 61 57 56 55 55 55 50 50 50 47 47 42 34 33 28 27 24 21 19 18 18 18 17 17 13 12 6 6 5 5 5 5 1 
69 68 67 67 64 64 64 64 64 62 59 59 59 59 59 58 58 58 56 55 55 55 55 53 52 52 52 52 52 50 50 50 50 50 50 50 43 35 29 18 11 11 9 5 5 2 2 2 2 2 
81 75 72 70 70 68 65 64 63 63 62 62 61 61 61 61 60 58 56 56 53 51 51 51 51 51 51 49 45 42 36 32 32 26 23 16 14 9 9 9 8 7 6 6 3 3 3 3 3 2 
89 81 73 71 71 69 67 65 65 65 63 61 61 59 57 57 52 52 52 51 50 50 50 46 42 40 38 35 35 34 33 33 30 27 21 19 17 15 10 7 7 7 6 6 1 1 1 1 0 0 
87 85 85 79 78 74 74 72 72 72 68 67 63 62 59 57 54 52 51 51 51 51 50 49 48 46 46 45 42 33 33 30 24 16 15 15 14 10 9 6 6 5 2 2 2 2 2 1 1 1 
88 86 83 82 79 79 76 75 73 72 69 67 66 62 60 59 58 57 54 52 52 51 51 51 50 49 46 45 37 32 30 29 23 23 21 18 18 15 14 13 13 11 10 10 10 10 4 4 2 1 
88 87 85 84 81 80 80 79 77 76 76 73 72 71 70 70 68 68 62 62 59 58 58 53 52 52 50 50 47 46 45 41 37 35 33 23 23 21 9 8 6 5 2 2 2 2 2 2 2 2 
89 88 88 88 88 84 84 83 80 78 77 73 72 72 69 69 69 61 60 57 56 54 54 53 51 51 51 51 51 50 50 50 50 48 45 45 38 29 28 14 13 12 4 4 2 2 2 2 2 1 
92 91 91 91 91 91 90 88 87 85 85 85 81 80 79 78 76 68 55 54 54 54 54 54 51 51 51 51 51 51 50 50 50 49 49 49 49 49 47 46 46 44 41 30 20 17 15 11 3 2 
89 88 87 87 87 86 84 84 84 84 84 82 74 67 67 67 64 63 55 54 51 51 51 51 51 51 51 50 50 49 47 47 46 43 40 40 35 33 31 22 20 18 14 11 9 8 3 3 3 3 
93 91 90 90 90 88 88 88 88 88 87 87 87 82 82 74 69 57 56 51 50 50 50 50 50 50 50 50 50 49 49 47 44 42 35 32 30 26 22 18 15 14 10 7 6 2 0 0 0 0 
93 93 91 91 91 91 90 89 88 88 81 76 70 67 64 61 60 51 51 51 51 51 51 50 50 47 45 44 43 42 42 39 38 37 30 25 22 10 10 1 1 1 1 1 1 1 1 0 0 0 
90 89 89 86 85 84 83 83 83 83 81 79 64 64 63 58 53 51 51 51 51 50 50 50 50 48 45 43 42 41 41 40 38 37 36 31 27 25 18 18 1 1 1 1 1 1 1 1 1 0 
91 91 91 91 91 91 91 90 90 90 88 87 86 84 82 74 73 73 72 60 50 50 50 50 50 50 49 49 48 48 47 42 36 21 18 7 6 6 6 1 0 0 0 0 0 0 0 0 0 0 
85 84 84 80 80 80 80 80 80 80 74 72 59 53 50 50 50 50 50 50 50 50 50 46 46 38 36 34 33 15 12 12 6 5 3 0 0 0 0 0 0 0 0 0 0 0 0 0 0 0 
86 85 85 84 84 84 84 84 84 84 83 78 74 71 60 58 57 51 50 50 49 48 48 47 47 46 46 45 45 43 34 33 32 26 26 24 19 6 5 2 2 2 2 2 2 2 2 2 1 1 
90 87 87 86 86 85 85 85 85 85 85 85 71 70 69 69 65 65 65 59 57 50 50 50 50 50 50 50 49 49 48 47 47 44 39 29 28 25 24 20 17 12 7 0 0 0 0 0 0 0 
92 91 90 89 88 87 87 87 87 87 86 83 81 81 71 71 71 68 64 62 61 56 53 53 53 52 51 50 50 48 48 48 48 45 37 30 28 27 24 17 16 11 6 6 6 3 3 3 0 0 
93 93 92 90 90 90 90 90 89 86 86 84 71 69 61 60 59 58 58 58 55 51 50 50 50 50 50 48 48 44 41 37 36 33 30 27 27 24 22 21 14 14 13 10 1 1 1 1 1 0 
88 88 88 87 84 84 84 84 84 80 79 70 69 67 64 63 56 56 55 55 54 51 51 51 50 50 50 49 47 46 44 44 39 28 28 17 12 12 10 2 1 1 1 1 1 1 1 1 0 0 
90 88 87 87 87 87 87 87 87 87 84 83 79 72 60 58 58 54 52 52 52 52 52 52 50 50 50 47 46 40 30 29 21 14 14 9 6 6 5 4 4 4 4 4 4 4 4 2 2 2 
90 90 89 88 87 87 87 87 87 87 86 84 70 63 62 58 53 51 51 51 51 51 49 47 47 46 45 43 43 40 40 34 29 29 26 24 22 18 9 4 3 2 1 1 1 1 1 1 1 0 
92 90 90 90 90 87 87 87 87 87 81 76 65 63 58 57 53 52 51 51 50 45 40 40 39 38 37 35 35 34 33 32 28 25 23 21 19 19 14 10 8 6 4 4 4 4 4 4 4 4 
96 95 94 93 93 93 91 91 91 91 91 89 81 77 61 61 61 59 56 56 54 52 50 50 50 47 46 45 43 34 28 27 24 22 19 18 15 13 9 4 4 3 2 2 2 2 2 2 2 2 
90 90 90 89 88 88 88 84 84 84 84 81 81 76 66 65 52 51 51 50 50 50 49 48 48 42 42 42 36 29 23 18 17 13 11 9 8 5 5 4 4 3 3 3 3 3 3 3 2 1 
93 93 93 93 92 92 92 92 92 92 88 78 66 52 52 52 50 50 50 49 49 49 48 48 46 45 38 36 34 21 19 15 10 10 7 7 2 2 2 2 2 2 2 2 2 2 0 0 0 0 
97 95 95 94 93 93 93 93 92 92 69 64 54 53 53 51 51 51 50 50 49 49 47 38 37 33 25 21 16 8 8 8 8 7 7 6 5 5 5 5 5 5 5 5 5 5 1 1 1 1 
94 92 92 92 92 92 91 90 90 90 77 66 52 52 52 52 50 50 50 49 48 48 47 45 37 29 26 23 22 16 14 12 6 5 4 4 3 3 2 2 2 2 2 2 2 2 2 2 2 2 
93 92 92 91 90 90 90 90 90 89 89 71 51 51 51 51 50 50 50 50 50 48 46 45 44 42 42 36 31 30 21 17 13 11 11 11 10 10 9 5 5 2 1 1 1 1 1 1 1 1 
91 90 90 89 89 88 88 87 87 85 85 85 57 56 52 51 51 51 51 51 51 51 50 50 50 50 49 49 46 44 43 42 41 29 28 26 20 16 13 3 2 2 2 2 2 2 2 2 2 2 
94 93 92 92 92 92 91 91 89 88 72 70 61 61 55 54 52 52 52 51 51 51 51 50 49 47 38 23 20 19 19 15 15 12 11 11 11 4 3 3 3 3 3 3 3 3 3 3 3 2 
94 94 93 93 92 92 92 91 88 86 86 77 77 62 61 61 60 57 52 50 50 50 48 48 45 43 42 41 28 27 21 18 18 16 14 12 3 2 2 2 2 2 2 2 2 2 2 2 0 0 
90 90 89 89 89 88 87 87 86 86 86 85 83 83 62 50 50 50 50 50 50 50 50 49 49 49 49 49 45 44 41 40 30 25 23 13 11 4 1 0 0 0 0 0 0 0 0 0 0 0 
92 92 92 92 92 91 91 90 90 89 89 84 81 73 50 50 50 50 50 49 49 49 48 48 46 46 45 43 41 29 24 15 12 9 7 7 2 2 2 2 0 0 0 0 0 0 0 0 0 0 
91 90 90 90 90 90 89 89 89 88 87 87 87 87 86 76 57 50 50 50 49 49 48 47 47 47 46 41 38 29 27 12 8 2 1 1 1 1 1 1 1 1 1 1 1 1 1 0 0 0 
91 91 91 90 90 90 90 89 89 88 88 88 88 87 87 86 78 76 72 69 67 60 59 57 54 51 50 50 49 49 49 46 44 41 39 27 23 11 1 1 1 1 1 1 1 1 1 1 0 0 
91 90 89 89 89 88 88 88 88 88 87 87 86 86 85 80 79 75 71 52 52 52 50 50 49 48 45 42 32 32 30 28 28 24 21 19 19 16 16 14 6 5 3 3 2 2 2 2 2 0 
