% Ministry of Cellular Automata
% Project Deux (CS523 Spring 2015)
% Version:v0.1-66-g3e0f-dirty
%  pop:50
%  ic count:100
%  CA Log option:r3/run24
%  width:121
%  max workers:4
%  radius:3
%  iterations:300
%  generations:50

 generation 0.3.4.3.3.0.0.3.9.0.3.9.3.0.0.3.3.0.3.3.3.3.0.50.3.0.3.3.5.3.0.0.3.3.8.0.0.3.3.3.0.3.3.3.18.50.50.3.3.50.50.xover.mutate.done 50
 generation 1.50.50.50.50.50.5.4.7.8.2.0.1.0.1.1.1.28.8.1.1.0.1.1.0.1.0.5.1.13.1.1.1.1.50.0.1.0.1.1.50.50.50.51.1.1.3.6.50.0.0.xover.mutate.done 50
 generation 2.51.50.50.50.50.50.50.50.50.50.50.50.0.8.1.0.50.1.1.9.1.1.1.0.1.1.1.1.0.25.50.1.5.4.8.0.1.1.1.0.21.0.1.3.50.0.1.0.50.1.xover.mutate.done 50
 generation 3.51.50.50.50.50.50.52.52.52.52.1.1.49.1.2.2.3.3.2.3.3.52.2.1.50.52.50.2.3.50.2.3.51.3.50.1.50.50.1.3.15.12.1.12.1.3.1.50.1.2.xover.mutate.done 50
 generation 4.50.50.50.50.50.50.50.50.50.50.0.0.0.0.0.50.50.0.0.50.50.0.0.0.0.0.0.23.30.0.0.0.0.0.50.0.50.0.50.50.50.32.12.25.50.0.50.50.50.50.xover.mutate.done 50
 generation 5.52.52.52.52.52.52.53.53.50.50.5.53.52.3.50.9.35.2.5.53.2.5.5.52.12.5.2.52.5.52.2.52.50.2.53.3.5.5.5.2.8.5.52.5.52.5.52.2.39.52.xover.mutate.done 50
 generation 6.50.50.50.50.50.50.50.50.50.50.50.50.50.50.0.0.50.8.0.0.27.50.0.0.3.50.0.50.0.0.0.0.50.0.50.0.2.50.0.0.0.50.50.0.0.0.37.0.50.0.xover.mutate.done 50
 generation 7.50.50.50.50.50.51.51.51.51.51.50.1.1.51.39.0.50.50.1.40.0.50.0.51.1.51.0.1.51.1.1.0.1.1.1.41.6.50.50.50.1.1.51.1.1.0.0.1.1.15.xover.mutate.done 50
 generation 8.51.51.51.51.51.51.51.51.51.51.36.1.1.1.1.1.47.4.50.1.0.50.1.50.7.1.1.51.50.1.0.1.1.1.1.1.1.1.50.1.1.50.1.51.1.1.0.1.0.1.xover.mutate.done 50
 generation 9.51.51.51.51.51.51.51.51.51.51.51.2.2.51.51.2.51.47.2.24.1.25.42.51.2.2.51.2.1.2.2.51.2.2.2.2.2.51.2.51.2.2.51.2.2.2.2.2.51.51.xover.mutate.done 50
 generation 10.51.51.51.51.51.51.51.51.51.51.51.51.2.2.2.2.2.29.43.2.31.28.2.1.2.51.1.51.2.51.51.2.2.2.1.2.51.2.51.51.2.2.51.44.29.2.2.51.2.2.xover.mutate.done 50
 generation 11.51.51.51.51.51.51.51.51.51.51.3.3.43.51.3.3.51.51.1.17.3.3.51.3.51.3.1.3.3.18.3.51.51.51.24.3.52.3.3.3.3.51.3.20.3.6.44.51.3.3.xover.mutate.done 50
 generation 12.50.50.50.50.50.50.50.50.50.50.50.39.50.50.0.0.46.0.50.50.18.0.0.42.0.28.0.43.0.50.0.45.50.0.0.0.0.0.39.0.0.50.50.0.50.50.50.0.50.9.xover.mutate.done 50
 generation 13.53.51.51.51.51.51.51.51.51.51.4.3.26.50.51.4.4.26.4.51.4.4.1.4.51.1.1.4.51.1.16.51.28.4.51.25.4.25.4.4.51.27.4.4.51.4.15.4.4.1.xover.mutate.done 50
 generation 14.50.50.50.50.50.50.50.50.50.50.50.0.0.50.50.18.0.0.50.0.50.20.49.0.0.0.0.50.0.1.50.0.7.0.0.9.0.50.0.0.15.50.0.50.50.50.13.50.2.4.xover.mutate.done 50
 generation 15.51.50.50.50.50.50.50.50.50.50.32.1.13.0.1.13.1.10.50.50.12.50.21.1.0.50.50.50.50.50.1.1.50.8.50.50.1.48.50.50.0.1.1.50.50.50.50.50.50.50.xover.mutate.done 50
 generation 16.51.51.51.51.51.51.51.51.51.51.51.2.51.51.51.2.2.51.2.16.2.3.2.19.11.12.2.49.51.2.51.51.51.51.2.51.2.51.51.51.15.51.1.51.51.51.51.51.51.47.xover.mutate.done 50
 generation 17.50.50.50.50.50.50.50.50.50.50.2.50.50.50.50.50.0.0.0.50.10.22.0.50.50.50.50.0.50.50.13.50.15.0.50.50.50.42.50.50.0.0.50.21.0.50.0.9.50.50.xover.mutate.done 50
 generation 18.50.50.50.50.50.50.50.50.50.50.50.0.0.0.0.0.23.0.0.0.50.0.50.0.20.0.0.50.50.0.17.0.0.7.11.0.40.0.50.50.0.50.50.0.0.50.0.50.50.50.xover.mutate.done 50
 generation 19.52.50.50.50.50.50.50.50.50.50.29.50.2.50.50.50.0.50.50.50.50.2.2.2.2.2.2.2.0.0.50.0.50.50.32.50.50.50.2.17.50.2.2.50.50.2.2.50.2.50.xover.mutate.done 50
 generation 20.50.50.50.50.50.50.50.50.50.50.50.0.50.50.50.0.0.50.15.0.50.0.0.50.0.50.0.50.0.0.50.50.3.0.7.0.0.0.50.0.50.50.50.0.0.0.0.50.0.0.xover.mutate.done 50
 generation 21.51.50.50.50.50.50.50.50.50.50.1.50.50.50.50.50.1.0.20.1.50.50.50.1.1.50.50.16.1.1.10.0.19.16.1.50.50.1.50.37.50.1.1.1.1.1.0.37.11.31.xover.mutate.done 50
 generation 22.51.50.50.50.50.50.50.50.50.50.50.54.2.50.2.50.2.50.50.50.16.50.12.21.6.50.50.2.50.2.50.2.2.2.50.33.2.2.50.2.2.18.2.2.2.2.46.2.50.50.xover.mutate.done 50
 generation 23.55.51.52.52.52.52.52.52.52.52.52.64.52.3.4.3.3.3.52.3.2.52.52.8.49.52.50.52.3.52.32.52.3.52.24.22.3.52.52.44.52.1.52.52.52.52.3.3.3.3.xover.mutate.done 50
 generation 24.59.52.51.51.51.51.51.51.51.51.51.1.51.1.51.1.12.51.51.1.51.51.1.51.51.18.51.1.51.2.51.51.1.51.51.1.51.2.1.1.31.1.1.51.51.1.1.14.51.51.xover.mutate.done 50
 generation 25.56.52.50.50.50.50.50.50.50.50.50.22.50.2.2.24.13.50.50.50.50.2.50.2.11.50.2.50.50.50.2.2.13.23.2.2.49.50.50.50.2.2.2.50.2.50.50.13.2.50.xover.mutate.done 50
 generation 26.61.53.51.51.51.51.51.51.51.51.3.51.51.51.51.3.3.36.51.50.51.3.51.3.10.48.3.3.51.51.3.14.51.51.51.3.51.3.2.3.51.51.3.51.51.3.51.3.3.19.xover.mutate.done 50
 generation 27.62.57.50.50.50.50.50.50.50.50.49.50.50.50.50.47.50.1.1.50.50.50.1.1.50.50.5.1.1.1.0.45.50.19.1.50.44.50.50.1.1.50.1.41.15.1.50.50.29.1.xover.mutate.done 50
 generation 28.64.55.52.52.52.52.52.52.52.52.34.2.18.52.7.52.28.52.4.2.52.52.2.50.52.52.10.52.2.8.2.2.35.2.2.16.2.52.38.52.2.20.9.52.32.52.2.2.52.52.xover.mutate.done 50
 generation 29.56.53.50.50.50.50.50.50.50.50.6.50.0.0.50.0.0.0.50.1.24.0.6.3.50.50.0.23.18.50.16.50.41.0.0.50.0.0.4.50.50.0.0.0.0.0.0.10.50.50.xover.mutate.done 50
 generation 30.55.53.51.51.51.51.51.51.51.51.51.51.51.51.3.1.2.51.2.2.13.2.2.51.51.51.1.51.51.51.46.2.50.2.1.2.2.51.2.1.11.51.36.2.2.32.51.2.1.51.xover.mutate.done 50
 generation 31.61.54.50.50.50.50.50.50.50.50.2.2.0.17.2.50.13.50.2.6.2.2.50.50.50.2.0.2.2.50.50.50.50.2.2.2.50.2.2.47.2.2.2.2.55.2.22.50.2.0.xover.mutate.done 50
 generation 32.56.56.56.50.50.50.50.50.50.50.0.23.12.0.50.50.0.15.6.0.50.48.50.50.50.50.0.0.0.0.0.0.50.0.0.14.6.50.50.50.21.47.6.0.50.50.0.50.50.0.xover.mutate.done 50
 generation 33.58.55.53.50.50.50.50.50.50.50.50.1.33.50.1.0.1.50.54.50.50.50.50.50.50.50.49.1.50.1.50.9.50.50.50.6.1.50.1.50.39.50.9.50.50.9.50.50.50.1.xover.mutate.done 50
 generation 34.64.58.57.56.51.51.51.51.51.51.3.51.41.51.9.57.51.51.5.48.3.3.57.16.3.3.3.3.51.3.3.3.51.3.51.3.9.3.5.11.51.9.9.51.27.51.51.55.51.5.xover.mutate.done 50
 generation 35.66.60.58.58.58.58.58.51.51.51.50.47.58.51.1.13.51.1.17.53.49.49.57.1.58.1.51.51.50.6.18.8.51.8.6.11.33.29.1.34.51.1.1.1.51.1.51.1.51.58.xover.mutate.done 50
 generation 36.61.57.57.57.57.55.55.57.57.55.57.51.40.51.2.57.1.51.57.13.24.32.51.6.8.57.57.51.2.8.47.2.51.2.51.51.51.50.38.51.2.55.51.57.8.6.2.22.8.51.xover.mutate.done 50
 generation 37.60.55.55.55.55.55.55.55.53.53.50.50.5.5.41.25.10.53.49.56.50.50.5.40.0.5.0.32.55.40.50.7.0.4.24.0.8.0.5.0.50.55.5.5.5.40.5.28.5.0.xover.mutate.done 50
 generation 38.65.63.63.62.62.62.62.62.62.63.12.40.54.4.4.47.4.61.15.42.12.13.12.8.12.12.9.54.41.62.63.12.53.28.4.54.4.4.13.54.12.12.17.50.17.18.4.4.13.4.xover.mutate.done 50
 generation 39.53.55.54.54.55.54.54.54.54.54.50.1.58.55.1.4.1.53.1.1.5.50.50.1.5.1.1.54.6.50.1.1.43.1.1.20.50.50.1.1.0.54.1.14.1.1.54.1.10.1.xover.mutate.done 50
 generation 40.62.56.54.57.55.54.54.54.54.54.13.53.11.5.28.17.54.5.6.49.5.50.1.5.5.1.4.53.54.32.50.15.50.6.5.54.6.40.1.5.50.5.8.50.5.9.54.50.51.5.xover.mutate.done 50
 generation 41.60.60.58.57.58.56.56.56.56.56.50.42.42.50.54.0.47.5.56.0.56.58.50.56.61.2.6.0.33.29.0.15.56.51.6.2.56.56.33.11.63.56.0.57.55.0.38.50.50.12.xover.mutate.done 50
 generation 42.62.57.59.55.55.54.55.55.55.54.50.55.50.8.53.53.0.56.4.54.50.0.55.46.23.55.0.38.50.10.50.49.50.50.54.0.30.0.4.0.39.50.0.5.54.50.11.54.4.47.xover.mutate.done 50
 generation 43.66.63.60.56.58.55.55.55.55.55.25.5.55.41.56.57.6.15.44.43.54.5.37.9.51.50.56.9.1.1.50.12.6.5.1.57.12.57.49.48.51.38.5.42.1.5.15.58.55.16.xover.mutate.done 50
 generation 44.62.60.61.59.59.57.57.56.61.60.57.11.55.21.56.10.0.0.21.30.49.57.59.6.33.15.59.46.55.55.50.5.5.62.33.55.0.38.28.47.16.56.59.59.37.7.27.5.49.60.xover.mutate.done 50
 generation 45.69.64.63.63.65.60.62.60.63.61.2.51.9.58.46.45.58.41.58.74.47.59.10.51.56.69.49.58.58.37.1.54.51.51.57.22.51.26.63.18.43.50.58.20.50.61.39.59.44.15.xover.mutate.done 50
 generation 46.79.69.69.66.62.60.59.60.60.59.60.14.50.50.60.50.53.59.55.58.25.61.38.52.59.55.57.57.62.49.6.49.58.56.59.50.79.8.39.6.8.36.39.45.21.50.56.19.60.57.xover.mutate.done 50
 generation 47.82.82.62.62.61.60.58.60.58.58.45.57.48.53.56.18.59.56.52.17.52.56.53.7.58.6.56.12.3.3.7.0.88.57.56.10.3.34.3.23.56.29.32.48.58.21.50.53.50.45.xover.mutate.done 50
 generation 48.85.82.82.69.69.61.60.58.58.58.55.50.44.60.25.55.89.50.6.0.37.6.13.55.50.50.50.0.50.11.55.50.5.0.45.55.48.48.55.40.54.50.55.56.50.55.46.55.27.13.xover.mutate.done 50
 generation 49.89.89.74.74.67.67.61.62.62.57.0.1.1.53.43.7.17.53.5.56.22.9.56.17.10.13.50.53.44.18.33.1.38.1.4.26.4.36.53.1.4.50.44.50.23.52.1.7.1.22.xover.mutate.done 50
 33498042 iters     710895 iter/sec (47.12 s)
 total time: 47.12
