% Ministry of Cellular Automata
% Project Deux (CS523 Spring 2015)
% Version:v0.1-66-g3e0f-dirty
%  pop:50
%  ic count:100
%  CA Log option:r3/run22
%  width:121
%  max workers:4
%  radius:3
%  iterations:300
%  generations:50

 generation 0.11.50.1.1.0.50.1.1.1.0.0.1.50.1.1.50.50.1.0.1.0.0.50.0.1.50.1.0.0.0.44.1.2.6.0.11.1.0.0.50.1.1.50.50.1.1.50.1.1.0.xover.mutate.done 50
 generation 1.50.50.50.50.50.50.50.50.50.50.2.50.0.50.6.2.0.50.0.2.44.2.0.0.11.0.2.0.0.50.2.0.50.0.58.0.52.0.0.2.2.2.0.0.2.0.2.2.2.10.xover.mutate.done 50
 generation 2.59.51.50.50.50.50.50.50.50.50.7.2.50.50.50.2.50.5.9.2.50.1.50.50.2.1.51.2.51.50.2.8.51.50.2.51.1.52.51.50.50.2.1.2.1.50.1.51.2.2.xover.mutate.done 50
 generation 3.57.54.50.50.50.50.50.50.50.50.0.0.0.8.0.8.0.50.47.0.50.0.0.0.50.50.50.0.0.50.0.50.0.50.50.0.50.0.50.0.50.50.0.0.0.0.50.0.0.0.xover.mutate.done 50
 generation 4.59.46.50.52.52.50.52.50.50.50.50.52.2.50.52.0.2.5.0.50.2.2.52.49.0.2.52.50.2.52.0.0.2.2.0.2.50.50.2.0.2.2.52.36.50.2.50.50.52.50.xover.mutate.done 50
 generation 5.52.50.50.50.50.50.50.50.50.50.0.50.50.0.51.1.51.1.0.50.58.50.7.50.0.19.50.1.6.1.51.1.50.0.50.1.0.17.50.50.0.1.21.50.50.1.47.1.50.1.xover.mutate.done 50
 generation 6.55.55.50.50.50.51.51.51.51.51.50.1.49.11.1.1.1.55.50.50.1.1.1.51.51.1.51.51.1.51.1.5.1.1.50.51.51.8.19.1.51.1.46.1.1.51.50.0.0.1.xover.mutate.done 50
 generation 7.57.55.56.50.50.50.50.50.50.50.8.0.1.10.50.50.50.1.1.50.19.0.0.1.1.50.1.1.1.50.50.51.50.1.50.7.51.50.1.1.0.50.0.1.0.50.1.1.50.1.xover.mutate.done 50
 generation 8.55.53.55.51.51.50.50.50.50.50.1.1.12.50.1.50.5.1.5.50.50.1.50.1.50.0.5.1.50.50.50.50.1.44.1.50.50.1.50.50.1.50.0.8.50.50.50.50.50.0.xover.mutate.done 50
 generation 9.57.57.56.50.50.52.52.52.52.52.2.50.2.2.0.7.57.47.50.4.7.39.48.52.50.50.2.52.2.0.50.52.8.52.52.50.51.7.50.3.2.9.49.50.0.50.52.2.9.2.xover.mutate.done 50
 generation 10.57.62.57.53.51.51.51.51.51.51.51.51.51.51.24.47.51.50.13.1.9.44.51.51.51.51.6.51.17.51.50.45.50.1.51.51.3.1.1.27.7.48.0.60.50.58.39.51.0.51.xover.mutate.done 50
 generation 11.60.62.61.59.59.54.50.50.50.50.23.14.50.0.20.3.0.18.50.7.8.0.0.60.0.11.0.20.0.47.0.0.50.50.9.0.42.26.8.54.0.6.0.0.12.47.2.9.14.32.xover.mutate.done 50
 generation 12.62.59.49.58.57.57.56.50.50.50.50.49.50.9.0.9.7.7.0.42.39.46.41.50.17.0.0.49.69.0.52.7.30.25.0.7.0.0.0.0.11.14.7.0.0.11.26.13.51.11.xover.mutate.done 50
 generation 13.70.65.63.63.63.63.61.57.61.56.63.63.33.28.5.18.6.5.13.47.50.42.50.24.69.6.47.63.55.17.69.61.5.63.12.61.55.1.34.5.61.18.21.71.50.17.27.55.18.19.xover.mutate.done 50
 generation 14.64.67.67.64.62.59.58.55.55.58.59.2.43.18.55.52.56.64.9.52.5.59.64.50.59.58.52.50.35.11.69.52.50.52.50.29.53.50.11.2.2.50.64.5.2.50.59.68.55.2.xover.mutate.done 50
 generation 15.70.61.64.68.70.63.62.61.61.58.26.60.45.9.9.16.75.56.3.61.81.3.51.8.51.62.14.3.51.3.32.6.42.51.53.9.6.51.23.7.65.32.2.56.3.51.72.63.49.36.xover.mutate.done 50
 generation 16.73.67.65.71.69.57.71.65.65.63.7.19.30.15.89.7.81.0.50.46.57.6.51.42.40.50.7.35.21.17.1.52.34.1.52.61.33.1.61.6.50.27.33.10.52.38.59.1.0.35.xover.mutate.done 50
 generation 17.87.85.78.68.63.62.74.67.72.72.6.15.74.49.33.2.85.2.51.24.45.48.2.52.1.5.46.16.42.2.51.54.46.6.1.50.10.79.15.30.33.9.2.51.72.1.51.59.57.14.xover.mutate.done 50
 generation 18.88.83.86.62.79.60.76.57.58.72.10.51.50.37.11.10.10.46.30.23.13.23.4.18.79.4.1.13.82.32.67.49.29.54.21.52.66.14.73.15.51.52.45.10.2.51.69.59.18.75.xover.mutate.done 50
 generation 19.88.85.80.84.80.79.77.72.76.73.53.81.70.8.21.6.87.70.68.76.62.71.68.59.23.47.62.58.45.2.41.50.2.9.23.52.2.35.37.2.50.58.2.2.2.46.5.52.33.2.xover.mutate.done 50
 generation 20.89.88.88.84.72.83.80.77.78.73.45.54.61.12.4.38.48.69.29.84.88.50.50.56.51.88.50.28.2.57.51.50.14.60.54.4.53.69.51.2.13.51.2.2.51.45.72.1.69.2.xover.mutate.done 50
 generation 21.92.91.90.91.91.91.85.87.80.79.41.46.49.51.2.88.49.54.47.17.91.49.30.51.85.11.20.51.46.50.49.51.51.78.76.49.51.85.54.54.54.15.50.54.81.55.3.50.68.44.xover.mutate.done 50
 generation 22.88.84.84.84.87.84.86.89.84.87.22.9.55.18.33.40.43.14.51.3.50.51.54.11.47.51.20.51.51.82.67.3.64.51.67.50.46.35.49.63.8.40.31.87.67.3.74.51.47.3.xover.mutate.done 50
 generation 23.91.93.82.82.88.87.88.88.88.88.6.44.0.90.10.90.49.49.50.57.51.50.7.50.90.50.50.50.0.18.35.50.22.26.50.87.42.32.69.30.50.2.47.15.56.74.87.0.14.0.xover.mutate.done 50
 generation 24.93.93.90.88.89.88.91.91.91.91.76.43.60.42.51.51.1.51.38.30.47.25.1.51.50.37.50.1.70.61.1.0.39.10.81.1.1.44.45.67.51.1.0.22.0.10.64.1.42.51.xover.mutate.done 50
 generation 25.89.90.83.83.83.83.85.86.89.84.64.63.50.51.51.31.41.1.1.43.50.37.1.45.1.38.1.1.79.1.50.0.1.50.58.18.41.51.81.18.36.40.25.27.42.51.48.53.64.1.xover.mutate.done 50
 generation 26.91.91.90.90.90.88.91.91.91.91.84.0.42.0.6.91.47.0.0.50.50.0.21.18.82.1.50.36.60.0.73.0.48.49.7.74.0.86.0.50.87.48.50.0.6.6.72.73.49.50.xover.mutate.done 50
 generation 27.85.84.80.80.80.80.80.84.80.80.46.5.46.12.50.36.0.50.0.50.50.0.38.3.50.34.50.50.0.0.6.0.0.0.15.0.0.0.12.72.0.0.50.0.33.74.0.50.59.53.xover.mutate.done 50
 generation 28.85.85.86.84.84.84.84.84.84.84.5.71.24.50.1.48.47.74.57.34.45.32.6.26.2.2.47.58.48.46.78.2.2.26.83.51.2.2.50.60.49.19.45.1.43.2.2.46.2.33.xover.mutate.done 50
 generation 29.87.87.90.85.85.85.85.85.85.86.85.50.39.59.50.0.50.25.28.0.0.69.50.24.65.50.12.69.50.0.49.49.29.44.65.57.17.0.0.50.86.48.71.47.7.47.0.70.65.20.xover.mutate.done 50
 generation 30.86.89.92.83.88.87.87.87.87.87.45.50.17.6.61.52.71.64.71.0.6.81.48.48.81.3.91.48.71.6.3.68.3.56.28.53.62.50.37.51.30.16.90.27.53.24.48.11.53.0.xover.mutate.done 50
 generation 31.92.93.84.86.86.90.90.90.90.90.21.58.44.41.22.1.37.50.58.48.0.71.24.27.60.30.93.1.50.27.14.1.50.1.89.59.10.69.48.36.14.33.55.50.61.1.51.13.58.50.xover.mutate.done 50
 generation 32.88.88.88.84.84.84.84.84.80.87.2.55.1.56.47.64.1.1.50.1.69.1.0.51.1.1.67.12.55.28.44.70.54.50.44.51.46.56.79.17.0.39.10.49.51.28.63.50.12.1.xover.mutate.done 50
 generation 33.87.88.87.87.87.87.87.87.87.83.52.6.50.21.4.50.4.52.2.4.4.90.79.46.29.54.47.4.60.4.2.9.5.40.2.14.58.4.4.52.14.30.52.72.52.50.6.58.52.84.xover.mutate.done 50
 generation 34.90.89.90.88.87.87.87.87.87.87.51.45.70.4.51.49.1.22.24.26.86.29.46.1.2.1.58.9.63.1.53.51.1.34.51.47.47.51.3.40.29.43.84.40.62.43.18.1.1.0.xover.mutate.done 50
 generation 35.90.92.90.90.90.87.87.87.87.87.35.4.63.38.4.51.19.4.50.14.40.4.6.39.53.37.51.19.45.52.65.76.35.34.25.23.21.28.4.57.4.8.10.58.40.32.81.4.33.4.xover.mutate.done 50
 generation 36.93.95.93.96.93.91.91.91.91.91.89.50.45.43.61.94.2.27.9.81.2.61.59.15.2.24.50.13.4.54.46.77.19.47.3.4.61.2.56.50.22.2.2.28.34.52.18.2.56.2.xover.mutate.done 50
 generation 37.88.90.89.90.88.90.84.84.84.84.50.17.5.3.4.81.42.23.81.50.49.51.5.4.13.1.52.88.3.50.76.3.65.18.3.36.3.8.2.66.11.3.9.48.48.3.42.29.42.51.xover.mutate.done 50
 generation 38.92.92.93.92.93.93.88.92.92.92.19.2.0.2.52.48.34.2.36.78.38.49.46.15.2.49.52.2.2.93.50.45.2.0.21.7.10.48.7.2.66.50.0.49.0.50.2.52.10.2.xover.mutate.done 50
 generation 39.92.92.95.93.97.95.94.93.93.93.5.69.51.6.50.16.7.54.53.49.5.21.51.5.1.5.5.5.33.47.5.8.64.50.38.25.8.8.53.5.49.37.51.5.1.7.5.8.1.1.xover.mutate.done 50
 generation 40.90.94.92.90.92.92.92.92.91.90.2.23.50.48.37.2.52.49.2.5.2.2.66.4.6.12.48.29.45.2.2.3.16.52.47.52.52.2.50.2.2.50.2.4.26.22.3.2.77.14.xover.mutate.done 50
 generation 41.90.92.91.90.90.90.89.92.89.90.44.51.51.1.1.1.11.31.1.2.48.9.1.5.51.50.71.51.42.45.50.10.11.30.17.13.93.50.50.10.42.36.11.21.50.1.1.5.1.46.xover.mutate.done 50
 generation 42.89.90.87.90.89.85.85.85.91.88.2.28.51.44.51.51.2.2.41.57.50.20.56.3.2.42.46.29.16.51.52.43.2.49.50.26.2.87.51.88.2.51.50.51.2.2.2.13.50.49.xover.mutate.done 50
 generation 43.88.92.93.94.92.91.89.91.92.92.51.3.50.3.51.3.11.55.3.38.3.52.52.20.3.11.3.3.4.12.51.61.19.54.47.2.3.15.52.23.19.49.11.3.72.70.61.15.51.3.xover.mutate.done 50
 generation 44.94.92.94.92.91.86.93.92.88.93.62.48.12.2.0.41.18.2.2.2.77.0.45.2.50.28.2.50.77.60.2.18.86.57.16.27.2.48.2.61.52.3.61.2.21.50.42.2.43.14.xover.mutate.done 50
 generation 45.88.89.86.87.89.89.90.86.83.85.87.11.30.50.49.49.50.50.49.0.86.0.0.90.0.50.50.41.0.0.44.49.50.62.0.0.0.4.0.25.50.13.45.0.50.83.40.49.1.23.xover.mutate.done 50
 generation 46.92.90.92.92.92.91.92.90.89.91.2.7.81.15.84.12.49.0.49.50.2.0.46.0.24.50.50.89.0.2.0.0.2.9.0.49.29.7.73.50.46.43.50.45.0.41.48.0.0.48.xover.mutate.done 50
 generation 47.90.90.90.89.91.89.90.87.88.89.48.50.49.87.49.90.1.47.1.50.1.41.1.8.47.86.46.1.1.12.1.57.0.27.0.1.38.0.47.2.87.1.29.1.87.1.1.1.76.50.xover.mutate.done 50
 generation 48.90.89.91.90.88.91.90.91.88.89.49.0.1.0.78.1.1.1.76.88.88.27.23.1.60.1.57.1.59.1.49.69.39.44.41.50.67.51.54.1.87.50.72.87.90.86.1.46.11.49.xover.mutate.done 50
 generation 49.89.87.88.90.89.88.89.88.88.86.75.21.0.45.79.16.2.86.42.5.71.2.2.3.49.85.2.14.48.30.28.87.28.19.19.80.50.2.88.32.3.52.16.50.24.32.52.6.52.91.xover.mutate.done 50
 32976756 iters     700130 iter/sec (47.10 s)
 total time: 47.10
