51 50 50 50 50 50 50 50 43 27 25 22 8 7 2 2 2 2 2 2 2 2 2 2 2 2 1 1 1 1 1 1 1 1 1 1 1 1 1 1 1 1 1 1 1 1 1 1 1 1 
54 52 50 50 50 50 50 50 50 50 50 50 50 39 38 34 8 6 5 4 4 2 2 2 2 2 2 2 2 2 2 2 2 2 2 2 2 2 2 2 2 2 2 2 0 0 0 0 0 0 
54 51 51 50 50 50 50 50 50 50 50 50 50 50 50 50 50 50 50 50 45 34 26 23 14 12 11 10 9 9 9 5 5 1 1 1 1 1 1 1 0 0 0 0 0 0 0 0 0 0 
90 76 56 54 53 53 53 53 52 52 52 52 50 50 50 50 50 50 50 50 50 50 50 44 26 21 20 13 11 11 8 7 7 5 5 5 5 5 5 5 5 5 5 5 3 2 2 2 2 2 
94 76 65 57 55 53 53 53 53 53 53 53 50 50 50 50 50 50 50 50 50 50 50 50 50 50 50 50 50 48 46 30 28 3 3 3 3 3 3 3 3 3 3 0 0 0 0 0 0 0 
93 67 56 54 54 54 54 54 54 54 54 54 53 52 51 50 50 50 50 50 50 50 46 34 33 24 23 20 20 20 19 8 7 5 5 5 5 5 4 4 4 4 4 1 1 1 1 1 1 1 
92 67 62 55 53 52 52 52 52 52 52 52 52 52 52 52 50 49 48 47 46 29 27 24 22 21 21 8 5 5 2 2 2 2 2 2 2 2 2 2 2 2 2 2 2 2 2 0 0 0 
93 77 63 54 52 51 51 51 51 51 51 51 51 51 50 50 50 50 46 46 43 42 40 38 36 34 28 26 25 25 14 10 10 2 2 1 1 1 1 1 1 1 1 1 1 0 0 0 0 0 
93 76 64 60 58 55 55 55 55 54 54 54 54 54 54 54 54 54 54 54 54 50 50 50 50 39 37 34 21 19 17 14 14 12 11 11 10 8 6 6 6 6 6 6 6 6 4 4 4 4 
94 81 64 62 61 58 58 58 56 54 51 51 51 51 51 51 51 50 50 49 48 48 47 47 47 46 46 31 30 28 25 16 13 13 11 11 10 8 2 2 2 2 2 2 2 2 1 1 1 1 
88 71 64 57 57 56 54 54 54 53 53 51 51 51 51 51 51 50 50 49 48 45 45 45 43 39 35 32 30 28 28 21 21 20 14 11 11 10 9 4 2 2 2 1 1 1 1 1 1 1 
90 70 58 56 56 55 55 55 52 52 51 51 51 51 51 51 51 51 51 51 50 50 50 50 46 43 40 39 39 38 38 35 34 33 28 25 18 15 12 10 3 3 3 3 3 3 1 1 1 1 
96 69 61 60 60 56 55 54 54 54 54 53 53 52 51 51 51 51 51 51 51 51 51 51 51 50 50 50 44 39 38 34 33 31 31 29 27 20 1 1 1 1 1 1 1 1 1 1 1 1 
89 73 68 62 58 58 54 54 54 54 51 51 51 51 51 51 51 51 51 51 50 50 50 49 48 48 47 46 43 42 29 24 17 16 12 11 10 8 6 4 2 2 2 1 1 1 1 1 1 1 
87 73 66 59 58 55 55 55 54 52 50 50 50 50 50 50 50 50 50 50 50 50 50 50 50 49 48 43 43 38 33 32 30 29 23 20 13 8 2 2 2 2 2 2 2 0 0 0 0 0 
91 69 66 61 59 57 55 55 55 54 54 54 54 52 51 51 51 51 51 51 51 51 51 51 51 51 51 50 50 50 48 46 43 41 39 37 32 29 18 18 16 15 6 6 3 3 3 3 3 2 
95 76 71 67 63 63 59 59 59 58 57 56 56 54 54 54 53 53 53 50 50 50 50 50 50 46 44 42 38 38 31 29 29 24 19 11 11 3 0 0 0 0 0 0 0 0 0 0 0 0 
88 73 72 70 70 70 67 67 64 64 64 63 63 60 60 59 59 56 55 51 51 50 50 50 50 50 50 50 49 49 48 48 47 45 45 43 30 22 21 20 15 9 7 5 5 1 1 1 1 1 
91 74 73 67 67 63 60 58 58 58 58 56 56 56 54 53 52 52 52 52 52 51 51 50 50 49 49 49 48 48 46 44 41 33 33 28 22 19 14 13 9 8 3 3 2 2 2 2 2 1 
89 73 70 69 69 67 64 63 63 63 62 61 61 60 60 57 55 52 51 51 50 50 50 49 49 49 46 45 43 42 41 40 40 35 32 31 31 28 23 22 21 19 14 11 11 9 6 3 2 2 
92 77 76 75 75 73 73 70 68 68 67 66 65 61 55 55 55 52 52 52 52 50 50 50 50 49 49 48 44 43 43 43 42 41 32 29 28 25 19 17 15 13 9 4 4 4 4 2 2 2 
92 77 75 75 71 70 70 70 68 67 67 66 62 61 57 53 51 51 51 48 47 43 43 42 41 40 33 32 29 23 23 23 22 22 21 19 12 11 11 5 5 2 2 2 1 1 1 1 1 1 
84 70 68 67 66 66 66 66 65 63 60 57 56 56 52 50 50 47 46 46 44 43 42 40 33 32 32 27 27 24 19 16 11 10 9 9 8 8 8 8 7 2 2 2 2 2 2 2 2 0 
89 73 71 71 71 68 67 67 63 63 61 60 53 50 50 50 49 49 48 47 46 44 43 43 42 42 36 36 33 30 22 11 7 7 7 6 6 5 4 4 3 3 0 0 0 0 0 0 0 0 
86 72 71 70 70 67 67 66 65 65 64 63 63 53 50 50 50 50 50 50 50 48 45 40 39 38 38 30 28 25 24 21 17 17 16 15 14 13 11 10 9 6 2 0 0 0 0 0 0 0 
91 83 79 78 77 74 73 72 71 69 68 64 63 61 60 59 58 57 51 50 50 50 50 50 50 42 41 39 38 32 30 23 21 21 21 20 15 13 11 11 9 5 1 1 1 1 1 1 0 0 
92 75 75 75 72 71 71 70 70 69 68 67 62 57 55 55 54 54 52 50 50 50 50 49 49 44 43 43 43 39 33 27 27 26 24 19 19 18 13 12 8 5 4 3 3 0 0 0 0 0 
87 84 84 80 78 76 76 75 72 70 70 68 66 60 56 56 56 55 52 52 52 52 51 50 50 50 50 48 46 45 43 42 37 36 31 23 23 22 20 19 17 16 14 12 12 7 2 2 1 1 
85 80 75 74 73 71 71 70 70 69 69 67 66 57 56 56 54 54 53 53 50 50 50 50 50 50 50 46 45 44 43 37 25 19 18 17 14 10 8 7 6 6 4 3 3 1 0 0 0 0 
95 90 83 81 79 78 73 69 69 67 66 60 60 57 56 53 51 50 50 50 50 50 49 45 44 41 37 27 24 21 16 15 11 10 9 8 7 7 5 5 5 4 4 3 2 2 2 1 1 0 
88 87 84 79 75 74 71 71 69 69 69 65 64 63 63 60 59 55 55 53 52 51 51 51 50 50 50 50 49 48 48 38 33 29 28 27 27 25 22 19 18 18 17 14 14 4 4 2 1 1 
89 88 77 74 73 72 72 72 70 70 65 64 63 61 60 57 57 55 52 52 52 52 51 50 50 48 47 46 44 37 35 29 29 24 20 16 12 12 9 9 7 7 6 5 4 2 2 2 2 2 
91 88 82 81 74 73 73 72 72 71 69 68 68 65 61 56 56 55 52 51 51 50 49 49 45 44 44 40 34 29 28 27 23 20 16 16 16 14 14 12 11 8 8 7 6 3 1 1 1 1 
90 87 86 84 77 75 71 71 70 70 55 53 52 51 51 50 50 50 50 50 50 49 48 43 42 40 38 34 31 31 26 25 22 21 18 5 3 1 1 0 0 0 0 0 0 0 0 0 0 0 
91 90 89 85 81 81 79 77 77 70 70 68 62 60 52 52 52 50 50 50 50 49 49 48 47 46 44 36 35 35 34 33 32 29 27 25 14 11 6 6 5 3 3 3 3 2 2 2 1 1 
93 91 90 89 85 84 83 80 79 73 70 67 66 64 63 55 55 52 51 51 51 51 51 51 50 50 49 49 46 45 45 45 44 42 39 31 20 19 17 13 12 9 9 9 5 5 5 5 4 1 
90 89 86 85 83 82 80 75 75 74 72 72 71 66 64 64 61 59 52 50 48 48 48 47 46 45 45 43 42 34 33 30 30 25 21 21 21 19 13 9 8 7 3 3 3 3 3 2 2 2 
91 91 89 88 86 83 82 80 80 80 80 70 68 66 64 62 54 51 51 51 51 50 50 50 50 50 49 47 46 44 38 35 35 35 32 24 21 20 17 14 14 9 5 5 5 2 1 1 1 1 
91 90 89 88 87 79 78 76 75 75 74 74 74 74 70 65 50 50 50 50 45 39 39 38 37 35 33 30 20 20 14 12 9 6 0 0 0 0 0 0 0 0 0 0 0 0 0 0 0 0 
95 95 89 86 86 85 84 83 81 78 74 72 59 57 56 56 51 51 51 50 49 47 47 46 46 45 44 39 39 37 33 31 27 23 14 13 13 13 10 9 8 6 1 1 1 1 1 1 1 0 
94 92 92 90 87 86 86 83 80 78 74 74 73 68 68 57 56 53 53 52 51 51 51 51 51 51 50 50 49 49 48 47 45 44 43 41 40 39 38 38 34 28 24 17 16 13 9 8 2 2 
90 90 89 85 83 81 80 79 79 75 70 64 61 57 56 56 55 55 54 52 51 50 50 48 47 44 43 43 43 41 40 37 35 35 26 24 24 22 19 19 17 14 11 9 6 5 2 2 0 0 
91 88 87 87 85 83 83 83 83 80 75 74 74 73 72 66 64 57 52 51 51 51 51 50 50 48 46 45 44 44 43 41 40 34 30 30 23 17 16 15 13 12 12 11 10 9 8 2 2 1 
94 94 89 87 86 85 85 83 81 80 62 52 50 50 50 50 50 49 46 46 46 42 42 42 39 39 36 34 25 23 23 20 20 18 17 13 13 10 9 4 1 1 1 1 1 1 1 0 0 0 
90 89 88 85 84 81 81 79 77 76 71 59 56 55 54 53 51 51 51 51 51 49 49 49 48 48 48 48 48 47 44 44 43 42 31 27 27 24 21 19 14 8 8 6 4 1 1 1 1 0 
97 97 92 92 92 91 90 90 89 86 70 67 55 54 53 53 50 50 50 49 48 47 47 45 26 23 21 17 17 16 13 12 11 10 10 9 9 8 7 7 2 2 2 2 2 2 2 2 2 0 
91 90 90 90 85 85 84 84 81 77 58 57 53 51 51 50 48 46 46 44 44 40 38 34 26 26 21 17 15 13 13 13 12 11 8 8 7 4 4 4 4 1 1 1 1 1 1 1 1 0 
94 90 89 87 85 85 83 83 83 79 54 53 51 49 49 48 48 38 38 35 31 30 27 26 25 24 20 15 12 10 8 8 7 6 5 5 5 4 4 4 4 3 3 3 2 2 2 1 1 1 
94 93 92 91 91 90 88 87 81 79 74 61 57 55 53 52 52 50 50 50 50 48 47 47 46 46 43 42 37 33 27 22 14 12 10 8 7 2 2 2 2 2 2 2 2 2 2 2 0 0 
88 86 85 84 81 80 80 80 79 75 60 54 53 51 50 50 46 45 45 43 43 37 36 33 31 31 27 17 16 15 13 12 12 11 11 10 10 7 6 2 2 2 2 2 1 1 1 1 1 1 
