% Ministry of Cellular Automata
% Project Deux (CS523 Spring 2015)
% Version:v0.1-66-g3e0f-dirty
%  pop:50
%  ic count:100
%  CA Log option:r3/run25
%  width:121
%  max workers:4
%  radius:3
%  iterations:300
%  generations:50

 generation 0.50.1.50.3.2.1.44.1.50.2.1.50.1.1.50.1.50.50.2.1.2.1.3.1.2.1.50.1.50.1.1.1.1.1.2.1.50.50.50.1.2.1.1.3.1.1.2.1.3.1.xover.mutate.done 50
 generation 1.50.50.50.50.50.50.50.50.50.50.50.50.50.50.0.0.10.42.50.0.0.0.50.0.0.50.0.50.50.57.45.0.0.0.5.50.0.0.0.0.0.57.0.50.0.0.0.0.0.0.xover.mutate.done 50
 generation 2.51.51.50.50.50.50.50.50.50.50.50.50.0.0.0.2.50.0.50.50.50.50.0.50.14.50.50.0.0.50.51.50.0.51.50.0.1.52.10.2.0.0.0.0.50.0.50.0.28.0.xover.mutate.done 50
 generation 3.53.53.53.53.53.50.50.50.50.50.10.0.51.1.1.53.50.0.41.1.51.1.51.53.1.1.12.10.0.13.53.4.53.1.50.1.3.51.50.37.0.51.51.4.28.35.50.50.4.50.xover.mutate.done 50
 generation 4.54.53.53.53.53.53.53.53.53.50.50.17.50.51.50.14.52.51.53.4.5.4.3.50.50.53.50.50.12.50.50.53.35.0.50.38.40.9.48.50.53.50.32.53.44.0.4.48.50.54.xover.mutate.done 50
 generation 5.58.58.57.57.57.57.57.57.57.57.50.50.57.11.50.41.11.57.32.50.20.50.50.57.55.8.22.0.60.14.29.57.14.7.51.19.8.60.25.22.31.7.16.51.57.50.42.57.51.7.xover.mutate.done 50
 generation 6.55.55.54.54.54.54.54.54.54.54.29.54.4.26.44.15.51.44.1.54.1.1.5.51.6.54.51.51.32.54.4.50.4.4.44.27.34.11.34.55.4.50.54.0.50.17.54.14.51.54.xover.mutate.done 50
 generation 7.54.54.54.54.54.54.54.54.54.54.50.36.17.50.2.22.6.50.54.29.17.12.50.6.54.2.54.20.2.2.50.42.12.6.6.54.12.34.50.50.50.50.54.2.6.54.50.38.16.50.xover.mutate.done 50
 generation 8.57.57.57.56.56.55.55.55.55.55.50.13.55.0.50.56.5.41.12.17.0.0.5.50.50.50.55.55.57.15.29.27.8.57.55.19.0.5.50.6.55.5.55.0.5.46.40.6.50.50.xover.mutate.done 50
 generation 9.52.52.52.52.52.52.52.52.52.52.50.20.22.52.3.2.48.7.1.18.1.2.2.6.51.1.0.6.52.50.31.44.52.14.42.13.52.52.1.50.43.2.50.9.52.2.2.50.38.8.xover.mutate.done 50
 generation 10.54.54.54.54.54.54.54.54.54.54.50.35.50.11.0.54.23.54.50.19.45.50.0.40.54.0.50.0.14.54.50.0.22.0.47.4.15.23.47.40.54.46.36.54.0.28.50.0.54.41.xover.mutate.done 50
 generation 11.55.55.55.55.55.55.55.55.54.54.20.30.39.23.20.7.7.55.7.51.39.3.5.51.3.20.3.42.4.54.5.54.8.54.54.4.7.3.36.36.4.19.54.49.4.51.54.11.4.51.xover.mutate.done 50
 generation 12.56.56.56.56.56.56.56.56.56.56.0.25.8.64.52.44.23.7.4.16.56.33.49.52.46.6.25.56.30.2.52.52.15.52.12.56.56.6.43.2.2.56.16.56.49.56.50.56.56.50.xover.mutate.done 50
 generation 13.65.57.57.57.57.58.57.57.57.57.52.52.50.61.52.52.8.17.57.57.57.23.24.57.10.8.23.3.57.8.57.57.86.52.17.57.39.58.3.12.3.3.37.57.2.45.50.52.3.52.xover.mutate.done 50
 generation 14.82.62.56.54.54.54.54.54.54.52.21.50.26.5.49.52.50.50.23.1.52.54.6.13.62.56.14.50.38.10.52.5.54.54.50.61.3.55.62.3.50.13.6.52.54.50.54.3.1.3.xover.mutate.done 50
 generation 15.86.62.61.61.61.57.55.55.54.54.14.49.62.7.0.50.0.50.50.50.54.54.77.48.60.62.13.56.53.4.3.62.3.54.50.59.0.72.0.62.0.7.53.54.13.26.0.3.56.41.xover.mutate.done 50
 generation 16.83.72.71.65.65.65.65.65.61.61.50.0.36.62.11.33.7.60.7.60.30.0.57.50.0.12.50.57.51.49.7.5.0.36.50.0.19.0.36.8.7.0.50.57.65.58.15.0.60.62.xover.mutate.done 50
 generation 17.84.83.72.66.66.66.66.66.66.61.0.27.53.45.55.0.18.50.50.81.61.0.66.56.66.65.32.9.28.0.0.62.0.9.0.50.9.61.10.57.50.40.9.9.14.50.10.40.26.61.xover.mutate.done 50
 generation 18.89.80.88.69.59.59.59.59.59.59.44.27.2.21.12.36.38.2.25.52.50.35.35.42.5.58.47.2.8.9.62.5.48.44.49.60.57.55.4.43.29.50.2.51.5.36.52.62.33.60.xover.mutate.done 50
 generation 19.88.86.76.68.54.52.61.56.63.63.50.23.48.63.42.41.0.55.51.39.50.56.64.63.44.5.62.12.13.17.50.32.13.79.24.42.76.51.50.55.5.10.42.51.18.84.39.46.16.54.xover.mutate.done 50
 generation 20.82.84.81.74.82.82.70.70.62.62.22.51.55.5.45.23.56.51.18.74.56.64.0.13.53.39.42.1.57.14.51.38.0.70.58.50.1.48.39.21.50.9.53.3.18.40.64.54.9.33.xover.mutate.done 50
 generation 21.86.89.76.76.87.78.78.67.68.77.5.50.47.8.76.0.50.29.48.23.58.30.1.76.62.65.1.72.8.26.33.57.13.4.6.10.51.50.1.1.62.58.50.83.19.70.42.9.54.25.xover.mutate.done 50
 generation 22.86.89.82.81.76.76.67.82.82.81.9.47.6.13.16.84.55.5.43.34.11.28.3.36.24.64.58.49.57.54.33.14.19.81.49.44.54.61.44.9.34.3.3.1.16.48.19.13.54.9.xover.mutate.done 50
 generation 23.84.87.83.80.75.75.80.74.74.72.1.15.2.68.54.56.55.7.7.6.16.39.16.50.51.7.57.10.6.56.12.1.85.14.1.15.31.21.13.36.36.8.53.18.11.8.6.1.65.46.xover.mutate.done 50
 generation 24.81.82.83.78.84.82.79.79.78.78.3.17.64.55.39.3.56.30.11.24.31.50.3.3.16.11.8.1.10.45.3.51.83.53.36.19.10.10.3.14.54.79.32.35.17.3.28.68.3.33.xover.mutate.done 50
 generation 25.83.80.82.84.79.84.78.78.78.80.22.1.23.6.11.71.18.5.25.1.10.18.84.45.6.6.1.1.17.8.35.12.89.14.48.11.7.78.13.1.8.1.1.24.11.1.46.88.16.1.xover.mutate.done 50
 generation 26.94.91.84.87.83.89.89.84.78.82.25.0.82.0.0.20.37.50.0.25.51.0.38.89.14.0.11.0.34.68.40.69.12.61.0.17.11.16.49.25.3.0.13.50.77.63.10.8.70.29.xover.mutate.done 50
 generation 27.88.89.83.82.86.83.80.86.86.83.37.55.71.57.3.4.44.15.19.89.9.3.36.42.2.81.1.21.2.6.58.58.3.41.48.47.10.37.2.3.1.2.46.72.22.62.4.36.25.66.xover.mutate.done 50
 generation 28.91.93.92.89.87.85.86.87.87.84.52.1.4.52.54.31.2.1.13.5.0.15.26.52.17.1.1.54.54.26.9.11.19.45.51.51.1.48.48.45.5.51.50.1.18.1.12.1.17.49.xover.mutate.done 50
 generation 29.88.91.89.86.87.90.79.82.82.81.81.50.27.46.44.38.0.23.0.46.56.8.7.36.57.37.49.6.25.0.29.0.5.44.21.67.56.50.56.12.44.50.22.21.0.50.73.51.56.0.xover.mutate.done 50
 generation 30.87.86.87.90.85.85.83.80.83.71.50.7.18.48.50.18.36.15.36.9.8.50.2.5.61.2.9.55.48.2.46.17.50.15.52.15.2.2.54.25.40.47.2.5.5.54.53.50.50.2.xover.mutate.done 50
 generation 31.87.88.87.89.82.83.77.81.83.73.11.0.52.39.31.36.0.78.0.0.50.56.38.75.50.4.46.55.6.50.10.4.8.13.50.25.54.61.55.6.4.56.4.50.50.50.39.72.16.0.xover.mutate.done 50
 generation 32.80.85.85.85.86.82.79.85.79.80.3.50.18.52.51.51.45.50.3.50.20.57.23.3.6.42.11.26.38.52.58.6.7.63.3.49.8.62.32.31.5.11.12.31.50.84.7.62.54.28.xover.mutate.done 50
 generation 33.82.86.86.83.79.79.79.85.79.84.64.80.56.51.10.38.2.52.2.2.57.41.2.49.12.84.51.2.51.50.2.1.35.36.9.27.33.65.53.2.60.4.8.29.61.51.9.18.17.45.xover.mutate.done 50
 generation 34.86.86.80.84.87.84.86.77.74.80.53.56.81.52.58.2.65.60.53.27.39.27.59.30.40.64.4.2.80.80.9.40.89.32.47.52.27.35.78.39.13.26.16.0.37.12.50.50.10.52.xover.mutate.done 50
 generation 35.87.87.87.90.85.79.88.85.86.82.7.5.35.51.30.51.53.51.51.24.3.27.51.43.51.25.55.45.5.48.24.51.47.29.6.35.3.24.51.54.15.49.82.38.3.12.46.41.87.11.xover.mutate.done 50
 generation 36.90.91.90.82.91.82.87.87.89.84.51.48.2.13.5.23.51.5.9.40.55.65.58.60.49.90.71.55.92.22.27.55.59.2.2.39.51.2.61.1.11.11.56.1.9.51.53.80.82.38.xover.mutate.done 50
 generation 37.86.85.87.86.90.77.77.83.85.85.5.50.0.38.52.3.84.55.86.28.40.7.54.7.71.5.57.89.87.91.49.3.0.0.52.11.10.52.50.24.50.10.47.9.50.86.29.80.49.19.xover.mutate.done 50
 generation 38.88.90.90.88.86.90.90.86.88.87.37.44.0.40.28.36.50.0.88.22.44.18.45.63.38.34.38.16.10.50.48.41.21.50.83.24.0.79.10.34.44.50.0.91.48.45.77.0.76.9.xover.mutate.done 50
 generation 39.87.86.91.92.93.86.90.85.85.91.49.0.83.1.58.5.43.43.42.36.7.50.42.0.64.32.8.1.51.1.18.30.47.47.35.7.18.36.37.8.1.1.55.53.11.36.1.30.51.2.xover.mutate.done 50
 generation 40.89.89.88.89.88.89.88.90.88.88.2.2.51.51.8.6.49.6.2.40.25.18.9.39.2.50.30.35.27.54.7.87.2.22.89.26.9.7.2.23.58.11.54.2.2.10.52.81.15.46.xover.mutate.done 50
 generation 41.89.90.91.90.86.90.90.92.86.89.69.62.50.39.43.2.50.54.1.2.50.38.53.1.6.2.37.6.35.4.21.8.18.50.77.60.36.49.19.34.51.46.9.7.2.2.55.51.82.32.xover.mutate.done 50
 generation 42.90.90.91.90.92.94.89.93.92.93.14.88.25.4.71.4.50.50.48.52.45.43.92.59.62.71.21.7.60.2.61.41.7.56.52.52.58.92.52.4.88.57.52.40.43.56.48.64.11.58.xover.mutate.done 50
 generation 43.94.94.95.92.89.90.93.91.91.92.1.1.58.20.0.94.52.11.50.7.51.50.57.17.9.60.15.1.21.2.50.52.56.23.0.45.55.92.31.57.16.50.38.25.23.56.1.23.40.35.xover.mutate.done 50
 generation 44.89.89.87.91.89.88.89.89.89.90.93.1.61.51.88.58.1.21.55.88.1.51.51.48.48.49.62.0.19.83.50.51.21.1.48.16.15.34.12.35.61.60.1.11.18.26.1.50.51.1.xover.mutate.done 50
 generation 45.90.91.82.90.89.91.86.84.90.85.7.70.0.0.89.50.50.0.0.23.22.7.41.27.42.48.35.39.44.21.50.50.47.69.0.18.89.44.10.50.9.15.50.0.0.0.50.10.49.48.xover.mutate.done 50
 generation 46.81.86.89.88.91.90.89.86.92.88.10.16.0.17.0.48.34.0.0.64.37.50.6.48.50.50.41.50.26.0.30.0.54.47.57.25.43.33.43.11.29.76.41.17.9.0.73.62.15.0.xover.mutate.done 50
 generation 47.87.87.84.86.79.83.80.84.82.85.44.76.32.72.50.52.3.29.34.9.3.3.3.3.3.52.7.3.3.21.50.66.8.62.45.13.12.3.55.3.14.52.49.11.46.45.49.29.27.51.xover.mutate.done 50
 generation 48.86.86.91.84.94.87.89.82.88.85.3.60.51.3.53.2.10.2.56.84.79.2.2.2.51.29.3.59.16.42.53.51.2.49.57.1.3.50.59.3.84.51.2.2.84.57.1.3.10.79.xover.mutate.done 50
 generation 49.94.92.90.94.91.93.93.92.91.91.1.2.46.56.50.54.56.38.2.60.56.2.48.55.49.39.44.2.69.55.51.2.55.89.50.84.7.18.51.46.28.1.43.2.55.1.51.2.50.53.xover.mutate.done 50
 32755742 iters     708163 iter/sec (46.25 s)
 total time: 46.25
