50 50 50 50 50 50 50 50 50 39 20 11 2 1 1 1 1 1 1 1 1 1 1 1 1 1 1 1 1 1 1 1 1 1 1 1 1 1 1 1 1 0 0 0 0 0 0 0 0 0 
51 51 51 51 50 50 50 50 50 50 50 50 50 50 50 50 50 50 50 39 19 18 13 6 2 2 2 2 2 2 2 2 2 2 2 2 2 2 2 2 2 1 1 1 1 1 1 1 1 1 
52 52 52 52 52 52 51 51 51 51 51 51 51 50 50 50 50 50 50 50 50 50 50 50 50 50 50 50 50 50 9 9 3 3 3 3 3 2 2 2 2 2 2 2 2 2 2 1 1 1 
50 50 50 50 50 50 50 50 50 50 50 50 50 50 50 50 50 50 50 50 50 50 50 50 50 50 50 50 50 50 50 50 22 9 8 0 0 0 0 0 0 0 0 0 0 0 0 0 0 0 
51 51 51 51 51 51 51 50 50 50 50 50 50 50 50 50 50 50 50 50 50 50 28 18 11 1 1 1 1 1 1 1 1 1 1 1 1 1 1 1 1 1 1 0 0 0 0 0 0 0 
51 51 51 51 50 50 50 50 50 50 50 50 50 50 50 50 50 21 20 11 1 1 1 1 1 1 1 1 1 1 1 1 1 1 1 1 1 1 1 1 1 1 1 1 0 0 0 0 0 0 
51 51 51 51 51 51 51 51 51 51 51 51 51 51 51 51 51 50 50 50 50 36 25 8 2 2 2 2 2 2 2 2 2 2 2 2 2 2 2 1 1 1 1 1 1 1 1 1 1 1 
51 51 51 51 51 51 51 50 50 50 50 50 50 50 50 50 50 50 50 50 50 44 35 17 12 9 4 1 1 1 1 1 1 1 1 1 1 1 1 1 1 1 1 1 1 1 1 1 1 1 
72 61 52 52 52 52 52 52 52 52 51 51 51 51 51 51 50 29 18 16 13 5 4 3 3 3 3 3 3 3 3 3 3 3 3 3 3 3 3 3 3 3 3 3 3 3 2 2 2 2 
74 60 53 51 51 50 50 50 50 50 50 50 50 50 50 50 50 50 48 43 41 37 25 17 16 8 7 4 1 1 1 1 1 1 1 1 1 1 1 1 1 1 1 1 1 1 1 1 1 0 
74 74 63 54 51 51 51 51 51 51 51 50 50 50 50 50 50 50 50 50 50 50 49 49 48 42 40 28 26 26 23 19 11 9 9 1 1 1 1 1 1 1 1 1 1 1 1 1 1 1 
77 72 72 63 57 57 52 52 52 52 52 52 52 52 50 50 50 50 50 50 50 50 50 50 50 47 37 37 31 29 29 24 18 17 13 10 8 8 2 2 2 2 2 2 2 2 2 2 2 2 
87 80 80 72 70 68 66 65 64 64 55 51 51 51 51 51 51 51 51 51 51 51 51 51 51 51 51 51 48 33 32 31 28 24 23 22 18 14 12 11 11 7 6 2 2 2 2 1 1 1 
86 85 85 80 79 79 79 70 64 63 63 63 61 61 61 60 59 53 51 51 51 51 51 50 50 50 48 47 47 46 46 46 32 30 30 30 22 21 20 14 13 11 1 1 1 1 1 1 1 0 
85 85 85 85 77 77 77 74 73 70 68 66 65 64 63 62 61 60 60 57 52 52 52 51 51 51 49 48 47 44 41 39 37 37 31 28 26 23 21 19 7 3 3 3 3 3 3 3 3 2 
89 89 89 89 87 81 77 77 77 77 77 76 75 70 68 61 61 52 52 52 50 50 50 49 48 48 45 45 45 33 33 29 28 26 23 21 18 15 13 12 11 11 9 3 2 2 2 2 0 0 
96 92 91 91 91 91 91 88 85 85 82 82 82 82 81 79 74 64 61 52 52 52 51 50 49 47 42 40 40 36 34 31 25 22 12 11 10 4 4 4 4 4 4 4 4 4 4 4 4 2 
92 88 87 87 87 86 86 86 84 82 82 81 81 81 81 80 77 72 65 64 64 64 59 52 52 51 50 50 48 46 44 35 34 34 33 30 24 18 13 9 7 7 6 5 3 3 3 3 3 3 
96 93 92 91 90 90 90 88 88 88 88 88 86 86 83 83 81 80 79 77 76 73 72 71 67 64 57 51 51 51 51 51 50 50 49 48 47 46 37 28 27 25 23 20 19 3 2 2 2 2 
92 90 90 90 89 89 88 87 87 86 85 82 82 80 77 76 72 72 71 67 67 65 64 64 61 61 55 52 52 52 50 50 50 46 44 41 39 39 39 39 37 34 33 33 24 15 8 2 2 2 
92 91 91 91 88 87 86 86 85 84 84 84 83 83 83 81 79 77 74 74 68 67 66 63 52 52 52 52 52 50 50 49 49 49 49 49 47 43 42 40 34 27 22 21 18 17 15 7 2 2 
92 92 92 92 92 90 88 86 85 85 85 84 84 84 83 83 83 83 83 82 81 76 73 70 70 69 68 66 62 61 60 59 58 53 50 49 45 41 41 41 36 27 27 23 23 20 20 16 14 3 
90 90 90 90 89 89 89 89 87 83 83 83 81 80 78 78 78 78 74 73 71 70 65 60 58 54 52 52 51 51 51 50 49 46 45 45 43 37 34 32 31 19 15 14 13 13 12 12 10 3 
95 95 95 95 94 94 94 93 93 93 92 92 90 87 85 85 84 84 83 77 75 68 67 65 61 55 55 52 52 50 50 50 48 46 46 44 44 43 42 42 41 38 34 23 19 10 5 4 0 0 
92 90 89 89 89 89 89 89 89 89 89 89 89 88 88 88 83 82 79 76 70 67 62 59 56 55 51 48 48 48 47 44 43 43 40 40 39 32 27 25 20 14 12 3 2 1 1 1 1 0 
97 97 97 97 94 94 94 94 94 92 91 91 91 90 83 83 73 72 72 68 61 53 53 53 50 50 50 50 50 49 49 49 49 48 48 48 40 40 36 35 28 28 25 10 6 6 3 3 3 3 
97 97 97 97 97 97 96 96 96 96 96 95 93 92 91 80 74 66 60 51 51 51 51 51 51 50 50 50 40 38 38 38 37 35 32 28 23 23 23 21 14 10 9 3 2 2 2 2 1 1 
92 91 91 91 91 91 91 91 91 91 91 91 90 88 88 87 84 66 59 52 51 51 51 51 51 50 50 50 44 42 39 38 35 32 32 28 18 18 12 5 3 2 2 2 2 2 2 1 1 1 
96 96 96 96 96 96 96 96 96 95 95 95 94 94 94 94 93 89 88 84 76 73 60 52 52 52 50 50 50 50 50 47 46 45 44 40 35 34 25 24 23 16 11 8 6 4 2 2 2 2 
96 96 96 96 95 95 95 95 95 95 95 95 95 87 86 84 79 75 73 68 66 53 53 53 53 52 52 52 50 50 50 50 50 49 49 45 45 42 40 37 28 26 25 9 3 3 3 3 3 3 
92 91 91 91 91 91 91 91 91 90 90 89 86 74 69 69 69 68 65 53 53 53 53 50 50 49 49 48 48 47 47 46 44 41 39 37 36 35 31 29 13 10 3 3 3 3 3 3 3 0 
94 93 93 93 93 93 93 93 93 93 91 89 88 81 74 66 62 62 51 51 50 50 50 47 47 45 39 38 36 35 32 23 23 23 21 19 17 15 4 2 1 1 1 1 1 1 1 1 1 1 
99 99 99 99 99 99 99 99 99 96 88 78 75 73 67 52 52 52 51 51 51 51 51 51 49 48 48 43 42 41 37 30 15 12 11 10 9 7 7 7 4 3 3 3 3 3 3 3 3 2 
99 99 99 99 99 99 99 98 97 96 95 81 72 55 51 51 51 51 50 50 50 50 50 50 50 49 48 45 45 45 44 44 35 34 33 28 19 8 8 6 4 3 2 1 1 1 1 1 1 1 
87 87 87 86 86 86 86 86 86 86 86 83 83 70 56 54 52 50 50 50 50 50 50 50 50 47 46 46 44 42 39 38 36 30 22 21 13 8 7 6 0 0 0 0 0 0 0 0 0 0 
95 95 95 95 95 95 95 95 95 95 95 95 94 91 72 70 64 62 56 51 51 51 51 51 51 51 50 49 49 47 44 42 41 41 23 6 6 2 2 2 2 2 2 2 2 2 2 2 2 2 
97 95 95 95 95 95 95 95 95 95 95 95 95 93 66 63 60 53 50 50 50 50 50 50 50 50 50 50 50 50 50 48 48 40 40 39 38 37 37 35 34 31 28 27 24 11 6 1 1 1 
95 95 94 93 93 93 93 93 93 93 92 87 53 52 52 52 52 52 52 52 52 51 51 51 49 49 48 48 47 44 44 43 39 38 31 24 16 10 9 6 3 3 3 3 3 3 3 3 3 2 
94 94 94 94 94 94 94 94 93 93 90 71 67 65 59 53 53 52 51 51 51 51 50 50 50 49 47 44 36 36 36 35 24 20 20 16 8 5 5 4 3 3 3 3 3 3 3 3 3 0 
91 91 91 90 89 89 89 89 89 89 89 89 86 84 83 58 51 50 50 50 50 50 50 48 48 48 45 45 45 43 42 30 20 20 14 13 12 10 8 8 7 7 7 4 2 1 1 1 1 0 
97 97 96 96 96 96 95 95 95 95 91 62 60 50 50 50 50 50 50 49 48 48 48 48 47 46 44 44 41 38 37 33 32 21 21 21 21 21 16 12 10 9 8 0 0 0 0 0 0 0 
96 94 94 94 94 94 94 94 94 94 94 92 92 90 85 85 84 81 74 73 58 56 53 53 52 51 50 50 50 49 49 48 48 48 44 40 38 37 37 30 20 14 12 10 6 6 3 3 3 0 
96 95 95 95 95 95 95 95 95 95 95 95 95 95 89 88 84 78 74 54 51 51 51 51 50 50 50 50 50 46 46 45 40 37 30 27 19 15 13 13 12 11 10 9 6 6 3 2 1 1 
90 89 89 89 89 89 89 89 89 89 89 89 89 84 82 65 55 53 53 51 51 51 51 50 50 50 50 49 48 48 47 46 46 44 44 38 28 19 15 9 8 7 6 4 3 3 2 2 2 2 
99 98 98 98 98 98 98 98 98 98 97 97 93 88 85 82 74 70 64 56 52 52 52 52 50 50 50 50 50 50 49 36 31 28 24 17 15 15 15 12 10 3 3 3 3 3 3 0 0 0 
88 88 88 88 88 88 88 88 88 88 88 88 88 82 81 58 56 51 50 50 50 50 50 50 49 48 46 46 46 46 45 44 41 40 36 34 31 24 17 17 15 5 4 4 2 1 1 1 1 0 
94 94 93 93 93 93 93 93 93 93 93 93 92 89 81 78 75 69 68 66 57 53 52 51 51 50 50 50 50 50 50 49 48 40 38 34 31 28 11 11 10 6 6 4 4 3 0 0 0 0 
94 94 94 94 93 93 93 93 93 93 93 93 93 88 88 69 57 56 54 52 52 52 52 52 52 52 52 51 50 49 49 49 43 40 38 37 35 33 28 23 23 22 17 15 12 11 2 2 2 2 
90 89 89 89 89 89 89 89 89 89 89 89 88 87 85 84 77 64 59 58 58 56 56 53 52 52 50 50 50 50 50 50 49 39 38 36 36 34 25 21 21 19 17 10 10 8 0 0 0 0 
93 91 91 91 91 91 90 90 90 90 90 90 90 88 88 87 84 84 84 80 80 64 60 60 55 55 54 52 51 51 51 51 50 50 50 47 46 44 44 43 43 38 38 36 34 26 10 5 1 0 
