0.9765625 0.40625 0.953125 0.640625 0.234375 0.703125 0.84375 0.0546875 0.9765625 0.4765625 
0.9765625 0.953125 0.9765625 0.859375 0.9296875 0.9453125 0.9765625 0.953125 0.015625 0.0078125 
0.1953125 0.234375 0.9765625 0.953125 0.9765625 0.859375 0.9296875 0.9453125 0.9765625 0.953125 
0.46875 0.1953125 0.234375 0.265625 0.234375 0.9765625 0.953125 0.9765625 0.859375 0.9296875 
0.46875 0.1953125 0.234375 0.265625 0.234375 0.28125 0.203125 0.4453125 0.2578125 0.84375 
0.46875 0.390625 0.1953125 0.234375 0.265625 0.234375 0.28125 0.203125 0.4453125 0.2578125 
0.3671875 0.421875 0.46875 0.390625 0.1953125 0.234375 0.265625 0.234375 0.28125 0.203125 
0.3671875 0.421875 0.359375 0.46875 0.390625 0.1953125 0.234375 0.265625 0.234375 0.28125 
0.3671875 0.421875 0.359375 0.46875 0.390625 0.1953125 0.234375 0.265625 0.234375 0.28125 
0.3671875 0.421875 0.359375 0.328125 0.375 0.46875 0.390625 0.3203125 0.1953125 0.234375 
0.3671875 0.421875 0.359375 0.328125 0.375 0.46875 0.390625 0.3203125 0.1953125 0.234375 
0.3671875 0.421875 0.359375 0.328125 0.375 0.46875 0.390625 0.3203125 0.1953125 0.234375 
0.3671875 0.421875 0.359375 0.328125 0.375 0.46875 0.390625 0.3203125 0.40625 0.1953125 
0.40625 0.3671875 0.421875 0.359375 0.328125 0.375 0.46875 0.390625 0.3203125 0.40625 
0.46875 0.40625 0.3515625 0.375 0.359375 0.3671875 0.421875 0.359375 0.328125 0.46875 
0.46875 0.40625 0.4765625 0.4765625 0.421875 0.3515625 0.390625 0.375 0.375 0.359375 
0.46875 0.421875 0.484375 0.40625 0.40625 0.40625 0.40625 0.40625 0.4765625 0.4765625 
0.46875 0.421875 0.484375 0.40625 0.40625 0.40625 0.40625 0.40625 0.40625 0.3671875 
0.46875 0.421875 0.4453125 0.484375 0.40625 0.40625 0.40625 0.40625 0.40625 0.40625 
0.46875 0.4453125 0.421875 0.484375 0.4765625 0.46875 0.5390625 0.4765625 0.40625 0.40625 
0.46875 0.4453125 0.4375 0.4609375 0.421875 0.421875 0.484375 0.4375 0.40625 0.40625 
0.4453125 0.46875 0.421875 0.421875 0.4375 0.4609375 0.4609375 0.484375 0.4375 0.46875 
0.46875 0.4375 0.4453125 0.421875 0.4609375 0.4609375 0.46875 0.421875 0.421875 0.4296875 
0.4375 0.46875 0.4296875 0.4453125 0.421875 0.421875 0.421875 0.4296875 0.4296875 0.4609375 
0.46875 0.421875 0.4375 0.4296875 0.4453125 0.421875 0.421875 0.421875 0.4296875 0.4296875 
0.4453125 0.4375 0.484375 0.421875 0.421875 0.46875 0.421875 0.421875 0.4140625 0.4296875 
0.4296875 0.421875 0.421875 0.46875 0.4296875 0.4453125 0.484375 0.4375 0.4296875 0.421875 
0.4296875 0.421875 0.4453125 0.484375 0.4140625 0.46875 0.421875 0.4375 0.4296875 0.421875 
0.421875 0.4375 0.4296875 0.4140625 0.4375 0.4296875 0.4453125 0.46875 0.421875 0.484375 
0.4375 0.4296875 0.421875 0.4140625 0.4375 0.46875 0.421875 0.4453125 0.4296875 0.484375 
0.4296875 0.46875 0.421875 0.4375 0.4375 0.4140625 0.4453125 0.4296875 0.484375 0.4296875 
0.4375 0.4296875 0.421875 0.46875 0.4375 0.4140625 0.4453125 0.484375 0.4296875 0.4296875 
0.46875 0.4296875 0.4375 0.421875 0.4140625 0.4296875 0.4375 0.484375 0.4296875 0.4453125 
0.4140625 0.4296875 0.4375 0.421875 0.484375 0.4609375 0.4296875 0.46875 0.4453125 0.4375 
0.4296875 0.4375 0.46875 0.4375 0.4609375 0.421875 0.4140625 0.46875 0.484375 0.4609375 
0.4375 0.4609375 0.4296875 0.4375 0.4140625 0.4375 0.421875 0.4296875 0.46875 0.4609375 
0.4375 0.421875 0.4375 0.4609375 0.4296875 0.4609375 0.46875 0.4140625 0.4296875 0.4609375 
0.4296875 0.421875 0.4296875 0.4375 0.4375 0.421875 0.4296875 0.46875 0.4140625 0.4609375 
0.4375 0.4375 0.421875 0.4296875 0.421875 0.4296875 0.4375 0.421875 0.4296875 0.421875 
0.4453125 0.4375 0.421875 0.4296875 0.4375 0.4375 0.4296875 0.4296875 0.453125 0.421875 
0.4375 0.4296875 0.421875 0.421875 0.4296875 0.4453125 0.4375 0.4375 0.4296875 0.453125 
0.4375 0.4375 0.4296875 0.421875 0.4453125 0.421875 0.421875 0.4296875 0.4375 0.4296875 
0.4296875 0.4296875 0.4375 0.421875 0.421875 0.421875 0.4375 0.4296875 0.4453125 0.4375 
0.421875 0.4296875 0.4375 0.421875 0.4453125 0.4375 0.4375 0.4375 0.4296875 0.4296875 
0.4375 0.421875 0.4296875 0.421875 0.4375 0.421875 0.4296875 0.40625 0.4375 0.4296875 
0.4453125 0.421875 0.4296875 0.4375 0.421875 0.4375 0.4296875 0.40625 0.4375 0.421875 
0.421875 0.4375 0.4453125 0.4375 0.4375 0.421875 0.40625 0.4375 0.4296875 0.421875 
0.4296875 0.4375 0.421875 0.4453125 0.40625 0.4375 0.421875 0.4375 0.4375 0.421875 
0.4296875 0.4375 0.4453125 0.421875 0.421875 0.4375 0.4375 0.4375 0.421875 0.40625 
0.421875 0.4453125 0.4375 0.421875 0.4375 0.4296875 0.4375 0.40625 0.421875 0.421875 
