0.1953125 0.03125 0.2578125 0.3125 0.9140625 0.859375 0.4140625 0.6953125 0.203125 0.578125 
0.03125 0.859375 0.8515625 0.0703125 0.21875 0.15625 0.984375 0.96875 0.7265625 0.9375 
0.421875 0.25 0.03125 0.859375 0.8515625 0.0703125 0.21875 0.15625 0.984375 0.96875 
0.421875 0.3515625 0.25 0.7890625 0.734375 0.40625 0.6875 0.28125 0.25 0.03125 
0.421875 0.3515625 0.25 0.7890625 0.734375 0.40625 0.6875 0.28125 0.25 0.03125 
0.421875 0.7890625 0.734375 0.6875 0.6953125 0.78125 0.71875 0.78125 0.6640625 0.7890625 
0.359375 0.421875 0.3984375 0.390625 0.4921875 0.7890625 0.734375 0.6875 0.6953125 0.78125 
0.359375 0.421875 0.375 0.7890625 0.734375 0.6875 0.6953125 0.78125 0.6875 0.796875 
0.359375 0.375 0.421875 0.1953125 0.2578125 0.7890625 0.734375 0.6875 0.6953125 0.78125 
0.359375 0.421875 0.375 0.1953125 0.2578125 0.7890625 0.734375 0.6875 0.6953125 0.78125 
0.359375 0.421875 0.359375 0.375 0.7890625 0.734375 0.6875 0.6953125 0.78125 0.609375 
0.421875 0.390625 0.3984375 0.359375 0.359375 0.375 0.7890625 0.734375 0.6875 0.6953125 
0.390625 0.3984375 0.421875 0.3828125 0.359375 0.359375 0.375 0.4375 0.7890625 0.734375 
0.4296875 0.390625 0.3984375 0.3828125 0.359375 0.359375 0.375 0.4375 0.4453125 0.4375 
0.5078125 0.4296875 0.5 0.4375 0.390625 0.3984375 0.3828125 0.359375 0.359375 0.375 
0.5390625 0.4921875 0.4296875 0.5 0.5078125 0.4375 0.5078125 0.3984375 0.4140625 0.390625 
0.515625 0.46875 0.4765625 0.5390625 0.5078125 0.5 0.5 0.4296875 0.4375 0.515625 
0.4375 0.453125 0.515625 0.5390625 0.5 0.5078125 0.46875 0.4765625 0.4296875 0.4375 
0.4375 0.453125 0.453125 0.453125 0.515625 0.46875 0.4921875 0.4296875 0.4375 0.453125 
0.4375 0.453125 0.453125 0.515625 0.515625 0.4609375 0.4921875 0.4765625 0.4765625 0.453125 
0.4375 0.4609375 0.453125 0.515625 0.453125 0.453125 0.515625 0.4609375 0.4921875 0.4765625 
0.4375 0.4609375 0.453125 0.4609375 0.4609375 0.515625 0.4765625 0.453125 0.515625 0.4921875 
0.4375 0.4609375 0.4609375 0.4609375 0.515625 0.4609375 0.453125 0.421875 0.453125 0.4765625 
0.421875 0.4375 0.515625 0.4765625 0.453125 0.453125 0.4609375 0.4609375 0.4609375 0.4609375 
0.4375 0.421875 0.4765625 0.4765625 0.4765625 0.453125 0.4609375 0.4609375 0.4609375 0.4609375 
0.4375 0.421875 0.4609375 0.4609375 0.4609375 0.4609375 0.4765625 0.4765625 0.4765625 0.453125 
0.421875 0.4375 0.4765625 0.4765625 0.4765625 0.453125 0.4609375 0.4609375 0.4609375 0.4609375 
0.421875 0.4375 0.4609375 0.4609375 0.4609375 0.4609375 0.4609375 0.4765625 0.4765625 0.4765625 
0.421875 0.4375 0.4765625 0.4609375 0.4609375 0.4609375 0.4609375 0.4609375 0.4765625 0.4765625 
0.4765625 0.421875 0.4375 0.4609375 0.4609375 0.4609375 0.4609375 0.4609375 0.4765625 0.4765625 
0.4375 0.4765625 0.421875 0.4765625 0.484375 0.4609375 0.4609375 0.4609375 0.4609375 0.4609375 
0.421875 0.4609375 0.4765625 0.4765625 0.484375 0.4609375 0.4609375 0.4609375 0.4609375 0.4609375 
0.4609375 0.46875 0.421875 0.4609375 0.4609375 0.4609375 0.4609375 0.4609375 0.484375 0.4765625 
0.4609375 0.46875 0.421875 0.4765625 0.4609375 0.4609375 0.4609375 0.4609375 0.4609375 0.484375 
0.4453125 0.46875 0.4609375 0.421875 0.4765625 0.4609375 0.4609375 0.4609375 0.4609375 0.4609375 
0.4453125 0.4609375 0.46875 0.421875 0.4765625 0.4609375 0.4609375 0.4609375 0.4609375 0.4609375 
0.4609375 0.4453125 0.46875 0.421875 0.4765625 0.4609375 0.4609375 0.4609375 0.4609375 0.4609375 
0.421875 0.4453125 0.453125 0.4609375 0.46875 0.4765625 0.4609375 0.4609375 0.4609375 0.4609375 
0.4453125 0.4609375 0.4765625 0.453125 0.421875 0.46875 0.4296875 0.4609375 0.4609375 0.4609375 
0.4765625 0.421875 0.46875 0.4609375 0.4453125 0.4609375 0.453125 0.4609375 0.4609375 0.4609375 
0.4453125 0.46875 0.4609375 0.453125 0.4609375 0.4609375 0.4609375 0.4609375 0.4765625 0.421875 
0.46875 0.4609375 0.4609375 0.4609375 0.4609375 0.4609375 0.4765625 0.4453125 0.453125 0.421875 
0.453125 0.4609375 0.4453125 0.4609375 0.46875 0.4609375 0.4609375 0.4609375 0.421875 0.4765625 
0.421875 0.4609375 0.4609375 0.453125 0.46875 0.4765625 0.5 0.4453125 0.453125 0.4609375 
0.453125 0.4609375 0.4609375 0.46875 0.453125 0.4609375 0.4765625 0.4453125 0.5 0.421875 
0.453125 0.4609375 0.4765625 0.421875 0.4609375 0.46875 0.4453125 0.453125 0.5 0.4609375 
0.4453125 0.484375 0.4609375 0.4609375 0.46875 0.453125 0.421875 0.4765625 0.4765625 0.453125 
0.4453125 0.4609375 0.4609375 0.46875 0.421875 0.453125 0.453125 0.484375 0.4765625 0.4765625 
0.421875 0.4453125 0.4609375 0.4609375 0.453125 0.4375 0.46875 0.453125 0.4765625 0.4765625 
0.4609375 0.4375 0.453125 0.421875 0.4609375 0.46875 0.484375 0.4453125 0.4765625 0.453125 
