% Ministry of Cellular Automata
% Project Deux (CS523 Spring 2015)
% Version:v0.1-66-g3e0f-dirty
%  pop:50
%  ic count:100
%  CA Log option:r3/run21
%  width:121
%  max workers:4
%  radius:3
%  iterations:300
%  generations:50

 generation 0.5.4.50.1.4.1.5.28.50.5.50.5.10.1.5.4.1.1.5.5.50.5.50.5.1.5.5.5.1.12.4.50.1.50.4.5.50.1.16.1.4.50.50.1.50.4.1.1.4.4.xover.mutate.done 50
 generation 1.50.50.50.50.50.50.50.50.50.50.18.2.4.4.52.2.4.4.18.2.4.50.4.4.50.4.4.50.52.4.4.2.52.8.4.2.4.11.2.4.20.52.4.14.4.49.2.50.50.2.xover.mutate.done 50
 generation 2.51.51.52.52.50.50.50.50.50.50.3.51.3.50.50.3.2.52.6.2.51.1.50.3.3.51.50.50.1.2.50.3.3.50.50.52.1.52.50.1.50.50.47.3.3.52.50.1.52.1.xover.mutate.done 50
 generation 3.52.52.52.52.52.52.52.51.51.51.2.50.3.52.52.13.52.2.50.3.51.52.50.50.13.8.34.51.51.50.50.51.2.2.52.3.50.10.51.2.2.51.21.1.2.50.52.51.1.1.xover.mutate.done 50
 generation 4.51.51.51.51.51.51.51.51.51.51.53.51.51.33.1.51.1.50.4.4.53.51.4.52.14.51.51.51.53.51.51.4.3.1.1.4.13.53.50.14.51.3.1.19.50.3.7.53.51.53.xover.mutate.done 50
 generation 5.52.52.52.52.52.52.50.50.50.50.2.50.2.2.2.20.2.52.2.2.2.0.2.50.0.2.2.50.10.2.24.2.2.2.2.2.2.2.50.2.17.15.50.50.2.2.8.50.2.52.xover.mutate.done 50
 generation 6.54.54.54.54.54.54.54.54.53.50.54.9.4.8.8.4.50.4.4.50.54.50.4.4.50.4.54.9.50.4.4.4.4.13.4.4.4.4.4.4.54.4.0.4.49.4.54.50.4.50.xover.mutate.done 50
 generation 7.51.51.50.51.51.51.51.51.51.50.78.1.50.27.1.1.50.1.51.1.1.46.50.11.43.51.51.1.1.1.24.0.2.50.1.28.51.1.0.11.50.1.51.50.1.1.41.1.1.51.xover.mutate.done 50
 generation 8.92.52.52.52.52.52.52.52.52.52.52.50.2.2.2.7.2.50.2.52.52.6.4.52.7.52.52.2.2.52.2.34.9.2.2.4.2.55.2.52.2.4.52.2.50.52.52.6.2.52.xover.mutate.done 50
 generation 9.82.53.50.50.50.50.50.50.50.50.7.59.1.15.54.44.1.50.49.7.1.51.50.1.5.50.14.6.50.1.50.50.49.1.4.1.50.1.50.1.1.1.27.1.51.1.51.50.50.4.xover.mutate.done 50
 generation 10.87.59.56.56.51.51.51.52.52.52.21.49.1.8.49.56.52.50.13.52.8.30.3.56.14.1.23.94.14.8.3.3.52.2.51.3.47.52.1.55.50.94.52.9.1.10.68.52.3.12.xover.mutate.done 50
 generation 11.89.89.78.67.62.58.54.58.54.52.50.89.52.89.16.1.58.1.1.49.50.1.20.0.32.1.1.14.51.55.40.9.50.39.9.15.1.1.1.51.1.20.9.50.46.30.50.1.41.50.xover.mutate.done 50
 generation 12.91.91.91.91.84.66.63.57.57.57.23.7.14.19.91.60.53.1.14.14.9.30.16.54.7.0.65.53.6.67.60.14.49.56.43.16.50.62.1.1.1.50.7.50.7.50.61.51.8.1.xover.mutate.done 50
 generation 13.94.94.94.94.94.83.64.63.65.65.94.10.1.1.9.57.51.20.4.15.20.94.9.4.6.50.18.54.57.1.1.21.51.50.50.37.4.51.51.49.56.50.53.4.0.53.3.75.8.1.xover.mutate.done 50
 generation 14.91.91.91.91.91.91.85.83.72.58.50.53.50.8.6.1.8.51.13.50.0.56.46.50.59.8.14.9.2.50.1.50.54.58.51.58.50.1.60.74.50.30.42.72.1.82.50.16.24.5.xover.mutate.done 50
 generation 15.92.92.92.92.92.92.86.82.84.78.54.45.12.41.50.5.10.2.52.91.33.53.5.5.2.59.2.36.45.5.7.5.5.51.3.52.90.84.13.10.14.88.5.5.55.18.61.5.53.86.xover.mutate.done 50
 generation 16.91.91.91.91.91.91.91.91.88.85.1.70.51.41.50.41.1.40.43.7.37.45.77.55.50.44.23.49.82.49.30.5.51.54.91.26.1.47.85.26.1.5.4.51.37.50.5.58.50.88.xover.mutate.done 50
 generation 17.95.95.94.95.95.94.95.94.94.91.95.95.57.69.4.9.8.0.55.17.0.88.50.0.0.60.39.0.37.51.83.11.55.60.1.89.0.20.42.55.90.94.69.59.50.50.0.50.0.50.xover.mutate.done 50
 generation 18.93.93.93.93.93.93.93.93.93.90.3.59.61.83.44.35.53.88.43.3.52.3.12.50.3.3.12.36.43.43.44.12.42.59.53.13.91.53.44.0.3.35.3.92.50.91.50.16.16.33.xover.mutate.done 50
 generation 19.97.97.97.97.96.97.97.97.97.97.1.24.25.32.48.50.51.6.17.53.93.50.9.48.7.1.38.72.51.1.37.51.1.1.14.65.1.97.50.5.32.51.96.51.1.19.33.1.17.0.xover.mutate.done 50
 generation 20.88.88.88.88.90.88.86.86.88.86.28.45.1.41.1.51.50.1.51.51.0.6.1.78.24.6.9.1.1.57.50.1.1.31.49.50.1.51.50.13.40.33.88.22.50.86.6.46.41.86.xover.mutate.done 50
 generation 21.89.89.89.89.89.88.87.88.89.89.51.0.50.89.53.87.0.0.50.50.0.12.15.1.82.14.0.18.0.73.88.82.42.51.34.82.13.50.0.0.64.0.79.0.48.88.0.9.0.30.xover.mutate.done 50
 generation 22.95.94.94.94.94.93.93.95.94.93.93.4.4.8.93.17.87.10.22.96.52.31.36.15.12.59.46.44.95.90.4.4.93.15.4.53.9.93.36.83.22.51.41.57.52.94.20.52.22.4.xover.mutate.done 50
 generation 23.93.94.93.94.94.94.94.94.94.91.0.55.0.33.49.84.55.9.50.0.0.53.0.54.0.93.43.79.0.78.0.17.59.91.51.35.0.83.1.49.88.49.67.53.42.0.49.50.69.81.xover.mutate.done 50
 generation 24.94.93.96.96.96.96.95.94.95.95.10.50.2.91.92.4.29.3.57.50.93.9.2.26.53.41.40.12.24.2.58.8.68.51.31.47.26.51.37.89.3.58.94.20.2.93.2.89.52.50.xover.mutate.done 50
 generation 25.93.93.93.93.93.93.92.92.92.92.26.13.2.2.50.18.2.8.53.0.0.0.51.76.25.87.2.45.29.35.53.13.2.76.34.2.90.61.2.22.93.45.92.5.39.2.43.74.50.2.xover.mutate.done 50
 generation 26.90.90.90.90.90.89.90.89.90.89.3.92.52.89.87.43.3.20.87.89.3.89.17.3.51.53.18.79.53.14.31.89.3.9.7.25.20.3.3.50.3.51.3.46.90.51.21.3.37.52.xover.mutate.done 50
 generation 27.95.92.92.92.92.91.91.92.91.92.0.0.48.30.50.50.75.36.50.89.89.41.19.50.18.79.50.92.55.0.47.65.93.47.24.91.58.0.40.48.50.13.91.49.4.18.0.0.89.14.xover.mutate.done 50
 generation 28.91.92.87.87.87.87.89.89.88.88.89.89.17.49.23.67.4.53.87.40.4.4.32.44.3.2.52.38.54.31.86.4.47.53.51.4.38.83.5.42.7.56.50.43.4.51.4.45.1.53.xover.mutate.done 50
 generation 29.94.95.94.94.93.93.94.93.94.94.50.93.50.7.31.51.1.50.1.1.51.44.1.51.45.53.1.14.50.1.51.1.45.44.51.55.50.39.51.13.1.93.1.25.57.1.46.79.7.1.xover.mutate.done 50
 generation 30.95.93.92.92.93.93.93.92.92.93.18.59.50.62.91.82.10.0.0.86.45.92.54.0.29.93.42.72.50.95.0.44.63.50.49.83.0.37.48.0.43.0.50.48.45.0.11.50.95.0.xover.mutate.done 50
 generation 31.93.93.93.93.92.92.92.92.92.92.48.51.2.51.2.85.25.51.62.51.56.87.2.48.6.50.2.45.1.2.44.1.45.50.9.32.2.57.51.1.35.92.41.2.85.2.45.2.43.45.xover.mutate.done 50
 generation 32.92.92.92.96.94.93.93.94.94.95.51.4.94.92.47.51.93.37.40.4.16.16.96.52.3.21.82.3.10.37.3.3.92.49.90.57.92.92.13.9.52.3.87.94.41.32.92.19.51.62.xover.mutate.done 50
 generation 33.90.95.94.93.93.93.88.91.93.93.91.55.17.2.12.50.51.2.51.1.91.91.12.51.92.50.91.57.49.94.6.2.2.90.1.87.2.90.50.51.48.12.90.2.56.2.57.86.49.50.xover.mutate.done 50
 generation 34.99.98.98.98.98.98.98.98.97.97.50.48.88.0.97.59.50.89.38.97.94.62.52.50.50.50.3.93.50.50.91.98.27.9.90.50.0.80.50.50.50.85.23.15.0.96.96.7.50.96.xover.mutate.done 50
 generation 35.95.96.96.96.96.96.96.96.96.95.50.5.57.50.51.51.50.93.10.8.50.95.15.51.47.3.29.50.49.7.3.53.90.1.92.49.50.86.76.39.50.56.2.76.51.1.3.50.10.56.xover.mutate.done 50
 generation 36.95.95.95.95.95.95.95.95.95.95.50.51.51.50.50.92.28.21.63.85.50.58.48.50.47.45.52.58.56.95.50.44.93.93.49.50.12.93.50.60.45.50.57.50.60.0.9.88.51.2.xover.mutate.done 50
 generation 37.95.96.96.97.96.97.97.96.95.95.3.52.50.20.50.37.3.3.88.73.3.8.52.46.96.94.51.94.13.92.53.72.50.52.45.44.4.97.50.97.79.17.44.30.12.75.1.52.3.52.xover.mutate.done 50
 generation 38.90.90.90.90.92.88.89.89.89.90.84.23.87.13.12.16.51.48.14.85.46.50.43.77.30.4.57.87.50.0.1.76.50.79.18.1.45.1.46.90.50.1.50.50.88.89.1.89.87.43.xover.mutate.done 50
 generation 39.92.95.95.95.93.94.95.95.95.95.48.52.12.36.52.20.26.52.13.31.3.66.7.9.52.14.14.91.45.20.55.50.86.50.86.3.2.4.49.10.3.39.50.50.3.93.72.28.3.11.xover.mutate.done 50
 generation 40.93.93.93.94.92.92.92.91.94.93.50.43.37.66.4.93.61.51.46.62.24.93.93.23.54.51.7.93.92.4.51.4.50.52.18.61.49.3.87.56.93.51.50.94.49.56.56.44.55.52.xover.mutate.done 50
 generation 41.92.93.92.94.93.93.95.92.96.95.94.90.66.50.91.50.93.84.6.50.49.5.89.63.95.48.0.93.86.64.50.57.48.59.68.91.17.87.50.72.62.54.94.57.14.50.52.30.46.93.xover.mutate.done 50
 generation 42.93.93.92.93.91.92.92.92.91.91.62.50.51.46.2.56.6.52.10.65.55.1.51.44.92.51.44.43.84.94.36.15.10.89.92.2.93.2.90.93.69.92.92.10.47.53.7.78.6.91.xover.mutate.done 50
 generation 43.89.87.88.88.87.87.88.91.90.91.87.46.0.88.47.28.80.0.5.40.87.84.50.46.41.92.88.35.47.87.61.0.50.87.50.88.46.86.13.0.0.0.86.1.49.90.90.31.43.91.xover.mutate.done 50
 generation 44.94.94.92.89.95.94.94.94.94.94.93.37.88.51.1.19.50.70.78.44.50.50.22.51.46.59.54.44.36.9.47.93.95.93.89.1.31.34.49.94.42.58.58.62.1.49.26.66.30.50.xover.mutate.done 50
 generation 45.90.91.90.90.90.88.89.91.91.89.45.50.70.45.46.6.23.16.77.47.55.82.86.81.49.44.9.83.44.5.89.7.64.82.23.87.36.57.60.39.77.56.91.89.82.17.54.58.23.55.xover.mutate.done 50
 generation 46.89.88.88.88.89.88.88.90.89.89.0.17.50.85.86.18.26.8.54.1.35.34.0.86.79.43.26.51.50.48.45.0.62.3.85.0.20.38.50.35.8.22.7.0.45.19.0.50.28.32.xover.mutate.done 50
 generation 47.93.93.93.90.90.92.92.92.93.91.1.5.10.1.88.41.54.49.24.40.1.12.5.6.35.51.1.52.62.1.56.49.50.57.14.50.89.41.12.49.51.8.85.88.25.50.1.1.62.43.xover.mutate.done 50
 generation 48.94.93.94.94.93.93.93.93.93.93.82.78.45.93.64.39.11.51.19.50.6.1.64.19.50.0.19.35.89.95.34.45.1.67.50.2.13.35.14.90.18.92.14.11.53.18.73.49.51.46.xover.mutate.done 50
 generation 49.93.94.93.93.93.93.93.93.93.90.42.3.52.38.50.48.50.23.8.53.50.53.44.3.53.3.51.64.37.93.50.27.72.3.46.16.24.0.85.12.87.93.3.93.3.11.3.58.47.0.xover.mutate.done 50
 30421311 iters     707491 iter/sec (43.00 s)
 total time: 43.00
