% Ministry of Cellular Automata
% Project Deux (CS523 Spring 2015)
% Version:v0.1-66-g3e0f-dirty
%  pop:50
%  ic count:100
%  CA Log option:r3/run28
%  width:121
%  max workers:4
%  radius:3
%  iterations:300
%  generations:50

 generation 0.3.3.50.0.50.3.50.3.3.3.50.3.3.0.3.3.3.3.3.0.3.3.3.50.26.3.0.53.0.50.3.0.3.3.50.0.0.50.0.50.3.7.0.50.50.3.50.20.0.3.xover.mutate.done 50
 generation 1.50.50.52.50.50.50.50.50.50.50.15.33.50.50.50.0.2.52.50.0.50.12.0.50.2.10.39.2.2.50.50.57.50.0.0.7.2.49.2.50.0.24.2.2.2.50.2.50.0.0.xover.mutate.done 50
 generation 2.54.53.53.50.50.50.50.50.50.50.3.3.3.11.3.3.3.50.0.0.50.9.3.50.50.49.50.50.50.3.3.3.0.3.50.53.3.41.0.29.53.32.17.50.3.0.3.50.50.3.xover.mutate.done 50
 generation 3.52.50.50.50.50.52.50.50.50.50.50.26.0.7.0.50.5.50.2.2.52.0.29.50.13.50.50.2.50.52.2.0.52.50.4.0.2.0.72.50.0.7.0.50.0.2.22.50.2.2.xover.mutate.done 50
 generation 4.70.53.52.52.52.52.50.50.50.50.52.50.50.0.50.50.50.54.7.50.34.2.50.15.2.50.2.0.6.2.50.50.50.50.52.2.2.52.2.0.50.2.11.50.2.0.14.2.50.0.xover.mutate.done 50
 generation 5.71.49.55.53.53.53.53.53.53.53.1.1.1.1.50.18.53.50.50.4.1.1.21.51.4.4.7.51.4.3.53.50.4.1.19.50.20.50.1.50.53.53.53.4.51.50.50.4.50.2.xover.mutate.done 50
 generation 6.64.56.51.51.51.51.51.51.51.51.1.51.1.56.51.6.0.1.51.1.1.51.19.50.0.50.1.0.1.51.51.51.50.1.1.50.18.1.1.50.0.51.50.50.51.51.1.51.1.50.xover.mutate.done 50
 generation 7.62.51.51.51.51.51.51.51.51.51.0.0.1.18.65.1.1.1.51.51.1.51.51.51.61.51.1.1.1.1.50.1.51.51.1.51.1.7.50.1.51.51.51.50.0.1.50.1.1.0.xover.mutate.done 50
 generation 8.66.64.68.54.54.51.51.51.51.51.51.2.1.30.54.51.2.51.2.51.1.1.1.2.1.1.2.51.51.51.51.2.50.9.1.1.1.1.50.2.51.2.51.2.51.51.2.51.51.51.xover.mutate.done 50
 generation 9.64.61.62.49.49.49.50.50.50.50.0.0.42.0.0.50.0.0.50.50.14.0.50.0.50.0.50.50.0.21.50.13.0.50.33.0.0.0.50.50.0.50.6.8.5.16.44.50.0.0.xover.mutate.done 50
 generation 10.68.66.64.52.52.52.52.52.50.50.52.52.2.22.2.15.2.52.11.2.2.52.0.48.0.52.52.2.50.12.19.23.52.52.52.52.0.2.2.12.2.50.52.16.2.2.2.52.0.29.xover.mutate.done 50
 generation 11.63.65.67.51.51.51.51.51.51.51.2.1.2.6.44.50.1.1.2.50.51.1.11.51.1.2.51.1.2.50.51.51.51.1.23.51.1.51.51.1.51.2.50.22.51.16.1.51.21.51.xover.mutate.done 50
 generation 12.68.72.78.50.50.50.50.50.50.50.50.0.50.0.40.0.40.0.0.40.50.23.0.50.50.50.50.50.50.0.50.50.50.50.21.50.50.20.50.0.50.50.0.6.35.42.0.0.28.34.xover.mutate.done 50
 generation 13.61.63.61.50.50.50.50.50.50.50.50.50.1.50.17.50.12.50.33.32.1.0.1.1.50.50.50.50.50.50.1.50.1.50.22.0.50.50.1.1.21.50.0.0.50.2.50.50.7.50.xover.mutate.done 50
 generation 14.71.69.65.50.50.50.50.50.50.50.0.46.50.48.50.0.50.0.50.50.50.50.4.0.20.50.50.0.0.0.50.0.50.50.50.50.40.50.0.50.50.0.0.23.50.50.50.0.41.50.xover.mutate.done 50
 generation 15.66.66.61.50.50.50.50.50.50.50.50.50.50.1.50.1.25.5.1.50.1.1.50.28.9.50.28.1.0.50.1.50.1.50.1.0.1.0.50.0.1.50.50.0.39.12.50.50.1.50.xover.mutate.done 50
 generation 16.65.63.66.53.53.53.53.53.53.53.50.50.53.53.53.1.31.53.53.53.53.1.53.65.53.1.53.50.3.22.27.1.7.4.4.53.3.4.4.53.23.4.3.53.53.1.53.4.4.50.xover.mutate.done 50
 generation 17.60.61.62.61.53.53.53.53.53.53.32.53.3.53.53.3.3.3.3.3.3.15.53.0.10.3.53.3.3.53.3.3.3.0.3.3.53.31.3.53.3.3.3.53.50.3.8.15.53.53.xover.mutate.done 50
 generation 18.60.66.62.63.50.50.50.50.50.50.2.4.0.2.0.0.0.50.2.27.2.4.30.29.2.0.0.50.50.2.0.54.0.39.2.2.50.2.50.4.2.50.2.0.2.50.47.2.46.0.xover.mutate.done 50
 generation 19.70.69.66.65.62.51.51.51.51.51.1.51.51.51.29.1.51.0.51.51.9.50.51.1.1.46.0.0.0.1.5.1.1.50.1.1.51.51.12.1.9.1.42.0.60.51.1.51.51.51.xover.mutate.done 50
 generation 20.55.58.53.54.51.51.50.50.50.50.5.0.20.20.0.13.50.0.8.0.50.50.50.0.0.0.0.0.50.0.21.50.50.50.50.0.50.20.20.0.28.50.0.9.0.50.0.0.50.0.xover.mutate.done 50
 generation 21.63.65.68.60.58.59.50.50.50.50.50.27.50.0.50.50.50.20.62.8.0.50.0.50.0.50.50.0.9.0.0.50.0.50.0.50.50.50.0.0.36.0.0.0.50.0.0.54.9.27.xover.mutate.done 50
 generation 22.58.63.65.60.64.52.54.53.52.52.7.16.3.52.30.52.3.2.2.3.2.1.2.1.52.33.3.52.2.3.2.52.1.2.2.2.3.3.1.2.52.50.1.12.1.1.53.3.50.10.xover.mutate.done 50
 generation 23.62.60.64.63.64.51.60.60.53.51.22.7.1.50.1.1.51.2.4.2.2.2.2.2.51.2.51.14.22.2.2.1.1.1.4.50.2.1.2.51.2.1.51.46.1.1.1.13.10.2.xover.mutate.done 50
 generation 24.60.57.65.64.60.56.56.57.56.50.0.0.0.60.0.0.0.7.0.0.0.50.0.0.47.0.0.5.26.0.0.0.0.0.13.0.0.0.0.0.0.0.0.0.0.50.0.0.20.0.xover.mutate.done 50
 generation 25.72.66.72.71.65.71.61.64.64.61.0.50.66.1.0.8.1.1.50.50.50.1.1.1.1.1.63.7.1.1.58.59.0.0.50.1.1.1.1.39.1.1.1.6.1.1.1.1.41.1.xover.mutate.done 50
 generation 26.65.64.65.66.69.61.66.61.61.58.1.23.1.61.4.32.1.1.50.5.1.4.0.0.54.50.0.61.50.49.62.51.10.57.0.1.0.63.0.1.1.4.4.1.0.0.56.1.0.51.xover.mutate.done 50
 generation 27.61.61.58.56.66.63.61.57.61.60.4.8.1.3.3.1.21.25.3.8.51.3.50.24.4.50.48.47.14.28.7.49.7.50.26.1.3.1.7.3.39.1.1.4.1.3.7.9.7.14.xover.mutate.done 50
 generation 28.62.61.64.63.56.57.55.56.55.60.5.1.50.0.32.0.1.0.1.51.58.1.1.47.1.14.4.1.62.8.45.9.0.6.50.0.18.0.5.36.0.5.1.28.0.1.1.0.0.50.xover.mutate.done 50
 generation 29.68.54.66.57.67.65.56.66.62.55.2.4.3.4.3.1.3.1.1.63.59.2.3.2.2.2.1.5.3.1.3.62.31.2.3.14.35.1.3.3.32.1.4.2.2.4.45.53.50.65.xover.mutate.done 50
 generation 30.59.59.65.55.64.51.60.57.59.58.23.15.0.0.0.31.18.0.0.62.4.0.0.0.0.0.0.54.0.2.47.23.0.70.0.6.0.53.61.0.0.3.10.0.2.0.55.54.0.0.xover.mutate.done 50
 generation 31.63.60.59.56.53.59.59.62.57.51.57.2.2.21.5.57.1.2.42.62.2.16.1.15.47.1.6.29.63.5.2.2.1.2.1.2.6.7.5.7.1.51.5.31.54.53.7.2.5.2.xover.mutate.done 50
 generation 32.65.68.67.60.66.69.59.62.61.61.1.17.1.17.1.1.40.1.33.14.1.58.64.52.17.21.37.1.1.14.59.14.1.41.1.1.1.1.44.65.9.42.22.13.44.1.1.1.1.32.xover.mutate.done 50
 generation 33.59.59.60.57.67.55.63.59.51.56.0.46.0.1.1.23.0.1.26.5.22.14.11.1.11.6.18.48.5.5.1.8.1.44.48.1.42.0.21.23.1.1.40.0.11.32.0.34.7.50.xover.mutate.done 50
 generation 34.64.64.64.59.56.63.61.58.54.54.1.1.1.21.0.32.0.45.38.61.28.12.43.11.1.37.21.1.0.0.1.1.48.1.46.13.22.9.29.22.61.1.0.19.29.50.48.3.1.17.xover.mutate.done 50
 generation 35.66.66.71.67.70.59.60.65.57.70.0.36.45.25.44.3.0.0.5.0.21.15.0.4.4.0.4.0.17.5.0.51.39.22.12.47.38.23.67.36.65.47.27.66.16.0.40.62.12.54.xover.mutate.done 50
 generation 36.63.61.56.67.62.65.57.50.56.52.43.46.44.11.15.44.55.28.13.44.55.33.4.45.49.27.3.0.3.22.53.31.3.49.51.25.15.52.17.3.60.7.15.3.61.4.3.3.0.5.xover.mutate.done 50
 generation 37.65.67.66.71.67.68.70.67.69.60.46.1.59.61.5.2.28.2.48.16.6.65.2.69.1.33.47.2.66.5.1.56.46.8.71.5.2.38.8.17.32.20.2.18.5.25.42.51.34.2.xover.mutate.done 50
 generation 38.58.74.61.70.55.61.69.69.75.69.25.53.0.22.19.0.53.27.3.2.71.44.8.58.37.13.34.0.42.57.36.10.54.53.9.8.26.35.44.22.0.59.11.0.62.3.36.58.49.0.xover.mutate.done 50
 generation 39.60.66.60.60.65.69.66.53.67.61.0.5.50.45.0.8.0.43.11.0.59.3.8.0.56.12.49.14.19.3.0.9.60.47.0.0.3.56.32.41.26.3.3.51.53.22.53.0.44.32.xover.mutate.done 50
 generation 40.68.63.70.67.65.62.64.63.64.61.56.14.43.43.59.35.1.3.36.39.43.23.53.30.7.58.40.58.9.6.64.10.3.1.32.61.6.61.55.3.46.7.26.46.16.3.45.41.47.55.xover.mutate.done 50
 generation 41.72.71.66.64.70.56.58.63.61.57.51.56.58.65.57.17.1.63.7.1.51.54.1.64.1.1.16.7.1.50.60.1.58.17.36.48.49.52.57.1.1.43.48.15.65.14.61.41.1.25.xover.mutate.done 50
 generation 42.66.60.64.59.60.59.66.57.51.60.48.47.0.53.44.29.47.47.21.0.31.41.42.38.0.10.56.63.0.41.48.11.5.47.10.44.0.40.55.51.26.3.52.56.10.20.58.47.46.0.xover.mutate.done 50
 generation 43.68.64.64.67.64.66.55.66.59.62.25.62.0.5.60.43.59.62.49.53.46.47.61.10.20.19.28.43.58.7.43.49.0.52.0.0.6.52.48.30.18.50.37.64.49.59.1.1.5.26.xover.mutate.done 50
 generation 44.69.71.66.67.72.67.67.65.61.61.56.44.64.52.1.0.1.66.1.0.15.9.55.31.64.42.1.46.32.59.7.49.23.54.43.56.36.1.0.53.33.0.40.65.8.26.1.50.1.1.xover.mutate.done 50
 generation 45.67.70.67.66.60.60.62.59.68.63.9.5.1.63.51.64.5.1.61.49.31.58.29.2.8.18.31.9.2.60.8.2.40.2.61.30.15.60.48.7.32.2.25.20.27.11.1.11.5.61.xover.mutate.done 50
 generation 46.61.62.62.70.67.61.67.66.63.62.62.50.38.3.3.3.67.43.0.8.57.54.54.3.3.50.3.3.6.19.6.8.24.15.3.3.38.0.14.3.30.43.45.3.3.53.14.33.3.22.xover.mutate.done 50
 generation 47.67.64.59.68.61.59.62.67.51.60.57.48.28.8.31.2.48.2.2.73.2.56.2.10.45.35.2.57.4.32.15.47.2.54.19.1.2.4.5.45.56.57.2.67.26.33.2.21.1.17.xover.mutate.done 50
 generation 48.63.73.67.69.58.69.66.68.69.67.11.7.56.61.5.57.14.3.3.12.3.3.51.13.63.3.41.58.41.13.51.22.3.14.3.3.46.55.7.3.3.3.68.36.64.73.3.3.3.24.xover.mutate.done 50
 generation 49.72.73.74.70.61.63.75.70.68.70.28.30.11.16.3.3.55.64.20.6.3.3.3.37.35.3.64.7.69.16.69.25.25.13.59.72.56.63.3.19.53.18.59.3.3.36.34.62.16.10.xover.mutate.done 50
 55761010 iters     737877 iter/sec (75.57 s)
 total time: 75.57
