0.6796875 0.6171875 0.015625 0.578125 0.8984375 0.234375 0.1875 0.59375 0.828125 0.5 
0.125 0.015625 0.8984375 0.1875 0.9921875 0.0 0.0078125 0.9921875 0.140625 0.15625 
0.0390625 0.8984375 0.84375 0.125 0.015625 0.1875 0.9921875 0.0 0.0078125 0.9921875 
0.0390625 0.8984375 0.84375 0.8359375 0.8359375 0.125 0.015625 0.1875 0.9921875 0.0 
0.484375 0.0390625 0.125 0.1953125 0.1328125 0.046875 0.8984375 0.84375 0.8359375 0.8359375 
0.484375 0.21875 0.0390625 0.125 0.1953125 0.1328125 0.046875 0.140625 0.078125 0.15625 
0.484375 0.0390625 0.125 0.1953125 0.1328125 0.046875 0.140625 0.078125 0.15625 0.3984375 
0.484375 0.0390625 0.0390625 0.125 0.1953125 0.1328125 0.046875 0.140625 0.078125 0.15625 
0.4375 0.484375 0.484375 0.0390625 0.0390625 0.125 0.1953125 0.1328125 0.046875 0.140625 
0.484375 0.4375 0.484375 0.0390625 0.0390625 0.0390625 0.125 0.1953125 0.1328125 0.046875 
0.484375 0.484375 0.4375 0.125 0.1953125 0.1328125 0.046875 0.21875 0.0625 0.09375 
0.484375 0.484375 0.4375 0.125 0.1953125 0.1328125 0.046875 0.21875 0.2890625 0.2265625 
0.4375 0.484375 0.484375 0.125 0.1953125 0.1328125 0.046875 0.21875 0.2890625 0.2265625 
0.484375 0.484375 0.4375 0.125 0.1953125 0.1328125 0.046875 0.21875 0.2890625 0.2265625 
0.484375 0.484375 0.4375 0.125 0.1953125 0.1328125 0.046875 0.21875 0.2890625 0.2265625 
0.484375 0.484375 0.4375 0.125 0.1953125 0.1328125 0.046875 0.21875 0.2890625 0.2265625 
0.484375 0.484375 0.4375 0.125 0.1953125 0.1328125 0.046875 0.21875 0.2890625 0.2265625 
0.4375 0.484375 0.3828125 0.484375 0.125 0.1953125 0.1328125 0.046875 0.21875 0.2890625 
0.3828125 0.484375 0.484375 0.4375 0.125 0.1953125 0.1328125 0.046875 0.21875 0.2890625 
0.484375 0.4375 0.484375 0.3828125 0.4296875 0.125 0.1953125 0.1328125 0.046875 0.21875 
0.484375 0.4375 0.484375 0.3828125 0.4296875 0.421875 0.125 0.1953125 0.1328125 0.046875 
0.4375 0.484375 0.3828125 0.484375 0.4296875 0.421875 0.125 0.1953125 0.1328125 0.046875 
0.3828125 0.484375 0.4375 0.515625 0.484375 0.421875 0.4296875 0.484375 0.125 0.1953125 
0.4375 0.484375 0.484375 0.515625 0.3828125 0.4296875 0.484375 0.484375 0.421875 0.125 
0.484375 0.3828125 0.515625 0.4375 0.484375 0.484375 0.484375 0.421875 0.4296875 0.125 
0.515625 0.4375 0.484375 0.484375 0.5 0.3828125 0.421875 0.484375 0.484375 0.4296875 
0.515625 0.484375 0.484375 0.3828125 0.4375 0.4921875 0.5 0.484375 0.484375 0.3984375 
0.4375 0.3828125 0.5 0.515625 0.484375 0.484375 0.5 0.421875 0.4921875 0.484375 
0.484375 0.484375 0.4375 0.3828125 0.5 0.4921875 0.484375 0.5 0.421875 0.515625 
0.4375 0.3828125 0.484375 0.4765625 0.484375 0.515625 0.484375 0.4921875 0.5 0.5 
0.4375 0.484375 0.484375 0.4921875 0.515625 0.4609375 0.5390625 0.5 0.5 0.484375 
0.5 0.484375 0.515625 0.53125 0.4921875 0.5390625 0.4375 0.484375 0.5 0.484375 
0.5 0.5078125 0.484375 0.265625 0.484375 0.515625 0.5390625 0.4375 0.5 0.515625 
0.515625 0.5078125 0.484375 0.484375 0.5 0.4765625 0.4765625 0.4375 0.5 0.515625 
0.5 0.4765625 0.484375 0.515625 0.5078125 0.4375 0.484375 0.515625 0.4765625 0.5 
0.5 0.4765625 0.484375 0.4375 0.484375 0.40625 0.4921875 0.515625 0.515625 0.5078125 
0.484375 0.484375 0.5078125 0.4375 0.5 0.5 0.4765625 0.5 0.515625 0.484375 
0.4375 0.5 0.484375 0.5 0.484375 0.453125 0.4921875 0.4765625 0.5078125 0.515625 
0.5 0.5234375 0.4921875 0.5078125 0.515625 0.453125 0.5 0.484375 0.4765625 0.484375 
0.4765625 0.5234375 0.46875 0.5078125 0.5 0.484375 0.484375 0.484375 0.4921875 0.453125 
0.484375 0.4921875 0.5234375 0.484375 0.5 0.453125 0.4765625 0.46875 0.5078125 0.5078125 
0.5234375 0.484375 0.484375 0.5 0.4765625 0.5078125 0.46875 0.4921875 0.46875 0.453125 
0.5234375 0.484375 0.4765625 0.484375 0.4609375 0.484375 0.5 0.46875 0.4921875 0.53125 
0.5234375 0.5 0.4765625 0.53125 0.484375 0.4609375 0.53125 0.484375 0.484375 0.5 
0.5234375 0.53125 0.4609375 0.484375 0.5 0.4765625 0.484375 0.484375 0.5 0.5 
0.5 0.53125 0.5234375 0.484375 0.4765625 0.484375 0.4609375 0.5234375 0.484375 0.453125 
0.53125 0.484375 0.5 0.5234375 0.484375 0.5078125 0.453125 0.4609375 0.4609375 0.5234375 
0.5234375 0.484375 0.453125 0.53125 0.4609375 0.4609375 0.484375 0.5 0.5234375 0.5390625 
0.4921875 0.53125 0.5234375 0.5 0.53125 0.484375 0.484375 0.4609375 0.5390625 0.453125 
0.53125 0.5078125 0.5 0.484375 0.5390625 0.4609375 0.4375 0.5234375 0.453125 0.484375 
