% Ministry of Cellular Automata
% Project Deux (CS523 Spring 2015)
% Version:v0.1-66-g3e0f-dirty
%  pop:50
%  ic count:100
%  CA Log option:r3/run20
%  width:121
%  max workers:4
%  radius:3
%  iterations:300
%  generations:50

 generation 0.1.1.26.1.1.1.1.50.1.0.50.1.0.50.50.3.1.0.1.50.0.1.1.1.50.1.50.1.1.0.1.5.17.1.1.1.1.1.0.50.50.1.1.0.0.50.1.19.1.1.xover.mutate.done 50
 generation 1.50.50.50.50.50.50.50.50.50.50.1.50.2.2.50.1.1.2.1.30.1.1.50.1.1.51.50.2.1.34.1.2.50.51.18.1.51.50.2.2.3.63.1.11.1.1.51.51.22.50.xover.mutate.done 50
 generation 2.63.50.50.50.50.50.50.50.50.50.0.48.50.50.50.16.50.0.0.47.50.50.0.0.50.0.50.0.0.11.50.6.50.7.50.4.0.0.50.50.0.50.50.0.0.0.50.0.0.0.xover.mutate.done 50
 generation 3.67.51.49.50.51.51.50.50.50.50.50.50.51.51.1.51.1.50.50.0.50.0.1.55.1.1.51.50.50.50.51.20.1.50.51.50.1.50.51.18.50.51.51.50.0.1.51.51.50.51.xover.mutate.done 50
 generation 4.65.60.50.50.50.50.50.50.50.50.3.17.50.3.8.50.39.50.50.9.50.50.50.50.47.20.3.50.16.50.3.50.11.50.50.50.53.3.53.3.58.3.0.69.50.34.53.13.50.15.xover.mutate.done 50
 generation 5.69.62.53.51.50.50.50.50.50.50.0.0.50.0.7.0.50.50.50.0.50.50.48.50.50.0.0.50.0.50.42.50.50.50.0.0.50.50.50.0.50.50.53.11.0.0.0.0.0.25.xover.mutate.done 50
 generation 6.67.65.56.68.56.52.52.52.52.52.2.4.2.38.2.50.4.52.2.4.2.4.52.4.2.49.2.50.49.2.2.77.52.9.2.4.2.44.4.50.52.50.2.6.2.50.52.2.6.2.xover.mutate.done 50
 generation 7.69.64.64.65.54.55.51.51.51.51.67.50.37.66.30.2.2.50.51.50.17.1.54.1.65.1.1.51.34.54.1.51.2.1.1.50.50.2.43.2.2.51.4.2.1.1.50.1.1.2.xover.mutate.done 50
 generation 8.74.62.63.58.56.55.59.55.56.53.59.2.3.1.11.21.51.2.2.2.2.1.50.3.3.40.2.10.52.88.3.3.50.52.59.3.2.3.1.2.3.52.3.2.1.51.1.64.3.7.xover.mutate.done 50
 generation 9.86.72.64.64.66.61.61.61.58.64.0.0.0.50.55.3.0.0.0.0.0.51.0.7.0.50.59.61.0.9.48.0.0.14.0.0.21.5.0.0.0.32.0.0.81.15.0.0.47.0.xover.mutate.done 50
 generation 10.83.75.78.72.73.69.68.73.73.66.0.50.0.50.0.0.69.0.47.0.50.58.70.0.0.64.0.0.45.70.0.47.0.11.0.27.0.1.59.0.0.0.50.10.0.0.78.0.17.11.xover.mutate.done 50
 generation 11.86.65.64.81.58.62.62.61.77.56.50.2.2.2.2.32.50.2.0.40.2.2.49.15.0.2.44.52.49.48.50.50.0.27.2.50.50.2.2.0.50.65.2.2.2.43.51.2.2.2.xover.mutate.done 50
 generation 12.91.87.77.72.67.73.71.71.72.71.65.0.1.0.47.1.50.50.50.1.0.41.61.15.45.50.50.50.50.1.31.27.41.46.1.15.1.57.9.37.50.50.50.36.1.7.46.84.50.1.xover.mutate.done 50
 generation 13.82.79.81.76.67.72.66.64.64.65.47.43.77.53.65.77.32.42.2.5.5.3.32.50.55.2.49.3.50.3.2.50.38.2.3.3.65.46.3.20.52.5.53.50.50.62.66.50.35.50.xover.mutate.done 50
 generation 14.87.87.76.81.80.78.79.73.75.79.41.50.0.0.7.50.9.86.50.0.12.12.47.38.0.50.40.40.54.0.0.41.50.69.38.0.0.0.30.34.50.36.0.45.18.1.10.38.78.22.xover.mutate.done 50
 generation 15.92.84.90.86.84.78.81.79.72.82.50.50.13.0.50.50.14.79.55.50.65.0.50.39.0.31.65.23.0.50.31.50.18.79.70.50.50.30.10.57.56.50.50.0.34.55.50.41.48.50.xover.mutate.done 50
 generation 16.91.87.89.88.85.86.70.78.80.78.17.2.50.47.6.54.82.61.50.21.87.83.47.65.50.8.10.20.51.85.31.2.24.77.48.50.88.15.49.50.33.2.49.50.42.23.50.38.1.11.xover.mutate.done 50
 generation 17.88.82.83.80.83.83.76.78.78.76.49.81.11.50.30.51.1.76.51.82.37.31.40.48.27.54.36.72.73.60.82.19.1.82.48.82.73.0.5.1.50.1.12.33.1.18.27.32.40.55.xover.mutate.done 50
 generation 18.85.75.79.79.76.80.81.76.76.76.42.50.80.0.50.0.50.0.80.0.0.50.0.0.25.13.15.4.34.80.20.36.0.0.22.71.12.11.0.32.43.50.50.3.50.0.47.34.47.55.xover.mutate.done 50
 generation 19.85.78.77.75.78.77.80.80.77.77.78.38.37.50.78.27.41.74.0.64.12.31.51.13.0.68.70.0.45.63.0.13.0.31.44.34.68.49.0.50.75.26.18.81.35.45.0.78.77.8.xover.mutate.done 50
 generation 20.86.81.81.81.84.84.84.84.84.84.18.1.28.63.64.67.80.81.12.46.51.2.77.2.15.12.41.22.81.51.84.31.66.25.9.70.65.74.32.88.31.49.56.78.27.74.50.51.90.72.xover.mutate.done 50
 generation 21.84.79.88.81.80.80.80.80.81.81.36.51.25.1.45.40.49.30.57.69.14.36.1.84.74.53.33.50.1.25.81.72.81.47.8.49.55.30.79.69.58.31.1.41.45.0.82.78.50.1.xover.mutate.done 50
 generation 22.79.79.83.73.77.75.75.78.76.76.77.20.44.57.81.22.1.14.47.13.52.12.46.41.37.1.75.52.59.49.27.49.37.37.29.47.47.32.2.1.41.54.56.1.52.70.3.13.7.71.xover.mutate.done 50
 generation 23.86.86.85.83.80.84.84.79.82.81.26.23.22.35.26.38.18.53.18.3.68.23.50.19.37.36.29.29.1.23.35.49.1.14.54.49.51.1.20.86.32.1.8.51.86.8.1.7.1.24.xover.mutate.done 50
 generation 24.89.91.92.91.89.88.86.90.88.87.13.29.73.56.20.54.17.18.8.23.43.20.56.74.41.17.8.90.14.33.5.62.9.52.41.51.22.91.49.5.8.20.48.52.20.91.93.42.5.39.xover.mutate.done 50
 generation 25.89.94.86.86.86.88.85.84.89.88.0.50.18.90.50.3.24.5.35.34.4.5.1.39.3.3.35.23.50.11.0.19.0.60.50.57.0.55.43.73.0.50.56.56.87.77.10.73.0.40.xover.mutate.done 50
 generation 26.87.89.88.87.88.85.82.85.85.85.28.19.85.63.33.16.37.64.19.52.50.62.14.66.5.42.72.45.49.53.49.36.5.14.52.19.19.80.53.3.66.62.28.16.46.90.46.64.52.31.xover.mutate.done 50
 generation 27.84.86.81.83.88.81.85.85.85.85.79.49.84.7.9.76.50.68.23.85.47.4.88.21.85.52.52.48.52.9.84.21.2.48.39.43.54.89.17.41.63.46.57.69.25.47.37.43.85.85.xover.mutate.done 50
 generation 28.85.86.86.80.82.80.80.80.77.84.0.68.45.41.85.52.51.2.22.46.23.17.72.2.2.35.39.78.2.19.2.58.0.27.46.32.2.73.2.46.2.2.4.2.47.53.37.46.41.73.xover.mutate.done 50
 generation 29.80.82.85.86.86.82.82.82.82.82.3.3.0.50.48.70.7.47.2.4.52.19.0.37.7.7.34.0.14.65.49.0.37.21.60.12.86.7.47.66.7.50.65.37.29.51.50.50.50.53.xover.mutate.done 50
 generation 30.91.89.90.92.89.87.88.90.90.90.75.15.90.68.3.57.43.26.11.8.1.54.50.77.73.84.83.34.83.22.51.14.33.44.59.1.74.82.7.17.50.44.81.44.15.35.81.29.15.50.xover.mutate.done 50
 generation 31.93.89.90.90.90.90.92.91.86.90.31.31.11.22.39.1.35.1.59.50.32.50.78.62.50.43.28.44.21.48.68.70.49.0.3.50.30.32.50.63.1.41.1.49.51.51.17.44.34.86.xover.mutate.done 50
 generation 32.92.89.87.93.88.88.88.90.90.90.41.50.50.49.66.46.42.9.51.2.32.2.48.4.64.50.41.78.21.49.32.13.5.34.50.51.90.51.44.13.90.84.5.88.43.30.42.1.78.51.xover.mutate.done 50
 generation 33.92.92.89.85.91.90.90.88.89.89.51.46.37.1.37.1.81.40.89.87.42.93.49.49.1.87.51.91.51.1.51.46.50.2.1.49.0.48.41.46.84.11.49.50.48.25.23.1.51.2.xover.mutate.done 50
 generation 34.90.88.90.89.87.89.89.85.83.83.50.0.49.57.47.71.7.50.45.16.50.47.50.58.33.0.50.1.49.5.84.73.87.50.0.0.3.85.34.30.76.48.0.50.46.37.50.90.46.39.xover.mutate.done 50
 generation 35.84.85.79.82.81.81.82.83.78.84.3.76.13.70.34.8.19.77.62.39.11.26.81.3.49.45.3.52.81.16.69.38.84.25.52.38.1.19.3.20.51.52.65.52.3.3.74.52.3.38.xover.mutate.done 50
 generation 36.91.86.89.82.85.86.86.80.80.88.7.7.25.14.13.2.51.49.50.25.14.39.47.47.74.37.2.5.51.40.53.19.39.60.85.85.5.2.32.48.74.46.51.34.82.5.46.5.46.2.xover.mutate.done 50
 generation 37.87.87.88.86.85.89.84.78.87.83.1.23.50.1.39.56.1.50.59.58.1.50.80.13.1.50.54.1.55.8.83.34.41.27.22.32.1.43.39.13.51.23.26.30.55.54.1.44.49.1.xover.mutate.done 50
 generation 38.82.85.84.83.76.82.84.84.77.80.6.0.50.80.50.0.53.44.39.73.32.79.25.39.0.79.37.50.49.30.62.66.49.0.0.64.50.28.0.35.1.9.34.50.36.48.50.45.84.11.xover.mutate.done 50
 generation 39.87.93.89.93.93.87.89.87.84.79.1.50.78.1.51.53.50.49.60.40.76.1.27.50.49.11.55.43.13.46.46.26.51.31.31.4.52.8.1.50.0.55.84.77.50.1.50.47.1.84.xover.mutate.done 50
 generation 40.91.87.90.89.90.88.85.89.88.88.88.1.29.67.42.73.29.50.13.0.12.88.52.48.14.0.0.67.57.78.61.50.75.48.47.80.55.51.78.1.50.22.30.50.88.11.78.85.43.41.xover.mutate.done 50
 generation 41.92.94.90.88.89.88.87.89.89.89.31.50.84.42.66.78.16.49.33.48.58.2.4.2.8.62.1.51.51.82.81.71.2.50.61.33.14.33.79.27.30.48.51.51.51.51.50.10.2.34.xover.mutate.done 50
 generation 42.91.90.90.85.87.87.87.90.90.84.84.59.9.36.2.42.30.51.51.53.63.49.2.87.72.89.14.31.42.2.51.36.2.35.55.51.40.40.25.42.42.54.16.2.16.51.20.51.1.87.xover.mutate.done 50
 generation 43.91.90.91.91.87.90.89.89.89.89.42.33.52.56.54.90.57.89.52.6.71.52.84.52.65.6.28.39.90.31.90.84.90.50.89.6.83.54.89.52.74.61.50.22.52.23.88.79.6.4.xover.mutate.done 50
 generation 44.95.93.92.94.91.91.91.91.91.86.46.0.50.91.89.50.49.56.50.62.50.63.31.0.48.74.43.10.54.0.50.18.26.50.54.49.47.0.32.54.0.73.50.49.7.32.0.50.50.14.xover.mutate.done 50
 generation 45.89.89.89.85.92.92.89.92.92.92.32.8.7.84.50.2.38.51.44.51.92.77.2.2.2.24.2.22.51.92.16.1.13.42.31.9.86.2.2.65.2.24.51.2.51.84.10.49.42.81.xover.mutate.done 50
 generation 46.88.88.88.88.88.88.88.86.87.85.32.49.0.15.89.50.50.49.39.50.0.7.0.7.50.0.38.30.21.31.0.40.50.49.33.50.0.50.50.53.37.0.41.48.90.0.0.50.50.0.xover.mutate.done 50
 generation 47.96.93.95.95.95.95.95.95.95.92.1.51.11.84.0.73.48.57.8.38.0.66.95.1.50.42.1.53.77.45.10.11.1.50.52.2.62.51.24.18.50.7.92.6.51.47.1.87.1.1.xover.mutate.done 50
 generation 48.94.92.92.92.92.93.93.93.93.90.13.1.1.51.1.8.50.50.35.9.44.51.7.0.39.84.83.1.36.15.5.40.47.1.1.56.25.50.38.85.50.51.50.73.58.50.46.38.50.5.xover.mutate.done 50
 generation 49.91.89.89.89.89.89.89.89.89.90.50.4.32.0.37.44.3.0.31.43.5.0.44.51.40.15.51.50.43.50.50.50.0.50.0.50.50.49.33.0.50.20.45.0.46.37.50.0.34.90.xover.mutate.done 50
 32574783 iters     687693 iter/sec (47.37 s)
 total time: 47.37
