0.9609375 0.3984375 0.0234375 0.890625 0.796875 0.4453125 0.8828125 0.375 0.828125 0.875 
0.0234375 0.859375 0.046875 0.953125 0.8828125 0.125 0.8515625 0.03125 0.8671875 0.875 
0.8828125 0.453125 0.8359375 0.8046875 0.0234375 0.859375 0.046875 0.953125 0.125 0.8515625 
0.453125 0.1328125 0.2890625 0.1484375 0.3515625 0.2578125 0.8828125 0.8359375 0.8046875 0.765625 
0.453125 0.1328125 0.2890625 0.1484375 0.3515625 0.2578125 0.8828125 0.8359375 0.8046875 0.765625 
0.8828125 0.8359375 0.8046875 0.765625 0.828125 0.859375 0.828125 0.453125 0.1328125 0.2890625 
0.453125 0.1328125 0.2890625 0.1484375 0.8828125 0.8359375 0.8046875 0.765625 0.828125 0.859375 
0.453125 0.1328125 0.2890625 0.1484375 0.8828125 0.8359375 0.8046875 0.765625 0.828125 0.859375 
0.453125 0.1328125 0.2890625 0.1484375 0.3046875 0.484375 0.3984375 0.8828125 0.8359375 0.8046875 
0.484375 0.484375 0.453125 0.1328125 0.2890625 0.1484375 0.3046875 0.3984375 0.125 0.1328125 
0.484375 0.453125 0.484375 0.578125 0.7890625 0.453125 0.1328125 0.2890625 0.1484375 0.3046875 
0.484375 0.484375 0.453125 0.484375 0.578125 0.7890625 0.5859375 0.609375 0.6328125 0.703125 
0.515625 0.484375 0.484375 0.453125 0.484375 0.4609375 0.359375 0.140625 0.2890625 0.3125 
0.484375 0.484375 0.484375 0.515625 0.46875 0.4296875 0.4765625 0.453125 0.4609375 0.4609375 
0.484375 0.484375 0.484375 0.515625 0.484375 0.484375 0.484375 0.4296875 0.3515625 0.46875 
0.484375 0.484375 0.484375 0.4609375 0.484375 0.484375 0.484375 0.4609375 0.46875 0.453125 
0.484375 0.484375 0.4609375 0.4765625 0.484375 0.4765625 0.484375 0.484375 0.484375 0.484375 
0.46875 0.484375 0.484375 0.484375 0.4609375 0.4765625 0.484375 0.4765625 0.4765625 0.4765625 
0.46875 0.4921875 0.4609375 0.4765625 0.4765625 0.4765625 0.484375 0.4765625 0.484375 0.4765625 
0.4453125 0.46875 0.4609375 0.4765625 0.4921875 0.4765625 0.4765625 0.4765625 0.484375 0.4765625 
0.46875 0.4453125 0.4609375 0.4453125 0.4765625 0.4765625 0.4765625 0.4765625 0.4765625 0.484375 
0.4375 0.4453125 0.4453125 0.4453125 0.4609375 0.484375 0.4765625 0.4765625 0.46875 0.4765625 
0.4375 0.4453125 0.4453125 0.4453125 0.421875 0.46875 0.4609375 0.4765625 0.4765625 0.4765625 
0.4375 0.421875 0.4296875 0.453125 0.4453125 0.4453125 0.4453125 0.4453125 0.4453125 0.4765625 
0.4453125 0.4453125 0.4453125 0.4453125 0.4375 0.4296875 0.4609375 0.421875 0.453125 0.4609375 
0.4375 0.4453125 0.4453125 0.4453125 0.4453125 0.4453125 0.4375 0.4296875 0.4609375 0.421875 
0.4375 0.4296875 0.421875 0.4296875 0.4375 0.4453125 0.4453125 0.4453125 0.4453125 0.4375 
0.4375 0.4296875 0.421875 0.4296875 0.4375 0.421875 0.4453125 0.4453125 0.4453125 0.4453125 
0.4140625 0.4375 0.4296875 0.421875 0.4296875 0.4375 0.421875 0.4453125 0.4453125 0.4453125 
0.4375 0.4296875 0.421875 0.4296875 0.421875 0.421875 0.4375 0.4453125 0.4296875 0.4140625 
0.4375 0.4453125 0.4453125 0.4453125 0.4375 0.4296875 0.421875 0.4296875 0.421875 0.421875 
0.4453125 0.4375 0.4375 0.4296875 0.421875 0.4296875 0.421875 0.421875 0.421875 0.4453125 
0.421875 0.4453125 0.4375 0.4296875 0.421875 0.4296875 0.421875 0.421875 0.4453125 0.4296875 
0.421875 0.4375 0.4296875 0.421875 0.4296875 0.421875 0.421875 0.4453125 0.4296875 0.4453125 
0.4375 0.4296875 0.421875 0.4296875 0.421875 0.421875 0.4296875 0.421875 0.4453125 0.421875 
0.421875 0.4453125 0.4296875 0.4375 0.4296875 0.421875 0.4296875 0.421875 0.421875 0.4296875 
0.421875 0.4296875 0.4375 0.4296875 0.421875 0.4296875 0.421875 0.421875 0.4296875 0.4453125 
0.421875 0.421875 0.4296875 0.4375 0.4296875 0.421875 0.4296875 0.421875 0.421875 0.4296875 
0.421875 0.4296875 0.4375 0.4375 0.4296875 0.421875 0.4296875 0.421875 0.421875 0.4296875 
0.4375 0.4375 0.4296875 0.421875 0.4296875 0.421875 0.421875 0.4296875 0.421875 0.4296875 
0.421875 0.4296875 0.4296875 0.4296875 0.4375 0.4375 0.4296875 0.421875 0.4296875 0.421875 
0.4375 0.421875 0.4375 0.4296875 0.421875 0.4296875 0.421875 0.4296875 0.4296875 0.4296875 
0.4375 0.421875 0.4375 0.4296875 0.421875 0.4296875 0.421875 0.4296875 0.4296875 0.4296875 
0.421875 0.4375 0.421875 0.4375 0.4296875 0.421875 0.4296875 0.421875 0.4296875 0.4296875 
0.421875 0.421875 0.4375 0.421875 0.4375 0.4296875 0.421875 0.4296875 0.421875 0.4296875 
0.4375 0.421875 0.421875 0.4375 0.4296875 0.421875 0.4296875 0.421875 0.4296875 0.421875 
0.4375 0.421875 0.421875 0.4375 0.4296875 0.421875 0.4296875 0.421875 0.4296875 0.421875 
0.4375 0.421875 0.421875 0.4375 0.4296875 0.421875 0.4296875 0.421875 0.4296875 0.421875 
0.4375 0.421875 0.421875 0.4296875 0.421875 0.4375 0.4296875 0.421875 0.4296875 0.421875 
0.4375 0.421875 0.421875 0.4296875 0.421875 0.4375 0.4296875 0.421875 0.4296875 0.421875 
