0.0703125 0.34375 0.46875 0.8515625 0.5390625 0.6328125 0.5 0.015625 0.5390625 0.671875 
0.9140625 0.015625 0.015625 0.140625 0.0859375 0.984375 0.0546875 0.0703125 0.25 0.0703125 
0.5234375 0.9140625 0.2734375 0.015625 0.015625 0.140625 0.0859375 0.984375 0.0546875 0.0703125 
0.5234375 0.546875 0.9140625 0.9296875 0.2734375 0.015625 0.015625 0.140625 0.0859375 0.984375 
0.5546875 0.5234375 0.546875 0.2734375 0.2578125 0.1328125 0.1328125 0.375 0.1484375 0.9140625 
0.5546875 0.5234375 0.546875 0.5234375 0.2734375 0.2578125 0.1328125 0.1328125 0.375 0.1484375 
0.515625 0.5546875 0.5234375 0.546875 0.2734375 0.2578125 0.1328125 0.1328125 0.375 0.1484375 
0.515625 0.5546875 0.5234375 0.546875 0.609375 0.6796875 0.734375 0.6484375 0.2734375 0.2578125 
0.515625 0.5234375 0.5546875 0.53125 0.5234375 0.546875 0.609375 0.6796875 0.734375 0.6484375 
0.515625 0.5234375 0.5234375 0.5234375 0.5546875 0.53125 0.5234375 0.546875 0.5078125 0.609375 
0.515625 0.5078125 0.5234375 0.5234375 0.5234375 0.5546875 0.53125 0.5234375 0.5546875 0.546875 
0.515625 0.5234375 0.5234375 0.5234375 0.5234375 0.5078125 0.5078125 0.5078125 0.453125 0.5546875 
0.5078125 0.5078125 0.515625 0.5234375 0.5234375 0.5234375 0.5234375 0.515625 0.5078125 0.453125 
0.515625 0.515625 0.5234375 0.5234375 0.5234375 0.5234375 0.5078125 0.5078125 0.5078125 0.5078125 
0.5390625 0.5390625 0.515625 0.515625 0.5078125 0.515625 0.5078125 0.5234375 0.5234375 0.5234375 
0.484375 0.5390625 0.515625 0.515625 0.5234375 0.5234375 0.5234375 0.5390625 0.4609375 0.515625 
0.4921875 0.515625 0.515625 0.484375 0.5 0.5234375 0.5234375 0.5234375 0.5390625 0.5 
0.5078125 0.4921875 0.484375 0.4765625 0.515625 0.515625 0.5390625 0.5 0.5 0.5234375 
0.484375 0.5078125 0.4765625 0.4921875 0.515625 0.515625 0.5390625 0.5234375 0.515625 0.5078125 
0.5078125 0.5078125 0.5 0.5 0.484375 0.4921875 0.4765625 0.515625 0.5390625 0.5234375 
0.5078125 0.5078125 0.53125 0.5078125 0.5 0.5 0.5 0.4921875 0.484375 0.4765625 
0.53125 0.5078125 0.5 0.5078125 0.5 0.5 0.5 0.5 0.5078125 0.5078125 
0.53125 0.5 0.5078125 0.5078125 0.4921875 0.5 0.5 0.5 0.5 0.5078125 
0.5078125 0.4921875 0.5 0.5078125 0.5 0.5078125 0.5234375 0.5 0.5 0.5 
0.5078125 0.5078125 0.4921875 0.5 0.5 0.5 0.5078125 0.5 0.5 0.5234375 
0.4921875 0.4921875 0.5078125 0.5 0.5234375 0.5 0.5078125 0.5 0.5 0.5 
0.5 0.5 0.4921875 0.4921875 0.5078125 0.5 0.5234375 0.5078125 0.5 0.5 
0.5 0.5234375 0.5 0.5 0.5078125 0.4921875 0.4921875 0.5078125 0.5 0.5 
0.5 0.5 0.5234375 0.5 0.5078125 0.4921875 0.4921875 0.5078125 0.5 0.5 
0.5078125 0.515625 0.5 0.5234375 0.4921875 0.4921875 0.5078125 0.5 0.5 0.4921875 
0.4921875 0.4921875 0.4921875 0.4921875 0.5078125 0.4921875 0.515625 0.5 0.5234375 0.5078125 
0.4921875 0.5 0.4921875 0.4921875 0.4921875 0.4921875 0.5234375 0.5078125 0.5078125 0.515625 
0.484375 0.53125 0.4921875 0.4921875 0.4921875 0.4921875 0.4921875 0.5 0.5234375 0.5078125 
0.484375 0.4765625 0.46875 0.484375 0.5078125 0.4921875 0.4921875 0.4921875 0.4921875 0.5 
0.4921875 0.4921875 0.4921875 0.4921875 0.4921875 0.5078125 0.484375 0.46875 0.5 0.5 
0.4921875 0.4921875 0.4921875 0.4921875 0.4921875 0.5 0.5078125 0.5 0.453125 0.453125 
0.5 0.4921875 0.4921875 0.4921875 0.4921875 0.4921875 0.4921875 0.453125 0.5 0.5078125 
0.5 0.4609375 0.4921875 0.4921875 0.4921875 0.4921875 0.4921875 0.4921875 0.453125 0.5 
0.453125 0.5 0.5078125 0.4609375 0.4921875 0.4921875 0.4921875 0.4921875 0.4921875 0.4609375 
0.5 0.4921875 0.4921875 0.4921875 0.4921875 0.4921875 0.4921875 0.4921875 0.5078125 0.453125 
0.4921875 0.5078125 0.4921875 0.4921875 0.4921875 0.4921875 0.4921875 0.4921875 0.4921875 0.453125 
0.4921875 0.4921875 0.4921875 0.4921875 0.4921875 0.4921875 0.4921875 0.4921875 0.5234375 0.5078125 
0.4921875 0.4921875 0.4921875 0.4921875 0.4921875 0.4921875 0.4921875 0.5 0.4921875 0.5234375 
0.4921875 0.5234375 0.4921875 0.4921875 0.4921875 0.4921875 0.4921875 0.4921875 0.4921875 0.453125 
0.4921875 0.5234375 0.4921875 0.4921875 0.4921875 0.4921875 0.4921875 0.4921875 0.4921875 0.5234375 
0.4921875 0.5234375 0.4921875 0.4921875 0.4921875 0.4921875 0.4921875 0.4921875 0.4921875 0.5234375 
0.53125 0.5234375 0.4921875 0.4921875 0.4921875 0.4921875 0.4921875 0.4921875 0.4921875 0.5234375 
0.53125 0.5234375 0.5234375 0.5078125 0.4921875 0.4921875 0.4921875 0.4921875 0.4921875 0.4921875 
0.4921875 0.4921875 0.4921875 0.4921875 0.4921875 0.4921875 0.4921875 0.4921875 0.53125 0.5234375 
0.53125 0.5234375 0.4921875 0.4921875 0.4921875 0.4921875 0.4921875 0.4921875 0.4921875 0.4921875 
