50 50 50 50 50 50 50 50 50 50 26 19 17 5 3 1 1 1 1 1 1 1 1 1 1 1 1 1 1 1 1 1 1 1 1 1 1 1 1 1 1 1 0 0 0 0 0 0 0 0 
63 51 51 51 51 51 50 50 50 50 50 50 50 50 50 50 50 50 50 50 50 50 50 34 30 22 18 11 3 2 2 2 2 2 2 2 1 1 1 1 1 1 1 1 1 1 1 1 1 1 
63 50 50 50 50 50 50 50 50 50 50 50 50 50 50 50 50 50 50 50 50 50 50 50 50 50 48 47 16 11 7 6 4 0 0 0 0 0 0 0 0 0 0 0 0 0 0 0 0 0 
67 55 51 51 51 51 51 51 51 51 51 51 51 51 51 51 51 50 50 50 50 50 50 50 50 50 50 50 50 50 50 50 50 50 50 50 49 20 18 1 1 1 1 1 1 1 1 0 0 0 
69 65 60 58 53 53 53 50 50 50 50 50 50 50 50 50 50 50 50 50 50 50 50 50 50 50 50 50 50 50 50 47 39 34 20 17 16 15 13 11 9 8 3 3 3 3 3 3 3 0 
69 62 53 53 51 50 50 50 50 50 50 50 50 50 50 50 50 50 50 50 50 50 50 50 50 50 50 50 50 48 42 25 11 7 0 0 0 0 0 0 0 0 0 0 0 0 0 0 0 0 
77 68 67 65 56 56 52 52 52 52 52 52 52 52 52 52 50 50 50 50 50 49 49 44 38 9 6 6 4 4 4 4 4 4 4 2 2 2 2 2 2 2 2 2 2 2 2 2 2 2 
69 67 66 65 65 64 64 55 54 54 54 51 51 51 51 51 51 51 51 50 50 50 50 50 50 43 37 34 30 17 4 2 2 2 2 2 2 2 2 1 1 1 1 1 1 1 1 1 1 1 
88 74 64 63 62 59 59 59 58 56 56 55 55 53 52 52 52 51 51 50 50 40 21 11 10 7 3 3 3 3 3 3 3 3 3 3 2 2 2 2 2 2 2 2 2 1 1 1 1 1 
86 81 72 66 64 64 64 61 61 61 61 59 58 55 51 50 50 48 47 32 21 15 14 9 7 5 3 0 0 0 0 0 0 0 0 0 0 0 0 0 0 0 0 0 0 0 0 0 0 0 
83 78 78 75 73 73 73 72 70 70 69 69 68 66 64 59 58 50 50 50 50 47 47 45 27 17 11 11 10 1 0 0 0 0 0 0 0 0 0 0 0 0 0 0 0 0 0 0 0 0 
86 81 77 65 65 64 62 62 61 58 56 52 51 50 50 50 50 50 50 50 49 49 48 44 43 40 32 27 15 2 2 2 2 2 2 2 2 2 2 2 2 2 2 2 2 2 0 0 0 0 
91 87 84 77 73 72 72 71 71 71 67 65 61 57 50 50 50 50 50 50 50 50 50 50 50 47 46 46 45 41 41 37 36 31 27 15 15 9 7 1 1 1 1 1 1 1 1 0 0 0 
82 81 79 77 77 76 72 67 66 66 65 65 65 64 64 62 55 53 53 52 50 50 50 50 50 50 50 49 47 46 43 42 38 35 32 32 20 5 5 5 3 3 3 3 3 3 2 2 2 2 
87 87 86 81 80 79 79 78 78 76 75 73 69 54 50 50 50 50 50 50 47 45 41 41 40 40 38 38 38 36 34 30 22 18 12 12 10 9 7 1 0 0 0 0 0 0 0 0 0 0 
92 90 86 84 84 82 81 79 79 79 78 72 70 65 65 57 56 55 55 50 50 50 50 50 50 50 50 50 50 50 50 50 50 48 41 39 34 31 31 30 23 18 14 13 10 0 0 0 0 0 
91 89 88 88 87 87 86 85 85 83 82 80 78 78 77 70 65 61 54 51 50 50 50 50 50 50 50 49 49 48 47 47 42 38 33 31 24 23 21 20 17 15 11 10 8 6 2 2 2 1 
88 83 83 83 82 82 82 82 82 81 80 78 78 76 76 76 73 73 72 60 55 54 51 51 50 50 49 48 48 40 40 37 36 33 32 31 30 27 27 19 18 12 11 5 1 1 1 1 1 0 
85 81 80 80 80 80 79 79 76 76 76 76 75 71 55 50 50 50 50 50 50 50 47 47 43 42 36 34 34 32 25 22 20 15 13 12 11 4 3 0 0 0 0 0 0 0 0 0 0 0 
85 81 80 80 78 78 78 78 78 77 77 77 77 77 75 75 74 70 68 68 64 63 51 50 50 49 45 45 44 41 38 37 35 34 31 31 27 26 18 13 13 12 8 0 0 0 0 0 0 0 
90 88 86 84 84 84 84 84 84 84 81 81 81 81 81 80 78 77 74 74 72 70 67 66 65 64 63 56 51 51 51 50 49 46 41 32 31 31 28 27 25 22 18 15 12 12 9 2 2 1 
88 84 84 82 81 81 81 81 81 80 80 80 80 79 79 78 74 72 69 69 58 57 55 53 51 50 50 49 49 47 45 45 41 40 36 36 33 31 30 30 25 25 14 8 1 1 1 1 1 0 
83 81 79 79 78 77 77 76 76 75 75 75 73 71 70 59 57 56 54 52 52 52 49 49 47 47 47 46 44 41 41 37 37 37 32 29 27 22 20 14 13 13 12 7 3 2 1 1 1 1 
86 86 86 86 85 84 84 83 82 81 80 79 68 54 53 51 51 50 49 49 38 37 36 35 35 32 29 29 26 26 24 23 23 23 22 20 19 18 18 14 8 8 7 3 1 1 1 1 1 1 
93 92 91 91 91 91 90 90 89 89 88 88 87 86 74 73 62 56 56 54 52 52 51 49 48 43 42 41 41 39 33 29 23 22 20 20 20 20 18 17 17 14 13 9 8 8 8 5 5 5 
94 90 89 89 88 88 87 86 86 86 85 84 77 73 73 60 57 56 56 55 50 50 50 50 50 43 40 39 35 35 34 24 23 19 18 11 10 5 5 4 3 3 3 1 0 0 0 0 0 0 
90 89 88 88 87 87 85 85 85 85 85 82 80 72 66 66 64 64 63 62 62 53 53 52 52 52 50 49 49 46 46 45 42 37 36 33 31 28 28 19 19 19 19 16 16 14 14 5 5 3 
89 88 88 86 85 85 85 85 85 85 85 85 84 84 84 83 81 81 79 76 69 68 63 57 54 52 52 52 50 49 48 48 47 47 46 43 43 41 39 37 25 23 21 21 17 9 9 7 4 2 
86 86 85 85 84 82 80 80 80 80 78 77 73 73 72 68 58 53 52 51 47 46 46 46 46 45 41 41 39 37 35 32 27 23 22 19 17 4 2 2 2 2 2 2 2 2 2 2 0 0 
86 86 86 85 82 82 82 82 82 82 80 70 66 65 65 60 53 52 51 50 50 50 50 50 49 48 47 47 37 37 37 34 29 21 19 14 12 7 7 7 7 7 4 3 3 2 0 0 0 0 
92 91 90 90 90 90 90 89 89 88 87 84 83 83 82 81 81 77 75 74 73 68 59 57 54 51 50 50 50 44 44 44 43 35 34 33 29 26 22 17 15 15 15 14 11 8 7 3 1 1 
93 92 91 90 90 90 90 90 89 86 86 78 70 68 63 62 59 51 51 50 50 50 50 50 49 49 48 44 44 43 41 39 35 34 32 32 31 31 30 28 22 21 17 11 3 1 1 1 1 0 
93 92 90 90 90 90 90 89 88 88 88 88 87 84 78 78 66 64 51 51 51 51 50 50 50 50 49 49 48 46 44 43 42 42 41 41 34 32 32 30 21 13 13 9 5 5 4 2 2 1 
93 92 92 91 91 90 90 89 89 89 89 88 87 87 85 84 81 51 51 51 51 51 50 50 49 49 49 49 48 48 46 46 46 42 41 40 37 37 25 23 11 2 2 1 1 1 1 1 1 0 
90 90 90 89 89 89 88 87 87 85 85 84 83 83 76 73 71 58 57 50 50 50 50 50 50 50 50 49 49 48 47 47 46 46 45 39 37 34 33 30 16 7 5 3 1 0 0 0 0 0 
85 84 84 84 83 82 82 81 81 81 81 79 78 77 76 74 70 69 65 62 52 52 52 52 52 51 49 45 39 38 38 38 34 26 25 20 19 19 16 13 11 8 3 3 3 3 3 3 3 1 
91 89 88 86 86 86 85 85 85 82 82 80 80 74 74 60 53 51 51 51 50 49 48 47 47 46 46 46 40 39 39 37 34 32 25 25 19 14 14 13 7 7 5 5 5 5 2 2 2 2 
89 88 87 87 87 86 85 84 83 83 80 78 59 58 56 55 55 54 54 51 50 50 50 50 49 44 43 41 39 39 34 32 30 27 26 23 23 22 13 13 8 1 1 1 1 1 1 1 1 1 
85 84 84 84 84 83 82 82 80 80 79 79 77 76 73 66 64 62 53 50 50 50 50 50 50 49 49 48 45 44 39 39 37 36 35 34 32 30 28 25 11 9 6 1 0 0 0 0 0 0 
93 93 93 89 89 87 87 87 84 84 84 79 78 77 76 60 55 55 53 52 51 51 50 50 50 50 50 50 49 49 47 46 46 43 40 31 31 27 26 13 11 8 4 1 1 1 1 1 1 0 
91 90 90 89 89 88 88 88 88 88 88 87 85 85 80 78 78 78 75 73 67 67 61 57 55 52 51 50 50 50 50 48 48 47 43 42 41 30 29 29 22 14 13 12 11 1 1 0 0 0 
94 92 90 89 89 89 89 88 88 87 84 82 81 79 78 71 66 62 61 58 51 51 51 51 51 51 50 50 50 49 48 48 42 34 33 33 33 31 30 27 16 14 10 8 4 2 2 2 2 1 
91 90 90 90 90 89 87 87 87 87 87 85 84 84 72 63 59 55 54 53 51 51 51 51 51 51 49 42 42 42 42 40 40 36 36 35 31 30 25 20 16 16 14 9 2 2 2 2 2 1 
91 91 91 90 90 90 90 90 90 89 89 89 89 89 89 89 88 87 84 84 83 79 74 71 65 61 57 56 54 54 52 52 52 52 52 52 50 50 42 39 33 31 28 23 22 6 6 6 6 4 
95 94 93 92 91 91 91 91 91 91 89 86 74 73 63 62 56 54 54 54 50 50 50 50 50 50 50 50 50 49 49 49 48 47 46 43 32 32 31 26 18 14 10 7 0 0 0 0 0 0 
92 92 92 92 92 92 92 89 89 89 89 86 85 84 84 81 77 65 51 51 51 51 51 50 49 44 42 42 38 32 31 24 24 22 16 13 10 9 8 7 2 2 2 2 2 2 2 2 2 1 
90 89 88 88 88 88 88 88 88 87 86 85 53 50 50 50 50 50 50 50 50 50 50 49 49 49 48 41 40 39 38 37 33 32 31 30 21 15 7 7 0 0 0 0 0 0 0 0 0 0 
96 95 95 95 95 95 95 95 95 93 92 92 87 84 77 73 66 62 57 53 52 51 51 51 50 50 50 48 47 45 42 38 24 18 11 11 10 8 7 6 2 1 1 1 1 1 1 1 0 0 
94 93 93 93 93 92 92 92 92 90 85 84 83 73 58 56 51 51 51 50 50 50 50 50 50 50 47 46 44 40 39 38 38 36 35 25 15 13 9 8 7 5 5 1 1 1 1 1 1 0 
91 90 90 89 89 89 89 89 89 89 89 51 51 50 50 50 50 50 50 50 50 50 50 49 46 45 44 44 43 43 40 37 37 34 33 32 31 20 15 5 4 3 0 0 0 0 0 0 0 0 
