0.40625 0.8046875 0.875 0.3984375 0.765625 0.4765625 0.46875 0.25 0.1328125 0.5234375 
0.875 0.1328125 0.96875 0.125 0.9765625 0.0390625 0.0859375 0.1015625 0.1796875 1.0 
0.3125 0.046875 0.921875 0.8203125 0.875 0.1328125 0.96875 0.125 0.9765625 0.0390625 
0.921875 0.8203125 0.8046875 0.8828125 0.7890625 0.8125 0.6953125 0.3125 0.046875 0.09375 
0.921875 0.8203125 0.8046875 0.8828125 0.7890625 0.8125 0.6953125 0.796875 0.78125 0.8203125 
0.4140625 0.359375 0.5234375 0.1875 0.359375 0.2578125 0.46875 0.921875 0.8203125 0.8046875 
0.4140625 0.359375 0.5234375 0.1875 0.359375 0.2578125 0.359375 0.484375 0.46875 0.921875 
0.4140625 0.359375 0.5234375 0.1875 0.359375 0.2578125 0.359375 0.484375 0.484375 0.5234375 
0.3984375 0.4140625 0.359375 0.1875 0.359375 0.2578125 0.359375 0.484375 0.484375 0.3984375 
0.3984375 0.3828125 0.4140625 0.359375 0.1875 0.359375 0.2578125 0.359375 0.484375 0.484375 
0.3984375 0.40625 0.6640625 0.3828125 0.6796875 0.7578125 0.5625 0.4140625 0.359375 0.1875 
0.40625 0.40625 0.3984375 0.5546875 0.40625 0.6640625 0.3828125 0.640625 0.3828125 0.3515625 
0.40625 0.40625 0.421875 0.40625 0.3984375 0.5546875 0.40625 0.6640625 0.640625 0.640625 
0.40625 0.40625 0.421875 0.40625 0.40625 0.3984375 0.3828125 0.5546875 0.4296875 0.40625 
0.40625 0.40625 0.421875 0.40625 0.40625 0.421875 0.46875 0.3984375 0.4375 0.4296875 
0.40625 0.40625 0.421875 0.40625 0.40625 0.421875 0.46875 0.3984375 0.4140625 0.3671875 
0.40625 0.40625 0.421875 0.40625 0.40625 0.421875 0.4140625 0.4296875 0.453125 0.46875 
0.40625 0.40625 0.421875 0.40625 0.40625 0.421875 0.4140625 0.4296875 0.421875 0.453125 
0.40625 0.40625 0.40625 0.40625 0.4140625 0.4140625 0.390625 0.421875 0.421875 0.4296875 
0.40625 0.40625 0.40625 0.40625 0.4140625 0.4140625 0.390625 0.421875 0.421875 0.4296875 
0.40625 0.40625 0.40625 0.40625 0.4140625 0.390625 0.421875 0.421875 0.4296875 0.421875 
0.4140625 0.40625 0.40625 0.40625 0.40625 0.390625 0.4296875 0.4375 0.421875 0.421875 
0.4140625 0.40625 0.40625 0.40625 0.40625 0.421875 0.421875 0.390625 0.390625 0.4375 
0.4296875 0.4140625 0.390625 0.3828125 0.40625 0.40625 0.40625 0.40625 0.390625 0.4296875 
0.4140625 0.3828125 0.40625 0.40625 0.40625 0.40625 0.390625 0.4296875 0.390625 0.421875 
0.40625 0.40625 0.40625 0.40625 0.390625 0.390625 0.421875 0.4140625 0.4296875 0.40625 
0.40625 0.40625 0.40625 0.40625 0.390625 0.390625 0.40625 0.421875 0.4140625 0.4296875 
0.4296875 0.40625 0.40625 0.40625 0.40625 0.390625 0.40625 0.4140625 0.40625 0.390625 
0.4296875 0.3984375 0.40625 0.40625 0.40625 0.40625 0.4140625 0.390625 0.40625 0.390625 
0.3984375 0.4296875 0.4140625 0.390625 0.4375 0.4375 0.40625 0.390625 0.40625 0.40625 
0.4296875 0.3984375 0.4140625 0.390625 0.40625 0.40625 0.40625 0.4375 0.4375 0.390625 
0.4296875 0.4296875 0.421875 0.3984375 0.40625 0.40625 0.40625 0.390625 0.3984375 0.4140625 
0.4296875 0.4296875 0.421875 0.3984375 0.40625 0.40625 0.40625 0.390625 0.3984375 0.4140625 
0.3984375 0.390625 0.4140625 0.40625 0.390625 0.3984375 0.40625 0.4296875 0.40625 0.40625 
0.390625 0.4140625 0.3828125 0.40625 0.390625 0.3984375 0.40625 0.40625 0.40625 0.4296875 
0.390625 0.4140625 0.3828125 0.40625 0.390625 0.3984375 0.40625 0.40625 0.421875 0.40625 
0.4140625 0.3828125 0.40625 0.390625 0.3984375 0.40625 0.40625 0.421875 0.390625 0.40625 
0.4140625 0.3828125 0.40625 0.390625 0.3984375 0.40625 0.40625 0.421875 0.390625 0.40625 
0.390625 0.40625 0.40625 0.3984375 0.3828125 0.3828125 0.40625 0.3984375 0.421875 0.4375 
0.3828125 0.390625 0.40625 0.40625 0.3984375 0.4375 0.3828125 0.40625 0.3984375 0.421875 
0.390625 0.40625 0.40625 0.3828125 0.40625 0.3984375 0.421875 0.4375 0.3984375 0.390625 
0.3828125 0.3984375 0.390625 0.390625 0.40625 0.40625 0.390625 0.390625 0.3828125 0.3984375 
0.3828125 0.390625 0.3984375 0.390625 0.390625 0.4140625 0.3984375 0.3984375 0.40625 0.40625 
0.3984375 0.3828125 0.390625 0.390625 0.40625 0.3984375 0.3984375 0.4140625 0.3984375 0.3984375 
0.3671875 0.4140625 0.3984375 0.4296875 0.3984375 0.4140625 0.4296875 0.3984375 0.390625 0.390625 
0.3984375 0.3984375 0.3671875 0.4140625 0.4140625 0.4296875 0.3984375 0.390625 0.390625 0.40625 
0.3984375 0.390625 0.390625 0.390625 0.3984375 0.3671875 0.4140625 0.4140625 0.3984375 0.40625 
0.4140625 0.3984375 0.3984375 0.3984375 0.40625 0.390625 0.390625 0.390625 0.3671875 0.4140625 
0.4140625 0.3984375 0.3984375 0.3671875 0.390625 0.390625 0.390625 0.4140625 0.3984375 0.40625 
0.421875 0.4140625 0.3984375 0.3671875 0.3984375 0.390625 0.390625 0.390625 0.4140625 0.3984375 
