50 50 50 50 50 50 50 50 50 50 50 9 7 5 4 4 2 2 2 2 2 2 2 2 2 2 2 2 2 2 2 2 2 2 2 2 2 2 2 2 2 2 2 0 0 0 0 0 0 0 
51 51 50 50 50 50 50 50 50 50 50 50 50 50 50 50 50 50 9 9 6 6 5 1 1 1 1 1 1 1 1 1 1 1 1 1 1 1 1 1 1 1 1 1 1 1 1 0 0 0 
65 59 52 52 50 50 50 50 50 50 50 50 50 50 50 50 50 50 50 50 50 50 7 4 3 2 2 2 2 2 2 2 2 2 2 2 2 2 2 2 2 1 0 0 0 0 0 0 0 0 
83 68 55 55 51 51 51 50 50 50 50 50 50 50 50 50 50 50 50 50 50 50 50 50 48 5 5 4 4 3 1 1 1 1 1 1 1 1 1 1 1 1 0 0 0 0 0 0 0 0 
78 71 54 54 53 53 53 53 53 53 53 53 53 53 53 51 51 51 51 51 51 50 50 50 50 50 50 41 28 19 12 12 11 4 4 4 4 4 4 4 4 4 4 4 3 3 3 3 1 1 
85 83 66 60 56 56 50 50 50 50 50 50 50 50 50 50 50 50 50 50 50 50 50 50 50 50 50 50 37 30 25 24 23 17 8 6 6 6 0 0 0 0 0 0 0 0 0 0 0 0 
85 84 64 58 58 58 57 53 53 51 50 50 50 50 50 50 50 50 50 50 50 50 50 50 50 50 50 50 47 42 26 23 17 16 12 11 9 3 3 3 3 3 3 3 3 3 3 3 0 0 
83 80 69 65 63 61 59 59 57 50 50 50 50 50 50 50 50 50 50 50 50 50 50 49 46 20 19 19 18 17 16 10 9 9 9 0 0 0 0 0 0 0 0 0 0 0 0 0 0 0 
82 78 60 58 58 58 58 57 55 55 55 54 51 51 51 51 50 50 50 50 45 42 38 38 34 33 28 11 10 10 5 1 1 1 1 1 1 1 1 1 1 1 1 1 1 1 0 0 0 0 
76 75 62 62 61 60 59 58 58 57 57 56 56 55 55 51 51 51 50 50 50 49 34 34 32 25 25 21 13 13 11 10 10 9 8 5 5 1 1 1 1 1 1 1 1 1 1 0 0 0 
80 79 65 65 64 63 63 63 63 59 57 57 56 56 53 53 51 51 51 51 51 51 50 50 45 39 35 34 33 32 19 16 15 15 14 13 8 6 4 4 2 2 2 2 2 2 1 1 1 1 
79 79 76 69 66 66 65 64 64 64 64 64 64 63 60 59 59 57 51 51 50 50 50 50 49 48 45 45 39 26 16 9 9 9 8 7 7 5 5 1 1 1 1 1 1 1 1 1 0 0 
80 79 79 75 66 61 60 60 59 59 58 58 58 57 57 57 57 57 56 56 56 55 55 54 53 52 51 51 50 50 46 40 31 22 16 9 7 7 6 5 4 4 1 1 1 1 1 1 1 1 
86 78 77 77 77 77 75 67 63 62 62 59 59 59 59 59 56 56 53 53 52 51 51 50 50 50 49 48 45 41 36 35 26 14 13 12 11 10 10 10 9 9 8 7 7 5 5 4 4 1 
87 85 85 84 84 84 84 84 77 77 75 66 64 64 64 64 60 60 60 60 60 60 57 55 54 52 52 52 50 44 43 42 42 39 32 31 23 18 18 17 15 14 12 11 10 8 2 2 2 0 
90 89 86 84 82 82 77 76 76 76 76 76 76 75 73 70 68 68 58 58 51 51 50 50 50 50 50 49 48 47 46 45 39 25 20 19 15 9 8 8 7 6 6 1 1 1 1 1 0 0 
92 90 90 89 84 82 75 74 72 72 72 72 72 70 65 63 62 60 60 59 56 54 54 54 54 52 51 51 50 50 50 50 50 50 47 45 44 27 21 14 13 12 12 10 10 8 8 2 2 2 
95 91 91 88 87 85 85 83 81 80 79 78 78 78 59 58 57 56 56 55 53 51 51 51 51 51 50 50 50 49 48 47 44 43 42 33 19 18 16 13 11 11 9 8 7 7 6 1 0 0 
93 89 88 87 87 87 87 84 83 83 82 82 79 79 77 77 75 75 73 66 59 57 55 55 52 50 50 50 46 36 35 33 18 16 15 13 13 12 10 7 7 7 7 5 4 2 2 2 2 0 
93 93 91 90 90 90 90 89 89 89 88 87 86 83 82 73 70 55 54 54 51 50 50 50 50 50 50 50 50 50 50 48 36 36 34 34 34 31 12 11 10 5 4 4 4 3 1 1 1 0 
93 92 91 91 91 91 90 90 90 90 90 88 87 84 78 51 51 50 50 50 50 50 50 50 50 48 43 43 43 41 41 41 35 32 24 19 15 14 14 14 11 10 6 3 1 1 1 1 1 1 
96 95 94 94 94 94 93 91 91 91 91 90 75 60 58 57 51 50 50 50 50 50 50 48 46 46 42 28 27 21 20 17 11 11 9 9 8 8 8 7 7 7 0 0 0 0 0 0 0 0 
93 93 93 93 93 93 90 90 90 90 89 88 83 79 60 59 56 55 51 51 51 51 50 47 47 43 43 42 41 40 40 37 37 35 32 31 25 12 10 10 9 9 7 3 1 1 1 1 1 0 
94 93 93 93 93 93 92 92 92 91 88 83 83 82 80 60 59 54 50 50 50 50 50 50 50 50 50 49 47 46 45 43 41 40 39 33 31 10 6 5 0 0 0 0 0 0 0 0 0 0 
92 92 91 91 91 91 91 91 91 88 88 88 88 83 83 83 79 77 76 75 74 67 66 61 58 52 52 50 50 50 50 50 46 40 40 36 30 28 27 21 21 20 20 7 6 2 2 0 0 0 
99 97 96 96 96 95 94 94 94 94 94 94 94 94 94 92 90 88 79 77 74 65 59 58 56 55 51 51 51 51 50 50 50 50 50 48 40 24 23 22 20 18 13 12 9 2 2 2 1 1 
95 94 94 94 94 94 94 94 93 93 92 92 91 89 88 79 77 76 65 58 54 51 51 51 51 51 50 47 37 33 29 29 27 22 21 20 13 13 9 8 4 2 2 2 2 2 2 2 1 1 
94 93 90 90 90 89 89 89 89 89 89 89 87 86 85 79 78 78 76 70 63 63 54 50 50 50 50 49 48 46 44 42 42 35 28 28 24 22 18 15 9 2 0 0 0 0 0 0 0 0 
97 96 95 95 95 95 95 95 95 94 94 94 93 93 93 93 93 93 92 92 92 80 79 59 57 52 52 52 51 50 49 49 49 49 47 44 23 22 22 21 19 16 8 8 5 5 5 3 3 2 
94 94 93 93 93 93 92 92 92 92 92 91 90 89 89 85 81 73 71 68 55 51 51 51 50 50 50 49 49 49 48 47 45 44 43 39 39 11 7 6 6 5 2 1 1 1 1 1 1 1 
93 93 92 92 92 91 90 90 90 90 90 89 88 87 87 87 84 83 80 74 73 67 59 57 56 50 50 50 50 50 49 49 49 49 48 47 45 44 44 42 12 11 10 3 0 0 0 0 0 0 
94 94 94 94 94 94 94 93 93 93 93 92 92 92 92 92 88 84 83 81 76 75 74 72 64 61 60 59 59 59 59 53 51 50 50 49 45 44 38 38 33 30 26 9 6 1 1 1 1 1 
95 95 94 94 94 94 93 93 92 92 92 92 92 92 89 88 85 82 77 75 73 71 68 67 67 66 66 64 61 60 58 56 55 55 50 50 50 50 50 47 46 45 39 38 27 8 5 4 4 0 
96 96 96 95 95 95 94 94 94 94 93 92 92 92 87 82 81 77 68 67 66 64 64 63 63 59 59 58 57 52 52 51 51 51 51 51 51 51 51 50 50 50 49 48 47 42 32 28 8 3 
97 96 96 95 95 95 94 94 94 94 93 93 90 87 87 86 84 79 78 74 72 69 66 56 55 55 55 54 53 51 50 50 50 50 49 47 44 42 41 40 39 36 33 13 12 11 9 5 0 0 
92 92 91 90 90 90 89 89 89 88 88 88 87 86 85 78 77 75 75 72 70 61 58 53 52 51 50 50 50 50 50 50 48 39 34 24 17 12 8 6 5 4 2 1 1 1 1 1 1 1 
94 92 91 91 91 91 91 90 90 90 90 90 89 89 88 88 78 66 60 60 60 59 59 58 58 55 52 51 50 50 50 50 49 49 47 45 45 44 23 23 20 20 16 12 11 9 1 1 1 0 
94 93 93 93 93 93 93 92 92 92 92 92 92 91 90 84 78 70 59 58 57 54 53 53 51 50 50 50 50 50 49 49 48 47 47 45 44 44 42 42 40 36 35 27 8 6 6 0 0 0 
96 96 96 95 95 95 95 94 94 94 94 93 91 80 63 60 56 55 54 53 53 53 53 51 50 50 50 50 49 49 45 45 44 39 34 26 25 13 6 6 5 5 1 1 1 1 1 1 1 0 
91 90 90 90 90 89 89 89 89 89 89 88 88 88 87 84 84 82 72 64 63 62 61 60 56 56 51 51 50 50 50 50 50 49 46 42 29 25 23 19 15 13 13 9 1 1 1 1 0 0 
90 89 89 88 87 86 86 86 86 86 84 82 81 80 78 67 64 61 57 56 56 54 53 53 51 51 50 50 50 50 50 49 48 46 44 40 40 39 39 38 38 38 35 15 9 7 5 2 1 1 
93 91 91 91 91 91 89 89 88 88 88 87 80 78 67 57 57 57 54 51 50 50 50 50 50 49 45 44 40 39 36 32 17 15 9 9 8 7 7 6 3 2 2 1 1 1 1 1 1 1 
95 95 95 94 94 94 94 94 94 94 93 93 91 90 86 84 73 65 63 61 59 58 56 54 52 51 51 51 51 51 51 49 48 48 48 43 43 38 38 37 18 16 14 10 7 6 2 2 1 1 
91 91 90 90 90 90 90 90 90 89 89 89 89 89 88 87 86 83 74 69 60 57 51 51 51 50 50 50 50 50 43 41 34 34 33 30 28 27 21 15 11 2 2 1 1 1 1 1 0 0 
96 96 96 96 96 95 95 95 95 94 92 92 90 86 86 82 81 77 75 72 64 55 52 52 52 52 51 50 50 50 50 50 50 50 50 50 49 48 46 45 39 7 7 6 3 2 2 2 2 2 
91 91 91 91 91 91 91 90 90 90 90 89 89 88 86 84 77 75 74 73 57 56 51 51 51 51 49 49 47 46 45 45 44 43 38 36 36 35 34 33 27 26 21 12 8 7 6 2 1 1 
92 91 90 89 89 89 89 89 89 88 88 87 84 80 63 62 60 57 57 52 50 50 50 50 50 48 48 48 46 46 46 45 42 40 40 37 36 28 24 7 1 0 0 0 0 0 0 0 0 0 
92 91 91 91 91 91 91 90 90 90 90 88 88 87 85 81 69 64 57 54 53 53 50 50 50 50 50 47 46 44 41 40 37 33 24 21 15 13 8 3 3 3 3 3 3 3 3 3 0 0 
89 89 89 89 89 89 89 89 88 88 88 87 86 86 82 82 80 79 77 71 54 50 50 50 49 47 47 47 46 46 44 44 40 37 30 23 22 10 7 6 6 6 5 0 0 0 0 0 0 0 
92 90 90 90 90 90 90 90 89 89 89 88 87 83 82 82 79 65 55 52 52 52 52 52 52 50 50 50 50 49 49 46 43 40 40 32 26 26 22 19 16 14 14 14 4 2 2 2 2 2 
