0.3515625 0.71875 0.203125 0.4140625 0.5 0.1171875 0.0703125 0.0625 0.2421875 0.7578125 
0.734375 0.2578125 0.1171875 0.0703125 0.0625 0.1875 0.015625 0.1015625 0.1171875 0.0 
0.328125 0.734375 0.2578125 0.1171875 0.0703125 0.0625 0.1875 0.015625 0.1015625 0.1171875 
0.328125 0.734375 0.2578125 0.1171875 0.0703125 0.0625 0.1875 0.015625 0.1015625 0.1171875 
0.328125 0.2578125 0.328125 0.1171875 0.296875 0.734375 0.1171875 0.0703125 0.0625 0.1875 
0.1328125 0.328125 0.2578125 0.328125 0.1171875 0.296875 0.265625 0.125 0.359375 0.3203125 
0.1328125 0.328125 0.2578125 0.328125 0.1171875 0.296875 0.265625 0.125 0.359375 0.3203125 
0.390625 0.375 0.1328125 0.328125 0.2578125 0.328125 0.1171875 0.296875 0.265625 0.125 
0.375 0.1328125 0.390625 0.328125 0.375 0.2578125 0.328125 0.1171875 0.296875 0.265625 
0.390625 0.1328125 0.375 0.375 0.4140625 0.328125 0.375 0.4453125 0.3515625 0.2578125 
0.375 0.390625 0.3984375 0.375 0.3828125 0.375 0.4140625 0.328125 0.3828125 0.1328125 
0.4140625 0.375 0.3828125 0.1328125 0.328125 0.390625 0.3984375 0.375 0.375 0.4140625 
0.4140625 0.375 0.375 0.3828125 0.390625 0.3984375 0.375 0.3828125 0.4140625 0.375 
0.4375 0.4140625 0.375 0.375 0.375 0.3828125 0.390625 0.3984375 0.3828125 0.390625 
0.4375 0.4140625 0.4140625 0.375 0.3984375 0.375 0.375 0.3828125 0.390625 0.3984375 
0.4375 0.4375 0.4140625 0.40625 0.375 0.3984375 0.375 0.375 0.3828125 0.390625 
0.453125 0.4375 0.4375 0.3984375 0.4140625 0.4140625 0.40625 0.375 0.3828125 0.40625 
0.453125 0.4140625 0.4375 0.421875 0.4140625 0.4453125 0.3984375 0.4375 0.4140625 0.40625 
0.453125 0.4140625 0.4375 0.4375 0.4140625 0.421875 0.4765625 0.4140625 0.40625 0.3984375 
0.453125 0.4140625 0.4375 0.421875 0.4375 0.3984375 0.4375 0.4140625 0.4140625 0.4765625 
0.4140625 0.453125 0.4375 0.4296875 0.4375 0.4375 0.4375 0.5 0.421875 0.3984375 
0.453125 0.4140625 0.4296875 0.4375 0.5 0.4375 0.3984375 0.453125 0.421875 0.421875 
0.4140625 0.421875 0.4140625 0.453125 0.4375 0.4375 0.4296875 0.4453125 0.3984375 0.4296875 
0.421875 0.453125 0.4140625 0.4296875 0.4375 0.4453125 0.4140625 0.4453125 0.4453125 0.3984375 
0.421875 0.4140625 0.4375 0.453125 0.4296875 0.4296875 0.4140625 0.4453125 0.390625 0.4453125 
0.4140625 0.421875 0.453125 0.4453125 0.390625 0.4375 0.4140625 0.4453125 0.4453125 0.4296875 
0.421875 0.4140625 0.453125 0.390625 0.4375 0.4140625 0.453125 0.4453125 0.4453125 0.4296875 
0.421875 0.4140625 0.4375 0.4140625 0.4453125 0.453125 0.453125 0.4296875 0.390625 0.4453125 
0.421875 0.4140625 0.4375 0.390625 0.453125 0.4140625 0.4453125 0.4453125 0.453125 0.4296875 
0.421875 0.4140625 0.4375 0.4453125 0.453125 0.453125 0.4140625 0.4453125 0.4296875 0.390625 
0.421875 0.4140625 0.453125 0.4296875 0.4296875 0.4375 0.453125 0.4296875 0.4453125 0.4140625 
0.421875 0.4140625 0.4140625 0.453125 0.4375 0.4296875 0.4296875 0.4609375 0.484375 0.453125 
0.4453125 0.453125 0.421875 0.4609375 0.4140625 0.4140625 0.4375 0.4375 0.484375 0.4453125 
0.4453125 0.4140625 0.421875 0.453125 0.4609375 0.4140625 0.4375 0.4375 0.453125 0.4375 
0.421875 0.4453125 0.453125 0.4140625 0.4375 0.4375 0.4140625 0.4609375 0.453125 0.421875 
0.421875 0.4140625 0.4453125 0.453125 0.453125 0.4140625 0.4609375 0.4609375 0.4375 0.4375 
0.4140625 0.453125 0.421875 0.4609375 0.453125 0.4140625 0.4609375 0.4375 0.4375 0.4609375 
0.4609375 0.421875 0.453125 0.4140625 0.4140625 0.453125 0.453125 0.4609375 0.4609375 0.4375 
0.421875 0.4140625 0.4375 0.453125 0.4609375 0.453125 0.4140625 0.453125 0.46875 0.4609375 
0.421875 0.4609375 0.453125 0.453125 0.4375 0.453125 0.4609375 0.4140625 0.4609375 0.46875 
0.4140625 0.4453125 0.4609375 0.453125 0.421875 0.4609375 0.453125 0.4375 0.4609375 0.46875 
0.4453125 0.421875 0.4140625 0.4375 0.453125 0.453125 0.4609375 0.4609375 0.4609375 0.4609375 
0.421875 0.453125 0.4140625 0.453125 0.4453125 0.4453125 0.4609375 0.453125 0.4609375 0.4375 
0.421875 0.453125 0.453125 0.4453125 0.4609375 0.4140625 0.4453125 0.4609375 0.453125 0.4609375 
0.453125 0.4453125 0.4140625 0.421875 0.4609375 0.4453125 0.4609375 0.453125 0.4609375 0.453125 
0.453125 0.4140625 0.421875 0.4453125 0.4296875 0.4140625 0.4609375 0.453125 0.4609375 0.453125 
0.453125 0.4453125 0.4140625 0.421875 0.4296875 0.4609375 0.453125 0.4609375 0.453125 0.4140625 
0.453125 0.4609375 0.4296875 0.4453125 0.453125 0.4609375 0.421875 0.4609375 0.4140625 0.4453125 
0.4453125 0.421875 0.4609375 0.453125 0.453125 0.4609375 0.4609375 0.4296875 0.4609375 0.4453125 
0.421875 0.4609375 0.4296875 0.453125 0.4453125 0.4609375 0.4453125 0.4453125 0.453125 0.4609375 
