% Ministry of Cellular Automata
% Project Deux (CS523 Spring 2015)
% Version:v0.1-66-g3e0f-dirty
%  pop:50
%  ic count:100
%  CA Log option:r3/run30
%  width:121
%  max workers:4
%  radius:3
%  iterations:300
%  generations:50

 generation 0.3.3.3.3.50.3.50.3.50.3.3.3.50.3.7.3.3.3.0.3.3.50.3.3.0.3.0.50.37.3.50.3.0.0.50.3.3.3.3.50.0.53.0.3.3.50.44.3.3.3.xover.mutate.done 50
 generation 1.48.50.50.50.50.50.50.50.50.50.0.4.0.15.50.0.50.50.0.0.50.50.50.50.50.50.50.50.50.0.47.0.0.7.0.49.0.0.0.42.0.0.0.50.35.0.0.0.50.50.xover.mutate.done 50
 generation 2.50.50.50.50.50.50.50.50.50.53.6.50.6.3.50.6.3.6.3.50.3.3.3.50.53.3.53.50.50.6.50.54.6.6.49.44.50.53.3.17.50.6.3.3.50.3.50.11.6.53.xover.mutate.done 50
 generation 3.57.50.51.50.50.50.50.50.50.50.0.50.8.7.1.50.0.1.1.50.1.50.0.1.1.1.26.50.1.15.57.50.1.0.50.49.50.50.50.1.1.1.1.0.16.50.0.50.0.1.xover.mutate.done 50
 generation 4.56.63.52.51.52.51.51.50.50.50.14.3.51.10.3.50.2.50.50.3.17.50.52.10.1.50.2.3.50.8.51.2.37.3.50.60.50.3.52.43.1.1.50.53.60.2.51.3.51.50.xover.mutate.done 50
 generation 5.55.56.53.57.57.51.51.51.51.52.48.3.37.8.51.1.1.51.3.50.52.8.3.2.3.52.3.50.3.21.4.3.3.3.50.52.3.2.3.53.51.2.21.2.52.3.3.1.50.1.xover.mutate.done 50
 generation 6.46.47.38.53.53.53.51.51.51.51.53.50.1.53.2.1.50.1.50.50.53.51.51.58.2.51.50.1.51.51.51.50.51.50.51.10.50.53.26.4.50.1.51.1.38.50.2.2.1.51.xover.mutate.done 50
 generation 7.60.60.57.57.57.57.57.57.51.51.7.50.1.57.51.3.3.52.57.50.49.51.48.34.3.2.29.43.8.50.51.8.2.1.50.3.53.51.56.37.65.1.8.1.52.57.52.50.5.50.xover.mutate.done 50
 generation 8.63.60.56.55.55.55.55.55.55.55.5.1.1.0.46.50.1.55.28.5.51.50.33.50.50.1.55.50.1.0.8.72.55.5.1.22.10.1.22.1.46.55.5.1.1.55.17.1.27.55.xover.mutate.done 50
 generation 9.70.65.61.60.58.58.58.58.58.58.46.10.51.3.3.10.2.16.28.54.46.51.48.10.59.51.58.10.58.71.58.58.10.16.51.3.60.52.3.3.15.58.31.12.48.3.3.58.58.1.xover.mutate.done 50
 generation 10.74.67.65.59.57.57.57.57.57.57.8.3.57.6.74.1.12.1.8.50.14.1.1.50.13.57.14.33.74.57.8.0.46.8.57.0.52.7.13.14.46.57.31.50.50.57.50.50.35.11.xover.mutate.done 50
 generation 11.71.72.68.72.64.62.59.59.57.54.54.1.13.4.33.37.9.18.50.50.54.54.1.5.13.50.71.26.20.1.63.5.54.46.72.92.21.58.1.13.54.13.1.12.0.26.11.54.5.54.xover.mutate.done 50
 generation 12.93.76.64.76.75.63.65.61.57.61.6.0.55.55.81.54.9.54.46.21.58.74.94.55.18.55.6.13.55.14.5.56.58.48.19.81.1.63.55.18.92.6.6.59.5.39.1.50.55.54.xover.mutate.done 50
 generation 13.91.91.90.78.85.75.75.79.74.66.17.37.6.75.2.47.5.1.18.43.49.74.2.54.40.17.10.17.38.62.12.42.54.60.59.54.17.51.7.54.57.17.54.13.5.11.83.2.51.9.xover.mutate.done 50
 generation 14.92.92.92.85.85.72.84.76.76.76.10.2.50.57.45.64.51.10.14.39.25.2.60.20.76.51.82.30.57.47.56.50.56.56.1.8.56.13.69.58.9.56.56.90.57.17.1.10.80.50.xover.mutate.done 50
 generation 15.94.95.96.95.81.80.76.80.71.75.29.8.50.70.36.53.7.54.1.75.58.86.51.38.2.23.48.28.21.2.7.62.65.95.2.18.51.51.55.97.7.96.21.7.77.51.34.9.1.51.xover.mutate.done 50
 generation 16.93.90.90.90.90.90.90.92.88.77.65.52.2.46.85.13.63.47.15.83.69.50.39.34.11.89.23.27.52.58.36.50.54.67.14.86.92.2.52.60.62.71.41.52.2.63.52.16.48.36.xover.mutate.done 50
 generation 17.92.89.92.89.91.88.89.89.92.90.6.31.20.50.68.61.2.2.47.60.89.85.57.10.50.66.20.50.48.57.22.12.3.50.50.2.88.2.50.51.50.6.49.2.2.6.50.59.57.50.xover.mutate.done 50
 generation 18.91.91.92.90.92.85.92.93.93.93.52.78.4.47.26.33.4.33.50.5.50.93.64.50.4.44.45.7.4.45.88.49.81.34.50.75.67.83.92.45.92.15.50.75.50.87.7.50.4.50.xover.mutate.done 50
 generation 19.95.95.95.95.94.92.96.94.95.95.58.2.45.7.52.94.51.65.85.63.51.7.50.47.8.61.51.51.74.2.82.35.51.51.50.8.58.2.51.8.50.8.58.2.2.78.17.84.2.89.xover.mutate.done 50
 generation 20.90.91.91.91.91.93.92.92.92.92.9.27.10.31.36.8.33.49.18.37.9.50.48.85.6.44.0.57.7.50.50.50.56.15.3.14.50.36.9.28.10.90.37.41.9.93.93.43.5.34.xover.mutate.done 50
 generation 21.97.98.98.98.98.98.98.96.96.96.15.8.0.0.7.44.48.0.7.30.55.80.50.0.32.50.49.54.0.8.90.6.0.5.36.18.8.0.13.50.0.0.0.50.0.50.0.7.5.50.xover.mutate.done 50
 generation 22.95.92.92.93.92.92.89.90.90.90.3.77.93.2.2.45.3.89.92.45.41.2.51.92.2.23.51.1.56.2.2.2.51.50.51.3.1.51.10.37.50.18.52.73.49.2.6.49.92.29.xover.mutate.done 50
 generation 23.89.90.83.90.89.89.89.88.89.86.88.68.52.4.52.50.29.7.57.4.54.8.6.19.86.4.89.52.27.52.85.28.26.7.7.24.64.47.50.6.38.17.2.50.8.56.52.17.48.50.xover.mutate.done 50
 generation 24.92.94.90.94.94.94.92.89.94.86.2.46.13.58.50.6.2.45.2.2.2.50.36.42.47.52.48.58.84.2.54.58.56.9.8.2.10.2.44.10.58.21.13.91.8.58.10.0.22.94.xover.mutate.done 50
 generation 25.88.89.88.88.87.88.89.89.88.88.83.1.1.50.42.10.10.43.47.10.15.0.44.1.1.49.14.63.10.88.48.8.30.50.48.6.14.34.54.16.38.1.8.50.66.10.1.53.44.10.xover.mutate.done 50
 generation 26.91.91.91.92.92.92.92.90.91.92.57.24.51.10.1.71.31.1.14.8.47.8.91.1.80.77.48.0.56.30.1.15.48.91.1.16.20.6.37.7.6.1.17.11.24.57.55.21.62.51.xover.mutate.done 50
 generation 27.92.92.92.92.94.92.92.92.93.92.81.5.51.54.35.56.54.92.49.10.48.2.48.10.9.46.52.8.51.42.81.47.5.54.1.1.93.40.13.54.12.2.2.42.38.53.82.37.5.2.xover.mutate.done 50
 generation 28.92.94.96.95.95.95.95.95.96.95.63.82.12.47.0.48.50.95.5.15.12.10.92.0.95.0.0.42.5.69.0.0.43.92.50.94.0.61.66.0.43.0.49.0.18.11.54.54.50.54.xover.mutate.done 50
 generation 29.91.91.92.92.92.92.91.91.92.92.70.56.7.50.2.49.49.9.14.50.92.10.50.63.47.62.7.10.11.79.13.7.10.74.32.53.2.59.2.37.56.18.1.50.1.60.59.10.23.19.xover.mutate.done 50
 generation 30.92.91.91.91.90.91.90.93.93.90.54.3.7.3.40.58.3.1.32.24.3.52.67.3.11.1.1.50.3.1.3.45.24.25.50.15.88.26.62.21.90.52.75.51.40.52.73.52.90.3.xover.mutate.done 50
 generation 31.92.92.91.93.93.93.93.93.90.93.43.52.18.49.78.48.86.11.47.9.50.0.0.93.50.6.91.55.0.20.60.0.46.50.0.46.0.16.3.49.89.46.5.50.5.32.0.47.44.50.xover.mutate.done 50
 generation 32.95.95.95.95.93.93.91.91.93.94.49.3.57.3.3.51.82.9.25.50.45.31.50.93.57.17.82.90.50.50.26.3.45.10.3.29.51.68.45.50.56.50.12.50.3.9.50.50.3.17.xover.mutate.done 50
 generation 33.92.92.92.92.92.92.94.91.90.91.64.64.9.55.58.16.93.22.1.51.54.7.54.6.54.20.88.50.50.50.7.1.1.0.8.14.61.1.25.1.8.55.26.50.1.56.64.48.51.92.xover.mutate.done 50
 generation 34.90.91.89.89.89.89.89.89.90.90.40.90.90.45.2.85.18.2.7.7.8.2.52.10.90.0.14.90.2.50.52.48.57.9.56.9.6.38.50.7.52.13.9.0.16.2.9.2.48.9.xover.mutate.done 50
 generation 35.90.93.93.94.91.94.91.91.94.94.7.2.20.8.1.8.56.22.56.2.94.65.72.8.42.57.61.56.11.50.45.20.84.55.61.51.8.48.2.9.78.50.79.56.46.7.57.49.67.61.xover.mutate.done 50
 generation 36.94.94.96.96.96.97.96.93.93.93.1.83.10.52.45.53.48.93.13.53.36.31.51.37.51.34.3.54.11.52.9.90.94.47.41.96.46.50.5.7.7.48.55.97.3.69.23.39.92.47.xover.mutate.done 50
 generation 37.96.96.95.95.96.95.96.96.96.95.10.42.75.87.97.35.47.93.11.92.21.50.46.36.0.56.47.0.11.50.4.86.54.58.85.56.50.91.49.95.54.7.84.60.6.5.0.14.66.56.xover.mutate.done 50
 generation 38.95.95.95.95.95.95.95.94.94.95.3.49.46.57.53.94.53.51.37.94.55.16.22.84.8.3.17.56.41.56.51.15.51.8.39.51.22.32.51.15.3.64.3.54.95.14.59.46.51.51.xover.mutate.done 50
 generation 39.92.94.94.93.94.95.94.93.94.94.1.1.6.55.76.41.57.51.1.1.54.6.19.51.1.9.11.51.1.51.17.57.94.72.65.94.51.46.49.6.16.6.1.87.95.1.57.6.7.1.xover.mutate.done 50
 generation 40.92.91.91.91.92.93.91.91.91.92.51.20.2.10.2.2.9.1.92.2.56.22.61.2.51.23.17.17.51.2.68.45.67.2.2.62.91.10.65.21.51.12.56.2.7.25.51.44.10.2.xover.mutate.done 50
 generation 41.94.96.96.96.96.97.95.95.96.96.17.59.11.11.31.2.2.52.52.12.69.49.13.2.2.24.11.52.2.18.53.32.62.52.96.65.58.49.19.40.52.42.52.58.62.18.2.56.44.44.xover.mutate.done 50
 generation 42.94.94.93.93.93.94.94.93.93.93.72.51.54.47.53.1.54.51.51.51.51.49.93.1.93.49.90.1.50.41.57.1.51.51.1.16.48.93.48.15.37.51.1.1.1.50.50.1.36.3.xover.mutate.done 50
 generation 43.94.95.95.95.94.94.94.94.95.95.95.1.56.50.50.56.53.1.7.6.50.95.50.1.1.8.51.12.50.6.1.6.7.89.22.54.50.69.1.50.83.47.50.1.1.7.95.95.46.50.xover.mutate.done 50
 generation 44.92.93.92.92.92.92.92.92.92.92.3.54.9.10.2.5.51.6.2.47.1.92.22.5.2.3.18.11.51.92.35.89.51.15.51.51.2.93.1.5.51.49.5.2.51.54.59.79.2.93.xover.mutate.done 50
 generation 45.94.94.94.94.94.94.94.94.94.94.53.52.30.64.95.74.82.27.56.10.50.30.1.9.93.50.56.56.1.1.5.50.20.34.1.1.5.1.53.1.21.44.81.50.75.7.10.1.43.51.xover.mutate.done 50
 generation 46.92.94.94.93.95.95.95.95.95.95.24.47.18.12.7.92.51.45.92.5.10.4.50.6.50.93.51.53.5.50.27.4.64.79.14.80.56.49.4.4.10.3.5.9.5.50.8.43.1.49.xover.mutate.done 50
 generation 47.96.97.96.96.97.96.97.96.95.96.50.5.50.16.1.95.14.89.92.45.53.43.5.9.5.11.5.50.13.88.50.42.54.75.51.16.5.5.50.40.81.42.11.28.5.50.5.5.91.54.xover.mutate.done 50
 generation 48.92.92.93.93.93.93.93.93.91.92.5.15.0.45.50.56.1.4.0.1.45.54.20.0.10.0.6.93.51.9.68.43.57.1.51.49.20.91.6.1.1.87.33.5.58.0.12.70.1.1.xover.mutate.done 50
 generation 49.93.93.93.93.93.93.93.93.93.93.58.51.3.50.6.1.28.53.51.56.59.5.8.7.53.20.48.1.39.45.54.48.11.58.66.1.50.54.5.19.92.90.49.51.0.22.50.51.48.51.xover.mutate.done 50
 32674394 iters     726612 iter/sec (44.97 s)
 total time: 44.97
