% Ministry of Cellular Automata
% Project Deux (CS523 Spring 2015)
% Version:v0.1-66-g3e0f-dirty
%  pop:50
%  ic count:100
%  CA Log option:r3/run33
%  width:121
%  max workers:4
%  radius:3
%  iterations:300
%  generations:50

 generation 0.0.0.0.0.0.0.50.0.0.0.0.0.0.0.50.0.0.0.50.0.0.0.0.50.0.0.50.0.50.0.0.0.50.0.0.0.12.0.0.50.50.50.0.0.0.0.0.50.50.0.xover.mutate.done 50
 generation 1.50.50.50.50.50.50.50.50.50.50.53.1.50.0.1.50.50.51.1.1.0.1.50.0.1.31.50.1.24.51.1.51.0.1.0.51.51.1.1.1.50.1.1.1.1.1.1.0.51.1.xover.mutate.done 50
 generation 2.41.52.52.52.52.52.52.50.50.50.2.51.52.51.21.32.50.50.52.52.52.1.1.50.2.51.52.50.44.38.2.50.2.50.1.52.5.3.19.2.3.52.2.50.3.62.52.50.24.52.xover.mutate.done 50
 generation 3.61.50.50.50.50.50.50.50.50.50.50.50.50.6.0.50.17.11.0.50.50.50.50.50.42.50.50.0.50.0.0.50.0.58.0.50.0.5.50.0.0.50.0.50.0.0.0.0.0.50.xover.mutate.done 50
 generation 4.65.58.52.52.52.52.52.52.52.52.50.50.2.2.2.52.2.2.52.52.52.2.50.52.2.50.50.50.2.50.2.50.2.52.52.0.52.2.52.52.50.52.0.2.2.50.2.0.2.31.xover.mutate.done 50
 generation 5.61.55.50.50.50.50.50.50.50.50.50.0.50.26.50.0.50.1.1.1.50.1.0.50.0.25.50.0.50.50.50.25.50.29.50.1.1.50.50.50.50.50.0.50.50.0.1.1.1.0.xover.mutate.done 50
 generation 6.62.59.52.52.52.52.52.52.52.52.28.50.52.2.52.52.52.50.32.40.52.2.52.3.1.22.52.52.24.52.52.52.2.2.2.52.7.3.52.50.52.50.3.1.52.52.52.50.2.52.xover.mutate.done 50
 generation 7.56.57.54.54.54.54.54.54.54.54.54.4.4.54.54.54.54.54.54.54.54.54.4.54.8.54.54.54.4.14.54.4.54.50.54.4.4.4.54.4.4.54.54.4.4.54.54.0.54.4.xover.mutate.done 50
 generation 8.60.63.52.52.52.52.52.52.52.52.52.2.52.4.52.2.4.52.52.52.52.52.2.52.52.52.2.17.4.2.2.50.52.52.44.52.2.4.2.45.52.50.52.2.52.52.52.4.4.50.xover.mutate.done 50
 generation 9.60.56.51.51.51.51.51.51.51.51.51.17.51.51.1.51.51.1.51.51.0.1.1.1.1.51.1.51.1.1.51.54.8.51.27.51.0.51.1.0.18.51.51.51.51.1.40.51.0.1.xover.mutate.done 50
 generation 10.55.50.44.51.51.51.51.51.51.51.1.51.6.1.51.1.3.1.51.51.51.51.51.1.51.51.1.51.1.30.51.1.51.51.24.1.51.51.1.8.37.44.1.1.1.51.51.51.1.31.xover.mutate.done 50
 generation 11.52.50.50.50.50.50.50.50.50.50.3.3.50.3.3.50.0.50.3.29.0.8.0.50.3.3.7.3.3.8.0.50.50.50.3.6.50.0.8.3.7.50.50.50.3.3.3.50.50.3.xover.mutate.done 50
 generation 12.61.50.50.50.50.50.50.50.50.50.15.0.50.2.50.50.50.15.50.50.50.2.0.15.2.50.2.2.50.7.2.0.50.50.50.2.0.50.9.2.2.50.7.35.50.10.50.0.18.17.xover.mutate.done 50
 generation 13.56.50.50.50.50.50.50.50.50.50.4.50.50.50.50.50.50.1.50.50.1.2.12.50.1.8.50.50.1.50.39.11.50.1.37.50.1.50.50.0.1.50.50.50.1.50.50.1.50.1.xover.mutate.done 50
 generation 14.68.52.52.52.52.52.52.52.52.52.88.19.1.52.21.1.1.52.52.52.52.52.3.3.3.3.52.52.3.1.3.50.52.52.2.52.52.3.1.1.52.50.2.52.52.1.52.3.3.52.xover.mutate.done 50
 generation 15.81.61.50.50.50.50.50.50.50.50.0.50.12.0.50.0.0.50.17.0.50.0.50.50.50.0.50.50.50.50.0.2.6.0.0.0.0.0.0.0.50.50.28.50.0.36.50.50.50.50.xover.mutate.done 50
 generation 16.79.62.51.51.51.51.51.51.51.51.1.51.17.1.16.51.1.51.50.51.50.51.2.1.51.1.30.51.1.50.2.51.17.51.1.50.51.51.1.2.1.51.1.50.50.51.51.51.2.6.xover.mutate.done 50
 generation 17.76.61.50.50.50.50.50.50.50.50.50.50.47.0.0.35.0.50.0.0.50.0.0.50.13.8.41.0.0.0.0.50.50.47.50.0.0.0.50.3.0.0.0.50.50.50.50.0.0.50.xover.mutate.done 50
 generation 18.81.58.50.50.50.50.50.50.50.50.50.26.0.0.50.50.50.50.50.1.1.50.1.50.50.0.50.0.0.50.47.1.50.50.50.1.50.1.50.50.50.50.50.50.1.8.1.50.1.0.xover.mutate.done 50
 generation 19.83.68.51.51.51.51.51.51.51.51.51.1.11.51.46.51.1.0.45.51.51.0.46.51.50.50.1.50.51.0.1.50.1.1.0.50.1.50.50.44.45.1.2.50.51.1.1.1.1.15.xover.mutate.done 50
 generation 20.82.60.51.51.51.51.51.51.51.51.1.1.51.1.50.51.1.36.51.50.1.51.50.51.51.50.0.1.50.51.51.1.51.51.51.1.51.48.0.51.9.51.51.1.1.33.51.1.1.1.xover.mutate.done 50
 generation 21.78.58.50.50.50.50.50.50.50.50.50.50.50.50.50.50.2.11.50.2.50.7.2.50.2.13.50.47.50.50.50.50.2.2.2.49.50.2.50.2.50.50.50.27.2.2.50.50.0.4.xover.mutate.done 50
 generation 22.82.57.51.51.51.51.51.51.51.51.51.51.51.51.51.50.18.51.1.51.50.51.51.17.34.51.50.51.9.51.2.2.27.51.51.51.50.51.10.51.1.51.51.51.31.16.51.51.2.51.xover.mutate.done 50
 generation 23.73.53.51.51.51.51.51.51.51.51.1.51.51.51.1.49.1.51.51.51.26.1.1.1.51.51.51.45.1.1.1.34.1.51.51.1.0.51.1.51.51.16.51.51.26.1.1.45.1.51.xover.mutate.done 50
 generation 24.77.64.51.51.51.51.51.51.51.51.51.51.51.51.1.1.51.18.51.51.1.22.51.1.51.50.2.21.50.51.1.51.51.1.2.51.29.51.51.51.51.51.51.51.2.51.17.3.14.51.xover.mutate.done 50
 generation 25.81.64.50.50.50.50.50.50.50.50.50.50.3.50.14.3.50.26.3.50.3.50.12.3.3.50.17.50.44.0.50.3.7.50.0.3.50.3.3.50.3.50.50.3.50.3.0.50.3.3.xover.mutate.done 50
 generation 26.87.65.50.50.50.50.50.50.50.50.0.50.50.50.0.50.50.50.1.1.1.50.1.47.1.1.1.1.50.1.1.0.0.50.50.50.1.0.1.50.1.50.50.1.50.1.1.1.50.50.xover.mutate.done 50
 generation 27.83.63.50.50.50.50.50.50.50.50.2.2.50.13.50.0.2.50.33.2.50.0.2.50.2.50.50.50.2.50.2.2.50.2.2.2.2.2.3.45.2.50.50.50.50.2.0.2.0.50.xover.mutate.done 50
 generation 28.82.62.51.51.51.51.51.51.51.51.1.2.2.51.51.2.2.2.1.50.2.1.51.2.51.2.2.51.1.2.51.51.2.51.51.2.51.1.2.51.2.2.51.51.51.14.51.1.1.51.xover.mutate.done 50
 generation 29.77.55.52.52.52.52.52.52.52.52.2.2.2.22.52.52.2.9.50.52.2.2.52.2.0.52.52.50.52.2.2.52.2.50.52.52.52.2.52.50.2.2.52.52.2.52.50.2.2.52.xover.mutate.done 50
 generation 30.87.73.51.51.51.51.51.51.51.51.2.1.50.1.1.1.1.51.1.2.2.2.2.32.2.51.50.45.27.51.2.2.51.51.2.51.2.50.2.2.14.51.2.1.51.2.50.50.1.1.xover.mutate.done 50
 generation 31.85.66.50.50.50.50.50.50.50.50.50.0.50.1.50.0.0.0.50.0.50.50.0.0.50.50.0.0.50.0.1.0.50.20.50.50.50.33.0.50.0.50.1.0.0.0.0.0.50.0.xover.mutate.done 50
 generation 32.80.57.50.50.50.50.50.50.50.50.0.42.49.0.50.0.50.50.0.0.0.50.0.0.0.50.0.50.50.50.50.50.50.50.49.23.0.50.0.50.0.50.50.0.0.50.0.39.50.0.xover.mutate.done 50
 generation 33.85.64.51.51.51.51.51.51.51.51.51.51.51.1.1.51.46.1.51.51.51.51.51.0.51.1.51.50.11.51.1.1.51.1.1.7.1.1.51.50.7.50.51.51.51.1.0.1.1.51.xover.mutate.done 50
 generation 34.82.62.50.50.50.50.50.50.50.50.50.50.3.3.55.0.50.3.50.3.50.50.0.3.3.0.50.50.0.50.50.0.50.3.50.50.0.50.50.50.50.50.50.3.50.14.50.50.3.50.xover.mutate.done 50
 generation 35.77.60.55.50.50.50.50.50.50.50.6.32.1.1.1.50.50.26.1.7.50.50.1.50.50.50.50.50.50.50.18.50.50.50.50.1.50.38.50.50.7.1.50.50.0.50.50.6.50.50.xover.mutate.done 50
 generation 36.85.63.52.51.51.51.51.51.51.51.50.51.51.14.24.17.51.50.51.44.1.1.50.51.1.14.23.51.51.51.51.1.50.46.2.50.51.1.51.48.1.15.50.51.1.51.51.3.1.2.xover.mutate.done 50
 generation 37.79.60.50.50.50.50.50.50.50.50.50.50.50.50.28.0.21.2.0.50.50.50.50.50.50.50.50.50.0.14.46.50.0.0.2.2.50.45.50.50.0.46.50.50.2.0.27.50.50.50.xover.mutate.done 50
 generation 38.81.55.56.51.51.51.51.51.51.51.47.51.51.51.50.51.50.51.1.9.51.2.51.50.51.2.8.2.51.51.51.51.50.1.50.50.51.1.51.51.50.50.9.43.51.51.51.51.1.51.xover.mutate.done 50
 generation 39.81.53.63.52.52.52.52.52.52.52.52.50.52.2.50.47.0.2.52.52.52.52.2.2.52.52.50.36.52.52.45.2.0.2.52.2.6.2.0.52.52.2.4.52.14.52.2.52.52.26.xover.mutate.done 50
 generation 40.83.63.59.50.50.50.50.50.50.50.50.50.50.50.50.0.50.50.43.50.4.50.50.4.50.4.34.50.50.50.4.50.50.22.50.4.50.50.0.50.50.48.0.50.0.50.0.50.20.32.xover.mutate.done 50
 generation 41.83.65.49.50.50.50.50.50.50.50.1.50.50.50.50.50.50.50.0.50.22.2.50.1.50.1.50.50.0.50.1.47.10.1.50.18.50.1.50.50.50.50.1.50.50.50.50.50.50.50.xover.mutate.done 50
 generation 42.83.57.50.50.50.50.50.50.50.50.50.50.0.50.27.50.50.50.0.50.50.50.50.50.0.0.50.50.50.50.0.50.3.50.0.0.50.50.50.0.50.50.50.0.50.0.0.50.50.0.xover.mutate.done 50
 generation 43.86.68.51.51.51.51.51.51.51.51.7.50.35.8.51.51.51.50.51.51.34.49.50.51.51.51.51.51.3.51.50.51.22.2.51.51.51.3.3.51.51.51.51.51.51.51.51.23.50.51.xover.mutate.done 50
 generation 44.84.59.52.52.52.52.52.52.52.52.50.0.2.52.52.36.50.2.0.2.50.2.2.52.52.2.2.50.52.2.52.52.23.52.2.50.52.51.2.2.52.52.0.52.52.2.52.50.2.5.xover.mutate.done 50
 generation 45.81.63.50.50.50.50.50.50.50.50.1.4.1.50.0.50.17.8.50.50.50.50.0.2.50.46.0.0.42.0.50.2.50.0.50.50.0.50.50.0.20.23.50.50.33.50.0.0.50.50.xover.mutate.done 50
 generation 46.89.59.50.50.50.50.50.50.50.50.50.48.1.50.1.1.50.50.50.50.11.18.50.14.50.50.50.24.50.1.1.1.50.0.50.50.50.0.50.50.50.50.50.50.50.50.50.1.50.50.xover.mutate.done 50
 generation 47.77.61.51.51.51.51.51.51.51.51.51.51.1.50.51.29.1.51.1.51.1.50.51.1.51.50.1.51.1.51.1.1.51.51.15.24.1.51.1.51.11.45.1.1.51.51.36.50.1.51.xover.mutate.done 50
 generation 48.88.62.52.52.52.52.52.52.52.52.52.2.52.52.4.52.7.52.4.4.51.2.12.52.52.4.4.2.4.52.2.4.52.2.50.2.52.2.50.52.4.52.4.2.4.8.52.4.52.52.xover.mutate.done 50
 generation 49.82.58.51.51.51.51.51.51.51.51.51.1.51.51.35.51.18.9.51.51.51.51.51.8.51.2.2.2.2.1.1.50.51.2.14.6.10.51.51.51.2.2.3.5.50.1.14.51.2.51.xover.mutate.done 50
 29740072 iters     684321 iter/sec (43.46 s)
 total time: 43.46
