% Ministry of Cellular Automata
% Project Deux (CS523 Spring 2015)
% Version:v0.1-66-g3e0f-dirty
%  pop:50
%  ic count:100
%  CA Log option:r3/run34
%  width:121
%  max workers:4
%  radius:3
%  iterations:300
%  generations:50

 generation 0.3.3.2.3.2.50.50.50.3.7.1.3.43.2.1.50.3.50.1.50.50.3.50.3.50.3.3.2.18.3.1.1.3.1.1.1.52.2.50.50.1.2.2.50.51.1.2.3.1.50.xover.mutate.done 50
 generation 1.50.50.50.50.50.50.50.50.50.50.0.0.0.0.55.38.50.50.45.7.0.0.50.0.50.0.0.0.15.0.50.0.0.50.50.0.0.0.50.0.50.0.0.28.50.0.15.0.50.0.xover.mutate.done 50
 generation 2.54.50.50.50.50.50.50.50.50.50.50.0.50.0.0.50.0.50.50.50.0.50.50.0.0.0.0.50.50.50.0.0.0.0.48.17.0.24.5.50.0.0.3.50.50.0.50.50.0.50.xover.mutate.done 50
 generation 3.52.50.52.50.50.50.50.50.50.50.2.0.0.0.50.0.50.0.50.50.0.50.0.0.0.52.52.50.50.0.9.0.0.13.50.2.50.50.0.0.52.50.14.0.50.17.2.50.2.50.xover.mutate.done 50
 generation 4.55.51.51.51.51.50.50.50.50.50.0.62.0.0.0.50.51.36.50.0.50.50.0.51.0.0.50.0.1.1.0.50.1.0.50.45.1.0.0.1.1.50.29.1.1.0.50.50.51.51.xover.mutate.done 50
 generation 5.61.59.52.52.52.52.52.52.52.52.3.14.1.1.1.3.3.50.26.3.3.1.3.51.3.50.1.52.3.3.50.3.3.1.3.50.52.50.2.1.1.52.1.2.1.50.50.3.2.3.xover.mutate.done 50
 generation 6.56.56.52.52.52.52.52.52.52.52.14.3.1.1.1.50.3.3.3.3.3.52.1.3.62.1.2.58.3.3.50.52.52.3.1.52.3.3.52.1.50.1.11.1.52.3.1.3.1.3.xover.mutate.done 50
 generation 7.56.58.57.54.50.50.50.50.50.50.50.50.30.1.1.54.50.1.50.1.7.1.7.50.1.1.1.1.28.1.0.1.50.1.1.1.1.50.50.7.1.1.18.50.50.1.27.50.1.1.xover.mutate.done 50
 generation 8.55.57.59.53.53.50.50.50.50.50.50.3.3.13.3.3.50.3.3.3.9.50.50.3.3.50.50.6.3.3.52.3.50.50.52.3.50.54.3.3.3.3.50.3.55.50.50.0.4.3.xover.mutate.done 50
 generation 9.53.51.54.52.52.52.51.51.51.50.1.53.3.0.1.1.50.1.0.1.50.0.1.50.50.1.1.1.50.3.1.1.20.51.50.1.1.50.2.1.2.53.50.50.1.0.53.1.1.52.xover.mutate.done 50
 generation 10.54.55.55.58.58.55.54.56.54.57.50.1.1.1.1.1.50.50.50.1.1.50.50.1.46.1.1.1.1.5.1.50.1.12.50.1.50.14.7.1.1.1.1.62.1.50.50.50.1.1.xover.mutate.done 50
 generation 11.57.62.60.51.56.60.60.57.60.56.3.57.3.3.50.3.3.9.51.50.60.51.18.51.51.51.51.3.11.51.61.66.51.3.3.55.3.3.51.51.50.50.3.14.3.8.16.51.3.13.xover.mutate.done 50
 generation 12.66.60.60.60.60.60.61.60.54.58.53.50.50.48.10.47.1.6.1.41.1.49.1.12.1.15.11.1.1.5.49.1.59.57.0.7.50.1.10.72.50.23.1.51.1.14.50.58.10.50.xover.mutate.done 50
 generation 13.63.62.57.55.55.55.55.55.55.54.50.3.50.48.50.55.55.19.52.47.9.4.6.0.5.17.4.50.0.60.6.50.3.0.29.2.48.50.45.27.0.50.55.56.55.8.41.50.50.16.xover.mutate.done 50
 generation 14.69.68.52.61.59.59.59.59.57.57.50.38.19.50.53.8.55.42.31.50.48.35.48.35.50.45.49.11.55.21.59.42.50.50.57.40.2.2.19.6.86.10.54.62.18.25.55.50.12.10.xover.mutate.done 50
 generation 15.80.69.63.59.55.56.57.59.59.56.28.43.1.50.6.50.55.25.40.1.22.50.50.29.22.47.53.0.60.10.18.3.41.48.3.12.1.10.1.24.67.59.5.49.3.90.56.48.50.53.xover.mutate.done 50
 generation 16.93.81.64.65.66.55.54.52.53.54.0.46.28.6.5.50.36.0.50.46.27.0.0.11.50.50.87.49.0.0.0.36.5.17.13.48.50.71.49.50.50.50.40.27.50.66.50.42.0.46.xover.mutate.done 50
 generation 17.89.89.88.67.69.60.63.72.64.64.25.60.12.61.16.14.2.46.41.51.17.58.2.2.14.10.50.47.2.29.36.63.60.10.46.1.14.12.55.10.13.1.10.2.1.12.29.12.65.51.xover.mutate.done 50
 generation 18.86.83.81.69.61.70.61.63.61.66.19.4.46.8.54.55.3.2.10.56.56.45.24.2.47.27.23.57.46.2.61.6.53.2.7.4.7.18.2.7.30.5.8.8.9.28.52.2.66.8.xover.mutate.done 50
 generation 19.87.91.83.73.75.72.78.66.67.62.15.0.0.52.0.6.32.66.43.0.31.40.0.0.50.0.0.55.4.5.26.74.79.0.4.0.37.50.14.1.0.11.49.14.39.4.0.6.78.0.xover.mutate.done 50
 generation 20.84.87.76.79.59.73.57.74.62.69.46.17.24.0.42.24.12.50.65.40.48.36.55.17.43.52.25.59.2.23.2.9.61.20.27.50.2.2.7.43.50.44.45.13.52.18.2.7.30.0.xover.mutate.done 50
 generation 21.85.87.80.85.72.81.71.68.62.63.28.42.91.51.2.26.7.68.56.5.36.6.50.67.49.68.61.62.2.90.1.51.31.54.51.73.30.3.55.7.43.74.1.38.19.21.76.1.74.68.xover.mutate.done 50
 generation 22.88.91.84.91.79.73.87.84.80.73.24.59.12.66.3.18.72.51.86.28.59.52.45.40.3.87.41.52.3.52.3.67.73.11.57.23.50.31.3.51.73.82.19.76.3.20.19.3.3.31.xover.mutate.done 50
 generation 23.98.87.95.87.89.69.86.84.83.79.37.15.62.84.2.8.50.30.2.78.50.2.72.43.56.17.14.18.2.46.29.2.61.2.2.62.66.67.61.2.68.33.18.8.87.19.46.0.64.70.xover.mutate.done 50
 generation 24.92.94.84.87.76.76.84.85.85.80.36.3.48.38.1.22.55.48.31.30.3.38.26.59.40.34.68.72.42.16.51.64.34.1.40.12.36.50.48.42.3.60.28.53.52.3.82.66.19.3.xover.mutate.done 50
 generation 25.88.93.88.82.86.86.83.82.78.81.47.47.17.28.49.42.50.27.19.83.15.38.39.46.23.56.17.44.48.48.31.48.36.48.58.0.58.29.54.63.8.25.1.50.64.53.61.49.1.73.xover.mutate.done 50
 generation 26.94.93.86.83.90.89.86.82.89.84.77.47.20.49.37.59.46.49.58.1.8.1.8.68.69.50.71.48.19.0.49.10.38.67.59.47.25.31.15.58.51.48.13.1.23.50.23.5.25.59.xover.mutate.done 50
 generation 27.91.89.89.86.86.87.79.78.88.85.73.50.3.77.3.23.22.21.17.3.12.24.48.75.50.74.7.25.50.2.26.17.63.20.17.35.3.8.34.54.2.16.49.23.52.26.58.22.33.27.xover.mutate.done 50
 generation 28.95.94.86.81.85.85.86.83.73.82.6.6.44.1.9.44.53.16.26.49.10.11.63.45.86.51.1.19.30.64.17.51.46.38.22.1.50.51.51.1.18.46.61.42.1.45.18.30.43.1.xover.mutate.done 50
 generation 29.89.89.86.81.84.88.80.76.87.80.18.29.14.18.0.15.41.50.40.0.0.70.19.7.56.36.16.0.0.56.0.0.15.83.50.54.3.7.42.3.23.11.49.50.49.73.21.60.87.31.xover.mutate.done 50
 generation 30.94.90.89.80.80.85.77.76.74.91.57.2.2.34.59.50.80.62.2.52.66.20.2.2.2.2.51.50.13.13.19.40.11.50.79.2.2.6.8.54.28.60.46.2.38.9.32.70.31.44.xover.mutate.done 50
 generation 31.86.84.84.87.84.77.77.85.82.76.50.1.14.18.51.51.76.23.2.16.84.63.1.51.66.89.59.78.23.45.2.36.22.15.56.29.2.16.9.12.1.16.78.12.52.1.41.14.61.1.xover.mutate.done 50
 generation 32.92.89.90.86.86.91.86.86.81.81.19.40.65.5.18.41.27.10.2.47.83.2.13.12.2.51.2.63.61.82.30.36.48.17.43.40.32.14.22.63.65.31.86.18.50.6.34.60.49.51.xover.mutate.done 50
 generation 33.92.90.94.91.86.91.91.91.86.78.35.2.59.64.55.49.2.84.2.33.68.2.7.18.0.19.22.2.67.8.62.21.61.62.35.55.59.40.11.37.49.41.52.0.44.49.2.8.2.49.xover.mutate.done 50
 generation 34.94.88.88.87.80.80.91.84.88.80.74.50.56.79.54.73.8.72.11.0.0.16.0.0.50.50.6.71.0.50.0.35.19.0.45.66.0.50.15.0.85.0.8.24.37.80.50.3.11.0.xover.mutate.done 50
 generation 35.89.90.81.90.86.85.84.83.84.84.45.1.1.1.1.51.49.1.4.79.38.0.3.51.50.47.1.13.9.1.50.1.55.17.73.1.27.71.1.55.75.88.71.56.24.45.4.24.32.43.xover.mutate.done 50
 generation 36.91.89.92.93.90.91.89.88.88.88.50.5.51.1.51.50.58.45.1.1.1.92.84.5.33.29.89.50.1.52.51.11.43.51.1.51.58.73.49.11.5.5.1.44.9.18.37.64.51.31.xover.mutate.done 50
 generation 37.83.90.83.88.81.81.84.78.78.86.52.77.46.14.63.47.1.34.51.1.1.76.10.34.7.20.1.0.1.76.47.7.54.78.54.80.76.49.1.25.57.42.53.50.50.32.1.36.50.1.xover.mutate.done 50
 generation 38.88.84.87.85.88.88.80.88.81.84.58.62.50.26.50.50.0.85.27.7.27.32.44.50.70.50.0.50.17.2.50.0.0.0.50.12.0.27.61.6.53.50.44.38.29.50.53.50.47.57.xover.mutate.done 50
 generation 39.93.94.94.88.90.92.93.97.89.89.49.10.18.16.64.64.16.19.46.29.2.20.60.42.3.1.56.3.14.13.47.59.52.3.37.96.48.50.50.72.26.44.2.48.52.17.48.25.67.3.xover.mutate.done 50
 generation 40.88.92.83.84.90.83.85.87.84.77.9.3.52.2.9.15.2.2.50.74.2.31.54.2.59.74.19.50.9.31.4.67.84.8.2.43.63.32.34.44.52.27.56.50.47.37.47.39.41.59.xover.mutate.done 50
 generation 41.90.95.92.87.91.88.89.85.88.87.68.87.6.2.40.51.58.85.53.37.50.29.63.39.22.2.93.4.3.51.61.2.52.90.47.24.13.51.3.47.2.8.66.3.3.55.29.42.82.52.xover.mutate.done 50
 generation 42.91.91.89.90.90.89.89.89.89.85.33.6.50.8.43.49.0.45.0.4.14.61.40.0.90.48.61.48.38.55.47.0.50.6.50.0.41.50.83.45.0.50.50.44.41.69.44.65.15.46.xover.mutate.done 50
 generation 43.91.92.85.92.87.92.87.87.87.87.1.1.6.48.51.21.8.40.77.40.62.29.50.20.19.64.1.6.49.50.40.9.1.30.48.33.51.60.1.38.31.61.16.23.11.20.51.1.60.8.xover.mutate.done 50
 generation 44.92.89.92.91.84.82.80.84.84.81.56.85.52.51.35.57.14.4.41.46.63.28.0.12.0.0.84.0.0.12.89.10.12.4.54.6.23.50.23.73.16.30.50.50.34.21.46.83.6.63.xover.mutate.done 50
 generation 45.91.90.89.91.89.81.89.89.89.88.18.78.51.13.51.16.38.16.13.4.51.51.59.58.51.10.80.54.54.35.1.24.62.56.17.78.69.26.15.77.10.47.39.50.55.71.14.30.47.13.xover.mutate.done 50
 generation 46.93.89.84.86.90.86.88.88.84.85.18.3.13.47.21.15.46.3.51.45.3.66.15.21.85.19.12.37.59.48.61.17.60.48.45.51.46.51.48.4.13.48.48.21.16.3.4.92.9.3.xover.mutate.done 50
 generation 47.93.92.91.96.93.93.94.88.81.84.84.59.83.2.94.7.58.61.18.52.62.59.42.0.40.10.2.57.52.0.2.52.19.41.59.43.52.54.49.39.2.44.39.23.34.48.45.69.20.7.xover.mutate.done 50
 generation 48.90.96.92.91.87.87.89.92.86.88.33.30.46.50.2.10.48.86.30.35.34.35.11.50.32.2.56.42.2.50.2.51.49.86.32.23.37.50.87.20.18.2.89.16.26.2.50.50.2.51.xover.mutate.done 50
 generation 49.88.90.93.89.92.89.91.87.88.88.1.1.76.61.69.16.12.47.31.50.61.76.46.1.40.51.47.89.49.1.1.37.1.49.88.90.32.50.1.2.19.1.19.47.48.11.50.88.50.1.xover.mutate.done 50
 33637725 iters     682738 iter/sec (49.27 s)
 total time: 49.27
