0.2109375 0.125 0.5390625 0.25 0.046875 0.2578125 0.1953125 0.5 0.9921875 0.5625 
0.0625 0.046875 0.1953125 0.9921875 0.9609375 0.9765625 0.890625 0.03125 0.96875 0.609375 
0.046875 0.1953125 0.9921875 0.9609375 0.9765625 0.890625 0.03125 0.96875 0.609375 0.3359375 
0.8515625 0.3359375 0.828125 0.4765625 0.46875 0.1640625 0.046875 0.1953125 0.9921875 0.9609375 
0.8515625 0.640625 0.828125 0.3359375 0.4765625 0.46875 0.1640625 0.046875 0.1953125 0.9921875 
0.640625 0.7890625 0.6484375 0.8515625 0.8203125 0.828125 0.4765625 0.7890625 0.7734375 0.3359375 
0.8515625 0.8203125 0.7890625 0.640625 0.6484375 0.640625 0.3359375 0.4609375 0.1796875 0.1796875 
0.6171875 0.640625 0.6484375 0.640625 0.6640625 0.65625 0.6328125 0.6484375 0.3359375 0.4609375 
0.59375 0.6171875 0.640625 0.6484375 0.640625 0.6640625 0.65625 0.6328125 0.6484375 0.625 
0.5546875 0.59375 0.6171875 0.640625 0.6484375 0.640625 0.6640625 0.65625 0.6328125 0.6484375 
0.5078125 0.5546875 0.59375 0.6171875 0.640625 0.5546875 0.65625 0.6484375 0.640625 0.6640625 
0.5078125 0.5078125 0.5234375 0.5546875 0.59375 0.6171875 0.640625 0.5546875 0.65625 0.6484375 
0.6015625 0.5078125 0.5546875 0.5078125 0.5078125 0.546875 0.5234375 0.59375 0.5546875 0.6171875 
0.546875 0.6015625 0.546875 0.5234375 0.53125 0.5078125 0.5078125 0.5078125 0.5390625 0.5234375 
0.546875 0.6015625 0.546875 0.53125 0.515625 0.5078125 0.5234375 0.5078125 0.5078125 0.5078125 
0.546875 0.6015625 0.546875 0.5859375 0.53125 0.515625 0.5234375 0.5078125 0.5546875 0.5078125 
0.578125 0.546875 0.5546875 0.6015625 0.5859375 0.5859375 0.546875 0.515625 0.53125 0.515625 
0.578125 0.515625 0.5859375 0.546875 0.5546875 0.6015625 0.5859375 0.5859375 0.546875 0.609375 
0.578125 0.5859375 0.546875 0.5546875 0.609375 0.515625 0.546875 0.5859375 0.5859375 0.59375 
0.5859375 0.5859375 0.59375 0.5859375 0.546875 0.609375 0.546875 0.609375 0.59375 0.578125 
0.546875 0.5859375 0.5859375 0.59375 0.5859375 0.59375 0.578125 0.546875 0.609375 0.609375 
0.59375 0.5859375 0.609375 0.578125 0.546875 0.609375 0.609375 0.5859375 0.5859375 0.59375 
0.5859375 0.609375 0.578125 0.546875 0.609375 0.609375 0.59375 0.5859375 0.5859375 0.59375 
0.5859375 0.546875 0.578125 0.609375 0.578125 0.609375 0.609375 0.6171875 0.5703125 0.5625 
0.546875 0.609375 0.5859375 0.578125 0.609375 0.609375 0.5703125 0.5703125 0.6171875 0.5625 
0.609375 0.578125 0.609375 0.609375 0.6171875 0.6015625 0.546875 0.5703125 0.578125 0.5859375 
0.578125 0.546875 0.5703125 0.609375 0.609375 0.609375 0.6015625 0.578125 0.5859375 0.5859375 
0.609375 0.609375 0.609375 0.6015625 0.5859375 0.578125 0.546875 0.5703125 0.5859375 0.578125 
0.5859375 0.5859375 0.59375 0.609375 0.609375 0.609375 0.6015625 0.578125 0.546875 0.5703125 
0.59375 0.546875 0.609375 0.609375 0.609375 0.6015625 0.578125 0.5703125 0.5859375 0.609375 
0.609375 0.609375 0.609375 0.6015625 0.5859375 0.609375 0.6015625 0.59375 0.546875 0.578125 
0.59375 0.546875 0.609375 0.609375 0.609375 0.6015625 0.609375 0.5859375 0.6015625 0.578125 
0.609375 0.609375 0.6015625 0.609375 0.5859375 0.578125 0.6015625 0.59375 0.546875 0.609375 
0.609375 0.609375 0.6015625 0.609375 0.609375 0.5859375 0.578125 0.546875 0.609375 0.6015625 
0.578125 0.5703125 0.609375 0.609375 0.6015625 0.609375 0.609375 0.5859375 0.6328125 0.546875 
0.5703125 0.578125 0.6328125 0.546875 0.5625 0.59375 0.5625 0.5703125 0.609375 0.609375 
0.546875 0.59375 0.609375 0.609375 0.6171875 0.578125 0.6328125 0.5625 0.5625 0.5703125 
0.578125 0.578125 0.609375 0.609375 0.6171875 0.6328125 0.625 0.546875 0.59375 0.546875 
0.578125 0.578125 0.578125 0.6171875 0.625 0.546875 0.59375 0.609375 0.609375 0.6328125 
0.578125 0.578125 0.578125 0.6171875 0.625 0.546875 0.59375 0.6328125 0.625 0.609375 
0.546875 0.6171875 0.578125 0.578125 0.625 0.59375 0.625 0.609375 0.6015625 0.625 
0.59375 0.546875 0.625 0.625 0.625 0.6171875 0.578125 0.578125 0.625 0.609375 
0.6171875 0.546875 0.625 0.625 0.625 0.625 0.609375 0.625 0.578125 0.578125 
0.6171875 0.546875 0.625 0.609375 0.625 0.625 0.625 0.625 0.578125 0.578125 
0.546875 0.625 0.609375 0.578125 0.578125 0.609375 0.578125 0.578125 0.609375 0.6171875 
0.625 0.578125 0.6171875 0.546875 0.609375 0.578125 0.578125 0.609375 0.578125 0.578125 
0.6171875 0.625 0.578125 0.6171875 0.546875 0.609375 0.578125 0.578125 0.609375 0.578125 
0.546875 0.609375 0.578125 0.578125 0.609375 0.578125 0.625 0.578125 0.6171875 0.609375 
0.609375 0.609375 0.625 0.546875 0.578125 0.578125 0.578125 0.578125 0.609375 0.6171875 
0.625 0.546875 0.578125 0.578125 0.578125 0.578125 0.578125 0.609375 0.609375 0.6171875 
