0.8828125 0.5703125 0.5625 0.453125 0.9296875 0.1015625 0.9765625 0.609375 0.4609375 0.796875 
0.9765625 0.9765625 0.921875 0.9375 1.0 0.0625 0.09375 0.0703125 0.1484375 0.078125 
0.765625 0.5703125 0.8046875 0.90625 0.5546875 0.8203125 0.9296875 0.9765625 0.9765625 0.921875 
0.7578125 0.5703125 0.8046875 0.90625 0.5546875 0.8203125 0.9296875 0.8984375 0.9375 0.9609375 
0.7578125 0.7265625 0.5703125 0.8046875 0.90625 0.5546875 0.8203125 0.9296875 0.8984375 0.9375 
0.7578125 0.7265625 0.5703125 0.8046875 0.90625 0.5546875 0.8203125 0.9296875 0.8984375 0.9375 
0.7578125 0.7265625 0.5703125 0.8046875 0.90625 0.5546875 0.8203125 0.9296875 0.8984375 0.9375 
0.7578125 0.7265625 0.5703125 0.8046875 0.90625 0.5546875 0.8203125 0.9296875 0.8984375 0.9375 
0.7265625 0.7578125 0.5703125 0.8046875 0.90625 0.5546875 0.8203125 0.9296875 0.8984375 0.9375 
0.7578125 0.7265625 0.5703125 0.8046875 0.90625 0.5546875 0.8203125 0.9296875 0.8984375 0.9375 
0.7578125 0.7265625 0.5703125 0.5703125 0.8046875 0.90625 0.5546875 0.8203125 0.9296875 0.8984375 
0.7578125 0.5703125 0.8046875 0.90625 0.5546875 0.8203125 0.9296875 0.8984375 0.7421875 0.828125 
0.7578125 0.5703125 0.8046875 0.90625 0.5546875 0.8203125 0.9296875 0.8984375 0.7421875 0.828125 
0.7578125 0.5703125 0.8046875 0.90625 0.5546875 0.8203125 0.9296875 0.8984375 0.7421875 0.828125 
0.7578125 0.5703125 0.8046875 0.90625 0.5546875 0.8203125 0.9296875 0.8984375 0.7421875 0.828125 
0.515625 0.7578125 0.5703125 0.8046875 0.90625 0.5546875 0.8203125 0.9296875 0.8984375 0.7421875 
0.515625 0.7578125 0.5703125 0.8046875 0.90625 0.5546875 0.8203125 0.9296875 0.8984375 0.7421875 
0.515625 0.7578125 0.5703125 0.8046875 0.90625 0.5546875 0.8203125 0.9296875 0.8984375 0.7421875 
0.515625 0.7578125 0.5703125 0.8046875 0.90625 0.5546875 0.8203125 0.9296875 0.8984375 0.7421875 
0.515625 0.7578125 0.5703125 0.8046875 0.90625 0.5546875 0.8203125 0.9296875 0.8984375 0.7421875 
0.515625 0.7578125 0.5703125 0.8046875 0.90625 0.5546875 0.8203125 0.9296875 0.8984375 0.7421875 
0.515625 0.7578125 0.5703125 0.8046875 0.90625 0.5546875 0.8203125 0.9296875 0.8984375 0.7421875 
0.515625 0.7578125 0.5703125 0.8046875 0.90625 0.5546875 0.8203125 0.9296875 0.8984375 0.7421875 
0.515625 0.7578125 0.5703125 0.8046875 0.90625 0.5546875 0.8203125 0.9296875 0.8984375 0.7421875 
0.515625 0.7578125 0.5703125 0.8046875 0.90625 0.5546875 0.8203125 0.9296875 0.8984375 0.7421875 
0.515625 0.7578125 0.5703125 0.8046875 0.90625 0.5546875 0.8203125 0.9296875 0.8984375 0.7421875 
0.515625 0.7578125 0.5703125 0.8046875 0.90625 0.5546875 0.8203125 0.9296875 0.8984375 0.7421875 
0.515625 0.7578125 0.5703125 0.8046875 0.90625 0.5546875 0.8203125 0.9296875 0.8984375 0.7421875 
0.515625 0.7578125 0.5703125 0.8046875 0.90625 0.5546875 0.8203125 0.9296875 0.8984375 0.7421875 
0.515625 0.7578125 0.5703125 0.8046875 0.90625 0.5546875 0.8203125 0.9296875 0.8984375 0.7421875 
0.515625 0.7578125 0.5703125 0.8046875 0.90625 0.5546875 0.8203125 0.9296875 0.8984375 0.7421875 
0.515625 0.7578125 0.5703125 0.8046875 0.90625 0.5546875 0.8203125 0.9296875 0.8984375 0.7421875 
0.515625 0.7578125 0.5703125 0.8046875 0.90625 0.5546875 0.8203125 0.9296875 0.8984375 0.7421875 
0.515625 0.7578125 0.5703125 0.8046875 0.90625 0.5546875 0.8203125 0.9296875 0.8984375 0.7421875 
0.515625 0.7578125 0.5703125 0.8046875 0.90625 0.5546875 0.8203125 0.9296875 0.8984375 0.7421875 
0.515625 0.7578125 0.734375 0.5703125 0.8046875 0.90625 0.5546875 0.8203125 0.9296875 0.8984375 
0.515625 0.7578125 0.734375 0.5703125 0.8046875 0.90625 0.5546875 0.8203125 0.9296875 0.8984375 
0.515625 0.7578125 0.734375 0.5703125 0.8046875 0.90625 0.5546875 0.8203125 0.9296875 0.8984375 
0.515625 0.7578125 0.734375 0.5703125 0.8046875 0.90625 0.5546875 0.8203125 0.9296875 0.8984375 
0.515625 0.734375 0.7578125 0.5703125 0.8046875 0.90625 0.5546875 0.8203125 0.9296875 0.8984375 
0.515625 0.7578125 0.734375 0.5703125 0.8046875 0.90625 0.5546875 0.8203125 0.9296875 0.8984375 
0.515625 0.7578125 0.734375 0.5703125 0.8046875 0.90625 0.5546875 0.8203125 0.9296875 0.8984375 
0.515625 0.7578125 0.5703125 0.8046875 0.90625 0.5546875 0.8203125 0.9296875 0.8984375 0.796875 
0.515625 0.7578125 0.5703125 0.8046875 0.90625 0.5546875 0.8203125 0.9296875 0.8984375 0.796875 
0.515625 0.7578125 0.5703125 0.8046875 0.90625 0.5546875 0.8203125 0.9296875 0.8984375 0.796875 
0.515625 0.7578125 0.5703125 0.8046875 0.90625 0.5546875 0.8203125 0.9296875 0.8984375 0.796875 
0.515625 0.7578125 0.5703125 0.8046875 0.90625 0.5546875 0.8203125 0.9296875 0.8984375 0.796875 
0.515625 0.7578125 0.5703125 0.8046875 0.90625 0.5546875 0.8203125 0.9296875 0.8984375 0.796875 
0.515625 0.7578125 0.5703125 0.8046875 0.90625 0.5546875 0.8203125 0.9296875 0.8984375 0.796875 
0.515625 0.7578125 0.5703125 0.8046875 0.90625 0.5546875 0.8203125 0.9296875 0.8984375 0.796875 
