50 50 50 50 50 50 50 50 50 50 49 30 16 15 2 2 2 2 2 2 2 2 2 2 2 2 2 2 2 2 2 2 2 2 2 2 2 2 2 2 2 2 2 2 2 0 0 0 0 0 
52 51 51 51 50 50 50 50 50 50 50 50 50 50 50 50 50 50 50 50 50 50 50 50 50 50 50 50 47 44 41 11 8 5 5 4 2 2 2 2 2 2 2 1 1 1 1 1 1 1 
51 51 51 51 50 50 50 50 50 50 50 50 50 50 50 50 50 50 50 50 50 50 50 50 50 50 50 48 48 32 20 1 1 1 1 1 1 1 1 1 1 1 0 0 0 0 0 0 0 0 
51 51 51 51 51 51 51 51 51 51 51 51 51 51 51 50 50 50 50 50 50 50 50 50 50 50 50 50 50 46 43 10 8 7 6 2 2 2 2 2 2 1 1 1 1 1 1 1 1 1 
51 51 51 51 51 51 51 51 51 50 50 50 50 50 50 50 50 50 50 50 50 50 39 36 15 10 9 6 4 4 4 1 1 1 1 1 1 1 1 1 1 1 1 1 1 1 1 0 0 0 
51 51 51 51 51 51 51 51 51 51 51 51 51 51 51 51 51 51 51 51 50 50 47 44 40 33 21 21 17 7 3 2 2 2 2 2 2 2 2 2 2 1 1 1 1 1 1 1 1 1 
51 51 51 51 51 51 51 51 51 51 51 51 51 51 51 51 51 51 51 51 51 50 50 50 48 45 44 9 8 5 2 2 2 2 2 2 2 2 2 2 2 2 2 2 1 1 1 1 1 1 
52 52 52 52 52 52 52 52 52 52 52 52 52 52 52 52 52 52 52 52 52 50 50 50 50 50 50 46 43 18 10 10 10 5 2 2 2 2 2 2 2 2 2 2 2 2 2 2 2 0 
51 51 51 51 51 51 51 51 51 51 51 51 51 51 51 51 51 51 51 51 50 50 50 50 32 27 27 26 25 20 16 15 14 13 8 8 7 7 7 6 3 3 3 3 3 3 3 3 3 3 
51 51 51 51 51 51 51 51 51 51 51 51 51 51 51 51 51 51 51 51 51 51 51 51 51 51 50 50 45 42 40 18 12 8 6 4 2 2 2 2 2 2 2 2 2 2 2 2 2 1 
52 52 52 52 52 52 52 52 52 52 52 52 52 52 52 52 52 52 52 52 52 52 52 52 52 52 52 52 52 50 50 46 40 28 28 14 11 11 10 8 7 2 2 2 2 2 2 2 2 0 
50 50 50 50 50 50 50 50 50 50 50 50 50 50 50 50 50 50 50 50 50 50 50 50 50 50 49 49 49 48 48 41 41 32 28 24 8 1 1 1 0 0 0 0 0 0 0 0 0 0 
51 51 51 51 51 51 51 51 51 51 51 51 51 51 51 51 51 51 51 51 51 51 51 51 51 51 51 51 51 50 50 50 50 46 40 16 14 9 1 1 1 1 1 1 1 1 1 1 1 1 
50 50 50 50 50 50 50 50 50 50 50 50 50 50 50 50 50 50 50 50 50 50 50 50 50 50 50 50 50 50 46 28 21 12 6 6 3 2 2 2 2 2 2 2 2 2 2 2 2 0 
50 50 50 50 50 50 50 50 50 50 50 50 50 50 50 50 50 50 50 50 50 50 50 50 50 50 50 50 50 49 25 17 2 2 2 2 2 2 2 2 2 2 2 2 2 2 2 2 0 0 
51 51 51 51 51 51 51 51 51 51 51 51 51 51 51 51 51 51 51 51 51 51 51 51 51 51 51 51 51 50 50 50 12 1 1 1 1 1 1 1 1 1 1 1 1 1 1 1 0 0 
50 50 50 50 50 50 50 50 50 50 50 50 50 50 50 50 50 50 50 50 50 50 50 50 50 50 50 50 50 50 49 47 33 14 12 2 1 1 1 1 1 1 1 1 1 1 1 0 0 0 
53 53 53 53 53 53 53 53 53 53 53 53 53 53 53 53 53 53 53 53 53 53 53 53 53 53 53 53 53 53 53 53 41 18 15 3 3 3 3 3 3 3 3 3 3 3 3 3 3 3 
51 51 51 51 51 51 51 51 51 51 51 51 51 51 51 51 51 51 51 51 51 51 51 51 51 51 51 51 51 51 51 51 51 51 51 48 45 25 19 14 8 8 7 1 1 1 1 1 1 0 
51 51 51 51 51 51 51 51 51 51 51 51 51 51 51 51 51 51 51 51 51 51 51 51 51 51 51 51 51 51 42 41 32 18 13 12 10 2 1 1 1 1 1 1 1 1 1 1 1 1 
50 50 50 50 50 50 50 50 50 50 50 50 50 50 50 50 50 50 50 50 50 50 50 50 50 50 50 50 50 50 50 50 50 49 43 35 35 25 23 18 9 1 1 1 1 1 1 1 0 0 
51 51 51 51 51 51 51 51 51 51 51 51 51 51 51 51 51 51 51 51 51 51 51 51 51 51 51 51 51 45 29 21 13 12 12 11 11 2 2 2 2 2 2 2 2 2 2 2 2 1 
50 50 50 50 50 50 50 50 50 50 50 50 50 50 50 50 50 50 50 50 50 50 50 50 50 47 46 45 45 45 28 12 10 0 0 0 0 0 0 0 0 0 0 0 0 0 0 0 0 0 
51 51 51 51 51 51 51 51 51 51 51 51 51 51 51 51 51 51 51 51 51 51 51 51 51 51 51 51 51 50 47 37 20 14 12 11 10 1 1 1 1 1 1 1 1 1 1 1 1 1 
50 50 50 50 50 50 50 50 50 50 50 50 50 50 50 50 50 50 50 50 50 50 50 50 50 50 50 50 50 50 50 50 50 50 50 50 50 50 44 44 43 39 1 1 1 1 1 1 1 0 
53 53 53 53 53 53 53 53 53 53 53 53 53 53 53 53 53 53 53 53 53 53 53 53 53 53 53 48 24 19 8 8 5 5 4 4 4 4 4 4 4 4 4 4 4 4 4 4 4 1 
50 50 50 50 50 50 50 50 50 50 50 50 50 50 50 50 50 50 50 50 50 50 50 50 50 50 48 16 11 9 7 6 6 6 5 0 0 0 0 0 0 0 0 0 0 0 0 0 0 0 
51 51 51 51 51 51 51 51 51 51 51 51 51 51 51 51 51 51 51 51 50 50 50 36 27 21 18 12 11 10 9 8 7 6 3 2 2 2 2 2 2 2 2 2 2 2 2 2 1 1 
52 52 52 52 52 52 52 52 52 52 52 52 52 52 52 52 52 52 52 52 52 52 52 52 52 52 50 50 49 43 32 20 17 16 12 8 7 2 2 2 2 2 2 2 2 2 2 2 2 0 
51 51 51 51 51 51 51 51 51 51 51 51 51 51 51 51 51 51 51 51 51 51 51 51 51 51 51 50 50 45 40 31 25 24 18 11 8 2 1 1 1 1 1 1 1 1 1 1 1 0 
50 50 50 50 50 50 50 50 50 50 50 50 50 50 50 50 50 50 50 50 50 50 50 50 50 50 50 50 50 50 37 32 18 17 9 4 4 0 0 0 0 0 0 0 0 0 0 0 0 0 
52 52 52 52 52 52 52 52 52 52 52 52 52 52 52 52 52 52 52 52 52 52 52 52 52 52 52 52 52 52 52 52 52 52 52 52 52 52 45 42 40 21 19 4 4 4 4 4 4 4 
51 51 51 51 51 51 51 51 51 51 51 51 51 51 51 51 51 51 51 51 51 51 51 51 51 51 51 51 51 51 51 51 51 51 51 51 51 51 50 47 43 32 23 19 4 4 4 4 4 1 
50 50 50 50 50 50 50 50 50 50 50 50 50 50 50 50 50 50 50 50 50 50 50 50 50 50 50 50 50 50 49 46 34 22 15 10 0 0 0 0 0 0 0 0 0 0 0 0 0 0 
50 50 50 50 50 50 50 50 50 50 50 50 50 50 50 50 50 50 50 50 50 50 50 50 50 50 50 47 44 20 10 3 1 0 0 0 0 0 0 0 0 0 0 0 0 0 0 0 0 0 
51 51 51 51 51 51 51 51 51 51 51 51 51 51 51 51 51 51 51 51 51 51 51 51 51 50 48 33 18 6 4 4 4 4 4 4 4 4 4 4 4 4 4 4 4 4 3 1 1 1 
50 50 50 50 50 50 50 50 50 50 50 50 50 50 50 50 50 50 50 50 50 50 50 50 50 45 41 22 16 12 11 7 3 3 2 2 2 2 2 2 2 2 2 2 2 2 2 2 2 2 
51 51 51 51 51 51 51 51 51 51 51 51 51 51 51 51 51 51 51 51 51 51 51 51 50 50 47 16 16 14 13 8 8 8 7 7 3 2 1 1 1 1 1 1 1 1 1 1 1 1 
50 50 50 50 50 50 50 50 50 50 50 50 50 50 50 50 50 50 50 50 50 50 50 50 50 50 50 50 45 44 35 30 19 18 16 10 10 9 2 2 1 1 1 1 1 1 1 0 0 0 
50 50 50 50 50 50 50 50 50 50 50 50 50 50 50 50 50 50 50 50 50 50 50 50 50 49 45 39 24 21 20 20 13 13 12 10 2 2 2 2 2 2 2 2 2 2 2 2 2 2 
50 50 50 50 50 50 50 50 50 50 50 50 50 50 50 50 50 50 50 50 50 50 50 50 50 50 50 41 28 25 11 11 10 10 8 2 2 2 2 2 2 2 2 2 2 2 2 2 0 0 
52 52 52 52 52 52 52 52 52 52 52 52 52 52 52 52 52 52 52 52 52 52 52 52 52 52 52 51 51 50 50 47 42 17 12 9 4 4 4 4 4 4 4 4 4 4 4 4 4 2 
51 51 51 51 51 51 51 51 51 51 51 51 51 51 51 51 51 51 51 51 51 51 51 51 51 51 51 51 51 51 51 51 49 18 16 12 11 2 2 2 2 2 2 2 2 2 1 1 1 1 
50 50 50 50 50 50 50 50 50 50 50 50 50 50 50 50 50 50 50 50 50 50 50 50 50 48 47 40 19 16 14 14 12 10 10 3 3 3 3 3 3 3 3 3 3 3 3 3 3 3 
50 50 50 50 50 50 50 50 50 50 50 50 50 50 50 50 50 50 50 50 50 50 50 50 50 50 50 50 40 18 8 8 8 8 0 0 0 0 0 0 0 0 0 0 0 0 0 0 0 0 
53 53 53 53 53 53 53 53 53 53 53 53 53 53 53 53 53 53 53 53 53 53 50 46 38 20 20 19 19 16 14 14 12 12 11 11 11 7 7 7 7 7 7 7 7 7 7 7 7 4 
51 51 51 51 51 51 51 51 51 51 51 51 51 51 51 51 51 51 51 51 51 51 51 51 51 51 50 31 28 24 12 10 9 7 2 2 2 2 2 2 2 2 2 2 2 2 2 1 1 1 
51 51 51 51 51 51 51 51 51 51 51 51 51 51 51 51 51 51 51 51 51 51 51 51 43 34 32 17 16 14 8 1 1 1 1 1 1 1 1 1 1 1 1 1 1 1 1 1 1 1 
50 50 50 50 50 50 50 50 50 50 50 50 50 50 50 50 50 50 50 50 50 50 50 50 50 50 48 24 22 15 15 7 6 3 2 1 1 1 1 1 1 1 1 1 1 1 1 1 1 0 
51 51 51 51 51 51 51 51 51 51 51 51 51 51 51 51 51 51 51 51 51 51 51 51 51 51 50 47 41 39 35 33 25 20 18 17 14 5 1 1 1 1 1 1 1 1 0 0 0 0 
