% Ministry of Cellular Automata
% Project Deux (CS523 Spring 2015)
% Version:v0.1-66-g3e0f-dirty
%  pop:50
%  ic count:100
%  CA Log option:r3/run37
%  width:121
%  max workers:4
%  radius:3
%  iterations:300
%  generations:50

 generation 0.1.1.0.1.1.0.5.1.0.1.1.0.50.1.50.0.4.0.1.1.1.1.50.1.50.50.1.50.1.1.0.50.0.50.1.0.50.1.0.0.1.0.1.1.1.50.1.1.50.1.xover.mutate.done 50
 generation 1.50.50.50.50.50.50.50.50.50.50.5.50.2.52.16.47.9.3.5.50.2.53.5.3.16.3.5.24.9.33.3.55.2.3.5.2.9.5.3.33.50.5.23.5.5.5.50.3.3.3.xover.mutate.done 50
 generation 2.59.51.50.50.50.50.50.50.50.50.1.1.1.4.1.50.25.50.4.0.1.51.5.50.1.50.1.4.16.1.50.17.1.1.4.4.34.0.4.1.1.17.1.16.50.49.51.10.0.44.xover.mutate.done 50
 generation 3.64.51.51.51.51.50.50.50.50.50.1.50.2.2.50.1.1.50.50.11.46.1.1.50.50.48.52.20.50.1.50.2.1.20.51.50.51.10.48.50.29.50.7.2.50.45.1.1.50.1.xover.mutate.done 50
 generation 4.59.46.50.50.50.52.50.50.50.50.2.50.2.0.44.50.50.2.27.2.50.50.50.52.2.2.2.2.2.50.2.2.36.0.50.0.0.7.50.50.0.0.15.47.9.2.2.50.2.50.xover.mutate.done 50
 generation 5.55.50.50.51.51.51.51.51.50.50.1.50.1.1.44.50.50.51.1.50.1.51.50.1.1.50.51.50.50.23.51.50.1.1.51.50.51.0.50.36.26.1.0.1.50.50.1.23.0.56.xover.mutate.done 50
 generation 6.49.56.50.50.50.50.50.50.50.50.6.49.22.50.0.50.1.1.51.50.44.50.1.1.1.50.1.51.50.50.36.1.50.1.0.1.50.50.50.50.1.50.1.51.1.50.50.1.50.6.xover.mutate.done 50
 generation 7.63.51.51.51.50.50.50.50.50.50.1.21.8.1.50.1.1.1.1.50.1.6.44.50.0.0.1.49.1.0.50.1.50.6.50.47.50.0.1.50.1.49.50.50.0.1.1.50.50.50.xover.mutate.done 50
 generation 8.56.50.50.50.50.50.50.50.50.50.50.0.0.0.0.0.50.50.50.0.0.0.50.50.11.50.15.50.0.0.50.0.50.0.30.59.0.50.50.0.0.0.0.27.9.50.0.50.15.50.xover.mutate.done 50
 generation 9.58.60.50.50.50.50.50.50.50.50.0.37.50.22.50.0.50.0.50.39.0.50.40.0.0.50.0.0.0.0.0.43.50.37.0.5.50.0.45.2.50.0.0.0.5.0.9.50.0.50.xover.mutate.done 50
 generation 10.56.59.50.50.50.50.50.50.50.50.50.0.50.15.6.5.47.33.0.0.0.0.50.50.12.5.8.0.0.50.0.0.14.0.0.0.50.0.50.37.0.0.50.0.50.0.50.41.32.0.xover.mutate.done 50
 generation 11.61.53.50.50.50.50.50.50.50.50.5.50.50.1.0.0.33.0.5.13.0.0.1.0.0.0.11.50.43.16.47.47.0.0.0.30.14.0.50.9.0.50.16.32.50.0.6.0.0.23.xover.mutate.done 50
 generation 12.59.64.50.50.50.51.51.51.51.51.1.3.1.5.1.9.1.1.31.37.1.7.1.46.50.51.1.1.48.1.13.1.1.1.1.1.0.18.37.5.50.15.1.51.1.9.7.1.15.4.xover.mutate.done 50
 generation 13.51.56.50.50.50.50.50.50.50.51.10.1.0.27.1.50.7.50.40.0.50.1.1.0.1.51.6.44.1.38.9.50.18.1.24.0.7.53.50.1.50.0.50.14.50.1.47.0.50.1.xover.mutate.done 50
 generation 14.63.55.63.51.51.51.51.51.51.51.1.2.1.2.51.2.2.50.2.1.5.45.11.2.34.1.1.2.51.10.2.51.37.2.2.1.12.51.51.2.2.50.2.1.1.48.40.1.19.2.xover.mutate.done 50
 generation 15.61.58.56.51.51.53.53.53.53.53.4.52.3.4.4.56.4.4.3.4.1.3.4.4.51.3.4.6.50.1.53.3.3.45.4.4.53.4.4.51.4.3.4.4.4.1.1.1.53.4.xover.mutate.done 50
 generation 16.53.51.51.51.50.50.50.50.50.50.0.42.0.0.45.39.50.18.4.0.0.0.0.29.50.0.0.50.51.2.0.1.0.0.50.0.0.50.50.1.50.17.0.50.0.0.2.50.0.2.xover.mutate.done 50
 generation 17.53.54.52.52.52.50.50.50.50.50.5.6.2.0.50.0.0.0.0.0.0.0.4.0.0.0.50.50.50.50.0.0.0.50.2.0.0.0.0.0.11.0.50.2.50.0.0.0.49.0.xover.mutate.done 50
 generation 18.68.66.55.55.55.51.51.51.51.51.1.51.7.1.5.38.0.51.0.1.51.1.1.0.51.1.1.50.51.5.5.55.50.51.51.6.33.50.1.51.1.31.51.33.9.1.51.1.51.1.xover.mutate.done 50
 generation 19.67.58.53.53.53.53.50.50.50.50.3.0.0.50.20.3.40.0.0.0.0.0.50.53.50.25.53.50.0.50.0.0.20.0.0.50.48.50.50.0.36.0.0.0.0.0.0.88.0.50.xover.mutate.done 50
 generation 20.88.57.58.54.54.54.54.54.54.50.0.11.49.0.50.50.50.50.0.0.54.8.20.0.0.50.0.50.50.50.0.0.4.50.0.50.9.11.0.54.0.0.34.50.0.0.4.0.54.0.xover.mutate.done 50
 generation 21.92.64.64.55.55.55.55.55.55.55.50.1.51.17.25.21.55.51.5.51.6.11.23.19.1.45.50.48.50.51.51.39.49.51.50.1.52.2.50.15.2.5.2.12.55.51.55.51.46.6.xover.mutate.done 50
 generation 22.88.58.60.56.56.56.56.56.56.56.4.9.30.39.9.25.56.3.9.68.3.7.50.4.4.51.1.51.51.23.56.14.1.50.56.56.27.50.42.14.4.51.51.7.3.56.1.30.4.51.xover.mutate.done 50
 generation 23.86.66.62.58.55.55.55.54.54.55.55.0.5.50.55.0.5.50.49.57.24.4.13.0.23.0.50.23.50.0.0.22.0.54.8.50.50.54.0.55.50.0.0.50.5.0.5.50.16.0.xover.mutate.done 50
 generation 24.83.66.55.62.57.55.55.55.55.55.5.55.8.55.47.55.26.0.31.21.0.21.60.0.0.55.0.46.5.0.0.22.15.50.10.55.0.54.0.50.49.18.55.22.0.54.50.52.0.6.xover.mutate.done 50
 generation 25.85.67.61.54.54.52.54.54.54.54.0.54.50.50.39.4.16.26.50.26.4.8.50.53.4.10.12.7.54.4.0.15.54.8.54.0.4.0.54.10.0.50.8.0.4.54.56.6.46.0.xover.mutate.done 50
 generation 26.87.72.59.54.62.53.51.51.51.51.51.31.53.51.1.5.53.33.1.1.50.51.51.31.1.9.26.15.24.6.2.51.41.1.1.47.9.25.51.50.2.51.46.5.17.1.16.47.3.1.xover.mutate.done 50
 generation 27.86.72.61.58.56.58.56.58.56.56.51.1.7.6.1.13.56.56.56.58.6.42.1.7.46.6.43.26.2.10.49.50.51.56.26.2.27.53.49.52.19.56.14.56.56.56.63.2.11.2.xover.mutate.done 50
 generation 28.84.73.58.60.60.56.56.56.55.57.50.56.44.11.53.56.47.58.47.45.55.45.76.12.44.6.0.39.16.45.54.46.0.41.35.0.0.55.63.0.41.42.50.24.45.5.66.55.50.50.xover.mutate.done 50
 generation 29.88.79.69.67.60.63.58.58.56.57.13.48.47.59.2.55.55.64.56.53.45.67.58.9.18.6.2.52.7.50.53.3.5.54.2.52.52.2.10.52.50.21.3.8.51.58.67.3.52.18.xover.mutate.done 50
 generation 30.87.82.71.64.62.64.64.60.59.63.31.47.6.57.46.77.24.56.37.12.37.76.3.25.56.54.13.3.51.52.3.8.3.59.57.36.52.48.57.52.52.14.3.2.6.17.25.2.50.2.xover.mutate.done 50
 generation 31.81.78.65.76.59.60.60.57.60.55.6.48.56.52.52.52.2.58.11.5.52.13.10.11.52.2.50.27.55.5.18.2.52.6.37.50.5.57.2.50.63.2.52.32.52.2.2.50.5.45.xover.mutate.done 50
 generation 32.87.76.74.68.65.56.56.52.61.57.9.9.12.47.81.46.0.5.1.20.1.8.7.0.25.1.1.43.20.1.1.46.51.1.1.18.4.1.51.1.44.1.20.1.14.1.19.1.45.1.xover.mutate.done 50
 generation 33.90.87.77.77.74.72.66.65.68.68.77.3.50.9.53.55.3.55.8.37.14.16.14.3.40.30.8.11.34.15.23.3.59.76.9.20.38.24.3.3.3.50.50.23.53.11.60.3.39.9.xover.mutate.done 50
 generation 34.85.80.79.70.75.78.75.66.63.63.3.1.52.47.3.6.66.3.52.6.19.78.3.8.3.8.51.50.3.29.16.13.39.3.48.51.6.1.2.23.58.3.3.10.19.40.55.10.52.56.xover.mutate.done 50
 generation 35.85.82.76.73.80.78.74.74.67.65.2.2.3.50.2.35.11.77.39.73.6.2.1.51.59.2.2.9.76.38.2.55.85.2.57.3.42.2.12.2.51.2.46.59.23.2.17.2.2.2.xover.mutate.done 50
 generation 36.85.78.78.77.78.75.82.71.71.74.3.38.4.4.57.39.53.74.35.4.3.3.53.11.11.67.53.50.15.31.55.15.15.79.53.64.31.53.63.39.51.6.20.22.64.4.53.53.10.6.xover.mutate.done 50
 generation 37.87.71.81.73.81.71.85.85.69.69.2.28.50.50.36.28.13.2.38.10.24.35.2.50.2.50.2.20.48.89.16.50.10.2.10.14.55.50.0.26.71.69.24.87.0.83.52.15.50.33.xover.mutate.done 50
 generation 38.85.88.88.81.82.83.70.87.87.80.28.34.34.37.21.1.8.6.13.15.15.18.11.49.58.47.53.1.35.6.1.65.32.86.83.82.48.15.46.1.9.1.6.1.48.12.0.1.20.37.xover.mutate.done 50
 generation 39.88.91.83.79.79.79.81.81.81.79.1.6.8.11.7.9.33.69.72.51.44.12.25.5.7.41.7.50.36.12.59.16.7.31.1.0.57.72.49.1.41.13.62.46.67.14.32.35.60.37.xover.mutate.done 50
 generation 40.94.88.90.85.85.79.80.85.83.87.2.10.49.6.55.23.0.11.9.5.8.27.19.71.2.2.24.20.2.46.52.2.5.36.51.49.7.47.83.2.47.31.62.2.40.50.43.18.13.11.xover.mutate.done 50
 generation 41.95.89.86.84.89.89.84.82.81.77.14.16.7.49.27.29.3.11.3.20.71.14.14.3.50.65.25.10.3.75.3.3.53.40.59.46.44.3.12.53.25.16.3.18.11.10.25.61.8.38.xover.mutate.done 50
 generation 42.94.88.83.83.87.81.87.81.87.72.37.46.30.81.50.2.36.49.10.45.65.16.16.20.50.52.2.4.24.11.50.0.2.22.44.47.2.15.0.50.0.16.47.47.0.45.2.36.0.50.xover.mutate.done 50
 generation 43.89.84.83.80.71.80.80.79.84.77.0.49.50.62.5.4.67.38.50.41.48.1.10.42.1.32.45.48.1.1.16.41.0.44.5.44.8.0.6.46.22.5.48.11.7.50.0.48.10.84.xover.mutate.done 50
 generation 44.94.84.85.92.88.81.85.85.86.81.47.0.7.57.0.50.6.8.7.45.0.19.43.7.6.0.0.54.20.0.21.49.0.0.55.8.49.7.59.48.60.0.47.0.6.0.0.22.47.7.xover.mutate.done 50
 generation 45.93.83.88.83.86.78.78.84.79.78.1.60.50.22.6.7.1.31.48.19.51.7.1.6.25.49.59.59.47.8.54.6.51.69.1.6.7.88.1.46.11.9.20.1.78.47.1.47.11.54.xover.mutate.done 50
 generation 46.90.83.87.84.87.81.77.81.83.83.2.2.8.11.25.0.9.45.7.7.7.50.47.26.66.2.46.25.5.0.49.49.42.5.46.89.50.81.55.50.7.13.2.48.7.16.50.11.8.50.xover.mutate.done 50
 generation 47.93.88.84.81.82.84.82.82.80.77.27.21.5.28.0.6.23.51.9.10.47.5.50.51.25.5.0.0.50.0.50.49.47.54.85.0.0.17.36.0.12.0.0.0.22.8.0.7.0.63.xover.mutate.done 50
 generation 48.92.83.84.87.85.88.82.82.87.87.9.18.9.1.2.16.9.12.10.51.1.45.2.52.7.9.18.8.8.1.29.25.51.9.51.9.42.49.69.6.78.65.84.16.9.32.59.2.1.15.xover.mutate.done 50
 generation 49.92.77.85.86.81.81.85.85.86.76.0.49.1.49.8.81.38.1.6.1.53.5.7.10.1.1.16.40.17.1.6.60.49.49.15.70.50.50.31.22.50.42.7.23.1.51.51.6.72.0.xover.mutate.done 50
 38442911 iters     714074 iter/sec (53.84 s)
 total time: 53.84
