0.5703125 0.2109375 0.9609375 0.625 0.9921875 0.671875 0.6953125 0.8203125 0.46875 0.515625 
0.9609375 0.9921875 0.9375 0.9921875 0.0703125 0.1796875 0.984375 0.9453125 0.3984375 0.1796875 
0.6328125 0.1796875 0.1796875 0.265625 0.9609375 0.9609375 0.9921875 0.9375 0.9921875 0.0703125 
0.6328125 0.1796875 0.1796875 0.265625 0.9609375 0.9609375 0.9921875 0.9375 0.9921875 0.0703125 
0.6328125 0.1796875 0.1796875 0.265625 0.1796875 0.1796875 0.3359375 0.9609375 0.9609375 0.9921875 
0.6328125 0.1796875 0.1796875 0.265625 0.1796875 0.1796875 0.3359375 0.9609375 0.9609375 0.9921875 
0.6328125 0.9609375 0.9609375 0.734375 0.640625 0.75 0.6640625 0.90625 0.1796875 0.1796875 
0.6328125 0.9609375 0.9609375 0.734375 0.640625 0.75 0.6640625 0.90625 0.953125 0.7890625 
0.6328125 0.9609375 0.9609375 0.734375 0.640625 0.75 0.6640625 0.90625 0.953125 0.7890625 
0.6328125 0.9609375 0.9609375 0.734375 0.640625 0.75 0.6640625 0.90625 0.953125 0.7890625 
0.6328125 0.28125 0.9609375 0.9609375 0.734375 0.640625 0.75 0.6640625 0.90625 0.953125 
0.6328125 0.9609375 0.9609375 0.734375 0.640625 0.75 0.6640625 0.90625 0.953125 0.7734375 
0.6328125 0.6171875 0.9609375 0.9609375 0.734375 0.640625 0.75 0.6640625 0.90625 0.953125 
0.6328125 0.6171875 0.6171875 0.609375 0.9609375 0.9609375 0.734375 0.640625 0.75 0.6640625 
0.6171875 0.6171875 0.609375 0.6171875 0.6328125 0.9609375 0.9609375 0.734375 0.640625 0.75 
0.6328125 0.6171875 0.6171875 0.609375 0.6171875 0.609375 0.6171875 0.609375 0.5859375 0.9609375 
0.6171875 0.6171875 0.609375 0.6171875 0.609375 0.6171875 0.609375 0.5859375 0.609375 0.9609375 
0.609375 0.6171875 0.6171875 0.609375 0.6171875 0.609375 0.6171875 0.609375 0.6015625 0.609375 
0.6171875 0.6171875 0.609375 0.6171875 0.609375 0.6171875 0.609375 0.6015625 0.609375 0.609375 
0.6015625 0.6171875 0.6171875 0.609375 0.6171875 0.609375 0.6171875 0.609375 0.6015625 0.609375 
0.6015625 0.5859375 0.6171875 0.6171875 0.609375 0.6171875 0.609375 0.6171875 0.609375 0.6015625 
0.6015625 0.5859375 0.6171875 0.6171875 0.6171875 0.609375 0.6171875 0.609375 0.6171875 0.609375 
0.6015625 0.5859375 0.6171875 0.6171875 0.6171875 0.609375 0.6171875 0.609375 0.6171875 0.609375 
0.6015625 0.5859375 0.6171875 0.6171875 0.6171875 0.609375 0.6171875 0.609375 0.6171875 0.609375 
0.5859375 0.6171875 0.6171875 0.6171875 0.609375 0.6171875 0.609375 0.6171875 0.609375 0.59375 
0.6171875 0.6171875 0.6171875 0.609375 0.6171875 0.609375 0.6171875 0.609375 0.5703125 0.6015625 
0.5703125 0.6171875 0.6171875 0.6171875 0.609375 0.6171875 0.609375 0.6171875 0.609375 0.6015625 
0.5703125 0.625 0.625 0.6171875 0.6171875 0.6171875 0.609375 0.6171875 0.609375 0.6171875 
0.5390625 0.5703125 0.625 0.625 0.6171875 0.6171875 0.6171875 0.609375 0.6171875 0.609375 
0.5390625 0.5703125 0.59375 0.6171875 0.625 0.625 0.6171875 0.6171875 0.609375 0.6171875 
0.5390625 0.5859375 0.5703125 0.59375 0.6171875 0.6171875 0.6171875 0.6171875 0.609375 0.6171875 
0.5625 0.5390625 0.5703125 0.6171875 0.6328125 0.59375 0.6171875 0.6171875 0.609375 0.6171875 
0.5625 0.5625 0.5390625 0.6015625 0.5703125 0.5859375 0.59375 0.6171875 0.59375 0.546875 
0.5625 0.5859375 0.546875 0.5625 0.5625 0.5625 0.5625 0.5390625 0.5625 0.5703125 
0.546875 0.5625 0.5625 0.5625 0.5625 0.5390625 0.5625 0.5625 0.5625 0.6328125 
0.578125 0.59375 0.5625 0.5625 0.5546875 0.546875 0.5625 0.5625 0.5703125 0.5390625 
0.59375 0.578125 0.5703125 0.5703125 0.5625 0.5546875 0.5625 0.5625 0.5546875 0.5625 
0.5703125 0.59375 0.578125 0.5625 0.5625 0.5625 0.5625 0.5703125 0.5625 0.5546875 
0.59375 0.5703125 0.578125 0.5625 0.5625 0.578125 0.5625 0.5703125 0.5625 0.5703125 
0.59375 0.5703125 0.578125 0.5703125 0.5625 0.5625 0.5703125 0.578125 0.5625 0.5625 
0.59375 0.578125 0.5703125 0.5859375 0.5703125 0.6015625 0.5625 0.5625 0.5625 0.578125 
0.5859375 0.6015625 0.5859375 0.59375 0.578125 0.5703125 0.5703125 0.5703125 0.578125 0.5859375 
0.5859375 0.5859375 0.578125 0.578125 0.6015625 0.578125 0.578125 0.59375 0.5859375 0.5703125 
0.578125 0.5625 0.59375 0.5859375 0.5859375 0.578125 0.578125 0.578125 0.5859375 0.5703125 
0.578125 0.5703125 0.5859375 0.5859375 0.578125 0.578125 0.5625 0.5859375 0.578125 0.59375 
0.578125 0.5859375 0.5859375 0.5625 0.578125 0.578125 0.578125 0.578125 0.5859375 0.59375 
0.5625 0.5625 0.59375 0.578125 0.5859375 0.5859375 0.578125 0.578125 0.578125 0.59375 
0.5625 0.578125 0.5625 0.59375 0.59375 0.5703125 0.578125 0.5859375 0.5859375 0.578125 
0.578125 0.578125 0.5625 0.5625 0.59375 0.5859375 0.5859375 0.578125 0.578125 0.5703125 
0.578125 0.5625 0.5625 0.59375 0.5859375 0.5859375 0.578125 0.578125 0.578125 0.578125 
