% Ministry of Cellular Automata
% Project Deux (CS523 Spring 2015)
% Version:v0.1-66-g3e0f-dirty
%  pop:50
%  ic count:100
%  CA Log option:r3/run39
%  width:121
%  max workers:4
%  radius:3
%  iterations:300
%  generations:50

 generation 0.1.1.1.50.1.1.0.1.0.1.1.1.1.1.50.0.1.2.1.0.1.0.27.1.1.1.50.1.1.1.1.1.50.1.1.0.0.1.50.1.1.1.1.0.1.1.1.1.1.1.xover.mutate.done 50
 generation 1.50.50.50.50.50.25.1.1.1.1.41.1.1.1.50.1.23.50.50.1.1.1.1.50.1.1.50.1.1.50.5.1.50.1.1.1.1.1.0.48.20.1.1.1.1.50.1.1.1.1.xover.mutate.done 50
 generation 2.50.50.50.50.50.50.50.50.50.50.1.1.1.6.1.8.18.1.7.1.1.1.50.50.1.1.1.50.1.50.1.50.50.1.1.50.0.69.1.1.50.1.1.50.1.19.13.1.50.1.xover.mutate.done 50
 generation 3.61.50.50.50.50.50.50.50.50.50.4.50.4.6.0.50.4.50.50.17.4.34.0.35.0.16.4.4.4.50.50.4.54.4.32.4.10.14.50.4.50.4.50.46.4.0.4.4.50.4.xover.mutate.done 50
 generation 4.58.51.50.50.50.50.50.51.50.50.45.51.50.50.14.38.50.9.50.1.4.1.1.80.18.29.1.50.5.1.2.1.51.50.1.50.15.84.46.2.2.6.49.37.1.19.2.6.51.50.xover.mutate.done 50
 generation 5.90.83.64.51.50.51.50.51.50.50.51.9.1.38.51.50.50.50.50.1.1.1.50.50.0.5.50.51.0.1.50.51.14.50.50.50.50.14.10.65.50.1.47.50.0.23.51.0.63.50.xover.mutate.done 50
 generation 6.82.78.61.62.60.51.51.51.51.51.51.51.2.11.1.2.51.2.1.2.43.51.51.50.7.1.50.2.2.33.51.51.2.2.51.2.11.42.20.51.40.51.2.51.58.50.2.51.1.8.xover.mutate.done 50
 generation 7.88.84.61.62.62.61.50.50.50.50.51.71.1.6.10.50.17.1.50.50.50.46.0.1.79.5.46.15.50.51.50.12.0.1.38.0.50.50.50.51.1.7.50.47.50.50.0.9.15.50.xover.mutate.done 50
 generation 8.87.78.70.62.65.57.65.57.50.50.0.50.50.50.34.7.50.0.50.50.0.50.22.0.0.32.50.11.10.50.0.50.50.0.49.50.34.50.50.50.0.24.29.41.28.20.50.50.35.0.xover.mutate.done 50
 generation 9.85.79.75.61.61.66.57.56.52.52.2.43.0.66.2.56.50.12.27.85.56.5.2.2.50.2.52.0.19.50.50.0.0.56.2.39.50.50.50.14.50.50.33.52.2.2.0.2.8.50.xover.mutate.done 50
 generation 10.86.88.84.79.63.63.62.52.56.55.69.28.3.51.51.31.2.51.9.50.1.35.2.4.51.51.1.51.56.50.2.82.50.9.2.50.2.51.1.5.15.50.22.12.2.56.63.51.2.1.xover.mutate.done 50
 generation 11.88.84.79.76.72.67.62.62.64.64.32.0.32.12.0.64.11.0.62.42.6.50.50.39.0.42.0.23.50.50.30.0.72.18.77.37.88.50.32.59.42.8.12.50.50.0.50.72.40.18.xover.mutate.done 50
 generation 12.87.87.87.83.79.79.80.78.79.70.50.51.52.51.52.51.19.3.37.71.51.83.60.44.51.41.3.52.83.66.14.3.34.75.21.3.3.46.52.21.32.3.13.66.77.21.48.37.1.15.xover.mutate.done 50
 generation 13.83.83.84.78.78.83.71.76.72.66.0.50.50.74.48.50.50.76.44.28.0.62.33.13.82.56.0.4.0.0.50.59.78.50.0.0.61.0.17.50.0.49.50.43.76.50.56.50.6.22.xover.mutate.done 50
 generation 14.83.84.84.81.83.79.76.79.75.75.48.48.81.66.77.36.12.74.82.68.46.82.21.85.83.67.37.55.2.2.85.51.84.1.69.43.50.77.51.2.51.63.51.2.2.50.2.67.62.55.xover.mutate.done 50
 generation 15.85.87.84.84.84.84.84.82.86.81.42.52.73.72.43.50.72.30.84.56.65.50.51.86.52.27.36.15.52.25.52.23.27.78.47.51.84.64.82.3.72.28.37.3.84.79.56.5.78.22.xover.mutate.done 50
 generation 16.85.88.91.90.88.88.88.88.87.88.7.49.49.83.50.1.10.37.0.58.85.33.10.57.53.39.86.46.29.15.0.70.90.28.41.91.0.88.65.56.0.72.16.67.75.15.42.0.0.18.xover.mutate.done 50
 generation 17.85.85.84.84.81.84.84.84.84.84.82.20.20.44.74.82.29.37.10.37.70.62.18.34.81.3.82.71.0.15.31.50.42.25.85.45.73.53.0.17.45.29.8.38.84.63.50.34.83.9.xover.mutate.done 50
 generation 18.89.91.88.91.90.89.89.88.88.88.20.49.23.49.54.13.44.26.6.24.91.54.49.61.50.42.56.88.71.81.35.58.11.88.92.50.24.54.42.41.60.71.70.4.11.2.50.50.50.62.xover.mutate.done 50
 generation 19.89.91.88.84.88.87.86.86.88.86.3.14.66.8.3.40.40.68.39.44.76.32.58.64.78.87.50.30.43.50.54.21.88.57.89.88.86.58.11.22.87.11.50.74.21.54.36.29.13.66.xover.mutate.done 50
 generation 20.88.89.86.88.88.87.88.87.88.86.57.19.53.37.5.29.51.86.49.58.71.85.20.52.86.5.14.86.86.6.30.62.75.5.61.2.5.30.84.32.39.12.44.11.13.37.50.86.5.52.xover.mutate.done 50
 generation 21.87.88.86.86.86.83.85.85.82.78.51.66.39.55.38.88.48.5.50.87.49.9.0.27.8.45.83.85.20.0.61.31.55.66.45.38.86.8.0.42.48.68.26.47.0.0.90.82.69.0.xover.mutate.done 50
 generation 22.94.92.88.91.89.91.91.91.91.92.25.52.3.52.20.50.42.11.89.3.33.52.3.14.90.91.49.39.46.59.57.3.52.50.3.3.55.52.74.52.50.52.3.35.49.90.30.52.3.50.xover.mutate.done 50
 generation 23.92.92.92.92.91.91.91.91.91.91.70.70.40.50.44.44.25.51.1.1.28.17.50.87.50.50.50.1.20.1.15.49.1.50.13.1.67.49.47.27.14.49.21.88.50.91.50.92.50.40.xover.mutate.done 50
 generation 24.92.86.90.88.88.87.87.87.87.87.8.3.45.87.70.50.71.3.71.25.29.50.86.86.70.28.64.50.87.21.50.64.68.24.56.50.3.40.84.11.70.50.48.60.85.71.3.3.44.44.xover.mutate.done 50
 generation 25.93.84.86.83.85.85.85.85.85.86.51.50.84.6.1.50.17.47.48.50.40.77.84.61.1.1.1.1.59.63.50.40.50.85.29.70.50.64.3.25.26.42.50.50.7.32.1.1.56.50.xover.mutate.done 50
 generation 26.97.96.90.92.91.92.92.92.91.92.0.22.71.57.80.50.0.50.1.66.19.72.89.91.89.40.27.37.28.42.64.50.78.28.0.36.17.49.22.48.91.25.50.64.11.0.27.50.0.49.xover.mutate.done 50
 generation 27.89.87.85.85.85.85.87.85.85.86.32.81.10.84.1.44.3.3.18.11.14.66.66.71.72.7.65.66.3.77.11.3.20.7.11.85.1.51.3.3.1.92.38.10.10.52.1.49.27.86.xover.mutate.done 50
 generation 28.88.93.88.90.88.88.87.87.87.87.38.52.86.17.46.66.52.47.51.1.86.58.58.84.54.83.24.31.2.58.49.54.52.3.87.88.57.2.3.50.54.61.87.2.52.29.47.11.87.17.xover.mutate.done 50
 generation 29.95.88.88.89.86.85.86.86.86.86.55.71.9.62.86.56.42.8.1.55.27.16.21.1.20.69.0.55.25.53.51.46.90.50.46.5.1.4.50.37.9.50.86.74.55.1.86.1.65.40.xover.mutate.done 50
 generation 30.91.90.87.84.87.86.85.86.86.86.51.51.12.18.47.24.83.53.18.55.52.71.9.53.58.7.2.63.45.60.26.51.3.55.73.51.65.60.2.2.46.41.24.86.37.16.2.23.55.11.xover.mutate.done 50
 generation 31.96.95.92.89.91.91.91.91.91.91.11.9.22.50.50.47.50.41.14.90.23.49.48.50.18.0.50.43.87.24.0.65.7.50.87.50.53.50.50.65.0.0.76.21.50.28.12.46.50.0.xover.mutate.done 50
 generation 32.92.86.88.87.86.86.86.86.86.90.50.7.56.25.42.63.15.86.8.71.32.75.15.6.14.2.83.44.50.58.22.50.50.38.47.63.50.52.2.50.70.2.86.62.64.0.62.50.2.38.xover.mutate.done 50
 generation 33.89.90.89.88.88.88.88.88.88.88.78.51.50.67.50.5.72.31.10.1.2.79.2.63.51.14.50.51.72.2.49.37.66.12.27.79.35.83.38.82.55.72.1.72.84.59.45.75.11.82.xover.mutate.done 50
 generation 34.90.90.90.90.92.89.89.89.89.89.53.50.40.83.50.27.60.60.0.10.27.8.50.24.21.50.3.48.84.42.34.10.47.0.46.62.9.3.70.69.39.11.3.10.29.68.46.53.3.49.xover.mutate.done 50
 generation 35.93.90.96.87.88.87.87.87.87.87.7.17.10.1.80.81.51.47.42.21.77.80.30.73.68.51.1.65.50.85.51.33.93.1.44.83.46.49.95.82.47.0.87.1.29.1.66.87.50.56.xover.mutate.done 50
 generation 36.90.92.88.92.91.91.91.91.91.91.30.52.3.74.71.17.3.18.52.31.3.51.52.61.26.47.91.52.91.49.2.84.42.3.3.48.52.52.3.29.3.89.29.29.20.47.91.25.75.57.xover.mutate.done 50
 generation 37.92.91.92.91.91.92.92.92.92.91.35.1.41.24.8.67.35.6.36.70.75.78.79.92.45.10.26.5.1.14.32.51.30.32.42.91.1.8.26.15.0.24.77.50.91.50.64.41.89.19.xover.mutate.done 50
 generation 38.93.93.89.89.89.90.93.92.91.89.70.50.89.55.12.62.1.44.50.11.50.48.50.44.47.57.10.14.0.65.42.8.82.1.88.86.15.31.48.1.69.11.83.90.76.10.36.31.89.12.xover.mutate.done 50
 generation 39.89.89.88.88.89.86.89.89.89.89.82.47.73.73.50.37.47.50.88.0.50.88.0.44.27.50.48.47.3.55.21.80.90.0.50.86.22.42.0.0.50.50.88.70.50.89.54.44.43.68.xover.mutate.done 50
 generation 40.90.91.94.94.92.92.92.92.93.92.23.36.52.50.13.54.64.52.12.51.48.77.92.13.2.24.46.60.14.16.14.64.87.43.89.60.2.47.69.92.90.22.12.57.16.47.87.15.12.87.xover.mutate.done 50
 generation 41.89.87.92.92.85.85.85.91.88.91.8.46.4.92.64.4.9.51.47.11.79.81.61.51.59.85.12.59.47.50.71.4.31.50.67.46.52.66.57.91.4.29.72.18.28.50.52.2.55.85.xover.mutate.done 50
 generation 42.95.96.95.94.94.95.90.88.89.88.36.4.1.12.46.34.29.0.50.91.50.50.1.17.1.37.56.50.85.4.50.43.58.47.50.17.1.51.30.81.93.70.55.26.1.42.0.7.23.49.xover.mutate.done 50
 generation 43.91.91.91.92.92.92.90.85.86.88.81.86.51.85.50.62.51.45.51.60.36.43.51.2.89.62.51.44.56.51.89.46.2.86.51.91.93.93.39.20.6.35.51.91.50.30.1.2.67.2.xover.mutate.done 50
 generation 44.93.91.94.94.94.98.95.96.96.96.52.50.62.56.50.50.33.11.7.50.49.54.55.4.54.77.50.50.50.54.33.4.4.19.56.4.54.48.4.57.60.4.96.46.20.67.4.40.9.87.xover.mutate.done 50
 generation 45.97.96.96.95.96.97.96.93.93.93.50.84.6.94.46.48.75.82.93.38.58.50.12.12.0.88.55.62.0.49.0.0.52.55.58.83.50.50.95.90.50.0.66.0.28.68.48.0.0.49.xover.mutate.done 50
 generation 46.94.94.95.95.90.93.93.93.88.93.75.4.4.40.29.29.17.2.25.4.53.4.88.4.45.50.2.48.2.4.4.18.92.73.70.2.25.53.49.48.38.88.87.28.93.18.76.35.49.48.xover.mutate.done 50
 generation 47.95.94.92.93.94.91.94.94.94.88.1.1.20.76.9.43.1.47.7.3.32.13.43.70.28.2.58.8.25.48.72.44.87.93.40.7.28.46.51.2.15.42.77.41.31.39.17.75.53.3.xover.mutate.done 50
 generation 48.91.90.90.92.91.91.93.91.92.91.52.3.53.5.48.69.87.53.91.66.51.51.74.25.85.4.40.49.53.4.16.1.31.11.75.4.51.37.4.3.35.4.4.48.4.1.4.24.37.4.xover.mutate.done 50
 generation 49.95.93.94.92.91.91.92.93.91.92.52.48.50.11.91.92.21.50.14.78.52.52.4.44.70.19.33.2.7.30.17.20.90.33.7.8.58.49.58.49.52.11.92.11.5.11.16.5.22.51.xover.mutate.done 50
 31121568 iters     722813 iter/sec (43.06 s)
 total time: 43.06
