% Ministry of Cellular Automata
% Project Deux (CS523 Spring 2015)
% Version:v0.1-66-g3e0f-dirty
%  pop:50
%  ic count:100
%  CA Log option:r3/run38
%  width:121
%  max workers:4
%  radius:3
%  iterations:300
%  generations:50

 generation 0.1.1.50.1.1.1.1.1.50.5.1.0.0.50.50.1.1.0.0.1.50.50.0.50.0.1.1.0.1.1.0.50.1.1.50.50.1.1.1.0.0.0.1.4.0.6.0.0.1.50.xover.mutate.done 50
 generation 1.50.50.50.50.50.50.50.50.50.50.8.3.2.13.23.2.1.3.3.50.3.2.50.3.3.3.50.8.2.1.50.2.2.2.51.1.10.3.52.50.50.51.3.1.1.1.3.2.29.1.xover.mutate.done 50
 generation 2.53.51.51.50.50.50.50.50.50.50.3.1.50.19.1.51.51.4.1.8.50.53.50.4.30.15.50.4.50.53.44.50.15.53.50.53.50.6.4.3.53.50.50.50.50.50.50.4.3.50.xover.mutate.done 50
 generation 3.51.51.51.51.51.51.52.52.52.52.50.1.3.1.45.39.50.52.50.51.1.3.52.50.2.3.52.1.1.3.2.52.51.52.52.3.2.20.41.51.50.2.52.1.52.3.50.52.3.51.xover.mutate.done 50
 generation 4.50.50.50.50.50.50.50.50.50.50.50.1.0.51.50.50.0.50.1.50.1.50.1.1.50.50.1.1.1.1.51.1.51.1.1.1.50.1.50.50.50.50.50.0.50.50.50.50.50.39.xover.mutate.done 50
 generation 5.52.52.52.51.51.51.51.51.51.51.51.51.51.50.51.3.1.50.1.51.50.1.3.3.2.51.52.3.3.10.3.51.52.3.3.50.51.51.22.51.3.3.28.3.51.3.51.3.1.1.xover.mutate.done 50
 generation 6.51.51.51.51.51.51.51.51.51.51.2.9.51.2.2.2.49.50.2.1.1.51.2.1.2.51.2.2.50.51.51.51.2.1.2.2.2.41.2.51.51.51.51.7.51.27.1.1.2.2.xover.mutate.done 50
 generation 7.51.51.51.51.51.52.52.52.52.52.1.51.52.52.52.17.1.1.52.37.52.1.32.1.3.3.3.3.52.3.3.3.1.51.52.52.1.38.3.3.37.3.52.51.50.52.52.52.52.8.xover.mutate.done 50
 generation 8.50.50.50.50.50.50.50.50.50.50.42.17.2.50.50.50.2.23.3.2.8.50.50.50.24.2.52.2.2.2.30.2.2.50.46.17.2.2.46.2.50.2.52.50.2.34.50.25.50.2.xover.mutate.done 50
 generation 9.52.52.50.50.50.50.50.50.50.50.2.2.50.2.20.2.2.2.50.50.52.2.52.50.47.46.50.2.42.50.21.45.31.21.15.2.2.0.50.2.50.2.50.2.50.50.0.36.45.2.xover.mutate.done 50
 generation 10.50.50.50.50.50.50.50.50.50.49.46.50.43.48.14.0.50.22.0.0.0.45.0.0.0.22.41.50.50.0.0.0.0.0.22.0.0.0.50.50.50.50.50.50.0.50.50.50.0.50.xover.mutate.done 50
 generation 11.50.50.50.50.52.52.52.52.52.52.52.52.2.52.50.2.2.2.50.36.2.2.2.40.52.52.17.52.2.38.2.52.2.2.47.50.2.52.52.2.50.16.2.10.52.2.50.0.2.50.xover.mutate.done 50
 generation 12.50.50.50.50.50.50.50.50.50.50.50.12.0.0.50.50.31.24.0.50.50.22.0.9.50.50.50.50.50.0.18.0.0.50.50.38.50.50.50.50.0.0.0.0.0.50.0.0.0.0.xover.mutate.done 50
 generation 13.50.50.50.50.50.50.50.50.50.50.1.1.1.1.50.1.50.1.50.1.1.18.0.51.1.51.50.1.47.50.1.45.3.51.50.50.1.50.50.1.50.50.1.1.50.1.51.1.50.21.xover.mutate.done 50
 generation 14.50.50.50.50.51.51.51.51.51.51.51.1.28.51.51.51.1.29.1.0.1.1.1.9.0.51.1.0.36.51.1.1.51.43.1.0.1.1.51.50.1.18.51.31.1.1.1.6.24.45.xover.mutate.done 50
 generation 15.50.50.50.50.50.50.50.50.50.50.50.50.0.1.50.0.0.29.12.50.50.50.0.50.50.42.0.50.0.50.0.0.1.0.50.35.0.50.0.0.0.50.50.0.0.0.0.50.0.0.xover.mutate.done 50
 generation 16.52.52.52.52.52.52.52.52.52.52.50.50.4.28.52.52.32.52.50.4.52.52.4.52.4.52.50.9.52.22.2.21.52.4.52.52.52.4.52.22.4.2.52.52.12.52.4.4.16.12.xover.mutate.done 50
 generation 17.51.51.51.51.51.51.51.51.51.51.3.51.3.2.50.51.47.3.50.51.51.51.51.49.3.3.3.51.3.11.4.50.2.3.3.51.47.51.22.47.8.1.3.3.51.27.13.3.51.27.xover.mutate.done 50
 generation 18.51.51.51.51.51.51.51.51.51.51.50.51.5.51.51.3.19.3.3.50.3.51.3.51.3.51.2.50.3.51.51.50.33.51.50.21.51.28.51.50.3.51.51.51.51.2.3.3.51.51.xover.mutate.done 50
 generation 19.50.50.50.50.50.50.50.50.50.50.50.50.50.50.1.46.50.50.50.1.50.50.1.50.1.50.31.50.49.50.50.1.50.50.50.6.50.50.46.50.1.50.50.50.50.50.50.4.50.50.xover.mutate.done 50
 generation 20.51.51.51.51.51.51.51.51.51.51.2.49.2.2.42.1.42.51.2.51.2.51.50.2.51.50.51.51.1.2.2.44.51.51.50.51.21.48.50.2.32.51.31.51.51.51.17.51.51.50.xover.mutate.done 50
 generation 21.52.52.52.52.52.52.52.52.52.52.52.52.52.52.11.2.52.52.52.2.2.50.48.52.2.52.2.52.52.52.50.0.6.2.27.50.52.2.50.52.52.52.52.52.52.50.52.52.52.52.xover.mutate.done 50
 generation 22.50.50.50.50.50.50.50.50.50.50.50.50.50.50.50.50.50.50.50.50.49.46.0.50.50.50.50.50.50.38.50.1.50.50.50.46.50.50.50.1.9.50.50.50.2.50.21.1.50.50.xover.mutate.done 50
 generation 23.51.51.51.51.51.51.51.51.51.51.51.2.47.2.49.2.51.51.51.1.2.51.6.50.51.2.50.51.2.50.2.50.51.51.2.51.50.1.38.50.51.51.2.2.2.50.51.3.2.34.xover.mutate.done 50
 generation 24.51.51.51.51.51.51.51.51.51.51.50.51.2.50.2.2.51.18.51.36.51.2.51.51.2.27.1.51.50.10.2.51.2.51.50.50.51.2.1.51.51.50.40.51.2.51.51.51.50.2.xover.mutate.done 50
 generation 25.52.52.52.52.52.52.52.52.52.52.52.52.52.42.52.52.52.50.52.52.50.52.52.52.0.50.52.52.52.2.52.52.2.52.52.52.50.52.52.52.52.2.52.52.52.52.2.52.2.2.xover.mutate.done 50
 generation 26.50.50.50.50.50.50.50.50.50.50.50.50.2.50.50.2.50.50.50.50.50.2.50.50.12.50.50.50.50.50.2.24.2.50.14.39.50.2.50.2.50.50.50.2.50.50.50.50.50.50.xover.mutate.done 50
 generation 27.51.51.51.51.51.51.51.51.51.51.51.51.51.50.51.50.34.51.6.51.51.21.38.30.51.41.51.1.51.46.51.50.50.51.51.51.50.1.51.51.51.51.51.51.51.51.51.10.14.50.xover.mutate.done 50
 generation 28.51.51.51.51.51.51.51.51.51.51.51.51.1.51.1.1.43.1.0.1.1.1.47.2.41.15.51.51.51.51.1.1.18.5.1.51.1.0.50.0.1.51.1.1.51.51.51.2.51.51.xover.mutate.done 50
 generation 29.50.50.50.50.50.50.50.50.50.50.50.2.28.50.50.50.50.50.50.50.2.0.50.50.50.50.21.50.50.50.2.3.3.50.37.50.50.50.50.50.50.50.50.50.50.44.43.50.47.45.xover.mutate.done 50
 generation 30.51.51.51.51.51.51.51.51.51.51.51.51.51.1.51.1.11.51.51.9.1.0.1.51.1.51.51.51.51.51.51.51.1.51.51.51.51.9.1.8.1.43.51.49.51.51.51.4.51.51.xover.mutate.done 50
 generation 31.52.52.52.52.52.52.52.52.52.52.52.7.2.52.52.52.52.52.52.2.2.2.52.52.6.52.52.52.12.52.52.2.49.52.52.52.52.52.50.52.52.2.52.52.52.52.2.52.52.52.xover.mutate.done 50
 generation 32.51.51.51.51.51.51.51.51.51.51.51.51.51.2.51.51.2.51.51.2.51.51.51.2.51.51.51.51.2.2.11.51.50.51.51.16.51.2.51.51.2.51.51.51.51.2.51.51.51.51.xover.mutate.done 50
 generation 33.51.51.51.51.51.51.51.51.51.51.50.17.51.11.51.51.51.51.2.1.2.51.51.2.2.51.2.51.2.1.2.2.51.2.51.2.51.51.51.1.51.51.51.2.51.51.2.51.15.51.xover.mutate.done 50
 generation 34.50.50.50.50.50.50.50.50.50.50.50.1.50.50.1.0.0.13.50.50.50.50.13.19.50.17.50.50.49.50.50.0.50.50.50.0.50.50.50.50.50.12.50.1.50.1.50.1.23.1.xover.mutate.done 50
 generation 35.54.54.54.54.54.54.54.54.54.54.54.4.54.54.4.54.54.54.52.4.54.54.4.47.4.54.4.0.54.50.20.54.54.54.54.20.54.54.54.54.54.27.54.48.54.19.4.54.4.54.xover.mutate.done 50
 generation 36.51.51.51.51.51.51.51.51.51.51.50.1.51.1.51.51.43.51.1.51.51.1.1.51.25.48.51.1.39.51.1.51.1.51.1.51.1.51.51.10.51.51.7.51.51.1.50.6.51.51.xover.mutate.done 50
 generation 37.51.51.51.51.51.51.51.51.51.51.1.40.51.3.3.3.51.3.3.12.51.51.51.3.51.51.51.51.3.51.51.51.3.3.51.51.51.3.4.1.3.28.51.51.3.51.51.51.51.51.xover.mutate.done 50
 generation 38.51.51.51.51.51.51.51.51.51.51.51.1.1.51.51.51.1.1.1.51.50.1.1.51.51.1.1.1.51.1.51.51.51.51.51.1.51.51.51.51.1.51.14.51.51.51.51.51.1.2.xover.mutate.done 50
 generation 39.51.51.51.51.51.51.51.51.51.51.51.51.1.2.50.51.51.51.1.51.1.1.51.51.18.51.51.51.51.2.1.51.50.51.51.51.10.51.51.51.51.51.1.51.2.51.0.51.51.51.xover.mutate.done 50
 generation 40.53.53.53.53.53.53.53.53.53.53.53.4.22.19.53.53.3.53.30.49.37.53.53.53.50.50.53.50.3.53.4.52.4.4.9.49.53.4.44.52.52.4.53.53.53.53.53.50.53.53.xover.mutate.done 50
 generation 41.50.50.50.50.50.50.50.50.50.50.13.50.50.50.50.50.50.50.2.39.50.50.32.50.2.50.50.50.50.50.50.50.50.50.50.2.50.2.50.42.30.50.2.50.50.12.50.50.50.2.xover.mutate.done 50
 generation 42.50.50.50.50.50.50.50.50.50.50.15.1.50.50.1.50.50.50.50.50.50.1.50.7.50.14.50.50.1.1.1.38.50.48.50.50.50.50.50.1.4.50.10.50.50.50.1.1.50.50.xover.mutate.done 50
 generation 43.53.53.53.53.53.53.53.53.53.53.53.53.53.3.3.53.47.53.53.53.53.53.0.53.39.3.53.3.53.39.50.50.53.3.53.3.53.53.53.53.53.53.3.50.3.53.46.53.53.53.xover.mutate.done 50
 generation 44.50.50.50.50.50.50.50.50.50.50.41.50.50.50.50.50.50.1.50.45.1.1.1.1.50.50.50.50.1.50.1.50.1.50.1.1.6.50.50.1.50.50.50.50.50.1.50.6.50.1.xover.mutate.done 50
 generation 45.50.50.50.50.50.50.50.50.50.50.0.22.50.50.50.0.0.50.0.50.17.50.50.7.0.50.50.50.50.50.0.50.0.44.50.0.50.50.0.50.17.0.50.0.50.50.50.50.18.50.xover.mutate.done 50
 generation 46.51.51.51.51.51.51.51.51.51.51.51.51.51.51.47.51.43.3.1.51.51.3.51.51.51.51.1.51.51.36.51.51.32.51.3.3.46.3.3.51.51.51.3.51.51.50.51.28.51.51.xover.mutate.done 50
 generation 47.52.52.52.52.52.52.52.52.52.52.49.3.52.52.11.52.52.52.52.51.52.52.50.52.52.3.51.52.3.52.52.3.52.52.52.52.52.52.52.52.3.52.3.3.52.52.52.52.52.2.xover.mutate.done 50
 generation 48.51.51.51.51.51.51.51.51.51.51.1.50.51.1.1.8.0.18.51.47.51.51.1.1.51.1.51.51.51.1.51.51.50.51.51.1.51.51.51.51.10.50.1.51.21.42.34.27.51.51.xover.mutate.done 50
 generation 49.50.50.50.50.50.50.50.50.50.50.50.1.50.50.50.1.1.50.1.27.50.50.29.50.50.1.50.50.50.1.50.28.50.1.1.50.50.50.1.50.50.50.50.1.50.1.50.50.50.50.xover.mutate.done 50
 21902109 iters     668575 iter/sec (32.76 s)
 total time: 32.76
