50 50 50 50 50 27 2 1 1 1 1 1 1 1 1 1 1 1 1 1 1 1 1 1 1 1 1 1 1 1 1 1 1 1 1 1 1 1 1 1 1 1 0 0 0 0 0 0 0 0 
50 50 50 50 50 50 50 50 50 50 50 50 50 48 41 25 23 20 5 1 1 1 1 1 1 1 1 1 1 1 1 1 1 1 1 1 1 1 1 1 1 1 1 1 1 1 1 1 1 0 
69 50 50 50 50 50 50 50 50 50 50 50 50 50 50 50 50 50 50 50 50 19 18 13 8 7 6 1 1 1 1 1 1 1 1 1 1 1 1 1 1 1 1 1 1 1 1 1 1 0 
61 54 50 50 50 50 50 50 50 50 50 50 50 50 50 50 50 50 50 50 50 46 35 34 32 17 16 14 10 6 4 4 4 4 4 4 4 4 4 4 4 4 4 4 4 4 0 0 0 0 
84 80 58 51 51 51 51 51 50 50 50 50 50 50 50 50 50 50 50 50 50 50 50 49 46 45 38 37 29 19 18 15 14 9 6 6 5 4 2 2 2 2 1 1 1 1 1 1 1 1 
90 83 65 64 63 51 51 51 51 51 51 51 51 50 50 50 50 50 50 50 50 50 50 50 50 50 50 50 50 50 50 50 47 38 23 14 14 10 9 5 1 1 1 1 1 1 0 0 0 0 
82 78 62 61 60 58 51 51 51 51 51 51 51 51 51 51 51 51 51 51 51 51 51 50 50 50 43 42 40 33 20 11 11 8 7 2 2 2 2 2 2 2 2 2 2 2 1 1 1 1 
88 84 79 71 62 62 61 61 51 51 51 50 50 50 50 50 50 50 50 50 50 50 50 50 50 50 50 50 47 46 46 38 17 15 15 12 10 9 7 6 5 1 1 1 1 1 0 0 0 0 
87 78 70 65 65 62 57 57 50 50 50 50 50 50 50 50 50 50 50 50 50 50 50 50 50 50 50 49 41 35 34 34 32 29 28 24 22 20 11 10 7 0 0 0 0 0 0 0 0 0 
85 85 79 75 66 66 61 61 57 56 56 56 56 52 52 52 52 50 50 50 50 50 50 50 50 50 50 43 39 33 27 19 14 12 8 5 2 2 2 2 2 2 2 2 2 0 0 0 0 0 
88 86 84 82 79 69 63 63 63 62 56 56 56 55 52 51 51 51 51 51 51 51 51 50 50 50 50 50 35 31 28 22 15 12 9 9 5 4 3 2 2 2 2 2 2 2 1 1 1 1 
88 88 84 79 77 76 72 72 72 67 64 64 64 62 62 62 59 50 50 50 50 50 50 50 50 42 42 42 40 39 37 32 32 32 30 23 18 18 12 12 11 8 6 0 0 0 0 0 0 0 
87 87 87 83 83 83 80 79 79 79 78 77 75 71 70 66 66 60 52 52 52 52 51 51 51 51 51 50 48 46 44 41 37 37 34 32 21 21 21 19 15 14 13 3 3 3 3 3 3 1 
84 83 83 83 82 78 78 78 76 76 76 74 72 71 66 62 61 59 56 56 50 50 50 50 50 50 50 50 50 50 49 48 44 43 33 28 22 17 13 6 4 0 0 0 0 0 0 0 0 0 
85 85 84 84 84 83 83 83 82 82 81 81 79 79 77 77 76 75 75 74 69 68 67 67 66 63 62 55 55 51 51 51 51 50 50 48 48 46 43 37 36 21 12 2 2 2 2 2 2 1 
87 86 86 85 84 84 84 84 84 84 84 84 82 82 81 79 78 78 73 72 72 72 65 64 56 56 52 52 52 52 51 51 50 50 47 43 42 37 36 30 28 27 27 25 23 22 15 5 3 3 
91 91 90 90 88 88 88 88 88 88 88 87 86 85 85 83 75 72 70 67 65 58 57 56 53 50 49 49 46 42 41 39 37 33 29 28 18 16 15 15 10 10 7 1 0 0 0 0 0 0 
85 85 85 84 84 84 84 84 84 84 84 83 82 82 82 81 81 74 73 71 70 63 62 53 50 50 45 45 44 42 38 37 37 34 34 31 29 29 25 20 20 18 17 15 10 9 8 3 0 0 
92 91 91 91 90 89 89 89 88 88 88 88 88 88 81 71 71 70 62 61 60 58 56 54 54 54 50 50 50 50 50 49 49 49 44 42 42 41 35 26 24 24 23 20 13 11 11 6 4 2 
91 89 89 88 88 88 88 88 87 87 87 86 86 86 86 84 78 76 74 68 66 66 64 58 58 57 54 54 50 50 50 44 43 40 40 39 36 32 30 29 22 21 21 14 13 11 11 8 3 3 
89 88 88 88 88 88 87 87 86 86 86 86 86 86 86 85 84 75 71 62 61 58 57 53 52 52 51 50 49 44 39 37 37 32 30 30 29 20 19 14 13 12 11 6 5 5 5 5 5 2 
90 88 88 87 87 86 86 86 86 85 85 85 83 83 82 82 78 69 68 66 66 61 55 55 51 50 49 48 48 47 45 45 42 39 38 38 31 27 26 20 9 8 8 5 0 0 0 0 0 0 
94 92 92 91 91 91 91 91 91 90 90 89 89 88 74 59 57 55 52 52 52 52 52 52 52 52 50 50 50 50 49 49 46 42 39 35 33 30 25 20 14 11 3 3 3 3 3 3 3 3 
92 92 92 92 92 91 91 91 91 91 91 91 88 87 70 70 67 51 50 50 50 50 50 50 50 50 50 49 49 49 47 44 44 40 40 28 27 25 21 20 17 15 14 13 1 1 1 1 1 1 
92 90 88 88 87 87 87 87 87 87 87 86 86 86 85 84 71 71 71 70 70 70 68 64 64 60 56 50 50 50 50 50 50 48 45 44 44 40 29 28 25 24 21 11 8 3 3 3 3 3 
93 86 86 85 85 85 85 85 85 84 84 84 83 77 70 64 63 61 59 56 51 50 50 50 50 50 50 50 50 50 48 47 42 40 40 32 29 26 25 17 7 6 3 1 1 1 1 1 1 1 
97 96 92 92 92 92 92 91 91 91 91 90 89 89 80 78 72 71 66 64 64 57 50 50 50 50 50 49 49 48 42 40 37 36 28 28 27 27 25 22 22 19 17 11 1 0 0 0 0 0 
92 89 87 87 86 86 85 85 85 85 85 85 85 84 81 77 72 71 66 66 66 65 52 51 49 44 38 32 27 20 18 14 11 11 11 10 10 10 7 7 3 3 3 3 3 3 1 1 1 1 
93 90 88 88 88 88 88 87 87 87 87 87 87 87 86 86 84 83 66 61 58 58 58 57 54 54 54 52 52 52 52 51 50 49 47 47 46 38 31 29 24 17 17 11 3 3 2 2 2 1 
95 90 89 88 88 86 86 86 86 86 86 86 86 85 74 71 69 65 62 56 55 55 55 55 53 51 50 50 50 46 46 42 40 37 27 25 21 20 16 9 9 8 5 4 1 1 1 1 1 0 
91 90 87 87 86 86 86 86 86 85 84 83 73 71 65 63 60 60 58 55 55 55 53 53 52 51 51 51 51 47 46 45 41 37 26 24 24 23 18 18 16 12 11 9 7 3 2 2 2 2 
96 95 92 91 91 91 91 91 91 90 89 87 87 76 65 65 53 50 50 50 50 50 50 50 50 50 50 50 49 48 47 46 43 41 28 24 23 22 21 18 14 12 11 9 7 0 0 0 0 0 
92 90 88 87 86 86 86 86 86 86 86 86 83 75 71 70 64 63 63 62 62 58 56 52 50 50 50 50 50 50 50 47 44 42 38 38 32 25 22 15 15 14 8 7 6 2 2 2 2 0 
90 89 89 88 88 88 88 88 88 88 84 83 82 82 79 79 78 75 72 72 72 72 67 66 63 59 55 51 51 51 50 50 50 49 45 38 37 35 31 27 14 12 11 10 5 2 2 2 1 1 
92 90 90 90 90 89 89 89 89 89 84 83 70 69 68 62 60 60 53 53 50 50 50 50 49 48 47 46 46 42 40 39 34 29 27 27 24 21 11 10 10 10 9 8 3 3 3 3 0 0 
96 95 93 93 90 88 87 87 87 87 87 87 87 87 85 83 82 81 80 80 77 73 68 66 65 56 51 51 51 50 50 49 47 47 46 44 42 33 30 29 21 17 10 7 1 1 1 1 1 0 
92 92 91 91 91 91 91 91 91 91 91 90 89 88 84 75 74 71 61 57 52 52 52 52 52 52 51 49 48 47 47 42 31 30 29 29 29 26 25 20 18 17 3 3 3 3 3 3 3 2 
92 92 92 92 92 92 92 91 91 91 91 91 91 89 79 78 77 75 70 67 64 51 50 50 45 42 41 41 36 35 35 32 32 30 26 26 24 24 19 15 14 10 8 8 6 5 1 1 1 0 
93 93 93 92 91 90 90 89 89 89 89 89 89 88 86 83 82 76 70 69 65 62 57 55 50 50 50 50 48 48 47 44 44 42 36 31 31 15 14 12 12 11 11 10 10 8 1 1 1 0 
90 89 89 89 89 89 89 89 89 88 88 88 88 88 86 86 82 80 73 73 70 68 55 54 50 50 50 50 50 50 50 50 48 47 47 47 44 44 43 42 37 27 22 21 3 0 0 0 0 0 
94 94 93 92 92 92 92 92 92 92 91 90 90 89 87 87 87 77 69 64 64 60 60 57 54 52 52 51 50 48 47 47 46 43 36 24 23 22 16 16 15 14 14 13 13 12 12 12 2 2 
92 92 92 91 91 91 89 88 87 85 85 85 85 85 81 79 72 71 67 66 64 61 59 59 57 55 52 52 51 51 50 50 50 47 47 46 46 31 29 28 18 12 11 9 8 4 4 4 4 2 
96 95 95 95 94 94 93 91 90 89 88 88 85 81 70 58 56 55 51 50 50 50 50 50 50 49 47 46 43 42 37 36 34 30 29 26 23 17 17 12 7 4 4 1 1 1 1 1 0 0 
93 93 92 92 92 91 91 91 91 91 90 89 89 88 86 86 86 85 85 81 67 62 62 60 56 51 51 51 51 51 51 51 51 50 50 46 45 44 43 39 36 35 30 20 6 2 2 2 2 1 
98 96 96 96 96 95 94 94 94 93 91 87 77 67 62 60 57 56 56 55 54 54 54 54 52 50 50 50 50 50 50 50 49 48 46 40 33 33 20 19 11 9 7 4 4 4 4 4 4 4 
97 97 96 96 96 96 95 95 94 93 93 93 93 90 88 84 83 82 75 68 66 62 58 58 55 55 52 50 50 50 50 50 49 49 48 48 46 38 28 12 12 6 0 0 0 0 0 0 0 0 
95 95 94 94 93 93 93 93 93 92 90 88 88 88 87 76 75 73 70 53 53 50 49 49 48 48 48 45 40 38 35 29 29 28 25 25 18 18 17 4 4 4 4 4 4 4 2 2 2 2 
95 94 94 94 94 94 93 93 92 91 88 87 77 76 75 72 70 58 53 51 48 47 46 44 43 43 42 41 40 39 32 31 28 28 25 20 17 15 13 9 8 7 7 3 3 2 2 1 1 1 
93 92 92 91 91 91 91 91 91 90 90 87 85 75 74 69 66 53 53 53 52 51 51 51 49 48 48 40 37 37 35 31 25 24 16 11 5 4 4 4 4 4 4 4 4 4 3 3 1 1 
95 94 93 93 92 92 92 92 92 91 91 91 91 90 78 70 58 58 52 52 52 52 51 50 50 49 49 48 44 33 33 30 22 21 20 19 17 16 14 11 11 11 11 8 7 7 5 5 4 2 
