52 50 50 50 50 50 50 50 6 5 2 2 2 2 2 2 2 2 2 2 2 2 2 2 2 2 2 2 2 2 2 2 2 2 2 2 2 1 0 0 0 0 0 0 0 0 0 0 0 0 
63 53 53 53 51 51 50 50 50 50 50 50 50 50 50 50 50 50 50 32 31 5 5 5 5 4 4 4 4 4 4 4 4 4 3 3 3 3 3 3 3 1 1 1 1 1 1 1 1 1 
55 50 50 50 50 50 50 50 50 50 50 50 50 50 50 50 50 50 50 50 50 50 50 50 50 50 50 50 50 22 14 10 7 0 0 0 0 0 0 0 0 0 0 0 0 0 0 0 0 0 
59 51 51 51 51 51 51 50 50 50 50 50 50 50 50 50 50 50 50 50 50 50 50 50 50 50 50 50 50 50 50 13 6 1 1 1 1 1 1 1 1 1 1 1 1 1 1 1 1 0 
59 50 50 50 50 50 50 50 50 50 50 50 50 50 50 50 50 50 50 50 50 50 50 50 50 50 50 50 46 4 1 0 0 0 0 0 0 0 0 0 0 0 0 0 0 0 0 0 0 0 
52 51 51 51 51 51 51 51 50 50 50 50 50 50 50 50 50 50 50 50 50 50 50 50 49 41 37 34 22 6 5 1 1 1 1 1 1 1 1 1 1 1 1 1 1 0 0 0 0 0 
61 54 54 54 54 54 54 54 54 54 54 54 54 54 51 51 51 51 51 51 51 51 50 44 35 35 28 25 22 12 7 5 5 5 5 5 5 5 5 5 5 5 5 5 5 5 4 3 1 1 
60 52 52 52 52 52 52 52 52 52 52 52 52 52 52 52 52 52 52 52 52 52 51 51 51 51 50 50 50 49 43 29 24 24 9 3 3 3 3 3 3 3 3 3 2 2 2 2 1 1 
63 51 51 51 51 51 51 51 51 51 51 51 51 51 51 51 51 51 51 51 51 51 51 51 51 51 50 50 50 50 50 50 27 23 17 1 1 1 1 1 1 1 1 1 1 1 1 1 1 1 
63 51 50 50 50 50 50 50 50 50 50 50 50 50 50 50 50 50 50 50 50 50 50 50 50 50 50 39 17 9 4 1 1 1 1 1 1 1 1 1 1 1 1 1 1 1 1 0 0 0 
58 53 53 53 53 53 53 53 53 53 53 53 53 53 53 53 53 53 53 53 53 51 50 50 50 50 50 46 36 30 24 6 3 3 3 3 3 3 3 3 3 3 3 3 3 3 3 3 3 0 
65 60 51 51 51 51 51 51 51 51 51 51 51 51 51 51 51 51 51 51 51 51 50 50 50 50 45 44 42 31 29 24 23 13 2 2 2 2 2 2 2 2 2 2 2 1 1 1 1 1 
62 54 54 54 50 50 50 50 50 50 50 50 50 50 50 50 50 50 50 50 50 50 50 50 50 50 50 50 45 45 38 28 26 24 24 15 9 9 0 0 0 0 0 0 0 0 0 0 0 0 
60 60 60 60 54 51 51 51 51 51 51 51 51 51 51 51 51 51 51 51 51 51 51 51 51 51 51 51 50 50 44 28 25 25 24 19 16 16 12 10 10 7 1 1 1 1 1 1 1 1 
64 63 63 63 63 63 63 63 60 51 51 51 51 51 51 51 51 51 51 51 51 51 51 51 51 51 51 51 51 51 50 50 50 50 50 49 44 30 26 19 14 2 2 2 2 2 2 2 1 1 
53 53 53 53 53 53 53 52 52 50 50 50 50 50 50 50 50 50 50 50 50 50 50 50 50 50 50 50 50 50 50 50 50 50 48 33 18 11 3 0 0 0 0 0 0 0 0 0 0 0 
59 58 58 58 58 58 58 58 58 58 58 58 58 58 58 56 56 56 56 56 52 52 52 52 52 52 52 52 52 52 52 52 52 50 50 50 50 50 24 24 8 4 4 4 4 3 2 1 1 1 
63 63 63 63 63 63 63 63 63 63 63 63 63 63 63 63 63 63 62 51 51 51 51 51 51 51 51 51 51 51 51 51 51 50 50 50 50 43 32 15 14 14 13 2 2 2 1 1 1 1 
60 59 59 59 59 59 59 59 59 59 59 59 59 59 59 59 59 59 57 56 56 56 50 50 50 50 50 50 50 50 50 50 50 50 50 50 50 50 42 11 11 10 8 7 1 1 1 1 1 0 
61 60 59 59 59 59 59 59 59 59 59 59 59 59 59 59 59 59 59 59 59 59 59 59 59 58 52 52 52 52 50 50 50 50 24 22 17 16 15 15 11 11 11 11 11 9 4 4 4 2 
64 64 63 62 62 62 62 62 62 62 62 62 62 62 62 62 58 58 58 58 58 58 58 57 51 51 51 50 50 50 50 50 50 50 50 50 50 50 50 40 35 33 19 15 14 12 12 9 1 1 
61 61 60 59 59 59 59 59 59 59 59 59 59 59 59 59 59 59 58 58 58 57 57 56 53 51 51 51 51 51 51 50 50 50 50 50 50 50 33 29 27 26 17 16 10 8 1 1 1 1 
61 58 58 57 57 57 57 57 57 57 57 57 57 57 57 57 57 57 57 57 56 56 55 55 54 54 51 50 50 50 50 50 50 50 50 50 50 50 50 48 44 18 17 14 9 7 6 5 1 1 
59 59 59 59 59 59 59 59 59 59 58 58 58 58 58 58 57 57 57 57 57 54 54 53 50 50 50 50 50 50 50 50 50 50 50 50 50 42 37 37 35 26 23 9 8 8 4 1 1 1 
61 61 61 61 61 61 61 61 61 61 61 61 60 60 60 60 59 59 59 59 59 58 58 51 51 50 50 50 50 50 47 46 39 39 38 37 33 31 29 26 25 11 10 9 9 2 2 1 1 1 
63 59 57 57 57 57 57 57 57 57 57 57 57 57 57 56 56 55 55 55 55 55 55 55 55 54 51 51 51 51 51 50 50 50 50 50 50 43 39 37 31 30 9 9 9 9 6 5 3 2 
68 64 64 61 61 61 61 61 61 61 61 61 61 60 60 60 60 52 52 52 52 52 52 52 50 50 50 50 50 50 43 20 18 18 17 13 13 13 13 13 12 12 12 4 4 4 4 2 2 2 
72 66 66 66 63 60 60 60 60 60 60 60 60 59 58 56 56 56 51 50 50 50 50 50 50 50 50 50 50 50 50 50 49 47 44 42 41 22 16 10 9 9 5 1 1 1 1 1 0 0 
76 67 59 58 57 57 57 57 57 57 57 57 57 57 57 57 57 57 57 56 55 55 52 50 50 50 50 50 50 50 50 50 50 49 49 48 47 45 28 16 5 1 1 1 1 1 1 1 0 0 
88 71 62 62 61 61 60 60 60 60 60 59 58 57 57 57 57 57 56 52 52 51 51 51 50 50 50 50 50 50 50 49 48 47 45 45 24 22 21 18 17 13 6 6 6 2 1 1 1 1 
88 78 65 62 61 60 60 60 60 60 60 60 60 60 60 59 59 58 58 58 58 58 58 58 57 56 53 51 50 50 50 49 34 34 33 31 18 12 10 10 10 8 8 6 0 0 0 0 0 0 
85 80 76 59 58 58 58 57 57 57 57 56 56 56 56 56 55 55 55 55 55 51 51 50 50 50 50 47 46 45 45 44 40 40 39 39 31 25 19 18 18 14 11 10 9 5 3 3 3 3 
78 76 76 74 74 72 72 71 65 64 62 58 57 57 57 56 56 56 56 56 56 55 53 51 51 51 51 51 51 50 50 50 50 50 44 44 37 31 29 24 23 20 16 9 8 7 7 6 6 2 
88 87 85 85 84 83 80 80 80 77 74 73 71 67 61 61 59 58 58 57 57 57 55 53 50 50 50 50 50 50 50 50 48 48 37 32 28 22 21 16 16 15 13 12 12 10 9 8 7 5 
93 90 87 82 81 80 80 80 80 79 77 77 77 73 56 53 51 51 50 50 49 47 42 40 39 39 37 34 34 30 30 29 29 29 23 21 21 21 20 17 16 8 7 6 5 4 3 2 2 1 
89 87 86 86 83 82 82 82 82 81 80 80 74 73 71 65 58 56 53 52 52 52 52 52 50 50 48 47 41 39 38 38 33 33 31 25 25 20 16 15 11 7 4 4 4 4 4 2 2 2 
88 86 83 79 77 77 77 76 73 72 72 70 56 56 54 54 53 51 50 50 50 50 50 45 29 26 25 24 17 16 16 12 8 7 7 7 5 3 2 2 2 2 2 2 2 2 1 1 1 1 
90 87 87 85 85 85 84 84 83 83 82 82 79 67 65 57 52 51 51 51 50 50 49 48 42 40 40 40 36 29 27 23 21 15 15 12 12 12 11 10 3 3 3 3 3 3 3 3 3 1 
91 88 87 85 81 81 81 80 75 75 75 74 61 60 60 59 58 52 51 51 50 50 50 50 50 50 50 46 43 38 35 32 30 24 24 21 17 12 10 7 7 2 2 2 2 0 0 0 0 0 
93 92 92 91 90 90 89 89 88 88 87 87 86 79 69 62 62 61 59 58 56 52 50 50 50 50 50 45 45 45 42 38 37 34 30 27 25 22 21 18 18 7 7 6 5 1 1 1 0 0 
89 89 89 87 87 87 87 87 86 86 85 85 85 83 83 82 80 79 75 64 63 58 50 50 50 50 49 47 46 46 45 42 41 33 31 27 24 18 16 11 11 10 5 0 0 0 0 0 0 0 
95 95 95 94 93 92 92 91 91 90 90 90 90 89 79 58 50 50 50 49 49 48 47 47 46 45 44 43 40 24 23 22 22 20 14 12 11 9 8 6 4 0 0 0 0 0 0 0 0 0 
89 89 88 87 87 86 86 86 85 84 83 81 81 66 62 58 56 54 49 49 47 46 45 28 26 25 23 17 17 16 15 15 13 12 11 4 4 4 0 0 0 0 0 0 0 0 0 0 0 0 
90 90 89 89 89 89 88 88 87 86 76 74 62 60 59 56 51 51 51 51 50 49 48 48 46 40 34 31 25 24 24 23 21 20 14 13 12 11 7 3 3 3 2 2 2 2 2 2 2 1 
97 95 95 94 94 94 93 93 91 90 85 73 64 60 60 55 55 51 50 50 46 45 41 41 39 38 36 32 31 31 30 30 27 22 22 21 16 15 13 13 12 11 11 10 8 8 2 2 2 2 
92 91 91 90 89 89 89 89 89 89 88 88 88 72 68 68 63 60 59 59 52 51 50 50 48 47 43 34 31 30 29 26 22 20 20 11 11 10 10 10 9 9 2 2 2 2 2 1 1 1 
86 86 85 84 83 83 80 79 79 78 78 78 67 64 60 59 59 56 56 56 55 55 51 50 50 50 46 44 44 41 39 38 36 34 34 31 26 21 18 18 16 15 11 10 10 9 3 3 3 2 
93 93 92 92 92 92 92 92 90 89 89 89 88 76 76 76 65 61 61 58 57 50 50 50 48 42 40 39 36 33 32 31 30 29 28 27 27 26 26 24 22 19 15 10 8 5 0 0 0 0 
94 94 93 91 91 91 91 91 91 90 89 88 87 64 61 59 57 56 55 55 54 53 51 51 47 43 43 39 38 33 28 26 21 20 15 14 14 14 13 13 11 11 11 10 7 7 4 4 1 1 
97 97 96 96 96 96 94 92 91 91 91 91 91 91 91 90 90 85 84 70 64 60 60 59 56 54 52 48 45 42 40 38 38 37 35 32 29 17 15 15 15 15 14 13 11 10 9 1 1 0 
