52 51 50 50 50 50 50 50 50 50 50 50 50 50 50 43 18 7 3 3 3 3 3 3 3 3 3 3 3 3 3 2 2 2 2 2 2 2 2 1 1 1 1 1 1 1 1 1 1 1 
55 50 50 50 50 50 50 50 50 50 50 50 50 50 50 50 50 50 50 50 50 50 45 38 28 15 15 7 0 0 0 0 0 0 0 0 0 0 0 0 0 0 0 0 0 0 0 0 0 0 
54 50 50 50 50 50 50 50 50 50 50 50 50 50 50 50 50 50 50 50 50 50 50 50 50 50 50 48 24 17 5 3 0 0 0 0 0 0 0 0 0 0 0 0 0 0 0 0 0 0 
52 52 52 52 52 50 50 50 50 50 50 50 50 50 50 50 50 50 50 50 50 50 50 50 50 50 50 17 14 13 9 2 2 2 2 0 0 0 0 0 0 0 0 0 0 0 0 0 0 0 
62 55 51 51 51 51 51 51 51 51 50 50 50 50 50 50 50 50 50 50 50 50 50 50 50 45 36 29 1 1 1 1 1 1 1 1 0 0 0 0 0 0 0 0 0 0 0 0 0 0 
61 59 52 52 52 52 52 52 52 52 52 52 52 51 50 50 50 50 50 50 50 26 14 3 3 3 3 3 3 3 3 3 3 3 3 3 3 2 2 2 1 1 1 1 1 1 1 1 1 1 
62 58 56 56 52 52 52 52 52 52 52 52 52 52 52 52 52 52 50 50 50 14 11 3 3 3 3 3 3 3 3 3 3 3 3 3 3 3 2 1 1 1 1 1 1 1 1 1 1 1 
58 57 56 54 54 50 50 50 50 50 50 50 50 50 50 50 50 50 50 50 50 50 30 28 27 18 7 7 7 1 1 1 1 1 1 1 1 1 1 1 1 1 1 1 1 1 1 1 1 0 
59 57 55 55 54 53 53 52 52 50 50 50 50 50 50 50 50 50 50 50 50 50 50 50 50 50 13 9 6 4 3 3 3 3 3 3 3 3 3 3 3 3 3 3 3 3 3 3 3 0 
54 53 53 53 53 52 52 52 52 51 51 51 51 51 50 50 50 50 50 50 50 50 50 50 20 3 3 2 2 1 1 1 1 1 1 1 1 1 1 1 1 1 1 1 1 1 0 0 0 0 
62 58 58 57 56 55 55 55 54 54 54 50 50 50 50 50 50 50 50 50 50 50 50 46 14 12 7 5 1 1 1 1 1 1 1 1 1 1 1 1 1 1 1 1 1 1 1 1 1 1 
66 62 61 60 60 60 60 60 57 57 57 56 56 55 51 51 51 51 51 51 51 51 51 51 51 51 50 50 50 50 18 16 14 13 11 9 8 3 3 3 3 3 3 3 3 3 3 3 3 3 
72 66 61 60 60 60 60 60 60 59 58 58 57 54 53 51 50 50 50 50 50 50 49 49 48 47 41 23 15 14 12 11 10 10 10 7 6 5 1 1 1 1 1 1 1 1 1 1 1 0 
63 62 60 57 56 55 55 55 55 55 55 55 55 55 55 54 52 50 50 50 50 50 50 50 50 50 48 48 47 45 41 29 27 19 17 16 9 8 6 6 5 4 4 3 3 2 0 0 0 0 
86 69 68 62 61 59 59 59 59 59 57 57 57 55 55 55 54 53 52 50 50 50 50 50 50 50 49 48 48 45 42 42 40 38 35 35 31 25 21 19 19 18 12 11 10 10 8 6 2 2 
90 80 69 67 63 60 59 59 59 59 57 56 56 56 55 55 53 53 50 50 50 50 50 49 48 48 47 43 41 40 29 28 25 24 22 22 18 12 10 10 6 5 3 3 3 1 1 1 1 0 
93 87 81 71 66 66 65 64 55 54 54 53 52 50 50 50 50 50 50 50 50 50 50 49 49 48 46 46 46 42 40 36 36 28 27 27 17 13 11 6 5 5 0 0 0 0 0 0 0 0 
89 89 88 72 69 67 65 64 64 63 63 61 60 60 60 58 55 51 51 50 47 46 46 41 36 29 29 25 17 16 14 14 14 13 12 12 12 12 10 10 10 10 2 2 2 2 2 1 1 1 
86 83 81 70 69 66 66 63 61 61 61 61 57 56 56 55 54 53 52 47 46 46 45 30 28 27 24 23 19 18 10 9 8 8 8 8 7 7 7 6 5 4 4 3 2 2 2 2 2 2 
91 87 83 79 78 78 75 74 73 72 67 66 66 62 55 52 50 50 49 43 40 39 37 32 31 26 15 14 14 11 6 6 5 4 4 4 1 0 0 0 0 0 0 0 0 0 0 0 0 0 
87 84 79 76 74 73 69 65 62 61 59 59 57 55 52 52 50 50 50 48 46 45 44 43 43 42 40 36 30 27 25 24 24 23 20 18 17 17 13 12 9 7 7 2 2 2 2 2 0 0 
91 90 87 85 85 81 80 76 74 74 73 72 71 68 68 68 68 67 63 62 62 61 56 55 54 51 51 51 50 49 43 42 38 36 31 30 28 26 21 19 7 7 6 5 3 2 2 1 1 1 
91 91 88 87 87 86 84 84 82 80 79 76 73 73 73 73 72 67 66 59 59 57 52 52 52 51 51 50 45 41 40 31 31 28 24 23 20 19 19 18 12 11 3 3 3 3 3 3 3 3 
98 95 89 87 87 87 86 84 84 83 79 78 72 70 69 68 67 66 64 62 62 61 61 56 50 50 46 46 43 37 33 30 29 19 18 18 17 15 14 8 8 2 2 2 2 2 2 2 2 0 
94 92 87 85 85 84 84 82 80 76 76 72 68 66 64 60 59 55 53 52 51 50 48 48 48 42 42 40 40 38 38 36 36 34 34 31 30 28 26 22 19 16 12 3 3 3 3 3 1 1 
93 88 88 86 86 83 83 82 82 81 78 73 64 63 61 58 58 56 54 53 50 50 49 49 48 48 48 48 47 47 46 44 42 39 38 36 31 29 28 27 25 23 19 17 17 15 8 1 1 0 
94 93 90 89 89 86 86 84 83 82 77 71 69 68 67 59 59 59 58 58 51 50 50 49 49 49 48 48 47 47 46 38 37 31 25 25 23 23 20 19 15 13 10 8 8 5 1 1 1 0 
91 89 89 88 87 86 86 85 79 78 77 75 74 73 63 58 54 52 50 50 50 49 48 35 34 33 27 26 26 25 24 23 23 22 22 21 20 17 17 17 16 12 8 7 3 3 3 3 2 2 
95 94 86 86 86 85 85 83 82 81 73 64 63 61 53 51 51 51 51 50 49 46 46 45 45 44 44 43 42 38 30 30 26 22 19 18 18 17 16 11 10 9 6 6 1 1 1 1 1 1 
89 89 88 87 87 86 84 83 81 80 80 76 73 70 60 56 56 54 50 50 50 49 49 42 41 40 36 31 29 23 21 19 18 18 16 15 15 14 11 7 7 3 3 0 0 0 0 0 0 0 
94 91 90 89 85 80 80 80 79 77 76 74 70 66 62 60 59 57 54 52 51 50 50 50 46 44 40 38 34 32 31 28 20 19 13 13 11 9 8 6 2 2 2 2 2 2 2 2 2 2 
89 87 86 85 84 84 84 84 82 78 78 77 77 76 76 66 63 61 59 56 52 51 51 51 50 45 41 36 29 23 23 22 18 16 16 16 15 14 14 12 12 9 2 2 2 1 1 1 1 1 
92 91 90 89 86 86 86 86 86 83 82 81 81 65 65 63 63 61 60 51 51 50 49 48 47 43 41 40 40 36 34 32 31 30 27 22 19 18 18 17 14 13 12 10 6 5 2 2 2 2 
94 92 91 91 91 91 90 86 86 84 78 68 67 64 62 62 61 59 59 55 55 52 49 49 49 49 44 41 40 37 35 35 33 22 21 19 18 11 8 8 7 2 2 2 2 2 2 2 0 0 
94 91 88 88 88 87 85 84 80 80 80 80 79 74 73 72 71 66 56 54 50 50 50 50 50 50 45 37 35 24 19 16 15 11 11 8 8 6 3 0 0 0 0 0 0 0 0 0 0 0 
90 90 89 88 86 85 84 84 84 83 81 79 75 73 71 71 56 55 55 51 51 50 50 49 47 45 45 43 38 32 27 24 24 17 13 9 4 4 3 1 1 1 1 1 1 1 1 1 1 0 
93 92 92 91 91 90 89 89 89 88 88 88 84 73 64 58 58 52 51 51 51 51 51 51 50 50 50 49 45 44 43 37 33 31 29 18 11 11 9 5 5 5 5 1 1 1 1 1 1 1 
90 88 86 84 83 83 81 81 80 78 78 78 77 76 76 76 63 57 54 54 53 52 51 50 50 50 49 47 47 46 42 36 34 34 32 25 20 14 10 7 7 1 1 1 1 1 1 1 1 0 
88 88 88 88 87 85 85 84 84 81 80 70 62 61 58 57 53 53 50 50 50 50 50 50 50 50 50 50 50 47 44 44 38 32 29 27 27 27 26 17 12 7 6 2 0 0 0 0 0 0 
97 96 94 94 93 93 92 90 89 89 88 72 67 64 64 60 59 56 52 52 50 50 49 48 48 48 47 46 44 42 37 29 26 25 20 19 18 17 16 16 14 13 10 3 3 3 3 2 2 1 
92 90 88 87 85 84 84 84 83 83 77 74 74 67 63 59 59 56 54 52 52 50 50 50 47 47 44 43 41 39 37 34 32 31 31 27 19 15 9 9 9 8 4 3 2 2 2 2 2 2 
95 93 92 91 90 90 89 88 88 87 87 87 85 85 82 68 66 63 61 58 55 53 52 52 51 51 51 50 47 47 42 40 39 37 29 29 24 22 13 8 6 4 3 3 3 3 2 2 2 2 
91 91 90 90 90 89 89 89 89 89 85 83 69 65 61 61 55 50 50 50 50 50 50 49 48 48 47 46 45 45 44 44 43 41 41 40 38 33 15 14 8 6 6 4 0 0 0 0 0 0 
92 92 92 91 87 87 87 87 87 85 77 64 62 61 60 60 51 51 51 50 50 49 48 48 40 40 40 38 33 31 30 29 23 21 20 20 19 16 11 9 8 8 6 6 1 1 1 1 1 1 
92 92 91 89 89 85 84 84 84 84 83 82 81 80 73 63 63 57 56 54 52 51 50 50 50 46 46 41 35 34 30 28 23 23 21 16 14 12 12 12 10 6 6 4 4 0 0 0 0 0 
91 91 90 89 89 89 89 89 88 81 80 78 78 77 71 69 62 59 58 56 55 54 54 51 51 51 51 51 50 47 47 39 38 35 30 26 24 18 17 16 16 15 14 13 13 13 10 10 4 1 
93 92 90 89 88 88 86 86 85 85 84 84 66 61 60 59 51 51 51 48 48 48 48 48 47 46 46 45 45 37 21 21 21 19 18 17 16 15 15 13 13 12 9 4 4 3 3 3 3 3 
96 94 94 93 93 93 92 91 88 84 84 83 81 69 62 61 59 59 59 58 57 54 52 52 52 52 49 48 45 44 43 42 41 40 39 39 34 23 20 19 18 10 7 7 2 2 2 2 0 0 
96 92 92 91 90 89 89 88 87 87 87 86 86 86 56 51 51 50 50 50 50 50 50 49 48 46 42 37 35 35 34 33 32 32 30 30 26 23 20 18 16 11 10 2 2 2 2 2 2 2 
93 92 91 90 90 89 89 89 88 88 88 88 88 87 76 76 69 61 61 51 50 50 50 50 49 49 48 47 47 47 46 40 37 32 31 19 19 16 12 11 2 1 1 1 1 1 1 1 1 1 
