0.328125 0.9453125 0.1640625 0.078125 0.0859375 0.5234375 0.0546875 0.4375 0.4375 0.796875 
0.9453125 0.1640625 0.078125 0.0859375 0.0546875 0.7109375 0.921875 0.9140625 0.7421875 0.2890625 
0.9453125 0.1640625 0.078125 0.0859375 0.0546875 0.7109375 0.921875 0.9140625 0.7421875 0.078125 
0.9453125 0.1640625 0.078125 0.0859375 0.0546875 0.7109375 0.921875 0.9140625 0.7421875 0.078125 
0.53125 0.7109375 0.9453125 0.1640625 0.078125 0.0859375 0.0546875 0.921875 0.9140625 0.7421875 
0.53125 0.4921875 0.484375 0.5 0.4140625 0.7109375 0.9453125 0.1640625 0.078125 0.0859375 
0.53125 0.7109375 0.625 0.5625 0.8125 0.4921875 0.484375 0.5 0.4140625 0.1484375 
0.53125 0.4921875 0.484375 0.5 0.4140625 0.1484375 0.1015625 0.390625 0.4921875 0.515625 
0.53125 0.4921875 0.484375 0.5 0.4140625 0.1484375 0.1015625 0.390625 0.4921875 0.515625 
0.53125 0.4921875 0.484375 0.5 0.4140625 0.1484375 0.1015625 0.390625 0.4921875 0.515625 
0.53125 0.4921875 0.484375 0.5 0.4140625 0.1484375 0.1015625 0.390625 0.4921875 0.515625 
0.53125 0.4921875 0.484375 0.5 0.4140625 0.1484375 0.1015625 0.390625 0.4921875 0.515625 
0.53125 0.4921875 0.484375 0.5 0.4140625 0.1484375 0.1015625 0.390625 0.4921875 0.515625 
0.53125 0.4921875 0.484375 0.5 0.4140625 0.1484375 0.1015625 0.390625 0.4921875 0.515625 
0.53125 0.4921875 0.484375 0.5 0.4140625 0.1484375 0.1015625 0.390625 0.4921875 0.515625 
0.53125 0.4921875 0.484375 0.5 0.4140625 0.1484375 0.1015625 0.390625 0.4921875 0.515625 
0.53125 0.4921875 0.484375 0.5 0.4140625 0.1484375 0.1015625 0.390625 0.4921875 0.515625 
0.53125 0.4921875 0.484375 0.5 0.4140625 0.1484375 0.1015625 0.390625 0.4921875 0.515625 
0.53125 0.4921875 0.484375 0.5 0.4140625 0.1484375 0.1015625 0.390625 0.4921875 0.515625 
0.53125 0.4921875 0.484375 0.5 0.4140625 0.1484375 0.1015625 0.390625 0.4921875 0.515625 
0.53125 0.4921875 0.484375 0.5 0.4140625 0.1484375 0.1015625 0.390625 0.4921875 0.515625 
0.53125 0.4921875 0.484375 0.5 0.4140625 0.1484375 0.1015625 0.390625 0.4921875 0.515625 
0.4765625 0.53125 0.4921875 0.484375 0.5 0.4140625 0.1484375 0.1015625 0.390625 0.4921875 
0.4765625 0.53125 0.4921875 0.484375 0.5 0.4140625 0.1484375 0.1015625 0.390625 0.4921875 
0.4765625 0.53125 0.5234375 0.4921875 0.484375 0.5 0.4140625 0.1484375 0.1015625 0.390625 
0.4765625 0.5234375 0.53125 0.4921875 0.484375 0.5 0.4140625 0.1484375 0.1015625 0.390625 
0.4765625 0.5234375 0.5 0.53125 0.46875 0.4921875 0.484375 0.5 0.4140625 0.1484375 
0.4765625 0.5 0.5234375 0.53125 0.46875 0.4921875 0.484375 0.5 0.4140625 0.1484375 
0.4765625 0.5 0.5234375 0.46875 0.53125 0.4921875 0.484375 0.5 0.4140625 0.1484375 
0.4765625 0.5 0.5234375 0.53125 0.4921875 0.484375 0.5 0.4140625 0.1484375 0.2578125 
0.5234375 0.4765625 0.5 0.4921875 0.53125 0.4921875 0.484375 0.5 0.4140625 0.1484375 
0.53125 0.46875 0.5 0.53125 0.4921875 0.5234375 0.4765625 0.4921875 0.4921875 0.484375 
0.46875 0.53125 0.5 0.5234375 0.4765625 0.53125 0.4921875 0.5 0.4921875 0.5234375 
0.53125 0.46875 0.5234375 0.5234375 0.4765625 0.4921875 0.4921875 0.4921875 0.5234375 0.5 
0.5234375 0.53125 0.5234375 0.4921875 0.4921875 0.484375 0.5234375 0.5234375 0.46875 0.4765625 
0.46875 0.5234375 0.53125 0.4921875 0.4921875 0.5234375 0.46875 0.5234375 0.5078125 0.5 
0.5234375 0.5 0.4921875 0.4921875 0.46875 0.53125 0.5 0.5234375 0.46875 0.46875 
0.5234375 0.5 0.5 0.5 0.4921875 0.4921875 0.4921875 0.46875 0.53125 0.5234375 
0.5234375 0.4921875 0.5 0.484375 0.5 0.4921875 0.4921875 0.5234375 0.5 0.5234375 
0.5 0.5234375 0.5 0.5 0.4921875 0.5234375 0.5234375 0.4765625 0.4921875 0.484375 
0.5234375 0.5 0.4921875 0.4921875 0.5 0.484375 0.5 0.4921875 0.5234375 0.5234375 
0.5 0.5234375 0.5 0.484375 0.4921875 0.4921875 0.484375 0.4921875 0.484375 0.5234375 
0.5390625 0.5234375 0.484375 0.4765625 0.5 0.5 0.4921875 0.5 0.484375 0.4921875 
0.4609375 0.5234375 0.5 0.4765625 0.4765625 0.484375 0.5390625 0.5 0.5 0.484375 
0.4609375 0.5234375 0.484375 0.5390625 0.4765625 0.4765625 0.5 0.5 0.5234375 0.484375 
0.4609375 0.5390625 0.484375 0.4765625 0.4765625 0.5 0.5234375 0.484375 0.5234375 0.484375 
0.4609375 0.5234375 0.484375 0.5390625 0.4765625 0.4765625 0.5234375 0.5 0.5078125 0.484375 
0.4609375 0.5 0.5234375 0.5234375 0.4765625 0.4765625 0.5 0.484375 0.5390625 0.484375 
0.4609375 0.5390625 0.4921875 0.5234375 0.484375 0.5 0.5234375 0.4765625 0.4765625 0.484375 
0.4609375 0.484375 0.484375 0.5390625 0.4921875 0.5234375 0.5 0.5234375 0.4765625 0.4765625 
