0.5234375 0.375 0.2578125 0.515625 0.6484375 0.4921875 0.6484375 0.71875 0.1953125 0.359375 
0.15625 0.0859375 0.0859375 0.984375 0.9375 0.09375 0.046875 0.828125 0.09375 1.0 
0.2109375 0.0859375 0.6640625 0.15625 0.0859375 0.0859375 0.984375 0.9375 0.09375 0.046875 
0.2109375 0.0859375 0.171875 0.15625 0.6640625 0.15625 0.0859375 0.0859375 0.984375 0.9375 
0.2109375 0.9453125 0.0859375 0.171875 0.15625 0.6640625 0.25 0.1328125 0.15625 0.0859375 
0.2109375 0.6640625 0.6484375 0.0859375 0.171875 0.15625 0.25 0.1328125 0.15625 0.0859375 
0.6640625 0.2109375 0.0859375 0.171875 0.15625 0.25 0.1328125 0.3203125 0.359375 0.25 
0.2109375 0.71875 0.5546875 0.6875 0.0859375 0.171875 0.15625 0.25 0.1328125 0.3203125 
0.2109375 0.71875 0.5546875 0.6875 0.0859375 0.171875 0.15625 0.25 0.1328125 0.3203125 
0.4609375 0.2109375 0.71875 0.5546875 0.6875 0.0859375 0.171875 0.15625 0.25 0.1328125 
0.2109375 0.4609375 0.71875 0.5546875 0.6875 0.0859375 0.171875 0.15625 0.25 0.1328125 
0.4609375 0.2109375 0.71875 0.5546875 0.6875 0.0859375 0.171875 0.15625 0.25 0.1328125 
0.4609375 0.2109375 0.71875 0.5546875 0.6875 0.0859375 0.171875 0.15625 0.25 0.1328125 
0.2109375 0.4609375 0.0859375 0.171875 0.15625 0.25 0.1328125 0.25 0.1484375 0.71875 
0.4609375 0.40625 0.2109375 0.71875 0.5703125 0.0859375 0.171875 0.15625 0.25 0.1328125 
0.4609375 0.2109375 0.40625 0.71875 0.5703125 0.0859375 0.171875 0.15625 0.25 0.1328125 
0.4609375 0.2109375 0.40625 0.40625 0.0859375 0.171875 0.15625 0.25 0.1328125 0.28125 
0.4609375 0.2109375 0.40625 0.40625 0.421875 0.0859375 0.171875 0.15625 0.25 0.1328125 
0.2109375 0.4609375 0.40625 0.40625 0.421875 0.0859375 0.171875 0.15625 0.25 0.1328125 
0.2109375 0.4609375 0.40625 0.40625 0.421875 0.3984375 0.0859375 0.171875 0.15625 0.25 
0.4609375 0.2109375 0.4609375 0.40625 0.40625 0.421875 0.3984375 0.3515625 0.40625 0.0859375 
0.4609375 0.4609375 0.2109375 0.40625 0.40625 0.421875 0.3984375 0.3515625 0.40625 0.4296875 
0.4609375 0.4609375 0.2109375 0.40625 0.40625 0.421875 0.3984375 0.3515625 0.40625 0.4296875 
0.4609375 0.4375 0.2109375 0.4609375 0.40625 0.40625 0.421875 0.3984375 0.3515625 0.40625 
0.4609375 0.4375 0.2109375 0.4609375 0.34375 0.40625 0.40625 0.421875 0.40625 0.4375 
0.4609375 0.4375 0.4609375 0.5 0.34375 0.2109375 0.40625 0.40625 0.421875 0.40625 
0.4609375 0.4375 0.4609375 0.3828125 0.5 0.34375 0.40625 0.40625 0.421875 0.40625 
0.4609375 0.4375 0.5 0.4609375 0.3828125 0.34375 0.4609375 0.3515625 0.40625 0.40625 
0.4609375 0.4375 0.4296875 0.5 0.4609375 0.34375 0.3515625 0.328125 0.3828125 0.4609375 
0.4609375 0.4453125 0.4375 0.5 0.4921875 0.5 0.4609375 0.4296875 0.359375 0.4609375 
0.4609375 0.4453125 0.4375 0.5 0.46875 0.5 0.453125 0.5 0.4921875 0.46875 
0.4609375 0.4453125 0.4609375 0.4375 0.4375 0.5 0.5 0.453125 0.46875 0.46875 
0.4609375 0.4453125 0.4375 0.4609375 0.4453125 0.5 0.5 0.46875 0.4375 0.4921875 
0.4609375 0.4453125 0.4453125 0.4375 0.4609375 0.4453125 0.4375 0.4921875 0.5 0.5 
0.4609375 0.4453125 0.4453125 0.4375 0.4921875 0.4453125 0.4609375 0.4453125 0.5 0.5 
0.4609375 0.4453125 0.4453125 0.4453125 0.4609375 0.4921875 0.4609375 0.4375 0.4453125 0.421875 
0.4609375 0.515625 0.4453125 0.4609375 0.4921875 0.4765625 0.4453125 0.5 0.4609375 0.4375 
0.4609375 0.4453125 0.453125 0.515625 0.4453125 0.4921875 0.4609375 0.4765625 0.4375 0.4375 
0.4609375 0.4609375 0.4140625 0.4609375 0.4765625 0.46875 0.453125 0.4453125 0.515625 0.4453125 
0.4609375 0.4140625 0.4453125 0.515625 0.4609375 0.4609375 0.46875 0.46875 0.4765625 0.421875 
0.4140625 0.4609375 0.4453125 0.46875 0.46875 0.4765625 0.515625 0.4609375 0.4609375 0.421875 
0.4140625 0.4453125 0.4609375 0.421875 0.46875 0.46875 0.4609375 0.4609375 0.4296875 0.515625 
0.4140625 0.4453125 0.46875 0.46875 0.4609375 0.421875 0.4609375 0.4609375 0.4296875 0.515625 
0.4140625 0.4453125 0.4609375 0.4609375 0.4296875 0.46875 0.46875 0.421875 0.4609375 0.4453125 
0.4140625 0.4453125 0.4609375 0.4375 0.4609375 0.4609375 0.46875 0.46875 0.421875 0.4453125 
0.4140625 0.4375 0.4609375 0.421875 0.4609375 0.46875 0.46875 0.4453125 0.4609375 0.4453125 
0.4140625 0.4609375 0.453125 0.4609375 0.4453125 0.4375 0.421875 0.4609375 0.46875 0.46875 
0.4140625 0.453125 0.453125 0.4453125 0.4609375 0.4609375 0.46875 0.46875 0.4375 0.4609375 
0.4140625 0.453125 0.453125 0.453125 0.4609375 0.4609375 0.46875 0.46875 0.4453125 0.4375 
0.4140625 0.4609375 0.453125 0.4453125 0.4375 0.4609375 0.453125 0.453125 0.453125 0.46875 
