0.9296875 0.8671875 0.890625 0.0625 0.46875 0.4140625 0.453125 0.7578125 0.1328125 0.546875 
0.9296875 0.9453125 0.0546875 0.0 0.9921875 0.0 0.15625 0.9140625 0.953125 0.890625 
0.0390625 0.171875 0.109375 0.7734375 0.9296875 0.9453125 0.0546875 0.0 0.9921875 0.0 
0.7734375 0.8203125 0.7734375 0.7578125 0.171875 0.109375 0.9296875 0.9453125 0.0546875 0.0 
0.7734375 0.8203125 0.7734375 0.7578125 0.171875 0.109375 0.78125 0.0390625 0.7734375 0.4296875 
0.7734375 0.8203125 0.7734375 0.7578125 0.78125 0.7734375 0.765625 0.640625 0.7578125 0.171875 
0.7734375 0.8203125 0.7734375 0.7578125 0.78125 0.7734375 0.765625 0.640625 0.7578125 0.171875 
0.7734375 0.8203125 0.7734375 0.7578125 0.78125 0.7734375 0.765625 0.640625 0.7578125 0.171875 
0.7734375 0.8203125 0.7734375 0.7578125 0.78125 0.7734375 0.765625 0.640625 0.7578125 0.6484375 
0.7734375 0.8203125 0.7734375 0.7578125 0.78125 0.7734375 0.765625 0.640625 0.7578125 0.6484375 
0.7734375 0.8203125 0.7734375 0.7578125 0.78125 0.7734375 0.765625 0.640625 0.7578125 0.6484375 
0.7734375 0.8203125 0.7734375 0.7578125 0.78125 0.7734375 0.765625 0.640625 0.7578125 0.6484375 
0.7734375 0.8203125 0.7734375 0.7578125 0.78125 0.7734375 0.765625 0.640625 0.7578125 0.6484375 
0.7734375 0.8203125 0.7734375 0.7578125 0.78125 0.7734375 0.765625 0.640625 0.7578125 0.6484375 
0.7734375 0.8203125 0.7734375 0.7578125 0.78125 0.7734375 0.765625 0.640625 0.7578125 0.6484375 
0.7734375 0.8203125 0.7734375 0.7578125 0.78125 0.7734375 0.765625 0.640625 0.7578125 0.6484375 
0.7734375 0.8203125 0.7734375 0.7578125 0.78125 0.7734375 0.765625 0.640625 0.7578125 0.6484375 
0.7734375 0.8203125 0.7734375 0.7578125 0.78125 0.7734375 0.765625 0.640625 0.7578125 0.6484375 
0.7734375 0.8203125 0.7734375 0.7578125 0.78125 0.7734375 0.765625 0.640625 0.7578125 0.6484375 
0.7734375 0.8203125 0.7734375 0.7578125 0.78125 0.7734375 0.765625 0.640625 0.7578125 0.6484375 
0.7734375 0.8203125 0.7734375 0.7578125 0.78125 0.7734375 0.765625 0.640625 0.7578125 0.6484375 
0.7734375 0.8203125 0.7734375 0.7578125 0.78125 0.7734375 0.765625 0.640625 0.7578125 0.6484375 
0.7734375 0.8203125 0.7734375 0.7578125 0.78125 0.7734375 0.765625 0.640625 0.7578125 0.6484375 
0.7734375 0.8203125 0.7734375 0.7578125 0.78125 0.7734375 0.765625 0.640625 0.7578125 0.6484375 
0.7734375 0.8203125 0.7734375 0.7578125 0.78125 0.7734375 0.765625 0.640625 0.7578125 0.6484375 
0.7734375 0.8203125 0.7734375 0.7578125 0.78125 0.7734375 0.765625 0.640625 0.7578125 0.6484375 
0.7734375 0.8203125 0.7734375 0.7578125 0.78125 0.7734375 0.765625 0.640625 0.7578125 0.6484375 
0.7734375 0.8203125 0.7734375 0.7578125 0.78125 0.7734375 0.765625 0.640625 0.7578125 0.6484375 
0.7734375 0.8203125 0.7734375 0.7578125 0.78125 0.7734375 0.765625 0.640625 0.7578125 0.6484375 
0.7734375 0.8203125 0.7734375 0.7578125 0.78125 0.7734375 0.765625 0.640625 0.7578125 0.6484375 
0.7734375 0.8203125 0.7734375 0.7578125 0.78125 0.7734375 0.765625 0.640625 0.7578125 0.6484375 
0.7734375 0.8203125 0.7734375 0.7578125 0.78125 0.7734375 0.765625 0.640625 0.7578125 0.6484375 
0.7734375 0.8203125 0.7734375 0.7578125 0.78125 0.7734375 0.765625 0.640625 0.7578125 0.6484375 
0.7734375 0.8203125 0.7734375 0.7578125 0.78125 0.7734375 0.765625 0.640625 0.7578125 0.6484375 
0.7734375 0.8203125 0.7734375 0.7578125 0.78125 0.7734375 0.765625 0.640625 0.7578125 0.6484375 
0.7734375 0.8203125 0.7734375 0.7578125 0.78125 0.7734375 0.765625 0.640625 0.7578125 0.6484375 
0.7734375 0.8203125 0.7734375 0.7578125 0.78125 0.7734375 0.765625 0.640625 0.7578125 0.6484375 
0.7734375 0.8203125 0.7734375 0.7578125 0.78125 0.7734375 0.765625 0.640625 0.7578125 0.6484375 
0.7734375 0.8203125 0.7734375 0.7578125 0.78125 0.7734375 0.765625 0.640625 0.7578125 0.6484375 
0.7734375 0.8203125 0.7734375 0.7578125 0.78125 0.7734375 0.765625 0.640625 0.7578125 0.6484375 
0.7734375 0.8203125 0.7734375 0.7578125 0.78125 0.7734375 0.765625 0.640625 0.7578125 0.6484375 
0.7734375 0.8203125 0.7734375 0.7578125 0.78125 0.7734375 0.765625 0.640625 0.7578125 0.6484375 
0.7734375 0.8203125 0.7734375 0.7578125 0.78125 0.7734375 0.765625 0.640625 0.7578125 0.6484375 
0.7734375 0.8203125 0.7734375 0.7578125 0.78125 0.7734375 0.765625 0.640625 0.7578125 0.6484375 
0.7734375 0.8203125 0.7734375 0.7578125 0.78125 0.7734375 0.765625 0.640625 0.7578125 0.6484375 
0.7734375 0.8203125 0.7734375 0.7578125 0.78125 0.7734375 0.765625 0.640625 0.7578125 0.6484375 
0.7734375 0.8203125 0.7734375 0.7578125 0.78125 0.7734375 0.765625 0.640625 0.7578125 0.6484375 
0.7734375 0.8203125 0.7734375 0.7578125 0.78125 0.7734375 0.765625 0.640625 0.7578125 0.6484375 
0.7734375 0.8203125 0.7734375 0.7578125 0.78125 0.7734375 0.765625 0.640625 0.7578125 0.6484375 
0.7734375 0.8203125 0.7734375 0.7578125 0.78125 0.7734375 0.765625 0.640625 0.7578125 0.6484375 
