50 50 50 50 50 50 50 50 50 50 50 6 5 4 1 1 1 1 1 1 1 1 1 1 1 1 1 1 1 1 1 1 1 1 1 1 0 0 0 0 0 0 0 0 0 0 0 0 0 0 
52 51 51 50 50 50 50 50 50 50 50 50 50 50 50 50 50 50 50 29 23 13 10 8 8 3 3 3 3 3 3 3 3 3 3 2 2 2 2 2 2 2 2 1 1 1 1 1 1 1 
53 53 53 53 53 53 51 51 51 51 50 50 50 50 50 50 50 50 50 50 50 50 50 50 50 50 50 50 50 50 50 50 44 30 19 15 15 8 6 4 4 4 4 4 3 3 3 1 1 1 
52 52 52 52 52 52 52 52 52 52 52 52 52 51 51 51 51 51 51 51 51 51 51 50 50 50 50 50 50 45 41 39 20 3 3 3 3 3 3 3 2 2 2 2 1 1 1 1 1 1 
51 51 51 50 50 50 50 50 50 50 50 50 50 50 50 50 50 50 50 50 50 50 50 50 50 50 50 50 50 50 50 50 39 1 1 1 1 1 1 1 1 1 1 1 1 1 1 0 0 0 
52 52 52 52 52 51 51 51 51 51 51 51 51 51 51 51 51 51 51 51 51 51 51 51 50 50 50 50 28 22 10 3 3 3 3 3 3 3 3 3 3 3 3 3 2 1 1 1 1 1 
51 51 51 51 51 51 51 51 51 51 51 51 51 51 51 51 51 51 51 51 51 50 50 49 41 27 9 7 2 2 2 2 2 2 2 2 2 2 2 2 2 2 2 2 1 1 1 1 1 1 
52 52 52 52 52 52 52 52 52 52 52 52 52 52 52 52 52 52 51 51 51 51 51 51 51 51 50 38 37 37 32 17 8 3 3 3 3 3 3 3 3 3 3 1 1 1 1 1 1 1 
52 52 50 50 50 50 50 50 50 50 50 50 50 50 50 50 50 50 50 50 50 50 50 46 46 42 34 30 25 24 23 17 17 8 3 2 2 2 2 2 2 2 2 2 2 2 2 2 2 2 
52 52 52 52 50 50 50 50 50 50 50 50 50 50 50 50 50 50 50 50 50 50 50 47 46 45 45 42 36 31 21 21 20 15 2 2 2 2 2 2 2 2 2 2 2 2 2 2 0 0 
50 50 50 50 50 50 50 50 50 50 50 50 50 50 50 50 50 50 50 50 50 50 50 49 48 46 45 43 41 22 22 22 14 0 0 0 0 0 0 0 0 0 0 0 0 0 0 0 0 0 
52 52 52 52 52 52 52 52 52 52 52 52 52 52 52 52 50 50 50 50 50 50 50 50 50 50 47 40 38 36 17 16 10 2 2 2 2 2 2 2 2 2 2 2 2 2 2 2 2 0 
50 50 50 50 50 50 50 50 50 50 50 50 50 50 50 50 50 50 50 50 50 50 50 50 50 50 50 38 31 24 22 18 12 9 0 0 0 0 0 0 0 0 0 0 0 0 0 0 0 0 
51 51 51 51 50 50 50 50 50 50 50 50 50 50 50 50 50 50 50 50 50 50 50 50 50 50 50 47 45 21 18 3 1 1 1 1 1 1 1 1 1 1 1 1 1 1 1 1 1 0 
51 51 51 51 51 51 51 51 51 51 51 51 51 51 51 50 50 50 50 50 45 43 36 31 29 28 24 18 9 6 1 1 1 1 1 1 1 1 1 1 1 1 1 1 1 1 0 0 0 0 
50 50 50 50 50 50 50 50 50 50 50 50 50 50 50 50 50 50 50 50 50 50 50 50 50 42 35 29 12 1 1 0 0 0 0 0 0 0 0 0 0 0 0 0 0 0 0 0 0 0 
52 52 52 52 52 52 52 52 52 52 52 52 52 52 52 52 52 52 52 52 52 52 52 52 52 52 50 50 50 50 32 28 22 22 21 16 12 12 9 4 4 4 4 4 4 4 4 4 2 2 
51 51 51 51 51 51 51 51 51 51 51 51 51 51 51 51 51 51 51 51 51 50 50 50 49 47 47 47 27 27 22 13 11 8 4 3 3 3 3 3 3 3 3 3 3 3 3 2 2 1 
51 51 51 51 51 51 51 51 51 51 51 51 51 51 51 51 51 51 51 51 51 51 51 51 51 51 51 50 50 50 50 50 50 33 28 21 19 5 3 3 3 3 3 3 3 3 3 3 2 2 
50 50 50 50 50 50 50 50 50 50 50 50 50 50 50 50 50 50 50 50 50 50 50 50 50 50 50 50 50 50 50 50 50 50 50 50 50 50 49 46 46 31 6 4 1 1 1 1 1 1 
51 51 51 51 51 51 51 51 51 51 51 51 51 51 51 51 51 51 51 51 51 51 51 51 51 50 50 50 50 50 49 48 44 42 42 32 31 21 17 2 2 2 2 2 2 2 2 2 1 1 
52 52 52 52 52 52 52 52 52 52 52 52 52 52 52 52 52 52 52 52 52 52 52 52 52 52 52 52 52 52 52 52 52 50 50 50 50 50 48 27 11 6 2 2 2 2 2 2 2 0 
50 50 50 50 50 50 50 50 50 50 50 50 50 50 50 50 50 50 50 50 50 50 50 50 50 50 50 50 50 50 50 50 50 50 50 50 50 50 50 49 46 46 38 21 9 2 1 1 1 0 
51 51 51 51 51 51 51 51 51 51 51 51 51 51 51 51 51 51 51 51 51 51 51 50 50 50 50 50 50 50 49 47 38 34 6 3 2 2 2 2 2 2 2 2 2 2 2 2 1 1 
51 51 51 51 51 51 51 51 51 51 51 51 51 51 51 51 51 51 51 51 51 51 51 51 51 51 50 50 50 50 50 50 50 40 36 27 18 10 2 2 2 2 2 2 2 2 2 2 1 1 
52 52 52 52 52 52 52 52 52 52 52 52 52 52 52 52 52 52 52 52 52 52 52 52 52 52 52 52 52 52 52 52 52 52 52 52 52 52 50 50 50 50 42 2 2 2 2 2 2 0 
50 50 50 50 50 50 50 50 50 50 50 50 50 50 50 50 50 50 50 50 50 50 50 50 50 50 50 50 50 50 50 50 50 50 50 50 50 50 39 24 14 12 2 2 2 2 2 2 2 2 
51 51 51 51 51 51 51 51 51 51 51 51 51 51 51 51 51 51 51 51 51 51 51 51 51 51 51 51 51 51 51 51 51 50 50 50 50 50 50 46 41 38 34 30 21 14 10 6 1 1 
51 51 51 51 51 51 51 51 51 51 51 51 51 51 51 51 51 51 51 51 51 51 51 51 50 47 43 41 18 15 5 2 2 1 1 1 1 1 1 1 1 1 1 1 1 1 1 0 0 0 
50 50 50 50 50 50 50 50 50 50 50 50 50 50 50 50 50 50 50 50 50 50 50 50 50 50 50 50 50 50 50 50 50 50 50 50 50 47 45 44 43 37 28 21 3 3 2 2 2 0 
51 51 51 51 51 51 51 51 51 51 51 51 51 51 51 51 51 51 51 51 51 51 51 51 51 51 51 51 51 51 51 51 51 51 49 43 11 9 9 8 4 1 1 1 1 1 1 1 1 0 
52 52 52 52 52 52 52 52 52 52 52 52 52 52 52 52 52 52 52 52 52 52 52 52 52 52 52 52 52 52 52 52 52 52 52 52 52 52 50 49 12 7 6 2 2 2 2 2 2 2 
51 51 51 51 51 51 51 51 51 51 51 51 51 51 51 51 51 51 51 51 51 51 51 51 51 51 51 51 51 51 51 51 51 51 51 51 51 51 50 16 11 2 2 2 2 2 2 2 2 2 
51 51 51 51 51 51 51 51 51 51 51 51 51 51 51 51 51 51 51 51 51 51 51 51 51 51 51 51 51 51 51 50 17 15 11 2 2 2 2 2 2 2 2 2 2 2 2 1 1 1 
50 50 50 50 50 50 50 50 50 50 50 50 50 50 50 50 50 50 50 50 50 50 50 50 50 50 50 50 50 50 50 50 50 49 23 19 17 13 13 12 1 1 1 1 1 1 0 0 0 0 
54 54 54 54 54 54 54 54 54 54 54 54 54 54 54 54 54 54 54 54 54 54 54 54 54 54 54 54 54 54 54 54 54 52 50 48 47 27 20 20 19 4 4 4 4 4 4 4 4 0 
51 51 51 51 51 51 51 51 51 51 51 51 51 51 51 51 51 51 51 51 51 51 51 51 51 51 51 51 51 51 50 50 48 43 39 25 10 7 6 1 1 1 1 1 1 1 1 1 1 1 
51 51 51 51 51 51 51 51 51 51 51 51 51 51 51 51 51 51 51 51 51 51 51 51 51 51 51 51 51 51 51 51 40 28 12 4 3 3 3 3 3 3 3 3 3 3 3 3 1 1 
51 51 51 51 51 51 51 51 51 51 51 51 51 51 51 51 51 51 51 51 51 51 51 51 51 51 51 51 51 51 51 51 51 50 14 2 1 1 1 1 1 1 1 1 1 1 1 1 1 1 
51 51 51 51 51 51 51 51 51 51 51 51 51 51 51 51 51 51 51 51 51 51 51 51 51 51 51 51 51 51 51 51 51 51 51 51 50 50 18 10 2 2 2 1 1 1 1 1 1 0 
53 53 53 53 53 53 53 53 53 53 53 53 53 53 53 53 53 53 53 53 53 53 53 53 53 53 53 52 52 52 50 50 50 50 49 49 44 37 30 22 19 9 4 4 4 4 4 4 3 3 
50 50 50 50 50 50 50 50 50 50 50 50 50 50 50 50 50 50 50 50 50 50 50 50 50 50 50 50 50 50 50 50 50 50 50 50 50 50 42 39 32 30 13 12 2 2 2 2 2 2 
50 50 50 50 50 50 50 50 50 50 50 50 50 50 50 50 50 50 50 50 50 50 50 50 50 50 50 50 50 50 50 50 50 50 48 38 15 14 10 7 4 1 1 1 1 1 1 1 1 1 
53 53 53 53 53 53 53 53 53 53 53 53 53 53 53 53 53 53 53 53 53 53 53 53 53 53 53 53 53 53 53 53 53 53 50 50 50 47 46 39 39 3 3 3 3 3 3 3 3 0 
50 50 50 50 50 50 50 50 50 50 50 50 50 50 50 50 50 50 50 50 50 50 50 50 50 50 50 50 50 50 50 50 50 45 41 6 6 1 1 1 1 1 1 1 1 1 1 1 1 1 
50 50 50 50 50 50 50 50 50 50 50 50 50 50 50 50 50 50 50 50 50 50 50 50 50 50 50 50 50 50 50 50 50 44 22 18 17 17 7 0 0 0 0 0 0 0 0 0 0 0 
51 51 51 51 51 51 51 51 51 51 51 51 51 51 51 51 51 51 51 51 51 51 51 51 51 51 51 51 51 51 51 51 51 51 50 47 46 43 36 32 28 3 3 3 3 3 3 3 1 1 
52 52 52 52 52 52 52 52 52 52 52 52 52 52 52 52 52 52 52 52 52 52 52 52 52 52 52 52 52 52 52 52 52 52 52 52 52 51 51 50 49 11 3 3 3 3 3 3 3 2 
51 51 51 51 51 51 51 51 51 51 51 51 51 51 51 51 51 51 51 51 51 51 51 51 51 51 51 51 51 50 50 50 47 42 34 27 21 18 10 8 1 1 1 1 1 1 1 1 1 0 
50 50 50 50 50 50 50 50 50 50 50 50 50 50 50 50 50 50 50 50 50 50 50 50 50 50 50 50 50 50 50 50 50 50 50 50 29 28 27 1 1 1 1 1 1 1 1 1 1 1 
