% Ministry of Cellular Automata
% Project Deux (CS523 Spring 2015)
% Version:v0.1-66-g3e0f-dirty
%  pop:50
%  ic count:100
%  CA Log option:r3/run35
%  width:121
%  max workers:4
%  radius:3
%  iterations:300
%  generations:50

 generation 0.2.2.52.2.50.0.2.0.0.2.2.0.2.2.2.2.2.0.2.2.0.0.2.2.2.5.0.50.0.50.0.0.2.2.2.50.2.50.2.2.1.50.2.2.0.2.6.50.2.2.xover.mutate.done 50
 generation 1.51.50.50.50.50.53.50.50.5.5.1.3.4.4.3.1.53.4.3.31.3.1.1.50.32.1.1.1.5.51.3.63.53.4.4.4.50.50.50.4.4.50.3.4.50.3.5.1.1.50.xover.mutate.done 50
 generation 2.55.50.50.50.50.50.50.50.50.50.0.10.0.50.0.0.50.7.0.50.0.14.0.0.0.50.50.0.50.50.50.50.50.50.50.22.50.50.50.0.0.50.0.50.0.0.0.0.50.50.xover.mutate.done 50
 generation 3.59.51.51.51.50.50.50.50.50.50.50.1.51.1.50.50.1.1.50.50.50.1.1.1.0.1.1.1.50.1.50.50.50.1.13.1.50.51.1.50.50.50.51.1.6.50.50.50.1.50.xover.mutate.done 50
 generation 4.59.50.50.50.50.50.50.50.50.50.0.50.0.0.50.0.50.50.0.50.0.50.50.0.50.0.50.50.0.50.50.4.50.50.0.0.50.50.0.0.0.1.0.0.0.50.46.0.50.0.xover.mutate.done 50
 generation 5.52.50.50.50.50.50.50.51.51.50.50.22.51.50.1.50.1.1.1.0.34.41.0.1.49.51.1.50.51.51.1.50.6.50.50.1.1.1.0.5.0.37.50.0.1.1.50.1.1.51.xover.mutate.done 50
 generation 6.61.54.54.54.54.54.54.54.51.51.51.5.1.7.3.4.5.54.51.51.5.5.5.54.54.28.51.1.35.5.54.5.12.5.25.5.5.50.22.51.54.5.5.5.51.5.54.35.44.5.xover.mutate.done 50
 generation 7.60.52.52.52.52.52.52.52.52.52.3.2.49.51.3.52.51.2.1.9.50.3.3.52.3.51.2.51.24.3.52.3.52.52.29.52.50.43.24.52.3.3.52.52.52.1.50.52.2.52.xover.mutate.done 50
 generation 8.63.51.51.51.51.51.51.51.51.51.51.1.27.50.51.1.51.1.51.51.51.51.1.1.51.1.51.1.51.50.50.1.1.51.51.1.23.50.1.1.51.17.1.1.51.1.51.50.50.51.xover.mutate.done 50
 generation 9.63.50.50.50.50.50.50.50.50.50.51.17.0.1.50.1.50.1.1.50.39.50.50.50.4.1.1.1.50.50.50.50.1.1.50.50.1.1.1.50.50.9.50.0.1.1.1.0.50.1.xover.mutate.done 50
 generation 10.58.50.53.53.53.53.53.53.53.53.53.53.53.3.30.53.3.3.3.3.53.53.3.3.53.53.24.50.3.3.3.3.51.6.50.3.50.53.3.3.50.0.3.53.53.3.53.46.36.3.xover.mutate.done 50
 generation 11.65.51.51.51.51.51.51.51.51.51.50.50.42.51.51.51.1.51.2.1.51.51.2.1.44.1.31.51.60.1.45.2.51.2.13.23.2.2.2.50.29.51.50.2.2.2.2.51.51.24.xover.mutate.done 50
 generation 12.62.54.50.50.50.50.50.50.50.50.50.50.54.45.50.50.0.50.50.0.0.24.28.50.0.9.45.0.24.0.50.0.50.0.0.0.50.50.38.15.50.26.50.0.50.50.54.50.9.0.xover.mutate.done 50
 generation 13.54.60.60.60.51.51.51.51.51.51.50.10.51.44.16.28.1.51.16.1.50.1.51.51.1.51.60.51.51.1.7.12.10.51.51.51.51.51.51.1.51.1.1.19.24.25.51.51.25.51.xover.mutate.done 50
 generation 14.63.63.63.63.64.51.51.51.51.51.50.51.51.2.14.51.60.51.26.2.51.50.51.19.50.63.50.51.1.51.44.63.50.51.51.30.63.2.2.2.51.1.2.51.51.2.51.51.51.49.xover.mutate.done 50
 generation 15.48.53.53.53.53.53.53.53.52.50.0.50.0.52.33.50.50.0.50.0.18.50.50.50.50.3.50.50.0.50.50.50.50.50.0.0.50.50.11.50.50.50.50.0.0.50.50.0.50.0.xover.mutate.done 50
 generation 16.58.58.58.58.58.58.58.56.56.52.52.24.50.52.52.52.3.2.52.50.58.4.56.4.58.52.50.52.4.58.58.52.1.52.59.24.56.58.50.58.56.4.52.58.1.52.1.50.8.52.xover.mutate.done 50
 generation 17.62.63.63.63.63.63.63.63.63.63.1.1.51.14.50.51.1.63.51.63.51.63.32.13.2.51.51.63.51.51.51.63.51.50.51.2.63.63.14.15.63.51.50.51.50.51.63.43.2.1.xover.mutate.done 50
 generation 18.59.59.59.59.59.59.59.59.59.59.56.50.50.42.59.50.50.56.11.50.59.59.1.50.60.11.1.59.59.1.50.1.10.50.0.50.56.59.1.50.50.7.50.59.8.57.50.50.50.50.xover.mutate.done 50
 generation 19.61.59.59.59.59.59.59.59.59.59.59.59.9.59.2.24.52.59.59.11.16.59.59.59.4.50.59.11.59.52.22.50.58.60.4.59.52.50.11.4.11.59.15.15.59.11.50.59.52.17.xover.mutate.done 50
 generation 20.64.64.62.62.62.62.62.62.62.62.12.50.62.57.19.62.58.58.40.15.58.50.33.50.50.58.58.1.58.9.50.50.62.50.62.14.51.50.50.63.51.62.58.51.50.50.50.35.12.1.xover.mutate.done 50
 generation 21.61.61.60.59.59.59.59.59.59.59.53.17.59.51.59.59.58.57.1.59.50.56.59.1.33.51.51.59.51.50.10.50.59.1.27.8.57.1.50.59.26.29.16.51.50.58.51.58.50.50.xover.mutate.done 50
 generation 22.61.58.58.57.57.57.57.57.57.57.57.6.54.56.14.57.1.57.50.50.56.57.17.18.55.57.44.50.57.50.50.57.50.48.57.5.54.57.51.1.50.50.50.55.50.57.50.50.7.9.xover.mutate.done 50
 generation 23.57.59.59.59.59.59.59.59.59.59.50.50.1.58.58.50.37.57.50.50.26.23.35.58.8.1.58.9.50.57.54.50.50.59.57.50.50.54.42.57.8.58.50.53.1.37.50.4.58.50.xover.mutate.done 50
 generation 24.60.61.61.61.61.61.61.61.61.60.1.61.33.59.25.58.59.26.61.59.58.11.1.39.37.50.61.47.50.39.61.10.59.9.38.31.29.59.50.51.2.1.9.60.50.2.50.60.46.51.xover.mutate.done 50
 generation 25.59.57.57.57.57.57.57.57.63.57.55.50.57.50.51.55.50.31.55.57.57.55.50.56.50.57.2.54.5.43.51.55.39.30.37.56.3.55.51.55.57.6.9.51.9.55.50.9.9.51.xover.mutate.done 50
 generation 26.68.61.61.61.61.61.61.61.61.61.61.13.64.13.52.12.2.50.50.18.20.60.13.4.18.60.2.12.60.50.50.52.50.50.52.52.17.4.52.13.12.13.52.52.64.43.60.4.2.4.xover.mutate.done 50
 generation 27.66.66.66.63.60.60.60.60.60.60.1.72.50.1.0.10.50.50.50.50.16.42.41.47.1.44.56.60.50.1.0.22.50.1.50.49.50.56.50.58.59.5.9.50.50.9.51.56.60.50.xover.mutate.done 50
 generation 28.76.67.57.57.58.57.57.57.57.57.50.50.50.5.50.1.50.57.50.57.57.0.1.48.57.59.50.1.49.49.56.57.1.45.55.50.47.28.0.57.57.16.55.50.52.57.1.50.1.1.xover.mutate.done 50
 generation 29.88.62.62.61.57.57.60.60.60.60.45.50.52.57.24.61.50.50.48.6.59.47.6.45.56.57.1.22.13.50.21.18.2.50.17.51.1.49.50.71.6.1.51.58.57.60.50.52.1.51.xover.mutate.done 50
 generation 30.78.59.65.60.62.57.60.60.60.60.59.0.0.31.53.88.12.58.8.56.60.50.58.10.6.58.50.0.0.18.33.60.34.60.49.60.58.50.0.10.60.10.8.58.51.58.34.61.58.0.xover.mutate.done 50
 generation 31.85.76.58.57.55.57.56.56.56.55.50.39.14.55.59.18.31.51.10.40.56.39.58.47.44.57.3.57.46.50.40.50.55.45.50.56.55.80.45.51.9.11.58.5.3.3.25.3.18.19.xover.mutate.done 50
 generation 32.78.72.71.58.64.56.56.56.57.57.51.20.51.74.74.50.57.51.44.56.65.29.51.51.62.56.8.76.56.7.6.23.9.50.6.7.24.2.31.16.72.37.55.50.53.44.51.50.76.50.xover.mutate.done 50
 generation 33.87.73.88.85.85.80.80.83.74.67.48.55.50.16.84.32.16.5.58.9.50.37.50.50.48.57.22.58.50.71.7.8.28.21.80.57.57.59.13.12.77.12.61.50.15.50.61.53.50.10.xover.mutate.done 50
 generation 34.80.87.80.80.82.79.77.77.77.73.6.81.49.2.50.5.29.51.29.56.40.30.34.21.21.90.30.3.16.39.50.4.51.39.80.47.8.2.21.42.29.1.7.20.53.34.17.93.23.37.xover.mutate.done 50
 generation 35.87.89.83.81.82.80.82.82.86.80.56.82.15.4.52.73.2.2.38.86.2.41.7.52.4.53.4.16.50.11.39.65.71.33.48.25.20.47.50.33.52.25.38.52.52.31.4.74.4.58.xover.mutate.done 50
 generation 36.86.83.76.88.77.72.77.77.72.79.17.50.8.24.2.16.53.2.3.7.5.29.2.2.2.7.56.1.25.51.16.7.50.1.1.26.50.56.70.2.54.50.12.2.50.73.54.1.45.2.xover.mutate.done 50
 generation 37.87.90.87.83.84.85.85.82.82.79.49.51.50.3.40.83.15.3.27.3.57.67.11.42.84.3.1.50.21.65.23.36.52.51.40.29.3.12.51.3.10.3.3.85.15.40.3.12.48.12.xover.mutate.done 50
 generation 38.91.85.87.75.75.80.81.74.81.81.88.10.50.2.7.2.52.59.0.38.30.50.61.21.75.60.50.17.35.43.51.2.46.32.50.50.50.24.0.51.60.12.0.7.0.0.50.24.58.2.xover.mutate.done 50
 generation 39.93.90.92.92.86.88.87.88.89.89.6.87.45.0.7.5.22.50.45.58.37.59.42.1.90.79.61.50.50.56.0.62.30.62.18.34.7.27.25.45.50.69.38.91.52.21.1.18.50.1.xover.mutate.done 50
 generation 40.87.87.85.89.87.89.83.83.79.86.33.89.42.27.0.64.87.50.5.16.86.0.58.0.0.63.75.85.80.41.0.50.47.46.87.24.50.18.0.10.49.82.11.0.31.45.50.11.46.85.xover.mutate.done 50
 generation 41.95.93.95.91.92.90.90.90.89.91.0.0.49.79.90.50.45.11.40.24.0.0.95.47.50.46.94.8.22.12.0.23.50.43.49.4.9.58.47.0.0.0.22.20.6.44.0.14.48.92.xover.mutate.done 50
 generation 42.87.87.89.86.83.86.86.88.85.84.49.46.66.54.58.0.56.13.25.4.0.16.81.23.0.12.0.45.0.0.49.0.0.17.0.62.47.0.17.28.26.15.89.0.15.0.4.4.81.11.xover.mutate.done 50
 generation 43.90.88.86.89.89.87.89.89.88.90.3.2.56.24.14.51.31.23.1.2.34.3.51.48.74.59.62.2.2.50.51.12.2.13.51.25.2.21.24.2.49.76.3.7.48.40.11.46.60.20.xover.mutate.done 50
 generation 44.97.85.95.95.93.93.94.91.94.90.13.50.36.30.60.55.11.27.51.22.2.22.31.46.94.45.8.60.73.2.15.41.2.8.64.10.50.41.39.55.12.21.11.31.32.16.2.38.13.30.xover.mutate.done 50
 generation 45.90.89.89.91.89.89.88.88.88.91.10.9.50.11.50.1.2.10.47.10.89.48.89.26.2.59.72.31.60.29.20.1.52.43.30.9.34.2.20.11.22.68.2.1.63.68.59.51.92.2.xover.mutate.done 50
 generation 46.85.86.83.86.79.79.78.78.78.84.10.11.51.50.80.41.21.34.26.55.55.34.44.50.3.15.3.3.64.39.59.31.56.59.60.18.50.16.9.56.2.67.36.56.46.10.38.18.44.83.xover.mutate.done 50
 generation 47.92.93.92.92.88.89.93.92.92.89.15.50.50.5.24.57.27.76.30.22.61.65.26.0.50.42.48.39.28.0.76.0.36.19.8.90.32.76.40.0.89.10.61.27.29.33.58.92.26.31.xover.mutate.done 50
 generation 48.94.88.93.94.91.91.91.91.90.89.33.64.51.13.38.91.20.13.4.7.15.10.43.26.43.53.59.54.51.14.61.57.91.56.7.11.39.1.11.55.11.55.28.14.14.21.4.47.87.1.xover.mutate.done 50
 generation 49.97.96.94.90.91.91.90.91.91.91.32.15.1.84.13.96.29.15.11.91.70.91.15.59.14.54.1.40.92.96.52.42.64.0.38.38.48.9.35.60.37.85.96.10.56.17.15.45.97.60.xover.mutate.done 50
 27942865 iters     700764 iter/sec (39.87 s)
 total time: 39.87
