53 50 50 50 50 50 50 50 50 50 50 44 37 7 3 3 3 3 3 3 3 3 3 3 3 3 3 3 3 3 3 3 3 3 3 3 3 3 3 3 3 3 3 0 0 0 0 0 0 0 
50 50 50 50 50 50 50 50 50 50 50 50 50 50 50 50 50 50 50 50 50 50 50 50 49 48 47 42 35 15 7 4 0 0 0 0 0 0 0 0 0 0 0 0 0 0 0 0 0 0 
54 53 53 53 53 53 50 50 50 50 50 50 50 50 50 50 50 50 50 50 50 50 50 50 50 50 49 44 17 11 6 6 6 6 6 6 6 6 6 3 3 3 3 3 3 3 3 3 3 3 
57 57 51 50 50 50 50 50 50 50 50 50 50 50 50 50 50 50 50 50 50 50 50 49 26 16 15 8 7 1 1 1 1 1 1 1 1 1 1 1 1 1 1 0 0 0 0 0 0 0 
63 60 60 56 53 52 52 52 52 51 51 51 51 51 51 51 50 50 50 50 50 50 50 50 50 50 50 50 50 43 37 17 14 10 10 8 3 3 3 3 3 3 3 2 2 2 2 1 1 1 
57 57 56 55 53 53 52 52 52 52 52 51 51 51 51 51 51 51 50 50 50 50 48 37 21 21 8 8 4 3 3 3 3 3 3 3 3 3 3 3 3 3 2 2 2 2 1 1 1 1 
58 53 53 53 53 53 53 53 51 51 51 51 51 51 51 51 51 51 51 51 51 51 50 50 50 50 50 50 50 50 50 50 47 46 38 38 26 10 4 2 2 2 2 1 1 1 1 1 1 1 
65 60 60 57 57 57 57 57 57 57 57 57 56 53 52 52 52 51 51 51 51 51 51 50 50 50 50 50 50 49 48 43 37 34 29 8 8 8 7 5 3 3 3 3 2 2 1 1 1 1 
72 63 60 56 55 55 55 55 55 55 55 55 55 55 55 55 55 51 50 50 50 50 50 46 46 33 28 27 22 22 17 10 8 5 5 5 5 1 1 1 1 1 1 1 1 1 1 1 0 0 
71 70 65 61 60 60 59 58 58 58 58 58 58 58 58 58 58 58 58 58 54 52 51 51 51 51 48 48 46 46 31 28 16 16 15 12 10 10 10 10 10 3 3 3 3 3 3 3 2 1 
74 74 74 67 65 59 57 57 57 57 57 57 57 57 57 57 57 57 52 50 50 50 50 50 50 46 46 35 33 31 14 14 14 13 13 12 11 8 8 8 8 7 6 3 1 1 1 1 0 0 
92 72 72 72 71 71 68 64 63 62 59 59 58 57 54 54 54 54 54 54 54 54 50 50 50 46 37 33 26 26 21 20 18 13 13 13 13 12 11 9 5 5 5 4 1 1 1 1 1 0 
94 93 92 81 81 76 76 75 74 65 64 63 63 61 61 59 58 58 57 56 55 55 55 55 55 55 55 54 54 54 50 48 46 39 21 19 18 18 14 13 9 6 6 6 6 5 5 1 1 0 
91 91 90 85 83 79 78 75 75 75 74 74 66 62 60 59 57 54 54 54 54 54 51 51 49 47 43 42 40 38 37 18 17 17 17 17 17 13 12 11 10 9 7 6 5 5 2 2 2 1 
92 92 92 90 85 85 84 82 80 76 76 76 76 72 69 64 60 58 57 57 57 56 56 56 56 56 56 51 51 50 50 50 47 45 39 30 25 20 17 14 13 10 10 10 9 8 2 2 1 1 
97 96 96 95 95 95 94 86 81 80 80 77 76 75 75 71 70 65 62 58 55 54 53 51 51 51 51 51 50 48 38 36 34 29 28 23 21 21 18 9 8 7 7 7 7 2 2 2 1 1 
93 92 92 90 90 90 90 90 90 89 88 86 85 83 77 71 69 67 65 63 63 62 60 58 54 52 52 52 52 52 50 50 48 47 46 41 39 36 36 34 27 23 16 15 14 13 11 2 2 2 
92 92 92 91 90 89 89 89 89 89 88 88 85 68 66 61 60 59 57 57 57 51 50 50 50 50 50 50 50 50 50 49 48 47 31 22 20 20 12 10 6 6 6 3 2 2 2 2 2 2 
93 93 93 93 92 92 92 92 92 91 91 90 88 87 85 83 81 78 75 75 67 64 52 50 50 50 50 50 50 50 50 49 47 45 45 45 44 34 33 33 26 15 7 7 5 4 4 4 4 4 
96 95 95 95 95 95 95 94 94 94 92 89 85 84 82 78 74 65 63 61 58 58 58 52 51 51 51 51 51 51 51 50 50 50 47 45 35 17 8 8 8 8 7 7 2 2 2 2 2 2 
93 93 93 92 92 92 92 91 91 91 91 90 90 85 57 56 50 50 50 50 50 49 48 44 43 41 37 37 36 36 34 33 31 28 27 18 15 14 10 10 9 9 9 9 8 7 6 5 3 0 
98 98 98 98 98 98 97 96 96 96 90 80 55 54 50 50 50 50 50 50 49 48 44 36 32 30 18 15 13 8 8 8 7 7 7 6 5 5 0 0 0 0 0 0 0 0 0 0 0 0 
95 93 93 92 92 92 92 92 92 92 90 90 90 89 89 77 73 56 52 51 51 51 51 51 50 50 49 49 45 45 41 37 29 23 18 10 6 3 3 3 2 2 2 2 2 2 2 2 1 1 
90 90 89 89 89 89 89 89 88 88 86 86 85 83 68 64 57 56 54 52 52 52 52 52 50 50 50 50 48 47 38 29 28 27 26 24 19 17 17 8 8 7 7 7 6 6 4 4 4 2 
94 94 94 94 94 94 92 92 91 90 89 86 84 58 58 58 58 58 56 54 52 50 50 48 47 46 45 44 42 36 22 21 13 13 10 10 10 9 8 8 6 2 2 2 2 2 2 2 2 0 
89 89 89 88 88 88 88 88 88 88 87 83 66 63 54 53 50 50 50 49 48 48 47 44 44 43 42 38 34 30 16 15 14 14 10 10 10 10 10 10 8 8 6 1 1 1 1 1 1 0 
92 92 92 92 92 91 91 91 91 91 91 90 80 77 71 62 57 57 56 55 51 51 48 48 47 37 31 30 24 24 21 20 17 16 15 14 11 10 8 8 7 6 6 1 1 1 1 1 1 0 
94 93 93 92 92 92 92 92 92 92 92 92 82 81 81 56 54 54 54 54 53 52 51 51 49 48 48 47 46 42 42 40 38 37 35 13 12 10 10 9 8 5 5 5 2 2 2 2 1 1 
96 96 95 95 95 95 95 95 95 95 94 94 92 92 92 82 69 66 63 61 54 54 54 50 50 50 49 48 47 43 43 42 18 15 12 12 11 10 5 5 0 0 0 0 0 0 0 0 0 0 
92 92 92 92 92 92 92 91 91 91 91 79 74 70 63 62 60 59 59 56 56 53 50 50 50 50 49 49 47 37 32 23 19 18 14 13 11 10 10 10 10 9 7 7 7 2 2 2 1 1 
93 93 92 91 91 91 91 90 90 90 90 90 88 75 73 67 62 58 54 52 52 52 52 51 50 50 45 40 40 32 26 25 24 24 21 15 11 7 3 3 3 3 3 3 3 3 1 1 1 1 
93 93 93 93 93 93 93 92 92 91 91 90 89 86 78 60 55 52 50 50 50 50 50 49 49 48 47 47 46 46 46 44 43 32 20 18 16 11 9 6 5 5 3 0 0 0 0 0 0 0 
95 95 95 95 94 93 93 93 93 91 91 90 82 82 68 57 57 56 51 51 50 50 50 50 50 50 50 50 50 49 45 45 45 31 29 26 25 17 17 12 10 9 9 3 3 3 3 3 3 3 
94 93 92 92 92 92 92 92 92 91 91 90 88 64 64 64 61 58 56 55 55 54 54 54 51 51 50 50 50 50 48 26 25 22 20 16 14 9 8 8 7 7 6 1 1 1 1 1 1 0 
91 90 90 90 90 90 90 90 89 89 89 89 89 89 85 57 56 52 52 52 50 50 48 48 45 40 38 18 16 14 13 10 9 9 9 9 9 8 7 7 7 6 2 2 2 2 2 2 0 0 
94 94 94 94 94 93 93 91 91 91 90 84 79 78 72 67 65 61 61 61 57 57 56 56 56 56 55 51 50 50 49 48 46 45 42 22 20 20 11 9 8 8 8 8 7 7 2 2 2 1 
97 97 96 96 96 96 96 94 94 94 93 93 93 93 92 90 83 69 55 54 53 53 52 52 51 51 50 48 48 47 47 46 45 41 39 37 36 34 31 23 13 11 10 9 7 7 5 3 3 1 
97 96 96 96 96 96 96 95 95 95 95 95 93 92 91 87 86 85 84 75 66 60 58 56 56 56 54 54 50 50 50 49 47 47 46 42 36 35 21 14 11 11 10 7 6 5 4 0 0 0 
95 95 95 95 95 95 95 95 95 94 94 94 94 84 64 59 57 56 56 55 54 53 53 51 51 51 51 51 51 51 49 46 46 41 39 37 32 22 22 17 16 15 15 14 8 8 3 3 3 3 
95 95 94 94 94 94 94 94 94 94 93 93 92 87 76 72 65 57 57 57 55 54 51 51 51 51 51 49 46 41 19 17 16 11 9 7 6 6 6 6 6 1 1 1 1 1 1 1 1 1 
93 92 92 92 92 91 91 91 91 91 91 91 68 67 65 62 61 56 56 51 51 51 51 51 45 44 25 23 22 21 20 17 17 12 10 10 10 9 7 2 2 2 2 2 2 2 2 2 2 1 
97 96 96 96 96 96 96 96 95 95 94 69 65 62 62 59 58 58 56 53 52 52 52 52 52 52 49 49 44 44 42 40 32 31 24 19 18 18 17 13 12 11 11 11 2 2 2 2 2 2 
94 94 94 94 93 93 93 93 93 93 93 93 93 90 72 57 54 54 53 51 51 51 51 51 51 51 51 50 50 50 49 49 48 48 47 41 37 36 16 15 3 1 1 1 1 1 1 1 1 1 
95 95 95 95 95 95 95 95 95 94 94 94 94 94 89 83 69 56 56 54 53 51 50 50 50 50 50 50 50 50 50 47 46 22 12 8 7 7 7 6 6 6 1 1 1 1 1 1 1 1 
93 93 93 92 92 92 92 92 92 92 92 92 92 92 89 79 59 54 54 51 51 51 51 51 51 51 49 47 35 22 18 15 11 10 9 6 5 5 5 5 3 3 2 2 2 2 2 2 1 1 
95 94 94 94 94 94 94 94 94 94 94 93 82 81 75 74 64 56 56 56 53 53 52 51 50 50 50 50 44 43 34 30 30 27 21 20 10 10 9 7 5 5 1 1 1 1 1 1 1 1 
95 95 95 95 95 95 94 94 93 93 92 92 92 80 79 64 56 53 51 51 50 50 50 50 49 49 47 45 43 27 24 18 14 12 10 10 9 8 7 6 5 5 5 5 4 4 4 4 3 1 
97 97 97 96 96 96 96 96 96 95 95 92 91 89 88 81 75 54 54 53 51 50 50 50 50 50 50 45 43 42 42 40 28 16 16 14 13 11 11 9 5 5 5 5 5 5 5 5 5 1 
93 93 93 93 93 93 93 92 92 92 91 91 87 70 68 58 57 56 54 51 51 50 49 45 45 43 33 20 20 15 12 10 9 6 6 5 5 4 1 1 1 1 1 1 1 0 0 0 0 0 
93 93 93 93 93 93 93 93 93 93 92 90 66 59 58 58 56 54 54 53 53 51 51 51 51 51 50 50 50 49 48 48 48 45 39 28 22 20 19 11 8 7 6 5 5 3 1 1 1 0 
