50 50 50 50 50 50 50 50 50 50 50 5 4 1 1 1 1 1 1 1 1 1 1 1 1 1 1 1 1 1 1 1 1 1 1 1 1 1 0 0 0 0 0 0 0 0 0 0 0 0 
55 53 52 50 50 50 50 50 50 50 50 50 50 50 50 50 50 47 33 33 24 23 16 16 9 9 9 5 5 5 5 5 5 5 5 5 5 3 3 3 3 3 3 3 3 3 2 2 2 2 
59 51 51 51 50 50 50 50 50 50 50 50 50 50 50 50 50 50 49 44 34 25 17 17 16 16 10 5 4 4 4 4 4 4 1 1 1 1 1 1 1 1 1 1 1 1 1 0 0 0 
64 52 51 51 51 51 51 51 50 50 50 50 50 50 50 50 50 50 50 50 50 50 50 50 50 50 48 48 46 45 29 20 20 11 10 7 2 2 2 2 1 1 1 1 1 1 1 1 1 1 
59 52 52 50 50 50 50 50 50 50 50 50 50 50 50 50 50 50 50 50 50 50 47 46 44 36 27 15 9 7 2 2 2 2 2 2 2 2 2 2 2 2 2 2 0 0 0 0 0 0 
56 55 51 51 51 51 51 51 51 51 51 51 51 50 50 50 50 50 50 50 50 50 50 50 50 50 50 50 50 50 44 36 26 23 23 1 1 1 1 1 1 1 1 1 1 1 1 0 0 0 
56 51 51 51 50 50 50 50 50 50 50 50 50 50 50 50 50 50 50 50 50 50 50 50 50 50 50 50 49 49 44 36 22 6 6 1 1 1 1 1 1 1 1 1 1 1 1 1 0 0 
63 51 51 51 50 50 50 50 50 50 50 50 50 50 50 50 50 50 50 50 50 50 50 49 49 47 44 21 8 6 6 1 1 1 1 1 1 1 1 1 1 1 1 1 1 0 0 0 0 0 
59 56 50 50 50 50 50 50 50 50 50 50 50 50 50 50 50 50 50 50 50 50 50 50 50 50 30 27 15 15 11 9 0 0 0 0 0 0 0 0 0 0 0 0 0 0 0 0 0 0 
60 58 50 50 50 50 50 50 50 50 50 50 50 50 50 50 50 50 50 50 50 45 43 40 39 37 37 22 9 5 5 2 0 0 0 0 0 0 0 0 0 0 0 0 0 0 0 0 0 0 
59 56 50 50 50 50 50 50 50 50 50 50 50 50 50 50 50 50 50 50 47 41 37 33 32 15 14 12 8 6 5 5 0 0 0 0 0 0 0 0 0 0 0 0 0 0 0 0 0 0 
61 53 50 50 50 50 50 50 50 50 50 50 50 50 50 50 47 47 43 33 32 30 23 16 16 14 13 11 9 6 5 5 1 1 0 0 0 0 0 0 0 0 0 0 0 0 0 0 0 0 
64 59 51 51 51 51 51 51 51 50 50 50 50 50 48 46 37 37 31 18 15 15 13 9 9 7 7 5 5 4 3 1 1 1 1 1 1 1 1 1 1 1 1 1 1 1 1 1 1 0 
56 53 51 51 51 50 50 50 50 50 50 50 50 50 50 50 50 50 50 50 50 47 44 40 38 27 24 18 14 10 9 7 7 6 1 1 1 1 1 1 1 1 1 1 0 0 0 0 0 0 
63 63 55 51 51 51 51 51 51 51 51 51 51 51 51 50 50 48 45 40 37 34 19 12 11 10 5 2 2 2 2 2 2 2 2 2 2 2 2 2 2 1 1 1 1 1 1 1 1 1 
61 58 56 56 53 53 53 53 53 53 53 53 52 51 51 51 51 50 45 6 4 4 4 4 4 4 4 4 4 4 4 4 4 4 4 4 4 4 3 3 3 3 3 3 3 1 1 1 1 1 
53 51 51 51 51 50 50 50 50 50 50 50 50 50 50 50 50 50 50 50 45 42 39 29 18 17 4 2 2 2 1 1 0 0 0 0 0 0 0 0 0 0 0 0 0 0 0 0 0 0 
54 53 52 52 52 50 50 50 50 50 50 50 50 50 50 50 50 50 49 11 6 5 4 2 2 2 0 0 0 0 0 0 0 0 0 0 0 0 0 0 0 0 0 0 0 0 0 0 0 0 
68 66 55 55 55 55 51 51 51 51 51 51 51 51 51 51 51 51 51 51 51 51 50 50 50 38 33 33 31 9 7 6 5 5 5 1 1 1 1 1 1 1 1 1 1 1 1 0 0 0 
88 67 58 53 53 53 53 53 53 50 50 50 50 50 50 50 50 50 50 50 50 50 48 40 36 25 20 20 3 3 0 0 0 0 0 0 0 0 0 0 0 0 0 0 0 0 0 0 0 0 
88 58 57 54 54 54 54 54 54 54 54 54 50 50 50 50 50 50 50 50 50 50 50 50 49 34 20 11 11 9 8 4 4 0 0 0 0 0 0 0 0 0 0 0 0 0 0 0 0 0 
92 64 64 55 55 55 55 55 55 55 55 55 55 52 51 51 51 51 51 51 51 51 50 50 50 50 50 49 48 46 45 39 25 23 21 19 17 15 12 11 6 6 5 5 2 2 2 1 1 1 
88 68 60 58 56 56 56 56 56 56 56 56 56 56 56 56 51 51 51 51 51 51 50 50 50 42 39 30 30 27 25 23 14 14 9 9 9 7 7 4 4 4 4 4 3 3 3 1 1 1 
86 66 62 58 57 55 55 55 55 55 55 55 54 54 54 54 50 50 50 50 50 50 50 50 50 49 24 23 23 22 16 13 8 5 5 5 5 4 0 0 0 0 0 0 0 0 0 0 0 0 
83 66 62 60 57 55 55 55 55 55 55 55 55 55 55 55 55 54 54 52 50 50 50 49 47 46 31 26 22 22 21 21 18 15 10 8 6 5 5 0 0 0 0 0 0 0 0 0 0 0 
85 67 61 56 54 54 54 54 54 54 54 54 54 54 54 54 53 52 50 50 50 50 50 46 39 26 26 16 15 12 10 10 8 8 8 7 6 4 4 4 4 4 4 0 0 0 0 0 0 0 
87 72 62 59 54 53 53 53 51 51 51 51 51 51 51 51 51 51 51 50 50 47 47 46 41 33 31 31 26 25 24 17 16 15 9 9 6 5 5 3 2 2 1 1 1 1 1 1 1 1 
86 72 63 61 58 58 58 58 56 56 56 56 56 56 56 56 56 56 56 56 53 52 51 51 50 49 49 46 43 42 27 26 26 19 14 13 11 10 7 7 6 6 6 2 2 2 2 1 1 1 
84 76 73 66 63 60 60 58 58 57 56 56 56 56 56 55 55 55 55 54 53 50 50 50 50 47 47 46 45 45 45 45 44 44 42 41 41 39 35 24 16 12 11 6 5 0 0 0 0 0 
88 79 69 67 67 67 64 63 60 59 58 58 58 58 57 56 56 55 55 54 53 53 52 52 52 52 52 51 50 50 48 47 45 21 18 18 13 10 9 8 7 6 5 3 3 3 2 2 2 2 
87 82 77 76 71 64 64 64 63 62 60 59 59 57 57 57 56 56 54 52 52 52 52 51 50 48 47 46 37 37 36 31 25 25 24 17 14 13 12 8 6 6 3 3 3 3 3 2 2 2 
81 78 76 65 63 60 60 60 59 58 57 57 56 55 55 52 52 52 52 52 52 52 52 50 50 50 50 48 45 37 32 27 18 13 11 11 10 6 6 5 5 5 5 2 2 2 2 2 2 2 
87 81 76 74 68 65 61 57 56 56 52 51 51 47 46 46 45 44 43 25 20 20 20 19 18 14 12 9 9 8 7 5 4 1 1 1 1 1 1 1 1 1 1 1 1 1 1 1 0 0 
90 87 77 77 77 76 74 72 68 68 66 65 60 59 55 55 53 53 50 50 50 40 39 38 37 34 30 24 23 23 20 16 15 14 14 11 11 9 9 9 8 8 3 3 3 3 3 3 3 3 
85 80 79 78 78 75 75 70 66 66 63 63 58 56 55 52 52 52 51 51 50 48 47 40 39 29 23 19 19 16 13 10 10 8 8 6 6 6 3 3 3 3 3 3 3 3 3 2 1 1 
85 85 82 80 78 77 76 76 74 74 73 73 67 65 59 59 57 55 51 51 50 46 42 39 38 35 23 17 12 11 9 6 3 3 2 2 2 2 2 2 2 2 2 2 2 2 2 2 2 1 
85 82 79 78 78 78 77 75 74 74 71 71 67 64 64 63 57 55 53 53 53 53 53 53 53 51 50 39 39 38 35 31 31 22 20 15 15 15 11 11 10 6 6 4 4 4 4 3 3 3 
89 87 87 85 85 83 81 81 73 71 71 71 69 69 69 55 52 50 50 50 50 50 50 50 48 38 36 35 33 28 28 26 24 24 20 16 15 14 13 10 10 10 2 2 2 2 2 2 0 0 
88 88 87 87 86 85 83 83 82 82 81 80 70 65 58 53 49 48 48 47 46 37 37 35 34 34 32 28 21 20 18 15 15 15 13 12 11 9 8 6 6 6 1 1 1 1 1 1 1 0 
91 88 83 81 81 81 79 79 79 79 72 72 69 67 62 60 59 57 51 50 49 46 44 41 41 37 36 35 33 32 31 25 16 14 13 12 12 11 9 8 7 7 7 7 6 5 1 1 1 0 
94 90 88 87 85 85 85 83 83 80 79 71 62 55 52 51 50 49 49 47 47 46 43 40 36 31 27 24 23 20 19 18 13 11 11 10 9 8 7 6 5 5 2 2 2 2 2 2 2 0 
95 89 89 89 86 84 84 82 81 77 75 71 65 61 59 53 53 50 49 46 44 40 38 29 27 25 25 25 20 18 16 16 14 14 14 12 11 11 10 10 8 7 3 3 3 3 3 3 3 3 
94 88 87 87 87 83 83 81 81 81 72 65 52 50 50 50 50 50 49 47 47 47 46 45 45 44 37 36 36 30 24 22 20 16 16 16 15 11 10 4 2 2 2 2 2 0 0 0 0 0 
89 84 84 84 83 80 80 80 79 77 71 67 62 50 50 50 49 48 48 48 48 46 45 44 44 42 41 41 38 32 22 16 11 10 10 8 7 6 5 5 5 4 1 1 1 1 0 0 0 0 
94 92 88 86 85 85 85 84 81 81 60 59 57 55 54 50 49 49 48 47 47 47 45 43 22 21 20 19 8 8 7 7 7 7 7 6 6 6 0 0 0 0 0 0 0 0 0 0 0 0 
93 88 88 86 84 83 83 79 78 78 78 78 69 60 59 59 54 54 51 51 50 49 48 47 47 47 46 31 25 22 20 19 11 11 9 8 7 7 7 6 6 6 6 1 1 1 1 1 1 1 
90 89 87 87 84 83 83 83 81 81 81 77 66 55 50 50 50 50 50 49 49 48 47 46 46 45 42 26 25 25 16 13 11 11 9 8 8 7 7 7 7 7 5 5 2 2 2 2 0 0 
93 88 85 84 84 82 82 82 81 80 77 63 54 51 51 50 50 50 49 47 47 36 28 27 25 23 22 21 17 12 10 9 8 7 6 5 5 5 0 0 0 0 0 0 0 0 0 0 0 0 
92 88 87 87 87 85 84 84 83 82 82 78 69 65 59 52 51 51 51 49 45 42 32 29 25 18 18 16 16 15 12 10 9 9 9 9 9 9 9 8 8 7 6 2 2 2 1 1 1 1 
92 86 86 85 85 85 81 81 81 77 76 72 70 60 53 51 51 50 50 50 49 49 49 49 42 40 38 31 23 22 17 16 15 10 8 7 7 6 6 6 5 1 1 1 1 1 1 1 0 0 
