0.5234375 0.8203125 0.828125 0.4296875 0.4296875 0.078125 0.2421875 0.6484375 0.9765625 0.1015625 
0.828125 0.9765625 0.984375 0.0234375 0.9375 0.8515625 0.046875 0.03125 0.125 0.078125 
0.15625 0.8125 0.9609375 0.828125 0.9765625 0.984375 0.0234375 0.9375 0.8515625 0.046875 
0.15625 0.265625 0.3671875 0.296875 0.28125 0.125 0.8125 0.9609375 0.8046875 0.828125 
0.8125 0.9609375 0.8046875 0.828125 0.796875 0.90625 0.6484375 0.5859375 0.953125 0.7890625 
0.3125 0.2734375 0.328125 0.8125 0.9609375 0.8046875 0.828125 0.796875 0.90625 0.6484375 
0.3125 0.2734375 0.328125 0.2734375 0.2734375 0.8125 0.9609375 0.8046875 0.828125 0.796875 
0.3125 0.2734375 0.328125 0.2734375 0.2734375 0.8125 0.9609375 0.8046875 0.828125 0.796875 
0.8125 0.9609375 0.8046875 0.828125 0.796875 0.5625 0.7578125 0.6796875 0.53125 0.7734375 
0.3515625 0.28125 0.8125 0.9609375 0.8046875 0.828125 0.796875 0.5625 0.7578125 0.6796875 
0.3515625 0.28125 0.2578125 0.28125 0.8125 0.9609375 0.8046875 0.828125 0.796875 0.5625 
0.3515625 0.28125 0.2578125 0.28125 0.8125 0.9609375 0.8046875 0.828125 0.796875 0.71875 
0.8125 0.9609375 0.8046875 0.828125 0.796875 0.71875 0.546875 0.765625 0.7265625 0.7578125 
0.8125 0.9609375 0.8046875 0.828125 0.796875 0.71875 0.546875 0.765625 0.7265625 0.7578125 
0.40625 0.390625 0.34375 0.3984375 0.8125 0.9609375 0.8046875 0.828125 0.796875 0.71875 
0.8125 0.9609375 0.8046875 0.828125 0.796875 0.71875 0.7734375 0.703125 0.890625 0.8046875 
0.8125 0.9609375 0.8046875 0.828125 0.796875 0.71875 0.7734375 0.703125 0.890625 0.8046875 
0.8125 0.9609375 0.8046875 0.828125 0.796875 0.71875 0.7734375 0.703125 0.890625 0.8046875 
0.8125 0.9609375 0.8046875 0.828125 0.796875 0.71875 0.7734375 0.703125 0.890625 0.8046875 
0.8125 0.9609375 0.8046875 0.828125 0.796875 0.71875 0.7734375 0.703125 0.890625 0.8046875 
0.8125 0.9609375 0.8046875 0.828125 0.796875 0.71875 0.7734375 0.703125 0.890625 0.8046875 
0.8125 0.9609375 0.8046875 0.828125 0.796875 0.71875 0.7734375 0.703125 0.890625 0.8046875 
0.8125 0.9609375 0.8046875 0.828125 0.796875 0.71875 0.7734375 0.703125 0.890625 0.8046875 
0.8125 0.9609375 0.8046875 0.828125 0.796875 0.71875 0.7734375 0.703125 0.890625 0.8046875 
0.8125 0.9609375 0.8046875 0.828125 0.796875 0.71875 0.7734375 0.703125 0.890625 0.8046875 
0.8125 0.9609375 0.8046875 0.828125 0.796875 0.71875 0.7734375 0.703125 0.890625 0.8046875 
0.8125 0.9609375 0.8046875 0.828125 0.796875 0.71875 0.7734375 0.703125 0.890625 0.8046875 
0.8125 0.9609375 0.8046875 0.828125 0.796875 0.71875 0.7734375 0.703125 0.890625 0.8046875 
0.8125 0.9609375 0.8046875 0.828125 0.796875 0.71875 0.7734375 0.703125 0.890625 0.8046875 
0.8125 0.9609375 0.8046875 0.828125 0.796875 0.71875 0.7734375 0.703125 0.890625 0.8046875 
0.8125 0.9609375 0.8046875 0.828125 0.796875 0.71875 0.7734375 0.703125 0.890625 0.8046875 
0.8125 0.9609375 0.8046875 0.828125 0.796875 0.71875 0.7734375 0.703125 0.890625 0.8046875 
0.8125 0.9609375 0.8046875 0.828125 0.796875 0.71875 0.7734375 0.703125 0.890625 0.8046875 
0.8125 0.9609375 0.8046875 0.828125 0.796875 0.71875 0.7734375 0.703125 0.890625 0.8046875 
0.8125 0.9609375 0.8046875 0.828125 0.796875 0.71875 0.7734375 0.703125 0.890625 0.8046875 
0.8125 0.9609375 0.8046875 0.828125 0.796875 0.71875 0.7734375 0.703125 0.890625 0.8046875 
0.8125 0.9609375 0.8046875 0.828125 0.796875 0.71875 0.7734375 0.703125 0.890625 0.8046875 
0.8125 0.9609375 0.8046875 0.828125 0.796875 0.71875 0.7734375 0.703125 0.890625 0.8046875 
0.8125 0.9609375 0.8046875 0.828125 0.796875 0.71875 0.7734375 0.703125 0.890625 0.8046875 
0.8125 0.9609375 0.8046875 0.828125 0.796875 0.71875 0.7734375 0.703125 0.890625 0.8046875 
0.8125 0.9609375 0.8046875 0.828125 0.796875 0.71875 0.7734375 0.703125 0.890625 0.8046875 
0.8125 0.9609375 0.8046875 0.828125 0.796875 0.71875 0.7734375 0.703125 0.890625 0.8046875 
0.8125 0.9609375 0.8046875 0.828125 0.796875 0.71875 0.7734375 0.703125 0.890625 0.8046875 
0.8125 0.9609375 0.8046875 0.828125 0.796875 0.71875 0.7734375 0.703125 0.890625 0.8046875 
0.8125 0.9609375 0.8046875 0.828125 0.796875 0.71875 0.7734375 0.703125 0.890625 0.8046875 
0.8125 0.9609375 0.8046875 0.828125 0.796875 0.71875 0.7734375 0.703125 0.890625 0.8046875 
0.8125 0.9609375 0.8046875 0.828125 0.796875 0.71875 0.7734375 0.703125 0.890625 0.8046875 
0.8125 0.9609375 0.8046875 0.828125 0.796875 0.71875 0.7734375 0.703125 0.890625 0.8046875 
0.8125 0.9609375 0.8046875 0.828125 0.796875 0.71875 0.7734375 0.703125 0.890625 0.8046875 
0.8125 0.9609375 0.8046875 0.828125 0.796875 0.71875 0.7734375 0.703125 0.890625 0.8046875 
