50 50 50 50 50 50 50 50 50 50 50 50 12 0 0 0 0 0 0 0 0 0 0 0 0 0 0 0 0 0 0 0 0 0 0 0 0 0 0 0 0 0 0 0 0 0 0 0 0 0 
53 51 51 51 51 51 51 50 50 50 50 50 50 50 50 50 50 50 50 50 50 50 50 31 24 1 1 1 1 1 1 1 1 1 1 1 1 1 1 1 1 1 1 1 0 0 0 0 0 0 
62 52 52 52 52 52 52 52 52 52 52 52 52 52 52 52 51 51 51 50 50 50 50 50 50 50 50 50 50 50 44 41 38 32 24 21 19 5 3 3 3 2 2 2 2 2 2 1 1 1 
61 58 50 50 50 50 50 50 50 50 50 50 50 50 50 50 50 50 50 50 50 50 50 50 50 50 50 50 50 42 17 11 6 5 0 0 0 0 0 0 0 0 0 0 0 0 0 0 0 0 
65 58 52 52 52 52 52 52 52 52 52 52 52 52 52 52 52 52 52 52 52 50 50 50 50 50 50 50 50 50 50 31 2 2 2 2 2 2 2 2 2 2 2 2 2 2 2 0 0 0 
61 55 50 50 50 50 50 50 50 50 50 50 50 50 50 50 50 50 50 50 50 50 50 50 50 50 50 50 50 29 26 25 25 1 1 1 1 1 1 1 1 1 0 0 0 0 0 0 0 0 
62 59 52 52 52 52 52 52 52 52 52 52 52 52 52 52 52 52 52 52 52 52 52 52 52 52 52 52 50 50 50 50 50 40 32 28 24 22 7 3 3 3 2 2 2 2 2 2 1 1 
57 56 54 54 54 54 54 54 54 54 54 54 54 54 54 54 54 54 54 54 54 54 54 54 54 54 54 54 54 54 54 54 54 50 14 8 4 4 4 4 4 4 4 4 4 4 4 4 4 0 
63 60 52 52 52 52 52 52 52 52 52 52 52 52 52 52 52 52 52 52 52 52 52 52 52 52 52 52 52 50 50 50 45 44 17 4 4 4 4 4 4 2 2 2 2 2 2 2 2 2 
60 56 54 51 51 51 51 51 51 51 51 51 51 51 51 51 51 51 51 51 51 51 51 51 51 51 51 51 51 40 27 18 17 8 1 1 1 1 1 1 1 1 1 1 1 1 0 0 0 0 
55 51 51 51 51 51 51 51 51 51 51 51 51 51 51 51 51 51 51 51 51 51 51 51 51 51 50 44 44 37 31 30 24 8 6 3 1 1 1 1 1 1 1 1 1 1 1 1 1 1 
52 50 50 50 50 50 50 50 50 50 50 50 50 50 50 50 50 50 50 50 50 50 50 29 8 8 8 7 7 6 3 3 3 3 3 3 3 3 3 3 3 3 3 3 3 0 0 0 0 0 
61 50 50 50 50 50 50 50 50 50 50 50 50 50 50 50 50 50 50 50 50 50 50 50 50 50 35 18 17 15 15 15 10 9 7 7 2 2 2 2 2 2 2 2 2 0 0 0 0 0 
56 50 50 50 50 50 50 50 50 50 50 50 50 50 50 50 50 50 50 50 50 50 50 50 50 50 50 50 50 50 50 50 39 37 12 11 8 4 2 1 1 1 1 1 1 1 1 1 1 0 
88 68 52 52 52 52 52 52 52 52 52 52 52 52 52 52 52 52 52 52 52 52 52 52 52 52 52 52 50 50 21 19 3 3 3 3 3 3 3 3 3 2 2 1 1 1 1 1 1 1 
81 61 50 50 50 50 50 50 50 50 50 50 50 50 50 50 50 50 50 50 50 50 50 50 50 50 50 50 36 28 17 12 6 2 0 0 0 0 0 0 0 0 0 0 0 0 0 0 0 0 
79 62 51 51 51 51 51 51 51 51 51 51 51 51 51 51 51 51 51 51 51 51 51 51 51 50 50 50 50 50 50 30 17 17 16 6 2 2 2 2 1 1 1 1 1 1 1 1 1 1 
76 61 50 50 50 50 50 50 50 50 50 50 50 50 50 50 50 50 50 50 50 50 50 50 47 47 41 35 13 8 3 0 0 0 0 0 0 0 0 0 0 0 0 0 0 0 0 0 0 0 
81 58 50 50 50 50 50 50 50 50 50 50 50 50 50 50 50 50 50 50 50 50 50 50 50 50 50 50 50 50 50 50 47 26 8 1 1 1 1 1 1 1 1 1 0 0 0 0 0 0 
83 68 51 51 51 51 51 51 51 51 51 51 51 51 51 51 51 51 50 50 50 50 50 50 50 50 46 46 45 45 44 15 11 2 1 1 1 1 1 1 1 1 1 1 1 1 0 0 0 0 
82 60 51 51 51 51 51 51 51 51 51 51 51 51 51 51 51 51 51 51 51 51 51 51 51 51 50 50 50 50 50 48 36 33 9 1 1 1 1 1 1 1 1 1 1 1 1 1 0 0 
78 58 50 50 50 50 50 50 50 50 50 50 50 50 50 50 50 50 50 50 50 50 50 50 50 50 50 50 50 50 50 49 47 27 13 11 7 4 2 2 2 2 2 2 2 2 2 2 2 0 
82 57 51 51 51 51 51 51 51 51 51 51 51 51 51 51 51 51 51 51 51 51 51 51 51 51 51 51 51 51 51 51 51 50 50 50 50 34 31 27 18 17 16 10 9 2 2 2 1 1 
73 53 51 51 51 51 51 51 51 51 51 51 51 51 51 51 51 51 51 51 51 51 51 51 51 51 51 49 45 45 34 26 26 16 1 1 1 1 1 1 1 1 1 1 1 1 1 1 1 0 
77 64 51 51 51 51 51 51 51 51 51 51 51 51 51 51 51 51 51 51 51 51 51 51 51 51 51 51 51 51 51 51 50 50 29 22 21 18 17 14 3 2 2 2 1 1 1 1 1 1 
81 64 50 50 50 50 50 50 50 50 50 50 50 50 50 50 50 50 50 50 50 50 50 50 50 50 44 26 17 14 12 7 3 3 3 3 3 3 3 3 3 3 3 3 3 3 3 0 0 0 
87 65 50 50 50 50 50 50 50 50 50 50 50 50 50 50 50 50 50 50 50 50 50 50 50 50 50 47 1 1 1 1 1 1 1 1 1 1 1 1 1 1 1 1 1 0 0 0 0 0 
83 63 50 50 50 50 50 50 50 50 50 50 50 50 50 50 50 50 50 50 50 50 50 50 50 45 33 13 3 2 2 2 2 2 2 2 2 2 2 2 2 2 2 2 2 2 0 0 0 0 
82 62 51 51 51 51 51 51 51 51 51 51 51 51 51 51 51 51 51 51 51 51 51 51 51 51 50 14 2 2 2 2 2 2 2 2 2 2 2 2 2 2 2 1 1 1 1 1 1 1 
77 55 52 52 52 52 52 52 52 52 52 52 52 52 52 52 52 52 52 52 52 52 52 52 52 52 50 50 50 50 50 22 9 2 2 2 2 2 2 2 2 2 2 2 2 2 2 2 2 0 
87 73 51 51 51 51 51 51 51 51 51 51 51 51 51 51 51 51 50 50 50 50 50 45 32 27 14 2 2 2 2 2 2 2 2 2 2 2 2 2 2 1 1 1 1 1 1 1 1 1 
85 66 50 50 50 50 50 50 50 50 50 50 50 50 50 50 50 50 50 50 50 50 50 50 50 50 33 20 1 1 1 0 0 0 0 0 0 0 0 0 0 0 0 0 0 0 0 0 0 0 
80 57 50 50 50 50 50 50 50 50 50 50 50 50 50 50 50 50 50 50 50 50 50 50 50 50 50 50 49 49 42 39 23 0 0 0 0 0 0 0 0 0 0 0 0 0 0 0 0 0 
85 64 51 51 51 51 51 51 51 51 51 51 51 51 51 51 51 51 51 51 51 51 51 51 51 51 51 51 50 50 50 46 11 7 7 1 1 1 1 1 1 1 1 1 1 1 1 1 0 0 
82 62 55 50 50 50 50 50 50 50 50 50 50 50 50 50 50 50 50 50 50 50 50 50 50 50 50 50 50 50 50 50 50 50 14 3 3 3 3 3 3 3 3 3 0 0 0 0 0 0 
77 60 55 50 50 50 50 50 50 50 50 50 50 50 50 50 50 50 50 50 50 50 50 50 50 50 50 50 50 50 50 50 50 50 38 32 26 18 7 7 6 6 1 1 1 1 1 1 1 0 
85 63 52 51 51 51 51 51 51 51 51 51 51 51 51 51 51 51 51 51 51 51 51 51 50 50 50 50 50 50 48 46 44 24 23 17 15 14 14 3 2 2 1 1 1 1 1 1 1 1 
79 60 50 50 50 50 50 50 50 50 50 50 50 50 50 50 50 50 50 50 50 50 50 50 50 50 50 50 50 50 50 50 46 46 45 28 27 21 14 2 2 2 2 0 0 0 0 0 0 0 
81 56 55 51 51 51 51 51 51 51 51 51 51 51 51 51 51 51 51 51 51 51 51 51 51 51 51 51 51 51 50 50 50 50 50 50 50 50 47 43 9 9 8 2 2 2 1 1 1 1 
81 63 53 52 52 52 52 52 52 52 52 52 52 52 52 52 52 52 52 52 52 52 52 52 52 52 52 50 50 50 47 45 36 26 14 6 4 2 2 2 2 2 2 2 2 2 2 0 0 0 
83 63 59 50 50 50 50 50 50 50 50 50 50 50 50 50 50 50 50 50 50 50 50 50 50 50 50 50 50 50 50 50 50 50 48 43 34 32 22 20 4 4 4 4 4 0 0 0 0 0 
83 65 50 50 50 50 50 50 50 50 50 50 50 50 50 50 50 50 50 50 50 50 50 50 50 50 50 50 50 50 50 50 50 50 50 49 47 22 18 10 2 1 1 1 1 1 1 1 0 0 
83 57 50 50 50 50 50 50 50 50 50 50 50 50 50 50 50 50 50 50 50 50 50 50 50 50 50 50 50 50 50 50 50 50 50 50 27 3 0 0 0 0 0 0 0 0 0 0 0 0 
86 68 51 51 51 51 51 51 51 51 51 51 51 51 51 51 51 51 51 51 51 51 51 51 51 51 51 51 51 51 51 51 51 51 50 50 50 50 50 49 35 34 23 22 8 7 3 3 3 2 
84 59 52 52 52 52 52 52 52 52 52 52 52 52 52 52 52 52 52 52 52 52 52 52 51 50 50 50 50 50 50 36 23 5 2 2 2 2 2 2 2 2 2 2 2 2 2 0 0 0 
81 63 50 50 50 50 50 50 50 50 50 50 50 50 50 50 50 50 50 50 50 50 50 50 50 50 50 50 46 42 33 23 20 17 8 4 2 2 1 1 0 0 0 0 0 0 0 0 0 0 
89 59 50 50 50 50 50 50 50 50 50 50 50 50 50 50 50 50 50 50 50 50 50 50 50 50 50 50 50 50 50 50 50 50 50 50 48 24 18 14 11 1 1 1 1 1 1 1 0 0 
77 61 51 51 51 51 51 51 51 51 51 51 51 51 51 51 51 51 51 51 51 51 51 51 51 51 50 50 50 50 45 36 29 24 15 11 1 1 1 1 1 1 1 1 1 1 1 1 1 1 
88 62 52 52 52 52 52 52 52 52 52 52 52 52 52 52 52 52 52 52 52 52 52 52 52 51 50 50 12 8 7 4 4 4 4 4 4 4 4 4 4 4 2 2 2 2 2 2 2 2 
82 58 51 51 51 51 51 51 51 51 51 51 51 51 51 51 51 51 51 51 51 51 51 51 51 51 50 50 35 18 14 14 10 9 8 6 5 3 2 2 2 2 2 2 2 2 1 1 1 1 
