% Ministry of Cellular Automata
% Project Deux (CS523 Spring 2015)
% Version:v0.1-66-g3e0f-dirty
%  pop:50
%  ic count:100
%  CA Log option:r3/run32
%  width:121
%  max workers:4
%  radius:3
%  iterations:300
%  generations:50

 generation 0.0.50.50.50.50.0.50.0.0.0.50.0.0.3.0.0.0.0.0.0.0.0.0.0.0.0.0.4.0.0.0.1.0.0.0.50.0.0.0.50.0.0.0.0.0.0.0.50.0.0.xover.mutate.done 50
 generation 1.50.50.50.50.50.50.50.50.50.7.0.8.1.0.3.50.1.1.1.1.1.1.0.1.10.0.5.1.1.4.1.0.0.0.11.1.0.1.1.20.0.50.1.8.0.1.50.2.50.1.xover.mutate.done 50
 generation 2.50.50.50.50.50.50.50.50.50.50.15.0.0.50.0.0.7.0.50.0.0.9.0.0.50.0.31.19.0.0.0.0.0.0.50.44.0.0.0.0.16.22.10.10.0.4.0.0.0.10.xover.mutate.done 50
 generation 3.50.50.50.50.50.51.50.50.50.50.4.50.50.14.1.17.1.0.1.0.1.29.0.1.1.50.1.0.1.38.0.1.0.1.1.1.1.0.50.56.11.1.1.1.1.1.1.50.1.1.xover.mutate.done 50
 generation 4.56.50.50.50.50.50.50.50.50.50.51.15.1.0.50.50.0.0.50.28.50.36.51.42.1.1.50.0.1.0.0.0.51.0.50.50.18.50.51.50.0.1.1.1.50.6.10.9.45.50.xover.mutate.done 50
 generation 5.60.53.53.53.53.54.50.50.50.50.53.54.50.53.15.7.37.3.7.48.7.48.4.4.4.7.4.50.50.46.50.12.50.12.50.7.50.4.53.4.7.4.54.4.7.4.4.4.7.54.xover.mutate.done 50
 generation 6.60.51.51.51.51.53.53.53.53.53.11.3.3.4.4.3.50.4.4.4.50.1.4.39.51.1.4.1.1.3.1.4.4.4.1.1.35.4.45.4.50.1.53.3.53.4.53.50.53.50.xover.mutate.done 50
 generation 7.57.51.51.51.51.51.51.51.51.51.1.1.50.51.51.2.1.5.1.2.51.51.51.2.5.51.50.1.43.1.51.51.4.51.1.16.50.1.2.51.1.50.42.2.51.11.5.2.50.2.xover.mutate.done 50
 generation 8.55.52.52.52.52.52.52.52.52.52.46.3.52.52.52.18.7.52.3.19.3.3.3.50.11.3.52.3.3.50.50.52.3.11.3.3.3.3.52.28.19.6.3.52.5.3.47.13.52.52.xover.mutate.done 50
 generation 9.61.52.52.52.52.52.52.52.52.52.52.4.28.24.52.20.52.49.4.6.49.4.52.8.51.4.51.52.4.4.52.4.52.4.50.4.51.52.34.52.15.28.4.4.52.4.4.45.6.52.xover.mutate.done 50
 generation 10.59.53.53.53.53.53.53.53.53.53.38.53.53.53.28.53.40.51.4.4.53.15.4.42.53.52.25.48.53.1.53.30.53.53.53.53.53.4.1.41.53.50.1.2.4.4.53.53.50.4.xover.mutate.done 50
 generation 11.57.50.50.50.50.50.50.50.50.50.1.30.1.1.1.1.50.33.1.1.39.1.50.49.1.50.1.29.1.36.50.17.50.49.1.39.1.50.1.1.50.1.50.36.1.50.50.22.1.1.xover.mutate.done 50
 generation 12.51.50.50.50.50.50.50.50.50.50.7.2.2.2.45.50.8.12.48.50.25.6.50.2.50.50.37.2.50.50.2.50.50.50.50.17.0.2.50.46.50.27.50.6.50.2.50.2.50.23.xover.mutate.done 50
 generation 13.54.50.50.50.50.50.50.50.50.50.0.49.50.21.50.50.50.9.0.0.50.50.0.50.19.1.1.0.40.0.46.0.37.50.37.46.41.0.34.50.50.26.0.45.5.0.38.50.43.50.xover.mutate.done 50
 generation 14.61.50.50.50.50.50.50.50.50.50.1.1.0.1.1.1.1.21.50.4.50.0.49.50.49.4.40.0.50.0.50.1.1.17.1.50.50.31.50.45.50.1.50.50.50.10.1.1.7.1.xover.mutate.done 50
 generation 15.61.52.52.52.52.52.52.52.52.52.3.3.3.39.3.1.14.50.52.42.3.39.52.52.41.52.3.3.5.3.43.3.17.3.22.52.8.52.52.12.5.3.5.3.12.52.3.3.52.52.xover.mutate.done 50
 generation 16.57.50.50.50.50.50.50.50.50.50.23.0.0.0.0.9.50.0.50.0.0.0.50.50.50.0.0.0.0.50.50.0.50.0.2.50.50.0.50.44.0.0.50.41.50.0.0.27.6.50.xover.mutate.done 50
 generation 17.54.50.50.50.50.50.50.50.50.50.0.6.50.0.0.50.0.50.0.28.50.50.0.0.0.25.50.0.50.0.0.0.31.29.6.0.0.0.0.50.0.0.0.0.50.0.15.42.0.50.xover.mutate.done 50
 generation 18.60.50.50.50.50.50.50.50.50.50.27.0.45.0.0.0.0.0.0.0.50.0.50.0.14.0.39.0.11.0.0.0.50.0.0.0.0.50.0.9.15.50.10.36.0.5.0.50.49.4.xover.mutate.done 50
 generation 19.58.52.52.52.52.52.52.52.52.52.2.29.2.34.46.6.19.2.52.2.2.28.41.52.28.12.52.2.52.2.15.52.9.45.52.10.52.19.52.31.2.2.0.2.44.52.30.17.52.2.xover.mutate.done 50
 generation 20.55.51.51.51.51.51.51.51.51.51.2.43.2.2.20.2.51.2.9.1.9.41.2.2.2.51.51.17.2.2.2.2.51.2.49.11.51.49.1.3.22.2.2.51.2.1.2.29.51.2.xover.mutate.done 50
 generation 21.51.50.50.50.50.50.50.50.50.50.0.48.0.50.50.50.41.50.19.0.56.46.42.3.0.0.48.21.0.3.50.0.50.39.50.7.42.0.0.0.47.46.50.22.50.9.0.11.0.50.xover.mutate.done 50
 generation 22.63.58.50.50.50.50.50.50.50.50.0.0.0.33.0.0.32.50.0.50.0.0.0.30.12.0.50.0.0.0.44.14.5.31.50.50.49.41.0.0.0.48.50.30.27.2.50.18.50.0.xover.mutate.done 50
 generation 23.64.62.52.52.52.52.52.52.52.52.52.4.5.9.4.2.21.4.7.26.6.52.52.46.34.4.52.2.52.4.4.13.6.60.4.2.4.13.33.51.52.36.14.40.29.28.52.6.49.28.xover.mutate.done 50
 generation 24.67.56.67.51.51.51.51.51.51.51.51.51.2.2.2.20.51.23.51.24.15.1.32.2.41.32.20.42.31.51.37.2.51.6.2.2.16.2.23.10.2.30.51.51.14.16.51.51.40.3.xover.mutate.done 50
 generation 25.68.62.56.50.50.50.50.50.50.50.50.2.50.50.2.29.2.47.2.39.2.50.50.57.50.50.46.2.50.50.50.0.32.32.2.40.3.50.50.2.2.50.50.14.47.50.56.50.26.50.xover.mutate.done 50
 generation 26.66.59.61.57.57.51.51.51.51.51.40.5.38.51.25.51.51.2.2.2.51.21.51.5.49.34.51.43.51.16.50.9.27.49.2.42.1.51.51.2.2.51.51.40.2.50.51.51.2.24.xover.mutate.done 50
 generation 27.59.57.56.53.55.51.51.51.51.51.3.3.44.3.51.3.7.8.3.2.3.51.8.3.37.6.31.2.3.3.11.3.37.2.3.3.35.9.3.3.49.51.32.5.47.28.51.2.1.3.xover.mutate.done 50
 generation 28.61.61.59.52.59.53.53.53.53.53.14.31.53.53.10.3.40.3.12.3.7.3.15.3.3.11.3.30.8.43.33.3.14.3.0.3.3.3.53.3.3.37.52.3.48.3.53.34.3.53.xover.mutate.done 50
 generation 29.64.64.67.57.50.50.50.50.50.50.6.0.34.49.50.38.50.0.0.7.0.26.0.50.0.41.38.50.24.45.8.0.0.37.61.15.35.50.49.50.9.42.7.50.19.0.27.50.46.0.xover.mutate.done 50
 generation 30.56.55.61.54.59.52.52.52.52.52.23.2.36.33.52.17.52.2.52.52.43.51.52.38.57.44.4.42.52.24.2.2.36.52.21.52.71.45.0.2.48.22.67.21.24.12.52.42.43.52.xover.mutate.done 50
 generation 31.63.65.59.54.51.51.56.52.50.50.57.32.50.50.50.50.52.50.36.0.46.41.42.50.25.46.50.50.34.49.50.47.9.0.50.10.39.0.28.12.51.47.50.50.0.50.50.50.0.50.xover.mutate.done 50
 generation 32.73.79.67.73.69.59.57.61.69.60.51.50.69.0.50.50.57.71.0.32.9.12.44.0.11.50.12.56.50.50.24.50.46.13.7.69.0.69.50.0.53.10.0.13.34.37.34.50.50.49.xover.mutate.done 50
 generation 33.72.62.65.60.62.57.57.57.47.55.29.34.59.43.55.72.65.54.76.22.66.24.3.52.31.22.48.50.50.35.3.8.67.61.32.57.33.35.43.49.55.50.50.28.69.56.21.56.33.3.xover.mutate.done 50
 generation 34.79.76.71.74.74.64.67.67.70.61.39.26.36.30.70.1.59.27.50.1.56.32.1.69.55.50.82.14.64.56.40.70.63.28.10.43.51.59.49.28.1.56.45.50.40.35.1.37.0.51.xover.mutate.done 50
 generation 35.76.84.75.77.77.65.69.70.65.72.68.23.2.0.13.6.50.47.36.48.63.44.32.30.38.32.52.48.25.50.16.49.50.23.49.37.57.67.49.52.40.65.22.84.57.14.0.23.31.42.xover.mutate.done 50
 generation 36.78.73.70.71.69.64.72.65.64.61.18.43.74.19.43.38.31.66.50.46.45.17.0.51.70.50.0.5.0.23.0.6.11.50.21.62.28.20.27.50.22.13.44.50.63.24.39.50.13.0.xover.mutate.done 50
 generation 37.81.74.77.71.78.74.72.67.58.69.50.2.69.72.75.17.47.36.17.2.50.50.66.24.2.31.2.24.6.33.65.2.35.50.2.14.50.5.53.50.13.9.66.17.3.49.52.41.51.44.xover.mutate.done 50
 generation 38.74.71.72.64.80.66.63.68.73.71.26.36.58.42.5.38.14.5.38.18.10.34.5.25.5.5.51.37.63.49.48.1.32.50.50.49.59.40.21.68.7.10.50.27.22.48.12.51.51.18.xover.mutate.done 50
 generation 39.71.77.69.76.69.67.64.64.73.70.12.3.13.2.51.51.50.27.8.28.23.50.16.15.66.23.1.2.6.26.51.31.3.11.5.2.3.63.54.16.72.54.55.51.25.30.35.21.14.25.xover.mutate.done 50
 generation 40.80.79.69.71.82.69.66.73.69.62.15.6.17.12.52.15.2.77.50.12.7.39.51.32.21.40.40.71.2.57.34.24.63.20.10.68.8.69.26.50.32.19.52.52.55.58.68.40.23.52.xover.mutate.done 50
 generation 41.77.81.79.81.74.70.68.70.71.65.46.60.50.47.15.33.50.50.1.23.69.0.50.74.56.31.51.70.23.54.9.48.0.51.9.1.46.49.28.46.80.85.52.26.14.10.13.47.61.1.xover.mutate.done 50
 generation 42.78.81.79.80.77.81.69.70.71.68.38.68.1.38.49.26.50.61.50.8.1.1.54.62.1.53.28.18.34.41.15.69.34.51.48.24.54.80.72.50.30.34.51.87.71.19.1.32.61.18.xover.mutate.done 50
 generation 43.88.83.76.80.80.82.81.80.73.73.58.42.45.5.0.46.16.22.35.63.2.76.15.55.47.44.45.50.26.14.38.2.52.74.58.5.26.35.50.11.34.34.41.24.21.57.13.11.49.2.xover.mutate.done 50
 generation 44.90.80.81.87.81.81.77.81.69.78.37.3.39.52.9.65.75.51.36.3.41.81.5.19.51.50.50.3.78.12.8.42.3.11.48.69.1.58.34.3.3.51.45.47.50.7.50.81.3.53.xover.mutate.done 50
 generation 45.90.79.71.79.79.78.79.80.81.71.1.30.48.22.6.1.2.29.55.5.1.1.9.9.14.28.11.1.62.5.50.1.35.1.22.41.5.55.1.1.66.50.51.7.73.43.49.0.46.29.xover.mutate.done 50
 generation 46.79.74.73.72.74.74.75.74.67.72.35.47.34.1.1.1.13.13.2.4.2.1.8.2.8.64.36.6.23.51.30.21.51.32.14.49.2.1.7.55.35.2.51.79.1.41.51.41.33.2.xover.mutate.done 50
 generation 47.87.79.79.82.79.79.76.82.83.79.62.78.6.42.23.9.1.1.0.15.1.1.5.50.54.50.43.18.6.1.20.1.22.1.16.37.48.68.1.1.50.0.52.83.50.50.76.50.45.23.xover.mutate.done 50
 generation 48.92.80.80.80.86.80.78.78.78.82.49.19.67.52.6.49.66.26.51.6.56.9.17.52.23.26.18.52.15.2.6.4.50.30.55.52.2.4.2.2.2.31.9.4.4.4.23.52.11.4.xover.mutate.done 50
 generation 49.88.80.79.83.78.79.84.78.80.80.64.50.27.31.52.0.5.76.32.50.31.17.29.2.35.2.22.41.3.0.11.63.58.0.65.9.3.25.5.50.2.16.52.2.20.2.41.65.9.46.xover.mutate.done 50
 35760340 iters     724999 iter/sec (49.32 s)
 total time: 49.32
