% Ministry of Cellular Automata
% Project Deux (CS523 Spring 2015)
% Version:v0.1-66-g3e0f-dirty
%  pop:50
%  ic count:100
%  CA Log option:r3/run36
%  width:121
%  max workers:4
%  radius:3
%  iterations:300
%  generations:50

 generation 0.50.2.2.0.2.2.2.2.0.2.2.16.50.2.50.30.2.0.2.2.2.2.50.50.2.0.2.0.2.2.2.2.2.2.15.50.2.2.2.50.2.2.50.2.50.2.2.2.50.49.xover.mutate.done 50
 generation 1.50.50.50.50.50.50.50.50.50.50.5.50.50.44.50.1.2.50.51.50.2.1.2.51.52.50.2.50.1.11.51.5.50.1.8.50.41.2.47.50.50.4.1.50.1.50.2.2.50.1.xover.mutate.done 50
 generation 2.48.50.50.51.50.50.50.50.50.50.51.50.0.1.0.1.1.50.50.50.50.0.1.1.32.50.1.50.0.20.1.50.50.0.0.50.1.50.51.50.51.1.0.0.50.48.50.1.1.50.xover.mutate.done 50
 generation 3.51.51.51.51.51.51.50.50.50.50.2.1.2.2.50.43.1.50.50.51.1.1.50.1.50.2.1.6.50.51.1.2.10.2.7.51.1.51.8.46.50.51.50.1.50.50.51.51.51.51.xover.mutate.done 50
 generation 4.51.51.51.51.50.50.51.50.51.50.1.0.0.50.50.50.1.36.51.1.50.15.1.1.10.1.1.0.1.50.1.1.50.4.1.6.50.4.4.1.1.39.51.51.9.1.1.50.1.50.xover.mutate.done 50
 generation 5.51.51.51.51.51.51.51.51.51.51.47.1.51.1.1.51.2.2.51.1.51.33.2.1.1.51.7.2.51.1.51.2.50.2.2.40.50.2.51.3.2.51.1.1.17.51.2.44.21.21.xover.mutate.done 50
 generation 6.51.51.51.51.51.51.51.51.51.51.51.2.2.45.51.2.2.1.51.51.2.51.1.2.1.48.9.2.51.51.2.8.51.50.2.1.2.2.44.1.2.51.51.5.2.2.51.50.1.50.xover.mutate.done 50
 generation 7.52.52.52.52.52.52.52.52.52.50.2.43.2.2.2.52.10.50.10.2.2.5.10.52.2.52.2.2.52.2.2.52.0.52.50.52.50.52.2.50.52.2.52.50.2.46.2.52.52.18.xover.mutate.done 50
 generation 8.51.51.51.51.51.51.51.51.51.51.3.15.3.51.16.32.50.8.51.51.51.3.13.8.6.50.20.50.3.3.26.50.51.27.7.7.51.7.14.51.51.51.3.3.51.3.3.27.25.3.xover.mutate.done 50
 generation 9.51.51.51.51.51.51.51.51.51.51.2.51.2.51.51.50.2.51.2.51.51.51.12.42.51.6.2.2.18.2.51.4.2.51.40.45.2.2.51.8.50.51.51.51.2.51.51.2.2.1.xover.mutate.done 50
 generation 10.52.52.52.52.52.52.52.52.52.52.2.28.52.2.52.46.2.52.52.52.50.52.0.52.10.7.52.14.52.52.52.52.2.2.11.2.2.50.2.52.8.52.40.52.52.52.52.11.52.28.xover.mutate.done 50
 generation 11.50.50.50.50.50.50.50.50.50.50.49.48.41.48.50.0.0.50.0.50.50.50.50.50.0.50.49.32.50.50.24.0.50.50.50.1.1.50.0.50.0.1.0.49.50.28.0.8.41.0.xover.mutate.done 50
 generation 12.51.51.51.51.51.51.51.51.51.51.1.51.1.51.51.50.51.51.51.50.1.1.51.51.1.1.51.1.50.51.1.9.46.51.51.1.51.51.1.1.50.51.51.51.16.14.40.51.51.1.xover.mutate.done 50
 generation 13.50.50.50.50.50.50.50.50.50.50.2.2.2.2.50.2.2.3.50.50.50.50.21.2.50.6.50.50.50.2.12.50.50.2.2.50.2.46.50.50.50.50.28.50.50.2.50.6.50.0.xover.mutate.done 50
 generation 14.50.50.50.50.50.50.50.50.50.50.2.50.2.2.2.2.2.50.50.50.50.50.50.2.2.50.50.17.2.2.50.50.2.50.50.0.50.50.50.2.50.49.2.25.2.2.50.0.50.2.xover.mutate.done 50
 generation 15.51.51.51.51.51.51.51.51.51.51.51.51.1.51.1.1.1.50.51.51.51.0.51.1.1.51.1.50.51.51.51.12.51.51.1.1.51.51.1.51.50.0.1.51.1.1.51.1.51.1.xover.mutate.done 50
 generation 16.50.50.50.50.50.50.50.50.50.50.1.50.33.1.50.50.50.1.50.1.50.12.50.50.2.14.50.50.50.50.1.1.47.0.50.50.0.1.1.1.0.50.50.50.50.50.50.1.49.1.xover.mutate.done 50
 generation 17.53.53.53.53.53.53.53.53.53.53.3.53.3.3.3.3.53.53.3.53.3.53.53.3.53.3.53.3.53.3.53.53.53.53.3.53.53.53.53.53.53.53.18.53.3.53.3.41.3.15.xover.mutate.done 50
 generation 18.51.51.51.51.51.51.51.51.51.51.48.51.51.0.51.19.51.51.51.8.14.45.51.51.8.1.51.51.51.25.51.51.51.51.1.1.1.1.51.7.51.51.51.51.51.51.1.51.51.51.xover.mutate.done 50
 generation 19.51.51.51.51.51.51.51.51.51.51.51.51.32.13.42.1.1.51.1.12.1.51.1.51.51.1.1.41.1.51.1.51.51.51.51.51.51.51.51.51.51.18.51.1.10.2.1.51.1.51.xover.mutate.done 50
 generation 20.50.50.50.50.50.50.50.50.50.50.50.50.25.1.50.1.1.1.18.9.50.50.1.50.50.49.35.50.50.1.50.50.0.50.50.1.50.50.50.50.50.50.43.50.50.0.35.50.50.23.xover.mutate.done 50
 generation 21.51.51.51.51.51.51.51.51.51.51.11.51.51.2.51.51.2.51.2.51.11.1.2.2.51.51.51.13.51.45.21.51.51.29.51.2.2.51.51.12.12.51.51.2.2.2.51.51.2.2.xover.mutate.done 50
 generation 22.50.50.50.50.50.50.50.50.50.50.0.50.0.12.0.50.50.0.50.45.46.50.0.50.0.50.50.0.0.0.50.10.0.50.50.0.0.0.47.50.50.45.0.28.50.0.0.50.45.0.xover.mutate.done 50
 generation 23.51.51.51.51.51.51.51.51.51.51.51.1.10.51.51.37.51.51.51.11.51.51.51.1.51.1.51.20.51.1.51.51.51.50.1.1.1.51.51.51.1.1.12.47.1.14.51.1.1.1.xover.mutate.done 50
 generation 24.50.50.50.50.50.50.50.50.50.50.50.50.50.50.50.1.50.1.50.1.50.50.0.50.50.50.50.44.1.50.50.44.50.50.50.1.50.50.43.50.39.50.50.1.1.50.50.50.50.50.xover.mutate.done 50
 generation 25.53.53.53.53.53.53.53.53.53.53.4.53.4.53.4.48.53.8.4.53.4.53.53.53.1.53.4.5.53.53.4.4.53.4.4.4.4.4.8.19.4.53.5.53.53.53.53.4.24.53.xover.mutate.done 50
 generation 26.50.50.50.50.50.50.50.50.50.50.50.50.0.0.0.0.0.50.6.0.0.50.50.6.50.0.7.0.16.0.0.0.50.50.0.50.50.50.11.0.50.6.0.5.50.9.50.48.50.50.xover.mutate.done 50
 generation 27.51.51.51.51.51.51.51.51.51.51.2.51.2.50.2.2.21.27.51.2.6.7.1.50.10.2.12.51.36.51.9.51.50.2.2.51.51.2.2.51.51.18.2.51.8.1.2.11.2.3.xover.mutate.done 50
 generation 28.52.52.52.52.52.52.52.52.52.52.50.52.52.49.52.43.32.52.0.2.52.2.8.2.2.52.52.52.2.12.17.2.2.52.2.50.52.2.2.7.20.52.52.2.2.52.52.16.52.52.xover.mutate.done 50
 generation 29.51.51.51.51.51.51.51.51.51.51.0.51.40.11.51.1.1.51.31.51.24.50.1.1.1.51.1.1.1.51.2.51.18.25.51.51.51.51.1.51.45.1.51.51.51.1.51.8.50.51.xover.mutate.done 50
 generation 30.50.50.50.50.50.50.50.50.50.50.4.50.50.50.50.0.50.4.50.50.0.0.50.0.50.0.32.50.9.0.0.0.50.50.0.50.0.50.50.0.50.17.50.0.18.0.50.50.37.50.xover.mutate.done 50
 generation 31.52.52.52.52.52.52.52.52.52.52.4.4.52.4.52.52.52.52.52.52.52.52.52.52.45.52.19.4.52.52.4.52.52.52.52.4.52.52.52.21.52.52.52.52.4.42.52.52.52.40.xover.mutate.done 50
 generation 32.51.51.51.51.51.51.51.51.51.51.32.51.51.51.51.51.51.51.51.23.51.51.51.51.4.4.4.51.47.1.51.51.51.51.51.51.51.51.19.51.51.51.43.51.51.4.51.51.4.50.xover.mutate.done 50
 generation 33.50.50.50.50.50.50.50.50.50.50.0.0.50.50.22.50.50.50.50.50.0.50.50.0.50.0.0.0.50.50.10.49.50.50.0.50.0.0.15.50.50.0.50.50.0.0.46.34.50.0.xover.mutate.done 50
 generation 34.50.50.50.50.50.50.50.50.50.50.0.50.50.0.20.0.50.47.0.50.10.0.0.50.0.0.1.50.50.50.50.0.0.50.50.50.0.0.0.0.44.0.3.50.50.0.50.0.50.50.xover.mutate.done 50
 generation 35.51.51.51.51.51.51.51.51.51.51.51.4.51.51.4.51.4.18.4.4.4.4.48.51.4.51.51.4.51.1.4.51.51.51.4.51.51.4.1.50.3.4.33.6.4.4.4.1.51.51.xover.mutate.done 50
 generation 36.50.50.50.50.50.50.50.50.50.50.7.50.3.50.2.50.50.50.50.50.50.50.50.50.2.2.50.3.2.12.2.2.2.50.2.45.2.2.2.41.22.50.50.2.2.2.2.16.11.2.xover.mutate.done 50
 generation 37.51.51.51.51.51.51.51.51.51.51.16.1.1.51.50.1.51.1.51.51.51.51.1.8.51.2.1.1.14.1.51.51.1.3.1.7.8.47.1.13.51.50.51.51.7.1.51.16.51.8.xover.mutate.done 50
 generation 38.50.50.50.50.50.50.50.50.50.50.1.1.50.10.50.50.0.50.50.30.50.16.19.50.50.50.50.45.50.1.1.50.50.50.50.18.50.1.50.9.44.2.0.35.0.2.10.1.1.50.xover.mutate.done 50
 generation 39.50.50.50.50.50.50.50.50.50.50.20.2.50.50.2.50.20.2.50.50.50.2.24.2.2.50.12.50.10.2.2.50.2.2.2.39.13.49.45.2.2.50.50.2.50.50.50.50.21.13.xover.mutate.done 50
 generation 40.50.50.50.50.50.50.50.50.50.50.50.50.10.2.0.50.50.50.50.50.2.10.50.2.2.11.2.2.50.2.50.11.28.50.50.25.50.2.8.50.2.41.50.2.2.0.50.2.2.50.xover.mutate.done 50
 generation 41.52.52.52.52.52.52.52.52.52.52.4.42.52.4.51.52.17.4.52.4.4.4.9.4.52.52.4.52.52.2.4.52.52.52.52.51.4.4.12.52.52.50.52.47.52.52.50.4.4.52.xover.mutate.done 50
 generation 42.51.51.51.51.51.51.51.51.51.51.2.51.51.2.51.11.49.2.51.51.51.18.51.51.1.51.51.1.51.51.2.51.51.51.1.12.16.2.2.51.51.51.2.51.1.51.2.2.51.51.xover.mutate.done 50
 generation 43.50.50.50.50.50.50.50.50.50.50.50.3.48.14.50.3.3.50.3.50.50.10.50.50.50.10.3.47.19.3.3.3.50.16.3.50.50.3.3.3.40.50.14.50.12.3.50.50.3.3.xover.mutate.done 50
 generation 44.50.50.50.50.50.50.50.50.50.50.50.0.0.0.50.0.0.50.0.0.8.8.0.50.0.0.50.50.0.50.0.18.50.50.0.50.50.50.50.0.8.50.50.8.0.40.50.50.50.0.xover.mutate.done 50
 generation 45.53.53.53.53.53.53.53.53.53.53.7.7.46.7.4.11.53.53.14.53.53.20.7.53.53.7.19.11.53.50.7.19.53.7.16.7.7.7.53.7.14.20.38.7.53.53.12.12.11.53.xover.mutate.done 50
 generation 46.51.51.51.51.51.51.51.51.51.51.51.51.51.28.51.2.2.51.24.50.1.1.51.51.2.1.51.51.2.12.2.51.51.31.51.2.2.10.2.2.2.7.9.51.51.51.2.2.51.2.xover.mutate.done 50
 generation 47.51.51.51.51.51.51.51.51.51.51.51.43.1.51.1.1.1.1.51.16.1.51.51.8.51.51.51.34.1.51.1.1.1.14.51.51.51.1.1.1.1.51.1.51.1.1.17.32.1.1.xover.mutate.done 50
 generation 48.50.50.50.50.50.50.50.50.50.50.0.50.50.50.1.7.50.1.1.22.15.1.1.24.50.3.1.2.50.50.50.1.1.50.1.1.50.1.48.50.1.50.6.15.1.50.50.50.1.50.xover.mutate.done 50
 generation 49.51.51.51.51.51.51.51.51.51.51.51.51.51.0.14.50.1.0.51.20.51.1.51.51.1.51.41.33.51.17.39.18.1.1.0.1.51.35.47.51.1.25.51.51.51.51.5.0.1.51.xover.mutate.done 50
 25453373 iters     694735 iter/sec (36.64 s)
 total time: 36.64
