50 50 50 50 50 50 50 50 50 4 3 1 0 0 0 0 0 0 0 0 0 0 0 0 0 0 0 0 0 0 0 0 0 0 0 0 0 0 0 0 0 0 0 0 0 0 0 0 0 0 
50 50 50 50 50 50 50 50 50 50 50 50 50 20 11 10 8 8 7 5 4 3 2 1 1 1 1 1 1 1 1 1 1 1 1 1 1 1 1 1 0 0 0 0 0 0 0 0 0 0 
50 50 50 50 50 50 50 50 50 50 50 50 50 50 44 31 22 19 16 15 10 10 10 9 7 4 0 0 0 0 0 0 0 0 0 0 0 0 0 0 0 0 0 0 0 0 0 0 0 0 
56 51 50 50 50 50 50 50 50 50 50 50 50 50 50 50 38 29 17 14 11 4 1 1 1 1 1 1 1 1 1 1 1 1 1 1 1 1 1 1 1 1 1 0 0 0 0 0 0 0 
56 51 51 51 51 50 50 50 50 50 50 50 50 50 50 50 50 50 50 50 50 50 50 50 50 45 42 36 28 18 15 10 9 6 1 1 1 1 1 1 1 0 0 0 0 0 0 0 0 0 
60 54 54 54 54 53 53 53 53 53 53 53 50 50 50 50 50 50 50 50 50 50 50 48 48 46 37 15 12 12 7 7 7 7 7 7 7 7 4 4 4 4 4 4 4 4 4 4 4 3 
60 53 53 53 53 53 53 53 53 53 51 51 51 51 51 50 50 50 50 50 45 39 35 11 4 4 4 4 4 4 4 4 4 4 4 4 4 3 3 3 3 3 1 1 1 1 1 1 1 1 
57 51 51 51 51 51 51 51 51 51 51 51 51 51 51 51 51 51 51 51 51 50 50 50 50 50 43 42 16 11 5 5 5 4 2 2 2 2 2 2 2 1 1 1 1 1 1 1 1 1 
55 52 52 52 52 52 52 52 52 52 52 52 52 52 52 52 52 52 52 52 50 50 50 47 46 28 19 19 18 13 11 11 7 6 5 3 3 3 3 3 3 3 3 3 3 3 3 3 3 3 
61 52 52 52 52 52 52 52 52 52 52 52 52 52 52 52 52 52 52 52 52 51 51 51 50 49 49 45 34 28 28 24 20 15 8 6 6 4 4 4 4 4 4 4 4 4 4 4 4 4 
59 53 53 53 53 53 53 53 53 53 53 53 53 53 53 53 53 53 53 53 53 53 53 53 53 53 52 51 50 50 48 42 41 40 38 30 28 25 15 4 4 4 4 4 4 4 2 1 1 1 
57 50 50 50 50 50 50 50 50 50 50 50 50 50 50 50 50 50 50 50 49 49 39 39 36 36 33 30 29 22 17 1 1 1 1 1 1 1 1 1 1 1 1 1 1 1 1 1 1 1 
51 50 50 50 50 50 50 50 50 50 50 50 50 50 50 50 50 50 50 50 50 50 50 50 50 50 50 48 46 45 37 27 25 23 17 12 8 7 6 6 2 2 2 2 2 2 2 2 2 0 
54 50 50 50 50 50 50 50 50 50 50 50 50 50 50 50 50 50 50 50 50 50 49 46 46 45 43 41 40 38 37 37 34 26 21 19 9 5 1 1 0 0 0 0 0 0 0 0 0 0 
61 50 50 50 50 50 50 50 50 50 50 50 50 50 50 50 50 50 50 50 50 50 49 49 45 40 31 21 17 10 7 4 4 1 1 1 1 1 1 1 1 1 1 1 1 1 0 0 0 0 
61 52 52 52 52 52 52 52 52 52 52 52 52 52 52 52 52 52 52 52 50 43 42 41 39 39 22 17 14 12 12 8 5 5 5 3 3 3 3 3 3 3 3 3 3 3 3 3 3 1 
57 50 50 50 50 50 50 50 50 50 50 50 50 50 50 50 50 50 50 50 50 50 50 50 44 41 27 23 9 6 2 0 0 0 0 0 0 0 0 0 0 0 0 0 0 0 0 0 0 0 
54 50 50 50 50 50 50 50 50 50 50 50 50 50 50 50 50 50 50 50 42 31 29 28 25 15 6 6 0 0 0 0 0 0 0 0 0 0 0 0 0 0 0 0 0 0 0 0 0 0 
60 50 50 50 50 50 50 50 50 50 50 50 50 50 50 50 49 45 39 36 27 15 14 11 10 9 5 4 0 0 0 0 0 0 0 0 0 0 0 0 0 0 0 0 0 0 0 0 0 0 
58 52 52 52 52 52 52 52 52 52 52 52 52 52 52 52 52 52 52 52 46 45 44 41 34 31 30 29 28 28 19 19 17 15 12 10 9 6 2 2 2 2 2 2 2 2 2 2 2 0 
55 51 51 51 51 51 51 51 51 51 51 51 51 51 51 51 51 49 49 43 41 29 22 20 17 11 9 9 3 2 2 2 2 2 2 2 2 2 2 2 2 2 2 2 2 2 2 1 1 1 
56 51 50 50 50 50 50 50 50 50 50 50 50 50 50 50 50 50 50 50 50 48 48 47 46 46 42 42 41 39 22 21 19 11 9 7 3 3 0 0 0 0 0 0 0 0 0 0 0 0 
63 58 50 50 50 50 50 50 50 50 50 50 50 50 50 50 50 50 49 48 44 41 33 32 31 30 30 27 18 14 12 5 2 0 0 0 0 0 0 0 0 0 0 0 0 0 0 0 0 0 
64 62 60 52 52 52 52 52 52 52 52 52 52 52 52 52 52 52 51 49 46 40 36 34 33 29 28 28 26 21 14 13 13 9 7 6 6 6 5 4 4 4 4 4 4 4 4 2 2 2 
67 67 56 51 51 51 51 51 51 51 51 51 51 51 51 51 51 51 51 51 42 41 40 37 32 32 31 30 24 23 23 20 20 16 16 15 14 10 6 3 2 2 2 2 2 2 2 2 2 1 
68 62 57 56 56 50 50 50 50 50 50 50 50 50 50 50 50 50 50 50 50 50 50 50 50 50 50 50 50 47 47 46 40 39 32 32 29 26 14 3 2 2 2 2 2 2 2 2 2 0 
66 61 59 57 57 51 51 51 51 51 51 51 51 51 51 51 51 51 51 51 51 51 51 50 50 49 49 43 42 40 40 38 34 27 25 24 21 16 9 5 5 2 2 2 2 2 2 2 2 1 
59 57 56 55 53 51 51 51 51 51 51 51 51 51 49 47 44 37 37 35 32 31 28 11 9 8 8 7 6 5 3 3 3 3 3 3 3 3 3 3 3 3 3 3 3 2 2 2 2 1 
61 61 59 59 53 53 53 53 53 53 53 53 53 53 52 52 48 43 40 37 34 33 31 30 15 14 14 12 11 10 8 7 3 3 3 3 3 3 3 3 3 3 3 3 3 3 3 3 3 0 
67 64 64 61 57 50 50 50 50 50 50 50 50 50 50 50 50 50 50 49 49 46 45 42 41 38 38 37 35 34 27 26 24 19 15 9 8 7 7 6 0 0 0 0 0 0 0 0 0 0 
71 67 61 59 57 56 55 54 52 52 52 52 52 52 52 52 52 52 52 52 52 52 52 51 48 45 44 43 43 42 42 38 36 36 33 24 24 23 22 21 21 17 12 4 2 2 2 2 2 0 
65 63 59 57 56 54 52 52 51 51 51 50 50 50 50 50 50 50 50 50 50 50 50 50 50 50 50 50 50 49 47 47 46 46 42 41 39 36 34 32 28 25 12 10 9 0 0 0 0 0 
79 73 73 71 69 69 69 69 69 67 61 60 59 57 57 56 53 51 50 50 50 50 50 50 50 50 50 50 49 46 44 37 34 34 32 24 13 13 12 12 11 10 9 7 0 0 0 0 0 0 
76 72 72 69 67 66 65 65 62 62 61 60 59 57 57 57 57 56 56 55 55 55 54 52 50 50 50 50 49 48 47 43 43 35 35 34 33 33 32 31 29 28 24 22 22 21 8 3 3 3 
82 79 76 74 74 71 70 70 70 69 67 67 64 64 63 61 59 59 56 56 56 55 51 51 50 50 50 49 45 43 40 40 39 37 36 35 32 30 28 28 27 26 14 10 1 1 1 1 1 0 
84 84 77 77 76 75 72 70 69 68 67 65 65 65 63 57 57 52 52 50 50 50 49 49 49 48 48 47 44 42 40 38 37 36 32 32 31 30 25 23 23 23 22 16 14 13 6 2 0 0 
78 74 73 72 71 70 70 69 66 65 64 64 63 62 61 51 50 50 50 50 50 50 46 45 44 43 43 39 38 31 28 27 24 23 22 21 20 19 18 17 13 13 11 6 5 0 0 0 0 0 
81 78 77 75 74 74 72 72 71 69 69 67 66 66 65 58 53 52 51 50 50 50 50 50 50 49 47 44 41 36 35 33 31 24 24 17 17 17 14 13 9 6 5 3 2 2 2 2 2 2 
80 74 73 72 71 71 68 68 66 64 63 63 59 58 51 51 51 50 50 50 49 49 48 48 42 40 38 38 37 36 34 32 27 26 25 22 21 18 18 14 12 10 10 7 5 5 5 5 5 1 
77 76 73 72 71 70 69 69 67 66 64 64 63 55 54 54 51 51 51 51 50 50 35 31 30 28 27 26 25 25 23 23 21 16 16 15 14 13 12 11 8 6 5 3 3 3 2 2 2 1 
82 80 79 77 73 71 71 69 69 69 69 68 68 66 63 62 58 57 55 52 52 52 52 51 50 50 40 40 40 39 34 32 32 26 24 23 21 20 19 17 15 15 12 12 10 8 7 6 2 2 
85 81 81 80 79 77 74 74 71 70 70 70 69 68 65 61 60 56 54 52 51 51 50 50 50 50 49 48 47 47 46 46 46 33 31 28 26 23 23 15 14 13 10 9 9 1 1 1 0 0 
87 81 81 80 80 79 78 77 72 71 71 70 69 69 68 68 62 61 61 54 54 53 51 51 50 50 50 49 48 41 38 38 34 34 34 32 30 28 26 24 19 18 18 15 8 1 1 1 1 1 
88 83 82 81 80 80 80 76 76 74 73 73 63 58 58 57 55 52 50 50 49 47 46 45 45 44 42 41 38 35 35 34 34 26 26 24 22 21 16 15 14 13 11 11 5 5 2 2 2 0 
90 87 81 81 81 81 81 81 80 78 78 77 75 69 69 65 58 53 52 51 51 51 50 50 50 50 48 47 45 42 41 39 37 36 34 19 12 11 9 8 7 5 3 3 3 3 3 3 3 1 
90 81 80 79 79 79 79 78 73 71 71 66 62 55 55 51 50 50 49 48 46 43 41 35 30 29 29 28 22 22 14 11 9 9 7 6 5 5 5 2 1 1 1 1 1 1 1 1 1 0 
79 79 75 74 74 74 74 73 72 72 67 64 55 51 51 51 51 49 47 41 41 36 35 35 34 33 32 30 23 21 14 13 13 8 8 7 6 4 2 2 2 2 2 2 1 1 1 1 1 1 
87 83 83 82 82 79 79 79 79 79 78 76 76 68 62 54 52 50 50 50 50 50 50 48 45 43 42 37 23 23 22 20 18 16 15 9 6 6 5 1 1 1 1 1 1 1 1 1 0 0 
92 86 82 80 80 80 80 78 78 78 67 66 56 55 52 52 52 52 52 51 50 49 49 31 30 26 26 23 23 19 18 17 15 11 9 9 6 6 6 4 4 4 4 4 4 2 2 2 2 2 
88 84 83 80 80 80 79 79 78 78 76 65 65 64 63 58 52 52 50 50 50 46 41 41 35 32 31 31 29 27 25 22 20 17 16 11 9 9 5 5 3 3 2 2 2 2 2 0 0 0 
