0.9765625 0.203125 0.03125 0.3203125 0.1484375 0.625 0.796875 0.8515625 0.46875 0.046875 
0.9765625 0.03125 0.8515625 0.046875 0.15625 0.09375 0.0234375 0.078125 0.0 0.8515625 
0.96875 0.7734375 0.9765625 0.03125 0.8515625 0.046875 0.15625 0.09375 0.0234375 0.078125 
0.484375 0.9296875 0.1875 0.0546875 0.96875 0.7734375 0.9765625 0.03125 0.8515625 0.046875 
0.3359375 0.484375 0.9296875 0.328125 0.1875 0.0546875 0.1953125 0.96875 0.7734375 0.9765625 
0.3359375 0.484375 0.328125 0.3515625 0.9296875 0.1875 0.0546875 0.1953125 0.3125 0.1953125 
0.3359375 0.359375 0.484375 0.9296875 0.328125 0.3515625 0.1875 0.0546875 0.1953125 0.3125 
0.3359375 0.359375 0.484375 0.9296875 0.328125 0.3515625 0.3515625 0.75 0.890625 0.3671875 
0.3359375 0.359375 0.484375 0.9296875 0.375 0.3515625 0.328125 0.3515625 0.3671875 0.75 
0.3359375 0.359375 0.3984375 0.484375 0.375 0.3671875 0.390625 0.3515625 0.328125 0.3515625 
0.3359375 0.359375 0.3984375 0.421875 0.484375 0.40625 0.390625 0.375 0.390625 0.3515625 
0.3359375 0.359375 0.421875 0.484375 0.3984375 0.40625 0.40625 0.40625 0.421875 0.390625 
0.3359375 0.359375 0.4296875 0.484375 0.421875 0.3984375 0.40625 0.40625 0.40625 0.40625 
0.3359375 0.359375 0.359375 0.4296875 0.484375 0.421875 0.3984375 0.4140625 0.40625 0.40625 
0.390625 0.3359375 0.359375 0.359375 0.3515625 0.375 0.4296875 0.484375 0.421875 0.3984375 
0.390625 0.375 0.3984375 0.3359375 0.359375 0.359375 0.3515625 0.359375 0.4296875 0.359375 
0.3828125 0.40625 0.3984375 0.390625 0.4921875 0.3515625 0.3359375 0.359375 0.359375 0.3515625 
0.3828125 0.3984375 0.3515625 0.40625 0.4921875 0.390625 0.3359375 0.3515625 0.359375 0.359375 
0.3828125 0.40625 0.390625 0.3515625 0.3984375 0.390625 0.421875 0.4921875 0.3359375 0.3515625 
0.3828125 0.40625 0.3515625 0.390625 0.3984375 0.390625 0.4296875 0.3359375 0.421875 0.3984375 
0.3828125 0.40625 0.4296875 0.3515625 0.421875 0.3984375 0.3984375 0.390625 0.390625 0.390625 
0.3515625 0.4296875 0.390625 0.4140625 0.4140625 0.4140625 0.3828125 0.3984375 0.3984375 0.390625 
0.3828125 0.3515625 0.4140625 0.4140625 0.4140625 0.40625 0.3984375 0.390625 0.3984375 0.3984375 
0.4140625 0.4140625 0.4140625 0.40625 0.421875 0.421875 0.3828125 0.390625 0.3984375 0.3984375 
0.421875 0.4140625 0.4140625 0.40625 0.421875 0.3828125 0.4140625 0.3984375 0.3984375 0.390625 
0.40625 0.3828125 0.421875 0.4140625 0.4140625 0.421875 0.4140625 0.4140625 0.421875 0.3984375 
0.421875 0.421875 0.3828125 0.421875 0.4375 0.4296875 0.40625 0.4140625 0.4140625 0.421875 
0.4296875 0.421875 0.421875 0.3828125 0.421875 0.40625 0.3828125 0.4296875 0.4375 0.4296875 
0.3828125 0.3828125 0.421875 0.40625 0.40625 0.4296875 0.421875 0.421875 0.4296875 0.4375 
0.4296875 0.4296875 0.421875 0.40625 0.40625 0.421875 0.4375 0.40625 0.4375 0.3828125 
0.4375 0.4375 0.421875 0.40625 0.40625 0.4140625 0.4296875 0.40625 0.4296875 0.4296875 
0.4140625 0.4296875 0.421875 0.40625 0.40625 0.4296875 0.4375 0.4375 0.40625 0.421875 
0.4296875 0.421875 0.40625 0.4296875 0.421875 0.4375 0.453125 0.40625 0.40625 0.4375 
0.421875 0.3984375 0.421875 0.40625 0.4296875 0.40625 0.453125 0.421875 0.4296875 0.4375 
0.421875 0.40625 0.40625 0.4296875 0.4296875 0.4375 0.421875 0.3984375 0.4375 0.3984375 
0.4375 0.421875 0.40625 0.4375 0.421875 0.453125 0.40625 0.4296875 0.4296875 0.3984375 
0.4375 0.421875 0.4296875 0.421875 0.40625 0.4375 0.453125 0.40625 0.4296875 0.3984375 
0.4375 0.4375 0.421875 0.453125 0.40625 0.3984375 0.4296875 0.4296875 0.421875 0.40625 
0.453125 0.4375 0.421875 0.4296875 0.421875 0.40625 0.4140625 0.4375 0.3984375 0.4296875 
0.421875 0.421875 0.40625 0.453125 0.4375 0.3984375 0.4296875 0.4296875 0.4375 0.4375 
0.4296875 0.4375 0.3984375 0.4375 0.4140625 0.421875 0.40625 0.453125 0.4296875 0.4296875 
0.4375 0.421875 0.40625 0.3984375 0.4375 0.4140625 0.4296875 0.4296875 0.421875 0.40625 
0.4375 0.421875 0.40625 0.4296875 0.40625 0.4140625 0.3984375 0.4296875 0.4375 0.4140625 
0.3984375 0.4375 0.40625 0.421875 0.40625 0.40625 0.4140625 0.4296875 0.4140625 0.4140625 
0.4375 0.421875 0.3984375 0.40625 0.4140625 0.4140625 0.421875 0.4140625 0.4140625 0.421875 
0.4140625 0.4140625 0.421875 0.4140625 0.4140625 0.3984375 0.40625 0.421875 0.40625 0.4375 
0.4140625 0.4140625 0.421875 0.4140625 0.4140625 0.421875 0.421875 0.3984375 0.40625 0.40625 
0.40625 0.3984375 0.40625 0.4140625 0.4140625 0.4140625 0.4140625 0.421875 0.421875 0.421875 
0.40625 0.4140625 0.4140625 0.4140625 0.4140625 0.421875 0.4140625 0.40625 0.3984375 0.421875 
0.4140625 0.4140625 0.4140625 0.4140625 0.4140625 0.40625 0.3984375 0.421875 0.40625 0.421875 
