0.4375 0.40625 0.7421875 0.9296875 0.4921875 0.6015625 0.3828125 0.375 0.640625 0.6484375 
0.9296875 0.109375 0.9296875 0.015625 0.1953125 0.796875 0.984375 0.4375 0.40625 0.7421875 
0.9296875 0.109375 0.9296875 0.015625 0.1953125 0.671875 0.9296875 0.9296875 0.8671875 0.796875 
0.21875 0.9296875 0.109375 0.9296875 0.015625 0.1953125 0.671875 0.9296875 0.9296875 0.8671875 
0.21875 0.09375 0.9296875 0.109375 0.9296875 0.015625 0.1953125 0.671875 0.9296875 0.9296875 
0.53125 0.5078125 0.21875 0.09375 0.671875 0.2578125 0.796875 0.09375 0.9296875 0.109375 
0.53125 0.5078125 0.53125 0.21875 0.421875 0.09375 0.2578125 0.09375 0.125 0.421875 
0.53125 0.5078125 0.21875 0.53125 0.421875 0.4140625 0.09375 0.2578125 0.09375 0.125 
0.53125 0.5078125 0.46875 0.5234375 0.53125 0.421875 0.21875 0.4140625 0.671875 0.6796875 
0.53125 0.5078125 0.46875 0.53125 0.21875 0.5234375 0.421875 0.4140625 0.671875 0.6796875 
0.53125 0.5234375 0.5078125 0.46875 0.5234375 0.5234375 0.53125 0.21875 0.421875 0.4140625 
0.5234375 0.53125 0.5078125 0.484375 0.46875 0.53125 0.5234375 0.5234375 0.515625 0.53125 
0.5234375 0.5234375 0.53125 0.5078125 0.4765625 0.484375 0.46875 0.5234375 0.515625 0.53125 
0.5234375 0.5234375 0.53125 0.5078125 0.46875 0.5234375 0.46875 0.4765625 0.484375 0.515625 
0.53125 0.5234375 0.5234375 0.5234375 0.5234375 0.5078125 0.46875 0.4765625 0.4765625 0.4765625 
0.5390625 0.4765625 0.5234375 0.5234375 0.5234375 0.53125 0.5234375 0.5078125 0.4921875 0.515625 
0.4765625 0.4921875 0.53125 0.5390625 0.5234375 0.5234375 0.5234375 0.53125 0.5234375 0.53125 
0.53125 0.5390625 0.5390625 0.5390625 0.4921875 0.5234375 0.5234375 0.5234375 0.53125 0.53125 
0.53125 0.5390625 0.5625 0.5390625 0.5390625 0.5234375 0.5234375 0.5234375 0.53125 0.53125 
0.5625 0.5390625 0.5390625 0.5234375 0.5390625 0.53125 0.5234375 0.5234375 0.5625 0.5234375 
0.5390625 0.5625 0.5703125 0.5390625 0.5390625 0.5625 0.5390625 0.5546875 0.53125 0.5390625 
0.5625 0.5390625 0.5390625 0.5390625 0.5390625 0.53125 0.5625 0.5546875 0.5703125 0.5390625 
0.5625 0.5390625 0.5625 0.5625 0.53125 0.5390625 0.5390625 0.5390625 0.5390625 0.5625 
0.5625 0.5390625 0.5625 0.5625 0.5390625 0.5390625 0.5390625 0.5390625 0.53125 0.5234375 
0.5625 0.5390625 0.5625 0.5625 0.5625 0.5390625 0.5390625 0.5390625 0.5390625 0.53125 
0.5625 0.5625 0.5625 0.5625 0.5390625 0.5390625 0.5390625 0.5390625 0.53125 0.546875 
0.5625 0.5625 0.546875 0.5390625 0.5390625 0.5390625 0.5390625 0.53125 0.5390625 0.5625 
0.5625 0.5625 0.5390625 0.5390625 0.5390625 0.53125 0.5625 0.5390625 0.5390625 0.5625 
0.5703125 0.5625 0.5625 0.5625 0.5625 0.546875 0.5390625 0.5390625 0.5390625 0.53125 
0.5625 0.5625 0.5703125 0.5625 0.5625 0.546875 0.5390625 0.5390625 0.5390625 0.5390625 
0.5625 0.5859375 0.5625 0.5625 0.5703125 0.5625 0.5390625 0.5390625 0.5390625 0.5390625 
0.5625 0.5859375 0.5625 0.5703125 0.5625 0.5390625 0.5390625 0.5390625 0.5390625 0.5390625 
0.5625 0.5859375 0.5625 0.5625 0.5390625 0.5390625 0.5390625 0.5390625 0.5390625 0.5546875 
0.5625 0.5546875 0.5625 0.5625 0.5859375 0.5390625 0.5390625 0.5390625 0.5390625 0.5390625 
0.5546875 0.5625 0.5625 0.5625 0.5859375 0.5390625 0.5390625 0.5390625 0.5390625 0.5390625 
0.5859375 0.5546875 0.5625 0.5625 0.5625 0.5390625 0.5390625 0.5390625 0.5390625 0.5390625 
0.5625 0.578125 0.5859375 0.578125 0.5546875 0.5625 0.5625 0.5390625 0.5390625 0.5390625 
0.578125 0.578125 0.5546875 0.5625 0.5625 0.5390625 0.5390625 0.5390625 0.609375 0.609375 
0.578125 0.5546875 0.5390625 0.5390625 0.5390625 0.609375 0.5703125 0.578125 0.5625 0.5625 
0.578125 0.5546875 0.5703125 0.578125 0.5625 0.609375 0.6171875 0.5390625 0.5390625 0.5390625 
0.578125 0.578125 0.5546875 0.5625 0.6171875 0.5390625 0.5390625 0.5390625 0.5859375 0.5703125 
0.5546875 0.5625 0.5859375 0.6171875 0.5390625 0.5390625 0.5390625 0.5703125 0.5703125 0.5703125 
0.5859375 0.6171875 0.5859375 0.5703125 0.5703125 0.5859375 0.5546875 0.5703125 0.5625 0.5390625 
0.6171875 0.5859375 0.5859375 0.5859375 0.5703125 0.5703125 0.6015625 0.546875 0.5546875 0.5625 
0.578125 0.578125 0.5859375 0.5703125 0.5703125 0.6171875 0.5859375 0.5859375 0.578125 0.578125 
0.6171875 0.5859375 0.578125 0.578125 0.578125 0.5859375 0.5859375 0.5703125 0.5703125 0.578125 
0.6171875 0.5859375 0.5859375 0.578125 0.578125 0.5859375 0.578125 0.6171875 0.6015625 0.5703125 
0.5859375 0.578125 0.6171875 0.5859375 0.5859375 0.578125 0.6171875 0.5703125 0.5703125 0.5859375 
0.5859375 0.578125 0.5859375 0.6171875 0.5703125 0.5703125 0.5859375 0.5703125 0.6171875 0.578125 
0.5859375 0.6171875 0.6171875 0.5859375 0.5703125 0.5703125 0.5703125 0.578125 0.5703125 0.578125 
