% Ministry of Cellular Automata
% Project Deux (CS523 Spring 2015)
% Version:v0.1-66-g3e0f-dirty
%  pop:50
%  ic count:100
%  CA Log option:r3/run31
%  width:121
%  max workers:4
%  radius:3
%  iterations:300
%  generations:50

 generation 0.50.2.50.2.9.2.0.50.2.50.2.2.2.2.2.4.50.2.2.7.50.0.2.2.2.0.50.2.2.0.2.50.2.2.50.5.0.2.2.4.0.2.2.50.2.2.0.50.2.2.xover.mutate.done 50
 generation 1.50.50.50.50.50.50.50.50.50.50.1.9.1.0.51.51.1.1.1.1.1.1.1.50.1.1.6.1.1.50.50.1.50.50.6.1.1.1.1.1.1.1.1.1.0.5.50.9.1.0.xover.mutate.done 50
 generation 2.50.50.50.50.50.50.50.50.50.50.52.0.4.0.50.2.0.7.2.0.50.50.2.2.0.52.3.2.0.0.2.50.2.2.50.2.1.2.2.65.59.50.2.0.2.50.2.2.50.2.xover.mutate.done 50
 generation 3.68.55.51.51.50.50.50.50.50.50.1.0.4.50.0.0.1.55.1.1.50.50.0.1.50.0.0.5.50.50.1.1.0.83.3.50.51.48.50.0.1.4.1.50.50.1.1.5.50.1.xover.mutate.done 50
 generation 4.78.71.53.54.53.53.53.51.51.50.12.53.51.51.4.1.28.41.11.53.4.19.53.4.4.4.4.4.1.53.50.50.3.3.50.3.12.4.51.4.4.54.53.53.50.4.53.51.3.50.xover.mutate.done 50
 generation 5.85.66.56.56.60.50.50.50.50.50.83.50.0.0.50.0.0.0.6.0.50.0.50.50.50.50.50.17.50.50.50.0.23.50.0.50.6.50.0.0.50.0.50.8.25.50.6.30.24.37.xover.mutate.done 50
 generation 6.85.84.64.58.58.58.50.50.50.50.50.3.50.26.50.57.3.50.3.50.50.3.23.47.50.3.50.11.3.50.17.0.51.53.50.3.3.50.3.3.50.42.0.9.53.50.50.3.16.12.xover.mutate.done 50
 generation 7.83.80.69.65.59.59.61.50.50.57.50.50.0.0.0.50.0.0.49.50.0.63.0.9.0.50.17.50.16.50.19.0.20.0.0.50.50.0.50.0.19.0.18.50.0.50.9.10.46.9.xover.mutate.done 50
 generation 8.82.78.58.54.58.57.55.55.58.51.34.42.1.5.50.1.1.1.1.0.33.55.45.28.38.0.1.51.38.1.50.60.1.10.1.0.51.51.0.1.50.1.11.1.1.50.1.10.1.58.xover.mutate.done 50
 generation 9.76.75.62.61.58.49.59.57.55.55.34.57.50.0.11.62.25.0.56.25.21.13.51.1.50.32.1.9.1.5.1.10.51.58.50.1.34.10.1.1.0.1.5.51.13.8.1.56.60.1.xover.mutate.done 50
 generation 10.80.79.64.65.65.63.59.57.57.56.1.51.2.51.51.63.53.45.2.4.2.39.15.13.50.32.15.2.51.34.6.33.53.19.1.1.1.63.2.16.50.14.35.63.51.56.2.4.51.8.xover.mutate.done 50
 generation 11.79.79.66.69.66.64.64.64.64.59.9.45.1.50.5.64.16.59.50.1.45.0.65.1.9.51.5.39.0.26.57.1.7.1.64.49.51.48.1.1.50.1.9.60.7.1.63.50.8.76.xover.mutate.done 50
 generation 12.80.79.75.66.61.60.59.58.58.58.59.1.1.4.56.57.79.4.5.1.57.50.51.56.7.50.1.55.6.31.7.1.56.46.16.1.57.9.1.57.55.52.53.1.51.40.22.57.60.54.xover.mutate.done 50
 generation 13.78.77.77.75.67.63.62.59.62.59.77.12.4.35.56.5.36.7.50.10.52.10.53.41.53.86.4.56.1.51.51.5.26.11.9.10.8.77.45.48.13.50.59.9.49.14.59.7.50.59.xover.mutate.done 50
 generation 14.87.84.84.84.84.85.77.60.64.64.10.54.17.42.39.60.52.57.84.60.60.23.52.60.64.52.42.64.66.32.50.2.18.44.85.15.31.60.14.77.0.2.8.12.55.75.11.18.2.43.xover.mutate.done 50
 generation 15.84.75.86.77.76.76.76.76.70.73.8.50.1.45.50.50.51.51.0.58.49.46.50.76.7.1.47.68.1.58.19.15.82.1.1.50.68.6.25.20.76.90.39.82.6.89.0.9.48.8.xover.mutate.done 50
 generation 16.92.89.90.82.84.74.75.72.72.72.51.65.10.27.2.70.62.12.51.12.63.50.47.50.50.44.13.72.21.10.14.52.45.54.50.50.90.54.60.54.56.72.60.54.8.59.50.2.8.2.xover.mutate.done 50
 generation 17.95.87.88.91.83.85.81.80.78.78.51.50.43.48.16.49.57.13.51.7.0.50.51.11.53.8.78.50.56.19.59.58.91.7.55.6.0.79.51.51.56.9.42.1.33.11.44.47.85.18.xover.mutate.done 50
 generation 18.93.89.87.88.87.82.83.77.84.82.79.79.50.2.13.10.83.5.75.7.87.2.50.57.4.87.73.13.2.55.35.50.2.12.7.66.59.7.75.7.77.55.33.52.15.36.18.16.0.46.xover.mutate.done 50
 generation 19.93.93.90.89.88.89.86.87.90.82.31.50.5.55.1.90.50.11.12.34.73.0.70.36.50.54.50.91.48.50.83.50.4.34.3.34.4.36.10.90.1.50.4.50.50.50.51.1.89.54.xover.mutate.done 50
 generation 20.90.87.92.93.84.90.90.90.90.91.50.1.19.91.88.50.41.50.51.1.41.14.14.3.1.11.51.91.24.43.50.91.41.43.48.50.43.50.32.15.50.50.1.1.1.14.78.10.35.6.xover.mutate.done 50
 generation 21.95.90.91.94.94.94.96.91.91.91.50.9.50.0.42.28.0.11.50.0.8.93.7.8.50.75.27.0.0.8.0.7.50.57.50.20.7.94.46.58.48.17.0.0.11.60.51.21.9.46.xover.mutate.done 50
 generation 22.90.89.93.93.93.93.88.90.90.90.1.35.10.51.9.10.31.1.56.79.37.43.0.1.93.43.59.47.40.40.83.51.60.32.25.50.7.12.47.55.1.41.9.42.3.1.37.93.51.51.xover.mutate.done 50
 generation 23.93.93.92.93.93.94.93.91.92.92.50.31.0.0.0.83.47.60.5.40.0.49.50.45.0.39.0.0.88.46.50.83.43.0.0.50.59.50.50.80.41.82.10.50.50.54.6.0.33.50.xover.mutate.done 50
 generation 24.91.91.91.92.91.92.91.88.88.88.91.83.83.36.2.91.79.75.27.74.67.7.50.50.52.40.21.40.30.0.50.76.46.21.58.28.0.6.2.88.83.77.20.61.50.0.66.50.20.52.xover.mutate.done 50
 generation 25.94.96.97.94.94.94.94.94.96.92.94.12.48.2.50.20.23.77.9.74.58.18.50.50.13.96.94.22.94.2.88.51.50.95.51.59.56.40.90.24.55.1.51.2.50.1.79.51.65.99.xover.mutate.done 50
 generation 26.94.94.94.94.93.95.94.92.92.91.20.2.51.1.2.65.76.47.2.21.51.29.2.58.13.51.22.33.94.77.1.79.9.51.37.2.2.51.89.29.2.54.93.27.13.94.88.4.8.50.xover.mutate.done 50
 generation 27.89.90.89.94.89.90.93.89.89.89.2.24.0.50.48.78.0.9.86.0.28.42.0.49.50.46.79.85.28.54.70.50.50.22.63.90.35.0.89.0.44.0.87.18.42.78.63.0.76.15.xover.mutate.done 50
 generation 28.94.93.95.95.95.93.93.93.93.92.95.44.94.22.94.16.3.79.52.21.51.3.5.92.59.96.57.2.52.95.8.5.8.22.49.93.97.49.19.5.23.49.52.80.47.92.95.95.49.50.xover.mutate.done 50
 generation 29.89.92.93.93.93.91.94.92.94.90.50.89.5.1.1.11.51.50.49.55.1.1.73.51.47.7.49.71.48.68.1.50.92.2.85.93.51.6.49.92.39.92.43.45.6.1.39.1.81.44.xover.mutate.done 50
 generation 30.90.90.92.90.92.93.93.92.88.91.45.49.47.73.87.87.10.56.83.44.0.0.50.42.11.0.12.80.87.0.90.59.57.44.67.3.50.49.0.0.50.49.49.48.50.50.74.90.84.89.xover.mutate.done 50
 generation 31.92.94.94.94.93.94.92.92.93.94.94.94.59.93.45.53.83.74.61.60.92.38.1.1.75.30.88.76.1.93.50.38.92.59.9.33.26.72.44.1.64.49.6.51.50.59.81.84.1.59.xover.mutate.done 50
 generation 32.92.94.94.94.95.92.93.92.94.88.89.5.66.92.4.50.50.0.68.47.93.4.58.64.60.55.61.95.92.67.50.67.39.27.50.66.56.75.71.46.8.55.92.73.45.38.82.85.77.50.xover.mutate.done 50
 generation 33.94.94.96.96.95.96.92.92.95.95.77.64.51.50.49.57.8.52.51.51.58.94.3.32.47.28.59.42.94.63.67.59.51.50.92.64.66.63.50.81.51.82.68.48.51.87.93.51.52.51.xover.mutate.done 50
 generation 34.96.96.94.94.94.95.95.94.97.90.72.0.55.41.50.56.5.93.51.55.39.87.74.50.9.55.53.42.33.44.50.54.84.78.95.86.47.50.66.87.49.12.11.69.0.40.13.79.36.93.xover.mutate.done 50
 generation 35.92.90.90.90.92.89.89.91.89.88.50.8.72.75.50.53.87.52.39.50.61.34.1.1.50.50.85.78.48.2.51.1.75.5.58.70.1.77.1.88.17.50.6.1.1.24.88.12.86.4.xover.mutate.done 50
 generation 36.94.91.90.90.90.92.91.91.89.90.16.58.0.59.49.23.88.60.91.66.50.91.1.58.51.1.90.11.50.52.88.60.55.49.12.47.1.60.44.50.20.20.23.45.45.59.9.78.50.89.xover.mutate.done 50
 generation 37.93.92.93.94.91.92.93.92.93.93.40.50.8.6.53.53.42.50.36.50.50.35.0.51.92.92.47.57.0.78.44.0.47.48.92.93.27.54.44.59.49.50.42.49.6.45.70.58.90.84.xover.mutate.done 50
 generation 38.95.95.96.94.96.96.93.94.95.95.6.60.34.6.1.1.50.53.49.56.51.1.39.1.94.53.53.0.50.55.53.49.1.1.80.50.5.63.91.54.26.94.13.25.44.45.5.50.45.1.xover.mutate.done 50
 generation 39.88.89.89.89.90.90.89.89.90.88.0.51.90.84.1.84.50.42.62.15.49.91.46.13.13.56.64.29.9.50.1.63.60.50.50.1.61.72.88.0.25.87.50.56.19.1.89.51.82.23.xover.mutate.done 50
 generation 40.81.90.88.87.86.89.89.84.86.86.15.40.44.50.64.50.67.1.46.78.82.40.38.35.2.50.80.86.39.48.54.86.50.49.5.53.51.51.56.53.61.1.56.39.57.50.7.9.38.38.xover.mutate.done 50
 generation 41.93.91.91.89.88.88.91.89.88.91.87.50.45.57.49.7.1.39.6.57.50.2.80.32.51.1.40.78.7.44.3.67.1.50.1.9.1.2.54.15.50.9.8.17.36.1.57.50.91.1.xover.mutate.done 50
 generation 42.93.94.94.93.94.94.95.94.95.94.61.38.16.51.37.56.43.51.51.2.73.51.59.6.94.91.49.51.48.18.14.38.10.1.58.2.84.95.43.63.86.1.48.90.65.7.54.48.52.51.xover.mutate.done 50
 generation 43.90.91.90.89.89.87.89.88.90.90.1.50.0.89.74.60.2.50.34.50.33.83.90.15.51.41.51.28.21.57.1.90.43.86.50.0.50.11.89.51.30.1.1.2.69.1.91.34.90.27.xover.mutate.done 50
 generation 44.94.92.95.95.96.96.96.96.96.95.55.39.86.2.81.3.51.50.45.50.72.52.7.50.52.50.49.2.90.7.52.52.6.50.50.77.50.50.64.92.48.86.75.46.2.2.2.82.95.50.xover.mutate.done 50
 generation 45.91.91.91.91.91.90.90.89.90.88.75.45.51.12.38.51.49.35.33.44.57.56.91.73.45.36.90.89.51.91.77.1.8.7.86.46.27.43.36.34.6.84.49.2.21.26.51.74.1.47.xover.mutate.done 50
 generation 46.89.89.88.89.89.89.89.91.92.90.87.62.0.0.0.7.57.48.46.37.0.24.0.42.40.45.1.50.48.0.50.50.0.50.52.57.0.0.60.84.28.46.50.48.80.46.88.63.40.36.xover.mutate.done 50
 generation 47.90.90.92.91.91.91.91.91.88.90.8.91.3.15.50.50.0.53.3.47.87.54.53.21.3.41.90.37.69.3.85.50.3.24.0.88.46.3.64.3.3.13.57.81.44.33.3.50.40.50.xover.mutate.done 50
 generation 48.88.89.89.89.89.88.89.89.89.89.49.6.30.0.77.0.10.22.82.40.79.6.44.86.88.0.80.0.86.44.71.23.47.0.5.37.50.50.87.50.46.0.47.7.82.54.0.46.47.6.xover.mutate.done 50
 generation 49.90.90.90.90.90.89.92.90.88.89.2.14.83.43.14.52.52.65.22.50.26.82.52.52.89.52.50.2.2.19.79.87.50.32.2.14.40.4.40.55.49.50.2.52.46.90.82.16.49.26.xover.mutate.done 50
 29944326 iters     706157 iter/sec (42.40 s)
 total time: 42.40
