% Ministry of Cellular Automata
% Project Deux (CS523 Spring 2015)
% Version:v0.1-66-g3e0f-dirty
%  pop:50
%  ic count:100
%  CA Log option:r3/run44
%  width:121
%  max workers:4
%  radius:3
%  iterations:300
%  generations:50

 generation 0.50.3.50.50.2.1.3.1.2.2.1.50.50.50.3.1.1.2.2.3.3.1.3.1.2.2.2.2.1.1.3.3.3.1.23.50.2.50.1.12.1.1.50.1.17.3.50.3.3.1.xover.mutate.done 50
 generation 1.50.50.50.50.50.50.50.50.50.50.24.40.3.1.3.41.4.4.1.4.3.3.7.4.22.3.50.1.50.1.4.3.33.50.50.3.53.51.4.47.50.50.50.3.3.3.4.1.4.1.xover.mutate.done 50
 generation 2.53.51.50.50.50.50.50.50.50.50.1.4.4.4.35.50.51.51.1.3.11.14.4.17.50.27.51.4.1.3.3.3.53.42.51.3.1.3.50.4.1.13.3.51.3.27.4.53.3.17.xover.mutate.done 50
 generation 3.51.51.51.52.52.52.52.52.52.50.50.2.52.2.50.51.46.1.1.51.1.1.2.12.52.24.50.1.14.52.1.50.3.51.51.24.3.2.50.1.50.50.52.17.3.50.3.52.52.51.xover.mutate.done 50
 generation 4.50.50.50.50.50.50.50.50.50.50.50.50.0.0.0.8.0.51.50.51.0.1.50.1.51.1.1.50.27.0.1.1.0.5.50.1.1.50.0.0.50.51.50.50.50.50.50.1.17.50.xover.mutate.done 50
 generation 5.51.51.51.51.51.51.51.51.51.51.1.35.51.51.2.24.51.2.51.2.50.50.51.51.1.1.51.47.50.51.2.51.51.51.7.2.51.15.51.1.2.1.2.30.2.12.2.51.2.2.xover.mutate.done 50
 generation 6.50.50.50.50.50.50.50.50.50.50.0.29.0.50.43.0.4.0.22.50.50.0.50.0.50.0.48.50.21.0.50.0.0.50.0.8.0.0.0.49.50.0.0.50.19.0.50.49.0.50.xover.mutate.done 50
 generation 7.51.51.51.51.50.50.50.50.50.50.1.50.50.40.1.17.1.1.1.50.1.50.1.45.50.50.50.51.51.50.1.1.0.50.1.50.40.50.6.50.50.50.50.6.1.1.1.1.1.50.xover.mutate.done 50
 generation 8.50.50.50.50.50.50.53.53.53.53.3.53.53.53.3.50.3.0.3.3.3.50.53.50.3.3.3.53.3.3.53.3.3.53.53.3.53.47.53.53.3.53.53.50.53.3.3.53.53.3.xover.mutate.done 50
 generation 9.50.50.50.50.50.50.50.50.50.50.50.1.51.50.1.10.50.1.50.1.50.51.50.50.0.50.26.1.50.50.1.50.1.1.1.51.51.1.1.50.50.50.50.51.1.0.50.50.1.1.xover.mutate.done 50
 generation 10.50.50.50.50.50.50.50.50.50.50.0.50.15.50.50.0.50.0.11.50.27.28.0.50.6.50.50.0.0.50.50.50.0.50.50.6.50.50.0.0.53.50.50.50.50.17.0.0.50.6.xover.mutate.done 50
 generation 11.53.51.51.51.51.51.51.51.51.51.51.1.51.2.51.51.2.2.51.2.51.51.1.1.20.51.6.2.2.2.1.50.2.2.51.51.51.2.2.2.51.51.50.51.2.1.1.51.2.50.xover.mutate.done 50
 generation 12.58.55.55.55.55.55.52.52.52.52.52.51.50.7.52.18.7.7.5.7.52.7.7.13.7.55.52.52.7.5.52.48.7.2.52.52.53.7.7.7.2.55.7.5.55.7.7.52.52.7.xover.mutate.done 50
 generation 13.58.53.53.53.53.53.53.53.53.46.48.53.53.3.0.3.53.3.3.3.47.53.0.3.53.44.0.10.24.3.3.53.3.3.3.50.0.0.3.3.50.50.50.3.3.20.53.22.58.33.xover.mutate.done 50
 generation 14.54.54.51.52.52.52.52.52.52.52.52.52.52.4.4.2.4.52.24.4.4.52.52.52.21.52.4.7.54.12.52.4.52.47.52.4.52.2.50.50.52.52.20.4.2.52.47.4.4.52.xover.mutate.done 50
 generation 15.54.54.54.50.50.50.50.50.50.50.50.50.50.1.6.1.1.0.4.50.1.54.1.1.1.6.13.0.1.6.50.50.1.50.50.1.1.4.50.1.50.50.1.14.18.50.50.1.50.1.xover.mutate.done 50
 generation 16.55.55.55.56.51.51.51.51.51.51.1.47.51.51.4.56.0.6.51.51.5.51.51.51.1.1.50.51.5.51.5.1.51.1.50.10.1.51.51.6.1.50.50.7.50.51.0.1.51.54.xover.mutate.done 50
 generation 17.54.54.54.54.54.52.51.51.51.51.51.12.2.51.58.52.51.25.51.52.54.1.51.51.51.51.51.2.54.51.50.2.51.2.51.51.2.54.1.2.2.54.4.42.51.53.51.2.25.2.xover.mutate.done 50
 generation 18.58.60.60.58.58.58.59.58.60.60.60.51.51.51.51.15.59.51.60.11.60.51.23.51.51.51.16.51.51.9.2.18.51.50.51.51.16.51.51.47.9.9.63.51.30.2.51.51.52.51.xover.mutate.done 50
 generation 19.66.60.60.60.60.60.60.60.61.60.5.55.14.5.60.55.55.55.60.55.60.55.25.55.13.10.5.10.55.10.5.55.50.5.55.58.5.55.60.50.55.5.60.53.14.54.27.55.60.50.xover.mutate.done 50
 generation 20.60.53.53.53.53.53.53.53.53.53.1.50.3.50.4.0.53.0.50.1.4.15.50.26.25.5.53.53.53.4.50.0.55.5.50.51.53.0.50.21.4.16.16.1.50.0.31.3.53.50.xover.mutate.done 50
 generation 21.58.55.55.55.55.55.55.55.55.55.54.50.50.55.50.55.55.55.0.6.5.21.0.1.50.21.55.55.55.50.50.50.50.50.55.50.1.50.55.50.6.55.47.53.50.50.0.50.55.50.xover.mutate.done 50
 generation 22.59.54.53.53.53.53.53.53.53.53.51.51.51.32.39.51.51.53.51.50.50.25.2.53.53.2.50.2.51.1.53.50.2.39.53.50.51.4.53.53.54.51.50.1.53.51.51.51.53.2.xover.mutate.done 50
 generation 23.57.55.55.55.55.55.55.55.55.55.24.50.50.55.54.1.54.1.54.50.52.5.1.50.53.1.50.52.13.6.50.50.50.6.1.1.52.55.54.52.50.50.1.54.54.50.54.50.50.52.xover.mutate.done 50
 generation 24.61.57.57.57.57.57.57.57.57.57.0.0.22.0.9.54.11.13.50.50.5.54.59.50.51.49.57.55.1.0.55.55.57.47.21.37.50.0.9.0.53.5.50.7.0.0.50.5.17.50.xover.mutate.done 50
 generation 25.57.53.52.52.52.53.53.53.53.53.50.52.50.4.2.50.31.50.50.2.2.0.50.50.50.50.50.47.47.2.3.50.47.50.2.0.2.50.2.2.53.22.2.2.2.50.5.52.3.50.xover.mutate.done 50
 generation 26.57.58.56.56.56.56.56.56.55.55.50.55.50.2.55.6.50.13.6.2.50.5.55.50.1.1.25.5.55.50.50.50.3.49.49.39.54.1.50.22.2.26.50.55.50.50.50.1.50.6.xover.mutate.done 50
 generation 27.54.59.53.53.53.53.53.53.53.53.6.29.52.52.53.3.53.3.22.49.17.53.53.4.52.1.1.47.3.23.4.4.2.52.3.19.52.52.3.53.52.1.1.53.15.6.1.52.50.16.xover.mutate.done 50
 generation 28.62.60.57.57.57.57.57.57.56.56.14.16.1.17.50.50.16.0.12.0.7.7.57.57.49.9.8.13.8.35.50.56.6.7.56.50.55.24.47.53.49.48.1.7.1.50.1.1.57.1.xover.mutate.done 50
 generation 29.59.61.53.53.53.53.53.53.53.53.0.50.10.50.0.0.0.0.0.50.0.50.35.7.3.50.6.3.27.19.18.56.0.49.50.50.3.50.57.50.50.1.10.53.53.50.10.34.8.50.xover.mutate.done 50
 generation 30.55.58.53.53.53.53.53.53.53.53.5.14.54.53.51.9.53.2.3.51.50.53.36.51.5.3.51.2.53.50.51.53.53.1.53.3.5.53.51.51.9.3.3.48.3.53.3.53.3.57.xover.mutate.done 50
 generation 31.61.61.59.55.57.55.55.55.55.55.50.50.18.0.50.0.55.50.0.57.51.0.7.50.50.0.50.27.7.47.55.55.0.13.5.0.50.50.0.0.0.0.6.41.55.57.55.0.34.50.xover.mutate.done 50
 generation 32.61.58.57.57.57.57.56.56.56.56.24.56.51.50.51.55.6.33.0.39.56.1.14.23.51.51.50.50.2.32.51.39.55.7.1.50.51.51.51.51.17.15.51.51.4.7.50.51.51.6.xover.mutate.done 50
 generation 33.59.55.57.55.55.55.55.54.54.54.0.36.0.54.21.4.50.50.54.19.50.50.50.28.50.50.0.16.20.38.53.45.40.4.53.50.38.0.50.50.50.34.0.50.50.0.3.26.50.50.xover.mutate.done 50
 generation 34.62.58.59.53.53.53.54.52.52.52.34.52.51.52.26.2.1.1.47.27.1.52.6.1.23.9.51.52.52.37.7.53.51.29.52.51.23.50.22.25.51.1.1.9.1.51.7.21.1.9.xover.mutate.done 50
 generation 35.58.57.57.55.55.55.55.55.55.54.51.1.2.51.51.51.21.50.1.54.51.2.51.1.54.54.51.1.46.55.54.51.51.51.6.54.54.60.38.55.14.40.55.5.47.51.1.13.53.2.xover.mutate.done 50
 generation 36.55.57.57.54.54.54.54.54.54.54.50.50.48.0.50.50.50.51.0.50.54.54.53.50.49.54.0.50.54.54.7.50.50.50.0.54.4.53.4.0.50.0.8.50.50.54.0.49.50.0.xover.mutate.done 50
 generation 37.57.55.59.57.57.56.56.56.55.55.58.2.52.22.50.3.5.52.52.55.52.52.52.7.52.6.6.55.50.1.2.1.3.3.52.2.2.7.52.56.7.3.56.55.7.52.56.52.27.52.xover.mutate.done 50
 generation 38.57.57.56.57.54.55.55.55.55.54.53.9.51.5.9.5.51.15.54.51.47.1.7.5.5.51.53.51.23.15.10.51.51.49.55.5.51.51.51.50.50.55.53.53.42.1.20.48.47.48.xover.mutate.done 50
 generation 39.64.57.57.61.55.55.55.55.57.55.15.53.0.23.57.55.48.12.0.0.54.47.55.62.0.45.30.55.11.14.50.50.0.50.0.21.21.30.50.53.50.56.28.56.55.63.6.50.50.50.xover.mutate.done 50
 generation 40.62.63.63.62.60.59.59.59.57.57.52.57.58.24.52.15.52.59.11.59.59.47.57.58.63.58.3.52.53.53.3.52.3.56.3.22.3.63.59.54.64.56.52.50.10.46.52.3.3.3.xover.mutate.done 50
 generation 41.62.62.61.63.62.62.59.60.60.57.51.7.1.51.56.3.1.10.10.1.8.1.55.3.1.3.24.43.57.1.8.51.55.3.1.3.56.1.45.51.12.9.51.53.1.23.62.1.51.1.xover.mutate.done 50
 generation 42.60.62.60.61.60.61.58.57.56.61.10.48.61.62.57.61.14.13.11.1.46.61.1.51.55.50.5.51.50.38.43.1.56.10.55.43.5.8.1.55.4.6.12.37.53.18.13.46.51.5.xover.mutate.done 50
 generation 43.62.62.61.61.61.61.61.61.63.61.9.55.58.58.8.51.49.48.29.50.58.1.25.60.62.8.49.1.43.61.1.58.8.8.62.48.51.9.1.59.54.50.52.1.13.8.60.10.51.1.xover.mutate.done 50
 generation 44.60.61.61.60.61.60.60.60.60.60.56.2.2.37.52.32.51.6.52.40.49.54.36.36.8.50.47.6.56.39.10.60.6.52.2.52.61.50.40.6.52.2.43.56.6.6.56.22.2.58.xover.mutate.done 50
 generation 45.59.59.61.59.61.60.61.61.57.61.47.25.56.56.31.56.47.50.44.0.45.0.27.26.61.0.6.0.0.50.10.56.49.6.57.21.57.10.0.75.58.6.10.0.7.0.61.24.56.0.xover.mutate.done 50
 generation 46.79.61.61.60.60.60.60.60.59.59.50.42.50.27.50.56.50.1.36.39.2.49.1.4.5.50.48.50.34.51.59.54.4.1.40.1.1.60.10.50.60.1.38.53.53.61.52.1.62.59.xover.mutate.done 50
 generation 47.74.59.61.60.58.57.57.57.58.57.28.38.51.12.41.18.4.51.33.3.49.50.52.50.3.10.41.48.12.52.6.51.58.3.9.8.19.57.3.3.51.57.58.1.3.13.38.6.4.39.xover.mutate.done 50
 generation 48.81.65.66.63.62.66.60.66.64.64.15.18.10.1.1.1.10.6.6.13.64.19.41.22.17.53.24.12.12.26.50.1.5.60.50.41.61.15.1.14.6.10.12.11.20.0.47.25.22.19.xover.mutate.done 50
 generation 49.84.64.62.63.64.62.62.62.62.63.2.59.45.56.9.39.27.50.23.54.45.17.37.54.46.6.50.50.51.53.29.35.48.26.60.50.11.63.26.19.10.14.26.31.13.38.14.45.50.45.xover.mutate.done 50
 28466479 iters     696152 iter/sec (40.89 s)
 total time: 40.89
