50 50 50 50 50 50 50 50 50 50 50 50 50 8 7 6 5 1 1 1 1 1 1 1 1 1 1 1 1 1 1 1 1 1 1 1 1 1 1 0 0 0 0 0 0 0 0 0 0 0 
52 52 52 52 52 51 51 51 50 50 50 50 50 50 50 50 50 50 50 50 50 50 48 46 9 7 5 3 3 3 3 3 3 3 3 3 2 2 2 2 1 1 1 1 1 1 1 1 1 1 
52 52 52 52 52 52 52 52 52 50 50 50 50 50 50 50 50 50 50 50 50 50 50 50 50 50 50 50 50 48 42 21 7 2 2 2 2 2 2 2 2 2 2 2 2 2 2 0 0 0 
51 51 51 51 51 51 51 51 50 50 50 50 50 50 50 50 50 50 50 50 50 50 50 50 50 50 50 30 27 23 14 12 10 1 1 1 1 1 1 1 1 1 1 1 1 1 0 0 0 0 
59 51 51 51 51 51 51 51 51 51 51 51 51 51 51 51 51 50 50 50 50 50 50 50 50 50 50 14 12 6 1 1 1 1 1 1 1 1 1 1 1 1 1 1 1 1 1 1 0 0 
62 57 53 53 53 53 53 53 53 53 53 53 53 53 53 53 53 53 53 53 53 53 50 50 50 50 50 49 3 3 3 3 3 3 3 3 3 3 3 3 3 3 3 3 3 3 3 3 0 0 
84 69 67 60 50 50 50 50 50 50 50 50 50 50 50 50 50 50 50 50 50 50 50 50 50 50 50 34 13 13 13 8 0 0 0 0 0 0 0 0 0 0 0 0 0 0 0 0 0 0 
76 60 60 59 59 58 50 50 50 50 50 50 50 50 50 50 50 50 50 50 50 50 50 50 50 50 50 50 49 48 47 41 39 32 30 20 10 6 4 3 3 2 0 0 0 0 0 0 0 0 
84 62 60 60 57 57 57 53 50 50 50 50 50 50 50 50 50 50 50 50 50 50 50 50 49 34 28 21 20 20 17 12 11 8 8 6 5 1 1 1 1 1 1 1 1 1 1 0 0 0 
82 81 69 69 69 66 65 65 62 61 59 57 51 51 51 50 50 50 50 50 50 50 50 48 48 47 46 43 39 18 17 15 14 13 1 1 1 1 1 1 1 1 1 1 1 1 1 1 1 0 
91 83 75 69 64 62 62 62 60 60 60 60 56 56 50 50 50 50 50 50 49 48 48 48 47 47 43 39 37 35 30 22 17 16 15 13 11 11 10 7 5 1 1 1 1 1 1 1 0 0 
92 92 83 75 71 70 70 65 64 64 62 62 62 57 56 55 51 51 50 50 50 50 50 50 49 31 28 24 21 19 18 17 12 11 10 10 10 8 1 1 1 1 1 1 1 1 1 1 1 1 
87 87 79 78 76 74 69 62 62 62 62 62 62 61 59 56 55 53 53 51 51 51 51 51 50 50 49 48 48 41 40 39 36 30 18 17 13 12 11 11 11 6 3 3 3 3 3 3 3 1 
92 91 91 90 82 80 79 76 72 67 63 62 62 61 61 57 57 52 51 51 51 51 51 50 50 50 50 48 46 39 37 34 34 30 24 17 16 11 8 7 6 5 5 4 2 2 2 2 2 1 
94 94 94 92 90 89 84 84 84 84 84 82 79 69 67 65 58 57 53 52 51 50 49 49 48 47 45 41 36 36 34 34 33 30 21 20 19 18 16 14 12 11 11 6 4 4 1 1 1 1 
95 93 91 91 88 82 80 80 80 79 78 77 60 58 57 56 53 52 52 52 51 50 50 50 50 50 50 50 50 50 42 41 37 29 28 16 12 8 8 8 6 6 5 5 0 0 0 0 0 0 
94 92 92 92 88 87 87 85 80 75 75 75 74 59 56 56 54 52 52 52 51 51 51 50 50 46 45 44 42 42 41 40 32 32 31 28 27 22 14 13 12 11 10 10 8 8 7 3 3 3 
94 94 92 91 89 86 86 85 77 77 74 66 65 51 51 51 50 50 50 50 48 45 42 41 39 38 37 36 35 23 22 21 19 19 19 17 17 16 13 10 7 7 6 3 1 1 1 1 0 0 
92 91 91 88 87 87 86 85 78 76 72 71 69 69 62 62 58 52 49 48 46 42 42 41 36 34 33 32 31 28 27 26 24 19 15 12 11 11 6 5 5 5 4 4 4 4 4 2 2 2 
95 92 92 92 91 90 90 90 89 89 75 72 68 65 63 57 56 53 52 52 51 51 51 51 51 51 51 50 50 48 47 44 38 32 28 25 24 17 12 9 5 3 3 3 3 3 2 2 2 2 
95 94 93 92 92 90 90 89 88 84 83 72 69 67 63 57 52 52 52 52 52 50 50 50 50 45 44 43 43 42 40 38 37 37 22 22 21 10 8 7 7 2 2 2 2 2 2 2 0 0 
91 90 89 88 87 84 84 83 83 83 82 81 64 60 60 60 59 54 51 51 51 51 51 51 50 50 49 47 47 46 45 44 42 37 35 32 20 18 15 7 3 3 2 2 2 2 2 1 1 1 
92 90 89 89 89 89 89 86 85 83 82 81 71 67 56 52 51 51 51 50 50 50 50 50 50 48 46 45 45 42 37 34 31 29 28 25 21 21 15 9 6 4 3 3 1 1 1 1 1 1 
90 90 90 90 90 90 89 88 88 88 86 84 71 64 63 62 59 59 58 57 57 55 53 51 51 51 51 50 50 50 50 50 50 44 40 38 34 29 19 18 13 5 1 1 1 1 1 1 0 0 
96 95 93 93 93 93 92 92 92 90 86 86 77 77 67 66 61 61 60 60 59 58 58 56 52 52 52 52 50 49 49 47 45 43 39 38 36 25 19 12 12 10 6 6 4 4 2 2 2 2 
92 92 92 92 92 92 91 91 90 89 87 79 76 73 64 63 57 51 51 50 50 50 50 50 47 46 39 35 31 25 25 23 18 15 14 12 9 8 7 3 1 1 1 1 1 1 1 1 1 0 
93 92 92 92 91 91 91 91 91 90 90 80 74 66 61 57 51 51 51 51 50 49 48 46 45 42 36 27 18 18 15 15 11 10 10 8 8 8 7 6 5 3 3 2 2 2 2 2 2 1 
95 93 91 90 90 90 90 89 88 88 73 58 56 56 54 50 50 50 50 50 49 46 44 39 35 33 32 31 29 28 27 26 25 21 19 18 14 10 8 6 6 6 6 3 3 0 0 0 0 0 
93 93 93 92 92 92 91 91 90 89 88 71 58 53 52 52 52 52 52 52 51 51 50 50 50 47 44 39 39 33 31 29 12 10 8 8 8 7 7 6 6 3 3 3 3 3 3 2 2 1 
93 91 91 90 90 90 90 90 90 88 76 64 63 52 50 50 50 50 50 50 50 50 49 46 46 40 38 35 35 35 35 32 28 27 25 24 9 9 9 8 7 7 6 1 1 1 1 1 1 0 
94 92 90 89 89 89 89 88 88 86 81 71 71 66 66 65 65 62 59 51 51 51 51 50 47 47 46 46 46 45 43 40 35 34 30 26 23 20 20 15 13 9 8 7 7 7 2 2 1 1 
93 92 91 91 90 90 90 90 90 90 90 88 76 72 67 60 56 53 52 52 52 52 52 51 50 50 45 45 42 41 40 38 37 36 34 30 24 24 14 8 7 6 6 4 2 2 2 2 2 2 
95 95 94 94 94 94 94 94 94 94 92 92 91 88 81 78 70 63 57 56 54 52 52 51 50 48 45 43 31 24 22 21 16 12 10 9 9 9 7 2 2 2 2 2 2 2 0 0 0 0 
94 93 92 92 92 91 91 91 91 91 90 83 82 77 63 61 59 55 52 52 52 52 52 52 52 52 52 52 51 51 47 47 42 39 29 29 26 25 17 17 10 6 4 4 4 4 4 4 2 2 
92 90 90 89 89 88 88 87 87 87 87 87 85 73 68 61 60 59 56 53 53 53 53 53 53 52 51 50 50 50 50 49 47 43 38 38 36 35 31 25 17 14 12 11 7 7 6 6 3 3 
94 93 93 93 93 93 93 92 92 91 90 89 73 69 64 55 55 54 53 53 53 53 53 53 51 51 51 51 51 51 51 46 34 27 26 23 15 14 13 12 12 11 11 8 4 4 4 4 4 4 
95 94 94 92 92 92 92 92 92 92 92 68 61 61 60 59 55 55 52 52 51 51 50 50 50 50 50 50 50 47 32 27 26 23 17 15 14 14 12 12 11 11 10 9 8 2 2 2 2 2 
96 95 95 95 95 95 95 95 95 95 74 63 63 60 57 54 51 51 51 51 51 50 50 48 48 47 47 45 45 43 41 37 36 27 22 22 21 19 10 8 8 8 2 2 2 2 2 2 2 1 
93 92 92 92 92 92 91 90 90 89 89 87 75 64 63 54 52 51 50 50 50 49 49 48 47 46 42 41 36 33 29 23 15 15 12 11 7 7 6 5 5 4 1 1 1 1 1 1 1 0 
93 92 92 92 92 92 92 92 92 92 88 71 59 56 55 50 50 50 50 50 49 48 46 46 45 39 37 37 35 32 31 31 29 29 24 23 23 12 12 11 11 8 8 1 1 1 1 1 1 1 
94 94 94 94 94 94 94 94 93 93 93 72 69 69 66 51 51 50 50 50 49 49 47 46 46 45 31 31 30 17 17 14 14 12 9 9 8 8 8 7 6 6 5 2 1 1 1 1 1 0 
94 94 94 94 94 94 94 93 93 92 89 76 73 67 57 53 53 51 50 50 50 47 44 38 38 38 35 30 21 20 12 6 5 5 4 4 3 1 1 1 1 1 1 1 1 1 1 1 1 0 
93 93 93 93 93 93 93 92 92 86 86 72 70 64 56 52 52 50 50 50 50 50 49 49 46 41 35 34 34 33 30 26 20 20 19 15 14 11 11 10 9 9 9 3 3 3 3 1 1 1 
95 95 95 95 95 95 95 95 95 95 92 67 63 59 57 51 51 51 51 51 51 50 49 49 49 44 40 34 30 30 29 26 19 15 14 11 10 9 9 8 5 2 2 2 2 2 1 1 1 1 
90 90 90 90 90 90 90 90 90 90 90 62 56 55 51 49 48 48 48 47 46 44 44 43 42 41 41 32 31 26 24 22 21 16 15 13 11 7 4 4 2 1 1 1 1 1 1 1 1 0 
97 96 96 96 96 96 96 96 96 96 96 95 93 67 65 56 51 51 50 50 49 44 42 39 23 22 20 18 13 10 8 7 6 4 4 4 4 1 1 1 1 1 1 1 1 1 1 1 1 0 
93 93 93 93 93 93 93 93 93 93 93 91 78 73 51 51 50 50 50 50 49 49 48 45 40 26 26 23 23 20 20 18 11 11 10 9 9 3 3 3 3 3 3 3 3 3 2 1 1 1 
94 94 94 94 94 94 94 94 94 93 80 68 62 54 53 53 53 50 50 49 49 48 44 28 21 19 15 15 13 12 11 10 8 7 5 5 3 3 3 3 3 3 3 3 3 3 3 3 0 0 
95 95 95 95 95 95 95 95 95 95 93 74 69 58 58 56 56 56 50 50 49 49 49 47 44 40 40 38 31 29 27 14 13 8 7 7 6 0 0 0 0 0 0 0 0 0 0 0 0 0 
93 93 93 93 93 93 93 93 93 93 91 87 86 78 60 53 51 51 50 50 50 47 45 38 34 33 31 27 24 16 14 12 11 11 9 6 4 3 3 2 1 1 1 1 1 1 0 0 0 0 
