50 50 50 50 50 50 50 50 50 50 50 25 15 10 8 0 0 0 0 0 0 0 0 0 0 0 0 0 0 0 0 0 0 0 0 0 0 0 0 0 0 0 0 0 0 0 0 0 0 0 
52 50 50 50 50 50 50 50 50 50 50 50 50 50 50 50 50 50 50 50 50 50 50 44 35 29 29 16 5 3 0 0 0 0 0 0 0 0 0 0 0 0 0 0 0 0 0 0 0 0 
51 50 50 50 50 50 50 50 50 50 50 50 50 50 50 50 50 50 50 50 50 50 50 50 50 50 50 50 48 41 41 21 9 6 1 1 1 1 1 1 1 1 1 1 1 1 1 1 1 0 
51 50 50 50 50 50 50 50 50 50 50 50 50 50 50 50 50 50 50 50 50 50 50 50 50 50 29 29 25 21 14 14 8 7 7 2 2 2 2 2 2 1 1 1 1 1 1 1 1 1 
52 52 52 50 50 50 50 50 50 50 50 50 50 50 50 50 50 50 50 50 50 50 50 50 42 37 27 16 13 8 6 5 5 2 2 2 2 2 2 2 2 2 2 2 2 2 0 0 0 0 
50 50 50 50 50 50 50 50 50 50 50 50 50 50 50 50 50 50 50 50 50 50 50 50 50 50 45 24 14 13 10 4 4 0 0 0 0 0 0 0 0 0 0 0 0 0 0 0 0 0 
51 51 51 51 51 51 51 51 51 51 51 50 50 50 50 50 50 50 50 50 50 50 50 50 50 46 23 14 10 8 5 2 2 2 2 1 1 1 1 1 1 1 1 1 1 1 1 1 1 1 
52 52 52 52 52 52 52 52 52 52 51 51 51 51 51 51 51 51 51 51 50 50 50 50 50 50 50 50 41 33 28 22 18 18 15 13 8 3 3 3 3 2 2 2 1 1 1 1 1 1 
53 53 53 52 52 52 52 52 52 52 52 52 52 52 52 52 52 52 52 52 52 52 52 52 52 52 52 50 50 50 50 50 50 37 5 5 5 5 5 5 5 5 5 5 3 3 3 3 2 2 
51 51 51 51 51 51 51 51 51 51 51 51 51 51 51 51 51 51 50 50 50 50 50 50 50 50 50 50 48 44 41 23 20 11 6 1 1 1 1 1 1 1 1 1 1 1 1 0 0 0 
54 54 54 50 50 50 50 50 50 50 50 50 50 50 50 50 50 50 50 50 50 50 50 50 50 50 50 50 40 38 28 22 11 4 4 4 4 4 4 4 4 4 4 4 4 4 4 4 0 0 
69 51 51 51 51 50 50 50 50 50 50 50 50 50 50 50 50 50 50 50 50 50 50 50 50 50 50 46 44 43 24 8 7 1 1 1 1 1 1 1 1 1 1 1 1 1 1 1 1 0 
68 51 51 51 51 51 51 51 51 51 51 51 51 51 51 51 51 51 51 47 45 45 40 37 28 28 26 2 2 2 2 2 2 2 2 2 2 2 2 2 2 2 2 2 2 2 2 2 2 1 
71 68 54 54 54 54 54 54 54 54 54 54 54 54 54 54 54 54 50 50 50 50 50 50 50 50 41 40 36 35 31 22 13 13 9 9 7 4 4 4 4 4 4 4 4 4 4 4 4 4 
78 60 60 52 52 51 51 51 51 51 51 51 51 51 51 51 51 51 51 51 51 51 51 51 51 51 51 51 50 50 49 13 12 4 3 3 3 3 3 3 3 3 3 3 3 3 3 3 1 1 
70 67 61 51 51 51 51 51 51 51 51 51 51 51 51 51 51 51 51 51 50 50 50 50 39 27 25 24 18 16 9 9 7 6 5 1 1 1 1 1 1 1 1 1 1 1 1 1 1 1 
72 72 67 65 52 52 52 52 52 52 52 52 52 52 52 52 52 52 52 52 52 52 52 52 52 49 47 45 45 32 30 28 27 15 14 12 10 10 8 8 2 2 2 2 2 2 2 0 0 0 
75 68 68 64 64 62 61 59 52 52 52 52 52 52 52 52 52 52 52 52 52 52 52 52 52 52 52 50 50 50 50 50 44 41 40 36 31 29 26 16 13 2 2 2 2 2 2 2 2 2 
71 66 65 64 63 63 58 55 54 54 50 50 50 50 50 50 50 50 50 50 50 50 50 50 50 50 50 50 49 42 34 29 22 16 14 12 10 6 5 4 0 0 0 0 0 0 0 0 0 0 
82 67 67 65 62 62 62 60 60 58 55 55 51 51 51 51 51 51 51 51 51 51 51 51 51 51 50 45 44 37 36 33 32 31 28 13 13 12 11 11 10 10 9 2 2 2 2 2 2 1 
72 71 71 69 69 69 69 68 67 66 64 63 62 54 54 54 54 51 51 51 51 51 51 51 51 51 51 50 50 49 38 38 37 25 24 19 16 14 13 12 11 7 1 1 1 1 1 1 1 1 
75 69 69 69 69 65 65 65 65 64 64 62 57 56 53 53 53 53 53 51 50 50 50 50 50 50 50 50 49 47 44 36 30 24 23 21 19 18 4 2 1 1 1 1 1 1 1 1 1 0 
71 67 66 66 66 66 65 64 62 62 62 62 61 61 61 60 60 58 58 51 51 51 51 51 51 51 50 49 45 43 42 36 24 18 17 10 9 9 9 9 7 2 2 2 2 2 2 2 2 1 
74 73 71 71 68 68 68 68 68 68 67 66 66 65 64 64 64 64 63 57 57 51 51 51 51 51 51 51 51 51 51 51 50 49 49 44 44 21 20 15 14 13 11 11 10 9 8 2 2 2 
74 72 68 67 64 63 62 62 62 62 62 62 61 61 55 54 52 51 51 51 51 51 51 48 34 22 20 18 15 12 12 10 10 7 7 6 3 1 1 1 1 1 1 1 1 1 1 1 1 1 
73 73 71 71 71 71 70 68 67 65 59 59 59 55 52 52 52 52 52 52 52 48 48 42 38 37 30 27 24 20 17 17 15 11 11 10 9 9 9 7 7 6 5 5 5 2 2 2 2 2 
85 80 80 76 75 75 75 75 75 74 73 71 61 58 58 54 54 52 51 51 50 50 50 49 49 38 30 26 7 6 6 4 1 1 1 1 1 1 1 1 1 1 1 1 1 1 1 1 1 0 
80 75 75 71 69 68 68 67 63 63 63 63 63 59 59 58 54 53 51 51 51 51 51 51 51 50 50 50 46 38 19 12 12 12 10 9 7 7 6 6 5 2 2 2 2 2 2 2 2 1 
89 86 76 76 75 74 74 73 73 72 72 70 68 59 57 57 57 57 57 52 51 50 50 50 50 50 50 49 47 42 41 33 32 26 26 26 24 22 21 16 12 9 8 7 2 2 2 2 2 2 
88 85 78 78 76 76 75 74 73 73 72 67 67 62 62 59 58 57 52 52 52 52 52 51 51 50 49 46 42 34 31 30 29 28 26 25 25 17 16 11 9 4 4 4 4 4 4 4 4 4 
89 80 76 76 73 72 71 70 69 66 66 64 63 57 52 51 50 50 50 49 44 41 40 34 30 28 25 21 18 16 15 14 13 9 7 7 7 7 6 5 5 1 0 0 0 0 0 0 0 0 
93 83 83 80 77 75 75 75 74 73 72 70 69 69 68 68 68 64 63 60 59 55 54 50 50 50 50 50 50 50 48 47 47 46 44 38 36 35 34 30 30 20 15 11 10 0 0 0 0 0 
87 87 86 85 82 82 80 80 80 78 71 70 70 69 69 67 67 66 66 65 63 59 59 54 52 50 50 50 50 50 50 49 47 45 45 44 42 36 33 30 26 25 17 13 10 8 0 0 0 0 
94 91 91 88 86 85 81 81 81 81 81 81 81 78 78 76 75 73 71 69 67 67 65 63 62 58 58 55 54 51 51 51 51 50 50 50 45 44 44 44 43 41 40 32 18 15 12 8 7 2 
95 91 91 88 86 86 85 82 82 82 82 81 80 80 80 80 80 79 76 72 69 69 67 67 61 55 52 52 52 52 52 50 50 49 48 48 46 44 44 42 41 37 37 36 26 24 14 10 9 2 
95 89 88 88 87 86 84 84 84 83 83 82 82 81 81 81 80 80 75 74 72 72 70 67 60 59 56 55 52 50 50 50 50 50 50 50 50 47 46 45 40 37 37 35 15 12 3 3 2 0 
89 88 88 88 87 86 84 83 81 80 79 79 79 77 76 75 72 72 71 66 65 55 54 52 50 50 50 50 50 50 49 48 48 48 47 41 40 36 30 26 9 7 7 6 3 3 0 0 0 0 
93 91 91 90 89 89 88 88 88 88 87 85 84 83 82 82 80 80 73 72 71 71 63 62 60 57 57 56 56 51 51 51 51 51 51 50 50 50 49 49 48 45 44 44 43 30 24 15 3 1 
91 91 91 90 88 88 87 85 84 84 84 84 84 83 82 80 79 72 71 71 70 67 66 65 65 64 57 55 55 55 51 51 51 50 50 50 50 50 47 47 40 39 26 25 23 20 13 5 1 1 
93 93 91 91 89 89 89 89 88 86 85 84 83 83 82 82 74 67 67 66 59 58 58 52 52 51 50 50 50 50 50 50 50 47 43 42 41 36 35 34 30 30 27 23 22 15 7 2 2 2 
88 88 87 87 87 86 86 86 86 86 86 85 85 85 85 84 83 82 78 70 66 65 60 59 59 52 52 52 52 51 51 50 50 50 50 50 50 49 49 49 42 42 42 23 18 2 2 2 2 2 
95 94 94 92 91 91 91 91 90 90 89 89 89 89 89 86 82 79 77 77 75 63 62 57 54 54 54 54 53 53 52 52 52 52 51 51 50 50 50 48 48 48 44 20 16 14 10 5 5 4 
94 92 92 91 91 91 90 90 90 89 89 89 86 84 71 62 58 52 52 52 52 52 52 51 50 50 50 50 50 50 48 47 47 42 39 32 25 24 18 14 6 5 2 2 2 2 2 2 2 0 
96 93 93 93 93 92 92 92 92 92 92 91 91 91 89 69 53 50 50 50 50 50 50 50 50 50 50 50 50 50 50 50 50 49 47 43 41 40 36 23 10 10 9 9 7 7 0 0 0 0 
92 91 90 89 88 88 88 88 88 86 85 85 84 84 83 74 70 69 68 65 60 50 50 50 50 50 50 50 50 48 48 44 41 40 37 29 23 21 7 6 5 0 0 0 0 0 0 0 0 0 
91 91 91 91 90 90 89 87 87 86 86 86 86 86 84 83 82 82 81 67 65 63 63 53 51 51 50 50 50 50 50 49 49 48 48 45 43 42 38 38 32 28 25 23 20 19 1 1 1 1 
97 96 95 95 94 94 94 93 93 90 90 86 79 77 77 77 68 67 64 62 51 51 51 50 50 50 50 50 50 50 50 49 49 48 44 44 42 39 37 35 29 18 1 1 1 1 1 1 1 0 
95 94 91 91 91 90 90 90 90 90 89 89 87 87 86 85 82 75 74 72 71 62 62 55 53 53 53 53 52 50 50 50 48 46 45 44 39 35 33 26 20 19 11 3 3 3 3 3 3 0 
96 95 94 93 93 93 93 93 92 91 91 89 80 77 64 63 56 51 51 51 50 50 50 50 50 50 50 50 49 49 47 46 44 41 36 34 27 25 22 14 10 9 1 1 1 1 1 0 0 0 
94 93 92 90 89 89 89 88 88 88 88 88 88 87 72 72 71 70 63 63 63 63 57 54 52 50 50 50 50 50 50 50 50 50 46 43 32 30 30 27 15 7 3 1 0 0 0 0 0 0 
