50 50 50 50 50 50 50 50 50 48 26 11 8 2 2 2 2 2 2 2 2 2 2 2 2 2 1 1 1 1 1 1 1 1 1 1 1 1 1 1 1 1 1 1 1 1 1 1 1 1 
50 50 50 50 50 50 50 50 50 50 50 50 50 50 50 50 50 50 50 50 50 50 45 44 16 13 8 7 0 0 0 0 0 0 0 0 0 0 0 0 0 0 0 0 0 0 0 0 0 0 
51 51 50 50 50 50 50 50 50 50 50 50 50 50 50 50 50 50 50 50 50 50 24 16 9 9 1 1 1 1 1 1 1 1 1 1 1 1 1 1 1 1 1 1 1 0 0 0 0 0 
50 50 50 50 50 50 50 50 50 50 50 50 50 50 50 50 50 50 50 50 50 50 50 50 50 50 26 24 0 0 0 0 0 0 0 0 0 0 0 0 0 0 0 0 0 0 0 0 0 0 
81 53 53 50 50 50 50 50 50 50 50 50 50 50 50 50 50 45 40 22 9 9 9 3 3 3 3 3 3 3 3 3 3 3 3 3 3 3 3 3 3 3 3 3 3 3 3 0 0 0 
87 60 54 54 54 54 54 50 50 50 50 50 50 50 50 50 50 50 50 50 50 50 50 50 27 18 10 10 9 9 8 4 4 4 4 4 4 4 4 4 4 4 4 4 4 4 4 4 4 0 
78 64 53 51 51 51 51 51 51 51 50 50 50 50 50 50 50 50 50 50 50 50 50 50 50 48 13 12 7 6 4 3 2 2 2 2 2 2 2 2 1 1 1 1 1 1 1 1 1 1 
93 80 63 52 51 51 51 51 51 51 51 51 51 51 51 50 50 50 50 50 50 50 50 50 50 50 50 50 29 6 3 3 3 1 1 1 1 1 1 1 1 1 1 1 1 1 1 1 1 1 
86 85 57 53 53 51 51 51 51 51 51 51 51 51 51 51 51 51 51 50 50 50 50 44 24 13 5 5 5 2 2 2 2 2 2 2 2 2 2 2 1 1 1 1 1 1 1 1 1 1 
86 76 67 55 54 53 53 53 53 53 53 53 53 51 51 51 51 51 50 50 50 50 50 50 50 38 25 17 8 4 4 4 4 4 4 4 4 4 4 4 4 4 3 3 3 3 3 1 1 1 
87 82 69 64 53 53 51 51 50 50 50 50 50 50 50 50 50 50 50 50 31 19 18 8 3 3 1 1 1 1 1 1 1 1 1 1 1 1 1 1 1 1 1 1 1 1 1 1 0 0 
93 93 93 93 91 84 68 65 52 52 51 51 51 51 51 51 51 51 51 50 50 50 50 47 26 24 2 2 2 2 2 2 2 2 2 2 2 2 2 2 1 1 1 1 1 1 1 1 1 1 
90 90 90 90 88 84 81 74 68 67 66 65 58 57 57 57 57 56 55 55 53 52 52 50 50 50 50 50 45 36 21 7 2 2 2 2 2 2 2 2 2 2 2 2 2 2 2 0 0 0 
91 90 89 89 89 89 89 78 76 73 71 70 68 64 62 62 55 55 54 53 51 51 51 51 50 50 50 50 48 47 30 28 20 19 13 12 8 6 6 6 6 6 5 5 1 1 1 1 1 0 
91 91 91 91 91 91 91 91 84 82 82 82 81 76 71 62 62 60 59 58 53 53 53 53 52 51 51 50 50 50 50 49 48 48 48 40 39 38 38 29 26 19 15 14 14 14 11 3 3 0 
97 97 97 97 97 97 97 97 97 97 97 94 86 86 85 81 80 76 75 72 70 67 65 62 61 52 52 51 51 50 50 50 50 49 47 40 40 37 36 36 30 25 25 21 10 0 0 0 0 0 
93 92 92 92 92 92 92 92 92 92 92 92 92 86 82 78 78 76 74 74 68 67 66 65 65 62 61 59 59 58 57 56 56 52 52 51 46 44 37 36 35 25 14 10 5 3 3 1 1 1 
96 94 94 93 93 93 93 93 93 93 93 93 90 89 83 75 75 74 70 69 66 59 58 58 53 51 51 51 51 51 51 50 49 48 48 44 33 27 24 21 19 9 7 6 4 4 2 2 2 1 
92 92 92 90 90 90 90 90 90 90 89 82 80 78 76 72 72 71 71 71 69 67 66 66 62 62 62 60 58 57 56 53 53 53 51 50 43 42 41 38 38 36 31 20 20 11 7 4 4 4 
92 91 90 89 89 89 89 89 89 89 89 89 89 88 87 83 77 75 75 72 72 72 71 69 69 69 65 59 58 55 52 52 52 52 51 50 46 46 43 43 40 40 37 34 34 30 28 16 11 4 
95 94 94 94 94 94 93 93 93 93 93 93 93 87 81 80 78 75 67 67 65 62 61 61 58 58 58 56 56 51 50 50 49 45 33 30 28 27 21 20 18 16 16 11 10 4 1 1 1 0 
96 95 95 95 94 94 94 94 94 94 94 93 93 92 91 89 89 86 84 79 78 75 71 69 68 68 62 62 62 62 59 56 52 52 51 51 51 50 50 50 49 49 47 42 42 27 20 7 1 1 
95 94 94 94 94 92 92 92 92 92 90 90 90 88 87 87 85 85 77 76 76 76 75 74 74 73 67 55 52 52 52 52 52 52 52 50 50 50 50 49 48 47 40 39 38 31 2 2 2 2 
92 92 91 91 90 89 89 89 89 89 88 87 81 81 75 74 73 73 71 69 67 66 65 65 57 56 51 51 51 51 50 50 47 47 46 43 41 38 31 23 22 21 21 18 17 14 9 8 1 1 
94 91 91 90 90 89 89 88 88 88 88 87 87 87 82 79 79 72 72 72 68 67 65 65 62 51 51 50 49 48 47 46 43 41 37 37 32 28 28 26 24 23 19 19 18 8 7 1 1 1 
90 89 88 88 88 87 87 86 86 86 84 83 83 69 65 64 61 58 52 52 52 52 52 52 50 50 50 50 50 50 49 33 33 27 21 19 18 14 11 11 9 6 6 5 2 2 2 2 2 2 
90 89 89 89 89 89 88 88 88 88 87 87 86 86 86 84 82 70 70 66 65 62 61 58 54 51 51 50 50 50 50 50 50 50 45 35 35 30 25 17 16 15 15 12 1 1 1 1 1 1 
95 95 94 94 94 94 92 92 92 92 86 71 68 67 66 65 64 63 63 61 60 60 58 58 54 53 53 50 50 49 48 48 46 44 43 39 39 31 28 26 24 15 14 8 8 6 3 3 3 3 
95 95 94 93 93 93 92 92 92 92 92 92 92 92 91 89 75 73 71 70 68 67 67 64 64 59 58 52 52 50 50 49 49 49 48 48 46 45 45 41 39 20 20 17 16 15 12 4 3 3 
97 97 96 96 96 96 95 93 93 93 91 91 89 89 73 72 64 63 62 58 53 51 51 51 50 50 50 49 49 48 48 47 46 38 38 36 36 35 25 21 19 15 10 7 3 3 3 3 3 1 
94 94 91 90 90 90 90 89 88 88 88 88 83 71 70 67 55 54 53 51 51 51 51 50 50 48 48 47 47 43 40 40 39 37 34 34 32 27 22 22 21 19 16 5 2 2 2 2 2 2 
92 91 90 89 88 88 88 88 87 87 86 65 60 53 52 50 50 50 50 50 50 50 50 49 47 45 40 39 38 36 35 35 31 29 27 24 21 19 19 19 12 9 8 8 0 0 0 0 0 0 
92 92 91 91 90 90 90 89 89 86 85 80 75 65 64 61 55 55 54 54 50 50 50 50 50 50 49 49 49 48 47 45 40 38 34 32 31 28 23 23 12 7 7 7 5 3 0 0 0 0 
97 96 95 95 91 91 90 90 90 88 88 86 80 79 77 68 66 64 63 59 54 54 54 52 52 51 51 51 50 50 50 49 47 45 45 44 38 31 28 24 23 20 15 4 2 2 2 2 2 2 
93 93 92 92 90 90 90 90 90 89 89 88 87 87 86 85 83 83 83 83 74 68 67 67 66 66 64 64 56 53 53 52 51 50 46 40 28 24 23 20 19 19 18 15 14 5 3 3 3 3 
94 94 94 94 93 92 92 92 92 91 91 90 89 89 89 89 88 88 87 84 82 77 73 71 70 62 59 55 51 51 50 50 50 50 50 48 45 41 39 38 37 32 28 18 16 10 8 1 1 0 
91 91 91 91 90 90 90 90 90 89 88 87 86 85 85 84 75 74 72 71 69 69 68 66 66 64 57 57 50 50 50 49 49 47 47 46 42 42 36 34 33 28 23 21 19 10 2 1 1 0 
94 94 94 94 94 93 93 90 90 90 90 79 79 75 66 64 61 58 54 54 53 53 50 50 50 50 50 50 50 50 47 46 44 39 34 24 23 18 13 11 10 7 7 4 4 4 4 4 4 0 
93 92 92 92 92 92 91 91 91 91 89 80 80 77 72 62 57 55 55 55 53 51 50 50 50 50 50 49 48 48 46 44 37 19 16 15 15 14 12 8 6 0 0 0 0 0 0 0 0 0 
94 94 93 93 93 93 92 91 91 91 84 83 83 81 74 73 72 62 61 61 58 56 51 51 51 51 50 50 50 44 40 35 33 33 30 30 28 27 26 21 21 14 12 10 10 2 2 2 2 2 
94 94 93 93 93 93 92 92 92 92 92 92 80 78 52 50 50 50 50 50 50 50 50 50 49 49 49 45 44 43 33 23 19 18 15 14 13 9 8 4 1 0 0 0 0 0 0 0 0 0 
92 92 92 92 91 91 91 91 91 90 90 89 89 88 78 66 63 61 58 52 52 52 52 52 50 50 46 45 45 39 36 36 32 27 27 24 22 19 18 13 8 2 2 2 2 2 2 2 2 2 
95 95 95 94 94 94 94 94 94 93 93 92 92 91 91 91 80 74 67 67 64 63 53 51 51 51 51 51 50 50 50 49 49 45 36 34 30 30 29 26 26 19 19 13 11 9 8 1 0 0 
96 94 93 93 93 93 93 93 93 92 91 90 84 82 73 69 66 64 62 60 60 57 55 51 51 51 51 51 51 51 51 50 50 50 49 49 48 47 45 42 35 34 18 11 7 6 2 2 2 2 
97 97 97 97 97 95 94 93 93 92 92 84 84 76 73 61 60 60 58 57 56 51 50 50 50 50 50 47 46 45 45 41 41 39 35 31 29 25 22 22 17 17 13 11 10 8 8 1 1 1 
91 91 90 90 90 90 90 89 89 89 89 89 86 74 66 60 58 57 57 56 52 52 52 52 52 50 49 47 47 39 39 28 28 27 25 23 23 22 20 15 15 12 12 7 4 2 2 2 2 2 
94 94 94 94 94 93 93 92 92 91 90 88 73 70 68 61 59 55 55 53 51 51 51 51 51 51 51 51 50 50 45 44 43 38 36 33 31 22 22 7 7 5 5 1 1 1 1 0 0 0 
94 94 94 94 93 93 93 93 93 93 93 92 90 85 74 69 61 61 61 51 51 51 51 51 51 51 50 50 49 48 47 44 38 37 36 18 18 15 12 9 8 2 2 2 2 2 2 2 1 1 
89 89 89 89 88 86 86 86 86 86 85 85 85 78 56 56 54 54 51 51 51 51 50 50 50 48 46 45 39 39 39 35 33 24 22 19 14 7 4 1 1 1 1 1 1 1 1 1 0 0 
91 91 90 90 90 90 90 90 90 89 88 88 87 82 78 77 72 66 63 57 55 55 51 50 50 50 50 50 50 50 50 50 50 48 48 46 46 42 31 15 6 2 1 1 1 1 1 1 1 1 
