0.5078125 0.0625 0.25 0.5078125 0.1953125 0.1796875 0.3828125 0.2421875 0.9765625 0.7109375 
0.0625 0.1796875 0.9765625 0.0078125 0.1171875 0.9453125 0.0703125 0.9375 0.0625 1.0 
0.9609375 0.0625 0.1796875 0.9765625 0.0078125 0.1171875 0.9453125 0.0703125 0.9375 0.0625 
0.75 0.0625 0.1796875 0.9765625 0.0078125 0.1171875 0.9453125 0.0703125 0.9375 0.0625 
0.75 0.0625 0.1796875 0.9765625 0.0078125 0.1171875 0.9453125 0.0703125 0.9375 0.0625 
0.75 0.5703125 0.7109375 0.0625 0.1796875 0.9765625 0.0078125 0.1171875 0.9453125 0.0703125 
0.75 0.5703125 0.7109375 0.0625 0.1796875 0.9765625 0.0078125 0.1171875 0.9453125 0.0703125 
0.75 0.5703125 0.7109375 0.3359375 0.2109375 0.8984375 0.765625 0.1640625 0.3515625 0.3515625 
0.3359375 0.2109375 0.1640625 0.3515625 0.3515625 0.3671875 0.1953125 0.2109375 0.1328125 0.15625 
0.5859375 0.84375 0.6953125 0.3359375 0.2109375 0.1640625 0.3515625 0.3515625 0.3671875 0.1953125 
0.3359375 0.2109375 0.1640625 0.3515625 0.3515625 0.3671875 0.1953125 0.2265625 0.328125 0.34375 
0.7109375 0.734375 0.5859375 0.3359375 0.2109375 0.1640625 0.3515625 0.3515625 0.3671875 0.1953125 
0.5078125 0.7109375 0.734375 0.5859375 0.71875 0.3359375 0.2109375 0.1640625 0.3515625 0.3515625 
0.5078125 0.7109375 0.734375 0.5859375 0.71875 0.3359375 0.2109375 0.1640625 0.3515625 0.3515625 
0.5078125 0.46875 0.3359375 0.2109375 0.1640625 0.3515625 0.3515625 0.3828125 0.21875 0.15625 
0.5078125 0.46875 0.4609375 0.734375 0.6875 0.3359375 0.2109375 0.1640625 0.3515625 0.3515625 
0.5078125 0.46875 0.4609375 0.3359375 0.2109375 0.1640625 0.3515625 0.3515625 0.3515625 0.25 
0.5078125 0.484375 0.46875 0.4609375 0.3359375 0.2109375 0.1640625 0.3515625 0.3515625 0.3515625 
0.5078125 0.484375 0.4921875 0.46875 0.4765625 0.4609375 0.4375 0.2890625 0.3359375 0.2109375 
0.5078125 0.4921875 0.484375 0.46875 0.4765625 0.4765625 0.4609375 0.4375 0.2890625 0.3203125 
0.5078125 0.4921875 0.484375 0.46875 0.46875 0.4765625 0.4765625 0.4609375 0.46875 0.4375 
0.484375 0.4921875 0.4921875 0.46875 0.46875 0.4765625 0.4765625 0.4765625 0.46875 0.4609375 
0.5390625 0.484375 0.4921875 0.4921875 0.4921875 0.46875 0.46875 0.4765625 0.4765625 0.4765625 
0.5390625 0.484375 0.484375 0.4921875 0.4921875 0.4921875 0.4609375 0.46875 0.46875 0.4765625 
0.5390625 0.46875 0.515625 0.5078125 0.484375 0.484375 0.4921875 0.4921875 0.4921875 0.4921875 
0.5234375 0.5390625 0.46875 0.5078125 0.515625 0.46875 0.484375 0.4921875 0.4921875 0.4921875 
0.46875 0.515625 0.484375 0.4921875 0.4921875 0.4921875 0.5390625 0.46875 0.5078125 0.5234375 
0.5390625 0.46875 0.515625 0.4609375 0.4921875 0.4921875 0.4921875 0.5078125 0.4921875 0.5234375 
0.5078125 0.5234375 0.5 0.4609375 0.46875 0.5390625 0.5078125 0.515625 0.4921875 0.4921875 
0.5 0.5078125 0.5 0.46875 0.5390625 0.515625 0.4609375 0.5078125 0.4921875 0.4921875 
0.5 0.5078125 0.5 0.4609375 0.46875 0.4921875 0.515625 0.5078125 0.5390625 0.4921875 
0.5 0.5078125 0.5 0.5390625 0.46875 0.515625 0.4921875 0.5078125 0.4609375 0.4921875 
0.5 0.5390625 0.5078125 0.5078125 0.5 0.515625 0.5078125 0.46875 0.46875 0.4609375 
0.5 0.5 0.4921875 0.5390625 0.5078125 0.5078125 0.5078125 0.5078125 0.5078125 0.46875 
0.4921875 0.5 0.5 0.4921875 0.5390625 0.53125 0.5078125 0.5078125 0.5078125 0.5078125 
0.4921875 0.5 0.5 0.5 0.4921875 0.4921875 0.53125 0.5078125 0.5078125 0.484375 
0.4921875 0.5234375 0.5 0.5 0.5078125 0.5 0.5 0.4921875 0.484375 0.4921875 
0.4921875 0.5 0.5 0.5 0.4921875 0.4921875 0.5 0.5078125 0.5078125 0.484375 
0.5 0.5 0.5 0.4921875 0.4921875 0.4921875 0.5078125 0.484375 0.5078125 0.5 
0.5 0.5 0.5 0.4453125 0.4921875 0.5078125 0.5 0.4921875 0.5078125 0.484375 
0.4453125 0.5 0.5 0.4921875 0.5 0.5 0.5078125 0.5078125 0.5 0.5 
0.5 0.4921875 0.5 0.5 0.4921875 0.4453125 0.5 0.4453125 0.4453125 0.5 
0.4921875 0.5 0.5 0.484375 0.5 0.5 0.5 0.5 0.453125 0.4921875 
0.4609375 0.5 0.4921875 0.5 0.5 0.5 0.4921875 0.453125 0.4921875 0.5 
0.4609375 0.4921875 0.4921875 0.453125 0.4921875 0.5 0.5 0.5 0.5 0.484375 
0.4609375 0.484375 0.4921875 0.4921875 0.453125 0.5 0.5 0.5 0.5 0.4921875 
0.4609375 0.484375 0.453125 0.46875 0.4921875 0.4921875 0.5078125 0.4921875 0.4921875 0.5 
0.4609375 0.484375 0.453125 0.46875 0.4921875 0.5078125 0.5 0.4921875 0.484375 0.4921875 
0.4609375 0.46875 0.484375 0.4921875 0.4921875 0.453125 0.5 0.5 0.5 0.5 
0.46875 0.4609375 0.4921875 0.484375 0.4921875 0.5 0.5 0.5 0.4765625 0.453125 
