% Ministry of Cellular Automata
% Project Deux (CS523 Spring 2015)
% Version:v0.1-66-g3e0f-dirty
%  pop:50
%  ic count:100
%  CA Log option:r3/run45
%  width:121
%  max workers:4
%  radius:3
%  iterations:300
%  generations:50

 generation 0.50.0.0.0.0.0.0.0.0.0.0.0.0.0.0.50.0.0.0.0.0.0.0.0.50.0.0.0.0.50.0.0.0.0.0.50.50.0.0.0.0.0.0.0.0.0.0.50.0.0.xover.mutate.done 50
 generation 1.50.50.50.52.50.50.50.2.2.2.2.0.2.50.50.2.2.2.2.2.2.2.2.0.0.52.2.2.2.22.9.6.2.2.2.52.2.52.2.2.2.2.2.50.2.2.0.2.2.2.xover.mutate.done 50
 generation 2.51.51.51.51.50.50.50.50.50.50.7.54.2.50.8.9.2.1.50.51.2.2.50.2.1.1.2.2.1.51.50.1.2.2.1.2.29.2.1.50.2.2.1.1.1.51.50.31.1.51.xover.mutate.done 50
 generation 3.52.50.50.50.50.50.52.52.48.50.2.42.0.2.2.2.0.50.0.52.0.0.52.50.52.2.20.2.2.2.2.50.50.2.2.2.2.52.52.52.17.0.2.2.2.0.50.50.2.2.xover.mutate.done 50
 generation 4.54.50.50.50.50.50.50.50.50.51.50.10.50.1.1.0.1.51.1.0.1.1.51.0.0.51.46.1.0.0.50.50.7.51.0.1.1.1.1.1.50.51.1.0.7.1.50.50.1.1.xover.mutate.done 50
 generation 5.53.50.50.50.50.50.50.50.50.50.50.50.0.0.50.0.0.50.29.0.50.50.19.50.0.50.0.25.0.6.0.0.0.50.0.0.0.50.46.12.0.50.0.0.5.0.0.50.0.50.xover.mutate.done 50
 generation 6.55.50.50.50.50.50.50.52.52.52.2.52.52.2.2.2.2.52.2.46.50.50.4.0.52.2.50.2.48.2.50.13.0.50.26.2.7.31.2.52.50.52.2.2.7.52.2.0.2.2.xover.mutate.done 50
 generation 7.52.50.50.50.50.50.50.50.50.50.50.1.46.29.50.1.50.50.51.50.50.1.1.6.50.1.50.50.50.1.1.7.50.50.50.1.9.2.50.50.46.1.1.50.1.50.29.1.1.1.xover.mutate.done 50
 generation 8.44.50.53.53.53.53.53.53.53.53.53.12.53.3.3.3.3.3.53.3.50.3.0.0.3.40.53.3.3.53.3.46.3.41.3.3.3.3.3.50.3.3.53.3.53.24.30.50.50.53.xover.mutate.done 50
 generation 9.51.51.51.51.51.51.51.51.51.51.50.46.50.5.51.51.14.51.50.5.5.51.51.50.15.51.4.5.51.4.50.5.1.5.5.51.5.5.33.4.37.5.15.51.5.51.5.35.51.51.xover.mutate.done 50
 generation 10.50.50.50.50.50.50.50.50.50.50.1.50.1.1.50.50.50.50.50.20.50.50.50.50.50.50.50.50.50.50.6.30.50.50.1.50.50.50.50.1.50.50.1.50.9.50.50.50.50.50.xover.mutate.done 50
 generation 11.50.50.50.50.50.50.50.50.50.50.22.5.8.33.40.49.50.50.50.50.12.50.0.0.50.23.29.0.0.50.0.50.50.50.50.50.50.50.43.50.50.50.0.50.50.8.50.50.50.50.xover.mutate.done 50
 generation 12.52.52.52.52.52.52.52.52.52.52.3.3.52.50.32.50.52.52.5.10.3.1.52.2.1.52.50.52.50.52.52.52.50.52.52.52.51.50.1.52.50.11.50.1.2.52.10.3.50.50.xover.mutate.done 50
 generation 13.51.51.51.51.51.51.51.51.51.51.1.51.1.51.1.51.51.50.0.51.51.1.19.1.1.0.0.50.51.51.50.42.1.1.51.1.1.36.51.1.18.51.1.16.51.51.1.1.51.51.xover.mutate.done 50
 generation 14.50.50.50.50.50.50.50.50.50.50.50.2.50.50.2.2.19.2.2.50.2.2.2.50.50.34.50.50.2.50.50.2.50.50.2.35.50.11.10.50.50.2.2.50.50.26.50.50.50.2.xover.mutate.done 50
 generation 15.51.51.51.51.51.51.51.51.51.51.51.51.1.51.51.39.51.50.1.1.51.51.51.45.42.1.51.51.45.50.51.51.51.49.42.51.1.1.1.39.1.1.1.51.51.1.51.1.51.1.xover.mutate.done 50
 generation 16.50.50.50.50.50.50.50.50.50.50.2.9.50.2.50.50.50.50.50.50.2.2.50.50.50.50.50.50.39.50.50.50.50.50.2.33.50.2.50.50.2.50.0.50.50.23.39.49.2.2.xover.mutate.done 50
 generation 17.50.50.50.50.49.50.50.50.50.50.2.50.2.44.2.50.50.50.41.50.49.46.50.50.50.50.45.50.2.2.8.2.50.50.49.2.45.7.50.50.9.10.50.2.50.50.50.2.34.50.xover.mutate.done 50
 generation 18.50.50.50.50.50.50.50.50.50.50.10.50.2.2.50.2.50.50.2.50.50.16.50.8.34.50.48.2.50.2.2.2.50.2.50.2.2.50.50.2.50.2.50.2.2.50.10.2.50.50.xover.mutate.done 50
 generation 19.53.53.53.53.53.53.53.53.53.53.4.4.53.53.4.3.1.23.53.11.53.1.4.22.4.48.4.4.53.53.53.4.4.53.53.53.1.47.4.4.23.4.4.53.53.35.53.43.53.53.xover.mutate.done 50
 generation 20.52.52.52.52.52.52.52.52.52.52.52.52.2.2.40.2.51.52.2.52.2.52.2.40.2.49.2.49.15.52.52.2.50.2.49.2.52.2.2.2.2.2.2.2.2.31.2.2.8.51.xover.mutate.done 50
 generation 21.51.51.51.51.51.51.51.51.51.51.3.51.3.51.3.51.38.7.50.3.3.39.50.3.51.51.51.7.51.51.51.51.3.7.3.43.38.3.51.7.51.11.51.44.48.51.51.51.23.3.xover.mutate.done 50
 generation 22.52.52.52.52.52.52.52.52.52.52.8.52.9.52.52.5.31.6.52.5.52.9.5.52.52.50.8.52.52.2.3.23.52.5.50.7.50.27.52.5.52.5.52.50.2.27.5.16.9.5.xover.mutate.done 50
 generation 23.51.51.51.51.51.51.51.51.51.51.51.51.51.3.1.51.3.51.3.50.3.20.29.35.2.50.28.51.51.51.51.40.48.28.3.3.50.3.2.51.3.51.51.3.50.51.51.3.3.51.xover.mutate.done 50
 generation 24.51.51.51.51.51.51.51.51.51.51.51.51.51.6.51.51.1.1.51.51.51.34.51.29.1.1.50.15.51.1.1.1.51.24.1.51.0.51.1.7.1.33.1.1.51.8.51.51.1.42.xover.mutate.done 50
 generation 25.50.50.50.50.50.50.50.50.50.50.50.50.3.3.43.3.3.50.50.50.50.41.0.0.50.3.50.5.3.11.32.50.50.3.21.3.29.32.50.3.50.3.50.10.3.13.3.50.3.12.xover.mutate.done 50
 generation 26.51.51.51.51.51.51.51.51.51.51.10.3.51.3.24.51.3.51.51.51.9.3.51.43.21.16.3.12.51.3.3.3.35.50.3.3.1.51.16.51.50.3.50.3.3.12.3.3.3.51.xover.mutate.done 50
 generation 27.51.51.51.51.51.51.51.51.51.51.1.51.51.18.1.51.18.51.38.1.1.1.50.51.29.51.51.51.1.1.12.1.8.33.51.1.51.51.1.51.51.51.15.51.50.51.51.2.1.1.xover.mutate.done 50
 generation 28.50.50.50.50.50.50.50.50.50.50.6.2.2.50.2.50.2.2.20.50.18.16.50.13.50.2.50.50.2.7.50.2.2.2.50.2.50.10.50.50.50.2.50.50.2.2.50.50.2.25.xover.mutate.done 50
 generation 29.51.51.51.51.51.51.51.51.51.51.4.5.50.51.48.11.5.11.1.37.35.51.51.51.51.51.51.4.51.5.5.5.51.5.4.5.15.17.42.5.5.5.15.51.5.19.5.49.5.51.xover.mutate.done 50
 generation 30.50.50.50.50.50.50.50.50.50.50.1.1.1.38.1.4.50.50.1.1.1.7.1.50.9.1.1.1.50.50.13.13.50.1.19.1.50.16.1.1.50.50.50.6.13.7.1.49.1.1.xover.mutate.done 50
 generation 31.51.51.51.51.51.51.51.51.51.51.41.1.50.1.1.51.43.51.1.51.51.51.51.1.51.45.1.50.1.1.1.51.51.51.20.11.1.2.0.4.1.1.12.51.51.51.1.41.1.48.xover.mutate.done 50
 generation 32.51.51.51.51.51.51.51.51.51.51.1.13.51.51.1.1.51.1.51.16.49.50.2.51.51.35.51.2.16.35.16.51.2.34.2.12.51.9.51.2.51.51.51.51.2.1.2.51.2.2.xover.mutate.done 50
 generation 33.51.51.51.51.51.51.51.51.51.51.51.51.51.2.9.2.2.2.51.2.8.24.2.16.1.2.51.51.51.2.2.51.51.41.50.51.41.51.51.51.1.51.51.2.51.10.2.51.51.51.xover.mutate.done 50
 generation 34.51.51.51.51.51.51.51.51.51.51.1.51.25.51.51.1.51.5.51.50.51.1.1.29.51.1.1.37.1.1.1.7.51.51.50.51.1.47.51.51.51.51.51.36.51.1.51.13.50.51.xover.mutate.done 50
 generation 35.51.51.51.51.51.51.51.51.51.51.1.51.1.51.51.51.51.51.51.1.51.51.51.1.51.1.44.1.0.51.1.51.11.51.51.51.15.1.51.51.5.1.1.8.50.1.51.51.51.51.xover.mutate.done 50
 generation 36.52.52.52.52.52.52.52.52.52.52.3.18.3.51.10.52.52.52.52.34.3.8.9.52.9.52.3.52.19.2.3.52.1.3.3.52.52.3.9.3.3.3.2.50.3.52.52.3.3.52.xover.mutate.done 50
 generation 37.50.50.50.50.50.50.50.50.50.50.1.49.1.50.50.50.1.1.50.2.50.50.1.50.50.50.50.1.1.1.1.35.1.50.1.1.50.8.7.50.19.1.50.1.50.1.50.1.1.50.xover.mutate.done 50
 generation 38.50.50.50.50.50.50.50.50.50.50.9.0.50.50.50.50.0.50.50.0.50.0.0.33.4.4.44.50.0.50.50.4.18.50.50.50.50.50.50.50.0.50.50.0.50.49.50.17.4.50.xover.mutate.done 50
 generation 39.51.51.51.51.51.51.51.51.51.51.1.38.51.15.51.51.2.18.8.23.26.2.50.1.2.51.43.51.13.2.44.51.1.29.51.51.1.43.1.19.12.51.51.13.2.51.51.47.7.51.xover.mutate.done 50
 generation 40.51.51.51.51.51.51.51.51.51.51.51.51.2.2.51.2.51.42.12.2.2.2.51.51.12.51.18.51.11.2.7.17.2.51.13.12.42.51.51.2.50.45.43.51.19.51.2.51.2.11.xover.mutate.done 50
 generation 41.51.51.51.51.51.51.51.51.51.51.12.51.1.6.51.51.1.51.47.51.51.18.51.47.28.51.8.8.12.1.51.7.51.51.51.1.51.51.19.51.1.1.51.1.1.1.51.51.6.51.xover.mutate.done 50
 generation 42.53.53.53.53.53.53.53.53.53.53.53.53.4.3.50.4.53.53.4.33.53.4.4.3.4.41.4.53.21.4.53.4.3.53.4.4.53.37.53.4.53.4.53.1.53.4.3.53.4.53.xover.mutate.done 50
 generation 43.50.50.50.50.50.50.50.50.50.50.0.50.50.3.4.0.0.5.50.31.50.0.0.50.50.0.50.0.0.50.50.0.0.50.25.18.0.0.50.0.27.50.12.0.0.0.0.0.50.50.xover.mutate.done 50
 generation 44.50.50.50.50.50.50.50.50.50.50.1.1.0.50.1.1.1.48.1.38.50.1.50.7.46.1.50.1.50.1.50.1.35.50.1.1.50.1.50.50.1.1.0.1.50.1.1.10.50.12.xover.mutate.done 50
 generation 45.50.50.50.50.50.50.50.50.50.50.0.50.40.0.50.37.0.0.0.50.0.50.50.50.50.0.32.50.50.16.50.50.15.50.20.0.9.0.45.0.50.0.50.6.0.0.50.15.0.12.xover.mutate.done 50
 generation 46.51.51.51.51.51.51.51.51.51.51.2.1.51.50.51.2.2.51.51.8.50.2.51.50.2.2.10.1.1.51.2.50.1.51.36.51.50.51.51.2.51.51.2.41.16.44.51.13.44.51.xover.mutate.done 50
 generation 47.50.50.50.50.50.50.50.50.50.50.33.50.0.0.50.41.50.50.50.0.50.0.50.6.0.50.0.50.50.30.0.50.50.50.50.14.0.50.9.50.50.50.6.50.43.0.0.0.50.0.xover.mutate.done 50
 generation 48.50.50.50.50.50.50.50.50.50.50.2.50.50.0.50.2.0.49.50.50.49.2.50.2.50.50.50.50.50.0.2.2.50.50.2.21.14.2.2.32.2.2.8.50.2.2.50.50.49.2.xover.mutate.done 50
 generation 49.50.50.50.50.50.50.50.50.50.50.0.50.0.50.0.0.11.8.0.50.50.10.50.0.10.0.50.0.50.50.8.50.0.0.50.0.50.50.50.50.22.4.0.0.31.10.46.0.0.50.xover.mutate.done 50
 29433339 iters     705443 iter/sec (41.72 s)
 total time: 41.72
