% Ministry of Cellular Automata
% Project Deux (CS523 Spring 2015)
% Version:v0.1-66-g3e0f-dirty
%  pop:50
%  ic count:100
%  CA Log option:r3/run47
%  width:121
%  max workers:4
%  radius:3
%  iterations:300
%  generations:50

 generation 0.50.50.1.1.0.50.1.6.50.50.1.5.0.50.0.1.1.1.1.1.1.7.50.1.1.50.0.1.0.50.0.50.8.1.0.1.50.1.0.1.0.1.1.1.50.1.0.1.0.50.xover.mutate.done 50
 generation 1.52.50.50.50.50.50.52.50.50.50.1.2.50.1.5.3.1.51.1.48.50.3.2.50.1.3.3.1.46.1.3.50.50.1.50.7.3.3.2.3.2.52.1.9.1.51.3.52.52.51.xover.mutate.done 50
 generation 2.50.50.50.50.50.52.52.52.50.50.21.2.52.50.52.0.52.50.50.2.50.50.2.0.50.50.2.7.50.52.2.0.2.2.2.52.2.50.42.2.50.50.52.50.2.50.48.2.2.2.xover.mutate.done 50
 generation 3.50.50.50.50.50.50.50.50.50.51.1.51.51.51.50.0.0.1.30.51.50.51.50.0.1.1.1.1.10.12.1.1.51.50.50.50.1.27.23.50.1.0.50.51.14.50.1.50.1.1.xover.mutate.done 50
 generation 4.51.51.51.51.51.51.51.51.50.50.51.1.1.1.50.50.51.12.1.51.1.50.50.1.50.1.51.1.1.1.51.1.6.1.0.1.50.51.1.51.1.50.1.14.51.50.0.1.1.59.xover.mutate.done 50
 generation 5.57.53.53.53.53.53.53.53.53.53.3.0.50.3.53.62.3.53.53.49.0.50.3.53.3.53.3.50.3.53.3.3.50.3.53.3.3.53.50.3.3.3.3.3.3.53.3.53.3.53.xover.mutate.done 50
 generation 6.69.60.50.50.50.50.50.50.50.50.67.50.8.50.50.34.0.0.0.84.0.0.50.0.13.0.50.50.50.0.50.13.50.50.0.13.0.0.0.50.0.50.0.50.0.50.0.0.0.50.xover.mutate.done 50
 generation 7.76.59.60.58.50.50.50.50.50.50.50.0.49.47.0.50.10.32.50.50.60.50.50.0.41.50.50.2.50.48.3.59.3.0.50.39.50.50.30.4.0.0.50.50.6.0.50.0.50.20.xover.mutate.done 50
 generation 8.84.57.57.60.62.60.50.50.50.50.1.49.53.11.20.50.50.0.8.50.5.1.50.0.1.50.1.50.12.1.50.20.6.17.1.34.50.28.50.57.8.50.1.50.0.1.50.1.21.1.xover.mutate.done 50
 generation 9.82.61.66.62.69.69.69.51.50.50.1.50.1.15.1.1.1.65.0.50.43.50.46.50.65.17.39.1.1.1.1.1.59.13.48.14.50.50.1.1.1.51.1.47.1.18.48.51.81.57.xover.mutate.done 50
 generation 10.75.83.62.62.62.64.60.60.60.60.0.1.47.56.50.50.1.49.11.13.50.30.50.35.15.48.39.1.11.91.10.37.43.1.0.5.7.69.50.56.1.48.50.1.47.48.17.22.1.16.xover.mutate.done 50
 generation 11.92.75.83.70.65.62.62.62.64.64.70.50.24.11.1.1.92.19.56.50.1.10.1.10.17.57.49.1.8.18.1.10.50.55.51.1.50.31.28.1.71.1.12.51.1.1.21.50.1.50.xover.mutate.done 50
 generation 12.87.79.74.78.69.62.62.56.62.61.53.49.53.6.36.59.1.51.50.12.18.3.11.3.39.87.62.51.30.40.51.3.50.55.3.48.48.62.3.62.3.11.41.76.17.11.51.3.13.51.xover.mutate.done 50
 generation 13.91.92.90.76.79.82.67.62.62.57.16.51.50.51.46.2.52.2.50.34.34.39.2.6.51.7.80.11.91.72.48.24.4.51.50.5.30.1.2.57.37.61.50.8.51.5.2.63.61.17.xover.mutate.done 50
 generation 14.90.94.94.92.79.84.82.84.69.67.57.18.16.11.1.51.49.11.89.30.84.53.1.58.41.36.4.21.20.34.52.4.94.65.49.36.33.50.48.12.1.6.84.14.1.19.45.34.84.47.xover.mutate.done 50
 generation 15.91.91.95.82.93.88.79.80.80.80.0.50.53.50.8.50.6.8.8.29.51.50.58.42.50.57.16.0.0.0.52.50.0.41.5.52.78.50.0.50.37.5.52.77.28.56.12.6.50.60.xover.mutate.done 50
 generation 16.94.92.92.92.85.87.75.75.75.74.42.8.59.32.44.51.50.46.42.22.10.27.32.3.3.45.41.56.87.8.10.28.54.40.13.3.51.80.31.56.51.52.12.14.52.50.7.52.88.11.xover.mutate.done 50
 generation 17.94.94.91.92.86.86.89.85.74.77.65.19.17.23.36.50.37.17.39.1.50.0.19.6.38.50.22.48.3.16.51.10.1.35.7.1.42.51.21.0.19.50.66.51.41.13.1.7.77.45.xover.mutate.done 50
 generation 18.87.91.92.91.86.87.85.88.69.69.19.62.28.36.62.5.31.4.76.33.11.48.11.58.2.42.52.12.42.71.27.4.2.34.5.2.4.26.46.4.32.5.24.78.4.41.49.6.72.15.xover.mutate.done 50
 generation 19.91.95.92.89.92.90.90.89.75.68.3.3.28.3.48.51.53.72.52.32.50.92.9.17.25.52.51.5.51.51.2.44.3.51.63.57.3.51.12.2.2.56.38.47.51.65.50.24.90.2.xover.mutate.done 50
 generation 20.93.92.95.94.92.89.90.84.90.83.50.52.8.37.52.2.42.72.44.50.2.50.22.2.43.52.38.43.67.52.69.2.2.2.57.50.0.52.7.2.7.22.0.40.63.88.21.10.37.45.xover.mutate.done 50
 generation 21.88.91.90.87.89.84.83.84.83.83.47.60.64.2.51.1.7.51.50.59.42.49.3.35.2.18.37.60.51.50.82.45.46.60.51.1.3.54.47.51.32.1.51.44.81.15.20.2.2.2.xover.mutate.done 50
 generation 22.89.92.89.90.89.81.82.85.83.86.1.56.1.51.48.89.28.31.51.50.34.45.9.37.50.42.3.4.71.52.1.50.51.50.45.25.6.1.29.89.3.15.50.1.21.67.1.46.21.50.xover.mutate.done 50
 generation 23.88.90.90.90.90.88.90.89.86.88.50.19.0.1.5.55.50.51.50.57.63.53.59.84.51.59.1.1.50.29.44.1.0.38.51.34.50.71.18.50.40.1.57.13.51.90.64.58.1.62.xover.mutate.done 50
 generation 24.95.93.93.92.93.93.90.96.92.86.50.52.61.2.2.49.52.4.2.38.2.61.10.92.86.6.12.58.39.60.52.47.77.6.56.36.4.12.60.58.19.67.77.43.49.66.52.45.25.59.xover.mutate.done 50
 generation 25.91.90.92.92.92.92.91.92.87.89.92.25.1.47.1.14.12.7.50.1.73.3.8.1.46.50.50.1.63.57.15.76.51.25.18.64.35.23.1.31.39.1.1.51.0.79.50.50.1.9.xover.mutate.done 50
 generation 26.91.91.91.91.91.90.92.92.92.90.49.51.46.80.57.66.2.48.93.10.2.74.6.5.15.18.8.51.18.7.51.2.15.50.51.2.2.8.27.61.11.42.45.3.2.8.3.10.36.1.xover.mutate.done 50
 generation 27.95.91.88.93.90.90.90.90.89.88.56.0.49.0.44.25.0.21.14.50.0.6.0.6.58.54.35.73.50.19.27.56.3.50.6.18.3.32.10.8.50.39.50.33.46.26.29.28.31.6.xover.mutate.done 50
 generation 28.92.88.90.93.91.93.93.92.92.89.3.47.53.3.3.31.52.52.52.12.10.51.50.1.8.91.3.2.50.52.3.2.71.8.44.39.7.33.52.58.6.51.7.3.8.52.29.39.6.50.xover.mutate.done 50
 generation 29.90.90.90.90.90.90.91.93.91.88.27.49.1.28.35.50.40.35.8.50.64.25.50.38.7.9.46.35.9.7.0.1.24.50.1.50.32.50.50.46.1.1.9.6.76.63.52.35.1.50.xover.mutate.done 50
 generation 30.92.88.94.89.89.89.90.88.89.86.47.30.45.46.59.13.43.34.15.7.9.46.23.7.20.2.46.81.1.51.1.2.62.65.47.66.51.7.65.40.51.71.20.26.50.71.8.35.51.66.xover.mutate.done 50
 generation 31.93.90.92.90.90.90.91.91.90.90.41.52.45.30.45.52.60.52.14.88.38.4.6.2.53.2.67.56.36.90.24.2.24.76.50.42.37.34.52.52.7.50.72.40.6.8.51.2.2.2.xover.mutate.done 50
 generation 32.94.94.95.95.92.94.94.94.94.92.91.81.54.94.2.24.9.16.88.2.0.50.12.10.2.52.78.2.57.94.45.52.9.2.0.31.9.7.2.0.22.56.0.63.43.48.70.51.21.2.xover.mutate.done 50
 generation 33.92.92.94.90.91.91.91.92.93.91.2.2.10.52.39.82.4.52.83.51.6.4.4.47.52.52.29.17.4.4.52.63.61.77.52.25.55.52.17.26.29.52.51.91.42.52.47.4.52.59.xover.mutate.done 50
 generation 34.92.90.89.89.88.87.87.87.90.87.43.50.59.73.38.3.11.56.35.31.36.50.25.47.60.87.88.51.53.68.53.52.7.17.14.53.53.53.49.12.85.50.3.53.6.38.6.7.61.50.xover.mutate.done 50
 generation 35.94.93.92.91.92.93.93.93.93.93.4.11.51.46.11.23.89.51.14.4.4.12.90.4.4.13.51.53.26.53.53.54.55.53.53.55.51.34.69.27.12.73.4.64.15.51.8.51.53.51.xover.mutate.done 50
 generation 36.94.94.92.92.92.92.92.92.92.92.12.17.47.2.52.61.11.51.60.50.50.50.2.32.50.55.12.27.55.50.2.11.9.26.61.14.8.14.23.95.51.15.52.10.50.68.2.50.59.2.xover.mutate.done 50
 generation 37.96.95.95.95.95.95.95.95.95.95.63.50.22.22.2.19.54.2.27.51.37.8.10.50.8.63.43.51.57.48.45.36.2.2.74.48.2.2.45.47.8.51.51.21.41.1.60.47.2.51.xover.mutate.done 50
 generation 38.89.93.89.90.90.92.92.92.87.91.1.46.1.11.15.5.1.50.42.36.54.33.7.51.1.47.5.1.64.63.6.92.92.1.0.29.41.4.52.23.1.49.50.12.49.48.7.50.15.75.xover.mutate.done 50
 generation 39.92.92.92.92.92.92.93.92.92.88.1.23.45.31.59.23.12.29.1.56.1.1.8.11.12.39.31.50.46.11.50.71.92.37.37.35.48.49.50.29.1.50.1.1.8.24.32.50.46.55.xover.mutate.done 50
 generation 40.94.94.94.94.94.94.93.93.93.94.17.14.46.17.51.7.1.12.51.31.72.6.31.46.1.49.49.9.50.8.50.1.8.69.8.5.1.66.0.14.1.45.94.50.30.6.2.69.9.47.xover.mutate.done 50
 generation 41.92.94.94.94.94.94.94.94.93.93.53.1.21.1.89.1.1.50.4.4.73.6.0.38.50.1.1.51.47.5.3.67.1.76.44.57.30.1.20.38.35.1.1.5.38.12.50.1.53.1.xover.mutate.done 50
 generation 42.86.93.93.93.93.93.93.92.93.92.14.1.49.3.46.15.10.52.20.11.34.86.33.9.9.64.19.1.56.50.50.35.70.30.3.50.50.72.3.52.26.3.41.49.9.34.1.20.50.11.xover.mutate.done 50
 generation 43.95.95.95.95.95.95.95.95.92.95.95.51.1.49.11.51.49.2.1.9.57.2.2.19.50.30.51.30.40.51.44.59.2.1.51.29.1.49.9.14.15.67.26.8.5.2.51.10.63.34.xover.mutate.done 50
 generation 44.90.90.90.90.90.90.90.90.90.90.26.15.56.2.4.16.32.22.55.47.11.46.48.42.21.48.24.49.7.0.62.90.1.44.43.1.1.31.1.1.44.13.1.48.41.4.1.1.51.41.xover.mutate.done 50
 generation 45.96.96.96.96.96.96.93.95.97.96.44.1.65.50.1.51.1.96.96.39.13.1.1.1.96.10.51.1.4.1.4.20.7.22.1.6.0.1.50.8.1.49.4.56.18.4.67.1.23.42.xover.mutate.done 50
 generation 46.91.93.93.93.93.93.93.93.93.93.1.50.11.50.20.3.51.3.40.49.78.26.11.45.50.50.3.3.2.20.1.10.49.3.73.3.48.93.18.3.9.23.26.9.3.1.51.23.3.93.xover.mutate.done 50
 generation 47.94.94.94.94.94.94.94.94.93.94.80.3.5.54.68.3.28.19.44.15.8.10.3.3.3.50.0.3.5.7.3.12.49.0.50.15.48.11.3.21.13.62.3.3.53.49.3.53.53.3.xover.mutate.done 50
 generation 48.95.95.95.95.95.95.95.95.95.95.0.29.49.0.58.38.0.0.0.69.50.6.0.0.0.0.0.47.0.0.50.58.56.74.14.13.7.8.49.49.44.27.7.31.40.40.93.0.56.56.xover.mutate.done 50
 generation 49.93.93.93.93.93.93.93.93.93.93.50.87.11.51.0.24.4.3.33.0.53.1.50.0.14.0.11.12.3.91.1.31.47.34.2.60.38.51.27.45.86.1.1.16.9.50.78.1.6.1.xover.mutate.done 50
 35017669 iters     713958 iter/sec (49.05 s)
 total time: 49.05
