% Ministry of Cellular Automata
% Project Deux (CS523 Spring 2015)
% Version:v0.1-66-g3e0f-dirty
%  pop:50
%  ic count:100
%  CA Log option:r3/run43
%  width:121
%  max workers:4
%  radius:3
%  iterations:300
%  generations:50

 generation 0.2.0.0.2.2.0.2.0.0.50.0.0.2.2.0.2.0.0.0.2.2.0.2.2.2.2.2.50.0.2.50.2.2.0.0.0.50.0.50.2.2.2.2.2.50.2.2.2.0.2.xover.mutate.done 50
 generation 1.50.50.50.50.50.50.0.0.0.0.0.0.0.0.50.0.0.0.0.0.0.0.49.0.0.0.0.0.0.0.0.0.0.0.50.0.0.10.0.27.50.4.3.0.0.0.0.0.0.0.xover.mutate.done 50
 generation 2.50.50.50.50.50.50.50.50.50.50.0.1.50.51.0.39.32.50.51.60.0.11.1.56.0.1.1.1.1.0.1.1.0.9.1.1.27.1.1.0.21.1.17.1.1.10.0.0.50.0.xover.mutate.done 50
 generation 3.61.56.50.50.50.50.50.50.50.50.50.0.50.50.0.0.0.0.50.50.8.0.0.50.49.50.50.47.0.0.0.0.0.50.50.35.0.0.11.0.0.50.0.50.0.0.0.50.50.0.xover.mutate.done 50
 generation 4.57.57.52.52.50.50.50.50.50.50.3.3.50.2.50.50.51.50.2.50.1.50.3.1.31.3.3.3.50.3.13.3.1.52.52.1.50.2.1.50.50.52.3.50.34.50.10.52.52.1.xover.mutate.done 50
 generation 5.56.52.51.51.51.51.51.51.51.46.19.10.34.51.50.51.2.1.51.50.51.1.50.2.50.1.50.2.50.2.2.2.1.2.1.1.9.34.1.2.1.50.50.1.2.51.50.50.50.1.xover.mutate.done 50
 generation 6.60.50.51.51.51.51.51.51.51.51.13.2.1.1.14.51.1.50.1.8.1.51.50.2.2.1.1.50.1.2.2.50.2.4.2.25.1.2.2.1.2.51.2.2.32.50.1.51.2.2.xover.mutate.done 50
 generation 7.65.50.50.50.50.50.50.50.50.50.50.17.24.50.20.1.7.50.1.0.50.21.50.27.50.0.50.51.0.50.5.50.0.1.50.1.7.1.1.50.50.1.1.1.50.1.50.11.1.1.xover.mutate.done 50
 generation 8.58.51.50.50.50.50.50.50.50.50.50.50.50.50.50.50.1.1.1.50.0.1.50.1.50.50.1.1.9.50.1.1.1.1.34.1.50.9.50.0.50.50.50.50.1.50.20.1.1.6.xover.mutate.done 50
 generation 9.70.50.50.50.50.50.50.50.50.50.0.0.50.0.50.0.50.0.50.0.50.50.0.50.19.50.0.50.0.50.0.10.4.0.0.50.50.0.0.50.0.50.0.50.0.50.50.50.50.0.xover.mutate.done 50
 generation 10.59.50.50.50.50.50.50.50.50.50.18.0.0.0.50.50.0.0.50.0.0.0.0.0.50.0.0.0.0.0.50.0.50.50.27.50.0.0.0.0.0.0.0.50.50.0.50.50.0.0.xover.mutate.done 50
 generation 11.49.50.50.50.50.50.50.50.50.50.50.0.0.50.0.0.0.50.0.0.0.0.50.0.50.50.0.50.50.0.50.0.50.50.50.0.0.0.46.20.50.0.0.2.0.0.0.50.0.50.xover.mutate.done 50
 generation 12.52.50.50.50.50.50.50.50.50.50.13.2.10.2.2.50.3.2.50.2.40.2.50.0.0.50.2.50.50.2.50.2.2.50.2.0.2.0.50.50.2.50.0.2.2.14.8.12.50.2.xover.mutate.done 50
 generation 13.50.51.51.51.51.51.51.51.51.51.51.51.51.51.51.50.51.3.48.1.1.51.15.50.51.15.0.0.0.0.0.1.1.1.1.1.0.50.50.12.50.1.1.50.51.50.50.49.51.22.xover.mutate.done 50
 generation 14.51.51.51.51.51.51.51.51.51.51.51.1.50.50.51.1.51.1.0.50.51.51.1.51.1.51.1.51.51.50.51.1.0.0.51.51.0.51.0.50.1.1.1.51.51.1.50.1.50.0.xover.mutate.done 50
 generation 15.51.51.51.51.51.51.51.51.51.51.51.2.3.50.50.51.51.51.12.3.51.1.50.2.50.1.51.3.51.51.51.2.3.44.3.51.51.51.51.39.51.51.51.50.50.51.3.50.51.2.xover.mutate.done 50
 generation 16.51.51.51.51.51.51.51.51.51.51.4.4.51.51.4.4.51.51.50.4.51.4.4.4.3.4.51.3.4.4.4.51.26.4.50.4.51.1.31.4.51.50.51.50.51.4.51.4.50.51.xover.mutate.done 50
 generation 17.51.51.51.51.51.51.51.51.51.51.2.51.2.2.51.2.2.1.2.2.2.51.51.3.51.50.51.2.51.50.2.26.1.51.2.51.2.2.2.51.50.2.1.50.2.1.50.51.2.51.xover.mutate.done 50
 generation 18.50.50.50.50.50.50.50.50.50.50.0.50.0.0.50.0.50.50.0.0.0.0.50.0.0.3.14.22.50.50.0.50.50.50.50.0.0.43.0.50.0.50.50.50.42.0.50.50.0.50.xover.mutate.done 50
 generation 19.51.51.51.51.51.51.51.51.51.51.16.1.51.1.51.10.35.51.1.51.1.18.1.34.1.51.51.51.0.1.1.0.51.20.51.1.18.50.51.51.18.1.50.1.1.14.51.1.51.0.xover.mutate.done 50
 generation 20.51.51.51.51.51.51.51.51.51.51.51.2.51.1.2.51.16.1.50.51.51.51.51.50.12.2.51.2.49.1.2.6.2.2.51.1.2.2.2.7.2.2.50.1.51.1.15.51.51.51.xover.mutate.done 50
 generation 21.50.50.50.50.50.50.50.50.50.50.0.50.1.50.50.0.50.50.50.0.0.50.0.0.1.0.50.50.50.1.0.0.39.1.1.50.1.50.0.50.0.50.15.50.0.0.50.50.50.1.xover.mutate.done 50
 generation 22.51.51.51.51.51.51.51.51.51.51.51.51.51.51.51.51.4.4.51.51.51.1.4.51.51.1.51.51.51.4.23.51.51.1.51.4.50.51.1.4.51.51.51.50.51.49.4.1.3.4.xover.mutate.done 50
 generation 23.51.51.51.51.51.51.51.51.51.51.19.2.2.19.51.1.2.2.1.51.1.51.51.2.51.51.2.2.2.51.1.51.2.51.51.2.51.20.51.51.51.51.1.51.51.1.22.2.50.1.xover.mutate.done 50
 generation 24.52.52.52.52.52.52.52.52.52.52.52.2.2.52.2.35.50.2.2.52.52.52.2.52.52.52.52.2.52.52.2.2.2.52.50.2.52.2.52.52.2.2.2.52.52.52.52.50.2.2.xover.mutate.done 50
 generation 25.52.52.52.52.52.52.52.52.52.52.1.52.3.52.52.52.2.3.52.3.52.52.52.52.3.52.1.52.52.1.52.52.52.52.1.3.31.50.52.3.52.3.41.52.50.8.3.52.3.52.xover.mutate.done 50
 generation 26.52.52.52.52.52.52.52.52.52.52.4.39.52.52.2.4.2.52.52.52.4.4.52.4.4.4.52.2.2.52.38.4.52.52.52.4.4.20.52.2.52.52.52.52.50.4.2.52.4.52.xover.mutate.done 50
 generation 27.50.50.50.50.50.50.50.50.50.50.50.0.50.2.50.50.50.2.0.2.50.50.50.9.50.50.49.50.50.0.0.45.50.2.50.50.50.50.2.50.50.0.50.0.2.50.50.50.50.2.xover.mutate.done 50
 generation 28.50.50.50.50.50.50.50.50.50.50.50.50.14.7.1.50.37.50.16.50.24.1.1.50.1.1.50.0.1.1.50.50.50.1.50.50.50.50.50.50.50.0.50.1.48.50.0.0.36.50.xover.mutate.done 50
 generation 29.50.50.50.50.50.50.50.50.50.50.0.50.50.1.50.50.18.50.50.1.0.1.50.35.0.0.1.50.50.50.50.1.1.50.50.1.19.50.50.1.50.50.50.50.50.50.1.49.0.50.xover.mutate.done 50
 generation 30.51.51.51.51.51.51.51.51.51.51.1.51.51.51.51.1.1.1.39.51.51.0.1.51.51.51.50.41.50.51.50.51.50.1.50.1.35.51.4.51.1.1.51.50.51.51.50.1.44.51.xover.mutate.done 50
 generation 31.51.51.51.51.51.51.51.51.51.51.50.50.1.50.51.51.51.51.50.0.43.47.51.51.51.1.51.51.51.11.51.51.51.51.51.51.1.1.44.50.51.50.50.1.51.1.50.42.1.25.xover.mutate.done 50
 generation 32.52.52.52.52.52.52.52.52.52.52.52.2.5.52.50.16.50.5.52.52.52.52.5.52.41.52.15.5.32.52.5.52.52.52.52.52.11.52.52.5.52.52.52.52.52.52.9.5.52.50.xover.mutate.done 50
 generation 33.50.50.50.50.50.50.50.50.50.50.50.1.50.50.1.1.50.50.7.1.50.1.50.50.50.0.1.50.50.50.50.1.50.1.30.50.50.50.50.50.50.1.50.1.50.31.50.50.1.8.xover.mutate.done 50
 generation 34.50.50.50.50.50.50.50.50.50.50.50.50.3.3.50.3.50.50.50.50.50.50.50.3.8.0.50.3.50.3.50.3.3.50.50.3.50.3.3.50.50.3.3.50.50.34.15.50.50.50.xover.mutate.done 50
 generation 35.50.50.50.50.50.50.50.50.50.50.50.50.50.50.50.50.0.50.50.0.0.50.50.0.50.50.0.50.0.50.50.0.50.0.0.50.50.50.50.50.50.0.50.0.50.3.50.50.0.0.xover.mutate.done 50
 generation 36.50.50.50.50.50.50.50.50.50.50.0.50.0.1.50.0.50.50.0.50.20.0.50.50.50.0.0.50.0.50.50.29.8.0.50.50.50.0.50.0.48.50.50.50.50.50.50.50.50.50.xover.mutate.done 50
 generation 37.50.50.50.50.50.50.50.50.50.50.2.9.50.2.0.50.2.50.50.50.50.50.4.2.2.2.50.50.2.50.50.2.2.2.50.50.2.39.50.50.0.2.50.50.2.50.2.2.50.2.xover.mutate.done 50
 generation 38.51.51.51.51.51.51.51.51.51.51.2.51.50.1.51.50.50.50.51.51.2.2.2.51.51.3.51.19.50.50.50.50.51.3.51.51.50.50.17.51.2.3.3.51.51.50.3.2.51.1.xover.mutate.done 50
 generation 39.50.50.50.50.50.50.50.50.50.50.50.50.50.1.50.35.50.0.8.1.50.1.50.1.8.50.1.1.50.50.1.50.50.1.50.4.50.50.1.1.35.13.50.50.50.50.50.1.1.1.xover.mutate.done 50
 generation 40.52.52.52.52.52.52.52.52.52.52.52.11.50.5.6.52.52.6.21.41.4.6.17.52.17.6.52.6.6.6.6.52.4.52.50.52.4.52.52.20.12.4.52.52.50.6.52.50.52.6.xover.mutate.done 50
 generation 41.51.51.51.51.51.51.51.51.51.51.1.51.51.51.0.50.12.51.51.7.51.1.51.51.51.51.1.50.35.51.0.26.1.1.50.1.1.50.0.51.24.0.51.10.1.51.28.1.1.50.xover.mutate.done 50
 generation 42.52.52.52.52.52.52.52.52.52.52.50.52.2.52.52.2.52.2.49.52.52.52.52.52.2.50.11.52.2.26.52.52.52.52.2.52.52.52.52.2.51.18.52.52.50.2.50.51.52.2.xover.mutate.done 50
 generation 43.50.50.50.50.50.50.50.50.50.50.0.0.50.20.50.50.50.42.12.50.50.0.12.50.50.50.38.0.0.0.50.50.50.50.0.50.0.50.17.50.13.50.50.50.50.50.0.0.50.0.xover.mutate.done 50
 generation 44.52.52.52.52.52.52.52.52.52.52.52.52.52.2.52.2.52.2.52.2.52.52.0.52.52.52.52.52.2.52.52.52.52.2.2.52.52.52.13.52.52.52.2.2.2.52.19.15.52.50.xover.mutate.done 50
 generation 45.50.50.50.50.50.50.50.50.50.50.0.50.0.50.50.18.50.0.50.50.50.50.50.50.0.0.50.50.36.50.28.50.50.50.50.50.50.50.50.50.50.0.50.50.50.0.50.50.28.50.xover.mutate.done 50
 generation 46.50.50.50.50.50.50.50.50.50.50.0.50.0.50.0.7.0.50.50.50.50.50.50.0.50.50.0.50.0.50.50.50.0.50.50.50.0.0.50.50.0.47.50.50.50.50.50.50.0.50.xover.mutate.done 50
 generation 47.51.51.51.51.51.51.51.51.51.51.50.51.51.51.2.50.51.51.50.51.34.51.2.51.51.51.50.51.51.51.51.51.2.51.51.51.51.51.2.51.50.51.2.51.51.51.51.51.51.50.xover.mutate.done 50
 generation 48.51.51.51.51.51.51.51.51.51.51.51.51.51.1.51.50.50.1.50.51.51.1.1.51.51.50.51.51.51.1.51.13.17.51.1.51.1.1.51.51.1.51.51.19.1.51.51.1.51.51.xover.mutate.done 50
 generation 49.51.51.51.51.51.51.51.51.51.51.50.50.51.50.25.51.1.51.51.51.51.1.1.17.1.0.1.51.50.51.1.1.51.51.1.0.1.50.1.1.51.0.51.0.1.27.14.1.50.51.xover.mutate.done 50
 27614808 iters     696818 iter/sec (39.63 s)
 total time: 39.63
