0.8046875 0.1484375 0.3515625 0.4296875 0.5703125 0.21875 0.125 0.1171875 0.421875 0.984375 
0.984375 0.9921875 0.015625 0.9921875 0.8984375 0.0 0.8046875 0.4296875 0.5703125 0.125 
0.984375 0.9921875 0.015625 0.9921875 0.8984375 0.0 0.09375 0.984375 0.203125 0.484375 
0.7890625 0.03125 0.9140625 0.859375 0.984375 0.9921875 0.015625 0.9921875 0.8984375 0.0 
0.7890625 0.03125 0.9140625 0.859375 0.984375 0.9921875 0.015625 0.9921875 0.8984375 0.0 
0.7890625 0.03125 0.9140625 0.859375 0.7890625 0.9140625 0.96875 0.8984375 0.7578125 0.125 
0.7890625 0.03125 0.9140625 0.859375 0.7890625 0.9140625 0.96875 0.8984375 0.7578125 0.953125 
0.7890625 0.9140625 0.859375 0.7890625 0.9140625 0.96875 0.8984375 0.7578125 0.953125 0.7734375 
0.7890625 0.265625 0.9140625 0.859375 0.7890625 0.9140625 0.96875 0.8984375 0.7578125 0.953125 
0.7890625 0.265625 0.9140625 0.859375 0.7890625 0.9140625 0.96875 0.8984375 0.7578125 0.953125 
0.7890625 0.265625 0.9140625 0.859375 0.7890625 0.9140625 0.96875 0.8984375 0.7578125 0.953125 
0.7890625 0.265625 0.9140625 0.859375 0.7890625 0.9140625 0.96875 0.8984375 0.7578125 0.953125 
0.265625 0.9140625 0.859375 0.7890625 0.9140625 0.96875 0.8984375 0.7578125 0.953125 0.90625 
0.265625 0.9140625 0.859375 0.7890625 0.9140625 0.96875 0.8984375 0.7578125 0.953125 0.90625 
0.9140625 0.859375 0.7890625 0.9140625 0.96875 0.8984375 0.7578125 0.953125 0.90625 0.8203125 
0.9140625 0.859375 0.7890625 0.9140625 0.96875 0.8984375 0.7578125 0.953125 0.90625 0.8203125 
0.9140625 0.859375 0.7890625 0.9140625 0.96875 0.8984375 0.7578125 0.953125 0.90625 0.8203125 
0.9140625 0.859375 0.7890625 0.9140625 0.96875 0.8984375 0.7578125 0.953125 0.90625 0.8203125 
0.9140625 0.859375 0.7890625 0.9140625 0.96875 0.8984375 0.7578125 0.953125 0.90625 0.8203125 
0.9140625 0.859375 0.7890625 0.9140625 0.96875 0.8984375 0.7578125 0.953125 0.90625 0.8203125 
0.9140625 0.859375 0.7890625 0.9140625 0.96875 0.8984375 0.7578125 0.953125 0.90625 0.8203125 
0.9140625 0.859375 0.7890625 0.9140625 0.96875 0.8984375 0.7578125 0.953125 0.90625 0.8203125 
0.9140625 0.859375 0.7890625 0.9140625 0.96875 0.8984375 0.7578125 0.953125 0.90625 0.8203125 
0.9140625 0.859375 0.7890625 0.9140625 0.96875 0.8984375 0.7578125 0.953125 0.90625 0.8203125 
0.9140625 0.859375 0.7890625 0.9140625 0.96875 0.8984375 0.7578125 0.953125 0.90625 0.8203125 
0.9140625 0.859375 0.7890625 0.9140625 0.96875 0.8984375 0.7578125 0.953125 0.90625 0.8203125 
0.9140625 0.859375 0.7890625 0.9140625 0.96875 0.8984375 0.7578125 0.953125 0.90625 0.8203125 
0.9140625 0.859375 0.7890625 0.9140625 0.96875 0.8984375 0.7578125 0.953125 0.90625 0.8203125 
0.9140625 0.859375 0.7890625 0.9140625 0.96875 0.8984375 0.7578125 0.953125 0.90625 0.8203125 
0.9140625 0.859375 0.7890625 0.9140625 0.96875 0.8984375 0.7578125 0.953125 0.90625 0.8203125 
0.9140625 0.859375 0.7890625 0.9140625 0.96875 0.8984375 0.7578125 0.953125 0.90625 0.8203125 
0.9140625 0.859375 0.7890625 0.9140625 0.96875 0.8984375 0.7578125 0.953125 0.90625 0.8203125 
0.9140625 0.859375 0.7890625 0.9140625 0.96875 0.8984375 0.7578125 0.953125 0.90625 0.8203125 
0.9140625 0.859375 0.7890625 0.9140625 0.96875 0.8984375 0.7578125 0.953125 0.90625 0.8203125 
0.9140625 0.859375 0.7890625 0.9140625 0.96875 0.8984375 0.7578125 0.953125 0.90625 0.8203125 
0.9140625 0.859375 0.7890625 0.9140625 0.96875 0.8984375 0.7578125 0.953125 0.90625 0.8203125 
0.9140625 0.859375 0.7890625 0.9140625 0.96875 0.8984375 0.7578125 0.953125 0.90625 0.8203125 
0.9140625 0.859375 0.7890625 0.9140625 0.96875 0.8984375 0.7578125 0.953125 0.90625 0.8203125 
0.9140625 0.859375 0.7890625 0.9140625 0.96875 0.8984375 0.7578125 0.953125 0.90625 0.8203125 
0.9140625 0.859375 0.7890625 0.9140625 0.96875 0.8984375 0.7578125 0.953125 0.90625 0.8203125 
0.9140625 0.859375 0.7890625 0.9140625 0.96875 0.8984375 0.7578125 0.953125 0.90625 0.8203125 
0.9140625 0.859375 0.7890625 0.9140625 0.96875 0.8984375 0.7578125 0.953125 0.90625 0.8203125 
0.9140625 0.859375 0.7890625 0.9140625 0.96875 0.8984375 0.7578125 0.953125 0.90625 0.8203125 
0.9140625 0.859375 0.7890625 0.9140625 0.96875 0.8984375 0.7578125 0.953125 0.90625 0.8203125 
0.9140625 0.859375 0.7890625 0.9140625 0.96875 0.8984375 0.7578125 0.953125 0.90625 0.8203125 
0.9140625 0.859375 0.7890625 0.9140625 0.96875 0.8984375 0.7578125 0.953125 0.90625 0.8203125 
0.9140625 0.859375 0.7890625 0.9140625 0.96875 0.8984375 0.7578125 0.953125 0.90625 0.8203125 
0.9140625 0.859375 0.7890625 0.9140625 0.96875 0.8984375 0.7578125 0.953125 0.90625 0.8203125 
0.9140625 0.859375 0.7890625 0.9140625 0.96875 0.8984375 0.7578125 0.953125 0.90625 0.8203125 
0.9140625 0.859375 0.7890625 0.9140625 0.96875 0.8984375 0.7578125 0.953125 0.90625 0.8203125 
