0.0078125 0.71875 0.6796875 0.984375 0.8828125 0.71875 0.71875 0.765625 0.5859375 0.7109375 
0.0078125 0.984375 0.9765625 0.9765625 0.2265625 0.8046875 0.71875 0.015625 0.859375 0.6796875 
0.71875 0.75 0.0703125 0.0078125 0.984375 0.9765625 0.9765625 0.2265625 0.8046875 0.71875 
0.71875 0.75 0.0703125 0.0078125 0.984375 0.9765625 0.9765625 0.2265625 0.8046875 0.71875 
0.71875 0.75 0.0703125 0.6640625 0.6484375 0.6875 0.7109375 0.7109375 0.71875 0.3359375 
0.0703125 0.3359375 0.40625 0.328125 0.71875 0.75 0.6640625 0.6484375 0.6875 0.7109375 
0.0703125 0.3359375 0.40625 0.328125 0.3046875 0.71875 0.75 0.6640625 0.6484375 0.6875 
0.0703125 0.3359375 0.40625 0.328125 0.3046875 0.3984375 0.3671875 0.71875 0.75 0.6640625 
0.0703125 0.3359375 0.40625 0.328125 0.3046875 0.3984375 0.3671875 0.3359375 0.3515625 0.71875 
0.4296875 0.71875 0.6796875 0.7109375 0.7578125 0.0703125 0.3359375 0.40625 0.328125 0.3046875 
0.421875 0.4296875 0.71875 0.6796875 0.7109375 0.7578125 0.0703125 0.3359375 0.40625 0.328125 
0.421875 0.71875 0.6796875 0.7109375 0.7578125 0.0703125 0.3359375 0.40625 0.328125 0.6953125 
0.421875 0.3984375 0.40625 0.71875 0.6796875 0.7109375 0.7578125 0.6953125 0.71875 0.6953125 
0.421875 0.3984375 0.390625 0.71875 0.6796875 0.7109375 0.7578125 0.6953125 0.71875 0.6953125 
0.421875 0.3984375 0.390625 0.4140625 0.71875 0.6796875 0.7109375 0.7578125 0.6953125 0.71875 
0.421875 0.4296875 0.3984375 0.390625 0.3984375 0.3984375 0.71875 0.6796875 0.7109375 0.7578125 
0.4375 0.421875 0.4296875 0.3984375 0.390625 0.3984375 0.390625 0.3984375 0.421875 0.40625 
0.4375 0.421875 0.4296875 0.3984375 0.390625 0.3984375 0.390625 0.421875 0.3984375 0.40625 
0.4609375 0.3984375 0.4375 0.4140625 0.421875 0.4296875 0.4375 0.3984375 0.390625 0.3984375 
0.4921875 0.4609375 0.4375 0.3984375 0.4375 0.40625 0.4140625 0.421875 0.4296875 0.3984375 
0.4453125 0.4453125 0.4921875 0.4609375 0.4375 0.3984375 0.4375 0.40625 0.4140625 0.421875 
0.4140625 0.4453125 0.4453125 0.4453125 0.4921875 0.4609375 0.3984375 0.4375 0.4140625 0.421875 
0.4140625 0.4453125 0.4453125 0.4453125 0.4453125 0.4921875 0.3984375 0.4375 0.4609375 0.4140625 
0.4765625 0.4453125 0.4453125 0.4453125 0.4453125 0.4140625 0.4921875 0.4609375 0.4375 0.4140625 
0.4140625 0.4765625 0.453125 0.4453125 0.4453125 0.4453125 0.4453125 0.4921875 0.4375 0.4140625 
0.421875 0.4140625 0.4765625 0.453125 0.4453125 0.4453125 0.4453125 0.4453125 0.4453125 0.4921875 
0.421875 0.4140625 0.4765625 0.4453125 0.4453125 0.4453125 0.4453125 0.4453125 0.453125 0.4921875 
0.4765625 0.421875 0.4140625 0.4765625 0.4921875 0.4453125 0.4453125 0.4453125 0.4453125 0.4453125 
0.3984375 0.4140625 0.4375 0.421875 0.4140625 0.4765625 0.4765625 0.4921875 0.4453125 0.4453125 
0.3984375 0.4140625 0.421875 0.4375 0.453125 0.4140625 0.4765625 0.4765625 0.4921875 0.4453125 
0.3984375 0.3984375 0.4140625 0.40625 0.4140625 0.4140625 0.421875 0.4375 0.421875 0.453125 
0.3984375 0.4140625 0.421875 0.4140625 0.4375 0.421875 0.3984375 0.3984375 0.40625 0.40625 
0.3984375 0.4140625 0.4140625 0.4375 0.421875 0.3984375 0.3984375 0.40625 0.3984375 0.4453125 
0.3984375 0.4140625 0.3984375 0.3984375 0.3984375 0.40625 0.390625 0.4140625 0.4140625 0.421875 
0.3984375 0.4140625 0.390625 0.4140625 0.421875 0.3984375 0.3984375 0.3984375 0.4375 0.421875 
0.3984375 0.3984375 0.3984375 0.40625 0.3984375 0.4140625 0.390625 0.4296875 0.421875 0.421875 
0.4140625 0.40625 0.4140625 0.390625 0.3828125 0.3984375 0.3984375 0.3984375 0.3984375 0.390625 
0.40625 0.40625 0.4140625 0.3828125 0.390625 0.4140625 0.390625 0.3984375 0.3984375 0.3984375 
0.40625 0.4140625 0.390625 0.4140625 0.421875 0.3828125 0.390625 0.3984375 0.3984375 0.3984375 
0.40625 0.3828125 0.4140625 0.390625 0.390625 0.4296875 0.4375 0.4140625 0.421875 0.3984375 
0.390625 0.4140625 0.3984375 0.40625 0.4140625 0.390625 0.3984375 0.40625 0.3828125 0.4296875 
0.3984375 0.390625 0.3984375 0.40625 0.3828125 0.40625 0.4140625 0.390625 0.4140625 0.4296875 
0.3984375 0.3828125 0.390625 0.3984375 0.40625 0.4140625 0.40625 0.390625 0.4296875 0.421875 
0.390625 0.4296875 0.3984375 0.390625 0.3984375 0.40625 0.4140625 0.40625 0.421875 0.3828125 
0.4140625 0.390625 0.3984375 0.40625 0.40625 0.3828125 0.390625 0.3984375 0.4296875 0.421875 
0.40625 0.4140625 0.3984375 0.4140625 0.3828125 0.390625 0.390625 0.3984375 0.40625 0.421875 
0.4140625 0.40625 0.4140625 0.3828125 0.390625 0.40625 0.3984375 0.390625 0.3984375 0.40625 
0.3828125 0.40625 0.40625 0.40625 0.4140625 0.390625 0.3984375 0.390625 0.3984375 0.4140625 
0.40625 0.4140625 0.3984375 0.390625 0.3984375 0.3828125 0.40625 0.40625 0.390625 0.4140625 
0.40625 0.4140625 0.3984375 0.390625 0.3984375 0.3828125 0.40625 0.4140625 0.40625 0.390625 
