% Ministry of Cellular Automata
% Project Deux (CS523 Spring 2015)
% Version:v0.1-66-g3e0f-dirty
%  pop:50
%  ic count:100
%  CA Log option:r3/run42
%  width:121
%  max workers:4
%  radius:3
%  iterations:300
%  generations:50

 generation 0.50.2.2.50.1.1.2.2.1.1.2.25.50.2.2.1.50.2.1.2.50.50.20.1.19.2.1.50.1.28.1.1.1.2.50.1.1.1.1.1.2.16.2.4.1.2.1.50.2.1.xover.mutate.done 50
 generation 1.50.50.50.50.50.50.50.50.50.26.2.4.4.4.2.50.7.50.34.50.50.10.4.50.2.50.4.50.2.4.7.2.26.4.4.52.4.50.20.2.50.50.2.52.4.52.4.50.14.4.xover.mutate.done 50
 generation 2.50.50.50.50.50.50.50.50.50.50.4.50.42.0.50.0.50.50.0.0.0.0.11.3.50.50.50.0.50.0.50.50.50.10.0.0.50.50.50.0.48.0.0.0.10.50.50.50.0.0.xover.mutate.done 50
 generation 3.51.51.51.50.50.50.50.50.50.50.51.51.1.1.51.2.50.1.6.1.6.51.51.51.1.51.1.1.2.50.50.1.2.50.50.50.51.2.50.1.50.1.50.2.20.1.1.51.1.50.xover.mutate.done 50
 generation 4.52.52.53.52.52.52.52.52.52.53.29.52.50.3.3.2.12.50.2.5.52.52.52.46.53.50.52.52.3.2.50.52.3.52.5.12.5.53.19.50.2.2.52.3.3.3.52.52.5.2.xover.mutate.done 50
 generation 5.51.51.51.51.50.50.50.50.50.50.50.50.50.1.50.1.50.1.1.50.50.50.50.0.11.1.1.1.50.0.50.50.50.50.0.1.1.50.1.35.1.1.1.50.11.18.51.50.0.1.xover.mutate.done 50
 generation 6.51.51.51.51.51.50.50.50.50.50.1.5.5.1.50.1.50.1.50.1.50.5.0.51.2.1.1.50.1.50.1.50.1.25.50.50.1.14.1.38.49.1.50.1.49.1.1.50.51.50.xover.mutate.done 50
 generation 7.51.51.51.51.51.51.51.50.50.50.50.50.1.15.1.50.50.50.48.0.1.50.51.50.1.50.50.49.50.1.1.50.50.51.1.1.0.1.1.1.1.1.50.6.1.1.50.1.50.1.xover.mutate.done 50
 generation 8.50.50.50.50.50.50.50.50.50.51.14.0.50.1.51.51.0.51.0.1.50.50.1.0.0.7.50.1.52.46.1.0.0.0.44.1.49.1.46.49.0.1.1.5.0.50.2.0.1.10.xover.mutate.done 50
 generation 9.53.52.52.52.52.52.52.52.52.52.2.4.8.2.50.52.21.8.52.56.52.52.52.2.50.4.2.45.2.16.2.2.4.52.2.2.52.2.2.4.2.17.4.7.4.2.4.4.52.4.xover.mutate.done 50
 generation 10.53.46.52.52.52.52.52.52.52.52.52.4.50.52.5.52.4.2.52.13.4.51.4.52.2.52.4.50.4.50.52.18.52.50.52.2.52.52.4.6.2.4.34.2.2.4.43.19.5.52.xover.mutate.done 50
 generation 11.57.51.51.51.51.50.50.50.50.51.4.1.15.50.50.40.4.45.32.1.1.7.50.1.1.51.1.26.50.1.1.50.5.14.1.14.54.41.5.52.29.8.1.1.51.43.50.1.0.50.xover.mutate.done 50
 generation 12.58.57.50.52.52.52.52.52.52.52.3.8.3.2.2.1.3.18.9.52.2.2.3.52.23.1.7.21.3.1.3.9.18.48.3.41.40.3.51.32.46.3.50.1.51.8.52.51.57.42.xover.mutate.done 50
 generation 13.63.57.57.50.50.50.50.50.50.50.45.0.0.50.33.13.11.54.50.0.11.50.0.50.0.0.50.0.0.49.0.10.50.50.7.0.0.0.7.0.0.50.4.50.7.0.0.0.50.0.xover.mutate.done 50
 generation 14.62.55.55.47.52.52.52.52.52.52.52.41.3.3.3.2.45.41.3.3.51.2.53.9.7.52.2.62.52.2.39.28.3.1.52.2.9.3.2.3.2.2.5.3.51.17.2.55.2.3.xover.mutate.done 50
 generation 15.57.57.56.56.56.54.50.50.50.50.7.6.0.50.2.2.50.56.2.50.0.50.50.2.52.40.2.58.8.2.20.7.12.2.52.2.6.2.2.50.26.0.50.43.2.2.7.0.11.2.xover.mutate.done 50
 generation 16.68.64.64.55.55.55.54.52.54.51.23.1.11.37.3.2.49.2.7.2.49.48.21.2.17.50.15.12.17.42.9.2.51.51.51.51.2.2.6.5.2.32.2.12.2.1.2.2.51.2.xover.mutate.done 50
 generation 17.59.57.57.54.54.54.54.51.51.50.1.0.51.15.60.57.9.1.8.41.54.50.8.51.1.51.1.1.1.47.0.54.58.1.1.31.1.1.1.10.17.26.8.69.54.13.54.1.1.48.xover.mutate.done 50
 generation 18.63.55.59.56.56.56.57.51.51.51.71.1.0.9.15.10.50.50.0.51.31.1.51.6.0.0.59.51.0.0.29.6.50.30.12.0.0.10.6.32.50.14.51.0.57.16.0.2.0.48.xover.mutate.done 50
 generation 19.72.64.60.57.57.57.57.57.57.55.2.46.2.34.51.53.5.5.7.2.75.2.11.8.43.2.1.57.25.11.4.39.2.1.2.4.12.8.5.52.5.75.11.54.54.1.44.34.57.51.xover.mutate.done 50
 generation 20.77.77.73.68.53.58.56.54.55.55.15.3.37.0.9.0.31.0.0.3.0.24.50.0.50.50.0.4.77.6.50.0.21.0.0.85.26.0.50.16.50.4.7.15.11.50.55.22.0.0.xover.mutate.done 50
 generation 21.86.81.81.81.71.57.59.58.57.57.1.3.7.6.50.1.1.6.27.13.1.0.0.51.1.50.0.51.31.0.6.0.48.1.46.1.1.0.15.1.54.1.8.51.51.50.26.81.51.50.xover.mutate.done 50
 generation 22.82.83.83.83.83.75.58.59.69.59.53.3.5.50.51.14.3.28.84.50.55.12.16.3.10.3.52.17.50.3.52.6.2.59.52.9.3.3.38.50.3.1.52.3.36.3.6.3.52.11.xover.mutate.done 50
 generation 23.81.76.76.76.76.84.75.59.60.60.80.46.9.1.7.1.51.1.0.1.1.50.40.6.1.1.30.0.1.50.10.51.1.18.51.1.1.51.7.4.49.51.50.7.12.11.51.58.0.51.xover.mutate.done 50
 generation 24.84.81.80.79.79.79.79.77.57.57.51.34.2.1.33.50.50.48.56.2.91.10.1.2.1.13.37.2.79.2.2.67.50.1.2.1.2.2.2.55.6.43.1.2.6.48.50.2.2.49.xover.mutate.done 50
 generation 25.91.82.80.76.77.77.77.77.77.72.50.50.7.41.6.6.0.50.38.0.37.35.21.0.52.0.47.54.3.10.0.37.35.0.50.11.50.16.39.0.31.0.8.50.0.50.50.38.4.0.xover.mutate.done 50
 generation 26.90.88.85.81.81.81.81.81.80.80.85.50.2.77.2.2.57.41.57.20.50.2.2.2.50.79.51.4.38.2.11.2.51.19.50.33.52.2.52.2.2.4.18.92.52.2.34.6.2.0.xover.mutate.done 50
 generation 27.89.92.90.83.79.79.79.79.79.79.48.7.40.6.17.11.6.1.1.31.3.98.0.66.50.0.0.51.0.50.1.3.51.0.31.51.58.0.98.50.13.1.1.79.1.1.1.51.96.16.xover.mutate.done 50
 generation 28.95.95.89.90.86.84.80.75.75.75.50.45.58.1.89.1.34.0.8.30.1.39.75.0.7.17.50.1.50.1.1.44.19.3.8.1.50.3.51.5.34.23.50.13.8.0.6.1.8.1.xover.mutate.done 50
 generation 29.94.94.88.88.86.92.85.84.82.78.50.11.93.50.55.50.0.88.17.38.50.0.50.23.0.0.95.37.0.13.0.0.50.61.93.0.0.0.50.11.59.0.7.16.7.0.9.7.4.44.xover.mutate.done 50
 generation 30.92.96.96.91.94.85.95.93.93.90.18.18.5.47.12.56.13.73.52.38.53.16.20.53.5.20.9.60.58.3.9.51.52.9.91.40.50.5.92.50.30.2.5.8.52.5.5.91.57.55.xover.mutate.done 50
 generation 31.93.93.89.92.91.89.90.90.89.90.53.11.56.72.83.83.90.52.88.3.57.25.91.11.45.50.52.51.45.52.50.50.3.46.51.52.87.64.10.52.3.43.10.42.17.48.90.10.2.4.xover.mutate.done 50
 generation 32.92.92.91.90.91.92.92.91.92.90.29.48.62.49.6.54.12.42.54.37.50.69.91.48.92.5.92.4.5.25.48.5.47.22.54.31.5.54.5.5.54.5.92.64.51.50.51.51.81.5.xover.mutate.done 50
 generation 33.94.94.93.93.93.92.94.92.94.94.50.50.18.38.0.44.0.93.58.50.50.92.50.50.44.88.92.12.90.50.40.38.42.6.47.0.50.0.41.4.0.50.0.93.50.92.50.58.0.0.xover.mutate.done 50
 generation 34.94.94.94.92.93.95.95.95.90.92.15.16.1.6.92.94.93.54.50.50.50.56.48.93.92.48.6.1.16.92.1.46.52.90.50.59.45.1.6.50.50.50.0.51.49.89.8.18.95.67.xover.mutate.done 50
 generation 35.92.92.92.93.92.93.92.92.90.91.93.94.1.18.90.49.32.90.42.51.5.91.21.29.47.7.5.1.3.55.92.6.45.20.1.93.1.14.50.53.67.37.32.42.51.66.1.4.1.1.xover.mutate.done 50
 generation 36.90.93.93.92.93.92.92.92.92.93.45.94.5.50.1.77.51.3.24.66.92.18.47.50.23.42.3.52.26.35.45.43.91.89.92.83.62.15.3.11.93.2.3.62.13.29.42.92.8.91.xover.mutate.done 50
 generation 37.89.83.88.84.88.85.84.84.84.84.1.51.40.54.59.1.1.17.53.1.10.1.39.14.1.27.51.21.51.51.1.50.41.1.51.1.58.85.1.84.22.1.21.47.1.1.38.5.1.36.xover.mutate.done 50
 generation 38.95.94.94.92.93.95.94.93.93.93.0.5.65.50.0.88.18.54.44.0.94.46.55.93.50.50.6.6.8.50.50.94.0.0.57.22.0.20.19.0.50.94.9.15.93.58.50.6.50.26.xover.mutate.done 50
 generation 39.89.88.89.91.89.88.88.88.86.89.52.27.26.29.0.50.14.20.1.69.1.63.1.1.90.50.20.68.77.52.89.0.16.50.2.27.59.18.1.90.50.24.1.50.16.16.1.50.50.1.xover.mutate.done 50
 generation 40.92.92.94.93.93.94.94.94.94.92.51.6.50.21.9.54.62.67.46.29.50.1.18.51.2.47.92.2.2.50.19.20.44.48.48.33.1.7.58.87.30.2.49.50.2.13.1.12.60.2.xover.mutate.done 50
 generation 41.97.95.95.95.96.93.95.93.91.93.10.50.50.90.20.90.44.0.92.53.50.49.43.24.50.59.50.6.18.6.6.0.50.50.84.50.53.44.50.48.50.0.4.50.49.0.0.44.12.53.xover.mutate.done 50
 generation 42.93.91.92.92.92.92.92.95.94.92.50.2.11.57.6.69.0.0.45.0.12.53.56.26.0.50.45.12.1.2.50.17.50.31.7.50.0.35.48.2.8.0.1.0.75.13.4.16.50.2.xover.mutate.done 50
 generation 43.95.94.95.97.97.97.98.96.94.96.1.50.9.93.2.51.19.51.2.53.19.56.76.13.2.17.42.2.13.51.4.50.2.11.62.49.50.50.2.75.50.2.62.51.2.1.12.2.51.59.xover.mutate.done 50
 generation 44.93.91.91.91.94.92.92.93.89.91.2.52.50.6.50.50.50.50.2.2.50.0.50.20.0.44.64.2.19.19.56.93.50.49.66.34.0.2.3.74.2.2.52.2.9.6.50.2.50.9.xover.mutate.done 50
 generation 45.96.97.95.96.96.96.95.95.96.93.0.8.39.15.50.5.38.57.0.49.0.50.45.0.21.48.0.0.50.56.93.50.21.0.48.6.45.50.34.95.24.64.22.6.30.50.28.0.54.13.xover.mutate.done 50
 generation 46.91.92.90.95.91.92.91.91.91.92.1.4.16.54.8.27.51.6.51.1.1.1.40.12.45.1.50.50.1.1.50.9.7.1.1.40.22.5.58.51.9.49.6.1.51.1.50.19.1.1.xover.mutate.done 50
 generation 47.88.90.88.86.90.83.89.89.89.83.52.4.9.4.50.4.4.23.52.49.52.48.51.5.24.58.52.61.33.52.20.11.52.46.50.4.8.4.52.50.4.2.52.23.62.23.11.12.2.52.xover.mutate.done 50
 generation 48.95.95.95.95.95.95.94.93.93.93.45.0.50.40.0.39.14.50.0.2.45.94.13.50.0.50.7.32.13.0.50.43.0.45.50.11.50.41.58.50.8.45.50.33.0.50.50.39.0.5.xover.mutate.done 50
 generation 49.91.89.89.87.87.85.87.88.88.89.57.84.67.17.11.40.50.49.50.44.50.60.39.51.66.50.16.45.50.42.1.50.34.52.44.43.50.73.45.0.24.52.15.62.81.6.15.45.9.50.xover.mutate.done 50
 36231980 iters     706270 iter/sec (51.30 s)
 total time: 51.30
