52 50 50 50 50 50 50 50 50 39 7 3 3 3 3 3 3 3 3 3 3 3 3 3 3 3 3 3 3 2 2 2 2 2 2 2 2 1 1 1 1 1 1 1 1 1 1 1 1 1 
52 52 52 52 51 51 51 50 50 50 50 50 50 50 50 50 50 50 50 50 40 28 27 19 10 3 3 3 3 3 3 3 3 3 3 3 3 3 2 2 2 2 2 2 2 2 2 1 1 1 
50 50 50 50 50 50 50 50 50 50 50 50 50 50 50 50 50 50 50 50 50 50 50 50 50 50 50 42 19 17 7 6 0 0 0 0 0 0 0 0 0 0 0 0 0 0 0 0 0 0 
51 51 51 51 51 51 51 50 50 50 50 50 50 50 50 50 50 50 50 50 50 50 50 50 50 50 50 35 21 18 1 1 1 1 1 1 1 1 1 1 1 0 0 0 0 0 0 0 0 0 
50 50 50 50 50 50 50 50 50 50 50 50 50 50 50 50 50 50 50 50 50 50 50 50 50 50 50 50 44 38 30 30 22 11 1 0 0 0 0 0 0 0 0 0 0 0 0 0 0 0 
60 51 51 51 51 51 51 51 51 51 51 51 51 51 51 51 51 50 50 50 50 50 50 50 47 45 45 42 18 14 13 13 6 5 4 1 1 1 1 1 1 1 1 1 1 1 0 0 0 0 
52 52 51 51 50 50 50 50 50 50 50 50 50 50 50 50 50 50 50 50 50 46 45 42 41 36 26 24 9 7 6 6 6 5 1 1 1 1 1 1 1 1 1 1 1 1 1 0 0 0 
88 53 53 53 50 50 50 50 50 50 50 50 50 50 50 50 50 50 50 50 50 50 50 50 49 47 47 45 43 32 28 0 0 0 0 0 0 0 0 0 0 0 0 0 0 0 0 0 0 0 
92 91 65 64 58 58 58 56 50 50 50 50 50 50 50 50 50 50 50 50 50 50 43 41 37 25 24 21 20 10 10 10 9 9 9 9 8 7 0 0 0 0 0 0 0 0 0 0 0 0 
93 93 92 90 64 60 58 57 57 53 53 52 51 51 51 51 51 51 51 51 51 51 51 51 50 50 48 46 45 45 38 37 36 32 8 7 7 6 2 2 2 2 2 2 2 2 1 1 1 1 
93 90 90 90 89 77 72 63 60 59 57 56 56 56 56 54 52 52 52 52 51 51 51 51 51 50 50 49 49 49 38 29 28 27 25 24 20 19 16 12 9 8 5 5 5 3 3 3 3 3 
94 92 92 91 90 88 88 88 78 76 73 65 63 60 57 55 55 53 52 52 52 52 51 51 51 50 50 49 36 27 26 24 24 22 20 17 9 9 8 8 7 6 4 3 3 3 3 1 1 1 
91 91 91 91 90 90 90 90 90 90 89 89 88 88 86 83 81 80 78 77 75 75 75 57 55 54 53 53 53 52 50 50 50 50 49 47 45 41 35 31 30 25 24 16 15 4 4 4 4 4 
89 89 89 89 88 88 88 87 87 86 84 84 82 82 82 79 68 61 60 52 52 50 50 50 50 50 50 50 47 46 45 39 38 37 35 34 34 33 31 29 24 21 16 14 14 11 4 2 2 2 
94 94 93 93 93 93 93 93 93 93 92 92 92 91 91 89 76 75 64 57 52 52 52 52 51 50 50 48 46 42 41 40 30 28 28 13 13 9 8 8 8 7 6 6 4 3 3 2 1 1 
96 96 95 95 95 95 95 95 94 94 94 93 93 93 93 92 92 81 77 77 75 65 63 59 52 52 52 52 50 48 42 41 40 35 34 31 29 17 10 10 5 3 3 3 3 3 3 1 1 1 
91 90 90 90 90 90 90 89 89 88 88 88 87 87 86 86 86 85 82 80 78 74 69 65 63 62 61 53 52 52 52 51 51 49 47 44 43 42 41 38 36 32 24 22 20 15 12 11 9 9 
94 92 91 91 91 91 91 91 91 91 91 89 89 88 88 88 88 86 79 77 74 70 65 61 60 59 58 52 52 52 51 51 51 51 50 50 49 49 43 42 41 33 28 27 19 19 13 3 3 2 
94 94 94 94 94 94 94 94 94 94 93 92 91 91 85 83 81 80 76 73 69 64 60 58 51 51 51 50 50 50 50 50 50 48 45 41 37 23 20 18 18 17 15 13 10 3 1 1 1 0 
93 92 92 92 92 92 92 92 91 91 90 89 88 86 85 84 84 74 70 70 70 69 66 59 59 54 51 51 51 51 51 51 51 46 37 37 35 35 33 26 24 24 22 14 10 6 2 2 1 1 
91 90 90 90 90 90 90 90 90 90 89 89 87 87 83 80 79 79 78 71 71 71 70 69 66 63 52 51 50 50 50 50 50 50 50 50 50 49 48 46 42 40 38 34 27 20 11 0 0 0 
91 91 91 91 91 91 90 90 90 89 88 88 87 87 83 73 70 59 55 53 51 51 50 50 50 50 50 50 50 48 46 46 46 42 39 35 27 13 10 9 5 1 1 1 1 1 1 1 1 0 
94 92 92 92 92 92 92 92 92 92 92 92 91 90 90 79 79 75 71 65 57 57 51 51 51 50 50 50 50 50 50 50 50 49 48 48 47 26 13 8 7 7 7 5 5 1 1 1 1 0 
89 89 89 89 88 88 88 88 88 85 84 69 68 59 58 50 50 50 50 50 50 50 50 50 50 50 50 48 45 38 35 34 29 28 26 26 21 11 6 1 0 0 0 0 0 0 0 0 0 0 
96 96 96 96 96 96 96 95 95 95 95 94 93 93 84 76 70 57 51 51 51 51 51 51 51 50 50 50 50 50 49 49 47 44 43 43 41 31 21 21 16 13 13 11 10 9 1 1 1 0 
95 95 95 95 95 95 95 95 95 95 95 95 95 94 94 91 88 83 74 72 66 65 62 52 52 52 52 52 52 50 50 50 50 46 44 38 22 22 21 18 9 9 9 9 9 7 2 2 2 2 
96 96 96 96 96 96 96 96 96 96 95 95 95 93 90 73 73 68 67 64 59 59 58 58 51 51 51 50 50 50 46 45 41 35 34 31 24 22 10 8 8 6 6 5 3 2 2 2 1 1 
94 92 92 92 92 92 92 92 92 92 92 92 90 89 87 87 83 82 81 77 75 75 70 67 64 60 57 51 51 51 50 50 50 50 50 48 45 43 41 41 32 29 24 18 1 1 1 1 1 0 
95 95 95 95 95 95 95 95 95 94 94 93 92 90 79 77 75 73 62 61 60 55 51 51 50 50 50 50 50 50 50 50 50 50 50 48 45 43 40 34 29 29 12 11 6 6 1 1 1 0 
94 94 94 94 94 94 94 94 94 94 94 94 94 93 91 90 90 78 78 77 73 72 71 68 67 67 65 58 58 55 50 50 50 50 50 50 50 37 32 31 28 25 24 22 12 3 0 0 0 0 
91 91 91 91 91 91 91 91 91 91 91 90 88 87 86 82 74 72 67 66 64 60 54 52 50 50 50 50 50 50 50 50 50 49 49 47 46 46 45 45 43 41 39 29 29 24 21 15 11 9 
89 89 88 88 88 88 88 88 88 88 88 85 84 83 75 74 73 70 59 54 54 54 54 51 51 51 50 50 50 50 48 48 48 46 42 39 32 28 24 21 21 13 12 11 11 10 7 5 5 4 
93 92 92 92 92 92 90 90 90 90 90 90 90 90 90 90 89 89 81 75 63 55 51 51 51 51 51 50 50 50 50 50 50 50 50 50 49 48 47 46 44 42 41 36 13 10 7 1 1 1 
93 93 93 93 93 93 93 93 93 93 91 91 89 86 86 85 84 75 74 69 67 56 52 51 50 50 50 50 50 50 48 47 47 46 46 42 34 25 25 20 15 15 14 9 9 7 3 3 3 3 
94 93 93 93 93 93 93 93 93 92 83 78 76 75 71 69 68 66 60 57 50 50 50 50 50 50 49 48 48 48 46 45 35 35 34 24 18 17 12 7 6 2 0 0 0 0 0 0 0 0 
88 88 88 88 88 88 88 87 87 87 87 87 81 77 76 75 67 55 50 50 50 50 50 49 49 48 48 45 41 30 20 17 9 8 8 7 7 7 6 6 2 1 0 0 0 0 0 0 0 0 
93 93 93 93 92 92 92 92 91 91 91 91 91 90 90 88 88 83 83 62 60 55 54 51 50 50 50 50 50 50 50 50 50 49 48 44 39 36 35 34 34 25 22 19 16 15 2 2 1 1 
93 92 91 91 91 91 91 91 91 91 91 90 89 87 85 81 72 70 68 66 65 64 63 58 55 54 50 50 50 50 50 50 50 43 41 39 29 27 26 25 20 18 14 4 1 1 1 1 1 1 
92 91 90 90 90 90 89 89 89 89 69 68 68 60 57 55 53 52 50 50 50 50 50 50 50 49 41 36 32 30 28 27 24 21 20 20 19 17 15 15 12 11 9 5 3 3 3 3 3 0 
90 87 87 87 87 86 86 85 85 85 85 85 84 78 72 71 69 67 64 59 56 55 54 50 50 50 50 50 50 48 46 43 43 42 36 34 30 23 21 14 13 13 9 8 7 7 7 4 0 0 
92 91 89 89 89 87 87 87 87 87 87 85 84 80 74 73 71 68 67 64 61 60 60 56 51 51 51 51 51 51 51 51 51 50 50 45 40 35 34 33 29 29 17 7 2 2 2 1 1 1 
97 97 97 97 96 95 95 95 95 95 95 95 89 84 84 78 73 69 69 64 59 59 53 52 51 50 50 50 50 49 49 49 48 48 47 43 40 40 35 35 29 29 28 20 19 17 14 4 4 1 
97 96 95 95 95 95 95 94 93 93 93 93 92 84 80 79 78 77 76 71 66 65 62 55 51 51 50 50 50 50 50 50 49 47 46 45 44 42 38 30 25 22 15 14 9 8 7 1 1 1 
93 93 92 92 92 92 92 92 92 92 91 91 91 90 79 76 75 68 61 59 58 56 56 55 50 50 50 50 50 50 50 50 47 46 44 39 30 22 18 7 5 5 3 3 2 0 0 0 0 0 
91 91 91 91 91 91 91 90 89 88 88 88 86 82 82 76 74 66 66 62 61 50 50 50 50 50 50 50 50 50 50 50 45 36 33 25 18 16 14 14 11 8 7 7 6 5 0 0 0 0 
92 91 90 90 90 90 90 90 90 90 90 90 89 84 78 74 71 65 57 56 52 52 52 52 51 51 51 50 50 50 50 47 42 41 30 28 27 20 19 18 17 15 14 10 9 9 8 4 3 1 
94 93 93 93 93 93 93 93 93 93 93 92 90 83 79 75 73 73 71 64 62 59 59 53 53 53 51 51 51 51 51 48 45 36 35 28 25 25 24 21 20 17 15 15 14 10 9 4 4 4 
96 96 96 96 96 96 95 94 94 94 94 94 92 84 79 78 77 76 75 72 70 69 68 64 64 61 51 50 50 50 49 48 48 47 45 41 39 33 33 30 27 18 16 13 7 7 1 1 1 1 
95 95 93 92 92 92 92 92 92 92 92 89 84 80 78 76 75 74 71 71 60 58 57 56 54 53 51 51 51 51 49 49 46 46 45 42 22 17 12 12 12 7 7 6 5 5 1 1 0 0 
94 92 90 90 90 90 90 90 90 90 88 86 85 83 80 78 75 75 72 69 62 59 57 57 50 50 50 50 50 50 49 49 44 42 42 24 23 22 20 20 16 10 10 10 1 1 1 1 1 0 
