0.984375 0.6796875 0.5078125 0.9921875 0.9609375 0.203125 0.0390625 0.859375 0.4453125 0.828125 
0.984375 0.9921875 0.0390625 0.828125 0.9765625 0.9375 0.140625 0.0390625 0.9296875 0.1640625 
0.984375 0.9921875 0.0390625 0.828125 0.9765625 0.9375 0.140625 0.0390625 0.9296875 0.1640625 
0.2265625 0.296875 0.75 0.75 0.984375 0.9921875 0.0390625 0.828125 0.9765625 0.9375 
0.578125 0.2265625 0.296875 0.3359375 0.3828125 0.75 0.75 0.984375 0.9921875 0.0390625 
0.578125 0.4296875 0.2265625 0.296875 0.3359375 0.3828125 0.75 0.75 0.984375 0.9921875 
0.578125 0.4296875 0.578125 0.2265625 0.296875 0.3359375 0.3828125 0.75 0.75 0.984375 
0.578125 0.578125 0.4296875 0.375 0.2265625 0.296875 0.3359375 0.3828125 0.75 0.75 
0.578125 0.4296875 0.375 0.375 0.578125 0.2265625 0.296875 0.3359375 0.3828125 0.3359375 
0.578125 0.4296875 0.375 0.578125 0.390625 0.390625 0.375 0.2265625 0.296875 0.3359375 
0.578125 0.375 0.390625 0.390625 0.3515625 0.578125 0.375 0.640625 0.6328125 0.4296875 
0.578125 0.375 0.390625 0.390625 0.578125 0.390625 0.390625 0.4296875 0.3515625 0.3828125 
0.578125 0.375 0.390625 0.390625 0.390625 0.390625 0.390625 0.3984375 0.4296875 0.3515625 
0.578125 0.375 0.3828125 0.390625 0.390625 0.390625 0.390625 0.390625 0.3984375 0.3515625 
0.4921875 0.578125 0.375 0.3828125 0.390625 0.390625 0.390625 0.390625 0.390625 0.3515625 
0.4921875 0.578125 0.375 0.3828125 0.390625 0.390625 0.390625 0.390625 0.390625 0.390625 
0.4921875 0.578125 0.390625 0.375 0.3828125 0.390625 0.390625 0.390625 0.390625 0.390625 
0.4921875 0.578125 0.390625 0.421875 0.3984375 0.375 0.3828125 0.390625 0.390625 0.390625 
0.4921875 0.578125 0.390625 0.421875 0.3984375 0.375 0.4140625 0.390625 0.375 0.3828125 
0.4921875 0.578125 0.390625 0.421875 0.3984375 0.3984375 0.3984375 0.375 0.4140625 0.390625 
0.5 0.4921875 0.578125 0.3984375 0.3984375 0.390625 0.421875 0.3984375 0.3828125 0.375 
0.4921875 0.5 0.578125 0.3984375 0.3984375 0.390625 0.421875 0.3984375 0.3828125 0.390625 
0.4921875 0.5 0.578125 0.3984375 0.3984375 0.390625 0.421875 0.3984375 0.3828125 0.390625 
0.4921875 0.5 0.578125 0.3984375 0.4296875 0.3984375 0.390625 0.421875 0.3984375 0.3828125 
0.4921875 0.5 0.578125 0.3984375 0.4296875 0.3984375 0.421875 0.3828125 0.390625 0.421875 
0.4921875 0.5 0.578125 0.4296875 0.3984375 0.3984375 0.3828125 0.390625 0.421875 0.4296875 
0.4921875 0.5 0.4453125 0.578125 0.3984375 0.4296875 0.4296875 0.3984375 0.3828125 0.390625 
0.4921875 0.4375 0.5 0.4453125 0.578125 0.4296875 0.3984375 0.3984375 0.3828125 0.390625 
0.4921875 0.4375 0.5078125 0.5 0.4453125 0.578125 0.46875 0.4296875 0.3984375 0.3828125 
0.4921875 0.4375 0.5 0.5078125 0.4453125 0.578125 0.453125 0.46875 0.3984375 0.4296875 
0.4921875 0.4375 0.5 0.5078125 0.578125 0.484375 0.4453125 0.4375 0.46875 0.4375 
0.453125 0.4375 0.453125 0.5078125 0.484375 0.484375 0.4921875 0.5 0.4453125 0.4609375 
0.453125 0.453125 0.4921875 0.4375 0.5 0.4609375 0.5078125 0.484375 0.484375 0.484375 
0.453125 0.453125 0.4921875 0.453125 0.5 0.4375 0.5078125 0.484375 0.484375 0.484375 
0.453125 0.453125 0.4921875 0.4375 0.5078125 0.453125 0.4921875 0.5 0.484375 0.484375 
0.453125 0.453125 0.4921875 0.4375 0.453125 0.5 0.484375 0.484375 0.4921875 0.5078125 
0.453125 0.453125 0.4921875 0.5078125 0.4375 0.453125 0.484375 0.484375 0.5 0.4921875 
0.453125 0.453125 0.4921875 0.4375 0.453125 0.5078125 0.4765625 0.484375 0.484375 0.5 
0.453125 0.453125 0.4375 0.4921875 0.4609375 0.5 0.453125 0.5078125 0.4765625 0.453125 
0.4921875 0.4609375 0.453125 0.453125 0.5 0.4375 0.453125 0.4765625 0.5078125 0.4453125 
0.484375 0.453125 0.453125 0.4609375 0.4375 0.5078125 0.4921875 0.5 0.453125 0.4453125 
0.484375 0.453125 0.453125 0.4609375 0.4375 0.5078125 0.4921875 0.5 0.453125 0.4453125 
0.484375 0.4609375 0.453125 0.453125 0.5 0.4375 0.4921875 0.453125 0.5078125 0.484375 
0.484375 0.453125 0.4609375 0.453125 0.453125 0.4921875 0.453125 0.5 0.4375 0.5078125 
0.484375 0.453125 0.4609375 0.453125 0.453125 0.4921875 0.453125 0.5 0.4375 0.5078125 
0.484375 0.453125 0.453125 0.4609375 0.4375 0.453125 0.4921875 0.453125 0.5 0.4609375 
0.484375 0.453125 0.453125 0.4609375 0.484375 0.453125 0.4921875 0.4375 0.453125 0.4609375 
0.484375 0.4609375 0.453125 0.453125 0.453125 0.484375 0.4765625 0.4921875 0.4375 0.453125 
0.484375 0.453125 0.4375 0.4609375 0.453125 0.453125 0.4609375 0.484375 0.4921875 0.453125 
0.484375 0.4609375 0.453125 0.453125 0.453125 0.4609375 0.4921875 0.484375 0.4375 0.453125 
