0.796875 0.859375 0.203125 0.1953125 0.4375 0.90625 0.109375 0.90625 0.328125 0.59375 
0.09375 0.0390625 0.0859375 0.8671875 0.0703125 0.0078125 0.015625 0.140625 1.0 0.859375 
0.09375 0.0390625 0.0859375 0.8671875 0.0703125 0.0078125 0.015625 0.140625 1.0 0.09375 
0.7578125 0.890625 0.09375 0.0390625 0.0859375 0.8671875 0.0703125 0.0078125 0.015625 0.140625 
0.7578125 0.890625 0.09375 0.0390625 0.0859375 0.8671875 0.0703125 0.0078125 0.015625 0.140625 
0.4453125 0.7578125 0.890625 0.09375 0.0390625 0.0859375 0.8671875 0.0703125 0.0078125 0.015625 
0.4453125 0.3125 0.7578125 0.890625 0.765625 0.859375 0.8359375 0.09375 0.0390625 0.0859375 
0.4453125 0.4453125 0.3125 0.7578125 0.890625 0.765625 0.859375 0.8359375 0.6796875 0.7734375 
0.4375 0.4453125 0.4453125 0.3125 0.7578125 0.890625 0.765625 0.859375 0.8359375 0.6796875 
0.4375 0.4453125 0.4453125 0.3125 0.34375 0.7578125 0.890625 0.765625 0.859375 0.8359375 
0.4375 0.4453125 0.4453125 0.3125 0.34375 0.7578125 0.890625 0.765625 0.859375 0.8359375 
0.4375 0.4453125 0.4453125 0.4453125 0.3125 0.34375 0.453125 0.453125 0.7578125 0.890625 
0.4375 0.4375 0.4375 0.4375 0.4453125 0.4453125 0.4375 0.4453125 0.3125 0.34375 
0.4375 0.4375 0.4375 0.4375 0.4140625 0.4453125 0.4453125 0.5546875 0.4609375 0.4375 
0.4140625 0.4453125 0.4375 0.4375 0.4375 0.4375 0.4375 0.4453125 0.4453125 0.53125 
0.4140625 0.4453125 0.4375 0.4375 0.4375 0.4375 0.4375 0.4453125 0.4453125 0.4453125 
0.4140625 0.4453125 0.4375 0.4375 0.4375 0.4375 0.4375 0.4453125 0.4375 0.4453125 
0.4140625 0.4453125 0.4375 0.4375 0.4375 0.4375 0.4375 0.4453125 0.4375 0.4453125 
0.4296875 0.4140625 0.4609375 0.4453125 0.4375 0.4375 0.4375 0.4375 0.4375 0.4453125 
0.4296875 0.4140625 0.4609375 0.4375 0.4375 0.4375 0.4375 0.4375 0.4453125 0.4375 
0.4375 0.4609375 0.4296875 0.4296875 0.4140625 0.4375 0.4375 0.4375 0.4375 0.4375 
0.4453125 0.4609375 0.4296875 0.4296875 0.4453125 0.421875 0.4375 0.4140625 0.4375 0.4375 
0.4296875 0.4609375 0.453125 0.4296875 0.4296875 0.4296875 0.4453125 0.421875 0.4140625 0.4375 
0.421875 0.4609375 0.4296875 0.4296875 0.4140625 0.453125 0.4453125 0.4375 0.4453125 0.4375 
0.4296875 0.4296875 0.4453125 0.4375 0.4453125 0.421875 0.4609375 0.4140625 0.453125 0.4609375 
0.4140625 0.4296875 0.4296875 0.4609375 0.4140625 0.4453125 0.421875 0.4375 0.4453125 0.453125 
0.4609375 0.4453125 0.4140625 0.4296875 0.4375 0.4296875 0.4609375 0.4140625 0.4453125 0.453125 
0.4609375 0.4453125 0.4140625 0.4296875 0.4140625 0.4140625 0.4296875 0.4375 0.4453125 0.453125 
0.4140625 0.4296875 0.4609375 0.4140625 0.4296875 0.4140625 0.4453125 0.4375 0.4453125 0.453125 
0.4296875 0.4296875 0.4375 0.4453125 0.46875 0.453125 0.4140625 0.4140625 0.4140625 0.4453125 
0.4140625 0.4453125 0.4296875 0.4296875 0.4140625 0.4296875 0.4140625 0.46875 0.453125 0.4453125 
0.453125 0.453125 0.4296875 0.4296875 0.4296875 0.4140625 0.46875 0.4140625 0.4140625 0.4453125 
0.4140625 0.4140625 0.4296875 0.46875 0.453125 0.453125 0.4453125 0.453125 0.4296875 0.4296875 
0.453125 0.453125 0.4140625 0.4296875 0.4140625 0.453125 0.4296875 0.4453125 0.4296875 0.46875 
0.4140625 0.4140625 0.4296875 0.3984375 0.4296875 0.4296875 0.453125 0.453125 0.4453125 0.453125 
0.4296875 0.4296875 0.4453125 0.453125 0.4140625 0.4140625 0.453125 0.453125 0.4609375 0.4296875 
0.453125 0.453125 0.453125 0.421875 0.4140625 0.453125 0.4140625 0.40625 0.453125 0.4296875 
0.453125 0.453125 0.453125 0.453125 0.421875 0.4140625 0.4140625 0.40625 0.40625 0.4296875 
0.421875 0.4140625 0.4140625 0.40625 0.40625 0.4296875 0.40625 0.453125 0.453125 0.453125 
0.4140625 0.40625 0.40625 0.453125 0.453125 0.453125 0.421875 0.4140625 0.4296875 0.40625 
0.4140625 0.4296875 0.40625 0.40625 0.421875 0.4140625 0.40625 0.453125 0.453125 0.453125 
0.40625 0.3984375 0.4140625 0.4296875 0.421875 0.4140625 0.40625 0.40625 0.453125 0.453125 
0.4140625 0.4140625 0.453125 0.453125 0.40625 0.421875 0.40625 0.40625 0.40625 0.3984375 
0.4140625 0.453125 0.453125 0.4140625 0.421875 0.40625 0.40625 0.3984375 0.421875 0.4375 
0.421875 0.3984375 0.453125 0.453125 0.4140625 0.421875 0.40625 0.40625 0.4375 0.4375 
0.3984375 0.4140625 0.421875 0.40625 0.40625 0.4375 0.421875 0.4375 0.4375 0.453125 
0.421875 0.4140625 0.3984375 0.421875 0.4375 0.4375 0.421875 0.4140625 0.40625 0.40625 
0.421875 0.421875 0.4140625 0.40625 0.40625 0.3984375 0.4375 0.4140625 0.4375 0.421875 
0.421875 0.421875 0.4375 0.4375 0.4140625 0.40625 0.40625 0.3984375 0.4140625 0.421875 
0.421875 0.421875 0.4375 0.4375 0.4140625 0.40625 0.40625 0.421875 0.390625 0.4140625 
