0.6328125 0.375 0.125 0.859375 0.453125 0.1015625 0.1640625 0.921875 0.9609375 0.8203125 
0.65625 0.921875 0.9609375 0.9375 0.9140625 0.0625 0.9921875 1.0 0.9453125 0.8203125 
0.65625 0.921875 0.9609375 0.9375 0.9140625 0.0625 0.9921875 1.0 0.9453125 0.8203125 
0.21875 0.140625 0.65625 0.921875 0.9609375 0.9375 0.9140625 0.0625 0.9921875 1.0 
0.21875 0.140625 0.1640625 0.65625 0.921875 0.9609375 0.9375 0.9140625 0.0625 0.9921875 
0.8125 0.8515625 0.828125 0.21875 0.140625 0.1640625 0.65625 0.296875 0.3671875 0.421875 
0.8125 0.8515625 0.828125 0.21875 0.140625 0.1640625 0.296875 0.3671875 0.421875 0.8671875 
0.21875 0.140625 0.1640625 0.296875 0.3671875 0.421875 0.3671875 0.21875 0.1328125 0.296875 
0.21875 0.140625 0.1640625 0.296875 0.3671875 0.421875 0.3671875 0.21875 0.1328125 0.296875 
0.75 0.21875 0.140625 0.1640625 0.296875 0.3671875 0.421875 0.3671875 0.21875 0.1328125 
0.34375 0.75 0.21875 0.140625 0.1640625 0.296875 0.3671875 0.421875 0.3671875 0.21875 
0.34375 0.21875 0.140625 0.1640625 0.296875 0.3671875 0.421875 0.3671875 0.21875 0.4453125 
0.3984375 0.34375 0.21875 0.140625 0.1640625 0.296875 0.3671875 0.421875 0.3671875 0.21875 
0.3984375 0.34375 0.21875 0.140625 0.1640625 0.296875 0.3671875 0.421875 0.3671875 0.21875 
0.3984375 0.34375 0.21875 0.140625 0.1640625 0.296875 0.3671875 0.421875 0.3671875 0.21875 
0.3984375 0.34375 0.21875 0.140625 0.1640625 0.296875 0.3671875 0.421875 0.3671875 0.21875 
0.3984375 0.34375 0.484375 0.21875 0.140625 0.1640625 0.296875 0.3671875 0.421875 0.3671875 
0.3984375 0.34375 0.578125 0.484375 0.21875 0.140625 0.1640625 0.296875 0.3671875 0.421875 
0.46875 0.3984375 0.578125 0.34375 0.484375 0.21875 0.140625 0.1640625 0.296875 0.3671875 
0.46875 0.3984375 0.34375 0.484375 0.4453125 0.578125 0.5859375 0.21875 0.140625 0.1640625 
0.46875 0.3984375 0.4765625 0.4453125 0.34375 0.4453125 0.578125 0.5859375 0.484375 0.3203125 
0.3984375 0.46875 0.34375 0.390625 0.4296875 0.4765625 0.5859375 0.484375 0.4609375 0.4765625 
0.4375 0.3984375 0.34375 0.5859375 0.5703125 0.390625 0.40625 0.46875 0.4296875 0.4765625 
0.4375 0.4453125 0.3984375 0.4765625 0.34375 0.46875 0.46875 0.40625 0.390625 0.4296875 
0.5078125 0.578125 0.4765625 0.4609375 0.4375 0.46875 0.4453125 0.40625 0.3984375 0.34375 
0.5078125 0.4765625 0.5390625 0.4609375 0.4609375 0.4375 0.578125 0.4453125 0.421875 0.46875 
0.5078125 0.5390625 0.4609375 0.4765625 0.4375 0.46875 0.4453125 0.4453125 0.421875 0.453125 
0.484375 0.5078125 0.5390625 0.4765625 0.4375 0.4453125 0.421875 0.453125 0.453125 0.4609375 
0.484375 0.5078125 0.4765625 0.4453125 0.5390625 0.4375 0.4375 0.4453125 0.453125 0.453125 
0.484375 0.5078125 0.5078125 0.4765625 0.5390625 0.5 0.453125 0.453125 0.4453125 0.4375 
0.484375 0.5078125 0.5078125 0.5 0.4765625 0.4921875 0.5 0.5390625 0.4453125 0.4375 
0.4765625 0.484375 0.5078125 0.5 0.5078125 0.5390625 0.484375 0.4765625 0.4609375 0.5 
0.484375 0.4765625 0.5390625 0.5078125 0.5 0.484375 0.5078125 0.4765625 0.4921875 0.4609375 
0.484375 0.4765625 0.5234375 0.5078125 0.5078125 0.4921875 0.4921875 0.484375 0.4609375 0.5390625 
0.484375 0.4765625 0.5234375 0.546875 0.546875 0.5078125 0.484375 0.4921875 0.484375 0.4921875 
0.4765625 0.5234375 0.546875 0.546875 0.484375 0.5078125 0.484375 0.4921875 0.484375 0.4921875 
0.4765625 0.484375 0.546875 0.546875 0.5234375 0.5078125 0.484375 0.4921875 0.484375 0.4921875 
0.546875 0.546875 0.4765625 0.484375 0.5078125 0.484375 0.5234375 0.4921875 0.484375 0.4921875 
0.484375 0.4765625 0.5234375 0.546875 0.546875 0.5078125 0.4921875 0.484375 0.4921875 0.4921875 
0.484375 0.4765625 0.546875 0.546875 0.4921875 0.484375 0.5078125 0.4921875 0.4921875 0.5234375 
0.484375 0.4765625 0.546875 0.546875 0.5234375 0.5078125 0.4921875 0.484375 0.4921875 0.484375 
0.484375 0.4765625 0.546875 0.546875 0.546875 0.4921875 0.5078125 0.4921875 0.53125 0.5234375 
0.4765625 0.546875 0.546875 0.546875 0.484375 0.4765625 0.5234375 0.4765625 0.5078125 0.53125 
0.484375 0.4765625 0.546875 0.546875 0.546875 0.4765625 0.5 0.5234375 0.5078125 0.53125 
0.4765625 0.4765625 0.484375 0.546875 0.546875 0.546875 0.5 0.5234375 0.5078125 0.53125 
0.4765625 0.4765625 0.546875 0.546875 0.546875 0.484375 0.5078125 0.5 0.53125 0.5234375 
0.484375 0.4765625 0.4765625 0.546875 0.546875 0.546875 0.5 0.5078125 0.5234375 0.53125 
0.4765625 0.484375 0.4765625 0.546875 0.5234375 0.546875 0.546875 0.546875 0.5 0.5078125 
0.4765625 0.4765625 0.484375 0.5078125 0.546875 0.546875 0.546875 0.546875 0.5 0.5234375 
0.4765625 0.484375 0.4765625 0.546875 0.546875 0.546875 0.5234375 0.546875 0.5078125 0.5 
