% Ministry of Cellular Automata
% Project Deux (CS523 Spring 2015)
% Version:v0.1-66-g3e0f-dirty
%  pop:50
%  ic count:100
%  CA Log option:r3/run49
%  width:121
%  max workers:4
%  radius:3
%  iterations:300
%  generations:50

 generation 0.0.50.0.0.0.50.0.10.50.8.0.50.0.0.0.0.0.50.0.50.0.0.0.0.15.25.0.0.0.50.0.0.0.0.0.50.0.0.50.0.50.0.0.0.0.0.50.0.0.0.xover.mutate.done 50
 generation 1.50.50.50.50.50.50.50.50.50.50.0.50.0.50.5.0.0.52.0.0.35.0.0.0.50.3.29.0.0.50.0.50.44.50.0.50.50.0.16.0.50.50.0.0.29.0.0.50.0.50.xover.mutate.done 50
 generation 2.48.50.50.50.50.50.50.50.50.50.50.50.50.50.50.1.50.1.1.50.50.21.50.41.1.0.50.1.50.50.50.1.50.51.41.6.1.1.1.1.9.50.1.1.50.1.50.50.1.1.xover.mutate.done 50
 generation 3.51.50.50.50.50.50.50.50.50.50.1.29.1.50.50.50.25.2.50.50.50.50.50.50.1.50.50.2.1.7.50.1.21.50.8.50.2.1.14.2.1.50.1.7.14.50.1.29.2.2.xover.mutate.done 50
 generation 4.52.50.50.50.50.50.50.50.50.50.50.2.50.37.2.50.2.2.2.2.16.50.50.50.8.6.50.2.42.2.2.50.2.0.5.2.50.5.0.52.27.2.50.0.13.50.0.52.2.50.xover.mutate.done 50
 generation 5.50.50.50.50.50.50.50.50.50.50.50.0.50.50.10.50.0.0.0.0.0.50.50.0.0.50.45.14.50.4.13.50.50.50.50.50.50.0.0.0.50.0.50.0.0.0.0.4.24.0.xover.mutate.done 50
 generation 6.51.51.51.50.50.50.50.50.50.50.51.10.8.50.1.14.51.51.1.50.1.51.1.50.46.2.1.2.2.1.1.1.23.1.50.1.50.50.50.51.51.2.5.1.1.51.1.1.51.1.xover.mutate.done 50
 generation 7.51.51.51.52.52.51.51.52.52.52.13.51.8.50.50.28.1.51.3.2.51.2.3.3.1.3.52.50.50.41.1.51.33.50.15.1.52.18.50.52.50.52.1.2.52.22.18.1.51.50.xover.mutate.done 50
 generation 8.52.52.52.52.52.52.52.52.52.52.5.52.52.52.52.50.5.52.50.52.50.50.37.2.5.5.3.53.5.50.52.52.5.52.50.3.52.52.53.5.3.2.53.5.52.52.3.5.5.52.xover.mutate.done 50
 generation 9.50.50.50.51.51.51.51.51.51.51.0.1.51.11.48.1.1.51.50.50.1.1.50.50.6.1.1.1.50.20.51.51.51.0.51.1.0.50.23.51.51.44.50.51.1.41.1.51.1.51.xover.mutate.done 50
 generation 10.50.50.50.50.50.50.50.50.50.50.54.4.50.54.4.4.50.4.50.0.11.4.4.50.50.50.4.4.28.50.50.54.50.4.40.50.50.4.4.0.4.4.50.50.38.22.50.4.4.50.xover.mutate.done 50
 generation 11.51.51.51.50.50.50.50.50.50.50.1.1.50.50.69.1.50.1.50.43.1.50.50.50.1.46.1.50.44.50.50.50.24.1.1.8.50.1.7.1.51.1.1.0.50.50.1.1.1.50.xover.mutate.done 50
 generation 12.68.51.51.51.51.51.51.51.51.51.51.2.45.2.51.2.2.2.51.2.51.51.1.2.47.51.2.2.26.28.40.51.2.2.2.2.37.2.2.51.2.2.2.2.28.2.51.2.2.45.xover.mutate.done 50
 generation 13.71.50.50.50.50.54.54.54.54.54.4.4.4.36.54.4.54.54.50.13.7.54.54.4.4.13.54.9.4.54.54.4.54.35.41.4.4.50.40.68.31.50.22.9.4.4.54.4.50.54.xover.mutate.done 50
 generation 14.78.60.51.51.51.51.51.51.51.51.50.3.3.12.51.3.51.51.3.51.51.3.51.51.1.4.3.49.3.51.51.3.3.3.13.50.52.51.3.3.3.1.60.51.51.51.51.52.3.51.xover.mutate.done 50
 generation 15.70.67.61.50.50.51.51.51.51.51.5.51.24.1.27.1.1.51.25.16.51.1.50.1.9.50.1.51.51.1.18.51.51.1.1.1.1.51.9.39.6.51.51.51.1.1.51.1.1.7.xover.mutate.done 50
 generation 16.72.67.65.52.52.52.52.52.52.52.45.2.0.30.52.2.2.12.52.49.52.28.32.2.52.52.52.0.15.2.52.2.14.52.0.52.27.10.52.52.52.8.47.8.10.52.52.2.72.45.xover.mutate.done 50
 generation 17.75.68.64.62.52.52.52.52.52.52.26.41.2.2.29.31.2.52.52.68.64.50.52.40.13.52.2.52.52.61.52.2.2.2.52.2.50.52.52.50.52.50.16.50.36.52.59.52.2.44.xover.mutate.done 50
 generation 18.71.65.66.64.63.58.55.54.50.50.0.50.22.50.12.34.0.4.6.0.0.50.50.50.50.0.16.5.50.63.50.50.0.54.14.42.0.49.50.50.50.10.0.0.50.50.29.0.50.50.xover.mutate.done 50
 generation 19.82.67.67.62.62.62.60.58.55.55.51.51.51.60.51.51.2.50.51.33.51.9.31.65.51.2.2.51.2.28.13.51.12.2.51.1.51.45.44.13.37.10.32.10.11.2.36.51.11.51.xover.mutate.done 50
 generation 20.64.71.72.69.69.68.69.66.67.62.49.51.1.16.51.69.7.12.38.50.11.54.1.24.1.38.13.51.19.51.51.51.25.1.51.51.1.71.54.51.51.1.54.63.50.54.1.14.1.37.xover.mutate.done 50
 generation 21.69.69.69.65.65.65.65.64.64.62.1.1.50.50.1.44.23.53.1.53.50.50.19.1.51.69.57.50.53.1.36.2.18.50.4.30.1.75.50.53.49.1.21.24.50.47.0.53.56.1.xover.mutate.done 50
 generation 22.71.66.66.66.66.64.62.62.62.62.58.51.9.2.24.2.9.60.18.1.9.61.43.49.2.51.61.50.51.2.2.51.2.36.60.67.7.61.42.10.51.51.58.45.65.17.2.9.51.2.xover.mutate.done 50
 generation 23.74.68.68.68.68.68.63.67.64.64.51.64.44.51.57.64.51.21.15.73.68.2.71.65.66.51.14.66.51.20.51.11.13.49.10.44.51.9.2.51.51.51.71.11.49.50.8.57.51.2.xover.mutate.done 50
 generation 24.72.68.64.67.61.62.62.62.62.62.7.6.54.15.22.62.1.1.1.20.1.10.1.63.12.55.51.51.61.51.18.34.10.1.1.48.12.1.7.52.51.51.1.1.74.51.1.1.3.1.xover.mutate.done 50
 generation 25.65.70.73.67.73.68.71.71.71.71.5.59.10.11.9.2.2.6.17.30.2.9.24.59.59.7.17.5.52.52.52.48.48.52.37.27.11.52.20.52.2.7.42.38.55.9.52.2.15.5.xover.mutate.done 50
 generation 26.80.80.73.75.75.75.85.71.75.74.76.52.6.51.7.50.54.1.1.1.49.1.30.75.1.4.1.1.1.50.1.54.61.1.1.38.50.49.1.58.6.58.1.1.51.1.1.26.0.1.xover.mutate.done 50
 generation 27.68.69.67.71.63.63.63.68.63.75.50.58.51.6.2.1.46.50.2.12.12.51.12.7.2.10.2.50.51.5.38.53.63.51.51.54.9.80.19.2.59.75.51.51.7.2.59.6.2.2.xover.mutate.done 50
 generation 28.86.68.76.70.76.75.73.74.72.72.2.8.2.41.50.57.89.50.7.12.57.50.2.49.26.74.9.50.2.2.2.59.22.73.57.32.21.26.51.24.42.33.50.57.47.26.57.52.50.16.xover.mutate.done 50
 generation 29.88.85.78.76.73.75.78.74.76.73.52.52.62.4.62.46.16.52.67.31.25.58.67.50.52.11.42.52.4.51.4.49.4.4.57.4.51.72.29.4.59.17.4.28.4.9.25.26.34.30.xover.mutate.done 50
 generation 30.89.80.76.69.73.71.72.70.76.66.15.18.0.0.49.7.0.51.0.21.0.5.50.50.63.30.7.1.50.0.28.7.52.44.7.25.34.0.14.6.40.41.16.9.64.5.0.57.13.66.xover.mutate.done 50
 generation 31.93.80.77.68.74.75.72.75.73.69.47.35.30.64.83.0.50.10.70.55.44.20.0.75.30.0.63.11.83.36.34.54.50.60.0.15.59.68.50.68.48.50.50.38.50.69.47.50.0.46.xover.mutate.done 50
 generation 32.87.85.80.82.71.70.70.78.69.69.65.86.50.45.8.26.0.59.45.66.50.30.82.33.80.66.44.50.50.63.54.0.52.25.59.49.13.17.67.50.36.10.0.0.67.42.47.50.87.80.xover.mutate.done 50
 generation 33.91.91.88.86.81.81.81.81.81.73.40.67.51.62.44.54.44.45.69.44.50.50.81.55.76.67.32.18.71.78.94.7.58.51.43.50.75.81.58.63.51.2.65.12.78.15.85.51.8.41.xover.mutate.done 50
 generation 34.95.91.91.86.81.85.80.80.82.82.52.44.50.67.67.52.10.80.48.52.80.82.50.55.72.80.61.49.2.26.41.14.69.37.42.69.36.44.48.37.52.88.52.79.86.46.82.76.9.24.xover.mutate.done 50
 generation 35.95.88.88.84.83.83.81.80.80.82.52.59.40.35.87.3.86.50.55.15.50.72.74.3.81.50.50.50.45.37.70.81.56.37.89.67.84.75.47.50.82.46.50.12.50.60.84.2.0.72.xover.mutate.done 50
 generation 36.89.79.88.88.83.84.79.87.80.86.66.40.26.71.76.50.54.50.79.77.48.9.7.55.36.52.81.72.50.50.49.6.50.72.48.41.65.3.30.7.50.88.75.47.0.0.48.0.3.0.xover.mutate.done 50
 generation 37.89.91.91.93.89.90.82.84.88.88.88.51.50.45.24.44.71.63.82.44.50.57.30.73.80.48.80.85.50.62.56.51.83.88.51.72.51.15.49.57.49.56.71.51.43.60.3.51.87.1.xover.mutate.done 50
 generation 38.91.91.91.85.88.83.84.84.88.84.65.51.79.1.80.90.55.50.67.82.5.70.65.50.71.84.55.47.57.51.1.13.72.26.20.51.50.40.66.23.39.71.47.55.25.50.64.50.84.87.xover.mutate.done 50
 generation 39.91.89.89.93.91.89.93.83.83.84.30.42.88.59.82.2.27.43.22.50.58.50.74.52.51.67.23.50.58.35.30.86.47.41.52.50.15.85.50.82.36.7.89.34.2.2.67.50.66.50.xover.mutate.done 50
 generation 40.86.88.85.88.87.87.85.85.86.84.42.50.87.82.52.49.2.2.50.2.2.23.70.83.60.42.51.49.50.50.18.78.50.86.50.51.59.86.52.49.59.2.65.42.85.66.86.52.52.86.xover.mutate.done 50
 generation 41.91.95.94.94.89.89.91.89.89.91.79.90.54.90.92.52.10.52.54.62.54.16.53.48.5.20.50.89.51.50.52.50.75.86.52.77.5.4.44.48.51.54.91.48.53.57.14.82.77.63.xover.mutate.done 50
 generation 42.90.89.89.89.92.91.91.91.90.90.39.51.2.2.6.62.2.25.47.47.52.2.50.58.50.52.0.52.92.84.86.2.94.14.52.18.50.24.52.42.50.5.32.48.50.71.2.2.50.52.xover.mutate.done 50
 generation 43.96.91.93.92.92.92.93.93.93.91.50.0.50.9.91.50.49.69.92.0.41.50.50.36.23.50.53.47.50.0.50.92.50.50.0.50.50.92.43.7.50.10.50.7.50.50.10.9.40.89.xover.mutate.done 50
 generation 44.92.89.90.88.86.88.88.88.88.91.23.0.50.37.0.74.84.5.50.21.29.50.60.0.7.0.0.0.50.0.48.69.50.85.50.50.68.65.50.44.40.0.70.84.6.41.85.83.48.0.xover.mutate.done 50
 generation 45.91.91.90.90.91.86.86.86.86.87.63.83.48.65.91.50.32.50.23.45.20.38.1.82.42.50.51.87.81.48.49.19.28.84.50.49.51.67.1.53.50.1.86.63.25.1.89.38.82.43.xover.mutate.done 50
 generation 46.97.96.95.95.93.94.94.90.90.94.50.86.50.64.1.0.37.35.1.77.29.50.51.1.50.50.18.1.49.44.50.51.1.44.77.68.39.51.79.67.77.49.1.62.93.50.50.1.42.48.xover.mutate.done 50
 generation 47.95.91.90.94.91.87.90.91.85.89.74.26.3.62.53.50.53.33.72.90.90.3.3.19.20.35.52.55.3.50.82.87.89.0.39.53.46.11.48.62.75.86.3.44.3.53.71.50.90.45.xover.mutate.done 50
 generation 48.95.96.93.94.93.91.93.93.91.93.89.46.92.9.14.80.50.1.49.0.49.51.50.51.36.0.77.1.44.1.1.51.41.47.50.50.1.27.63.22.50.56.64.0.50.50.34.25.10.50.xover.mutate.done 50
 generation 49.89.94.89.90.89.88.88.88.92.87.30.93.57.50.50.88.46.0.63.70.27.88.50.3.63.63.0.50.50.15.32.72.50.52.0.0.50.0.63.88.54.1.30.50.72.50.7.43.71.0.xover.mutate.done 50
 29671357 iters     718294 iter/sec (41.31 s)
 total time: 41.31
