% Ministry of Cellular Automata
% Project Deux (CS523 Spring 2015)
% Version:v0.1-66-g3e0f-dirty
%  pop:50
%  ic count:100
%  CA Log option:r3/run41
%  width:121
%  max workers:4
%  radius:3
%  iterations:300
%  generations:50

 generation 0.2.3.3.2.2.2.3.52.3.3.50.7.1.3.3.50.1.1.50.1.3.1.2.50.3.1.1.3.2.50.3.3.50.1.50.1.3.39.3.1.2.2.3.1.3.3.50.1.3.1.xover.mutate.done 50
 generation 1.52.50.50.50.50.50.50.50.50.40.52.3.2.2.3.19.28.50.3.51.2.50.3.1.2.3.3.10.1.3.3.50.51.52.52.50.1.3.3.3.50.51.2.2.2.3.27.2.3.2.xover.mutate.done 50
 generation 2.50.50.50.50.50.50.50.50.50.50.19.50.6.7.17.0.0.50.0.0.0.0.0.50.50.0.50.50.0.50.0.0.50.50.42.50.50.0.0.0.50.50.50.50.0.0.50.0.50.0.xover.mutate.done 50
 generation 3.51.51.51.51.50.50.50.50.50.50.50.0.0.0.50.21.1.0.50.1.0.0.1.50.1.0.1.50.50.1.1.1.50.50.18.51.1.50.0.0.50.51.51.50.50.50.1.1.35.50.xover.mutate.done 50
 generation 4.50.50.50.50.50.50.50.50.50.50.0.11.50.50.44.0.50.50.0.0.0.50.0.1.0.50.50.22.50.50.38.0.50.50.50.0.50.0.50.30.0.0.50.0.30.50.0.50.0.50.xover.mutate.done 50
 generation 5.51.51.51.51.51.51.51.50.50.50.45.1.45.51.51.51.50.0.42.1.14.51.50.0.0.1.51.1.50.5.51.1.18.51.13.4.1.1.13.6.47.50.0.1.1.1.51.51.1.60.xover.mutate.done 50
 generation 6.52.50.50.50.50.50.50.50.50.50.1.45.0.52.1.26.9.24.1.1.50.7.1.36.6.5.1.50.42.1.6.50.51.1.1.1.6.1.51.50.1.50.0.50.0.1.50.50.41.46.xover.mutate.done 50
 generation 7.53.53.50.50.50.50.50.50.50.50.45.0.50.0.0.50.50.50.0.50.49.47.0.0.53.32.0.28.47.43.50.0.0.50.88.0.0.0.50.0.0.0.50.0.50.0.50.0.0.50.xover.mutate.done 50
 generation 8.91.58.58.56.50.50.50.50.50.50.0.65.0.37.9.20.9.0.8.0.0.64.50.50.58.41.50.0.0.21.0.9.10.50.0.24.50.10.0.0.9.25.10.0.92.50.50.43.50.7.xover.mutate.done 50
 generation 9.90.92.60.51.57.57.53.53.51.51.58.51.37.51.2.51.8.2.93.48.2.38.52.46.2.1.6.64.50.51.51.1.51.2.7.51.2.1.32.45.2.1.45.51.36.2.51.93.7.50.xover.mutate.done 50
 generation 10.90.90.90.93.54.59.56.56.56.49.27.3.25.51.49.5.52.9.51.57.56.51.5.38.5.12.29.3.63.51.50.8.52.52.28.60.16.72.89.49.51.50.19.3.20.77.52.3.24.3.xover.mutate.done 50
 generation 11.94.92.92.91.88.78.73.63.65.55.6.26.52.3.9.9.4.3.49.50.1.24.55.1.60.1.27.36.17.88.53.24.90.8.8.51.52.88.3.52.52.22.7.57.51.20.76.51.3.50.xover.mutate.done 50
 generation 12.90.91.91.90.91.89.86.89.75.75.50.4.90.78.90.25.4.91.45.35.41.52.53.81.77.54.88.16.75.47.4.50.15.53.80.49.83.53.90.50.30.24.50.55.4.57.88.31.4.90.xover.mutate.done 50
 generation 13.89.89.88.89.88.89.87.88.87.84.14.50.2.24.84.11.82.68.52.79.86.46.39.50.16.60.14.52.82.34.45.21.50.47.33.50.50.50.2.34.29.50.38.61.37.82.4.2.31.35.xover.mutate.done 50
 generation 14.93.93.93.92.91.93.92.93.94.92.13.3.8.30.89.76.93.52.50.28.8.8.9.52.51.41.75.7.48.3.91.28.52.64.46.52.1.4.93.94.2.6.93.40.1.57.13.42.6.50.xover.mutate.done 50
 generation 15.93.93.95.95.95.94.92.95.95.95.3.94.94.34.17.93.59.75.63.35.1.10.81.40.52.48.77.52.31.3.92.3.96.93.52.96.52.65.41.29.5.1.3.1.42.50.3.77.3.10.xover.mutate.done 50
 generation 16.90.89.90.90.90.90.91.90.88.86.86.80.11.87.85.24.52.41.42.88.63.43.88.51.89.38.52.36.65.74.22.44.15.51.32.78.61.53.69.20.12.9.47.52.82.86.49.87.62.9.xover.mutate.done 50
 generation 17.94.91.91.91.91.91.91.88.88.92.42.70.60.41.13.27.51.79.28.49.74.51.52.50.33.77.3.58.88.89.91.89.51.91.3.88.52.43.50.61.91.59.65.86.52.19.51.49.2.19.xover.mutate.done 50
 generation 18.92.94.94.94.94.94.94.94.94.91.48.58.23.0.80.83.50.37.15.13.41.3.45.51.50.17.50.94.69.50.10.64.60.18.50.1.50.20.73.1.94.93.51.1.18.91.51.81.76.85.xover.mutate.done 50
 generation 19.92.92.92.92.92.92.92.91.91.93.2.89.35.22.86.51.24.51.33.88.1.90.70.37.59.51.46.10.2.6.84.35.66.69.70.51.1.85.51.26.54.51.37.74.51.14.59.84.24.70.xover.mutate.done 50
 generation 20.91.89.89.90.90.90.90.90.90.90.79.87.49.50.87.50.51.90.90.52.63.50.71.48.71.70.83.50.66.0.42.50.71.50.0.34.79.38.78.11.50.0.27.20.50.50.46.80.69.40.xover.mutate.done 50
 generation 21.90.91.91.91.91.91.90.90.88.87.9.59.50.39.50.50.46.50.1.1.27.51.70.5.51.88.1.46.1.87.10.83.1.1.55.1.89.48.50.46.50.13.42.50.1.53.35.91.0.73.xover.mutate.done 50
 generation 22.92.92.92.92.92.92.92.92.92.90.65.51.51.79.57.13.1.8.1.50.79.50.90.7.57.49.50.50.7.5.47.5.92.91.1.92.50.0.51.7.50.50.26.48.50.75.48.71.94.1.xover.mutate.done 50
 generation 23.88.89.89.89.88.89.88.85.88.88.50.50.0.1.48.68.84.50.35.34.0.0.0.26.69.38.50.50.50.50.50.0.29.59.0.50.58.21.0.11.6.50.0.50.26.0.0.28.50.45.xover.mutate.done 50
 generation 24.96.96.96.96.94.96.96.95.95.95.51.43.0.21.50.41.16.50.49.93.43.21.11.13.70.51.10.44.93.31.76.50.50.51.51.57.50.96.47.51.9.49.1.51.13.1.95.51.1.84.xover.mutate.done 50
 generation 25.95.95.95.95.95.95.95.95.95.94.52.66.2.46.38.88.52.2.52.18.9.9.95.65.74.91.22.44.52.22.50.2.95.50.2.95.52.50.94.9.83.21.50.9.9.7.52.72.95.62.xover.mutate.done 50
 generation 26.96.96.96.96.96.95.96.96.96.96.2.6.46.59.68.24.58.67.10.1.6.59.51.50.22.8.2.64.90.45.50.1.96.35.41.50.95.5.93.2.8.3.34.31.51.73.73.51.95.58.xover.mutate.done 50
 generation 27.92.92.92.92.92.92.92.92.92.94.60.51.29.50.87.87.48.64.57.92.1.45.41.81.32.51.1.83.50.75.82.77.43.18.67.89.24.50.90.50.75.1.50.41.51.1.92.0.1.70.xover.mutate.done 50
 generation 28.93.95.95.95.95.94.94.95.95.95.51.40.51.95.29.50.6.50.50.0.79.1.50.50.75.1.50.61.12.29.77.11.92.50.43.95.45.50.90.34.6.50.1.50.60.50.73.62.48.55.xover.mutate.done 50
 generation 29.94.94.94.94.94.94.94.94.94.94.25.94.0.24.31.55.71.93.78.65.3.0.91.50.58.67.90.50.22.72.12.32.90.94.68.50.94.77.28.50.37.73.67.50.0.50.0.50.58.78.xover.mutate.done 50
 generation 30.91.91.91.91.91.91.90.91.91.91.50.9.72.50.21.87.66.86.47.45.41.24.15.50.50.52.88.50.45.64.46.50.46.91.50.82.60.50.67.50.29.43.49.39.74.54.49.91.11.29.xover.mutate.done 50
 generation 31.88.88.88.88.88.88.88.88.88.89.11.50.11.50.42.89.54.75.5.13.48.48.12.7.46.51.85.54.70.84.83.32.73.50.4.28.21.51.74.50.54.24.51.10.5.48.54.39.21.59.xover.mutate.done 50
 generation 32.92.90.92.92.92.92.90.90.90.90.51.1.50.7.1.50.10.13.50.46.44.42.93.50.48.63.55.1.50.50.50.47.50.90.90.51.50.49.81.90.51.89.90.41.51.90.36.51.75.89.xover.mutate.done 50
 generation 33.91.93.93.93.93.93.93.93.93.93.47.25.52.46.3.50.48.46.34.89.51.50.84.14.50.15.20.9.75.50.91.15.56.9.50.3.85.74.50.86.7.25.93.69.47.3.86.3.67.42.xover.mutate.done 50
 generation 34.92.93.93.93.93.93.93.93.93.94.0.35.78.50.17.48.6.75.69.83.50.50.66.0.12.45.76.35.50.24.0.68.48.57.18.60.50.0.0.46.71.50.0.48.0.34.49.0.7.2.xover.mutate.done 50
 generation 35.87.88.88.88.88.87.88.88.88.87.55.48.0.50.0.76.0.0.77.0.0.41.48.6.7.49.7.87.81.30.49.50.2.87.50.7.45.6.20.9.17.50.8.0.75.50.1.67.0.8.xover.mutate.done 50
 generation 36.92.92.92.92.91.91.91.93.93.90.88.1.50.19.50.48.93.2.50.50.51.93.83.91.22.50.15.2.16.36.91.35.88.1.39.50.50.25.60.44.50.49.62.90.54.34.34.50.55.83.xover.mutate.done 50
 generation 37.91.90.91.91.91.91.91.91.91.91.63.70.50.50.55.1.68.1.50.65.50.29.43.1.66.1.81.72.85.39.1.87.41.92.58.1.64.4.93.27.18.25.50.50.14.54.20.26.89.50.xover.mutate.done 50
 generation 38.92.91.89.89.89.90.90.90.90.89.9.21.3.53.50.50.3.69.28.5.36.49.12.68.19.60.30.11.24.55.20.32.68.50.50.57.3.50.17.27.50.3.0.41.15.20.3.50.52.15.xover.mutate.done 50
 generation 39.90.87.85.85.85.85.87.87.87.85.56.36.46.8.50.50.84.86.55.50.50.21.14.72.42.0.13.34.71.7.50.86.13.23.43.50.0.48.43.64.30.67.69.54.59.4.7.78.9.7.xover.mutate.done 50
 generation 40.92.91.87.87.87.87.87.89.89.89.29.60.1.35.51.50.33.2.51.51.17.73.51.51.64.51.71.40.61.45.74.60.67.87.7.1.2.56.84.51.51.29.34.85.2.50.80.51.1.68.xover.mutate.done 50
 generation 41.95.97.97.97.97.95.95.95.95.95.50.20.69.59.48.17.40.35.40.84.50.64.84.95.51.43.28.49.1.29.59.52.29.78.47.50.69.4.35.4.49.53.96.48.14.73.49.50.89.19.xover.mutate.done 50
 generation 42.96.95.95.95.95.97.93.93.93.93.1.42.84.77.7.45.50.25.92.30.38.50.51.1.50.49.47.95.79.66.62.65.50.80.9.55.15.44.22.50.51.78.1.71.94.14.76.46.50.8.xover.mutate.done 50
 generation 43.93.93.92.92.92.91.92.91.92.92.46.92.55.61.0.50.56.59.75.18.47.76.2.7.5.68.39.3.58.79.0.91.50.50.56.30.50.90.22.0.92.44.5.50.3.50.0.0.50.50.xover.mutate.done 50
 generation 44.86.90.88.88.88.91.91.91.91.91.66.50.33.82.0.18.0.74.50.25.7.89.11.45.50.7.14.62.50.5.36.50.91.50.0.61.16.50.50.14.76.82.91.66.8.50.0.50.6.50.xover.mutate.done 50
 generation 45.90.90.90.90.90.90.90.92.90.91.3.17.1.27.50.9.15.90.51.56.52.89.52.52.74.20.50.50.4.57.42.18.28.71.41.30.47.52.14.8.19.65.90.9.78.84.50.51.10.51.xover.mutate.done 50
 generation 46.94.93.93.93.93.93.93.93.93.92.93.14.90.9.51.35.59.93.15.79.10.45.4.62.24.28.53.64.83.51.17.21.73.36.51.20.25.51.73.71.75.4.25.53.51.15.4.48.59.53.xover.mutate.done 50
 generation 47.96.95.94.96.96.96.94.96.96.94.50.33.49.1.48.7.50.78.7.50.48.1.1.76.51.45.18.94.13.27.16.72.30.1.61.75.92.33.64.79.70.68.41.84.77.39.94.64.69.47.xover.mutate.done 50
 generation 48.95.92.92.92.92.92.93.92.92.92.12.95.49.12.49.71.75.0.5.74.84.51.46.57.7.6.53.17.51.12.5.58.1.76.60.54.56.42.7.45.22.89.51.1.71.51.80.0.78.46.xover.mutate.done 50
 generation 49.92.94.90.90.90.90.90.90.90.90.59.50.72.75.50.78.1.86.57.69.10.1.20.50.49.0.1.50.88.10.57.16.1.50.20.50.10.49.85.1.62.42.75.42.44.24.23.80.83.22.xover.mutate.done 50
 28064792 iters     713352 iter/sec (39.34 s)
 total time: 39.34
