0.0 0.25 0.03125 1.0 0.125 0.5859375 0.1015625 0.6796875 0.2890625 0.2734375 
0.0 0.03125 1.0 0.0546875 0.859375 0.9453125 0.953125 0.2578125 0.9921875 0.8828125 
0.8515625 0.28125 0.0 0.03125 1.0 0.0546875 0.859375 0.9453125 0.953125 0.2578125 
0.8515625 0.84375 0.9453125 0.28125 0.21875 0.234375 0.1015625 0.25 0.1796875 0.0 
0.28125 0.21875 0.234375 0.1015625 0.25 0.1796875 0.25 0.265625 0.375 0.2109375 
0.6640625 0.6484375 0.796875 0.8984375 0.28125 0.21875 0.234375 0.1015625 0.25 0.1796875 
0.6640625 0.6484375 0.796875 0.8984375 0.28125 0.21875 0.234375 0.1015625 0.25 0.1796875 
0.6640625 0.6484375 0.796875 0.8984375 0.28125 0.21875 0.234375 0.1015625 0.25 0.1796875 
0.6640625 0.6484375 0.796875 0.8984375 0.5859375 0.734375 0.28125 0.21875 0.234375 0.1015625 
0.28125 0.21875 0.234375 0.1015625 0.1640625 0.2578125 0.234375 0.2421875 0.3046875 0.2421875 
0.5625 0.8671875 0.859375 0.640625 0.71875 0.28125 0.21875 0.234375 0.1015625 0.1640625 
0.7421875 0.5625 0.8671875 0.859375 0.640625 0.71875 0.28125 0.21875 0.234375 0.1015625 
0.7421875 0.5625 0.8671875 0.859375 0.640625 0.71875 0.28125 0.21875 0.234375 0.1015625 
0.7421875 0.5625 0.8671875 0.859375 0.640625 0.71875 0.828125 0.6796875 0.7421875 0.453125 
0.7421875 0.7421875 0.5625 0.8671875 0.859375 0.640625 0.71875 0.828125 0.6796875 0.7421875 
0.7421875 0.7421875 0.7734375 0.8671875 0.859375 0.640625 0.71875 0.828125 0.6796875 0.7421875 
0.7421875 0.7421875 0.7734375 0.765625 0.8671875 0.859375 0.640625 0.71875 0.828125 0.6796875 
0.765625 0.765625 0.7421875 0.7421875 0.7734375 0.7265625 0.8671875 0.859375 0.640625 0.71875 
0.6796875 0.765625 0.765625 0.7421875 0.7421875 0.7734375 0.6171875 0.6875 0.6953125 0.765625 
0.578125 0.765625 0.765625 0.6953125 0.765625 0.7734375 0.7421875 0.703125 0.6171875 0.7109375 
0.578125 0.6171875 0.765625 0.765625 0.6953125 0.765625 0.7734375 0.7421875 0.703125 0.7109375 
0.578125 0.703125 0.6171875 0.765625 0.765625 0.6953125 0.765625 0.7734375 0.7421875 0.703125 
0.578125 0.703125 0.6171875 0.765625 0.765625 0.6953125 0.765625 0.7734375 0.7421875 0.703125 
0.578125 0.703125 0.6953125 0.6171875 0.765625 0.765625 0.6953125 0.765625 0.7734375 0.7421875 
0.578125 0.703125 0.6953125 0.6171875 0.765625 0.765625 0.6953125 0.765625 0.7734375 0.7421875 
0.578125 0.6640625 0.703125 0.6953125 0.6171875 0.765625 0.765625 0.6953125 0.765625 0.7734375 
0.578125 0.6640625 0.765625 0.765625 0.6953125 0.765625 0.7734375 0.7265625 0.703125 0.6953125 
0.6640625 0.578125 0.765625 0.765625 0.6953125 0.765625 0.7734375 0.7265625 0.703125 0.6953125 
0.578125 0.6640625 0.765625 0.765625 0.6953125 0.765625 0.7734375 0.7265625 0.703125 0.6953125 
0.578125 0.6640625 0.765625 0.765625 0.6953125 0.765625 0.7734375 0.7265625 0.6953125 0.6640625 
0.6640625 0.578125 0.6328125 0.734375 0.765625 0.765625 0.6953125 0.765625 0.7734375 0.7265625 
0.578125 0.609375 0.6640625 0.6484375 0.6328125 0.734375 0.765625 0.765625 0.6953125 0.765625 
0.578125 0.609375 0.6640625 0.6328125 0.6328125 0.6328125 0.6484375 0.734375 0.765625 0.765625 
0.578125 0.609375 0.6640625 0.6328125 0.6328125 0.6328125 0.6484375 0.734375 0.765625 0.765625 
0.578125 0.6640625 0.609375 0.6328125 0.6328125 0.6328125 0.6484375 0.734375 0.765625 0.765625 
0.578125 0.609375 0.6640625 0.6484375 0.6328125 0.6328125 0.6328125 0.625 0.734375 0.765625 
0.6015625 0.578125 0.609375 0.6640625 0.6484375 0.6328125 0.6328125 0.6328125 0.625 0.734375 
0.578125 0.609375 0.6015625 0.6640625 0.6484375 0.6328125 0.6328125 0.6328125 0.625 0.734375 
0.6015625 0.59375 0.578125 0.6640625 0.6484375 0.6328125 0.6328125 0.6328125 0.6328125 0.625 
0.6015625 0.59375 0.6640625 0.578125 0.6328125 0.6328125 0.6328125 0.6328125 0.625 0.640625 
0.6015625 0.6015625 0.6171875 0.578125 0.59375 0.6640625 0.625 0.5859375 0.6015625 0.609375 
0.5859375 0.6015625 0.6171875 0.6015625 0.625 0.6015625 0.578125 0.59375 0.6640625 0.625 
0.6015625 0.5859375 0.6015625 0.625 0.6015625 0.625 0.6171875 0.59375 0.6640625 0.578125 
0.5859375 0.59375 0.625 0.625 0.578125 0.6171875 0.625 0.625 0.6015625 0.6015625 
0.6015625 0.5859375 0.59375 0.578125 0.5859375 0.625 0.625 0.578125 0.6171875 0.625 
0.5859375 0.59375 0.5859375 0.59375 0.6015625 0.578125 0.625 0.625 0.578125 0.6171875 
0.609375 0.5859375 0.6015625 0.625 0.625 0.6171875 0.609375 0.6171875 0.578125 0.5859375 
0.609375 0.4921875 0.5859375 0.6015625 0.5703125 0.625 0.625 0.6171875 0.609375 0.6171875 
0.609375 0.5859375 0.6015625 0.4921875 0.5703125 0.609375 0.515625 0.5859375 0.625 0.625 
0.609375 0.6015625 0.609375 0.5859375 0.5859375 0.625 0.625 0.625 0.4921875 0.5703125 
