% Ministry of Cellular Automata
% Project Deux (CS523 Spring 2015)
% Version:v0.1-66-g3e0f-dirty
%  pop:50
%  ic count:100
%  CA Log option:r3/run48
%  width:121
%  max workers:4
%  radius:3
%  iterations:300
%  generations:50

 generation 0.1.48.2.2.1.1.1.1.1.1.1.1.1.50.1.1.2.1.50.50.1.2.50.50.1.11.2.1.2.8.1.50.50.1.2.1.50.26.2.2.1.2.1.1.2.1.1.2.2.50.xover.mutate.done 50
 generation 1.50.50.50.50.50.50.50.50.50.44.50.50.13.0.50.50.0.0.50.45.0.0.7.0.0.16.50.0.0.50.0.0.8.0.0.0.50.0.0.50.50.0.50.0.0.50.50.0.0.0.xover.mutate.done 50
 generation 2.50.50.50.50.50.50.50.50.50.50.1.9.1.1.1.24.1.9.1.0.50.1.1.1.1.1.1.50.1.1.1.50.0.50.16.1.50.50.1.50.50.0.51.50.1.0.1.50.0.51.xover.mutate.done 50
 generation 3.50.50.50.50.50.50.50.50.50.50.0.0.50.0.0.0.26.0.50.0.50.0.50.50.0.50.0.0.50.50.0.0.50.50.0.0.50.0.0.0.0.50.50.0.50.50.0.24.50.0.xover.mutate.done 50
 generation 4.53.53.50.50.50.50.50.50.50.50.3.0.50.3.9.3.3.3.0.3.3.50.3.22.50.50.3.3.3.3.3.40.3.3.3.3.0.45.3.9.50.9.3.81.50.3.3.3.3.3.xover.mutate.done 50
 generation 5.87.54.54.50.50.50.50.50.50.50.4.4.50.54.4.4.50.4.4.4.18.50.10.4.4.50.50.9.10.4.4.8.54.50.50.50.9.27.0.4.50.4.50.4.60.4.4.4.4.54.xover.mutate.done 50
 generation 6.78.53.51.51.51.51.51.50.50.50.1.51.2.1.1.1.2.50.50.48.2.50.50.12.50.50.50.2.51.50.1.6.2.50.3.50.1.50.13.50.4.7.1.2.1.1.2.1.2.64.xover.mutate.done 50
 generation 7.80.63.52.51.51.51.51.51.51.51.29.50.1.1.50.93.1.1.3.51.1.3.50.50.1.1.51.1.50.1.50.50.1.50.1.50.1.6.51.50.50.1.3.51.1.1.1.50.1.50.xover.mutate.done 50
 generation 8.86.85.57.53.51.51.51.51.51.51.2.51.51.2.1.1.51.2.5.5.50.44.2.2.51.5.51.50.13.53.2.2.1.2.1.1.51.1.2.2.51.24.51.1.50.2.1.1.1.50.xover.mutate.done 50
 generation 9.86.76.67.55.54.53.53.53.53.53.3.3.50.4.3.38.50.51.17.8.4.4.1.50.53.1.4.50.3.3.4.4.51.50.25.50.4.53.4.4.4.50.51.51.1.4.4.4.51.53.xover.mutate.done 50
 generation 10.87.82.64.53.53.50.50.50.50.50.0.50.1.1.1.69.1.50.31.1.1.0.50.51.1.1.1.1.1.1.1.1.50.3.19.1.1.51.18.1.8.3.1.50.1.50.1.50.1.1.xover.mutate.done 50
 generation 11.93.91.84.65.52.52.51.51.51.51.1.1.51.2.2.93.26.93.2.2.51.2.50.2.2.47.1.1.2.2.1.93.2.68.2.51.1.51.24.1.2.1.2.1.2.50.50.51.1.50.xover.mutate.done 50
 generation 12.90.90.90.90.84.81.65.58.55.55.52.2.50.2.57.0.67.57.2.50.21.2.50.2.2.53.2.74.50.52.2.50.0.2.0.2.45.68.88.2.57.2.2.57.56.66.2.36.2.7.xover.mutate.done 50
 generation 13.89.89.89.89.91.76.78.71.70.62.5.1.51.8.50.1.89.50.13.51.51.1.6.50.62.6.64.6.1.1.73.5.68.28.51.12.19.20.6.90.50.6.55.0.30.54.53.55.48.47.xover.mutate.done 50
 generation 14.91.91.91.91.91.91.91.84.82.81.53.48.59.53.58.11.76.14.26.82.40.39.51.53.3.91.82.19.49.0.14.50.38.48.50.53.62.15.38.50.48.60.51.62.50.29.71.14.52.3.xover.mutate.done 50
 generation 15.97.97.97.97.97.97.97.97.86.85.0.36.25.50.50.65.40.21.97.49.75.97.72.70.51.97.0.61.51.10.30.76.37.94.52.36.50.62.86.40.0.0.81.67.0.47.52.25.80.50.xover.mutate.done 50
 generation 16.93.92.92.92.92.92.92.92.92.92.62.68.52.76.78.61.14.5.10.82.36.44.1.86.1.35.3.1.65.58.92.52.78.92.74.57.92.59.25.66.37.59.51.74.65.3.46.67.56.56.xover.mutate.done 50
 generation 17.94.93.93.93.93.93.93.93.93.93.4.58.90.51.27.66.2.89.7.19.75.74.6.75.69.21.51.48.51.50.1.59.48.83.33.9.44.94.51.2.49.70.51.51.2.58.4.53.96.24.xover.mutate.done 50
 generation 18.92.92.92.89.90.90.90.90.90.90.53.90.82.36.53.71.20.43.72.80.7.38.72.62.62.4.69.11.20.66.51.58.57.71.53.4.76.71.41.78.56.31.60.4.38.62.66.67.50.42.xover.mutate.done 50
 generation 19.89.89.91.89.89.89.89.89.89.89.69.65.40.75.88.34.52.75.52.52.4.37.46.43.59.46.34.52.11.72.92.72.50.40.90.71.87.77.69.69.89.28.51.55.72.43.30.58.83.16.xover.mutate.done 50
 generation 20.93.94.94.94.93.93.93.93.93.93.56.58.65.1.21.78.4.56.67.20.94.87.67.11.50.1.81.49.18.61.51.58.58.28.30.10.94.27.80.50.16.95.62.1.61.75.16.33.45.0.xover.mutate.done 50
 generation 21.93.95.94.94.94.94.93.94.94.94.68.71.79.27.49.51.1.51.95.52.49.86.62.62.62.62.89.91.50.50.50.42.52.96.95.42.7.20.47.1.75.69.51.59.92.84.89.56.68.78.xover.mutate.done 50
 generation 22.90.94.92.90.94.94.92.95.94.92.92.50.92.52.50.52.74.87.55.38.76.90.47.88.52.2.48.75.52.31.2.77.85.52.76.50.67.50.39.40.49.2.2.74.85.76.52.87.73.52.xover.mutate.done 50
 generation 23.89.89.92.92.89.89.91.91.90.88.81.51.69.23.65.75.18.73.67.51.51.56.74.81.87.57.17.47.73.71.50.46.21.22.1.66.8.21.43.89.50.65.9.47.31.38.14.1.51.41.xover.mutate.done 50
 generation 24.91.91.89.88.88.89.90.90.88.87.41.19.65.72.23.47.43.88.79.51.8.1.65.28.72.24.87.1.1.7.68.94.72.62.37.37.48.67.50.46.19.18.87.26.51.49.82.32.28.79.xover.mutate.done 50
 generation 25.88.87.88.90.86.89.84.88.86.86.50.19.11.21.87.50.2.2.2.83.52.50.14.50.33.50.18.83.52.65.9.5.2.50.61.33.2.2.11.64.52.49.69.27.52.52.52.6.58.6.xover.mutate.done 50
 generation 26.90.89.89.88.88.89.84.89.88.88.1.51.1.50.16.86.70.65.58.30.61.50.1.12.66.50.70.62.15.50.82.45.54.87.87.86.50.50.35.35.1.17.1.51.25.89.86.1.15.50.xover.mutate.done 50
 generation 27.94.92.94.94.95.94.95.92.92.92.54.66.68.26.60.3.61.86.39.15.31.6.48.58.28.67.58.44.39.65.50.53.63.48.46.8.24.60.3.63.71.3.53.14.50.64.3.8.49.43.xover.mutate.done 50
 generation 28.92.95.91.92.95.92.92.92.92.92.58.52.41.3.50.93.45.68.20.64.93.94.71.92.4.46.17.20.59.48.16.48.67.39.3.12.89.64.70.45.73.93.49.49.50.67.15.49.52.75.xover.mutate.done 50
 generation 29.96.96.91.89.93.93.96.95.97.97.49.49.3.72.36.21.51.19.3.91.15.96.89.64.50.10.47.50.25.63.7.3.51.50.38.1.73.48.53.36.58.3.93.48.51.3.38.46.62.35.xover.mutate.done 50
 generation 30.88.88.90.90.90.91.89.88.94.88.21.51.16.83.40.70.2.5.51.19.37.50.2.55.51.54.40.39.32.22.67.71.2.47.34.47.2.48.43.2.94.48.53.51.27.22.50.34.90.2.xover.mutate.done 50
 generation 31.88.88.90.87.87.86.89.92.91.88.35.27.88.38.49.31.0.21.50.35.19.19.9.29.50.8.50.39.0.24.47.36.19.0.45.50.52.50.0.50.0.40.53.8.50.65.12.50.60.0.xover.mutate.done 50
 generation 32.90.91.91.86.90.92.89.92.90.89.85.64.80.23.7.7.32.50.38.54.0.55.55.50.0.75.0.34.49.61.49.65.54.5.50.50.12.40.3.31.48.7.23.28.49.47.45.50.50.0.xover.mutate.done 50
 generation 33.90.90.97.95.96.88.91.90.91.88.80.2.64.86.38.47.4.77.24.28.2.63.51.2.45.50.49.51.45.31.2.2.66.52.54.54.52.15.54.51.23.59.95.2.44.68.79.50.50.20.xover.mutate.done 50
 generation 34.90.90.89.89.93.93.90.90.92.92.18.68.66.74.40.53.14.87.19.88.24.15.90.20.3.46.3.86.67.67.56.83.19.66.83.83.53.23.50.3.52.3.85.28.51.5.87.64.83.64.xover.mutate.done 50
 generation 35.89.89.90.92.93.92.94.94.88.91.94.51.77.41.45.73.8.87.50.91.70.28.50.37.16.18.50.39.10.89.82.50.84.1.92.89.51.88.1.94.59.0.50.32.92.48.38.55.71.62.xover.mutate.done 50
 generation 36.91.91.91.90.90.87.90.90.88.89.1.21.50.46.10.85.47.66.86.85.47.71.49.57.28.91.36.50.42.23.19.33.2.68.75.64.1.74.66.34.42.90.72.69.50.0.49.84.69.57.xover.mutate.done 50
 generation 37.90.90.90.90.94.94.94.94.94.93.50.4.79.50.46.66.24.4.61.53.53.7.50.50.93.10.44.11.4.64.4.4.50.50.39.54.18.58.75.23.47.50.79.34.0.13.4.50.54.7.xover.mutate.done 50
 generation 38.91.91.89.92.92.91.91.92.92.92.16.15.55.37.0.12.50.48.50.80.19.50.0.48.49.0.55.53.77.0.51.14.55.50.6.0.57.72.0.0.44.15.0.80.93.62.0.46.8.50.xover.mutate.done 50
 generation 39.94.93.93.91.91.91.93.93.94.92.51.61.73.21.51.83.50.44.50.14.83.2.50.28.40.61.58.2.81.56.2.33.12.2.35.30.33.72.84.2.30.74.10.51.62.21.51.26.27.10.xover.mutate.done 50
 generation 40.93.93.92.92.93.93.94.92.92.92.92.0.23.15.8.50.78.50.0.0.43.0.0.19.9.4.1.14.49.50.0.13.52.50.50.0.44.45.50.50.49.0.94.80.50.33.0.49.18.50.xover.mutate.done 50
 generation 41.91.90.92.89.91.92.91.91.92.92.27.18.88.52.46.2.2.36.32.91.24.19.27.22.2.2.8.58.45.2.52.63.45.66.2.2.50.36.61.2.13.52.39.2.89.52.50.90.78.52.xover.mutate.done 50
 generation 42.95.94.95.95.91.94.94.94.91.94.50.92.49.50.93.51.94.36.64.1.51.67.53.29.74.0.51.34.19.45.30.91.80.8.92.13.51.0.49.30.11.19.9.63.26.51.93.67.50.26.xover.mutate.done 50
 generation 43.91.93.93.93.93.93.93.94.96.93.73.18.51.60.51.47.35.51.55.66.84.49.51.69.92.2.11.2.2.51.42.34.90.49.82.50.50.7.45.51.6.2.57.48.51.50.51.62.64.60.xover.mutate.done 50
 generation 44.94.97.92.92.97.97.97.97.95.93.46.1.25.41.35.50.13.60.93.45.29.10.11.60.61.45.17.22.50.17.51.76.50.1.31.41.47.1.84.73.50.22.50.84.57.56.39.58.8.8.xover.mutate.done 50
 generation 45.90.89.90.89.89.90.91.89.90.86.2.4.52.7.2.2.91.56.74.12.20.2.47.52.47.58.27.57.49.39.2.60.52.66.23.52.15.57.52.22.90.12.50.15.28.23.39.89.28.25.xover.mutate.done 50
 generation 46.91.92.93.94.92.90.94.94.94.94.93.88.36.38.51.55.51.5.7.51.59.51.0.1.5.1.70.22.0.1.55.51.33.50.1.53.50.43.7.51.51.45.31.73.61.51.68.22.0.44.xover.mutate.done 50
 generation 47.94.94.93.93.93.93.94.93.94.92.49.51.2.36.2.90.2.51.51.61.61.2.8.93.93.2.2.1.18.51.69.61.9.50.74.47.51.51.18.50.15.1.44.37.48.2.38.12.85.51.xover.mutate.done 50
 generation 48.89.89.89.89.88.86.86.85.85.86.14.51.1.56.4.1.50.24.0.78.45.1.51.0.7.46.35.1.85.39.1.86.56.39.86.50.50.51.1.48.1.54.33.51.19.54.1.39.1.22.xover.mutate.done 50
 generation 49.90.90.89.91.90.90.90.90.87.88.50.77.1.55.1.6.72.66.1.50.90.55.50.50.1.57.63.50.50.48.50.2.1.50.1.82.1.46.88.42.48.91.78.50.31.46.50.1.51.15.xover.mutate.done 50
 29656559 iters     730818 iter/sec (40.58 s)
 total time: 40.58
