50 50 50 50 50 50 50 50 50 28 25 20 19 16 4 2 2 2 2 2 2 2 2 2 2 2 2 2 2 2 1 1 1 1 1 1 1 1 1 1 1 1 1 1 1 1 1 1 1 1 
52 52 52 50 50 50 50 50 50 50 50 50 50 50 50 50 50 50 50 50 50 50 50 34 26 26 20 14 10 7 7 4 4 4 4 4 4 4 4 4 4 4 4 2 2 2 2 2 2 2 
50 50 50 50 50 50 50 50 50 50 50 50 50 50 50 50 50 50 50 50 50 50 50 50 50 50 50 48 42 11 10 10 4 3 0 0 0 0 0 0 0 0 0 0 0 0 0 0 0 0 
51 51 51 51 51 51 51 51 51 51 51 51 50 50 50 50 50 50 50 50 50 50 50 50 50 50 50 50 50 20 6 6 2 2 2 2 2 1 1 1 1 1 1 1 1 1 1 1 1 1 
53 53 53 53 52 52 52 52 52 52 52 52 52 52 52 52 52 52 52 52 52 52 52 50 50 50 50 50 46 29 19 12 12 5 5 5 5 3 3 3 3 3 3 3 2 2 2 2 2 2 
51 51 51 51 51 50 50 50 50 50 50 50 50 50 50 50 50 50 50 50 50 50 50 50 50 50 50 50 35 18 11 11 1 1 1 1 1 1 1 1 1 1 1 1 1 1 0 0 0 0 
51 51 51 51 51 51 51 50 50 50 50 50 50 50 50 50 50 50 50 50 50 50 50 50 49 49 38 25 14 5 5 5 2 1 1 1 1 1 1 1 1 1 1 1 1 1 1 1 1 0 
51 51 51 51 51 51 51 51 51 50 50 50 50 50 50 50 50 50 50 50 50 50 50 50 50 50 50 49 48 15 6 1 1 1 1 1 1 1 1 1 1 1 1 1 1 1 1 1 0 0 
52 51 51 51 51 50 50 50 50 50 50 50 50 50 50 50 50 50 50 49 49 46 46 44 14 10 7 5 2 1 1 1 1 1 1 1 1 1 1 0 0 0 0 0 0 0 0 0 0 0 
56 53 52 52 52 52 52 52 52 52 52 52 52 52 52 52 52 52 52 50 50 45 21 17 16 8 8 7 4 4 4 4 4 4 4 4 4 2 2 2 2 2 2 2 2 2 2 2 2 2 
53 52 52 52 52 52 52 52 52 52 52 52 52 52 52 52 52 52 52 52 52 51 50 50 50 50 46 43 34 19 18 13 6 5 5 4 4 4 4 4 4 4 4 4 2 2 2 2 2 2 
57 54 52 51 51 51 51 51 51 51 50 50 50 50 50 50 50 50 50 50 50 45 43 41 40 32 29 26 15 14 14 8 7 5 5 4 4 1 1 1 1 1 1 1 1 1 1 1 1 0 
58 57 57 52 52 52 52 52 52 52 52 52 52 51 51 51 50 50 48 46 42 41 40 32 23 21 18 18 9 9 8 8 7 3 3 3 3 3 3 3 3 3 2 2 2 2 1 1 1 1 
63 57 57 54 50 50 50 50 50 50 50 50 50 50 50 50 50 50 50 50 50 49 45 33 13 11 11 10 7 7 7 4 0 0 0 0 0 0 0 0 0 0 0 0 0 0 0 0 0 0 
62 62 55 55 55 53 52 52 52 52 52 52 52 52 52 52 51 51 47 45 41 41 39 28 17 9 9 7 5 3 3 3 3 3 3 3 3 3 3 2 2 2 2 2 2 2 2 2 2 1 
58 57 57 56 56 56 56 54 52 52 50 50 50 50 50 50 50 50 50 50 50 43 40 26 20 12 11 8 7 7 7 6 6 2 2 2 2 2 2 2 2 2 2 2 2 2 0 0 0 0 
68 64 64 55 55 55 54 54 52 51 51 51 51 51 51 50 49 49 48 42 37 32 23 21 17 17 15 12 12 11 9 7 6 5 3 2 2 2 2 2 2 2 2 2 2 2 2 2 1 1 
69 60 59 58 57 57 57 54 54 54 54 54 54 54 54 51 51 51 51 51 50 50 48 47 41 31 26 17 15 13 10 9 8 8 8 1 1 1 1 1 1 1 1 1 1 1 1 1 0 0 
71 63 59 59 57 57 56 56 56 55 51 51 51 51 51 51 51 50 50 50 50 48 32 31 30 29 16 15 14 12 10 10 9 6 6 6 2 1 1 0 0 0 0 0 0 0 0 0 0 0 
75 75 72 64 60 57 57 57 57 57 57 57 57 55 54 54 53 52 51 51 46 44 43 39 34 34 25 12 11 11 11 8 8 7 5 5 5 5 4 4 2 2 2 2 2 2 2 1 1 1 
85 77 77 77 73 68 58 56 55 55 55 54 53 50 50 50 50 50 50 50 37 31 26 24 22 21 16 15 15 11 9 7 6 4 4 3 3 0 0 0 0 0 0 0 0 0 0 0 0 0 
86 81 81 81 81 71 59 58 57 57 57 54 51 51 51 51 51 50 50 50 50 48 46 31 27 26 15 13 8 7 6 6 6 3 1 1 1 1 1 1 1 1 1 1 0 0 0 0 0 0 
84 83 83 83 83 82 75 69 59 59 59 58 55 53 52 52 52 52 52 51 50 50 50 50 38 36 28 17 16 14 12 11 10 9 6 6 5 3 3 3 3 3 3 3 3 3 3 3 2 1 
84 81 80 76 76 76 76 75 60 60 59 58 51 51 51 51 51 51 51 50 50 50 49 46 40 30 18 12 11 10 9 7 7 7 6 4 1 1 1 1 1 1 1 1 1 1 1 0 0 0 
91 84 81 80 79 79 79 79 79 77 67 57 57 56 55 51 50 50 50 50 49 48 48 43 37 34 33 13 10 6 6 2 2 2 2 2 2 2 2 2 2 2 2 2 1 1 1 1 1 1 
91 82 80 77 77 77 77 77 76 72 54 52 50 50 50 50 50 50 50 50 47 41 39 38 38 37 37 35 35 31 21 16 11 10 8 7 6 6 4 3 0 0 0 0 0 0 0 0 0 0 
92 90 88 85 85 81 81 81 81 81 80 80 79 77 57 57 52 52 52 51 51 50 50 50 50 41 38 34 33 20 19 18 11 6 4 4 2 2 2 2 2 2 2 2 2 2 2 2 2 0 
98 98 96 92 90 89 83 79 79 79 79 79 79 79 66 58 51 51 51 51 50 50 50 48 40 31 31 17 16 13 11 7 6 6 3 3 1 1 1 1 1 1 1 1 0 0 0 0 0 0 
95 95 90 89 89 86 84 80 75 75 75 75 58 51 50 50 50 50 50 45 44 39 34 34 30 23 19 17 13 8 8 8 8 7 6 5 3 3 1 1 1 1 1 1 1 1 1 0 0 0 
95 94 94 93 93 92 88 88 88 86 85 84 82 78 61 59 55 50 50 50 50 50 50 50 44 38 37 23 17 16 13 11 11 9 7 7 7 4 0 0 0 0 0 0 0 0 0 0 0 0 
96 96 95 94 93 93 92 92 91 91 91 90 85 73 60 58 57 56 55 53 53 52 52 52 51 50 50 47 40 38 30 20 20 18 18 16 13 12 9 9 9 8 5 5 5 5 5 5 3 2 
93 93 92 91 91 90 90 90 90 90 89 89 89 88 87 83 83 72 64 57 56 53 52 52 52 52 52 51 51 50 50 50 48 46 45 45 43 42 25 17 11 11 10 10 10 4 3 3 3 2 
92 92 92 92 92 92 92 92 91 91 91 91 90 90 81 69 64 62 54 54 54 54 54 51 51 51 50 50 49 48 48 48 47 42 37 31 29 25 22 12 6 5 5 5 5 5 5 5 5 4 
94 94 94 94 94 93 93 93 93 93 92 92 92 92 92 90 88 58 58 50 50 50 50 50 50 50 50 50 50 50 47 44 44 42 41 40 38 38 18 12 6 4 0 0 0 0 0 0 0 0 
95 95 95 95 94 94 94 94 93 93 93 92 92 92 92 92 90 90 89 67 59 56 54 52 51 50 50 50 50 50 50 50 49 48 48 46 45 18 16 16 15 8 6 6 6 1 1 1 1 0 
94 93 93 93 93 92 92 92 92 92 92 92 91 91 90 90 90 67 66 55 53 51 51 50 49 47 45 42 42 37 32 32 29 21 20 18 14 7 6 5 5 4 3 1 1 1 1 1 1 1 
94 93 93 93 93 93 92 92 92 92 92 92 92 92 91 91 90 89 83 77 66 62 62 52 51 50 50 47 45 45 43 42 42 35 29 26 24 23 18 15 13 11 8 5 3 3 3 3 2 1 
89 88 88 85 85 84 84 84 84 84 84 83 59 58 54 53 51 51 51 51 51 50 47 41 40 39 38 36 27 22 21 21 17 14 10 5 1 1 1 1 1 1 1 1 1 1 1 1 1 1 
95 95 94 94 94 94 94 94 93 93 93 93 93 93 92 88 65 58 57 55 54 50 50 50 50 50 50 50 50 46 44 26 22 20 19 18 15 9 8 6 6 6 5 0 0 0 0 0 0 0 
91 90 90 89 89 89 89 89 88 88 88 88 86 77 69 68 63 59 52 52 50 50 50 50 50 50 50 29 27 27 26 24 20 20 18 16 16 16 14 2 1 1 1 1 1 1 1 1 0 0 
94 94 94 94 94 93 93 92 92 92 92 87 67 62 60 58 54 51 51 50 50 50 50 49 48 48 47 46 44 33 30 29 21 20 19 18 13 12 9 7 6 2 2 2 2 2 2 1 1 1 
97 96 95 95 95 95 93 93 93 92 91 90 90 84 59 53 53 53 50 50 50 50 50 50 50 50 50 50 50 49 49 48 44 44 44 43 24 20 18 12 10 6 6 6 4 0 0 0 0 0 
95 94 93 92 92 92 92 92 92 91 75 69 57 56 53 50 50 50 50 50 50 48 45 45 35 31 26 17 16 13 12 12 11 8 7 6 4 2 2 2 2 1 1 0 0 0 0 0 0 0 
98 97 97 97 96 96 95 95 94 94 93 76 75 62 62 59 56 53 51 51 51 51 51 50 50 50 50 50 49 42 19 19 17 13 13 12 11 9 4 2 2 2 2 2 2 2 2 2 1 1 
94 93 93 93 92 92 91 91 91 91 89 74 66 64 56 52 52 50 50 50 50 50 50 50 50 50 50 49 44 34 20 19 19 9 9 6 6 3 2 2 2 2 2 2 2 2 2 0 0 0 
97 96 96 96 96 96 95 95 95 95 93 93 64 57 56 54 50 50 50 50 50 50 49 48 48 45 45 39 38 34 30 28 24 22 21 21 15 13 8 6 6 5 0 0 0 0 0 0 0 0 
95 92 92 92 91 91 91 91 91 90 58 54 51 51 51 51 50 50 50 50 49 45 40 40 27 22 19 16 12 9 9 8 7 6 6 5 4 1 1 1 1 1 1 1 1 1 1 1 1 1 
90 90 89 89 89 88 88 86 83 83 62 61 58 52 52 52 52 52 52 52 52 52 51 50 50 50 49 48 46 33 24 23 23 23 20 12 11 11 9 8 5 4 4 4 4 4 4 4 2 2 
95 95 95 95 95 95 94 94 93 93 93 58 50 50 50 50 50 50 50 50 50 50 50 45 45 45 45 43 41 40 39 39 33 32 14 13 13 11 8 7 5 2 0 0 0 0 0 0 0 0 
91 89 89 89 88 88 87 87 87 85 84 81 73 67 66 62 60 57 52 52 51 50 50 50 50 50 50 50 50 49 45 45 45 44 44 43 42 40 39 34 24 17 16 15 15 11 9 6 1 0 
