% Ministry of Cellular Automata
% Project Deux (CS523 Spring 2015)
% Version:v0.1-66-g3e0f-dirty
%  pop:50
%  ic count:100
%  CA Log option:r3/run46
%  width:121
%  max workers:4
%  radius:3
%  iterations:300
%  generations:50

 generation 0.0.31.1.0.1.1.1.50.50.1.1.0.50.1.51.50.1.0.1.1.50.1.1.0.1.0.50.1.50.1.13.1.50.1.50.50.1.9.1.1.1.0.0.0.0.1.50.10.1.1.xover.mutate.done 50
 generation 1.50.50.50.50.50.50.50.50.50.50.50.0.0.50.50.11.50.0.50.0.0.0.0.0.8.0.0.15.7.0.0.0.0.50.0.0.50.0.0.0.0.7.0.50.0.11.0.50.0.0.xover.mutate.done 50
 generation 2.50.50.50.50.50.50.50.50.50.50.52.3.3.1.1.7.2.12.12.1.3.18.50.3.50.3.50.3.7.50.50.3.15.50.50.18.2.15.3.52.1.1.2.50.50.2.2.50.50.3.xover.mutate.done 50
 generation 3.51.51.50.50.50.50.50.50.50.50.50.50.1.47.1.1.30.50.1.0.1.50.50.1.50.1.50.1.50.50.2.1.51.1.39.0.1.50.50.50.50.50.3.1.0.42.4.1.1.0.xover.mutate.done 50
 generation 4.51.51.51.51.50.50.50.50.50.50.1.25.52.50.2.50.50.1.1.2.16.1.50.3.3.50.2.52.41.50.50.50.51.50.3.51.50.1.6.51.52.50.50.3.2.8.43.6.1.50.xover.mutate.done 50
 generation 5.50.50.50.50.50.50.49.50.50.50.50.0.0.11.50.50.50.50.0.0.0.0.31.0.20.50.0.0.0.0.0.50.50.50.0.50.0.50.50.50.50.0.50.50.9.0.0.3.50.0.xover.mutate.done 50
 generation 6.50.50.50.51.51.51.51.51.51.50.51.1.50.1.51.1.1.1.1.51.50.19.50.1.1.9.1.9.1.1.50.1.1.1.1.1.1.1.1.1.1.1.19.50.1.0.0.1.51.0.xover.mutate.done 50
 generation 7.52.52.52.52.52.52.52.52.52.52.52.2.2.2.52.0.2.2.2.2.2.2.2.14.2.2.2.50.2.2.2.2.2.2.2.50.50.52.15.2.2.52.2.2.49.2.2.2.2.2.xover.mutate.done 50
 generation 8.50.50.50.50.50.50.50.50.50.50.3.50.3.3.50.45.50.50.50.53.3.50.3.3.21.3.50.4.3.0.3.3.3.50.50.3.8.3.50.50.50.3.3.3.3.22.3.3.3.3.xover.mutate.done 50
 generation 9.51.51.51.51.51.51.51.51.51.51.51.51.2.2.1.2.2.2.51.2.43.51.2.51.1.48.51.51.2.51.51.2.2.2.51.51.2.2.61.2.51.2.2.2.12.51.42.41.51.51.xover.mutate.done 50
 generation 10.69.50.52.52.52.52.52.52.52.52.40.52.50.0.2.52.52.52.2.2.2.52.52.50.2.52.52.30.2.52.2.0.52.2.51.2.52.52.2.2.52.2.50.52.0.50.51.0.52.2.xover.mutate.done 50
 generation 11.59.50.50.50.50.50.50.50.50.50.0.50.49.50.47.50.47.0.50.0.2.50.50.0.0.50.50.50.0.50.0.0.0.50.50.50.50.50.50.0.50.50.50.50.50.50.62.50.0.0.xover.mutate.done 50
 generation 12.67.65.50.50.50.50.50.50.50.50.1.50.50.50.1.41.27.45.50.1.1.1.48.14.1.50.50.50.50.50.50.16.50.50.1.1.50.50.1.1.1.1.50.21.50.50.50.18.50.1.xover.mutate.done 50
 generation 13.72.67.52.52.52.52.52.52.52.52.2.52.52.52.22.52.35.2.13.50.2.52.2.9.52.2.48.52.52.2.52.52.49.52.2.50.16.52.52.52.2.52.2.52.52.50.52.2.0.49.xover.mutate.done 50
 generation 14.64.62.50.50.50.50.50.50.50.50.0.50.50.50.50.26.0.0.50.0.0.50.0.3.0.0.0.0.0.0.4.19.0.0.50.0.0.50.50.0.0.3.50.50.50.0.0.47.50.0.xover.mutate.done 50
 generation 15.68.67.51.51.51.51.51.51.51.51.1.1.21.50.1.46.51.50.27.0.1.51.0.1.12.0.1.50.1.1.1.51.45.50.51.0.62.1.0.1.23.1.51.46.27.1.22.51.50.1.xover.mutate.done 50
 generation 16.64.60.53.50.50.50.50.50.50.50.0.12.0.0.50.0.0.5.9.50.0.0.0.0.0.13.60.0.50.0.0.34.0.50.0.0.50.22.47.20.0.0.0.0.0.0.50.50.0.5.xover.mutate.done 50
 generation 17.69.66.67.64.50.50.50.50.50.50.50.50.2.2.50.2.36.50.2.50.2.2.2.50.2.50.0.2.50.50.50.50.50.2.13.2.2.50.50.2.27.26.2.2.23.22.76.50.20.2.xover.mutate.done 50
 generation 18.72.68.61.67.63.53.53.53.53.53.53.26.4.52.4.4.19.4.62.31.49.4.20.53.53.61.11.14.48.53.4.50.53.5.4.53.1.50.3.53.14.40.6.4.50.53.53.4.53.4.xover.mutate.done 50
 generation 19.74.70.66.59.66.65.65.50.50.50.28.2.50.50.50.50.50.26.50.50.2.2.50.50.50.0.50.2.2.2.7.32.50.57.50.50.50.2.50.50.69.8.0.51.18.49.7.50.67.7.xover.mutate.done 50
 generation 20.73.75.61.59.68.58.59.60.60.54.38.1.1.11.51.58.0.67.51.39.51.51.50.33.51.1.13.50.51.26.60.60.1.1.64.51.9.49.1.51.45.60.50.51.43.4.51.50.1.51.xover.mutate.done 50
 generation 21.67.61.65.62.60.60.65.57.57.57.17.2.2.51.53.60.51.9.51.57.51.10.68.43.9.51.50.9.60.43.31.28.62.64.50.51.51.18.51.51.51.2.57.22.51.1.51.51.51.9.xover.mutate.done 50
 generation 22.74.71.69.60.59.67.68.69.65.70.5.20.42.26.35.46.4.11.16.21.22.69.41.50.72.1.1.43.12.34.47.6.10.38.60.1.43.51.46.49.51.47.9.4.39.1.61.25.44.1.xover.mutate.done 50
 generation 23.68.65.64.58.62.68.58.60.62.57.51.51.77.51.1.51.56.42.69.6.1.51.59.53.51.10.15.71.1.53.21.1.51.6.70.1.10.10.30.12.6.6.6.1.19.1.65.6.30.42.xover.mutate.done 50
 generation 24.72.64.69.66.65.63.64.62.63.60.1.47.26.61.59.3.52.27.56.30.13.52.3.52.54.52.67.51.54.64.14.62.3.4.6.20.52.52.51.3.66.49.16.49.49.52.61.8.45.22.xover.mutate.done 50
 generation 25.77.68.71.71.60.68.63.65.65.67.50.65.63.0.0.0.53.5.60.22.5.48.1.0.17.13.58.0.63.28.0.14.55.31.41.57.21.0.23.29.2.55.4.26.66.13.0.0.52.55.xover.mutate.done 50
 generation 26.81.71.67.71.67.63.66.64.68.68.5.40.90.2.39.17.51.46.2.1.2.37.2.1.12.51.2.57.4.43.51.40.65.64.18.69.45.50.69.9.51.2.8.5.48.2.1.64.6.68.xover.mutate.done 50
 generation 27.86.77.69.71.68.67.65.66.66.66.28.52.52.53.4.12.56.51.7.20.9.16.8.31.63.13.52.3.33.63.22.1.17.3.52.34.47.33.3.3.64.3.52.33.27.52.64.70.1.68.xover.mutate.done 50
 generation 28.92.76.74.69.72.67.68.68.70.70.68.76.46.48.50.50.12.21.52.50.72.14.45.62.66.47.21.22.62.66.9.50.2.30.67.47.11.47.28.2.41.66.17.50.8.50.8.61.7.50.xover.mutate.done 50
 generation 29.88.84.77.75.73.76.70.70.73.73.73.52.11.52.4.23.55.37.15.4.4.65.74.53.13.74.49.65.63.70.48.25.14.65.48.12.48.2.9.53.55.4.52.66.70.60.57.50.4.4.xover.mutate.done 50
 generation 30.86.77.82.69.71.66.78.72.68.66.16.72.28.11.37.26.56.7.26.36.41.40.33.51.59.42.61.46.92.65.54.9.51.50.1.1.2.2.31.50.50.2.7.2.58.50.71.13.8.36.xover.mutate.done 50
 generation 31.89.91.77.78.79.80.78.77.75.75.49.36.20.22.2.29.39.13.77.35.19.0.60.24.0.57.2.42.0.50.2.27.48.36.0.51.13.6.50.42.0.72.37.32.2.2.45.2.33.61.xover.mutate.done 50
 generation 32.85.84.76.82.69.78.72.71.80.78.46.28.4.74.16.58.47.50.50.75.4.3.49.50.38.57.0.49.42.50.49.16.39.82.50.0.21.27.42.0.59.50.42.5.15.8.0.84.81.26.xover.mutate.done 50
 generation 33.87.83.83.80.73.76.75.77.73.70.34.51.28.1.6.1.2.2.1.62.41.69.1.52.76.51.19.37.1.64.73.1.15.81.65.50.43.46.50.51.81.51.50.25.49.41.28.70.61.3.xover.mutate.done 50
 generation 34.83.89.86.85.85.83.83.80.80.79.16.2.9.38.48.51.42.0.0.32.11.2.2.40.13.41.2.62.2.18.22.2.49.30.59.23.22.26.2.2.2.26.26.50.76.45.15.50.38.2.xover.mutate.done 50
 generation 35.86.79.81.81.86.75.75.75.72.71.59.0.0.50.48.46.50.48.11.33.48.13.8.52.43.38.0.8.37.48.0.49.45.60.0.0.48.59.0.50.19.34.46.34.36.35.45.59.20.0.xover.mutate.done 50
 generation 36.86.85.88.88.78.82.81.77.76.75.12.24.7.14.50.50.44.35.7.2.52.24.7.42.13.2.44.40.50.2.25.22.48.11.24.50.24.74.0.17.13.72.15.15.71.50.39.39.11.23.xover.mutate.done 50
 generation 37.77.77.89.93.75.70.79.72.67.68.2.67.46.15.13.17.55.50.47.31.31.58.2.25.2.15.69.2.10.2.10.42.59.2.45.50.63.15.39.14.2.46.10.47.50.23.47.39.21.26.xover.mutate.done 50
 generation 38.87.85.77.83.83.79.83.80.78.79.37.3.3.65.52.40.50.17.49.14.71.3.3.15.18.51.51.30.72.41.28.64.54.49.8.10.3.50.11.50.67.59.19.14.50.3.26.25.3.22.xover.mutate.done 50
 generation 39.93.91.85.85.78.78.81.74.78.84.1.3.22.16.16.16.63.17.28.63.58.27.22.3.3.49.41.8.18.28.30.61.21.41.76.50.52.63.10.3.25.51.36.60.14.34.50.66.63.56.xover.mutate.done 50
 generation 40.86.85.82.82.73.79.81.73.77.69.23.7.7.44.36.6.22.61.42.37.82.14.54.65.32.8.24.30.50.33.1.1.50.56.49.26.50.66.48.22.36.77.22.60.1.20.22.0.50.51.xover.mutate.done 50
 generation 41.86.91.87.87.87.70.76.70.74.81.11.30.56.32.28.50.41.5.50.7.35.9.40.10.51.9.32.32.78.18.62.85.2.7.1.53.43.42.50.50.26.22.5.9.64.38.36.2.47.31.xover.mutate.done 50
 generation 42.89.86.86.86.92.82.81.70.79.78.62.31.13.50.11.50.25.38.50.37.1.22.44.41.1.50.1.20.44.14.82.9.2.50.63.54.18.34.37.2.49.2.50.25.1.50.41.14.50.45.xover.mutate.done 50
 generation 43.86.87.83.83.83.77.78.81.79.79.18.0.16.44.50.18.61.92.30.16.82.50.0.22.69.47.2.43.43.71.5.0.77.6.38.34.0.17.50.47.50.50.7.13.21.0.13.50.47.20.xover.mutate.done 50
 generation 44.90.86.84.85.85.85.81.79.82.81.30.0.0.49.46.2.22.46.51.33.20.33.5.24.51.1.67.50.68.1.1.1.0.19.50.1.41.1.50.32.7.59.20.51.1.0.11.1.0.38.xover.mutate.done 50
 generation 45.84.87.84.84.84.88.78.81.77.78.3.33.23.58.61.59.3.6.55.17.3.1.30.47.5.53.40.3.42.52.52.52.7.52.39.28.8.1.5.42.10.50.12.50.6.1.3.40.17.8.xover.mutate.done 50
 generation 46.89.87.90.78.78.78.76.74.79.74.24.10.1.1.50.24.46.24.1.50.65.29.50.7.7.49.5.50.61.12.50.51.19.50.32.55.50.49.83.10.50.9.50.48.26.50.6.1.46.44.xover.mutate.done 50
 generation 47.86.86.88.71.67.71.71.71.71.72.51.41.11.8.23.15.35.42.2.12.2.51.44.38.59.46.56.50.50.47.9.19.2.44.21.49.15.15.27.1.21.51.40.47.45.47.46.22.50.51.xover.mutate.done 50
 generation 48.91.85.87.78.79.83.83.83.77.82.51.49.10.56.15.26.60.44.32.46.3.3.22.27.33.15.3.35.46.40.60.48.27.3.3.69.0.26.30.13.45.50.50.53.23.0.51.56.49.63.xover.mutate.done 50
 generation 49.86.87.91.77.77.77.78.80.77.76.1.39.50.32.1.60.1.26.26.38.59.1.44.21.39.15.1.22.15.50.5.26.54.55.1.1.49.25.1.28.9.48.14.34.5.1.51.1.33.27.xover.mutate.done 50
 33116971 iters     709808 iter/sec (46.66 s)
 total time: 46.66
