0.234375 0.7265625 0.640625 0.46875 0.5703125 0.578125 0.75 0.8515625 0.1171875 0.125 
0.234375 0.2265625 0.8359375 0.0625 0.8984375 0.1171875 0.9140625 0.7265625 0.640625 0.46875 
0.0625 0.3515625 0.3125 0.21875 0.234375 0.2265625 0.8359375 0.8984375 0.1171875 0.9140625 
0.84375 0.0625 0.3515625 0.3125 0.21875 0.0625 0.8359375 0.8828125 0.3203125 0.234375 
0.84375 0.8359375 0.8828125 0.8515625 0.875 0.8359375 0.8359375 0.5625 0.703125 0.0625 
0.84375 0.0625 0.2265625 0.2734375 0.2890625 0.328125 0.25 0.8359375 0.8828125 0.8515625 
0.84375 0.0625 0.2265625 0.2734375 0.2890625 0.328125 0.25 0.8359375 0.8828125 0.8515625 
0.84375 0.8359375 0.8828125 0.8515625 0.8359375 0.8125 0.71875 0.5390625 0.84375 0.8671875 
0.84375 0.234375 0.8359375 0.8828125 0.8515625 0.8359375 0.8125 0.71875 0.5390625 0.84375 
0.8359375 0.8828125 0.8515625 0.8359375 0.8125 0.71875 0.5390625 0.84375 0.65625 0.796875 
0.8359375 0.8828125 0.8515625 0.8359375 0.8125 0.71875 0.5390625 0.84375 0.65625 0.796875 
0.8359375 0.8828125 0.8515625 0.8359375 0.8125 0.71875 0.5390625 0.84375 0.65625 0.796875 
0.8359375 0.8828125 0.8515625 0.8359375 0.8125 0.71875 0.5390625 0.84375 0.65625 0.796875 
0.8359375 0.8828125 0.8515625 0.8359375 0.8125 0.71875 0.5390625 0.84375 0.65625 0.796875 
0.8359375 0.8828125 0.8515625 0.8359375 0.8125 0.71875 0.5390625 0.84375 0.65625 0.796875 
0.8359375 0.8828125 0.8515625 0.8359375 0.8125 0.71875 0.5390625 0.84375 0.65625 0.796875 
0.8359375 0.8828125 0.8515625 0.8359375 0.8125 0.71875 0.5390625 0.84375 0.65625 0.796875 
0.8359375 0.8828125 0.8515625 0.8359375 0.8125 0.71875 0.5390625 0.84375 0.65625 0.796875 
0.8359375 0.8828125 0.8515625 0.8359375 0.71875 0.5390625 0.84375 0.65625 0.796875 0.765625 
0.8359375 0.8828125 0.8515625 0.8359375 0.71875 0.5390625 0.84375 0.65625 0.796875 0.765625 
0.8359375 0.8828125 0.8515625 0.8359375 0.71875 0.5390625 0.84375 0.65625 0.796875 0.765625 
0.8359375 0.8828125 0.8515625 0.8359375 0.71875 0.5390625 0.84375 0.65625 0.796875 0.765625 
0.8359375 0.8828125 0.8515625 0.8359375 0.71875 0.5390625 0.84375 0.65625 0.796875 0.765625 
0.8359375 0.8828125 0.8515625 0.8359375 0.71875 0.5390625 0.84375 0.65625 0.796875 0.765625 
0.8359375 0.8828125 0.8515625 0.8359375 0.71875 0.5390625 0.84375 0.65625 0.796875 0.765625 
0.8359375 0.8828125 0.8515625 0.8359375 0.71875 0.5390625 0.84375 0.65625 0.796875 0.765625 
0.8359375 0.8828125 0.8515625 0.8359375 0.71875 0.5390625 0.84375 0.65625 0.796875 0.765625 
0.8359375 0.8828125 0.8515625 0.8359375 0.71875 0.5390625 0.84375 0.65625 0.796875 0.765625 
0.8359375 0.8828125 0.8515625 0.8359375 0.71875 0.5390625 0.84375 0.65625 0.796875 0.765625 
0.8359375 0.8828125 0.8515625 0.8359375 0.71875 0.5390625 0.84375 0.65625 0.796875 0.765625 
0.8359375 0.8828125 0.8515625 0.8359375 0.71875 0.5390625 0.84375 0.65625 0.796875 0.765625 
0.8359375 0.8828125 0.8515625 0.8359375 0.71875 0.5390625 0.84375 0.65625 0.796875 0.765625 
0.8359375 0.8828125 0.8515625 0.8359375 0.71875 0.5390625 0.84375 0.65625 0.796875 0.765625 
0.8359375 0.8828125 0.8515625 0.8359375 0.71875 0.5390625 0.84375 0.65625 0.796875 0.765625 
0.8359375 0.8828125 0.8515625 0.8359375 0.71875 0.5390625 0.84375 0.65625 0.796875 0.765625 
0.8359375 0.8828125 0.8515625 0.8359375 0.71875 0.5390625 0.84375 0.65625 0.796875 0.765625 
0.8359375 0.8828125 0.8515625 0.8359375 0.71875 0.5390625 0.84375 0.65625 0.796875 0.765625 
0.8359375 0.8828125 0.8515625 0.8359375 0.71875 0.5390625 0.84375 0.65625 0.796875 0.765625 
0.8359375 0.8828125 0.8515625 0.8359375 0.71875 0.5390625 0.84375 0.65625 0.796875 0.765625 
0.8359375 0.8828125 0.8515625 0.8359375 0.71875 0.5390625 0.84375 0.65625 0.796875 0.765625 
0.8359375 0.8828125 0.8515625 0.8359375 0.71875 0.5390625 0.84375 0.65625 0.796875 0.765625 
0.8359375 0.8828125 0.8515625 0.8359375 0.71875 0.5390625 0.84375 0.65625 0.796875 0.765625 
0.8359375 0.8828125 0.8515625 0.8359375 0.71875 0.5390625 0.84375 0.65625 0.796875 0.765625 
0.8359375 0.8828125 0.8515625 0.8359375 0.71875 0.5390625 0.84375 0.65625 0.796875 0.765625 
0.8359375 0.8828125 0.8515625 0.8359375 0.71875 0.5390625 0.84375 0.65625 0.796875 0.765625 
0.8359375 0.8828125 0.8515625 0.8359375 0.71875 0.5390625 0.84375 0.65625 0.796875 0.765625 
0.8359375 0.8828125 0.8515625 0.8359375 0.71875 0.5390625 0.84375 0.65625 0.796875 0.765625 
0.8359375 0.8828125 0.8515625 0.8359375 0.71875 0.5390625 0.84375 0.65625 0.796875 0.765625 
0.8359375 0.8828125 0.8515625 0.8359375 0.71875 0.5390625 0.84375 0.65625 0.796875 0.765625 
0.8359375 0.8828125 0.8515625 0.8359375 0.71875 0.5390625 0.84375 0.65625 0.796875 0.765625 
