0.0390625 0.90625 0.21875 0.390625 0.8125 0.0234375 0.140625 0.0078125 0.9375 0.03125 
0.0390625 0.90625 0.0234375 0.9375 0.03125 0.984375 0.2109375 0.1328125 0.0625 0.9765625 
0.0390625 0.2109375 0.125 0.1484375 0.21875 0.8671875 0.828125 0.859375 0.90625 0.0234375 
0.8671875 0.828125 0.859375 0.7109375 0.6015625 0.8359375 0.640625 0.7109375 0.8515625 0.0390625 
0.0390625 0.21875 0.40625 0.421875 0.21875 0.1875 0.1953125 0.359375 0.8671875 0.828125 
0.4140625 0.0390625 0.21875 0.40625 0.421875 0.21875 0.1875 0.1953125 0.359375 0.15625 
0.40625 0.4140625 0.0390625 0.21875 0.40625 0.421875 0.21875 0.1875 0.1953125 0.359375 
0.46875 0.40625 0.4375 0.4140625 0.0390625 0.21875 0.40625 0.421875 0.21875 0.1875 
0.46875 0.4375 0.4375 0.40625 0.4296875 0.4140625 0.0390625 0.21875 0.40625 0.421875 
0.46875 0.4296875 0.40625 0.4140625 0.4375 0.4375 0.4375 0.421875 0.0390625 0.21875 
0.46875 0.4921875 0.4375 0.4375 0.4375 0.40625 0.3984375 0.375 0.4140625 0.4296875 
0.4765625 0.4921875 0.46875 0.4453125 0.40625 0.4375 0.4375 0.4375 0.3984375 0.375 
0.4765625 0.453125 0.46875 0.4921875 0.453125 0.4453125 0.4453125 0.40625 0.3984375 0.375 
0.4765625 0.4140625 0.453125 0.4921875 0.484375 0.46875 0.453125 0.4453125 0.4453125 0.3984375 
0.4140625 0.4765625 0.4765625 0.453125 0.46875 0.4375 0.484375 0.4921875 0.4765625 0.453125 
0.4765625 0.4765625 0.46875 0.453125 0.4140625 0.453125 0.4375 0.4921875 0.4921875 0.4921875 
0.46875 0.4140625 0.4765625 0.4765625 0.453125 0.453125 0.4921875 0.4921875 0.4921875 0.4375 
0.46875 0.4140625 0.4765625 0.4765625 0.4921875 0.453125 0.4921875 0.453125 0.4921875 0.4921875 
0.46875 0.4140625 0.4765625 0.4765625 0.4921875 0.4921875 0.453125 0.453125 0.4921875 0.4921875 
0.4765625 0.4140625 0.4765625 0.453125 0.46875 0.4921875 0.4921875 0.453125 0.5234375 0.4765625 
0.4140625 0.4765625 0.46875 0.46875 0.4765625 0.4921875 0.4921875 0.46875 0.453125 0.453125 
0.46875 0.46875 0.4140625 0.4765625 0.4765625 0.4921875 0.453125 0.4921875 0.4609375 0.46875 
0.46875 0.4140625 0.4765625 0.46875 0.4765625 0.4921875 0.4921875 0.453125 0.4609375 0.46875 
0.4140625 0.46875 0.46875 0.4765625 0.4765625 0.4765625 0.46875 0.46875 0.453125 0.4609375 
0.46875 0.46875 0.4765625 0.4765625 0.46875 0.46875 0.46875 0.4140625 0.4765625 0.4609375 
0.4140625 0.46875 0.46875 0.4765625 0.46875 0.46875 0.4765625 0.4765625 0.4609375 0.46875 
0.46875 0.4765625 0.46875 0.46875 0.4765625 0.46875 0.4140625 0.4765625 0.46875 0.46875 
0.4765625 0.4140625 0.4765625 0.46875 0.46875 0.4765625 0.46875 0.46875 0.4765625 0.46875 
0.4765625 0.46875 0.4140625 0.46875 0.4765625 0.46875 0.46875 0.4765625 0.4765625 0.46875 
0.46875 0.46875 0.46875 0.4765625 0.4765625 0.4765625 0.4765625 0.484375 0.4140625 0.46875 
0.484375 0.4765625 0.4140625 0.46875 0.46875 0.46875 0.4765625 0.4765625 0.4765625 0.46875 
0.4140625 0.484375 0.4765625 0.46875 0.46875 0.46875 0.4765625 0.4765625 0.4765625 0.46875 
0.4140625 0.4765625 0.4765625 0.4765625 0.484375 0.46875 0.46875 0.46875 0.4765625 0.46875 
0.4765625 0.4765625 0.4140625 0.4765625 0.46875 0.46875 0.46875 0.4765625 0.4453125 0.484375 
0.4140625 0.4453125 0.4765625 0.4765625 0.4765625 0.46875 0.46875 0.46875 0.484375 0.46875 
0.4140625 0.4453125 0.484375 0.4765625 0.4765625 0.4765625 0.4765625 0.46875 0.46875 0.46875 
0.4140625 0.4453125 0.4765625 0.4765625 0.46875 0.46875 0.46875 0.484375 0.4765625 0.4765625 
0.4765625 0.4140625 0.4453125 0.4765625 0.4765625 0.46875 0.46875 0.46875 0.484375 0.4765625 
0.4765625 0.4140625 0.4453125 0.4765625 0.4765625 0.46875 0.46875 0.46875 0.484375 0.4765625 
0.4140625 0.46875 0.46875 0.46875 0.46875 0.4765625 0.4765625 0.4765625 0.4765625 0.4765625 
0.4765625 0.4140625 0.46875 0.46875 0.46875 0.46875 0.4765625 0.4765625 0.4765625 0.46875 
0.4765625 0.4140625 0.46875 0.46875 0.46875 0.46875 0.46875 0.46875 0.4765625 0.4765625 
0.4140625 0.46875 0.46875 0.46875 0.46875 0.46875 0.46875 0.4765625 0.4765625 0.4765625 
0.46875 0.46875 0.46875 0.46875 0.46875 0.46875 0.4765625 0.4765625 0.4765625 0.4140625 
0.46875 0.46875 0.46875 0.46875 0.46875 0.46875 0.4765625 0.4765625 0.4140625 0.46875 
0.46875 0.46875 0.46875 0.46875 0.46875 0.46875 0.4765625 0.4765625 0.4140625 0.46875 
0.4140625 0.46875 0.46875 0.46875 0.46875 0.46875 0.46875 0.46875 0.46875 0.4609375 
0.46875 0.46875 0.46875 0.46875 0.46875 0.46875 0.46875 0.46875 0.4609375 0.46875 
0.46875 0.46875 0.46875 0.46875 0.46875 0.46875 0.46875 0.46875 0.46875 0.4609375 
0.46875 0.46875 0.46875 0.46875 0.46875 0.46875 0.46875 0.46875 0.46875 0.4609375 
