% Ministry of Cellular Automata
% Project Deux (CS523 Spring 2015)
% Version:v0.1-66-g3e0f-dirty
%  pop:50
%  ic count:100
%  CA Log option:r3/run40
%  width:121
%  max workers:4
%  radius:3
%  iterations:300
%  generations:50

 generation 0.50.0.1.50.1.7.50.6.0.50.50.0.0.0.0.1.1.1.1.1.1.0.1.50.50.7.0.1.3.50.50.1.1.6.1.0.1.0.1.0.1.1.1.1.0.50.1.1.1.50.xover.mutate.done 50
 generation 1.50.50.50.50.50.50.50.50.50.50.39.0.16.7.0.0.0.0.0.0.50.26.50.50.50.6.0.7.50.13.0.0.0.50.50.50.0.0.0.0.10.50.0.0.0.50.0.0.0.0.xover.mutate.done 50
 generation 2.50.50.50.50.50.50.50.50.50.50.11.3.51.37.3.50.19.2.45.52.1.50.26.1.1.1.2.50.50.2.1.3.3.2.50.2.7.3.51.1.2.1.52.3.14.8.50.50.8.1.xover.mutate.done 50
 generation 3.51.51.50.50.50.50.50.50.50.50.51.50.0.50.1.1.1.1.1.1.15.46.1.24.50.1.50.31.7.1.50.66.1.41.45.31.50.1.1.8.18.50.40.50.50.51.1.1.17.1.xover.mutate.done 50
 generation 4.63.50.50.50.50.50.50.50.50.50.50.51.0.0.0.0.0.0.0.4.50.50.4.11.21.0.0.0.50.50.12.50.50.50.0.50.50.5.29.0.0.0.1.29.0.0.50.0.0.50.xover.mutate.done 50
 generation 5.71.60.50.50.50.50.50.50.50.50.50.50.50.0.0.0.0.0.0.0.50.20.9.50.50.0.0.0.0.0.0.0.0.50.50.0.50.0.0.0.0.0.0.0.50.0.50.26.55.50.xover.mutate.done 50
 generation 6.60.53.56.50.50.50.50.50.50.50.0.13.34.51.0.21.0.0.11.24.19.0.0.0.43.24.0.0.7.0.0.0.0.23.32.0.0.25.0.0.50.6.50.50.6.0.50.0.5.50.xover.mutate.done 50
 generation 7.72.55.60.57.52.52.52.52.50.50.52.7.60.2.50.2.2.2.52.0.2.18.2.2.2.2.2.0.13.52.30.0.2.8.2.26.25.15.2.3.2.20.8.2.2.2.0.0.50.0.xover.mutate.done 50
 generation 8.64.62.54.52.54.50.50.50.50.50.0.6.4.50.50.0.0.0.0.0.0.0.0.50.3.0.50.0.5.50.0.0.0.50.0.4.54.3.0.50.54.1.7.50.0.0.0.0.50.0.xover.mutate.done 50
 generation 9.66.51.55.54.55.55.53.51.51.51.2.51.50.3.4.19.21.1.3.3.1.51.8.1.51.50.51.51.51.3.3.50.3.7.2.7.55.1.3.52.3.51.51.1.7.1.50.12.52.51.xover.mutate.done 50
 generation 10.67.60.60.60.58.60.54.52.52.59.58.3.50.3.3.7.51.50.2.3.10.50.51.1.3.3.1.3.51.58.4.3.60.55.4.51.27.14.60.1.51.55.43.50.3.50.1.55.37.51.xover.mutate.done 50
 generation 11.64.57.57.57.54.57.57.55.55.55.1.7.54.12.0.50.56.1.54.55.1.1.40.54.51.1.1.54.51.54.1.57.1.54.8.1.51.51.1.0.26.50.51.51.51.52.1.0.49.4.xover.mutate.done 50
 generation 12.61.55.54.54.54.54.54.54.50.54.1.1.1.50.50.5.54.7.41.49.50.5.1.1.46.14.50.1.54.54.1.52.1.44.28.0.0.54.50.3.1.1.54.50.41.1.55.1.1.1.xover.mutate.done 50
 generation 13.57.57.57.57.57.57.57.57.55.57.77.51.56.51.2.38.8.57.32.2.51.6.37.12.51.36.11.16.57.10.57.16.2.51.12.51.5.51.10.55.50.51.1.8.1.56.12.55.57.48.xover.mutate.done 50
 generation 14.83.72.55.55.55.55.55.55.55.53.55.1.50.45.46.13.13.23.16.53.55.6.1.55.50.13.50.15.6.11.6.1.12.46.1.26.50.55.50.53.50.6.53.50.50.10.1.44.55.46.xover.mutate.done 50
 generation 15.80.65.52.52.52.52.52.52.52.52.1.47.52.51.35.9.10.50.50.50.2.52.7.3.0.50.51.50.7.52.50.4.37.49.52.52.2.3.49.50.1.50.51.52.1.26.1.41.1.55.xover.mutate.done 50
 generation 16.81.72.63.58.58.58.58.58.58.58.63.56.11.50.2.2.49.11.47.49.50.50.57.12.10.0.50.8.55.10.56.50.58.50.47.2.46.39.22.9.2.51.48.50.61.19.24.50.17.41.xover.mutate.done 50
 generation 17.78.65.60.60.60.59.58.58.58.58.42.0.54.50.4.59.0.56.58.49.19.19.0.50.50.32.48.20.30.50.9.53.9.22.50.59.0.0.17.15.48.50.50.21.0.12.59.48.53.54.xover.mutate.done 50
 generation 18.80.62.55.55.55.54.54.54.54.54.43.54.54.54.4.0.1.53.54.36.4.49.0.42.55.0.1.32.10.4.51.54.6.51.4.51.51.51.4.30.4.55.1.49.50.1.1.54.1.51.xover.mutate.done 50
 generation 19.70.67.63.63.63.65.64.59.59.59.52.14.22.44.2.44.2.52.42.63.57.14.45.2.2.9.2.13.2.43.45.2.2.10.40.20.31.31.18.2.0.38.50.50.59.42.2.52.57.76.xover.mutate.done 50
 generation 20.70.77.69.60.57.57.57.57.57.56.3.37.21.8.11.50.46.6.47.3.9.49.57.8.50.3.11.9.50.3.3.53.50.53.21.50.9.3.48.18.53.53.11.7.3.53.10.14.50.36.xover.mutate.done 50
 generation 21.78.73.71.62.60.60.60.60.60.60.50.0.8.0.6.45.10.55.0.19.0.0.50.60.57.0.0.50.25.10.60.59.0.10.0.0.49.7.0.60.50.0.50.0.0.21.50.0.0.8.xover.mutate.done 50
 generation 22.77.74.66.65.59.59.59.59.59.59.20.51.1.55.1.8.45.14.50.2.8.6.1.47.10.2.51.1.1.35.32.2.35.2.2.23.6.32.51.46.10.1.50.5.2.59.2.9.61.43.xover.mutate.done 50
 generation 23.80.74.70.70.70.65.64.64.64.64.0.11.65.33.11.0.2.22.65.42.9.52.2.31.0.31.22.48.16.20.5.46.52.18.7.10.22.2.12.14.5.52.21.4.28.15.2.5.52.8.xover.mutate.done 50
 generation 24.81.74.68.62.63.60.55.60.60.60.50.50.55.41.42.0.7.0.9.8.47.50.60.0.0.6.47.0.0.59.0.8.10.0.9.21.48.47.49.0.0.36.6.4.14.20.50.9.1.0.xover.mutate.done 50
 generation 25.77.74.67.61.63.61.60.60.60.63.4.4.57.1.6.23.12.37.48.10.2.2.2.5.27.6.7.48.8.12.5.4.1.11.6.1.5.5.70.1.15.2.30.2.2.7.2.8.2.24.xover.mutate.done 50
 generation 26.82.75.70.67.59.58.61.60.59.59.6.17.2.7.0.2.5.10.12.78.54.18.8.6.10.50.8.56.49.2.2.26.2.7.2.0.11.2.10.10.2.2.20.5.51.50.0.10.2.46.xover.mutate.done 50
 generation 27.82.77.73.69.65.62.58.62.60.58.60.0.45.8.74.46.8.0.7.5.0.0.0.17.0.10.56.0.45.64.8.0.8.0.9.0.0.0.8.58.0.6.5.13.23.8.10.0.27.13.xover.mutate.done 50
 generation 28.81.79.66.79.66.62.59.57.58.54.3.55.0.5.11.60.32.0.3.7.43.9.11.3.23.0.0.0.3.47.22.0.3.35.8.10.3.0.0.50.25.13.0.51.3.18.0.25.12.0.xover.mutate.done 50
 generation 29.81.73.71.71.68.70.60.64.61.61.10.10.6.22.0.0.70.41.0.50.50.0.0.20.0.62.10.22.0.14.10.6.0.34.56.49.0.0.0.65.50.52.0.58.0.0.0.8.44.47.xover.mutate.done 50
 generation 30.70.79.68.72.66.71.68.64.63.59.3.45.5.1.68.50.16.0.10.36.3.75.3.85.1.9.0.0.12.58.2.0.71.2.50.63.34.17.6.51.12.13.34.56.52.27.9.1.33.21.xover.mutate.done 50
 generation 31.87.77.79.67.65.65.79.74.64.74.7.8.52.29.64.23.2.0.27.60.37.65.9.47.28.62.62.2.2.25.13.32.32.9.57.46.26.52.4.52.2.28.59.28.26.11.5.26.61.40.xover.mutate.done 50
 generation 32.92.77.82.73.76.62.72.72.72.72.45.4.5.55.0.50.84.58.0.48.28.49.4.8.1.0.9.6.0.16.40.55.8.50.22.9.53.40.38.44.26.0.47.3.4.0.9.5.20.34.xover.mutate.done 50
 generation 33.95.90.78.74.70.77.75.69.69.69.46.4.19.25.0.6.62.10.52.0.0.25.0.71.0.34.18.51.37.50.11.29.55.47.31.32.48.52.0.54.54.54.13.35.5.35.37.47.27.17.xover.mutate.done 50
 generation 34.92.84.79.79.70.77.71.76.75.75.58.64.20.39.43.28.50.38.14.50.4.11.68.43.4.28.42.15.4.62.11.43.13.11.46.27.13.4.50.22.58.58.12.50.4.35.19.30.53.56.xover.mutate.done 50
 generation 35.86.87.80.75.75.69.72.72.66.77.5.12.15.22.18.28.55.4.12.27.14.12.1.44.54.20.31.9.51.1.49.1.11.4.1.9.57.5.23.30.41.1.5.62.4.7.54.46.61.4.xover.mutate.done 50
 generation 36.83.90.79.77.79.78.71.71.67.61.9.62.23.51.1.74.23.6.51.10.1.6.6.56.50.3.38.52.7.16.3.1.62.6.50.1.15.53.56.32.41.61.28.50.9.6.6.1.7.23.xover.mutate.done 50
 generation 37.81.83.77.78.71.69.66.58.58.72.47.57.14.48.46.51.37.2.50.6.25.30.3.17.15.60.16.48.59.58.2.27.30.47.49.22.2.56.47.0.13.2.13.19.31.48.25.77.2.17.xover.mutate.done 50
 generation 38.83.80.79.88.87.80.78.73.77.56.54.7.49.42.27.17.45.1.26.49.9.20.35.22.1.10.48.48.1.50.50.35.1.11.52.44.18.45.44.65.24.1.44.30.1.1.44.10.63.58.xover.mutate.done 50
 generation 39.77.83.88.90.73.81.68.64.79.67.12.31.13.2.34.29.25.8.30.46.60.36.8.8.26.39.38.94.45.8.1.14.6.11.53.18.44.17.50.25.51.11.28.22.37.7.62.2.2.8.xover.mutate.done 50
 generation 40.92.84.84.80.77.75.74.72.68.66.62.50.2.22.11.38.5.34.1.51.26.4.3.10.2.15.50.43.14.9.55.46.6.43.4.8.11.59.51.15.22.38.39.27.2.1.21.10.2.2.xover.mutate.done 50
 generation 41.95.84.83.88.81.71.78.82.75.62.4.3.7.6.0.3.7.3.55.11.4.49.50.50.41.9.6.0.11.40.17.43.7.23.0.3.66.3.6.34.50.48.6.11.53.7.7.8.0.59.xover.mutate.done 50
 generation 42.93.87.84.87.78.78.83.82.78.76.46.11.2.45.45.45.2.2.25.21.76.51.11.13.2.24.64.1.50.51.45.13.2.74.13.2.42.47.29.14.88.2.2.51.1.2.38.42.29.37.xover.mutate.done 50
 generation 43.92.83.86.84.92.78.78.76.74.74.17.69.49.0.50.44.0.47.0.39.33.16.50.8.29.0.28.66.45.56.17.0.50.40.14.24.22.10.49.36.0.60.50.28.0.7.26.43.7.0.xover.mutate.done 50
 generation 44.91.79.87.91.89.76.75.71.83.65.9.57.37.2.44.12.29.12.7.3.3.6.71.13.3.11.10.53.6.49.36.9.14.9.52.50.37.26.48.52.20.3.3.5.3.6.10.41.30.52.xover.mutate.done 50
 generation 45.96.82.88.88.80.90.82.80.72.78.5.14.50.22.46.54.6.40.5.9.61.35.44.51.5.5.10.5.50.5.38.88.5.8.36.54.9.61.54.28.13.43.54.23.54.41.11.16.52.39.xover.mutate.done 50
 generation 46.95.86.85.88.81.84.77.77.73.71.2.53.22.2.48.37.0.8.0.2.41.2.2.49.2.2.37.50.2.49.3.50.0.37.2.30.44.10.10.60.20.18.16.38.34.5.78.58.32.14.xover.mutate.done 50
 generation 47.91.81.88.83.84.79.73.78.85.75.8.46.46.13.52.58.21.2.13.52.14.3.41.52.1.22.35.47.10.20.3.3.26.52.51.18.23.8.33.52.3.42.8.50.52.13.25.85.48.3.xover.mutate.done 50
 generation 48.92.84.78.86.83.82.82.79.81.76.3.23.2.3.10.64.9.25.26.6.46.49.43.41.35.3.8.3.8.2.3.9.63.9.51.24.3.45.3.3.13.13.48.11.8.53.3.14.3.45.xover.mutate.done 50
 generation 49.90.88.83.85.86.84.75.83.81.76.37.2.22.1.51.35.10.16.11.10.2.2.11.44.19.15.36.28.8.28.1.8.33.2.2.8.25.51.8.4.66.7.50.48.1.48.6.17.13.51.xover.mutate.done 50
 38410663 iters     718622 iter/sec (53.45 s)
 total time: 53.45
