0.0859375 0.40625 0.6484375 0.5234375 0.203125 0.6484375 0.53125 0.75 0.546875 0.5859375 
0.75 0.8671875 0.0 0.9921875 0.9453125 0.1171875 0.296875 0.0703125 0.203125 0.3671875 
0.75 0.7421875 0.7578125 0.8203125 0.34375 0.3515625 0.40625 0.8671875 0.0 0.9921875 
0.75 0.7421875 0.7578125 0.8203125 0.34375 0.3515625 0.40625 0.8671875 0.0 0.9921875 
0.75 0.7421875 0.7578125 0.8203125 0.609375 0.7421875 0.75 0.34375 0.3515625 0.40625 
0.75 0.7421875 0.7578125 0.8203125 0.609375 0.7421875 0.75 0.34375 0.3515625 0.40625 
0.4453125 0.75 0.7421875 0.7578125 0.8203125 0.609375 0.7421875 0.75 0.6640625 0.5546875 
0.4453125 0.4453125 0.34375 0.4453125 0.75 0.7421875 0.7578125 0.8203125 0.609375 0.7421875 
0.53125 0.4453125 0.4453125 0.5 0.34375 0.4453125 0.75 0.7421875 0.7578125 0.8203125 
0.5234375 0.53125 0.65625 0.5 0.4453125 0.4453125 0.4765625 0.5 0.34375 0.4453125 
0.5234375 0.5234375 0.53125 0.5234375 0.5 0.65625 0.6484375 0.4453125 0.4453125 0.4765625 
0.5234375 0.5234375 0.5234375 0.53125 0.515625 0.5234375 0.484375 0.5078125 0.5546875 0.65625 
0.5234375 0.5234375 0.5234375 0.53125 0.5078125 0.515625 0.5078125 0.5234375 0.5234375 0.5390625 
0.5234375 0.5234375 0.5078125 0.5234375 0.5234375 0.53125 0.546875 0.515625 0.515625 0.53125 
0.5234375 0.5234375 0.5234375 0.53125 0.5078125 0.5234375 0.515625 0.546875 0.515625 0.5078125 
0.515625 0.5078125 0.5234375 0.5234375 0.5234375 0.5234375 0.546875 0.515625 0.546875 0.5234375 
0.546875 0.5390625 0.5234375 0.5234375 0.5234375 0.515625 0.546875 0.5234375 0.5234375 0.53125 
0.546875 0.546875 0.5234375 0.5234375 0.5234375 0.515625 0.5234375 0.5390625 0.53125 0.5234375 
0.546875 0.5234375 0.546875 0.5234375 0.5234375 0.5234375 0.515625 0.5234375 0.5078125 0.546875 
0.5234375 0.546875 0.5234375 0.5234375 0.5234375 0.515625 0.5234375 0.5078125 0.5078125 0.5234375 
0.5234375 0.5234375 0.546875 0.5234375 0.5234375 0.5234375 0.515625 0.5234375 0.5078125 0.5078125 
0.5234375 0.5234375 0.5234375 0.5234375 0.515625 0.5234375 0.5078125 0.5078125 0.5234375 0.515625 
0.5234375 0.5234375 0.5234375 0.515625 0.5234375 0.5234375 0.5234375 0.5078125 0.5078125 0.5234375 
0.5234375 0.5234375 0.5234375 0.5234375 0.515625 0.5234375 0.5234375 0.5234375 0.5078125 0.5078125 
0.5234375 0.5234375 0.5234375 0.5234375 0.5234375 0.515625 0.5234375 0.5078125 0.5078125 0.5234375 
0.5234375 0.5234375 0.5234375 0.5234375 0.515625 0.5234375 0.515625 0.5078125 0.5078125 0.5234375 
0.5234375 0.5234375 0.5234375 0.5234375 0.515625 0.5234375 0.515625 0.5078125 0.5078125 0.5078125 
0.5234375 0.5234375 0.5234375 0.5234375 0.515625 0.515625 0.5078125 0.5078125 0.5078125 0.5390625 
0.5390625 0.5234375 0.5234375 0.5234375 0.5234375 0.515625 0.515625 0.5078125 0.5078125 0.5078125 
0.5234375 0.5234375 0.5234375 0.5234375 0.5078125 0.5078125 0.5078125 0.5078125 0.5078125 0.515625 
0.5234375 0.5234375 0.5234375 0.5234375 0.5078125 0.5078125 0.5078125 0.5078125 0.5078125 0.515625 
0.5234375 0.5234375 0.5234375 0.5234375 0.5078125 0.5078125 0.5078125 0.5078125 0.515625 0.5390625 
0.5390625 0.5078125 0.5234375 0.5234375 0.5234375 0.5234375 0.5078125 0.5078125 0.5078125 0.5078125 
0.53125 0.5390625 0.5234375 0.5234375 0.5234375 0.5234375 0.5078125 0.5078125 0.5078125 0.5078125 
0.5390625 0.5234375 0.5234375 0.5234375 0.5234375 0.5078125 0.5078125 0.5078125 0.5078125 0.515625 
0.515625 0.5234375 0.5234375 0.5234375 0.5234375 0.5078125 0.5078125 0.5078125 0.5078125 0.5390625 
0.5234375 0.5234375 0.5234375 0.5234375 0.5078125 0.5078125 0.5078125 0.515625 0.5078125 0.5390625 
0.515625 0.5078125 0.515625 0.515625 0.5234375 0.5234375 0.5234375 0.5234375 0.5078125 0.5078125 
0.5703125 0.53125 0.515625 0.515625 0.515625 0.5234375 0.5234375 0.5234375 0.5234375 0.5078125 
0.5703125 0.53125 0.5234375 0.5234375 0.5234375 0.5234375 0.515625 0.515625 0.515625 0.5078125 
0.5703125 0.53125 0.515625 0.515625 0.515625 0.5234375 0.5234375 0.5234375 0.5234375 0.5234375 
0.5703125 0.53125 0.5234375 0.5234375 0.5234375 0.515625 0.515625 0.515625 0.5234375 0.5234375 
0.53125 0.5234375 0.5234375 0.5234375 0.515625 0.5703125 0.515625 0.515625 0.515625 0.5234375 
0.5703125 0.53125 0.5234375 0.5234375 0.5234375 0.515625 0.5234375 0.5234375 0.515625 0.515625 
0.5703125 0.53125 0.5234375 0.5234375 0.5234375 0.5234375 0.515625 0.515625 0.515625 0.5234375 
0.5234375 0.515625 0.515625 0.515625 0.5234375 0.515625 0.515625 0.53125 0.5234375 0.5234375 
0.53125 0.5234375 0.5234375 0.515625 0.515625 0.515625 0.5234375 0.515625 0.515625 0.5234375 
0.53125 0.5234375 0.5234375 0.515625 0.515625 0.515625 0.5234375 0.515625 0.515625 0.5234375 
0.53125 0.515625 0.515625 0.515625 0.515625 0.515625 0.5234375 0.5234375 0.5234375 0.5234375 
0.53125 0.53125 0.5234375 0.515625 0.515625 0.515625 0.515625 0.515625 0.5234375 0.5234375 
