51 50 50 50 50 50 50 50 50 50 50 50 31 13 10 9 1 1 1 1 1 1 1 1 1 1 1 1 1 1 1 1 1 1 1 1 1 1 1 1 0 0 0 0 0 0 0 0 0 0 
50 50 50 50 50 50 50 50 50 50 50 50 50 50 50 50 50 50 50 15 11 11 8 7 7 0 0 0 0 0 0 0 0 0 0 0 0 0 0 0 0 0 0 0 0 0 0 0 0 0 
52 52 50 50 50 50 50 50 50 50 50 50 50 50 50 50 50 50 50 50 50 50 50 18 18 15 15 12 12 7 7 3 3 3 3 3 3 3 3 3 2 2 2 2 2 1 1 1 1 1 
51 51 51 50 50 50 50 50 50 50 50 50 50 50 50 50 50 50 50 50 50 50 50 50 50 47 42 39 30 4 3 2 1 1 1 1 1 1 1 1 1 1 1 1 1 1 0 0 0 0 
52 52 52 51 51 51 51 51 51 51 50 50 50 50 50 50 50 50 50 50 50 50 50 50 50 50 50 50 50 43 41 25 16 8 6 6 3 3 3 3 2 2 2 2 1 1 1 1 1 1 
50 50 50 50 50 50 50 50 50 50 50 50 50 50 50 50 50 50 50 50 50 50 50 50 50 50 49 31 20 11 9 3 0 0 0 0 0 0 0 0 0 0 0 0 0 0 0 0 0 0 
51 51 51 51 51 51 51 51 51 51 50 50 50 50 50 50 50 50 50 19 19 9 9 1 1 1 1 1 1 1 1 1 1 1 1 1 1 1 1 1 1 1 1 1 1 1 1 0 0 0 
52 52 52 52 52 52 52 52 52 52 52 52 52 52 50 50 50 49 15 14 2 2 2 2 2 2 2 2 2 2 2 2 2 2 2 2 2 2 2 2 2 2 2 2 2 2 2 2 2 0 
53 50 50 50 50 50 50 50 50 50 50 50 50 50 50 50 50 50 50 50 50 50 50 45 22 21 8 4 3 3 3 3 3 3 3 3 3 3 3 3 3 3 3 3 3 3 3 3 3 0 
61 51 51 51 51 51 51 51 51 51 51 51 51 51 51 51 51 51 51 51 51 51 51 51 51 51 48 43 42 41 12 2 2 2 2 2 2 2 2 2 2 2 2 2 2 2 2 2 1 1 
69 52 52 52 52 52 52 52 52 52 52 52 52 52 52 52 52 52 52 52 52 52 52 52 51 51 50 50 50 50 50 40 30 2 2 2 2 2 2 2 2 2 2 2 2 2 0 0 0 0 
62 59 50 50 50 50 50 50 50 50 50 50 50 50 50 50 50 50 50 50 50 50 50 50 50 50 50 50 50 50 50 50 50 50 49 47 47 2 0 0 0 0 0 0 0 0 0 0 0 0 
67 65 50 50 50 50 50 50 50 50 50 50 50 50 50 50 50 50 50 50 50 50 50 50 50 50 50 50 50 48 45 41 27 21 18 16 14 1 1 1 1 1 1 1 1 1 1 1 1 1 
72 67 52 52 52 52 52 52 52 52 52 52 52 52 52 52 52 52 52 52 52 52 52 52 52 52 52 52 50 50 50 49 49 48 35 22 16 13 9 2 2 2 2 2 2 2 2 2 2 0 
64 62 50 50 50 50 50 50 50 50 50 50 50 50 50 50 50 50 50 50 50 50 50 47 26 19 4 3 3 0 0 0 0 0 0 0 0 0 0 0 0 0 0 0 0 0 0 0 0 0 
68 67 62 51 51 51 51 51 51 51 51 51 51 51 51 51 51 50 50 50 50 50 46 46 45 27 27 23 22 21 12 1 1 1 1 1 1 1 1 1 1 1 1 1 1 0 0 0 0 0 
64 60 60 53 50 50 50 50 50 50 50 50 50 50 50 50 50 50 47 34 22 20 13 12 9 5 5 0 0 0 0 0 0 0 0 0 0 0 0 0 0 0 0 0 0 0 0 0 0 0 
76 69 67 66 64 50 50 50 50 50 50 50 50 50 50 50 50 50 50 50 50 50 50 50 50 50 36 27 26 23 22 20 13 2 2 2 2 2 2 2 2 2 2 2 2 2 2 2 2 0 
72 68 67 63 62 61 61 53 53 53 53 53 53 53 53 53 53 53 53 53 53 53 52 50 50 50 49 48 40 31 26 20 19 14 14 11 6 5 4 4 4 4 4 4 4 4 4 4 3 1 
74 70 69 67 66 66 65 65 59 57 51 50 50 50 50 50 50 50 50 50 50 50 50 50 50 50 50 50 50 50 50 50 49 32 28 26 18 8 7 7 7 2 2 2 2 2 2 2 0 0 
75 73 68 67 64 61 60 60 60 60 60 59 59 58 58 54 51 51 51 51 51 51 51 51 51 51 51 50 50 50 50 49 45 43 39 38 33 26 13 11 9 4 1 1 1 1 1 1 1 0 
68 67 65 65 64 62 62 61 60 60 60 60 57 57 57 57 57 53 51 51 51 51 51 51 51 51 51 51 51 51 51 51 50 50 43 43 31 28 22 18 17 10 9 9 9 9 2 2 2 1 
74 72 71 70 69 69 69 68 67 65 61 60 60 59 51 51 50 49 47 47 46 46 44 43 43 42 41 39 38 35 34 26 25 22 21 20 16 12 11 10 9 6 5 4 4 1 1 1 1 1 
77 71 70 69 68 68 65 65 64 62 62 60 59 58 58 57 56 53 53 51 51 51 51 51 51 51 42 42 30 30 21 19 15 12 10 10 10 6 6 6 6 6 6 1 1 1 1 1 1 1 
72 69 67 66 66 65 64 64 64 63 63 62 62 61 61 60 59 56 54 54 52 52 52 52 52 52 52 51 51 49 49 49 47 45 30 27 26 22 20 16 14 13 8 6 4 3 3 3 3 1 
77 71 71 68 68 67 66 65 65 65 63 63 63 60 60 58 57 55 55 55 53 52 50 48 41 31 29 28 26 23 22 21 17 14 13 13 5 5 4 2 1 0 0 0 0 0 0 0 0 0 
90 81 71 71 69 69 68 68 68 67 67 66 65 64 64 64 63 57 51 51 51 51 50 48 46 45 43 40 40 39 37 18 17 12 9 8 6 5 5 4 2 2 2 2 2 2 2 1 1 1 
86 77 71 70 69 68 68 67 66 66 66 65 64 64 63 63 56 53 52 52 52 52 52 52 51 47 34 33 33 33 31 28 27 22 20 17 16 13 12 9 8 7 4 3 3 3 3 3 1 1 
92 76 76 74 72 72 70 70 69 68 68 68 67 67 66 66 66 62 62 61 52 50 50 50 50 50 50 50 48 47 47 47 46 45 41 30 28 22 21 21 17 14 12 11 9 8 8 7 2 2 
88 84 77 76 75 74 74 73 73 73 73 70 70 70 70 66 65 65 65 63 60 57 55 55 53 53 52 52 52 50 49 48 48 48 37 25 23 15 14 13 12 11 9 4 4 4 4 4 4 2 
92 86 82 78 77 72 72 71 71 69 68 66 66 65 61 59 58 56 54 51 51 50 50 50 50 46 42 41 40 37 36 36 33 31 28 26 26 16 13 11 9 8 7 7 2 2 2 2 1 1 
91 89 80 79 78 78 77 77 77 75 75 72 61 60 57 51 50 50 49 48 45 42 42 39 37 36 36 35 33 32 29 27 24 22 20 19 13 13 6 2 2 2 2 2 2 0 0 0 0 0 
85 84 84 82 82 81 80 78 78 76 75 74 72 71 69 59 58 57 50 50 50 50 50 50 49 49 49 47 46 42 42 42 39 38 28 27 26 21 16 16 15 8 5 4 4 3 0 0 0 0 
87 83 83 81 81 80 77 76 76 75 73 73 73 70 70 69 65 64 62 61 52 51 51 51 51 50 50 50 49 46 43 41 41 37 34 28 28 25 19 15 6 3 2 2 1 1 1 1 1 1 
89 86 85 85 83 83 83 80 80 79 76 62 59 51 50 50 49 48 45 42 41 40 38 38 32 30 26 26 26 23 22 22 18 16 15 13 11 9 2 2 2 2 2 2 2 2 2 2 0 0 
86 86 81 81 79 75 75 75 72 71 60 59 59 59 52 50 50 50 49 48 48 48 48 48 46 46 45 45 43 38 37 36 35 34 34 33 20 19 13 11 8 8 0 0 0 0 0 0 0 0 
88 88 86 85 82 81 78 77 76 75 74 72 71 52 50 50 50 50 50 48 44 44 42 40 39 39 35 25 24 24 24 24 23 22 17 15 15 14 13 13 12 11 11 7 7 7 2 2 2 0 
93 89 79 77 77 75 72 70 69 68 67 67 63 59 58 55 50 50 50 47 47 47 46 46 45 42 39 39 31 31 26 25 23 21 17 15 15 15 14 13 10 10 10 2 2 2 2 2 2 2 
87 85 83 83 83 80 79 79 78 77 72 71 67 65 64 59 54 52 51 51 50 50 50 50 49 49 41 40 37 30 28 26 25 22 19 18 17 15 14 14 11 10 8 3 3 3 3 3 3 3 
93 91 85 85 84 81 78 78 78 76 74 66 63 63 63 63 61 60 58 56 52 51 50 50 49 41 41 36 34 30 28 28 27 25 22 22 21 18 17 16 16 16 14 10 8 3 3 3 3 1 
86 85 82 82 82 81 79 77 77 73 73 69 66 65 61 60 56 54 51 50 50 50 50 49 48 44 42 37 36 36 33 32 30 26 24 23 22 22 22 22 20 14 8 7 7 6 1 1 1 0 
91 87 87 87 86 85 81 78 76 74 70 70 64 62 56 53 51 50 50 50 50 47 43 42 41 40 38 36 35 32 32 32 31 30 28 26 22 18 11 10 9 9 9 7 7 5 5 2 2 1 
92 89 86 86 86 82 82 81 79 78 70 63 62 54 50 50 50 50 50 50 50 50 49 45 44 44 41 41 38 37 37 34 31 25 25 22 20 18 14 14 13 11 9 2 2 2 1 1 1 1 
92 87 86 83 83 83 82 81 79 79 78 77 77 71 69 61 50 50 50 50 50 50 47 47 47 44 43 43 38 34 30 22 21 20 18 18 17 16 16 13 13 7 6 5 2 0 0 0 0 0 
90 86 85 85 85 84 82 81 81 79 68 67 59 51 51 51 50 50 50 49 46 46 41 38 33 33 32 30 24 22 20 20 19 11 7 5 2 1 1 1 1 1 1 1 1 0 0 0 0 0 
88 87 84 84 84 84 81 78 78 77 61 59 58 55 53 52 52 52 52 50 50 47 42 42 40 40 39 33 30 28 23 17 17 12 10 8 8 7 6 6 5 5 3 3 3 3 3 1 1 1 
90 89 87 83 79 78 78 78 76 74 74 65 61 55 51 50 50 50 50 50 50 50 50 50 50 49 49 48 46 46 44 32 29 26 24 24 24 19 12 10 10 9 7 7 6 5 1 1 1 1 
88 86 86 72 71 71 71 71 71 67 59 56 51 51 51 51 50 50 50 49 47 47 47 46 46 45 44 44 42 41 40 38 35 27 23 22 21 21 19 15 15 15 12 11 9 8 2 2 2 1 
91 87 85 83 83 83 82 79 78 77 69 63 60 60 56 56 53 51 51 50 50 49 49 48 46 46 45 44 40 35 33 32 30 27 27 26 26 23 22 15 15 13 10 3 3 3 3 3 0 0 
91 87 86 80 78 77 77 77 77 76 60 59 55 54 51 50 50 49 48 44 39 39 38 34 33 32 28 27 26 26 26 25 22 21 15 15 14 9 5 5 1 1 1 1 1 1 1 1 1 1 
