50 50 50 50 50 50 50 50 50 50 23 17 12 3 3 3 3 3 3 3 3 3 3 3 3 2 2 2 2 2 2 2 2 2 2 1 1 1 1 1 1 1 1 1 1 1 1 1 1 1 
53 51 50 50 50 50 50 50 50 50 50 50 50 50 50 50 50 50 50 47 41 40 33 24 22 7 4 4 4 4 4 4 4 4 3 3 3 3 3 3 3 3 3 3 1 1 1 1 1 1 
53 53 53 51 51 51 51 51 51 50 50 50 50 50 50 50 50 50 50 50 42 35 27 27 17 17 14 13 11 4 4 4 4 4 4 4 3 3 3 3 3 3 3 3 3 1 1 1 1 1 
52 52 52 52 52 52 52 52 52 52 52 52 51 51 51 51 51 51 51 51 50 50 50 50 50 50 50 50 50 46 24 24 17 14 12 3 3 3 3 2 2 2 2 1 1 1 1 1 1 1 
51 51 51 51 50 50 50 50 50 50 50 50 50 50 50 50 50 50 50 50 50 50 50 50 50 50 50 50 27 17 8 5 1 1 1 1 1 1 1 1 1 0 0 0 0 0 0 0 0 0 
51 51 51 51 51 51 51 51 51 51 51 51 51 51 51 51 51 51 51 51 51 51 51 51 50 50 50 47 35 30 24 15 12 7 2 2 2 2 2 2 2 2 2 2 2 1 1 1 1 1 
50 50 50 50 50 50 50 50 50 50 50 50 50 50 50 50 50 50 50 50 50 50 49 49 48 43 29 22 21 19 8 4 0 0 0 0 0 0 0 0 0 0 0 0 0 0 0 0 0 0 
51 51 51 51 51 51 50 50 50 50 50 50 50 50 50 50 50 50 50 50 50 50 50 50 50 50 50 50 45 40 40 17 6 6 1 1 1 1 1 1 1 1 1 1 1 1 1 1 1 0 
53 53 53 53 53 53 53 53 53 53 53 53 53 53 53 53 53 53 53 53 50 50 50 50 50 50 50 50 50 50 47 3 3 3 3 3 3 3 3 3 3 3 3 3 3 3 3 3 3 0 
51 51 51 51 51 50 50 50 50 50 50 50 50 50 50 50 50 50 50 50 50 50 50 50 50 50 50 50 50 50 50 50 26 10 1 1 1 1 1 1 1 1 1 1 1 1 1 1 0 0 
53 50 50 50 50 50 50 50 50 50 50 50 50 50 50 50 50 50 50 50 50 50 50 50 50 50 50 50 50 50 50 28 27 17 15 11 6 6 6 0 0 0 0 0 0 0 0 0 0 0 
53 51 51 51 51 51 51 51 51 51 51 51 51 51 51 51 51 51 51 51 51 51 51 51 51 50 50 50 20 6 2 2 2 2 2 2 2 2 2 2 2 2 2 2 1 1 1 1 1 1 
58 55 55 55 55 55 55 55 55 53 52 52 52 52 52 52 52 52 52 52 52 52 52 52 51 50 48 18 13 7 7 7 7 7 7 7 7 7 7 7 7 7 7 7 7 5 5 5 2 2 
58 58 53 53 53 53 53 53 53 53 53 53 53 53 53 53 53 50 50 50 50 48 47 46 44 33 24 22 20 10 3 3 3 3 3 3 3 3 3 3 3 3 3 3 3 0 0 0 0 0 
54 54 54 52 52 52 52 52 52 52 52 52 52 52 52 52 52 52 52 52 52 52 52 52 52 52 51 50 50 47 47 24 21 20 12 7 4 4 4 4 4 4 4 4 4 4 4 2 2 2 
54 54 54 54 50 50 50 50 50 50 50 50 50 50 50 50 50 50 50 50 50 50 50 50 50 18 14 13 6 6 6 4 4 1 1 1 1 1 1 1 1 1 1 1 1 1 1 1 0 0 
56 56 55 55 55 54 51 51 51 51 51 51 51 51 51 51 51 51 51 51 51 51 51 51 51 51 50 50 50 50 50 47 10 7 6 6 5 5 5 4 1 1 1 1 1 1 1 1 0 0 
58 54 54 54 54 54 54 54 54 54 53 52 52 52 51 51 51 51 51 51 51 51 51 51 51 51 51 51 51 51 51 51 51 50 42 25 25 12 4 2 2 2 2 2 2 2 2 2 1 1 
63 60 60 60 60 60 60 60 59 59 58 58 58 58 58 52 51 51 51 51 51 51 51 51 51 51 51 51 51 51 51 51 51 51 51 51 50 47 30 23 18 16 16 15 11 9 9 9 2 2 
66 61 60 60 60 60 60 60 60 60 60 60 60 60 60 60 58 55 55 55 55 55 55 55 55 55 55 55 55 55 54 53 50 50 50 27 25 14 14 13 10 10 10 5 5 5 5 5 5 5 
60 55 53 53 53 53 53 53 53 53 53 53 53 53 53 53 53 51 50 50 50 50 50 50 50 50 50 31 26 25 21 16 16 15 5 5 4 4 4 4 3 3 1 1 1 0 0 0 0 0 
58 55 55 55 55 55 55 55 55 55 55 55 55 55 55 55 55 55 55 55 55 54 53 50 50 50 50 50 50 50 50 50 50 50 50 50 50 50 50 47 21 21 6 6 5 1 1 0 0 0 
59 54 54 53 53 53 53 53 53 53 53 53 53 53 53 53 53 53 53 53 51 51 51 51 51 51 51 51 51 51 51 51 50 50 50 50 50 50 39 39 32 25 4 2 2 2 2 2 1 1 
57 55 55 55 55 55 55 55 55 55 55 55 54 54 54 54 54 54 54 53 52 52 52 52 52 50 50 50 50 50 50 50 50 50 50 50 50 50 24 13 6 6 5 1 1 1 1 1 1 1 
61 59 57 57 57 57 57 57 57 57 57 57 57 55 55 55 54 54 53 51 50 50 50 50 50 50 50 49 47 37 22 21 17 13 11 9 9 7 5 5 5 1 0 0 0 0 0 0 0 0 
57 53 53 53 53 53 53 53 52 52 52 52 52 50 50 50 50 50 50 50 50 50 50 50 50 50 50 50 47 47 47 31 22 5 4 3 3 2 2 2 2 2 2 2 2 2 2 2 0 0 
58 57 56 56 56 56 56 56 55 55 55 55 55 55 55 54 50 50 50 50 50 50 50 50 50 50 50 50 50 50 49 49 39 26 25 22 13 6 6 6 5 5 3 2 2 2 1 1 1 1 
59 54 53 53 53 53 53 53 53 53 53 53 53 53 53 53 52 52 52 52 52 52 52 52 50 49 47 29 23 22 19 17 16 15 6 6 4 4 4 3 3 3 3 3 2 1 1 1 1 1 
62 60 57 57 57 57 57 57 57 57 57 56 56 56 56 55 53 50 50 50 50 50 49 49 48 47 35 24 17 16 16 14 13 12 9 8 8 7 7 7 7 6 1 1 1 1 1 1 0 0 
61 59 57 56 53 53 53 53 53 53 53 53 53 53 50 50 50 50 50 50 50 50 50 50 50 50 49 35 34 27 19 18 10 10 10 8 7 6 3 3 3 1 0 0 0 0 0 0 0 0 
58 57 55 54 53 53 53 53 53 53 53 53 53 53 53 53 53 53 53 53 53 53 51 51 51 51 51 51 51 50 50 48 36 14 9 9 5 5 5 3 3 3 3 3 3 3 3 2 2 1 
61 61 59 57 57 57 55 55 55 55 55 55 55 55 55 55 55 51 50 50 50 50 50 50 50 50 50 50 47 41 34 27 18 13 7 7 6 5 0 0 0 0 0 0 0 0 0 0 0 0 
61 58 57 57 57 57 56 56 56 56 56 56 55 55 51 51 51 51 51 51 51 51 51 51 51 51 51 50 50 50 50 50 39 39 33 32 24 23 17 15 14 7 7 6 6 4 2 1 1 0 
59 57 55 55 55 55 55 54 54 54 54 54 53 53 50 50 50 50 50 50 50 50 50 50 50 50 50 50 50 45 40 38 38 36 34 28 26 21 20 19 16 4 4 3 0 0 0 0 0 0 
62 59 58 54 53 53 53 53 52 52 52 52 52 52 52 52 52 51 51 51 51 51 51 50 47 37 34 29 27 26 25 23 23 22 21 9 9 9 7 7 6 2 1 1 1 1 1 1 1 1 
60 58 57 57 55 55 55 55 55 55 55 55 55 54 54 54 54 54 54 54 53 51 51 51 51 51 51 51 51 51 51 51 50 47 46 40 38 21 14 13 6 5 2 2 2 1 1 1 1 1 
57 57 55 54 54 54 54 54 54 54 54 54 54 54 54 54 54 53 53 51 50 50 50 50 50 50 50 50 50 50 50 50 50 50 50 49 49 48 8 7 4 4 0 0 0 0 0 0 0 0 
59 58 57 57 57 56 56 56 56 56 56 55 55 55 55 55 55 52 52 52 52 52 52 52 52 52 52 52 52 50 50 27 22 7 7 7 7 6 6 5 3 3 3 3 2 2 2 2 1 1 
57 57 57 56 55 55 55 55 55 55 54 54 54 53 53 53 53 51 51 51 51 51 51 51 51 51 51 50 50 49 48 48 47 47 42 23 20 15 15 10 9 9 7 5 5 5 5 5 1 1 
64 63 62 61 57 57 57 57 56 56 55 55 55 55 55 55 55 55 55 54 53 53 50 50 50 50 50 50 50 50 48 47 45 30 30 28 23 21 21 15 14 12 11 6 0 0 0 0 0 0 
64 63 63 63 63 62 62 60 59 59 59 59 59 59 59 58 58 58 57 57 57 57 56 56 54 53 53 52 52 52 52 52 52 52 50 47 46 24 22 15 11 10 3 3 3 3 3 3 3 3 
63 62 62 62 62 62 61 60 60 59 57 57 56 56 55 55 53 51 51 51 51 51 51 45 43 24 23 12 10 10 9 8 8 7 3 3 3 3 3 1 1 1 1 1 1 1 1 1 1 1 
62 62 61 61 61 61 61 61 60 60 60 58 57 57 56 56 55 55 55 53 51 51 51 50 50 48 46 46 43 43 38 37 18 14 13 13 12 11 10 10 8 6 5 5 5 4 1 1 1 1 
63 62 62 62 62 61 61 61 61 61 61 61 61 60 60 59 58 58 58 58 55 54 52 51 51 51 50 50 49 49 48 48 43 29 25 13 10 9 9 8 8 8 8 8 1 1 1 1 1 1 
61 61 61 61 60 60 60 60 60 60 60 60 58 56 56 56 56 54 52 52 52 52 52 51 50 50 49 47 43 40 40 39 37 36 36 32 22 10 8 6 6 6 6 6 6 2 2 2 2 2 
75 61 61 61 61 61 61 61 60 59 59 59 58 57 57 57 56 56 56 56 56 50 50 49 47 47 45 44 31 27 26 25 24 21 10 10 10 7 6 6 6 0 0 0 0 0 0 0 0 0 
79 62 61 61 61 60 60 60 60 60 60 60 59 59 59 59 56 54 53 53 52 51 50 50 50 50 50 50 50 49 48 42 40 39 38 36 34 27 10 5 4 4 2 1 1 1 1 1 1 1 
74 61 60 59 58 58 58 58 57 57 57 57 57 57 52 52 51 51 51 51 50 50 49 48 41 41 39 38 38 33 28 19 18 13 12 12 10 9 8 6 6 4 4 3 3 3 3 3 3 1 
81 66 66 66 65 64 64 64 63 62 61 60 60 53 50 50 47 41 41 26 25 24 22 22 20 19 19 18 17 15 15 14 13 12 12 12 11 10 10 10 6 6 6 5 1 1 1 1 1 0 
84 64 64 63 63 63 62 62 62 62 62 60 59 56 54 54 53 51 50 50 50 50 50 48 46 45 45 45 45 39 38 37 35 31 29 27 26 26 26 23 19 17 14 14 13 11 10 9 6 2 
