50 50 50 50 50 50 50 50 50 50 50 7 7 6 6 3 1 1 1 1 1 1 1 1 1 1 1 1 1 1 1 1 1 1 1 1 1 1 0 0 0 0 0 0 0 0 0 0 0 0 
50 50 50 50 50 50 50 50 50 50 50 50 50 50 50 50 50 50 50 50 39 26 16 13 10 7 7 6 0 0 0 0 0 0 0 0 0 0 0 0 0 0 0 0 0 0 0 0 0 0 
52 52 51 51 50 50 50 50 50 50 50 50 50 50 50 50 50 50 50 50 50 45 37 26 19 14 11 8 8 7 3 3 3 3 3 3 2 2 2 2 2 2 1 1 1 1 1 1 1 1 
66 51 51 51 51 50 50 50 50 50 50 50 50 50 50 50 50 50 50 50 50 50 46 45 41 40 31 31 24 18 17 15 8 7 1 1 1 1 1 1 1 1 1 1 1 1 1 1 1 0 
63 51 50 50 50 50 50 50 50 50 50 50 50 50 50 50 50 50 50 50 50 50 50 29 29 21 12 11 5 4 4 1 0 0 0 0 0 0 0 0 0 0 0 0 0 0 0 0 0 0 
71 60 55 50 50 50 50 50 50 50 50 50 50 50 50 50 50 50 50 50 50 50 50 26 20 9 0 0 0 0 0 0 0 0 0 0 0 0 0 0 0 0 0 0 0 0 0 0 0 0 
60 56 53 51 50 50 50 50 50 50 50 50 50 50 50 50 43 34 32 25 24 24 23 21 19 13 11 7 6 6 5 0 0 0 0 0 0 0 0 0 0 0 0 0 0 0 0 0 0 0 
72 60 60 57 55 52 52 52 52 52 52 52 50 50 50 50 30 26 25 20 18 15 13 8 8 7 3 2 2 2 2 2 2 2 2 2 2 2 2 2 2 2 2 2 0 0 0 0 0 0 
64 62 54 54 54 54 52 50 50 50 50 50 50 50 50 50 50 50 50 50 50 7 6 5 4 4 3 3 1 0 0 0 0 0 0 0 0 0 0 0 0 0 0 0 0 0 0 0 0 0 
66 55 55 55 55 54 53 52 52 51 51 51 51 51 51 51 51 51 51 51 51 51 50 50 50 50 21 19 12 8 7 7 7 4 3 3 3 3 3 3 3 3 2 2 1 1 1 1 1 1 
67 60 60 60 60 60 60 59 58 58 58 55 55 55 54 52 52 51 51 51 51 51 51 50 50 50 50 50 43 37 27 14 10 7 4 4 3 3 3 3 3 3 3 3 3 2 1 1 1 1 
64 57 57 57 57 57 57 56 55 55 55 55 54 54 54 54 54 54 54 52 51 51 51 51 51 51 51 50 50 49 40 26 12 8 7 4 1 1 1 1 1 1 1 1 1 1 1 0 0 0 
61 55 55 54 54 54 54 54 54 54 54 54 54 54 54 52 50 50 50 50 50 50 50 49 46 44 41 41 28 14 7 5 5 3 1 1 1 1 1 1 1 1 1 1 1 1 1 1 0 0 
77 57 57 57 57 57 57 57 57 57 57 57 57 57 56 56 55 55 55 51 51 51 51 51 51 51 51 50 48 38 37 36 32 16 16 12 12 12 11 10 10 8 8 6 5 2 2 2 1 1 
83 72 55 55 55 55 55 55 55 55 55 55 55 55 53 53 53 53 50 50 50 50 50 50 50 50 46 46 46 45 44 26 23 16 15 13 13 13 12 11 10 6 6 6 6 1 1 1 1 1 
80 65 55 52 52 52 52 52 52 52 52 52 52 52 52 52 52 51 51 51 50 50 50 50 50 50 50 50 49 49 47 41 37 35 26 10 9 7 7 4 3 3 2 2 1 1 1 1 1 0 
81 72 63 63 61 58 58 58 58 58 58 58 58 57 56 56 55 51 50 50 50 50 50 50 50 50 49 49 48 47 47 46 41 39 24 22 19 17 12 11 11 10 10 9 8 2 2 2 2 0 
78 65 60 60 60 59 59 59 59 58 58 58 58 58 56 54 54 53 53 50 50 50 50 50 50 50 49 48 48 48 42 32 30 22 21 20 19 19 17 15 12 9 9 4 0 0 0 0 0 0 
80 62 55 55 55 55 55 54 54 54 54 54 54 54 54 54 54 54 53 51 51 51 51 51 51 50 49 49 43 42 36 32 30 10 6 4 4 4 4 4 4 1 1 1 1 1 1 0 0 0 
76 70 67 65 64 63 63 63 63 59 59 59 59 57 57 52 52 52 50 50 45 45 44 44 43 42 42 40 38 31 31 22 20 18 14 14 13 10 9 2 2 2 2 2 2 2 2 2 2 0 
77 70 69 60 57 57 57 57 57 57 56 53 53 53 53 53 50 50 50 50 50 50 49 48 47 46 37 36 21 21 18 14 11 11 11 10 9 9 9 8 8 7 6 3 3 3 3 3 3 3 
78 73 71 62 60 60 60 60 60 60 60 60 60 59 57 55 50 50 50 50 50 50 49 45 25 21 19 10 10 10 8 8 7 6 0 0 0 0 0 0 0 0 0 0 0 0 0 0 0 0 
77 74 66 65 61 59 59 59 59 59 59 59 55 51 51 51 50 50 47 46 45 43 35 35 32 32 23 20 14 10 10 9 8 8 6 6 5 2 2 2 2 2 2 2 1 1 1 1 1 1 
80 74 70 70 70 65 65 65 64 64 64 64 52 52 52 52 48 46 42 33 31 31 28 22 22 22 21 20 18 16 15 14 12 11 11 10 9 8 7 5 5 5 4 2 2 2 2 0 0 0 
81 74 68 63 62 60 60 60 60 60 59 55 55 50 50 50 50 49 48 47 47 47 42 41 36 21 20 14 10 9 9 9 8 8 7 6 6 4 1 0 0 0 0 0 0 0 0 0 0 0 
77 74 70 67 63 63 61 61 60 60 60 57 48 48 37 30 27 24 23 15 12 12 11 10 8 8 7 7 6 6 6 5 5 5 5 4 4 4 2 2 2 2 2 2 2 2 1 1 1 1 
82 78 75 70 67 61 60 59 59 59 58 56 54 51 50 50 49 46 26 20 18 17 12 11 10 10 10 10 10 8 8 7 7 6 6 5 5 2 2 2 2 2 2 2 2 2 2 0 0 0 
82 77 74 73 69 65 64 62 62 60 60 58 58 58 56 46 45 45 27 23 17 13 13 10 10 9 8 8 8 8 8 8 7 6 5 5 0 0 0 0 0 0 0 0 0 0 0 0 0 0 
81 79 79 66 66 62 60 59 58 57 55 54 51 50 47 43 35 32 25 25 23 22 18 13 12 11 11 10 9 8 7 5 3 3 3 3 3 3 3 0 0 0 0 0 0 0 0 0 0 0 
81 73 71 71 70 70 68 65 64 62 61 61 60 58 56 52 50 50 50 49 47 44 41 34 22 22 20 14 10 10 10 10 8 6 6 0 0 0 0 0 0 0 0 0 0 0 0 0 0 0 
85 79 75 72 71 71 70 68 68 68 66 64 63 63 59 58 56 52 51 50 50 45 36 34 34 33 27 21 17 16 13 12 12 10 9 9 6 5 3 3 3 2 2 1 1 1 0 0 0 0 
87 79 79 77 74 74 67 65 65 65 64 64 62 62 61 60 59 57 52 52 52 47 46 40 37 32 32 29 28 28 28 27 26 26 26 25 23 13 11 9 9 8 7 5 4 2 2 2 2 0 
92 84 82 77 76 73 72 72 72 72 62 58 55 55 53 50 50 49 48 47 45 44 40 40 38 34 28 26 22 20 16 9 9 9 8 8 6 5 5 4 4 4 3 1 0 0 0 0 0 0 
95 90 78 77 75 74 71 70 69 69 69 62 55 54 54 54 52 52 51 50 48 47 47 46 37 37 35 35 34 32 31 29 27 25 25 19 18 17 13 11 10 6 5 4 0 0 0 0 0 0 
92 84 79 79 77 76 75 75 71 70 68 64 62 58 58 58 56 53 50 50 50 50 46 43 43 43 42 39 38 35 30 28 28 27 22 20 19 15 14 13 13 12 11 11 11 4 4 4 4 4 
87 86 80 77 75 75 72 72 69 66 62 61 57 55 54 54 51 49 46 44 41 31 30 28 27 23 22 20 18 15 14 12 12 12 11 9 9 7 5 5 5 4 4 4 4 1 1 1 1 1 
90 83 79 79 78 77 74 71 71 67 62 62 61 61 56 56 53 52 51 51 50 50 50 41 38 32 28 23 23 23 16 15 10 9 9 7 7 6 6 6 6 6 6 3 3 1 1 1 1 1 
83 81 78 77 77 72 71 69 66 60 59 58 58 58 57 56 51 50 49 48 48 48 47 47 47 46 37 31 30 30 27 25 25 22 19 17 17 16 15 14 13 13 6 3 2 2 2 2 2 0 
88 87 83 80 80 79 78 77 73 65 63 58 56 54 52 50 50 49 49 48 48 45 45 44 44 44 44 42 35 35 30 27 26 24 22 20 18 17 11 10 10 9 7 1 1 1 1 1 1 1 
94 90 88 83 81 79 77 73 68 67 64 62 60 53 51 50 46 45 44 39 38 37 36 34 31 30 29 28 26 25 25 22 18 17 14 13 12 11 11 8 8 8 8 8 7 6 2 2 2 1 
92 84 84 80 77 75 74 72 68 66 62 59 55 51 51 50 50 46 43 43 39 38 38 34 27 26 22 22 21 15 15 14 11 11 10 10 9 8 6 5 4 4 3 2 2 2 2 2 1 1 
95 88 84 83 82 81 78 75 71 66 62 59 55 53 50 50 50 49 48 43 41 40 34 23 17 11 11 11 9 8 7 7 7 7 7 6 6 6 6 4 4 3 3 3 3 3 0 0 0 0 
93 88 87 87 84 83 82 78 78 78 76 76 74 64 51 51 51 50 47 46 45 45 45 45 42 42 38 37 29 29 25 24 21 14 13 13 13 11 11 2 2 2 2 2 2 2 2 2 1 1 
92 92 86 84 83 78 78 76 74 74 69 66 60 56 50 50 50 50 49 49 47 45 44 43 40 39 36 33 29 28 28 26 24 22 17 17 16 14 10 8 7 7 0 0 0 0 0 0 0 0 
91 91 89 87 83 79 76 75 71 71 65 57 53 52 52 52 50 49 48 44 41 37 37 36 30 29 26 20 14 13 12 12 11 10 10 9 9 9 7 6 6 6 5 3 3 3 3 3 3 2 
96 90 88 88 88 82 82 80 80 78 72 61 61 54 54 54 54 54 52 51 50 50 46 44 43 41 40 39 38 36 35 28 23 22 16 14 13 11 10 9 9 8 6 5 5 5 5 5 5 5 
95 88 86 85 84 81 78 77 77 73 71 60 58 53 50 50 49 49 48 44 41 38 37 37 37 34 32 30 22 20 18 16 14 10 10 8 5 3 2 2 2 2 2 2 2 2 2 0 0 0 
91 88 85 85 84 83 81 79 78 75 73 58 52 52 52 52 52 52 51 50 48 47 46 46 42 41 35 33 26 25 23 22 21 20 18 14 13 13 13 10 8 8 8 3 3 3 3 3 2 1 
92 86 84 83 82 82 81 79 78 76 64 63 53 51 49 48 46 45 45 43 41 35 26 25 24 23 14 13 13 11 10 9 9 9 8 8 8 6 3 3 3 3 3 3 3 3 3 3 2 2 
90 88 86 85 84 83 83 81 76 75 66 51 51 51 50 48 48 44 37 36 35 33 28 28 25 22 19 17 16 15 13 11 11 10 10 8 8 8 8 7 6 4 2 2 2 2 2 1 1 1 
