0.3515625 0.1171875 0.1484375 0.4609375 0.171875 0.9921875 0.65625 0.2890625 0.3359375 0.546875 
0.1171875 0.9921875 0.6953125 0.1015625 0.046875 0.9765625 0.0078125 0.71875 0.9453125 0.28125 
0.1171875 0.9921875 0.6953125 0.1015625 0.046875 0.9765625 0.0078125 0.71875 0.9453125 0.28125 
0.71875 0.3125 0.1171875 0.9921875 0.6953125 0.1015625 0.046875 0.9765625 0.0078125 0.71875 
0.484375 0.71875 0.3125 0.9765625 0.71875 0.9765625 0.8125 0.765625 0.2421875 0.859375 
0.484375 0.71875 0.3125 0.2421875 0.390625 0.25 0.3359375 0.125 0.9765625 0.71875 
0.484375 0.3125 0.2421875 0.390625 0.25 0.3359375 0.125 0.40625 0.3046875 0.34375 
0.484375 0.296875 0.75 0.71875 0.765625 0.7265625 0.3125 0.2421875 0.390625 0.25 
0.484375 0.4765625 0.296875 0.75 0.71875 0.765625 0.7265625 0.3125 0.2421875 0.390625 
0.484375 0.4765625 0.296875 0.75 0.71875 0.765625 0.7265625 0.6328125 0.640625 0.5 
0.484375 0.4765625 0.4609375 0.515625 0.296875 0.2578125 0.3125 0.3828125 0.75 0.71875 
0.484375 0.4765625 0.4609375 0.515625 0.515625 0.296875 0.75 0.71875 0.59375 0.734375 
0.484375 0.4765625 0.4609375 0.515625 0.515625 0.546875 0.296875 0.3203125 0.4140625 0.40625 
0.484375 0.4609375 0.4765625 0.515625 0.40625 0.515625 0.546875 0.296875 0.640625 0.625 
0.484375 0.4140625 0.4375 0.4609375 0.4765625 0.515625 0.4609375 0.515625 0.546875 0.296875 
0.484375 0.4140625 0.4609375 0.453125 0.453125 0.4375 0.4296875 0.4765625 0.296875 0.4609375 
0.484375 0.4375 0.4140625 0.453125 0.453125 0.4609375 0.484375 0.421875 0.453125 0.4765625 
0.484375 0.4140625 0.4375 0.4609375 0.484375 0.453125 0.453125 0.4453125 0.4453125 0.453125 
0.4765625 0.484375 0.4140625 0.4375 0.4453125 0.4375 0.484375 0.453125 0.453125 0.4609375 
0.4765625 0.484375 0.5 0.4375 0.4140625 0.4375 0.4609375 0.4375 0.4453125 0.484375 
0.4765625 0.484375 0.4921875 0.5 0.4375 0.4765625 0.4140625 0.421875 0.4375 0.4453125 
0.4765625 0.484375 0.5 0.4765625 0.4921875 0.4375 0.4140625 0.421875 0.515625 0.4453125 
0.4765625 0.46875 0.484375 0.4140625 0.4765625 0.5 0.4921875 0.4375 0.421875 0.4375 
0.4765625 0.46875 0.484375 0.4609375 0.5 0.421875 0.4765625 0.4921875 0.4921875 0.4375 
0.4765625 0.46875 0.46875 0.484375 0.4765625 0.484375 0.4609375 0.4765625 0.46875 0.5 
0.4765625 0.46875 0.46875 0.5078125 0.4765625 0.5 0.484375 0.4609375 0.484375 0.4765625 
0.4765625 0.46875 0.46875 0.5078125 0.4609375 0.484375 0.5 0.46875 0.46875 0.4765625 
0.4765625 0.46875 0.4765625 0.4765625 0.4765625 0.484375 0.46875 0.5 0.46875 0.46875 
0.4765625 0.4375 0.46875 0.4765625 0.46875 0.484375 0.5 0.4765625 0.4765625 0.4765625 
0.4765625 0.46875 0.4375 0.46875 0.4765625 0.4765625 0.4765625 0.4765625 0.484375 0.5 
0.4375 0.46875 0.46875 0.4765625 0.4765625 0.4765625 0.4765625 0.4765625 0.46875 0.484375 
0.4375 0.4765625 0.4375 0.46875 0.46875 0.4765625 0.4765625 0.4765625 0.4765625 0.484375 
0.4765625 0.46875 0.4375 0.4375 0.46875 0.4765625 0.4765625 0.4765625 0.4765625 0.4765625 
0.4765625 0.46875 0.4375 0.4375 0.46875 0.4765625 0.4765625 0.4765625 0.4765625 0.4765625 
0.4375 0.4375 0.46875 0.4765625 0.46875 0.4765625 0.4765625 0.4765625 0.4765625 0.4765625 
0.4765625 0.4375 0.4375 0.46875 0.4453125 0.4765625 0.46875 0.4765625 0.4765625 0.4765625 
0.4375 0.4375 0.46875 0.4765625 0.4453125 0.4375 0.453125 0.46875 0.46875 0.4765625 
0.46875 0.4765625 0.46875 0.4765625 0.4375 0.4375 0.4375 0.46875 0.453125 0.4453125 
0.4375 0.46875 0.4375 0.4375 0.453125 0.4765625 0.4453125 0.453125 0.46875 0.46875 
0.453125 0.4453125 0.453125 0.4375 0.4375 0.4375 0.46875 0.4765625 0.46875 0.46875 
0.453125 0.453125 0.4453125 0.4375 0.4765625 0.4375 0.4375 0.46875 0.46875 0.46875 
0.453125 0.453125 0.4453125 0.4765625 0.4375 0.4375 0.46875 0.4375 0.46875 0.4453125 
0.4765625 0.4375 0.4375 0.4609375 0.4453125 0.453125 0.4453125 0.4375 0.46875 0.453125 
0.4375 0.4375 0.4453125 0.4375 0.453125 0.453125 0.4765625 0.4609375 0.46875 0.4453125 
0.4765625 0.4375 0.453125 0.4375 0.4375 0.4453125 0.453125 0.4609375 0.4453125 0.46875 
0.4375 0.4375 0.453125 0.4453125 0.453125 0.4609375 0.4609375 0.4453125 0.46875 0.4375 
0.46875 0.453125 0.4375 0.4375 0.4375 0.4453125 0.453125 0.4609375 0.4609375 0.4453125 
0.453125 0.4375 0.4375 0.4375 0.4453125 0.453125 0.4609375 0.4609375 0.4453125 0.46875 
0.453125 0.4375 0.4375 0.453125 0.4609375 0.4453125 0.46875 0.4375 0.4609375 0.46875 
0.4609375 0.453125 0.4375 0.4375 0.453125 0.4453125 0.46875 0.4609375 0.46875 0.4609375 
