50 50 50 50 50 50 50 50 50 50 50 19 14 4 0 0 0 0 0 0 0 0 0 0 0 0 0 0 0 0 0 0 0 0 0 0 0 0 0 0 0 0 0 0 0 0 0 0 0 0 
50 50 50 50 50 50 50 50 50 50 50 50 50 50 50 50 49 48 15 13 10 7 3 0 0 0 0 0 0 0 0 0 0 0 0 0 0 0 0 0 0 0 0 0 0 0 0 0 0 0 
68 51 50 50 50 50 50 50 50 50 50 50 50 50 50 50 50 50 50 50 50 50 50 50 50 41 39 34 25 23 12 11 4 1 1 1 1 1 1 1 1 0 0 0 0 0 0 0 0 0 
83 55 51 51 51 51 51 51 51 51 51 51 51 50 50 50 50 50 50 50 50 50 50 50 50 50 50 48 13 12 10 10 9 5 2 2 2 2 2 2 2 2 1 1 1 1 1 1 1 1 
81 56 51 51 51 51 51 51 50 50 50 50 50 50 50 50 50 50 50 50 50 50 50 23 15 5 5 4 4 1 1 1 1 1 1 1 1 1 1 1 1 0 0 0 0 0 0 0 0 0 
77 52 52 52 52 52 52 52 52 52 52 52 50 50 50 50 50 50 50 50 50 50 50 50 50 50 46 28 10 9 8 2 2 2 2 2 2 2 2 2 2 2 2 2 2 2 0 0 0 0 
92 54 51 51 51 51 50 50 50 50 50 50 50 50 50 50 50 50 50 44 34 24 15 11 1 1 1 1 1 1 1 1 1 1 1 1 1 1 1 1 1 1 1 1 1 0 0 0 0 0 
83 65 53 50 50 50 50 50 50 50 50 50 50 50 50 50 50 50 50 50 50 50 38 31 22 6 6 4 0 0 0 0 0 0 0 0 0 0 0 0 0 0 0 0 0 0 0 0 0 0 
86 68 57 52 52 52 52 52 52 52 52 51 51 51 51 51 51 51 51 50 46 45 35 31 26 19 17 4 3 3 3 3 3 3 3 3 3 3 3 3 1 1 1 1 1 1 1 1 1 1 
85 67 67 57 51 51 51 51 50 50 50 50 50 50 50 50 50 50 50 50 50 50 49 42 32 23 18 15 13 12 9 9 4 1 1 1 1 1 1 1 1 1 1 1 1 1 1 0 0 0 
87 82 69 59 58 51 51 51 51 51 51 51 51 51 50 50 50 50 50 50 50 47 41 34 22 22 16 16 12 11 10 8 8 8 7 5 3 2 1 1 1 1 1 1 1 0 0 0 0 0 
74 62 60 55 55 54 53 52 52 51 50 50 50 50 50 50 50 50 49 34 29 27 23 23 23 21 20 16 12 12 10 9 6 6 5 5 5 5 5 3 2 2 2 2 2 2 2 2 2 2 
83 72 68 58 58 57 57 55 52 52 52 52 52 51 51 51 51 50 41 39 38 35 34 29 26 9 9 8 7 7 6 6 4 3 3 3 3 3 3 3 3 3 3 2 1 1 1 1 1 1 
86 77 75 74 70 66 66 65 65 57 53 52 52 52 52 52 52 52 50 50 49 48 46 45 43 42 37 36 35 34 28 21 20 19 18 17 15 12 6 4 4 4 4 4 4 4 4 4 2 2 
74 71 68 68 68 66 60 59 59 57 57 54 54 54 54 54 54 54 52 52 51 50 50 50 42 42 40 38 38 33 21 20 19 15 14 12 11 10 9 9 8 6 2 2 2 2 2 2 2 2 
90 82 80 78 78 77 77 74 71 70 67 66 66 65 65 65 63 60 60 59 58 57 57 56 51 50 50 50 50 50 50 50 49 47 47 43 41 40 39 30 23 23 23 18 15 14 13 10 7 1 
81 75 70 68 68 67 67 66 62 61 61 61 61 61 57 54 53 51 50 50 47 46 46 44 37 37 33 29 27 24 21 19 19 19 14 14 13 11 10 9 9 9 7 7 5 4 2 2 2 0 
90 82 79 74 72 72 71 71 71 70 70 69 67 66 64 63 61 56 56 53 51 51 50 50 50 50 50 43 41 34 33 32 29 25 24 22 22 22 22 21 21 18 18 13 4 2 2 2 1 1 
94 83 81 74 73 70 70 70 69 69 69 69 69 65 59 57 54 50 50 50 48 46 45 44 43 43 38 33 32 30 25 22 22 22 20 19 19 19 16 12 11 5 2 0 0 0 0 0 0 0 
90 82 79 77 75 75 74 72 71 71 70 68 66 66 66 60 58 50 43 40 40 38 37 37 33 33 31 28 27 23 23 22 22 22 20 18 17 17 15 10 5 2 2 2 2 2 2 2 1 1 
92 80 79 78 76 74 74 74 74 66 65 64 58 56 55 52 51 50 50 50 49 49 47 47 46 44 43 42 41 38 36 34 32 32 26 25 22 16 2 2 2 2 2 2 2 2 2 1 1 1 
93 91 85 84 83 81 78 75 75 74 72 72 72 72 69 66 62 56 52 52 52 51 51 51 50 50 49 47 40 40 38 38 36 33 33 32 31 22 18 15 15 8 3 2 1 1 1 1 1 1 
97 90 89 85 82 79 74 72 70 69 68 68 67 67 52 51 50 50 50 50 43 36 36 34 34 25 22 21 17 17 16 9 9 6 5 4 1 1 1 1 1 1 1 1 1 1 1 1 1 0 
92 90 86 85 85 85 82 80 80 77 75 74 73 73 72 72 72 71 71 69 66 59 56 51 51 50 50 50 49 49 48 48 43 40 38 38 37 34 33 21 21 20 14 12 12 12 11 7 0 0 
89 87 86 86 82 82 81 81 80 74 72 72 72 72 71 68 64 59 57 56 51 51 50 50 47 45 43 41 37 35 33 33 31 31 25 24 17 13 9 9 9 8 8 8 7 2 2 2 2 1 
90 88 88 87 84 81 80 78 78 77 77 77 71 62 61 58 57 56 54 52 51 50 50 50 50 50 50 48 44 39 38 35 29 27 25 24 23 21 19 17 10 10 5 1 1 1 0 0 0 0 
94 93 89 89 89 88 87 86 85 85 84 82 82 80 73 63 61 60 55 54 52 52 51 51 51 50 50 50 50 50 50 49 47 46 45 39 38 37 28 26 24 20 15 12 11 9 9 5 2 1 
91 91 89 83 82 81 80 79 79 79 79 79 77 77 77 76 57 57 51 51 50 50 49 49 48 42 40 38 38 36 36 35 34 23 21 19 14 13 12 11 11 9 6 4 3 1 1 0 0 0 
93 93 92 89 89 89 89 88 87 86 83 80 78 74 58 58 55 53 51 51 51 51 51 51 50 50 50 48 47 42 41 36 34 20 19 16 12 11 10 9 7 6 6 2 2 2 2 2 2 1 
93 91 89 88 84 84 84 83 83 82 81 81 74 68 53 51 51 50 50 50 45 41 34 33 28 28 27 27 26 26 23 20 19 17 16 16 13 11 10 6 4 3 3 3 1 1 0 0 0 0 
95 95 95 94 90 87 87 87 87 86 83 83 83 63 61 58 52 52 51 50 49 46 40 39 37 33 31 30 29 28 26 18 17 9 7 6 3 3 3 3 3 3 3 3 3 3 3 2 2 1 
94 92 89 89 89 87 87 87 87 86 86 85 66 55 55 53 51 51 51 51 50 50 49 41 39 36 30 25 19 15 12 9 7 5 4 1 1 1 1 1 1 1 1 1 1 1 1 1 1 0 
92 91 91 91 87 84 84 84 84 84 84 63 61 55 50 50 50 49 48 48 46 44 40 34 33 32 26 23 21 21 17 16 12 9 8 7 7 5 5 4 1 1 0 0 0 0 0 0 0 0 
95 95 93 92 89 89 83 83 83 83 71 69 62 62 61 60 53 50 50 49 49 49 48 48 48 48 46 45 42 41 36 34 26 24 24 22 20 17 16 14 13 12 9 8 7 3 3 3 3 0 
91 89 89 89 89 87 84 83 83 83 83 80 71 55 54 54 54 54 54 54 52 52 52 52 52 52 49 47 41 40 38 34 34 31 29 23 21 21 20 19 18 18 13 13 8 6 6 6 2 2 
90 90 90 89 88 88 88 86 85 83 82 82 82 82 71 67 58 51 51 51 51 51 50 49 49 49 48 46 46 45 37 31 28 24 19 18 17 12 10 9 9 8 2 2 2 2 2 2 2 2 
90 89 88 88 86 86 86 85 83 82 82 82 81 81 79 77 66 66 58 52 50 50 50 50 50 49 45 45 43 41 39 38 37 33 27 25 11 10 10 9 8 5 0 0 0 0 0 0 0 0 
93 92 91 91 91 90 90 90 88 88 87 87 81 80 70 64 60 53 52 50 50 50 50 50 49 49 48 47 43 42 40 35 32 29 19 13 12 11 10 9 9 1 0 0 0 0 0 0 0 0 
94 94 94 93 93 92 92 92 92 91 79 75 66 64 59 57 55 53 52 51 51 51 50 50 50 48 48 47 46 35 33 24 24 18 17 17 13 11 11 9 8 8 8 7 3 1 1 1 1 0 
92 90 89 89 89 88 88 88 86 86 80 79 79 66 66 61 60 59 56 55 53 52 52 52 51 51 50 47 47 46 45 43 42 42 33 32 28 27 13 13 8 8 7 4 3 3 3 3 3 2 
94 93 93 93 92 92 92 91 90 90 89 87 87 61 59 56 54 51 50 50 50 50 50 49 47 46 45 45 44 44 35 34 33 23 20 17 14 13 12 12 11 9 8 7 4 4 1 1 1 1 
97 93 93 93 92 91 91 91 91 90 89 82 64 57 55 52 52 51 50 50 50 50 50 49 48 48 48 40 36 36 34 27 22 21 20 19 19 17 16 14 14 10 10 9 8 5 2 2 0 0 
92 92 92 92 91 90 89 89 87 83 60 55 54 51 50 50 50 49 48 47 46 43 43 43 42 42 41 40 37 35 34 26 25 23 16 15 11 10 8 7 7 4 2 1 1 1 1 0 0 0 
94 90 90 89 89 88 88 85 84 83 69 65 59 54 51 50 50 50 50 50 50 50 49 49 49 48 46 45 43 39 37 34 29 11 8 5 5 2 0 0 0 0 0 0 0 0 0 0 0 0 
91 91 90 90 90 88 88 87 87 86 85 56 53 52 50 50 50 50 50 49 49 49 48 48 47 44 44 38 34 34 32 30 22 10 9 8 8 8 8 8 8 6 0 0 0 0 0 0 0 0 
93 92 90 90 90 87 87 87 87 87 61 53 50 50 50 50 50 49 48 48 47 46 45 42 40 34 34 31 24 23 21 19 17 13 13 11 10 10 9 7 6 6 6 0 0 0 0 0 0 0 
92 92 92 92 92 92 90 88 86 85 64 61 58 56 54 53 51 51 50 50 50 48 45 44 33 31 27 26 18 18 16 12 9 9 9 9 8 5 1 1 1 1 1 1 1 1 1 1 1 1 
90 90 90 90 90 88 88 86 86 85 84 79 57 54 54 51 51 51 50 50 50 50 49 45 42 41 40 38 24 18 16 16 15 14 13 9 6 2 1 1 1 1 1 1 1 1 1 1 1 0 
88 86 86 86 86 86 86 86 86 86 85 81 68 55 54 52 52 51 51 50 50 49 49 48 47 47 41 41 41 31 24 17 17 17 17 16 16 15 14 4 1 1 1 1 1 1 1 1 1 1 
89 89 89 88 88 88 87 86 86 86 86 86 85 83 83 76 76 68 59 57 55 55 55 51 50 50 50 50 50 50 50 50 50 49 49 46 46 42 33 31 30 28 27 23 17 0 0 0 0 0 
