% Ministry of Cellular Automata
% Project Deux (CS523 Spring 2015)
% Version:v0.1-66-g3e0f-dirty
%  pop:50
%  ic count:100
%  CA Log option:r3/run50
%  width:121
%  max workers:4
%  radius:3
%  iterations:300
%  generations:50

 generation 0.0.50.0.0.0.50.0.0.0.0.50.50.0.0.50.0.0.0.0.4.0.0.0.0.50.0.0.0.0.50.0.0.0.0.0.0.19.0.50.14.0.0.50.0.0.50.0.0.0.50.xover.mutate.done 50
 generation 1.50.50.50.50.50.50.50.50.50.50.0.15.50.0.7.0.0.0.50.0.50.50.0.0.0.0.49.0.0.0.50.3.0.50.0.0.0.0.0.0.0.0.48.0.0.13.0.0.0.10.xover.mutate.done 50
 generation 2.50.50.50.50.50.50.50.50.50.50.0.50.4.51.0.50.34.50.0.0.50.50.1.1.1.25.39.0.50.11.12.50.0.50.1.0.1.50.1.50.50.50.1.41.50.1.0.23.0.68.xover.mutate.done 50
 generation 3.55.51.50.50.50.50.50.51.50.51.10.5.1.1.1.51.83.2.2.2.50.1.50.50.50.51.51.51.2.50.1.48.13.51.2.12.1.1.50.50.9.2.51.10.1.2.2.51.50.51.xover.mutate.done 50
 generation 4.81.56.51.50.50.50.50.50.51.50.0.1.0.1.1.50.1.0.1.0.51.1.51.1.50.50.50.0.4.1.1.50.50.5.0.23.51.4.1.50.50.15.5.51.0.50.0.1.0.1.xover.mutate.done 50
 generation 5.77.50.52.52.52.52.52.52.50.50.50.52.50.2.52.9.50.2.52.8.2.2.10.2.2.50.0.50.50.46.28.2.0.52.2.2.0.50.50.0.2.50.50.50.52.2.2.2.2.2.xover.mutate.done 50
 generation 6.92.50.50.50.50.50.50.50.50.50.0.0.1.44.1.1.1.1.1.1.1.1.1.51.1.1.51.1.34.1.24.0.15.50.1.0.11.1.50.1.51.50.1.1.1.1.51.0.54.50.xover.mutate.done 50
 generation 7.83.53.50.50.50.50.50.50.50.50.0.6.0.0.50.0.0.0.0.4.50.22.0.50.0.50.50.50.0.50.0.31.38.0.0.0.0.0.0.6.50.50.50.0.0.0.50.0.0.65.xover.mutate.done 50
 generation 8.86.68.57.52.52.52.52.51.51.51.1.1.3.1.51.45.4.3.3.1.51.51.52.46.51.19.35.1.1.3.3.1.17.26.3.52.52.3.1.1.50.3.52.3.3.3.51.31.3.1.xover.mutate.done 50
 generation 9.85.67.51.50.50.50.50.50.50.50.13.1.1.50.0.9.50.49.51.0.50.51.4.50.32.1.50.1.0.1.12.1.1.50.1.15.51.23.1.1.1.18.50.1.67.42.57.9.1.1.xover.mutate.done 50
 generation 10.87.82.69.59.51.50.50.50.51.51.16.51.22.0.41.10.51.1.22.0.58.51.5.51.8.50.51.1.1.3.0.50.8.1.51.0.16.1.47.0.8.2.50.11.1.7.34.12.1.50.xover.mutate.done 50
 generation 11.74.62.60.55.55.53.50.50.50.50.50.2.5.10.2.12.34.21.6.2.5.23.6.5.54.2.2.2.16.50.27.49.3.50.51.23.20.9.52.52.2.5.2.2.50.29.2.12.23.5.xover.mutate.done 50
 generation 12.83.68.72.58.57.57.55.51.51.51.52.3.3.2.41.51.1.6.29.7.52.3.8.35.3.9.3.7.1.1.50.3.58.4.3.1.6.39.3.34.1.9.38.3.52.26.52.3.52.1.xover.mutate.done 50
 generation 13.86.74.70.66.53.65.65.57.52.52.19.52.4.52.34.28.4.18.45.4.52.4.46.43.75.50.4.17.21.35.66.2.52.12.4.4.48.77.2.20.37.52.42.6.50.49.4.4.36.15.xover.mutate.done 50
 generation 14.74.71.66.68.59.54.57.54.54.59.50.60.38.2.6.21.10.9.42.2.52.2.8.2.51.11.54.68.9.15.14.57.2.54.50.40.54.42.54.2.52.68.2.33.38.20.2.19.12.50.xover.mutate.done 50
 generation 15.90.80.77.78.78.82.65.67.56.66.50.74.7.66.65.23.77.70.14.47.13.50.49.10.39.50.60.71.60.58.51.50.15.18.47.50.63.65.40.41.50.57.1.23.50.59.23.57.30.43.xover.mutate.done 50
 generation 16.81.70.75.67.67.68.68.57.61.61.47.46.46.0.61.2.21.54.7.50.33.2.2.9.19.29.19.44.50.66.51.9.37.61.27.62.19.5.11.13.61.7.14.4.53.24.14.9.37.10.xover.mutate.done 50
 generation 17.82.79.74.70.71.71.71.72.69.66.21.50.21.4.33.2.2.13.29.25.64.1.50.50.56.72.67.22.18.22.34.43.22.2.51.90.51.61.53.63.50.22.41.70.18.50.24.1.56.32.xover.mutate.done 50
 generation 18.94.83.73.74.69.70.69.69.69.70.65.44.81.43.50.16.12.38.22.33.59.43.2.0.25.5.45.0.69.30.57.22.0.20.0.48.22.50.19.0.0.32.46.50.70.54.19.19.11.0.xover.mutate.done 50
 generation 19.90.82.77.68.74.71.70.75.71.66.38.2.22.33.28.1.22.2.22.37.79.75.20.50.33.23.27.60.5.2.15.40.31.2.40.37.17.72.2.18.66.17.66.2.23.2.43.58.1.10.xover.mutate.done 50
 generation 20.92.80.76.79.74.78.74.74.65.66.44.50.42.43.2.26.1.2.2.58.74.1.64.51.36.49.34.49.25.2.32.1.38.2.50.22.47.50.2.2.2.2.56.16.46.47.41.55.52.32.xover.mutate.done 50
 generation 21.93.85.81.83.78.75.84.75.66.72.18.72.1.8.52.56.52.15.49.40.3.69.15.47.22.72.38.33.32.62.52.1.36.50.1.31.50.1.1.74.1.51.33.2.72.40.38.51.51.91.xover.mutate.done 50
 generation 22.97.90.89.67.74.82.70.69.79.68.0.1.1.1.43.50.50.21.1.34.34.67.4.36.50.9.5.1.9.1.1.6.17.25.22.68.72.16.36.50.1.1.17.1.1.1.1.51.85.52.xover.mutate.done 50
 generation 23.92.90.85.82.77.73.80.72.75.72.21.71.48.38.12.0.56.51.14.33.59.12.12.50.51.74.21.85.20.69.43.40.71.34.80.72.73.86.0.50.66.85.7.50.37.11.48.49.49.38.xover.mutate.done 50
 generation 24.89.86.87.81.82.80.81.74.72.82.56.7.57.64.72.72.35.31.68.8.51.43.9.50.1.59.9.31.47.72.2.2.33.86.13.8.45.8.51.24.33.2.17.2.37.9.71.41.50.25.xover.mutate.done 50
 generation 25.90.88.88.87.77.80.81.84.77.71.0.56.27.24.48.38.0.1.39.1.23.17.50.77.58.0.51.50.52.0.50.44.19.50.25.5.29.54.50.35.61.62.78.10.1.50.10.78.21.57.xover.mutate.done 50
 generation 26.94.87.93.80.82.88.86.85.85.89.73.20.54.52.49.50.50.11.50.15.63.51.50.39.89.24.37.9.52.50.5.55.28.12.9.50.1.45.2.47.61.89.38.46.84.26.60.82.51.51.xover.mutate.done 50
 generation 27.91.89.79.79.79.81.82.80.77.77.0.51.19.1.34.13.14.40.0.57.50.51.9.36.0.11.1.38.6.36.12.42.4.50.57.38.11.21.77.48.23.79.83.49.3.79.49.76.35.91.xover.mutate.done 50
 generation 28.93.92.93.88.89.87.86.89.89.89.42.7.51.55.16.50.58.80.19.2.2.36.47.53.74.6.58.83.2.50.51.2.11.10.51.2.78.12.51.51.34.48.51.50.20.1.6.2.9.41.xover.mutate.done 50
 generation 29.88.89.93.91.84.84.84.83.82.81.0.23.34.28.16.0.4.51.27.16.51.11.3.74.0.50.41.83.1.28.13.81.50.26.20.19.53.1.45.17.33.27.10.50.3.68.3.26.0.6.xover.mutate.done 50
 generation 30.95.90.94.95.87.87.87.87.83.86.3.61.30.52.29.3.31.6.63.2.3.46.17.3.3.3.9.37.52.3.7.39.83.51.3.18.40.83.58.50.26.33.3.49.3.95.28.3.1.2.xover.mutate.done 50
 generation 31.89.94.89.92.89.87.87.87.86.86.4.0.36.1.1.55.1.53.1.39.1.51.55.30.1.1.1.15.85.51.9.25.51.50.87.66.12.1.5.1.51.49.1.1.7.1.50.1.41.19.xover.mutate.done 50
 generation 32.92.91.91.91.87.84.84.84.84.84.55.17.1.0.16.9.44.23.48.8.1.4.0.21.7.50.0.12.48.0.50.5.84.46.21.40.33.0.50.0.32.49.34.63.5.0.26.0.7.61.xover.mutate.done 50
 generation 33.92.93.95.95.89.83.83.83.83.89.50.62.45.20.41.53.3.3.22.26.48.48.0.3.13.49.7.48.24.34.42.24.17.50.36.46.9.8.16.71.12.49.62.49.60.3.14.61.48.69.xover.mutate.done 50
 generation 34.89.89.89.91.84.87.83.83.83.83.40.29.41.6.47.23.38.54.54.31.54.8.54.34.18.13.6.21.52.54.49.34.71.52.52.52.52.52.89.19.55.54.6.20.2.18.2.21.80.13.xover.mutate.done 50
 generation 35.89.90.90.85.88.83.90.82.82.82.45.28.2.51.88.2.17.31.2.10.67.8.19.58.46.2.51.49.9.46.2.37.12.18.9.51.49.71.2.49.86.24.2.88.48.51.2.51.50.82.xover.mutate.done 50
 generation 36.86.86.88.88.82.86.83.90.85.89.38.49.0.11.43.50.37.10.5.9.27.81.41.0.50.58.45.0.0.45.77.8.25.10.81.82.50.0.33.50.0.0.50.0.82.66.79.52.66.39.xover.mutate.done 50
 generation 37.88.81.87.90.91.91.93.88.91.90.0.0.50.29.53.60.11.87.52.80.49.0.48.0.13.0.92.0.0.50.12.35.64.47.42.9.19.1.90.0.43.50.49.40.70.50.50.32.10.9.xover.mutate.done 50
 generation 38.92.92.93.93.94.92.94.94.91.92.17.8.33.1.48.64.48.8.51.79.35.51.59.50.50.46.1.51.18.9.1.57.0.53.47.50.55.11.24.17.7.3.1.75.24.13.66.52.8.11.xover.mutate.done 50
 generation 39.90.89.92.88.88.89.86.89.86.88.59.7.3.50.61.42.52.27.66.8.55.80.56.47.51.45.79.42.3.13.3.4.13.46.52.3.66.51.32.2.33.47.79.8.43.52.53.60.3.28.xover.mutate.done 50
 generation 40.94.93.93.91.93.92.92.90.89.92.12.45.54.87.12.56.47.33.1.50.50.87.7.50.8.9.44.17.13.44.20.35.1.90.1.46.50.23.45.11.4.59.51.50.61.34.1.4.49.14.xover.mutate.done 50
 generation 41.91.90.91.97.93.93.89.91.91.92.9.49.64.2.2.19.48.40.51.50.57.0.36.52.48.19.27.52.21.0.82.50.14.50.50.17.10.34.50.8.14.48.55.36.5.93.10.20.16.22.xover.mutate.done 50
 generation 42.89.92.92.89.83.90.92.92.87.91.50.34.1.4.55.23.10.7.46.51.2.50.0.1.50.42.1.49.43.48.42.35.25.0.26.11.60.0.43.40.7.54.15.8.1.41.37.43.47.16.xover.mutate.done 50
 generation 43.89.89.88.90.88.90.94.85.83.84.50.11.0.0.50.0.69.49.0.50.51.37.43.0.45.0.54.5.0.50.50.2.65.0.49.46.34.0.48.29.0.39.50.8.59.0.50.49.5.0.xover.mutate.done 50
 generation 44.85.86.90.91.91.90.90.88.87.87.38.50.8.47.88.0.30.56.50.44.52.10.34.0.50.9.8.48.44.0.0.48.0.50.0.49.49.8.32.6.8.8.49.34.0.50.0.22.53.8.xover.mutate.done 50
 generation 45.90.90.92.87.87.87.87.87.93.90.13.48.9.13.49.50.0.10.31.7.0.50.61.34.24.0.0.50.10.48.50.17.11.19.0.23.46.50.40.0.47.6.53.0.42.6.21.34.45.6.xover.mutate.done 50
 generation 46.85.92.92.92.92.92.92.88.90.86.1.1.9.1.53.61.50.9.44.12.58.16.1.9.1.1.45.9.48.27.33.26.1.56.51.50.50.1.64.18.5.1.1.1.54.31.18.51.8.1.xover.mutate.done 50
 generation 47.90.90.90.86.88.90.86.90.84.85.42.79.88.57.1.38.15.54.16.16.45.1.2.1.50.50.50.1.1.13.49.24.6.1.51.1.1.14.51.54.1.1.9.51.1.18.41.40.0.50.xover.mutate.done 50
 generation 48.86.86.86.86.88.86.86.85.86.86.49.51.14.1.50.49.17.1.41.1.1.4.16.81.1.1.1.1.52.41.48.86.50.55.47.52.17.16.68.51.41.17.1.1.24.47.54.17.15.31.xover.mutate.done 50
 generation 49.83.87.88.88.89.88.85.86.89.86.50.50.31.0.33.46.49.50.51.27.55.86.0.83.50.0.50.50.89.55.76.50.23.50.42.30.49.55.0.17.59.86.86.46.76.57.28.68.0.50.xover.mutate.done 50
 36489939 iters     710856 iter/sec (51.33 s)
 total time: 51.33
