0.703125 0.484375 0.6953125 0.2734375 0.671875 0.3828125 0.25 0.1796875 0.484375 0.1953125 
0.15625 0.9453125 0.8828125 0.0234375 0.8515625 0.015625 0.203125 0.8125 0.921875 0.890625 
0.484375 0.21875 0.8828125 0.921875 0.6328125 0.734375 0.15625 0.9453125 0.0234375 0.8515625 
0.484375 0.21875 0.4140625 0.03125 0.8828125 0.921875 0.6328125 0.734375 0.15625 0.9453125 
0.484375 0.671875 0.8828125 0.921875 0.6328125 0.734375 0.8984375 0.71875 0.7421875 0.828125 
0.484375 0.5625 0.8828125 0.921875 0.6328125 0.734375 0.8984375 0.71875 0.7421875 0.828125 
0.484375 0.5625 0.65625 0.8828125 0.921875 0.6328125 0.734375 0.8984375 0.71875 0.7421875 
0.484375 0.5625 0.65625 0.8828125 0.921875 0.6328125 0.734375 0.8984375 0.71875 0.7421875 
0.484375 0.5625 0.65625 0.8828125 0.921875 0.6328125 0.734375 0.8984375 0.71875 0.7421875 
0.484375 0.5625 0.65625 0.8828125 0.921875 0.6328125 0.734375 0.8984375 0.71875 0.7421875 
0.484375 0.4609375 0.5625 0.65625 0.8828125 0.921875 0.6328125 0.734375 0.8984375 0.71875 
0.484375 0.4609375 0.65625 0.5625 0.8828125 0.921875 0.6328125 0.734375 0.8984375 0.71875 
0.484375 0.4609375 0.4609375 0.6640625 0.65625 0.5625 0.8828125 0.921875 0.6328125 0.734375 
0.484375 0.5625 0.4609375 0.4609375 0.6640625 0.65625 0.8828125 0.921875 0.6328125 0.734375 
0.484375 0.46875 0.5625 0.4609375 0.4609375 0.6640625 0.65625 0.8828125 0.921875 0.6328125 
0.484375 0.46875 0.4609375 0.4609375 0.8828125 0.921875 0.6328125 0.8984375 0.640625 0.6953125 
0.484375 0.46875 0.4609375 0.4609375 0.8828125 0.921875 0.6328125 0.8984375 0.640625 0.6953125 
0.484375 0.4609375 0.4609375 0.46875 0.8828125 0.921875 0.6328125 0.8984375 0.640625 0.6953125 
0.484375 0.46875 0.4609375 0.4609375 0.8828125 0.921875 0.6328125 0.8984375 0.640625 0.6953125 
0.484375 0.46875 0.4609375 0.4609375 0.8828125 0.921875 0.6328125 0.8984375 0.640625 0.6953125 
0.484375 0.46875 0.4609375 0.4609375 0.8828125 0.921875 0.6328125 0.8984375 0.640625 0.6953125 
0.484375 0.4765625 0.46875 0.4609375 0.4609375 0.4609375 0.8828125 0.921875 0.6328125 0.8984375 
0.484375 0.46875 0.4609375 0.4609375 0.4609375 0.4453125 0.4765625 0.8828125 0.921875 0.6328125 
0.484375 0.46875 0.4609375 0.4609375 0.4609375 0.4296875 0.4609375 0.4453125 0.4765625 0.8828125 
0.484375 0.4765625 0.4296875 0.46875 0.46875 0.4609375 0.4609375 0.4609375 0.4609375 0.4609375 
0.484375 0.46875 0.4296875 0.4765625 0.4140625 0.4296875 0.46875 0.46875 0.4765625 0.4609375 
0.46875 0.484375 0.484375 0.4453125 0.4765625 0.4296875 0.4296875 0.4140625 0.3828125 0.6015625 
0.484375 0.484375 0.4375 0.46875 0.5 0.4453125 0.4921875 0.4765625 0.4296875 0.4296875 
0.4375 0.484375 0.484375 0.515625 0.46875 0.4921875 0.4296875 0.4765625 0.4453125 0.4296875 
0.484375 0.421875 0.484375 0.4375 0.515625 0.4921875 0.46875 0.4453125 0.4296875 0.4765625 
0.484375 0.5 0.515625 0.515625 0.4375 0.5 0.484375 0.4296875 0.421875 0.46875 
0.5234375 0.4453125 0.421875 0.515625 0.515625 0.4375 0.4296875 0.515625 0.5 0.5078125 
0.5078125 0.4453125 0.5078125 0.421875 0.515625 0.4375 0.4921875 0.5234375 0.515625 0.515625 
0.5078125 0.4453125 0.421875 0.4921875 0.4453125 0.515625 0.5234375 0.453125 0.5078125 0.515625 
0.4453125 0.5078125 0.4921875 0.4453125 0.5078125 0.421875 0.453125 0.5078125 0.515625 0.5234375 
0.5078125 0.4453125 0.421875 0.4453125 0.4921875 0.515625 0.5234375 0.453125 0.5078125 0.453125 
0.5078125 0.4453125 0.453125 0.4453125 0.515625 0.4921875 0.4453125 0.421875 0.453125 0.5078125 
0.5078125 0.4453125 0.421875 0.4921875 0.453125 0.453125 0.453125 0.4453125 0.4453125 0.5078125 
0.5078125 0.4453125 0.4921875 0.421875 0.453125 0.4453125 0.453125 0.453125 0.4453125 0.5078125 
0.5078125 0.4453125 0.4453125 0.4453125 0.4453125 0.453125 0.453125 0.453125 0.53125 0.421875 
0.46875 0.5078125 0.4453125 0.4453125 0.4453125 0.4453125 0.4453125 0.453125 0.453125 0.453125 
0.46875 0.5078125 0.4453125 0.4453125 0.4453125 0.4453125 0.4453125 0.453125 0.453125 0.453125 
0.5078125 0.4609375 0.4453125 0.4453125 0.4453125 0.4453125 0.4453125 0.46875 0.453125 0.453125 
0.4609375 0.5078125 0.46875 0.46875 0.4453125 0.4453125 0.4453125 0.4453125 0.4453125 0.453125 
0.4609375 0.5078125 0.46875 0.46875 0.453125 0.4453125 0.4453125 0.4453125 0.4453125 0.4453125 
0.5078125 0.4453125 0.453125 0.4609375 0.46875 0.46875 0.4453125 0.4453125 0.4453125 0.4453125 
0.46875 0.46875 0.4609375 0.5078125 0.4453125 0.453125 0.4453125 0.4453125 0.4453125 0.4453125 
0.5078125 0.46875 0.46875 0.4609375 0.453125 0.4453125 0.46875 0.4453125 0.4453125 0.4453125 
0.46875 0.46875 0.4609375 0.5078125 0.453125 0.4453125 0.4453125 0.4453125 0.4453125 0.46875 
0.4609375 0.453125 0.4453125 0.46875 0.46875 0.5078125 0.4453125 0.4453125 0.4453125 0.453125 
