0.390625 0.5390625 0.4140625 0.9921875 0.53125 0.84375 0.453125 0.25 0.0625 0.4609375 
0.890625 0.9921875 0.0078125 0.1015625 0.109375 0.9453125 0.96875 0.0625 0.078125 0.0703125 
0.484375 0.890625 0.0703125 0.8046875 0.21875 0.9296875 0.921875 0.15625 0.3359375 0.9921875 
0.484375 0.8359375 0.0703125 0.21875 0.15625 0.3359375 0.21875 0.078125 0.140625 0.40625 
0.484375 0.8359375 0.375 0.859375 0.703125 0.5546875 0.8671875 0.8671875 0.0703125 0.21875 
0.484375 0.4140625 0.8359375 0.375 0.859375 0.703125 0.5546875 0.8671875 0.8671875 0.703125 
0.484375 0.4140625 0.8359375 0.375 0.859375 0.703125 0.5546875 0.8671875 0.8671875 0.703125 
0.484375 0.4140625 0.8359375 0.375 0.8125 0.3984375 0.859375 0.703125 0.5546875 0.8671875 
0.484375 0.4140625 0.375 0.8359375 0.3984375 0.859375 0.703125 0.5546875 0.8671875 0.21875 
0.484375 0.4140625 0.8359375 0.375 0.3984375 0.859375 0.703125 0.5546875 0.8671875 0.21875 
0.484375 0.4140625 0.375 0.8359375 0.3984375 0.859375 0.703125 0.5546875 0.8671875 0.21875 
0.484375 0.4140625 0.375 0.8359375 0.3984375 0.859375 0.703125 0.5546875 0.8671875 0.21875 
0.484375 0.4140625 0.8359375 0.375 0.859375 0.703125 0.5546875 0.8671875 0.7890625 0.734375 
0.484375 0.375 0.4140625 0.8359375 0.859375 0.703125 0.5546875 0.8671875 0.7890625 0.734375 
0.484375 0.5234375 0.4140625 0.8359375 0.375 0.859375 0.703125 0.5546875 0.8671875 0.7890625 
0.484375 0.5234375 0.5234375 0.4140625 0.375 0.859375 0.703125 0.5546875 0.8671875 0.7890625 
0.484375 0.5234375 0.5234375 0.4140625 0.375 0.859375 0.703125 0.5546875 0.8671875 0.7890625 
0.484375 0.5234375 0.5234375 0.515625 0.5234375 0.4140625 0.375 0.4453125 0.859375 0.703125 
0.484375 0.5234375 0.5234375 0.515625 0.5234375 0.5078125 0.4140625 0.375 0.859375 0.703125 
0.484375 0.515625 0.5234375 0.5234375 0.5234375 0.5078125 0.4140625 0.375 0.4765625 0.859375 
0.484375 0.5234375 0.5234375 0.5234375 0.5234375 0.515625 0.5078125 0.4140625 0.4765625 0.375 
0.484375 0.515625 0.5234375 0.5234375 0.5234375 0.5234375 0.5234375 0.53125 0.5078125 0.4140625 
0.484375 0.515625 0.53125 0.5234375 0.5234375 0.5234375 0.5234375 0.5234375 0.5078125 0.484375 
0.484375 0.53125 0.5234375 0.5234375 0.5234375 0.5234375 0.5234375 0.5234375 0.5234375 0.5234375 
0.484375 0.53125 0.5234375 0.5234375 0.5234375 0.5234375 0.5234375 0.5234375 0.5234375 0.5234375 
0.484375 0.484375 0.4765625 0.53125 0.5234375 0.5234375 0.5234375 0.5234375 0.5234375 0.5234375 
0.484375 0.4765625 0.484375 0.53125 0.5234375 0.5234375 0.5234375 0.5234375 0.5234375 0.5234375 
0.484375 0.4765625 0.53125 0.484375 0.5234375 0.5234375 0.5234375 0.5234375 0.5234375 0.5234375 
0.484375 0.4765625 0.484375 0.53125 0.5234375 0.5234375 0.5234375 0.5234375 0.5234375 0.5234375 
0.484375 0.4296875 0.5 0.53125 0.5234375 0.5234375 0.5234375 0.5234375 0.5234375 0.5234375 
0.484375 0.53125 0.5234375 0.5234375 0.5234375 0.5234375 0.5234375 0.5234375 0.5234375 0.5234375 
0.484375 0.53125 0.5234375 0.5234375 0.5234375 0.5234375 0.5234375 0.5234375 0.5234375 0.5234375 
0.484375 0.5234375 0.53125 0.5234375 0.5234375 0.5234375 0.5234375 0.5234375 0.5234375 0.5234375 
0.484375 0.53125 0.5234375 0.5234375 0.5234375 0.5234375 0.5234375 0.5234375 0.5234375 0.5234375 
0.484375 0.53125 0.53125 0.515625 0.5234375 0.5234375 0.5234375 0.5234375 0.5234375 0.5234375 
0.484375 0.53125 0.53125 0.515625 0.5234375 0.5234375 0.5234375 0.5234375 0.5234375 0.5234375 
0.484375 0.53125 0.515625 0.5078125 0.53125 0.53125 0.5234375 0.5234375 0.5234375 0.5234375 
0.484375 0.515625 0.53125 0.53125 0.53125 0.5078125 0.53125 0.5234375 0.5234375 0.5234375 
0.484375 0.515625 0.53125 0.53125 0.53125 0.5234375 0.53125 0.53125 0.5234375 0.5234375 
0.484375 0.53125 0.515625 0.53125 0.5234375 0.53125 0.53125 0.5234375 0.5234375 0.53125 
0.484375 0.53125 0.515625 0.5234375 0.5234375 0.53125 0.53125 0.53125 0.5234375 0.5234375 
0.484375 0.515625 0.53125 0.5234375 0.5234375 0.53125 0.5234375 0.5234375 0.5234375 0.5234375 
0.484375 0.515625 0.5234375 0.5234375 0.5390625 0.5234375 0.53125 0.53125 0.5234375 0.5234375 
0.53125 0.484375 0.5234375 0.5234375 0.5234375 0.53125 0.5234375 0.5390625 0.5234375 0.5234375 
0.484375 0.53125 0.5234375 0.5234375 0.5234375 0.5390625 0.53125 0.5234375 0.5234375 0.5234375 
0.484375 0.5390625 0.53125 0.5234375 0.5234375 0.5234375 0.53125 0.5234375 0.5234375 0.5234375 
0.484375 0.5390625 0.53125 0.5234375 0.5234375 0.5234375 0.5234375 0.5234375 0.5234375 0.5234375 
0.484375 0.5234375 0.5234375 0.5234375 0.5234375 0.5234375 0.53125 0.53125 0.5234375 0.5234375 
0.484375 0.53125 0.5234375 0.5234375 0.5234375 0.5234375 0.5234375 0.53125 0.53125 0.5234375 
0.484375 0.5234375 0.53125 0.5390625 0.5390625 0.53125 0.5234375 0.5234375 0.5234375 0.5234375 
