0.578125 0.6875 0.0390625 0.140625 0.7109375 0.09375 0.65625 0.6171875 0.0234375 0.8203125 
0.21875 0.0390625 0.140625 0.09375 0.0 0.796875 0.9765625 0.96875 0.1796875 0.0625 
0.21875 0.0390625 0.140625 0.09375 0.0 0.796875 0.9765625 0.96875 0.1796875 0.0625 
0.21875 0.1640625 0.1328125 0.09375 0.15625 0.2109375 0.2265625 0.1171875 0.2109375 0.2265625 
0.6796875 0.21875 0.1640625 0.1328125 0.09375 0.15625 0.2109375 0.2265625 0.1171875 0.2109375 
0.6796875 0.21875 0.1640625 0.1328125 0.09375 0.15625 0.2109375 0.2265625 0.1171875 0.2109375 
0.6796875 0.21875 0.1640625 0.1328125 0.09375 0.15625 0.2109375 0.2265625 0.1171875 0.2109375 
0.6796875 0.21875 0.1640625 0.1328125 0.09375 0.15625 0.2109375 0.2265625 0.1171875 0.2109375 
0.6796875 0.21875 0.1640625 0.1328125 0.09375 0.15625 0.2109375 0.2265625 0.1171875 0.2109375 
0.6796875 0.21875 0.1640625 0.1328125 0.09375 0.15625 0.2109375 0.2265625 0.1171875 0.2109375 
0.6796875 0.21875 0.1640625 0.1328125 0.09375 0.15625 0.2109375 0.2265625 0.1171875 0.2109375 
0.21875 0.1640625 0.1328125 0.09375 0.15625 0.2109375 0.2265625 0.1171875 0.2109375 0.265625 
0.21875 0.1640625 0.1328125 0.09375 0.15625 0.2109375 0.2265625 0.1171875 0.2109375 0.265625 
0.21875 0.1640625 0.1328125 0.09375 0.15625 0.2109375 0.2265625 0.1171875 0.2109375 0.265625 
0.21875 0.1640625 0.1328125 0.09375 0.15625 0.2109375 0.2265625 0.1171875 0.2109375 0.265625 
0.21875 0.1640625 0.1328125 0.09375 0.15625 0.2109375 0.2265625 0.1171875 0.2109375 0.265625 
0.21875 0.1640625 0.1328125 0.09375 0.15625 0.2109375 0.2265625 0.1171875 0.2109375 0.265625 
0.21875 0.1640625 0.1328125 0.09375 0.15625 0.2109375 0.2265625 0.1171875 0.2109375 0.265625 
0.21875 0.1640625 0.1328125 0.09375 0.15625 0.2109375 0.2265625 0.1171875 0.2109375 0.265625 
0.21875 0.1640625 0.1328125 0.09375 0.15625 0.2109375 0.2265625 0.1171875 0.2109375 0.265625 
0.21875 0.1640625 0.1328125 0.09375 0.15625 0.2109375 0.2265625 0.1171875 0.2109375 0.265625 
0.21875 0.1640625 0.1328125 0.09375 0.15625 0.2109375 0.2265625 0.1171875 0.2109375 0.265625 
0.21875 0.1640625 0.1328125 0.09375 0.15625 0.2109375 0.2265625 0.1171875 0.2109375 0.265625 
0.21875 0.1640625 0.1328125 0.09375 0.15625 0.2109375 0.2265625 0.1171875 0.2109375 0.265625 
0.21875 0.1640625 0.1328125 0.09375 0.15625 0.2109375 0.2265625 0.1171875 0.2109375 0.265625 
0.21875 0.1640625 0.1328125 0.09375 0.15625 0.2109375 0.2265625 0.1171875 0.2109375 0.265625 
0.21875 0.1640625 0.1328125 0.09375 0.15625 0.2109375 0.2265625 0.1171875 0.2109375 0.265625 
0.21875 0.1640625 0.1328125 0.09375 0.15625 0.2109375 0.2265625 0.1171875 0.2109375 0.265625 
0.21875 0.1640625 0.1328125 0.09375 0.15625 0.2109375 0.2265625 0.1171875 0.2109375 0.265625 
0.21875 0.1640625 0.1328125 0.09375 0.15625 0.2109375 0.2265625 0.1171875 0.2109375 0.265625 
0.21875 0.1640625 0.1328125 0.09375 0.15625 0.2109375 0.2265625 0.1171875 0.2109375 0.265625 
0.21875 0.1640625 0.1328125 0.09375 0.15625 0.2109375 0.2265625 0.1171875 0.2109375 0.265625 
0.21875 0.1640625 0.1328125 0.09375 0.15625 0.2109375 0.2265625 0.1171875 0.2109375 0.265625 
0.21875 0.1640625 0.1328125 0.09375 0.15625 0.2109375 0.2265625 0.1171875 0.2109375 0.265625 
0.21875 0.1640625 0.1328125 0.09375 0.15625 0.2109375 0.2265625 0.1171875 0.2109375 0.265625 
0.21875 0.1640625 0.1328125 0.09375 0.15625 0.2109375 0.2265625 0.1171875 0.2109375 0.265625 
0.21875 0.1640625 0.1328125 0.09375 0.15625 0.2109375 0.2265625 0.1171875 0.2109375 0.265625 
0.21875 0.1640625 0.1328125 0.09375 0.15625 0.2109375 0.2265625 0.1171875 0.2109375 0.265625 
0.21875 0.1640625 0.1328125 0.09375 0.15625 0.2109375 0.2265625 0.1171875 0.2109375 0.265625 
0.21875 0.1640625 0.1328125 0.09375 0.15625 0.2109375 0.2265625 0.1171875 0.2109375 0.265625 
0.21875 0.1640625 0.1328125 0.09375 0.15625 0.2109375 0.2265625 0.1171875 0.2109375 0.265625 
0.21875 0.1640625 0.1328125 0.09375 0.15625 0.2109375 0.2265625 0.1171875 0.2109375 0.265625 
0.21875 0.1640625 0.1328125 0.09375 0.15625 0.2109375 0.2265625 0.1171875 0.2109375 0.265625 
0.21875 0.1640625 0.1328125 0.09375 0.15625 0.2109375 0.2265625 0.1171875 0.2109375 0.265625 
0.21875 0.1640625 0.1328125 0.09375 0.15625 0.2109375 0.2265625 0.1171875 0.2109375 0.265625 
0.21875 0.1640625 0.1328125 0.09375 0.15625 0.2109375 0.2265625 0.1171875 0.2109375 0.265625 
0.21875 0.1640625 0.1328125 0.09375 0.15625 0.2109375 0.2265625 0.1171875 0.2109375 0.265625 
0.21875 0.1640625 0.1328125 0.09375 0.15625 0.2109375 0.2265625 0.1171875 0.2109375 0.265625 
0.21875 0.1640625 0.1328125 0.09375 0.15625 0.2109375 0.2265625 0.1171875 0.2109375 0.265625 
0.21875 0.1640625 0.1328125 0.09375 0.15625 0.2109375 0.2265625 0.1171875 0.2109375 0.265625 
