% Invoked: ./gella -d -r 3 -l biased_r3/run05 >& biased_r3/run05.log
% Ministry of Cellular Automata
% Project Deux (CS523 Spring 2015)
% Version:v0.1-70-g0624-dirty
%  pop:50
%  ic count:100
%  CA Log option:biased_r3/run05
%  width:121
%  max workers:4
%  radius:3
%  iterations:300
%  use bias:true
%  generations:50

 generation 0.2.2.2.0.2.0.0.0.2.0.2.2.2.2.2.2.50.2.2.2.2.9.2.2.50.2.2.2.2.0.50.0.0.9.20.2.0.0.2.50.50.50.0.6.50.2.50.2.50.50.xover.mutate.done 50
 generation 1.50.50.51.50.50.50.50.50.50.50.7.7.1.51.1.7.6.50.51.8.32.50.7.50.7.7.1.76.6.51.50.1.50.6.1.6.46.56.6.7.6.50.1.7.7.50.1.50.50.8.xover.mutate.done 50
 generation 2.77.52.50.50.50.50.50.50.50.50.50.50.50.39.12.0.50.50.2.2.0.50.2.2.6.2.50.0.2.50.52.9.50.50.52.2.50.45.50.50.2.10.0.50.0.2.2.21.50.2.xover.mutate.done 50
 generation 3.76.51.51.51.52.52.52.52.50.50.2.2.50.51.11.52.1.50.4.50.2.51.3.42.1.2.1.52.52.14.2.50.50.19.3.50.50.52.1.2.30.1.3.3.3.1.3.3.56.9.xover.mutate.done 50
 generation 4.73.49.51.51.51.51.51.51.51.51.1.51.29.1.1.1.1.1.0.50.1.51.51.50.1.51.1.1.1.1.51.0.50.1.51.1.55.1.51.51.1.1.1.1.50.4.0.4.1.50.xover.mutate.done 50
 generation 5.68.56.52.52.52.52.52.52.52.52.2.2.2.52.27.2.48.2.2.0.52.50.0.54.52.2.2.2.0.2.9.50.2.52.2.2.51.52.2.2.50.50.2.0.2.52.52.52.2.52.xover.mutate.done 50
 generation 6.69.54.52.50.50.50.50.50.50.50.50.50.50.14.0.0.50.0.50.0.0.0.50.0.0.0.8.0.0.0.7.0.0.0.16.20.0.0.50.14.50.0.0.0.50.0.50.0.0.0.xover.mutate.done 50
 generation 7.71.54.53.50.50.50.50.50.50.50.10.1.12.50.8.5.5.4.0.1.1.4.12.30.50.50.1.0.6.50.0.50.1.1.1.10.0.50.1.0.50.1.50.1.50.1.50.6.14.5.xover.mutate.done 50
 generation 8.77.65.61.50.50.50.50.50.50.50.50.0.50.50.50.50.0.0.50.0.0.50.50.50.50.14.50.41.0.0.0.50.50.50.0.0.15.50.12.49.11.0.50.50.0.0.0.50.50.0.xover.mutate.done 50
 generation 9.76.52.50.50.50.50.50.50.50.50.0.50.50.0.50.50.7.19.50.0.0.0.0.0.50.0.0.0.50.0.32.50.50.18.59.50.50.0.50.32.0.0.5.50.0.1.5.0.50.10.xover.mutate.done 50
 generation 10.81.69.64.67.50.50.50.50.50.50.0.50.0.0.50.0.50.50.0.28.34.0.0.0.0.50.0.19.50.50.29.0.0.0.0.50.45.0.18.50.50.15.36.50.50.50.15.0.50.50.xover.mutate.done 50
 generation 11.76.56.51.50.50.50.50.50.50.50.14.0.50.0.46.0.50.1.0.0.0.0.50.0.56.3.50.0.3.0.0.50.50.32.50.0.0.0.56.50.50.50.8.50.50.0.50.0.47.50.xover.mutate.done 50
 generation 12.71.57.57.55.55.60.50.50.50.50.2.50.2.50.50.50.2.0.50.2.50.0.2.50.2.50.50.50.0.50.2.2.2.18.0.50.50.0.0.10.2.0.2.46.50.50.2.50.50.2.xover.mutate.done 50
 generation 13.69.55.54.54.54.53.51.51.51.51.56.51.50.50.6.3.1.3.6.11.51.50.2.1.51.51.2.51.1.9.50.12.6.51.13.3.3.1.51.10.50.50.14.3.50.1.1.2.51.6.xover.mutate.done 50
 generation 14.71.54.46.54.54.48.41.52.52.52.2.52.11.50.2.45.33.2.35.0.14.2.2.52.2.2.2.36.50.2.2.5.52.52.5.2.0.2.52.50.52.2.11.0.2.50.32.50.0.5.xover.mutate.done 50
 generation 15.66.53.50.50.50.50.50.50.50.50.0.0.1.0.1.0.0.0.50.50.50.0.1.0.13.1.50.0.0.0.50.50.0.1.1.50.0.49.1.10.50.1.0.6.1.50.0.0.50.50.xover.mutate.done 50
 generation 16.75.58.59.59.51.51.51.51.51.51.2.30.13.2.2.2.51.1.1.50.1.51.2.51.2.2.2.51.6.1.51.50.51.1.6.29.2.1.1.1.50.1.45.50.20.26.1.1.1.30.xover.mutate.done 50
 generation 17.70.54.54.56.50.50.50.50.50.50.50.42.50.0.1.1.1.1.50.50.1.50.1.7.50.50.29.1.1.50.1.0.0.5.25.50.0.50.50.11.50.1.0.1.50.25.1.6.29.0.xover.mutate.done 50
 generation 18.80.63.58.58.51.51.51.51.51.51.1.50.1.50.51.1.50.0.0.40.1.51.1.47.51.51.51.51.1.1.1.50.51.1.43.0.5.1.18.1.1.1.0.0.19.50.10.51.6.1.xover.mutate.done 50
 generation 19.67.55.54.54.50.50.50.50.50.50.4.0.50.0.50.0.50.50.5.0.0.50.50.42.50.0.0.0.0.16.50.50.50.0.0.0.0.0.0.50.0.50.8.50.0.0.0.39.0.0.xover.mutate.done 50
 generation 20.80.67.66.66.52.52.52.52.52.52.2.52.50.3.4.2.2.6.4.4.2.4.2.52.2.8.4.68.4.2.4.2.41.4.4.66.47.2.4.4.2.50.52.2.52.26.50.28.50.4.xover.mutate.done 50
 generation 21.71.52.54.54.54.54.51.51.51.51.51.1.1.1.1.46.1.1.0.1.19.51.14.1.1.1.51.0.3.5.1.1.1.1.1.0.1.50.1.54.0.0.1.51.1.1.1.1.51.51.xover.mutate.done 50
 generation 22.78.64.64.64.64.59.59.51.51.51.1.2.40.1.2.5.51.64.50.2.1.1.42.2.51.2.51.21.1.1.2.1.1.1.46.1.51.1.2.62.1.51.1.50.51.2.2.51.50.2.xover.mutate.done 50
 generation 23.75.58.57.57.57.60.52.52.54.50.0.0.0.0.0.9.0.40.58.0.0.0.50.50.0.57.0.0.0.50.7.54.0.0.47.0.57.50.45.40.35.26.0.0.0.0.0.0.68.50.xover.mutate.done 50
 generation 24.78.65.60.58.58.55.55.55.55.55.56.1.1.24.1.1.30.29.50.24.1.1.11.1.1.0.1.57.41.1.66.50.1.21.29.0.1.1.37.34.62.1.1.69.0.9.1.1.0.1.xover.mutate.done 50
 generation 25.68.76.62.67.57.60.56.56.48.50.52.36.38.3.48.6.53.48.15.2.18.5.2.27.23.3.1.44.3.3.3.3.3.3.26.57.42.57.50.1.74.42.68.46.1.48.19.45.3.3.xover.mutate.done 50
 generation 26.71.78.75.70.69.67.65.62.60.63.0.16.15.39.0.64.0.51.21.19.33.3.62.0.0.0.13.19.39.20.62.71.14.64.46.52.70.3.58.13.0.75.11.33.0.0.35.3.0.0.xover.mutate.done 50
 generation 27.70.70.74.67.60.59.66.65.66.63.25.28.2.59.2.1.2.1.1.44.49.70.1.41.2.55.65.36.60.19.6.57.17.44.57.36.12.55.43.59.24.12.2.2.24.45.17.58.51.13.xover.mutate.done 50
 generation 28.73.78.76.73.71.72.68.70.71.62.2.55.2.24.43.5.2.48.52.65.2.12.77.2.40.0.31.71.65.66.58.0.4.15.30.50.64.0.0.4.3.19.59.0.0.58.38.14.0.0.xover.mutate.done 50
 generation 29.72.70.75.73.74.67.69.65.71.65.3.7.20.63.56.62.10.3.74.10.54.32.3.3.3.16.37.7.3.75.20.48.56.10.73.60.57.9.60.22.64.17.59.11.7.7.3.58.3.3.xover.mutate.done 50
 generation 30.69.71.72.72.72.68.67.72.73.67.4.3.32.0.0.1.5.47.38.0.32.0.14.48.0.16.58.59.0.57.70.0.0.0.77.0.50.0.75.0.23.72.4.66.17.0.0.10.16.40.xover.mutate.done 50
 generation 31.75.83.78.75.75.76.73.78.73.80.14.2.11.2.34.5.2.1.39.76.2.27.2.2.1.2.64.65.2.54.2.1.2.9.1.2.5.86.2.2.2.2.52.2.1.2.2.2.13.32.xover.mutate.done 50
 generation 32.83.73.72.77.73.68.76.73.70.70.0.73.0.0.9.0.63.64.0.31.0.4.15.0.0.0.70.0.0.4.0.0.0.0.0.37.0.0.0.0.6.80.0.70.12.0.4.4.0.57.xover.mutate.done 50
 generation 33.86.88.76.78.78.73.72.76.77.72.69.7.1.29.29.20.16.66.6.5.1.66.1.5.6.1.46.75.1.1.14.6.1.71.5.1.1.1.1.0.1.1.1.5.0.1.54.30.5.1.xover.mutate.done 50
 generation 34.74.83.74.76.68.76.69.71.74.73.61.2.2.15.54.8.62.7.2.14.2.2.8.13.41.59.24.69.2.8.15.2.2.2.2.7.9.72.2.13.41.15.55.2.15.2.39.29.8.2.xover.mutate.done 50
 generation 35.81.74.71.78.73.74.67.71.70.77.1.2.1.49.1.13.3.68.73.62.57.6.1.38.8.65.1.1.1.1.3.8.46.3.1.1.1.24.1.25.3.32.38.3.14.54.2.1.1.67.xover.mutate.done 50
 generation 36.81.80.76.71.63.77.73.80.76.65.3.12.3.54.15.6.46.7.3.7.3.3.7.6.3.8.3.24.25.16.3.7.42.3.16.6.3.40.3.3.7.3.7.7.50.3.76.7.7.17.xover.mutate.done 50
 generation 37.75.74.73.74.69.72.69.71.67.65.1.8.1.47.1.4.12.20.1.6.14.1.1.1.1.1.4.4.43.50.1.7.4.1.1.4.43.47.16.4.16.4.1.4.1.1.5.1.4.1.xover.mutate.done 50
 generation 38.83.77.65.70.76.80.76.76.77.65.1.60.36.1.8.7.7.11.6.32.52.1.80.1.1.72.1.1.51.11.40.10.7.1.1.7.1.7.44.1.1.1.1.1.63.5.56.1.1.51.xover.mutate.done 50
 generation 39.87.82.82.82.77.81.79.79.71.74.1.3.34.26.1.47.12.4.1.67.1.13.11.3.3.1.0.1.43.82.1.69.21.82.4.3.90.5.77.3.50.44.1.1.1.10.32.1.1.14.xover.mutate.done 50
 generation 40.85.81.79.79.81.79.79.78.79.79.1.28.21.35.7.29.1.9.9.60.1.35.48.22.1.1.9.1.7.1.1.1.1.18.1.1.35.42.37.9.44.1.1.28.1.42.47.1.58.1.xover.mutate.done 50
 generation 41.80.85.82.83.83.83.83.76.76.80.5.11.0.4.4.74.4.31.4.63.0.4.84.55.0.42.4.5.4.4.4.6.4.4.41.32.4.4.17.5.4.76.4.9.5.4.14.5.5.4.xover.mutate.done 50
 generation 42.83.84.77.77.77.77.77.82.74.76.54.77.2.33.60.66.25.2.2.43.2.2.4.75.2.2.28.82.67.2.2.4.31.2.9.4.67.66.2.2.2.10.2.11.28.2.56.2.2.2.xover.mutate.done 50
 generation 43.87.85.85.85.77.77.77.77.79.80.1.1.70.1.1.2.66.53.61.74.1.64.2.56.1.52.1.57.1.1.62.1.11.58.51.75.1.1.40.69.1.10.1.58.1.1.0.1.1.0.xover.mutate.done 50
 generation 44.86.92.84.84.88.90.82.82.82.82.1.5.1.47.50.1.67.1.15.57.1.1.56.81.1.5.8.1.1.60.1.1.1.7.1.45.0.53.1.1.1.1.1.0.1.1.1.52.1.27.xover.mutate.done 50
 generation 45.79.76.75.81.82.82.73.73.73.73.5.51.11.5.2.2.2.52.2.2.5.8.2.33.2.18.2.2.23.2.6.65.67.2.5.5.8.12.2.2.2.2.2.2.2.52.2.2.68.2.xover.mutate.done 50
 generation 46.85.85.84.90.77.79.75.75.75.75.1.1.1.68.1.1.55.1.4.77.1.20.1.1.64.56.4.58.1.1.57.1.22.10.1.1.1.72.14.4.63.19.9.52.1.1.1.6.1.4.xover.mutate.done 50
 generation 47.81.88.88.88.81.81.75.76.76.76.0.65.4.0.4.0.10.0.4.0.4.20.0.0.10.0.62.9.4.54.26.4.0.0.72.0.47.0.0.14.25.69.24.40.49.0.6.0.67.0.xover.mutate.done 50
 generation 48.81.81.84.80.83.82.76.76.76.71.1.26.1.41.1.1.7.1.69.76.1.22.17.1.71.16.1.53.16.0.8.8.47.0.15.1.14.1.1.1.19.49.12.0.1.45.8.1.68.0.xover.mutate.done 50
 generation 49.79.79.81.79.79.80.77.77.77.67.2.10.2.2.2.10.69.42.59.2.45.2.22.2.2.2.28.21.2.11.2.2.16.8.2.2.6.10.2.2.31.13.50.18.7.2.7.41.1.2.xover.mutate.done 50
 60385485 iters     752754 iter/sec (80.22 s)
 total time: 80.22
