52 50 50 50 50 50 50 50 50 50 50 21 12 3 3 3 3 3 3 3 3 3 3 3 3 3 3 3 2 2 2 2 2 2 2 2 2 1 1 1 1 1 1 1 1 1 1 1 1 1 
50 50 50 50 50 50 50 50 50 50 50 50 50 50 50 50 50 50 50 41 36 31 0 0 0 0 0 0 0 0 0 0 0 0 0 0 0 0 0 0 0 0 0 0 0 0 0 0 0 0 
64 50 50 50 50 50 50 50 50 50 50 50 50 50 50 50 50 50 50 50 50 50 50 50 50 31 28 20 19 10 0 0 0 0 0 0 0 0 0 0 0 0 0 0 0 0 0 0 0 0 
66 53 53 53 53 53 53 50 50 50 50 50 50 50 50 50 50 50 50 50 50 50 50 50 42 26 26 23 21 3 3 3 3 3 3 3 3 3 3 3 3 3 3 3 3 3 0 0 0 0 
58 52 52 52 52 52 52 52 52 51 51 50 50 50 50 50 50 50 50 50 42 33 27 16 13 9 6 3 3 3 3 3 3 3 3 3 3 3 3 3 2 2 2 2 1 1 1 1 1 1 
62 50 50 50 50 50 50 50 50 50 50 50 50 50 50 50 50 50 50 50 50 50 50 50 50 50 50 50 50 47 40 16 14 10 0 0 0 0 0 0 0 0 0 0 0 0 0 0 0 0 
65 52 52 51 51 51 51 51 51 51 51 51 51 51 51 51 51 51 51 51 50 50 50 50 50 50 50 50 50 37 37 20 15 10 10 10 7 3 3 3 3 3 3 2 2 2 2 2 2 1 
65 51 51 51 51 51 51 51 51 51 51 51 51 51 51 51 51 51 51 51 51 51 50 50 50 50 50 50 50 24 15 11 2 2 2 2 2 2 2 2 2 2 2 1 1 1 1 1 1 1 
67 52 52 52 52 50 50 50 50 50 50 50 50 50 50 50 50 50 50 50 50 50 50 50 50 50 50 50 50 50 42 34 28 19 4 2 2 2 2 2 2 2 2 2 2 2 2 2 0 0 
56 51 51 51 51 51 51 51 51 51 51 51 51 51 51 51 51 51 51 51 51 51 51 51 51 51 50 50 43 31 8 8 8 7 2 2 2 2 2 2 2 2 2 2 1 1 1 1 1 1 
67 51 51 51 51 51 51 51 51 51 51 51 51 51 51 51 50 50 50 50 50 50 50 50 50 50 50 34 32 30 28 1 1 1 1 1 1 1 1 1 1 1 1 1 1 0 0 0 0 0 
60 51 51 51 51 51 51 51 51 51 51 51 51 51 51 51 51 51 51 51 50 50 50 50 49 48 20 17 15 9 5 2 1 1 1 1 1 1 1 1 1 1 1 1 1 1 1 1 0 0 
57 50 50 50 50 50 50 50 50 50 50 50 50 50 50 50 50 50 30 17 17 13 3 0 0 0 0 0 0 0 0 0 0 0 0 0 0 0 0 0 0 0 0 0 0 0 0 0 0 0 
56 51 51 51 51 51 51 51 51 51 51 51 51 51 51 51 51 51 51 51 28 26 23 21 18 14 6 3 3 3 3 3 3 3 3 3 3 3 3 3 2 2 2 1 1 1 1 1 1 1 
61 50 50 50 50 50 50 50 50 50 50 50 50 50 50 50 50 50 50 50 50 50 50 45 35 35 28 19 14 1 1 1 1 1 1 1 1 1 1 1 1 1 1 1 1 1 1 0 0 0 
69 51 51 51 51 51 51 51 51 51 51 51 51 51 51 51 50 43 40 27 25 25 19 17 17 12 11 10 9 7 3 3 3 3 3 3 3 3 3 3 3 3 3 3 3 3 3 2 2 1 
56 51 51 51 51 51 51 51 51 51 51 51 51 51 51 51 51 51 51 51 51 51 51 50 50 41 37 31 16 13 13 1 1 1 1 1 1 1 1 1 1 1 1 1 1 1 1 1 1 0 
66 52 52 52 52 52 52 52 52 52 52 52 52 52 52 52 52 52 52 52 52 52 51 50 49 26 24 23 22 9 6 3 3 3 3 3 3 3 3 3 3 2 2 2 2 1 1 1 1 1 
60 51 51 51 51 51 51 51 51 51 51 51 51 51 51 51 51 51 51 51 51 51 51 51 51 51 51 51 49 45 36 25 19 13 12 1 1 1 1 1 1 1 1 1 1 1 1 1 1 1 
67 53 53 53 53 53 53 53 53 53 53 53 53 53 53 53 53 53 53 53 53 53 53 53 53 50 50 50 43 41 37 33 28 27 24 10 9 4 4 4 4 4 4 4 4 3 3 1 1 1 
68 52 52 52 52 52 52 52 52 52 52 52 52 52 52 52 52 52 52 52 52 52 52 52 52 50 33 24 13 12 12 12 10 6 6 3 2 2 2 2 2 2 2 2 2 2 2 2 2 0 
60 51 51 51 51 51 51 51 51 51 51 51 51 51 51 51 51 51 51 51 51 51 51 51 51 51 51 50 50 41 41 36 30 30 23 17 6 3 2 2 2 2 2 2 2 2 2 2 1 1 
56 50 50 50 50 50 50 50 50 50 50 50 50 50 50 50 50 50 50 50 50 50 50 50 50 50 50 50 50 50 50 50 43 40 40 21 14 0 0 0 0 0 0 0 0 0 0 0 0 0 
58 51 51 51 51 51 51 51 51 51 51 51 51 51 51 51 51 51 51 51 51 51 51 51 51 51 51 51 50 50 47 36 34 25 16 13 2 1 1 1 1 1 1 1 1 1 1 1 1 0 
57 51 51 51 51 51 51 51 51 51 51 51 51 51 51 51 51 51 51 51 51 51 51 51 51 51 51 45 43 24 24 20 18 16 2 2 2 2 2 2 2 2 2 2 2 1 1 1 1 1 
68 50 50 50 50 50 50 50 50 50 50 50 50 50 50 50 50 50 50 50 50 50 50 50 50 46 44 31 18 15 10 10 6 5 4 1 1 1 1 1 1 1 1 1 1 1 1 1 0 0 
59 51 51 51 51 51 51 51 51 51 51 51 51 51 51 51 51 51 51 51 51 51 50 35 32 32 31 19 11 1 1 1 1 1 1 1 1 1 1 1 1 1 1 1 1 1 0 0 0 0 
61 50 50 50 50 50 50 50 50 50 50 50 50 50 50 50 50 50 50 50 50 47 16 15 15 10 9 5 4 0 0 0 0 0 0 0 0 0 0 0 0 0 0 0 0 0 0 0 0 0 
56 50 50 50 50 50 50 50 50 50 50 50 50 50 50 50 50 50 50 50 50 50 50 20 16 10 6 6 6 5 0 0 0 0 0 0 0 0 0 0 0 0 0 0 0 0 0 0 0 0 
63 50 50 50 50 50 50 50 50 50 50 50 50 50 50 50 50 50 50 50 50 50 50 50 50 50 50 50 45 44 32 8 4 3 0 0 0 0 0 0 0 0 0 0 0 0 0 0 0 0 
62 51 51 51 51 51 51 51 51 51 51 51 51 51 51 51 51 51 51 51 51 51 51 51 51 51 51 51 50 50 50 50 50 50 49 42 37 18 17 10 3 2 2 2 2 2 2 1 1 1 
57 53 53 53 53 53 53 53 53 53 53 53 53 53 53 53 53 53 53 53 53 53 53 53 53 53 53 53 53 53 50 50 50 50 50 47 46 45 35 28 4 4 4 4 4 4 4 4 1 1 
67 51 51 51 51 51 51 51 51 51 51 51 51 51 51 51 51 51 51 51 51 51 51 51 51 51 51 51 51 50 46 43 11 1 1 1 1 1 1 1 1 1 1 1 1 1 1 1 1 0 
58 50 50 50 50 50 50 50 50 50 50 50 50 50 50 50 50 50 50 50 50 50 50 50 47 47 44 25 18 9 2 2 2 2 2 2 2 2 2 2 2 2 2 2 0 0 0 0 0 0 
55 50 50 50 50 50 50 50 50 50 50 50 50 50 50 50 50 50 50 50 50 50 50 50 49 44 37 32 31 29 26 22 9 8 2 2 2 2 2 2 2 2 2 2 2 2 2 2 0 0 
55 50 50 50 50 50 50 50 50 50 50 50 50 50 50 50 50 50 50 50 50 50 50 50 50 50 50 50 50 50 49 49 49 48 44 34 28 25 23 18 12 10 0 0 0 0 0 0 0 0 
65 50 50 50 50 50 50 50 50 50 50 50 50 50 50 50 50 50 50 50 50 50 50 50 50 50 50 30 26 16 11 5 1 1 0 0 0 0 0 0 0 0 0 0 0 0 0 0 0 0 
57 50 50 50 50 50 50 50 50 50 50 50 50 50 50 50 50 50 50 50 48 43 36 21 11 7 1 0 0 0 0 0 0 0 0 0 0 0 0 0 0 0 0 0 0 0 0 0 0 0 
60 51 51 51 51 51 51 51 51 51 51 51 51 51 51 51 51 51 51 51 51 47 47 39 39 20 8 2 2 2 2 2 2 2 2 2 2 2 2 2 2 2 2 2 2 1 1 1 1 1 
62 50 50 50 50 50 50 50 50 50 50 50 50 50 50 50 50 50 50 41 37 31 15 14 9 7 7 0 0 0 0 0 0 0 0 0 0 0 0 0 0 0 0 0 0 0 0 0 0 0 
53 51 51 51 51 51 51 51 51 51 51 51 51 51 51 51 51 51 51 51 51 51 50 34 21 8 8 8 7 6 6 6 3 3 3 2 2 2 2 2 2 2 2 2 2 2 1 1 1 1 
61 50 50 50 50 50 50 50 50 50 50 50 50 50 50 50 50 50 50 50 50 50 50 50 50 50 50 50 40 34 34 23 20 18 13 12 12 0 0 0 0 0 0 0 0 0 0 0 0 0 
58 51 51 51 51 51 51 51 51 51 51 51 51 51 51 51 51 51 51 51 51 51 51 51 51 51 51 51 51 51 46 25 19 17 13 9 3 3 3 3 3 3 3 3 3 3 3 1 1 1 
55 51 51 51 51 51 51 51 51 51 51 51 51 51 51 51 51 51 51 51 51 51 51 51 51 50 50 50 45 45 40 23 15 15 9 1 1 1 1 1 1 1 1 1 1 1 1 1 0 0 
55 50 50 50 50 50 50 50 50 50 50 50 50 50 50 50 50 50 50 50 50 50 50 50 50 50 50 50 50 44 41 41 26 25 23 17 3 0 0 0 0 0 0 0 0 0 0 0 0 0 
62 51 51 51 51 51 51 51 51 51 51 51 51 51 51 51 51 51 51 51 50 50 50 50 50 49 47 30 27 23 20 17 13 12 1 1 1 1 1 1 1 1 1 1 1 1 1 1 0 0 
56 51 51 51 51 51 51 51 51 51 51 51 51 51 51 51 51 51 51 51 51 51 51 51 51 51 51 50 42 37 28 22 20 19 10 5 3 3 3 3 3 3 3 3 3 3 3 2 1 1 
58 50 50 50 50 50 50 50 50 50 50 50 50 50 50 50 50 50 50 50 50 42 38 17 14 11 4 4 0 0 0 0 0 0 0 0 0 0 0 0 0 0 0 0 0 0 0 0 0 0 
58 53 53 53 53 53 53 53 53 53 53 53 53 53 53 53 53 53 53 53 53 53 53 48 32 22 15 3 3 3 3 3 3 3 3 3 3 3 3 3 3 3 3 3 3 3 3 3 3 0 
61 52 52 52 52 52 52 52 52 52 52 52 52 52 52 52 52 52 52 52 52 52 51 51 48 44 42 23 9 8 3 3 3 3 3 3 3 3 3 3 3 3 3 2 2 2 2 2 1 1 
