0.8671875 0.9921875 0.8203125 0.6171875 0.640625 0.4296875 0.359375 0.9765625 0.734375 0.0 
0.9921875 0.9765625 0.0 1.0 0.9921875 0.15625 0.140625 0.8828125 0.875 0.8203125 
0.15625 0.140625 0.765625 0.6796875 0.3203125 0.140625 0.9921875 0.9765625 0.0 1.0 
0.15625 0.140625 0.765625 0.6796875 0.3203125 0.140625 0.9921875 0.9765625 0.0 1.0 
0.4375 0.765625 0.6796875 0.7421875 0.8984375 0.671875 0.78125 0.71875 0.8046875 0.6484375 
0.4375 0.765625 0.6796875 0.7421875 0.8984375 0.671875 0.78125 0.71875 0.8046875 0.6484375 
0.4375 0.765625 0.6796875 0.7421875 0.8984375 0.671875 0.78125 0.71875 0.8046875 0.6484375 
0.4375 0.765625 0.6796875 0.7421875 0.8984375 0.671875 0.78125 0.71875 0.8046875 0.6484375 
0.4375 0.765625 0.6796875 0.7421875 0.8984375 0.671875 0.78125 0.71875 0.8046875 0.6484375 
0.4375 0.765625 0.6796875 0.7421875 0.8984375 0.671875 0.78125 0.71875 0.8046875 0.6484375 
0.4375 0.7578125 0.765625 0.6796875 0.7421875 0.8984375 0.671875 0.78125 0.71875 0.8046875 
0.7578125 0.765625 0.4375 0.765625 0.6796875 0.7421875 0.8984375 0.671875 0.78125 0.71875 
0.4375 0.7578125 0.765625 0.75 0.765625 0.6796875 0.7421875 0.8984375 0.671875 0.78125 
0.4375 0.7578125 0.765625 0.75 0.734375 0.7109375 0.765625 0.6796875 0.7421875 0.8984375 
0.4375 0.7578125 0.765625 0.75 0.734375 0.7109375 0.765625 0.6796875 0.7421875 0.8984375 
0.4375 0.7578125 0.765625 0.75 0.734375 0.7109375 0.6484375 0.6875 0.765625 0.6796875 
0.4375 0.7578125 0.765625 0.75 0.734375 0.7109375 0.671875 0.6484375 0.6875 0.765625 
0.6796875 0.671875 0.6953125 0.4375 0.7578125 0.765625 0.75 0.734375 0.7109375 0.6484375 
0.6796875 0.671875 0.65625 0.6953125 0.7578125 0.765625 0.75 0.734375 0.7109375 0.6484375 
0.7109375 0.6796875 0.671875 0.65625 0.6484375 0.671875 0.6875 0.6953125 0.7578125 0.765625 
0.7109375 0.7421875 0.6484375 0.6796875 0.671875 0.65625 0.6484375 0.671875 0.6875 0.6953125 
0.6796875 0.6953125 0.6875 0.7109375 0.7421875 0.6484375 0.671875 0.65625 0.6484375 0.671875 
0.6796875 0.6796875 0.6796875 0.6796875 0.6875 0.7109375 0.6484375 0.6875 0.7109375 0.7265625 
0.6640625 0.6796875 0.6796875 0.6796875 0.6640625 0.6640625 0.6796875 0.6875 0.7109375 0.6484375 
0.6640625 0.6796875 0.6796875 0.6796875 0.6640625 0.6640625 0.6328125 0.6328125 0.6796875 0.6875 
0.6640625 0.6796875 0.6796875 0.6796875 0.6640625 0.6328125 0.6328125 0.65625 0.6640625 0.6796875 
0.6640625 0.6640625 0.6328125 0.6796875 0.6796875 0.671875 0.6796875 0.6328125 0.65625 0.6640625 
0.609375 0.6015625 0.6640625 0.6328125 0.671875 0.6796875 0.6328125 0.65625 0.6640625 0.6640625 
0.609375 0.6640625 0.6328125 0.6015625 0.578125 0.6015625 0.6015625 0.6328125 0.671875 0.6796875 
0.609375 0.6640625 0.578125 0.578125 0.6015625 0.6015625 0.6015625 0.6015625 0.6015625 0.6328125 
0.5703125 0.609375 0.6015625 0.5859375 0.6015625 0.6015625 0.6015625 0.6015625 0.625 0.6640625 
0.6015625 0.609375 0.6015625 0.5859375 0.6015625 0.6640625 0.6015625 0.6640625 0.5625 0.5625 
0.546875 0.6015625 0.609375 0.6640625 0.6640625 0.6015625 0.5859375 0.5625 0.5625 0.5859375 
0.546875 0.6015625 0.609375 0.6640625 0.6640625 0.5625 0.625 0.640625 0.6015625 0.5859375 
0.546875 0.546875 0.6015625 0.59375 0.6640625 0.6640625 0.5625 0.5859375 0.625 0.625 
0.546875 0.546875 0.6015625 0.5625 0.5859375 0.625 0.578125 0.609375 0.59375 0.6640625 
0.546875 0.546875 0.6015625 0.578125 0.5625 0.625 0.59375 0.5859375 0.6640625 0.578125 
0.546875 0.546875 0.6015625 0.578125 0.578125 0.6640625 0.625 0.5625 0.59375 0.578125 
0.546875 0.546875 0.6015625 0.578125 0.578125 0.5625 0.59375 0.578125 0.6640625 0.625 
0.546875 0.546875 0.6015625 0.578125 0.578125 0.5625 0.59375 0.6640625 0.5703125 0.5703125 
0.546875 0.546875 0.5625 0.6015625 0.5703125 0.578125 0.5625 0.578125 0.6640625 0.5625 
0.546875 0.546875 0.5625 0.6015625 0.578125 0.5625 0.5546875 0.578125 0.6640625 0.5625 
0.546875 0.546875 0.5625 0.6015625 0.5546875 0.578125 0.5546875 0.59375 0.5625 0.6640625 
0.546875 0.546875 0.5625 0.6015625 0.5859375 0.59375 0.5546875 0.5546875 0.5625 0.515625 
0.546875 0.546875 0.546875 0.5546875 0.5546875 0.5625 0.6015625 0.5859375 0.5625 0.5625 
0.5546875 0.5546875 0.546875 0.546875 0.546875 0.5625 0.5546875 0.6015625 0.5625 0.546875 
0.546875 0.546875 0.546875 0.5546875 0.5546875 0.5546875 0.5625 0.5625 0.5546875 0.546875 
0.5546875 0.546875 0.546875 0.5546875 0.546875 0.5546875 0.5625 0.5625 0.5546875 0.5625 
0.546875 0.5546875 0.546875 0.546875 0.5546875 0.5546875 0.546875 0.5546875 0.5625 0.5625 
0.546875 0.5546875 0.5546875 0.546875 0.5546875 0.5546875 0.546875 0.546875 0.5625 0.546875 
