50 50 50 50 50 50 50 50 50 24 22 10 4 2 0 0 0 0 0 0 0 0 0 0 0 0 0 0 0 0 0 0 0 0 0 0 0 0 0 0 0 0 0 0 0 0 0 0 0 0 
51 51 51 51 51 51 50 50 50 50 50 50 50 50 50 50 50 33 33 28 17 14 6 5 5 3 3 2 2 2 2 2 2 2 2 2 2 2 2 2 2 1 1 1 1 1 1 1 1 1 
50 50 50 50 50 50 50 50 50 50 50 50 50 50 50 50 50 50 50 50 50 50 50 50 50 50 50 50 50 38 1 1 0 0 0 0 0 0 0 0 0 0 0 0 0 0 0 0 0 0 
57 52 52 52 52 52 52 52 52 52 51 51 51 51 51 51 51 50 50 50 50 50 50 50 50 50 50 50 50 22 5 5 3 3 3 3 3 3 3 3 3 3 3 2 1 1 1 1 1 1 
56 52 52 52 52 52 52 52 52 52 52 52 52 52 52 52 52 50 50 50 50 50 50 43 2 2 2 2 2 2 2 2 2 2 2 2 2 2 2 2 2 2 2 2 0 0 0 0 0 0 
53 52 52 52 52 52 52 52 52 52 52 52 52 52 52 52 52 52 52 52 52 52 52 50 50 29 19 14 12 10 9 7 5 2 2 2 2 2 2 2 2 2 2 2 2 2 2 2 2 2 
55 50 50 50 50 50 50 50 50 50 50 50 50 50 50 50 50 50 50 50 50 50 50 50 43 37 20 19 16 15 13 11 10 10 9 0 0 0 0 0 0 0 0 0 0 0 0 0 0 0 
54 53 53 53 53 53 53 53 53 53 53 53 53 53 53 53 53 53 53 53 53 53 53 53 53 53 53 52 51 51 50 37 26 22 20 15 13 10 7 5 4 4 4 3 3 3 3 3 3 3 
54 52 52 52 52 52 52 52 52 52 52 52 52 52 52 52 52 52 52 52 52 52 52 45 45 43 42 36 33 22 16 14 11 11 10 8 6 4 4 4 4 4 4 4 2 2 2 2 2 2 
55 52 50 50 50 50 50 50 50 50 50 50 50 50 50 50 50 50 50 50 50 50 50 50 50 50 50 25 22 15 11 11 5 5 5 1 1 1 1 1 1 1 1 1 1 0 0 0 0 0 
55 55 54 51 51 51 51 51 51 51 51 51 51 51 51 51 51 51 51 51 51 51 48 42 41 27 18 11 11 8 7 7 6 5 5 4 4 4 4 4 1 1 1 1 1 1 1 1 1 1 
57 54 54 54 52 52 52 52 52 52 52 52 52 52 52 52 52 52 52 52 52 52 52 52 52 52 52 52 45 29 11 10 10 4 4 2 2 2 2 2 2 2 2 2 2 2 2 2 2 2 
57 54 54 54 54 54 51 51 51 51 51 51 51 51 51 51 51 51 51 51 51 51 51 51 51 51 51 51 51 35 19 14 12 12 11 11 10 1 1 1 1 1 1 1 1 1 1 1 1 1 
57 51 51 51 51 51 51 51 51 51 51 51 51 51 51 51 51 51 51 51 51 51 51 51 51 50 49 43 15 12 11 11 11 10 9 9 8 8 3 3 3 3 3 3 3 3 3 3 1 1 
53 53 53 53 53 53 53 53 50 50 50 50 50 50 50 50 50 50 50 50 50 50 50 50 50 50 42 28 18 10 5 3 3 0 0 0 0 0 0 0 0 0 0 0 0 0 0 0 0 0 
53 53 53 53 53 53 53 52 52 50 50 50 50 50 50 50 50 50 50 50 50 50 44 33 27 16 6 4 4 4 4 3 3 3 1 1 1 1 1 1 1 1 1 1 1 1 1 1 0 0 
55 54 54 53 53 53 53 53 53 53 53 53 53 53 53 53 52 46 28 18 13 7 6 6 5 4 3 3 3 3 3 3 3 3 3 3 3 3 3 3 3 3 3 3 3 3 3 3 0 0 
64 64 64 63 63 63 63 63 63 63 63 63 63 63 63 63 63 54 53 52 52 52 52 52 36 35 34 27 15 14 14 13 8 3 3 3 3 3 3 3 3 3 3 3 2 2 2 2 2 2 
57 56 56 56 56 56 56 55 55 55 55 55 55 55 55 55 55 55 54 51 51 49 33 27 9 6 6 6 5 5 5 5 5 5 5 1 1 1 1 1 1 1 1 1 1 1 1 1 1 1 
54 54 54 53 53 53 53 53 53 53 53 53 53 53 53 52 51 51 51 51 51 50 48 46 40 13 12 12 5 5 5 5 4 4 4 4 4 4 3 3 3 3 1 1 1 1 1 1 1 1 
57 57 57 56 56 56 56 56 56 56 56 56 56 56 55 55 54 51 51 51 51 51 51 51 51 49 49 48 44 31 19 9 9 9 8 7 6 6 6 6 6 6 6 6 5 1 1 1 1 1 
60 60 60 57 57 57 57 57 57 57 56 56 56 56 56 55 55 55 54 54 54 52 52 51 51 51 51 51 51 51 51 51 50 46 8 8 8 7 7 7 6 6 6 6 5 5 5 5 1 1 
60 59 58 58 58 58 56 56 56 56 56 56 56 56 55 55 52 52 50 50 50 50 50 50 50 50 50 50 50 49 49 49 8 8 8 8 8 8 8 8 8 7 7 6 6 6 2 2 0 0 
62 60 60 60 60 60 60 58 56 56 56 56 55 55 55 55 53 53 53 53 53 53 53 53 53 50 31 13 10 10 10 8 8 7 5 5 5 5 5 5 5 5 3 3 3 3 3 3 3 3 
58 56 56 56 56 56 56 56 55 55 55 50 50 50 50 50 50 50 50 50 49 28 16 15 8 8 8 7 7 7 7 7 7 7 7 6 5 5 2 2 2 2 2 2 0 0 0 0 0 0 
62 61 61 60 60 60 59 59 59 59 57 56 55 51 51 51 51 51 50 50 36 12 11 11 10 9 9 9 8 8 6 6 5 5 5 5 2 2 2 2 1 1 1 1 1 1 1 1 1 1 
64 61 60 60 60 60 60 60 60 59 59 59 59 56 55 55 55 55 50 50 50 50 50 50 50 50 48 20 14 12 12 11 11 10 10 9 9 8 6 6 5 5 5 5 5 1 1 1 0 0 
64 61 61 61 61 61 60 60 60 60 60 60 60 60 50 50 50 50 50 50 50 50 50 49 48 45 43 15 14 10 10 10 10 6 6 6 6 5 2 1 1 1 1 1 1 1 1 1 1 0 
62 58 58 58 57 57 57 57 57 56 56 55 55 55 53 51 51 51 51 51 51 51 51 50 50 50 50 47 46 45 7 6 6 6 2 1 1 1 1 1 1 1 1 1 1 1 1 1 0 0 
68 63 63 63 62 62 62 62 62 61 60 60 60 60 59 59 59 59 55 51 51 51 51 51 50 50 48 47 17 16 15 15 15 14 13 12 12 11 9 3 3 3 3 3 3 3 2 1 1 1 
70 62 58 58 58 58 58 58 57 57 57 56 56 56 56 56 56 54 53 52 51 51 51 50 50 46 37 36 34 17 15 10 10 10 8 7 7 7 5 5 5 5 5 2 2 2 2 2 2 1 
90 80 72 67 67 65 65 65 65 65 65 64 64 64 64 64 63 62 60 52 52 52 52 50 48 24 21 20 20 20 16 16 16 16 16 16 15 15 14 14 11 11 3 3 3 3 3 3 3 1 
78 74 69 66 66 65 65 65 64 64 64 64 64 64 62 61 61 60 58 57 57 57 52 52 52 50 50 50 50 50 38 30 25 19 19 16 16 15 15 15 11 11 8 2 2 2 2 2 2 2 
85 80 74 63 61 61 61 61 60 59 59 58 58 57 56 56 55 53 50 50 50 50 50 50 50 46 45 45 43 43 37 34 33 33 32 32 24 16 15 10 9 8 7 6 3 3 0 0 0 0 
87 85 75 59 58 58 58 58 57 57 57 57 57 56 54 54 54 54 54 52 51 51 51 51 51 51 50 50 48 46 46 43 37 28 24 19 19 18 15 15 14 12 11 7 6 6 4 3 2 1 
80 79 66 60 57 57 57 56 56 56 56 55 55 55 55 54 54 54 54 53 53 53 53 51 50 50 50 50 50 50 49 48 36 24 17 16 12 9 5 5 4 4 3 3 3 3 0 0 0 0 
92 87 72 62 62 61 60 59 59 59 59 59 58 58 58 58 58 58 58 57 54 54 54 54 52 52 51 51 51 51 51 51 51 50 49 49 25 23 20 17 11 10 8 6 6 5 1 1 1 1 
89 87 69 65 64 61 61 60 60 60 59 59 59 57 57 57 57 56 55 51 51 51 51 51 51 50 50 49 48 48 48 47 42 41 40 37 30 29 28 26 22 14 12 9 3 3 2 2 1 1 
84 80 77 63 63 58 58 58 58 58 58 57 56 56 55 55 55 55 54 54 53 53 51 51 51 51 51 51 48 31 23 23 16 15 12 12 11 10 9 9 8 8 7 7 6 5 4 4 4 4 
87 85 81 71 59 58 58 57 56 55 54 54 54 54 54 53 53 51 51 51 51 50 48 47 36 35 33 32 31 26 23 22 20 17 17 15 13 12 11 11 10 9 9 9 8 8 5 5 3 1 
88 85 80 70 64 63 63 61 61 61 61 60 59 58 56 55 55 52 51 51 51 51 51 51 51 51 50 50 50 50 49 43 43 37 26 22 20 20 17 13 13 13 12 11 11 9 4 4 4 4 
82 81 80 76 64 62 62 61 60 60 59 58 51 51 51 50 50 50 50 48 48 45 45 44 38 38 30 26 25 24 17 11 10 9 9 8 8 6 4 1 1 1 1 1 1 1 1 1 0 0 
87 84 80 74 70 68 67 64 62 62 61 61 61 57 56 52 52 50 50 50 50 50 49 48 47 43 43 42 34 32 28 24 20 18 14 13 9 8 8 8 8 3 2 2 2 2 2 2 2 2 
85 85 82 80 79 78 71 69 69 69 69 67 66 65 62 61 58 57 56 55 52 52 52 50 50 50 49 47 40 40 34 33 30 28 28 28 28 19 17 14 11 10 10 6 5 4 2 2 2 0 
90 86 84 84 82 81 77 76 75 74 66 64 64 63 60 58 57 57 56 56 56 56 54 54 52 52 51 49 49 38 33 30 28 26 25 23 21 20 17 16 15 12 8 6 3 3 3 3 2 1 
88 88 87 82 82 78 77 77 76 75 74 72 72 71 70 61 60 59 59 53 51 51 51 50 44 43 43 37 31 26 26 22 19 18 14 13 11 11 10 9 9 8 6 3 3 3 3 3 3 2 
94 89 89 88 83 79 77 77 77 75 75 74 74 74 73 70 68 64 59 58 58 57 57 55 54 53 50 50 50 50 50 50 46 45 40 39 38 38 31 29 15 14 9 9 8 1 1 1 1 1 
93 89 87 87 87 86 84 81 81 80 78 77 76 75 74 63 60 59 59 57 57 57 51 51 51 50 49 49 48 45 44 44 44 37 36 28 25 19 18 17 16 11 7 6 5 4 1 1 1 0 
93 87 86 86 85 83 82 82 82 82 81 77 76 74 73 65 65 59 58 57 53 52 50 50 50 50 47 47 43 42 42 36 27 26 18 17 13 12 11 9 8 7 1 1 1 1 1 1 1 1 
92 92 91 91 88 88 88 88 86 86 86 83 80 78 78 78 63 62 60 59 59 58 52 52 52 52 52 52 52 51 50 49 44 42 39 36 34 30 27 25 19 12 10 3 3 3 3 3 3 3 
