% Invoked: ./gella -d -r 3 -l biased_r3/run07 >& biased_r3/run07.log
% Ministry of Cellular Automata
% Project Deux (CS523 Spring 2015)
% Version:v0.1-70-g0624-dirty
%  pop:50
%  ic count:100
%  CA Log option:biased_r3/run07
%  width:121
%  max workers:4
%  radius:3
%  iterations:300
%  use bias:true
%  generations:50

 generation 0.1.1.34.0.50.50.0.1.50.4.0.50.1.0.1.0.0.50.0.1.1.0.0.1.7.50.1.0.1.0.1.1.50.50.50.1.50.0.1.1.50.0.1.1.0.0.1.1.1.50.xover.mutate.done 50
 generation 1.50.50.50.50.50.50.50.50.51.50.0.50.50.1.1.1.1.50.1.10.1.50.50.50.1.50.5.50.50.0.50.1.0.1.50.50.1.0.1.1.1.1.50.50.1.50.50.1.1.55.xover.mutate.done 50
 generation 2.57.50.50.50.50.50.50.50.50.50.50.50.0.50.1.18.1.1.50.1.0.50.51.8.8.51.0.0.9.1.50.50.0.50.1.10.50.21.51.9.50.50.14.1.51.5.50.0.1.6.xover.mutate.done 50
 generation 3.53.52.52.52.52.50.50.50.50.50.52.0.50.0.50.0.2.52.50.0.0.45.0.2.52.2.0.50.2.52.50.52.2.52.4.0.2.50.2.50.2.50.52.0.21.2.0.50.10.50.xover.mutate.done 50
 generation 4.57.50.50.50.50.50.50.50.50.50.51.50.20.19.1.1.50.20.50.50.50.50.16.10.1.50.50.50.50.50.50.50.1.0.50.1.50.1.1.50.50.0.46.50.15.51.1.1.1.24.xover.mutate.done 50
 generation 5.61.50.50.52.52.52.52.52.52.52.8.23.46.2.16.18.52.2.2.52.0.15.2.52.2.2.0.2.52.13.52.52.30.50.52.52.27.24.52.13.50.52.0.52.18.27.52.2.2.2.xover.mutate.done 50
 generation 6.55.50.50.50.50.50.50.50.50.50.0.29.0.50.50.0.50.50.0.0.0.50.33.50.38.50.5.0.50.50.50.47.0.50.49.50.12.50.50.17.50.9.50.43.50.50.5.17.36.0.xover.mutate.done 50
 generation 7.55.51.51.51.51.51.51.51.51.51.51.51.2.51.1.51.51.51.1.50.9.51.2.2.51.51.27.12.51.51.1.51.44.50.51.51.2.2.51.1.2.51.1.51.2.2.2.51.51.43.xover.mutate.done 50
 generation 8.52.50.50.50.50.50.50.50.50.50.51.35.0.8.1.1.1.10.50.1.50.2.1.13.52.51.1.50.50.0.50.10.50.50.50.50.51.50.19.50.1.50.3.50.50.19.50.12.48.50.xover.mutate.done 50
 generation 9.56.56.53.53.53.50.50.50.50.50.50.4.24.0.41.3.15.3.50.3.50.50.6.3.50.20.53.47.49.22.50.53.17.30.50.50.50.50.3.50.3.7.3.41.32.23.50.50.50.50.xover.mutate.done 50
 generation 10.59.59.53.53.53.53.53.52.52.52.5.5.5.16.44.5.52.5.5.21.55.52.52.5.52.52.52.52.35.5.52.5.5.36.3.5.52.5.52.53.5.53.53.20.52.14.52.52.38.52.xover.mutate.done 50
 generation 11.56.56.52.50.50.50.50.50.50.50.1.46.1.1.34.50.44.1.1.6.1.50.47.50.1.50.51.50.11.50.28.1.51.3.50.51.1.20.51.1.50.1.16.43.0.1.51.1.1.50.xover.mutate.done 50
 generation 12.55.55.49.51.51.51.51.51.51.51.9.2.27.50.46.51.1.25.51.5.2.50.2.51.2.51.51.2.7.2.1.2.2.51.39.51.2.2.50.3.2.2.47.2.51.51.2.5.2.2.xover.mutate.done 50
 generation 13.57.57.52.52.52.52.52.50.50.50.52.2.6.40.2.23.2.28.2.55.15.2.3.11.50.52.49.2.50.2.0.50.50.2.2.8.2.15.9.50.50.50.52.2.8.50.2.50.17.50.xover.mutate.done 50
 generation 14.56.56.57.50.50.50.50.50.50.50.53.3.53.11.3.53.10.3.47.18.3.3.53.3.27.0.0.3.10.3.6.15.3.53.3.56.0.3.3.11.61.53.47.3.66.11.50.3.53.0.xover.mutate.done 50
 generation 15.61.58.53.58.58.58.50.50.47.50.17.56.50.2.0.50.3.5.50.0.0.50.0.21.0.0.2.53.0.0.47.0.47.31.50.3.0.0.0.5.9.56.0.0.34.6.50.0.11.50.xover.mutate.done 50
 generation 16.61.57.54.54.54.51.52.52.51.50.30.1.4.51.1.5.37.1.1.51.5.54.1.54.4.52.1.36.1.46.51.1.5.1.48.54.56.1.1.46.48.46.50.50.54.1.51.56.50.1.xover.mutate.done 50
 generation 17.66.60.59.53.58.58.58.58.58.58.6.18.0.2.56.52.49.0.51.53.56.20.0.46.52.59.7.57.46.52.56.2.56.2.54.41.55.60.46.52.7.56.45.2.8.8.8.13.52.8.xover.mutate.done 50
 generation 18.65.57.55.56.55.53.53.53.53.53.2.50.9.2.47.2.47.2.2.0.54.51.9.3.13.53.48.50.51.46.86.2.51.17.10.50.51.47.53.5.51.54.50.23.20.2.51.51.16.53.xover.mutate.done 50
 generation 19.86.64.60.55.55.57.60.56.54.54.51.50.51.51.41.51.51.45.51.41.48.54.3.51.51.48.53.12.1.1.49.42.51.14.3.9.12.69.51.4.51.53.3.53.53.84.51.48.1.1.xover.mutate.done 50
 generation 20.85.81.67.66.59.60.57.63.58.58.0.0.34.44.49.50.0.0.0.49.50.48.0.40.4.60.0.50.23.18.6.50.42.61.15.50.18.50.11.57.16.50.7.0.50.54.55.0.12.32.xover.mutate.done 50
 generation 21.82.82.66.64.57.58.59.60.59.59.51.20.8.3.51.17.51.39.40.51.51.3.51.55.39.48.3.51.51.49.51.41.46.60.25.10.3.3.3.50.11.3.55.55.3.51.50.51.49.51.xover.mutate.done 50
 generation 22.74.83.69.65.61.64.55.61.60.62.51.2.16.51.51.51.51.2.22.51.6.7.2.11.51.50.7.2.1.51.18.18.1.51.51.51.47.48.33.51.31.51.55.33.59.16.51.51.59.51.xover.mutate.done 50
 generation 23.90.87.68.66.62.63.63.62.64.61.59.44.52.52.76.53.64.52.11.55.52.60.19.52.19.59.30.60.52.43.52.50.52.51.58.52.24.52.76.71.45.2.58.2.51.52.58.2.52.50.xover.mutate.done 50
 generation 24.78.74.77.76.60.66.60.57.58.57.59.55.50.50.55.60.57.55.50.50.1.0.41.6.59.0.57.50.50.57.68.34.2.6.50.29.1.56.51.51.34.41.14.1.49.8.53.6.1.49.xover.mutate.done 50
 generation 25.81.68.65.82.54.61.61.60.58.57.50.50.6.44.2.6.2.16.2.11.4.4.69.51.10.2.4.51.51.27.47.57.26.22.51.55.20.53.6.4.53.51.4.55.24.24.22.14.15.5.xover.mutate.done 50
 generation 26.83.88.64.82.76.67.62.60.57.59.53.5.59.9.1.53.26.50.19.23.1.51.48.11.5.44.4.30.50.86.5.1.40.1.60.55.48.42.1.8.1.32.24.1.1.1.50.49.50.1.xover.mutate.done 50
 generation 27.83.86.76.72.66.62.78.64.66.65.16.5.9.19.23.14.27.52.48.53.9.58.5.10.5.19.49.50.26.53.52.53.23.5.24.12.10.53.56.9.33.20.50.11.50.5.21.5.9.58.xover.mutate.done 50
 generation 28.86.81.69.73.68.71.60.59.60.70.1.1.10.0.44.0.51.10.1.18.14.26.32.14.47.36.50.9.14.51.58.34.46.0.32.68.17.43.52.20.38.0.87.60.0.0.50.0.0.0.xover.mutate.done 50
 generation 29.84.89.81.85.69.65.73.76.72.70.16.51.2.69.3.29.26.68.3.51.3.36.73.3.24.51.45.2.76.64.71.55.13.49.54.3.16.74.37.3.21.51.3.62.2.13.53.51.46.48.xover.mutate.done 50
 generation 30.91.85.81.92.76.86.65.70.71.69.52.52.29.52.91.52.49.4.16.56.56.14.52.4.9.4.4.8.52.4.50.48.93.30.11.16.31.52.52.52.56.64.20.48.9.10.59.28.52.89.xover.mutate.done 50
 generation 31.86.82.90.90.86.78.80.87.70.75.14.51.13.37.36.11.18.30.56.56.50.72.3.29.51.57.51.7.26.23.46.61.9.7.51.9.3.3.59.55.42.59.51.51.3.29.2.40.4.33.xover.mutate.done 50
 generation 32.88.88.95.91.86.79.82.86.82.79.2.51.56.1.12.50.2.51.43.54.51.15.6.2.54.30.11.56.51.14.37.51.50.9.28.2.36.54.1.2.55.5.2.6.51.1.25.45.2.2.xover.mutate.done 50
 generation 33.85.90.86.86.88.81.79.79.80.76.47.28.43.74.90.1.9.56.54.59.11.23.15.56.56.50.1.50.5.57.50.7.50.46.19.11.50.1.46.1.1.6.6.42.21.47.89.50.16.56.xover.mutate.done 50
 generation 34.87.84.88.87.86.86.90.81.83.79.54.3.50.9.73.50.51.35.36.28.2.10.34.15.47.32.17.51.1.1.64.74.30.12.20.2.51.33.40.15.2.26.11.52.3.50.1.1.11.4.xover.mutate.done 50
 generation 35.78.84.84.83.86.86.81.78.75.76.10.6.44.37.35.7.50.81.0.55.15.0.4.19.18.2.6.3.0.0.56.39.4.5.50.0.50.19.6.83.43.11.32.3.22.3.0.4.12.0.xover.mutate.done 50
 generation 36.87.87.88.95.92.93.85.85.87.81.58.82.55.15.0.48.50.12.18.50.31.51.55.93.4.12.57.62.50.1.50.6.12.1.4.1.0.31.5.1.32.50.50.8.4.42.5.54.55.17.xover.mutate.done 50
 generation 37.81.83.83.83.89.87.87.80.88.82.80.1.89.84.33.15.80.60.9.70.55.1.6.1.1.6.52.54.44.54.46.22.47.66.22.1.81.91.51.89.51.51.51.1.56.53.61.58.41.80.xover.mutate.done 50
 generation 38.90.90.93.93.90.90.90.90.87.87.26.75.7.0.10.1.50.13.15.50.4.55.54.4.11.30.20.50.1.31.91.4.1.59.50.11.10.87.3.50.1.71.58.16.50.48.50.53.50.8.xover.mutate.done 50
 generation 39.93.93.90.88.88.89.90.90.90.92.51.3.2.3.65.51.28.17.9.55.46.9.56.17.51.32.11.51.3.87.50.30.64.11.51.50.10.4.51.93.10.51.91.34.50.2.39.51.44.53.xover.mutate.done 50
 generation 40.93.93.95.85.93.81.90.90.84.87.2.2.74.52.69.2.23.52.50.52.49.22.7.2.34.21.19.32.7.96.43.2.50.2.21.52.18.2.38.79.52.2.85.2.9.52.6.21.36.2.xover.mutate.done 50
 generation 41.94.93.94.94.90.93.93.88.90.90.33.50.16.17.58.52.39.14.44.59.11.31.31.35.2.44.7.15.5.18.22.2.94.13.47.45.2.2.50.2.14.2.11.50.2.2.4.50.9.40.xover.mutate.done 50
 generation 42.93.93.93.93.93.90.90.90.88.88.51.50.51.45.1.65.1.59.67.51.64.50.51.51.1.4.37.1.0.68.24.64.47.41.0.6.64.51.87.44.67.51.51.16.43.22.48.37.50.49.xover.mutate.done 50
 generation 43.93.94.94.93.94.83.83.93.88.88.46.9.36.27.40.50.1.26.13.1.1.32.50.50.50.50.10.1.1.1.47.55.50.12.18.45.47.1.56.17.1.5.3.44.46.47.21.35.50.50.xover.mutate.done 50
 generation 44.87.87.89.89.89.89.82.82.84.84.1.3.1.50.50.68.47.54.11.3.8.17.38.4.89.22.44.1.87.4.7.50.8.88.45.50.1.5.50.1.30.1.20.43.14.44.14.26.48.40.xover.mutate.done 50
 generation 45.95.94.94.93.94.91.92.92.86.85.50.29.42.50.46.14.48.24.61.46.87.1.61.91.43.31.57.63.50.49.0.0.0.49.44.61.50.26.0.92.41.50.32.64.0.69.0.12.27.50.xover.mutate.done 50
 generation 46.94.95.95.95.93.95.95.89.91.91.10.3.3.74.46.68.58.77.17.43.53.19.53.62.36.0.48.3.53.53.74.68.89.48.3.52.59.79.46.24.43.9.10.44.56.21.48.59.3.80.xover.mutate.done 50
 generation 47.95.95.95.89.89.93.95.89.89.90.49.52.18.13.35.2.48.8.7.69.2.39.44.52.52.7.46.52.44.15.73.47.41.50.14.14.71.2.40.35.68.37.27.2.64.52.57.3.52.62.xover.mutate.done 50
 generation 48.93.93.93.92.90.90.92.92.90.90.44.26.10.52.60.38.50.49.2.6.2.0.85.60.2.15.42.50.45.45.2.24.2.50.15.8.50.48.20.31.2.2.50.7.56.44.49.72.2.45.xover.mutate.done 50
 generation 49.91.91.91.88.87.87.92.84.87.87.41.4.51.1.55.1.51.6.1.61.51.8.73.46.45.51.1.1.51.51.1.30.8.1.1.51.1.1.0.49.19.48.61.2.50.8.14.57.7.57.xover.mutate.done 50
 32444663 iters     722063 iter/sec (44.93 s)
 total time: 44.93
