50 50 50 50 50 50 50 50 50 50 50 50 34 7 4 1 1 1 1 1 1 1 1 1 1 1 1 1 1 1 1 1 1 1 1 0 0 0 0 0 0 0 0 0 0 0 0 0 0 0 
55 51 50 50 50 50 50 50 50 50 50 50 50 50 50 50 50 50 50 50 50 50 50 50 50 50 50 10 5 1 1 1 1 1 1 1 1 1 1 1 1 1 1 1 1 1 0 0 0 0 
57 51 51 51 51 50 50 50 50 50 50 50 50 50 50 50 50 50 50 50 50 50 50 50 50 50 21 18 14 10 9 9 8 8 6 5 1 1 1 1 1 1 1 1 0 0 0 0 0 0 
53 52 52 52 52 52 52 52 52 52 52 52 50 50 50 50 50 50 50 50 50 50 50 50 50 50 50 45 21 10 4 2 2 2 2 2 2 2 2 2 0 0 0 0 0 0 0 0 0 0 
57 51 51 50 50 50 50 50 50 50 50 50 50 50 50 50 50 50 50 50 50 50 50 50 50 50 50 50 50 50 46 24 20 20 19 16 15 10 1 1 1 1 1 1 1 1 1 1 0 0 
61 52 52 52 52 52 52 52 52 52 52 52 52 52 52 52 52 52 52 52 50 50 50 50 46 30 27 27 24 23 18 18 16 15 13 13 8 2 2 2 2 2 2 2 2 2 2 0 0 0 
55 50 50 50 50 50 50 50 50 50 50 50 50 50 50 50 50 50 50 50 50 50 50 50 50 50 50 50 49 47 43 38 36 33 29 17 17 12 9 5 5 0 0 0 0 0 0 0 0 0 
55 51 51 51 51 51 51 51 51 51 51 51 51 51 51 51 51 51 51 51 51 51 51 51 51 51 51 51 51 50 50 44 43 27 12 9 2 2 2 2 2 2 2 2 2 1 1 1 1 1 
52 52 51 51 51 50 50 50 50 50 50 50 50 50 50 50 50 50 50 50 50 50 50 50 50 50 50 50 50 50 48 35 19 19 13 12 10 10 8 3 2 1 1 1 1 1 1 1 0 0 
56 56 53 53 53 53 53 50 50 50 50 50 50 50 50 50 50 50 50 50 50 50 50 50 50 50 50 49 47 41 41 32 30 24 23 22 20 17 15 7 6 4 3 3 3 3 3 3 3 0 
59 59 55 53 53 53 53 53 53 53 53 52 52 52 52 52 52 52 52 52 52 52 52 52 52 52 52 52 44 38 36 35 21 20 16 14 5 5 5 5 5 5 5 5 5 5 5 5 5 3 
56 56 52 51 51 51 51 51 50 50 50 50 50 50 50 50 50 50 50 50 50 50 50 50 47 46 44 43 34 28 20 16 11 6 3 1 1 1 1 1 1 1 1 1 1 1 1 1 1 0 
55 55 51 51 51 51 51 51 51 51 51 51 51 51 51 51 51 51 50 50 50 49 47 46 39 27 25 9 7 5 5 3 2 2 2 2 2 2 2 2 2 2 2 2 2 2 2 2 1 1 
57 57 55 52 52 52 52 52 52 52 52 50 50 50 50 50 50 50 50 50 50 50 50 50 49 40 28 23 17 15 15 11 9 8 8 6 3 2 2 2 2 2 2 2 2 2 2 2 2 0 
66 61 57 56 56 56 53 53 53 53 53 53 53 50 50 50 50 50 50 50 50 47 47 27 18 15 11 11 11 10 10 6 3 3 3 3 3 3 3 3 3 3 3 3 3 3 0 0 0 0 
61 58 58 58 58 56 56 53 53 50 50 50 50 50 50 50 50 50 50 47 47 47 34 31 21 17 11 9 6 5 5 3 3 2 2 0 0 0 0 0 0 0 0 0 0 0 0 0 0 0 
61 57 56 56 54 54 54 54 54 54 54 52 52 52 51 51 51 51 51 51 50 50 50 50 48 48 46 46 46 37 36 30 5 5 5 4 4 1 1 1 1 1 1 1 1 1 1 1 1 1 
66 60 60 59 59 58 58 58 58 58 58 57 56 56 56 56 56 55 54 53 53 52 52 52 52 52 51 49 46 46 46 45 41 20 18 13 8 8 8 8 7 7 6 2 2 2 2 0 0 0 
86 65 57 56 55 55 54 54 53 53 53 53 53 53 53 53 51 51 51 51 51 51 51 50 50 50 50 48 47 47 47 46 23 20 17 16 13 10 9 9 5 3 2 2 2 2 2 2 2 0 
86 84 69 64 60 60 57 56 55 55 54 54 54 53 53 53 53 51 51 51 51 51 51 51 51 51 51 51 51 50 49 48 48 48 45 42 41 41 14 12 12 9 4 3 3 3 1 1 1 1 
85 81 67 66 63 61 60 60 59 58 58 57 57 55 54 50 50 50 50 50 50 50 50 49 49 48 44 42 40 34 32 23 18 18 16 15 12 11 7 6 4 0 0 0 0 0 0 0 0 0 
82 82 66 64 60 60 59 59 59 58 57 55 55 55 51 51 51 51 51 51 51 51 51 51 51 51 50 50 49 49 48 46 41 40 39 39 25 20 17 11 10 8 3 3 3 3 3 3 3 3 
83 74 69 65 64 62 61 61 60 59 59 55 55 51 51 51 51 51 51 51 51 51 51 51 51 51 51 51 51 50 48 47 33 33 31 22 18 18 16 16 11 7 7 6 2 2 2 2 1 1 
90 87 76 76 71 68 66 64 64 63 63 62 62 61 60 60 59 59 58 58 58 55 53 52 52 52 52 52 52 52 52 52 52 52 52 51 51 50 50 45 44 43 30 24 19 19 11 2 2 2 
78 77 76 74 68 66 60 60 60 59 59 58 57 57 57 57 57 56 55 55 55 53 51 51 50 50 50 50 50 50 50 49 49 41 41 34 34 29 14 8 6 6 6 2 1 1 1 1 0 0 
82 81 69 68 65 61 61 60 58 57 57 55 55 54 53 53 51 51 51 51 51 50 50 47 44 27 26 24 24 22 22 20 16 15 14 11 10 6 6 6 5 4 4 4 4 4 2 2 2 2 
88 86 83 82 76 67 64 62 60 60 59 59 57 55 53 53 51 50 50 50 50 49 48 48 44 42 40 32 30 26 24 23 19 11 9 8 5 5 5 4 1 1 1 1 1 1 1 1 1 1 
86 83 78 76 72 66 66 65 64 62 58 58 56 53 53 53 53 52 52 50 50 50 49 48 33 27 26 24 23 23 21 20 19 19 16 14 12 11 10 10 9 9 9 9 5 5 5 5 5 5 
87 86 81 73 71 70 69 68 68 60 60 60 59 58 52 51 51 50 50 47 46 44 43 38 36 34 32 32 26 20 18 17 14 14 14 10 10 9 1 1 1 0 0 0 0 0 0 0 0 0 
89 85 84 81 76 76 74 73 73 72 71 70 69 69 68 65 64 62 55 54 53 51 51 51 51 51 49 48 46 45 37 36 29 26 24 21 16 16 13 13 3 3 3 3 3 3 3 2 2 2 
93 92 91 91 89 86 85 81 76 71 70 69 65 64 59 56 56 56 52 52 52 52 52 52 52 52 52 52 50 49 48 48 31 30 29 28 20 16 16 14 11 10 9 9 8 4 4 4 4 4 
90 90 87 86 86 82 80 78 75 72 70 61 59 59 57 56 56 55 51 51 51 51 51 51 50 46 42 40 37 36 33 30 29 29 26 23 18 14 13 11 9 9 7 7 4 3 3 3 3 2 
95 91 88 88 86 86 82 82 79 79 56 56 55 54 54 54 51 51 51 51 51 51 50 50 45 43 37 36 30 28 25 15 14 12 11 9 6 6 5 2 2 2 2 2 2 2 2 1 1 1 
90 90 89 88 86 86 85 81 80 79 79 76 74 59 57 56 56 56 56 54 50 50 50 50 50 50 47 47 46 46 43 42 28 23 21 19 16 15 11 11 9 7 6 6 5 1 1 1 1 1 
90 88 87 87 86 86 84 83 81 79 74 73 64 54 52 51 51 51 50 50 50 47 40 36 35 34 33 32 30 28 26 20 17 15 15 12 11 11 10 9 4 3 3 2 2 2 1 1 1 1 
86 86 84 84 83 83 81 81 78 78 76 75 56 55 50 50 50 44 43 39 37 35 32 22 19 19 18 15 12 11 10 7 6 6 6 5 4 4 4 3 3 3 2 0 0 0 0 0 0 0 
95 93 93 92 88 87 87 87 85 85 82 81 62 58 57 55 55 55 54 51 50 50 50 50 50 50 48 42 32 31 31 18 17 15 12 12 12 8 6 5 5 4 4 4 1 1 1 1 0 0 
91 89 89 89 88 87 87 84 83 83 83 82 81 81 80 80 80 80 70 66 61 60 58 56 55 54 54 53 52 51 51 51 51 47 46 44 41 33 22 22 15 9 6 6 1 1 1 1 1 1 
93 93 91 90 90 90 90 90 90 87 87 87 75 71 59 58 55 54 53 50 50 50 50 50 50 50 50 48 31 30 26 20 16 15 13 11 11 10 10 8 7 4 4 4 3 1 1 1 1 0 
93 93 93 92 91 90 90 90 90 89 88 88 87 65 64 56 55 53 51 51 51 51 51 51 51 51 50 50 50 46 44 39 34 32 30 28 17 17 11 11 10 10 9 9 4 3 3 3 2 2 
96 95 93 93 93 90 90 87 85 85 84 81 79 74 69 52 52 52 52 52 52 50 50 49 43 38 36 34 32 23 22 21 21 21 19 18 9 7 7 6 2 2 2 2 2 2 2 2 2 2 
94 94 94 94 93 93 93 90 90 90 88 59 58 52 50 50 50 50 47 45 44 44 40 39 35 33 31 31 22 18 17 16 15 14 14 13 11 11 9 7 5 4 2 2 2 2 2 2 2 2 
93 93 93 93 93 90 90 90 88 88 87 68 67 67 65 64 64 64 59 51 51 51 51 51 51 51 51 50 50 50 49 48 47 45 44 43 41 37 37 24 22 16 6 4 1 1 1 1 0 0 
94 94 94 93 93 93 88 88 83 83 56 55 50 50 50 50 50 50 50 50 47 47 47 46 46 45 44 40 36 35 32 27 26 21 18 17 13 12 10 9 5 3 1 1 1 1 1 1 1 1 
89 89 89 89 89 88 87 87 87 84 84 82 82 68 54 50 50 50 50 50 48 47 45 44 44 43 40 38 30 26 22 20 17 14 14 11 8 8 7 5 4 4 3 3 1 1 1 1 1 1 
95 94 94 94 93 92 92 92 91 91 87 86 85 69 64 63 61 61 61 57 50 50 50 50 50 50 49 49 48 46 46 44 43 42 41 32 31 29 27 26 24 14 12 1 0 0 0 0 0 0 
95 95 95 95 95 94 93 91 91 89 89 80 79 77 74 74 68 68 62 59 59 58 56 53 53 53 53 52 48 48 48 46 46 44 43 43 36 24 21 19 17 10 10 9 3 3 3 3 3 0 
95 95 95 95 93 90 89 89 89 89 73 71 69 68 64 62 57 52 52 52 52 52 52 50 49 48 47 46 44 44 41 40 39 37 35 35 27 18 15 14 14 13 8 7 7 3 2 2 2 2 
93 93 93 92 92 92 90 90 90 90 85 72 60 60 56 52 50 50 50 50 50 49 49 48 45 45 45 44 44 42 38 31 26 24 20 15 15 10 8 7 6 2 2 2 2 2 2 2 2 0 
92 91 91 91 88 87 87 87 87 84 73 61 61 57 57 55 51 51 51 51 51 51 51 50 49 48 46 45 41 30 19 14 8 8 8 7 6 4 2 1 1 1 1 1 1 1 1 1 1 0 
