% Invoked: ./gella -d -r 3 -l biased_r3/run09 >& biased_r3/run09.log
% Ministry of Cellular Automata
% Project Deux (CS523 Spring 2015)
% Version:v0.1-70-g0624-dirty
%  pop:50
%  ic count:100
%  CA Log option:biased_r3/run09
%  width:121
%  max workers:4
%  radius:3
%  iterations:300
%  use bias:true
%  generations:50

 generation 0.1.1.50.50.1.50.1.1.0.1.8.0.50.50.50.0.1.1.0.1.0.1.1.0.1.0.50.0.1.1.50.1.1.50.1.0.0.1.1.8.50.50.1.0.1.0.1.51.1.1.xover.mutate.done 50
 generation 1.50.50.50.50.50.50.50.50.50.50.0.0.0.2.0.0.50.0.50.0.0.0.0.0.0.0.0.36.50.50.0.4.0.0.0.0.50.0.50.2.50.0.50.50.0.50.0.50.0.0.xover.mutate.done 50
 generation 2.53.50.50.50.50.50.50.50.50.50.8.3.50.53.13.53.53.53.3.50.5.23.9.0.3.50.50.50.53.50.53.3.0.31.53.3.3.13.3.3.0.3.3.50.3.3.51.53.0.53.xover.mutate.done 50
 generation 3.50.50.50.50.50.50.50.50.50.50.50.0.50.50.50.50.0.50.5.0.50.0.1.0.50.0.50.0.1.1.50.23.50.1.1.36.48.50.50.51.50.50.50.1.47.8.34.50.50.0.xover.mutate.done 50
 generation 4.51.50.50.50.50.50.50.50.50.50.0.50.1.50.50.26.50.50.1.50.1.50.50.50.50.1.50.50.1.27.41.38.1.50.8.1.37.49.19.50.50.50.1.18.1.50.50.45.47.50.xover.mutate.done 50
 generation 5.50.50.50.50.50.50.50.50.50.50.50.50.50.50.50.0.50.50.50.50.50.50.50.50.50.40.50.50.50.50.50.50.50.50.42.0.0.50.50.46.0.7.50.0.29.50.50.50.50.50.xover.mutate.done 50
 generation 6.51.50.50.50.50.50.50.50.50.50.50.50.50.50.50.50.50.1.1.39.50.20.1.50.50.50.50.21.50.50.50.1.50.50.50.50.50.0.50.50.50.50.50.50.50.50.50.1.50.50.xover.mutate.done 50
 generation 7.52.50.50.50.50.50.50.50.50.50.20.2.0.50.50.50.50.2.50.33.50.2.50.50.50.2.2.50.50.46.2.50.50.2.50.2.2.50.2.50.50.50.2.50.2.50.50.2.0.50.xover.mutate.done 50
 generation 8.52.50.50.50.50.50.50.50.50.50.50.2.2.50.50.2.50.50.50.42.50.2.2.2.50.50.50.50.50.37.2.2.50.50.50.50.50.2.2.0.2.2.2.50.2.50.50.50.2.50.xover.mutate.done 50
 generation 9.50.50.50.50.50.50.50.50.50.50.50.50.2.38.0.0.0.42.0.50.42.0.50.50.0.22.0.0.50.42.0.50.0.50.50.50.0.50.50.50.50.50.0.50.50.50.50.50.50.0.xover.mutate.done 50
 generation 10.50.51.51.51.51.51.51.51.51.51.51.51.1.0.15.21.51.51.0.51.50.1.0.50.1.50.51.50.51.1.1.1.1.28.1.51.2.1.1.0.50.1.51.51.50.50.9.25.1.50.xover.mutate.done 50
 generation 11.52.52.52.52.52.52.52.52.52.52.50.2.2.39.50.2.52.50.50.17.50.52.52.50.52.2.52.14.2.50.0.0.2.2.36.52.30.52.34.52.50.52.2.52.50.50.2.52.2.2.xover.mutate.done 50
 generation 12.50.50.50.50.50.50.50.50.50.50.50.50.0.50.2.0.50.2.50.50.50.50.50.50.50.29.2.50.50.2.50.2.19.11.50.50.50.50.2.50.2.4.2.13.50.50.50.14.0.50.xover.mutate.done 50
 generation 13.51.51.51.51.51.51.51.51.51.51.2.2.51.51.51.5.50.51.50.51.2.2.2.51.51.2.51.2.2.51.51.51.51.2.51.43.1.51.51.51.51.2.2.2.51.51.50.26.2.1.xover.mutate.done 50
 generation 14.52.52.52.52.52.52.52.52.52.52.4.52.50.52.52.4.52.52.52.52.52.2.2.4.52.52.17.2.4.52.52.4.52.4.52.52.52.52.52.50.52.4.31.4.52.52.4.2.50.2.xover.mutate.done 50
 generation 15.51.51.51.51.51.51.51.51.51.51.51.1.51.1.35.46.51.35.1.51.51.51.1.51.51.1.51.51.50.35.51.51.51.51.41.1.50.1.51.51.1.27.51.1.51.51.51.51.51.1.xover.mutate.done 50
 generation 16.53.53.53.53.53.53.53.53.53.53.39.35.50.53.5.2.53.53.53.53.53.3.5.53.53.3.52.53.53.53.53.53.14.37.3.50.53.5.3.53.45.53.53.5.53.53.5.5.2.53.xover.mutate.done 50
 generation 17.52.52.52.52.52.52.52.52.52.52.52.40.3.52.52.12.52.52.40.52.3.52.2.52.4.52.3.52.2.2.52.52.3.3.3.52.48.3.3.2.4.52.32.50.52.2.3.52.46.52.xover.mutate.done 50
 generation 18.50.50.50.50.50.50.50.50.50.50.0.50.50.50.0.50.50.0.0.50.23.0.50.50.0.0.50.50.50.50.50.0.50.50.0.0.0.50.50.50.50.50.50.50.50.50.50.50.50.50.xover.mutate.done 50
 generation 19.51.51.51.51.51.51.51.51.51.51.1.51.2.51.51.51.2.51.1.51.2.51.2.51.2.51.51.2.2.51.15.51.51.51.51.18.2.2.51.51.24.45.2.51.2.51.51.51.51.51.xover.mutate.done 50
 generation 20.51.51.51.51.51.51.51.51.51.51.46.51.2.50.45.51.51.51.51.50.26.2.51.51.51.51.51.51.51.12.51.51.51.51.2.2.10.51.25.51.51.51.51.51.50.51.2.51.1.51.xover.mutate.done 50
 generation 21.50.50.50.50.50.50.50.50.50.50.1.50.50.50.50.1.1.1.50.50.28.50.50.50.12.1.50.1.50.14.24.50.50.11.50.50.50.50.22.6.12.50.50.50.0.50.50.0.50.50.xover.mutate.done 50
 generation 22.50.50.50.50.50.50.50.50.50.50.50.50.50.50.50.50.9.8.50.50.50.50.1.50.50.50.50.50.41.32.1.50.50.50.50.13.50.1.1.1.1.50.21.1.50.50.1.50.1.50.xover.mutate.done 50
 generation 23.50.50.50.50.50.50.50.50.50.50.50.3.50.50.3.3.43.50.50.50.50.50.50.50.50.3.50.50.3.3.0.50.50.3.50.0.50.3.50.50.50.50.3.50.50.50.50.3.50.3.xover.mutate.done 50
 generation 24.51.51.51.51.51.51.51.51.51.51.51.50.51.51.51.51.51.1.51.51.50.0.16.51.51.51.1.24.51.51.51.50.1.51.51.1.51.50.1.51.51.51.51.50.51.51.51.14.50.47.xover.mutate.done 50
 generation 25.50.50.50.50.50.50.50.50.50.50.50.39.44.38.1.50.50.50.1.1.50.1.50.50.1.50.50.50.50.50.50.50.1.50.1.50.14.50.1.50.50.50.50.50.14.50.50.50.50.50.xover.mutate.done 50
 generation 26.52.52.52.52.52.52.52.52.52.52.2.2.52.2.52.50.52.52.2.2.50.52.52.2.2.3.52.2.0.0.2.52.0.52.2.50.30.2.52.50.2.2.52.50.0.52.52.2.50.2.xover.mutate.done 50
 generation 27.51.51.51.51.51.51.51.51.51.51.0.51.51.1.4.51.51.1.51.51.1.51.51.1.1.1.1.1.51.46.1.1.1.1.50.51.1.0.2.1.1.1.50.51.51.1.1.51.0.51.xover.mutate.done 50
 generation 28.52.52.52.52.52.52.52.52.52.52.52.52.52.52.52.52.52.2.52.18.52.21.52.3.52.3.52.50.52.2.52.52.52.3.52.3.52.52.3.52.2.52.50.2.52.3.52.52.3.3.xover.mutate.done 50
 generation 29.52.52.52.52.52.52.52.52.52.52.52.50.52.52.52.52.52.52.50.52.52.3.14.52.2.52.52.52.3.52.52.13.52.52.52.52.52.52.2.52.3.50.52.50.3.13.52.3.52.52.xover.mutate.done 50
 generation 30.51.51.51.51.51.51.51.51.51.51.1.51.50.51.51.51.51.51.51.1.1.51.1.51.51.51.51.1.51.33.12.51.1.1.51.50.0.6.51.51.50.1.25.51.1.51.51.22.51.1.xover.mutate.done 50
 generation 31.50.50.50.50.50.50.50.50.50.50.1.50.1.50.50.50.50.50.50.50.50.50.50.1.50.1.31.1.50.23.48.50.50.50.50.50.50.50.1.50.50.50.46.1.50.1.50.46.50.22.xover.mutate.done 50
 generation 32.50.50.50.50.50.50.50.50.50.50.50.50.50.50.1.50.50.50.0.1.50.50.50.50.1.50.50.17.50.50.50.50.50.50.40.50.50.50.50.50.1.50.50.1.1.1.50.50.1.50.xover.mutate.done 50
 generation 33.50.50.50.50.50.50.50.50.50.50.0.0.0.50.0.50.0.0.0.50.50.0.0.50.50.0.25.50.50.0.0.50.0.50.50.50.50.50.50.50.0.0.0.50.0.50.50.50.0.15.xover.mutate.done 50
 generation 34.50.50.50.50.50.50.50.50.50.50.1.50.50.1.1.50.50.50.50.50.50.50.50.1.50.50.50.1.50.0.1.1.1.50.50.50.50.50.0.50.50.50.50.1.50.50.1.6.0.50.xover.mutate.done 50
 generation 35.50.50.50.50.50.50.50.50.50.50.50.2.50.50.50.2.24.50.50.50.2.2.50.50.0.2.50.2.50.50.50.50.2.50.50.50.50.50.50.0.50.49.2.50.11.50.42.50.0.50.xover.mutate.done 50
 generation 36.52.52.52.52.52.52.52.52.52.52.52.2.3.22.52.52.3.8.12.8.52.3.52.2.52.52.52.11.3.3.3.52.3.1.52.52.14.3.50.52.52.52.3.50.52.52.52.50.2.3.xover.mutate.done 50
 generation 37.50.50.50.50.50.50.50.50.50.50.0.50.50.50.50.50.50.50.0.50.50.50.17.50.0.0.9.21.50.50.50.33.50.0.50.50.0.0.50.50.50.50.50.50.50.0.50.13.50.0.xover.mutate.done 50
 generation 38.50.50.50.50.50.50.50.50.50.50.50.50.50.11.50.9.21.50.50.50.50.50.50.50.50.50.8.50.50.0.50.50.50.1.50.50.50.50.50.50.50.1.50.50.1.1.50.50.50.41.xover.mutate.done 50
 generation 39.51.51.51.51.51.51.51.51.51.51.51.51.12.51.51.51.1.50.51.1.51.51.14.0.1.1.43.51.50.1.1.51.51.51.17.51.1.51.51.8.12.51.51.1.0.51.50.51.1.51.xover.mutate.done 50
 generation 40.50.50.50.50.50.50.50.50.50.50.50.50.44.19.1.50.1.50.49.1.50.50.50.50.1.50.50.50.50.50.21.9.50.1.1.50.50.50.7.50.50.1.1.50.1.50.1.50.50.50.xover.mutate.done 50
 generation 41.51.51.51.51.51.51.51.51.51.51.51.51.50.51.21.1.51.1.50.1.1.51.51.51.51.50.51.1.51.22.1.51.51.1.51.1.1.51.1.51.1.1.2.51.51.1.1.1.1.51.xover.mutate.done 50
 generation 42.51.51.51.51.51.51.51.51.51.51.2.51.2.1.2.2.51.51.51.50.1.51.50.1.51.51.2.51.51.1.51.51.2.51.16.51.22.51.51.51.2.6.51.51.51.2.28.2.51.51.xover.mutate.done 50
 generation 43.50.50.50.50.50.50.50.50.50.50.50.50.50.50.8.50.10.50.50.50.1.1.50.0.1.1.50.50.50.50.1.50.50.1.50.50.50.1.50.50.50.50.50.33.1.1.50.50.48.50.xover.mutate.done 50
 generation 44.50.50.50.50.50.50.50.50.50.50.50.44.44.50.1.50.50.50.0.50.50.50.0.50.50.50.50.0.50.50.1.50.1.0.1.1.1.50.50.50.1.1.1.50.1.1.50.50.1.0.xover.mutate.done 50
 generation 45.52.52.52.52.52.52.52.52.52.52.4.3.41.48.52.52.3.52.3.52.3.52.52.52.3.3.47.52.1.52.52.52.26.52.52.52.3.50.50.3.1.52.52.3.52.52.3.3.52.3.xover.mutate.done 50
 generation 46.51.51.51.51.51.51.51.51.51.51.43.51.51.4.51.51.4.50.41.6.51.51.51.51.51.51.51.51.51.44.51.42.51.51.1.51.4.1.51.43.4.51.51.51.51.51.43.51.50.50.xover.mutate.done 50
 generation 47.50.50.50.50.50.50.50.50.50.50.50.2.50.6.50.50.2.50.49.50.2.50.50.2.2.50.50.50.47.50.50.2.50.2.50.2.50.50.2.2.50.2.50.2.50.50.2.36.50.50.xover.mutate.done 50
 generation 48.53.53.53.53.53.53.53.53.53.53.53.53.24.53.53.3.3.53.13.3.53.53.50.53.53.53.53.50.53.50.3.3.53.0.53.3.53.53.53.53.53.3.50.3.53.53.53.3.53.53.xover.mutate.done 50
 generation 49.51.51.51.51.51.51.51.51.51.51.1.51.1.51.51.24.51.51.0.51.51.1.1.51.1.51.2.51.51.11.51.51.51.39.1.51.51.1.1.41.49.1.2.48.1.50.1.51.51.26.xover.mutate.done 50
 20302583 iters     693911 iter/sec (29.26 s)
 total time: 29.26
