% Invoked: ./gella -d -r 3 -l biased_r3/run04 >& biased_r3/run04.log
% Ministry of Cellular Automata
% Project Deux (CS523 Spring 2015)
% Version:v0.1-70-g0624-dirty
%  pop:50
%  ic count:100
%  CA Log option:biased_r3/run04
%  width:121
%  max workers:4
%  radius:3
%  iterations:300
%  use bias:true
%  generations:50

 generation 0.2.2.0.50.2.2.0.2.0.2.0.50.0.2.0.50.0.2.0.2.2.2.50.0.2.43.50.6.2.11.50.2.50.2.0.2.0.50.50.1.0.2.50.2.50.0.0.54.50.50.xover.mutate.done 50
 generation 1.60.50.50.50.50.50.50.50.50.50.50.51.50.1.1.51.47.51.51.2.2.1.1.37.47.1.2.1.83.50.1.1.51.1.50.2.2.50.7.1.1.6.50.6.51.1.1.1.51.50.xover.mutate.done 50
 generation 2.76.50.51.50.51.50.50.51.51.50.0.50.0.0.11.6.57.51.1.1.0.51.0.1.1.50.6.47.50.51.50.9.51.6.27.0.1.50.1.6.0.1.6.50.51.8.0.1.1.50.xover.mutate.done 50
 generation 3.77.56.50.50.50.50.50.50.50.50.51.0.46.50.1.1.50.1.7.20.21.50.52.51.25.1.13.23.1.1.50.50.50.1.50.51.50.1.50.1.51.50.50.46.1.2.51.50.0.35.xover.mutate.done 50
 generation 4.81.61.58.52.52.52.52.52.51.51.50.4.43.3.51.52.9.51.50.51.2.63.51.2.2.50.50.3.3.3.2.3.2.52.52.2.1.3.51.1.3.3.14.9.2.50.3.29.3.3.xover.mutate.done 50
 generation 5.86.65.56.53.52.52.52.52.52.52.31.1.52.52.3.52.1.1.51.3.50.2.2.2.5.2.3.2.3.52.2.39.52.2.1.33.44.2.3.9.3.3.52.50.50.1.51.50.3.1.xover.mutate.done 50
 generation 6.86.63.61.60.50.50.50.50.50.50.50.1.50.0.1.1.0.50.25.1.1.50.51.1.0.13.50.1.39.0.1.50.0.1.50.0.21.50.1.54.1.1.1.25.50.0.50.23.50.5.xover.mutate.done 50
 generation 7.85.74.59.60.49.51.51.51.51.51.1.50.51.1.1.5.1.1.50.2.2.50.1.7.15.1.2.2.51.50.1.1.1.51.51.1.23.5.1.51.1.3.50.25.2.13.1.2.50.1.xover.mutate.done 50
 generation 8.78.65.54.62.50.50.50.50.50.50.0.0.0.50.50.50.50.0.5.7.28.0.0.50.3.50.7.0.0.3.50.50.3.0.0.0.3.0.0.0.0.5.17.50.0.0.0.0.50.0.xover.mutate.done 50
 generation 9.82.69.61.63.51.51.51.51.51.51.2.2.50.1.1.5.1.7.50.1.2.1.2.11.50.24.51.1.50.2.34.51.51.11.50.6.1.22.1.2.5.1.1.50.51.51.50.1.50.49.xover.mutate.done 50
 generation 10.88.66.60.59.50.50.50.50.50.50.49.50.50.50.0.0.0.50.1.0.0.2.50.0.0.0.0.0.0.50.0.50.0.7.35.50.50.0.0.50.50.50.0.50.0.50.0.0.4.0.xover.mutate.done 50
 generation 11.80.60.54.57.50.51.51.51.51.50.0.4.51.1.1.4.1.1.12.0.0.51.1.36.1.0.1.50.50.50.50.1.1.41.1.1.1.1.1.0.1.0.51.0.50.1.1.1.0.50.xover.mutate.done 50
 generation 12.85.62.57.63.51.51.51.51.51.51.1.50.1.51.1.1.50.1.1.5.1.51.1.51.1.0.1.1.1.0.50.50.1.1.1.1.1.1.51.8.0.48.50.7.50.50.0.1.0.42.xover.mutate.done 50
 generation 13.77.54.61.56.52.52.52.52.52.52.75.52.0.2.0.0.2.2.0.2.14.0.11.0.2.4.2.2.2.0.30.0.0.0.2.50.2.2.2.2.2.2.2.21.50.2.0.2.2.2.xover.mutate.done 50
 generation 14.73.72.64.46.61.50.50.50.50.50.1.0.0.0.33.50.1.72.23.0.1.0.50.1.3.0.50.17.1.1.1.50.1.0.1.1.1.1.1.1.0.1.1.1.1.0.40.50.30.1.xover.mutate.done 50
 generation 15.84.75.75.68.62.50.50.50.50.50.0.0.50.0.0.0.8.0.0.0.0.0.0.0.30.0.0.0.0.0.50.0.33.0.29.0.0.0.0.0.0.0.0.50.0.0.0.0.0.0.xover.mutate.done 50
 generation 16.83.77.77.70.61.53.53.53.53.53.3.77.1.53.4.3.53.53.50.50.3.53.1.4.53.4.53.3.3.77.1.4.11.59.53.3.50.43.45.3.53.3.4.1.3.3.1.3.30.1.xover.mutate.done 50
 generation 17.87.72.72.72.72.67.52.39.50.50.0.0.24.70.7.41.8.0.0.50.50.50.0.50.50.50.0.0.50.0.0.47.43.0.0.50.0.0.0.0.7.0.50.0.50.0.0.50.0.1.xover.mutate.done 50
 generation 18.84.64.64.66.64.63.60.54.51.51.50.1.1.7.1.1.0.1.1.13.1.51.1.51.10.33.51.15.1.1.1.1.0.1.0.1.1.11.54.51.50.16.1.15.1.1.50.50.1.16.xover.mutate.done 50
 generation 19.90.82.83.83.83.80.72.69.71.52.50.2.2.0.52.50.52.2.2.2.2.83.14.52.0.44.14.2.2.2.7.34.49.32.50.57.4.2.2.50.52.2.0.2.2.50.2.50.2.50.xover.mutate.done 50
 generation 20.85.72.72.72.72.74.69.66.58.58.22.8.72.52.0.0.71.11.21.50.0.0.0.0.15.54.12.0.50.0.0.50.49.50.10.45.50.62.34.0.22.0.0.18.0.0.50.64.8.53.xover.mutate.done 50
 generation 21.83.76.73.73.73.73.73.75.71.64.3.0.12.2.69.0.24.57.2.2.2.33.24.18.2.46.12.3.18.50.2.22.0.52.2.18.59.2.61.0.19.25.0.34.2.17.59.22.2.6.xover.mutate.done 50
 generation 22.83.68.70.69.69.69.69.69.68.62.4.10.3.24.10.52.56.52.42.3.13.2.18.49.17.55.8.17.3.42.10.22.11.1.69.3.42.3.68.17.12.50.50.14.3.3.69.69.3.50.xover.mutate.done 50
 generation 23.85.73.72.72.72.72.72.72.72.72.44.50.23.50.21.3.2.8.10.50.2.54.3.39.3.28.27.19.58.7.15.72.55.50.70.2.58.11.50.3.27.72.65.8.32.2.72.6.20.5.xover.mutate.done 50
 generation 24.83.73.72.72.72.72.72.72.72.72.76.50.72.0.0.10.75.48.0.18.50.2.3.45.2.0.50.0.44.19.68.0.0.0.16.7.23.19.26.0.0.60.50.0.0.0.0.72.0.48.xover.mutate.done 50
 generation 25.81.74.78.73.72.72.72.72.72.72.41.35.51.1.14.1.2.2.51.50.50.2.1.70.1.8.1.18.2.2.48.55.2.2.18.61.2.1.33.2.17.2.2.9.66.14.1.1.50.3.xover.mutate.done 50
 generation 26.88.75.74.75.72.72.72.72.72.72.20.20.63.0.66.46.2.36.42.0.68.2.50.2.50.16.2.0.38.52.20.0.28.7.47.7.16.2.58.7.0.20.10.16.0.0.50.2.51.24.xover.mutate.done 50
 generation 27.84.73.71.73.68.68.68.68.68.68.14.0.51.13.21.11.5.0.0.6.8.61.0.7.11.42.51.0.24.57.49.46.57.60.60.1.1.67.1.0.68.23.0.0.0.20.68.23.0.0.xover.mutate.done 50
 generation 28.86.72.74.75.75.75.75.75.75.75.55.83.46.56.49.0.0.0.0.0.39.9.75.24.28.55.0.9.50.7.65.55.5.30.25.75.0.12.5.75.50.50.0.0.50.28.81.0.75.27.xover.mutate.done 50
 generation 29.86.72.70.79.76.76.76.76.76.76.2.23.76.25.67.49.2.24.2.2.23.57.0.39.2.50.64.2.2.52.9.26.52.2.61.52.41.2.27.76.31.2.10.20.8.59.9.43.73.38.xover.mutate.done 50
 generation 30.77.73.73.73.73.73.73.73.73.73.2.4.1.9.6.2.51.22.2.17.1.6.51.42.2.73.45.12.51.54.19.36.15.50.57.43.1.63.2.35.2.51.73.2.2.1.25.2.1.6.xover.mutate.done 50
 generation 31.73.65.65.65.65.65.65.65.65.65.3.19.65.19.52.2.0.49.2.50.24.47.50.5.50.2.9.2.18.33.2.0.5.6.60.2.2.50.62.66.60.2.50.2.25.5.23.14.58.2.xover.mutate.done 50
 generation 32.76.74.75.74.74.74.74.74.74.74.72.34.71.8.19.32.9.17.25.2.51.51.2.52.51.51.35.74.74.45.22.16.19.21.11.40.17.20.22.1.74.51.48.19.9.73.68.26.2.22.xover.mutate.done 50
 generation 33.83.73.69.69.69.69.69.69.69.69.52.70.2.2.23.12.50.45.3.17.2.28.13.19.29.18.9.2.3.29.49.1.22.1.32.76.28.50.51.21.20.67.11.11.10.18.19.59.1.20.xover.mutate.done 50
 generation 34.82.76.78.75.75.75.75.75.75.75.0.20.52.3.15.51.75.52.6.21.0.5.14.9.43.1.75.64.42.6.0.1.28.1.6.13.48.45.42.5.75.44.0.5.0.26.44.50.75.1.xover.mutate.done 50
 generation 35.85.71.75.73.71.71.71.71.71.71.48.2.23.44.2.9.45.71.70.50.2.20.25.23.2.7.53.69.42.21.47.27.64.59.73.54.30.62.26.29.72.20.22.9.2.71.41.1.2.69.xover.mutate.done 50
 generation 36.83.75.78.69.72.69.69.69.69.69.0.25.23.13.8.2.50.6.69.52.67.24.50.64.0.72.11.16.50.19.50.20.23.6.6.55.50.22.5.50.12.49.55.66.28.0.1.28.0.8.xover.mutate.done 50
 generation 37.87.80.74.70.73.66.69.70.69.69.50.20.9.51.53.50.69.60.0.50.37.26.18.69.24.41.7.53.47.35.14.50.50.7.27.24.8.0.0.46.51.27.50.70.0.35.0.56.9.0.xover.mutate.done 50
 generation 38.81.75.76.68.75.75.75.73.73.73.49.66.8.3.38.29.44.34.45.16.58.48.31.19.48.45.66.61.18.13.3.19.18.40.2.26.3.32.25.50.56.3.2.32.2.51.3.13.13.60.xover.mutate.done 50
 generation 39.80.79.78.74.73.74.75.73.73.71.28.73.50.27.78.0.4.13.13.23.29.64.24.12.72.0.67.67.54.19.4.28.32.0.4.50.47.5.15.4.4.42.4.25.28.5.28.58.50.78.xover.mutate.done 50
 generation 40.87.74.79.74.74.71.70.70.71.71.59.49.23.43.52.1.12.17.34.12.9.56.59.71.1.51.50.8.8.18.9.66.14.48.44.20.2.40.2.17.63.66.17.20.12.49.71.20.16.26.xover.mutate.done 50
 generation 41.81.76.75.76.76.74.72.71.71.71.25.58.14.16.0.0.12.76.50.0.0.23.17.8.60.23.76.13.16.0.50.37.0.0.63.0.0.0.14.39.56.58.16.10.50.0.64.0.26.50.xover.mutate.done 50
 generation 42.77.73.77.77.74.77.79.77.76.74.0.32.43.1.24.40.33.30.21.6.74.8.18.10.50.51.73.55.50.42.37.17.1.1.50.11.25.4.52.42.41.4.2.10.25.1.50.1.1.48.xover.mutate.done 50
 generation 43.77.83.76.76.76.74.74.75.73.73.15.44.5.36.34.1.1.0.60.6.29.42.0.50.21.47.0.5.70.6.12.0.18.50.67.13.57.5.64.4.61.43.42.1.50.37.37.65.1.1.xover.mutate.done 50
 generation 44.82.70.68.68.68.76.68.66.66.66.52.44.50.9.12.22.19.64.51.16.6.17.44.2.50.54.68.66.58.15.24.17.65.20.24.31.42.0.64.23.12.50.16.50.0.23.2.30.49.12.xover.mutate.done 50
 generation 45.87.79.76.75.75.75.70.75.74.73.2.32.67.6.8.18.14.10.15.54.73.48.27.13.75.52.43.2.2.4.50.2.10.3.11.2.73.2.59.50.49.58.52.23.8.73.16.14.2.2.xover.mutate.done 50
 generation 46.83.73.78.82.82.82.82.82.77.77.40.6.28.50.23.75.46.0.0.37.12.9.47.73.44.0.17.67.0.50.12.49.16.20.58.71.72.50.50.29.0.28.28.58.11.12.19.20.0.82.xover.mutate.done 50
 generation 47.86.72.72.72.72.72.73.72.69.68.8.1.28.35.19.17.1.15.8.47.50.41.16.69.47.48.51.38.12.65.65.5.40.50.11.17.14.22.8.1.50.31.31.70.40.20.39.1.1.35.xover.mutate.done 50
 generation 48.89.82.81.81.81.81.81.85.77.82.0.36.37.46.31.8.77.57.11.8.77.87.0.8.41.84.57.41.44.58.15.0.1.1.17.28.8.41.36.28.22.1.41.81.21.1.81.84.26.47.xover.mutate.done 50
 generation 49.81.77.74.72.72.74.70.74.74.74.47.54.37.50.68.20.69.11.21.31.50.15.12.53.0.52.1.49.21.13.30.1.1.47.52.50.76.12.35.33.15.1.23.43.39.1.35.0.34.31.xover.mutate.done 50
 42541432 iters     706726 iter/sec (60.20 s)
 total time: 60.20
