% Invoked: ./gella -d -r 3 -l biased_r3/run08 >& biased_r3/run08.log
% Ministry of Cellular Automata
% Project Deux (CS523 Spring 2015)
% Version:v0.1-70-g0624-dirty
%  pop:50
%  ic count:100
%  CA Log option:biased_r3/run08
%  width:121
%  max workers:4
%  radius:3
%  iterations:300
%  use bias:true
%  generations:50

 generation 0.1.50.1.50.1.1.50.2.50.2.1.1.1.2.15.1.1.2.2.1.1.1.1.2.50.2.1.1.50.50.2.2.1.1.50.2.1.1.50.50.32.1.1.50.2.1.1.1.1.1.xover.mutate.done 50
 generation 1.50.50.50.50.50.50.50.50.50.50.50.59.0.50.50.50.0.50.50.0.0.0.0.0.0.0.0.0.50.0.17.0.50.50.3.0.0.0.0.0.50.10.50.0.0.0.3.0.0.4.xover.mutate.done 50
 generation 2.56.50.50.50.50.50.50.50.50.50.51.50.50.50.51.2.50.51.1.2.1.2.6.2.50.1.1.3.51.1.2.2.1.1.2.5.51.51.50.2.5.50.50.50.50.2.2.50.50.51.xover.mutate.done 50
 generation 3.68.52.51.51.51.51.52.52.50.50.50.3.51.1.3.52.50.3.1.1.52.50.3.52.3.52.4.50.52.3.3.3.2.50.1.1.7.51.51.3.51.50.1.1.3.1.1.52.3.50.xover.mutate.done 50
 generation 4.57.52.52.52.52.52.52.52.52.52.2.0.0.2.11.2.0.2.2.2.50.52.0.0.49.2.50.50.0.2.2.2.0.0.2.0.2.11.50.52.52.2.50.2.50.2.2.0.2.2.xover.mutate.done 50
 generation 5.62.53.53.53.53.53.53.53.53.53.4.53.1.4.4.4.3.3.51.4.1.3.4.4.4.53.4.4.29.1.7.1.10.3.12.4.4.51.4.3.1.12.11.3.31.4.1.1.53.4.xover.mutate.done 50
 generation 6.60.51.51.51.51.51.51.51.51.51.1.0.50.1.6.5.1.1.1.6.0.1.1.5.1.1.1.1.1.1.1.51.1.0.1.1.1.51.1.1.1.0.1.51.1.1.51.1.7.1.xover.mutate.done 50
 generation 7.64.51.51.51.51.51.51.51.51.51.51.1.1.1.1.51.1.50.2.51.50.1.1.51.51.1.5.1.1.1.1.0.1.1.0.51.1.1.1.0.1.6.51.1.1.1.1.1.1.50.xover.mutate.done 50
 generation 8.56.50.50.50.50.50.50.50.50.50.0.1.1.1.50.1.0.1.50.0.0.1.1.50.1.6.1.1.1.50.0.1.1.1.0.1.1.50.0.50.1.50.0.50.50.1.1.50.1.1.xover.mutate.done 50
 generation 9.64.50.50.50.50.50.50.50.50.50.2.2.50.2.2.49.2.2.50.2.2.50.2.50.0.2.2.41.2.50.2.2.2.34.50.50.50.0.2.2.44.2.50.50.50.50.43.0.0.50.xover.mutate.done 50
 generation 10.59.50.50.50.50.50.50.50.50.50.0.50.50.0.0.0.25.0.0.50.50.0.50.0.50.0.50.50.0.0.50.50.23.50.50.50.50.0.50.0.50.0.35.0.0.0.50.0.50.27.xover.mutate.done 50
 generation 11.56.51.51.51.51.51.51.51.51.51.51.4.50.4.51.43.51.50.50.50.51.51.51.1.46.51.25.51.3.4.50.10.50.5.4.3.4.51.10.4.3.1.28.3.51.19.51.4.50.4.xover.mutate.done 50
 generation 12.64.51.51.51.51.51.51.51.51.51.2.1.50.51.51.50.1.21.65.51.5.1.51.51.8.2.2.51.51.50.2.1.50.51.51.51.51.2.2.2.2.2.51.1.50.2.2.2.2.1.xover.mutate.done 50
 generation 13.56.59.51.51.51.51.51.51.51.51.1.51.51.51.9.51.1.34.51.1.1.1.50.0.1.51.30.1.51.0.51.1.51.50.51.51.0.1.26.1.1.0.10.0.51.1.51.0.28.1.xover.mutate.done 50
 generation 14.62.57.51.51.51.51.51.51.51.51.3.2.51.28.2.51.51.53.51.51.3.3.51.3.3.2.3.1.3.3.3.3.3.51.3.4.3.3.3.50.51.3.53.51.51.17.44.3.40.51.xover.mutate.done 50
 generation 15.62.57.55.57.50.50.50.50.50.50.81.50.0.0.0.0.0.49.50.0.0.0.0.39.50.0.0.50.15.0.0.0.0.0.0.0.0.0.0.25.0.50.6.50.0.12.50.0.0.50.xover.mutate.done 50
 generation 16.83.67.63.60.59.51.51.51.51.51.50.2.12.51.2.48.1.2.1.51.16.2.2.2.51.2.50.51.2.2.2.51.11.1.2.47.2.2.1.11.2.50.51.2.7.25.2.1.1.2.xover.mutate.done 50
 generation 17.75.51.55.60.58.50.50.50.50.50.1.1.0.0.1.1.1.1.1.1.1.1.13.9.48.1.1.1.1.50.50.50.1.1.1.50.1.50.1.49.1.1.1.1.1.1.54.1.50.50.xover.mutate.done 50
 generation 18.84.57.58.58.56.61.51.51.51.51.2.51.2.41.2.1.9.1.2.2.2.2.1.1.2.2.2.51.1.2.8.1.2.2.1.51.2.51.1.11.11.50.1.2.50.51.1.2.2.1.xover.mutate.done 50
 generation 19.82.66.59.59.57.60.51.51.51.51.51.2.2.1.2.50.2.2.2.2.2.1.2.2.51.2.2.51.2.2.39.1.1.5.1.1.2.2.2.51.2.1.2.51.1.2.2.2.2.2.xover.mutate.done 50
 generation 20.85.63.56.56.60.57.50.50.50.50.0.0.50.12.10.50.0.10.0.4.0.0.0.0.0.0.32.56.0.0.0.50.0.0.0.0.4.0.0.50.0.0.0.10.0.0.0.0.20.0.xover.mutate.done 50
 generation 21.70.61.56.55.53.55.55.50.50.50.50.0.2.2.2.2.0.0.0.2.7.2.0.0.0.50.3.2.0.2.50.2.0.46.50.33.2.8.2.45.2.2.9.50.2.2.0.50.55.2.xover.mutate.done 50
 generation 22.85.62.63.58.58.58.58.56.52.52.2.3.1.3.50.57.2.50.19.3.15.2.2.1.45.3.50.3.52.52.50.13.56.22.2.3.3.2.52.3.2.51.17.1.29.57.3.8.8.38.xover.mutate.done 50
 generation 23.75.65.61.55.55.55.55.57.56.61.4.1.50.53.4.55.4.8.4.53.9.3.53.46.56.29.4.9.3.53.1.1.50.4.4.4.53.50.1.19.53.4.1.1.57.1.4.3.4.3.xover.mutate.done 50
 generation 24.79.57.60.58.53.63.54.54.56.54.43.0.4.54.50.40.11.0.11.54.0.0.28.79.50.4.9.23.50.50.43.0.54.4.4.4.7.4.0.4.8.0.43.53.4.4.42.4.10.4.xover.mutate.done 50
 generation 25.82.82.60.61.56.58.60.59.59.61.28.50.1.9.59.0.1.51.51.59.1.52.49.31.51.0.50.51.51.1.15.50.0.51.0.65.45.50.1.76.1.51.20.9.8.82.60.15.9.50.xover.mutate.done 50
 generation 26.81.81.81.75.60.53.51.58.51.54.0.7.56.0.50.50.0.50.0.0.0.26.51.50.51.42.0.7.10.35.54.0.0.50.50.0.0.0.50.0.50.0.0.8.0.50.50.0.4.50.xover.mutate.done 50
 generation 27.81.81.81.78.60.55.56.52.55.65.11.3.55.3.3.3.43.0.8.50.8.8.50.0.50.81.55.8.5.3.50.50.50.3.50.31.50.50.3.3.3.18.50.3.34.3.56.39.80.50.xover.mutate.done 50
 generation 28.77.77.77.77.76.72.58.66.58.58.0.47.1.56.9.34.56.50.58.74.47.0.0.60.22.76.51.37.41.1.56.8.1.0.43.1.76.2.1.1.6.1.76.1.1.0.43.55.55.1.xover.mutate.done 50
 generation 29.87.87.87.87.84.84.84.84.79.84.5.10.1.54.8.6.51.50.1.2.1.61.43.51.28.44.1.22.40.21.8.1.15.1.10.2.51.50.25.22.84.35.87.13.51.24.61.88.59.24.xover.mutate.done 50
 generation 30.87.72.72.72.72.72.74.74.74.74.57.30.49.57.48.44.14.7.50.50.74.0.54.20.72.10.61.46.54.50.30.50.7.0.15.1.71.1.34.3.40.50.23.50.47.50.73.0.1.30.xover.mutate.done 50
 generation 31.94.80.80.80.80.80.83.83.83.83.52.2.77.54.81.67.55.34.50.86.50.44.13.33.19.50.81.0.3.2.78.39.48.0.40.35.50.34.2.22.2.50.2.2.2.44.76.8.50.2.xover.mutate.done 50
 generation 32.86.79.80.80.80.80.77.78.79.79.61.78.32.80.46.59.50.1.85.8.1.24.11.5.77.42.70.85.1.30.77.50.21.43.8.62.1.1.25.80.1.72.39.85.1.48.1.1.29.40.xover.mutate.done 50
 generation 33.90.86.86.91.90.88.88.88.88.90.64.36.32.89.56.53.92.43.3.51.47.46.72.3.43.54.4.17.51.19.50.51.49.3.46.90.45.38.28.40.46.52.11.3.3.53.48.48.14.49.xover.mutate.done 50
 generation 34.92.90.90.88.88.90.88.89.89.89.28.51.47.55.69.50.88.49.63.44.48.18.44.51.50.7.7.51.87.34.1.44.27.33.1.54.51.53.55.48.1.1.1.54.1.51.69.88.21.89.xover.mutate.done 50
 generation 35.92.96.95.88.87.87.87.87.89.89.36.54.17.48.52.9.87.87.3.85.54.9.48.65.75.59.66.52.49.48.52.50.16.58.46.52.3.64.3.58.59.29.59.60.60.8.25.58.22.49.xover.mutate.done 50
 generation 36.95.91.94.86.86.89.84.84.84.84.1.1.56.50.5.10.50.47.21.5.24.79.6.3.50.95.35.21.82.30.5.53.4.48.50.53.78.58.40.72.52.40.9.11.83.84.46.51.50.4.xover.mutate.done 50
 generation 37.93.92.91.95.87.84.84.85.85.85.92.9.8.48.52.10.49.51.2.90.2.6.12.42.52.62.85.20.52.85.8.44.17.7.9.42.83.79.84.35.58.91.92.64.83.6.55.2.31.52.xover.mutate.done 50
 generation 38.91.91.91.90.90.90.89.88.83.80.9.66.80.25.15.10.50.56.46.3.3.6.7.3.56.52.15.17.5.41.47.3.3.3.45.52.58.55.55.3.47.39.3.52.3.25.50.47.52.9.xover.mutate.done 50
 generation 39.90.95.89.91.91.92.92.89.96.86.7.27.67.33.2.57.1.46.1.31.80.43.47.46.1.3.71.10.18.1.1.80.50.39.20.16.14.6.68.84.0.14.11.9.23.7.24.1.8.34.xover.mutate.done 50
 generation 40.87.94.89.90.92.91.93.91.93.84.44.45.46.36.0.0.0.6.59.48.53.0.50.50.50.55.11.23.55.50.5.24.46.49.0.48.0.0.0.0.56.36.59.0.56.0.0.35.0.41.xover.mutate.done 50
 generation 41.90.89.87.90.90.87.88.88.84.80.1.1.1.43.5.45.1.50.52.58.31.49.51.45.1.37.4.50.50.44.1.1.5.59.50.22.50.86.5.5.52.90.50.1.1.11.38.11.53.23.xover.mutate.done 50
 generation 42.91.87.92.92.88.90.88.85.84.86.3.21.29.32.3.48.2.9.3.54.11.9.51.48.11.90.3.47.90.11.9.46.51.51.3.9.67.12.3.51.44.9.19.43.64.72.92.51.2.3.xover.mutate.done 50
 generation 43.97.97.97.94.95.95.95.91.93.93.61.61.95.1.6.51.51.59.11.45.45.64.36.13.59.56.60.51.1.1.95.12.51.48.12.1.50.45.95.19.70.61.12.95.95.64.1.51.64.45.xover.mutate.done 50
 generation 44.93.93.93.89.89.89.89.89.89.91.50.24.55.59.41.4.51.36.0.50.85.87.52.6.48.50.14.18.50.60.90.86.50.50.20.5.50.0.17.0.50.50.50.0.59.0.0.11.38.42.xover.mutate.done 50
 generation 45.84.84.84.81.84.83.83.83.83.83.48.1.1.50.63.21.1.50.1.17.52.50.50.1.1.11.50.50.6.28.11.60.50.1.6.8.55.40.14.50.32.1.52.1.64.50.1.50.48.72.xover.mutate.done 50
 generation 46.88.88.88.86.86.86.86.86.86.91.16.19.51.29.51.55.0.1.38.1.15.1.13.51.39.43.1.51.65.50.5.62.21.1.51.37.1.22.43.50.10.42.57.51.41.51.26.64.37.1.xover.mutate.done 50
 generation 47.87.88.88.88.86.87.87.87.87.87.50.19.91.20.0.50.0.8.86.47.47.0.50.50.44.57.7.0.0.70.34.50.0.0.45.16.54.55.42.49.17.50.50.24.0.50.56.50.0.1.xover.mutate.done 50
 generation 48.94.96.96.96.95.94.94.94.94.94.45.2.2.60.2.2.52.2.32.0.2.52.49.56.8.2.51.88.2.14.52.2.52.2.52.52.14.17.23.56.2.2.59.52.14.2.40.55.2.52.xover.mutate.done 50
 generation 49.93.93.93.93.89.90.90.90.90.90.52.51.48.1.33.54.43.38.50.4.11.49.4.48.50.51.51.4.21.4.51.51.52.7.46.9.82.40.51.12.7.47.44.30.50.42.9.54.44.9.xover.mutate.done 50
 39401824 iters     716371 iter/sec (55.00 s)
 total time: 55.00
