0.3828125 0.0390625 0.3828125 0.1875 0.265625 0.21875 0.984375 0.3984375 0.046875 0.5 
0.0390625 0.1875 0.984375 0.046875 0.09375 0.9921875 0.0390625 1.0 0.1171875 0.9765625 
0.75 0.0390625 0.1875 0.984375 0.046875 0.09375 0.9921875 0.0390625 1.0 0.1171875 
0.75 0.375 0.921875 0.8828125 0.9140625 0.5859375 0.265625 0.1796875 0.0390625 0.1875 
0.75 0.375 0.265625 0.1796875 0.15625 0.09375 0.3671875 0.375 0.140625 0.34375 
0.75 0.375 0.265625 0.1796875 0.15625 0.09375 0.3671875 0.375 0.140625 0.34375 
0.75 0.375 0.265625 0.1796875 0.15625 0.09375 0.3671875 0.375 0.140625 0.34375 
0.75 0.375 0.265625 0.1796875 0.15625 0.09375 0.3671875 0.375 0.140625 0.34375 
0.75 0.375 0.265625 0.1796875 0.15625 0.09375 0.3671875 0.375 0.140625 0.34375 
0.75 0.375 0.265625 0.1796875 0.15625 0.09375 0.3671875 0.375 0.140625 0.34375 
0.75 0.375 0.265625 0.1796875 0.15625 0.09375 0.3671875 0.375 0.140625 0.34375 
0.75 0.375 0.265625 0.1796875 0.15625 0.09375 0.3671875 0.375 0.140625 0.34375 
0.75 0.375 0.265625 0.1796875 0.15625 0.09375 0.3671875 0.375 0.140625 0.34375 
0.6953125 0.75 0.375 0.265625 0.1796875 0.15625 0.09375 0.3671875 0.375 0.140625 
0.75 0.6953125 0.375 0.265625 0.1796875 0.15625 0.09375 0.3671875 0.375 0.140625 
0.75 0.6953125 0.3984375 0.421875 0.375 0.265625 0.1796875 0.15625 0.09375 0.3671875 
0.4140625 0.75 0.6953125 0.421875 0.3984375 0.375 0.265625 0.1796875 0.15625 0.09375 
0.4140625 0.75 0.6953125 0.421875 0.3984375 0.375 0.265625 0.1796875 0.15625 0.09375 
0.4140625 0.421875 0.3984375 0.6953125 0.6796875 0.75 0.375 0.265625 0.1796875 0.15625 
0.4140625 0.75 0.3984375 0.6953125 0.421875 0.6796875 0.375 0.265625 0.1796875 0.15625 
0.4140625 0.75 0.6796875 0.3984375 0.6953125 0.421875 0.375 0.265625 0.1796875 0.15625 
0.4140625 0.75 0.6953125 0.421875 0.6796875 0.3984375 0.3984375 0.375 0.265625 0.1796875 
0.4140625 0.75 0.6953125 0.421875 0.3984375 0.3984375 0.3984375 0.6796875 0.375 0.265625 
0.4140625 0.6953125 0.75 0.421875 0.3984375 0.3984375 0.3984375 0.390625 0.3984375 0.6796875 
0.4140625 0.6953125 0.75 0.6796875 0.390625 0.421875 0.3984375 0.3984375 0.421875 0.3984375 
0.4140625 0.4140625 0.421875 0.75 0.6796875 0.6953125 0.421875 0.3984375 0.3984375 0.3984375 
0.4140625 0.4140625 0.4140625 0.4296875 0.453125 0.75 0.3984375 0.421875 0.421875 0.4453125 
0.4140625 0.4140625 0.4140625 0.4296875 0.453125 0.421875 0.4140625 0.4453125 0.3984375 0.75 
0.4140625 0.4140625 0.4140625 0.4140625 0.421875 0.4296875 0.75 0.453125 0.4140625 0.4375 
0.4140625 0.4140625 0.4140625 0.4140625 0.421875 0.421875 0.421875 0.421875 0.4453125 0.4296875 
0.421875 0.4140625 0.4140625 0.4140625 0.4140625 0.4140625 0.421875 0.421875 0.421875 0.421875 
0.421875 0.421875 0.421875 0.421875 0.421875 0.421875 0.40625 0.4140625 0.4140625 0.4140625 
0.421875 0.4140625 0.40625 0.4140625 0.4140625 0.4140625 0.421875 0.421875 0.421875 0.421875 
0.421875 0.421875 0.421875 0.4296875 0.40625 0.4140625 0.4140625 0.4140625 0.4140625 0.40625 
0.4296875 0.4296875 0.421875 0.40625 0.40625 0.4140625 0.421875 0.4140625 0.4140625 0.4140625 
0.4296875 0.4296875 0.421875 0.4140625 0.4140625 0.4140625 0.4140625 0.4140625 0.40625 0.40625 
0.4296875 0.421875 0.4296875 0.40625 0.40625 0.4140625 0.4140625 0.4140625 0.4140625 0.4140625 
0.4296875 0.3984375 0.4296875 0.421875 0.4140625 0.40625 0.40625 0.4140625 0.4140625 0.4140625 
0.421875 0.4296875 0.3984375 0.421875 0.40625 0.4296875 0.421875 0.421875 0.4140625 0.4140625 
0.421875 0.4296875 0.3984375 0.421875 0.40625 0.4296875 0.421875 0.421875 0.4140625 0.4140625 
0.4140625 0.4296875 0.4296875 0.421875 0.421875 0.40625 0.421875 0.3984375 0.421875 0.4140625 
0.4296875 0.421875 0.421875 0.421875 0.40625 0.3984375 0.421875 0.4296875 0.4140625 0.4140625 
0.4296875 0.421875 0.40625 0.40625 0.421875 0.421875 0.4296875 0.421875 0.3984375 0.40625 
0.40625 0.40625 0.40625 0.4296875 0.421875 0.421875 0.421875 0.421875 0.4296875 0.421875 
0.40625 0.40625 0.40625 0.421875 0.421875 0.421875 0.421875 0.421875 0.421875 0.4140625 
0.40625 0.40625 0.40625 0.4140625 0.4296875 0.421875 0.421875 0.421875 0.421875 0.421875 
0.40625 0.40625 0.40625 0.4296875 0.421875 0.421875 0.421875 0.421875 0.421875 0.4140625 
0.4140625 0.40625 0.40625 0.40625 0.4296875 0.421875 0.421875 0.421875 0.421875 0.421875 
0.4296875 0.40625 0.40625 0.40625 0.4140625 0.421875 0.421875 0.421875 0.421875 0.421875 
0.40625 0.40625 0.40625 0.4140625 0.4296875 0.421875 0.421875 0.421875 0.421875 0.421875 
