50 50 50 50 50 50 50 50 50 50 20 9 9 6 2 2 2 2 2 2 2 2 2 2 2 2 2 2 2 2 2 2 2 2 2 2 2 2 2 0 0 0 0 0 0 0 0 0 0 0 
76 56 51 51 51 51 50 50 50 50 50 50 50 50 50 50 50 50 50 50 50 50 50 50 46 32 8 8 7 7 7 7 7 7 7 7 7 6 6 6 6 6 6 1 1 1 1 1 1 1 
77 52 52 52 50 50 50 50 50 50 50 50 50 50 50 50 50 50 50 50 50 50 50 50 50 50 50 45 39 21 12 10 9 6 2 2 2 2 2 2 2 2 2 2 2 0 0 0 0 0 
76 56 52 52 52 52 52 52 52 52 51 51 51 51 51 50 50 50 50 50 50 50 50 50 42 30 19 14 11 9 4 3 3 3 3 3 3 3 2 2 2 2 2 2 1 1 1 1 1 1 
73 55 51 51 51 51 51 51 51 51 51 51 51 51 51 51 51 51 50 50 50 50 50 49 29 4 4 1 1 1 1 1 1 1 1 1 1 1 1 1 1 1 1 1 1 1 1 0 0 0 
68 56 54 52 52 52 52 52 52 52 52 52 52 52 52 52 52 52 52 52 51 50 50 50 50 48 27 9 2 2 2 2 2 2 2 2 2 2 2 2 2 2 2 2 2 2 0 0 0 0 
69 54 52 50 50 50 50 50 50 50 50 50 50 50 50 50 50 50 50 50 20 16 14 14 8 7 0 0 0 0 0 0 0 0 0 0 0 0 0 0 0 0 0 0 0 0 0 0 0 0 
71 54 53 50 50 50 50 50 50 50 50 50 50 50 50 50 50 50 50 50 30 14 12 12 10 10 8 6 6 5 5 5 4 4 1 1 1 1 1 1 1 1 1 1 1 0 0 0 0 0 
77 65 61 50 50 50 50 50 50 50 50 50 50 50 50 50 50 50 50 50 50 50 50 50 50 50 50 50 50 49 41 15 14 12 11 0 0 0 0 0 0 0 0 0 0 0 0 0 0 0 
76 59 52 50 50 50 50 50 50 50 50 50 50 50 50 50 50 50 50 50 50 50 50 50 50 32 32 19 18 10 7 5 5 1 0 0 0 0 0 0 0 0 0 0 0 0 0 0 0 0 
81 69 67 64 50 50 50 50 50 50 50 50 50 50 50 50 50 50 50 50 50 50 50 50 50 45 36 34 29 28 19 18 15 15 0 0 0 0 0 0 0 0 0 0 0 0 0 0 0 0 
76 56 56 56 51 50 50 50 50 50 50 50 50 50 50 50 50 50 50 50 50 50 50 50 50 50 47 46 32 14 8 3 3 1 0 0 0 0 0 0 0 0 0 0 0 0 0 0 0 0 
71 60 57 57 55 55 50 50 50 50 50 50 50 50 50 50 50 50 50 50 50 50 50 50 50 50 50 46 18 10 2 2 2 2 2 2 2 2 2 2 2 2 2 0 0 0 0 0 0 0 
69 56 55 54 54 54 53 51 51 51 51 51 51 51 51 51 51 51 51 50 50 50 50 50 50 50 14 13 12 11 10 9 6 6 6 6 3 3 3 3 3 2 2 2 1 1 1 1 1 1 
71 54 54 54 52 52 52 52 52 52 52 52 52 50 50 50 50 50 48 46 45 41 36 35 33 32 14 11 11 5 5 5 2 2 2 2 2 2 2 2 2 2 2 2 2 2 0 0 0 0 
66 53 50 50 50 50 50 50 50 50 50 50 50 50 50 50 50 50 50 50 50 49 13 10 6 1 1 1 1 1 1 1 1 1 0 0 0 0 0 0 0 0 0 0 0 0 0 0 0 0 
75 59 59 58 51 51 51 51 51 51 51 51 51 51 51 51 50 50 50 50 45 30 30 29 26 20 13 6 6 2 2 2 2 2 2 2 2 2 1 1 1 1 1 1 1 1 1 1 1 1 
70 56 54 54 50 50 50 50 50 50 50 50 50 50 50 50 50 50 50 50 50 50 50 42 29 29 25 25 11 7 6 5 1 1 1 1 1 1 1 1 1 1 1 1 0 0 0 0 0 0 
80 63 58 58 51 51 51 51 51 51 51 51 51 51 51 51 51 51 50 50 50 50 50 47 43 40 19 18 10 6 5 1 1 1 1 1 1 1 1 1 1 1 1 1 1 0 0 0 0 0 
67 55 54 54 50 50 50 50 50 50 50 50 50 50 50 50 50 50 50 50 50 50 50 42 39 16 8 5 4 0 0 0 0 0 0 0 0 0 0 0 0 0 0 0 0 0 0 0 0 0 
80 68 67 66 66 66 52 52 52 52 52 52 52 52 52 52 50 50 50 50 47 41 28 26 8 6 4 4 4 4 4 4 4 4 4 4 4 4 3 2 2 2 2 2 2 2 2 2 2 2 
71 54 54 54 54 54 52 51 51 51 51 51 51 51 51 51 51 50 46 19 14 5 3 1 1 1 1 1 1 1 1 1 1 1 1 1 1 1 1 1 1 1 1 1 1 0 0 0 0 0 
78 64 64 64 64 64 62 59 59 51 51 51 51 51 51 51 51 51 51 50 50 50 46 42 40 21 5 2 2 2 2 2 2 2 2 2 2 1 1 1 1 1 1 1 1 1 1 1 1 1 
75 68 60 58 58 57 57 57 57 57 54 54 52 52 50 50 50 50 50 50 47 45 40 40 35 26 9 7 0 0 0 0 0 0 0 0 0 0 0 0 0 0 0 0 0 0 0 0 0 0 
78 69 66 65 62 60 58 58 57 56 55 55 55 55 55 50 50 41 37 34 30 29 29 24 24 21 11 9 1 1 1 1 1 1 1 1 1 1 1 1 1 1 1 1 1 1 0 0 0 0 
76 74 68 68 67 62 60 57 57 57 56 56 53 52 50 50 48 48 48 48 46 45 44 42 42 38 36 27 26 23 19 18 15 6 5 3 3 3 3 3 3 3 3 3 3 2 2 1 1 1 
78 75 75 71 71 70 70 69 67 65 64 64 63 62 62 62 60 58 52 51 46 39 39 35 33 33 21 20 19 19 16 15 14 13 13 11 3 3 3 0 0 0 0 0 0 0 0 0 0 0 
74 70 70 70 67 66 66 65 65 63 60 60 59 59 59 58 57 57 55 55 51 49 45 44 44 43 41 36 36 28 25 24 24 19 17 17 13 12 12 6 2 2 2 2 2 2 1 1 1 1 
78 77 76 73 73 72 71 71 71 70 68 66 65 65 64 62 59 58 58 55 52 50 48 43 40 38 31 30 24 19 15 14 12 5 4 4 3 2 2 2 2 2 0 0 0 0 0 0 0 0 
75 75 74 74 73 73 72 71 70 69 67 65 65 64 63 62 60 60 59 58 57 56 56 54 48 37 32 22 20 20 17 16 11 10 10 10 9 7 7 7 7 3 3 3 3 3 3 3 3 3 
77 75 73 72 72 72 72 72 71 70 69 68 67 67 66 59 58 57 50 48 47 40 38 32 32 23 17 16 16 14 10 5 4 4 3 1 0 0 0 0 0 0 0 0 0 0 0 0 0 0 
86 83 80 78 78 76 76 75 75 75 73 73 65 64 54 52 39 34 32 27 14 13 11 9 5 5 2 2 2 2 2 2 2 2 2 2 2 2 2 2 2 2 2 2 2 1 1 1 1 1 
83 80 77 76 73 73 73 73 72 70 70 70 70 68 64 63 57 37 31 15 12 9 6 4 4 4 4 0 0 0 0 0 0 0 0 0 0 0 0 0 0 0 0 0 0 0 0 0 0 0 
88 86 78 78 77 76 76 75 73 72 72 71 69 66 66 54 46 30 29 29 20 16 14 7 6 6 6 5 5 5 5 5 1 1 1 1 1 1 1 1 1 1 1 1 1 1 1 1 0 0 
83 76 76 74 74 74 73 72 71 69 69 68 62 61 59 55 54 41 41 39 29 24 15 15 15 15 14 13 13 9 8 8 8 8 7 7 2 2 2 2 2 2 2 2 2 2 2 2 2 2 
81 78 77 74 74 73 73 71 71 70 68 67 67 65 62 57 54 49 46 38 38 32 25 24 14 13 8 8 6 3 3 3 3 3 2 2 1 1 1 1 1 1 1 1 1 1 1 1 1 1 
81 80 80 77 76 76 76 73 71 65 63 54 50 46 42 40 25 24 17 16 16 15 12 8 7 7 7 7 7 7 7 7 7 6 6 6 3 3 3 3 3 3 3 3 3 3 3 3 3 3 
75 74 74 73 72 71 69 69 67 65 50 47 47 43 43 20 16 16 14 12 8 7 6 5 4 4 4 4 4 4 4 4 4 1 1 1 1 1 1 1 1 1 1 1 1 1 1 1 1 1 
83 80 80 77 77 76 76 76 72 70 65 65 63 60 56 52 51 51 44 40 36 32 11 11 10 8 7 7 7 7 7 6 5 1 1 1 1 1 1 1 1 1 1 1 1 1 1 1 1 1 
90 87 82 82 82 82 82 81 79 79 77 77 74 71 69 67 50 47 44 43 34 32 26 21 14 13 12 11 10 5 4 4 3 3 3 3 3 1 1 1 1 1 1 1 1 1 1 1 1 0 
85 81 81 79 79 79 79 79 79 78 60 58 48 47 44 42 42 37 35 35 35 29 28 28 22 21 18 9 9 9 9 7 7 1 1 1 1 1 1 1 1 1 1 1 1 1 1 1 1 1 
85 84 83 83 83 83 82 80 80 76 76 76 74 63 55 42 41 32 31 17 14 11 9 6 5 5 5 5 5 5 4 4 4 4 4 4 4 4 4 4 4 4 4 4 4 4 4 0 0 0 
84 83 82 82 77 77 77 77 77 77 76 75 74 67 67 66 66 60 56 54 43 33 31 28 28 25 11 10 9 4 4 4 2 2 2 2 2 2 2 2 2 2 2 2 2 2 2 2 2 2 
87 85 85 85 80 79 77 77 77 77 75 74 70 69 66 64 62 61 58 58 57 56 53 52 51 40 11 10 2 2 1 1 1 1 1 1 1 1 1 1 1 1 1 1 1 1 1 1 0 0 
92 90 88 86 84 84 82 82 82 82 81 67 60 57 56 53 52 50 47 45 27 15 8 7 5 5 1 1 1 1 1 1 1 1 1 1 1 1 1 1 1 1 1 1 1 1 1 1 0 0 
82 82 81 79 76 75 73 73 73 73 68 67 65 52 52 51 33 23 18 12 11 8 8 6 5 5 5 5 5 2 2 2 2 2 2 2 2 2 2 2 2 2 2 2 2 2 2 2 2 2 
90 85 85 84 79 77 77 75 75 75 75 72 68 64 63 58 57 56 55 52 22 20 19 14 10 9 6 4 4 4 4 1 1 1 1 1 1 1 1 1 1 1 1 1 1 1 1 1 1 1 
88 88 88 81 81 81 76 76 76 75 72 69 67 65 62 54 49 47 40 26 25 24 20 14 10 10 9 6 4 4 4 4 4 4 0 0 0 0 0 0 0 0 0 0 0 0 0 0 0 0 
84 83 82 81 81 80 76 76 76 76 71 71 69 68 53 49 47 45 41 26 22 19 17 16 16 15 14 12 8 8 8 7 1 1 1 1 1 1 1 1 1 1 1 1 1 1 0 0 0 0 
81 80 79 79 79 79 77 77 77 69 67 59 50 45 42 41 31 28 22 21 18 16 13 11 10 10 10 8 7 7 6 2 2 2 2 2 2 2 2 2 2 2 2 2 2 2 2 2 2 1 
