51 50 50 50 50 50 50 50 50 24 23 3 2 1 1 1 1 1 1 1 1 1 1 1 1 1 1 1 1 1 1 1 1 1 1 1 1 1 1 1 1 0 0 0 0 0 0 0 0 0 
51 51 50 50 50 50 50 50 50 50 50 50 50 50 42 25 24 10 9 1 1 1 1 1 1 1 1 1 1 1 1 1 1 1 1 1 1 1 1 1 0 0 0 0 0 0 0 0 0 0 
50 50 50 50 50 50 50 50 50 50 50 50 50 50 50 50 50 50 50 50 26 15 13 8 4 0 0 0 0 0 0 0 0 0 0 0 0 0 0 0 0 0 0 0 0 0 0 0 0 0 
52 52 52 52 52 52 50 50 50 50 50 50 50 50 50 50 50 50 50 50 50 50 50 50 50 50 50 50 50 50 2 2 2 2 2 2 2 2 2 2 2 2 2 2 0 0 0 0 0 0 
51 51 51 51 51 51 51 51 51 51 51 51 51 51 50 50 50 50 50 50 50 50 50 50 50 50 50 50 50 27 24 23 7 6 2 2 2 2 2 2 1 1 1 1 1 1 1 1 1 1 
84 51 51 51 51 51 51 51 51 51 51 50 50 50 50 50 50 50 50 50 50 50 50 50 50 50 50 50 50 22 10 5 3 3 1 1 1 1 1 1 1 1 1 1 0 0 0 0 0 0 
84 82 59 55 51 51 51 51 51 51 51 51 51 51 51 51 51 51 51 51 51 51 51 51 50 50 50 50 50 31 30 23 15 8 2 2 2 2 2 2 2 2 2 2 2 1 1 1 1 1 
89 85 84 69 63 55 52 52 52 52 52 52 52 52 52 52 52 52 52 52 52 52 52 52 52 52 52 50 50 50 38 25 21 17 15 14 12 2 2 2 2 2 2 2 2 2 0 0 0 0 
90 88 87 84 72 64 59 59 59 52 50 50 50 50 50 50 50 50 50 50 50 50 50 50 50 50 50 50 40 19 17 16 14 11 2 2 2 2 2 2 2 2 2 2 2 2 0 0 0 0 
90 90 88 85 85 67 65 59 59 59 57 56 55 54 52 52 52 52 52 52 52 52 52 45 41 41 40 39 36 34 21 21 17 15 14 12 10 8 8 8 7 4 4 4 4 4 4 4 2 2 
90 90 88 78 78 69 64 63 63 62 62 60 60 60 60 60 59 59 59 58 54 53 53 53 52 51 51 49 49 48 32 31 29 23 22 22 21 20 17 17 16 13 11 11 9 4 4 3 3 1 
87 85 85 83 79 78 76 64 62 62 60 58 58 56 56 55 55 54 51 50 50 50 50 50 50 50 49 48 47 44 42 42 41 41 41 40 39 35 25 19 16 16 14 12 11 7 4 0 0 0 
92 91 91 90 89 89 85 83 74 69 69 68 65 62 62 62 62 62 61 61 59 59 57 55 54 51 50 50 49 49 48 47 44 43 42 40 26 22 21 20 16 16 9 5 1 1 1 1 1 1 
92 92 92 92 92 92 92 92 88 86 85 85 80 66 60 60 59 58 52 52 51 51 51 51 51 51 50 49 49 49 48 47 45 43 40 40 39 32 25 24 24 14 13 7 7 4 1 1 1 0 
92 92 91 91 91 90 90 90 89 88 87 86 84 82 75 70 54 52 50 50 50 50 50 50 49 49 48 45 45 44 43 41 37 35 32 31 30 27 27 23 19 16 14 11 8 0 0 0 0 0 
83 83 83 83 82 82 80 80 80 80 80 80 79 79 79 78 77 76 60 59 57 53 50 50 50 50 50 50 47 47 39 35 34 33 33 31 27 27 26 19 16 14 10 3 1 0 0 0 0 0 
90 89 89 89 89 89 89 87 87 87 87 87 87 87 87 86 82 82 79 79 76 75 69 68 64 60 56 52 51 48 48 47 45 45 42 42 33 32 31 23 21 17 14 9 7 3 3 2 2 1 
89 89 88 88 88 87 87 87 87 87 86 85 85 85 84 84 84 84 84 81 76 69 65 58 56 51 50 50 48 43 39 38 35 30 25 22 20 17 10 8 7 6 4 1 1 1 1 1 0 0 
91 90 90 90 90 90 90 90 89 89 89 88 87 86 85 76 74 73 70 70 67 66 53 51 51 51 50 50 48 47 45 39 36 36 34 31 24 24 19 11 10 6 5 3 2 2 2 1 1 1 
89 89 89 89 89 89 89 88 88 87 87 86 85 78 71 67 65 55 54 52 50 50 50 50 50 48 47 43 40 38 38 37 34 33 31 31 29 21 20 16 15 4 2 1 1 1 1 1 1 0 
94 93 92 92 92 91 91 91 91 90 90 89 88 82 67 58 55 51 51 51 50 50 50 50 47 46 43 43 35 34 25 24 23 22 20 18 17 17 1 1 1 1 1 1 1 1 1 1 1 0 
94 91 88 88 88 88 88 88 88 87 87 86 85 79 70 66 64 63 63 62 52 51 51 51 50 50 50 50 50 49 48 47 45 44 37 36 35 32 27 21 20 19 16 11 11 6 5 1 1 1 
94 92 90 88 87 86 86 86 86 86 85 85 85 85 85 64 60 59 58 53 53 53 53 52 52 50 50 50 50 50 50 49 44 37 36 35 31 31 30 27 25 14 13 12 9 9 3 3 3 3 
92 90 90 90 90 89 89 88 88 87 85 85 83 83 83 83 82 68 68 65 65 60 58 57 56 50 50 50 50 50 50 50 50 50 50 49 43 43 41 28 25 22 11 8 1 0 0 0 0 0 
92 92 92 92 92 92 91 91 91 88 88 87 87 87 86 85 83 81 79 78 72 68 66 53 53 50 50 50 50 50 50 50 48 47 45 41 40 36 34 28 20 12 1 1 0 0 0 0 0 0 
94 93 93 92 92 92 92 92 92 91 91 89 89 89 89 88 86 84 67 62 60 59 53 50 50 49 49 48 46 46 46 46 44 43 40 33 28 28 25 23 22 14 9 3 3 0 0 0 0 0 
95 94 93 93 93 93 93 93 92 92 92 92 92 92 92 92 89 86 84 80 64 59 56 53 52 52 52 51 51 51 50 49 48 43 43 41 36 23 17 16 12 10 10 2 2 2 2 2 2 2 
94 94 94 94 93 93 93 93 92 92 92 92 92 91 90 88 88 78 77 74 63 61 59 58 56 53 50 50 50 49 49 48 47 41 41 39 34 21 20 13 10 8 8 8 3 3 3 0 0 0 
93 90 90 90 90 90 90 90 90 90 90 89 89 89 89 88 87 86 54 53 53 51 51 51 50 50 50 50 50 50 50 49 48 48 48 48 47 44 42 37 34 13 9 7 4 3 3 1 1 0 
93 92 92 92 92 92 92 92 92 92 92 92 92 91 91 90 90 89 89 87 86 84 83 79 75 61 55 55 54 50 50 50 50 50 50 50 50 50 50 49 49 48 48 43 42 40 34 31 6 0 
90 90 90 90 90 90 90 90 90 89 89 89 89 89 89 89 89 88 86 81 80 80 77 74 74 51 50 50 50 50 50 50 50 50 50 50 48 48 46 45 43 43 41 36 35 18 14 12 0 0 
93 93 93 93 93 93 93 93 92 92 91 91 88 86 84 80 78 76 75 74 73 65 62 61 60 52 51 50 50 50 50 50 50 50 46 45 45 44 43 43 38 21 17 12 1 1 1 1 0 0 
98 97 97 97 97 97 97 97 97 96 95 94 94 94 93 93 92 88 88 78 78 78 77 77 75 74 67 62 62 59 59 54 54 54 54 54 52 50 43 26 25 22 18 17 17 10 7 4 4 4 
91 89 89 89 89 89 89 89 89 89 88 88 87 86 81 80 80 74 73 69 68 58 57 55 51 51 50 50 49 47 46 46 45 45 45 44 42 38 31 29 27 25 23 22 21 12 5 3 1 0 
96 96 96 96 96 96 96 96 96 96 96 90 90 79 79 68 66 65 62 59 58 56 54 52 52 51 51 50 50 50 50 49 49 48 47 41 41 31 22 19 16 15 14 13 12 2 2 2 2 2 
94 93 93 93 92 92 92 92 92 92 92 92 92 92 92 91 91 91 89 89 88 86 82 81 81 81 51 51 51 50 49 48 45 40 33 31 27 26 25 24 19 13 13 12 9 7 2 2 2 1 
89 89 89 89 89 89 89 89 89 89 89 88 88 86 85 81 80 80 78 77 74 70 69 68 59 57 55 54 50 50 50 50 50 48 47 45 43 42 29 23 19 19 9 4 2 1 0 0 0 0 
96 96 96 96 96 96 96 96 96 96 96 96 96 96 96 91 89 88 87 80 68 60 57 56 55 53 52 51 51 50 50 50 50 50 50 48 43 42 41 39 21 21 16 15 13 10 6 1 1 1 
91 91 91 91 91 91 91 91 91 91 91 91 91 91 91 91 90 80 80 80 80 76 65 64 64 53 52 52 52 50 50 49 44 44 43 41 37 18 15 13 6 5 4 2 2 2 2 2 2 2 
94 93 93 93 93 93 93 93 93 93 93 93 93 93 92 89 88 76 57 57 55 55 54 54 50 50 50 50 50 50 50 48 48 47 47 47 44 38 32 18 15 15 14 12 10 4 3 0 0 0 
97 96 96 95 95 95 95 95 95 95 95 95 94 94 94 94 94 94 93 93 83 83 81 79 76 75 64 60 59 59 58 56 52 51 51 50 50 49 49 49 49 48 48 23 20 18 16 16 13 12 
95 95 95 95 95 95 95 95 95 94 94 94 94 93 93 93 92 92 89 84 82 73 59 57 57 55 52 50 50 50 50 50 50 50 49 48 48 43 43 42 42 39 36 21 16 11 9 9 8 0 
92 92 92 92 91 91 91 91 91 91 91 91 90 90 90 90 89 89 87 87 86 86 82 78 60 58 52 51 50 50 50 50 50 50 50 47 46 45 44 43 43 39 33 32 27 8 1 1 1 1 
92 92 92 92 92 91 91 91 91 91 91 91 91 91 91 90 88 88 86 83 82 81 80 60 57 56 56 55 55 50 50 50 50 49 49 48 48 45 44 44 43 41 41 38 33 19 8 7 6 0 
91 91 91 91 91 91 91 91 91 90 90 90 90 89 88 87 81 81 81 77 74 71 68 68 61 60 59 58 58 52 51 51 50 50 50 49 49 41 38 35 34 33 31 12 3 3 3 3 3 1 
91 90 90 90 90 90 90 90 90 90 90 90 90 89 89 86 81 80 67 52 51 50 50 50 50 50 50 50 49 49 49 44 41 38 22 20 19 14 4 4 4 2 0 0 0 0 0 0 0 0 
89 89 89 88 88 88 88 88 88 88 88 86 86 85 82 82 82 75 56 56 56 56 56 55 52 51 51 49 46 45 45 45 44 40 39 37 31 31 25 25 21 15 13 12 12 12 4 4 4 3 
94 94 93 93 93 93 93 93 93 93 92 89 88 83 70 68 62 62 62 57 50 50 50 50 50 49 49 49 49 48 44 42 41 37 21 14 14 13 10 9 9 7 7 5 0 0 0 0 0 0 
94 94 94 94 94 94 94 94 93 92 89 89 83 81 80 80 76 64 60 50 50 50 50 50 49 49 45 38 37 31 24 20 17 15 12 10 7 5 3 3 3 2 1 0 0 0 0 0 0 0 
95 95 95 95 95 95 95 95 95 95 95 95 95 95 94 89 89 87 80 80 72 71 69 60 56 50 50 49 48 47 47 46 46 44 40 38 22 19 12 10 4 0 0 0 0 0 0 0 0 0 
