% Invoked: ./gella -d -r 3 -l biased_r3/run01 >& biased_r3/run01.log
% Ministry of Cellular Automata
% Project Deux (CS523 Spring 2015)
% Version:v0.1-70-g0624-dirty
%  pop:50
%  ic count:100
%  CA Log option:biased_r3/run01
%  width:121
%  max workers:4
%  radius:3
%  iterations:300
%  use bias:true
%  generations:50

 generation 0.1.1.50.50.0.0.51.50.1.1.0.1.1.1.1.1.50.50.50.0.1.0.1.0.1.1.1.1.50.47.1.0.1.0.50.1.1.0.0.1.1.50.1.50.1.1.0.1.1.1.xover.mutate.done 50
 generation 1.51.50.50.50.50.50.50.50.50.50.50.1.1.41.50.1.1.50.1.1.1.48.1.1.50.1.1.1.23.1.1.0.1.1.50.50.9.1.1.1.1.8.51.1.1.1.51.50.50.50.xover.mutate.done 50
 generation 2.50.50.50.50.50.50.50.50.50.50.50.0.50.51.51.46.50.50.5.0.0.0.0.30.50.0.50.51.1.50.0.50.50.50.50.50.1.50.0.5.56.51.50.1.50.50.51.51.50.5.xover.mutate.done 50
 generation 3.51.50.50.50.50.50.50.50.50.50.50.50.0.49.0.50.31.28.0.50.0.48.0.0.0.19.50.0.50.50.0.0.23.50.50.1.0.19.50.50.0.50.50.50.0.0.50.47.50.50.xover.mutate.done 50
 generation 4.56.50.49.50.50.50.49.52.52.52.52.2.8.14.2.52.50.9.50.8.2.50.52.0.50.2.50.34.52.2.0.50.0.25.50.0.2.19.23.2.9.2.50.0.31.36.2.52.50.2.xover.mutate.done 50
 generation 5.60.51.51.51.51.51.51.51.51.50.50.51.26.1.11.50.1.11.51.0.1.11.11.15.48.51.50.1.50.50.51.1.51.50.1.0.51.50.1.21.51.1.11.1.50.11.1.33.39.50.xover.mutate.done 50
 generation 6.55.51.51.51.51.51.51.51.51.51.51.2.51.1.2.1.11.2.51.2.51.51.17.51.2.51.51.51.51.2.40.51.51.51.12.51.2.1.51.6.2.51.2.2.51.51.51.51.51.51.xover.mutate.done 50
 generation 7.53.52.52.52.52.52.52.52.52.52.2.2.52.5.52.2.26.52.2.2.2.52.52.52.52.2.2.52.2.52.2.52.50.2.52.2.52.52.52.52.52.52.52.52.52.2.7.52.2.2.xover.mutate.done 50
 generation 8.53.51.51.51.51.51.51.50.51.51.51.8.51.51.1.51.1.1.51.1.1.1.31.4.1.1.10.51.51.51.1.1.51.51.51.1.1.1.37.51.51.1.1.51.1.51.1.51.1.51.xover.mutate.done 50
 generation 9.53.51.51.51.51.51.51.51.51.51.51.51.4.1.1.1.1.1.51.1.1.51.51.1.1.8.51.1.51.51.51.0.39.51.1.22.51.1.1.14.51.1.51.51.50.1.51.51.5.51.xover.mutate.done 50
 generation 10.55.50.50.50.50.50.50.50.50.50.33.2.45.50.2.50.50.2.50.50.48.50.35.50.2.2.50.50.2.32.12.50.50.50.36.50.50.50.14.0.0.50.50.50.2.50.50.50.32.12.xover.mutate.done 50
 generation 11.56.52.52.52.52.52.52.52.52.51.3.1.8.52.3.52.17.52.3.13.3.3.7.50.52.52.3.52.3.3.52.52.20.52.3.33.52.8.19.50.8.52.52.3.16.52.52.3.21.50.xover.mutate.done 50
 generation 12.55.51.51.51.51.51.51.51.51.51.27.11.42.51.51.1.1.1.21.12.6.1.1.1.1.1.20.1.0.19.40.43.50.51.51.51.1.6.13.1.9.6.51.50.7.50.2.9.6.50.xover.mutate.done 50
 generation 13.60.50.50.50.50.50.50.50.50.50.23.1.1.10.1.14.1.1.50.50.50.50.1.1.1.1.1.11.50.50.50.50.50.13.50.50.1.50.1.50.50.1.1.10.1.10.50.11.50.1.xover.mutate.done 50
 generation 14.55.50.50.50.50.50.50.50.50.50.2.11.2.16.6.50.50.19.6.2.10.7.9.2.2.50.2.50.50.2.12.50.2.2.5.50.50.50.10.6.50.4.35.4.12.50.2.14.50.20.xover.mutate.done 50
 generation 15.53.52.52.52.52.52.52.52.52.52.2.2.36.2.52.2.52.5.34.52.2.2.52.2.50.52.52.7.52.25.2.52.5.52.52.52.7.52.52.2.2.52.13.52.14.52.2.7.52.25.xover.mutate.done 50
 generation 16.54.52.52.52.52.52.52.52.52.52.2.52.52.2.2.4.2.2.52.52.52.52.22.52.52.2.2.2.52.2.52.15.2.52.52.2.2.52.2.52.2.52.52.2.11.50.52.2.50.4.xover.mutate.done 50
 generation 17.57.50.50.50.50.50.50.50.50.50.50.50.50.50.50.11.50.50.50.50.46.1.1.1.50.50.1.50.50.50.50.1.1.50.1.50.1.50.50.50.50.50.1.1.50.7.50.7.1.50.xover.mutate.done 50
 generation 18.53.50.50.50.50.50.50.50.50.50.0.0.50.50.0.50.50.0.50.50.50.0.50.0.50.13.50.0.50.50.0.50.50.0.50.0.0.50.50.50.0.50.0.17.50.0.50.50.50.21.xover.mutate.done 50
 generation 19.55.51.51.51.51.51.51.51.51.51.51.51.51.51.50.3.51.51.51.2.51.48.46.51.51.2.1.2.51.2.51.50.51.6.2.50.1.51.46.1.50.2.48.2.23.2.2.2.51.50.xover.mutate.done 50
 generation 20.55.50.50.50.50.50.50.50.50.50.50.7.50.19.2.2.2.50.2.42.50.50.14.50.50.50.3.2.3.50.50.50.2.22.5.50.50.50.50.50.16.8.50.50.2.2.15.14.50.13.xover.mutate.done 50
 generation 21.56.51.51.51.51.51.51.51.51.51.51.4.18.11.28.51.51.51.51.1.51.4.51.51.35.4.51.10.4.51.51.4.7.51.51.51.7.51.14.1.51.51.39.12.1.51.51.51.1.4.xover.mutate.done 50
 generation 22.51.50.50.50.50.50.50.50.50.50.50.0.4.0.2.3.9.0.14.50.0.50.0.6.1.0.46.50.0.0.50.3.0.50.1.0.0.50.50.50.50.15.0.7.0.50.19.0.0.50.xover.mutate.done 50
 generation 23.53.50.50.50.50.50.50.50.50.50.50.10.1.50.10.0.50.50.50.50.50.10.16.0.10.50.50.0.5.0.0.50.4.50.9.7.3.50.50.50.50.7.50.50.0.6.40.8.40.3.xover.mutate.done 50
 generation 24.55.50.50.50.50.50.50.50.50.50.50.0.50.0.50.50.50.8.50.40.0.50.50.50.50.17.8.12.0.33.45.9.46.50.4.40.50.0.0.50.50.0.1.9.0.50.50.0.0.50.xover.mutate.done 50
 generation 25.55.50.50.50.50.50.50.50.50.50.1.8.1.50.50.1.50.1.1.0.5.1.50.1.1.1.30.1.50.10.1.50.50.12.1.2.50.50.1.25.50.7.0.9.17.10.1.1.50.17.xover.mutate.done 50
 generation 26.53.50.50.50.50.50.50.50.50.50.1.23.50.1.28.5.50.19.6.50.6.50.10.50.1.1.12.50.50.1.24.50.10.9.50.1.50.50.1.50.50.50.1.50.50.50.1.50.1.50.xover.mutate.done 50
 generation 27.56.50.50.50.50.50.50.50.50.50.11.50.50.50.50.1.50.1.1.1.14.50.1.1.50.50.40.24.1.1.1.50.50.50.50.50.50.50.32.1.1.50.50.1.50.50.50.50.1.12.xover.mutate.done 50
 generation 28.51.51.51.51.51.51.51.51.51.51.2.2.51.2.51.2.51.16.51.14.51.2.51.51.2.2.51.40.51.51.51.51.51.46.2.4.4.51.51.2.51.51.51.51.2.5.7.2.51.51.xover.mutate.done 50
 generation 29.57.52.52.52.52.52.52.52.52.52.4.18.4.52.4.4.4.4.12.4.4.52.4.4.4.4.4.52.4.52.4.52.4.52.50.4.4.4.24.45.52.4.52.2.52.4.2.52.52.4.xover.mutate.done 50
 generation 30.55.51.51.51.51.51.51.51.51.51.2.2.2.2.1.24.2.2.51.11.1.51.2.51.2.2.51.2.2.2.2.51.2.6.2.2.10.2.2.48.2.2.2.16.51.35.2.2.2.2.xover.mutate.done 50
 generation 31.56.50.50.50.50.50.50.50.50.50.2.9.50.19.6.26.2.50.10.20.2.50.2.16.50.2.2.2.14.50.2.2.50.50.2.50.50.4.50.50.6.50.2.2.2.2.2.0.2.56.xover.mutate.done 50
 generation 32.52.52.53.53.53.53.53.53.53.53.53.53.4.53.4.4.53.53.11.6.4.53.3.53.4.53.4.53.53.5.10.23.53.53.4.4.4.4.53.4.41.5.53.51.4.53.53.53.53.4.xover.mutate.done 50
 generation 33.51.51.51.51.51.51.51.51.51.51.51.51.7.1.51.51.51.51.8.51.51.51.51.1.51.1.51.51.1.46.1.51.10.1.1.51.51.51.51.51.2.41.51.20.51.5.51.31.51.51.xover.mutate.done 50
 generation 34.51.51.51.51.51.51.51.51.51.51.21.1.51.1.0.51.51.51.51.51.51.51.51.17.1.51.22.51.31.1.1.51.51.51.51.51.1.51.12.46.51.51.51.51.51.48.51.27.1.1.xover.mutate.done 50
 generation 35.50.50.50.50.50.50.50.50.50.50.50.50.50.50.26.18.50.50.50.9.50.50.50.50.50.23.0.50.50.50.0.50.15.26.50.0.0.50.7.50.0.50.0.47.0.0.7.50.50.50.xover.mutate.done 50
 generation 36.50.50.50.50.50.50.50.50.50.50.50.14.0.34.50.0.23.23.50.50.21.0.50.16.50.50.50.21.50.50.37.50.50.6.50.0.50.50.0.50.0.8.0.0.50.23.0.0.0.50.xover.mutate.done 50
 generation 37.50.50.50.50.50.50.50.50.50.50.22.0.50.50.50.0.50.50.0.50.50.50.0.50.0.18.50.50.15.27.0.42.0.33.0.9.0.0.50.50.50.38.50.0.0.0.0.0.0.0.xover.mutate.done 50
 generation 38.51.51.51.51.51.51.51.51.51.51.39.10.33.1.1.51.39.1.0.51.1.51.1.1.51.9.1.7.50.51.1.1.50.1.51.1.13.9.1.51.50.1.51.30.51.51.51.9.1.51.xover.mutate.done 50
 generation 39.51.51.51.51.51.51.51.51.51.51.1.1.51.1.1.51.0.50.51.1.50.1.50.1.51.1.0.1.0.1.1.1.23.1.51.51.1.8.51.1.51.1.51.51.51.1.1.51.1.1.xover.mutate.done 50
 generation 40.51.51.51.51.51.51.51.51.51.51.1.1.51.51.51.48.51.2.51.1.2.51.50.1.51.1.50.51.1.50.50.26.2.51.51.51.45.51.51.1.51.35.2.1.51.51.1.51.51.2.xover.mutate.done 50
 generation 41.50.50.50.50.50.50.50.50.50.50.1.50.50.50.50.11.50.50.50.50.50.50.0.50.50.50.50.50.50.50.50.50.31.50.50.1.50.50.1.50.1.11.50.6.1.50.50.50.20.6.xover.mutate.done 50
 generation 42.50.50.50.50.50.50.50.50.50.50.50.0.0.50.50.0.50.0.50.50.50.0.50.0.50.0.50.0.50.50.50.50.0.0.0.50.0.0.50.50.50.50.0.50.50.0.0.50.0.50.xover.mutate.done 50
 generation 43.51.51.51.51.51.51.51.51.51.51.1.51.51.51.50.51.51.50.1.50.51.1.1.51.12.51.2.1.51.1.1.0.51.1.50.31.28.1.51.1.51.1.1.1.50.1.51.0.51.51.xover.mutate.done 50
 generation 44.50.50.50.50.50.50.50.50.50.50.3.0.50.3.50.39.38.50.50.3.50.50.3.12.3.0.3.3.50.3.3.6.50.50.11.50.3.50.50.3.3.12.3.3.3.50.50.50.50.50.xover.mutate.done 50
 generation 45.53.53.53.53.53.53.53.53.53.53.5.20.36.53.53.5.5.20.44.53.53.29.30.5.53.5.53.53.5.5.5.5.53.5.34.53.53.53.53.53.32.53.53.53.53.53.53.53.5.53.xover.mutate.done 50
 generation 46.50.50.50.50.50.50.50.50.50.50.50.1.0.1.42.50.0.1.50.50.1.1.50.50.1.50.1.50.50.50.1.50.1.31.1.50.50.50.50.9.50.9.50.50.50.17.9.1.1.50.xover.mutate.done 50
 generation 47.50.50.50.50.50.50.50.50.50.50.50.50.50.50.1.16.17.50.50.8.50.50.50.6.50.50.50.50.50.50.50.1.50.5.50.50.50.50.50.1.50.6.50.50.47.1.50.50.36.50.xover.mutate.done 50
 generation 48.51.51.51.51.51.51.51.51.51.51.51.1.1.50.1.51.51.9.7.1.0.9.51.51.51.51.51.1.1.51.51.1.51.1.1.51.51.51.8.1.1.1.1.50.8.1.1.51.51.51.xover.mutate.done 50
 generation 49.53.53.53.53.53.53.53.53.53.53.50.53.53.4.53.53.53.53.53.53.53.4.53.50.53.4.53.53.53.4.53.4.5.53.19.4.53.53.4.53.52.4.53.53.4.13.1.53.53.53.xover.mutate.done 50
 27748002 iters     691140 iter/sec (40.15 s)
 total time: 40.15
