0.8671875 0.71875 0.8671875 0.203125 0.109375 0.6875 0.09375 0.7890625 0.4765625 0.859375 
0.8125 0.859375 0.8828125 0.1015625 0.1171875 0.0625 0.1796875 0.953125 0.9765625 0.328125 
0.1171875 0.1171875 0.8125 0.859375 0.8828125 0.1015625 0.0625 0.1796875 0.953125 0.9765625 
0.1171875 0.1171875 0.8125 0.859375 0.8828125 0.1015625 0.0625 0.1796875 0.953125 0.9765625 
0.1171875 0.1171875 0.34375 0.140625 0.328125 0.2734375 0.8125 0.859375 0.8828125 0.1015625 
0.1171875 0.1171875 0.34375 0.140625 0.2734375 0.8125 0.15625 0.6640625 0.2734375 0.78125 
0.375 0.8125 0.6640625 0.78125 0.7265625 0.7578125 0.7578125 0.6875 0.828125 0.7578125 
0.375 0.4296875 0.3359375 0.375 0.8125 0.6640625 0.78125 0.7265625 0.7578125 0.7578125 
0.375 0.4140625 0.4296875 0.3359375 0.4140625 0.375 0.8125 0.6640625 0.78125 0.7265625 
0.375 0.4140625 0.4296875 0.40625 0.3359375 0.4375 0.4140625 0.375 0.4140625 0.2578125 
0.375 0.4140625 0.4296875 0.40625 0.3984375 0.3359375 0.4140625 0.4140625 0.4140625 0.4140625 
0.375 0.4140625 0.4296875 0.40625 0.3984375 0.3359375 0.40625 0.390625 0.4453125 0.4140625 
0.375 0.4140625 0.4296875 0.390625 0.3984375 0.40625 0.3984375 0.3359375 0.4453125 0.4296875 
0.40625 0.375 0.4140625 0.40625 0.4296875 0.390625 0.40625 0.3984375 0.421875 0.3984375 
0.40625 0.375 0.4140625 0.40625 0.4296875 0.4140625 0.453125 0.3828125 0.390625 0.4140625 
0.375 0.3828125 0.40625 0.40625 0.421875 0.4140625 0.4140625 0.4453125 0.4375 0.4140625 
0.375 0.40625 0.421875 0.421875 0.3828125 0.40625 0.4140625 0.4140625 0.4375 0.4453125 
0.375 0.40625 0.421875 0.421875 0.3828125 0.40625 0.4296875 0.4140625 0.4140625 0.4375 
0.4296875 0.390625 0.421875 0.421875 0.375 0.375 0.40625 0.3828125 0.4375 0.3828125 
0.375 0.4296875 0.421875 0.421875 0.40625 0.3828125 0.4296875 0.4140625 0.390625 0.3828125 
0.375 0.421875 0.421875 0.40625 0.4140625 0.3984375 0.4296875 0.4296875 0.3828125 0.4296875 
0.421875 0.4140625 0.375 0.3984375 0.3828125 0.40625 0.4296875 0.4296875 0.40625 0.421875 
0.421875 0.40625 0.375 0.3828125 0.40625 0.4296875 0.421875 0.375 0.421875 0.3984375 
0.4140625 0.421875 0.40625 0.421875 0.46875 0.40625 0.4296875 0.421875 0.375 0.3984375 
0.375 0.4140625 0.421875 0.4140625 0.4140625 0.40625 0.3984375 0.4296875 0.421875 0.375 
0.4140625 0.4140625 0.4140625 0.4140625 0.40625 0.4140625 0.375 0.421875 0.375 0.3984375 
0.4140625 0.375 0.375 0.4140625 0.4140625 0.4140625 0.4140625 0.4140625 0.4140625 0.40625 
0.4140625 0.421875 0.375 0.375 0.40625 0.375 0.3828125 0.4296875 0.4140625 0.4140625 
0.375 0.375 0.375 0.3828125 0.40625 0.4140625 0.4140625 0.4375 0.4140625 0.421875 
0.4375 0.375 0.375 0.375 0.3828125 0.4140625 0.4140625 0.4140625 0.4140625 0.3828125 
0.4375 0.4375 0.375 0.375 0.375 0.3828125 0.4140625 0.4140625 0.4140625 0.4140625 
0.4375 0.4140625 0.4140625 0.4140625 0.4140625 0.4296875 0.4140625 0.421875 0.4140625 0.4375 
0.4140625 0.4140625 0.4140625 0.4140625 0.4140625 0.421875 0.4140625 0.421875 0.4296875 0.4375 
0.421875 0.4140625 0.4140625 0.4140625 0.4140625 0.421875 0.4140625 0.421875 0.4375 0.4140625 
0.4375 0.4140625 0.4140625 0.4140625 0.4140625 0.421875 0.4140625 0.421875 0.421875 0.421875 
0.4140625 0.4140625 0.4140625 0.4140625 0.421875 0.4140625 0.421875 0.421875 0.421875 0.4140625 
0.40625 0.4140625 0.4140625 0.40625 0.4140625 0.4140625 0.4140625 0.4140625 0.421875 0.421875 
0.4140625 0.40625 0.4140625 0.4140625 0.4140625 0.4140625 0.421875 0.421875 0.4453125 0.4140625 
0.4140625 0.40625 0.4140625 0.4140625 0.4140625 0.4140625 0.421875 0.421875 0.4453125 0.4140625 
0.4140625 0.40625 0.4140625 0.4140625 0.4140625 0.4140625 0.421875 0.421875 0.4453125 0.4140625 
0.4296875 0.4140625 0.40625 0.4140625 0.4140625 0.4140625 0.4140625 0.421875 0.421875 0.4453125 
0.4140625 0.4140625 0.4296875 0.40625 0.4140625 0.4140625 0.4140625 0.4140625 0.421875 0.421875 
0.4140625 0.40625 0.4140625 0.4140625 0.4140625 0.4140625 0.4140625 0.3828125 0.421875 0.4140625 
0.40625 0.421875 0.4140625 0.421875 0.4140625 0.4140625 0.4140625 0.4140625 0.4140625 0.4140625 
0.40625 0.421875 0.421875 0.4140625 0.3984375 0.4140625 0.4140625 0.4140625 0.4140625 0.4140625 
0.4140625 0.3984375 0.4140625 0.4140625 0.4140625 0.4140625 0.4140625 0.4140625 0.4140625 0.40625 
0.4140625 0.4140625 0.3984375 0.4140625 0.4140625 0.4140625 0.4140625 0.4140625 0.4140625 0.40625 
0.4140625 0.3984375 0.4140625 0.4140625 0.4140625 0.4140625 0.4140625 0.4140625 0.4140625 0.40625 
0.3984375 0.421875 0.4140625 0.4140625 0.4140625 0.4140625 0.4140625 0.4140625 0.4140625 0.40625 
0.3984375 0.4140625 0.4140625 0.4140625 0.4140625 0.4140625 0.4140625 0.40625 0.421875 0.4140625 
