50 50 50 50 50 50 50 50 50 50 50 32 15 2 2 2 2 2 2 2 2 2 2 2 1 1 1 1 1 1 1 1 1 1 1 1 1 1 1 1 1 1 1 1 1 1 1 1 1 1 
59 50 50 50 50 50 50 50 50 50 50 50 50 50 50 50 50 50 50 50 50 50 17 10 4 3 3 0 0 0 0 0 0 0 0 0 0 0 0 0 0 0 0 0 0 0 0 0 0 0 
56 51 51 51 51 51 51 51 50 50 50 50 50 50 50 50 50 50 50 50 50 50 50 50 50 50 50 50 50 6 5 5 3 2 2 2 2 2 2 2 2 2 2 1 1 1 1 1 1 1 
68 52 52 52 52 52 52 52 52 52 51 51 51 51 51 51 51 51 50 50 50 50 50 50 50 50 50 7 4 3 3 3 3 3 3 3 3 3 3 3 2 1 1 1 1 1 1 1 1 1 
57 52 52 52 52 52 52 52 52 52 52 52 52 50 50 50 50 50 50 49 11 11 2 2 2 2 2 2 2 2 2 2 2 2 2 2 2 2 2 2 0 0 0 0 0 0 0 0 0 0 
62 53 53 53 53 53 53 53 53 53 53 53 53 51 51 31 29 12 12 11 10 7 4 4 4 4 4 4 4 4 4 4 4 4 4 4 4 3 3 3 3 3 3 1 1 1 1 1 1 1 
60 51 51 51 51 51 51 51 51 51 51 51 51 51 50 7 6 6 5 5 1 1 1 1 1 1 1 1 1 1 1 1 1 1 1 1 1 1 1 1 1 1 1 1 1 1 0 0 0 0 
64 51 51 51 51 51 51 51 51 51 51 51 51 51 51 51 51 50 50 50 6 5 2 1 1 1 1 1 1 1 1 1 1 1 1 1 1 1 1 1 1 1 1 1 1 1 1 0 0 0 
56 50 50 50 50 50 50 50 50 50 50 50 50 50 50 50 50 50 50 50 6 1 1 1 1 1 1 1 1 1 1 1 1 1 1 1 1 1 1 1 1 1 0 0 0 0 0 0 0 0 
64 50 50 50 50 50 50 50 50 50 50 50 50 50 50 50 50 50 50 50 50 50 50 49 44 43 41 34 2 2 2 2 2 2 2 2 2 2 2 2 2 2 2 2 2 2 0 0 0 0 
59 50 50 50 50 50 50 50 50 50 50 50 50 50 50 50 50 50 50 50 50 50 50 50 50 50 50 50 35 27 25 23 0 0 0 0 0 0 0 0 0 0 0 0 0 0 0 0 0 0 
56 51 51 51 51 51 51 51 51 51 51 51 51 51 51 51 51 51 51 51 51 50 50 50 50 50 50 50 46 43 28 25 19 10 10 5 4 4 4 4 4 4 4 4 3 3 3 3 1 1 
65 64 51 51 51 51 51 51 51 51 51 51 51 51 51 51 51 51 51 51 51 51 51 50 50 50 50 50 21 8 5 2 2 2 2 2 2 2 2 2 2 2 2 2 1 1 1 1 1 1 
59 56 51 51 51 51 51 51 51 51 51 51 51 51 51 51 51 51 51 51 51 51 51 50 50 34 30 28 26 10 9 1 1 1 1 1 1 1 1 1 1 1 1 1 0 0 0 0 0 0 
62 57 53 53 51 51 51 51 51 51 51 51 51 51 51 51 51 51 51 51 51 51 51 50 44 40 28 17 4 3 3 3 3 3 3 3 3 3 3 3 3 3 3 3 3 3 2 2 2 1 
81 62 57 57 55 50 50 50 50 50 50 50 50 50 50 50 50 50 50 49 39 25 15 12 6 0 0 0 0 0 0 0 0 0 0 0 0 0 0 0 0 0 0 0 0 0 0 0 0 0 
83 67 63 60 59 51 51 51 51 51 51 51 51 51 51 51 50 50 50 48 47 25 16 12 11 11 7 2 2 2 2 2 2 2 2 2 2 2 2 2 2 2 2 2 1 1 1 1 1 1 
75 60 58 55 54 51 50 50 50 50 50 50 50 50 50 50 50 50 49 48 13 9 1 1 1 1 1 1 1 1 1 1 1 1 1 1 1 1 1 1 1 1 1 1 1 1 1 1 0 0 
84 61 58 58 57 56 51 51 51 51 51 51 51 51 51 50 50 41 11 11 9 8 2 2 2 2 2 2 2 2 2 2 2 2 2 2 2 2 2 1 1 1 1 1 1 1 1 1 1 1 
82 66 60 59 59 57 51 51 51 51 51 51 51 51 51 50 39 5 2 2 2 2 2 2 2 2 2 2 2 2 2 2 2 2 2 2 2 2 2 2 2 2 1 1 1 1 1 1 1 1 
85 63 60 57 56 56 56 50 50 50 50 50 50 50 50 32 20 12 10 10 10 4 4 0 0 0 0 0 0 0 0 0 0 0 0 0 0 0 0 0 0 0 0 0 0 0 0 0 0 0 
70 61 56 55 55 55 55 53 50 50 50 50 50 50 50 50 50 46 45 33 9 8 7 3 2 2 2 2 2 2 2 2 2 2 2 2 2 2 2 2 0 0 0 0 0 0 0 0 0 0 
85 63 62 58 58 58 58 57 57 56 56 52 52 52 52 52 51 50 50 50 50 45 38 29 22 19 17 15 13 8 8 3 3 3 3 3 3 3 3 3 2 2 2 2 2 2 2 1 1 1 
75 65 61 61 57 57 56 56 55 55 55 55 55 53 53 53 53 53 53 50 50 50 46 29 19 9 9 8 4 4 4 4 4 4 4 4 4 4 4 3 3 3 3 1 1 1 1 1 1 1 
79 79 63 60 58 57 56 54 54 54 54 54 54 53 53 50 50 50 50 43 43 43 42 40 28 23 11 11 10 9 8 7 4 4 4 4 4 4 4 4 4 4 4 0 0 0 0 0 0 0 
82 82 82 76 65 61 61 60 60 60 59 59 59 59 58 56 52 51 51 51 51 51 51 51 50 50 50 50 50 49 45 31 28 20 15 15 9 9 9 8 1 1 1 1 1 1 0 0 0 0 
81 81 81 75 60 58 56 54 54 53 51 51 51 51 50 50 50 50 50 50 50 50 50 50 50 42 35 26 10 8 7 7 4 0 0 0 0 0 0 0 0 0 0 0 0 0 0 0 0 0 
81 81 81 81 80 78 65 60 56 56 55 55 55 55 52 50 50 50 50 50 50 50 50 50 50 50 43 39 34 31 18 11 8 8 8 8 5 3 3 3 3 3 3 3 3 3 3 3 0 0 
77 77 77 77 76 76 76 76 74 72 66 60 58 58 58 58 56 56 56 55 55 51 50 47 47 43 43 41 37 34 22 9 8 6 2 1 1 1 1 1 1 1 1 1 1 0 0 0 0 0 
88 87 87 87 87 87 84 84 84 84 84 84 79 61 61 59 54 51 51 51 51 50 50 44 43 40 35 28 25 24 24 22 22 21 15 13 10 10 8 8 6 5 2 2 1 1 1 1 1 1 
87 74 74 74 74 74 73 72 72 72 72 72 72 71 61 57 57 54 54 50 50 50 50 50 50 50 49 48 47 46 44 40 34 30 30 30 23 20 15 14 10 7 7 3 1 1 1 0 0 0 
94 86 83 83 83 83 81 81 80 80 80 80 80 78 77 76 67 55 54 52 50 50 50 50 50 50 48 44 44 40 39 35 34 34 33 22 19 13 8 3 2 2 2 2 2 2 2 2 0 0 
86 85 85 85 80 80 80 80 80 80 79 79 79 78 78 77 77 77 72 70 62 61 59 50 50 48 46 43 42 40 39 32 30 29 25 24 21 11 8 8 5 1 1 1 1 1 1 1 1 1 
92 91 90 90 90 90 89 88 88 88 88 86 86 72 64 56 54 53 53 52 51 51 51 50 49 49 48 48 47 46 46 46 45 43 43 40 38 36 32 28 19 17 14 11 4 3 3 3 3 3 
92 90 90 90 89 89 89 89 88 88 88 88 88 87 69 69 63 55 55 54 54 53 51 51 51 51 51 50 50 49 48 48 47 44 44 44 34 33 28 27 21 18 7 7 1 1 1 1 1 1 
96 95 92 89 89 88 87 87 87 87 87 87 85 75 66 65 64 60 60 59 59 59 58 58 58 54 54 52 52 52 52 50 49 49 48 48 48 46 36 29 25 22 17 16 9 9 8 3 3 3 
95 95 94 91 89 86 86 84 84 84 84 84 83 82 79 78 72 58 56 53 53 52 51 50 50 50 50 50 48 47 46 40 40 35 30 24 21 21 11 10 9 6 5 5 5 4 4 3 1 1 
95 93 92 92 92 91 91 90 87 85 85 85 85 85 84 84 84 83 83 79 64 62 58 55 52 52 52 52 51 49 48 44 42 42 35 31 20 17 12 10 9 9 8 8 7 6 6 2 2 2 
91 91 91 90 90 90 89 88 83 80 80 66 58 56 56 55 55 52 52 52 52 50 50 47 47 47 46 45 41 39 25 25 17 15 15 10 9 9 7 6 5 3 3 3 3 3 3 3 3 3 
96 95 92 92 91 91 90 89 89 86 84 80 80 71 68 67 57 50 47 46 46 43 39 34 33 31 27 24 23 20 18 16 14 14 11 10 9 8 7 7 6 3 2 1 1 1 1 1 1 0 
94 93 93 92 91 91 90 89 87 84 59 59 56 56 55 55 53 50 50 50 50 49 48 48 46 46 45 44 41 36 36 35 24 23 11 6 5 0 0 0 0 0 0 0 0 0 0 0 0 0 
90 90 90 90 89 88 88 87 87 86 84 80 59 58 53 52 52 51 50 50 50 50 50 50 49 45 45 44 43 38 37 31 23 22 11 11 5 5 5 5 4 1 1 1 1 1 1 1 1 1 
92 92 92 91 90 90 90 88 88 87 86 85 84 72 67 64 54 51 51 51 51 51 48 48 47 46 44 43 32 29 21 19 12 11 11 11 9 9 9 9 9 3 3 3 3 3 3 3 2 2 
97 97 97 95 95 95 95 95 95 95 95 94 93 93 91 70 64 64 64 61 61 61 60 59 59 56 51 51 51 51 51 50 48 45 45 45 45 36 19 13 12 12 12 11 6 1 1 1 1 1 
93 93 93 91 90 89 89 89 89 89 89 87 86 85 60 59 59 55 52 51 50 50 50 50 50 50 50 50 50 50 48 42 41 38 36 24 20 18 17 14 11 6 5 4 0 0 0 0 0 0 
84 84 84 84 83 83 83 83 83 81 72 64 63 60 55 52 52 50 50 50 50 50 50 50 50 50 50 48 48 40 32 28 21 17 14 11 11 8 6 6 1 1 1 1 1 1 1 1 1 1 
91 88 88 88 86 86 86 86 86 86 65 64 62 57 55 51 51 51 51 51 51 51 50 50 43 43 42 41 39 38 37 37 29 26 22 21 19 16 15 13 10 5 1 1 1 1 1 1 1 0 
91 88 88 88 87 87 87 87 87 87 86 86 70 57 56 55 54 50 50 50 50 50 50 50 50 50 49 47 47 45 44 42 34 24 20 19 17 16 8 7 1 0 0 0 0 0 0 0 0 0 
96 96 96 95 94 94 94 94 94 94 88 60 59 56 56 55 52 52 52 52 52 52 52 52 51 49 45 40 32 23 17 14 14 14 8 2 2 2 2 2 2 2 2 2 2 2 2 2 2 0 
93 93 93 93 90 90 90 90 90 89 82 54 54 52 52 51 51 51 51 51 51 50 50 50 49 48 48 47 46 44 44 43 42 40 38 33 30 21 12 11 9 9 9 7 7 4 4 4 4 1 
