% Invoked: ./gella -d -r 3 -l biased_r3/run06 >& biased_r3/run06.log
% Ministry of Cellular Automata
% Project Deux (CS523 Spring 2015)
% Version:v0.1-70-g0624-dirty
%  pop:50
%  ic count:100
%  CA Log option:biased_r3/run06
%  width:121
%  max workers:4
%  radius:3
%  iterations:300
%  use bias:true
%  generations:50

 generation 0.0.1.1.1.1.0.1.1.1.50.50.1.1.1.1.50.2.1.0.50.0.1.1.1.1.24.1.1.50.50.1.0.1.0.0.0.0.1.50.1.1.1.23.1.1.3.51.1.50.1.xover.mutate.done 50
 generation 1.50.50.50.50.51.50.50.50.50.25.1.1.1.10.0.1.1.1.50.1.1.1.1.1.1.24.0.1.50.1.1.1.1.9.0.1.0.0.0.1.0.1.0.0.42.50.51.1.0.50.xover.mutate.done 50
 generation 2.50.50.50.50.50.50.50.50.50.50.50.26.50.0.0.0.0.0.0.50.0.50.0.50.50.50.0.0.0.0.0.0.0.0.0.0.50.4.15.0.0.0.13.50.0.50.0.0.8.0.xover.mutate.done 50
 generation 3.52.52.50.50.50.50.50.50.50.50.52.2.2.2.50.0.50.50.50.50.0.2.2.50.50.50.2.50.52.0.0.50.2.50.50.50.2.2.52.50.0.50.0.50.2.2.2.2.52.2.xover.mutate.done 50
 generation 4.51.51.51.51.50.51.51.50.50.50.1.2.51.51.7.50.2.50.51.2.51.1.50.51.51.27.1.50.1.23.51.50.50.6.50.2.1.50.50.2.1.50.51.1.1.2.1.50.24.1.xover.mutate.done 50
 generation 5.50.50.50.50.50.51.50.51.50.51.1.50.50.50.1.1.51.84.50.1.51.1.50.22.3.0.51.51.0.0.51.50.3.50.50.1.51.0.5.50.50.50.0.1.1.0.10.1.51.1.xover.mutate.done 50
 generation 6.84.51.51.51.51.51.51.51.51.51.55.51.51.50.1.2.1.23.2.2.50.50.2.1.1.51.59.2.51.51.51.51.82.51.2.2.50.2.8.51.51.51.30.2.15.1.2.50.2.31.xover.mutate.done 50
 generation 7.89.84.69.55.52.52.52.52.52.52.52.52.2.12.14.0.0.52.2.25.52.52.63.85.2.0.52.52.2.52.2.52.2.38.52.50.50.52.52.0.50.2.52.52.2.21.52.2.17.15.xover.mutate.done 50
 generation 8.90.88.87.72.59.59.50.50.50.50.50.50.0.50.0.50.40.2.50.50.0.2.2.50.2.50.84.0.59.50.2.52.2.50.2.2.14.50.2.50.2.50.17.11.2.19.2.64.50.16.xover.mutate.done 50
 generation 9.90.90.88.85.67.57.59.55.59.52.52.7.17.41.14.4.36.10.21.65.52.54.21.52.2.85.52.52.8.40.15.4.34.8.52.52.4.52.8.4.4.56.39.2.45.12.4.4.41.59.xover.mutate.done 50
 generation 10.90.90.88.78.78.69.62.60.60.60.3.53.52.63.49.4.54.31.59.60.20.1.32.23.21.11.4.11.53.64.59.48.9.3.22.58.13.51.63.17.16.53.62.51.60.22.17.29.59.49.xover.mutate.done 50
 generation 11.87.85.85.78.79.64.58.58.62.55.35.0.42.7.16.44.55.41.49.50.42.62.50.54.4.83.50.51.56.50.0.47.76.40.41.50.56.11.48.41.12.50.16.19.39.60.25.0.14.50.xover.mutate.done 50
 generation 12.91.91.89.89.83.85.69.68.62.59.1.22.1.49.49.42.69.55.61.21.65.40.50.9.16.50.26.54.62.5.59.61.48.1.90.62.43.16.74.62.62.1.44.1.51.47.57.1.92.20.xover.mutate.done 50
 generation 13.92.92.92.92.92.88.85.85.80.66.24.39.1.14.25.32.13.51.51.7.52.50.60.40.86.60.49.51.49.43.1.1.51.45.0.92.4.92.92.48.51.51.52.7.24.49.59.58.47.40.xover.mutate.done 50
 generation 14.91.92.90.91.86.90.87.92.84.88.75.70.37.35.30.89.0.91.19.23.50.8.31.41.48.0.14.44.50.0.27.27.50.49.52.90.49.45.32.50.0.0.50.11.16.54.45.43.50.82.xover.mutate.done 50
 generation 15.83.82.83.82.83.80.80.79.80.78.47.1.80.34.50.16.27.47.26.83.77.19.33.0.79.14.60.53.76.80.80.35.0.50.59.27.0.39.50.33.3.0.10.31.0.57.50.50.50.79.xover.mutate.done 50
 generation 16.90.89.89.89.89.89.87.87.87.87.79.3.45.76.31.47.48.42.2.56.64.52.86.17.89.7.79.60.32.3.87.87.2.82.14.1.75.45.33.21.23.82.51.87.87.42.9.48.69.68.xover.mutate.done 50
 generation 17.87.87.88.88.87.86.89.84.84.84.6.1.0.69.87.81.20.1.30.51.84.8.88.85.85.58.85.89.7.43.1.1.10.65.84.25.39.4.0.50.56.35.1.22.17.76.87.48.50.38.xover.mutate.done 50
 generation 18.90.89.90.90.87.91.90.89.86.90.1.5.67.70.51.24.47.34.2.51.48.85.88.70.90.1.74.11.2.66.89.31.19.36.2.3.36.24.1.50.50.45.73.10.39.6.53.76.90.51.xover.mutate.done 50
 generation 19.89.88.89.89.89.88.87.89.87.86.47.20.16.31.4.21.15.48.89.34.50.65.38.29.2.33.37.50.50.54.0.38.31.50.67.43.40.78.52.89.71.1.85.1.1.1.1.55.50.1.xover.mutate.done 50
 generation 20.92.90.90.91.93.92.88.91.92.91.17.1.1.82.35.22.1.47.17.94.25.50.1.67.50.51.1.43.55.1.23.34.20.24.43.1.46.1.51.91.51.89.18.1.1.50.58.50.1.0.xover.mutate.done 50
 generation 21.94.86.88.87.88.88.88.87.91.88.48.32.62.64.1.63.36.51.11.47.37.35.6.63.88.11.50.21.19.20.49.88.45.1.79.50.52.1.16.70.5.51.85.50.50.51.50.66.27.44.xover.mutate.done 50
 generation 22.92.90.85.85.86.86.86.86.85.86.44.85.88.52.53.31.13.9.35.14.87.50.37.60.12.3.25.3.30.53.64.3.36.3.50.9.94.58.53.31.49.50.52.50.50.85.27.50.53.59.xover.mutate.done 50
 generation 23.90.90.85.83.83.89.88.88.87.89.85.50.92.56.65.43.0.50.0.50.11.28.82.0.83.90.68.0.68.41.90.65.49.83.8.22.43.50.57.0.50.25.50.50.50.58.50.60.1.50.xover.mutate.done 50
 generation 24.91.92.91.92.92.87.88.86.87.88.36.92.45.68.79.12.1.50.87.83.85.50.50.50.50.0.41.28.91.0.81.92.0.47.53.92.78.0.40.20.50.34.0.50.0.53.48.72.1.66.xover.mutate.done 50
 generation 25.92.92.92.92.91.92.93.89.93.89.92.0.3.22.48.0.43.53.84.62.33.46.40.28.94.50.0.25.46.86.28.3.91.14.88.9.0.46.60.89.59.23.67.49.0.50.44.89.46.49.xover.mutate.done 50
 generation 26.95.93.93.92.92.92.92.92.92.93.89.2.56.94.41.59.50.2.51.52.2.2.52.93.16.84.64.51.43.51.10.52.36.53.2.49.48.80.2.10.17.23.93.93.2.86.92.92.43.12.xover.mutate.done 50
 generation 27.92.92.94.94.93.94.94.91.93.93.56.20.48.50.3.47.49.34.88.10.0.88.50.78.77.61.93.74.39.8.8.59.41.49.53.8.63.92.0.92.41.90.3.21.50.92.13.3.0.58.xover.mutate.done 50
 generation 28.90.90.90.90.89.90.90.93.90.89.3.48.7.9.51.44.42.47.50.50.50.13.51.89.87.90.90.50.49.88.4.48.48.48.34.53.50.86.50.3.89.37.54.1.90.50.53.0.1.51.xover.mutate.done 50
 generation 29.92.92.92.92.92.92.92.92.92.92.84.55.61.86.55.50.90.90.89.50.75.92.50.42.50.89.93.54.79.91.50.91.40.50.49.92.50.48.49.87.6.34.50.0.48.43.50.31.83.50.xover.mutate.done 50
 generation 30.90.89.89.89.89.89.90.90.89.90.50.35.88.74.50.46.86.48.50.12.43.80.80.90.0.74.50.50.0.50.18.50.14.41.81.77.48.90.51.90.50.90.90.36.89.50.89.45.43.50.xover.mutate.done 50
 generation 31.91.93.93.93.93.92.93.93.93.92.50.91.17.74.52.1.1.44.50.43.1.0.76.65.1.0.50.12.21.38.61.51.60.50.75.50.46.45.88.43.84.78.50.50.62.93.86.73.80.45.xover.mutate.done 50
 generation 32.97.97.97.97.94.97.97.97.93.97.25.50.26.59.7.59.96.52.18.4.17.17.4.98.54.78.4.77.88.54.22.75.95.67.62.54.93.92.54.54.62.10.77.74.43.78.94.78.94.88.xover.mutate.done 50
 generation 33.87.89.89.89.89.89.89.89.91.88.89.29.5.74.45.55.88.0.45.49.69.51.27.21.73.23.3.89.80.44.58.25.46.80.57.68.12.47.46.45.86.1.50.51.50.31.22.81.38.42.xover.mutate.done 50
 generation 34.90.96.96.96.96.96.96.96.96.96.2.2.96.2.49.52.50.56.15.41.68.52.13.58.51.59.12.50.22.66.96.54.47.51.65.79.19.79.49.14.2.50.48.90.41.31.2.50.16.62.xover.mutate.done 50
 generation 35.92.92.92.92.92.93.92.92.92.92.2.49.51.13.51.2.24.93.91.9.45.89.81.12.92.92.50.81.94.27.88.13.93.86.33.91.81.19.82.48.31.2.51.25.89.91.26.7.1.40.xover.mutate.done 50
 generation 36.86.88.89.89.89.89.89.89.89.89.0.42.59.80.0.78.0.9.0.43.77.89.85.48.4.50.23.50.19.50.47.45.81.88.80.50.54.29.57.1.19.55.68.74.89.89.2.50.69.70.xover.mutate.done 50
 generation 37.96.96.96.96.96.96.96.96.96.96.1.96.96.15.6.68.96.1.53.50.96.52.51.42.80.88.50.41.43.48.16.50.1.21.21.87.10.57.50.56.50.96.91.13.60.39.50.55.89.51.xover.mutate.done 50
 generation 38.91.91.91.91.91.91.91.91.91.91.65.80.90.64.2.91.2.6.91.80.2.52.53.91.2.18.91.52.4.37.13.43.44.41.2.80.44.49.2.64.80.76.91.91.50.2.52.5.50.15.xover.mutate.done 50
 generation 39.93.93.93.93.93.93.93.93.93.93.94.50.50.47.93.89.54.55.3.93.93.50.15.47.10.32.50.48.88.47.50.50.0.15.12.57.57.14.76.18.0.92.54.38.50.55.0.4.44.48.xover.mutate.done 50
 generation 40.94.94.95.95.95.95.95.95.95.94.49.52.59.96.16.49.49.18.95.81.50.76.49.94.16.83.97.93.51.13.79.96.94.59.95.93.64.50.56.58.75.23.20.51.60.12.94.83.48.48.xover.mutate.done 50
 generation 41.94.95.93.95.95.95.95.95.94.94.48.50.0.42.48.21.50.16.95.50.39.43.50.11.93.92.95.49.9.9.57.89.50.55.82.94.92.50.36.50.93.52.95.84.57.43.73.8.59.42.xover.mutate.done 50
 generation 42.91.92.91.91.91.91.91.90.92.92.78.60.89.47.87.91.43.86.39.50.50.86.32.90.1.52.1.91.92.1.82.89.90.87.51.50.33.90.43.45.58.50.50.44.50.27.50.46.1.8.xover.mutate.done 50
 generation 43.92.92.91.92.91.91.91.91.91.91.41.92.57.50.19.45.49.80.50.55.48.86.83.91.0.8.60.88.44.81.49.44.91.55.48.56.7.43.92.41.33.50.56.90.82.50.88.6.91.38.xover.mutate.done 50
 generation 44.90.90.90.91.91.91.91.91.91.91.3.51.81.87.49.3.60.58.1.51.81.50.71.41.31.91.81.12.89.50.88.3.68.35.74.77.90.34.59.68.61.58.38.49.3.91.52.3.33.50.xover.mutate.done 50
 generation 45.90.90.91.90.90.90.90.90.90.90.50.89.41.0.0.19.81.0.52.49.44.80.67.49.20.50.86.49.2.50.0.4.14.38.90.50.0.90.22.4.0.50.90.0.50.50.89.0.51.4.xover.mutate.done 50
 generation 46.89.88.89.89.88.88.88.88.88.88.56.31.56.52.46.51.25.13.88.3.45.12.21.37.45.44.4.15.56.31.85.40.49.82.56.55.4.12.25.51.82.86.75.56.45.12.4.39.86.82.xover.mutate.done 50
 generation 47.92.94.93.93.93.93.93.93.93.93.0.57.49.9.50.83.48.50.50.62.14.13.49.44.49.9.62.94.68.50.88.89.42.7.37.0.62.5.21.0.10.70.14.0.41.0.0.7.50.49.xover.mutate.done 50
 generation 48.94.93.92.94.94.94.94.94.94.94.64.50.50.3.20.31.38.15.1.89.2.7.60.3.0.76.0.10.80.89.0.12.37.49.81.0.50.0.5.24.45.17.49.3.83.50.0.80.0.50.xover.mutate.done 50
 generation 49.95.95.95.95.95.95.95.95.95.95.46.56.48.49.46.0.72.38.80.0.4.10.89.69.60.0.95.71.12.0.87.95.47.89.40.80.44.94.0.50.0.22.0.0.50.47.19.95.95.0.xover.mutate.done 50
 27482233 iters     705708 iter/sec (38.94 s)
 total time: 38.94
