% Invoked: ./gella -d -r 3 -l biased_r3/run02 >& biased_r3/run02.log
% Ministry of Cellular Automata
% Project Deux (CS523 Spring 2015)
% Version:v0.1-70-g0624-dirty
%  pop:50
%  ic count:100
%  CA Log option:biased_r3/run02
%  width:121
%  max workers:4
%  radius:3
%  iterations:300
%  use bias:true
%  generations:50

 generation 0.1.3.1.1.3.2.50.2.50.1.52.3.1.2.1.3.12.1.3.50.3.50.3.50.1.50.3.50.3.3.1.1.3.3.3.1.2.3.50.50.1.3.2.50.2.2.1.2.21.2.xover.mutate.done 50
 generation 1.50.50.50.50.50.50.50.50.50.50.0.0.50.0.0.50.0.0.0.31.50.0.0.50.0.0.50.0.0.0.0.0.0.50.0.0.50.50.36.0.0.0.0.0.0.0.50.41.0.0.xover.mutate.done 50
 generation 2.50.50.50.50.50.50.50.50.50.50.50.0.0.50.50.50.50.19.0.64.0.0.50.0.50.50.28.0.0.50.20.0.0.0.0.0.0.0.0.50.50.31.0.50.0.0.50.10.50.0.xover.mutate.done 50
 generation 3.66.50.50.50.50.50.50.50.50.50.50.50.3.3.3.3.3.3.3.3.53.50.50.3.53.3.3.53.0.3.50.3.50.53.3.21.3.42.0.3.50.53.26.23.26.3.0.53.0.50.xover.mutate.done 50
 generation 4.58.52.52.52.52.52.52.51.50.50.1.50.1.13.52.50.1.2.16.2.1.50.3.3.3.3.33.3.3.3.3.50.50.3.1.42.6.50.9.50.51.2.3.3.27.3.2.52.1.3.xover.mutate.done 50
 generation 5.62.50.50.50.50.50.50.50.50.50.50.0.0.0.10.0.0.0.50.50.0.50.50.50.40.0.50.0.50.0.50.0.50.50.16.50.0.0.0.47.14.50.50.0.50.50.50.50.50.0.xover.mutate.done 50
 generation 6.65.51.51.51.51.51.51.51.51.52.1.51.50.20.51.10.2.51.50.50.2.3.2.2.50.50.3.51.3.2.3.52.15.37.51.50.51.37.50.51.7.51.3.10.50.51.10.2.50.3.xover.mutate.done 50
 generation 7.65.51.51.51.51.51.51.51.51.51.2.51.1.1.51.11.1.2.2.51.51.1.50.50.2.50.2.51.2.24.51.2.51.51.50.51.2.50.50.2.1.51.2.1.15.1.51.50.2.51.xover.mutate.done 50
 generation 8.67.52.52.50.50.50.50.50.50.50.50.50.2.50.2.0.50.2.2.50.2.52.4.0.2.50.2.42.34.50.50.2.2.50.28.50.52.50.2.50.50.2.2.19.50.50.50.2.50.50.xover.mutate.done 50
 generation 9.56.51.51.51.51.51.51.51.51.51.2.2.51.2.2.51.1.2.7.2.8.1.51.51.51.51.51.8.51.50.50.2.2.1.31.51.51.51.51.1.1.51.2.2.43.51.51.8.1.51.xover.mutate.done 50
 generation 10.67.50.50.50.50.51.51.51.51.51.50.1.0.32.0.51.51.1.50.0.51.1.1.0.1.1.51.51.0.1.1.51.30.50.1.51.50.1.51.50.51.1.1.50.28.1.51.34.50.1.xover.mutate.done 50
 generation 11.60.51.51.51.51.51.51.51.51.51.1.51.50.1.1.1.15.20.51.51.1.5.1.51.17.2.0.1.1.50.1.49.48.51.1.1.1.51.9.51.51.1.51.1.1.50.1.0.51.50.xover.mutate.done 50
 generation 12.57.50.50.50.50.50.50.50.50.50.0.0.0.30.50.0.0.50.0.0.0.17.50.0.50.0.0.50.0.0.0.0.0.0.0.50.0.0.0.0.13.0.3.50.0.50.17.0.0.0.xover.mutate.done 50
 generation 13.56.51.51.51.51.51.51.51.51.51.51.1.3.18.51.3.2.2.51.1.21.1.23.1.6.1.26.3.3.51.51.2.51.14.51.51.3.3.3.51.3.51.3.1.3.3.3.28.3.1.xover.mutate.done 50
 generation 14.61.50.50.50.50.50.50.50.50.50.28.50.1.1.50.50.50.50.1.0.50.19.1.0.50.35.50.1.1.45.1.1.50.1.50.1.1.1.1.0.1.1.50.1.50.35.50.1.14.1.xover.mutate.done 50
 generation 15.69.51.51.51.51.51.51.51.51.51.17.51.10.3.3.3.3.3.3.3.2.1.7.11.51.3.3.51.9.51.27.3.25.50.3.3.17.3.51.2.3.3.3.19.43.12.3.40.25.51.xover.mutate.done 50
 generation 16.56.51.51.51.51.51.51.51.51.51.50.1.1.51.1.1.37.13.13.51.51.1.51.50.1.1.1.51.1.51.51.51.1.1.51.51.1.51.16.1.51.31.1.51.1.1.41.1.1.0.xover.mutate.done 50
 generation 17.66.52.52.52.52.52.52.52.52.52.9.3.52.3.1.3.51.22.52.49.2.3.6.50.23.24.26.1.52.52.52.52.3.1.2.52.52.3.52.3.3.52.1.52.3.1.2.2.52.3.xover.mutate.done 50
 generation 18.60.51.51.51.51.51.51.51.51.51.1.51.1.1.1.12.51.45.25.1.51.49.51.51.1.51.51.1.1.51.51.1.51.1.36.51.13.51.19.51.51.1.1.51.1.1.51.1.51.51.xover.mutate.done 50
 generation 19.67.53.53.53.53.53.53.53.53.53.4.53.53.3.53.53.53.53.53.50.50.24.4.4.4.28.1.9.53.41.4.53.43.53.53.37.27.50.33.4.4.53.53.4.10.1.53.53.1.3.xover.mutate.done 50
 generation 20.68.52.52.52.52.52.52.52.52.52.52.6.2.24.52.52.2.2.52.52.2.12.2.10.6.52.12.3.2.13.33.2.2.2.52.52.12.2.52.52.52.0.52.2.52.52.50.2.2.52.xover.mutate.done 50
 generation 21.60.51.51.51.51.51.51.51.51.51.51.2.51.2.51.2.2.2.6.23.3.51.2.41.51.2.41.51.2.51.2.51.51.30.51.1.51.51.51.50.30.51.2.36.51.50.17.1.51.51.xover.mutate.done 50
 generation 22.56.50.50.50.50.50.50.50.50.50.0.0.50.50.0.0.50.21.50.50.50.0.50.50.50.50.50.0.50.0.14.50.50.50.50.50.43.0.0.40.0.50.50.40.50.50.50.0.0.0.xover.mutate.done 50
 generation 23.58.51.51.51.51.51.51.51.51.51.1.51.47.51.51.50.51.1.25.13.51.2.1.1.51.51.1.34.1.51.51.51.51.51.16.36.1.51.1.50.1.1.51.51.51.51.0.1.1.51.xover.mutate.done 50
 generation 24.57.51.51.51.51.51.51.51.51.51.51.2.51.51.16.2.51.2.51.51.51.51.51.24.51.1.1.51.2.2.2.43.2.2.51.2.51.1.1.2.51.20.24.1.51.45.2.51.51.18.xover.mutate.done 50
 generation 25.68.50.50.50.50.50.50.50.50.50.1.0.50.1.1.1.0.10.50.1.50.50.18.50.4.50.1.44.1.46.1.10.5.50.50.1.1.1.15.50.1.31.1.50.50.50.50.50.6.50.xover.mutate.done 50
 generation 26.59.51.51.51.51.51.51.51.51.51.19.32.51.51.1.51.51.51.1.0.1.0.1.1.1.1.31.0.0.51.51.1.1.51.35.51.32.1.1.1.1.1.1.51.51.1.1.51.50.11.xover.mutate.done 50
 generation 27.61.50.50.50.50.50.50.50.50.50.0.47.0.4.0.15.0.50.0.9.50.0.50.0.50.0.50.0.50.0.0.0.50.15.0.0.0.10.0.50.0.50.5.16.0.0.0.0.50.50.xover.mutate.done 50
 generation 28.56.50.50.50.50.50.50.50.50.50.50.50.50.0.6.6.5.0.0.50.50.50.50.0.50.0.0.6.0.10.0.0.50.0.0.16.20.50.0.0.0.50.50.0.0.0.0.0.0.50.xover.mutate.done 50
 generation 29.63.50.50.50.50.50.50.50.50.50.0.0.0.50.44.50.32.50.4.50.50.0.0.50.50.0.0.0.50.0.0.50.50.50.50.50.0.50.50.0.0.0.50.8.50.0.50.0.45.3.xover.mutate.done 50
 generation 30.62.51.51.51.51.51.51.51.51.51.51.51.42.10.51.51.51.2.50.51.51.17.2.51.51.51.51.37.51.18.2.50.49.3.51.50.51.50.1.2.51.51.50.50.2.2.1.51.1.51.xover.mutate.done 50
 generation 31.57.53.53.53.53.53.53.53.53.53.53.53.47.4.53.50.4.50.53.50.53.4.4.28.1.53.53.53.53.53.53.53.53.50.1.4.53.4.35.53.46.45.53.53.4.53.53.4.50.53.xover.mutate.done 50
 generation 32.67.51.51.51.51.51.51.51.51.51.1.11.1.1.51.0.1.51.1.1.1.51.51.1.1.51.1.51.51.1.51.51.1.46.50.51.1.51.43.51.51.51.51.1.51.1.51.1.51.51.xover.mutate.done 50
 generation 33.58.50.50.50.50.50.50.50.50.50.47.50.50.0.50.9.50.2.2.44.0.2.50.50.2.2.50.2.2.0.50.2.2.50.50.2.2.18.47.2.50.25.0.0.50.0.50.2.2.50.xover.mutate.done 50
 generation 34.55.50.50.50.50.50.50.50.50.50.50.50.50.2.26.50.50.2.49.2.0.2.2.29.50.50.2.44.50.32.50.9.50.2.37.50.2.2.50.22.0.8.31.50.2.50.2.2.2.2.xover.mutate.done 50
 generation 35.55.50.50.50.50.50.50.50.50.50.49.12.0.0.50.50.50.23.18.0.0.34.50.50.25.50.50.50.0.50.49.50.0.48.10.50.44.49.50.0.50.50.50.50.0.28.50.50.50.50.xover.mutate.done 50
 generation 36.65.50.50.50.50.50.50.50.50.50.16.0.50.0.0.26.30.50.50.0.0.50.50.50.0.0.0.50.1.0.50.50.11.0.0.0.1.50.50.0.5.50.0.50.50.0.50.0.50.50.xover.mutate.done 50
 generation 37.57.50.50.50.50.50.50.50.50.50.50.0.0.0.0.7.0.11.48.0.50.50.0.0.21.1.0.0.50.0.0.0.36.0.50.50.0.43.0.0.50.50.50.50.0.0.0.0.0.0.xover.mutate.done 50
 generation 38.60.51.51.51.51.51.51.51.51.51.51.2.2.51.2.51.2.2.2.20.51.39.39.47.2.51.2.2.47.2.1.2.51.2.51.51.2.2.2.51.2.1.51.1.1.51.8.1.2.2.xover.mutate.done 50
 generation 39.62.50.50.50.50.50.50.50.50.50.50.0.0.0.9.0.37.41.0.50.0.7.7.0.0.50.0.15.50.50.0.0.0.0.50.0.0.0.0.0.50.50.31.14.0.0.0.50.0.0.xover.mutate.done 50
 generation 40.53.51.51.51.51.51.51.51.51.51.51.51.51.1.6.51.2.2.6.8.51.8.7.2.51.2.51.2.2.1.2.1.2.2.3.51.51.51.8.3.6.2.1.34.3.2.21.51.51.50.xover.mutate.done 50
 generation 41.61.50.50.50.50.50.50.50.50.50.50.40.34.12.34.50.18.23.12.0.0.0.50.0.0.50.0.0.0.50.50.50.0.0.50.0.20.50.50.50.50.50.0.50.50.50.13.50.0.50.xover.mutate.done 50
 generation 42.58.51.51.51.51.51.51.51.51.51.51.19.3.51.3.17.1.51.51.51.51.3.1.1.51.51.51.3.46.3.51.3.51.3.51.13.51.3.51.9.51.3.51.25.51.51.51.51.3.3.xover.mutate.done 50
 generation 43.55.51.51.51.51.51.51.51.51.51.1.51.0.50.15.1.51.51.45.51.51.1.9.51.50.1.51.45.1.1.1.50.23.1.1.1.1.51.1.51.0.51.51.51.51.15.51.1.40.51.xover.mutate.done 50
 generation 44.55.50.50.50.50.50.50.50.50.50.0.0.50.50.0.50.50.50.0.41.23.44.41.50.50.0.26.0.50.3.50.50.50.50.0.50.25.0.0.0.50.0.50.50.17.0.0.50.50.50.xover.mutate.done 50
 generation 45.62.51.51.51.51.51.51.51.51.51.51.51.1.1.1.20.51.50.17.1.51.1.1.12.50.49.47.1.50.51.1.50.51.1.13.51.1.51.51.0.1.23.0.1.50.30.1.1.27.51.xover.mutate.done 50
 generation 46.56.51.51.51.51.51.51.51.51.51.3.3.3.3.3.19.3.28.5.22.3.51.51.51.51.10.3.51.3.51.51.1.42.3.51.37.1.51.51.51.51.3.51.50.51.51.2.51.51.20.xover.mutate.done 50
 generation 47.58.50.50.50.50.50.50.50.50.50.0.0.0.14.0.0.0.0.50.0.17.4.0.50.4.0.0.0.50.0.50.50.0.0.0.0.50.50.50.0.50.0.0.50.50.38.11.0.42.0.xover.mutate.done 50
 generation 48.58.53.53.53.53.53.53.53.53.53.3.0.53.3.53.3.3.53.3.48.3.3.3.3.53.53.53.3.3.3.32.53.53.3.3.22.53.3.3.3.53.15.53.3.53.53.3.3.3.3.xover.mutate.done 50
 generation 49.61.52.52.52.52.52.52.52.52.52.3.3.48.8.2.52.3.3.3.52.3.1.2.51.3.3.2.52.52.52.52.51.52.3.44.9.52.42.23.3.3.3.2.52.2.3.52.52.1.52.xover.mutate.done 50
 33771631 iters     701598 iter/sec (48.14 s)
 total time: 48.14
