0.4609375 0.359375 0.1640625 0.453125 0.09375 0.046875 0.140625 0.359375 0.9375 0.1328125 
0.09375 0.046875 0.9375 0.03125 0.0625 0.1640625 0.0234375 0.75 0.9140625 0.8125 
0.609375 0.9140625 0.09375 0.046875 0.9375 0.03125 0.0625 0.1640625 0.0234375 0.75 
0.609375 0.25 0.4609375 0.375 0.0703125 0.9140625 0.09375 0.046875 0.9375 0.03125 
0.609375 0.25 0.4609375 0.375 0.0703125 0.4453125 0.109375 0.3203125 0.203125 0.4453125 
0.609375 0.7890625 0.7109375 0.25 0.4609375 0.375 0.0703125 0.4453125 0.109375 0.3203125 
0.609375 0.25 0.4609375 0.375 0.0703125 0.4453125 0.109375 0.3203125 0.3125 0.234375 
0.609375 0.25 0.4609375 0.375 0.0703125 0.4453125 0.109375 0.3203125 0.3125 0.234375 
0.609375 0.25 0.4609375 0.375 0.0703125 0.4453125 0.109375 0.3203125 0.3125 0.234375 
0.609375 0.6015625 0.5859375 0.5625 0.59375 0.25 0.4609375 0.375 0.0703125 0.4453125 
0.609375 0.6015625 0.5859375 0.5625 0.59375 0.6015625 0.6328125 0.25 0.4609375 0.375 
0.609375 0.6015625 0.625 0.5859375 0.5625 0.59375 0.6015625 0.6328125 0.5546875 0.5703125 
0.609375 0.6015625 0.625 0.46875 0.4765625 0.3828125 0.3046875 0.4140625 0.5859375 0.5625 
0.609375 0.6015625 0.46875 0.4765625 0.3828125 0.3046875 0.4140625 0.5859375 0.5625 0.6328125 
0.609375 0.6015625 0.578125 0.46875 0.4765625 0.3828125 0.3046875 0.4140625 0.4921875 0.453125 
0.5703125 0.578125 0.578125 0.609375 0.6015625 0.6015625 0.5859375 0.5625 0.5703125 0.65625 
0.5703125 0.578125 0.609375 0.6015625 0.6015625 0.6015625 0.5859375 0.578125 0.59375 0.5859375 
0.5703125 0.578125 0.59375 0.5703125 0.609375 0.6015625 0.6015625 0.6328125 0.578125 0.6171875 
0.5703125 0.578125 0.59375 0.59375 0.5703125 0.609375 0.6015625 0.6015625 0.6328125 0.578125 
0.5625 0.5703125 0.578125 0.59375 0.59375 0.5703125 0.5703125 0.5859375 0.609375 0.6015625 
0.5625 0.5625 0.5703125 0.5703125 0.578125 0.5703125 0.5703125 0.5859375 0.59375 0.59375 
0.5625 0.5625 0.5703125 0.5703125 0.5859375 0.5703125 0.5703125 0.59375 0.578125 0.59375 
0.5625 0.5625 0.5703125 0.5703125 0.59375 0.6015625 0.5703125 0.578125 0.59375 0.5703125 
0.5625 0.5625 0.5703125 0.5703125 0.6015625 0.5703125 0.59375 0.578125 0.59375 0.5859375 
0.5625 0.5625 0.546875 0.5625 0.578125 0.5703125 0.5703125 0.59375 0.609375 0.5703125 
0.5625 0.546875 0.5625 0.5625 0.5234375 0.5703125 0.578125 0.5703125 0.5546875 0.5703125 
0.5625 0.5625 0.5703125 0.546875 0.5625 0.5703125 0.578125 0.5703125 0.5546875 0.5703125 
0.5625 0.5546875 0.5625 0.546875 0.5625 0.5703125 0.5703125 0.578125 0.5703125 0.5703125 
0.5546875 0.5625 0.5703125 0.5625 0.546875 0.5625 0.5703125 0.5703125 0.578125 0.5703125 
0.5546875 0.5546875 0.5625 0.5625 0.5625 0.5703125 0.5703125 0.546875 0.515625 0.5703125 
0.5546875 0.5625 0.5546875 0.5625 0.546875 0.59375 0.53125 0.5703125 0.5703125 0.515625 
0.5390625 0.5625 0.5546875 0.5546875 0.546875 0.59375 0.5625 0.5546875 0.546875 0.5703125 
0.5546875 0.5546875 0.5546875 0.5390625 0.546875 0.5625 0.5625 0.59375 0.5703125 0.578125 
0.5546875 0.5390625 0.5546875 0.5546875 0.546875 0.59375 0.5625 0.5703125 0.5625 0.578125 
0.5390625 0.53125 0.53125 0.546875 0.5546875 0.5546875 0.5546875 0.59375 0.5625 0.5625 
0.5546875 0.53125 0.5390625 0.546875 0.5546875 0.5546875 0.53125 0.5625 0.59375 0.5625 
0.5546875 0.5546875 0.53125 0.5390625 0.546875 0.546875 0.53125 0.546875 0.5546875 0.5625 
0.5390625 0.546875 0.546875 0.546875 0.53125 0.5546875 0.5546875 0.5546875 0.53125 0.546875 
0.5625 0.53125 0.546875 0.546875 0.53125 0.5546875 0.5546875 0.5390625 0.546875 0.546875 
0.546875 0.546875 0.5546875 0.5625 0.53125 0.53125 0.5546875 0.5546875 0.5390625 0.546875 
0.546875 0.546875 0.546875 0.546875 0.5390625 0.5546875 0.5546875 0.5546875 0.5390625 0.53125 
0.5546875 0.546875 0.546875 0.546875 0.5390625 0.5546875 0.5546875 0.53125 0.546875 0.546875 
0.5546875 0.546875 0.546875 0.5546875 0.546875 0.5546875 0.5546875 0.5390625 0.546875 0.546875 
0.5546875 0.546875 0.546875 0.5546875 0.546875 0.5546875 0.5546875 0.5390625 0.546875 0.546875 
0.546875 0.546875 0.546875 0.5546875 0.5546875 0.5390625 0.546875 0.546875 0.5546875 0.5546875 
0.546875 0.5546875 0.5546875 0.5390625 0.5546875 0.5625 0.546875 0.546875 0.53125 0.5546875 
0.546875 0.5546875 0.5546875 0.5546875 0.5390625 0.546875 0.546875 0.546875 0.5625 0.5625 
0.5546875 0.5546875 0.5546875 0.546875 0.546875 0.546875 0.5390625 0.5625 0.5625 0.546875 
0.5546875 0.5546875 0.5546875 0.5390625 0.546875 0.546875 0.546875 0.546875 0.5625 0.5625 
0.5546875 0.5546875 0.5546875 0.5390625 0.546875 0.546875 0.546875 0.546875 0.5625 0.5625 
