54 50 50 50 50 50 50 50 50 50 50 50 50 50 43 11 6 2 2 2 2 2 2 2 2 2 2 2 2 2 2 2 2 2 2 1 0 0 0 0 0 0 0 0 0 0 0 0 0 0 
83 60 51 51 51 51 51 51 51 50 50 50 50 50 50 50 50 50 50 50 50 50 50 50 50 47 47 37 7 6 6 2 2 2 2 2 1 1 1 1 1 1 1 1 1 1 1 1 1 1 
76 57 51 51 51 51 51 51 51 51 51 50 50 50 50 50 50 50 50 50 50 50 50 47 27 11 9 8 6 6 6 6 6 1 1 1 1 1 1 1 1 1 0 0 0 0 0 0 0 0 
77 56 52 51 51 51 51 51 50 50 50 50 50 50 50 50 50 50 50 50 50 50 50 50 50 50 50 50 46 46 35 25 23 21 20 13 7 2 1 1 1 1 1 1 1 1 1 1 0 0 
81 63 61 58 52 52 52 52 52 52 52 52 51 51 51 51 51 51 51 50 50 50 50 50 43 29 14 9 9 4 3 3 3 3 3 3 3 3 3 3 3 2 2 2 2 2 2 2 1 1 
86 65 56 53 52 52 52 52 52 52 52 52 52 52 52 52 51 51 50 50 50 50 44 39 33 31 9 5 3 3 3 3 3 3 3 3 2 2 2 2 2 2 2 2 1 1 1 1 1 1 
86 63 61 60 54 51 50 50 50 50 50 50 50 50 50 50 50 50 50 50 50 50 50 39 25 25 23 21 13 5 1 1 1 1 1 1 1 1 1 1 1 1 1 0 0 0 0 0 0 0 
85 74 60 59 51 51 51 51 51 51 51 51 51 51 50 50 50 50 50 50 49 25 23 15 13 7 5 5 3 2 2 2 2 2 2 1 1 1 1 1 1 1 1 1 1 1 1 1 1 1 
78 65 62 54 50 50 50 50 50 50 50 50 50 50 50 50 50 50 50 50 28 17 7 7 5 5 3 3 3 3 0 0 0 0 0 0 0 0 0 0 0 0 0 0 0 0 0 0 0 0 
82 69 63 61 51 51 51 51 51 51 51 51 51 51 51 50 50 50 50 50 50 50 50 49 34 24 22 11 11 7 6 5 5 2 2 2 2 2 2 1 1 1 1 1 1 1 1 1 1 1 
88 66 60 59 50 50 50 50 50 50 50 50 50 50 50 50 50 50 50 50 50 50 50 50 49 35 7 4 2 1 0 0 0 0 0 0 0 0 0 0 0 0 0 0 0 0 0 0 0 0 
80 60 57 54 51 51 51 51 51 51 51 50 50 50 50 50 50 50 50 41 36 12 4 4 1 1 1 1 1 1 1 1 1 1 1 1 1 1 1 1 1 1 0 0 0 0 0 0 0 0 
85 63 62 57 51 51 51 51 51 51 51 51 51 51 50 50 50 50 50 50 50 48 42 8 7 5 1 1 1 1 1 1 1 1 1 1 1 1 1 1 1 1 1 1 1 0 0 0 0 0 
77 75 61 56 54 52 52 52 52 52 52 52 50 50 30 21 14 11 4 2 2 2 2 2 2 2 2 2 2 2 2 2 2 2 2 2 2 2 2 0 0 0 0 0 0 0 0 0 0 0 
73 72 72 64 61 50 50 50 50 50 50 50 50 50 50 46 40 33 30 23 17 3 1 1 1 1 1 1 1 1 1 1 1 1 1 1 1 1 1 1 1 0 0 0 0 0 0 0 0 0 
84 75 75 68 62 50 50 50 50 50 50 50 50 33 30 29 8 0 0 0 0 0 0 0 0 0 0 0 0 0 0 0 0 0 0 0 0 0 0 0 0 0 0 0 0 0 0 0 0 0 
83 77 77 77 77 70 61 59 53 53 53 53 53 53 53 53 53 53 53 53 53 50 50 50 45 43 30 11 4 4 4 4 4 3 3 3 3 3 3 3 3 3 3 3 1 1 1 1 1 1 
87 72 72 72 72 70 67 52 50 50 50 50 50 50 50 50 50 50 50 50 50 47 43 41 39 24 8 7 7 1 0 0 0 0 0 0 0 0 0 0 0 0 0 0 0 0 0 0 0 0 
84 66 64 64 64 63 60 54 54 51 51 51 51 51 51 50 50 50 50 33 16 16 15 15 13 11 10 7 1 1 1 1 1 1 1 1 1 1 1 1 1 1 1 1 1 1 1 0 0 0 
90 83 83 83 83 82 80 72 71 69 57 52 52 52 52 52 50 50 50 50 50 50 50 49 44 34 32 14 14 7 4 2 2 2 2 2 2 2 2 2 2 2 2 2 2 2 2 0 0 0 
85 74 72 72 72 72 72 71 69 66 64 62 58 58 54 53 52 50 50 50 50 50 50 49 45 34 22 22 21 18 15 12 11 10 8 8 0 0 0 0 0 0 0 0 0 0 0 0 0 0 
83 76 75 73 73 73 73 73 71 69 64 61 59 59 57 52 50 46 34 33 25 24 24 22 22 19 18 18 18 17 12 12 6 3 3 2 2 2 2 2 2 2 2 2 2 0 0 0 0 0 
83 70 69 69 69 69 69 69 69 69 68 68 68 62 56 55 52 52 50 50 50 49 42 42 42 24 22 18 17 17 17 14 13 12 11 10 10 10 8 4 3 3 3 3 3 3 3 3 2 1 
85 73 72 72 72 72 72 72 72 72 72 72 72 70 65 58 58 55 54 50 50 50 50 50 44 39 32 28 27 27 23 21 20 19 15 11 10 8 8 7 6 5 3 3 3 3 2 2 2 2 
83 76 75 73 72 72 72 72 72 72 72 72 72 72 68 60 50 50 50 50 48 48 45 44 26 23 19 19 18 16 10 7 3 2 2 0 0 0 0 0 0 0 0 0 0 0 0 0 0 0 
81 78 74 73 72 72 72 72 72 72 70 66 61 55 51 51 50 50 50 48 41 35 33 18 18 17 14 14 9 8 3 2 2 2 2 2 2 2 2 2 2 2 1 1 1 1 1 1 1 1 
88 75 75 74 72 72 72 72 72 72 68 66 63 58 52 51 50 50 50 47 46 42 38 36 28 24 20 20 20 20 16 16 16 10 7 7 7 2 2 2 2 2 2 0 0 0 0 0 0 0 
84 73 73 71 68 68 68 68 68 68 68 68 67 61 60 60 57 57 51 51 49 46 42 24 23 23 21 20 14 13 11 11 8 7 6 5 1 1 1 0 0 0 0 0 0 0 0 0 0 0 
86 83 81 75 75 75 75 75 75 75 75 75 75 75 74 72 65 56 55 55 55 50 50 50 50 49 46 39 30 28 28 27 25 24 12 9 9 7 5 5 0 0 0 0 0 0 0 0 0 0 
86 79 76 76 76 76 76 76 76 76 73 72 70 67 64 61 59 57 52 52 52 50 49 43 41 39 38 31 27 26 25 24 23 23 20 10 9 9 8 2 2 2 2 2 2 2 2 2 2 0 
77 73 73 73 73 73 73 73 73 73 73 73 63 57 54 51 51 51 51 50 45 43 42 36 35 25 22 19 17 15 12 9 6 6 6 4 2 2 2 2 2 2 2 2 2 1 1 1 1 1 
73 66 65 65 65 65 65 65 65 65 65 65 62 60 60 58 52 50 50 50 50 50 49 47 33 25 24 23 19 19 18 14 9 6 5 5 5 3 2 2 2 2 2 2 2 2 2 2 0 0 
76 75 74 74 74 74 74 74 74 74 74 74 74 73 72 71 68 52 51 51 51 51 51 48 45 40 35 34 32 26 25 22 22 22 21 20 19 19 19 17 17 16 11 9 9 8 2 2 2 1 
83 76 73 70 69 69 69 69 69 69 69 69 67 59 52 51 50 50 49 45 32 29 29 28 28 23 22 21 20 20 19 19 18 18 17 13 12 11 11 10 9 3 3 2 2 2 2 1 1 1 
82 78 76 75 75 75 75 75 75 75 75 75 75 75 64 52 52 51 50 48 45 44 44 43 42 42 28 26 21 20 15 14 13 9 6 6 6 5 5 5 3 1 1 1 1 0 0 0 0 0 
85 75 73 73 72 71 71 71 71 71 71 71 71 71 70 69 69 64 62 59 54 53 50 48 47 45 44 42 41 30 29 27 26 25 23 23 22 21 20 20 9 9 7 2 2 2 2 2 2 1 
83 78 75 72 72 69 69 69 69 69 69 69 67 66 64 55 55 52 50 50 50 50 50 50 49 28 28 25 24 23 23 22 20 19 16 13 12 11 8 8 6 6 6 5 2 1 0 0 0 0 
87 80 74 73 70 70 70 69 69 69 69 69 66 60 56 53 53 51 51 50 50 50 50 50 50 47 46 41 37 35 35 27 27 26 24 24 20 18 14 9 9 8 7 7 0 0 0 0 0 0 
81 76 75 75 75 75 73 73 73 68 66 66 61 60 58 56 51 50 49 48 48 45 45 44 40 38 34 32 32 31 29 26 25 19 19 18 18 16 13 13 13 8 3 3 3 3 3 2 2 2 
80 79 78 78 78 75 74 74 73 73 73 73 72 71 67 67 64 58 54 50 50 50 47 42 32 29 28 28 28 28 27 25 24 23 19 15 13 13 12 5 5 4 4 4 4 4 4 0 0 0 
87 79 74 74 74 71 71 71 71 71 70 70 66 66 63 59 59 56 52 51 50 49 49 48 44 43 40 34 26 23 20 20 20 18 17 17 17 16 14 12 12 12 9 9 8 8 2 2 1 1 
81 76 76 76 76 76 75 74 72 71 71 71 64 63 60 58 58 56 50 50 50 50 39 37 26 25 23 23 17 16 16 16 14 14 13 12 10 8 0 0 0 0 0 0 0 0 0 0 0 0 
79 77 77 77 77 77 76 74 74 74 73 73 55 52 51 50 50 50 50 48 43 42 42 41 40 37 33 32 30 25 25 24 21 18 17 11 10 10 8 6 4 4 2 1 1 1 1 1 1 0 
83 77 76 76 76 75 74 74 73 73 70 67 65 64 61 60 57 50 50 50 47 44 43 42 42 37 37 36 34 29 21 18 15 13 12 6 6 5 5 5 4 1 1 1 1 1 0 0 0 0 
82 76 70 68 68 68 68 68 66 66 66 66 65 64 64 58 54 52 51 50 50 50 50 49 44 44 42 31 30 24 24 23 23 22 20 19 17 17 16 16 15 12 12 12 9 6 2 2 0 0 
87 79 76 75 75 75 75 75 74 73 73 73 73 70 67 59 58 54 52 52 50 50 49 48 43 32 27 23 18 16 15 14 14 13 11 10 10 8 8 6 4 3 2 2 2 2 2 2 2 2 
83 82 82 82 82 82 82 78 77 77 75 73 73 72 71 67 58 58 50 50 50 50 49 47 46 44 40 37 29 28 28 28 23 20 20 19 17 16 12 12 12 11 9 6 0 0 0 0 0 0 
86 73 72 72 72 72 72 72 70 69 69 68 65 65 51 50 50 50 48 47 47 41 40 40 39 38 35 35 31 31 28 22 20 19 17 17 16 15 14 12 11 8 8 8 5 1 1 1 1 1 
89 87 85 84 84 82 82 81 81 81 81 81 81 81 77 77 77 58 57 57 47 46 44 41 41 41 41 37 36 36 31 28 28 26 22 21 17 15 11 8 8 8 8 1 1 1 1 0 0 0 
81 77 76 74 74 74 74 74 72 72 70 69 68 54 53 52 52 50 50 50 49 47 47 43 39 37 35 35 34 33 31 31 30 23 21 21 20 15 15 13 12 12 11 1 1 1 1 1 0 0 
