0.6953125 0.7578125 0.984375 0.1171875 0.546875 0.28125 0.1640625 0.9921875 0.5078125 0.578125 
0.1640625 0.984375 0.1171875 0.9921875 0.96875 0.09375 0.015625 1.0 0.96875 0.8125 
0.1640625 0.0234375 0.2734375 0.984375 0.1171875 0.9921875 0.96875 0.09375 0.015625 1.0 
0.75 0.75 0.8125 0.5859375 0.65625 0.65625 0.8203125 0.1640625 0.0234375 0.2734375 
0.75 0.75 0.8125 0.5859375 0.65625 0.65625 0.8203125 0.1640625 0.0234375 0.2734375 
0.75 0.1640625 0.0234375 0.2734375 0.3515625 0.15625 0.1640625 0.4921875 0.2578125 0.75 
0.75 0.1640625 0.0234375 0.2734375 0.3515625 0.15625 0.1640625 0.4921875 0.2578125 0.34375 
0.75 0.1640625 0.0234375 0.2734375 0.3515625 0.15625 0.1640625 0.4921875 0.2578125 0.34375 
0.75 0.1640625 0.0234375 0.2734375 0.3515625 0.15625 0.1640625 0.4921875 0.2578125 0.34375 
0.75 0.1640625 0.0234375 0.2734375 0.3515625 0.15625 0.1640625 0.2578125 0.34375 0.3125 
0.75 0.1640625 0.0234375 0.2734375 0.3515625 0.15625 0.1640625 0.2578125 0.34375 0.3125 
0.75 0.1640625 0.0234375 0.2734375 0.3515625 0.15625 0.1640625 0.2578125 0.34375 0.3125 
0.75 0.1640625 0.0234375 0.2734375 0.3515625 0.15625 0.1640625 0.2578125 0.34375 0.296875 
0.75 0.1640625 0.0234375 0.2734375 0.3515625 0.15625 0.1640625 0.2578125 0.34375 0.296875 
0.75 0.1640625 0.0234375 0.2734375 0.3515625 0.15625 0.1640625 0.2578125 0.34375 0.296875 
0.75 0.1640625 0.0234375 0.2734375 0.3515625 0.15625 0.1640625 0.2578125 0.34375 0.296875 
0.75 0.1640625 0.0234375 0.2734375 0.3515625 0.15625 0.1640625 0.2578125 0.34375 0.296875 
0.75 0.1640625 0.0234375 0.2734375 0.3515625 0.15625 0.1640625 0.2578125 0.34375 0.296875 
0.75 0.1640625 0.0234375 0.2734375 0.3515625 0.15625 0.1640625 0.2578125 0.34375 0.296875 
0.75 0.1640625 0.0234375 0.2734375 0.3515625 0.15625 0.1640625 0.2578125 0.34375 0.296875 
0.75 0.1640625 0.0234375 0.2734375 0.3515625 0.15625 0.1640625 0.2578125 0.34375 0.296875 
0.75 0.1640625 0.0234375 0.2734375 0.3515625 0.15625 0.1640625 0.2578125 0.34375 0.296875 
0.75 0.1640625 0.0234375 0.2734375 0.3515625 0.15625 0.1640625 0.2578125 0.34375 0.296875 
0.75 0.1640625 0.0234375 0.2734375 0.3515625 0.15625 0.1640625 0.2578125 0.34375 0.296875 
0.75 0.1640625 0.0234375 0.2734375 0.3515625 0.15625 0.1640625 0.2578125 0.34375 0.296875 
0.75 0.1640625 0.0234375 0.2734375 0.3515625 0.15625 0.1640625 0.2578125 0.34375 0.296875 
0.75 0.1640625 0.0234375 0.2734375 0.3515625 0.15625 0.1640625 0.2578125 0.34375 0.296875 
0.75 0.1640625 0.0234375 0.2734375 0.3515625 0.15625 0.1640625 0.2578125 0.34375 0.296875 
0.75 0.1640625 0.0234375 0.2734375 0.3515625 0.15625 0.1640625 0.2578125 0.34375 0.296875 
0.75 0.1640625 0.0234375 0.2734375 0.3515625 0.15625 0.1640625 0.2578125 0.34375 0.296875 
0.75 0.1640625 0.0234375 0.2734375 0.3515625 0.15625 0.1640625 0.2578125 0.34375 0.296875 
0.75 0.1640625 0.0234375 0.2734375 0.3515625 0.15625 0.1640625 0.2578125 0.34375 0.296875 
0.75 0.71875 0.1640625 0.0234375 0.2734375 0.3515625 0.15625 0.1640625 0.2578125 0.34375 
0.1640625 0.0234375 0.2734375 0.3515625 0.15625 0.1640625 0.2578125 0.34375 0.2890625 0.2265625 
0.1640625 0.0234375 0.2734375 0.3515625 0.15625 0.1640625 0.2578125 0.34375 0.2890625 0.2265625 
0.1640625 0.0234375 0.2734375 0.3515625 0.15625 0.1640625 0.2578125 0.34375 0.2890625 0.2265625 
0.1640625 0.0234375 0.2734375 0.3515625 0.15625 0.1640625 0.2578125 0.34375 0.2890625 0.2265625 
0.1640625 0.0234375 0.2734375 0.3515625 0.15625 0.1640625 0.2578125 0.34375 0.2890625 0.2265625 
0.1640625 0.0234375 0.2734375 0.3515625 0.15625 0.1640625 0.2578125 0.34375 0.2890625 0.2265625 
0.1640625 0.0234375 0.2734375 0.3515625 0.15625 0.1640625 0.2578125 0.34375 0.2890625 0.2265625 
0.1640625 0.0234375 0.2734375 0.3515625 0.15625 0.1640625 0.2578125 0.34375 0.2890625 0.2265625 
0.1640625 0.0234375 0.2734375 0.3515625 0.15625 0.1640625 0.2578125 0.34375 0.2890625 0.2265625 
0.1640625 0.0234375 0.2734375 0.3515625 0.15625 0.1640625 0.2578125 0.34375 0.2890625 0.2265625 
0.1640625 0.0234375 0.2734375 0.3515625 0.15625 0.1640625 0.2578125 0.34375 0.2890625 0.2265625 
0.1640625 0.0234375 0.2734375 0.3515625 0.15625 0.1640625 0.2578125 0.34375 0.2890625 0.2265625 
0.1640625 0.0234375 0.2734375 0.3515625 0.15625 0.1640625 0.2578125 0.34375 0.2890625 0.2265625 
0.1640625 0.0234375 0.2734375 0.3515625 0.15625 0.1640625 0.2578125 0.34375 0.2890625 0.2265625 
0.1640625 0.0234375 0.2734375 0.3515625 0.15625 0.1640625 0.2578125 0.34375 0.2890625 0.2265625 
0.1640625 0.0234375 0.2734375 0.3515625 0.15625 0.1640625 0.2578125 0.34375 0.2890625 0.2265625 
0.1640625 0.0234375 0.2734375 0.3515625 0.15625 0.1640625 0.2578125 0.34375 0.2890625 0.2265625 
