0.546875 0.71875 0.0390625 0.234375 0.7421875 0.8671875 0.015625 0.515625 0.984375 0.53125 
0.2734375 0.015625 0.984375 0.9140625 0.2109375 0.96875 0.015625 0.921875 0.9921875 0.96875 
0.2734375 0.015625 0.984375 0.9140625 0.2109375 0.96875 0.015625 0.921875 0.9921875 0.96875 
0.4765625 0.2734375 0.015625 0.984375 0.9140625 0.2109375 0.96875 0.015625 0.921875 0.9921875 
0.4765625 0.6015625 0.6484375 0.890625 0.7734375 0.796875 0.671875 0.2734375 0.015625 0.984375 
0.4765625 0.6015625 0.6484375 0.890625 0.7734375 0.796875 0.671875 0.8828125 0.9296875 0.2734375 
0.4765625 0.6015625 0.6484375 0.890625 0.7734375 0.796875 0.671875 0.8828125 0.9296875 0.2734375 
0.4765625 0.2734375 0.078125 0.6015625 0.6484375 0.890625 0.7734375 0.796875 0.671875 0.8828125 
0.4765625 0.2734375 0.078125 0.6015625 0.6484375 0.890625 0.7734375 0.796875 0.671875 0.8828125 
0.4765625 0.2734375 0.078125 0.171875 0.4765625 0.6015625 0.6484375 0.890625 0.7734375 0.796875 
0.4765625 0.2734375 0.078125 0.171875 0.4765625 0.6015625 0.6484375 0.890625 0.7734375 0.796875 
0.4765625 0.6015625 0.6484375 0.890625 0.7734375 0.796875 0.6796875 0.7578125 0.640625 0.796875 
0.4765625 0.6015625 0.6484375 0.890625 0.7734375 0.796875 0.6796875 0.7578125 0.640625 0.796875 
0.4765625 0.6015625 0.6484375 0.890625 0.7734375 0.796875 0.6796875 0.7578125 0.640625 0.796875 
0.4765625 0.6015625 0.6484375 0.890625 0.7734375 0.796875 0.6796875 0.7578125 0.640625 0.796875 
0.4765625 0.6015625 0.6484375 0.890625 0.7734375 0.796875 0.6796875 0.7578125 0.640625 0.796875 
0.4765625 0.6015625 0.6484375 0.890625 0.7734375 0.796875 0.6796875 0.7578125 0.640625 0.796875 
0.4765625 0.6015625 0.6484375 0.890625 0.7734375 0.796875 0.6796875 0.7578125 0.640625 0.796875 
0.4765625 0.6015625 0.6484375 0.890625 0.7734375 0.796875 0.6796875 0.7578125 0.640625 0.796875 
0.4765625 0.6015625 0.6484375 0.890625 0.7734375 0.796875 0.6796875 0.7578125 0.640625 0.796875 
0.4765625 0.6015625 0.6484375 0.890625 0.7734375 0.796875 0.6796875 0.7578125 0.640625 0.796875 
0.4765625 0.6015625 0.6484375 0.890625 0.7734375 0.796875 0.6796875 0.7578125 0.640625 0.796875 
0.4765625 0.6015625 0.6484375 0.890625 0.7734375 0.796875 0.6796875 0.7578125 0.640625 0.796875 
0.4765625 0.6015625 0.6484375 0.890625 0.7734375 0.796875 0.6796875 0.7578125 0.640625 0.796875 
0.4765625 0.6015625 0.6484375 0.890625 0.7734375 0.796875 0.6796875 0.7578125 0.640625 0.796875 
0.4765625 0.6015625 0.6484375 0.890625 0.7734375 0.796875 0.6796875 0.7578125 0.640625 0.796875 
0.4765625 0.6015625 0.6484375 0.890625 0.7734375 0.796875 0.6796875 0.7578125 0.640625 0.796875 
0.4765625 0.6015625 0.6484375 0.890625 0.7734375 0.796875 0.6796875 0.7578125 0.640625 0.796875 
0.4765625 0.6015625 0.6484375 0.890625 0.7734375 0.796875 0.6796875 0.7578125 0.640625 0.796875 
0.4765625 0.6015625 0.6484375 0.890625 0.7734375 0.796875 0.6796875 0.7578125 0.640625 0.796875 
0.4765625 0.6015625 0.6484375 0.890625 0.7734375 0.796875 0.6796875 0.7578125 0.640625 0.796875 
0.4765625 0.6015625 0.6484375 0.890625 0.7734375 0.796875 0.6796875 0.7578125 0.640625 0.796875 
0.4765625 0.6015625 0.6484375 0.890625 0.7734375 0.796875 0.6796875 0.7578125 0.640625 0.796875 
0.4765625 0.6015625 0.6484375 0.890625 0.7734375 0.796875 0.6796875 0.7578125 0.640625 0.796875 
0.4765625 0.6015625 0.6484375 0.890625 0.7734375 0.796875 0.6796875 0.7578125 0.640625 0.796875 
0.4765625 0.6015625 0.6484375 0.890625 0.7734375 0.796875 0.6796875 0.7578125 0.640625 0.796875 
0.4765625 0.6015625 0.6484375 0.890625 0.7734375 0.796875 0.6796875 0.7578125 0.640625 0.796875 
0.4765625 0.6015625 0.6484375 0.890625 0.7734375 0.796875 0.6796875 0.7578125 0.640625 0.796875 
0.4765625 0.6015625 0.6484375 0.890625 0.7734375 0.796875 0.6796875 0.7578125 0.640625 0.796875 
0.4765625 0.6015625 0.6484375 0.890625 0.7734375 0.796875 0.6796875 0.7578125 0.640625 0.796875 
0.4765625 0.6015625 0.6484375 0.890625 0.7734375 0.796875 0.6796875 0.7578125 0.640625 0.796875 
0.4765625 0.6015625 0.6484375 0.890625 0.7734375 0.796875 0.6796875 0.7578125 0.640625 0.796875 
0.4765625 0.6015625 0.6484375 0.890625 0.7734375 0.796875 0.6796875 0.7578125 0.640625 0.796875 
0.4765625 0.6015625 0.6484375 0.890625 0.7734375 0.796875 0.6796875 0.7578125 0.640625 0.796875 
0.4765625 0.6015625 0.6484375 0.890625 0.7734375 0.796875 0.6796875 0.7578125 0.640625 0.796875 
0.4765625 0.6015625 0.6484375 0.890625 0.7734375 0.796875 0.6796875 0.7578125 0.640625 0.796875 
0.4765625 0.6015625 0.6484375 0.890625 0.7734375 0.796875 0.6796875 0.7578125 0.640625 0.796875 
0.4765625 0.6015625 0.6484375 0.890625 0.7734375 0.796875 0.6796875 0.7578125 0.640625 0.796875 
0.4765625 0.6015625 0.6484375 0.890625 0.7734375 0.796875 0.6796875 0.7578125 0.640625 0.796875 
0.4765625 0.6015625 0.6484375 0.890625 0.7734375 0.796875 0.6796875 0.7578125 0.640625 0.796875 
