% Invoked: ./gella -d -r 3 -l biased_r3/run03 >& biased_r3/run03.log
% Ministry of Cellular Automata
% Project Deux (CS523 Spring 2015)
% Version:v0.1-70-g0624-dirty
%  pop:50
%  ic count:100
%  CA Log option:biased_r3/run03
%  width:121
%  max workers:4
%  radius:3
%  iterations:300
%  use bias:true
%  generations:50

 generation 0.0.50.24.0.2.0.0.50.0.50.0.0.0.0.0.0.0.0.50.0.50.0.0.0.0.0.0.50.0.0.0.0.0.50.0.22.0.50.0.0.0.0.10.0.4.0.50.0.0.0.xover.mutate.done 50
 generation 1.50.50.50.50.50.51.51.50.50.33.2.51.6.3.2.2.2.51.3.50.1.5.2.51.2.1.1.1.1.2.1.14.33.2.51.1.5.1.28.2.50.2.17.2.50.2.1.2.2.50.xover.mutate.done 50
 generation 2.50.50.50.50.50.50.50.50.50.50.38.0.50.0.0.50.50.0.0.50.0.0.50.0.0.50.0.0.0.0.50.0.0.50.1.1.0.50.50.50.0.50.50.50.50.50.50.0.50.50.xover.mutate.done 50
 generation 3.51.51.52.52.51.51.50.50.50.50.3.3.3.5.50.50.1.52.1.50.50.51.3.1.3.52.1.57.5.51.3.3.1.3.3.50.50.52.52.2.51.52.3.52.3.52.50.1.50.22.xover.mutate.done 50
 generation 4.56.52.52.52.52.52.52.52.52.52.2.2.2.2.2.52.2.52.2.0.52.2.43.52.52.2.2.50.2.50.50.50.2.0.0.2.52.0.2.2.2.2.0.2.2.50.0.52.2.50.xover.mutate.done 50
 generation 5.53.52.52.52.52.52.52.52.52.52.19.50.2.10.5.7.2.2.2.52.2.2.12.14.9.2.52.52.52.52.2.52.29.52.52.2.52.50.52.52.2.2.2.2.2.52.2.2.2.52.xover.mutate.done 50
 generation 6.55.50.50.50.50.50.50.50.50.50.0.50.0.9.50.13.0.37.50.50.50.0.19.43.11.0.50.0.0.0.50.0.0.0.10.50.50.0.0.16.0.0.50.10.50.20.50.50.15.50.xover.mutate.done 50
 generation 7.54.53.53.53.53.53.53.53.53.53.50.3.3.53.53.3.53.3.15.53.4.53.53.53.53.26.53.53.51.3.13.51.20.52.53.53.53.4.53.37.3.7.53.22.3.10.5.53.4.53.xover.mutate.done 50
 generation 8.54.52.52.52.52.52.52.52.52.52.2.52.4.2.42.45.4.10.36.2.4.52.52.52.2.6.52.11.4.43.2.33.52.4.52.11.52.4.2.4.52.45.8.22.52.52.52.14.16.52.xover.mutate.done 50
 generation 9.55.50.50.50.50.50.50.50.50.50.50.0.50.1.1.50.50.1.0.50.1.0.1.11.5.50.50.1.50.50.11.50.1.1.0.15.5.25.50.50.1.50.22.5.0.50.50.1.50.52.xover.mutate.done 50
 generation 10.54.55.51.51.51.51.51.51.51.51.5.51.1.51.55.51.1.1.41.18.7.1.1.4.51.1.1.8.1.27.7.6.1.11.51.51.48.51.51.4.4.4.51.42.11.51.5.1.4.51.xover.mutate.done 50
 generation 11.54.54.57.52.52.52.52.52.52.52.2.52.2.52.2.52.52.2.29.2.11.52.2.2.2.52.52.52.52.2.2.2.52.4.10.52.2.54.2.4.52.52.2.52.10.52.45.2.52.52.xover.mutate.done 50
 generation 12.57.54.54.54.51.51.51.51.51.51.1.54.54.51.51.1.51.11.11.51.51.1.14.51.1.1.51.51.51.12.51.51.51.51.51.51.51.35.1.1.19.1.1.12.1.10.1.51.1.1.xover.mutate.done 50
 generation 13.57.51.51.51.51.51.51.51.51.51.51.10.43.51.12.1.51.3.51.1.51.3.50.3.51.11.9.3.3.51.3.11.3.49.51.51.51.51.3.11.3.51.9.8.51.51.51.3.15.8.xover.mutate.done 50
 generation 14.53.53.53.53.53.53.50.50.50.50.50.50.0.0.50.0.42.0.0.18.0.3.0.0.0.50.50.50.0.28.50.50.50.0.50.0.0.0.50.53.0.0.53.5.50.10.50.0.3.50.xover.mutate.done 50
 generation 15.53.53.53.53.53.53.52.52.50.50.1.50.53.50.1.3.50.1.50.4.1.0.1.0.50.50.1.1.16.4.33.1.44.1.3.50.6.50.50.50.1.27.1.3.1.4.4.50.1.1.xover.mutate.done 50
 generation 16.53.53.53.53.53.53.54.53.52.53.0.3.3.53.3.3.3.4.3.0.3.3.28.3.3.53.3.3.3.3.3.7.3.13.18.55.3.3.53.6.3.46.6.3.3.3.54.5.53.53.xover.mutate.done 50
 generation 17.64.64.63.54.63.63.63.63.63.63.52.2.63.3.2.8.27.3.15.3.64.3.14.52.52.3.63.63.2.3.3.3.34.3.2.2.3.2.52.35.53.14.63.13.63.52.63.63.36.3.xover.mutate.done 50
 generation 18.56.56.56.55.55.55.55.55.55.56.6.1.54.5.49.1.5.55.1.1.1.27.6.51.1.1.6.1.1.1.33.56.57.56.51.5.5.5.1.55.1.1.55.5.5.1.9.55.55.1.xover.mutate.done 50
 generation 19.54.53.53.53.53.53.53.53.53.53.4.53.5.3.4.12.4.3.53.3.53.51.1.40.1.5.1.4.51.1.48.51.4.12.54.46.5.1.1.1.5.52.54.51.4.50.3.13.1.51.xover.mutate.done 50
 generation 20.56.56.56.57.56.56.56.56.56.57.51.54.48.51.9.57.6.56.56.51.55.8.6.7.51.9.5.6.6.19.9.1.55.1.51.51.6.44.6.51.56.6.51.1.49.1.49.6.1.31.xover.mutate.done 50
 generation 21.57.56.57.57.55.57.56.56.56.56.51.57.8.60.6.1.51.51.51.5.54.7.51.6.5.8.8.51.6.50.46.52.5.51.54.52.55.57.54.60.55.6.51.60.1.51.57.7.5.7.xover.mutate.done 50
 generation 22.58.59.58.56.56.56.56.56.56.56.8.7.8.50.50.50.8.8.50.49.52.58.8.7.2.50.0.49.58.6.56.6.2.8.55.50.50.50.52.49.50.8.50.6.55.8.50.0.8.60.xover.mutate.done 50
 generation 23.62.60.60.60.60.60.56.56.55.55.3.58.3.5.8.56.50.53.55.13.10.5.31.3.53.5.53.10.55.7.8.5.53.60.56.5.53.5.53.5.53.5.3.3.3.10.3.53.3.53.xover.mutate.done 50
 generation 24.58.56.56.56.56.55.56.56.55.55.5.2.8.50.0.2.7.50.50.7.50.2.50.7.0.15.7.7.7.0.56.2.50.0.50.28.49.50.2.0.16.0.8.5.7.2.8.7.50.6.xover.mutate.done 50
 generation 25.62.59.60.60.61.61.59.59.59.55.51.2.1.56.51.5.2.10.51.8.5.5.9.50.8.1.51.6.11.9.12.1.9.1.1.51.1.50.60.5.57.2.1.1.1.6.2.36.1.11.xover.mutate.done 50
 generation 26.60.59.60.59.59.60.60.60.60.60.10.12.55.5.50.50.59.8.11.5.5.0.50.55.11.5.10.5.61.50.48.50.50.6.14.50.6.1.50.20.1.64.55.12.0.9.1.55.9.56.xover.mutate.done 50
 generation 27.64.60.61.60.60.60.61.60.60.60.1.6.5.1.1.50.1.1.49.2.45.50.61.50.50.15.6.60.1.6.10.10.1.50.1.1.61.6.1.10.14.48.50.50.0.10.50.50.43.61.xover.mutate.done 50
 generation 28.62.58.56.57.58.57.57.56.55.55.51.51.6.57.1.1.53.51.50.51.1.6.1.50.50.46.7.51.51.51.1.6.50.1.1.45.0.1.1.51.1.58.47.57.1.55.1.2.0.1.xover.mutate.done 50
 generation 29.63.61.59.59.62.62.62.63.59.59.12.11.51.1.3.63.47.1.55.51.68.3.60.3.12.48.9.60.14.62.15.15.13.60.50.1.15.3.62.17.51.3.2.51.60.3.51.50.3.16.xover.mutate.done 50
 generation 30.56.62.58.58.56.56.58.56.56.58.7.50.2.51.2.10.50.46.10.2.37.17.56.1.8.70.57.5.2.10.7.54.36.2.51.51.57.58.5.57.58.2.34.53.7.5.52.5.15.5.xover.mutate.done 50
 generation 31.80.72.65.65.64.67.64.67.65.65.11.3.16.14.20.15.3.11.16.16.52.48.64.90.1.64.15.50.52.20.3.63.16.24.64.65.52.21.14.3.20.62.3.65.52.60.3.16.3.16.xover.mutate.done 50
 generation 32.78.74.69.66.66.64.64.64.65.64.16.60.65.19.50.52.61.15.57.16.15.65.61.50.57.30.62.52.58.2.25.2.50.8.64.15.2.52.64.2.50.38.11.50.2.2.57.11.2.19.xover.mutate.done 50
 generation 33.80.74.58.61.61.61.59.58.59.61.32.0.37.33.33.46.16.0.85.55.24.50.50.56.45.3.8.0.10.50.45.43.63.60.0.43.7.15.3.50.57.50.6.56.50.34.32.53.9.50.xover.mutate.done 50
 generation 34.87.85.75.57.57.57.59.58.58.57.54.19.57.14.19.11.1.54.54.7.46.51.6.51.58.51.12.37.15.52.18.54.28.56.54.15.6.46.2.3.51.51.43.50.50.48.51.24.58.4.xover.mutate.done 50
 generation 35.80.79.66.57.56.57.60.54.57.56.4.50.16.49.50.3.3.51.4.3.54.54.3.55.5.17.0.55.56.24.9.53.56.50.50.50.53.55.55.54.36.0.53.0.50.0.5.53.12.48.xover.mutate.done 50
 generation 36.92.87.72.62.59.60.59.58.61.58.59.51.8.54.17.49.20.6.1.25.5.51.10.1.54.54.1.11.50.58.58.58.1.59.54.51.51.49.62.57.52.58.52.51.51.59.23.58.6.51.xover.mutate.done 50
 generation 37.87.89.69.64.60.60.60.61.61.65.2.41.1.50.12.50.59.59.3.57.48.56.55.14.51.47.51.49.30.1.57.28.51.59.51.3.9.57.2.48.48.29.51.26.22.37.51.42.40.57.xover.mutate.done 50
 generation 38.84.80.77.63.63.58.58.56.58.57.4.8.5.55.31.11.16.23.51.23.51.58.6.12.54.4.12.4.10.58.9.51.8.9.55.53.51.48.58.53.54.7.55.51.55.56.15.4.51.7.xover.mutate.done 50
 generation 39.85.87.71.58.57.55.54.56.59.54.54.3.32.50.10.17.31.53.12.1.5.51.36.54.8.47.51.17.53.23.15.13.48.33.8.5.51.9.9.51.35.20.81.54.11.58.26.9.22.11.xover.mutate.done 50
 generation 40.85.88.80.70.55.61.63.64.61.61.17.51.4.13.63.9.50.43.50.4.4.43.11.4.49.26.56.37.51.51.51.11.22.50.52.50.20.20.55.59.60.51.13.51.61.58.12.51.51.13.xover.mutate.done 50
 generation 41.82.81.80.76.59.60.64.62.60.58.17.50.25.1.38.48.1.0.51.51.1.50.38.10.44.1.48.11.61.0.9.9.8.1.30.4.62.45.24.50.6.26.8.50.45.1.51.1.1.1.xover.mutate.done 50
 generation 42.87.84.80.74.64.61.67.68.62.61.8.2.43.56.62.70.13.9.50.61.34.42.2.50.2.2.52.8.2.48.50.32.52.14.2.57.50.8.18.3.20.47.49.24.2.8.43.50.2.28.xover.mutate.done 50
 generation 43.82.85.78.71.69.57.61.66.58.67.69.33.56.50.28.40.30.2.5.11.28.52.69.6.2.10.2.62.19.28.65.0.80.79.47.40.85.17.55.34.69.14.10.52.4.50.52.28.50.49.xover.mutate.done 50
 generation 44.84.84.82.90.77.81.76.66.64.64.52.56.21.86.56.3.57.20.8.33.23.25.49.12.1.75.52.58.17.54.49.6.30.16.28.60.2.56.51.3.3.54.38.63.56.74.15.3.26.57.xover.mutate.done 50
 generation 45.82.82.88.88.87.77.78.74.72.75.60.3.72.11.10.9.77.51.14.51.43.9.11.3.71.61.31.37.59.19.43.6.44.3.3.50.51.53.2.8.22.70.59.26.13.76.18.3.26.3.xover.mutate.done 50
 generation 46.89.89.83.88.94.74.77.75.79.73.55.9.1.74.50.9.1.50.54.45.50.50.75.8.64.14.68.50.1.77.77.57.31.53.15.58.57.59.46.1.74.70.38.40.1.50.39.58.38.29.xover.mutate.done 50
 generation 47.86.87.87.87.84.81.80.78.76.81.1.25.44.59.48.18.49.19.63.51.59.44.74.89.17.7.50.60.93.75.77.1.0.4.44.36.1.37.57.49.16.57.5.6.57.11.51.45.51.28.xover.mutate.done 50
 generation 48.93.86.82.82.85.87.86.83.81.82.47.47.42.1.50.59.42.27.18.50.1.36.74.76.7.17.53.1.8.50.26.1.1.57.52.77.11.1.1.65.9.50.12.73.65.13.1.58.43.82.xover.mutate.done 50
 generation 49.92.86.88.86.83.80.88.88.78.88.3.91.42.30.91.27.34.52.49.86.19.59.60.92.52.39.3.10.3.63.3.52.3.58.50.78.51.25.52.62.3.36.12.78.59.3.52.44.52.52.xover.mutate.done 50
 32722311 iters     706487 iter/sec (46.32 s)
 total time: 46.32
