51 50 50 50 50 50 50 50 50 50 50 47 1 1 1 1 1 1 1 1 1 1 1 1 1 1 1 1 1 1 1 1 1 1 1 1 1 1 1 0 0 0 0 0 0 0 0 0 0 0 
51 51 51 50 50 50 50 50 50 50 50 50 50 50 50 50 50 50 50 50 50 48 41 23 9 8 1 1 1 1 1 1 1 1 1 1 1 1 1 1 1 1 1 1 1 1 1 1 1 0 
56 51 51 51 51 51 51 50 50 50 50 50 50 50 50 50 50 50 50 50 50 50 50 50 50 50 50 50 50 50 50 50 50 50 46 30 5 5 5 1 1 1 0 0 0 0 0 0 0 0 
51 50 50 50 50 50 50 50 50 50 50 50 50 50 50 50 50 50 50 50 50 50 50 50 50 50 50 49 48 47 31 28 23 19 19 1 0 0 0 0 0 0 0 0 0 0 0 0 0 0 
56 52 52 52 52 52 52 52 52 50 50 50 50 50 50 50 50 50 50 50 50 50 49 49 36 34 31 25 23 19 14 9 9 8 8 2 2 2 2 2 2 2 2 2 2 0 0 0 0 0 
60 51 51 51 51 51 51 51 51 51 51 51 51 51 51 51 50 50 50 50 50 50 50 50 50 50 48 39 33 26 21 15 11 11 11 11 11 11 1 1 1 1 1 1 1 1 1 1 0 0 
55 51 51 51 51 51 51 51 51 51 51 51 51 51 51 51 51 51 51 51 51 51 51 51 51 51 51 51 51 51 51 51 40 17 12 11 6 2 2 2 2 2 2 2 2 2 2 1 1 1 
53 52 52 52 52 52 52 52 52 52 52 52 52 52 52 52 52 52 52 52 52 52 52 52 52 52 52 52 52 52 52 50 26 7 5 2 2 2 2 2 2 2 2 2 2 2 2 2 2 2 
53 51 51 51 51 51 51 51 51 51 51 51 51 51 51 51 51 51 51 51 51 51 51 51 51 51 50 37 31 10 8 4 1 1 1 1 1 1 1 1 1 1 1 1 1 1 1 1 1 1 
53 51 51 51 51 51 51 51 51 51 51 51 51 51 51 51 51 51 51 51 51 51 51 51 51 51 51 50 39 22 14 8 5 4 1 1 1 1 1 1 1 1 1 1 1 1 1 1 1 0 
55 50 50 50 50 50 50 50 50 50 50 50 50 50 50 50 50 50 50 50 50 50 50 50 50 50 50 50 50 50 50 48 45 36 35 33 32 32 14 12 12 2 2 2 2 2 2 2 0 0 
56 52 52 52 52 52 52 52 52 52 52 52 52 52 52 52 52 52 52 52 52 52 52 51 50 50 50 33 21 20 19 17 16 13 8 8 8 7 3 3 3 3 3 3 3 3 3 3 3 1 
55 51 51 51 51 51 51 51 51 51 51 51 51 51 51 51 50 50 50 50 43 42 40 27 21 20 19 13 12 11 9 9 7 6 6 6 6 2 1 1 1 1 1 1 1 1 1 1 1 0 
60 50 50 50 50 50 50 50 50 50 50 50 50 50 50 50 50 50 50 50 50 50 50 50 50 50 23 14 13 11 11 10 10 10 1 1 1 1 1 1 1 1 1 1 1 1 1 1 1 1 
55 50 50 50 50 50 50 50 50 50 50 50 50 50 50 50 50 50 50 50 50 50 35 20 19 16 14 12 12 11 10 10 9 7 6 6 6 5 4 4 2 2 2 2 2 2 2 2 2 2 
53 52 52 52 52 52 52 52 52 52 52 52 52 52 52 52 52 52 52 52 52 52 52 52 52 52 52 50 36 34 25 25 14 13 7 7 7 5 5 2 2 2 2 2 2 2 2 2 2 2 
54 52 52 52 52 52 52 52 52 52 52 52 52 52 52 52 52 52 52 52 52 52 52 52 52 52 52 50 50 22 15 11 4 4 2 2 2 2 2 2 2 2 2 2 2 2 2 2 2 2 
57 50 50 50 50 50 50 50 50 50 50 50 50 50 50 50 50 50 50 50 50 50 50 50 50 50 50 50 50 50 50 50 50 50 50 46 11 7 7 1 1 1 1 1 1 1 1 1 1 1 
53 50 50 50 50 50 50 50 50 50 50 50 50 50 50 50 50 50 50 50 50 50 50 50 50 50 50 50 50 50 50 50 50 21 17 13 0 0 0 0 0 0 0 0 0 0 0 0 0 0 
55 51 51 51 51 51 51 51 51 51 51 51 51 51 51 51 51 51 51 51 51 51 51 51 51 50 50 50 50 50 48 48 46 46 23 6 3 2 2 2 2 2 2 2 2 2 2 1 1 1 
55 50 50 50 50 50 50 50 50 50 50 50 50 50 50 50 50 50 50 50 50 50 50 50 50 50 50 50 50 42 22 19 16 15 14 14 13 8 7 5 3 3 2 2 2 2 2 2 2 2 
56 51 51 51 51 51 51 51 51 51 51 51 51 51 51 51 51 51 51 51 51 51 51 51 51 51 51 51 51 51 39 35 28 18 14 12 11 10 7 7 4 4 4 4 4 4 1 1 1 1 
51 50 50 50 50 50 50 50 50 50 50 50 50 50 50 50 50 50 50 50 50 50 46 19 15 14 9 7 6 4 3 3 2 1 1 0 0 0 0 0 0 0 0 0 0 0 0 0 0 0 
53 50 50 50 50 50 50 50 50 50 50 50 50 50 50 50 50 50 50 50 50 50 50 50 50 50 50 40 40 16 10 10 10 10 9 8 7 7 6 5 4 3 3 1 0 0 0 0 0 0 
55 50 50 50 50 50 50 50 50 50 50 50 50 50 50 50 50 50 50 50 50 50 50 50 50 50 50 46 45 40 40 33 17 12 9 9 8 8 4 1 0 0 0 0 0 0 0 0 0 0 
55 50 50 50 50 50 50 50 50 50 50 50 50 50 50 50 50 50 50 50 50 30 25 17 17 12 10 10 9 8 7 5 2 1 1 1 1 1 1 1 1 1 1 1 1 1 1 1 0 0 
53 50 50 50 50 50 50 50 50 50 50 50 50 50 50 50 50 50 50 50 50 50 50 50 50 50 50 50 50 28 24 23 19 12 10 10 9 6 6 5 1 1 1 1 1 1 1 1 1 1 
56 50 50 50 50 50 50 50 50 50 50 50 50 50 50 50 50 50 50 50 50 50 50 50 50 50 50 50 50 50 50 40 32 24 14 12 11 1 1 1 1 1 1 1 1 1 1 1 1 1 
51 51 51 51 51 51 51 51 51 51 51 51 51 51 51 51 51 51 51 51 51 51 51 51 51 51 51 51 51 51 51 46 40 16 14 7 5 4 4 2 2 2 2 2 2 2 2 2 2 2 
57 52 52 52 52 52 52 52 52 52 52 52 52 52 52 52 52 52 52 52 52 50 45 24 18 12 4 4 4 4 4 4 4 4 4 4 4 4 4 4 4 4 4 4 4 4 4 4 2 2 
55 51 51 51 51 51 51 51 51 51 51 51 51 51 51 51 48 35 24 16 11 10 6 2 2 2 2 2 2 2 2 2 2 2 2 2 2 2 2 2 2 2 2 2 2 2 2 2 1 1 
56 56 50 50 50 50 50 50 50 50 50 50 50 50 50 50 50 50 50 50 50 50 50 26 20 19 16 14 10 9 6 6 4 2 2 2 2 2 2 2 2 2 2 2 2 2 2 2 2 0 
53 53 53 53 53 53 53 53 53 53 53 53 53 53 53 53 53 53 53 53 53 53 53 53 53 53 52 52 51 41 23 11 10 6 5 5 4 4 4 4 4 4 4 4 4 4 4 4 4 3 
51 51 51 51 51 51 51 51 51 51 51 51 51 51 51 51 51 51 51 51 51 51 51 51 51 51 51 51 51 51 51 51 51 51 46 41 31 20 10 8 7 5 2 1 1 1 1 1 1 1 
51 51 51 51 51 51 51 51 51 51 51 51 51 51 51 51 51 51 51 51 51 51 51 51 51 51 51 51 51 51 51 51 51 48 46 31 27 22 21 17 12 1 1 1 1 1 1 1 1 0 
50 50 50 50 50 50 50 50 50 50 50 50 50 50 50 50 50 50 50 50 50 50 50 50 50 50 50 50 50 50 50 50 50 47 26 26 23 18 15 9 7 7 0 0 0 0 0 0 0 0 
50 50 50 50 50 50 50 50 50 50 50 50 50 50 50 50 50 50 50 50 50 50 50 50 50 50 50 50 37 34 23 23 23 21 21 16 14 8 6 0 0 0 0 0 0 0 0 0 0 0 
50 50 50 50 50 50 50 50 50 50 50 50 50 50 50 50 50 50 50 50 50 50 50 50 50 42 38 33 27 22 18 15 9 0 0 0 0 0 0 0 0 0 0 0 0 0 0 0 0 0 
51 51 51 51 51 51 51 51 51 51 51 51 51 51 51 51 51 51 51 51 51 51 50 50 50 39 39 33 30 13 10 9 9 9 7 1 1 1 1 1 1 1 1 1 1 1 1 1 1 0 
51 51 51 51 51 51 51 51 51 51 51 51 51 51 51 51 51 51 51 51 51 51 50 50 50 23 8 1 1 1 1 1 1 1 1 1 1 1 1 1 1 1 1 1 1 1 1 0 0 0 
51 51 51 51 51 51 51 51 51 51 51 51 51 51 51 51 51 51 51 51 51 51 51 51 51 51 51 51 50 50 50 50 48 45 35 26 2 2 2 2 2 1 1 1 1 1 1 1 1 1 
50 50 50 50 50 50 50 50 50 50 50 50 50 50 50 50 50 50 50 50 50 50 50 50 50 50 50 50 50 50 50 50 50 50 50 50 50 50 31 20 11 11 6 6 1 1 1 1 1 0 
50 50 50 50 50 50 50 50 50 50 50 50 50 50 50 50 50 50 50 50 50 50 50 50 50 50 50 50 50 50 50 50 50 0 0 0 0 0 0 0 0 0 0 0 0 0 0 0 0 0 
51 51 51 51 51 51 51 51 51 51 51 51 51 51 51 51 51 51 51 51 51 51 51 51 51 50 50 50 50 50 31 28 12 2 1 1 1 1 1 1 1 1 1 1 1 1 1 1 0 0 
50 50 50 50 50 50 50 50 50 50 50 50 50 50 50 50 50 50 50 50 50 50 50 50 50 50 50 39 38 12 12 11 6 3 3 3 3 3 3 3 3 3 3 3 3 3 3 3 0 0 
53 53 53 53 53 53 53 53 53 53 53 53 53 53 53 53 53 53 53 53 53 53 53 53 53 53 53 53 53 53 53 44 36 34 32 30 29 20 20 5 5 5 5 5 5 5 5 5 5 5 
50 50 50 50 50 50 50 50 50 50 50 50 50 50 50 50 50 50 50 50 50 50 50 50 50 50 50 50 50 50 42 31 17 9 9 9 1 1 1 1 1 1 1 1 1 1 1 1 0 0 
50 50 50 50 50 50 50 50 50 50 50 50 50 50 50 50 50 50 50 50 50 50 50 50 50 50 50 50 50 50 50 50 50 50 50 50 50 50 47 36 17 16 8 6 6 5 1 1 1 1 
51 51 51 51 51 51 51 51 51 51 51 51 51 51 51 51 51 51 51 51 51 51 51 51 51 51 51 50 50 9 9 8 8 7 1 1 1 1 1 1 1 1 1 1 1 1 1 1 1 0 
53 53 53 53 53 53 53 53 53 53 53 53 53 53 53 53 53 53 53 53 53 53 53 53 53 53 53 53 53 53 53 53 53 53 52 50 50 19 13 5 4 4 4 4 4 4 4 4 4 1 
