% Invoked: ./gella -d -r 3 -l biased_r3/run11 >& biased_r3/run11.log
% Ministry of Cellular Automata
% Project Deux (CS523 Spring 2015)
% Version:v0.1-70-g0624-dirty
%  pop:50
%  ic count:100
%  CA Log option:biased_r3/run11
%  width:121
%  max workers:4
%  radius:3
%  iterations:300
%  use bias:true
%  generations:50

 generation 0.1.50.1.1.1.0.50.0.0.50.1.50.50.1.50.42.1.0.0.0.1.0.1.0.50.1.1.1.1.1.1.1.1.0.40.1.1.1.1.1.1.1.43.1.1.1.1.0.1.0.xover.mutate.done 50
 generation 1.50.50.50.50.50.50.50.44.35.42.0.0.0.0.0.50.50.7.0.0.0.0.50.0.0.0.0.0.50.50.7.48.50.0.0.50.0.0.50.0.42.50.0.0.0.0.0.0.50.50.xover.mutate.done 50
 generation 2.50.50.50.50.50.50.50.50.50.50.2.2.2.50.2.50.50.2.2.2.50.50.50.50.2.50.2.14.50.50.50.13.23.50.2.50.2.50.50.2.50.2.2.23.50.5.50.2.2.2.xover.mutate.done 50
 generation 3.50.50.50.50.50.50.50.50.51.50.3.8.50.1.27.50.51.50.2.50.2.50.2.21.51.1.3.2.51.3.2.50.50.2.30.2.15.13.50.2.50.2.3.17.2.50.2.51.3.2.xover.mutate.done 50
 generation 4.52.52.52.52.52.50.50.50.50.50.3.50.14.19.52.1.3.1.1.50.50.1.3.50.3.2.50.3.50.3.1.3.50.3.52.3.52.52.50.50.50.1.1.50.19.50.1.50.1.50.xover.mutate.done 50
 generation 5.50.50.50.50.50.50.50.50.67.50.43.0.52.0.50.2.2.2.50.50.2.50.50.50.2.2.42.50.2.50.68.0.52.0.50.50.2.50.2.2.13.2.2.50.12.50.2.2.50.50.xover.mutate.done 50
 generation 6.57.57.51.51.54.54.54.54.54.54.5.50.4.1.5.54.6.54.5.5.5.5.54.50.1.5.5.26.50.5.53.5.5.4.15.1.54.1.54.53.1.1.1.54.4.1.4.50.5.5.xover.mutate.done 50
 generation 7.58.57.51.51.51.51.51.51.51.51.13.1.23.1.51.51.24.0.1.1.2.0.51.30.1.0.1.0.0.51.0.1.12.1.1.1.2.50.51.1.51.51.50.24.50.51.1.1.1.50.xover.mutate.done 50
 generation 8.59.60.50.50.50.50.50.50.50.50.2.2.50.50.2.2.50.2.50.2.50.20.50.2.50.2.2.50.2.2.2.61.2.50.2.2.18.2.2.50.2.2.50.0.2.0.50.2.2.13.xover.mutate.done 50
 generation 9.56.58.58.51.51.51.51.51.51.51.1.1.51.51.51.0.51.1.1.0.0.56.51.51.0.51.1.1.52.0.51.1.51.51.1.51.22.1.0.50.51.1.14.1.51.0.1.1.51.56.xover.mutate.done 50
 generation 10.50.50.52.54.52.46.50.50.50.50.50.4.52.52.7.4.4.50.0.4.4.0.4.4.50.4.4.0.50.4.50.50.55.7.0.46.4.50.4.0.4.4.4.6.0.50.4.50.4.50.xover.mutate.done 50
 generation 11.64.60.63.63.63.58.65.66.50.50.58.2.2.2.0.2.20.2.22.2.0.50.2.4.59.67.2.2.2.50.2.2.12.66.50.20.2.68.2.2.2.0.2.54.59.2.2.66.50.50.xover.mutate.done 50
 generation 12.68.64.54.56.61.54.63.58.58.58.62.0.0.0.50.0.0.0.50.68.0.0.0.50.5.0.6.0.0.35.0.0.0.0.0.48.24.0.0.0.0.0.0.0.0.27.59.8.0.0.xover.mutate.done 50
 generation 13.66.66.67.65.58.56.58.58.58.58.52.1.1.1.58.33.1.1.5.0.1.18.59.1.0.1.50.0.1.0.36.1.6.1.49.1.5.50.7.18.8.6.1.14.1.0.5.0.6.1.xover.mutate.done 50
 generation 14.56.57.57.47.52.56.48.52.52.52.43.0.0.0.46.0.2.0.0.0.50.0.0.9.1.16.0.53.0.0.0.16.0.0.0.0.39.0.7.18.2.0.0.0.55.0.39.0.0.6.xover.mutate.done 50
 generation 15.60.60.62.65.67.65.64.59.59.59.2.2.58.70.8.2.2.1.1.1.1.2.33.2.2.63.2.1.2.2.2.60.56.2.2.2.7.65.2.10.2.2.4.1.2.18.2.2.61.64.xover.mutate.done 50
 generation 16.62.53.59.58.64.53.60.53.67.46.43.1.1.1.1.1.43.1.22.34.44.19.1.14.62.1.3.4.11.0.1.55.1.47.1.1.1.1.0.1.65.4.49.1.2.46.62.1.42.50.xover.mutate.done 50
 generation 17.70.75.70.73.71.67.62.67.66.69.2.2.2.2.2.64.2.2.2.16.70.2.2.2.59.4.59.2.2.5.45.2.36.2.2.32.2.2.2.45.2.2.77.62.4.2.2.49.2.2.xover.mutate.done 50
 generation 18.70.69.61.56.55.67.55.52.53.56.47.46.1.1.1.1.47.36.1.49.1.8.1.0.5.1.16.0.1.3.1.1.1.1.54.3.40.1.1.51.0.0.46.55.1.1.2.1.0.1.xover.mutate.done 50
 generation 19.75.73.66.71.66.56.64.60.63.65.4.1.4.1.49.37.1.27.1.28.1.1.1.38.60.50.1.46.1.65.1.20.1.1.45.1.40.50.1.54.1.19.1.1.1.1.1.1.50.1.xover.mutate.done 50
 generation 20.65.70.62.61.64.59.66.62.59.56.1.0.6.1.1.1.50.0.44.0.9.1.34.0.59.1.1.22.40.1.1.1.0.6.1.1.63.41.10.54.1.1.25.1.1.1.1.7.9.61.xover.mutate.done 50
 generation 21.63.57.60.58.55.60.60.54.51.56.2.12.32.6.2.46.2.2.56.2.2.2.16.52.14.2.2.54.2.46.2.33.55.2.11.48.2.4.2.52.32.2.2.4.2.16.2.4.22.11.xover.mutate.done 50
 generation 22.74.71.61.69.65.64.61.61.59.62.50.2.2.28.2.3.52.55.2.5.2.66.62.2.8.23.3.2.68.46.2.49.2.59.2.47.25.69.42.11.1.5.53.19.54.2.16.60.63.61.xover.mutate.done 50
 generation 23.73.73.67.62.69.71.71.67.67.61.4.48.50.0.4.4.0.0.51.0.0.69.0.45.70.8.55.28.64.5.45.0.57.48.0.0.3.2.61.37.0.0.0.57.1.17.0.4.2.0.xover.mutate.done 50
 generation 24.76.74.71.69.72.70.73.63.71.66.0.0.0.66.53.41.0.4.0.67.0.0.1.36.66.1.0.0.0.53.58.0.1.0.26.43.0.73.27.10.51.59.0.11.53.61.4.0.47.0.xover.mutate.done 50
 generation 25.68.69.66.66.73.62.61.64.57.58.52.1.1.52.1.1.1.0.1.1.45.1.1.5.1.1.1.52.1.1.1.1.32.67.1.61.1.5.1.9.0.68.1.57.51.1.19.26.1.62.xover.mutate.done 50
 generation 26.62.60.65.63.60.64.64.58.66.48.1.12.4.64.6.1.4.1.1.37.1.1.0.1.5.1.3.17.1.3.21.53.60.0.1.1.0.1.1.1.1.0.1.1.37.55.45.1.1.49.xover.mutate.done 50
 generation 27.67.60.59.59.55.58.58.61.60.60.7.2.58.47.2.2.2.2.2.53.2.2.29.2.2.22.56.7.2.50.55.32.38.53.2.47.2.43.46.56.2.2.2.43.57.32.2.2.2.0.xover.mutate.done 50
 generation 28.67.68.68.69.66.66.66.63.68.71.0.66.49.1.1.0.1.48.1.0.54.1.63.61.69.1.5.49.0.6.1.48.1.0.52.66.32.67.1.65.57.70.57.1.63.1.61.63.1.65.xover.mutate.done 50
 generation 29.65.55.59.56.61.63.63.67.63.52.24.2.58.58.59.1.1.62.52.2.57.55.58.0.1.46.3.36.51.51.64.1.1.3.0.1.1.1.52.23.59.44.55.1.1.55.58.62.49.3.xover.mutate.done 50
 generation 30.61.61.63.62.60.59.61.64.60.56.38.3.65.1.57.30.63.3.2.60.8.58.59.38.46.57.3.3.3.3.2.1.54.1.3.4.1.3.3.54.3.3.59.3.26.44.3.56.2.46.xover.mutate.done 50
 generation 31.67.63.63.64.67.68.56.69.73.66.4.1.56.24.34.1.1.1.1.1.1.1.1.0.1.71.54.1.65.41.48.51.1.12.1.65.21.3.67.1.5.1.23.8.1.1.41.4.1.0.xover.mutate.done 50
 generation 32.66.71.70.74.67.69.69.71.59.63.65.7.66.61.2.2.66.47.43.63.56.3.54.3.2.2.3.53.54.29.54.62.2.7.49.66.0.50.4.0.59.28.4.2.46.3.63.19.56.63.xover.mutate.done 50
 generation 33.68.75.68.70.71.71.71.74.69.69.40.61.73.2.63.31.7.60.54.51.8.2.2.2.2.2.7.33.49.7.66.66.54.7.8.2.70.64.56.64.2.7.15.10.7.7.8.7.2.2.xover.mutate.done 50
 generation 34.65.69.70.63.63.66.68.60.57.64.63.3.7.5.66.59.53.1.4.44.64.58.5.1.4.4.1.1.1.1.4.50.1.30.60.59.1.61.1.54.1.62.47.1.4.1.68.64.1.2.xover.mutate.done 50
 generation 35.66.67.66.68.73.64.77.66.60.67.65.73.1.2.2.60.2.6.6.46.6.52.54.1.51.65.6.1.52.74.6.67.2.1.17.1.68.63.65.59.7.2.51.61.8.6.6.2.1.35.xover.mutate.done 50
 generation 36.70.74.68.69.68.72.71.65.59.67.6.56.6.10.62.2.61.60.6.2.2.13.45.2.0.63.40.25.6.2.26.24.0.12.2.11.2.0.28.32.12.7.30.29.2.10.62.53.2.2.xover.mutate.done 50
 generation 37.77.75.70.75.70.72.73.66.69.56.39.0.5.0.0.52.5.0.0.0.8.0.9.0.0.0.0.0.38.0.0.5.5.7.19.5.0.32.7.0.6.11.0.0.6.0.48.5.62.0.xover.mutate.done 50
 generation 38.71.64.72.61.65.61.67.63.60.56.57.0.0.52.0.33.4.0.0.57.68.0.0.0.3.5.0.3.57.0.3.0.0.3.0.0.45.3.4.3.0.24.3.59.21.0.17.0.3.3.xover.mutate.done 50
 generation 39.69.69.74.62.64.65.62.66.66.61.26.32.1.2.0.0.1.0.0.16.2.49.0.0.2.1.0.59.2.2.0.3.0.0.0.1.14.0.1.2.0.0.1.0.0.0.0.0.1.1.xover.mutate.done 50
 generation 40.69.73.73.70.69.65.68.67.64.68.0.10.11.0.0.0.0.0.10.12.50.0.57.8.36.0.15.0.33.0.0.0.0.0.0.25.51.0.10.21.0.0.11.55.37.0.0.40.0.12.xover.mutate.done 50
 generation 41.79.77.71.79.73.71.76.74.72.72.11.4.8.2.4.4.4.74.4.48.7.62.7.8.7.4.4.2.2.2.4.54.43.4.7.2.9.56.2.8.8.34.4.17.21.63.2.4.10.2.xover.mutate.done 50
 generation 42.74.75.78.68.70.65.66.64.70.67.57.6.37.15.2.0.2.2.2.0.6.0.0.6.6.2.0.2.2.2.0.6.38.2.61.2.14.2.6.0.2.56.2.6.77.2.5.2.6.0.xover.mutate.done 50
 generation 43.71.68.69.59.60.61.56.58.61.57.3.3.3.9.0.3.0.33.3.3.39.3.37.6.6.3.6.6.45.9.3.6.3.60.8.3.52.3.22.3.31.3.3.3.0.6.3.0.3.52.xover.mutate.done 50
 generation 44.79.74.70.72.70.73.67.72.71.74.2.3.7.3.53.11.3.3.46.55.74.3.10.5.8.1.69.8.52.7.1.3.3.49.7.67.9.45.3.48.57.2.68.17.3.8.36.3.67.62.xover.mutate.done 50
 generation 45.73.67.64.65.64.65.70.58.65.63.10.1.51.6.15.42.55.1.6.1.14.6.6.2.36.21.2.4.6.1.2.44.6.6.2.40.1.1.36.2.2.6.7.6.12.42.1.1.2.2.xover.mutate.done 50
 generation 46.76.68.71.65.69.67.64.73.74.64.6.30.6.6.36.10.2.47.0.37.0.38.2.36.2.2.2.6.2.2.2.13.0.6.2.2.6.51.2.2.33.26.37.56.2.2.55.59.9.6.xover.mutate.done 50
 generation 47.74.77.71.75.72.80.73.65.73.67.56.5.3.9.7.12.58.1.3.60.3.67.2.3.3.2.3.8.1.2.2.41.61.5.3.7.5.32.53.7.10.7.72.3.64.20.52.25.63.22.xover.mutate.done 50
 generation 48.71.65.71.66.69.66.66.64.66.62.0.1.19.37.28.5.5.1.2.7.7.5.1.1.32.66.17.63.13.1.1.44.12.45.63.1.1.1.0.1.7.6.1.0.1.1.1.1.1.52.xover.mutate.done 50
 generation 49.67.73.71.72.59.60.64.59.65.65.2.42.0.35.2.2.17.5.41.5.5.2.2.25.6.52.33.2.6.2.5.2.6.2.2.6.2.5.5.2.42.6.2.2.35.2.2.10.26.2.xover.mutate.done 50
 65629386 iters     731390 iter/sec (89.73 s)
 total time: 89.73
