% Invoked: ./gella -d -r 3 -l biased_r3/run16 >& biased_r3/run16.log
% Ministry of Cellular Automata
% Project Deux (CS523 Spring 2015)
% Version:v0.1-70-g0624-dirty
%  pop:50
%  ic count:100
%  CA Log option:biased_r3/run16
%  width:121
%  max workers:4
%  radius:3
%  iterations:300
%  use bias:true
%  generations:50

 generation 0.0.50.3.0.1.1.1.50.1.1.1.0.50.1.1.1.1.1.1.1.50.0.1.50.0.50.1.1.0.50.0.50.50.0.1.0.1.0.0.0.1.1.0.0.0.1.0.0.1.0.xover.mutate.done 50
 generation 1.50.50.50.50.50.50.50.50.50.10.50.1.1.51.50.1.1.1.0.50.1.50.1.51.0.0.59.1.1.1.13.0.1.46.1.0.1.1.1.50.1.10.1.1.39.1.2.50.1.1.xover.mutate.done 50
 generation 2.62.50.50.50.50.50.50.50.50.50.1.50.1.1.1.50.1.40.50.1.1.1.1.1.4.1.1.1.0.1.1.1.1.1.1.50.1.1.1.50.1.1.1.0.1.1.1.51.1.50.xover.mutate.done 50
 generation 3.60.52.50.50.50.50.50.50.50.50.2.7.2.2.50.2.2.2.0.2.50.2.2.2.2.2.9.2.2.2.2.2.50.50.2.0.2.5.2.2.50.19.50.2.2.50.2.52.50.2.xover.mutate.done 50
 generation 4.56.51.51.50.50.50.50.50.50.50.50.1.1.1.1.50.38.1.1.50.50.1.1.0.1.1.1.1.4.1.50.50.1.50.30.50.1.1.50.50.51.0.1.1.0.1.1.50.1.0.xover.mutate.done 50
 generation 5.59.50.50.50.50.50.50.50.50.50.50.50.50.50.20.0.0.0.50.0.0.50.0.11.50.0.0.50.50.50.0.0.50.6.50.50.0.0.0.50.50.50.50.50.0.0.0.0.50.50.xover.mutate.done 50
 generation 6.55.51.51.51.51.51.50.50.50.50.1.50.51.50.50.2.1.1.13.50.1.50.2.51.51.2.2.2.51.6.2.51.50.2.50.3.1.2.1.50.50.1.50.50.19.2.50.51.16.50.xover.mutate.done 50
 generation 7.56.50.50.50.51.51.50.51.51.50.1.51.50.50.22.0.3.0.1.1.1.38.51.50.46.50.1.50.50.19.51.1.1.0.1.50.1.0.50.0.1.1.1.50.1.50.1.50.0.17.xover.mutate.done 50
 generation 8.57.51.51.51.51.51.51.51.51.51.2.50.17.2.1.2.2.1.59.1.1.1.51.2.2.51.51.2.1.2.51.2.51.2.2.41.51.2.1.50.1.1.51.50.2.1.1.2.50.2.xover.mutate.done 50
 generation 9.56.56.51.51.51.51.51.51.51.52.3.51.3.3.52.51.50.3.37.3.1.2.50.51.3.2.46.3.52.51.2.51.1.52.1.1.2.3.2.3.51.50.3.52.50.2.2.51.3.50.xover.mutate.done 50
 generation 10.55.58.52.52.52.52.52.51.51.51.3.2.51.51.3.2.3.2.2.50.3.2.51.3.43.9.2.52.3.52.51.2.1.2.2.3.51.49.2.2.3.1.52.52.2.52.3.52.3.1.xover.mutate.done 50
 generation 11.64.61.53.53.53.53.53.53.53.53.41.51.50.4.4.4.4.51.4.4.4.4.4.4.4.4.21.53.4.4.51.50.4.4.3.4.53.4.4.4.53.4.4.53.3.50.53.53.4.53.xover.mutate.done 50
 generation 12.59.59.50.50.50.50.50.50.50.50.43.46.52.50.50.2.50.50.10.0.2.38.2.2.3.0.2.2.50.2.50.2.52.50.2.2.40.2.0.50.2.50.50.2.6.50.2.3.2.0.xover.mutate.done 50
 generation 13.59.59.50.50.52.52.52.52.52.52.38.2.37.52.2.8.2.52.13.52.2.0.9.52.2.52.0.2.2.0.2.2.52.0.52.2.2.2.0.2.8.50.0.0.2.6.2.0.0.50.xover.mutate.done 50
 generation 14.57.56.53.53.53.53.53.53.53.53.53.48.1.4.1.4.1.53.3.16.3.50.23.12.21.51.4.1.50.4.1.53.4.3.4.47.4.3.53.3.1.53.3.50.3.47.4.1.53.4.xover.mutate.done 50
 generation 15.53.46.50.50.50.50.50.50.50.50.0.50.50.0.5.50.40.0.50.0.0.50.50.50.0.50.0.0.50.0.50.50.0.0.0.0.50.0.50.0.0.0.50.50.50.0.0.47.0.50.xover.mutate.done 50
 generation 16.60.50.50.50.50.50.50.50.50.50.0.1.1.50.50.50.50.50.50.50.50.50.1.50.0.1.50.50.50.50.0.1.50.4.41.50.50.38.1.50.0.1.1.38.27.47.39.0.1.11.xover.mutate.done 50
 generation 17.56.52.52.52.52.52.52.52.52.52.50.50.52.52.3.9.3.42.56.16.52.52.3.52.52.52.16.52.52.3.52.52.50.3.50.52.52.3.52.2.3.52.52.52.43.52.3.3.1.52.xover.mutate.done 50
 generation 18.57.57.50.50.50.50.50.50.50.50.11.2.50.50.50.50.2.41.2.0.50.50.36.0.7.2.2.50.50.50.2.2.50.50.50.2.50.2.50.50.50.0.50.50.2.49.50.2.50.50.xover.mutate.done 50
 generation 19.59.56.50.50.50.50.50.50.50.50.29.50.50.0.50.50.50.50.45.1.50.50.1.50.1.50.1.0.50.33.50.50.50.50.50.50.1.50.50.1.50.50.50.1.50.50.50.50.1.50.xover.mutate.done 50
 generation 20.59.58.51.51.51.51.51.51.51.51.1.2.51.51.1.50.3.51.3.50.3.51.51.7.51.50.50.3.51.2.51.3.11.2.51.3.13.3.50.39.3.36.2.51.21.3.51.44.51.1.xover.mutate.done 50
 generation 21.59.54.51.51.51.51.51.51.51.51.51.51.0.51.50.1.1.50.51.50.51.50.28.1.12.12.27.51.51.51.51.51.11.51.1.51.51.1.1.51.51.51.17.51.51.51.51.50.50.1.xover.mutate.done 50
 generation 22.62.57.56.56.56.56.56.56.56.56.56.56.6.6.6.56.12.11.53.6.20.17.13.6.0.6.0.0.6.6.6.6.0.56.12.56.56.6.50.6.56.25.6.20.6.56.6.0.6.6.xover.mutate.done 50
 generation 23.62.60.50.50.50.50.50.50.50.50.0.5.33.50.8.0.0.0.0.0.0.50.50.36.0.50.15.0.0.0.50.16.50.0.50.43.10.50.39.50.50.0.0.50.30.0.0.12.50.0.xover.mutate.done 50
 generation 24.52.51.51.51.51.51.51.51.51.51.1.51.1.21.51.1.44.1.51.1.51.51.50.6.51.25.1.1.46.1.51.1.49.51.1.1.1.51.1.51.26.21.51.1.51.1.0.8.1.3.xover.mutate.done 50
 generation 25.57.51.51.51.51.51.51.51.51.51.51.51.1.43.19.1.1.65.51.0.51.51.51.0.51.1.1.51.51.22.51.45.51.51.1.1.1.1.1.1.1.1.1.51.17.1.2.51.1.51.xover.mutate.done 50
 generation 26.68.60.59.51.51.51.51.51.51.51.51.0.51.51.16.0.1.0.45.51.1.1.51.51.1.1.51.44.12.13.1.1.43.0.1.51.1.18.1.51.1.51.1.1.1.51.51.51.1.51.xover.mutate.done 50
 generation 27.74.61.61.50.50.50.50.50.50.50.14.2.2.43.46.2.0.60.0.6.50.2.50.50.50.42.7.2.47.0.2.2.10.50.0.2.2.55.2.0.0.0.2.2.50.2.0.2.50.0.xover.mutate.done 50
 generation 28.69.55.56.56.45.50.50.50.50.50.1.1.56.0.50.48.0.1.47.50.15.50.1.1.1.1.1.1.1.50.0.1.1.50.48.50.50.50.50.12.0.50.1.50.50.14.1.1.0.50.xover.mutate.done 50
 generation 29.69.56.56.56.55.51.51.51.51.51.1.1.51.0.0.1.7.50.51.9.51.1.0.1.0.49.51.1.9.1.1.50.50.50.1.1.1.50.50.50.50.50.51.10.1.10.51.51.1.1.xover.mutate.done 50
 generation 30.66.57.57.57.60.51.51.51.51.51.1.1.3.25.0.1.0.1.0.1.0.1.50.1.1.1.0.0.51.1.0.50.8.1.1.0.51.0.0.1.50.0.0.1.46.1.3.51.1.51.xover.mutate.done 50
 generation 31.70.60.62.61.62.51.51.51.51.51.51.51.50.1.1.1.51.51.50.1.23.1.28.0.1.50.14.1.62.32.51.1.0.1.1.1.22.1.1.4.1.1.1.51.1.51.0.51.33.0.xover.mutate.done 50
 generation 32.71.56.56.56.55.59.50.50.50.50.1.0.1.0.0.1.1.0.10.0.50.9.0.34.50.1.50.0.1.1.0.1.16.50.1.43.0.50.1.0.0.1.1.50.0.1.1.11.0.1.xover.mutate.done 50
 generation 33.72.65.64.64.64.64.50.50.50.50.19.0.0.50.0.0.0.0.0.0.0.50.0.0.26.50.9.0.0.0.0.0.0.50.0.50.0.0.0.0.0.0.0.0.0.60.0.50.52.41.xover.mutate.done 50
 generation 34.67.60.61.61.61.60.56.50.52.52.2.2.2.52.7.50.50.2.0.50.2.2.52.2.0.50.7.2.2.50.50.38.0.7.52.23.53.2.0.0.2.2.7.0.2.0.2.2.20.0.xover.mutate.done 50
 generation 35.71.58.58.58.58.58.54.61.51.51.4.3.3.19.12.2.2.37.1.51.2.1.50.2.1.50.4.2.4.3.1.1.4.1.50.3.3.3.1.51.2.2.6.3.11.50.2.3.2.50.xover.mutate.done 50
 generation 36.63.52.54.54.54.57.54.56.50.50.2.31.2.0.2.2.2.2.0.10.0.22.54.2.7.23.8.2.54.2.2.0.2.10.2.23.57.2.41.2.50.2.3.2.52.0.2.2.2.2.xover.mutate.done 50
 generation 37.66.57.53.51.56.56.56.55.56.55.1.14.1.47.1.1.7.2.50.1.2.26.39.57.55.2.1.4.2.1.1.1.5.1.1.60.51.1.9.56.1.2.2.51.14.1.50.2.1.1.xover.mutate.done 50
 generation 38.72.54.54.48.51.51.51.49.50.51.20.0.47.49.0.47.0.0.48.55.23.10.0.54.0.4.0.50.0.38.47.2.32.54.0.18.14.38.49.0.0.0.21.46.4.49.51.27.0.0.xover.mutate.done 50
 generation 39.67.54.55.53.52.51.54.54.54.52.32.49.1.43.1.1.1.31.17.22.0.53.1.1.40.10.29.1.1.53.56.1.0.30.23.1.52.59.54.43.1.1.30.1.52.52.1.25.1.13.xover.mutate.done 50
 generation 40.66.54.54.55.55.51.51.51.57.57.0.0.0.37.62.0.0.0.0.22.42.0.0.66.0.0.0.6.0.0.13.10.29.28.66.0.0.17.0.0.17.0.16.0.0.38.0.22.0.0.xover.mutate.done 50
 generation 41.68.71.71.64.63.60.57.65.68.64.1.1.59.1.13.31.45.1.1.1.1.64.1.63.0.5.1.37.4.26.57.55.1.1.0.1.0.4.31.1.0.27.1.49.1.40.57.33.5.1.xover.mutate.done 50
 generation 42.65.65.65.65.62.63.61.63.61.62.5.58.2.55.5.34.17.51.2.2.5.60.57.2.55.2.34.2.2.30.2.61.5.2.63.1.2.2.2.12.41.55.26.2.53.2.60.64.42.31.xover.mutate.done 50
 generation 43.71.71.70.67.70.69.69.59.66.64.65.0.42.17.33.0.56.0.0.0.29.56.0.0.0.65.35.33.11.34.67.43.56.0.62.63.0.69.43.0.7.70.63.0.0.32.69.50.64.46.xover.mutate.done 50
 generation 44.70.70.69.68.67.62.62.62.66.61.1.33.63.1.1.63.1.5.9.70.1.1.48.1.11.62.8.16.9.1.39.1.1.56.66.1.45.1.45.50.12.41.1.26.11.23.1.1.24.16.xover.mutate.done 50
 generation 45.70.70.67.68.68.65.70.65.60.66.0.6.53.1.10.15.0.69.18.0.4.0.61.0.0.9.0.0.20.65.59.39.0.7.20.21.61.23.0.0.9.9.0.59.56.0.24.48.35.4.xover.mutate.done 50
 generation 46.65.65.67.62.62.59.63.61.61.65.27.2.14.4.2.1.10.44.49.59.2.6.26.13.49.2.51.62.2.3.43.46.2.47.1.53.7.17.66.7.6.44.45.52.50.2.55.31.25.1.xover.mutate.done 50
 generation 47.69.70.71.71.71.70.66.66.63.63.0.4.0.34.4.67.61.0.27.40.2.0.0.4.3.2.34.0.29.64.8.27.0.68.69.0.69.3.0.0.4.32.15.0.40.17.58.0.0.45.xover.mutate.done 50
 generation 48.75.75.75.64.75.73.73.73.75.72.0.0.0.0.65.0.68.9.33.0.40.44.0.6.0.0.8.0.62.22.28.0.11.42.72.0.59.24.64.69.0.0.22.6.33.5.28.57.0.0.xover.mutate.done 50
 generation 49.66.66.67.65.67.68.67.67.71.70.42.36.0.4.1.0.0.36.7.42.70.0.0.0.37.11.0.0.57.12.0.0.58.52.0.45.38.15.41.0.0.1.0.0.22.48.0.62.61.54.xover.mutate.done 50
 49537235 iters     719690 iter/sec (68.83 s)
 total time: 68.83
