0.875 0.9140625 0.3515625 0.765625 0.8984375 0.4765625 0.7890625 0.484375 0.828125 0.9921875 
0.765625 0.8984375 0.9921875 0.03125 0.109375 0.1015625 0.7265625 1.0 0.9296875 0.96875 
0.140625 0.3984375 0.953125 0.8984375 0.25 0.765625 0.8984375 0.9921875 0.03125 0.109375 
0.6328125 0.8203125 0.140625 0.25 0.359375 0.25 0.953125 0.8984375 0.765625 0.8984375 
0.6328125 0.25 0.359375 0.25 0.953125 0.8984375 0.765625 0.8984375 0.9375 0.7265625 
0.6328125 0.7578125 0.953125 0.8984375 0.9375 0.7265625 0.796875 0.671875 0.6875 0.671875 
0.4765625 0.6328125 0.1953125 0.953125 0.8984375 0.9375 0.7265625 0.796875 0.671875 0.6875 
0.4765625 0.6328125 0.1953125 0.953125 0.8984375 0.9375 0.7265625 0.796875 0.671875 0.6875 
0.4765625 0.6328125 0.1953125 0.953125 0.8984375 0.9375 0.7265625 0.796875 0.671875 0.6875 
0.4765625 0.6328125 0.953125 0.8984375 0.9375 0.7265625 0.796875 0.671875 0.6875 0.8046875 
0.4765625 0.6328125 0.203125 0.3984375 0.953125 0.8984375 0.9375 0.7265625 0.796875 0.671875 
0.4765625 0.6328125 0.203125 0.3984375 0.953125 0.8984375 0.9375 0.7265625 0.796875 0.671875 
0.4765625 0.6328125 0.953125 0.8984375 0.9375 0.7265625 0.796875 0.671875 0.8359375 0.7734375 
0.4765625 0.6328125 0.953125 0.8984375 0.9375 0.7265625 0.796875 0.671875 0.8359375 0.7734375 
0.4765625 0.6328125 0.953125 0.8984375 0.9375 0.7265625 0.796875 0.671875 0.8359375 0.7734375 
0.4765625 0.6328125 0.953125 0.8984375 0.9375 0.7265625 0.796875 0.671875 0.8359375 0.7734375 
0.4765625 0.6328125 0.953125 0.8984375 0.9375 0.7265625 0.796875 0.671875 0.8359375 0.7734375 
0.4765625 0.6328125 0.953125 0.8984375 0.9375 0.7265625 0.796875 0.671875 0.8359375 0.7734375 
0.4765625 0.6328125 0.953125 0.8984375 0.9375 0.7265625 0.796875 0.671875 0.8359375 0.7734375 
0.4765625 0.6328125 0.953125 0.8984375 0.9375 0.7265625 0.796875 0.671875 0.8359375 0.7734375 
0.4765625 0.6328125 0.953125 0.8984375 0.9375 0.7265625 0.796875 0.671875 0.8359375 0.7734375 
0.4765625 0.4375 0.6328125 0.953125 0.8984375 0.9375 0.7265625 0.796875 0.671875 0.8359375 
0.4765625 0.4375 0.6328125 0.953125 0.8984375 0.9375 0.7265625 0.796875 0.671875 0.8359375 
0.4765625 0.4375 0.6328125 0.4296875 0.953125 0.8984375 0.9375 0.7265625 0.796875 0.671875 
0.4765625 0.4453125 0.4375 0.6328125 0.4296875 0.953125 0.8984375 0.9375 0.7265625 0.796875 
0.4765625 0.4453125 0.4375 0.6328125 0.4296875 0.953125 0.8984375 0.9375 0.7265625 0.796875 
0.4765625 0.4453125 0.4453125 0.4375 0.6328125 0.4296875 0.4375 0.953125 0.8984375 0.9375 
0.4765625 0.4453125 0.4453125 0.4375 0.4296875 0.4375 0.4375 0.4453125 0.6328125 0.625 
0.4765625 0.4453125 0.4453125 0.4375 0.453125 0.4296875 0.4375 0.4375 0.4453125 0.625 
0.4765625 0.4453125 0.4453125 0.4375 0.4296875 0.4375 0.4453125 0.453125 0.453125 0.4375 
0.4765625 0.4453125 0.4453125 0.4375 0.4296875 0.4375 0.4375 0.4375 0.4375 0.453125 
0.4765625 0.5234375 0.4453125 0.453125 0.4453125 0.4375 0.4296875 0.4375 0.4375 0.4375 
0.5234375 0.5234375 0.4765625 0.5078125 0.4453125 0.5078125 0.453125 0.4375 0.4453125 0.46875 
0.4765625 0.5234375 0.5234375 0.5078125 0.5078125 0.5078125 0.5078125 0.5078125 0.46875 0.4453125 
0.4765625 0.5234375 0.5234375 0.515625 0.5078125 0.5078125 0.4921875 0.4921875 0.484375 0.5078125 
0.4765625 0.5234375 0.5234375 0.5234375 0.515625 0.5078125 0.5078125 0.515625 0.5078125 0.4921875 
0.4765625 0.5234375 0.5078125 0.5078125 0.5078125 0.5234375 0.5234375 0.5234375 0.515625 0.5078125 
0.4765625 0.5234375 0.5234375 0.5234375 0.5234375 0.5234375 0.5078125 0.5078125 0.5078125 0.5078125 
0.5390625 0.5234375 0.5234375 0.5234375 0.5234375 0.5234375 0.5234375 0.5234375 0.5078125 0.5078125 
0.53125 0.5234375 0.5234375 0.5390625 0.5234375 0.5234375 0.5234375 0.5234375 0.5234375 0.5234375 
0.53125 0.5390625 0.5234375 0.5234375 0.5234375 0.5234375 0.5234375 0.5234375 0.5234375 0.5234375 
0.53125 0.5390625 0.5234375 0.5234375 0.5234375 0.5234375 0.5234375 0.5234375 0.5234375 0.5234375 
0.53125 0.5390625 0.5234375 0.5234375 0.5234375 0.5234375 0.5234375 0.5234375 0.5234375 0.5234375 
0.53125 0.5234375 0.5390625 0.5234375 0.5234375 0.5234375 0.5234375 0.5234375 0.5234375 0.5 
0.53125 0.5390625 0.5234375 0.5234375 0.5234375 0.5234375 0.5234375 0.5234375 0.5234375 0.5 
0.53125 0.5234375 0.5390625 0.5234375 0.5234375 0.5234375 0.5 0.5234375 0.5234375 0.5234375 
0.53125 0.5234375 0.5390625 0.5234375 0.53125 0.5234375 0.5234375 0.53125 0.5234375 0.5234375 
0.53125 0.5390625 0.5546875 0.546875 0.53125 0.5234375 0.5234375 0.5390625 0.515625 0.5234375 
0.53125 0.5390625 0.5546875 0.546875 0.5390625 0.53125 0.5234375 0.515625 0.5234375 0.5234375 
0.53125 0.5234375 0.5234375 0.5390625 0.515625 0.5390625 0.5390625 0.53125 0.5546875 0.5234375 
