0.71875 0.28125 0.8984375 0.9921875 0.421875 0.6640625 0.4140625 0.0234375 0.3828125 0.6875 
0.8984375 0.9921875 0.0234375 0.0390625 0.9609375 0.984375 0.109375 0.9609375 0.171875 0.34375 
0.6171875 0.5703125 0.9453125 0.7890625 0.7734375 0.3203125 0.3125 0.1484375 0.8984375 0.9921875 
0.6171875 0.9453125 0.7890625 0.7734375 0.8125 0.9140625 0.3203125 0.3125 0.1484375 0.8984375 
0.390625 0.6171875 0.9453125 0.7890625 0.7734375 0.8125 0.9140625 0.765625 0.8203125 0.78125 
0.390625 0.6171875 0.546875 0.9453125 0.7890625 0.7734375 0.8125 0.9140625 0.765625 0.8203125 
0.390625 0.6171875 0.5078125 0.546875 0.9453125 0.7890625 0.7734375 0.8125 0.9140625 0.765625 
0.390625 0.6171875 0.5078125 0.546875 0.9453125 0.7890625 0.7734375 0.8125 0.9140625 0.765625 
0.390625 0.6171875 0.5078125 0.546875 0.9453125 0.7890625 0.7734375 0.8125 0.9140625 0.765625 
0.390625 0.6171875 0.546875 0.5078125 0.9453125 0.7890625 0.7734375 0.8125 0.9140625 0.765625 
0.390625 0.6171875 0.546875 0.5078125 0.9453125 0.7890625 0.7734375 0.8125 0.9140625 0.765625 
0.390625 0.6171875 0.484375 0.546875 0.5078125 0.515625 0.5 0.9453125 0.7890625 0.7734375 
0.390625 0.484375 0.6171875 0.546875 0.515625 0.5 0.5078125 0.9453125 0.7890625 0.7734375 
0.390625 0.6171875 0.484375 0.5 0.5078125 0.5078125 0.515625 0.546875 0.9453125 0.7890625 
0.390625 0.6171875 0.5 0.484375 0.5 0.4921875 0.5078125 0.5078125 0.546875 0.484375 
0.390625 0.6171875 0.5 0.4765625 0.484375 0.4921875 0.5078125 0.5078125 0.5 0.484375 
0.390625 0.6171875 0.4765625 0.5 0.484375 0.4921875 0.5 0.5 0.515625 0.4921875 
0.390625 0.6171875 0.4921875 0.4921875 0.5 0.484375 0.5 0.4765625 0.5 0.546875 
0.390625 0.6171875 0.484375 0.5390625 0.4765625 0.546875 0.5 0.4921875 0.4921875 0.4921875 
0.390625 0.6171875 0.484375 0.5390625 0.4765625 0.5390625 0.546875 0.5234375 0.484375 0.5 
0.390625 0.6171875 0.5234375 0.4765625 0.484375 0.5390625 0.484375 0.5390625 0.546875 0.5390625 
0.390625 0.6171875 0.5234375 0.4765625 0.484375 0.421875 0.5390625 0.546875 0.546875 0.4765625 
0.390625 0.6171875 0.4375 0.484375 0.5234375 0.4765625 0.421875 0.53125 0.5390625 0.4765625 
0.390625 0.6171875 0.4765625 0.4765625 0.5 0.5234375 0.421875 0.4375 0.453125 0.4375 
0.390625 0.6171875 0.453125 0.5390625 0.5 0.515625 0.5234375 0.53125 0.53125 0.4375 
0.390625 0.6171875 0.53125 0.5390625 0.4296875 0.4296875 0.4296875 0.5 0.4375 0.53125 
0.390625 0.6171875 0.421875 0.53125 0.53125 0.5390625 0.5 0.5703125 0.4453125 0.4296875 
0.390625 0.6171875 0.40625 0.53125 0.53125 0.421875 0.421875 0.5 0.5703125 0.4453125 
0.390625 0.40625 0.40625 0.3984375 0.6171875 0.5 0.4765625 0.421875 0.421875 0.5703125 
0.390625 0.40625 0.40625 0.6171875 0.4765625 0.53125 0.3984375 0.4765625 0.5 0.515625 
0.390625 0.6171875 0.40625 0.40625 0.40625 0.46875 0.515625 0.53125 0.4140625 0.3984375 
0.390625 0.40625 0.46875 0.6171875 0.40625 0.484375 0.5 0.40625 0.515625 0.4140625 
0.390625 0.40625 0.6171875 0.40625 0.46875 0.484375 0.4140625 0.5 0.40625 0.4609375 
0.390625 0.6171875 0.484375 0.40625 0.40625 0.46875 0.40625 0.5 0.4140625 0.4609375 
0.390625 0.40625 0.6171875 0.40625 0.46875 0.484375 0.40625 0.4140625 0.5 0.4609375 
0.390625 0.40625 0.6171875 0.40625 0.484375 0.5 0.40625 0.46875 0.4609375 0.4140625 
0.390625 0.40625 0.484375 0.6171875 0.40625 0.5 0.4140625 0.4609375 0.46875 0.40625 
0.390625 0.40625 0.40625 0.6171875 0.484375 0.4140625 0.46875 0.40625 0.5 0.4609375 
0.390625 0.40625 0.40625 0.6171875 0.46875 0.484375 0.40625 0.4140625 0.5 0.4609375 
0.390625 0.40625 0.40625 0.46875 0.6171875 0.484375 0.40625 0.4140625 0.5 0.546875 
0.390625 0.40625 0.40625 0.46875 0.6171875 0.40625 0.484375 0.4140625 0.5 0.546875 
0.390625 0.6171875 0.40625 0.40625 0.46875 0.5 0.40625 0.4140625 0.484375 0.46875 
0.390625 0.40625 0.6171875 0.40625 0.484375 0.46875 0.4140625 0.40625 0.46875 0.5 
0.390625 0.484375 0.40625 0.40625 0.6171875 0.5 0.4140625 0.40625 0.46875 0.46875 
0.390625 0.40625 0.40625 0.6171875 0.46875 0.5 0.484375 0.4140625 0.40625 0.46875 
0.390625 0.484375 0.40625 0.40625 0.46875 0.40625 0.515625 0.5 0.6171875 0.4140625 
0.390625 0.40625 0.40625 0.484375 0.40625 0.46875 0.6171875 0.4140625 0.515625 0.46875 
0.390625 0.40625 0.40625 0.40625 0.484375 0.4140625 0.46875 0.515625 0.40625 0.6171875 
0.390625 0.40625 0.40625 0.46875 0.40625 0.484375 0.40625 0.6171875 0.4140625 0.4609375 
0.390625 0.6171875 0.40625 0.40625 0.484375 0.4140625 0.46875 0.40625 0.40625 0.484375 
