51 51 51 50 50 50 50 50 50 50 50 50 50 50 50 50 50 50 50 47 3 1 1 1 1 1 1 1 1 1 1 1 1 1 1 1 1 1 1 1 1 1 1 1 0 0 0 0 0 0 
51 51 51 51 50 50 50 50 50 50 50 50 50 50 50 50 50 50 50 50 50 50 50 41 40 39 39 33 32 9 6 4 3 1 1 1 1 1 1 1 1 1 1 1 1 1 0 0 0 0 
51 51 51 51 51 51 51 51 51 51 51 51 50 50 50 50 50 50 50 50 50 50 50 50 50 50 50 50 48 47 45 43 42 28 13 7 1 1 1 1 1 1 1 0 0 0 0 0 0 0 
52 52 52 52 52 52 52 52 52 52 52 52 52 52 52 52 50 50 50 50 50 50 50 50 50 50 46 44 31 27 2 2 2 2 2 2 2 2 2 2 2 2 2 2 2 2 2 0 0 0 
51 51 50 50 50 50 50 50 50 50 50 50 50 50 50 50 50 50 50 50 48 48 46 45 28 8 3 2 2 1 1 1 1 1 1 1 1 1 1 1 1 1 1 1 1 1 1 1 0 0 
52 52 52 52 52 52 52 52 52 52 52 52 52 52 52 51 51 51 51 50 50 50 46 13 12 9 7 7 5 3 3 3 3 3 3 3 3 3 3 3 3 3 3 2 2 2 1 1 1 1 
50 50 50 50 50 50 50 50 50 50 50 50 50 50 50 50 50 50 50 50 50 50 46 36 28 24 23 12 11 9 8 8 5 0 0 0 0 0 0 0 0 0 0 0 0 0 0 0 0 0 
50 50 50 50 50 50 50 50 50 50 50 50 50 50 50 50 50 50 50 50 50 50 50 50 50 50 50 50 50 50 50 43 33 29 29 11 3 2 2 2 2 2 2 2 2 2 2 2 2 2 
51 51 51 51 51 51 51 51 51 51 51 51 51 51 51 51 51 51 51 51 51 51 51 51 51 51 51 51 51 51 46 44 29 27 27 22 21 21 15 15 12 11 8 4 3 3 3 3 3 1 
50 50 50 50 50 50 50 50 50 50 50 50 50 50 50 50 50 50 50 50 50 50 50 50 50 50 50 50 50 50 45 42 36 26 25 18 16 15 14 1 1 1 1 1 1 1 0 0 0 0 
50 50 50 50 50 50 50 50 50 50 50 50 50 50 50 50 50 50 50 50 50 50 50 50 50 50 50 50 50 50 50 50 50 49 47 28 22 18 15 3 1 1 1 1 1 1 1 1 0 0 
52 52 52 52 52 52 52 52 52 52 52 52 52 52 52 52 52 52 52 52 52 52 52 52 52 52 52 52 52 52 52 52 52 52 50 43 31 27 24 17 6 3 3 3 3 3 3 3 3 1 
50 50 50 50 50 50 50 50 50 50 50 50 50 50 50 50 50 50 50 50 50 50 50 50 50 50 50 50 50 50 48 45 41 39 36 34 28 28 27 22 21 17 5 1 1 1 1 1 0 0 
51 51 51 51 51 51 51 51 51 51 51 51 51 51 51 51 51 51 51 51 51 51 51 51 51 51 51 51 51 51 51 51 51 51 51 50 50 48 44 40 40 38 30 14 1 1 1 1 1 1 
50 50 50 50 50 50 50 50 50 50 50 50 50 50 50 50 50 50 50 50 50 50 50 50 50 50 50 50 50 50 50 50 50 50 50 24 2 0 0 0 0 0 0 0 0 0 0 0 0 0 
52 52 52 52 52 52 52 52 52 52 52 52 52 52 52 52 52 52 52 52 52 52 52 52 52 52 52 52 52 52 52 52 50 50 40 34 31 14 11 11 9 8 2 2 2 2 2 2 2 2 
51 51 51 51 51 51 51 51 51 51 51 51 51 51 51 51 51 51 51 51 51 51 51 51 51 51 51 50 50 49 48 45 35 23 19 14 13 5 2 2 2 2 2 2 2 2 2 2 2 1 
51 51 51 51 51 51 51 51 51 51 51 51 51 51 51 51 51 51 51 51 51 51 51 51 51 51 51 51 51 51 51 51 51 51 51 51 47 26 20 13 13 7 2 2 2 2 2 2 1 1 
52 52 52 52 52 52 52 52 52 52 52 52 52 52 52 52 52 52 52 52 52 52 52 52 52 52 52 52 52 51 50 49 43 33 27 25 23 14 10 7 7 2 2 2 2 2 2 2 2 2 
50 50 50 50 50 50 50 50 50 50 50 50 50 50 50 50 50 50 50 50 50 50 50 50 50 50 50 50 50 50 50 50 50 49 42 42 40 32 32 28 20 19 7 1 1 1 1 1 1 0 
51 51 51 51 51 51 51 51 51 51 51 51 51 51 51 51 51 51 51 51 51 51 51 51 50 45 34 31 21 12 11 11 10 10 9 4 1 1 1 1 1 1 1 1 1 1 1 1 1 1 
52 52 52 52 52 52 52 52 52 52 52 52 52 52 52 52 52 52 52 52 52 52 52 52 52 52 52 52 52 52 52 52 52 52 51 51 11 9 9 4 4 4 4 4 4 4 4 2 2 2 
52 52 52 52 52 52 52 52 52 52 52 52 52 52 52 52 52 52 52 52 52 52 52 52 52 52 52 52 52 51 50 50 50 50 47 34 31 17 13 11 10 10 2 2 2 2 2 2 2 0 
50 50 50 50 50 50 50 50 50 50 50 50 50 50 50 50 50 50 50 50 50 50 50 50 50 50 50 50 50 50 50 50 50 50 49 44 37 14 9 6 0 0 0 0 0 0 0 0 0 0 
52 52 52 52 52 52 52 52 52 52 52 52 52 52 52 52 52 52 52 52 52 52 52 52 52 52 52 52 50 50 50 47 36 27 9 3 2 2 2 2 2 2 2 2 2 2 2 2 0 0 
51 51 51 51 51 51 51 51 51 51 51 51 51 51 51 51 51 51 51 51 51 51 51 51 51 51 51 51 51 51 51 50 50 50 50 50 48 42 14 1 1 1 1 1 1 1 1 1 0 0 
61 52 52 52 52 52 52 52 52 52 52 52 52 52 52 52 52 52 52 52 52 52 52 52 52 52 52 52 50 50 46 45 44 38 33 5 5 5 5 5 5 5 5 5 5 5 3 3 2 2 
53 52 52 52 52 52 52 52 52 52 52 52 52 52 52 52 52 52 52 52 52 52 52 52 52 52 52 52 52 52 51 50 50 50 50 43 37 31 3 3 3 3 3 3 3 3 3 3 3 2 
62 61 55 54 52 52 52 52 52 52 52 52 52 52 52 52 52 52 52 52 52 52 52 52 52 52 52 52 52 52 52 52 52 52 52 52 52 52 52 50 48 45 37 11 2 2 2 2 2 2 
55 55 54 51 51 51 51 51 51 51 51 51 51 51 51 51 51 51 51 51 51 51 51 51 51 51 51 51 51 51 50 50 50 50 41 28 26 17 17 12 5 4 1 1 1 1 1 1 1 1 
63 60 59 55 52 52 52 52 52 52 52 52 52 52 52 52 52 52 51 50 49 41 41 39 23 21 20 17 9 4 4 4 4 4 4 4 4 4 4 4 4 4 4 4 2 2 2 2 2 2 
84 52 52 50 50 50 50 50 50 50 50 50 50 50 50 50 50 50 50 50 50 50 50 50 50 50 48 46 44 42 40 13 11 10 9 7 4 2 2 2 0 0 0 0 0 0 0 0 0 0 
88 60 59 50 50 50 50 50 50 50 50 50 50 50 50 50 50 50 50 50 50 50 50 45 43 39 38 38 37 26 21 18 17 16 12 12 11 10 9 6 3 2 2 2 2 2 2 2 2 2 
77 59 57 50 50 50 50 50 50 50 50 50 50 50 50 50 50 50 50 50 50 49 49 48 48 47 41 34 31 30 17 13 7 7 0 0 0 0 0 0 0 0 0 0 0 0 0 0 0 0 
80 62 59 56 51 51 51 51 51 51 51 51 51 51 51 51 51 51 51 51 51 51 50 50 50 48 47 45 37 32 24 17 16 9 5 2 2 2 2 2 2 2 2 2 1 1 1 1 1 1 
87 59 59 55 55 52 52 52 52 52 52 52 52 52 52 52 52 52 52 52 52 52 52 52 52 52 52 52 50 50 50 50 48 47 46 44 43 31 4 4 4 4 3 3 3 3 3 2 2 2 
83 80 64 56 54 54 51 51 51 51 51 51 51 51 51 51 51 51 51 51 51 51 51 51 51 51 50 50 50 49 47 43 38 32 23 23 21 12 11 11 9 8 4 3 3 3 3 3 1 1 
86 81 79 59 56 56 53 52 52 52 52 52 52 52 52 52 52 52 52 52 52 52 52 52 52 51 50 47 47 47 40 29 26 22 21 21 20 7 2 2 2 2 2 2 2 2 2 2 2 0 
78 75 73 73 57 57 56 56 53 50 50 50 50 50 50 50 50 50 50 50 50 50 50 50 50 50 50 50 50 50 50 47 46 42 30 10 7 1 1 1 1 1 1 1 1 1 1 1 0 0 
84 82 81 80 80 80 61 59 58 58 57 52 50 50 50 50 50 50 50 50 50 50 50 50 50 50 50 50 50 50 46 46 46 44 43 40 39 17 9 8 8 8 7 4 3 0 0 0 0 0 
87 87 87 83 82 82 82 82 64 64 63 61 60 59 57 53 52 52 52 52 52 52 51 50 50 50 50 50 50 50 49 48 46 40 24 19 19 12 4 4 4 4 4 4 4 2 2 2 2 2 
89 82 82 82 78 78 78 78 78 78 77 77 76 75 72 62 59 59 56 51 50 50 50 50 50 50 50 48 48 44 44 43 42 34 33 31 27 21 13 10 7 5 1 0 0 0 0 0 0 0 
90 89 86 85 85 85 84 81 81 81 81 81 76 68 68 63 63 62 58 57 55 52 52 52 52 52 50 50 50 50 50 46 41 39 38 37 37 35 33 29 20 19 17 16 12 4 4 4 2 2 
84 83 80 77 77 77 76 76 74 74 74 73 73 73 73 72 72 71 71 70 69 65 61 59 59 57 50 50 50 50 50 50 50 50 50 50 50 48 48 43 43 42 41 38 33 2 2 2 2 2 
86 86 85 84 82 76 76 76 76 75 75 74 74 74 73 71 64 58 51 51 50 50 50 50 49 48 48 47 47 47 45 45 43 42 42 39 35 35 33 32 30 25 22 20 20 14 12 1 1 1 
90 88 88 86 85 82 82 80 80 80 80 80 79 78 78 77 76 75 74 73 73 58 54 50 50 48 42 40 37 36 33 33 18 17 14 13 11 11 8 4 3 3 0 0 0 0 0 0 0 0 
91 91 91 91 90 89 89 89 87 84 83 83 80 80 78 77 74 73 64 51 50 49 48 46 40 40 34 30 29 28 24 15 14 12 10 9 9 8 8 8 5 1 1 1 1 1 1 1 1 0 
91 90 90 90 90 90 90 89 89 88 88 87 85 85 85 85 84 83 82 80 77 77 61 54 50 50 50 50 50 50 49 49 45 45 41 41 40 39 37 27 23 18 15 12 8 2 2 2 2 2 
97 97 97 97 97 96 96 95 94 94 94 93 91 91 91 89 87 72 67 62 60 58 58 58 53 51 51 51 51 50 50 49 48 48 46 46 45 45 42 23 2 2 2 2 2 2 2 2 2 2 
88 87 87 87 87 87 87 87 87 85 85 82 82 81 72 69 57 54 54 50 50 50 47 47 47 47 47 45 43 41 40 38 34 28 27 26 20 16 15 9 8 8 7 7 5 0 0 0 0 0 
