50 50 50 50 50 50 50 50 50 3 1 1 1 1 1 1 1 1 1 1 1 1 1 1 1 1 1 1 1 1 1 1 0 0 0 0 0 0 0 0 0 0 0 0 0 0 0 0 0 0 
59 51 51 50 50 50 50 50 50 50 50 50 50 50 50 50 50 50 46 39 13 10 10 2 1 1 1 1 1 1 1 1 1 1 1 1 1 1 1 1 1 1 1 1 1 0 0 0 0 0 
62 51 50 50 50 50 50 50 50 50 50 50 50 50 50 50 50 40 4 1 1 1 1 1 1 1 1 1 1 1 1 1 1 1 1 1 1 1 1 1 1 1 1 1 1 1 1 1 0 0 
60 52 52 50 50 50 50 50 50 50 50 50 50 50 50 50 50 50 50 19 9 7 5 2 2 2 2 2 2 2 2 2 2 2 2 2 2 2 2 2 2 2 2 2 2 2 2 2 0 0 
56 51 51 51 50 50 50 50 50 50 50 50 50 50 50 50 50 50 50 50 50 50 38 30 4 1 1 1 1 1 1 1 1 1 1 1 1 1 1 1 1 1 1 1 1 1 0 0 0 0 
59 50 50 50 50 50 50 50 50 50 50 50 50 50 50 50 50 50 50 50 50 50 50 50 50 50 50 50 50 50 20 11 6 0 0 0 0 0 0 0 0 0 0 0 0 0 0 0 0 0 
55 51 51 51 51 51 51 51 51 51 51 51 50 50 50 50 50 50 50 50 50 50 50 50 50 50 50 50 50 19 16 13 6 3 2 2 2 2 2 2 2 2 2 1 1 1 1 1 1 1 
56 51 51 51 51 51 51 51 50 50 50 50 50 50 50 50 50 50 50 50 50 50 50 50 46 38 22 19 17 3 1 1 1 1 1 1 1 1 1 1 1 1 1 1 0 0 0 0 0 0 
59 57 51 51 51 51 51 51 51 51 51 51 51 51 51 51 51 51 50 50 50 50 41 17 2 2 2 2 2 2 2 2 2 2 2 2 2 2 2 1 1 1 1 1 1 1 1 1 1 1 
56 56 52 52 52 52 52 51 51 51 51 51 51 51 51 51 51 51 51 51 51 50 50 50 50 50 46 37 3 3 3 3 3 3 3 3 3 3 3 2 2 2 2 2 2 2 1 1 1 1 
58 55 52 52 52 52 52 52 52 52 52 52 52 51 51 51 51 51 51 51 51 50 49 43 9 3 3 3 3 3 3 3 3 3 3 2 2 2 2 2 2 2 2 2 2 2 2 1 1 1 
64 61 53 53 53 53 53 53 53 53 53 53 53 53 53 53 53 51 51 51 50 50 50 41 21 4 4 4 4 4 4 4 4 4 4 4 4 4 4 4 4 4 4 4 4 4 4 4 3 3 
59 59 52 52 50 50 50 50 50 50 50 50 50 50 50 50 50 50 50 50 50 50 50 46 43 40 38 10 6 3 3 2 2 2 2 2 2 2 2 2 2 2 2 2 2 2 0 0 0 0 
59 59 52 52 52 52 52 52 52 52 52 52 52 52 52 50 50 50 50 38 37 13 9 8 8 6 2 2 2 2 2 2 2 2 2 2 2 2 2 2 2 0 0 0 0 0 0 0 0 0 
57 56 53 53 53 53 53 53 53 53 53 53 53 53 53 53 51 50 50 50 48 47 47 23 21 16 12 4 4 4 4 4 4 4 4 4 3 3 3 3 3 3 3 1 1 1 1 1 1 1 
53 50 50 50 50 50 50 50 50 50 50 50 50 50 50 50 50 50 50 50 50 50 50 50 50 50 47 46 40 5 0 0 0 0 0 0 0 0 0 0 0 0 0 0 0 0 0 0 0 0 
60 50 50 50 50 50 50 50 50 50 50 50 50 50 50 50 50 50 50 50 50 50 50 50 50 50 50 50 47 41 39 38 38 27 11 4 1 1 1 1 1 1 1 1 1 0 0 0 0 0 
56 56 52 52 52 52 52 52 52 52 52 52 52 52 52 52 52 52 52 52 52 52 52 52 52 52 52 52 52 52 50 50 50 50 43 42 16 16 9 3 3 3 3 3 3 3 3 3 2 1 
57 57 50 50 50 50 50 50 50 50 50 50 50 50 50 50 50 50 50 50 50 50 50 50 50 50 50 50 50 50 50 49 41 36 11 7 2 2 2 2 2 2 2 2 2 2 2 0 0 0 
59 56 50 50 50 50 50 50 50 50 50 50 50 50 50 50 50 50 50 50 50 50 50 50 50 50 50 50 50 50 50 50 50 50 50 50 50 45 33 29 1 1 1 1 1 1 1 1 0 0 
59 58 51 51 51 51 51 51 51 51 51 51 51 51 51 51 51 51 51 51 51 51 50 50 50 50 50 44 39 36 21 13 11 7 3 3 3 3 3 3 3 3 3 2 2 2 2 1 1 1 
59 54 51 51 51 51 51 51 51 51 51 51 51 51 51 51 51 51 51 51 51 51 51 51 51 51 51 51 51 51 50 50 50 50 50 50 28 27 17 12 12 11 1 1 1 1 1 1 1 0 
62 57 56 56 56 56 56 56 56 56 56 56 56 56 56 56 56 56 53 50 25 20 20 17 13 12 12 11 6 6 6 6 6 6 6 6 6 6 6 6 6 6 6 6 6 0 0 0 0 0 
62 60 50 50 50 50 50 50 50 50 50 50 50 50 50 50 50 50 50 50 50 50 43 39 36 33 30 16 15 12 10 8 5 0 0 0 0 0 0 0 0 0 0 0 0 0 0 0 0 0 
52 51 51 51 51 51 51 51 51 51 51 51 51 51 51 51 51 51 51 51 51 51 50 49 46 44 26 25 21 21 8 6 3 1 1 1 1 1 1 1 1 1 1 1 1 1 1 1 1 0 
65 57 51 51 51 51 51 51 51 51 51 51 51 51 51 51 51 51 51 51 51 51 51 51 51 51 45 43 22 19 17 2 1 1 1 1 1 1 1 1 1 1 1 1 1 1 1 1 0 0 
68 60 59 51 51 51 51 51 51 51 51 51 51 51 51 51 51 51 51 51 51 51 51 51 45 44 43 18 16 13 12 1 1 1 1 1 1 1 1 1 1 1 1 1 1 1 0 0 0 0 
74 61 61 60 55 50 50 50 50 50 50 50 50 50 50 50 50 50 50 47 46 43 42 14 10 7 6 2 2 2 2 2 2 2 2 2 2 2 2 2 2 0 0 0 0 0 0 0 0 0 
69 56 56 56 55 50 50 50 50 50 50 50 50 50 50 50 50 50 50 50 50 50 50 48 48 47 45 15 14 12 1 1 1 1 1 1 1 1 1 1 1 1 1 1 1 0 0 0 0 0 
69 56 56 56 55 51 51 51 51 51 51 51 51 51 51 51 51 50 50 50 50 50 50 50 50 50 49 10 10 9 9 7 1 1 1 1 1 1 1 1 1 1 1 1 1 1 0 0 0 0 
66 60 57 57 57 51 51 51 51 51 51 51 51 51 50 50 50 46 25 8 3 3 1 1 1 1 1 1 1 1 1 1 1 1 1 1 1 1 0 0 0 0 0 0 0 0 0 0 0 0 
70 62 62 62 61 60 51 51 51 51 51 51 51 51 51 51 51 51 51 50 50 50 33 32 28 23 22 14 4 1 1 1 1 1 1 1 1 1 1 1 1 1 1 1 1 1 0 0 0 0 
71 59 56 56 56 55 50 50 50 50 50 50 50 50 50 50 43 34 16 11 10 9 1 1 1 1 1 1 1 1 1 1 1 1 1 1 1 0 0 0 0 0 0 0 0 0 0 0 0 0 
72 65 64 64 64 64 60 52 50 50 50 50 50 50 50 50 50 50 41 26 19 9 0 0 0 0 0 0 0 0 0 0 0 0 0 0 0 0 0 0 0 0 0 0 0 0 0 0 0 0 
67 61 61 61 60 60 56 53 52 52 52 52 52 50 50 50 50 50 50 50 38 23 20 7 7 7 7 2 2 2 2 2 2 2 2 2 2 2 2 2 2 2 0 0 0 0 0 0 0 0 
71 61 58 58 58 58 58 54 51 51 51 51 50 50 50 50 50 37 19 12 11 6 4 4 4 4 3 3 3 3 3 3 3 3 2 2 2 2 2 2 2 2 2 1 1 1 1 1 1 1 
63 57 57 56 54 54 54 54 54 54 52 52 50 50 50 41 31 23 23 22 10 10 8 7 3 2 2 2 2 2 2 2 2 2 2 2 2 2 2 2 2 2 2 2 2 0 0 0 0 0 
66 60 57 57 56 56 56 56 56 55 55 55 53 51 51 51 50 50 47 39 26 14 14 9 7 5 4 2 2 2 2 2 2 2 1 1 1 1 1 1 1 1 1 1 1 1 1 1 1 1 
72 55 54 54 54 54 51 51 51 51 51 50 50 49 49 49 49 48 48 47 47 47 46 38 38 32 27 23 21 20 18 14 10 4 4 2 0 0 0 0 0 0 0 0 0 0 0 0 0 0 
67 59 56 55 54 54 54 54 54 53 53 53 52 52 52 52 52 51 49 43 43 40 32 31 30 30 29 25 23 22 17 13 10 1 1 1 1 1 1 1 1 1 1 1 1 1 1 1 0 0 
66 66 66 62 57 57 55 55 54 54 51 51 51 42 38 37 29 28 22 22 17 17 16 13 10 6 0 0 0 0 0 0 0 0 0 0 0 0 0 0 0 0 0 0 0 0 0 0 0 0 
71 71 68 68 65 64 64 64 63 63 60 59 57 57 57 55 49 45 40 37 33 31 31 27 26 13 5 5 4 4 1 1 1 1 1 1 1 1 1 1 1 1 1 1 1 1 0 0 0 0 
65 65 65 65 64 63 63 63 62 62 61 61 61 60 60 58 57 55 55 55 53 51 42 41 34 34 31 30 26 17 12 5 5 5 5 2 2 2 2 2 2 2 2 2 2 2 2 2 2 1 
71 71 70 70 70 69 69 69 69 67 67 66 65 65 64 64 63 63 62 59 56 56 56 50 46 43 43 42 35 34 33 33 32 29 17 11 7 0 0 0 0 0 0 0 0 0 0 0 0 0 
70 70 70 69 68 67 66 66 63 63 62 62 62 62 61 56 50 48 45 45 41 39 33 26 24 23 16 16 12 11 11 9 9 8 5 1 1 1 1 1 1 1 1 1 1 1 1 1 1 1 
70 70 70 69 68 68 67 66 65 65 65 61 61 60 59 59 56 53 48 39 35 24 23 21 20 20 18 15 10 9 9 9 7 6 4 4 1 0 0 0 0 0 0 0 0 0 0 0 0 0 
67 66 65 65 65 63 62 62 62 61 61 59 59 55 53 52 51 50 49 49 47 46 45 44 44 43 31 27 26 25 17 14 13 10 7 7 6 6 4 3 2 2 2 2 2 2 2 1 1 1 
71 71 71 70 70 69 69 69 68 67 66 66 64 63 63 61 58 45 40 40 34 34 32 29 27 27 17 15 8 4 4 4 4 3 3 2 2 0 0 0 0 0 0 0 0 0 0 0 0 0 
75 75 75 75 75 73 73 73 72 72 69 68 65 64 64 62 59 57 44 42 40 33 33 28 28 24 22 22 11 9 8 6 6 5 0 0 0 0 0 0 0 0 0 0 0 0 0 0 0 0 
71 70 70 68 67 67 67 67 66 66 65 62 61 58 57 54 52 48 45 42 42 41 38 37 36 36 22 15 12 11 7 4 1 1 0 0 0 0 0 0 0 0 0 0 0 0 0 0 0 0 
