% Invoked: ./gella -d -r 3 -l biased_r3/run15 >& biased_r3/run15.log
% Ministry of Cellular Automata
% Project Deux (CS523 Spring 2015)
% Version:v0.1-70-g0624-dirty
%  pop:50
%  ic count:100
%  CA Log option:biased_r3/run15
%  width:121
%  max workers:4
%  radius:3
%  iterations:300
%  use bias:true
%  generations:50

 generation 0.9.2.1.2.50.1.29.1.50.2.1.48.1.2.50.1.50.1.51.1.2.1.1.2.1.50.50.2.50.1.2.1.50.1.2.1.8.2.1.1.1.1.2.1.1.2.27.1.2.50.xover.mutate.done 50
 generation 1.50.50.50.50.50.50.50.50.50.50.10.0.50.50.0.0.50.0.0.0.50.0.50.0.0.36.0.0.0.0.0.2.0.0.50.0.50.50.0.0.0.0.3.50.50.0.0.0.40.83.xover.mutate.done 50
 generation 2.81.50.50.50.50.50.50.50.50.50.0.50.50.2.2.2.2.2.19.50.50.0.50.0.50.0.50.2.2.50.2.2.0.2.50.50.50.0.50.50.2.50.2.50.52.50.2.2.2.2.xover.mutate.done 50
 generation 3.80.55.51.50.50.50.50.50.50.50.59.50.1.40.44.50.51.50.50.51.1.51.50.50.2.1.1.51.51.51.51.51.51.6.50.51.1.50.1.17.50.51.70.50.50.50.50.2.1.50.xover.mutate.done 50
 generation 4.84.79.59.55.50.50.50.50.50.50.3.50.3.11.82.50.0.0.9.50.50.50.50.63.50.50.50.50.0.8.3.50.3.50.3.50.50.50.0.27.50.3.50.3.3.50.50.21.0.0.xover.mutate.done 50
 generation 5.83.82.76.56.58.52.50.50.50.50.50.2.0.0.3.0.20.0.50.0.0.0.0.50.6.50.50.0.50.0.50.0.0.2.50.50.0.0.50.50.0.50.50.50.2.0.0.46.50.0.xover.mutate.done 50
 generation 6.82.76.67.53.53.52.50.50.50.50.50.50.0.50.0.0.0.50.25.23.10.0.9.0.0.2.28.2.0.50.12.12.50.50.50.50.0.0.0.68.0.51.0.0.0.0.62.50.50.50.xover.mutate.done 50
 generation 7.82.82.71.77.61.54.54.61.59.51.12.51.50.1.0.0.51.1.1.0.1.0.13.1.51.74.9.0.10.0.1.1.11.50.1.1.0.5.1.58.0.0.0.1.1.1.50.0.0.1.xover.mutate.done 50
 generation 8.80.78.71.70.66.58.56.56.56.53.0.9.50.50.1.2.1.1.50.16.5.0.1.50.50.0.50.1.1.0.1.1.5.17.1.1.61.50.6.9.0.1.1.3.25.1.1.1.1.67.xover.mutate.done 50
 generation 9.77.71.69.69.66.67.66.66.56.53.17.0.50.6.0.0.0.0.0.0.19.0.0.50.0.63.57.0.6.0.0.0.0.58.0.0.72.0.0.35.0.0.50.50.50.0.8.0.0.41.xover.mutate.done 50
 generation 10.84.73.79.72.71.72.63.63.63.61.50.0.39.50.0.0.0.4.8.0.68.55.0.0.0.51.0.0.0.0.0.23.0.4.0.0.0.0.72.0.0.0.0.0.0.0.0.19.23.0.xover.mutate.done 50
 generation 11.82.76.78.74.75.75.75.73.64.64.1.1.78.4.2.1.1.2.1.26.2.47.67.70.1.2.6.4.9.2.20.2.2.27.75.1.4.2.2.32.1.2.62.24.2.1.29.74.51.61.xover.mutate.done 50
 generation 12.80.79.71.80.76.68.71.77.73.68.1.24.1.1.70.1.1.15.55.7.1.1.78.1.1.29.16.34.76.1.34.5.1.9.5.1.69.33.23.64.70.49.1.5.1.53.0.58.56.36.xover.mutate.done 50
 generation 13.77.75.69.71.71.63.66.68.73.67.27.1.71.15.1.1.71.23.42.1.16.50.53.42.1.3.1.11.32.1.4.34.4.0.66.49.14.1.61.1.67.66.1.1.0.33.41.28.28.3.xover.mutate.done 50
 generation 14.90.82.72.77.75.75.75.76.76.71.43.0.15.62.51.75.0.4.51.47.0.17.0.10.62.0.4.71.25.65.11.3.49.70.48.67.51.0.0.45.21.4.0.0.0.73.0.0.53.46.xover.mutate.done 50
 generation 15.84.83.79.74.72.72.72.73.74.70.32.0.0.0.6.60.72.52.3.45.49.49.0.33.0.54.5.6.61.64.49.0.15.34.6.0.65.68.23.61.12.0.0.16.25.55.64.57.0.49.xover.mutate.done 50
 generation 16.88.79.72.74.73.79.72.72.72.72.40.1.61.14.0.1.4.5.1.1.3.75.1.73.14.18.69.57.1.57.1.5.1.1.1.21.9.1.4.52.3.1.39.64.84.3.1.37.1.1.xover.mutate.done 50
 generation 17.82.75.78.72.67.76.71.71.73.74.16.32.66.5.1.55.6.70.68.8.1.55.6.1.81.62.1.2.1.3.7.21.53.2.5.1.0.64.6.1.61.19.1.1.1.46.1.1.6.6.xover.mutate.done 50
 generation 18.87.83.82.73.83.74.78.73.75.75.25.6.91.2.6.6.25.62.1.6.6.70.59.81.15.6.6.58.2.65.2.6.62.2.41.65.57.6.63.2.6.37.29.6.6.6.6.15.50.6.xover.mutate.done 50
 generation 19.78.73.74.75.68.74.66.60.60.64.0.6.4.1.46.52.49.70.49.58.5.1.1.28.4.1.67.5.9.5.0.44.22.5.71.44.1.5.54.1.1.49.4.40.1.1.1.4.88.5.xover.mutate.done 50
 generation 20.89.88.86.82.84.85.84.78.78.78.1.1.0.1.0.1.1.74.1.42.0.1.0.5.1.5.1.43.5.1.70.0.1.1.1.48.19.53.1.64.1.64.5.1.73.0.1.18.65.5.xover.mutate.done 50
 generation 21.89.89.81.81.82.76.76.81.82.67.0.0.53.3.0.0.0.5.77.0.3.0.0.3.3.17.21.70.0.0.0.0.0.18.0.3.5.0.81.3.0.64.0.0.0.0.5.0.0.3.xover.mutate.done 50
 generation 22.84.87.83.78.77.82.76.78.75.84.0.0.5.13.1.0.5.1.1.1.1.1.52.18.1.1.5.5.1.1.5.1.1.1.1.1.48.5.5.39.1.5.1.5.6.1.56.0.5.1.xover.mutate.done 50
 generation 23.89.90.82.82.84.78.76.78.81.74.83.59.0.41.0.0.1.0.52.43.38.0.0.0.0.15.1.0.0.0.0.0.0.0.50.2.1.0.69.57.0.0.1.0.9.47.1.1.58.1.xover.mutate.done 50
 generation 24.88.92.83.89.79.81.81.82.82.87.0.34.0.3.0.58.0.4.3.52.3.0.60.2.0.3.0.0.87.0.0.0.57.0.0.4.0.31.0.60.47.0.51.61.53.0.0.3.54.4.xover.mutate.done 50
 generation 25.87.83.89.76.80.83.77.78.83.78.1.5.1.1.1.1.63.50.46.1.42.4.2.5.1.1.31.1.57.4.1.1.51.78.1.1.1.58.1.1.67.9.1.1.1.12.80.7.4.83.xover.mutate.done 50
 generation 26.82.86.81.82.77.81.78.74.77.83.1.1.73.1.1.0.1.1.0.0.49.64.1.0.1.1.14.5.1.57.37.42.64.1.33.25.1.3.1.1.14.30.0.0.81.1.4.0.42.5.xover.mutate.done 50
 generation 27.88.80.81.89.80.80.80.81.83.85.1.2.17.4.2.73.1.1.36.4.44.35.6.2.67.55.65.17.2.2.1.2.11.2.1.73.55.2.9.37.2.20.86.45.4.8.75.2.93.1.xover.mutate.done 50
 generation 28.93.87.91.88.83.89.86.83.81.79.89.45.79.9.46.9.3.9.9.45.43.1.86.3.3.55.1.33.3.79.2.9.9.3.2.71.3.2.44.2.50.70.9.43.3.9.1.1.84.2.xover.mutate.done 50
 generation 29.90.90.84.81.85.76.84.77.77.77.29.2.1.7.2.55.23.1.1.1.2.81.2.1.31.2.1.24.70.7.2.11.7.2.1.1.7.2.1.2.50.8.2.7.59.8.79.43.75.1.xover.mutate.done 50
 generation 30.93.91.88.85.86.85.86.83.84.77.54.2.7.2.0.2.25.73.50.2.50.2.7.20.2.2.7.0.7.7.2.2.2.2.17.2.2.2.2.7.2.7.7.7.7.0.11.78.2.0.xover.mutate.done 50
 generation 31.91.85.86.88.79.83.81.78.82.72.17.2.3.2.79.0.2.4.0.9.2.11.2.2.2.2.2.0.39.2.3.67.2.3.2.0.2.14.2.39.2.9.2.11.3.2.2.2.17.2.xover.mutate.done 50
 generation 32.85.86.82.88.79.79.80.82.82.82.41.82.42.2.2.2.82.40.11.2.0.2.2.2.2.8.2.42.2.0.15.5.81.2.2.5.2.2.2.32.5.5.2.12.2.0.44.5.5.82.xover.mutate.done 50
 generation 33.85.84.88.85.77.77.76.76.82.77.0.0.76.64.6.11.0.0.0.78.0.0.4.39.0.77.23.0.12.48.55.65.4.5.4.54.60.4.0.76.9.0.4.0.4.0.0.4.9.4.xover.mutate.done 50
 generation 34.87.86.87.88.88.84.83.83.83.83.2.2.17.39.3.2.3.56.3.51.49.2.68.48.2.2.3.3.3.50.44.3.39.3.2.52.53.13.2.3.2.2.3.80.3.54.3.7.65.68.xover.mutate.done 50
 generation 35.70.77.85.71.76.66.69.69.69.69.2.2.0.2.0.2.6.72.60.61.27.44.56.2.2.3.3.24.2.73.7.54.2.2.3.2.0.2.3.58.8.39.2.2.48.3.2.2.2.38.xover.mutate.done 50
 generation 36.91.84.87.75.70.82.82.80.80.80.4.8.80.3.55.45.4.0.4.19.3.9.0.24.0.3.58.3.0.50.6.80.3.3.3.4.55.52.4.0.45.23.0.9.3.10.0.17.3.17.xover.mutate.done 50
 generation 37.90.82.76.84.89.80.80.80.80.80.2.2.2.2.21.2.2.50.0.76.11.5.5.5.39.53.47.2.7.11.62.2.5.45.2.6.71.2.0.29.10.5.5.6.2.0.2.5.2.0.xover.mutate.done 50
 generation 38.86.87.86.87.82.82.82.82.82.84.2.3.3.67.3.2.3.80.3.21.3.85.3.43.3.3.3.3.3.3.22.17.56.3.6.3.21.3.70.81.12.3.3.3.12.12.16.6.3.80.xover.mutate.done 50
 generation 39.89.83.87.80.83.78.79.79.79.79.9.2.64.2.14.2.9.52.87.1.2.2.9.37.2.1.30.1.9.41.2.80.25.2.2.23.87.2.1.2.63.2.70.1.2.2.79.59.31.2.xover.mutate.done 50
 generation 40.88.83.83.83.89.88.90.91.88.88.88.71.1.4.0.1.4.1.88.1.30.62.20.4.4.1.67.1.4.34.1.1.46.54.20.1.1.4.4.54.1.29.72.74.1.29.1.1.29.1.xover.mutate.done 50
 generation 41.86.87.91.87.92.82.82.82.82.92.6.82.0.6.34.0.15.0.0.0.6.0.0.0.5.0.6.0.6.0.6.0.0.6.0.0.0.6.82.0.0.6.0.0.6.0.0.6.0.43.xover.mutate.done 50
 generation 42.85.92.84.84.85.82.85.85.85.85.1.34.25.1.1.1.85.1.58.40.5.86.77.5.1.52.5.5.1.6.3.5.10.66.16.1.1.0.1.79.1.87.10.1.13.1.1.0.88.1.xover.mutate.done 50
 generation 43.92.88.90.86.89.88.85.85.85.85.0.0.0.0.0.8.87.57.0.0.81.0.0.0.33.0.0.0.45.0.0.0.67.75.0.0.0.0.14.1.89.89.2.79.70.0.61.0.0.0.xover.mutate.done 50
 generation 44.88.88.87.87.88.80.88.84.77.75.3.3.3.3.7.3.3.20.22.3.7.1.3.2.76.3.72.3.71.36.3.3.3.3.3.3.3.10.4.1.1.3.55.3.1.3.83.27.63.3.xover.mutate.done 50
 generation 45.88.85.85.84.87.87.84.84.84.82.17.1.74.1.1.1.72.0.1.1.1.68.1.13.11.7.58.1.11.8.1.1.7.70.8.8.9.1.1.0.1.0.8.1.1.17.1.9.1.7.xover.mutate.done 50
 generation 46.86.90.90.90.90.89.88.88.88.76.3.3.2.82.19.71.2.27.2.2.17.5.2.54.2.52.3.54.2.2.84.76.72.2.3.2.5.80.8.2.71.68.4.88.2.61.2.3.3.5.xover.mutate.done 50
 generation 47.78.78.79.78.81.79.77.80.79.80.61.31.36.1.60.53.19.66.1.22.57.1.53.27.17.3.1.1.1.65.52.55.39.27.6.48.60.1.3.1.3.66.52.46.1.72.24.41.53.1.xover.mutate.done 50
 generation 48.90.93.88.92.89.89.94.94.93.89.5.88.53.22.5.3.10.12.77.3.64.12.75.5.6.69.5.28.57.60.89.70.5.65.5.54.37.5.56.3.2.5.94.3.6.5.70.66.3.91.xover.mutate.done 50
 generation 49.87.87.87.87.87.88.87.87.88.88.8.3.76.30.6.6.65.61.9.23.34.80.6.2.64.3.3.89.6.52.92.13.62.38.60.31.28.3.8.44.75.4.79.56.89.56.3.81.48.3.xover.mutate.done 50
 69269720 iters     770163 iter/sec (89.94 s)
 total time: 89.94
