0.8828125 0.796875 0.5 0.625 0.921875 0.265625 0.59375 0.90625 0.4453125 0.703125 
0.90625 0.0 1.0 0.0078125 0.046875 0.96875 0.7734375 0.703125 0.859375 0.1640625 
0.625 0.7578125 0.7578125 0.28125 0.1015625 0.90625 0.0 1.0 0.0078125 0.046875 
0.28125 0.1015625 0.1640625 0.1640625 0.625 0.7578125 0.7578125 0.75 0.5859375 0.5390625 
0.28125 0.1015625 0.1640625 0.1640625 0.1015625 0.265625 0.625 0.7578125 0.7578125 0.75 
0.28125 0.1015625 0.1640625 0.1640625 0.1015625 0.265625 0.625 0.7578125 0.7578125 0.75 
0.28125 0.1015625 0.1640625 0.1640625 0.1015625 0.265625 0.625 0.7578125 0.7578125 0.75 
0.28125 0.1015625 0.1640625 0.1640625 0.1015625 0.265625 0.625 0.7578125 0.7578125 0.75 
0.625 0.7578125 0.7578125 0.75 0.6484375 0.6640625 0.5546875 0.7109375 0.625 0.734375 
0.625 0.7578125 0.7578125 0.75 0.6484375 0.6640625 0.5546875 0.7109375 0.625 0.734375 
0.625 0.7578125 0.7578125 0.75 0.6484375 0.6640625 0.5546875 0.7109375 0.625 0.734375 
0.53125 0.21875 0.625 0.7578125 0.7578125 0.75 0.6484375 0.6640625 0.5546875 0.7109375 
0.53125 0.21875 0.625 0.7578125 0.7578125 0.75 0.6484375 0.6640625 0.5546875 0.7109375 
0.53125 0.5546875 0.21875 0.625 0.7578125 0.7578125 0.75 0.6484375 0.6640625 0.5546875 
0.53125 0.5546875 0.5625 0.21875 0.625 0.7578125 0.7578125 0.75 0.6484375 0.6640625 
0.53125 0.5546875 0.5625 0.5625 0.5625 0.5390625 0.21875 0.25 0.625 0.7578125 
0.53125 0.5546875 0.5625 0.5234375 0.5625 0.5625 0.5390625 0.21875 0.25 0.625 
0.53125 0.5234375 0.5625 0.5625 0.5625 0.5546875 0.5234375 0.5625 0.625 0.6875 
0.53125 0.515625 0.5234375 0.5234375 0.515625 0.5546875 0.546875 0.5234375 0.5625 0.5625 
0.5625 0.53125 0.515625 0.5234375 0.5234375 0.515625 0.546875 0.5390625 0.5546875 0.5625 
0.5625 0.53125 0.5390625 0.546875 0.515625 0.5390625 0.5234375 0.5234375 0.515625 0.578125 
0.5625 0.53125 0.5390625 0.5390625 0.5234375 0.5234375 0.546875 0.515625 0.578125 0.546875 
0.5625 0.5546875 0.53125 0.5390625 0.546875 0.546875 0.5234375 0.5234375 0.578125 0.515625 
0.5625 0.5625 0.53125 0.5546875 0.546875 0.546875 0.5390625 0.5234375 0.5234375 0.5 
0.5625 0.5625 0.53125 0.5546875 0.546875 0.546875 0.5390625 0.5 0.5703125 0.5078125 
0.546875 0.5625 0.5625 0.546875 0.546875 0.5546875 0.53125 0.5390625 0.546875 0.5 
0.5625 0.546875 0.5625 0.546875 0.53125 0.5546875 0.5 0.5390625 0.5546875 0.546875 
0.5625 0.5625 0.5390625 0.546875 0.546875 0.5078125 0.53125 0.5546875 0.59375 0.5 
0.5625 0.5390625 0.5625 0.5546875 0.546875 0.546875 0.5546875 0.515625 0.53125 0.5 
0.5625 0.5625 0.5390625 0.5390625 0.5390625 0.5546875 0.5703125 0.546875 0.546875 0.546875 
0.5390625 0.5390625 0.5390625 0.5390625 0.5625 0.5703125 0.546875 0.546875 0.546875 0.546875 
0.5625 0.5390625 0.5390625 0.5390625 0.5390625 0.5390625 0.5390625 0.5703125 0.546875 0.546875 
0.5625 0.5390625 0.5390625 0.5390625 0.5390625 0.5390625 0.5390625 0.5703125 0.5234375 0.546875 
0.5625 0.5390625 0.5390625 0.5390625 0.5390625 0.5390625 0.5390625 0.5390625 0.5390625 0.53125 
0.5625 0.5390625 0.5390625 0.5390625 0.5390625 0.5390625 0.5390625 0.5390625 0.5390625 0.53125 
0.5625 0.5390625 0.5390625 0.5390625 0.5390625 0.5390625 0.5390625 0.5390625 0.5390625 0.53125 
0.5390625 0.5390625 0.5390625 0.5390625 0.5390625 0.5390625 0.5390625 0.5390625 0.5625 0.53125 
0.5625 0.5390625 0.5390625 0.5390625 0.5390625 0.5390625 0.5390625 0.5390625 0.5390625 0.5390625 
0.5625 0.5390625 0.5390625 0.5390625 0.5390625 0.5390625 0.5390625 0.5390625 0.5390625 0.5390625 
0.5625 0.5390625 0.5390625 0.5390625 0.5390625 0.5390625 0.5390625 0.5390625 0.5390625 0.5390625 
0.5390625 0.5625 0.5390625 0.5390625 0.5390625 0.5390625 0.5390625 0.5390625 0.5390625 0.5390625 
0.5625 0.5390625 0.5390625 0.5390625 0.5390625 0.5390625 0.5390625 0.5390625 0.5390625 0.5390625 
0.5390625 0.5390625 0.5390625 0.5390625 0.5390625 0.5390625 0.5390625 0.5390625 0.5390625 0.5390625 
0.5390625 0.5390625 0.5390625 0.5390625 0.5390625 0.5390625 0.5390625 0.5390625 0.5390625 0.53125 
0.5390625 0.5390625 0.5390625 0.5390625 0.5390625 0.5390625 0.5390625 0.5390625 0.5390625 0.515625 
0.5390625 0.5390625 0.5390625 0.5390625 0.5390625 0.5390625 0.5390625 0.5390625 0.5390625 0.515625 
0.5390625 0.5390625 0.5390625 0.5390625 0.5390625 0.5390625 0.5390625 0.5390625 0.5390625 0.515625 
0.5390625 0.5390625 0.5390625 0.5390625 0.5390625 0.5390625 0.5390625 0.5390625 0.5390625 0.5390625 
0.5390625 0.5390625 0.5390625 0.5390625 0.5390625 0.5390625 0.5390625 0.5390625 0.5390625 0.5390625 
0.5390625 0.5390625 0.5390625 0.5390625 0.5390625 0.5390625 0.5390625 0.5390625 0.5390625 0.5390625 
