% Invoked: ./gella -d -r 3 -l biased_r3/run12 >& biased_r3/run12.log
% Ministry of Cellular Automata
% Project Deux (CS523 Spring 2015)
% Version:v0.1-70-g0624-dirty
%  pop:50
%  ic count:100
%  CA Log option:biased_r3/run12
%  width:121
%  max workers:4
%  radius:3
%  iterations:300
%  use bias:true
%  generations:50

 generation 0.0.0.0.50.50.0.0.0.0.50.0.0.0.14.0.0.5.0.50.0.25.0.0.0.0.7.7.0.10.25.0.0.0.50.0.9.50.0.0.50.0.0.0.50.50.0.0.0.50.0.xover.mutate.done 50
 generation 1.50.50.50.50.50.50.50.50.50.50.3.17.50.48.3.2.3.6.3.52.60.3.1.3.2.3.2.1.51.50.10.1.52.1.50.31.1.8.1.1.57.2.50.3.50.3.1.2.50.50.xover.mutate.done 50
 generation 2.51.47.50.50.51.50.50.50.50.50.59.1.50.1.0.50.50.1.50.49.51.50.6.50.50.50.47.50.50.1.50.50.52.1.1.50.50.6.1.50.50.50.51.1.50.1.50.1.1.50.xover.mutate.done 50
 generation 3.69.45.47.50.50.50.50.50.50.50.50.50.50.42.0.0.50.50.28.24.50.27.50.50.50.50.50.50.50.47.50.50.30.0.50.50.3.50.50.0.24.0.0.50.0.50.41.44.42.0.xover.mutate.done 50
 generation 4.60.50.50.50.51.51.50.50.51.51.0.1.42.50.50.0.50.1.51.1.50.1.54.50.27.51.1.50.51.51.50.1.1.50.50.51.0.5.1.50.1.0.50.51.1.1.51.1.29.1.xover.mutate.done 50
 generation 5.59.49.51.51.51.51.51.51.51.51.3.3.51.51.50.50.3.50.50.1.19.9.51.51.3.1.51.84.1.2.51.6.51.51.3.51.3.51.1.1.20.52.1.50.1.17.50.1.1.1.xover.mutate.done 50
 generation 6.92.73.53.53.53.53.53.53.53.53.6.6.50.3.6.6.6.53.3.6.3.53.3.30.53.6.6.53.53.3.53.3.3.6.3.53.6.30.3.53.53.6.53.3.6.53.6.53.3.38.xover.mutate.done 50
 generation 7.84.68.51.51.51.51.51.51.51.51.1.2.51.40.2.2.2.2.2.2.2.1.2.2.2.2.2.2.1.51.1.2.1.2.32.1.51.1.51.51.51.2.51.2.50.9.9.1.2.45.xover.mutate.done 50
 generation 8.84.59.50.53.53.53.53.53.53.53.3.0.3.9.53.53.3.3.3.3.3.3.3.0.0.3.3.3.3.3.53.3.3.50.3.50.3.3.53.3.3.53.3.3.51.3.3.50.0.53.xover.mutate.done 50
 generation 9.82.62.50.50.50.50.50.50.50.50.1.50.0.1.50.0.1.50.50.0.1.50.50.0.50.50.1.50.0.4.0.50.8.50.1.1.1.51.1.1.1.0.50.0.50.51.0.50.50.1.xover.mutate.done 50
 generation 10.90.70.53.53.52.52.52.52.52.52.5.2.3.5.50.16.52.52.5.2.52.5.5.3.52.52.52.44.50.5.52.5.52.3.52.2.5.50.5.23.52.5.5.9.6.3.47.5.2.52.xover.mutate.done 50
 generation 11.82.53.50.50.51.51.51.51.51.51.1.1.50.1.1.27.1.1.51.1.20.50.6.51.1.1.50.51.1.1.51.1.1.1.51.51.0.51.51.50.26.1.1.1.1.50.1.1.46.12.xover.mutate.done 50
 generation 12.85.64.51.51.51.51.51.51.51.51.1.1.51.50.4.1.51.1.51.1.27.1.46.1.1.1.51.51.41.13.1.0.5.51.43.51.1.1.1.51.9.50.51.50.46.0.1.51.51.51.xover.mutate.done 50
 generation 13.83.65.51.51.51.51.51.51.51.51.3.51.3.3.51.3.4.1.51.51.51.51.4.51.4.51.4.4.51.51.51.4.4.32.4.4.43.4.50.10.51.3.51.3.48.50.4.50.51.1.xover.mutate.done 50
 generation 14.87.69.50.50.50.50.50.50.50.50.48.46.1.7.17.50.50.19.47.50.50.50.50.31.50.6.7.0.1.50.50.1.1.0.50.50.50.50.50.1.50.1.50.1.1.46.23.50.50.22.xover.mutate.done 50
 generation 15.89.73.50.50.50.50.50.50.50.50.43.50.50.1.50.50.50.50.1.46.0.0.50.50.50.5.50.50.50.50.1.1.22.1.50.50.50.1.50.1.50.5.50.50.50.1.0.50.50.50.xover.mutate.done 50
 generation 16.83.52.50.50.50.50.50.50.50.50.17.0.0.0.0.50.50.43.50.50.0.0.0.0.0.0.41.50.0.50.0.0.0.50.43.0.36.0.16.0.16.0.50.0.50.50.36.50.0.26.xover.mutate.done 50
 generation 17.79.59.51.51.51.51.51.51.51.51.51.43.51.1.13.1.2.51.51.51.18.51.51.1.2.1.51.51.2.1.1.51.2.5.35.51.2.46.32.41.51.51.2.19.50.2.51.12.1.28.xover.mutate.done 50
 generation 18.80.62.53.53.53.53.53.53.53.53.53.53.48.53.4.53.53.4.53.53.53.34.4.53.3.53.53.53.4.53.3.52.47.53.47.1.53.4.3.37.3.53.4.31.4.48.4.53.53.4.xover.mutate.done 50
 generation 19.83.63.51.51.51.51.51.51.51.51.1.50.51.51.51.0.1.51.51.17.51.51.36.1.27.51.2.51.50.50.51.1.51.51.51.1.51.50.11.9.7.1.1.1.1.50.1.51.10.1.xover.mutate.done 50
 generation 20.86.67.50.50.50.50.50.50.50.50.23.31.1.50.50.50.1.50.50.1.1.0.50.36.50.37.1.50.50.50.0.50.1.1.1.31.0.4.0.50.16.1.70.50.0.50.50.50.1.1.xover.mutate.done 50
 generation 21.87.70.66.50.50.50.50.50.50.50.50.50.1.2.1.50.0.50.44.1.0.0.50.1.50.50.1.50.50.50.50.50.1.1.0.1.2.2.50.50.1.10.50.50.1.9.50.50.50.2.xover.mutate.done 50
 generation 22.88.68.63.50.50.50.50.50.50.50.50.28.50.50.0.50.50.50.50.50.50.50.50.50.50.50.50.61.50.43.50.50.50.8.50.50.0.50.0.50.0.11.0.50.0.0.0.50.50.7.xover.mutate.done 50
 generation 23.87.63.59.54.52.52.52.52.52.52.23.6.3.6.8.38.70.52.3.3.7.52.50.43.52.14.50.2.22.3.52.2.39.3.21.52.40.50.52.6.52.52.52.3.52.50.14.3.3.25.xover.mutate.done 50
 generation 24.86.67.67.64.62.52.52.52.52.52.52.52.18.2.2.3.1.3.2.23.13.52.24.1.3.3.2.3.31.18.15.2.3.45.13.10.3.1.1.34.52.50.12.52.52.3.3.3.52.52.xover.mutate.done 50
 generation 25.79.75.72.70.59.50.50.50.50.50.0.50.0.37.50.50.0.50.50.0.0.0.0.33.9.9.73.0.0.0.9.24.0.0.45.8.50.0.0.16.59.3.26.0.35.22.50.0.0.0.xover.mutate.done 50
 generation 26.78.71.68.67.57.60.60.50.50.50.17.0.0.26.0.1.11.51.58.10.36.1.1.1.13.48.30.1.28.1.0.50.20.50.8.10.0.1.1.60.50.0.1.51.2.1.50.5.50.50.xover.mutate.done 50
 generation 27.80.70.65.65.57.57.57.56.54.55.1.12.51.12.15.9.51.2.51.51.16.16.1.21.51.33.51.2.8.8.51.20.8.6.51.8.51.24.61.1.51.11.1.20.53.1.8.1.51.11.xover.mutate.done 50
 generation 28.83.74.70.70.56.60.56.60.57.56.23.27.8.1.18.48.8.51.50.38.2.32.19.26.5.51.50.1.18.30.28.51.57.6.51.2.13.2.6.9.48.38.9.9.10.56.56.50.43.51.xover.mutate.done 50
 generation 29.85.70.68.68.60.60.57.57.58.58.50.49.52.52.15.7.2.52.22.57.50.2.6.52.21.51.52.16.52.60.19.15.57.40.17.56.2.10.10.21.60.8.2.19.10.60.26.52.9.9.xover.mutate.done 50
 generation 30.83.69.67.67.59.59.59.59.59.57.6.46.20.18.0.0.56.21.50.17.0.10.6.21.0.33.0.56.0.0.56.5.48.56.43.6.22.68.20.0.75.0.0.8.0.56.19.28.0.50.xover.mutate.done 50
 generation 31.76.78.69.68.67.68.58.58.58.58.68.1.51.1.40.1.1.53.32.24.51.1.22.50.68.51.58.29.13.55.50.12.70.78.27.21.31.69.22.58.53.11.34.1.1.13.49.1.1.65.xover.mutate.done 50
 generation 32.77.77.80.70.66.69.66.66.66.66.8.16.2.51.74.35.42.44.60.51.16.65.32.30.42.70.18.2.45.64.51.5.68.1.51.7.7.1.2.39.2.51.17.74.2.14.17.23.46.45.xover.mutate.done 50
 generation 33.84.82.82.81.81.78.78.75.75.78.10.82.2.73.50.4.54.80.10.2.50.57.75.31.2.2.63.8.10.56.13.2.40.0.54.80.74.50.80.6.7.50.70.0.0.7.12.2.50.8.xover.mutate.done 50
 generation 34.85.82.82.81.80.80.77.77.77.78.8.50.54.41.63.15.9.23.18.14.56.77.27.83.79.5.8.45.13.56.31.16.67.33.21.69.63.23.19.50.50.12.69.9.69.46.22.50.68.16.xover.mutate.done 50
 generation 35.87.83.80.80.77.81.81.75.76.75.57.27.29.76.76.0.52.0.73.28.29.53.25.80.32.63.68.50.0.74.2.0.8.50.10.68.18.0.59.52.50.17.50.58.50.0.14.3.27.81.xover.mutate.done 50
 generation 36.83.82.81.81.81.82.82.82.79.72.1.2.35.35.35.2.48.13.51.15.38.31.49.34.27.17.8.1.37.82.38.38.12.81.2.35.72.51.47.9.38.35.27.19.5.14.18.2.22.55.xover.mutate.done 50
 generation 37.82.89.88.88.88.88.86.86.86.86.0.88.88.0.50.0.35.51.78.50.52.19.0.0.49.38.50.31.40.0.61.76.15.48.0.64.27.4.50.39.47.50.92.3.2.27.0.50.0.43.xover.mutate.done 50
 generation 38.81.82.79.79.79.79.79.79.79.79.82.51.4.34.48.34.18.50.79.1.4.22.56.32.10.51.51.46.37.29.35.46.58.38.50.51.40.60.67.60.12.36.41.30.84.42.62.50.58.79.xover.mutate.done 50
 generation 39.90.79.78.81.77.77.77.77.77.77.54.0.50.41.50.0.77.48.49.50.49.22.63.50.36.25.49.54.50.50.71.4.77.50.71.50.50.14.0.55.50.77.16.63.74.49.26.50.0.55.xover.mutate.done 50
 generation 40.93.84.83.81.79.79.79.79.79.79.83.77.4.51.50.80.66.38.80.78.50.24.61.50.10.44.2.47.2.50.2.2.44.50.52.50.27.50.34.79.19.2.28.73.42.52.53.64.19.63.xover.mutate.done 50
 generation 41.85.83.79.79.79.79.76.77.77.77.38.63.48.0.67.43.29.5.0.50.53.79.0.49.50.50.56.59.49.46.0.13.50.59.7.0.50.34.72.0.0.45.47.53.50.49.4.0.50.7.xover.mutate.done 50
 generation 42.90.87.88.83.84.74.74.82.82.82.3.26.50.1.63.8.1.47.59.1.79.1.1.43.27.49.48.1.1.10.3.50.20.24.48.31.15.1.35.18.14.51.74.1.58.84.20.0.50.45.xover.mutate.done 50
 generation 43.89.80.87.80.81.81.77.77.77.76.22.36.1.1.76.1.1.65.44.1.0.50.32.44.16.30.24.39.1.51.35.47.1.50.1.66.1.1.28.34.7.49.53.29.15.4.48.53.5.50.xover.mutate.done 50
 generation 44.90.85.83.89.83.85.82.82.82.81.22.44.47.9.50.2.50.31.26.17.50.52.50.79.51.8.16.75.13.78.59.82.13.0.2.2.50.83.59.50.2.29.70.19.78.32.60.71.43.50.xover.mutate.done 50
 generation 45.86.84.83.78.78.81.76.77.77.77.33.62.80.3.77.12.77.77.2.1.53.2.2.34.72.77.72.3.2.26.51.51.46.9.45.51.61.58.51.2.2.2.1.5.76.51.78.52.72.40.xover.mutate.done 50
 generation 46.88.82.84.79.83.77.78.77.76.76.2.84.50.66.2.2.23.52.24.2.9.81.70.47.80.0.42.9.53.26.73.50.57.50.2.84.33.2.2.65.76.43.52.46.41.2.55.81.35.56.xover.mutate.done 50
 generation 47.92.87.86.85.83.83.74.85.83.83.40.52.34.51.16.49.47.1.34.51.49.33.0.38.68.0.1.1.46.69.1.62.57.1.40.41.47.61.34.38.50.49.50.8.39.55.1.34.44.5.xover.mutate.done 50
 generation 48.87.82.80.79.81.81.83.82.80.85.25.30.21.12.26.33.2.41.50.50.29.77.15.2.2.2.45.6.82.4.2.46.22.17.9.2.2.22.45.69.52.2.2.20.57.2.2.17.25.27.xover.mutate.done 50
 generation 49.85.72.81.84.80.83.81.79.81.81.53.50.53.26.25.53.3.3.73.3.3.32.11.13.3.24.53.3.3.49.53.53.77.40.3.53.12.11.53.0.10.3.3.3.3.3.24.12.20.3.xover.mutate.done 50
 33789491 iters     720716 iter/sec (46.88 s)
 total time: 46.88
