0.8046875 0.8046875 0.6484375 0.5625 0.671875 0.0859375 0.8046875 0.1640625 0.7421875 0.75 
0.9453125 0.9140625 0.8046875 0.0859375 0.9921875 0.9609375 0.03125 0.203125 0.2421875 0.0078125 
0.9453125 0.9140625 0.8046875 0.796875 0.0859375 0.9921875 0.9609375 0.03125 0.203125 0.2421875 
0.2421875 0.1953125 0.1484375 0.1015625 0.28125 0.15625 0.359375 0.1796875 0.2734375 0.125 
0.2421875 0.1953125 0.1484375 0.1015625 0.28125 0.15625 0.359375 0.1796875 0.2734375 0.125 
0.71875 0.875 0.2421875 0.1953125 0.1484375 0.1015625 0.28125 0.15625 0.359375 0.1796875 
0.2421875 0.1953125 0.1484375 0.1015625 0.28125 0.15625 0.359375 0.1796875 0.3046875 0.2421875 
0.2421875 0.1953125 0.1484375 0.1015625 0.28125 0.15625 0.359375 0.1796875 0.3046875 0.2421875 
0.2421875 0.1953125 0.1484375 0.1015625 0.28125 0.15625 0.359375 0.1796875 0.3046875 0.2421875 
0.2421875 0.1953125 0.1484375 0.1015625 0.28125 0.15625 0.359375 0.1796875 0.3046875 0.2421875 
0.2421875 0.1953125 0.1484375 0.1015625 0.28125 0.15625 0.359375 0.1796875 0.3046875 0.2421875 
0.2421875 0.1953125 0.1484375 0.1015625 0.28125 0.15625 0.359375 0.1796875 0.3046875 0.2421875 
0.2421875 0.1953125 0.1484375 0.1015625 0.28125 0.15625 0.359375 0.1796875 0.3046875 0.2421875 
0.2421875 0.1953125 0.1484375 0.1015625 0.28125 0.15625 0.359375 0.1796875 0.3046875 0.2421875 
0.2421875 0.1953125 0.1484375 0.1015625 0.28125 0.15625 0.359375 0.1796875 0.3046875 0.2421875 
0.2421875 0.1953125 0.1484375 0.1015625 0.28125 0.15625 0.359375 0.1796875 0.3046875 0.2421875 
0.2421875 0.1953125 0.1484375 0.1015625 0.28125 0.15625 0.359375 0.1796875 0.3046875 0.2421875 
0.2421875 0.1953125 0.1484375 0.1015625 0.28125 0.15625 0.359375 0.1796875 0.3046875 0.2421875 
0.2421875 0.1953125 0.1484375 0.1015625 0.28125 0.15625 0.359375 0.1796875 0.3046875 0.2421875 
0.2421875 0.1953125 0.1484375 0.1015625 0.28125 0.15625 0.359375 0.1796875 0.3046875 0.2421875 
0.2421875 0.1953125 0.1484375 0.1015625 0.28125 0.15625 0.359375 0.1796875 0.3046875 0.2421875 
0.2421875 0.1953125 0.1484375 0.1015625 0.28125 0.15625 0.359375 0.1796875 0.3046875 0.2421875 
0.2421875 0.1953125 0.1484375 0.1015625 0.28125 0.15625 0.359375 0.1796875 0.3046875 0.2421875 
0.2421875 0.1953125 0.1484375 0.1015625 0.28125 0.15625 0.359375 0.1796875 0.3046875 0.2421875 
0.2421875 0.1953125 0.1484375 0.1015625 0.28125 0.15625 0.359375 0.1796875 0.3046875 0.2421875 
0.2421875 0.1953125 0.1484375 0.1015625 0.28125 0.15625 0.359375 0.1796875 0.3046875 0.2421875 
0.2421875 0.1953125 0.1484375 0.1015625 0.28125 0.15625 0.359375 0.1796875 0.3046875 0.2421875 
0.4296875 0.2421875 0.1953125 0.1484375 0.1015625 0.28125 0.15625 0.359375 0.1796875 0.3046875 
0.4296875 0.2421875 0.1953125 0.1484375 0.1015625 0.28125 0.15625 0.359375 0.1796875 0.3046875 
0.4296875 0.390625 0.40625 0.328125 0.2421875 0.1953125 0.1484375 0.1015625 0.28125 0.15625 
0.4296875 0.390625 0.359375 0.40625 0.328125 0.2421875 0.1953125 0.1484375 0.1015625 0.28125 
0.4296875 0.359375 0.390625 0.40625 0.2421875 0.1953125 0.1484375 0.1015625 0.28125 0.2109375 
0.3984375 0.359375 0.390625 0.2421875 0.1953125 0.1484375 0.1015625 0.28125 0.2109375 0.265625 
0.3984375 0.390625 0.359375 0.2421875 0.1953125 0.1484375 0.1015625 0.28125 0.2109375 0.265625 
0.3984375 0.390625 0.359375 0.2421875 0.1953125 0.1484375 0.1015625 0.28125 0.2109375 0.265625 
0.3984375 0.390625 0.390625 0.359375 0.2421875 0.1953125 0.1484375 0.1015625 0.28125 0.2109375 
0.3984375 0.390625 0.4453125 0.390625 0.359375 0.2421875 0.1953125 0.1484375 0.1015625 0.28125 
0.3984375 0.4375 0.4453125 0.390625 0.390625 0.359375 0.2421875 0.1953125 0.1484375 0.1015625 
0.3984375 0.4375 0.4375 0.390625 0.390625 0.359375 0.4453125 0.2421875 0.1953125 0.1484375 
0.3984375 0.4375 0.4375 0.4375 0.390625 0.390625 0.390625 0.359375 0.4453125 0.4453125 
0.3984375 0.3984375 0.4375 0.4375 0.4375 0.4375 0.390625 0.390625 0.390625 0.4453125 
0.3984375 0.3984375 0.3984375 0.4375 0.4375 0.4375 0.4375 0.4375 0.390625 0.4453125 
0.3984375 0.3984375 0.3984375 0.3984375 0.4375 0.4375 0.4375 0.4375 0.4375 0.421875 
0.3984375 0.4375 0.421875 0.3984375 0.3984375 0.421875 0.3984375 0.4375 0.4375 0.4375 
0.4375 0.4375 0.3984375 0.3984375 0.3984375 0.3984375 0.421875 0.4296875 0.4375 0.4140625 
0.4296875 0.375 0.4375 0.4375 0.4296875 0.3984375 0.3984375 0.3984375 0.3984375 0.4375 
0.4375 0.375 0.4375 0.3828125 0.4296875 0.4296875 0.4375 0.3984375 0.3984375 0.3984375 
0.375 0.4375 0.3671875 0.3671875 0.4375 0.3828125 0.4296875 0.390625 0.4375 0.4453125 
0.390625 0.375 0.3671875 0.3671875 0.3828125 0.34375 0.4140625 0.4375 0.421875 0.4375 
0.375 0.3671875 0.3671875 0.34375 0.375 0.40625 0.359375 0.4375 0.390625 0.3828125 
