50 50 50 50 50 50 50 27 17 11 7 2 1 1 1 1 1 1 1 1 1 1 1 1 1 1 1 1 1 1 1 1 1 1 1 1 0 0 0 0 0 0 0 0 0 0 0 0 0 0 
52 52 52 51 51 50 50 50 50 50 50 50 50 50 50 50 50 50 40 39 30 22 17 14 14 13 11 11 7 3 3 3 3 3 3 3 3 3 3 3 3 2 2 2 2 2 2 1 1 1 
52 52 52 52 51 51 51 51 51 51 51 50 50 50 50 50 50 50 50 50 50 50 50 50 50 17 16 15 14 12 12 9 7 6 3 3 3 3 3 3 3 2 2 2 1 1 1 1 1 1 
52 52 52 52 52 52 50 50 50 50 50 50 50 50 50 50 50 50 50 50 50 50 50 50 50 50 50 50 50 50 17 16 14 11 2 2 2 2 2 2 2 2 0 0 0 0 0 0 0 0 
50 50 50 50 50 50 50 50 50 50 50 50 50 50 50 50 50 50 50 50 50 50 50 50 50 50 50 50 50 36 34 25 15 14 10 10 0 0 0 0 0 0 0 0 0 0 0 0 0 0 
51 51 51 51 51 51 51 51 51 51 51 51 51 51 51 51 51 51 51 51 51 51 50 50 50 50 50 50 50 50 21 17 15 8 7 6 6 2 2 2 2 2 2 2 2 1 1 1 1 1 
51 51 51 51 51 51 51 51 51 51 51 51 51 51 51 51 51 51 51 51 51 51 50 50 50 44 40 31 29 15 11 6 5 2 2 2 2 2 2 2 2 2 2 2 2 2 1 1 1 1 
51 51 51 51 51 51 51 51 51 51 50 50 50 50 50 50 50 50 50 50 50 50 50 50 50 48 26 24 16 11 7 1 1 1 1 1 1 1 1 1 1 1 1 1 1 1 1 1 0 0 
51 51 51 51 51 51 51 51 51 51 51 51 51 51 51 51 51 51 51 51 51 51 51 51 51 51 50 43 41 25 18 14 14 13 11 11 10 2 2 2 2 2 2 2 2 2 2 2 1 1 
53 53 53 53 53 53 53 53 53 53 53 53 53 53 53 53 52 51 51 51 51 51 51 51 50 49 35 30 25 24 22 18 15 8 8 6 5 4 4 4 4 4 4 4 4 4 4 4 1 1 
85 52 50 50 50 50 50 50 50 50 50 50 50 50 50 50 50 50 50 49 42 42 40 39 32 28 23 21 17 15 15 12 10 9 8 7 2 2 2 2 2 2 2 2 2 2 2 2 2 2 
88 51 51 51 51 51 51 51 51 51 51 51 51 51 51 51 51 51 51 51 51 51 51 51 51 51 50 48 48 47 44 33 29 28 24 17 14 2 2 2 2 2 2 2 2 2 2 2 2 1 
81 64 50 50 50 50 50 50 50 50 50 50 50 50 50 50 50 50 50 50 50 50 50 50 50 50 45 42 41 37 24 21 20 20 16 14 12 0 0 0 0 0 0 0 0 0 0 0 0 0 
82 66 60 54 50 50 50 50 50 50 50 50 50 50 50 50 50 50 50 50 50 50 50 50 50 47 46 45 44 44 39 39 33 28 26 26 20 19 18 11 4 4 4 4 4 4 4 4 4 4 
87 72 72 72 68 60 52 52 51 51 51 51 51 51 51 51 51 51 51 51 51 51 51 51 51 51 51 50 50 50 49 49 49 48 48 47 42 37 34 29 24 22 20 11 4 4 3 3 3 3 
84 66 66 66 62 62 59 51 51 51 51 51 51 51 51 51 51 51 51 51 51 51 51 51 51 50 50 50 50 49 46 38 33 31 21 14 7 2 2 2 2 2 2 2 2 2 2 2 1 1 
77 67 65 62 62 58 57 56 51 51 51 51 51 51 51 51 51 51 51 51 51 51 50 50 50 50 50 50 47 46 46 42 37 33 30 11 8 8 1 1 1 1 1 1 1 1 1 1 1 0 
78 72 68 68 64 62 62 61 60 60 60 56 55 54 52 52 52 52 52 52 52 52 52 52 52 51 51 50 50 46 38 14 8 2 2 2 2 2 2 2 2 2 0 0 0 0 0 0 0 0 
93 83 80 72 72 70 70 70 65 65 64 64 63 61 61 60 60 54 51 51 51 51 51 51 50 50 45 45 44 44 39 37 37 31 26 18 17 15 10 9 7 2 2 2 2 2 1 1 1 1 
93 82 80 78 76 75 74 74 71 71 70 66 64 64 57 55 53 51 51 50 50 49 48 48 47 46 45 43 43 42 41 39 37 37 31 25 18 16 14 14 12 8 7 1 1 1 1 1 0 0 
89 77 77 72 69 69 68 68 68 68 68 67 63 62 59 59 57 54 53 53 51 48 48 41 41 38 37 26 25 24 23 22 20 19 9 8 7 7 7 6 1 1 1 1 1 1 1 1 1 1 
86 82 77 72 72 72 70 70 70 68 66 60 58 58 54 52 51 50 50 48 46 46 40 40 39 37 35 33 27 26 16 16 14 9 8 8 6 2 2 1 1 1 1 0 0 0 0 0 0 0 
92 91 86 84 83 83 77 76 76 75 70 62 57 57 57 56 55 55 55 55 54 52 50 50 45 37 36 33 31 29 29 27 27 22 18 18 17 16 13 11 9 9 7 6 6 4 3 0 0 0 
96 94 89 89 81 81 81 77 76 73 71 71 68 59 57 57 56 54 54 53 52 52 52 50 50 50 50 39 36 26 25 25 24 24 20 20 17 17 13 10 9 8 5 5 5 5 5 3 2 2 
88 87 86 85 85 83 82 77 72 71 71 67 67 66 60 58 57 57 57 55 54 52 52 51 49 48 47 46 34 23 23 22 20 9 9 7 6 6 6 6 4 4 1 1 1 1 1 1 1 1 
95 93 93 93 86 84 84 79 78 76 76 76 71 70 65 65 65 56 56 56 56 52 50 49 48 47 46 40 28 28 24 23 20 18 15 12 11 10 8 8 3 3 3 3 3 3 3 2 2 2 
96 94 92 91 91 84 81 79 79 78 78 77 76 74 73 71 66 63 63 59 58 56 56 51 51 50 50 50 50 50 49 43 43 42 40 36 34 33 28 17 7 7 7 1 1 1 1 1 1 1 
93 93 91 91 89 89 89 83 82 82 78 75 74 67 65 62 61 59 54 50 50 50 50 50 50 50 50 41 41 38 37 34 26 25 24 23 21 20 19 17 14 14 13 7 7 5 0 0 0 0 
96 94 94 94 94 93 93 92 92 92 85 85 82 74 61 60 58 57 57 56 50 50 50 50 49 49 46 42 38 35 35 34 27 26 22 21 20 19 18 14 13 13 11 11 2 1 1 1 1 0 
95 95 95 95 93 93 93 93 93 93 92 91 86 67 61 57 54 50 50 50 48 48 47 47 43 41 40 39 38 36 26 23 21 17 16 14 13 8 7 5 4 1 1 1 1 0 0 0 0 0 
97 94 94 94 94 94 94 92 92 92 92 92 92 91 91 89 60 51 50 50 50 50 49 49 48 47 46 45 30 29 29 26 17 14 10 8 7 6 4 3 1 1 1 1 1 1 1 1 0 0 
90 89 89 89 89 89 89 85 85 84 84 84 83 83 77 68 65 64 60 51 51 51 50 48 47 46 44 40 32 30 23 21 19 18 14 12 10 9 8 8 7 6 6 4 3 3 3 3 1 1 
95 91 91 91 91 91 91 91 91 90 88 87 87 86 84 67 65 51 50 50 50 50 49 49 48 46 44 43 42 32 29 29 25 20 14 13 11 6 5 3 2 2 2 2 2 2 2 0 0 0 
93 93 93 93 93 93 93 93 93 91 90 88 83 57 53 53 53 52 50 50 49 48 43 39 38 23 18 16 14 13 11 9 7 7 7 7 7 6 6 4 4 4 4 4 4 4 4 4 3 3 
95 94 94 94 94 94 94 94 94 94 94 88 54 50 50 50 50 50 50 50 50 50 50 49 47 47 44 42 40 40 36 35 32 27 17 15 12 2 2 2 2 2 2 2 2 2 2 2 0 0 
92 92 92 92 92 92 92 92 91 85 79 77 63 55 51 50 50 50 50 50 50 50 50 49 49 48 45 37 37 14 14 11 8 6 6 5 0 0 0 0 0 0 0 0 0 0 0 0 0 0 
95 94 94 94 94 94 94 94 94 93 89 70 60 60 58 53 53 50 50 48 45 45 44 32 31 30 27 26 23 17 17 15 13 9 4 4 4 4 4 4 4 4 4 4 3 3 1 1 1 1 
96 94 94 94 94 94 94 94 94 91 90 69 63 58 53 52 51 50 50 47 46 44 44 41 38 38 36 31 30 22 21 20 17 15 13 12 8 8 7 4 3 3 3 3 3 3 3 2 1 1 
95 95 92 92 92 92 92 92 92 92 92 67 65 56 50 50 42 40 39 34 31 31 29 26 23 21 18 18 18 12 11 10 0 0 0 0 0 0 0 0 0 0 0 0 0 0 0 0 0 0 
91 90 90 90 90 90 90 90 90 90 77 57 54 54 50 50 50 49 48 45 45 45 38 33 31 31 30 26 20 12 10 10 7 6 6 6 4 4 2 2 2 2 2 2 2 2 2 2 0 0 
97 96 96 96 96 96 96 96 96 95 63 51 51 51 51 49 45 42 42 30 29 28 22 20 18 18 14 13 12 10 8 7 7 6 5 5 4 2 2 2 2 2 2 2 2 2 1 1 1 1 
95 94 94 94 94 94 94 94 94 94 93 72 55 52 51 51 51 51 50 49 47 47 37 36 33 29 23 20 12 8 7 6 5 5 5 4 4 3 3 2 1 1 1 1 1 1 1 1 0 0 
87 87 87 87 87 87 87 87 87 87 86 68 54 51 51 51 50 47 43 42 42 41 41 41 39 35 32 28 26 21 21 14 12 10 9 8 8 7 3 3 3 3 3 3 3 3 3 3 3 1 
92 92 92 92 92 92 92 92 92 92 89 79 68 68 51 51 51 46 43 43 42 42 42 40 39 35 35 31 30 19 18 18 15 13 10 9 7 6 6 3 2 2 2 2 2 2 2 2 1 1 
92 92 92 92 92 92 92 92 92 88 88 88 75 73 64 54 50 50 50 50 50 50 50 50 50 50 46 44 42 41 38 32 32 19 16 15 15 14 11 11 9 9 6 1 1 1 1 1 1 1 
93 93 93 93 93 93 93 93 93 90 89 88 83 72 57 55 50 50 50 50 50 50 50 50 47 47 46 37 36 33 24 20 13 12 12 10 9 6 5 0 0 0 0 0 0 0 0 0 0 0 
97 96 96 96 96 96 96 96 96 96 96 75 66 61 58 56 51 51 50 50 50 50 50 50 48 46 46 45 45 42 41 30 23 22 22 15 13 13 10 8 3 2 2 2 2 2 2 2 1 1 
93 93 93 93 93 93 93 93 93 93 92 87 82 51 51 51 51 51 51 50 50 49 48 48 47 47 46 41 41 40 39 16 14 5 2 2 2 2 2 2 2 2 2 2 2 1 1 1 1 1 
98 98 98 98 98 98 98 98 98 98 77 72 72 54 51 50 50 50 50 50 48 46 46 43 40 35 31 26 24 12 12 11 4 4 1 1 1 1 1 1 1 1 1 1 1 1 1 1 1 1 
93 93 93 93 93 93 93 93 93 93 81 80 69 60 55 54 52 52 52 51 51 50 49 45 45 43 40 39 37 35 33 30 28 26 17 17 11 4 4 4 4 4 4 4 4 2 2 2 2 2 
