% Invoked: ./gella -d -r 3 -l biased_r3/run18 >& biased_r3/run18.log
% Ministry of Cellular Automata
% Project Deux (CS523 Spring 2015)
% Version:v0.1-70-g0624-dirty
%  pop:50
%  ic count:100
%  CA Log option:biased_r3/run18
%  width:121
%  max workers:4
%  radius:3
%  iterations:300
%  use bias:true
%  generations:50

 generation 0.0.2.50.2.50.0.2.0.2.2.0.0.2.2.0.2.2.2.0.0.2.12.50.2.0.2.2.2.2.2.50.0.2.50.32.0.12.2.2.2.2.2.50.0.2.50.2.50.2.2.xover.mutate.done 50
 generation 1.50.50.50.50.50.50.50.50.33.12.50.51.3.50.3.1.3.8.3.1.50.3.50.50.2.1.32.9.1.52.1.3.50.1.3.50.1.50.31.50.52.3.50.3.1.1.1.3.1.3.xover.mutate.done 50
 generation 2.51.51.51.50.50.50.50.50.50.50.1.50.1.2.51.2.1.50.50.50.51.1.50.51.2.50.1.51.1.1.50.1.2.44.40.1.50.2.50.2.1.53.50.1.2.1.1.1.50.50.xover.mutate.done 50
 generation 3.52.51.51.51.51.51.51.51.50.50.50.19.1.1.18.37.50.1.51.50.2.1.1.51.50.1.51.50.1.51.2.1.2.1.2.50.50.50.2.51.51.2.2.1.51.50.51.2.50.2.xover.mutate.done 50
 generation 4.43.50.50.50.50.50.50.50.50.50.0.50.50.33.50.0.50.50.32.50.50.50.50.0.50.50.0.0.50.50.32.50.50.50.50.0.35.50.32.0.50.50.0.50.50.0.50.50.50.50.xover.mutate.done 50
 generation 5.50.50.52.50.50.50.50.52.50.50.50.50.2.50.2.2.37.2.2.50.32.50.50.50.2.2.50.50.2.2.2.2.2.50.50.50.50.23.2.2.2.2.2.52.50.2.50.2.2.2.xover.mutate.done 50
 generation 6.51.51.51.50.50.50.50.50.50.50.50.50.32.51.1.49.50.50.50.50.1.1.50.1.1.50.1.1.1.50.1.1.9.50.10.1.1.51.51.50.50.1.1.50.50.1.1.50.1.49.xover.mutate.done 50
 generation 7.50.50.50.50.50.50.50.50.50.50.50.0.45.0.0.35.0.50.50.0.0.50.0.0.0.0.47.0.50.0.0.50.50.50.50.50.50.50.50.50.50.29.30.0.50.0.50.50.50.45.xover.mutate.done 50
 generation 8.50.50.50.50.50.50.52.52.52.52.2.24.2.18.14.52.50.29.0.2.52.50.52.24.50.2.7.2.2.2.52.2.2.2.50.50.52.43.50.2.2.50.0.2.52.2.40.52.0.50.xover.mutate.done 50
 generation 9.51.51.51.51.51.51.51.51.51.51.50.1.50.46.50.1.1.50.1.51.1.1.51.51.38.1.0.1.50.51.1.11.0.51.50.50.1.1.1.1.40.1.1.32.50.1.51.1.51.1.xover.mutate.done 50
 generation 10.50.50.50.50.50.50.50.50.50.50.1.50.50.50.50.1.1.20.51.1.1.9.1.1.50.2.50.1.1.1.50.1.50.50.1.51.50.50.50.36.1.46.19.50.1.50.51.1.50.1.xover.mutate.done 50
 generation 11.51.51.51.50.50.50.50.50.50.50.1.50.1.50.1.48.50.1.50.50.1.24.50.1.49.65.50.50.50.1.50.50.50.40.50.1.43.50.50.51.1.50.51.32.25.1.1.1.1.50.xover.mutate.done 50
 generation 12.64.50.50.50.50.50.51.51.51.51.50.0.1.50.1.32.1.1.36.51.1.51.1.51.1.51.51.50.51.51.51.1.1.1.1.34.1.1.1.50.51.51.1.35.1.1.51.2.1.50.xover.mutate.done 50
 generation 13.64.53.53.53.53.53.53.53.53.53.4.4.53.4.4.50.4.53.13.53.4.53.39.4.50.53.53.4.1.51.1.49.4.53.53.1.4.53.3.50.4.4.53.53.53.39.53.4.41.4.xover.mutate.done 50
 generation 14.57.51.51.51.51.51.51.51.51.51.16.51.10.1.33.33.2.1.51.1.2.50.2.2.1.2.51.6.2.24.1.2.51.2.1.8.51.1.51.2.51.50.2.2.2.6.39.2.1.51.xover.mutate.done 50
 generation 15.55.50.50.50.50.50.50.50.50.50.0.0.7.0.50.50.50.50.0.46.50.0.50.24.0.0.0.50.0.50.0.0.0.34.0.6.50.0.0.0.50.0.48.50.50.50.0.0.21.0.xover.mutate.done 50
 generation 16.61.50.50.50.50.50.50.50.50.50.1.1.0.50.1.1.1.1.50.47.1.47.50.6.1.49.1.57.39.1.50.50.50.50.50.50.50.1.50.1.1.1.1.50.50.50.50.50.40.1.xover.mutate.done 50
 generation 17.69.54.50.50.50.50.50.50.50.50.0.3.22.50.50.50.7.50.47.3.50.33.0.50.3.3.45.50.3.3.50.34.50.50.38.3.50.3.3.50.50.50.3.50.3.0.39.0.50.50.xover.mutate.done 50
 generation 18.58.52.50.50.50.50.50.50.50.50.1.1.17.36.50.50.1.50.1.50.1.50.1.50.47.4.31.47.50.50.15.50.1.1.1.1.50.11.1.18.1.50.1.1.50.1.50.1.1.41.xover.mutate.done 50
 generation 19.70.60.52.52.52.52.52.52.52.52.3.1.52.3.3.46.3.3.6.46.50.50.3.15.52.41.52.3.3.52.1.3.1.50.32.44.2.52.3.19.3.52.29.1.39.52.52.3.2.50.xover.mutate.done 50
 generation 20.56.55.50.50.50.50.50.50.50.50.53.50.10.43.1.50.50.39.1.50.50.50.50.1.1.50.50.1.40.50.50.1.50.50.1.2.29.1.49.1.1.1.1.50.1.50.1.50.39.50.xover.mutate.done 50
 generation 21.67.54.71.51.51.51.51.51.51.51.0.51.51.1.19.1.34.1.1.1.1.51.51.22.30.51.25.51.50.0.51.51.1.27.1.1.1.51.51.1.51.51.51.1.0.0.27.1.51.1.xover.mutate.done 50
 generation 22.58.68.55.51.51.51.51.51.51.51.51.1.1.50.50.51.1.51.51.50.51.8.1.50.51.51.50.1.16.1.1.51.50.1.1.0.51.1.35.1.50.51.12.48.51.8.26.51.50.1.xover.mutate.done 50
 generation 23.56.63.55.50.50.50.50.50.50.50.50.1.1.50.50.29.1.1.1.50.50.1.1.50.50.50.50.50.1.1.1.1.50.50.38.1.50.1.11.50.1.1.50.1.50.25.1.0.50.50.xover.mutate.done 50
 generation 24.57.59.55.52.52.52.52.52.52.52.7.2.52.0.19.45.2.2.50.0.52.72.2.2.52.52.5.2.52.5.6.50.52.23.50.50.1.36.52.50.50.0.2.2.2.23.0.0.34.0.xover.mutate.done 50
 generation 25.58.55.50.52.51.51.51.51.51.51.51.51.50.51.0.29.0.1.50.51.0.48.0.50.1.1.50.11.51.51.51.1.51.1.8.1.1.50.51.51.0.1.1.51.51.51.49.51.46.1.xover.mutate.done 50
 generation 26.59.71.56.50.50.50.50.50.50.50.50.50.1.50.50.31.47.50.49.50.1.1.1.50.1.1.0.1.50.50.0.50.0.0.50.17.50.1.50.50.0.50.49.32.0.50.50.0.0.0.xover.mutate.done 50
 generation 27.60.52.50.50.50.50.50.50.50.50.0.17.0.0.0.43.50.0.50.50.0.0.50.0.50.50.0.0.0.50.50.0.50.50.50.0.32.0.0.31.50.0.50.50.0.0.29.79.0.50.xover.mutate.done 50
 generation 28.79.61.54.52.50.50.50.50.50.50.8.50.50.1.1.1.50.0.50.1.1.50.1.1.50.1.20.50.8.1.1.1.13.50.1.1.50.50.6.49.1.0.50.22.50.39.50.1.50.50.xover.mutate.done 50
 generation 29.88.60.63.59.51.51.51.51.51.51.2.51.51.2.51.2.50.51.50.1.51.51.51.37.9.51.51.50.51.51.2.51.1.50.51.51.1.51.2.22.50.51.2.51.50.2.2.22.1.50.xover.mutate.done 50
 generation 30.81.64.59.59.52.52.52.52.52.52.52.50.4.2.50.52.52.52.52.4.50.52.52.4.15.52.35.52.52.37.6.8.52.4.8.4.52.52.52.52.52.52.4.52.52.52.6.24.5.18.xover.mutate.done 50
 generation 31.84.57.54.53.50.50.50.50.50.50.1.16.50.3.50.1.50.1.1.1.61.50.44.1.49.1.39.50.1.17.1.50.50.1.50.50.1.1.50.50.50.50.1.1.28.50.1.50.50.29.xover.mutate.done 50
 generation 32.84.58.63.54.54.50.50.50.50.50.22.50.50.50.3.3.0.50.50.50.3.3.3.50.50.50.50.24.53.50.50.50.50.54.50.3.50.50.49.49.50.50.0.27.50.50.50.50.50.50.xover.mutate.done 50
 generation 33.83.56.66.73.55.58.54.51.51.51.29.18.51.50.51.66.36.5.51.5.5.51.1.27.68.51.51.5.5.54.5.33.50.5.51.50.5.22.51.51.20.50.50.50.36.8.51.51.51.5.xover.mutate.done 50
 generation 34.84.63.72.64.64.57.62.57.51.51.2.1.51.51.51.51.51.50.51.2.2.2.29.51.18.1.1.7.51.51.51.1.35.51.50.50.1.51.56.13.2.2.2.50.1.11.77.18.51.10.xover.mutate.done 50
 generation 35.86.79.74.62.62.61.58.58.56.58.52.66.2.52.10.52.52.4.10.2.52.30.45.4.52.48.62.52.4.49.52.52.2.52.52.2.25.10.13.47.9.2.11.31.17.50.52.4.4.11.xover.mutate.done 50
 generation 36.80.73.68.63.62.62.58.50.57.57.46.52.51.8.38.5.3.14.8.51.5.18.13.8.9.63.43.3.3.2.51.27.2.2.51.3.51.21.7.51.10.5.53.3.2.22.57.8.3.3.xover.mutate.done 50
 generation 37.81.73.68.65.71.60.60.59.64.55.0.18.34.46.50.0.60.11.50.0.0.13.50.50.11.47.61.31.27.0.11.39.50.33.60.48.68.50.22.50.35.17.18.14.50.50.24.23.73.20.xover.mutate.done 50
 generation 38.83.72.62.64.60.60.59.59.54.54.2.4.23.5.30.54.0.1.12.5.0.8.50.41.1.2.54.1.7.42.14.46.65.51.0.51.4.9.5.0.4.1.3.54.19.1.54.49.50.0.xover.mutate.done 50
 generation 39.79.69.65.69.63.60.61.60.59.60.6.50.42.15.2.20.50.55.11.7.1.51.12.2.27.50.54.24.71.1.7.1.29.66.51.51.1.6.5.57.1.5.2.51.30.1.32.11.40.2.xover.mutate.done 50
 generation 40.82.82.71.66.63.70.64.69.66.62.68.4.50.1.65.51.14.60.13.19.21.21.7.57.51.41.50.1.61.5.20.7.1.50.22.34.51.11.1.5.65.50.7.8.16.24.59.51.7.12.xover.mutate.done 50
 generation 41.84.79.72.67.67.66.66.69.69.65.6.1.15.8.51.51.0.6.29.12.37.56.1.50.45.26.56.36.61.31.12.13.58.32.11.41.50.31.12.51.47.6.1.13.56.0.29.6.10.56.xover.mutate.done 50
 generation 42.88.82.80.71.70.76.72.69.68.67.3.31.13.31.10.7.3.60.52.52.56.59.38.52.21.51.12.3.3.56.20.48.41.36.1.51.68.37.41.50.31.3.13.50.37.67.11.56.48.51.xover.mutate.done 50
 generation 43.86.82.78.76.75.73.71.67.63.65.50.45.50.1.0.0.39.50.19.53.50.4.69.0.45.50.55.1.46.75.47.25.0.0.22.52.50.0.45.50.50.0.0.33.53.48.79.13.56.17.xover.mutate.done 50
 generation 44.84.79.78.71.63.59.61.63.67.59.2.2.19.8.50.59.50.9.5.20.55.50.2.6.4.5.50.5.53.29.3.2.0.7.15.27.10.0.54.50.72.6.4.2.50.2.5.1.16.50.xover.mutate.done 50
 generation 45.83.84.82.79.71.72.69.68.72.70.49.81.58.45.3.23.16.50.32.12.50.50.3.50.83.63.3.37.27.0.44.3.3.50.20.24.3.39.25.3.0.50.3.14.17.50.16.8.3.0.xover.mutate.done 50
 generation 46.78.85.84.80.77.81.68.71.79.63.0.50.32.51.50.44.39.59.7.89.22.31.50.53.11.15.31.8.50.38.38.1.51.22.4.2.73.81.17.50.13.32.0.11.33.91.49.51.33.28.xover.mutate.done 50
 generation 47.95.93.91.86.80.92.86.75.84.85.42.47.0.24.78.27.10.22.2.50.50.56.65.2.52.0.31.55.50.12.25.2.6.10.24.52.5.52.37.6.59.6.0.26.16.14.12.16.24.43.xover.mutate.done 50
 generation 48.91.90.85.84.83.82.78.81.75.67.50.52.64.52.78.66.6.37.34.13.52.48.2.17.52.21.27.84.77.40.6.6.43.52.5.52.50.27.77.16.51.32.52.2.52.65.19.33.73.52.xover.mutate.done 50
 generation 49.86.93.87.78.80.77.75.78.73.78.50.49.17.50.28.50.88.29.17.0.45.50.68.0.61.73.63.61.14.8.50.13.65.7.7.50.0.50.48.0.63.49.23.33.69.0.47.48.22.50.xover.mutate.done 50
 30046946 iters     693681 iter/sec (43.32 s)
 total time: 43.32
