50 50 50 50 50 50 50 50 50 50 25 25 14 10 9 7 7 5 0 0 0 0 0 0 0 0 0 0 0 0 0 0 0 0 0 0 0 0 0 0 0 0 0 0 0 0 0 0 0 0 
60 57 52 52 51 50 50 50 50 50 50 50 50 50 50 50 50 50 50 50 50 50 48 31 17 10 8 6 3 3 3 3 3 3 3 3 3 2 2 2 2 2 1 1 1 1 1 1 1 1 
59 52 51 51 51 51 50 50 50 50 50 50 50 50 50 50 50 50 50 50 50 50 50 50 50 50 50 50 50 50 50 50 50 49 47 47 6 6 1 1 1 1 1 1 1 1 1 1 1 0 
69 50 50 50 50 50 50 50 50 50 50 50 50 50 50 50 50 50 50 50 50 50 50 50 50 50 50 50 50 47 47 45 44 42 42 41 30 28 27 24 24 3 0 0 0 0 0 0 0 0 
60 54 51 51 51 51 51 51 51 51 51 51 51 50 50 50 50 50 50 50 50 50 50 50 50 50 50 50 50 42 29 27 5 1 1 1 1 1 1 1 1 1 1 1 1 1 0 0 0 0 
84 59 52 51 51 51 51 51 51 51 51 51 51 51 51 51 51 51 51 51 51 50 50 50 50 50 50 49 20 19 17 9 6 3 3 3 3 3 3 2 1 1 1 1 1 1 1 1 1 1 
92 73 53 53 53 53 53 53 53 53 53 53 53 53 53 53 53 53 53 53 53 53 50 38 30 30 6 6 6 6 6 6 6 6 6 6 6 6 6 3 3 3 3 3 3 3 3 3 3 3 
84 68 51 51 51 51 51 51 51 51 51 51 51 51 51 51 51 50 45 40 32 9 9 2 2 2 2 2 2 2 2 2 2 2 2 2 2 2 2 2 2 2 1 1 1 1 1 1 1 1 
84 59 53 53 53 53 53 53 53 53 53 53 53 53 53 51 50 50 50 50 9 3 3 3 3 3 3 3 3 3 3 3 3 3 3 3 3 3 3 3 3 3 3 3 3 3 0 0 0 0 
82 62 51 51 50 50 50 50 50 50 50 50 50 50 50 50 50 50 50 50 50 50 50 50 50 50 50 8 4 1 1 1 1 1 1 1 1 1 1 1 1 0 0 0 0 0 0 0 0 0 
90 70 53 53 52 52 52 52 52 52 52 52 52 52 52 52 52 52 52 52 52 50 50 50 47 44 23 16 9 6 5 5 5 5 5 5 5 5 5 5 5 5 3 3 3 3 2 2 2 2 
82 53 51 51 51 51 51 51 51 51 51 51 51 51 51 51 50 50 50 50 50 50 50 46 27 26 20 12 6 1 1 1 1 1 1 1 1 1 1 1 1 1 1 1 1 1 1 1 1 0 
85 64 51 51 51 51 51 51 51 51 51 51 51 51 51 51 51 51 51 51 51 51 50 50 50 46 46 43 41 27 13 9 5 4 1 1 1 1 1 1 1 1 1 1 1 1 1 1 0 0 
83 65 51 51 51 51 51 51 51 51 51 51 51 51 51 51 51 51 51 51 51 51 51 51 50 50 50 48 43 32 10 4 4 4 4 4 4 4 4 4 4 4 3 3 3 3 3 3 1 1 
87 69 50 50 50 50 50 50 50 50 50 50 50 50 50 50 50 50 50 50 50 50 50 50 50 50 50 50 48 47 46 46 31 23 22 19 17 7 7 6 1 1 1 1 1 1 1 1 0 0 
89 73 50 50 50 50 50 50 50 50 50 50 50 50 50 50 50 50 50 50 50 50 50 50 50 50 50 50 50 50 50 50 50 50 46 43 22 5 5 1 1 1 1 1 1 1 1 0 0 0 
83 52 50 50 50 50 50 50 50 50 50 50 50 50 50 50 50 50 50 50 50 43 43 41 36 36 26 17 16 16 0 0 0 0 0 0 0 0 0 0 0 0 0 0 0 0 0 0 0 0 
79 59 51 51 51 51 51 51 51 51 51 51 51 51 51 51 51 51 51 51 51 51 51 51 50 46 43 41 35 32 28 19 18 13 12 5 2 2 2 2 2 2 2 1 1 1 1 1 1 1 
80 62 53 53 53 53 53 53 53 53 53 53 53 53 53 53 53 53 53 53 53 53 53 53 53 53 53 53 52 48 48 47 47 37 34 31 4 4 4 4 4 4 4 4 4 3 3 3 3 1 
83 63 51 51 51 51 51 51 51 51 51 51 51 51 51 51 51 51 51 51 51 51 51 51 51 50 50 50 50 50 36 27 17 11 10 9 7 2 1 1 1 1 1 1 1 1 1 1 1 0 
86 70 67 50 50 50 50 50 50 50 50 50 50 50 50 50 50 50 50 50 50 50 50 50 50 50 50 37 36 31 31 23 16 4 1 1 1 1 1 1 1 1 1 1 1 0 0 0 0 0 
87 70 66 50 50 50 50 50 50 50 50 50 50 50 50 50 50 50 50 50 50 50 50 50 50 50 50 50 50 44 10 9 2 2 2 2 1 1 1 1 1 1 1 1 1 1 0 0 0 0 
88 68 63 61 50 50 50 50 50 50 50 50 50 50 50 50 50 50 50 50 50 50 50 50 50 50 50 50 50 50 50 50 50 50 50 50 50 43 28 11 8 7 0 0 0 0 0 0 0 0 
87 70 63 59 54 52 52 52 52 52 52 52 52 52 52 52 52 52 52 52 52 50 50 50 50 43 40 39 38 25 23 22 21 14 14 8 7 6 6 6 3 3 3 3 3 3 3 3 2 2 
86 67 67 64 62 52 52 52 52 52 52 52 52 52 52 52 52 52 50 45 34 31 24 23 18 18 15 13 13 12 10 3 3 3 3 3 3 3 3 3 3 2 2 2 2 2 1 1 1 1 
79 75 73 72 70 59 59 50 50 50 50 50 50 50 50 50 50 50 50 45 37 35 33 26 24 22 16 9 9 9 8 3 0 0 0 0 0 0 0 0 0 0 0 0 0 0 0 0 0 0 
78 71 68 67 60 60 60 58 57 51 51 50 50 50 50 50 50 50 50 50 48 36 30 28 26 20 17 13 11 10 10 8 5 2 1 1 1 1 1 1 1 1 1 1 0 0 0 0 0 0 
80 70 65 65 61 57 57 57 56 55 54 53 51 51 51 51 51 51 51 51 51 51 51 33 24 21 20 20 16 16 15 12 12 11 11 9 8 8 8 8 8 6 2 2 1 1 1 1 1 1 
83 74 70 70 60 60 57 57 56 56 56 56 56 51 51 51 51 51 50 50 50 48 48 43 38 38 32 30 28 27 26 23 19 18 18 13 10 9 9 9 8 8 6 6 5 2 2 2 1 1 
85 70 68 68 60 60 60 60 60 58 58 57 57 57 57 56 52 52 52 52 52 52 52 51 50 50 49 40 26 22 21 21 19 19 17 16 15 15 10 10 10 9 9 8 7 6 2 2 2 2 
83 75 69 68 67 67 59 59 59 59 59 57 56 56 56 56 56 50 50 48 46 43 33 28 22 21 21 20 20 19 18 17 10 8 6 6 6 5 0 0 0 0 0 0 0 0 0 0 0 0 
78 78 76 70 69 69 68 68 68 68 67 65 58 58 58 58 58 58 55 53 53 51 51 51 50 50 49 40 34 32 31 29 27 24 22 22 21 13 13 12 11 1 1 1 1 1 1 1 1 1 
80 77 77 74 74 70 70 69 68 66 66 66 66 66 65 64 60 51 51 51 51 51 46 45 45 44 42 42 39 35 32 30 23 18 17 17 16 16 14 8 7 7 5 2 2 2 2 2 1 1 
84 82 82 82 81 81 80 80 80 78 78 78 75 75 75 74 73 70 63 57 56 54 54 50 50 50 50 50 40 31 13 12 10 10 10 8 8 7 7 6 4 2 2 2 2 2 2 0 0 0 
85 83 82 82 81 80 80 79 78 77 77 77 77 69 69 69 68 67 63 63 56 56 54 50 50 50 50 46 45 41 33 31 27 23 23 22 21 19 18 16 16 15 14 13 12 9 9 8 8 5 
87 83 81 81 81 80 80 80 77 76 76 76 75 75 74 73 68 68 63 59 58 57 53 52 52 50 50 50 50 50 32 29 29 28 27 27 25 18 17 14 10 8 3 2 0 0 0 0 0 0 
83 82 82 82 82 82 81 81 81 81 79 72 72 55 51 51 49 48 47 38 38 38 38 37 35 35 35 35 35 34 31 27 27 22 19 18 17 15 14 13 12 9 8 5 2 2 2 2 1 1 
92 89 88 88 88 88 88 88 86 86 86 86 82 78 76 64 61 52 51 50 50 50 50 50 50 49 48 47 43 40 39 38 35 31 27 27 19 15 4 3 2 0 0 0 0 0 0 0 0 0 
84 82 82 81 79 79 79 79 79 79 79 79 79 79 67 62 60 60 58 58 56 51 51 51 51 50 50 50 48 46 46 42 41 40 38 37 36 35 34 34 32 30 29 22 18 12 10 4 4 1 
90 81 79 78 77 77 77 77 77 77 77 77 77 74 71 71 63 63 55 55 54 54 50 50 50 50 50 50 50 50 50 50 50 49 49 49 49 48 41 36 26 25 22 16 14 4 0 0 0 0 
93 84 83 83 81 80 80 79 79 79 79 79 79 79 78 77 73 66 64 63 61 53 52 52 51 50 50 50 50 50 50 50 47 44 44 42 38 34 28 27 24 19 19 10 4 2 2 2 2 2 
85 83 79 79 79 79 79 77 77 77 76 72 67 63 59 59 56 53 53 50 50 50 50 50 50 50 49 49 49 48 47 46 45 43 38 34 29 13 7 7 5 4 0 0 0 0 0 0 0 0 
90 88 87 84 84 83 82 82 82 79 74 74 74 63 59 58 51 50 50 50 49 48 48 47 45 43 35 31 27 26 24 20 20 18 15 14 10 8 3 3 1 1 1 1 1 1 1 1 1 0 
89 87 81 81 80 80 77 77 77 76 76 66 65 53 53 51 50 50 50 49 48 47 44 44 39 36 35 34 32 30 29 28 24 22 16 15 7 5 4 1 1 1 1 1 1 1 1 1 1 0 
90 89 85 85 83 83 83 82 82 82 82 81 79 78 78 75 71 70 60 59 59 52 51 50 50 50 50 50 50 50 47 44 43 32 31 29 26 22 19 17 16 13 13 9 8 2 2 2 2 0 
86 84 83 81 80 78 78 78 77 77 77 77 77 77 77 76 76 72 72 72 62 61 58 53 52 51 51 51 51 51 46 45 40 34 33 26 12 9 5 3 3 2 2 2 2 2 2 2 1 1 
88 84 84 84 83 82 81 81 80 79 78 77 77 76 76 76 73 70 66 65 57 56 55 53 52 52 50 50 50 47 46 43 42 41 35 33 26 24 23 9 9 2 2 2 2 2 2 2 2 0 
92 87 86 85 85 83 83 83 83 74 69 68 62 61 57 55 52 51 51 50 50 49 49 49 47 47 46 44 41 40 40 39 38 38 34 34 34 34 33 16 8 5 1 1 1 1 1 1 0 0 
87 85 83 82 82 82 81 81 80 80 79 77 69 57 52 50 50 46 45 45 41 33 30 29 27 26 25 25 22 22 21 20 17 17 15 12 9 6 4 2 2 2 2 2 2 2 2 2 2 2 
85 84 83 81 81 81 81 80 79 77 73 72 53 53 53 53 53 53 53 53 50 49 40 32 26 25 24 24 20 13 12 12 11 11 10 3 3 3 3 3 3 3 3 3 3 3 3 3 3 0 
