51 50 50 50 50 50 50 50 50 50 48 29 27 9 8 2 2 2 2 2 2 2 2 2 2 2 2 2 1 1 1 1 1 1 1 1 1 1 1 1 1 1 1 1 1 1 1 1 1 1 
83 50 50 50 50 50 50 50 50 50 50 50 50 50 50 50 50 50 50 50 50 40 36 10 3 2 0 0 0 0 0 0 0 0 0 0 0 0 0 0 0 0 0 0 0 0 0 0 0 0 
81 52 50 50 50 50 50 50 50 50 50 50 50 50 50 50 50 50 50 50 50 50 50 50 50 50 50 19 2 2 2 2 2 2 2 2 2 2 2 2 2 2 2 2 0 0 0 0 0 0 
80 70 59 55 51 51 51 51 51 51 51 51 51 51 51 51 50 50 50 50 50 50 50 50 50 50 50 50 50 50 50 50 50 50 50 50 50 44 40 17 6 2 2 1 1 1 1 1 1 1 
84 82 79 63 59 55 50 50 50 50 50 50 50 50 50 50 50 50 50 50 50 50 50 50 50 50 50 50 50 50 50 27 21 11 9 8 3 3 3 3 3 3 3 3 0 0 0 0 0 0 
83 82 76 58 56 52 50 50 50 50 50 50 50 50 50 50 50 50 50 50 50 50 50 50 50 46 20 6 3 2 2 2 0 0 0 0 0 0 0 0 0 0 0 0 0 0 0 0 0 0 
82 76 68 67 62 53 53 52 51 50 50 50 50 50 50 50 50 50 50 50 50 50 50 50 50 28 25 23 12 12 10 9 2 2 0 0 0 0 0 0 0 0 0 0 0 0 0 0 0 0 
82 82 77 74 71 61 61 59 58 54 54 51 51 51 51 50 50 50 13 12 11 10 9 5 1 1 1 1 1 1 1 1 1 1 1 1 1 1 0 0 0 0 0 0 0 0 0 0 0 0 
80 78 71 70 67 66 61 58 56 56 56 53 50 50 50 50 50 50 50 25 17 16 9 9 6 5 5 3 2 1 1 1 1 1 1 1 1 1 1 1 1 1 1 1 1 0 0 0 0 0 
77 72 71 69 69 67 66 66 66 63 58 57 56 53 50 50 50 50 50 41 35 19 17 8 6 6 0 0 0 0 0 0 0 0 0 0 0 0 0 0 0 0 0 0 0 0 0 0 0 0 
84 79 73 72 72 72 71 68 63 63 63 61 55 51 50 50 39 23 23 19 8 4 4 0 0 0 0 0 0 0 0 0 0 0 0 0 0 0 0 0 0 0 0 0 0 0 0 0 0 0 
82 78 78 76 75 75 75 75 74 74 73 70 67 64 64 62 61 51 47 32 29 27 26 24 20 9 6 4 4 4 2 2 2 2 2 2 2 2 2 2 2 1 1 1 1 1 1 1 1 1 
80 80 79 78 77 76 76 73 71 71 70 70 69 68 68 64 58 56 55 53 49 36 34 34 33 29 24 23 16 15 9 7 5 5 5 1 1 1 1 1 1 1 1 1 1 1 1 1 1 0 
77 75 73 71 71 71 71 69 68 67 67 66 66 66 63 61 53 50 49 42 42 41 34 33 32 28 28 27 23 16 15 14 11 4 4 3 3 1 1 1 1 1 1 1 1 1 1 1 0 0 
90 82 77 76 76 75 75 75 75 73 72 71 71 70 67 65 62 62 53 51 51 51 49 48 47 46 45 43 25 21 17 15 11 10 4 4 4 3 0 0 0 0 0 0 0 0 0 0 0 0 
84 83 79 74 74 73 72 72 72 72 70 68 65 64 64 61 61 60 57 55 54 52 49 49 49 49 45 34 33 32 25 23 16 15 12 6 6 6 5 3 0 0 0 0 0 0 0 0 0 0 
88 84 79 79 75 74 73 73 72 72 72 72 72 69 64 61 57 57 52 40 39 37 21 18 14 14 9 5 5 4 4 3 3 3 1 1 1 1 1 1 1 1 1 1 1 1 1 1 1 0 
82 81 78 76 75 74 73 72 71 71 70 68 67 66 64 62 61 55 55 53 46 32 21 19 16 8 7 6 6 6 6 6 5 5 3 2 2 1 1 1 1 1 1 1 1 1 1 1 1 0 
91 87 83 83 82 81 78 75 75 74 73 73 70 65 65 63 62 62 59 58 57 50 41 37 29 25 25 15 15 6 6 6 6 6 6 6 6 6 6 6 6 6 6 6 2 2 2 2 2 1 
88 78 75 74 74 73 71 70 68 67 66 64 60 60 58 54 52 49 49 49 46 44 44 40 28 22 9 6 5 5 5 5 5 5 4 4 4 4 1 1 1 1 1 1 1 1 1 1 0 0 
89 88 86 85 84 84 82 78 78 78 74 73 70 65 64 64 53 48 43 42 19 18 5 5 5 5 5 1 1 1 1 1 1 1 1 1 1 1 1 1 1 1 1 1 0 0 0 0 0 0 
89 89 82 82 81 81 81 81 77 76 76 70 67 64 53 21 18 17 5 5 5 3 3 3 3 3 3 3 0 0 0 0 0 0 0 0 0 0 0 0 0 0 0 0 0 0 0 0 0 0 
87 84 84 83 82 78 78 77 76 75 56 52 48 39 18 13 6 5 5 5 5 5 5 5 5 5 5 1 1 1 1 1 1 1 1 1 1 1 1 1 1 1 1 1 1 1 0 0 0 0 
90 89 84 83 82 82 81 78 78 76 74 69 59 58 57 52 50 47 43 41 38 15 9 2 1 1 1 1 1 1 1 0 0 0 0 0 0 0 0 0 0 0 0 0 0 0 0 0 0 0 
92 89 88 87 87 83 82 82 81 81 79 61 60 60 58 57 54 53 52 51 47 34 31 4 4 4 3 3 3 3 3 2 0 0 0 0 0 0 0 0 0 0 0 0 0 0 0 0 0 0 
89 87 83 83 83 83 80 80 78 78 78 77 76 67 63 58 57 51 50 46 42 31 12 9 7 5 5 4 4 4 2 1 1 1 1 1 1 1 1 1 1 1 1 1 1 1 1 1 1 1 
86 83 82 82 81 81 81 78 77 77 74 73 64 64 57 49 42 42 37 33 30 25 14 14 5 5 4 3 1 1 1 1 1 1 1 1 1 1 1 1 1 1 1 0 0 0 0 0 0 0 
93 89 88 86 85 83 81 81 80 80 80 80 75 73 73 67 65 55 55 45 44 37 36 35 20 17 17 11 9 8 6 4 4 4 2 2 2 2 2 2 2 2 2 2 1 1 1 1 1 1 
93 91 89 89 88 87 86 86 84 83 83 81 79 79 79 71 70 55 50 46 45 45 44 43 43 33 9 9 9 9 9 9 9 9 3 3 3 3 3 3 3 2 2 2 2 2 1 1 1 1 
90 90 85 84 84 81 81 79 77 77 77 76 75 70 59 55 50 43 31 29 24 23 11 8 8 7 7 7 7 7 2 2 2 2 2 2 2 2 2 2 1 1 1 1 1 1 1 1 1 1 
93 91 88 86 86 85 85 84 83 78 77 73 54 50 50 25 20 17 11 7 7 7 7 7 7 7 7 7 7 2 2 2 2 2 2 2 2 2 2 2 2 2 2 2 2 2 0 0 0 0 
91 88 86 85 83 82 81 79 79 78 72 67 39 39 17 17 14 11 11 9 9 4 3 3 3 3 2 2 2 2 2 2 2 2 2 2 2 2 2 2 2 2 2 2 2 2 0 0 0 0 
88 86 85 82 82 82 82 82 82 82 81 80 79 79 44 42 42 41 40 32 15 12 11 8 5 5 5 5 5 5 2 2 2 2 2 2 2 2 2 2 2 2 2 2 2 2 2 0 0 0 
88 85 85 84 82 78 77 77 77 77 76 76 76 76 65 64 60 55 54 48 39 23 12 11 9 9 6 5 4 4 4 4 4 4 4 4 0 0 0 0 0 0 0 0 0 0 0 0 0 0 
88 88 87 87 86 84 83 83 83 83 80 68 68 65 56 54 53 52 51 50 49 48 44 39 39 17 13 7 3 3 3 3 3 3 3 3 3 3 3 3 2 2 2 2 2 2 2 2 2 2 
85 77 76 73 72 71 70 69 69 69 69 66 61 60 58 56 54 48 44 39 38 27 24 8 7 6 3 3 3 3 3 2 2 2 2 2 2 2 2 2 2 2 2 2 2 2 2 0 0 0 
91 87 84 82 82 80 80 80 80 80 75 70 58 55 55 52 50 45 45 24 23 19 17 17 10 9 9 8 6 4 4 4 4 4 3 3 3 3 3 3 3 3 3 0 0 0 0 0 0 0 
90 89 84 82 80 80 80 80 80 76 76 71 62 53 50 47 45 39 29 21 11 11 10 7 6 6 5 5 5 5 5 5 5 2 2 2 2 2 2 2 2 2 2 2 2 2 0 0 0 0 
87 87 86 86 85 84 82 82 82 82 82 81 80 80 70 67 56 43 22 21 21 17 16 12 12 12 6 6 3 3 3 3 3 3 3 3 3 3 3 3 3 3 3 3 3 3 3 3 2 2 
89 87 87 87 83 83 80 80 79 79 79 79 79 78 70 64 63 59 52 41 37 31 30 25 23 14 9 9 9 9 2 2 2 2 2 2 2 2 2 2 2 2 2 2 2 1 1 1 1 1 
91 90 89 88 88 88 88 88 88 83 83 83 74 72 71 67 62 54 54 46 34 30 29 29 29 20 20 4 4 4 4 4 4 4 1 1 1 1 1 1 1 1 1 1 1 1 1 1 1 0 
92 92 91 87 87 86 82 82 82 82 82 82 43 34 15 6 6 6 6 6 6 6 6 6 6 6 5 0 0 0 0 0 0 0 0 0 0 0 0 0 0 0 0 0 0 0 0 0 0 0 
92 88 87 86 85 85 85 85 85 85 85 84 84 82 79 77 66 58 52 40 34 25 16 13 10 10 6 5 5 5 5 5 3 1 1 1 1 1 1 1 1 1 1 1 1 1 1 1 0 0 
92 90 89 89 89 88 88 87 86 85 85 85 85 81 79 75 70 67 61 57 45 33 14 8 2 1 0 0 0 0 0 0 0 0 0 0 0 0 0 0 0 0 0 0 0 0 0 0 0 0 
88 88 88 88 87 87 84 83 80 77 76 75 72 71 63 55 36 27 22 20 10 7 7 4 3 3 3 3 3 3 3 3 3 3 3 3 3 3 3 3 3 3 3 3 3 2 1 1 1 1 
88 87 87 85 85 84 84 84 84 82 74 72 70 68 58 17 17 13 11 11 9 9 8 8 8 8 7 7 7 1 1 1 1 1 1 1 1 1 1 1 1 1 1 1 1 1 1 0 0 0 
90 90 90 90 89 88 88 88 88 86 84 82 80 76 76 72 71 71 68 61 54 54 52 27 19 17 8 5 5 5 4 3 3 3 3 3 3 2 2 2 2 2 2 2 2 2 2 2 2 2 
81 80 80 79 79 79 78 78 78 77 72 66 66 65 61 60 60 57 55 53 53 53 52 52 48 46 41 39 36 31 27 27 24 22 19 17 6 3 3 3 1 1 1 1 1 1 1 1 1 1 
94 94 94 93 93 92 91 90 89 89 89 89 88 88 77 75 70 70 69 66 65 64 60 57 56 54 53 37 28 22 12 12 10 6 6 5 5 5 5 5 5 5 5 5 3 3 3 3 3 2 
92 89 89 88 88 88 87 87 87 87 87 87 87 81 80 79 76 75 65 64 62 61 60 56 56 52 48 44 38 34 31 30 28 23 13 9 8 8 6 6 6 6 4 3 3 3 3 3 3 2 
