0.734375 0.015625 0.3125 0.0390625 0.578125 0.6796875 0.0625 0.84375 0.5 0.8984375 
0.015625 0.0625 0.8984375 0.0078125 0.015625 0.0234375 0.9453125 0.671875 0.890625 0.140625 
0.015625 0.0625 0.8984375 0.0078125 0.015625 0.0234375 0.9453125 0.0078125 0.078125 0.015625 
0.015625 0.0625 0.8984375 0.0078125 0.015625 0.0234375 0.9453125 0.0078125 0.078125 0.015625 
0.078125 0.03125 0.125 0.140625 0.3671875 0.015625 0.0625 0.8984375 0.0078125 0.015625 
0.078125 0.03125 0.125 0.140625 0.3671875 0.0703125 0.1328125 0.125 0.3515625 0.015625 
0.34375 0.3515625 0.828125 0.765625 0.078125 0.03125 0.125 0.140625 0.3671875 0.0703125 
0.34375 0.3515625 0.078125 0.03125 0.125 0.140625 0.3671875 0.0703125 0.1015625 0.375 
0.34375 0.3515625 0.078125 0.03125 0.125 0.140625 0.3671875 0.0703125 0.1015625 0.375 
0.3671875 0.3515625 0.34375 0.078125 0.03125 0.125 0.140625 0.3671875 0.0703125 0.1015625 
0.3515625 0.34375 0.3671875 0.40625 0.3671875 0.3515625 0.078125 0.03125 0.125 0.140625 
0.421875 0.40625 0.3671875 0.3671875 0.3671875 0.375 0.3515625 0.34375 0.078125 0.03125 
0.4453125 0.4375 0.34375 0.3359375 0.359375 0.3515625 0.421875 0.3671875 0.3671875 0.3671875 
0.4453125 0.4453125 0.4375 0.421875 0.375 0.359375 0.4140625 0.3671875 0.3671875 0.3671875 
0.4375 0.4453125 0.4453125 0.421875 0.359375 0.375 0.4140625 0.3671875 0.3671875 0.3671875 
0.4453125 0.4453125 0.4375 0.375 0.4375 0.421875 0.359375 0.3671875 0.3671875 0.3671875 
0.4296875 0.4375 0.375 0.421875 0.390625 0.359375 0.453125 0.3984375 0.4375 0.375 
0.4375 0.4375 0.390625 0.4296875 0.46875 0.4375 0.453125 0.375 0.421875 0.421875 
0.421875 0.4375 0.4296875 0.46875 0.4375 0.390625 0.421875 0.421875 0.4375 0.375 
0.421875 0.4375 0.390625 0.4296875 0.46875 0.375 0.4375 0.421875 0.421875 0.3984375 
0.421875 0.4375 0.4296875 0.390625 0.46875 0.3984375 0.4140625 0.4375 0.421875 0.421875 
0.4375 0.4140625 0.421875 0.46875 0.4609375 0.4296875 0.4375 0.390625 0.4296875 0.3984375 
0.4375 0.421875 0.4296875 0.4375 0.46875 0.4140625 0.3984375 0.375 0.4609375 0.4140625 
0.4375 0.421875 0.4375 0.3984375 0.3984375 0.46875 0.46875 0.4140625 0.375 0.4140625 
0.4375 0.421875 0.46875 0.46875 0.4296875 0.3984375 0.4140625 0.4375 0.4140625 0.375 
0.4375 0.421875 0.4140625 0.4140625 0.4296875 0.46875 0.4140625 0.3984375 0.46875 0.4453125 
0.4296875 0.421875 0.4375 0.4140625 0.4296875 0.4140625 0.4140625 0.3984375 0.46875 0.453125 
0.46875 0.4375 0.4140625 0.4140625 0.4296875 0.4140625 0.4296875 0.421875 0.4296875 0.421875 
0.46875 0.421875 0.4375 0.4296875 0.421875 0.4140625 0.4140625 0.4140625 0.4296875 0.4609375 
0.4609375 0.4765625 0.4296875 0.4296875 0.421875 0.4375 0.4296875 0.46875 0.4375 0.421875 
0.46875 0.4609375 0.4375 0.4375 0.4296875 0.4375 0.4296875 0.4453125 0.421875 0.4296875 
0.4296875 0.4453125 0.4375 0.421875 0.4375 0.46875 0.4609375 0.4296875 0.4296875 0.421875 
0.4296875 0.46875 0.4296875 0.46875 0.4296875 0.4375 0.4375 0.421875 0.5 0.484375 
0.46875 0.46875 0.421875 0.4296875 0.4375 0.4375 0.4296875 0.4296875 0.5 0.4453125 
0.46875 0.4296875 0.453125 0.4375 0.4375 0.4296875 0.4296875 0.421875 0.5 0.4453125 
0.453125 0.4296875 0.4296875 0.4375 0.4296875 0.4296875 0.46875 0.4453125 0.421875 0.4375 
0.46875 0.4375 0.4296875 0.4375 0.4375 0.4453125 0.4296875 0.4375 0.5 0.453125 
0.4375 0.4453125 0.4296875 0.46875 0.4375 0.4296875 0.4375 0.453125 0.4375 0.484375 
0.4375 0.4453125 0.46875 0.4375 0.4296875 0.4296875 0.4375 0.4375 0.453125 0.421875 
0.46875 0.4375 0.421875 0.4375 0.4296875 0.4453125 0.4375 0.4375 0.4296875 0.453125 
0.421875 0.46875 0.4375 0.4375 0.4296875 0.4453125 0.4296875 0.4375 0.4375 0.453125 
0.46875 0.4375 0.4375 0.421875 0.4296875 0.4296875 0.453125 0.4375 0.4453125 0.4375 
0.46875 0.421875 0.4375 0.453125 0.4375 0.4375 0.4296875 0.4453125 0.4375 0.4375 
0.4375 0.46875 0.421875 0.46875 0.4375 0.4375 0.453125 0.4375 0.4296875 0.4375 
0.4375 0.421875 0.46875 0.4375 0.4296875 0.4375 0.4765625 0.46875 0.4375 0.4375 
0.4375 0.421875 0.4375 0.4296875 0.4375 0.4375 0.46875 0.4375 0.46875 0.4296875 
0.4375 0.46875 0.421875 0.4296875 0.4375 0.46875 0.4375 0.4375 0.4296875 0.4375 
0.4375 0.4296875 0.4375 0.421875 0.4375 0.46875 0.46875 0.4296875 0.4375 0.4375 
0.46875 0.4296875 0.421875 0.4375 0.46875 0.4375 0.4375 0.4375 0.4375 0.4375 
0.46875 0.421875 0.46875 0.4375 0.4375 0.4375 0.4375 0.4453125 0.4296875 0.4375 
