0.921875 0.7421875 0.8046875 0.53125 0.0078125 0.6328125 0.1171875 0.484375 0.984375 0.265625 
0.0390625 0.0078125 0.984375 0.0 0.015625 0.9765625 0.0625 0.0859375 0.0234375 0.171875 
0.5625 0.0390625 0.0078125 0.984375 0.0 0.015625 0.9765625 0.0625 0.0859375 0.0234375 
0.5625 0.875 0.0390625 0.0078125 0.984375 0.0 0.015625 0.9765625 0.0625 0.0859375 
0.5625 0.5 0.2421875 0.875 0.0390625 0.1171875 0.234375 0.09375 0.203125 0.125 
0.5625 0.4765625 0.5 0.6875 0.2421875 0.875 0.0390625 0.1171875 0.234375 0.09375 
0.5625 0.4765625 0.5 0.2421875 0.6875 0.875 0.0390625 0.1171875 0.234375 0.09375 
0.5625 0.4765625 0.4609375 0.5 0.28125 0.2421875 0.6875 0.875 0.53125 0.0390625 
0.5625 0.4765625 0.5 0.5390625 0.4609375 0.28125 0.875 0.53125 0.6640625 0.2421875 
0.5625 0.4765625 0.5 0.5390625 0.5234375 0.4609375 0.640625 0.28125 0.875 0.53125 
0.5625 0.46875 0.4765625 0.5 0.5390625 0.4609375 0.5234375 0.640625 0.28125 0.5390625 
0.5625 0.4765625 0.46875 0.5 0.4609375 0.5 0.5390625 0.4765625 0.5234375 0.640625 
0.5625 0.46875 0.4609375 0.4765625 0.4609375 0.5 0.5390625 0.5234375 0.5 0.4765625 
0.5625 0.4765625 0.46875 0.46875 0.5234375 0.4609375 0.46875 0.5 0.4609375 0.5390625 
0.5625 0.4765625 0.4609375 0.46875 0.5234375 0.5234375 0.5234375 0.46875 0.5 0.5390625 
0.5625 0.4765625 0.46875 0.46875 0.5 0.5234375 0.5234375 0.5234375 0.46875 0.546875 
0.5625 0.4765625 0.46875 0.46875 0.46875 0.5234375 0.5 0.5234375 0.5234375 0.5234375 
0.5625 0.5078125 0.4765625 0.5234375 0.5390625 0.46875 0.46875 0.46875 0.46875 0.5 
0.5625 0.46875 0.4765625 0.46875 0.5078125 0.5 0.46875 0.5234375 0.46875 0.46875 
0.5 0.5625 0.46875 0.5078125 0.4765625 0.4765625 0.46875 0.46875 0.46875 0.5 
0.4765625 0.5 0.5078125 0.46875 0.4765625 0.5625 0.546875 0.4921875 0.4765625 0.53125 
0.4765625 0.5 0.5078125 0.5625 0.4765625 0.546875 0.46875 0.4921875 0.4765625 0.53125 
0.4765625 0.5 0.4765625 0.4765625 0.5078125 0.5625 0.4921875 0.484375 0.546875 0.546875 
0.5 0.4765625 0.546875 0.4765625 0.5625 0.4765625 0.484375 0.5078125 0.4921875 0.546875 
0.4765625 0.5 0.5625 0.4921875 0.546875 0.4765625 0.4921875 0.4765625 0.5078125 0.484375 
0.5 0.4921875 0.4765625 0.484375 0.5546875 0.5625 0.4765625 0.5078125 0.4765625 0.4921875 
0.4765625 0.5 0.4921875 0.5625 0.4765625 0.4921875 0.5546875 0.484375 0.5078125 0.4921875 
0.5 0.4921875 0.4765625 0.5625 0.4921875 0.4921875 0.4921875 0.5546875 0.4765625 0.5078125 
0.484375 0.5625 0.5 0.4765625 0.5078125 0.4765625 0.4765625 0.5546875 0.4921875 0.4921875 
0.484375 0.5 0.4765625 0.5390625 0.4765625 0.5625 0.4765625 0.5 0.4921875 0.5078125 
0.484375 0.5 0.4765625 0.4765625 0.4765625 0.5390625 0.4921875 0.546875 0.5 0.4921875 
0.484375 0.5 0.4765625 0.4765625 0.4921875 0.4765625 0.5390625 0.5 0.546875 0.5078125 
0.484375 0.4765625 0.4765625 0.5 0.4765625 0.546875 0.5390625 0.4921875 0.4921875 0.5 
0.5 0.4765625 0.484375 0.4765625 0.4921875 0.4921875 0.5 0.5 0.5 0.4921875 
0.484375 0.5 0.4765625 0.4765625 0.5 0.4765625 0.4921875 0.4921875 0.4921875 0.4921875 
0.4765625 0.5 0.484375 0.4765625 0.5 0.4765625 0.4921875 0.4921875 0.4921875 0.4921875 
0.484375 0.5 0.5 0.515625 0.53125 0.4765625 0.4765625 0.4921875 0.4921875 0.4921875 
0.484375 0.5 0.5 0.4765625 0.4765625 0.4921875 0.4921875 0.4921875 0.4921875 0.4921875 
0.484375 0.4765625 0.4765625 0.5 0.4921875 0.4921875 0.4921875 0.4921875 0.4921875 0.5 
0.4765625 0.5 0.484375 0.4765625 0.4765625 0.5 0.4921875 0.4921875 0.4921875 0.4921875 
0.4765625 0.484375 0.484375 0.484375 0.5 0.4765625 0.4765625 0.4609375 0.4921875 0.4921875 
0.4609375 0.4765625 0.5 0.4765625 0.4765625 0.4921875 0.4921875 0.4921875 0.4921875 0.484375 
0.4765625 0.484375 0.5 0.4765625 0.4765625 0.4609375 0.4921875 0.4921875 0.4921875 0.4921875 
0.484375 0.4609375 0.46875 0.5 0.4765625 0.4765625 0.4921875 0.4921875 0.4921875 0.4921875 
0.484375 0.46875 0.4765625 0.4765625 0.46875 0.4609375 0.4765625 0.484375 0.5 0.4921875 
0.484375 0.46875 0.46875 0.4765625 0.4765625 0.4765625 0.484375 0.4765625 0.4609375 0.5 
0.484375 0.4765625 0.4765625 0.46875 0.46875 0.4765625 0.484375 0.4765625 0.4609375 0.5 
0.4765625 0.4765625 0.46875 0.46875 0.4765625 0.484375 0.4765625 0.4609375 0.484375 0.484375 
0.4765625 0.4609375 0.484375 0.46875 0.484375 0.484375 0.4765625 0.4765625 0.46875 0.4765625 
0.4765625 0.4765625 0.4765625 0.4609375 0.46875 0.46875 0.5078125 0.4765625 0.484375 0.484375 
