% Invoked: ./gella -d -r 3 -l biased_r3/run14 >& biased_r3/run14.log
% Ministry of Cellular Automata
% Project Deux (CS523 Spring 2015)
% Version:v0.1-70-g0624-dirty
%  pop:50
%  ic count:100
%  CA Log option:biased_r3/run14
%  width:121
%  max workers:4
%  radius:3
%  iterations:300
%  use bias:true
%  generations:50

 generation 0.1.0.1.1.1.50.1.1.0.0.50.50.1.1.0.1.50.50.50.1.50.50.1.1.50.1.51.1.50.50.50.51.1.1.1.1.1.50.0.0.1.1.47.50.1.50.3.51.1.50.xover.mutate.done 50
 generation 1.51.51.51.50.50.50.50.50.50.50.1.40.0.1.1.33.50.1.1.50.50.1.1.41.1.50.0.9.1.50.50.0.50.39.50.50.50.3.1.1.1.0.6.50.32.51.39.1.4.50.xover.mutate.done 50
 generation 2.50.50.50.50.50.50.50.50.50.51.50.50.51.48.0.1.7.51.1.1.51.13.51.0.50.0.51.0.45.50.50.42.51.0.1.43.1.50.0.28.0.51.51.51.1.47.51.50.51.1.xover.mutate.done 50
 generation 3.52.52.52.52.52.52.52.52.52.52.50.27.0.52.52.2.2.2.52.44.0.50.2.50.2.2.50.52.2.50.50.0.2.2.46.2.50.2.50.2.2.50.2.52.52.2.50.2.2.31.xover.mutate.done 50
 generation 4.50.50.50.50.50.50.50.50.50.50.1.1.28.0.1.0.1.50.2.50.48.1.50.46.1.1.1.51.3.1.1.1.48.1.8.50.1.2.50.1.1.1.45.1.1.50.51.50.50.1.xover.mutate.done 50
 generation 5.51.51.52.52.52.52.52.52.52.52.1.12.52.3.3.9.3.7.3.13.52.1.2.52.3.52.1.3.51.3.7.51.1.3.52.3.52.52.50.46.5.3.3.3.50.50.3.2.3.2.xover.mutate.done 50
 generation 6.50.50.50.50.50.50.50.50.50.50.11.0.9.50.0.28.0.0.50.50.0.0.0.5.50.0.50.8.8.50.50.0.0.0.46.0.36.50.0.23.50.0.0.0.50.24.0.12.50.50.xover.mutate.done 50
 generation 7.50.50.50.50.50.50.50.50.50.50.2.50.50.29.2.50.50.2.50.29.50.2.50.50.2.11.2.50.50.50.3.50.2.33.2.2.50.2.50.50.50.2.50.43.50.2.50.2.50.50.xover.mutate.done 50
 generation 8.51.51.51.51.51.51.51.51.51.51.51.15.3.46.21.29.3.51.1.3.21.22.8.4.51.3.51.27.51.51.51.44.27.51.51.51.51.51.51.51.51.12.51.51.51.51.51.11.3.15.xover.mutate.done 50
 generation 9.50.50.50.50.50.50.50.50.50.50.50.1.50.1.1.50.1.50.50.50.26.50.50.0.1.50.36.50.50.50.18.50.50.42.50.50.0.45.25.50.0.1.0.14.16.50.1.50.50.15.xover.mutate.done 50
 generation 10.50.50.50.50.50.50.50.50.50.50.50.1.50.1.50.18.0.50.50.50.50.50.49.1.47.50.50.22.0.50.50.50.50.1.28.50.3.1.1.50.50.50.50.50.50.1.15.50.1.50.xover.mutate.done 50
 generation 11.52.52.52.52.52.52.52.52.52.52.52.52.31.52.43.52.3.3.52.52.52.27.52.3.3.52.52.24.3.52.52.52.52.52.1.52.52.3.3.3.52.52.52.17.52.52.50.52.6.52.xover.mutate.done 50
 generation 12.50.50.50.50.50.50.50.50.50.50.0.27.1.50.50.50.50.28.1.50.50.36.50.1.50.45.50.50.50.50.5.1.50.50.50.34.48.39.22.17.21.0.50.41.28.1.50.50.50.50.xover.mutate.done 50
 generation 13.51.51.51.51.51.51.51.51.51.51.38.51.51.30.50.40.1.51.51.51.51.51.1.50.51.51.51.51.51.51.1.51.14.1.1.51.51.44.51.40.1.51.51.51.51.51.51.51.48.51.xover.mutate.done 50
 generation 14.50.50.50.50.50.50.50.50.50.50.50.50.50.0.50.50.50.50.0.0.50.0.50.0.50.50.50.50.0.50.50.50.50.0.0.0.0.0.50.24.2.50.50.0.0.50.50.50.50.50.xover.mutate.done 50
 generation 15.52.52.52.52.52.52.52.52.52.52.2.52.14.52.52.2.31.8.2.52.50.2.52.52.52.11.52.2.52.52.52.52.50.34.2.2.2.52.52.52.52.52.52.40.52.9.11.52.52.52.xover.mutate.done 50
 generation 16.51.51.51.51.51.51.51.51.51.51.50.19.51.2.13.45.51.51.51.51.51.49.2.51.51.50.2.51.2.51.23.2.2.51.51.2.48.2.35.51.51.51.2.1.51.5.2.51.2.14.xover.mutate.done 50
 generation 17.51.51.51.51.51.51.51.51.51.51.51.51.1.2.2.51.7.2.2.13.47.51.51.51.51.51.51.20.26.1.51.51.51.51.51.51.51.51.51.51.2.51.13.51.51.51.51.51.51.2.xover.mutate.done 50
 generation 18.52.52.52.52.52.52.52.52.52.52.52.2.52.2.27.52.7.7.52.2.52.2.52.14.10.52.52.2.49.2.52.52.23.2.52.52.52.52.25.51.50.2.52.43.2.52.52.52.33.52.xover.mutate.done 50
 generation 19.50.50.50.50.50.50.50.50.50.50.50.50.28.40.49.1.50.50.20.50.50.19.50.7.50.1.42.50.50.32.1.50.50.50.50.50.50.32.50.1.1.50.50.50.50.50.50.0.1.42.xover.mutate.done 50
 generation 20.51.51.51.51.51.51.51.51.51.51.11.21.50.1.51.1.1.51.34.51.51.51.31.11.51.45.51.1.1.1.51.9.10.10.1.1.51.1.51.51.51.1.1.1.51.1.51.12.4.1.xover.mutate.done 50
 generation 21.52.52.52.52.52.52.52.52.52.52.52.52.9.52.52.52.52.52.9.52.4.52.52.52.52.52.4.52.4.4.2.52.4.51.4.52.52.52.52.52.52.11.2.4.2.52.52.4.51.52.xover.mutate.done 50
 generation 22.52.52.52.52.52.52.52.52.52.52.34.50.52.50.2.2.2.52.52.52.2.52.52.52.2.52.2.52.52.17.52.52.11.52.2.10.52.50.51.10.47.50.52.31.0.52.52.52.52.13.xover.mutate.done 50
 generation 23.50.50.50.50.50.50.50.50.50.50.50.0.50.0.0.49.50.50.0.50.50.50.50.0.44.50.50.50.0.50.6.14.50.50.0.0.0.9.50.50.50.37.50.50.50.50.50.50.0.50.xover.mutate.done 50
 generation 24.52.52.52.52.52.52.52.52.52.52.52.52.52.52.52.2.2.2.52.2.2.52.2.52.9.52.52.52.2.2.36.52.3.52.52.50.27.2.50.52.47.2.52.0.52.52.2.0.50.2.xover.mutate.done 50
 generation 25.51.51.51.51.51.51.51.51.51.51.1.48.1.50.51.50.1.0.1.51.1.1.51.51.42.50.50.0.50.51.14.51.1.51.51.51.51.51.1.51.1.51.51.51.51.51.51.51.51.51.xover.mutate.done 50
 generation 26.52.52.52.52.52.52.52.52.52.52.5.52.5.5.46.52.52.38.3.33.2.45.5.5.52.52.52.52.50.50.2.52.52.52.5.52.52.61.52.5.52.52.5.52.5.44.52.3.5.5.xover.mutate.done 50
 generation 27.50.52.52.52.52.52.52.52.52.52.52.52.3.51.52.43.53.52.52.52.3.52.52.52.3.52.2.52.52.3.3.3.52.52.3.3.52.52.3.3.31.50.52.3.50.52.50.52.37.52.xover.mutate.done 50
 generation 28.62.52.52.52.52.52.52.52.52.52.2.52.52.2.2.52.48.52.52.52.2.52.52.61.52.45.52.2.52.11.52.52.52.52.52.52.2.52.52.52.50.52.52.55.37.52.52.52.54.52.xover.mutate.done 50
 generation 29.55.55.51.51.51.51.51.51.51.51.51.51.51.50.26.51.51.17.5.1.1.51.51.12.51.41.51.51.50.51.1.1.54.51.1.50.51.28.51.1.1.1.51.4.17.50.51.51.51.51.xover.mutate.done 50
 generation 30.63.59.60.55.49.52.52.52.52.52.52.52.4.4.39.52.4.4.9.52.2.4.2.2.51.41.2.52.4.52.52.4.52.50.2.23.4.4.41.4.2.4.4.4.4.4.20.21.17.52.xover.mutate.done 50
 generation 31.48.52.52.42.50.50.50.50.50.50.50.50.11.0.50.50.50.84.0.50.46.50.50.10.50.13.4.50.50.50.0.0.0.0.40.0.50.2.2.7.9.50.50.0.50.0.50.2.0.44.xover.mutate.done 50
 generation 32.88.59.60.50.50.50.50.50.50.50.2.45.50.50.2.50.50.10.50.12.11.12.2.17.50.6.2.50.50.9.39.2.37.50.26.38.3.18.16.50.2.38.21.50.50.43.2.2.50.2.xover.mutate.done 50
 generation 33.77.59.57.50.50.50.50.50.50.50.50.50.0.50.7.0.50.48.17.0.50.31.0.0.13.34.0.50.0.49.41.0.0.30.50.0.0.50.47.0.0.50.50.0.0.49.0.50.7.48.xover.mutate.done 50
 generation 34.80.59.56.51.51.51.51.51.51.51.51.2.24.45.51.51.1.62.1.51.51.51.51.37.5.1.2.2.2.50.51.51.51.2.2.17.2.48.32.9.50.51.1.1.1.50.47.2.2.16.xover.mutate.done 50
 generation 35.87.59.55.55.52.52.52.52.52.52.31.52.52.4.59.2.52.2.52.52.3.52.48.3.4.3.47.52.52.3.52.4.52.2.50.44.52.3.50.52.4.52.43.52.50.52.46.52.52.50.xover.mutate.done 50
 generation 36.83.56.64.54.54.51.51.51.51.51.9.3.51.50.80.51.3.47.51.4.51.51.23.51.50.1.23.51.51.51.49.38.51.21.51.12.51.32.3.3.8.51.51.3.11.51.50.43.1.11.xover.mutate.done 50
 generation 37.86.79.53.59.56.56.52.52.52.52.52.29.0.50.52.52.52.2.2.2.47.52.2.2.52.47.52.40.7.52.21.52.52.21.2.2.52.52.2.52.20.47.2.52.26.2.2.81.51.22.xover.mutate.done 50
 generation 38.78.75.73.57.56.56.50.50.50.50.1.50.57.42.50.0.50.1.50.46.50.47.7.1.1.50.1.50.50.50.50.50.50.50.1.1.30.10.1.0.1.50.50.50.50.1.73.53.50.1.xover.mutate.done 50
 generation 39.84.81.80.80.59.58.61.57.58.52.9.50.0.4.50.8.50.50.50.0.50.50.17.3.0.46.46.50.7.50.40.50.44.46.39.8.50.43.0.50.80.50.50.82.50.8.50.50.50.0.xover.mutate.done 50
 generation 40.87.87.83.82.82.82.61.63.64.64.2.50.4.60.4.50.50.4.4.40.82.19.2.24.52.52.53.4.2.2.50.52.52.51.52.50.48.4.4.52.57.2.59.49.50.50.12.19.87.46.xover.mutate.done 50
 generation 41.89.82.82.78.78.78.78.78.59.51.50.42.0.0.48.48.7.5.50.76.27.10.34.62.0.50.50.44.77.21.50.50.75.0.59.13.33.50.44.77.0.1.43.82.72.56.0.0.78.31.xover.mutate.done 50
 generation 42.90.85.85.84.81.81.81.81.81.85.52.50.38.2.16.52.50.4.35.19.62.68.50.68.89.46.4.2.39.55.57.12.37.41.50.29.52.4.37.33.58.63.20.52.63.17.76.52.50.86.xover.mutate.done 50
 generation 43.80.83.72.77.77.76.77.74.73.73.72.65.38.2.50.61.69.71.50.50.50.43.74.2.59.42.84.71.2.74.43.50.33.70.50.50.50.48.2.41.50.2.73.59.48.50.50.57.73.76.xover.mutate.done 50
 generation 44.84.85.76.76.76.76.73.86.75.71.39.43.20.30.42.1.86.42.75.64.48.51.50.50.74.1.22.51.14.1.82.49.50.25.32.33.74.47.35.50.47.45.45.20.12.47.58.35.74.48.xover.mutate.done 50
 generation 45.82.88.90.88.85.80.80.80.80.78.33.0.14.78.54.13.0.0.74.40.36.80.86.3.8.0.17.0.50.73.0.3.50.58.37.77.73.76.0.75.18.11.4.11.79.48.42.82.33.0.xover.mutate.done 50
 generation 46.90.91.91.89.89.83.87.83.80.80.91.0.9.8.8.15.28.24.30.1.1.34.1.1.73.5.14.48.77.64.78.74.1.51.40.1.8.9.29.1.89.50.46.1.91.12.49.40.10.84.xover.mutate.done 50
 generation 47.90.88.90.90.89.90.87.91.85.83.40.2.49.2.85.90.50.82.2.90.41.8.49.23.85.77.45.80.77.50.61.50.41.37.50.12.18.85.15.27.50.50.89.54.84.88.2.45.39.2.xover.mutate.done 50
 generation 48.94.97.97.97.94.97.94.91.91.95.51.97.45.2.51.96.96.2.2.49.93.89.2.60.67.48.51.53.2.42.2.87.72.46.62.2.91.58.46.58.2.2.45.50.48.2.58.51.23.50.xover.mutate.done 50
 generation 49.87.87.87.87.87.87.87.81.88.87.43.85.41.15.82.8.20.0.47.0.57.47.5.0.28.7.50.45.34.50.16.47.8.38.47.54.0.9.72.82.50.0.69.7.85.40.27.47.54.26.xover.mutate.done 50
 22681349 iters     682465 iter/sec (33.23 s)
 total time: 33.23
