50 50 50 50 50 50 50 43 42 40 1 1 1 1 1 1 1 1 1 1 1 1 1 1 1 1 1 1 1 1 1 1 1 1 1 1 1 1 1 0 0 0 0 0 0 0 0 0 0 0 
50 50 50 50 50 50 50 50 50 50 50 50 50 50 50 50 50 50 48 44 42 42 35 7 7 0 0 0 0 0 0 0 0 0 0 0 0 0 0 0 0 0 0 0 0 0 0 0 0 0 
50 50 50 50 50 50 50 50 50 50 50 50 50 50 50 50 50 50 50 50 50 50 50 50 50 50 50 50 23 23 14 13 5 2 2 2 2 2 2 2 2 2 2 2 2 2 2 2 2 2 
51 51 51 51 51 50 50 50 50 50 50 50 50 50 50 50 50 50 50 50 50 50 50 50 30 27 21 17 15 13 8 3 3 3 3 3 2 2 2 2 2 2 2 2 2 2 2 2 1 1 
52 52 52 52 52 52 52 52 52 50 50 50 50 50 50 50 50 50 50 50 50 50 50 50 50 50 50 50 19 19 14 3 3 3 3 3 3 3 3 3 2 1 1 1 1 1 1 1 1 1 
68 67 52 52 50 50 50 50 50 50 50 50 50 50 50 50 50 50 50 50 50 50 50 50 50 50 50 50 43 42 13 12 2 2 2 2 2 2 2 2 2 2 2 2 2 2 0 0 0 0 
57 57 54 54 54 54 54 54 54 54 54 54 54 54 53 53 51 51 50 50 50 50 26 15 6 5 5 5 5 5 5 5 5 5 5 5 5 5 4 4 4 4 1 1 1 1 1 1 1 1 
58 57 51 51 51 51 51 51 51 51 51 51 51 51 51 51 51 51 50 50 50 50 30 24 24 23 13 12 2 2 1 1 1 1 1 1 1 1 1 1 1 1 1 1 0 0 0 0 0 0 
61 60 59 50 50 50 50 50 50 50 50 50 50 50 50 50 50 50 50 50 50 50 50 20 18 13 2 2 2 2 2 2 2 2 2 2 2 2 2 2 2 2 2 2 2 2 2 2 0 0 
58 58 56 56 56 52 51 51 51 51 51 51 51 51 51 51 51 51 51 51 51 51 51 51 51 51 51 50 22 14 1 1 1 1 1 1 1 1 1 1 1 1 1 0 0 0 0 0 0 0 
55 54 52 52 52 52 50 50 50 50 50 50 50 50 50 50 50 50 50 50 50 50 46 46 7 7 6 4 4 4 4 4 4 4 4 4 4 4 4 4 4 4 4 4 0 0 0 0 0 0 
68 67 66 66 66 65 64 63 63 63 60 59 59 58 58 54 50 50 50 50 50 50 50 22 20 20 12 4 2 2 2 2 2 2 2 2 2 2 2 2 2 2 2 2 2 2 2 0 0 0 
68 68 64 63 62 61 59 58 58 58 56 54 54 50 50 50 48 35 27 24 8 6 5 0 0 0 0 0 0 0 0 0 0 0 0 0 0 0 0 0 0 0 0 0 0 0 0 0 0 0 
67 66 66 65 59 58 58 58 58 58 58 56 52 50 50 49 36 33 18 18 14 8 7 6 6 6 5 5 5 1 1 1 1 1 1 1 1 1 1 1 1 1 1 1 0 0 0 0 0 0 
57 57 56 56 55 53 52 52 52 52 50 48 47 46 43 39 39 18 16 16 9 7 6 2 2 1 0 0 0 0 0 0 0 0 0 0 0 0 0 0 0 0 0 0 0 0 0 0 0 0 
70 67 65 65 65 64 64 63 62 61 60 60 60 59 59 59 58 56 33 18 10 8 7 4 2 2 2 2 2 2 2 2 2 2 2 2 2 2 2 2 2 2 2 2 1 1 1 1 1 1 
67 65 64 62 62 62 60 59 58 55 53 53 53 50 49 47 46 46 44 43 43 42 34 22 19 14 11 4 4 3 2 1 1 1 1 1 1 1 1 1 1 1 1 1 1 1 1 1 0 0 
77 75 73 71 70 70 70 69 67 67 66 64 62 62 59 59 49 45 45 36 32 16 5 4 4 2 2 2 2 2 2 2 2 2 2 2 2 2 2 2 2 2 2 2 2 2 2 2 2 2 
70 69 67 61 56 56 55 55 55 54 53 52 51 49 47 47 46 46 40 36 16 8 5 3 3 2 1 1 1 1 1 1 1 1 1 1 1 1 1 1 1 1 1 1 1 0 0 0 0 0 
75 73 71 66 66 65 65 64 63 60 60 56 54 50 50 50 49 46 45 40 38 37 28 27 20 19 4 4 1 1 1 1 1 1 1 1 1 1 1 1 1 1 1 1 1 1 1 1 1 1 
70 66 65 64 63 62 62 61 61 59 59 59 56 54 50 44 41 40 34 25 22 10 9 9 7 6 6 1 1 1 1 1 1 1 1 1 1 1 1 1 1 1 1 1 1 0 0 0 0 0 
63 60 60 60 58 57 56 56 55 55 54 54 52 52 51 48 46 46 33 32 32 22 16 16 14 12 11 11 6 4 4 4 2 2 2 2 2 2 2 2 2 2 2 2 2 2 2 2 2 2 
74 71 69 69 68 66 65 64 63 62 62 61 61 61 61 60 59 59 55 54 53 52 50 49 47 46 42 28 25 23 19 16 11 8 5 5 3 3 2 2 2 2 2 2 2 2 2 2 2 1 
73 73 71 71 70 69 69 67 67 67 64 62 61 61 57 57 55 51 50 48 48 45 45 37 28 17 8 5 4 4 4 4 3 2 2 1 0 0 0 0 0 0 0 0 0 0 0 0 0 0 
76 74 73 73 72 71 71 70 69 67 66 66 66 63 61 59 58 53 53 53 51 47 43 41 36 27 26 11 10 4 4 1 1 1 0 0 0 0 0 0 0 0 0 0 0 0 0 0 0 0 
73 69 68 68 67 66 66 64 62 62 61 61 58 57 57 52 52 52 51 45 32 26 19 9 5 5 1 1 1 1 1 1 1 1 1 1 1 1 1 1 1 1 1 1 1 1 1 1 0 0 
66 65 64 64 64 63 62 60 60 60 58 55 53 49 48 45 37 37 21 17 12 6 5 4 4 3 3 1 1 1 1 1 1 1 1 1 1 1 1 1 1 1 1 1 1 1 0 0 0 0 
67 61 60 60 60 59 59 58 58 58 57 56 56 55 55 53 53 50 47 47 46 43 43 38 32 32 29 22 7 7 2 2 2 2 2 2 2 2 2 2 2 2 2 2 2 2 2 2 2 0 
71 70 69 69 68 68 68 67 67 66 66 66 66 66 65 65 63 63 63 63 61 61 57 57 54 52 49 49 48 48 32 6 5 1 1 1 1 1 1 1 1 1 1 1 1 0 0 0 0 0 
67 65 64 63 63 63 62 62 61 59 59 59 58 58 58 58 57 56 55 55 55 55 52 52 52 51 51 49 46 44 36 24 23 3 3 3 2 2 1 1 1 1 1 1 1 1 1 1 0 0 
65 64 63 63 62 61 61 61 60 60 60 59 59 59 58 57 57 56 56 54 54 46 46 44 38 38 30 26 8 4 3 3 3 3 3 3 3 3 3 3 3 3 3 2 2 2 1 1 1 1 
73 71 69 68 67 67 67 66 65 65 64 63 63 56 56 54 51 48 41 41 34 24 23 21 12 8 5 4 4 3 1 1 1 1 1 1 1 1 1 1 1 1 1 1 1 1 1 1 0 0 
74 71 71 70 69 69 67 66 66 66 66 65 63 63 63 63 62 61 59 59 56 56 54 54 54 53 50 49 47 46 43 29 28 19 7 7 4 4 3 3 3 3 2 2 2 2 2 2 0 0 
75 74 73 71 71 71 70 70 69 69 68 68 66 66 64 64 63 61 60 56 54 54 51 49 40 33 31 15 10 8 8 8 7 7 7 7 7 7 7 7 2 2 2 2 2 2 2 2 2 2 
70 69 68 68 66 66 65 64 64 64 63 63 63 62 61 60 60 59 59 58 57 54 53 50 47 44 30 7 5 5 4 4 4 4 4 3 2 1 1 1 1 1 1 1 1 1 1 1 1 1 
77 74 73 73 68 68 67 67 67 66 66 66 65 65 65 64 63 61 60 60 59 54 52 52 51 51 46 35 17 8 7 6 6 6 6 6 6 6 2 2 2 2 2 2 1 1 1 1 1 1 
74 72 71 70 69 68 68 67 65 63 62 62 61 60 59 56 53 45 40 32 30 29 28 26 25 24 13 12 12 11 10 10 7 6 6 6 6 2 2 2 2 2 2 2 2 2 2 0 0 0 
77 75 75 73 72 70 70 69 66 62 56 52 48 39 38 32 19 11 9 8 7 7 6 6 5 5 5 5 5 5 0 0 0 0 0 0 0 0 0 0 0 0 0 0 0 0 0 0 0 0 
72 71 68 67 65 64 63 61 61 60 59 57 57 57 56 52 45 33 24 21 17 5 4 4 3 3 3 3 3 3 3 3 3 0 0 0 0 0 0 0 0 0 0 0 0 0 0 0 0 0 
74 69 69 66 66 65 64 62 62 61 59 49 32 26 16 14 3 2 2 2 2 2 2 1 1 1 1 1 1 1 1 0 0 0 0 0 0 0 0 0 0 0 0 0 0 0 0 0 0 0 
73 73 70 69 69 68 68 67 65 64 57 55 51 50 40 37 36 33 25 21 15 12 12 11 11 10 10 10 8 0 0 0 0 0 0 0 0 0 0 0 0 0 0 0 0 0 0 0 0 0 
79 79 77 76 74 74 73 72 72 71 71 63 62 56 54 48 43 34 21 17 11 10 9 8 8 8 8 7 7 7 7 4 4 4 4 4 4 4 4 4 4 4 2 2 2 2 2 2 2 2 
78 77 75 74 70 70 68 67 66 65 64 61 57 56 38 37 15 14 6 6 6 6 6 6 6 6 5 2 2 2 2 2 2 2 2 2 2 2 2 2 2 2 0 0 0 0 0 0 0 0 
71 69 68 61 61 60 60 59 58 57 56 52 52 45 39 37 33 31 22 9 9 8 6 6 6 6 6 6 3 3 3 3 3 3 3 3 3 3 3 3 3 3 3 3 3 3 0 0 0 0 
79 74 74 74 73 72 72 71 70 70 69 68 67 67 67 62 57 55 53 52 49 48 46 45 36 17 11 10 9 8 8 8 7 7 7 5 3 3 3 3 3 3 3 3 3 3 2 2 1 1 
73 70 67 65 65 65 64 64 63 58 55 51 44 42 42 40 36 36 21 15 14 12 10 7 6 6 6 6 6 6 6 6 6 4 2 2 2 2 2 2 2 2 1 1 1 1 1 1 1 1 
76 74 73 71 69 68 67 65 64 64 59 56 55 51 47 38 37 37 36 36 33 30 26 13 10 9 6 6 6 6 6 6 6 2 2 2 2 2 2 2 2 2 2 2 2 2 2 0 0 0 
80 77 75 74 73 73 72 72 71 67 67 65 64 63 61 60 58 56 53 52 41 32 25 22 20 12 10 9 8 7 7 7 7 5 5 5 3 3 3 3 3 3 3 3 2 2 2 2 1 1 
71 71 69 66 66 66 66 66 65 64 63 63 62 52 45 44 37 32 28 19 17 13 12 7 7 7 6 5 5 5 2 1 1 1 1 1 1 1 1 1 1 1 1 1 1 1 1 0 0 0 
73 72 71 67 65 65 64 60 59 59 52 42 42 41 35 35 33 26 25 17 10 6 6 6 6 6 5 5 5 5 5 5 2 2 2 2 2 2 2 2 2 2 2 2 2 2 2 2 2 0 
