0.8359375 0.859375 0.4296875 0.3828125 0.2578125 0.984375 0.3046875 0.7265625 0.1484375 0.96875 
0.984375 0.1484375 0.96875 0.859375 0.8828125 0.015625 0.0078125 0.015625 0.0234375 0.03125 
0.828125 0.984375 0.1484375 0.96875 0.859375 0.8828125 0.015625 0.0078125 0.015625 0.0234375 
0.828125 0.3046875 0.34375 0.40625 0.7421875 0.2890625 0.984375 0.1484375 0.96875 0.859375 
0.828125 0.3046875 0.34375 0.40625 0.265625 0.21875 0.7421875 0.984375 0.1484375 0.96875 
0.828125 0.7421875 0.796875 0.859375 0.7265625 0.3046875 0.34375 0.40625 0.265625 0.21875 
0.9375 0.828125 0.8515625 0.3046875 0.34375 0.40625 0.265625 0.21875 0.328125 0.3125 
0.9375 0.828125 0.8515625 0.8515625 0.359375 0.3046875 0.34375 0.40625 0.265625 0.21875 
0.828125 0.8515625 0.8515625 0.9375 0.359375 0.3046875 0.34375 0.40625 0.265625 0.21875 
0.9375 0.859375 0.828125 0.8515625 0.8515625 0.8515625 0.71875 0.359375 0.3046875 0.34375 
0.828125 0.859375 0.8515625 0.8515625 0.8515625 0.9375 0.359375 0.3046875 0.34375 0.3203125 
0.9375 0.828125 0.859375 0.8515625 0.8515625 0.8515625 0.3046875 0.34375 0.3203125 0.7734375 
0.859375 0.8515625 0.8515625 0.8515625 0.9375 0.828125 0.7734375 0.6328125 0.3046875 0.34375 
0.875 0.859375 0.8515625 0.8515625 0.8515625 0.9375 0.8984375 0.84375 0.859375 0.828125 
0.828125 0.84375 0.8515625 0.8515625 0.8515625 0.859375 0.875 0.859375 0.9375 0.8984375 
0.875 0.9375 0.84375 0.8515625 0.8515625 0.8515625 0.828125 0.859375 0.859375 0.84375 
0.8125 0.875 0.765625 0.9375 0.828125 0.859375 0.84375 0.8515625 0.8515625 0.8515625 
0.8046875 0.8125 0.875 0.765625 0.828125 0.84375 0.9375 0.8984375 0.828125 0.8046875 
0.8203125 0.8046875 0.828125 0.828125 0.8125 0.875 0.796875 0.84375 0.8515625 0.8125 
0.8125 0.75 0.8203125 0.8125 0.828125 0.828125 0.8046875 0.828125 0.796875 0.84375 
0.8203125 0.75 0.8125 0.828125 0.828125 0.8046875 0.828125 0.796875 0.84375 0.78125 
0.75 0.8125 0.828125 0.828125 0.8203125 0.796875 0.84375 0.8046875 0.828125 0.75 
0.75 0.8125 0.78125 0.75 0.828125 0.8203125 0.828125 0.8046875 0.796875 0.7890625 
0.75 0.78125 0.8203125 0.75 0.8125 0.8046875 0.828125 0.828125 0.796875 0.78125 
0.75 0.7734375 0.78125 0.828125 0.8203125 0.8046875 0.796875 0.6484375 0.8125 0.828125 
0.75 0.8203125 0.78125 0.8125 0.828125 0.7734375 0.828125 0.8046875 0.7578125 0.796875 
0.75 0.78125 0.7578125 0.8125 0.7734375 0.828125 0.8203125 0.8046875 0.796875 0.828125 
0.75 0.8203125 0.7578125 0.8125 0.7578125 0.7578125 0.78125 0.828125 0.828125 0.7734375 
0.78125 0.8125 0.75 0.7734375 0.7578125 0.7578125 0.7578125 0.828125 0.8203125 0.828125 
0.75 0.78125 0.8203125 0.7734375 0.8125 0.828125 0.7578125 0.7578125 0.7578125 0.828125 
0.75 0.78125 0.7734375 0.78125 0.7578125 0.7578125 0.7578125 0.8203125 0.640625 0.7109375 
0.78125 0.78125 0.78125 0.78125 0.7578125 0.7578125 0.7578125 0.640625 0.8203125 0.75 
0.703125 0.75 0.78125 0.78125 0.78125 0.78125 0.8203125 0.7578125 0.7578125 0.7578125 
0.703125 0.7578125 0.8125 0.75 0.78125 0.78125 0.78125 0.78125 0.8203125 0.7578125 
0.75 0.78125 0.78125 0.78125 0.78125 0.703125 0.7578125 0.8203125 0.8125 0.7578125 
0.75 0.78125 0.78125 0.78125 0.78125 0.8125 0.78125 0.703125 0.8203125 0.7578125 
0.75 0.78125 0.78125 0.78125 0.78125 0.78125 0.8203125 0.703125 0.8125 0.7578125 
0.75 0.78125 0.78125 0.78125 0.78125 0.78125 0.78125 0.8203125 0.8125 0.7578125 
0.75 0.7578125 0.78125 0.78125 0.78125 0.78125 0.78125 0.78125 0.7734375 0.8203125 
0.75 0.78125 0.78125 0.78125 0.78125 0.78125 0.78125 0.78125 0.7734375 0.7734375 
0.7734375 0.78125 0.78125 0.78125 0.78125 0.78125 0.78125 0.78125 0.78125 0.78125 
0.78125 0.78125 0.78125 0.78125 0.78125 0.78125 0.78125 0.78125 0.78125 0.7734375 
0.78125 0.78125 0.78125 0.78125 0.78125 0.78125 0.78125 0.78125 0.78125 0.7734375 
0.78125 0.78125 0.78125 0.78125 0.78125 0.78125 0.78125 0.78125 0.78125 0.78125 
0.78125 0.78125 0.78125 0.78125 0.78125 0.78125 0.78125 0.78125 0.78125 0.78125 
0.7734375 0.78125 0.78125 0.78125 0.78125 0.78125 0.78125 0.78125 0.78125 0.78125 
0.78125 0.78125 0.78125 0.78125 0.78125 0.78125 0.78125 0.78125 0.78125 0.7421875 
0.7578125 0.71875 0.78125 0.7421875 0.78125 0.78125 0.78125 0.78125 0.78125 0.78125 
0.78125 0.71875 0.78125 0.78125 0.78125 0.78125 0.78125 0.78125 0.78125 0.78125 
0.78125 0.78125 0.78125 0.78125 0.78125 0.78125 0.78125 0.78125 0.78125 0.78125 
