0.203125 0.625 0.9765625 0.203125 0.2890625 0.5546875 0.4921875 0.21875 0.0703125 0.6953125 
0.0390625 0.9765625 0.0703125 0.9921875 0.0390625 0.90625 0.8125 0.8125 0.5546875 0.796875 
0.0390625 0.0703125 0.0625 0.9765625 0.0703125 0.9921875 0.0390625 0.90625 0.8125 0.8125 
0.0390625 0.0703125 0.0625 0.09375 0.9765625 0.0703125 0.9921875 0.0390625 0.90625 0.8125 
0.0390625 0.0703125 0.0625 0.09375 0.1796875 0.9765625 0.0703125 0.9921875 0.0390625 0.90625 
0.0390625 0.0703125 0.0625 0.09375 0.1796875 0.9765625 0.0703125 0.9921875 0.0390625 0.90625 
0.0390625 0.0703125 0.0625 0.09375 0.1796875 0.765625 0.6171875 0.140625 0.1328125 0.9765625 
0.0390625 0.0703125 0.0625 0.09375 0.1796875 0.765625 0.6171875 0.140625 0.1328125 0.9765625 
0.0390625 0.0703125 0.0625 0.09375 0.1796875 0.765625 0.6171875 0.140625 0.1328125 0.09375 
0.0390625 0.0703125 0.0625 0.09375 0.1796875 0.765625 0.6171875 0.140625 0.1328125 0.09375 
0.0390625 0.0703125 0.0625 0.09375 0.1796875 0.765625 0.6171875 0.140625 0.1328125 0.09375 
0.765625 0.6171875 0.0390625 0.0703125 0.0625 0.09375 0.1796875 0.140625 0.1328125 0.09375 
0.765625 0.6171875 0.65625 0.0390625 0.0703125 0.0625 0.09375 0.1796875 0.140625 0.1328125 
0.3515625 0.765625 0.6171875 0.65625 0.0390625 0.0703125 0.0625 0.09375 0.1796875 0.140625 
0.3515625 0.0390625 0.0703125 0.0625 0.09375 0.1796875 0.140625 0.125 0.265625 0.21875 
0.3515625 0.3515625 0.34375 0.0390625 0.0703125 0.0625 0.09375 0.1796875 0.140625 0.125 
0.3515625 0.3515625 0.34375 0.0390625 0.0703125 0.0625 0.09375 0.1796875 0.140625 0.125 
0.3515625 0.34375 0.3515625 0.34375 0.2890625 0.0390625 0.0703125 0.0625 0.09375 0.1796875 
0.3515625 0.34375 0.3515625 0.3828125 0.3515625 0.3515625 0.34375 0.2890625 0.3828125 0.0390625 
0.3515625 0.3515625 0.34375 0.3515625 0.34375 0.3515625 0.3515625 0.390625 0.3359375 0.3828125 
0.3515625 0.3515625 0.34375 0.359375 0.3515625 0.3515625 0.34375 0.3515625 0.3515625 0.390625 
0.359375 0.390625 0.3515625 0.3515625 0.34375 0.3515625 0.359375 0.3984375 0.3515625 0.34375 
0.359375 0.3515625 0.3515625 0.34375 0.3515625 0.359375 0.3515625 0.3671875 0.359375 0.359375 
0.3515625 0.34375 0.359375 0.34375 0.3515625 0.3515625 0.359375 0.3515625 0.3671875 0.359375 
0.3515625 0.34375 0.34375 0.3515625 0.3515625 0.3515625 0.359375 0.359375 0.359375 0.3671875 
0.34375 0.3515625 0.34375 0.3515625 0.3515625 0.3515625 0.359375 0.359375 0.359375 0.3671875 
0.34375 0.3515625 0.34375 0.3515625 0.3515625 0.3515625 0.359375 0.359375 0.359375 0.3671875 
0.34375 0.3515625 0.34375 0.3515625 0.3515625 0.3515625 0.359375 0.359375 0.3671875 0.359375 
0.3515625 0.34375 0.3515625 0.3515625 0.3515625 0.359375 0.359375 0.3671875 0.359375 0.3828125 
0.3515625 0.34375 0.3515625 0.3515625 0.3515625 0.359375 0.359375 0.3671875 0.359375 0.3671875 
0.3515625 0.34375 0.3515625 0.3515625 0.3515625 0.359375 0.359375 0.3671875 0.359375 0.3671875 
0.3515625 0.34375 0.3515625 0.3515625 0.3515625 0.359375 0.359375 0.359375 0.390625 0.359375 
0.3515625 0.34375 0.3515625 0.3515625 0.3515625 0.359375 0.359375 0.359375 0.3515625 0.359375 
0.3671875 0.359375 0.359375 0.359375 0.3515625 0.34375 0.3515625 0.3515625 0.3515625 0.359375 
0.3515625 0.390625 0.34375 0.3515625 0.3515625 0.3515625 0.359375 0.34375 0.375 0.3828125 
0.34375 0.375 0.3515625 0.390625 0.34375 0.3515625 0.3515625 0.3515625 0.359375 0.3828125 
0.375 0.34375 0.3515625 0.3515625 0.3515625 0.359375 0.3515625 0.3671875 0.34375 0.3515625 
0.34375 0.3515625 0.3515625 0.3515625 0.359375 0.3515625 0.34375 0.3515625 0.3984375 0.375 
0.3515625 0.34375 0.3515625 0.3515625 0.3515625 0.359375 0.3515625 0.34375 0.3984375 0.3515625 
0.3515625 0.34375 0.3515625 0.3515625 0.3515625 0.359375 0.3515625 0.34375 0.3515625 0.3515625 
0.3515625 0.34375 0.3515625 0.3515625 0.3515625 0.359375 0.3515625 0.34375 0.3515625 0.3515625 
0.3515625 0.34375 0.3515625 0.3515625 0.3515625 0.359375 0.3515625 0.34375 0.3515625 0.3515625 
0.3515625 0.3671875 0.34375 0.3515625 0.34375 0.3515625 0.3515625 0.3515625 0.359375 0.3515625 
0.3515625 0.3671875 0.34375 0.3515625 0.34375 0.3515625 0.3515625 0.3515625 0.3515625 0.3515625 
0.3515625 0.3671875 0.34375 0.3515625 0.34375 0.3515625 0.3515625 0.3515625 0.3515625 0.3515625 
0.3515625 0.3671875 0.3515625 0.34375 0.3515625 0.3515625 0.40625 0.3828125 0.375 0.34375 
0.3828125 0.3515625 0.3671875 0.3515625 0.34375 0.3515625 0.3515625 0.375 0.34375 0.3515625 
0.34375 0.3515625 0.375 0.34375 0.3984375 0.34375 0.3515625 0.3671875 0.3515625 0.3515625 
0.34375 0.3515625 0.375 0.34375 0.34375 0.4296875 0.375 0.3515625 0.3671875 0.3515625 
0.3984375 0.34375 0.3515625 0.375 0.34375 0.34375 0.4296875 0.375 0.3515625 0.3671875 
