0.4140625 1.0 0.6484375 0.296875 0.265625 0.578125 0.2421875 0.8828125 0.6875 0.3046875 
1.0 0.8828125 0.8359375 0.1640625 0.0390625 0.859375 0.0859375 0.3203125 0.921875 0.6484375 
0.8515625 0.6953125 0.8828125 1.0 0.8828125 0.8359375 0.1640625 0.0390625 0.859375 0.0859375 
0.8515625 0.203125 0.6953125 0.8828125 1.0 0.8828125 0.8359375 0.1640625 0.0390625 0.859375 
0.8515625 0.203125 0.375 0.6953125 0.8828125 1.0 0.8828125 0.8359375 0.1640625 0.0390625 
0.8515625 0.203125 0.375 0.234375 0.6953125 0.8828125 1.0 0.8828125 0.8359375 0.1640625 
0.8515625 0.203125 0.375 0.234375 0.6953125 0.8828125 1.0 0.8828125 0.8359375 0.1640625 
0.8515625 0.203125 0.375 0.234375 0.6953125 0.8828125 0.203125 0.640625 0.78125 0.2734375 
0.8515625 0.6953125 0.8828125 0.640625 0.78125 0.7578125 0.703125 0.7265625 0.203125 0.375 
0.828125 0.8515625 0.6953125 0.8828125 0.640625 0.78125 0.7578125 0.703125 0.7265625 0.203125 
0.828125 0.8515625 0.203125 0.265625 0.203125 0.2890625 0.3203125 0.6953125 0.8828125 0.640625 
0.8515625 0.828125 0.203125 0.265625 0.203125 0.2890625 0.3203125 0.3828125 0.3671875 0.265625 
0.8515625 0.828125 0.203125 0.265625 0.203125 0.2890625 0.3203125 0.3828125 0.3671875 0.265625 
0.8515625 0.828125 0.75 0.78125 0.203125 0.265625 0.203125 0.2890625 0.3203125 0.3828125 
0.8515625 0.828125 0.203125 0.265625 0.203125 0.2890625 0.3203125 0.3828125 0.296875 0.2265625 
0.8515625 0.828125 0.203125 0.265625 0.203125 0.2890625 0.3203125 0.3828125 0.296875 0.2265625 
0.8515625 0.203125 0.265625 0.203125 0.2890625 0.3203125 0.3828125 0.296875 0.2265625 0.2578125 
0.8515625 0.203125 0.265625 0.203125 0.2890625 0.3203125 0.3828125 0.296875 0.2265625 0.2578125 
0.8515625 0.84375 0.203125 0.265625 0.203125 0.2890625 0.3203125 0.3828125 0.296875 0.2265625 
0.8515625 0.84375 0.203125 0.265625 0.203125 0.2890625 0.3203125 0.3828125 0.296875 0.2265625 
0.8515625 0.84375 0.203125 0.265625 0.203125 0.2890625 0.3203125 0.3828125 0.296875 0.2265625 
0.8515625 0.84375 0.203125 0.265625 0.203125 0.2890625 0.3203125 0.3828125 0.296875 0.2265625 
0.8515625 0.84375 0.203125 0.265625 0.203125 0.2890625 0.3203125 0.3828125 0.296875 0.2265625 
0.8515625 0.84375 0.203125 0.265625 0.203125 0.2890625 0.3203125 0.3828125 0.296875 0.2265625 
0.8515625 0.84375 0.203125 0.265625 0.203125 0.2890625 0.3203125 0.3828125 0.296875 0.2265625 
0.8515625 0.84375 0.203125 0.265625 0.203125 0.2890625 0.3203125 0.3828125 0.296875 0.2265625 
0.84375 0.8515625 0.84375 0.203125 0.265625 0.203125 0.2890625 0.3203125 0.3828125 0.296875 
0.84375 0.8515625 0.84375 0.203125 0.265625 0.203125 0.2890625 0.3203125 0.3828125 0.296875 
0.84375 0.8515625 0.84375 0.8359375 0.703125 0.203125 0.265625 0.203125 0.2890625 0.3203125 
0.84375 0.84375 0.8359375 0.84375 0.8515625 0.203125 0.265625 0.203125 0.2890625 0.3203125 
0.84375 0.84375 0.8359375 0.84375 0.8515625 0.203125 0.265625 0.203125 0.2890625 0.3203125 
0.84375 0.8515625 0.84375 0.8359375 0.84375 0.203125 0.265625 0.203125 0.2890625 0.3203125 
0.84375 0.84375 0.84375 0.84375 0.8359375 0.8515625 0.203125 0.265625 0.203125 0.2890625 
0.84375 0.8515625 0.84375 0.84375 0.84375 0.8359375 0.203125 0.265625 0.203125 0.2890625 
0.84375 0.8515625 0.84375 0.84375 0.84375 0.8359375 0.7734375 0.828125 0.203125 0.265625 
0.84375 0.84375 0.84375 0.84375 0.8515625 0.8359375 0.7734375 0.7578125 0.203125 0.265625 
0.84375 0.7578125 0.84375 0.84375 0.84375 0.8515625 0.8359375 0.7734375 0.203125 0.265625 
0.84375 0.8515625 0.78125 0.7734375 0.84375 0.84375 0.84375 0.8359375 0.8359375 0.78125 
0.84375 0.8125 0.8515625 0.7578125 0.84375 0.84375 0.84375 0.8359375 0.8359375 0.8359375 
0.84375 0.6875 0.8125 0.8515625 0.828125 0.8359375 0.84375 0.84375 0.84375 0.8359375 
0.84375 0.828125 0.7734375 0.8125 0.6875 0.84375 0.84375 0.84375 0.8046875 0.8515625 
0.84375 0.859375 0.859375 0.8125 0.8046875 0.8515625 0.8125 0.6875 0.828125 0.7734375 
0.859375 0.859375 0.84375 0.828125 0.6875 0.8125 0.7734375 0.8125 0.8046875 0.78125 
0.859375 0.859375 0.84375 0.828125 0.8515625 0.8125 0.8125 0.765625 0.6875 0.78125 
0.859375 0.859375 0.84375 0.8515625 0.7734375 0.8125 0.8125 0.8125 0.8203125 0.828125 
0.859375 0.859375 0.828125 0.84375 0.8515625 0.7734375 0.8203125 0.7421875 0.796875 0.8359375 
0.859375 0.859375 0.8203125 0.796875 0.84375 0.8515625 0.828125 0.8359375 0.7734375 0.7421875 
0.8203125 0.8046875 0.859375 0.859375 0.7421875 0.828125 0.796875 0.84375 0.8046875 0.8359375 
0.859375 0.859375 0.7421875 0.8046875 0.828125 0.8203125 0.7890625 0.7890625 0.8203125 0.7890625 
0.859375 0.859375 0.7421875 0.828125 0.8203125 0.8203125 0.7890625 0.7890625 0.7890625 0.796875 
