50 50 50 50 50 50 50 50 32 12 12 2 2 2 2 2 2 2 2 2 2 2 2 2 2 2 2 2 2 2 2 2 2 2 2 2 2 2 0 0 0 0 0 0 0 0 0 0 0 0 
52 52 51 50 50 50 50 50 50 50 50 50 50 50 50 50 50 50 50 50 50 33 32 31 12 9 8 3 3 3 3 3 3 3 3 3 3 3 2 1 1 1 1 1 1 1 1 1 1 1 
53 51 51 51 51 51 51 51 50 50 50 50 50 50 50 50 50 50 50 50 50 50 50 50 50 50 50 44 40 2 2 2 2 2 2 2 1 1 1 1 1 1 1 1 1 1 1 1 1 1 
52 51 51 51 51 51 51 51 51 51 51 51 51 51 51 51 50 50 50 50 50 50 50 50 50 50 50 50 37 19 18 2 2 2 2 2 2 2 2 2 1 1 1 1 1 1 1 1 1 1 
50 50 50 50 50 50 50 50 50 50 50 50 50 50 50 50 50 50 50 50 50 50 50 50 50 50 50 50 50 50 50 50 50 50 50 43 35 33 32 32 32 0 0 0 0 0 0 0 0 0 
52 52 52 50 50 50 50 50 50 50 50 50 50 50 50 50 50 50 50 50 50 50 50 50 50 50 37 32 23 2 2 2 2 2 2 2 2 2 2 2 2 2 2 2 2 2 2 2 2 2 
51 51 51 51 51 51 50 50 50 50 50 50 50 50 50 50 50 50 50 50 50 50 50 50 50 50 50 50 49 49 32 10 9 1 1 1 1 1 1 1 1 1 1 1 1 1 1 1 1 1 
50 50 50 50 50 50 50 50 50 50 50 50 50 50 50 50 50 50 50 50 50 50 50 50 50 50 50 50 50 47 45 45 35 30 29 0 0 0 0 0 0 0 0 0 0 0 0 0 0 0 
52 52 52 52 52 52 52 52 52 52 52 50 50 50 50 50 50 50 50 50 50 50 50 50 50 43 40 29 24 24 18 14 7 2 2 2 2 2 2 2 2 2 2 2 2 2 2 0 0 0 
51 51 51 51 51 51 51 51 51 51 51 51 51 51 51 51 51 50 50 50 50 50 50 50 50 46 40 38 32 11 1 1 1 1 1 1 1 1 1 1 1 1 1 1 1 1 1 1 0 0 
51 51 51 50 50 50 50 50 50 50 50 50 50 50 50 50 50 50 50 50 50 50 50 50 50 50 50 50 46 36 20 19 9 2 1 1 1 1 1 1 1 1 1 1 1 1 1 1 1 1 
65 51 51 51 51 51 50 50 50 50 50 50 50 50 50 50 50 50 50 50 50 50 50 50 50 50 50 50 50 50 49 48 43 40 32 25 24 1 1 1 1 1 1 1 1 1 1 1 1 1 
64 51 51 51 51 51 51 51 51 51 51 51 51 51 51 51 50 50 50 50 50 50 50 50 50 50 36 35 34 32 2 1 1 1 1 1 1 1 1 1 1 1 1 1 1 1 1 1 1 0 
64 53 53 53 53 53 53 53 53 53 53 53 53 53 53 53 53 53 53 53 53 53 53 51 50 50 50 49 41 39 39 13 4 4 4 4 4 4 4 4 4 4 4 4 4 4 3 1 1 1 
57 51 51 51 51 51 51 51 51 51 51 51 51 51 51 51 51 51 50 50 39 33 33 24 16 10 8 6 6 2 2 2 2 2 2 2 2 2 2 2 2 2 1 1 1 1 1 1 1 1 
55 50 50 50 50 50 50 50 50 50 50 50 50 50 50 50 50 50 50 50 50 50 50 48 46 34 24 21 7 6 0 0 0 0 0 0 0 0 0 0 0 0 0 0 0 0 0 0 0 0 
61 57 50 50 50 50 50 50 50 50 50 50 50 50 50 50 50 50 50 50 50 50 50 50 50 50 50 49 47 47 40 39 6 1 1 1 1 1 1 1 1 1 1 1 1 1 1 1 1 0 
69 54 50 50 50 50 50 50 50 50 50 50 50 50 50 50 50 50 50 50 50 50 50 50 50 50 50 47 45 39 38 34 33 22 7 3 3 3 3 3 3 3 3 3 3 3 0 0 0 0 
58 52 50 50 50 50 50 50 50 50 50 50 50 50 50 50 50 50 50 50 50 50 50 47 47 41 36 31 18 17 15 11 4 1 1 1 1 1 1 1 1 1 1 1 1 1 1 1 1 1 
70 60 52 52 52 52 52 52 52 52 52 52 52 52 52 52 52 52 50 50 50 50 46 46 44 41 39 32 29 19 15 6 3 3 3 3 3 3 3 3 3 3 3 3 2 2 1 1 1 1 
56 55 53 50 50 50 50 50 50 50 50 50 50 50 50 50 50 50 50 50 50 50 50 50 50 50 50 50 49 43 40 39 39 29 10 2 1 1 1 1 1 1 1 1 1 1 1 1 1 1 
71 67 54 51 51 51 51 51 51 51 51 51 51 51 51 51 51 51 51 51 51 51 51 51 50 34 30 27 27 25 22 19 1 1 1 1 1 1 1 1 1 1 1 1 1 1 0 0 0 0 
68 58 55 51 51 51 51 51 51 51 51 51 51 51 51 51 51 51 51 51 51 51 50 50 50 50 50 50 50 50 48 35 26 16 12 8 8 1 1 1 1 1 1 1 1 1 1 1 1 0 
63 56 55 50 50 50 50 50 50 50 50 50 50 50 50 50 50 50 50 50 50 50 50 50 50 50 50 50 38 29 25 11 1 1 1 1 1 1 1 1 1 1 1 1 1 1 1 1 1 0 
72 59 57 55 52 52 52 52 52 52 52 52 52 52 52 52 52 52 50 50 50 50 50 50 45 36 34 23 23 19 7 6 5 5 2 2 2 2 2 2 2 2 2 1 0 0 0 0 0 0 
58 55 52 51 51 51 51 51 51 51 51 51 51 51 51 51 51 51 51 51 51 51 51 50 50 50 50 50 50 49 48 46 29 11 8 1 1 1 1 1 1 1 1 1 1 0 0 0 0 0 
71 59 56 50 50 50 50 50 50 50 50 50 50 50 50 50 50 50 50 50 50 50 50 50 50 50 50 49 49 47 32 31 17 1 1 1 1 1 1 1 1 0 0 0 0 0 0 0 0 0 
79 60 52 50 50 50 50 50 50 50 50 50 50 50 50 50 50 50 50 50 50 50 50 50 50 50 43 32 31 29 17 0 0 0 0 0 0 0 0 0 0 0 0 0 0 0 0 0 0 0 
79 61 54 52 50 50 50 50 50 50 50 50 50 50 50 50 50 50 50 50 50 50 50 50 50 49 39 22 20 13 8 8 6 1 1 1 1 1 1 1 1 1 1 1 1 1 1 1 0 0 
88 63 60 59 51 51 51 51 51 51 51 51 51 51 51 51 51 51 51 51 51 51 51 51 51 51 51 50 50 50 50 50 50 50 37 22 22 9 2 2 2 2 2 2 2 2 1 1 1 1 
81 64 59 59 52 52 52 52 52 52 52 52 52 52 52 52 52 52 52 52 52 52 52 52 52 52 52 52 52 52 50 50 50 37 35 24 18 15 8 8 6 6 5 4 4 4 4 4 4 2 
84 61 57 54 53 50 50 50 50 50 50 50 50 50 50 50 50 50 50 50 50 50 50 50 50 50 50 49 44 39 29 28 17 16 3 1 1 1 1 1 1 1 1 1 1 1 1 1 1 1 
84 63 58 54 54 54 53 50 50 50 50 50 50 50 50 50 50 50 50 50 50 50 50 50 50 50 50 50 50 50 50 50 50 50 50 50 50 49 49 27 24 22 3 3 3 3 3 3 0 0 
83 73 68 66 66 58 56 55 54 54 51 51 51 51 51 51 51 51 51 51 51 51 51 51 51 50 50 50 50 50 50 36 36 33 29 27 22 20 18 8 5 5 5 5 5 5 5 5 5 1 
84 77 72 64 64 63 62 57 57 56 51 51 51 51 51 51 51 51 51 51 51 51 51 51 51 50 50 50 50 35 29 18 18 13 11 10 7 2 2 2 2 2 2 2 1 1 1 1 1 1 
86 79 74 66 62 62 62 61 58 58 58 56 52 52 52 52 52 52 52 52 52 52 52 52 50 49 48 47 45 31 30 25 17 13 11 11 10 10 10 9 4 4 4 4 4 2 2 2 2 2 
80 73 68 63 63 62 62 58 57 57 57 53 52 51 51 51 51 51 51 50 46 43 38 27 22 21 18 14 13 10 9 8 8 8 8 7 5 5 5 3 3 3 3 3 3 3 2 2 2 2 
81 73 73 71 68 68 65 64 61 60 60 60 60 59 55 50 50 50 50 50 50 50 50 50 48 47 46 39 35 34 33 31 27 24 23 22 20 18 18 17 14 13 11 11 11 0 0 0 0 0 
83 72 65 64 62 60 60 59 59 54 54 54 54 54 54 51 51 50 50 49 46 42 41 30 23 19 14 12 9 8 7 5 5 5 4 4 4 3 2 2 1 1 1 1 1 0 0 0 0 0 
79 71 69 69 66 65 63 61 60 60 60 59 57 55 54 51 51 51 51 50 50 50 42 40 32 30 29 27 24 20 15 12 11 11 7 7 6 6 5 5 2 2 2 2 1 1 1 1 1 1 
82 82 71 70 69 68 66 66 65 65 64 63 62 61 60 59 57 51 51 51 51 50 50 50 50 41 34 24 22 21 21 20 19 16 14 13 12 11 8 7 7 7 7 5 5 4 1 1 1 1 
84 79 72 69 69 67 67 66 66 65 61 58 56 56 56 56 51 51 51 50 50 47 45 41 37 36 32 31 31 29 29 26 15 13 13 12 12 12 11 10 8 6 6 6 6 1 1 1 0 0 
88 82 80 76 72 71 70 69 68 68 67 67 60 59 56 56 56 52 52 52 51 51 51 50 50 48 48 41 41 38 37 37 36 31 31 31 21 20 13 13 12 11 10 7 3 3 3 3 3 1 
86 82 79 78 76 75 75 73 71 69 67 65 63 56 55 53 53 52 50 50 50 50 50 50 50 50 48 47 46 45 45 45 39 33 25 22 19 17 13 4 1 1 0 0 0 0 0 0 0 0 
84 79 78 72 71 67 63 63 61 59 59 59 55 54 53 50 50 50 50 50 50 50 29 27 20 19 16 15 10 9 8 7 6 6 5 5 5 5 4 4 3 2 2 2 2 2 2 1 0 0 
84 83 83 82 81 79 72 72 71 70 69 68 63 58 50 50 50 50 50 50 50 49 45 44 39 37 32 27 25 24 23 20 17 16 16 14 12 8 3 3 3 3 3 3 3 3 3 0 0 0 
91 89 85 84 81 81 80 79 78 77 73 71 68 63 59 53 51 51 51 50 50 50 50 50 49 44 39 38 38 33 33 32 32 31 31 28 22 22 17 15 13 11 11 8 7 4 2 1 0 0 
95 93 92 91 86 86 85 84 80 78 75 65 59 56 55 52 52 52 50 50 50 47 43 42 37 31 27 26 25 24 24 24 22 16 16 14 12 12 10 10 6 6 6 5 2 2 2 0 0 0 
91 90 85 84 84 83 82 81 78 78 77 77 75 73 67 66 65 64 52 52 52 52 52 52 52 52 52 51 50 50 48 43 40 37 34 33 32 27 27 21 19 17 16 13 6 6 6 5 2 2 
93 88 87 86 80 78 78 78 77 75 73 73 69 68 65 63 63 61 61 50 50 50 50 50 50 50 50 49 49 48 48 47 45 33 29 28 23 22 17 17 14 13 8 7 7 0 0 0 0 0 
