% Invoked: ./gella -d -r 3 -l biased_r3/run17 >& biased_r3/run17.log
% Ministry of Cellular Automata
% Project Deux (CS523 Spring 2015)
% Version:v0.1-70-g0624-dirty
%  pop:50
%  ic count:100
%  CA Log option:biased_r3/run17
%  width:121
%  max workers:4
%  radius:3
%  iterations:300
%  use bias:true
%  generations:50

 generation 0.0.0.50.50.0.0.0.50.0.0.0.50.50.0.0.50.50.6.0.0.0.0.0.0.0.0.1.0.50.0.0.0.0.0.10.0.0.10.0.0.0.0.0.0.0.0.0.50.0.0.xover.mutate.done 50
 generation 1.50.50.50.50.50.50.50.50.50.14.1.27.82.50.21.1.3.52.2.55.52.11.2.3.1.50.51.51.3.3.1.2.51.3.32.10.2.50.3.3.3.3.3.2.1.9.52.3.50.8.xover.mutate.done 50
 generation 2.77.49.52.52.52.50.50.50.50.50.0.2.5.41.15.10.50.2.2.50.2.2.0.50.52.2.33.0.50.0.50.5.50.2.2.0.2.50.0.50.2.2.50.50.2.50.50.50.52.2.xover.mutate.done 50
 generation 3.77.53.53.53.53.53.51.51.51.50.3.3.53.3.50.3.90.4.3.50.1.3.53.50.50.4.53.3.4.3.12.3.3.53.50.4.53.1.1.50.3.3.3.35.4.4.50.53.4.4.xover.mutate.done 50
 generation 4.90.79.50.50.50.50.50.50.50.50.1.1.1.0.1.50.1.1.3.1.1.1.1.3.3.50.50.50.1.1.0.1.66.50.0.50.50.0.0.50.50.0.1.1.1.5.0.1.50.50.xover.mutate.done 50
 generation 5.95.85.71.53.53.53.53.53.53.53.3.53.53.11.14.23.3.53.50.13.3.53.17.53.3.50.3.0.3.3.3.53.45.53.3.53.53.14.50.3.53.53.53.3.3.53.78.0.3.50.xover.mutate.done 50
 generation 6.93.79.69.63.50.50.50.50.50.50.18.0.0.8.0.50.7.50.0.50.0.0.0.0.50.2.0.0.50.0.0.50.0.0.0.0.9.50.0.50.50.0.50.13.0.42.50.50.50.0.xover.mutate.done 50
 generation 7.94.74.66.65.50.50.50.50.50.50.50.27.50.0.1.0.1.1.1.1.1.0.50.50.1.50.50.1.0.50.50.50.0.16.50.22.50.1.0.50.0.36.1.1.1.0.50.0.12.50.xover.mutate.done 50
 generation 8.93.84.69.71.50.50.50.50.50.50.0.1.1.50.0.1.50.50.1.50.1.1.34.1.0.0.0.1.1.0.50.50.50.50.50.50.50.50.50.50.12.1.1.1.23.1.0.1.50.50.xover.mutate.done 50
 generation 9.91.79.72.62.50.50.50.50.50.50.50.50.0.3.50.19.3.3.0.3.3.18.50.0.3.3.3.3.3.50.0.0.50.50.50.50.50.50.50.0.50.3.3.3.49.3.50.3.3.3.xover.mutate.done 50
 generation 10.86.75.61.60.50.50.50.50.50.50.50.12.1.1.50.50.1.1.54.56.50.1.1.50.1.1.1.50.12.15.50.50.1.1.50.0.1.50.1.68.1.46.0.1.1.50.50.50.0.50.xover.mutate.done 50
 generation 11.94.75.76.71.61.67.64.50.50.50.2.50.0.2.50.0.50.2.8.2.2.50.0.50.2.2.0.2.2.0.0.2.2.2.2.2.0.2.2.50.2.2.2.2.2.0.2.50.50.2.xover.mutate.done 50
 generation 12.92.66.78.59.60.64.63.51.51.51.1.51.2.50.9.11.1.1.2.1.42.2.1.1.1.2.1.1.50.46.1.50.63.2.3.2.51.51.1.2.51.2.1.2.2.51.1.1.2.51.xover.mutate.done 50
 generation 13.93.77.66.66.59.59.50.56.51.51.1.2.2.52.20.1.2.1.28.1.1.34.1.2.1.66.2.12.2.2.1.1.51.2.1.67.50.1.1.2.2.2.1.48.1.1.1.8.1.2.xover.mutate.done 50
 generation 14.94.74.66.70.71.68.67.67.63.64.47.8.3.3.58.34.51.25.2.63.3.1.1.1.3.1.2.1.2.45.13.3.2.3.2.3.3.1.71.3.12.1.1.19.3.1.1.3.3.2.xover.mutate.done 50
 generation 15.92.74.67.70.67.66.63.63.65.58.2.15.1.3.1.3.33.66.3.3.35.3.2.3.2.2.64.3.3.3.3.4.64.1.43.2.2.3.1.6.3.1.15.2.3.3.1.2.3.4.xover.mutate.done 50
 generation 16.91.82.60.66.65.68.59.61.56.55.47.43.1.68.4.1.56.1.0.1.1.1.46.2.2.3.9.7.54.1.1.1.1.5.17.59.0.1.1.7.11.1.1.1.2.1.1.1.1.1.xover.mutate.done 50
 generation 17.90.82.69.69.66.74.68.73.70.71.38.0.30.33.37.0.38.0.16.67.41.14.0.0.0.0.0.6.27.7.62.41.0.0.0.55.41.0.61.5.74.0.0.0.6.32.69.5.0.61.xover.mutate.done 50
 generation 18.92.75.67.60.64.60.55.54.54.54.47.2.0.0.34.0.49.48.0.0.48.65.0.0.0.1.0.0.53.0.0.0.60.40.0.0.35.0.0.0.57.0.40.5.54.10.0.0.0.0.xover.mutate.done 50
 generation 19.90.79.69.67.71.68.67.72.68.61.0.5.10.61.9.1.33.1.53.65.53.1.53.44.56.1.1.10.0.1.1.1.63.1.5.6.5.1.53.37.1.5.14.1.1.1.53.17.46.5.xover.mutate.done 50
 generation 20.93.78.74.72.72.71.66.67.69.67.4.65.7.67.4.39.69.4.4.4.4.2.4.54.58.4.72.4.17.2.32.51.4.5.2.65.8.4.9.7.12.6.6.56.11.9.4.68.4.2.xover.mutate.done 50
 generation 21.91.73.65.65.67.65.62.57.57.60.1.1.0.15.1.1.5.1.1.71.45.42.1.38.1.0.6.29.7.29.1.1.17.0.23.25.15.23.36.1.5.1.27.1.38.6.10.14.63.16.xover.mutate.done 50
 generation 22.92.80.68.68.72.76.72.66.67.65.65.9.62.2.70.53.2.10.2.1.2.54.2.2.76.17.31.1.8.1.1.8.2.5.24.2.2.68.43.2.20.2.43.74.49.2.16.69.5.62.xover.mutate.done 50
 generation 23.90.78.66.66.70.69.62.61.71.67.8.71.2.5.46.2.0.0.2.2.2.62.2.18.2.23.36.2.43.33.2.70.5.66.2.55.5.65.49.0.2.8.68.0.67.20.68.2.8.2.xover.mutate.done 50
 generation 24.92.82.66.70.68.63.66.67.72.68.0.0.0.0.6.34.57.53.0.6.0.0.47.0.22.7.45.59.66.64.7.6.0.0.0.0.55.42.50.13.26.9.51.69.0.53.58.69.69.54.xover.mutate.done 50
 generation 25.96.75.72.70.67.67.56.70.66.60.70.54.50.2.60.2.2.54.2.2.53.55.29.70.72.2.0.23.24.2.74.34.54.2.7.46.59.29.2.17.56.18.32.44.2.31.66.0.13.2.xover.mutate.done 50
 generation 26.92.82.69.70.70.57.68.67.66.64.58.46.80.65.0.0.1.62.1.1.65.17.5.1.5.17.11.28.1.1.0.34.6.62.0.1.55.0.69.7.49.5.54.5.64.49.1.61.7.0.xover.mutate.done 50
 generation 27.92.74.85.69.69.70.70.74.70.66.59.0.67.1.65.45.11.0.65.59.1.3.65.0.1.83.1.68.0.6.1.1.0.1.52.69.39.3.67.71.1.11.1.0.0.32.1.1.75.1.xover.mutate.done 50
 generation 28.93.80.82.68.79.65.68.64.64.59.65.1.0.64.20.50.69.6.0.17.6.69.36.34.0.1.55.0.2.1.24.0.16.1.1.1.1.0.47.1.1.53.54.0.0.1.1.1.9.65.xover.mutate.done 50
 generation 29.88.77.80.84.61.67.65.65.62.63.47.1.75.3.62.3.3.5.24.1.58.3.1.2.1.1.3.37.3.4.2.70.1.70.5.19.43.62.2.3.21.66.35.2.2.17.3.3.5.2.xover.mutate.done 50
 generation 30.93.77.76.83.73.81.73.64.71.68.2.2.53.47.25.2.8.58.1.51.2.2.47.1.37.50.2.2.74.1.1.76.62.1.2.5.2.2.1.1.2.62.70.2.16.56.2.49.70.2.xover.mutate.done 50
 generation 31.94.80.77.83.84.76.70.70.68.76.0.1.1.41.29.0.3.32.1.34.1.54.35.3.0.20.1.1.1.1.1.1.53.52.29.3.1.1.1.1.1.1.45.1.1.1.47.1.69.11.xover.mutate.done 50
 generation 32.93.80.81.80.75.81.70.71.73.64.0.0.0.39.0.0.64.0.0.20.57.0.0.0.0.0.27.0.38.4.15.0.59.57.0.0.0.12.0.0.0.53.0.34.39.4.10.0.0.52.xover.mutate.done 50
 generation 33.91.80.75.77.88.77.73.67.69.67.54.8.8.11.7.1.1.2.1.5.47.0.0.1.0.6.2.9.2.1.2.1.4.1.2.1.0.53.14.8.52.49.18.1.3.0.2.8.1.43.xover.mutate.done 50
 generation 34.92.82.79.79.67.78.71.65.73.67.1.3.3.52.3.6.8.27.3.6.17.3.6.3.60.53.1.3.64.9.3.3.3.3.59.3.2.44.53.6.3.3.6.3.2.4.2.2.6.6.xover.mutate.done 50
 generation 35.92.83.84.85.85.77.72.73.69.77.10.12.5.11.11.5.41.28.5.24.36.47.48.3.5.31.5.5.13.3.76.5.5.11.5.5.5.5.5.2.5.11.5.5.5.5.5.11.5.5.xover.mutate.done 50
 generation 36.96.82.76.79.82.70.75.70.75.74.31.0.1.0.5.1.1.27.1.27.62.1.0.1.1.1.43.1.1.66.1.4.1.1.1.17.1.25.49.44.1.1.1.1.55.4.58.23.1.1.xover.mutate.done 50
 generation 37.91.85.91.82.81.76.82.81.72.70.1.0.0.1.1.1.56.1.62.1.0.1.1.46.1.3.1.1.1.31.61.1.33.13.50.7.8.1.4.1.1.6.1.1.71.65.6.1.1.1.xover.mutate.done 50
 generation 38.93.86.84.79.81.79.78.73.71.67.1.53.12.3.5.3.29.2.55.3.37.3.51.48.3.55.3.6.2.8.42.68.43.6.3.12.6.6.3.7.3.3.3.26.3.26.29.55.3.3.xover.mutate.done 50
 generation 39.91.82.86.78.78.76.77.72.71.71.64.0.0.0.5.5.0.32.0.25.0.22.40.0.48.0.0.2.0.52.5.8.6.5.5.0.9.0.55.33.24.11.0.12.36.55.0.22.36.5.xover.mutate.done 50
 generation 40.92.80.78.78.82.76.75.76.77.70.1.1.62.1.5.45.1.5.17.40.0.5.6.31.55.1.70.1.1.1.19.1.15.11.73.34.20.43.1.1.1.33.15.12.45.1.5.1.44.23.xover.mutate.done 50
 generation 41.86.81.79.83.74.69.72.73.77.70.6.6.10.5.1.1.1.1.1.5.37.5.7.1.1.59.5.40.1.1.1.1.1.1.1.1.36.6.1.1.1.1.5.23.1.5.5.1.58.38.xover.mutate.done 50
 generation 42.90.85.79.83.89.76.78.77.75.79.36.16.15.3.3.66.3.0.65.3.0.0.0.0.3.3.0.0.1.60.8.0.0.3.2.5.3.0.0.0.41.0.0.3.3.0.68.5.6.62.xover.mutate.done 50
 generation 43.95.72.79.85.79.75.71.71.77.65.7.2.65.2.31.34.2.2.2.2.2.2.2.2.2.4.2.15.2.2.18.2.5.4.55.4.2.18.4.3.4.4.34.4.2.4.19.2.2.0.xover.mutate.done 50
 generation 44.95.82.83.76.80.77.85.76.80.74.3.41.7.72.2.2.35.2.80.2.48.2.33.2.2.0.2.2.3.3.2.3.45.2.21.2.27.3.2.62.66.2.2.4.2.2.12.2.2.72.xover.mutate.done 50
 generation 45.92.77.85.76.76.81.75.68.76.76.3.2.66.38.2.23.65.0.2.32.2.2.9.0.2.5.2.2.24.3.2.10.2.2.34.2.10.73.42.8.2.2.2.28.46.3.28.2.2.2.xover.mutate.done 50
 generation 46.94.80.82.79.82.72.69.78.72.68.3.1.3.3.51.3.3.2.3.26.6.1.3.7.6.3.6.20.3.3.47.3.3.3.65.1.3.55.2.3.3.6.3.6.71.41.3.36.58.1.xover.mutate.done 50
 generation 47.96.73.84.81.74.68.79.65.79.73.2.4.2.2.2.2.2.25.32.7.24.8.20.4.2.2.2.6.2.2.2.59.67.30.2.2.0.2.2.2.23.2.2.5.4.2.2.31.2.2.xover.mutate.done 50
 generation 48.93.84.83.75.75.83.74.85.78.63.0.62.0.3.0.5.0.3.4.0.14.65.0.4.62.0.0.3.0.0.3.0.65.29.0.0.0.0.3.0.48.4.0.27.12.74.0.4.0.0.xover.mutate.done 50
 generation 49.93.80.86.89.85.77.79.67.81.71.6.72.64.3.2.2.15.6.1.46.49.3.77.3.3.14.1.6.6.3.3.3.53.64.3.21.1.3.60.2.3.25.1.3.28.1.1.1.2.3.xover.mutate.done 50
 64063881 iters     774302 iter/sec (82.74 s)
 total time: 82.74
