50 50 50 50 50 50 50 50 50 10 10 6 1 0 0 0 0 0 0 0 0 0 0 0 0 0 0 0 0 0 0 0 0 0 0 0 0 0 0 0 0 0 0 0 0 0 0 0 0 0 
82 55 52 52 52 51 51 51 50 50 50 50 50 50 50 50 50 50 50 50 50 32 27 21 14 11 10 9 8 3 3 3 3 3 3 3 3 3 3 3 2 2 2 2 2 1 1 1 1 1 
77 52 52 52 52 52 50 50 50 50 50 50 50 50 50 50 50 50 50 50 50 50 50 50 49 41 33 15 10 5 5 2 2 2 2 2 2 2 2 2 2 2 2 2 0 0 0 0 0 0 
90 77 53 53 53 53 53 53 53 53 53 53 53 51 51 51 50 50 50 50 50 50 50 50 35 12 4 4 4 4 4 4 4 4 3 3 3 3 3 3 3 3 3 3 3 3 3 1 1 1 
90 79 66 50 50 50 50 50 50 50 50 50 50 50 50 50 50 50 50 50 50 50 5 3 3 3 1 1 1 1 1 1 1 1 1 1 1 1 1 1 1 1 1 0 0 0 0 0 0 0 
95 85 78 71 53 53 53 53 53 53 53 53 53 53 53 53 53 53 53 53 53 53 53 53 50 50 50 50 45 23 17 14 14 13 11 3 3 3 3 3 3 3 3 3 3 3 3 3 0 0 
93 79 69 63 50 50 50 50 50 50 50 50 50 50 50 50 50 50 50 50 50 50 50 42 18 13 9 8 7 2 0 0 0 0 0 0 0 0 0 0 0 0 0 0 0 0 0 0 0 0 
94 74 66 65 50 50 50 50 50 50 50 50 50 50 50 50 50 50 50 50 50 50 50 50 36 27 22 16 12 1 1 1 1 1 1 1 1 1 1 1 1 0 0 0 0 0 0 0 0 0 
93 84 71 69 50 50 50 50 50 50 50 50 50 50 50 50 50 50 50 50 50 50 50 50 50 50 34 23 12 1 1 1 1 1 1 1 1 1 1 1 1 1 1 0 0 0 0 0 0 0 
91 79 72 62 50 50 50 50 50 50 50 50 50 50 50 50 50 50 50 50 50 50 50 50 49 19 18 3 3 3 3 3 3 3 3 3 3 3 3 3 3 3 3 3 0 0 0 0 0 0 
86 75 68 61 60 56 54 50 50 50 50 50 50 50 50 50 50 50 50 50 50 50 50 50 50 50 50 46 15 12 12 1 1 1 1 1 1 1 1 1 1 1 1 1 1 1 1 0 0 0 
94 76 75 71 67 64 61 50 50 50 50 50 50 50 50 50 50 50 8 2 2 2 2 2 2 2 2 2 2 2 2 2 2 2 2 2 2 2 2 2 2 2 0 0 0 0 0 0 0 0 
92 78 66 64 63 63 60 59 51 51 51 51 51 51 51 51 51 50 50 50 46 42 11 9 3 2 2 2 2 2 2 2 2 2 2 2 1 1 1 1 1 1 1 1 1 1 1 1 1 1 
93 77 67 66 66 66 59 59 56 52 51 51 51 50 50 48 34 28 20 12 8 2 2 2 2 2 2 2 2 2 2 2 2 1 1 1 1 1 1 1 1 1 1 1 1 1 1 1 1 1 
94 74 71 71 70 68 67 67 66 64 63 63 58 51 47 45 34 25 19 13 12 8 3 3 3 3 3 3 3 3 3 3 3 3 2 2 2 2 2 2 1 1 1 1 1 1 1 1 1 1 
92 74 70 67 67 66 66 65 64 64 63 63 58 43 35 33 15 15 6 4 4 3 3 3 3 3 3 3 3 3 3 3 3 3 3 3 2 2 2 2 2 2 2 2 1 1 1 1 1 1 
91 82 68 68 66 65 61 60 59 59 56 56 55 54 47 46 43 17 11 9 7 7 5 4 3 2 2 2 1 1 1 1 1 1 1 1 1 1 1 1 1 1 1 1 1 1 1 1 0 0 
90 82 74 74 73 71 70 69 69 69 68 67 66 62 61 61 55 41 41 41 38 38 37 33 32 30 27 16 14 7 6 6 5 5 0 0 0 0 0 0 0 0 0 0 0 0 0 0 0 0 
92 75 67 65 64 60 60 60 57 55 54 54 54 54 53 49 48 48 47 40 40 35 34 10 5 2 1 0 0 0 0 0 0 0 0 0 0 0 0 0 0 0 0 0 0 0 0 0 0 0 
90 79 72 71 69 68 68 67 67 65 63 61 61 56 53 53 53 53 53 46 44 37 33 17 14 10 10 9 6 5 5 5 5 5 1 1 1 1 1 1 1 1 1 1 1 1 1 1 0 0 
93 78 74 72 72 72 71 69 69 68 67 67 67 66 65 65 58 56 54 51 39 32 17 12 11 9 9 8 7 7 6 6 5 4 4 4 4 4 4 4 4 4 4 4 4 4 2 2 2 2 
91 73 71 67 65 65 65 63 62 60 57 57 45 42 38 38 36 29 29 27 25 23 23 17 16 15 15 14 10 7 6 6 5 5 1 1 1 1 1 1 1 1 1 1 1 1 1 0 0 0 
92 80 76 76 74 72 72 70 69 68 68 68 67 66 65 65 62 62 54 53 49 43 43 31 24 20 17 16 10 9 8 8 5 5 2 2 2 2 2 2 2 2 2 2 2 2 1 1 1 1 
90 78 71 71 70 70 69 68 68 67 67 66 66 66 65 62 62 61 55 49 46 43 36 33 23 20 18 8 8 8 5 5 5 2 2 2 2 2 2 2 2 2 2 2 2 2 0 0 0 0 
92 82 72 70 69 69 69 68 68 67 66 66 66 64 63 59 58 57 55 54 53 53 51 50 47 45 42 34 26 22 13 9 7 7 6 6 6 0 0 0 0 0 0 0 0 0 0 0 0 0 
96 75 74 72 72 70 70 70 70 67 67 66 66 60 60 59 56 56 55 54 54 54 53 50 46 44 34 32 31 29 29 24 23 18 17 13 7 2 2 2 2 2 2 2 2 2 2 2 0 0 
92 82 80 70 70 69 69 68 67 66 65 65 64 64 62 62 61 58 57 55 54 49 49 46 34 28 17 17 11 7 7 6 5 5 5 5 1 1 1 1 1 1 1 1 0 0 0 0 0 0 
92 85 83 75 74 74 71 70 70 70 69 69 69 68 67 67 66 65 65 65 59 59 52 45 39 32 11 11 6 3 3 1 1 1 1 1 1 1 1 1 1 1 1 0 0 0 0 0 0 0 
93 82 80 79 69 69 68 68 65 65 65 64 64 64 59 55 54 53 50 47 36 34 24 20 17 16 9 6 6 2 1 1 1 1 1 1 1 1 1 1 1 1 0 0 0 0 0 0 0 0 
88 84 80 77 75 70 70 67 66 65 65 63 62 62 62 61 58 47 43 37 35 24 21 19 17 5 5 5 4 3 3 3 3 3 3 3 3 3 2 2 2 2 2 2 1 1 1 1 1 1 
93 83 81 77 76 76 74 73 73 71 70 70 68 64 62 62 58 56 53 51 50 49 47 47 37 25 16 8 5 2 2 2 2 2 2 2 2 2 2 2 2 2 2 1 1 1 1 1 1 1 
94 84 83 80 77 76 76 70 70 69 68 54 53 52 47 45 41 35 34 32 29 29 20 11 3 3 3 1 1 1 1 1 1 1 1 1 1 1 1 1 1 1 1 1 1 1 1 0 0 0 
93 81 81 80 80 75 73 71 70 64 64 59 57 57 53 52 39 39 38 34 27 20 15 12 10 4 4 0 0 0 0 0 0 0 0 0 0 0 0 0 0 0 0 0 0 0 0 0 0 0 
91 88 80 77 77 75 73 69 67 67 54 53 52 49 47 43 18 14 11 9 8 8 8 8 7 6 5 4 3 2 2 2 2 2 2 1 1 1 1 1 1 1 1 1 1 0 0 0 0 0 
92 82 79 79 78 73 71 67 67 65 64 60 59 53 53 52 44 27 17 9 8 6 6 6 6 6 6 6 4 3 3 3 3 3 3 3 3 3 3 3 3 3 3 3 2 2 2 2 1 1 
92 85 85 84 83 77 77 76 73 72 69 48 47 41 36 31 28 24 13 12 11 11 11 11 11 10 5 5 5 5 5 5 5 5 5 5 5 5 5 5 5 5 5 5 5 5 5 3 3 2 
96 82 82 79 76 75 75 74 70 70 66 62 58 55 49 44 43 31 27 27 25 23 17 5 4 4 1 1 1 1 1 1 1 1 1 1 1 1 1 1 1 1 1 1 1 1 1 0 0 0 
91 91 85 82 82 81 81 76 72 71 70 65 62 61 56 50 46 33 31 13 8 7 6 6 4 3 1 1 1 1 1 1 1 1 1 1 1 1 1 1 1 1 1 1 1 1 1 0 0 0 
93 86 84 81 79 79 78 73 71 68 67 55 55 55 53 51 48 43 42 37 29 29 26 26 12 12 8 7 6 6 6 6 5 3 3 3 3 3 3 3 3 3 3 3 3 3 3 2 2 1 
91 86 82 78 78 77 76 72 71 71 64 55 55 52 48 40 36 36 33 32 25 24 22 22 12 11 9 8 6 5 5 5 5 5 5 2 0 0 0 0 0 0 0 0 0 0 0 0 0 0 
92 82 80 78 78 77 76 76 75 73 70 70 62 55 45 45 44 43 40 34 33 31 23 20 19 17 15 15 12 11 6 5 5 5 5 1 1 1 1 1 1 1 1 1 1 1 1 1 1 0 
86 83 81 79 77 74 73 72 70 69 59 58 40 38 37 36 23 10 7 6 6 6 5 5 5 5 5 5 5 1 1 1 1 1 1 1 1 1 1 1 1 1 1 1 1 1 1 1 1 1 
90 89 85 83 79 79 78 77 76 75 68 66 65 62 60 41 36 16 15 8 6 5 5 3 3 3 3 3 3 3 3 3 3 2 1 0 0 0 0 0 0 0 0 0 0 0 0 0 0 0 
95 85 79 79 77 75 72 71 71 65 65 55 34 34 31 19 18 18 15 7 5 4 4 4 4 4 4 4 4 3 2 2 2 2 2 2 2 2 2 2 2 2 2 2 2 2 2 2 2 0 
95 85 83 82 80 80 80 77 76 76 74 72 72 66 62 48 45 41 35 33 27 21 12 7 4 3 3 3 3 3 2 2 2 2 2 2 2 2 2 2 2 2 2 2 2 2 2 2 2 0 
92 85 81 77 76 76 76 76 75 73 68 66 65 46 42 38 34 32 28 28 24 23 10 10 9 8 5 3 3 3 2 2 2 2 2 2 2 2 2 2 2 2 2 2 2 2 2 2 0 0 
94 82 82 80 79 78 72 72 71 69 68 65 58 55 51 47 41 36 26 20 7 6 6 6 6 6 3 3 3 3 3 3 3 3 3 3 3 3 3 3 3 3 3 3 2 2 1 1 1 1 
96 84 81 79 79 74 73 73 68 67 65 59 32 31 30 25 24 23 20 8 7 6 5 4 4 4 2 2 2 2 2 2 2 2 2 2 2 2 2 2 2 2 2 2 2 2 2 2 2 0 
93 85 84 83 83 78 75 75 74 74 65 65 63 62 62 48 29 27 14 12 5 4 4 4 4 3 3 3 3 3 0 0 0 0 0 0 0 0 0 0 0 0 0 0 0 0 0 0 0 0 
93 89 86 85 81 80 79 77 77 72 71 67 64 64 60 53 49 46 28 25 21 15 14 6 6 6 6 3 3 3 3 3 3 3 3 3 3 3 3 2 2 2 2 1 1 1 1 1 1 1 
