% Invoked: ./gella -d -r 3 -l biased_r3/run13 >& biased_r3/run13.log
% Ministry of Cellular Automata
% Project Deux (CS523 Spring 2015)
% Version:v0.1-70-g0624-dirty
%  pop:50
%  ic count:100
%  CA Log option:biased_r3/run13
%  width:121
%  max workers:4
%  radius:3
%  iterations:300
%  use bias:true
%  generations:50

 generation 0.0.0.0.0.0.50.0.0.50.50.0.0.0.50.0.0.50.50.50.0.0.0.0.0.0.0.0.0.0.0.0.0.0.50.0.0.0.0.0.0.0.0.0.0.0.50.0.50.0.0.xover.mutate.done 50
 generation 1.50.50.50.50.50.50.50.50.50.50.0.0.0.25.0.50.0.0.0.50.0.0.0.0.50.0.0.0.7.0.0.0.50.8.0.54.50.0.0.0.50.7.0.0.0.0.0.0.0.0.xover.mutate.done 50
 generation 2.63.50.50.50.50.50.50.50.50.50.50.3.42.28.1.1.3.50.3.10.52.1.1.50.51.50.50.3.1.50.52.51.3.50.1.50.52.12.1.1.1.1.3.2.3.1.3.3.50.1.xover.mutate.done 50
 generation 3.59.51.51.51.50.47.50.50.50.50.50.50.42.0.50.0.1.50.50.8.50.50.1.50.42.50.15.50.50.50.1.1.50.50.1.6.1.8.51.50.0.50.1.50.1.1.4.17.51.0.xover.mutate.done 50
 generation 4.61.50.50.50.50.50.51.50.50.50.0.1.1.1.38.50.51.1.0.50.1.50.50.0.1.50.50.51.1.0.0.51.50.50.50.0.1.1.50.1.17.50.1.4.1.50.1.1.50.4.xover.mutate.done 50
 generation 5.56.50.50.44.50.51.51.51.51.51.51.50.50.51.50.1.1.1.0.50.50.0.50.1.51.0.50.0.50.57.51.1.55.0.1.0.50.0.1.50.0.0.1.1.51.51.51.51.50.50.xover.mutate.done 50
 generation 6.60.58.54.50.50.50.50.50.50.50.50.50.50.48.50.50.10.50.50.50.19.51.2.54.2.2.50.50.2.2.50.0.2.2.50.2.2.2.2.2.0.50.2.0.0.20.2.50.50.2.xover.mutate.done 50
 generation 7.60.63.61.61.51.51.51.51.51.51.51.1.50.51.1.50.51.51.36.2.50.51.50.1.7.2.51.1.50.51.2.50.51.50.2.2.2.19.1.2.30.1.1.2.51.33.1.51.1.1.xover.mutate.done 50
 generation 8.56.55.55.59.50.50.50.50.50.50.1.50.1.1.11.51.5.1.50.50.50.8.50.38.8.0.1.1.12.57.50.0.55.50.50.1.41.50.1.50.50.1.21.50.1.1.50.37.1.50.xover.mutate.done 50
 generation 9.65.68.69.68.68.68.51.56.52.52.2.2.52.1.3.1.6.1.3.1.2.52.52.51.1.52.1.1.50.1.3.1.5.1.3.13.2.5.3.1.51.50.3.2.50.2.3.52.52.1.xover.mutate.done 50
 generation 10.54.53.53.53.53.62.44.50.50.50.50.0.0.0.0.0.50.0.50.0.7.0.50.0.0.0.0.0.4.0.0.0.50.0.50.0.0.7.0.0.50.0.50.47.0.0.3.48.0.0.xover.mutate.done 50
 generation 11.57.53.59.58.58.58.50.50.50.51.1.39.1.0.8.1.1.1.1.1.1.5.7.50.0.1.1.1.51.50.1.50.50.50.50.1.8.1.1.1.50.3.0.1.1.49.1.1.0.0.xover.mutate.done 50
 generation 12.58.58.58.58.58.53.53.53.50.50.50.50.3.50.3.6.53.3.3.50.56.3.56.3.3.3.3.3.3.7.50.57.50.53.3.3.7.3.3.50.50.26.3.9.47.0.3.62.3.3.xover.mutate.done 50
 generation 13.63.62.64.64.64.62.56.66.64.71.0.0.0.28.1.0.1.1.1.1.12.1.1.0.1.14.1.1.1.1.1.50.1.1.50.1.1.1.1.1.0.1.1.1.46.1.1.1.0.1.xover.mutate.done 50
 generation 14.60.62.62.62.62.57.66.60.63.50.22.1.10.1.1.1.1.2.1.1.1.1.50.55.52.2.2.1.2.2.1.11.2.2.1.2.2.2.55.1.49.2.2.2.1.1.9.1.1.2.xover.mutate.done 50
 generation 15.61.60.58.58.58.58.60.59.57.46.2.2.2.2.2.0.64.35.6.2.2.2.2.2.32.2.2.2.2.2.2.2.2.2.0.50.2.33.0.6.61.2.54.2.0.2.2.2.2.2.xover.mutate.done 50
 generation 16.65.65.64.61.60.59.62.59.59.59.1.1.1.1.1.1.64.1.43.1.56.35.60.0.1.1.1.7.69.1.12.1.0.1.0.1.1.1.13.1.0.61.1.1.1.4.1.1.1.1.xover.mutate.done 50
 generation 17.69.68.68.63.69.65.61.61.69.58.0.7.1.0.0.57.11.9.1.0.64.1.1.18.61.9.1.20.1.24.1.71.0.1.0.0.5.63.11.1.1.13.0.1.64.68.7.1.61.55.xover.mutate.done 50
 generation 18.70.63.66.62.67.61.62.62.62.71.11.6.47.13.4.13.6.13.2.4.2.2.51.11.4.40.60.6.24.13.6.7.13.11.16.64.42.11.21.6.6.50.62.38.12.6.50.51.6.71.xover.mutate.done 50
 generation 19.56.66.68.65.63.63.61.60.60.57.13.12.24.3.3.50.27.5.32.57.5.51.3.1.46.3.5.5.24.2.3.5.5.5.5.5.3.5.5.2.5.8.5.4.5.21.33.5.38.6.xover.mutate.done 50
 generation 20.57.67.63.61.58.54.54.56.56.51.22.6.33.1.10.6.6.1.7.1.6.31.7.7.6.17.6.8.6.7.35.0.23.6.7.43.44.8.5.6.40.12.8.8.54.7.6.47.24.8.xover.mutate.done 50
 generation 21.76.67.65.64.65.62.58.63.56.66.2.6.67.5.5.6.31.2.2.32.6.8.61.13.37.2.37.8.5.5.2.2.28.0.6.2.57.7.2.2.13.2.2.2.2.21.5.34.27.5.xover.mutate.done 50
 generation 22.80.69.76.72.68.75.68.69.65.59.30.6.7.51.2.2.23.2.16.2.5.51.19.8.20.2.2.27.58.5.6.6.48.6.6.11.6.60.35.20.2.2.54.16.7.5.2.17.10.58.xover.mutate.done 50
 generation 23.73.71.70.68.69.70.69.71.70.61.2.2.68.5.2.31.19.27.32.5.19.12.67.2.8.7.6.2.39.70.5.61.72.40.1.48.2.7.68.7.2.2.43.6.5.12.35.31.8.4.xover.mutate.done 50
 generation 24.73.66.68.64.71.63.61.61.67.67.40.13.8.7.33.13.22.24.22.28.41.3.8.8.61.29.9.48.3.14.40.9.8.31.3.6.3.3.38.8.34.3.7.8.63.15.50.61.13.15.xover.mutate.done 50
 generation 25.77.70.72.71.68.71.71.69.72.69.27.1.1.1.8.56.1.12.44.9.1.8.9.60.1.8.7.9.44.59.1.47.38.6.1.8.37.0.63.57.19.39.7.45.9.7.6.1.7.6.xover.mutate.done 50
 generation 26.69.63.64.64.61.63.68.56.60.62.3.37.3.16.64.5.5.3.8.64.5.5.6.29.3.22.3.6.5.4.6.3.0.3.7.35.50.26.5.13.3.3.35.30.3.5.3.5.3.48.xover.mutate.done 50
 generation 27.65.63.64.66.64.64.67.59.64.65.12.6.42.39.22.6.7.7.1.13.7.1.7.5.7.47.15.6.11.19.41.7.1.7.7.5.5.2.7.2.7.2.19.17.7.7.8.7.7.2.xover.mutate.done 50
 generation 28.71.69.76.70.65.65.65.63.71.68.43.0.29.2.2.1.2.3.39.2.3.2.2.2.2.1.2.0.0.39.2.12.0.0.12.2.26.2.10.0.1.0.2.2.9.50.2.2.0.23.xover.mutate.done 50
 generation 29.66.64.61.64.57.57.62.62.62.55.3.9.7.10.1.58.1.3.3.8.3.9.8.14.2.15.58.3.10.15.9.9.9.1.1.3.3.7.10.7.16.64.3.8.8.1.7.1.7.8.xover.mutate.done 50
 generation 30.61.65.61.65.64.64.64.62.64.61.1.4.48.5.1.1.5.13.0.13.18.1.5.13.65.1.45.6.53.6.4.1.24.65.6.1.1.13.5.30.5.26.14.34.1.1.4.5.6.5.xover.mutate.done 50
 generation 31.66.66.66.66.63.63.63.63.66.67.17.69.5.28.5.18.17.8.11.5.5.20.1.10.5.8.8.29.32.49.4.5.16.4.4.11.5.35.28.1.17.49.9.47.1.5.34.8.39.18.xover.mutate.done 50
 generation 32.72.67.62.62.62.62.61.59.59.59.20.68.6.1.7.2.1.2.9.1.2.44.23.13.6.34.2.9.35.24.48.6.2.12.2.15.45.6.46.16.2.69.32.6.32.16.1.59.38.6.xover.mutate.done 50
 generation 33.67.63.62.68.68.68.68.68.63.58.1.3.4.3.4.11.4.3.1.3.47.4.35.33.27.1.9.20.58.4.7.37.4.10.3.3.2.29.4.3.8.3.4.3.3.15.3.33.55.3.xover.mutate.done 50
 generation 34.72.69.69.69.69.68.63.68.69.67.58.38.44.1.2.61.2.16.47.42.11.66.63.10.2.34.62.8.21.8.67.61.8.69.2.19.1.64.41.8.15.2.56.58.29.66.2.2.2.9.xover.mutate.done 50
 generation 35.71.69.69.69.69.66.69.67.69.63.0.57.0.9.21.10.6.48.17.6.6.55.18.31.21.0.0.48.0.44.28.9.0.0.8.0.0.0.0.0.8.0.51.0.46.0.23.29.0.9.xover.mutate.done 50
 generation 36.74.67.67.67.67.67.66.57.62.60.9.22.1.1.32.29.1.39.0.1.35.16.48.42.1.1.51.12.67.1.12.22.1.27.1.9.32.39.11.9.60.36.16.1.18.1.18.1.1.1.xover.mutate.done 50
 generation 37.70.66.66.66.66.66.66.63.62.70.3.5.55.3.46.5.48.62.66.5.5.5.41.5.52.6.40.2.42.27.14.22.5.32.22.20.48.5.5.5.14.7.5.53.38.9.34.23.10.5.xover.mutate.done 50
 generation 38.73.64.70.70.70.70.70.70.69.65.0.0.0.1.59.39.0.0.0.29.5.9.52.26.5.1.70.1.7.55.40.0.0.1.49.0.8.18.5.0.1.30.6.7.0.1.1.17.55.69.xover.mutate.done 50
 generation 39.66.68.68.68.68.68.68.68.63.70.3.0.6.0.0.33.0.0.0.0.49.0.58.3.44.0.3.0.3.0.36.0.44.5.68.0.0.36.26.6.30.0.42.4.0.13.0.68.0.9.xover.mutate.done 50
 generation 40.61.65.65.65.65.65.65.65.65.65.0.0.0.0.34.28.0.41.0.0.2.0.28.0.0.1.0.1.10.24.7.0.33.49.7.0.0.0.0.0.0.3.56.0.9.37.25.0.0.0.xover.mutate.done 50
 generation 41.61.61.61.61.61.61.61.61.61.61.33.2.2.2.53.42.31.10.2.1.34.61.13.1.14.40.2.13.2.2.2.9.43.42.29.35.1.55.43.1.42.2.2.2.61.1.1.2.7.29.xover.mutate.done 50
 generation 42.68.68.68.68.68.68.68.68.68.66.36.25.68.43.1.55.18.52.25.1.65.41.1.15.62.43.51.65.26.1.1.1.1.24.1.1.1.52.53.1.1.1.44.1.44.5.9.1.18.6.xover.mutate.done 50
 generation 43.69.69.69.69.69.69.69.69.69.69.41.0.56.0.0.11.56.62.69.4.69.0.0.0.0.0.57.62.60.3.54.0.69.0.53.48.0.66.0.0.0.7.0.0.47.61.0.0.18.20.xover.mutate.done 50
 generation 44.72.72.72.72.72.72.72.72.72.72.35.2.42.1.1.10.2.62.12.10.73.2.71.3.69.2.8.19.24.27.56.2.1.72.3.2.2.2.3.36.9.19.2.3.38.2.2.3.10.47.xover.mutate.done 50
 generation 45.61.66.66.66.66.66.66.66.66.66.33.56.3.14.3.37.3.3.60.3.3.3.55.58.64.54.3.3.55.44.3.56.3.3.16.3.3.3.3.3.3.44.28.10.3.7.3.10.56.11.xover.mutate.done 50
 generation 46.59.59.59.59.59.59.59.59.59.60.45.25.4.4.62.4.8.4.34.46.3.51.30.4.4.15.20.44.4.4.1.4.65.36.4.22.4.4.3.59.4.4.16.3.4.21.61.7.18.53.xover.mutate.done 50
 generation 47.60.62.65.61.62.62.62.62.62.62.8.3.3.8.57.60.62.16.9.31.3.1.3.62.1.9.2.3.2.18.62.2.3.3.44.25.3.20.3.43.2.3.26.9.3.48.49.9.3.5.xover.mutate.done 50
 generation 48.67.55.67.67.67.67.67.67.67.67.57.5.0.0.8.0.2.13.2.0.0.0.0.0.34.0.0.0.0.28.0.67.57.0.0.0.0.9.0.0.7.0.32.67.47.0.18.0.0.0.xover.mutate.done 50
 generation 49.73.73.73.73.73.73.73.73.73.73.0.0.0.57.0.0.75.0.68.0.0.0.0.55.0.0.0.55.0.0.0.0.0.0.0.0.6.27.0.0.0.0.0.0.0.75.23.0.0.0.xover.mutate.done 50
 66923587 iters     734246 iter/sec (91.15 s)
 total time: 91.15
