0.1328125 0.3671875 0.6875 0.609375 0.984375 0.1875 0.5859375 0.0625 0.640625 0.6171875 
0.6875 0.984375 0.890625 0.8984375 0.9765625 0.984375 0.96875 0.03125 0.7890625 0.3203125 
0.671875 0.7578125 0.1328125 0.6875 0.984375 0.890625 0.8984375 0.9765625 0.984375 0.96875 
0.5625 0.671875 0.7578125 0.1328125 0.796875 0.7265625 0.78125 0.7421875 0.6875 0.984375 
0.5625 0.671875 0.7578125 0.1328125 0.796875 0.7265625 0.78125 0.7421875 0.171875 0.7890625 
0.671875 0.7578125 0.1328125 0.796875 0.7265625 0.78125 0.7421875 0.171875 0.7890625 0.7734375 
0.1328125 0.171875 0.34375 0.671875 0.7578125 0.796875 0.7265625 0.78125 0.7421875 0.7890625 
0.1328125 0.171875 0.34375 0.296875 0.328125 0.3828125 0.671875 0.7578125 0.796875 0.7265625 
0.1328125 0.171875 0.34375 0.296875 0.328125 0.3828125 0.671875 0.7578125 0.796875 0.7265625 
0.671875 0.7578125 0.796875 0.7265625 0.7265625 0.7109375 0.703125 0.6484375 0.65625 0.640625 
0.671875 0.7578125 0.796875 0.7265625 0.7265625 0.7109375 0.703125 0.6484375 0.65625 0.640625 
0.328125 0.3515625 0.265625 0.671875 0.7578125 0.796875 0.7265625 0.7265625 0.7109375 0.703125 
0.4765625 0.328125 0.3515625 0.265625 0.328125 0.4375 0.671875 0.7578125 0.796875 0.7265625 
0.4765625 0.671875 0.7578125 0.796875 0.7265625 0.7578125 0.640625 0.7734375 0.75 0.6953125 
0.4765625 0.671875 0.7578125 0.796875 0.7265625 0.7578125 0.640625 0.7734375 0.75 0.6953125 
0.4765625 0.671875 0.7578125 0.796875 0.7265625 0.7578125 0.640625 0.7734375 0.75 0.6953125 
0.4765625 0.671875 0.7578125 0.796875 0.7265625 0.7578125 0.640625 0.7734375 0.75 0.6953125 
0.4765625 0.6484375 0.671875 0.7578125 0.796875 0.7265625 0.7578125 0.640625 0.7734375 0.75 
0.4765625 0.6484375 0.671875 0.7578125 0.796875 0.7265625 0.7578125 0.640625 0.7734375 0.75 
0.4765625 0.6484375 0.671875 0.7578125 0.796875 0.7265625 0.7578125 0.640625 0.7734375 0.75 
0.4765625 0.6484375 0.671875 0.7578125 0.796875 0.7265625 0.7578125 0.640625 0.7734375 0.75 
0.4765625 0.6484375 0.4921875 0.671875 0.7578125 0.796875 0.7265625 0.7578125 0.640625 0.7734375 
0.4921875 0.4765625 0.6484375 0.671875 0.7578125 0.796875 0.7265625 0.7578125 0.640625 0.7734375 
0.4765625 0.4921875 0.6484375 0.671875 0.7578125 0.796875 0.7265625 0.7578125 0.640625 0.7734375 
0.4921875 0.4765625 0.6484375 0.671875 0.7578125 0.796875 0.7265625 0.7578125 0.640625 0.7734375 
0.515625 0.4765625 0.4921875 0.6484375 0.671875 0.7578125 0.796875 0.7265625 0.7578125 0.640625 
0.515625 0.4765625 0.6484375 0.671875 0.7578125 0.796875 0.7265625 0.7578125 0.640625 0.703125 
0.4765625 0.515625 0.6484375 0.671875 0.7578125 0.796875 0.7265625 0.7578125 0.640625 0.703125 
0.484375 0.4765625 0.515625 0.6484375 0.671875 0.7578125 0.796875 0.7265625 0.7578125 0.640625 
0.484375 0.4765625 0.515625 0.6484375 0.671875 0.7578125 0.796875 0.7265625 0.7578125 0.640625 
0.484375 0.515625 0.4765625 0.6484375 0.671875 0.7578125 0.796875 0.7265625 0.7578125 0.640625 
0.484375 0.515625 0.4765625 0.6484375 0.671875 0.7578125 0.796875 0.7265625 0.7578125 0.640625 
0.484375 0.46875 0.515625 0.4765625 0.6484375 0.671875 0.7578125 0.796875 0.7265625 0.7578125 
0.484375 0.515625 0.46875 0.4765625 0.6484375 0.4453125 0.4609375 0.671875 0.7578125 0.796875 
0.484375 0.4765625 0.46875 0.46875 0.46875 0.4453125 0.515625 0.6484375 0.4609375 0.4609375 
0.484375 0.484375 0.46875 0.46875 0.46875 0.4765625 0.515625 0.4453125 0.6484375 0.46875 
0.484375 0.484375 0.46875 0.5 0.46875 0.46875 0.4453125 0.4765625 0.515625 0.4453125 
0.484375 0.484375 0.46875 0.5 0.5 0.46875 0.46875 0.4453125 0.515625 0.4453125 
0.484375 0.484375 0.4921875 0.5 0.46875 0.46875 0.5 0.515625 0.5234375 0.46875 
0.484375 0.484375 0.46875 0.5 0.4921875 0.46875 0.46875 0.5 0.515625 0.5234375 
0.484375 0.5078125 0.484375 0.5 0.515625 0.46875 0.4921875 0.46875 0.46875 0.5 
0.484375 0.5078125 0.484375 0.46875 0.46875 0.4609375 0.5 0.46875 0.5 0.515625 
0.484375 0.5078125 0.484375 0.46875 0.5 0.46875 0.46875 0.4609375 0.5 0.515625 
0.484375 0.5078125 0.484375 0.46875 0.46875 0.46875 0.5 0.4609375 0.5 0.4921875 
0.484375 0.5078125 0.515625 0.484375 0.46875 0.46875 0.53125 0.46875 0.5 0.4375 
0.484375 0.5078125 0.515625 0.484375 0.484375 0.5 0.46875 0.46875 0.53125 0.46875 
0.5078125 0.484375 0.4765625 0.515625 0.4765625 0.484375 0.5 0.53125 0.484375 0.46875 
0.546875 0.5234375 0.484375 0.4765625 0.484375 0.4921875 0.515625 0.484375 0.5078125 0.4765625 
0.546875 0.5234375 0.4921875 0.484375 0.4765625 0.515625 0.4765625 0.5078125 0.484375 0.4921875 
0.546875 0.5234375 0.4921875 0.484375 0.5078125 0.4765625 0.515625 0.5078125 0.4765625 0.4296875 
