50 50 50 50 50 50 50 50 50 50 0 0 0 0 0 0 0 0 0 0 0 0 0 0 0 0 0 0 0 0 0 0 0 0 0 0 0 0 0 0 0 0 0 0 0 0 0 0 0 0 
54 50 50 50 50 50 50 50 50 50 50 50 50 50 50 50 50 25 8 7 7 0 0 0 0 0 0 0 0 0 0 0 0 0 0 0 0 0 0 0 0 0 0 0 0 0 0 0 0 0 
63 52 52 52 51 51 50 50 50 50 50 50 50 50 50 50 50 50 50 50 50 50 50 50 42 28 12 10 3 3 3 3 3 3 3 3 3 2 1 1 1 1 1 1 1 1 1 1 1 1 
59 51 51 51 51 51 50 50 50 50 50 50 50 50 50 50 50 50 50 50 50 50 50 50 50 50 50 50 47 42 42 17 15 8 8 6 4 1 1 1 1 1 1 1 1 1 0 0 0 0 
61 51 51 51 51 50 50 50 50 50 50 50 50 50 50 50 50 50 50 50 50 50 50 50 50 50 38 17 4 4 1 1 1 1 1 1 1 1 1 1 1 1 1 1 0 0 0 0 0 0 
57 56 55 51 51 51 51 51 51 51 51 51 51 51 51 51 50 50 50 50 50 50 50 50 50 50 50 50 50 50 50 44 1 1 1 1 1 1 1 1 1 0 0 0 0 0 0 0 0 0 
60 58 54 54 51 50 50 50 50 50 50 50 50 50 50 50 50 50 50 50 50 50 50 50 50 50 50 48 20 19 10 2 2 2 2 2 2 2 2 2 2 2 2 2 2 2 0 0 0 0 
63 61 61 60 51 51 51 51 51 51 51 51 51 51 51 51 51 51 51 51 50 50 50 50 50 50 50 36 33 30 19 7 2 2 2 2 2 2 2 2 1 1 1 1 1 1 1 1 1 1 
59 57 56 55 55 55 51 50 50 50 50 50 50 50 50 50 50 50 50 50 50 50 50 50 50 50 50 41 38 37 21 12 11 8 8 5 1 1 1 1 1 1 1 1 1 1 1 1 0 0 
69 68 68 68 68 65 56 52 52 52 52 52 52 52 52 51 51 51 50 50 50 13 6 5 5 3 3 3 3 3 3 3 2 2 2 2 2 2 1 1 1 1 1 1 1 1 1 1 1 1 
62 54 53 53 53 53 50 50 50 50 50 50 50 50 50 50 50 48 47 44 7 7 4 3 0 0 0 0 0 0 0 0 0 0 0 0 0 0 0 0 0 0 0 0 0 0 0 0 0 0 
59 58 58 58 57 53 51 51 50 50 50 50 50 50 50 50 50 50 49 39 8 8 7 5 3 1 1 1 1 1 1 1 1 1 1 1 1 1 1 1 1 1 1 1 1 0 0 0 0 0 
62 58 58 58 58 58 57 56 56 53 53 53 53 53 50 50 50 50 50 50 50 50 50 50 47 26 9 7 7 6 3 3 3 3 3 3 3 3 3 3 3 3 3 3 3 3 3 3 3 0 
71 66 64 64 64 64 63 62 62 56 50 50 46 28 14 12 1 1 1 1 1 1 1 1 1 1 1 1 1 1 1 1 1 1 1 1 1 1 1 1 1 1 1 0 0 0 0 0 0 0 
66 63 62 62 62 62 60 60 57 55 55 52 50 50 49 22 11 10 9 2 2 2 2 2 2 2 2 2 2 2 2 2 2 1 1 1 1 1 1 1 1 1 1 1 1 1 1 1 1 1 
64 61 61 60 60 59 58 58 58 58 57 54 50 46 35 33 32 6 6 2 2 2 2 2 2 2 2 2 2 2 2 2 2 2 2 2 2 2 2 2 2 2 2 2 2 2 0 0 0 0 
69 65 65 64 64 62 61 61 60 60 59 59 59 59 56 43 35 13 12 7 4 1 1 1 1 1 1 1 1 1 1 1 1 1 1 1 1 1 1 1 1 1 1 1 1 1 0 0 0 0 
71 69 69 69 68 68 68 65 64 64 63 63 61 61 61 61 58 57 55 24 20 18 13 11 11 9 9 7 7 5 1 1 1 1 1 1 1 1 1 1 1 1 0 0 0 0 0 0 0 0 
71 71 70 67 66 64 63 62 62 62 62 62 61 60 51 51 50 50 47 42 40 38 24 21 16 13 13 13 13 13 12 11 11 11 11 7 6 6 6 6 6 6 6 6 4 4 4 2 2 2 
68 66 65 63 63 61 60 60 57 57 56 51 50 46 38 33 32 27 24 24 21 13 12 8 6 5 5 5 5 5 5 5 5 5 5 5 5 5 5 5 4 3 3 3 3 3 3 2 2 1 
67 63 61 58 57 56 56 54 54 54 51 47 44 43 40 35 33 31 24 23 22 17 12 10 8 8 8 8 8 7 7 7 7 7 7 6 6 6 6 6 6 6 6 6 6 5 1 1 1 0 
76 67 67 66 65 65 64 63 62 61 58 57 56 37 37 34 32 31 28 27 21 13 13 8 8 7 6 6 6 6 5 5 5 5 5 5 2 2 2 2 2 2 2 2 2 2 2 2 2 0 
80 76 75 72 69 69 68 68 65 60 59 58 58 54 51 51 48 35 30 27 23 20 20 19 17 16 16 11 10 8 7 7 6 6 6 6 6 6 5 5 5 2 2 2 2 2 2 2 2 2 
73 72 71 71 70 70 70 70 69 69 68 68 68 67 61 61 48 43 40 39 35 32 31 31 27 19 19 12 12 8 8 7 7 7 6 6 5 5 5 5 4 2 2 2 2 2 2 2 2 1 
73 71 68 67 67 66 64 63 63 61 61 61 61 50 48 41 40 40 38 34 33 31 29 28 24 22 22 15 15 14 13 13 13 9 9 8 8 8 8 8 8 7 7 6 3 3 3 3 3 3 
77 72 72 71 71 71 70 69 69 68 63 60 59 57 56 47 45 44 44 39 38 37 27 19 12 9 9 9 9 8 8 8 8 7 7 7 7 6 6 6 1 1 1 1 1 1 1 1 1 0 
69 68 64 64 64 64 63 63 62 61 60 56 50 48 37 35 35 30 29 26 22 16 13 8 7 6 6 6 5 5 5 5 5 5 5 5 4 3 3 3 3 3 3 3 3 3 3 3 3 0 
67 66 65 65 64 64 64 64 63 59 47 42 41 39 22 19 19 17 15 13 12 11 8 7 7 7 7 7 7 7 7 7 7 7 7 7 7 6 6 6 5 5 5 2 2 2 2 1 1 1 
76 71 71 70 69 68 65 65 65 63 50 43 39 39 29 26 23 12 12 10 9 3 3 2 2 2 2 2 2 2 2 2 2 2 2 2 2 2 2 1 1 1 0 0 0 0 0 0 0 0 
66 64 64 64 62 62 62 61 58 58 57 57 55 16 15 15 14 10 10 10 9 9 9 9 9 8 8 8 8 8 7 7 7 7 7 3 3 3 3 3 3 3 3 2 1 1 1 1 1 1 
65 65 65 65 64 64 64 64 62 61 61 61 53 48 45 34 30 26 24 18 14 13 13 13 13 6 6 6 6 5 5 5 5 5 5 5 4 4 4 1 1 1 1 1 1 1 1 1 1 0 
69 67 66 66 66 66 66 63 63 63 63 49 49 47 39 35 34 32 29 28 28 20 18 18 17 17 17 16 11 11 10 9 8 8 8 8 5 5 5 5 5 5 5 5 4 4 4 1 1 1 
72 69 68 67 62 62 62 62 61 59 59 59 59 48 46 45 44 38 35 34 32 32 24 23 20 16 16 15 13 12 9 9 7 6 6 6 6 6 6 2 2 2 2 2 2 2 1 1 1 1 
68 68 68 68 68 67 63 63 62 58 58 55 47 37 35 33 33 29 27 20 15 11 10 9 8 7 4 4 4 4 4 4 4 4 3 3 3 3 3 3 3 3 3 3 3 3 2 1 1 1 
72 69 69 69 69 69 69 68 68 67 67 66 66 64 63 63 62 61 61 58 58 56 47 44 42 41 38 34 29 21 19 16 15 11 10 9 8 8 8 8 2 2 2 2 2 2 2 2 1 1 
71 69 69 69 69 69 69 67 66 63 57 55 51 48 48 46 44 31 29 28 23 21 21 18 17 10 9 9 9 8 8 6 6 6 0 0 0 0 0 0 0 0 0 0 0 0 0 0 0 0 
74 67 67 67 67 67 67 66 62 60 60 57 51 48 42 39 39 36 35 32 32 29 27 22 22 18 18 16 16 12 12 11 9 9 9 1 1 1 1 1 1 1 1 1 1 1 1 1 1 0 
70 70 66 66 66 66 66 66 66 63 62 62 55 53 52 48 48 46 42 41 40 38 34 32 27 23 22 22 20 14 14 10 9 7 6 5 5 5 5 5 5 5 5 5 5 5 5 3 3 2 
73 70 70 70 70 70 70 70 69 69 65 64 59 55 55 52 49 40 39 30 29 26 18 17 9 8 7 7 6 5 5 5 1 1 1 1 1 1 1 0 0 0 0 0 0 0 0 0 0 0 
70 68 68 68 68 68 68 68 68 68 66 63 58 49 44 44 42 36 36 33 30 26 13 9 6 6 5 4 3 3 3 3 0 0 0 0 0 0 0 0 0 0 0 0 0 0 0 0 0 0 
65 65 65 65 65 65 65 65 65 61 56 49 41 37 34 33 28 28 25 24 10 9 7 7 3 2 1 1 0 0 0 0 0 0 0 0 0 0 0 0 0 0 0 0 0 0 0 0 0 0 
61 61 61 61 61 61 61 61 61 61 61 61 55 53 43 43 42 42 42 40 35 34 33 31 29 29 14 13 13 10 9 7 2 2 2 2 2 2 2 2 2 2 2 2 1 1 1 1 1 1 
68 68 68 68 68 68 68 68 68 68 66 65 65 62 55 53 52 52 51 44 44 43 43 41 36 26 25 25 24 18 18 15 9 6 5 1 1 1 1 1 1 1 1 1 1 1 1 1 1 1 
69 69 69 69 69 69 69 69 69 69 69 69 69 66 62 62 61 60 57 56 56 54 53 48 47 41 20 18 11 7 4 3 0 0 0 0 0 0 0 0 0 0 0 0 0 0 0 0 0 0 
73 72 72 72 72 72 72 72 72 72 72 72 71 69 62 56 47 42 38 36 35 27 24 19 19 12 10 10 10 9 8 3 3 3 3 3 2 2 2 2 2 2 2 2 2 2 2 1 1 1 
66 66 66 66 66 66 66 66 66 64 61 60 58 56 56 56 55 55 54 44 44 37 33 28 16 14 11 10 10 7 3 3 3 3 3 3 3 3 3 3 3 3 3 3 3 3 3 3 3 3 
65 62 61 60 59 59 59 59 59 59 59 59 59 59 53 51 46 45 44 36 34 30 25 22 21 20 18 16 15 8 7 4 4 4 4 4 4 4 4 4 4 4 4 4 4 4 3 3 3 1 
65 62 62 62 62 62 62 62 62 62 62 61 60 60 57 49 48 44 43 31 26 25 20 18 16 9 9 9 9 8 8 5 3 3 3 3 3 3 3 3 3 3 3 3 2 2 2 2 1 1 
67 67 67 67 67 67 67 67 67 67 67 57 57 55 47 34 32 28 18 13 9 8 7 5 2 2 0 0 0 0 0 0 0 0 0 0 0 0 0 0 0 0 0 0 0 0 0 0 0 0 
75 75 73 73 73 73 73 73 73 73 73 73 68 57 55 55 27 23 6 0 0 0 0 0 0 0 0 0 0 0 0 0 0 0 0 0 0 0 0 0 0 0 0 0 0 0 0 0 0 0 
