% Invoked: ./gella -d -r 3 -l biased_r3/run19 >& biased_r3/run19.log
% Ministry of Cellular Automata
% Project Deux (CS523 Spring 2015)
% Version:v0.1-70-g0624-dirty
%  pop:50
%  ic count:100
%  CA Log option:biased_r3/run19
%  width:121
%  max workers:4
%  radius:3
%  iterations:300
%  use bias:true
%  generations:50

 generation 0.7.0.0.1.0.1.1.50.0.27.1.0.1.1.1.50.0.1.0.0.1.1.2.1.1.50.1.11.1.0.1.50.1.1.0.1.50.0.1.1.1.17.0.50.1.50.0.0.1.1.xover.mutate.done 50
 generation 1.50.50.50.50.50.50.50.30.13.11.3.1.50.3.3.3.3.3.14.11.3.39.22.3.50.50.2.50.52.50.2.50.40.3.3.3.14.2.1.51.2.52.1.2.17.3.2.51.52.7.xover.mutate.done 50
 generation 2.51.51.51.52.52.50.50.50.50.50.15.52.1.3.3.3.50.2.50.7.1.52.16.51.51.14.3.9.6.50.3.51.1.50.17.12.50.50.3.3.51.1.2.1.2.50.12.50.1.50.xover.mutate.done 50
 generation 3.52.52.52.52.50.50.50.50.50.50.14.0.50.50.50.0.52.0.2.50.50.50.2.50.50.0.50.50.52.50.2.16.2.2.50.50.17.0.50.2.50.2.2.0.0.50.0.11.50.50.xover.mutate.done 50
 generation 4.50.50.50.50.50.50.50.50.50.50.10.0.25.50.50.50.50.50.0.0.14.0.36.34.50.50.0.10.0.0.50.15.50.50.0.0.50.0.0.50.50.50.50.50.0.50.50.0.0.50.xover.mutate.done 50
 generation 5.51.51.51.51.51.51.51.51.51.51.51.50.51.50.51.6.51.6.51.51.51.2.50.50.1.2.2.1.17.8.50.15.1.51.51.2.50.2.51.21.50.1.2.50.1.51.2.51.7.2.xover.mutate.done 50
 generation 6.51.51.51.51.51.51.51.51.51.51.2.5.51.51.51.2.1.29.11.2.51.2.40.44.50.15.51.2.51.1.50.51.2.2.51.2.6.2.1.1.50.51.2.2.2.51.2.31.51.51.xover.mutate.done 50
 generation 7.50.50.50.50.50.50.51.51.51.51.1.1.50.1.0.1.50.51.1.51.1.1.1.1.1.50.50.48.50.1.51.24.50.50.16.50.51.1.1.50.7.26.51.0.1.51.1.11.1.1.xover.mutate.done 50
 generation 8.51.51.51.51.51.51.51.51.51.51.2.51.14.51.2.51.2.41.51.2.51.18.10.2.51.51.51.11.25.14.43.11.51.2.2.2.51.51.1.13.51.2.51.2.50.51.2.51.51.1.xover.mutate.done 50
 generation 9.53.53.53.53.53.53.53.53.53.53.49.30.4.51.4.51.35.51.53.4.53.18.4.1.50.51.53.4.4.6.51.4.25.4.53.22.53.4.51.52.4.1.53.8.4.24.51.5.15.8.xover.mutate.done 50
 generation 10.50.50.50.50.50.50.50.50.50.50.23.50.2.50.2.28.52.2.15.15.50.2.21.49.39.32.42.2.50.12.2.50.2.8.17.2.2.85.7.2.2.50.42.2.50.2.10.40.2.9.xover.mutate.done 50
 generation 11.88.51.51.51.51.51.51.51.51.51.51.2.51.2.14.51.47.2.51.2.51.51.48.24.48.51.2.2.51.2.2.51.17.29.51.2.51.50.2.51.51.51.44.51.51.2.33.28.1.2.xover.mutate.done 50
 generation 12.81.50.50.50.50.50.50.50.50.50.0.50.0.50.50.0.0.45.0.0.50.0.50.0.50.50.0.12.20.42.50.0.64.14.50.21.41.16.50.50.0.50.0.37.50.0.24.50.50.20.xover.mutate.done 50
 generation 13.82.66.54.50.50.50.50.50.50.50.20.33.28.50.4.50.50.50.60.50.4.39.4.26.45.4.50.11.39.50.50.18.4.47.4.50.4.4.50.50.50.46.4.50.44.4.19.26.50.44.xover.mutate.done 50
 generation 14.87.72.68.52.51.51.51.51.51.51.4.51.51.51.51.51.3.3.47.72.51.51.34.29.3.49.51.11.42.51.37.48.4.48.50.60.51.24.72.3.51.50.49.52.50.51.51.49.22.20.xover.mutate.done 50
 generation 15.84.66.66.62.62.59.51.51.51.51.51.51.50.66.2.31.2.38.2.21.1.51.51.2.51.51.50.33.1.49.2.2.50.2.46.51.51.7.51.2.14.51.51.51.51.2.51.2.2.50.xover.mutate.done 50
 generation 16.77.58.62.57.65.56.46.50.50.51.51.51.51.1.46.62.51.42.51.51.51.1.1.51.51.33.8.1.8.50.51.1.30.67.11.1.0.1.51.47.1.1.1.1.50.50.51.51.37.50.xover.mutate.done 50
 generation 17.78.68.60.60.60.62.61.56.52.52.0.0.0.8.52.2.2.2.64.2.0.52.0.52.52.72.55.51.54.62.0.0.68.0.50.2.52.52.52.51.2.46.14.52.50.2.52.2.38.2.xover.mutate.done 50
 generation 18.83.80.72.72.70.65.70.64.64.65.54.31.60.50.10.93.45.44.2.17.51.18.2.51.15.37.37.2.50.2.60.61.7.51.51.61.1.9.1.63.2.45.26.51.1.39.44.1.51.70.xover.mutate.done 50
 generation 19.93.82.76.74.74.71.70.80.66.64.0.48.8.75.47.48.39.1.1.37.1.78.25.18.43.1.7.50.41.31.46.64.0.37.50.42.14.14.51.53.16.49.55.51.12.45.71.57.1.43.xover.mutate.done 50
 generation 20.89.77.72.68.67.77.69.69.68.68.68.7.54.1.48.59.59.1.7.62.68.41.20.6.26.25.1.1.1.8.24.1.37.38.51.48.7.23.57.63.1.53.41.22.1.9.19.1.53.1.xover.mutate.done 50
 generation 21.86.77.72.66.70.70.72.68.70.72.60.16.82.0.33.0.0.54.46.1.2.58.51.8.9.14.48.37.8.58.0.0.52.6.40.0.1.0.2.27.46.50.35.16.1.39.50.1.40.26.xover.mutate.done 50
 generation 22.92.84.86.77.83.83.76.76.70.57.16.9.18.31.33.50.6.17.9.13.7.57.0.29.0.56.75.91.37.55.57.27.4.52.55.54.3.18.55.29.55.50.0.62.36.45.11.22.27.6.xover.mutate.done 50
 generation 23.96.94.89.89.81.81.81.71.71.77.53.39.2.50.5.52.20.73.17.13.54.59.25.25.3.9.26.56.50.2.10.57.36.5.54.50.5.20.24.52.68.5.76.52.8.5.17.50.57.24.xover.mutate.done 50
 generation 24.86.87.82.83.85.85.77.71.71.67.57.4.4.1.47.6.55.7.72.20.1.57.1.23.1.60.58.6.51.1.34.23.6.52.57.9.88.54.1.67.52.6.22.48.66.1.1.9.49.46.xover.mutate.done 50
 generation 25.93.95.93.76.76.84.86.79.71.70.3.28.20.50.3.78.2.3.15.8.56.47.11.3.3.46.48.93.2.65.56.24.12.52.3.2.76.8.84.65.40.28.10.56.49.65.56.18.3.23.xover.mutate.done 50
 generation 26.94.91.96.91.81.79.78.77.73.78.1.1.50.56.40.17.50.63.59.50.33.36.63.7.79.71.58.1.51.76.74.42.50.92.1.49.43.34.50.66.56.84.1.51.7.1.28.1.7.43.xover.mutate.done 50
 generation 27.93.91.93.89.89.74.82.89.75.82.37.50.14.50.20.50.21.50.7.24.78.67.5.0.23.65.83.0.41.59.91.62.19.26.7.50.38.54.34.0.50.61.50.0.13.14.41.25.17.50.xover.mutate.done 50
 generation 28.94.94.96.85.92.92.93.85.82.74.94.46.50.57.60.35.1.49.56.2.49.13.57.42.18.94.1.14.11.1.27.1.92.50.11.22.35.19.58.61.21.20.13.50.34.50.93.26.38.0.xover.mutate.done 50
 generation 29.91.93.95.95.95.86.93.93.93.93.0.43.14.26.48.41.47.17.23.92.1.61.1.57.67.7.13.21.48.40.1.95.16.1.50.50.5.0.39.4.50.0.0.8.38.0.47.36.54.93.xover.mutate.done 50
 generation 30.94.94.94.94.97.92.92.92.92.92.1.10.1.6.50.29.0.60.29.92.94.1.30.94.49.1.4.1.0.91.1.47.48.17.46.89.49.3.26.50.14.45.7.1.1.50.51.8.50.91.xover.mutate.done 50
 generation 31.90.89.89.89.89.89.89.85.84.84.64.14.51.68.12.32.44.60.1.21.4.40.9.77.83.7.3.3.83.51.30.51.10.65.8.3.50.6.48.19.1.46.8.47.85.18.3.6.23.84.xover.mutate.done 50
 generation 32.95.91.91.91.91.91.91.88.86.87.51.2.50.2.44.43.2.65.42.50.84.29.2.29.50.67.3.25.91.0.91.20.13.11.0.6.49.46.2.87.32.5.0.48.49.2.14.50.2.90.xover.mutate.done 50
 generation 33.93.93.93.93.93.93.93.93.93.88.4.50.14.43.3.4.90.7.53.57.4.7.48.4.3.91.83.4.11.6.52.53.7.18.6.9.7.38.16.7.4.4.49.23.4.39.53.4.50.13.xover.mutate.done 50
 generation 34.95.94.94.94.94.94.94.94.94.94.47.2.42.50.17.2.50.54.40.0.36.0.2.15.2.2.94.2.49.40.50.2.50.2.50.50.47.35.50.2.50.88.27.50.2.2.12.50.32.44.xover.mutate.done 50
 generation 35.91.92.92.92.92.92.92.92.92.85.0.6.0.0.0.48.77.14.0.49.14.0.50.50.50.37.0.50.0.79.0.37.0.63.0.50.6.0.0.5.50.50.0.51.55.11.45.50.49.8.xover.mutate.done 50
 generation 36.94.94.94.94.94.94.94.94.95.89.13.4.27.4.4.4.4.48.53.17.23.32.4.45.50.31.3.17.53.44.4.60.1.45.3.50.30.1.1.4.1.9.58.26.4.15.93.60.4.70.xover.mutate.done 50
 generation 37.96.94.94.94.94.94.94.94.94.91.1.38.22.50.3.3.46.13.21.4.2.47.8.44.53.15.3.63.38.17.31.41.51.30.8.44.69.36.3.90.1.12.52.3.7.58.3.3.50.20.xover.mutate.done 50
 generation 38.95.92.92.92.92.92.92.92.92.95.0.0.23.92.10.50.39.50.0.0.11.34.0.0.31.12.29.67.0.0.0.0.0.0.31.0.21.18.0.0.0.0.26.42.56.40.18.65.18.0.xover.mutate.done 50
 generation 39.90.91.90.90.90.90.90.90.90.90.2.48.0.2.30.31.6.77.2.0.6.49.54.33.2.38.45.2.26.31.2.50.20.50.10.12.10.4.2.2.6.2.2.45.7.45.50.57.54.4.xover.mutate.done 50
 generation 40.95.97.96.96.96.96.96.96.96.96.42.4.1.18.2.2.2.7.12.5.51.63.51.14.1.6.2.29.22.20.8.2.28.1.2.51.10.13.30.18.2.5.1.42.49.51.45.2.2.7.xover.mutate.done 50
 generation 41.93.94.94.94.94.94.94.94.94.95.1.1.5.1.3.1.49.20.1.3.23.50.36.52.94.2.4.12.33.29.72.47.55.51.51.6.8.1.0.4.5.5.7.51.0.47.1.51.1.37.xover.mutate.done 50
 generation 42.86.87.87.87.87.87.87.87.87.87.3.28.3.41.51.3.21.8.9.3.3.42.87.51.8.43.41.12.50.10.35.42.26.3.3.54.3.47.51.32.3.3.21.68.14.41.7.3.1.39.xover.mutate.done 50
 generation 43.92.92.92.92.92.92.92.92.92.89.46.35.1.68.42.2.7.2.10.6.92.9.6.51.2.39.42.68.15.35.51.42.13.2.2.18.3.79.19.2.43.30.1.2.18.31.43.51.40.2.xover.mutate.done 50
 generation 44.92.92.92.92.92.92.92.92.92.88.11.50.42.44.64.9.1.50.11.19.50.1.32.6.50.50.1.1.32.15.9.50.38.50.50.1.88.88.14.41.50.50.54.1.46.16.15.1.73.75.xover.mutate.done 50
 generation 45.93.93.93.93.93.93.93.93.93.90.50.20.50.57.47.47.9.72.10.0.12.50.0.0.13.33.83.0.6.0.0.50.46.0.0.50.36.0.0.37.24.50.50.5.55.12.0.88.89.50.xover.mutate.done 50
 generation 46.96.96.96.96.96.96.96.96.96.96.58.56.2.41.50.61.8.50.2.1.50.22.46.10.45.66.97.13.50.2.46.13.2.23.2.75.30.22.15.48.2.45.50.1.2.50.3.42.51.51.xover.mutate.done 50
 generation 47.92.93.93.93.93.93.93.93.93.93.2.14.93.48.2.51.41.16.2.2.51.50.1.51.5.48.39.46.50.2.87.1.47.1.2.51.47.41.51.2.2.82.2.1.49.40.2.51.1.2.xover.mutate.done 50
 generation 48.98.98.98.98.98.98.98.98.98.98.1.4.1.46.1.72.31.26.24.50.1.1.1.1.12.35.1.54.4.50.12.1.40.72.11.43.46.1.1.1.77.48.1.51.1.50.50.50.1.1.xover.mutate.done 50
 generation 49.93.93.93.93.93.93.93.93.93.93.52.60.51.52.2.33.2.55.2.4.4.69.43.45.4.37.2.40.4.28.54.4.52.4.80.50.39.11.35.17.2.30.81.26.45.49.17.4.4.51.xover.mutate.done 50
 34578303 iters     740989 iter/sec (46.67 s)
 total time: 46.67
