% Invoked: ./gella -d -r 3 -l biased_r3/run10 >& biased_r3/run10.log
% Ministry of Cellular Automata
% Project Deux (CS523 Spring 2015)
% Version:v0.1-70-g0624-dirty
%  pop:50
%  ic count:100
%  CA Log option:biased_r3/run10
%  width:121
%  max workers:4
%  radius:3
%  iterations:300
%  use bias:true
%  generations:50

 generation 0.2.2.50.0.0.19.2.17.50.2.2.2.0.2.0.2.2.2.14.3.2.0.2.52.50.2.50.2.2.2.2.2.50.2.50.2.2.0.0.2.0.0.19.2.2.2.2.2.50.0.xover.mutate.done 50
 generation 1.51.50.50.50.50.50.50.50.18.10.1.22.2.1.2.1.2.50.2.2.2.50.26.2.51.1.1.43.1.1.1.1.8.1.2.51.1.2.50.1.2.5.1.1.2.1.2.1.1.1.xover.mutate.done 50
 generation 2.51.51.51.50.50.50.50.50.50.50.2.1.2.1.1.1.1.51.8.25.1.2.1.1.1.2.1.50.1.1.1.1.2.2.1.50.50.3.50.2.2.2.1.1.1.2.2.2.2.1.xover.mutate.done 50
 generation 3.53.53.53.53.50.50.50.50.50.50.50.4.1.3.1.3.4.50.4.50.4.40.1.50.50.4.3.15.3.50.11.4.53.3.3.3.4.4.4.7.3.4.35.11.14.4.4.50.50.3.xover.mutate.done 50
 generation 4.50.50.50.50.50.50.50.50.50.50.0.0.50.0.50.0.50.0.50.0.45.0.0.7.0.0.50.0.0.34.0.50.0.50.0.0.50.50.17.50.0.5.0.0.50.50.0.0.0.0.xover.mutate.done 50
 generation 5.51.51.51.51.51.50.50.50.50.50.1.50.2.50.2.2.2.49.51.1.2.4.2.1.50.1.1.23.51.50.1.1.2.1.51.8.50.1.2.2.1.1.50.50.51.2.1.50.1.50.xover.mutate.done 50
 generation 6.50.50.50.50.50.50.50.50.50.50.50.0.0.50.50.0.50.50.0.50.0.0.0.0.0.0.0.0.0.50.50.50.0.0.0.0.0.0.0.0.0.7.0.50.50.50.50.50.0.0.xover.mutate.done 50
 generation 7.51.51.51.51.51.51.51.51.51.50.1.2.50.50.1.51.1.2.2.1.50.50.50.2.2.1.50.2.2.51.51.51.1.51.50.3.2.51.2.2.51.1.2.1.50.2.51.2.50.12.xover.mutate.done 50
 generation 8.51.51.51.51.51.51.51.51.51.51.2.3.1.2.29.3.51.16.2.15.3.17.51.1.51.2.3.51.44.1.19.1.1.51.50.51.50.29.50.2.1.2.1.1.1.1.1.51.2.2.xover.mutate.done 50
 generation 9.51.51.51.51.51.51.51.51.51.51.5.51.1.1.50.2.2.1.2.16.1.2.51.2.2.51.44.2.1.2.2.51.51.17.2.2.2.1.1.2.2.2.12.2.50.51.2.2.14.51.xover.mutate.done 50
 generation 10.50.50.50.50.50.51.51.50.50.50.50.50.1.50.50.50.50.28.1.50.1.50.50.50.0.4.50.50.50.1.1.50.48.1.1.50.1.50.50.1.1.1.44.50.0.1.21.50.0.21.xover.mutate.done 50
 generation 11.51.51.50.50.50.50.50.50.50.50.50.50.1.50.49.1.50.50.50.47.50.21.1.1.48.1.7.36.1.50.1.1.1.1.1.1.42.50.50.47.1.50.1.1.21.50.50.44.30.51.xover.mutate.done 50
 generation 12.51.51.51.51.51.51.51.51.51.51.24.51.27.21.2.2.51.20.1.50.2.51.3.1.39.51.2.51.86.30.50.24.21.48.2.10.50.2.23.51.2.51.51.50.20.2.47.26.1.2.xover.mutate.done 50
 generation 13.83.50.50.50.51.51.51.51.51.51.1.50.51.50.0.29.40.1.1.25.1.1.47.1.1.1.1.27.1.1.1.50.4.1.0.3.51.51.0.1.0.51.51.17.51.51.1.1.51.25.xover.mutate.done 50
 generation 14.85.53.53.53.53.53.53.53.53.53.50.4.4.51.1.53.42.4.56.51.4.4.25.4.50.45.53.4.44.1.1.4.4.53.50.3.53.50.55.4.33.4.3.53.23.28.4.43.50.4.xover.mutate.done 50
 generation 15.83.55.53.52.52.52.52.52.52.52.52.52.50.2.2.48.52.52.52.19.30.52.43.51.52.2.47.2.52.2.52.7.15.47.52.52.52.52.52.23.50.2.52.42.50.48.2.52.52.0.xover.mutate.done 50
 generation 16.79.53.52.51.51.51.51.51.51.51.24.78.49.1.51.51.51.1.51.47.51.51.52.51.49.46.30.51.51.2.1.51.51.30.51.32.23.51.1.15.50.51.21.3.38.50.1.30.51.51.xover.mutate.done 50
 generation 17.77.77.56.54.54.50.50.50.50.50.47.50.14.50.1.39.50.46.1.50.50.51.68.1.77.50.50.1.50.50.43.50.1.50.56.50.0.21.50.50.50.50.1.1.1.50.1.50.15.36.xover.mutate.done 50
 generation 18.85.85.85.65.58.58.55.55.54.53.4.92.1.22.3.4.4.39.4.66.4.51.4.55.53.11.53.36.7.48.53.15.53.85.48.55.12.50.4.15.53.92.32.93.84.53.50.53.53.1.xover.mutate.done 50
 generation 19.96.96.96.93.93.93.93.92.71.78.51.33.96.51.1.1.1.51.51.15.1.1.1.20.7.1.29.1.11.51.1.15.51.13.1.43.0.1.51.51.17.1.50.1.1.96.0.60.60.51.xover.mutate.done 50
 generation 20.88.88.88.89.88.78.78.78.78.89.51.88.1.43.51.1.0.45.5.51.1.51.30.12.1.0.56.51.24.1.47.35.51.51.1.47.87.51.50.1.1.59.14.1.8.51.1.4.50.20.xover.mutate.done 50
 generation 21.94.90.94.93.93.93.93.91.87.87.51.3.42.51.43.52.51.61.55.35.44.3.83.3.33.10.52.9.3.93.15.51.51.93.28.51.51.18.93.83.46.51.89.52.42.28.91.93.3.93.xover.mutate.done 50
 generation 22.93.94.91.92.91.91.91.91.91.91.50.50.1.56.50.94.47.45.3.50.82.1.91.49.91.50.66.1.82.50.63.34.51.62.40.52.0.50.60.79.55.50.1.1.18.48.9.50.52.46.xover.mutate.done 50
 generation 23.93.93.90.93.93.93.92.93.91.93.66.2.2.2.20.2.54.90.52.4.16.90.2.50.47.2.45.30.91.90.52.5.90.50.47.47.4.51.2.54.32.93.91.56.14.4.57.2.78.52.xover.mutate.done 50
 generation 24.89.91.88.88.88.88.88.88.88.88.51.2.51.2.16.32.1.6.54.44.50.34.47.55.55.37.51.51.6.16.2.11.41.10.2.10.88.88.8.48.36.28.55.48.55.48.51.6.55.38.xover.mutate.done 50
 generation 25.96.95.95.95.95.95.95.95.95.95.8.95.6.41.48.1.94.51.22.2.95.52.54.48.2.6.51.57.50.55.2.48.6.55.2.6.51.51.51.27.95.6.2.56.40.52.88.6.52.6.xover.mutate.done 50
 generation 26.96.96.96.96.96.96.96.96.95.95.50.49.28.95.52.57.0.50.24.46.20.50.42.7.0.50.48.11.11.96.6.88.50.5.56.32.55.0.8.94.92.50.94.55.95.50.52.0.50.66.xover.mutate.done 50
 generation 27.95.96.96.96.96.96.96.96.96.96.91.78.3.96.96.47.85.40.3.52.52.50.52.50.6.60.52.54.52.38.51.48.50.2.82.48.6.94.3.48.51.3.52.52.56.46.3.48.94.50.xover.mutate.done 50
 generation 28.98.97.97.97.97.97.97.97.97.96.3.97.96.49.52.51.61.52.52.52.8.95.52.8.57.16.9.44.83.51.48.52.48.3.97.57.54.44.14.50.87.97.95.3.52.8.3.51.38.8.xover.mutate.done 50
 generation 29.90.90.90.90.90.90.90.89.89.89.17.1.43.34.51.61.51.81.51.52.0.1.43.53.51.50.89.20.1.50.4.51.1.12.82.86.72.40.7.6.19.82.89.61.24.51.89.1.1.50.xover.mutate.done 50
 generation 30.93.93.93.93.93.93.93.90.93.90.93.93.50.57.88.48.50.4.93.21.50.5.53.50.4.50.1.50.13.59.89.81.50.93.0.50.45.46.50.52.50.82.5.1.56.91.89.30.4.56.xover.mutate.done 50
 generation 31.90.90.90.90.90.90.90.88.87.90.53.56.50.90.82.42.14.46.48.74.50.35.82.87.49.39.42.90.47.56.26.56.86.9.39.0.8.12.13.46.83.85.53.89.45.49.50.41.51.48.xover.mutate.done 50
 generation 32.94.94.94.94.94.94.94.94.94.94.82.49.94.95.24.61.2.94.94.94.50.95.49.0.92.52.95.52.55.60.59.48.47.55.93.17.77.9.2.80.38.16.95.92.60.21.90.43.94.14.xover.mutate.done 50
 generation 33.89.91.91.91.93.92.92.92.92.92.1.92.30.76.82.48.47.45.92.91.44.0.17.92.45.0.0.47.1.26.60.27.52.1.37.1.47.93.91.30.2.92.10.89.36.92.47.86.48.43.xover.mutate.done 50
 generation 34.90.90.90.90.90.90.90.91.91.90.12.27.2.90.90.44.56.88.64.45.2.88.47.15.88.89.61.5.38.49.11.5.77.43.14.64.55.40.14.48.50.42.28.2.27.2.49.23.44.12.xover.mutate.done 50
 generation 35.93.94.93.93.94.94.94.94.94.93.1.23.45.94.24.52.14.77.93.94.50.91.9.8.50.3.2.88.35.57.28.48.26.14.6.39.15.18.26.58.3.51.17.53.47.93.52.12.51.1.xover.mutate.done 50
 generation 36.91.92.92.92.92.92.92.91.92.92.2.62.47.45.5.6.40.2.51.36.14.9.48.2.50.2.34.90.42.53.18.42.10.33.2.42.52.76.9.3.61.48.56.5.53.48.50.22.92.37.xover.mutate.done 50
 generation 37.93.93.93.93.93.93.93.94.93.92.50.50.16.93.56.52.40.51.51.31.50.1.53.1.93.37.31.9.15.49.8.1.4.1.50.27.13.83.50.4.50.57.51.57.6.93.49.35.50.56.xover.mutate.done 50
 generation 38.96.96.96.96.96.96.96.96.93.96.53.5.63.95.96.3.95.94.3.51.93.53.94.26.16.60.47.3.3.3.3.20.9.60.3.5.50.55.50.95.44.49.24.3.50.5.48.3.52.3.xover.mutate.done 50
 generation 39.95.93.93.93.93.93.93.93.93.93.41.2.2.43.62.58.2.31.49.57.2.2.8.8.82.51.93.2.91.47.50.48.2.82.45.51.11.37.2.55.17.58.93.0.91.50.93.26.50.2.xover.mutate.done 50
 generation 40.93.93.93.93.93.93.93.93.93.93.55.93.36.54.8.52.28.50.52.81.93.33.5.63.43.56.43.53.55.45.51.91.2.44.22.4.50.50.45.4.93.47.49.45.79.28.37.50.27.15.xover.mutate.done 50
 generation 41.93.93.93.93.93.93.93.93.93.93.51.41.2.0.50.6.25.36.49.31.42.63.51.29.50.91.0.93.21.89.50.51.94.23.15.0.92.65.53.94.94.3.18.2.49.51.38.59.43.50.xover.mutate.done 50
 generation 42.94.94.94.94.94.94.94.94.93.94.47.26.93.0.68.10.22.0.60.60.8.0.21.13.60.59.59.49.25.51.0.75.94.94.48.92.44.47.35.86.50.92.47.9.52.24.19.34.47.9.xover.mutate.done 50
 generation 43.96.96.96.96.96.96.96.96.96.96.1.60.1.49.50.18.37.88.50.96.94.1.77.15.51.50.94.5.83.19.65.50.19.10.50.50.50.40.51.16.37.46.50.79.92.30.52.46.14.1.xover.mutate.done 50
 generation 44.92.92.91.92.92.91.92.91.91.91.43.59.7.57.33.0.32.50.92.58.0.10.6.25.22.37.8.0.92.58.89.53.58.47.50.24.44.92.75.47.50.19.46.46.77.91.8.27.92.48.xover.mutate.done 50
 generation 45.91.91.91.91.91.91.87.92.91.91.1.26.54.86.52.51.69.1.52.43.44.77.36.20.45.23.91.15.19.91.13.21.50.47.23.48.1.46.47.1.24.38.55.1.1.16.20.90.48.41.xover.mutate.done 50
 generation 46.92.94.94.94.95.95.94.95.95.94.50.1.47.95.21.54.24.54.46.54.90.30.50.12.16.48.21.62.66.47.14.23.6.31.31.54.50.92.49.50.54.1.45.1.7.95.1.1.0.89.xover.mutate.done 50
 generation 47.95.95.95.95.92.95.94.94.93.94.95.54.34.9.50.93.48.92.92.44.0.50.60.52.0.5.95.48.47.45.50.0.0.16.18.0.50.47.9.92.57.58.54.44.92.3.31.94.50.0.xover.mutate.done 50
 generation 48.93.93.93.93.93.93.93.93.93.93.58.49.94.46.1.1.76.50.1.47.93.9.17.93.37.93.93.47.7.54.93.93.43.35.43.89.52.48.93.10.50.11.93.68.10.53.10.60.21.1.xover.mutate.done 50
 generation 49.89.91.91.91.91.91.91.91.91.91.91.0.0.0.90.90.89.0.0.82.84.37.81.89.2.85.5.19.0.0.91.43.41.90.88.30.0.50.74.3.33.0.50.43.91.49.0.53.0.52.xover.mutate.done 50
 30820263 iters     704185 iter/sec (43.77 s)
 total time: 43.77
