52 50 50 50 50 50 50 50 19 19 17 14 3 2 2 2 2 2 2 2 2 2 2 2 2 2 2 2 2 2 2 2 2 2 2 2 2 2 2 2 0 0 0 0 0 0 0 0 0 0 
51 51 51 50 50 50 50 50 50 50 50 50 50 43 26 22 18 10 8 5 2 2 2 2 2 2 2 2 2 2 2 2 1 1 1 1 1 1 1 1 1 1 1 1 1 1 1 1 1 1 
51 51 51 51 50 50 50 50 50 50 50 50 50 50 50 25 8 3 2 2 2 2 2 2 2 2 2 2 2 2 2 1 1 1 1 1 1 1 1 1 1 1 1 1 1 1 1 1 1 1 
53 53 53 53 53 50 50 50 50 50 50 50 50 50 50 50 50 50 50 40 35 15 14 11 11 7 4 4 4 4 4 4 4 4 4 4 4 4 3 3 3 3 3 3 3 3 3 1 1 1 
50 50 50 50 50 50 50 50 50 50 50 50 50 50 50 50 50 50 50 50 50 50 45 34 17 7 5 0 0 0 0 0 0 0 0 0 0 0 0 0 0 0 0 0 0 0 0 0 0 0 
51 51 51 51 51 51 51 51 51 50 50 50 50 50 50 50 50 50 50 50 50 50 50 49 23 8 4 2 2 2 2 2 2 2 2 2 2 1 1 1 1 1 1 1 1 1 1 1 1 1 
50 50 50 50 50 50 50 50 50 50 50 50 50 50 50 50 50 50 50 50 50 50 50 50 7 0 0 0 0 0 0 0 0 0 0 0 0 0 0 0 0 0 0 0 0 0 0 0 0 0 
51 51 51 51 51 51 51 51 51 51 51 51 51 51 51 51 51 50 50 50 50 50 50 50 50 50 50 12 3 2 2 2 2 2 2 2 2 2 2 2 2 2 1 1 1 1 1 1 1 1 
51 51 51 51 51 51 51 51 51 51 51 51 51 51 51 51 51 50 50 50 44 29 29 19 17 16 15 3 3 3 3 2 2 2 2 2 2 2 2 1 1 1 1 1 1 1 1 1 1 1 
51 51 51 51 51 51 51 51 51 51 51 51 51 51 51 51 51 50 50 44 17 16 14 12 5 2 2 2 2 2 2 2 2 2 2 2 2 2 2 2 2 2 2 1 1 1 1 1 1 1 
51 51 50 50 50 50 50 50 50 50 50 50 50 50 50 50 50 50 50 50 50 50 50 50 50 50 50 50 50 48 44 28 21 21 4 1 1 1 1 1 1 1 1 1 1 1 1 0 0 0 
51 51 51 50 50 50 50 50 50 50 50 50 50 50 50 50 50 50 50 50 50 50 50 50 49 48 47 47 44 42 36 30 21 21 7 1 1 1 1 1 1 1 1 1 1 1 1 1 1 1 
86 51 51 51 51 51 51 51 51 51 51 51 51 51 51 51 51 51 51 50 50 50 50 48 47 39 30 27 26 24 24 23 21 21 20 20 10 3 2 2 2 2 2 2 2 2 2 1 1 1 
83 51 51 51 51 51 51 51 51 51 51 51 51 51 51 50 50 50 50 50 50 47 40 29 27 25 25 17 4 3 1 1 1 1 1 1 1 1 1 1 1 1 1 1 1 1 0 0 0 0 
85 56 55 53 53 53 53 53 53 53 53 53 53 53 53 53 53 51 51 50 50 50 50 50 45 44 43 42 33 28 25 23 4 4 4 4 4 4 4 4 4 4 4 4 4 3 3 1 1 1 
83 55 53 52 52 52 52 52 52 52 52 52 52 52 52 52 52 52 52 52 52 52 52 52 52 52 52 51 50 50 50 48 48 47 47 43 42 30 23 19 15 7 2 2 2 2 2 2 2 0 
79 78 53 52 52 51 51 51 51 51 51 51 51 51 51 51 51 51 51 51 51 51 51 51 51 51 51 51 50 50 49 49 47 46 38 32 30 30 30 24 23 21 15 3 2 1 1 1 1 1 
77 77 77 68 56 56 54 54 51 50 50 50 50 50 50 50 50 50 50 50 50 50 50 50 50 50 50 50 50 50 50 50 47 46 43 39 36 21 15 14 1 1 1 1 1 1 1 1 1 0 
93 92 92 85 85 85 85 84 66 65 58 58 55 55 55 55 54 53 53 53 53 53 53 53 53 53 51 50 50 48 48 39 36 32 22 15 15 12 11 7 4 4 4 4 4 4 4 3 1 1 
96 96 96 96 96 93 93 93 93 92 78 71 60 60 51 51 51 51 51 51 51 51 51 50 43 33 29 20 17 15 15 13 11 7 1 1 1 1 1 1 1 1 1 1 1 1 1 1 0 0 
89 89 88 88 88 88 88 87 78 78 78 78 59 56 51 51 51 51 51 51 51 51 51 50 50 47 47 45 43 35 30 24 20 14 12 8 5 4 1 1 1 1 1 1 1 1 1 1 0 0 
94 94 93 93 93 93 93 93 93 93 93 91 91 90 89 87 87 83 83 61 55 52 52 52 51 51 51 51 51 51 51 51 46 44 43 42 42 35 33 28 28 18 15 10 9 3 3 3 3 3 
94 94 93 92 91 91 91 91 91 91 91 91 91 82 82 79 66 63 62 60 56 55 52 52 51 50 50 50 50 50 50 50 50 50 49 48 47 46 45 40 34 18 9 3 1 1 1 1 1 0 
93 93 93 93 93 93 93 93 92 91 91 91 90 90 90 90 90 78 66 57 56 54 54 52 52 52 51 50 50 47 47 47 45 32 30 20 16 14 5 4 4 4 2 2 2 2 2 2 2 2 
91 89 88 88 88 88 88 88 88 88 88 88 55 55 55 55 55 54 51 51 51 51 51 50 48 48 48 47 44 41 38 37 36 34 32 28 16 16 11 10 10 8 6 6 6 2 2 2 2 1 
96 95 95 95 95 95 95 95 95 95 95 95 95 94 88 57 56 55 55 54 52 52 52 51 51 51 51 51 50 48 48 48 41 40 27 22 8 6 6 6 6 6 6 6 2 2 2 2 2 1 
96 96 96 96 96 96 96 96 96 95 95 95 95 94 94 92 88 66 57 56 55 55 52 52 50 50 50 50 50 50 50 50 49 48 46 42 32 28 24 20 11 11 8 7 6 5 0 0 0 0 
96 96 96 96 96 96 96 96 96 96 96 95 94 94 91 85 82 78 60 56 54 52 52 52 52 52 52 52 51 51 50 50 50 50 48 48 48 48 47 46 40 38 6 6 3 3 3 3 3 2 
98 97 97 97 97 97 97 97 97 97 97 97 96 96 95 95 87 83 61 57 57 54 52 52 52 52 52 52 52 51 51 51 50 49 48 48 44 44 38 16 14 9 8 8 8 8 3 3 3 3 
90 90 90 90 90 90 90 89 89 89 89 89 89 86 82 82 81 72 61 61 53 52 51 51 51 51 51 51 50 50 50 43 43 40 34 24 20 19 17 12 7 6 4 1 1 1 1 1 1 0 
93 93 93 93 93 93 93 93 93 93 93 93 91 90 90 89 89 88 82 81 59 57 56 56 53 52 50 50 50 50 50 50 50 50 50 50 48 46 45 30 21 13 5 5 4 4 4 1 1 0 
90 90 90 90 90 90 90 90 90 90 89 88 87 87 86 85 83 82 82 74 56 56 56 53 53 51 50 50 50 49 49 48 48 47 46 46 45 42 42 41 39 39 35 26 14 13 12 9 8 0 
95 95 95 95 94 94 94 94 94 94 94 94 94 94 94 94 94 94 94 93 92 92 90 82 80 77 61 60 60 59 55 55 52 52 50 49 49 48 47 43 38 24 21 17 16 14 9 2 2 0 
93 93 92 92 92 92 92 92 92 92 92 92 91 91 91 91 91 89 89 86 82 76 60 52 48 48 47 47 47 47 45 45 44 43 37 36 30 30 27 26 17 10 2 1 1 1 1 0 0 0 
91 91 90 90 90 90 90 90 90 90 90 90 89 88 88 88 77 64 64 61 56 55 50 49 49 48 47 45 44 44 43 42 40 38 28 27 27 23 15 14 14 12 12 11 5 5 2 2 2 2 
94 94 94 94 94 94 94 94 93 93 93 93 93 93 91 88 77 58 57 53 52 52 51 51 50 50 48 47 45 39 35 28 26 26 24 23 18 17 15 14 14 12 9 8 6 3 3 2 1 1 
92 92 92 92 92 92 92 92 92 91 91 90 76 62 61 56 53 53 52 51 50 50 48 48 48 47 45 42 42 42 40 37 36 34 33 22 18 14 10 9 9 6 5 5 3 2 2 2 2 2 
94 93 93 93 93 93 93 93 93 93 93 93 92 83 57 57 56 56 53 52 51 51 51 50 50 50 50 50 50 50 49 49 40 37 35 31 31 27 16 15 13 9 8 6 4 4 1 1 1 1 
96 96 96 96 96 96 96 96 96 96 95 95 95 94 94 93 93 63 60 60 55 53 53 52 51 50 50 50 49 48 47 44 26 24 20 16 9 5 5 5 3 3 3 3 3 3 3 3 3 3 
95 93 93 93 93 93 93 93 93 93 93 93 93 91 91 82 82 62 58 58 57 55 51 51 50 50 50 49 48 47 45 43 41 37 31 26 17 11 8 8 2 2 2 2 2 2 2 2 2 0 
93 93 93 93 93 93 93 93 93 93 93 93 93 91 81 79 63 56 55 55 54 53 52 52 51 50 50 50 50 49 47 45 45 45 44 43 43 37 36 33 28 28 27 22 15 8 5 4 4 2 
94 94 94 93 93 93 93 93 93 93 93 93 93 93 92 91 89 65 63 59 53 51 51 51 51 50 50 50 50 49 49 43 42 41 38 36 31 29 25 23 21 18 15 6 3 2 2 0 0 0 
94 94 94 94 94 94 94 94 94 94 94 93 93 92 92 86 75 68 60 60 60 59 59 52 51 50 49 48 47 47 47 47 44 35 34 26 25 24 22 21 19 13 10 9 9 8 0 0 0 0 
96 96 96 96 96 96 96 96 96 96 96 94 94 92 88 83 79 77 65 60 52 51 51 50 50 50 50 50 50 50 50 49 46 46 40 37 37 30 19 19 18 16 15 14 10 5 1 1 1 1 
92 92 92 92 92 92 92 92 92 91 91 91 91 91 91 89 77 75 59 58 58 58 57 53 50 50 50 48 47 47 46 46 44 43 37 33 32 27 25 24 22 19 10 8 8 7 6 0 0 0 
92 91 91 91 91 91 91 91 91 91 91 90 87 86 77 69 55 54 52 52 51 50 48 48 47 47 46 45 44 43 41 38 36 26 24 23 23 21 20 20 19 16 15 13 1 1 1 1 1 1 
95 95 95 95 95 95 94 94 94 94 94 92 92 90 89 66 62 54 54 54 54 54 50 50 50 50 49 48 47 47 46 45 31 31 30 24 23 21 21 16 14 12 7 6 1 1 1 1 1 0 
95 95 95 95 95 95 95 94 94 94 94 93 93 92 92 92 92 92 60 58 57 54 54 52 50 50 50 50 50 48 48 47 47 45 44 44 34 31 18 16 9 9 5 3 0 0 0 0 0 0 
94 93 93 93 93 93 93 93 93 93 93 93 93 93 93 93 93 93 93 89 76 68 60 58 54 53 52 50 50 49 48 47 47 46 43 43 37 35 21 17 11 10 10 10 9 7 1 1 1 1 
91 91 91 91 91 91 91 91 91 91 91 91 90 90 90 89 89 89 88 85 84 82 81 74 53 52 50 50 49 43 43 41 37 33 30 19 5 3 2 0 0 0 0 0 0 0 0 0 0 0 
