% Invoked: ./gella -d -r 3 -l biased_r3/run27 >& biased_r3/run27.log
% Ministry of Cellular Automata
% Project Deux (CS523 Spring 2015)
% Version:v0.1-70-g0624-dirty
%  pop:50
%  ic count:100
%  CA Log option:biased_r3/run27
%  width:121
%  max workers:4
%  radius:3
%  iterations:300
%  use bias:true
%  generations:50

 generation 0.50.1.50.1.1.0.1.1.50.2.50.1.0.0.1.1.27.1.1.1.1.0.50.1.0.11.1.1.0.0.1.1.1.1.1.1.1.1.0.1.1.0.41.1.0.50.50.1.0.0.xover.mutate.done 50
 generation 1.50.52.50.50.50.50.50.38.34.16.3.1.11.3.1.16.3.1.3.40.4.3.52.3.1.2.7.1.1.51.2.26.1.16.50.58.3.11.34.3.3.3.1.3.3.1.2.3.3.1.xover.mutate.done 50
 generation 2.56.51.51.52.50.50.50.50.50.50.2.2.1.3.50.2.50.3.16.7.3.6.1.50.15.50.3.6.2.2.1.3.3.3.3.50.2.1.4.45.2.50.16.1.1.1.15.28.2.45.xover.mutate.done 50
 generation 3.56.51.50.50.50.50.50.50.50.50.1.1.74.1.51.0.1.7.50.7.59.51.9.2.12.8.52.1.50.50.1.1.1.1.0.0.0.1.13.1.1.1.50.1.1.64.50.3.0.0.xover.mutate.done 50
 generation 4.75.56.56.57.47.50.50.50.51.51.50.50.1.0.0.51.5.6.50.1.50.50.1.17.1.0.5.54.1.1.14.1.37.50.13.5.1.0.1.0.50.1.0.5.51.0.1.1.1.50.xover.mutate.done 50
 generation 5.71.53.56.62.50.51.51.51.51.50.0.1.50.0.50.6.50.50.50.1.27.1.50.1.0.21.38.1.1.60.51.17.0.10.50.1.50.6.50.50.15.6.50.0.0.0.50.22.1.6.xover.mutate.done 50
 generation 6.73.61.58.59.51.50.50.50.50.50.2.6.44.2.2.45.7.2.2.50.2.2.50.0.29.13.2.34.2.0.50.2.0.50.2.35.2.0.15.2.50.2.2.2.50.2.7.2.2.2.xover.mutate.done 50
 generation 7.77.63.59.65.59.52.52.52.52.52.0.2.2.2.0.0.2.2.2.0.2.0.52.2.2.2.52.2.2.2.5.2.2.6.2.13.0.2.2.2.0.7.2.2.45.50.2.0.2.0.xover.mutate.done 50
 generation 8.67.59.59.53.44.50.50.50.50.50.0.0.0.50.17.0.0.0.0.59.0.0.0.0.0.50.50.0.0.50.0.50.0.0.0.0.0.0.0.0.44.0.0.19.0.50.0.20.0.0.xover.mutate.done 50
 generation 9.77.56.61.61.60.53.53.53.53.53.3.3.3.1.1.4.3.4.1.4.4.1.1.1.4.4.1.1.61.4.4.3.1.3.4.3.1.50.1.53.4.4.3.1.3.4.1.3.3.4.xover.mutate.done 50
 generation 10.67.57.57.57.55.59.51.51.51.51.51.3.3.3.3.1.3.3.1.2.1.1.5.3.6.3.1.3.3.3.1.3.2.2.3.1.2.1.1.1.3.2.50.3.52.1.50.1.3.1.xover.mutate.done 50
 generation 11.70.61.62.62.62.54.51.50.50.50.1.1.50.1.1.1.0.1.0.1.0.1.7.1.5.50.1.50.1.1.0.50.50.49.1.1.1.1.1.50.1.1.1.7.0.1.1.1.0.1.xover.mutate.done 50
 generation 12.72.62.62.62.60.55.51.50.50.50.1.0.1.1.1.1.1.1.1.1.1.1.1.1.50.1.1.50.15.1.1.1.50.1.50.1.28.0.1.8.1.0.0.1.1.50.1.1.1.50.xover.mutate.done 50
 generation 13.74.65.65.65.68.68.50.50.50.50.4.0.0.0.0.0.46.0.0.0.0.0.33.0.0.50.0.0.0.50.50.0.0.0.0.0.0.29.50.0.0.0.35.0.0.0.0.0.50.0.xover.mutate.done 50
 generation 14.74.71.70.67.67.67.52.50.50.50.8.2.22.2.6.31.31.7.34.2.50.2.0.2.2.2.20.0.2.2.50.7.50.2.2.18.2.2.2.38.2.2.2.2.0.2.0.50.0.2.xover.mutate.done 50
 generation 15.81.69.60.63.63.63.50.50.50.50.0.0.0.0.0.0.0.0.50.0.0.0.48.0.0.0.0.50.0.0.0.6.0.0.0.0.21.21.37.0.0.0.36.50.0.0.0.0.0.0.xover.mutate.done 50
 generation 16.73.67.67.67.67.59.50.50.50.50.2.50.0.0.0.8.50.0.0.0.0.50.67.43.0.0.1.0.0.0.0.0.50.0.50.0.0.0.0.0.3.0.0.21.0.0.0.0.0.0.xover.mutate.done 50
 generation 17.68.65.63.63.63.62.58.50.52.52.2.21.7.47.0.52.2.2.42.0.52.6.52.61.0.0.2.2.4.0.2.2.2.0.3.0.13.6.2.50.0.0.2.34.47.0.2.50.2.2.xover.mutate.done 50
 generation 18.72.66.58.58.58.57.59.58.51.51.51.14.2.1.58.58.27.1.51.1.1.7.1.50.2.2.8.2.10.50.50.50.50.2.1.2.1.51.1.3.1.1.1.2.58.53.33.2.1.1.xover.mutate.done 50
 generation 19.72.64.52.56.56.56.54.56.56.57.0.1.0.0.0.44.1.7.3.49.50.7.1.1.0.57.1.0.1.1.1.1.1.56.0.57.1.61.7.1.1.0.56.45.50.1.1.1.0.3.xover.mutate.done 50
 generation 20.72.67.70.67.62.62.71.71.71.71.4.1.1.51.1.8.11.9.11.17.68.3.3.4.4.68.1.13.4.68.1.10.4.11.4.1.11.61.4.3.63.4.4.11.4.1.49.3.67.3.xover.mutate.done 50
 generation 21.66.57.57.57.57.58.57.54.62.59.1.1.57.1.1.1.1.53.6.21.8.1.19.57.57.1.17.1.1.7.1.53.1.55.1.1.46.2.1.45.1.15.1.6.1.1.23.34.14.58.xover.mutate.done 50
 generation 22.71.62.63.59.63.65.65.65.65.55.2.32.61.62.59.57.56.52.2.54.3.2.41.54.69.2.2.54.8.2.46.64.63.2.8.2.60.2.9.9.45.26.1.2.2.2.2.2.3.2.xover.mutate.done 50
 generation 23.81.70.68.68.68.68.69.72.65.68.57.5.6.3.3.8.3.49.3.6.65.0.23.3.3.51.56.3.60.0.6.6.3.70.51.68.0.6.63.3.5.5.6.0.3.0.3.3.3.69.xover.mutate.done 50
 generation 24.64.62.61.65.59.60.59.59.59.59.11.10.3.64.3.59.21.3.54.12.47.3.3.10.73.3.1.60.3.40.47.11.10.31.3.11.9.2.62.3.3.2.47.3.2.10.2.3.1.45.xover.mutate.done 50
 generation 25.59.60.72.56.57.53.62.56.52.60.4.56.2.19.16.4.26.10.7.60.23.7.4.4.2.4.4.4.14.4.4.40.16.7.4.16.9.35.19.4.8.2.4.16.4.4.4.4.2.4.xover.mutate.done 50
 generation 26.69.64.60.60.65.64.63.62.63.63.3.58.8.3.27.8.8.3.2.1.2.3.22.2.12.12.19.63.3.60.1.1.8.8.2.8.3.3.2.20.8.61.3.8.1.12.3.13.8.3.xover.mutate.done 50
 generation 27.72.62.64.71.62.68.68.68.57.58.0.0.0.0.0.0.55.0.0.45.48.28.0.0.70.0.0.0.1.52.3.31.8.0.0.0.0.48.29.0.0.62.54.65.52.13.44.0.0.0.xover.mutate.done 50
 generation 28.69.61.59.63.63.63.62.60.60.53.2.2.53.2.2.45.2.2.2.2.2.2.2.2.2.5.55.34.0.2.12.2.5.2.39.34.31.2.2.0.6.2.2.6.2.36.2.33.2.5.xover.mutate.done 50
 generation 29.74.72.72.72.64.71.64.64.70.57.1.51.18.7.4.8.3.7.4.18.7.7.69.9.4.4.7.4.26.7.4.10.1.7.4.1.9.4.48.3.4.4.43.4.1.42.1.3.4.8.xover.mutate.done 50
 generation 30.75.57.57.57.68.72.62.65.68.68.6.62.6.6.36.6.9.6.60.70.15.27.7.33.7.7.7.7.9.3.33.6.3.33.6.7.7.3.7.29.6.3.62.50.9.3.40.3.7.6.xover.mutate.done 50
 generation 31.69.65.57.73.63.54.64.68.59.68.20.1.3.19.1.1.13.1.1.3.47.1.12.63.3.3.23.16.59.68.52.68.1.65.3.3.1.1.6.3.3.43.3.31.1.3.3.50.1.1.xover.mutate.done 50
 generation 32.71.72.64.64.68.64.71.67.74.63.15.57.7.30.7.3.3.35.3.27.7.24.60.7.29.7.3.7.3.20.58.7.3.7.3.3.3.3.7.7.7.3.23.64.3.7.3.7.16.3.xover.mutate.done 50
 generation 33.67.71.68.65.61.59.57.57.57.62.2.62.2.2.2.2.2.9.2.2.9.9.13.2.2.2.9.2.2.17.19.15.54.2.21.9.9.2.26.9.9.14.2.2.2.9.2.2.9.2.xover.mutate.done 50
 generation 34.69.65.65.68.55.63.64.62.66.66.5.3.3.5.3.3.11.7.4.3.5.4.23.4.49.3.13.5.3.8.4.3.3.3.13.3.3.3.4.49.51.5.3.3.3.3.4.12.37.25.xover.mutate.done 50
 generation 35.77.68.67.67.75.66.63.71.65.58.2.2.2.2.22.2.15.7.41.2.51.2.8.2.7.2.2.2.2.27.2.7.2.2.2.2.0.73.8.2.7.8.8.16.0.2.21.28.2.2.xover.mutate.done 50
 generation 36.69.73.75.68.69.67.67.69.64.67.36.53.26.4.7.4.65.7.7.23.7.7.4.7.4.4.4.24.7.1.16.4.1.53.7.31.7.4.56.4.7.1.58.4.11.11.4.4.4.11.xover.mutate.done 50
 generation 37.65.67.69.73.59.63.65.65.62.57.3.7.4.3.1.4.1.1.3.1.4.22.3.0.12.3.9.3.7.1.1.3.1.17.15.1.1.49.1.0.3.3.3.3.27.4.4.0.50.12.xover.mutate.done 50
 generation 38.68.73.60.52.60.60.65.55.57.54.5.5.45.4.7.1.50.4.20.4.17.16.20.24.14.4.5.1.5.7.5.4.47.41.4.42.5.1.7.59.4.13.17.1.1.5.48.1.6.48.xover.mutate.done 50
 generation 39.76.72.67.76.67.67.60.60.65.61.6.12.13.23.3.40.6.12.55.6.6.3.13.6.12.3.12.11.6.6.13.6.27.53.25.11.6.3.13.3.3.6.25.13.46.45.48.12.33.22.xover.mutate.done 50
 generation 40.79.74.75.67.64.64.61.58.64.68.12.4.16.25.1.1.4.7.0.2.0.1.4.7.1.10.1.1.7.1.7.1.1.0.1.39.16.1.7.4.0.1.1.12.1.7.7.7.1.0.xover.mutate.done 50
 generation 41.71.69.70.65.58.67.67.58.60.59.4.2.0.39.2.0.2.8.0.4.0.0.0.0.4.0.0.45.0.0.0.0.4.5.7.4.0.0.4.0.0.0.0.22.4.0.15.13.0.14.xover.mutate.done 50
 generation 42.78.72.78.66.66.71.70.59.66.68.1.5.12.1.5.5.16.34.13.1.1.5.1.1.1.5.1.21.5.1.19.1.1.1.5.1.5.0.5.1.10.1.5.5.5.5.22.5.17.73.xover.mutate.done 50
 generation 43.72.76.64.82.71.70.63.69.69.73.6.2.6.6.18.2.9.5.12.6.1.5.2.52.2.32.5.6.7.2.7.26.7.1.2.2.2.2.2.8.2.2.2.2.2.2.2.5.15.7.xover.mutate.done 50
 generation 44.77.72.67.70.66.63.66.66.57.64.46.14.8.2.60.8.8.2.2.8.8.2.2.2.2.8.8.8.47.8.2.2.29.2.8.50.2.8.8.10.2.2.30.64.2.11.8.8.8.2.xover.mutate.done 50
 generation 45.72.67.70.61.70.68.68.65.63.63.0.3.56.3.12.8.8.0.0.3.20.0.7.0.17.3.3.0.3.0.3.0.42.3.51.13.24.3.49.17.0.3.51.3.13.0.4.0.3.0.xover.mutate.done 50
 generation 46.69.71.68.62.62.62.64.60.59.60.15.6.6.6.13.12.6.6.6.11.11.11.55.6.58.6.6.43.6.16.6.31.6.6.11.11.14.15.6.11.6.50.6.10.47.45.10.6.17.10.xover.mutate.done 50
 generation 47.73.71.71.68.68.68.80.76.66.67.4.4.4.16.12.59.4.78.14.71.2.4.33.11.4.11.13.58.37.14.11.11.62.11.4.12.20.23.66.13.4.4.4.44.14.4.4.17.12.23.xover.mutate.done 50
 generation 48.63.68.60.71.67.64.62.56.61.61.1.45.0.8.0.1.0.0.0.0.36.0.17.0.0.10.1.0.17.0.1.0.1.46.1.1.0.1.0.1.1.0.61.10.0.0.0.0.1.0.xover.mutate.done 50
 generation 49.75.70.78.66.73.63.65.65.65.65.0.6.59.47.64.18.6.0.0.0.0.6.0.0.0.0.6.6.6.17.0.0.0.6.0.6.17.6.6.0.5.6.0.19.0.22.0.0.6.46.xover.mutate.done 50
 67386172 iters     737633 iter/sec (91.35 s)
 total time: 91.35
