0.546875 0.703125 0.109375 0.2890625 0.8046875 0.5390625 0.078125 0.4765625 0.1640625 0.6484375 
0.9375 0.078125 0.78125 0.078125 0.9453125 0.0 0.890625 0.9296875 0.09375 0.0234375 
0.1328125 0.9375 0.75 0.921875 0.078125 0.78125 0.078125 0.9453125 0.0 0.890625 
0.578125 0.9375 0.75 0.921875 0.9375 0.1875 0.9375 0.328125 0.1171875 0.3984375 
0.578125 0.1875 0.328125 0.1171875 0.3984375 0.265625 0.2421875 0.2265625 0.4296875 0.9375 
0.578125 0.9375 0.6640625 0.1875 0.328125 0.1171875 0.3984375 0.265625 0.2421875 0.2265625 
0.578125 0.5859375 0.1875 0.328125 0.1171875 0.3984375 0.265625 0.2421875 0.2265625 0.1484375 
0.578125 0.5859375 0.1875 0.328125 0.1171875 0.3984375 0.265625 0.2421875 0.2265625 0.1484375 
0.578125 0.5859375 0.1875 0.328125 0.1171875 0.3984375 0.265625 0.2421875 0.2265625 0.1484375 
0.5859375 0.578125 0.1875 0.328125 0.1171875 0.3984375 0.265625 0.2421875 0.2265625 0.1484375 
0.578125 0.5859375 0.1875 0.328125 0.1171875 0.3984375 0.265625 0.2421875 0.2265625 0.1484375 
0.578125 0.5859375 0.4140625 0.1875 0.328125 0.1171875 0.3984375 0.265625 0.2421875 0.2265625 
0.578125 0.5859375 0.5859375 0.5859375 0.4140625 0.421875 0.1875 0.328125 0.1171875 0.3984375 
0.4140625 0.421875 0.421875 0.3828125 0.578125 0.1875 0.328125 0.1171875 0.3984375 0.3984375 
0.578125 0.4140625 0.421875 0.421875 0.3828125 0.421875 0.1875 0.328125 0.1171875 0.3984375 
0.578125 0.4140625 0.4140625 0.421875 0.421875 0.421875 0.3984375 0.3828125 0.3984375 0.1875 
0.40625 0.4140625 0.3984375 0.578125 0.4140625 0.421875 0.421875 0.421875 0.3984375 0.390625 
0.578125 0.453125 0.421875 0.40625 0.4296875 0.4140625 0.3984375 0.4140625 0.421875 0.421875 
0.421875 0.40625 0.421875 0.421875 0.4296875 0.3984375 0.421875 0.421875 0.4140625 0.3984375 
0.4453125 0.421875 0.3984375 0.421875 0.40625 0.4296875 0.4140625 0.421875 0.421875 0.421875 
0.421875 0.4453125 0.421875 0.40625 0.421875 0.3984375 0.4140625 0.4296875 0.421875 0.421875 
0.4453125 0.453125 0.421875 0.40625 0.421875 0.421875 0.4140625 0.4140625 0.4375 0.40625 
0.4453125 0.4375 0.453125 0.421875 0.4375 0.4140625 0.40625 0.421875 0.46875 0.3984375 
0.453125 0.421875 0.4375 0.421875 0.46875 0.421875 0.4140625 0.46875 0.4453125 0.40625 
0.3984375 0.4453125 0.4375 0.453125 0.421875 0.46875 0.421875 0.46875 0.421875 0.421875 
0.3984375 0.4375 0.4453125 0.421875 0.453125 0.46875 0.4453125 0.421875 0.421875 0.46875 
0.3984375 0.4296875 0.4375 0.4375 0.421875 0.4453125 0.4453125 0.453125 0.4765625 0.46875 
0.4296875 0.3984375 0.453125 0.421875 0.421875 0.4296875 0.4296875 0.4375 0.4375 0.4453125 
0.453125 0.3984375 0.4296875 0.4453125 0.4375 0.4375 0.4453125 0.4375 0.421875 0.421875 
0.453125 0.4453125 0.3984375 0.4296875 0.4609375 0.421875 0.421875 0.4453125 0.4375 0.4375 
0.453125 0.4453125 0.4140625 0.4296875 0.4453125 0.3984375 0.4609375 0.421875 0.46875 0.421875 
0.4140625 0.4140625 0.4453125 0.4453125 0.3984375 0.3984375 0.4296875 0.453125 0.421875 0.4765625 
0.4140625 0.4609375 0.4140625 0.3984375 0.3984375 0.40625 0.4453125 0.453125 0.4453125 0.4296875 
0.453125 0.4453125 0.453125 0.4140625 0.4140625 0.40625 0.4453125 0.4140625 0.4140625 0.4609375 
0.4140625 0.4140625 0.4453125 0.40625 0.4140625 0.453125 0.4453125 0.4609375 0.3984375 0.453125 
0.4140625 0.4453125 0.4140625 0.40625 0.453125 0.4140625 0.4609375 0.3984375 0.453125 0.4296875 
0.453125 0.4296875 0.4140625 0.46875 0.46875 0.46875 0.40625 0.4296875 0.4140625 0.4453125 
0.453125 0.4140625 0.4296875 0.40625 0.4140625 0.40625 0.4453125 0.4453125 0.4296875 0.4765625 
0.4453125 0.46875 0.4296875 0.4140625 0.453125 0.4140625 0.40625 0.40625 0.4453125 0.4296875 
0.4140625 0.40625 0.4453125 0.46875 0.40625 0.4140625 0.4453125 0.4296875 0.4375 0.46875 
0.4140625 0.4453125 0.46875 0.46875 0.46875 0.40625 0.40625 0.4453125 0.4296875 0.4140625 
0.4140625 0.40625 0.4140625 0.4296875 0.40625 0.4453125 0.4453125 0.46875 0.4609375 0.4296875 
0.4453125 0.4140625 0.4296875 0.46875 0.4140625 0.4609375 0.40625 0.4296875 0.40625 0.4453125 
0.4140625 0.4609375 0.4296875 0.4296875 0.4453125 0.40625 0.46875 0.4296875 0.40625 0.4140625 
0.4140625 0.4296875 0.4296875 0.4609375 0.46875 0.4453125 0.4296875 0.40625 0.4140625 0.40625 
0.4140625 0.4453125 0.4296875 0.4296875 0.4609375 0.46875 0.4140625 0.40625 0.4296875 0.40625 
0.4140625 0.4453125 0.4296875 0.4296875 0.4609375 0.40625 0.4140625 0.40625 0.4296875 0.46875 
0.4140625 0.4296875 0.4296875 0.40625 0.4609375 0.421875 0.4140625 0.4453125 0.40625 0.4296875 
0.4140625 0.421875 0.421875 0.4296875 0.4296875 0.4609375 0.4453125 0.4140625 0.4296875 0.40625 
0.421875 0.4453125 0.4140625 0.4140625 0.40625 0.421875 0.4609375 0.4296875 0.4296875 0.4296875 
