52 50 50 50 50 50 50 50 50 50 50 19 4 2 2 2 2 2 2 2 2 2 2 2 2 2 2 2 2 2 2 2 2 2 2 2 2 2 2 2 2 2 0 0 0 0 0 0 0 0 
50 50 50 50 50 50 50 50 50 50 50 50 50 50 50 50 50 50 50 50 50 50 50 50 33 21 0 0 0 0 0 0 0 0 0 0 0 0 0 0 0 0 0 0 0 0 0 0 0 0 
50 50 50 50 50 50 50 50 50 50 50 50 50 50 50 50 50 50 50 50 50 50 50 50 50 50 31 11 8 2 2 2 2 2 2 2 2 2 2 2 2 2 2 2 2 0 0 0 0 0 
51 51 51 51 51 50 50 50 50 50 50 50 50 50 50 50 50 50 50 50 50 50 50 50 50 50 50 50 50 50 50 50 50 50 50 50 50 50 50 50 8 3 2 2 2 2 1 1 1 1 
50 50 50 50 50 50 50 50 50 50 50 50 50 50 50 50 50 50 50 50 50 50 50 50 50 50 50 50 47 47 44 3 3 3 3 3 3 3 3 3 3 3 3 3 3 3 3 3 0 0 
50 50 50 50 50 50 50 50 50 50 50 50 50 50 50 50 50 50 50 50 50 50 50 50 50 50 50 50 50 50 50 50 50 50 50 50 50 50 44 12 10 9 6 6 1 0 0 0 0 0 
51 51 50 50 50 50 50 50 50 50 50 50 50 50 50 50 50 50 50 50 50 50 50 50 50 50 50 50 50 50 50 19 18 5 3 1 1 1 1 1 1 1 1 1 1 1 1 1 1 0 
52 52 52 52 51 51 51 51 51 51 51 51 51 51 50 50 50 50 50 50 50 50 50 50 50 50 50 50 50 48 46 36 19 15 12 10 7 7 3 3 3 3 3 2 2 2 2 2 1 1 
51 51 51 51 51 51 51 51 51 51 51 51 51 51 51 51 51 51 51 51 51 50 50 50 50 50 16 10 10 2 2 2 2 1 1 1 1 1 1 1 1 1 1 1 1 1 1 1 1 1 
52 52 52 52 52 52 52 52 52 52 52 52 52 52 50 50 50 50 50 50 50 50 50 50 50 39 38 28 24 23 20 9 9 4 2 2 2 2 2 2 2 2 2 2 2 2 2 2 0 0 
71 52 52 52 52 52 52 52 51 51 51 51 51 51 51 51 51 51 51 51 51 51 51 51 51 51 51 51 51 50 49 44 36 35 19 18 10 7 6 3 3 3 3 3 3 3 3 3 3 1 
71 54 51 51 51 51 51 51 51 51 51 51 51 51 51 50 50 50 50 50 50 50 50 50 50 50 50 50 50 50 50 50 49 48 37 23 17 16 15 11 11 9 1 1 1 1 1 1 1 1 
66 59 51 50 50 50 50 50 50 50 50 50 50 50 50 50 50 50 50 50 50 50 50 47 45 45 38 34 28 25 21 14 7 6 5 5 5 0 0 0 0 0 0 0 0 0 0 0 0 0 
68 57 53 52 52 52 52 51 51 51 51 51 51 51 51 51 51 51 51 51 51 51 50 50 50 45 37 29 28 25 17 14 9 8 3 3 3 3 3 3 3 3 3 3 3 3 3 2 2 1 
70 59 56 53 51 51 51 51 51 51 51 51 51 51 51 51 51 51 51 51 50 50 50 42 38 36 29 27 15 12 11 11 10 9 9 8 8 3 2 2 2 2 2 2 2 2 2 2 1 1 
69 58 57 55 54 54 50 50 50 50 50 50 50 50 50 50 50 50 50 50 50 50 50 34 32 28 23 22 20 15 12 10 9 8 6 5 5 5 4 0 0 0 0 0 0 0 0 0 0 0 
85 74 61 60 57 56 55 51 51 50 50 50 50 50 50 47 46 34 31 29 21 19 19 16 15 14 14 13 11 10 10 8 8 8 1 1 1 1 1 1 1 1 1 1 1 0 0 0 0 0 
79 70 58 57 56 56 55 53 53 53 53 53 52 51 51 51 51 51 51 49 49 45 33 29 27 25 15 14 14 13 13 12 11 11 10 9 9 8 4 4 4 4 4 4 4 4 4 3 3 3 
83 71 58 58 56 54 53 50 50 50 50 50 50 50 50 50 48 43 34 22 19 18 11 10 10 8 8 6 6 5 5 5 5 1 1 1 1 1 1 1 1 1 1 1 1 0 0 0 0 0 
82 65 57 54 53 53 53 53 53 53 53 53 53 53 52 52 50 50 50 47 39 37 29 23 20 19 18 15 15 14 13 12 12 12 11 9 7 6 3 3 3 3 3 3 3 3 3 3 3 0 
82 67 59 55 54 54 54 51 51 51 51 51 51 51 51 50 50 46 43 35 33 22 19 18 15 14 14 10 10 9 9 7 6 6 5 5 4 1 1 1 1 1 1 1 1 1 1 1 1 1 
83 69 62 54 53 53 50 50 50 50 50 50 50 50 50 50 50 50 50 48 39 32 32 27 27 21 17 16 15 8 8 8 8 7 7 5 4 4 3 3 3 3 3 0 0 0 0 0 0 0 
85 80 80 65 60 58 58 57 57 55 50 50 50 50 50 50 50 48 47 44 39 36 32 31 31 17 15 14 14 14 12 12 11 10 8 8 8 7 1 1 1 1 1 1 1 1 0 0 0 0 
80 80 72 72 62 61 59 58 58 57 57 55 54 53 51 51 51 51 51 51 50 49 49 49 49 47 47 43 21 19 17 16 15 13 12 11 11 9 8 8 5 1 1 1 1 1 1 1 1 1 
83 81 73 72 64 60 59 57 57 55 55 51 51 51 51 51 51 51 51 50 50 50 48 47 46 46 45 45 38 33 32 21 19 17 14 12 10 7 6 6 6 2 2 2 2 2 2 2 2 1 
84 83 76 71 67 67 65 60 60 58 55 55 54 51 50 50 50 50 50 50 50 48 44 42 39 39 31 27 26 25 15 14 14 12 12 11 11 10 7 2 1 1 1 1 1 1 1 1 1 1 
82 77 70 68 65 65 65 65 63 58 55 55 55 53 51 51 50 50 46 39 38 37 32 31 30 30 27 25 25 21 19 12 12 11 7 7 4 4 4 1 1 1 1 1 1 1 1 1 1 0 
88 85 75 74 74 72 68 68 68 68 68 67 61 60 58 58 52 52 52 48 47 44 38 31 28 27 24 24 23 22 22 21 21 19 17 16 16 13 13 11 11 11 10 6 2 2 2 2 2 2 
83 80 71 70 69 68 66 66 66 66 66 66 63 57 54 54 51 50 50 50 47 42 39 36 30 29 27 26 22 22 22 22 20 19 19 18 17 17 16 14 11 11 10 6 6 4 2 2 2 2 
87 87 85 78 78 77 75 75 75 75 75 74 73 72 69 67 67 67 65 65 64 56 51 51 51 49 49 48 47 46 33 27 21 16 16 15 15 13 12 12 11 10 6 5 1 1 1 1 1 1 
86 84 82 73 73 73 69 69 69 69 69 69 69 66 65 59 58 56 54 51 50 50 48 48 44 41 40 39 39 31 25 23 20 17 16 15 13 13 13 8 7 4 1 1 1 1 1 1 1 1 
87 81 81 78 77 72 71 70 68 63 62 62 62 59 56 51 50 50 50 50 48 48 47 44 43 42 39 36 35 35 27 26 20 20 19 16 15 15 13 12 12 12 11 11 3 3 3 3 3 3 
86 84 78 75 75 73 71 70 70 69 67 61 60 59 57 57 57 51 51 51 51 50 50 50 49 44 44 43 36 28 28 26 25 20 14 13 12 11 10 9 9 6 6 5 4 4 1 1 1 1 
83 80 79 78 76 75 72 70 70 68 67 66 65 57 55 55 52 51 51 51 50 50 50 49 48 46 44 44 43 43 39 36 32 31 30 17 16 12 5 5 4 3 2 2 2 2 2 2 2 2 
90 84 81 80 77 75 72 68 67 67 66 66 57 55 53 51 50 49 42 42 41 39 38 37 25 18 17 17 16 9 8 7 4 1 1 1 1 1 1 1 1 1 1 1 1 1 1 1 1 0 
87 84 84 84 81 81 76 76 73 72 72 71 71 68 68 66 66 65 56 51 51 49 48 48 46 45 39 34 30 24 22 16 14 13 13 11 9 7 7 3 3 3 3 3 3 3 3 3 1 1 
86 86 84 81 80 78 77 75 73 72 71 71 70 66 64 59 53 51 51 50 50 50 46 46 37 34 29 25 25 22 16 15 14 11 10 9 7 5 4 4 4 4 4 2 1 1 1 1 1 1 
86 84 83 82 80 79 78 77 77 77 77 74 72 70 69 59 58 56 55 54 54 50 50 50 47 43 41 39 34 34 24 23 20 17 14 13 12 12 10 10 7 7 0 0 0 0 0 0 0 0 
90 87 82 80 80 80 80 79 79 79 78 78 74 73 72 69 69 66 66 62 62 62 54 53 50 49 48 48 47 46 45 44 32 16 15 13 13 13 10 7 3 3 3 3 3 3 3 3 3 0 
84 82 81 80 80 79 79 79 77 74 72 72 68 63 62 58 57 57 55 54 51 51 50 50 50 49 48 47 46 42 34 24 19 19 18 15 15 9 8 6 6 6 5 2 2 2 2 2 2 2 
81 81 79 79 78 77 76 76 76 75 72 72 70 67 60 54 53 53 51 51 51 51 50 50 50 50 50 50 49 49 47 46 40 35 30 24 21 20 20 18 14 13 12 12 10 9 9 5 1 1 
90 87 87 84 84 84 84 82 82 77 74 71 68 64 59 59 58 56 55 54 50 50 50 50 50 50 50 49 49 49 48 48 47 41 39 18 6 5 5 5 3 3 3 0 0 0 0 0 0 0 
83 82 82 82 82 81 80 79 77 77 77 73 70 63 57 54 53 52 52 51 51 50 50 48 43 38 37 35 33 32 31 29 28 23 15 12 11 10 8 5 5 5 3 3 3 3 2 2 2 2 
88 88 83 83 82 81 80 78 78 76 76 76 72 67 62 61 55 54 50 50 50 50 50 47 46 44 41 41 40 40 39 32 28 22 20 12 9 7 6 6 5 4 2 1 0 0 0 0 0 0 
83 83 79 79 78 76 75 74 74 73 70 64 64 62 57 53 50 50 50 48 46 45 45 36 33 29 28 27 26 25 24 18 17 16 15 12 12 9 9 9 9 9 8 1 1 1 1 1 0 0 
85 85 81 81 79 78 78 77 74 72 72 60 55 52 50 50 50 50 49 49 49 46 44 39 38 38 36 36 35 33 27 21 16 15 15 14 8 8 7 7 5 4 4 4 4 0 0 0 0 0 
80 79 79 77 76 74 73 72 71 69 65 65 60 59 53 53 53 50 50 48 44 41 40 38 37 35 33 27 26 24 20 19 19 18 17 14 11 9 7 3 3 3 3 3 3 3 3 3 3 3 
86 83 83 80 79 78 78 78 77 75 67 64 63 59 56 56 55 54 53 53 53 53 53 53 52 52 51 50 47 46 43 42 42 40 36 36 29 20 13 12 11 9 7 7 7 5 5 5 5 2 
94 90 90 88 85 85 85 84 81 80 76 71 70 68 66 64 63 57 50 50 50 50 50 46 46 44 41 39 39 37 25 19 14 13 11 10 9 7 7 7 7 6 4 2 2 2 2 2 2 0 
86 83 83 83 82 81 81 80 80 79 78 77 77 73 64 58 56 56 55 53 50 50 50 50 50 50 50 47 47 47 47 46 46 33 33 29 26 20 18 13 5 5 2 2 2 2 2 2 2 2 
