0.8828125 0.2421875 0.828125 0.8359375 0.6796875 0.5390625 0.7890625 0.9453125 0.0234375 0.0078125 
0.8828125 0.828125 0.0234375 0.046875 0.140625 0.9296875 0.953125 0.7890625 0.78125 0.2890625 
0.7578125 0.828125 0.875 0.2109375 0.8828125 0.0234375 0.046875 0.140625 0.9296875 0.953125 
0.7578125 0.2109375 0.828125 0.875 0.8828125 0.0234375 0.046875 0.140625 0.9296875 0.953125 
0.7421875 0.40625 0.2890625 0.7578125 0.1796875 0.2109375 0.2890625 0.15625 0.828125 0.875 
0.7421875 0.7578125 0.40625 0.2890625 0.78125 0.828125 0.875 0.78125 0.828125 0.2109375 
0.7421875 0.2890625 0.328125 0.40625 0.7578125 0.828125 0.875 0.78125 0.828125 0.6484375 
0.7421875 0.2890625 0.40625 0.328125 0.7578125 0.828125 0.875 0.78125 0.828125 0.6484375 
0.7421875 0.328125 0.2890625 0.40625 0.7578125 0.828125 0.875 0.78125 0.828125 0.6484375 
0.7421875 0.328125 0.2890625 0.2890625 0.40625 0.828125 0.875 0.78125 0.828125 0.6484375 
0.7421875 0.2890625 0.2890625 0.2890625 0.40625 0.328125 0.828125 0.875 0.78125 0.828125 
0.7421875 0.328125 0.2890625 0.2890625 0.2890625 0.40625 0.40625 0.828125 0.875 0.78125 
0.7421875 0.2890625 0.2890625 0.2890625 0.328125 0.40625 0.40625 0.828125 0.875 0.78125 
0.7421875 0.2890625 0.2890625 0.2890625 0.328125 0.40625 0.40625 0.828125 0.875 0.78125 
0.7421875 0.328125 0.40625 0.2890625 0.2890625 0.2890625 0.40625 0.828125 0.875 0.78125 
0.7421875 0.328125 0.40625 0.2890625 0.2890625 0.2890625 0.40625 0.828125 0.875 0.78125 
0.7421875 0.328125 0.2890625 0.2890625 0.2890625 0.40625 0.40625 0.828125 0.875 0.78125 
0.7421875 0.328125 0.2890625 0.2890625 0.2890625 0.296875 0.40625 0.40625 0.828125 0.875 
0.7421875 0.328125 0.2890625 0.2890625 0.2890625 0.296875 0.3203125 0.40625 0.828125 0.875 
0.7421875 0.328125 0.3203125 0.2890625 0.2890625 0.2890625 0.40625 0.2890625 0.2890625 0.3515625 
0.7421875 0.328125 0.3125 0.3515625 0.3125 0.3125 0.2890625 0.2890625 0.2890625 0.2890625 
0.7421875 0.2890625 0.2890625 0.2890625 0.2890625 0.3125 0.3046875 0.3046875 0.3203125 0.328125 
0.7421875 0.3203125 0.328125 0.3125 0.28125 0.2890625 0.2890625 0.2890625 0.2890625 0.3046875 
0.7421875 0.328125 0.2890625 0.2890625 0.2890625 0.2890625 0.2890625 0.328125 0.28125 0.3046875 
0.7421875 0.328125 0.328125 0.328125 0.2890625 0.3203125 0.2890625 0.2890625 0.2890625 0.2890625 
0.3203125 0.328125 0.7421875 0.296875 0.328125 0.3125 0.328125 0.3203125 0.3203125 0.2890625 
0.7421875 0.328125 0.328125 0.2890625 0.3125 0.3203125 0.328125 0.296875 0.3203125 0.3203125 
0.7421875 0.3125 0.328125 0.3203125 0.328125 0.3203125 0.3203125 0.3203125 0.296875 0.3359375 
0.7421875 0.3203125 0.359375 0.3203125 0.3203125 0.3203125 0.3203125 0.328125 0.3125 0.328125 
0.7421875 0.3203125 0.3203125 0.3203125 0.3203125 0.3203125 0.328125 0.3125 0.359375 0.3671875 
0.7421875 0.3203125 0.3203125 0.3203125 0.3203125 0.359375 0.3125 0.3203125 0.328125 0.3125 
0.7421875 0.359375 0.3046875 0.3203125 0.328125 0.3125 0.3203125 0.3125 0.328125 0.3125 
0.3203125 0.7421875 0.3125 0.3125 0.3203125 0.3125 0.359375 0.328125 0.3203125 0.328125 
0.3203125 0.7421875 0.3203125 0.359375 0.3203125 0.328125 0.3125 0.3125 0.3125 0.34375 
0.7421875 0.3203125 0.3203125 0.359375 0.34375 0.34375 0.3203125 0.328125 0.3125 0.3125 
0.7421875 0.359375 0.3125 0.3125 0.3203125 0.3203125 0.3203125 0.34375 0.328125 0.34375 
0.7421875 0.3203125 0.359375 0.34375 0.359375 0.3125 0.3125 0.3203125 0.328125 0.3203125 
0.359375 0.3203125 0.7421875 0.359375 0.3203125 0.34375 0.3125 0.3125 0.3203125 0.328125 
0.359375 0.7421875 0.3203125 0.359375 0.3125 0.3125 0.34375 0.3203125 0.3203125 0.328125 
0.7421875 0.359375 0.34375 0.3203125 0.3125 0.3125 0.359375 0.3203125 0.3203125 0.328125 
0.7421875 0.3203125 0.359375 0.34375 0.3125 0.3125 0.3203125 0.328125 0.359375 0.3203125 
0.7421875 0.359375 0.3203125 0.3203125 0.34375 0.3125 0.3125 0.359375 0.3203125 0.328125 
0.7421875 0.3203125 0.359375 0.3125 0.3125 0.3203125 0.3203125 0.328125 0.34375 0.359375 
0.7421875 0.359375 0.3359375 0.3203125 0.3203125 0.3203125 0.359375 0.3125 0.3125 0.34375 
0.3203125 0.359375 0.34375 0.7421875 0.3203125 0.3203125 0.3125 0.3125 0.3359375 0.359375 
0.3203125 0.359375 0.7421875 0.34375 0.3203125 0.3125 0.3125 0.359375 0.3671875 0.3203125 
0.3203125 0.7421875 0.3203125 0.3125 0.3125 0.359375 0.359375 0.3671875 0.3203125 0.34375 
0.7421875 0.3203125 0.3203125 0.359375 0.3125 0.3125 0.359375 0.3671875 0.34375 0.3203125 
0.359375 0.3125 0.3671875 0.7421875 0.3203125 0.3203125 0.3359375 0.359375 0.3125 0.3125 
0.7421875 0.3125 0.3203125 0.3203125 0.359375 0.3359375 0.3125 0.3125 0.3125 0.3671875 
