% Invoked: ./gella -d -r 3 -l biased_r3/run26 >& biased_r3/run26.log
% Ministry of Cellular Automata
% Project Deux (CS523 Spring 2015)
% Version:v0.1-70-g0624-dirty
%  pop:50
%  ic count:100
%  CA Log option:biased_r3/run26
%  width:121
%  max workers:4
%  radius:3
%  iterations:300
%  use bias:true
%  generations:50

 generation 0.2.2.1.2.2.1.50.2.2.1.44.50.50.50.1.50.1.2.2.2.2.2.1.1.2.1.51.38.1.2.1.1.2.50.2.50.18.1.1.1.2.1.50.19.2.1.50.1.2.2.xover.mutate.done 50
 generation 1.51.50.50.50.50.50.50.50.50.50.50.0.1.1.1.21.0.5.0.51.1.1.0.0.1.5.0.50.0.1.0.1.1.50.43.1.5.1.1.51.1.50.1.1.50.1.37.52.50.5.xover.mutate.done 50
 generation 2.49.51.51.51.50.50.50.50.50.50.51.51.1.2.1.5.51.37.2.10.1.2.1.51.1.2.1.2.1.8.51.51.2.50.2.51.51.1.50.1.2.51.2.50.60.1.50.2.2.2.xover.mutate.done 50
 generation 3.60.50.50.50.50.54.50.54.54.54.50.0.4.4.4.4.0.0.4.0.16.12.53.10.54.50.4.50.10.0.4.12.50.50.50.0.4.50.23.10.0.0.4.4.50.50.54.4.4.54.xover.mutate.done 50
 generation 4.53.50.50.50.50.50.50.50.50.51.0.50.0.0.50.1.1.1.0.0.0.0.50.22.0.1.51.21.1.3.3.0.1.0.0.1.50.0.1.50.20.41.1.13.21.1.1.15.1.50.xover.mutate.done 50
 generation 5.65.50.50.52.52.52.52.52.52.52.0.50.2.61.52.2.50.2.50.2.26.20.2.2.21.52.2.52.2.6.2.18.2.50.2.2.2.2.50.0.52.2.2.50.51.25.50.50.52.50.xover.mutate.done 50
 generation 6.69.62.52.52.52.52.52.52.52.52.52.4.31.4.4.52.52.4.52.52.4.52.50.2.39.4.2.33.4.4.50.4.31.2.52.52.2.30.23.4.52.4.4.2.50.50.52.4.2.2.xover.mutate.done 50
 generation 7.57.57.52.52.52.52.52.52.52.52.14.3.2.52.52.2.51.3.2.3.52.52.2.51.50.3.1.52.52.50.3.52.3.52.52.2.52.26.1.1.3.2.50.3.52.1.3.3.3.3.xover.mutate.done 50
 generation 8.66.67.51.51.51.51.51.51.51.51.1.0.1.0.1.1.1.1.22.1.51.51.50.50.51.0.51.1.1.51.0.1.1.50.51.1.0.50.50.1.51.1.1.51.1.7.50.1.0.1.xover.mutate.done 50
 generation 9.57.60.51.51.51.51.51.51.51.51.2.51.35.50.1.50.51.2.50.38.1.1.51.51.51.51.51.1.1.2.1.1.16.1.51.2.51.46.1.1.1.2.51.2.1.19.51.1.51.30.xover.mutate.done 50
 generation 10.71.70.52.52.52.52.52.52.52.52.52.4.17.4.52.40.44.50.52.4.2.52.2.52.4.2.2.2.2.4.2.2.52.4.52.2.52.2.58.52.4.52.2.4.4.50.2.52.2.46.xover.mutate.done 50
 generation 11.71.66.64.51.51.51.51.51.51.51.51.1.1.1.1.51.1.51.0.1.1.1.51.51.27.1.1.51.66.11.51.66.14.1.1.1.14.51.1.1.1.50.1.64.1.1.1.50.51.1.xover.mutate.done 50
 generation 12.50.48.48.48.57.57.50.50.50.50.1.8.4.0.50.0.57.0.1.1.1.1.50.1.48.0.6.0.50.0.1.50.50.1.0.1.0.44.0.1.49.13.50.54.1.28.7.0.0.1.xover.mutate.done 50
 generation 13.59.59.59.59.69.50.50.50.50.50.59.0.12.9.50.50.1.5.50.50.1.1.46.50.50.10.1.50.6.1.1.1.1.50.0.50.50.50.50.1.50.50.0.0.1.50.47.5.1.1.xover.mutate.done 50
 generation 14.64.59.59.59.58.59.51.51.51.51.51.50.59.13.3.3.20.2.50.2.3.3.10.3.4.3.20.3.8.2.50.51.2.13.51.50.57.3.3.3.42.2.51.51.3.4.60.3.3.3.xover.mutate.done 50
 generation 15.62.64.61.61.61.61.61.60.57.51.57.61.13.51.51.4.1.1.1.10.51.1.1.0.6.1.60.8.1.65.1.59.1.51.51.1.50.50.1.11.1.1.13.63.0.1.21.58.1.1.xover.mutate.done 50
 generation 16.61.59.59.73.59.59.59.59.59.59.19.1.0.55.50.15.1.59.1.60.39.5.5.55.13.30.0.1.59.62.50.50.10.54.1.59.55.10.59.66.0.11.50.50.12.1.12.1.50.1.xover.mutate.done 50
 generation 17.56.57.66.66.56.62.62.61.63.63.63.38.52.2.0.2.51.59.51.9.52.58.42.19.11.51.50.2.63.19.12.63.13.9.63.56.0.2.6.8.2.14.39.50.60.59.57.6.9.10.xover.mutate.done 50
 generation 18.61.60.58.58.59.63.58.58.59.58.50.12.57.17.18.58.51.51.52.45.50.4.2.2.44.46.13.1.7.51.20.2.10.47.32.5.8.9.1.55.43.8.5.42.58.49.6.66.66.52.xover.mutate.done 50
 generation 19.66.71.63.65.65.61.62.61.61.61.58.13.40.17.30.8.12.11.11.11.52.25.0.44.65.48.1.36.11.50.9.45.51.1.1.41.1.21.10.41.18.47.54.34.19.58.26.61.61.1.xover.mutate.done 50
 generation 20.66.70.62.64.63.54.59.58.58.58.58.6.0.39.50.2.61.7.0.23.0.15.50.5.50.0.0.12.70.0.8.0.59.16.6.35.59.8.57.8.38.54.59.0.6.0.0.24.11.10.xover.mutate.done 50
 generation 21.78.64.63.58.53.58.59.54.60.55.0.45.50.10.45.56.4.7.6.7.48.7.57.6.0.54.12.7.58.67.50.33.8.8.0.0.8.0.42.18.0.45.6.14.34.13.14.5.0.30.xover.mutate.done 50
 generation 22.64.69.71.71.62.66.64.68.67.58.48.2.49.56.7.2.9.7.21.49.2.66.2.20.57.13.2.60.67.49.6.49.22.34.50.22.11.50.57.29.0.58.6.58.17.51.18.21.49.10.xover.mutate.done 50
 generation 23.70.70.74.64.61.69.62.68.75.64.60.2.64.2.2.8.20.9.1.23.45.2.1.10.2.50.30.27.39.89.66.2.2.48.53.10.70.51.1.49.9.3.31.39.39.18.29.3.50.49.xover.mutate.done 50
 generation 24.91.72.73.68.64.65.62.62.62.61.35.2.72.47.23.11.30.2.12.50.2.46.50.7.6.22.1.50.56.2.13.55.6.30.51.47.27.48.2.50.2.39.51.65.62.1.17.51.2.7.xover.mutate.done 50
 generation 25.92.75.66.73.65.63.66.60.61.61.10.19.1.22.50.1.50.18.52.75.1.50.56.41.21.0.50.25.1.52.50.1.51.33.53.46.50.1.9.13.14.1.65.9.79.16.55.28.6.2.xover.mutate.done 50
 generation 26.90.73.71.71.76.71.69.67.69.69.2.10.10.2.15.2.12.51.53.35.51.51.11.51.2.46.2.21.57.2.3.51.72.32.1.45.43.50.36.31.2.76.12.14.1.86.2.2.12.93.xover.mutate.done 50
 generation 27.84.85.88.70.70.69.67.72.72.72.29.63.50.6.1.73.1.72.57.55.1.1.10.13.66.35.1.66.13.42.50.63.23.1.41.18.56.16.0.1.1.52.50.58.35.6.1.43.49.12.xover.mutate.done 50
 generation 28.93.88.88.65.75.75.77.75.78.78.38.49.49.51.18.60.19.57.60.83.64.25.50.2.42.9.8.23.47.32.45.89.35.44.31.58.1.42.25.2.51.10.50.41.48.60.2.43.50.13.xover.mutate.done 50
 generation 29.93.92.90.91.86.75.75.71.75.75.6.23.50.1.54.92.59.53.55.19.1.84.15.80.18.64.1.33.61.1.1.47.50.5.4.56.11.91.51.49.51.50.42.29.75.61.57.1.50.1.xover.mutate.done 50
 generation 30.87.90.91.88.90.90.75.87.71.68.1.13.1.23.1.44.50.50.65.47.67.50.32.4.47.1.1.9.58.23.54.61.54.50.61.57.7.90.11.35.81.43.49.13.92.19.23.22.0.50.xover.mutate.done 50
 generation 31.89.91.88.86.89.89.86.87.85.85.21.72.45.58.52.54.9.55.20.50.52.89.4.7.83.44.57.17.35.21.86.59.86.32.50.4.55.52.52.55.2.49.52.17.52.91.7.60.52.4.xover.mutate.done 50
 generation 32.87.85.88.85.85.88.88.91.90.81.50.6.63.57.7.57.4.40.50.43.9.62.20.50.30.88.76.89.38.45.56.90.24.4.4.4.49.24.16.9.14.12.50.50.42.0.11.4.4.4.xover.mutate.done 50
 generation 33.87.89.86.91.88.89.87.90.85.87.41.36.81.64.12.9.9.3.80.52.46.54.60.61.31.36.11.18.52.3.71.51.26.63.52.5.3.54.18.57.20.41.8.87.6.14.38.7.42.1.xover.mutate.done 50
 generation 34.91.93.87.91.90.91.92.90.89.88.88.18.11.50.48.59.48.50.84.35.25.49.50.47.31.56.50.0.50.9.1.63.1.54.19.2.27.88.35.85.30.1.33.8.2.36.51.39.48.36.xover.mutate.done 50
 generation 35.86.86.86.87.85.88.81.86.89.89.0.49.40.56.88.0.0.51.26.87.50.79.50.0.17.3.5.0.15.63.62.50.0.88.82.42.67.13.7.50.88.50.14.53.59.45.59.21.53.6.xover.mutate.done 50
 generation 36.94.89.91.86.86.86.90.93.94.90.52.9.93.90.0.0.50.60.12.12.11.37.0.59.28.34.8.5.0.0.31.50.67.50.0.12.0.37.0.0.0.86.87.33.9.0.17.9.29.50.xover.mutate.done 50
 generation 37.87.87.88.86.88.87.85.81.82.78.60.8.78.50.8.8.1.50.51.38.7.1.43.50.17.45.27.91.50.8.11.8.78.45.50.1.43.10.48.1.35.45.10.1.8.75.22.1.1.90.xover.mutate.done 50
 generation 38.90.90.87.89.86.87.91.90.89.89.10.43.48.56.46.49.62.3.53.5.50.5.73.24.65.89.45.50.50.53.40.88.46.34.92.72.9.3.63.87.26.62.53.3.46.32.3.3.16.63.xover.mutate.done 50
 generation 39.96.88.91.90.88.87.88.88.83.90.34.68.90.25.70.0.1.18.50.43.70.50.15.50.9.0.55.0.41.59.55.50.0.0.9.55.0.32.24.0.56.20.39.0.0.8.21.50.59.26.xover.mutate.done 50
 generation 40.94.89.89.86.86.94.91.90.88.94.50.33.68.1.54.22.8.58.51.9.3.58.44.20.49.49.1.26.30.93.61.45.1.52.27.36.57.5.68.89.39.51.51.42.2.2.45.17.2.63.xover.mutate.done 50
 generation 41.89.84.85.87.82.80.91.87.85.83.39.35.44.1.41.35.50.17.0.9.20.16.16.8.13.0.50.18.0.41.61.51.44.51.49.57.36.22.18.50.34.24.59.51.50.49.4.9.19.1.xover.mutate.done 50
 generation 42.88.91.89.87.84.90.85.87.88.84.51.29.28.64.2.58.11.35.51.23.1.51.15.43.50.34.58.78.1.2.89.58.51.49.39.48.2.37.2.8.2.59.49.59.1.28.7.51.51.34.xover.mutate.done 50
 generation 43.95.93.94.94.91.88.92.90.89.89.21.13.50.53.53.2.0.85.43.6.52.59.12.2.19.17.52.22.18.26.84.13.2.19.30.2.8.58.35.71.50.48.35.52.47.8.7.52.46.9.xover.mutate.done 50
 generation 44.91.88.88.87.87.90.82.85.86.82.51.0.12.39.51.24.66.1.63.26.51.38.14.63.45.22.58.1.57.1.50.1.1.4.49.1.50.44.48.1.47.23.50.15.51.37.3.1.26.18.xover.mutate.done 50
 generation 45.91.90.89.89.87.84.86.86.86.87.1.14.46.7.50.10.9.1.50.50.3.0.1.19.50.38.50.10.50.19.20.3.45.53.18.20.27.16.38.50.36.23.50.16.50.46.49.42.0.1.xover.mutate.done 50
 generation 46.96.89.92.92.91.89.90.92.89.89.26.44.1.31.8.39.24.1.68.1.50.15.10.31.51.50.0.0.54.32.36.7.23.8.24.44.43.14.49.1.1.91.27.9.50.0.50.50.54.47.xover.mutate.done 50
 generation 47.92.89.89.84.89.91.86.89.84.85.41.20.50.77.92.18.67.0.49.74.49.0.0.50.0.0.50.19.24.50.50.50.0.83.41.0.50.43.50.9.13.53.0.0.32.63.0.50.50.0.xover.mutate.done 50
 generation 48.92.94.90.87.87.89.94.92.86.91.32.43.50.48.18.49.4.35.1.40.51.73.7.48.51.50.44.51.52.79.4.48.50.40.60.7.35.21.50.3.85.9.58.49.53.77.43.50.50.4.xover.mutate.done 50
 generation 49.90.92.94.90.90.86.92.92.92.89.49.62.25.41.38.64.49.0.38.50.6.50.0.49.49.35.0.16.34.0.49.88.41.0.0.0.8.44.0.42.48.50.50.0.4.0.0.49.64.32.xover.mutate.done 50
 35434183 iters     714596 iter/sec (49.59 s)
 total time: 49.59
