% Invoked: ./gella -d -r 3 -l biased_r3/run22 >& biased_r3/run22.log
% Ministry of Cellular Automata
% Project Deux (CS523 Spring 2015)
% Version:v0.1-70-g0624-dirty
%  pop:50
%  ic count:100
%  CA Log option:biased_r3/run22
%  width:121
%  max workers:4
%  radius:3
%  iterations:300
%  use bias:true
%  generations:50

 generation 0.0.1.1.3.50.0.1.5.1.0.0.1.1.1.0.1.1.50.50.1.44.1.0.0.1.1.1.6.0.1.1.1.0.1.5.1.1.1.0.0.1.1.1.1.1.50.0.1.0.1.xover.mutate.done 50
 generation 1.50.50.50.50.40.9.5.5.1.2.1.14.1.1.1.50.1.9.2.2.1.50.2.50.2.1.2.2.50.1.50.1.43.2.19.50.2.1.3.50.1.1.2.1.2.2.1.50.6.1.xover.mutate.done 50
 generation 2.50.50.50.50.50.50.50.50.50.50.38.22.0.0.9.0.0.0.0.0.50.6.0.0.0.0.0.0.0.0.0.0.0.0.1.50.0.2.0.0.0.0.0.2.12.0.50.43.0.0.xover.mutate.done 50
 generation 3.50.50.50.50.50.50.50.50.50.50.0.9.50.12.50.2.2.50.0.2.4.50.2.2.1.5.19.2.2.50.0.0.50.2.17.50.11.44.50.2.46.0.0.2.45.0.52.2.0.50.xover.mutate.done 50
 generation 4.50.50.50.50.50.50.50.50.50.50.50.0.0.0.0.44.0.50.50.0.0.50.50.0.17.45.50.0.0.50.0.0.0.50.9.19.50.0.0.50.34.50.50.40.0.0.0.0.0.0.xover.mutate.done 50
 generation 5.50.50.50.50.50.50.50.50.50.50.0.0.50.50.0.0.0.50.0.0.0.50.50.0.0.50.0.0.50.0.0.0.0.50.45.6.50.0.0.20.0.6.0.8.22.0.50.0.50.6.xover.mutate.done 50
 generation 6.52.50.50.50.50.50.50.50.50.50.33.3.50.32.15.5.2.16.2.5.2.46.7.7.50.50.13.5.5.53.37.50.15.2.5.52.53.6.5.50.2.61.5.5.5.50.2.4.50.53.xover.mutate.done 50
 generation 7.61.51.51.51.51.51.50.50.50.50.50.1.2.1.51.2.1.22.50.2.50.2.1.50.50.50.7.1.51.2.2.2.1.2.1.50.51.50.1.1.50.2.51.1.1.51.2.7.12.51.xover.mutate.done 50
 generation 8.65.50.50.50.50.50.50.50.50.50.7.50.50.50.5.50.0.50.25.0.50.7.0.0.50.0.0.50.0.0.50.0.0.0.0.0.9.0.8.50.0.0.0.0.50.0.50.19.2.13.xover.mutate.done 50
 generation 9.72.50.50.50.51.51.51.50.50.51.1.1.23.19.50.50.7.50.18.50.9.11.1.0.0.0.44.1.1.50.51.51.51.50.1.0.1.1.50.33.51.51.15.51.1.0.50.1.1.1.xover.mutate.done 50
 generation 10.61.52.52.52.52.52.52.52.52.52.4.2.4.52.52.52.28.50.2.25.2.2.4.2.37.52.32.52.50.4.4.52.12.4.4.4.4.52.52.2.4.9.4.52.33.2.15.4.4.2.xover.mutate.done 50
 generation 11.67.52.52.52.52.52.52.52.52.52.2.2.52.34.52.52.52.33.2.42.2.52.52.41.0.2.2.2.2.50.2.2.2.2.50.2.52.34.52.52.52.2.52.2.2.2.50.52.52.52.xover.mutate.done 50
 generation 12.60.51.51.51.51.51.51.51.51.51.18.2.51.1.2.18.51.51.2.2.35.51.2.20.51.51.50.51.13.51.50.51.51.2.46.51.51.2.2.2.2.51.50.33.2.32.2.2.50.51.xover.mutate.done 50
 generation 13.66.50.50.50.50.50.50.50.50.50.50.50.50.1.37.50.1.30.19.1.18.47.1.1.1.50.40.1.50.1.10.34.50.50.50.50.1.1.21.1.50.1.50.1.1.50.50.1.50.1.xover.mutate.done 50
 generation 14.65.51.51.51.51.51.51.51.51.51.51.1.0.51.51.50.51.51.2.29.51.51.2.51.1.1.51.1.2.1.1.51.13.51.1.2.51.1.51.51.51.2.51.51.51.1.51.1.0.51.xover.mutate.done 50
 generation 15.66.50.50.50.50.50.50.50.50.50.50.50.0.50.0.50.0.50.4.50.36.31.50.50.0.22.50.48.0.19.31.42.50.50.50.6.50.50.50.50.15.50.0.50.50.50.50.50.0.0.xover.mutate.done 50
 generation 16.65.50.50.50.50.50.50.50.50.50.50.50.50.50.1.50.50.50.50.27.1.50.1.1.50.24.50.1.50.50.1.1.25.50.50.50.1.50.50.50.1.50.50.20.50.50.1.50.34.1.xover.mutate.done 50
 generation 17.63.51.51.51.51.51.51.51.51.51.3.3.2.51.28.3.2.3.51.3.51.51.51.3.51.51.10.1.3.3.2.32.3.50.3.51.2.50.51.51.51.51.3.51.30.2.51.3.51.3.xover.mutate.done 50
 generation 18.64.50.50.50.50.50.50.50.50.50.0.0.8.7.0.0.0.0.50.50.0.0.50.50.26.50.0.0.50.0.26.0.0.0.0.50.0.12.0.0.0.50.0.0.50.50.50.23.20.50.xover.mutate.done 50
 generation 19.55.50.50.50.50.50.50.50.50.50.0.1.50.1.1.50.1.50.50.1.50.0.1.1.1.50.50.1.50.50.50.1.50.1.50.50.50.46.50.50.1.50.50.1.50.50.50.1.1.1.xover.mutate.done 50
 generation 20.70.51.51.51.51.51.51.51.51.51.51.51.3.51.25.28.50.51.51.1.3.4.51.51.51.4.45.50.4.30.4.3.4.51.50.4.26.4.4.51.51.3.4.51.51.4.51.51.1.51.xover.mutate.done 50
 generation 21.69.52.52.52.52.52.52.52.52.52.4.52.2.52.52.52.52.4.50.2.4.52.52.52.21.52.4.4.52.19.52.4.52.4.4.4.43.52.2.52.17.52.52.4.22.4.20.4.52.52.xover.mutate.done 50
 generation 22.66.52.52.52.52.52.52.52.52.52.52.52.3.52.52.3.3.52.3.3.42.52.52.52.41.52.1.3.52.52.2.52.52.3.52.52.33.52.52.19.52.3.52.52.52.52.52.52.52.52.xover.mutate.done 50
 generation 23.68.51.51.51.51.51.51.51.51.51.1.51.51.51.51.51.51.51.31.51.51.51.51.1.51.1.1.51.1.51.1.51.1.51.1.51.1.0.51.51.50.38.34.48.2.51.51.1.51.1.xover.mutate.done 50
 generation 24.59.51.51.51.51.51.51.51.51.51.1.51.1.1.51.51.51.51.0.1.1.45.51.51.51.43.1.26.51.51.51.1.51.1.0.51.27.1.51.51.51.51.1.51.51.51.50.1.1.51.xover.mutate.done 50
 generation 25.69.50.50.50.50.50.50.50.50.50.50.50.1.50.50.50.50.1.50.50.0.50.1.50.50.0.50.50.50.1.1.50.50.50.1.50.1.50.0.50.43.50.1.50.50.50.50.50.1.50.xover.mutate.done 50
 generation 26.59.50.50.50.50.50.50.50.50.50.50.2.50.2.50.2.2.40.0.50.50.50.29.0.30.24.2.50.32.2.34.2.41.0.50.47.50.31.0.50.2.21.30.0.50.50.0.50.50.50.xover.mutate.done 50
 generation 27.70.51.51.51.51.51.51.51.51.51.51.51.1.51.30.51.51.51.25.26.1.1.30.1.51.1.46.1.51.51.51.50.1.51.51.26.7.51.51.1.1.1.51.51.51.51.51.1.51.1.xover.mutate.done 50
 generation 28.63.51.51.51.51.51.51.51.51.51.49.51.51.51.50.51.51.2.5.51.51.2.51.50.1.2.49.2.51.45.51.51.2.1.1.1.1.51.51.1.51.2.2.22.51.23.1.51.51.48.xover.mutate.done 50
 generation 29.63.51.51.51.51.51.51.51.51.51.2.3.3.51.3.3.50.3.51.51.3.51.3.3.40.51.3.51.49.51.51.51.50.3.3.51.50.3.51.3.3.51.50.2.2.51.51.51.51.51.xover.mutate.done 50
 generation 30.63.50.50.50.50.50.50.50.50.50.50.50.50.28.2.2.50.2.0.50.50.2.50.0.48.50.50.50.45.50.50.2.2.2.50.2.2.50.50.50.50.2.50.50.2.50.2.50.50.50.xover.mutate.done 50
 generation 31.62.50.50.50.50.50.50.50.50.50.50.50.49.50.17.2.50.50.2.31.50.50.50.50.2.8.2.2.0.0.2.50.50.50.2.2.50.50.2.50.2.0.50.50.50.2.2.2.16.50.xover.mutate.done 50
 generation 32.64.50.50.50.50.50.50.50.50.50.50.27.50.50.50.1.1.1.1.0.50.1.50.1.1.50.50.1.0.50.4.50.1.1.50.1.1.1.50.50.0.50.1.1.1.50.1.1.8.1.xover.mutate.done 50
 generation 33.61.51.51.51.51.51.51.51.51.51.51.51.48.51.3.23.51.3.3.3.51.51.2.3.9.50.3.3.3.51.1.51.51.3.1.3.3.50.51.51.3.50.3.3.13.51.51.3.1.51.xover.mutate.done 50
 generation 34.61.51.51.51.51.51.51.51.51.51.3.50.34.23.51.3.51.51.32.2.51.3.3.3.51.21.51.51.2.1.51.32.2.3.51.51.6.3.13.51.50.50.2.3.51.6.1.3.47.48.xover.mutate.done 50
 generation 35.63.51.51.51.51.51.51.51.51.51.51.0.11.51.1.31.11.51.50.51.1.51.51.51.51.29.51.1.51.51.13.1.51.50.47.1.51.1.51.19.51.51.39.1.50.1.51.51.10.32.xover.mutate.done 50
 generation 36.61.51.51.51.51.51.51.51.51.51.51.50.1.50.33.36.51.51.51.37.51.1.51.5.51.51.51.51.51.51.51.51.51.51.47.51.50.50.51.50.24.1.51.13.1.51.50.1.1.51.xover.mutate.done 50
 generation 37.66.50.50.50.50.50.50.50.50.50.50.50.50.50.50.0.1.50.50.1.50.50.50.50.44.0.50.50.50.50.40.14.1.50.50.50.33.50.50.50.50.50.50.16.50.50.50.34.50.50.xover.mutate.done 50
 generation 38.58.50.50.50.50.50.50.50.50.50.50.50.3.50.50.50.3.50.3.50.50.3.50.50.46.50.3.3.50.3.3.50.50.50.50.3.3.50.10.50.50.3.50.50.50.3.50.50.50.50.xover.mutate.done 50
 generation 39.63.51.51.51.51.51.51.51.51.51.31.51.51.1.1.51.1.22.0.0.51.51.1.51.51.50.34.51.51.51.51.51.51.51.50.12.51.1.51.3.51.1.1.0.31.51.51.51.51.51.xover.mutate.done 50
 generation 40.60.51.51.51.51.51.51.51.51.51.2.16.2.36.51.51.51.2.2.39.2.2.25.51.2.2.51.2.51.51.1.51.51.51.51.2.1.51.1.51.29.51.1.2.51.51.51.2.51.2.xover.mutate.done 50
 generation 41.62.50.50.50.50.50.50.50.50.50.0.50.50.1.50.29.1.1.50.50.50.50.50.6.50.50.1.50.50.1.1.50.50.1.50.50.50.1.1.50.50.1.50.1.1.50.1.1.0.35.xover.mutate.done 50
 generation 42.65.51.51.51.51.51.51.51.51.51.1.50.51.39.1.50.51.51.1.50.1.51.51.2.51.2.50.2.1.1.2.24.51.50.30.51.2.26.50.1.51.1.51.1.50.33.51.51.50.51.xover.mutate.done 50
 generation 43.69.50.50.50.50.50.50.50.50.50.1.45.50.50.50.1.50.21.0.1.50.50.50.1.50.1.34.1.1.50.50.1.50.50.50.0.1.50.1.50.50.50.50.1.1.36.0.41.50.1.xover.mutate.done 50
 generation 44.62.51.51.51.51.51.51.51.51.51.1.51.2.51.51.51.51.51.51.51.3.3.3.3.51.51.51.2.3.51.39.50.51.1.51.51.50.51.3.2.1.50.51.1.22.3.3.50.51.51.xover.mutate.done 50
 generation 45.64.52.52.52.52.52.52.52.52.52.50.3.3.3.52.52.20.52.26.52.3.52.3.52.3.3.7.52.3.3.52.52.3.50.1.2.31.52.46.3.1.3.2.52.52.52.50.3.3.52.xover.mutate.done 50
 generation 46.65.50.50.50.50.50.50.50.50.50.0.0.50.15.0.50.12.0.50.46.0.50.0.0.50.50.0.0.50.50.10.50.50.50.0.46.50.50.38.20.0.50.50.0.0.21.50.35.50.0.xover.mutate.done 50
 generation 47.68.52.52.52.52.52.52.52.52.52.51.52.51.52.52.0.2.2.2.52.52.47.52.52.52.2.2.52.2.4.52.2.2.20.52.52.52.52.52.52.3.2.2.2.52.49.52.3.41.52.xover.mutate.done 50
 generation 48.65.50.50.50.50.50.50.50.50.50.15.50.0.12.12.50.50.0.0.50.47.50.0.50.0.0.18.50.50.0.50.0.50.50.50.0.0.0.50.33.0.50.0.50.0.8.50.50.50.19.xover.mutate.done 50
 generation 49.66.52.52.52.52.52.52.52.52.52.39.3.3.52.52.52.52.3.52.52.22.52.3.52.50.52.52.22.52.52.52.52.52.52.52.20.52.50.52.52.14.3.52.3.52.52.52.3.3.12.xover.mutate.done 50
 28378278 iters     719372 iter/sec (39.45 s)
 total time: 39.45
