0.96875 0.390625 0.7578125 0.734375 0.1640625 0.953125 0.03125 0.3203125 0.328125 0.0546875 
0.96875 0.953125 0.03125 0.0546875 0.921875 0.734375 0.8359375 0.203125 0.0234375 0.1484375 
0.328125 0.96875 0.953125 0.03125 0.0546875 0.921875 0.734375 0.8359375 0.203125 0.0234375 
0.71875 0.7421875 0.328125 0.96875 0.953125 0.03125 0.0546875 0.921875 0.734375 0.8359375 
0.765625 0.671875 0.71875 0.7421875 0.625 0.328125 0.734375 0.875 0.8203125 0.7578125 
0.765625 0.71875 0.671875 0.7421875 0.7421875 0.8828125 0.359375 0.625 0.71875 0.328125 
0.7109375 0.765625 0.71875 0.671875 0.7578125 0.6015625 0.359375 0.7421875 0.7421875 0.8828125 
0.765625 0.7109375 0.703125 0.609375 0.71875 0.7578125 0.625 0.625 0.7265625 0.6015625 
0.703125 0.765625 0.7578125 0.7109375 0.71875 0.625 0.7421875 0.609375 0.625 0.625 
0.765625 0.6953125 0.7109375 0.625 0.703125 0.7578125 0.609375 0.71875 0.65625 0.625 
0.765625 0.6953125 0.703125 0.7109375 0.71875 0.6171875 0.7578125 0.609375 0.625 0.65625 
0.7109375 0.765625 0.6328125 0.6953125 0.7265625 0.703125 0.625 0.7578125 0.703125 0.71875 
0.765625 0.6328125 0.7109375 0.703125 0.6953125 0.7265625 0.71875 0.71875 0.7578125 0.625 
0.765625 0.6953125 0.7109375 0.71875 0.7265625 0.6328125 0.7578125 0.71875 0.6796875 0.71875 
0.6328125 0.765625 0.7109375 0.6953125 0.71875 0.71875 0.7421875 0.7265625 0.71875 0.7265625 
0.765625 0.6328125 0.7109375 0.71875 0.7421875 0.7265625 0.6953125 0.671875 0.71875 0.7421875 
0.765625 0.6328125 0.6953125 0.703125 0.7109375 0.734375 0.71875 0.7421875 0.7421875 0.7265625 
0.765625 0.6328125 0.6953125 0.6953125 0.734375 0.7109375 0.7265625 0.703125 0.7421875 0.71875 
0.6328125 0.7109375 0.640625 0.6953125 0.6953125 0.765625 0.6875 0.703125 0.71875 0.703125 
0.6953125 0.6953125 0.6953125 0.765625 0.6328125 0.703125 0.71875 0.7109375 0.640625 0.703125 
0.765625 0.7109375 0.65625 0.6328125 0.6953125 0.6953125 0.6953125 0.6875 0.703125 0.71875 
0.765625 0.7109375 0.71875 0.65625 0.703125 0.6875 0.6328125 0.6328125 0.6953125 0.6953125 
0.65625 0.7109375 0.65625 0.6328125 0.765625 0.71875 0.6875 0.6328125 0.6953125 0.6953125 
0.65625 0.65625 0.765625 0.7109375 0.6328125 0.6953125 0.6953125 0.6875 0.6796875 0.71875 
0.65625 0.65625 0.6328125 0.6796875 0.71875 0.765625 0.6953125 0.6953125 0.6875 0.7109375 
0.65625 0.65625 0.765625 0.6796875 0.6875 0.7109375 0.6328125 0.71875 0.6953125 0.6953125 
0.65625 0.65625 0.6953125 0.6953125 0.6953125 0.765625 0.7109375 0.6328125 0.6875 0.6953125 
0.65625 0.6953125 0.71875 0.65625 0.6953125 0.6953125 0.6953125 0.6953125 0.7109375 0.6328125 
0.65625 0.65625 0.71875 0.7109375 0.6953125 0.6953125 0.6953125 0.6953125 0.6328125 0.703125 
0.65625 0.65625 0.71875 0.6953125 0.6328125 0.6953125 0.6953125 0.6953125 0.6953125 0.6796875 
0.65625 0.65625 0.71875 0.6953125 0.6953125 0.6953125 0.6953125 0.6953125 0.6328125 0.6796875 
0.65625 0.65625 0.6953125 0.71875 0.6796875 0.6953125 0.6953125 0.6953125 0.6953125 0.6328125 
0.71875 0.65625 0.6953125 0.65625 0.6953125 0.6953125 0.6953125 0.6953125 0.6796875 0.6328125 
0.65625 0.6953125 0.71875 0.65625 0.6953125 0.6953125 0.6953125 0.6953125 0.6328125 0.6796875 
0.65625 0.6953125 0.65625 0.6953125 0.6953125 0.6953125 0.6953125 0.65625 0.6328125 0.71875 
0.65625 0.65625 0.6953125 0.71875 0.65625 0.65625 0.6328125 0.6953125 0.6953125 0.6953125 
0.65625 0.65625 0.71875 0.6953125 0.6953125 0.6953125 0.6328125 0.6953125 0.6640625 0.671875 
0.65625 0.71875 0.65625 0.6953125 0.65625 0.6640625 0.6328125 0.6953125 0.6953125 0.6953125 
0.65625 0.65625 0.6953125 0.6953125 0.6953125 0.6953125 0.71875 0.6328125 0.65625 0.6640625 
0.65625 0.65625 0.6953125 0.71875 0.6953125 0.6953125 0.6953125 0.65625 0.6640625 0.6328125 
0.71875 0.65625 0.65625 0.6328125 0.6953125 0.6953125 0.6953125 0.6953125 0.65625 0.6640625 
0.65625 0.65625 0.6328125 0.71875 0.6640625 0.6953125 0.6953125 0.6953125 0.6953125 0.65625 
0.65625 0.6328125 0.65625 0.71875 0.65625 0.6953125 0.6953125 0.6953125 0.6953125 0.65625 
0.65625 0.65625 0.65625 0.6328125 0.71875 0.6953125 0.6953125 0.6953125 0.6953125 0.65625 
0.65625 0.6328125 0.6953125 0.6953125 0.6953125 0.65625 0.65625 0.71875 0.6484375 0.65625 
0.65625 0.6328125 0.6953125 0.6953125 0.6953125 0.65625 0.65625 0.71875 0.65625 0.65625 
0.65625 0.65625 0.71875 0.625 0.65625 0.6796875 0.6328125 0.6796875 0.6953125 0.6953125 
0.625 0.71875 0.65625 0.6328125 0.65625 0.65625 0.6796875 0.6796875 0.6953125 0.6953125 
0.65625 0.65625 0.625 0.71875 0.6328125 0.65625 0.671875 0.6796875 0.625 0.6796875 
0.65625 0.625 0.6640625 0.65625 0.65625 0.625 0.625 0.71875 0.6328125 0.6796875 
