0.171875 0.8359375 0.0859375 0.15625 0.4765625 0.2890625 0.828125 0.8515625 0.5859375 0.6796875 
0.8515625 0.90625 0.0234375 0.984375 0.0703125 0.0546875 1.0 0.03125 0.0 0.859375 
0.8046875 0.796875 0.7890625 0.1171875 0.34375 0.8515625 0.90625 0.0234375 0.984375 0.0703125 
0.8046875 0.796875 0.7890625 0.1171875 0.34375 0.8515625 0.90625 0.0234375 0.984375 0.0703125 
0.8046875 0.796875 0.7890625 0.890625 0.765625 0.859375 0.6875 0.8671875 0.1171875 0.34375 
0.8046875 0.796875 0.7890625 0.890625 0.765625 0.859375 0.6875 0.8671875 0.5234375 0.890625 
0.8046875 0.796875 0.7890625 0.890625 0.765625 0.859375 0.6875 0.8671875 0.5234375 0.890625 
0.8046875 0.796875 0.7890625 0.890625 0.765625 0.859375 0.6875 0.8671875 0.5234375 0.890625 
0.8046875 0.796875 0.7890625 0.890625 0.765625 0.859375 0.6875 0.8671875 0.5234375 0.890625 
0.8046875 0.796875 0.7890625 0.890625 0.765625 0.859375 0.6875 0.8671875 0.5234375 0.890625 
0.8046875 0.796875 0.7890625 0.890625 0.765625 0.859375 0.6875 0.8671875 0.5234375 0.890625 
0.6796875 0.8046875 0.796875 0.7890625 0.890625 0.765625 0.859375 0.6875 0.8671875 0.5234375 
0.6796875 0.8046875 0.796875 0.7890625 0.890625 0.765625 0.859375 0.6875 0.8671875 0.5234375 
0.6796875 0.8046875 0.796875 0.7890625 0.890625 0.765625 0.859375 0.6875 0.8671875 0.5234375 
0.6796875 0.8046875 0.796875 0.7890625 0.890625 0.765625 0.859375 0.6875 0.8671875 0.5234375 
0.6796875 0.8046875 0.796875 0.7890625 0.890625 0.765625 0.859375 0.6875 0.8671875 0.5234375 
0.6796875 0.8046875 0.796875 0.7890625 0.890625 0.765625 0.859375 0.6875 0.8671875 0.5234375 
0.6796875 0.8046875 0.796875 0.7890625 0.890625 0.765625 0.859375 0.6875 0.8671875 0.5234375 
0.6796875 0.8046875 0.796875 0.7890625 0.890625 0.765625 0.859375 0.6875 0.8671875 0.5234375 
0.6796875 0.8046875 0.796875 0.7890625 0.890625 0.765625 0.859375 0.6875 0.8671875 0.5234375 
0.6796875 0.8046875 0.796875 0.7890625 0.890625 0.765625 0.859375 0.6875 0.8671875 0.5234375 
0.6796875 0.8046875 0.796875 0.7890625 0.890625 0.765625 0.859375 0.6875 0.8671875 0.5234375 
0.6796875 0.8046875 0.796875 0.7890625 0.890625 0.765625 0.859375 0.6875 0.8671875 0.5234375 
0.6796875 0.8046875 0.796875 0.7890625 0.890625 0.765625 0.859375 0.6875 0.8671875 0.5234375 
0.6796875 0.8046875 0.796875 0.7890625 0.890625 0.765625 0.859375 0.6875 0.8671875 0.5234375 
0.6796875 0.8046875 0.796875 0.7890625 0.890625 0.765625 0.859375 0.6875 0.8671875 0.5234375 
0.6796875 0.8046875 0.796875 0.7890625 0.890625 0.765625 0.859375 0.6875 0.8671875 0.5234375 
0.6796875 0.8046875 0.796875 0.7890625 0.890625 0.765625 0.859375 0.6875 0.8671875 0.5234375 
0.6796875 0.8046875 0.796875 0.7890625 0.890625 0.765625 0.859375 0.6875 0.8671875 0.5234375 
0.6796875 0.8046875 0.796875 0.7890625 0.890625 0.765625 0.859375 0.6875 0.8671875 0.5234375 
0.6796875 0.8046875 0.796875 0.7890625 0.890625 0.765625 0.859375 0.6875 0.8671875 0.5234375 
0.6796875 0.8046875 0.796875 0.7890625 0.890625 0.765625 0.859375 0.6875 0.8671875 0.5234375 
0.6796875 0.8046875 0.796875 0.7890625 0.890625 0.765625 0.859375 0.6875 0.8671875 0.5234375 
0.6796875 0.8046875 0.796875 0.7890625 0.890625 0.765625 0.859375 0.6875 0.8671875 0.5234375 
0.6796875 0.8046875 0.796875 0.7890625 0.890625 0.765625 0.859375 0.6875 0.8671875 0.5234375 
0.6796875 0.7109375 0.8046875 0.796875 0.7890625 0.890625 0.765625 0.859375 0.6875 0.8671875 
0.6796875 0.7109375 0.8046875 0.796875 0.7890625 0.890625 0.765625 0.859375 0.6875 0.8671875 
0.6796875 0.7109375 0.8046875 0.796875 0.7890625 0.890625 0.765625 0.859375 0.6875 0.8671875 
0.6796875 0.7109375 0.8046875 0.796875 0.7890625 0.890625 0.765625 0.859375 0.6875 0.8671875 
0.6796875 0.7109375 0.8046875 0.796875 0.7890625 0.890625 0.765625 0.859375 0.6875 0.8671875 
0.6796875 0.7109375 0.8046875 0.796875 0.7890625 0.890625 0.765625 0.859375 0.6875 0.8671875 
0.6796875 0.7109375 0.8046875 0.796875 0.7890625 0.890625 0.765625 0.859375 0.6875 0.8671875 
0.6796875 0.7109375 0.8046875 0.796875 0.7890625 0.890625 0.765625 0.859375 0.6875 0.8671875 
0.6796875 0.7109375 0.8046875 0.796875 0.7890625 0.890625 0.765625 0.859375 0.6875 0.8671875 
0.6796875 0.7109375 0.8046875 0.796875 0.7890625 0.890625 0.765625 0.859375 0.6875 0.8671875 
0.6796875 0.7109375 0.8046875 0.796875 0.7890625 0.890625 0.765625 0.859375 0.6875 0.8671875 
0.6796875 0.7109375 0.7109375 0.8046875 0.796875 0.7890625 0.890625 0.765625 0.859375 0.6875 
0.6796875 0.6796875 0.7109375 0.7109375 0.8046875 0.796875 0.7890625 0.890625 0.765625 0.859375 
0.6796875 0.6796875 0.7109375 0.7109375 0.671875 0.8046875 0.796875 0.7890625 0.890625 0.765625 
0.6796875 0.6796875 0.7109375 0.7109375 0.8046875 0.796875 0.7890625 0.890625 0.765625 0.6953125 
