51 50 50 50 50 50 50 50 50 50 44 38 19 18 2 2 2 2 2 2 2 2 2 2 2 2 2 2 2 2 2 2 2 1 1 1 1 1 1 1 1 1 1 1 1 1 1 1 1 1 
52 51 51 51 50 50 50 50 50 50 50 50 50 50 50 50 50 50 50 43 37 21 5 5 5 5 1 1 1 1 1 1 1 1 1 1 1 1 1 1 1 1 0 0 0 0 0 0 0 0 
60 51 51 51 51 51 51 51 51 51 51 51 51 50 50 50 50 50 50 50 50 50 50 49 37 10 8 5 2 2 2 2 2 2 2 2 2 2 2 2 1 1 1 1 1 1 1 1 1 1 
60 54 54 54 54 54 54 54 53 50 50 50 50 50 50 50 50 50 50 50 50 50 50 23 16 12 12 10 10 10 4 4 4 4 4 4 4 4 4 4 4 4 0 0 0 0 0 0 0 0 
53 51 51 50 50 50 50 50 50 50 50 50 50 50 50 50 50 41 22 21 21 20 15 13 3 3 1 1 1 1 1 1 1 1 1 1 1 1 0 0 0 0 0 0 0 0 0 0 0 0 
65 61 52 52 52 52 52 52 52 52 52 52 52 52 51 50 50 50 50 50 50 50 50 50 50 50 26 25 21 20 18 6 2 2 2 2 2 2 2 2 2 2 2 2 2 2 2 2 0 0 
69 62 52 52 52 52 52 52 52 52 52 52 52 52 52 52 52 52 52 52 50 50 50 50 39 33 31 31 30 23 4 4 4 4 4 4 4 4 4 4 4 4 4 2 2 2 2 2 2 2 
57 57 52 52 52 52 52 52 52 52 52 52 52 52 52 52 52 52 52 52 52 51 51 50 50 50 26 14 3 3 3 3 3 3 3 3 3 3 3 3 2 2 2 2 2 2 1 1 1 1 
67 66 51 51 51 51 51 51 51 51 51 51 51 51 51 51 51 51 50 50 50 50 50 50 22 7 1 1 1 1 1 1 1 1 1 1 1 1 1 1 1 1 1 1 0 0 0 0 0 0 
60 57 51 51 51 51 51 51 51 51 51 51 51 51 51 51 51 51 51 51 51 51 50 50 50 46 38 35 30 19 16 2 2 2 2 2 2 1 1 1 1 1 1 1 1 1 1 1 1 1 
71 70 58 52 52 52 52 52 52 52 52 52 52 52 52 52 52 52 52 52 52 52 50 50 46 44 40 17 4 4 4 4 4 4 4 4 4 2 2 2 2 2 2 2 2 2 2 2 2 2 
71 66 66 66 64 64 51 51 51 51 51 51 51 51 51 51 51 51 51 51 51 51 50 50 27 14 14 11 1 1 1 1 1 1 1 1 1 1 1 1 1 1 1 1 1 1 1 1 1 0 
57 57 57 54 50 50 50 50 50 50 50 50 50 50 50 49 48 48 48 48 44 28 13 8 7 6 4 1 1 1 1 1 1 1 1 1 1 1 1 0 0 0 0 0 0 0 0 0 0 0 
69 59 59 59 59 59 50 50 50 50 50 50 50 50 50 50 50 50 50 50 50 50 50 50 50 50 47 46 12 10 9 6 5 5 1 1 1 1 1 1 1 1 1 1 1 1 0 0 0 0 
64 60 59 59 59 59 59 58 57 51 51 51 51 51 51 51 51 51 50 50 50 50 42 20 20 13 13 10 8 4 4 3 3 3 3 3 3 3 3 3 3 3 3 3 3 2 2 2 2 2 
65 64 63 62 61 61 61 61 61 61 60 60 59 58 57 57 51 51 51 51 51 51 50 50 21 13 13 11 10 8 6 4 1 1 1 1 1 1 1 1 1 1 1 1 1 1 1 1 0 0 
73 66 62 61 60 59 59 59 59 59 59 59 59 59 59 59 59 55 55 55 54 50 50 50 50 50 50 39 30 19 15 13 12 12 11 10 10 5 5 1 1 1 1 1 1 1 1 0 0 0 
66 66 63 63 63 63 63 63 62 62 61 60 59 59 58 57 57 56 56 56 52 52 51 51 51 50 50 42 39 38 19 19 14 13 12 11 10 9 9 9 8 6 6 2 2 2 2 2 0 0 
66 66 63 61 60 59 59 58 58 58 58 58 58 58 57 55 52 52 51 51 51 50 50 49 47 46 45 44 43 42 32 20 18 17 13 12 10 9 8 8 7 6 5 5 4 2 2 2 1 1 
71 66 65 65 65 63 62 61 61 61 61 61 61 58 58 54 52 51 50 48 47 45 44 41 41 40 36 34 30 26 25 21 19 18 17 13 12 11 11 11 11 10 9 8 1 1 1 1 1 0 
70 70 66 64 63 62 61 59 59 59 59 58 58 58 58 57 54 54 50 50 50 39 38 35 24 23 16 15 12 11 10 8 8 8 7 6 6 6 5 2 0 0 0 0 0 0 0 0 0 0 
78 67 64 63 60 59 58 58 58 57 56 55 54 54 53 50 50 48 45 45 45 42 34 33 30 18 14 14 13 12 10 8 8 8 7 7 7 7 6 6 6 5 4 0 0 0 0 0 0 0 
71 71 69 68 67 67 66 66 64 64 62 60 58 58 58 57 57 56 51 50 50 49 49 49 49 49 48 34 29 22 22 21 21 20 18 17 13 11 10 9 7 7 6 6 2 2 2 2 2 0 
89 75 74 70 70 70 69 68 66 64 64 64 62 61 60 53 51 50 50 49 49 48 45 39 39 39 31 30 29 27 23 20 18 10 10 9 9 8 3 3 2 2 2 2 2 2 2 1 1 1 
91 73 72 72 68 65 65 64 62 62 62 62 61 56 55 51 51 51 50 50 50 50 48 47 47 46 39 35 30 30 27 23 22 17 13 12 11 7 7 6 6 2 2 2 2 2 2 2 1 1 
92 79 75 75 73 66 66 65 65 63 61 61 60 56 55 53 52 52 51 50 50 50 50 50 50 46 41 33 28 25 22 21 19 18 16 14 13 10 9 9 6 2 1 1 1 1 1 1 1 0 
93 90 86 76 76 73 72 71 71 71 69 69 69 67 57 53 51 51 51 51 51 50 46 45 43 36 35 32 31 21 15 14 12 12 12 11 10 10 3 2 2 2 2 2 2 2 2 2 1 1 
88 85 84 73 72 72 72 72 70 70 69 67 66 66 63 63 58 57 56 55 52 50 50 50 49 43 42 41 35 35 29 23 18 16 13 13 12 10 6 6 1 1 1 1 1 1 1 1 1 0 
93 89 88 88 83 78 78 77 75 75 75 65 64 60 60 60 58 57 51 51 50 50 50 49 49 48 47 45 44 43 42 42 41 38 35 32 31 25 25 23 19 18 13 10 9 8 2 2 2 1 
93 92 92 91 91 90 86 84 80 75 75 75 75 75 71 64 61 61 59 57 56 55 54 53 51 51 50 50 50 50 49 47 42 33 29 23 19 18 15 11 6 5 4 1 1 1 1 1 1 1 
92 91 90 90 90 90 88 87 87 81 75 71 68 67 65 61 61 58 57 54 54 50 50 50 50 50 49 47 47 44 43 35 32 23 23 23 22 19 13 13 11 9 7 4 1 1 1 1 1 0 
91 91 89 89 89 89 88 87 86 86 86 86 85 85 83 72 60 59 58 57 55 55 55 54 52 52 52 52 52 52 52 50 50 49 45 44 35 32 21 21 20 17 17 9 7 7 4 4 4 2 
91 90 90 89 88 88 88 88 87 85 85 85 81 76 63 62 57 57 56 50 50 50 50 50 49 45 43 42 40 38 30 24 24 20 16 14 12 11 9 9 7 6 4 4 4 4 4 4 4 0 
91 90 89 89 88 87 87 87 87 86 85 81 80 71 64 63 61 60 57 54 54 52 52 52 51 46 42 41 41 38 36 36 31 26 20 18 18 14 12 11 9 9 8 7 6 5 3 3 3 1 
93 92 91 91 91 90 90 89 88 88 88 87 85 84 63 59 56 54 51 50 50 50 50 50 49 48 48 48 47 39 36 36 35 35 33 31 30 27 25 19 18 11 9 8 2 2 1 1 1 0 
89 89 88 88 88 88 87 87 86 86 86 86 85 82 81 79 67 63 62 59 59 56 53 53 51 50 50 50 50 50 49 45 42 40 26 21 17 15 14 13 7 6 5 3 0 0 0 0 0 0 
94 94 93 93 91 90 90 90 89 87 86 86 86 86 67 60 59 52 50 50 50 50 37 37 34 33 31 29 28 17 12 12 12 11 9 9 9 8 5 0 0 0 0 0 0 0 0 0 0 0 
91 90 88 88 87 87 87 86 85 82 81 78 78 78 75 60 51 50 50 50 50 50 48 45 45 45 43 43 38 35 27 22 17 11 10 10 8 8 8 8 8 8 7 1 1 1 1 1 1 1 
92 91 90 90 90 89 89 89 89 88 87 87 87 86 73 72 65 63 63 62 62 56 53 53 53 50 50 50 49 48 46 46 46 45 43 40 34 32 26 24 16 10 9 5 5 3 3 3 3 3 
96 91 90 90 90 88 88 88 88 87 83 70 70 68 59 59 56 55 55 55 50 50 50 50 50 43 41 39 34 32 26 25 24 21 20 18 15 9 9 8 1 0 0 0 0 0 0 0 0 0 
94 94 94 93 91 90 89 89 89 88 86 86 68 68 63 61 58 58 57 54 52 51 51 51 50 49 49 45 45 44 42 39 36 33 30 27 26 22 20 17 9 8 5 3 2 2 2 1 1 1 
91 89 87 87 85 85 84 83 82 80 61 59 57 51 51 51 50 50 50 50 49 49 44 44 41 41 39 36 35 35 34 24 22 20 19 18 18 17 16 16 13 9 9 8 4 1 1 0 0 0 
91 90 89 89 88 88 87 87 85 84 84 78 64 59 59 58 58 58 51 51 51 51 51 51 50 49 49 48 43 39 37 35 34 34 29 28 28 23 15 11 8 7 2 2 2 2 2 1 1 1 
95 94 94 93 92 91 90 89 89 88 85 84 71 59 58 53 53 52 52 52 52 50 50 48 47 46 43 35 35 30 26 22 21 19 19 18 17 13 13 12 9 8 8 7 6 2 2 2 2 0 
91 90 88 88 87 87 86 85 82 82 66 63 63 58 57 51 51 51 51 50 50 50 49 48 47 45 44 39 38 37 26 26 24 23 22 18 15 14 12 4 3 1 1 1 1 1 1 1 1 0 
91 90 89 89 87 87 86 86 86 84 53 50 50 50 50 50 50 50 50 50 49 46 46 45 42 38 38 36 27 23 20 20 19 19 18 16 16 14 10 10 9 7 3 3 1 1 1 1 0 0 
96 92 92 92 91 91 90 89 89 89 89 68 54 54 51 50 50 50 50 50 49 47 44 44 43 39 36 32 31 31 27 26 24 24 23 15 14 10 9 8 8 7 1 1 1 1 1 0 0 0 
92 92 91 89 89 89 89 86 85 84 84 83 77 74 67 63 53 50 50 50 50 50 50 50 50 50 50 49 49 43 41 41 32 24 20 19 18 13 9 0 0 0 0 0 0 0 0 0 0 0 
94 94 92 92 91 90 89 87 87 86 85 79 77 73 60 58 53 52 51 51 51 50 50 50 50 50 50 49 49 48 48 48 44 43 43 40 40 35 35 32 21 18 9 7 7 4 4 4 3 1 
94 92 92 92 92 90 90 90 89 88 86 64 64 62 50 50 50 50 49 49 49 49 49 49 48 44 42 41 41 38 38 35 34 32 25 16 8 6 4 0 0 0 0 0 0 0 0 0 0 0 
