% Invoked: ./gella -d -r 3 -l biased_r3/run23 >& biased_r3/run23.log
% Ministry of Cellular Automata
% Project Deux (CS523 Spring 2015)
% Version:v0.1-70-g0624-dirty
%  pop:50
%  ic count:100
%  CA Log option:biased_r3/run23
%  width:121
%  max workers:4
%  radius:3
%  iterations:300
%  use bias:true
%  generations:50

 generation 0.50.0.4.0.39.50.50.4.0.50.4.4.50.50.4.4.4.4.0.5.4.4.4.0.0.4.4.50.4.4.4.50.4.4.0.6.0.0.4.50.41.0.4.4.4.4.4.50.4.4.xover.mutate.done 50
 generation 1.50.50.50.50.50.50.50.50.50.50.50.1.1.16.50.2.1.50.41.1.1.50.19.2.1.40.1.1.1.50.1.24.1.3.13.1.51.6.1.1.50.50.1.1.1.39.6.3.1.50.xover.mutate.done 50
 generation 2.51.50.50.50.50.50.50.50.50.50.50.77.0.14.1.1.50.50.50.1.50.1.1.50.50.0.1.1.6.1.0.34.17.1.64.1.0.50.50.50.8.5.1.48.1.50.1.50.0.0.xover.mutate.done 50
 generation 3.68.62.51.50.50.50.50.50.51.50.8.24.2.16.6.1.18.51.50.1.1.1.5.50.2.1.1.2.2.71.26.50.2.2.50.51.1.51.1.20.51.50.2.51.1.82.51.5.51.56.xover.mutate.done 50
 generation 4.83.69.71.68.57.51.50.50.50.50.1.0.0.1.25.0.1.1.0.1.50.50.57.6.50.0.0.10.5.1.50.46.1.50.50.1.1.68.1.1.0.39.30.0.9.0.65.1.50.68.xover.mutate.done 50
 generation 5.74.70.70.63.63.63.69.55.52.50.50.0.0.18.77.38.1.0.70.1.53.1.0.1.0.0.8.8.70.32.27.0.21.8.51.8.53.7.10.51.53.50.0.1.1.51.46.57.50.0.xover.mutate.done 50
 generation 6.82.84.71.68.71.69.67.61.61.65.50.2.51.47.42.34.2.2.50.71.25.2.2.72.13.19.2.65.15.9.0.2.11.71.75.8.0.50.59.2.71.7.25.9.50.0.13.59.2.0.xover.mutate.done 50
 generation 7.76.71.77.66.70.72.65.69.61.60.68.1.1.1.10.8.49.50.3.6.1.1.50.1.52.1.1.1.1.32.1.58.1.3.60.9.0.1.24.1.19.20.53.0.0.6.59.0.6.66.xover.mutate.done 50
 generation 8.73.81.73.79.71.70.70.72.67.75.2.53.48.4.4.9.2.39.35.54.4.4.2.56.50.2.37.19.55.59.9.32.31.12.25.34.31.4.71.28.61.80.22.4.14.8.38.20.36.13.xover.mutate.done 50
 generation 9.75.73.70.60.72.68.65.70.61.62.43.25.0.15.0.0.0.56.48.2.26.11.0.1.0.69.0.20.41.0.0.0.13.0.14.3.34.2.0.26.0.45.0.0.0.14.0.18.40.0.xover.mutate.done 50
 generation 10.79.74.71.80.66.66.68.64.69.66.2.55.15.64.62.68.2.2.1.36.2.1.2.2.64.26.1.2.32.2.2.2.2.41.61.8.12.14.2.2.32.13.1.2.24.79.73.20.47.13.xover.mutate.done 50
 generation 11.74.78.77.72.72.74.69.70.69.72.29.2.21.4.2.32.67.6.67.2.1.57.9.2.35.2.41.20.2.71.55.2.43.2.2.1.2.2.41.28.4.2.4.4.2.1.65.4.45.1.xover.mutate.done 50
 generation 12.77.72.76.67.77.74.68.71.72.67.2.44.2.2.23.2.2.76.2.57.37.11.21.2.25.19.2.2.9.69.7.36.2.12.2.20.2.2.8.2.7.7.30.2.2.55.32.23.11.2.xover.mutate.done 50
 generation 13.80.79.80.79.77.83.72.79.73.77.2.27.26.2.1.2.2.62.32.74.13.6.44.54.70.2.79.2.76.2.6.2.2.11.7.61.37.74.1.59.7.57.73.62.57.8.73.54.53.7.xover.mutate.done 50
 generation 14.73.81.73.70.71.67.71.71.65.65.4.1.27.43.6.25.51.10.4.42.3.4.4.57.66.4.55.42.67.4.4.6.6.20.69.4.4.29.6.25.6.1.4.67.60.56.6.6.47.6.xover.mutate.done 50
 generation 15.77.76.74.73.71.69.76.67.65.72.0.2.0.58.46.6.0.39.7.35.2.5.0.37.2.60.2.2.7.2.61.2.76.32.0.50.0.25.58.2.74.68.5.32.23.2.6.2.2.2.xover.mutate.done 50
 generation 16.80.80.80.77.78.79.76.77.75.78.68.4.69.59.4.31.2.75.2.2.14.61.1.5.1.2.73.22.2.28.80.69.50.75.2.2.1.75.5.67.2.44.34.5.1.64.64.2.32.2.xover.mutate.done 50
 generation 17.73.81.75.75.70.79.70.71.69.71.1.64.34.58.60.1.11.69.0.2.3.36.71.1.1.1.30.9.1.1.6.57.3.19.50.1.71.60.17.57.3.73.3.17.51.63.77.1.1.1.xover.mutate.done 50
 generation 18.76.72.71.79.79.77.69.74.74.71.47.1.8.79.7.66.6.3.68.8.39.2.59.8.52.7.65.2.58.3.3.3.23.1.8.8.3.3.8.3.70.71.3.7.3.64.6.17.6.6.xover.mutate.done 50
 generation 19.79.79.79.83.81.77.77.82.76.76.75.1.1.1.67.1.42.1.34.1.21.20.11.82.2.74.1.72.1.2.3.78.1.3.2.13.2.2.1.1.1.15.71.1.52.14.1.66.15.1.xover.mutate.done 50
 generation 20.83.82.80.76.73.73.73.77.78.81.41.48.1.2.2.7.58.1.2.7.7.36.7.2.21.60.57.7.45.2.60.60.75.1.48.13.3.1.2.2.1.66.14.7.2.8.10.2.2.2.xover.mutate.done 50
 generation 21.75.79.73.78.69.73.77.73.73.73.26.81.43.2.71.24.5.1.4.4.5.2.54.57.67.1.1.8.1.1.0.1.0.1.1.57.1.1.0.23.0.62.60.1.5.1.15.58.2.54.xover.mutate.done 50
 generation 22.80.76.82.75.80.71.74.71.75.75.0.1.2.2.0.0.3.0.17.54.0.0.51.0.0.3.21.43.0.1.0.0.13.73.51.57.7.57.43.2.54.3.0.3.49.2.67.2.50.58.xover.mutate.done 50
 generation 23.83.82.78.77.81.78.78.78.81.79.1.1.72.4.0.29.1.2.3.1.58.1.75.76.1.4.1.1.59.1.3.56.3.5.32.44.2.2.1.44.2.1.75.1.1.0.1.5.1.7.xover.mutate.done 50
 generation 24.80.78.74.76.74.77.72.72.76.76.0.1.40.7.28.1.1.9.1.1.57.17.1.5.6.6.5.6.8.6.6.1.1.1.1.5.7.15.1.50.5.1.7.70.65.36.1.1.0.11.xover.mutate.done 50
 generation 25.85.81.76.69.74.75.75.71.77.77.0.0.3.0.0.4.38.0.71.7.5.21.0.0.0.52.4.0.0.0.7.0.4.69.0.0.3.0.62.3.0.14.0.0.77.72.7.51.0.0.xover.mutate.done 50
 generation 26.79.76.76.76.76.72.75.75.74.77.65.0.0.54.0.47.0.20.0.0.44.0.0.0.76.0.0.0.0.0.0.77.0.4.4.0.0.0.4.0.0.10.4.61.0.0.0.0.0.0.xover.mutate.done 50
 generation 27.77.67.76.77.73.73.73.73.74.72.9.2.0.2.8.70.2.67.0.3.70.49.4.48.2.2.2.69.2.2.5.0.2.2.6.0.2.2.19.2.2.0.64.2.2.6.2.2.3.3.xover.mutate.done 50
 generation 28.86.92.86.77.81.81.81.81.82.79.65.14.83.2.2.2.2.0.2.6.7.7.2.0.80.7.0.6.18.10.2.2.67.0.28.2.2.0.2.2.2.0.2.2.2.0.2.37.0.19.xover.mutate.done 50
 generation 29.84.82.81.80.75.78.78.78.78.74.0.0.0.58.0.0.0.58.9.3.0.0.69.0.0.5.0.44.0.12.3.0.0.8.20.0.0.0.2.0.60.14.2.0.10.2.0.0.3.0.xover.mutate.done 50
 generation 30.85.85.78.81.75.75.75.75.72.76.4.1.5.1.1.1.1.1.1.6.6.1.5.1.52.1.1.1.1.1.1.48.1.1.1.1.45.65.1.1.1.3.15.5.1.28.1.1.1.5.xover.mutate.done 50
 generation 31.78.84.84.85.70.78.78.78.78.66.3.1.21.6.1.1.53.1.49.1.1.6.30.10.0.21.41.2.53.1.1.5.1.1.0.0.1.17.0.0.15.1.33.1.16.8.1.1.1.1.xover.mutate.done 50
 generation 32.81.87.86.80.80.80.80.80.72.75.0.0.1.67.21.70.0.10.0.41.0.0.0.0.38.23.0.0.0.63.8.0.17.3.0.7.17.0.18.0.4.57.7.8.0.17.0.50.47.26.xover.mutate.done 50
 generation 33.84.80.74.78.76.76.76.76.75.71.14.9.2.4.2.2.1.2.39.10.2.2.13.2.2.2.2.2.1.15.1.2.76.9.7.28.40.2.7.2.2.2.2.2.2.2.2.2.2.2.xover.mutate.done 50
 generation 34.83.79.81.71.71.71.71.74.73.77.0.2.0.2.2.49.3.3.74.4.2.71.60.2.39.2.3.3.2.0.2.60.3.2.5.17.62.2.0.2.2.3.3.63.0.2.4.40.3.3.xover.mutate.done 50
 generation 35.79.79.72.75.65.65.73.75.75.75.69.1.1.1.1.1.57.1.1.1.6.66.48.1.1.1.14.45.1.1.7.43.16.1.11.61.4.60.1.1.9.61.1.1.1.13.1.1.1.1.xover.mutate.done 50
 generation 36.88.83.84.76.76.76.79.83.76.72.83.16.59.30.53.51.75.3.80.3.7.3.3.3.1.3.1.32.1.3.3.3.7.1.1.3.19.1.63.42.9.3.1.2.2.63.3.46.3.28.xover.mutate.done 50
 generation 37.82.73.77.74.71.71.73.77.77.77.55.0.0.0.0.0.44.0.0.0.0.0.0.0.0.0.0.0.1.0.61.0.0.7.0.0.2.0.0.0.39.12.0.0.0.61.0.0.3.35.xover.mutate.done 50
 generation 38.88.85.79.79.79.83.81.72.78.75.0.0.0.0.0.0.0.55.0.62.0.0.0.61.0.0.0.0.0.38.0.60.0.19.0.0.0.70.0.0.0.0.0.61.0.0.0.0.0.0.xover.mutate.done 50
 generation 39.79.77.75.81.72.72.72.70.68.76.1.1.1.1.1.1.1.62.62.1.1.1.1.1.52.12.1.1.1.1.1.1.1.1.48.1.1.21.1.1.1.1.1.57.1.4.1.1.50.1.xover.mutate.done 50
 generation 40.81.89.85.82.79.78.78.78.76.80.53.3.3.1.3.1.3.3.77.3.77.3.65.1.7.9.74.3.3.3.1.3.3.2.9.5.3.1.1.44.3.3.43.54.3.3.2.3.3.2.xover.mutate.done 50
 generation 41.78.80.80.79.72.78.77.77.77.62.0.1.0.1.1.1.62.4.1.1.3.1.1.1.1.74.1.3.1.21.4.48.1.51.1.53.51.1.62.1.1.80.0.1.1.1.1.1.60.1.xover.mutate.done 50
 generation 42.89.85.89.84.88.83.82.82.82.79.0.55.11.29.0.0.0.0.0.5.1.0.70.65.0.5.56.0.0.0.77.0.5.0.2.0.0.0.59.69.0.7.0.0.0.0.0.65.0.0.xover.mutate.done 50
 generation 43.73.73.78.76.73.71.76.76.76.72.1.1.2.1.1.1.13.1.1.1.1.1.1.58.16.1.26.1.1.1.5.1.1.1.1.59.39.1.25.73.1.1.1.1.1.1.1.5.67.59.xover.mutate.done 50
 generation 44.86.82.82.82.82.81.81.80.72.78.19.59.4.31.4.28.10.66.4.4.8.4.8.72.3.5.4.70.4.4.4.4.3.4.4.3.4.60.4.52.52.18.4.5.78.8.3.4.4.4.xover.mutate.done 50
 generation 45.80.77.76.76.76.85.85.85.74.74.43.1.2.62.14.6.57.2.2.1.39.2.2.2.2.2.2.2.2.83.15.2.80.2.74.2.2.1.71.22.77.2.2.1.6.4.2.50.6.74.xover.mutate.done 50
 generation 46.76.76.81.83.80.73.79.71.71.71.49.44.4.4.38.51.21.4.4.8.4.4.4.4.4.2.11.4.4.4.53.4.2.4.4.2.68.4.4.4.4.4.44.4.13.4.14.58.4.2.xover.mutate.done 50
 generation 47.85.81.80.81.86.86.78.74.74.74.1.2.1.2.1.1.5.2.2.1.52.1.2.56.2.2.2.2.2.79.2.2.2.10.27.1.54.3.1.76.2.63.1.2.2.74.27.39.62.5.xover.mutate.done 50
 generation 48.80.80.83.74.74.84.71.74.78.67.1.3.2.3.3.5.3.2.42.10.59.1.3.3.17.3.1.3.3.9.3.66.78.5.73.3.38.3.3.71.3.3.3.3.81.59.1.3.3.3.xover.mutate.done 50
 generation 49.74.74.74.77.77.77.77.74.72.68.5.3.4.3.13.8.4.3.3.5.1.3.10.3.1.4.3.67.4.44.4.3.3.81.30.1.3.3.3.3.37.4.43.3.60.3.3.3.1.3.xover.mutate.done 50
 71009369 iters     748594 iter/sec (94.86 s)
 total time: 94.86
