0.1953125 0.71875 0.5078125 0.2109375 0.359375 0.203125 0.640625 0.125 0.5625 0.515625 
0.9140625 0.0 0.8828125 0.9609375 0.9921875 0.9765625 0.9296875 0.109375 0.9765625 0.9375 
0.9140625 0.0 0.8828125 0.9609375 0.9921875 0.9765625 0.9296875 0.109375 0.9765625 0.9375 
0.9140625 0.0 0.8828125 0.9609375 0.9921875 0.9765625 0.9296875 0.109375 0.9765625 0.9375 
0.9140625 0.6328125 0.859375 0.9140625 0.59375 0.0 0.8828125 0.9609375 0.9921875 0.9765625 
0.9140625 0.6328125 0.859375 0.9140625 0.59375 0.0 0.8828125 0.9609375 0.9921875 0.9765625 
0.9140625 0.6328125 0.859375 0.9140625 0.59375 0.0 0.8828125 0.9609375 0.9921875 0.9765625 
0.421875 0.1484375 0.9140625 0.6328125 0.859375 0.9140625 0.59375 0.0 0.8828125 0.9609375 
0.421875 0.1484375 0.1640625 0.1796875 0.9140625 0.6328125 0.859375 0.9140625 0.59375 0.859375 
0.421875 0.1484375 0.1640625 0.1796875 0.9140625 0.6328125 0.859375 0.9140625 0.59375 0.859375 
0.9140625 0.6328125 0.859375 0.9140625 0.59375 0.859375 0.859375 0.8671875 0.53125 0.65625 
0.5 0.3359375 0.1796875 0.453125 0.234375 0.375 0.3125 0.2578125 0.9140625 0.6328125 
0.5 0.34375 0.3359375 0.1796875 0.453125 0.234375 0.375 0.3125 0.2578125 0.4296875 
0.5 0.421875 0.46875 0.3359375 0.1796875 0.453125 0.234375 0.375 0.3125 0.2578125 
0.5 0.421875 0.46875 0.7421875 0.5078125 0.625 0.609375 0.3359375 0.1796875 0.453125 
0.5 0.421875 0.671875 0.46875 0.7421875 0.5078125 0.625 0.609375 0.3359375 0.1796875 
0.5 0.4140625 0.421875 0.46875 0.421875 0.671875 0.7421875 0.5078125 0.625 0.609375 
0.46875 0.5 0.4140625 0.421875 0.421875 0.46875 0.671875 0.21875 0.28125 0.7421875 
0.46875 0.5 0.421875 0.4140625 0.421875 0.671875 0.46875 0.7421875 0.59375 0.5234375 
0.46875 0.5 0.421875 0.4140625 0.421875 0.671875 0.46875 0.7421875 0.59375 0.5234375 
0.46875 0.5 0.671875 0.421875 0.7421875 0.59375 0.5234375 0.6015625 0.609375 0.4453125 
0.46875 0.5 0.4296875 0.421875 0.671875 0.4453125 0.4296875 0.7421875 0.59375 0.5234375 
0.46875 0.5 0.4296875 0.671875 0.421875 0.4453125 0.7421875 0.59375 0.5234375 0.5390625 
0.4609375 0.46875 0.5 0.4296875 0.5 0.421875 0.4296875 0.4453125 0.4296875 0.671875 
0.4609375 0.46875 0.5 0.46875 0.4296875 0.5078125 0.5 0.671875 0.4765625 0.421875 
0.4609375 0.46875 0.5 0.46875 0.4765625 0.5078125 0.4296875 0.5 0.515625 0.671875 
0.4609375 0.46875 0.46875 0.5 0.4296875 0.4765625 0.5078125 0.4765625 0.5 0.515625 
0.46875 0.4609375 0.46875 0.5 0.4765625 0.4765625 0.4765625 0.4765625 0.4296875 0.5078125 
0.4609375 0.46875 0.46875 0.5 0.4765625 0.5078125 0.4765625 0.4765625 0.4765625 0.4765625 
0.46875 0.4609375 0.4921875 0.46875 0.4765625 0.5 0.4765625 0.4765625 0.4765625 0.4765625 
0.4609375 0.484375 0.46875 0.46875 0.4765625 0.5 0.4765625 0.4765625 0.4765625 0.4765625 
0.46875 0.4609375 0.484375 0.46875 0.5 0.484375 0.4765625 0.4765625 0.4765625 0.4765625 
0.46875 0.4609375 0.484375 0.4765625 0.46875 0.46875 0.46875 0.5 0.484375 0.46875 
0.46875 0.46875 0.4609375 0.484375 0.5 0.46875 0.484375 0.4765625 0.46875 0.46875 
0.46875 0.484375 0.4609375 0.46875 0.46875 0.5 0.4921875 0.484375 0.484375 0.4765625 
0.4609375 0.46875 0.46875 0.4921875 0.4609375 0.46875 0.484375 0.5 0.484375 0.484375 
0.515625 0.4609375 0.46875 0.46875 0.484375 0.4609375 0.46875 0.484375 0.5 0.4921875 
0.515625 0.484375 0.46875 0.4609375 0.46875 0.4609375 0.46875 0.5 0.484375 0.4921875 
0.4609375 0.46875 0.515625 0.4609375 0.484375 0.484375 0.484375 0.46875 0.46875 0.4921875 
0.4609375 0.46875 0.46875 0.484375 0.4921875 0.5078125 0.4921875 0.46875 0.4609375 0.484375 
0.46875 0.484375 0.46875 0.4609375 0.46875 0.4921875 0.4921875 0.4609375 0.5078125 0.484375 
0.4921875 0.4921875 0.46875 0.4609375 0.4609375 0.5078125 0.46875 0.484375 0.484375 0.46875 
0.4609375 0.4609375 0.5078125 0.4921875 0.4921875 0.484375 0.46875 0.46875 0.484375 0.46875 
0.4609375 0.4609375 0.46875 0.484375 0.46875 0.5078125 0.484375 0.46875 0.4921875 0.4921875 
0.4921875 0.4921875 0.484375 0.46875 0.4609375 0.46875 0.5078125 0.453125 0.4921875 0.4609375 
0.46875 0.4609375 0.5078125 0.4609375 0.453125 0.46875 0.484375 0.4921875 0.4921875 0.4921875 
0.4921875 0.4921875 0.4609375 0.5078125 0.484375 0.46875 0.46875 0.4609375 0.453125 0.4921875 
0.453125 0.4921875 0.4921875 0.5078125 0.4609375 0.46875 0.484375 0.4609375 0.46875 0.4921875 
0.5078125 0.4609375 0.453125 0.4609375 0.453125 0.4921875 0.4921875 0.484375 0.46875 0.46875 
0.453125 0.4921875 0.4921875 0.4609375 0.5078125 0.46875 0.46875 0.453125 0.4609375 0.46875 
