0.8671875 0.859375 0.328125 0.84375 0.3671875 0.1015625 0.203125 0.0859375 0.6328125 0.3125 
0.859375 0.84375 0.0859375 0.8359375 0.0546875 0.921875 0.890625 0.96875 0.1875 0.0546875 
0.1875 0.28125 0.859375 0.84375 0.0859375 0.8359375 0.0546875 0.921875 0.890625 0.96875 
0.1875 0.28125 0.84375 0.8359375 0.8203125 0.1484375 0.1953125 0.1484375 0.2421875 0.3203125 
0.671875 0.2421875 0.546875 0.1875 0.28125 0.84375 0.8359375 0.8203125 0.1484375 0.1953125 
0.46875 0.546875 0.671875 0.2421875 0.1875 0.28125 0.1484375 0.1953125 0.2109375 0.15625 
0.46875 0.546875 0.671875 0.2421875 0.546875 0.1875 0.28125 0.1484375 0.1953125 0.2109375 
0.46875 0.5078125 0.5390625 0.546875 0.671875 0.546875 0.59375 0.1875 0.28125 0.1484375 
0.46875 0.5078125 0.5390625 0.546875 0.546875 0.671875 0.59375 0.1875 0.28125 0.1484375 
0.46875 0.5078125 0.5546875 0.5390625 0.5546875 0.546875 0.546875 0.671875 0.59375 0.1875 
0.46875 0.4765625 0.5078125 0.5546875 0.5390625 0.5546875 0.546875 0.671875 0.1875 0.1875 
0.46875 0.4765625 0.5078125 0.5546875 0.5546875 0.5390625 0.546875 0.484375 0.671875 0.1875 
0.46875 0.4765625 0.4765625 0.5078125 0.5546875 0.5390625 0.5546875 0.671875 0.515625 0.546875 
0.46875 0.4765625 0.5078125 0.5390625 0.4765625 0.5390625 0.4765625 0.5546875 0.5546875 0.671875 
0.46875 0.484375 0.4765625 0.5390625 0.4765625 0.5390625 0.5078125 0.4765625 0.5546875 0.4609375 
0.46875 0.484375 0.5 0.4765625 0.4765625 0.5390625 0.5078125 0.4765625 0.5390625 0.4609375 
0.46875 0.484375 0.5 0.5390625 0.53125 0.4921875 0.5234375 0.5078125 0.5390625 0.4765625 
0.46875 0.484375 0.5 0.4765625 0.53125 0.4921875 0.5390625 0.53125 0.5234375 0.5078125 
0.46875 0.484375 0.5 0.5390625 0.4921875 0.53125 0.53125 0.4765625 0.5234375 0.5078125 
0.484375 0.46875 0.5078125 0.53125 0.53125 0.4765625 0.5078125 0.5 0.5390625 0.5234375 
0.5078125 0.5 0.5078125 0.484375 0.484375 0.46875 0.4765625 0.5078125 0.53125 0.5078125 
0.484375 0.484375 0.5078125 0.4765625 0.5078125 0.46875 0.5078125 0.5078125 0.484375 0.5 
0.484375 0.4765625 0.4765625 0.4765625 0.4765625 0.4921875 0.5078125 0.46875 0.5078125 0.5078125 
0.484375 0.4765625 0.4765625 0.4765625 0.4609375 0.46875 0.4765625 0.4921875 0.5 0.484375 
0.484375 0.4765625 0.4765625 0.4765625 0.4609375 0.46875 0.5 0.5 0.4765625 0.484375 
0.4765625 0.4765625 0.4765625 0.484375 0.46875 0.453125 0.4609375 0.46875 0.5 0.5 
0.4921875 0.4765625 0.4765625 0.4765625 0.484375 0.4765625 0.46875 0.4609375 0.453125 0.4609375 
0.4765625 0.4765625 0.4765625 0.484375 0.4765625 0.4609375 0.46875 0.453125 0.4609375 0.46875 
0.46875 0.46875 0.4765625 0.4765625 0.4765625 0.4765625 0.4609375 0.46875 0.453125 0.484375 
0.46875 0.46875 0.4765625 0.4765625 0.4765625 0.4765625 0.4765625 0.46875 0.4765625 0.46875 
0.46875 0.46875 0.46875 0.46875 0.46875 0.46875 0.4765625 0.46875 0.4765625 0.4765625 
0.46875 0.4765625 0.4765625 0.4765625 0.46875 0.46875 0.46875 0.46875 0.46875 0.46875 
0.484375 0.46875 0.4765625 0.4765625 0.4765625 0.46875 0.46875 0.46875 0.46875 0.46875 
0.46875 0.46875 0.46875 0.46875 0.46875 0.46875 0.484375 0.46875 0.4765625 0.4765625 
0.484375 0.453125 0.484375 0.46875 0.46875 0.46875 0.46875 0.46875 0.46875 0.46875 
0.453125 0.484375 0.484375 0.46875 0.46875 0.46875 0.46875 0.46875 0.46875 0.46875 
0.46875 0.46875 0.46875 0.46875 0.46875 0.46875 0.453125 0.46875 0.46875 0.484375 
0.46875 0.46875 0.46875 0.46875 0.46875 0.46875 0.46875 0.484375 0.4765625 0.46875 
0.46875 0.46875 0.46875 0.46875 0.46875 0.46875 0.46875 0.46875 0.484375 0.4609375 
0.46875 0.46875 0.46875 0.46875 0.46875 0.46875 0.46875 0.46875 0.484375 0.4609375 
0.4765625 0.46875 0.46875 0.46875 0.46875 0.46875 0.46875 0.46875 0.46875 0.46875 
0.4765625 0.4921875 0.46875 0.46875 0.46875 0.46875 0.46875 0.46875 0.46875 0.46875 
0.4765625 0.46875 0.46875 0.46875 0.46875 0.46875 0.46875 0.46875 0.46875 0.46875 
0.4765625 0.46875 0.46875 0.46875 0.46875 0.46875 0.46875 0.46875 0.46875 0.46875 
0.4765625 0.4375 0.46875 0.46875 0.46875 0.46875 0.46875 0.46875 0.46875 0.46875 
0.46875 0.46875 0.46875 0.46875 0.46875 0.46875 0.46875 0.46875 0.46875 0.4765625 
0.46875 0.46875 0.46875 0.46875 0.46875 0.46875 0.46875 0.46875 0.46875 0.4765625 
0.46875 0.46875 0.46875 0.46875 0.46875 0.46875 0.46875 0.46875 0.46875 0.46875 
0.46875 0.46875 0.46875 0.46875 0.46875 0.46875 0.46875 0.46875 0.46875 0.46875 
0.4765625 0.46875 0.46875 0.46875 0.46875 0.46875 0.46875 0.46875 0.46875 0.46875 
