51 51 51 50 50 50 50 50 50 41 16 11 2 2 2 2 2 2 2 2 2 2 2 2 1 1 1 1 1 1 1 1 1 1 1 1 1 1 1 1 1 1 1 1 1 1 1 1 1 1 
51 51 51 51 51 51 51 50 50 50 50 50 50 50 50 50 50 50 50 45 42 42 24 18 2 2 2 2 2 2 2 2 2 2 2 2 2 2 1 1 1 1 1 1 1 1 1 1 1 1 
59 51 51 51 50 50 50 50 50 50 50 50 50 50 50 50 50 50 50 50 50 50 50 50 50 50 43 31 25 18 6 1 1 1 1 1 1 1 1 1 1 1 1 1 1 1 1 0 0 0 
52 52 52 52 52 52 52 52 52 52 52 52 52 50 50 50 50 50 50 50 50 50 50 50 50 50 50 50 50 50 50 50 48 47 42 35 23 21 4 2 2 2 2 2 2 2 2 0 0 0 
69 50 50 50 50 50 50 50 50 50 50 50 50 50 50 50 50 50 50 50 50 50 50 50 50 50 50 50 50 50 50 50 48 47 41 37 30 7 7 6 1 1 1 1 1 1 1 1 1 0 
68 52 52 52 52 52 52 52 52 52 52 52 52 52 52 52 52 52 52 52 52 52 52 52 52 52 52 52 52 52 52 52 50 50 23 14 3 3 3 3 3 3 3 3 3 3 3 3 2 2 
63 51 51 51 51 51 51 51 51 51 51 51 51 51 51 51 51 51 51 51 51 51 51 51 51 51 51 51 51 51 51 50 50 49 46 37 33 18 18 17 12 1 1 1 1 1 1 1 1 1 
70 52 52 52 52 52 52 52 52 52 52 52 52 52 52 52 52 52 52 52 52 52 52 49 48 47 30 29 26 20 19 15 14 14 13 11 7 3 3 3 3 3 3 3 3 3 3 2 2 1 
64 51 51 51 51 51 51 51 51 51 51 51 51 51 51 51 51 51 51 51 51 51 51 51 51 51 51 51 51 51 50 50 41 40 34 17 11 7 6 5 3 3 3 3 3 3 3 3 3 1 
68 51 51 51 51 51 51 51 51 51 51 51 51 51 51 51 51 51 51 51 51 51 51 51 51 51 51 51 51 51 51 51 51 51 51 51 51 11 4 1 1 1 1 1 1 1 1 1 1 0 
65 50 50 50 50 50 50 50 50 50 50 50 50 50 50 50 50 50 50 50 50 50 50 50 50 50 50 50 45 42 40 32 24 23 23 22 18 14 11 1 1 1 1 1 1 1 0 0 0 0 
72 52 52 52 52 52 52 52 52 52 52 52 52 52 52 52 52 52 52 52 52 52 52 52 52 52 52 52 52 45 41 31 27 15 10 5 4 4 4 4 4 4 4 4 4 4 4 4 2 2 
56 51 51 51 51 51 51 51 51 51 51 51 51 51 51 51 51 51 51 51 51 51 51 51 51 51 51 51 51 49 21 16 15 10 2 2 2 2 2 2 2 2 2 2 2 2 2 1 1 1 
76 75 50 50 50 50 50 50 50 50 50 50 50 50 50 50 50 50 50 50 50 50 50 50 50 50 50 50 50 50 50 50 50 50 50 47 46 21 20 18 4 4 4 4 4 4 4 4 0 0 
71 70 70 69 51 51 51 51 51 51 51 51 51 51 51 51 51 51 51 51 51 51 51 51 51 51 51 51 51 51 51 51 51 51 50 50 28 10 8 2 2 2 2 2 2 2 2 2 1 1 
78 77 76 73 69 50 50 50 50 50 50 50 50 50 50 50 50 50 50 50 50 50 50 50 50 50 50 50 50 50 49 44 42 35 33 27 26 24 0 0 0 0 0 0 0 0 0 0 0 0 
69 69 69 68 67 58 50 50 50 50 50 50 50 50 50 50 50 50 50 50 50 50 50 50 50 50 50 50 50 50 50 50 50 50 50 49 45 29 29 16 15 7 5 0 0 0 0 0 0 0 
67 67 67 67 67 67 66 66 65 63 51 51 51 51 51 51 51 51 51 51 51 51 51 51 51 51 51 51 51 51 50 50 50 50 50 42 41 41 37 27 23 20 12 1 1 1 1 1 1 0 
64 64 64 64 64 64 64 64 64 63 60 60 58 51 51 51 51 51 51 51 51 51 51 50 50 47 29 27 25 21 20 17 15 14 11 7 2 2 2 2 2 2 2 2 2 2 2 2 1 1 
70 70 69 68 68 68 68 68 68 68 68 68 67 67 67 67 66 65 62 52 50 50 50 50 50 50 50 50 50 50 50 50 37 36 35 31 23 21 21 18 18 16 11 9 2 2 2 2 2 0 
74 73 72 71 71 71 70 70 70 70 70 69 69 69 69 69 69 69 68 64 61 51 51 51 50 50 50 50 50 50 50 50 50 41 34 28 28 26 22 19 19 18 17 1 1 1 1 1 0 0 
84 83 77 75 74 74 73 72 72 72 72 72 71 71 71 71 70 70 69 60 59 50 50 50 50 50 49 48 45 37 28 26 25 25 24 23 22 21 19 13 11 5 3 3 3 3 3 3 3 0 
82 80 73 73 73 73 73 72 72 72 71 70 66 66 59 58 58 57 55 54 53 50 50 50 50 50 50 49 48 44 28 25 25 21 19 18 16 15 14 8 8 5 0 0 0 0 0 0 0 0 
89 89 86 81 81 79 78 76 74 74 74 73 73 73 72 71 71 68 64 62 62 56 53 52 52 50 48 46 43 39 36 30 29 23 22 19 18 18 17 15 13 10 10 9 8 8 8 4 4 2 
85 81 81 76 76 76 76 75 75 74 68 67 56 53 52 52 52 50 50 50 48 48 48 45 43 43 39 39 34 30 27 27 26 24 21 20 20 19 19 19 18 14 11 11 10 8 7 7 3 2 
86 85 84 81 75 74 73 69 69 68 68 68 67 62 60 55 53 50 50 50 50 50 50 41 41 39 39 38 36 33 32 31 25 21 17 14 12 11 9 9 8 8 1 1 1 1 0 0 0 0 
85 84 83 77 77 77 76 74 73 72 71 69 65 60 56 55 53 53 53 53 50 50 50 50 46 46 44 42 40 29 25 23 23 20 18 18 17 15 15 13 13 11 10 4 4 4 1 1 1 1 
88 88 87 84 82 81 81 81 81 81 79 79 76 75 73 66 65 60 58 51 51 51 50 50 50 50 49 49 47 43 35 35 22 20 20 18 14 12 11 11 10 7 7 6 6 1 1 1 1 1 
87 85 83 79 75 74 74 74 74 74 71 70 69 65 63 57 57 55 54 53 52 50 50 50 50 50 50 50 50 50 47 31 31 24 15 14 12 9 9 8 7 1 1 1 1 1 1 1 0 0 
85 84 82 80 78 78 78 78 78 78 78 74 73 72 61 60 56 53 52 51 51 51 50 50 50 50 50 50 50 34 25 24 20 19 19 16 13 9 8 7 7 7 1 1 1 1 0 0 0 0 
84 81 78 78 77 75 73 73 73 73 73 64 56 55 55 55 54 53 51 51 51 51 51 51 50 48 48 47 45 39 36 35 34 32 19 18 17 17 11 10 8 8 7 6 5 5 1 1 0 0 
85 85 85 84 84 83 80 79 79 79 79 79 79 75 67 63 60 52 50 50 50 50 46 46 45 45 44 43 42 39 33 28 24 21 19 18 17 16 15 15 11 10 9 6 5 2 2 2 2 2 
82 81 79 77 76 74 73 72 70 69 69 69 62 60 57 55 54 50 50 50 50 50 49 47 47 45 45 41 37 34 33 33 30 27 25 20 20 12 11 7 6 5 5 5 3 1 1 1 1 0 
83 82 80 79 79 79 77 77 77 76 73 71 71 66 60 58 56 56 55 51 51 51 51 51 51 50 50 50 49 49 46 43 39 31 30 29 27 24 23 14 13 10 8 8 6 1 1 1 1 0 
87 87 86 85 85 85 85 85 84 83 81 78 77 74 71 70 59 53 53 52 52 52 52 52 51 43 40 39 39 38 37 36 36 34 24 20 16 13 12 11 9 7 4 4 3 3 3 1 1 1 
85 85 85 84 84 84 84 83 83 83 82 81 81 77 69 55 54 54 54 53 52 52 50 50 50 50 50 49 38 36 31 28 27 26 15 12 7 7 7 7 6 3 2 2 2 2 2 2 2 2 
91 91 90 90 89 86 86 86 85 85 83 83 81 80 70 61 51 51 51 51 51 51 50 50 46 44 41 39 38 36 35 34 33 33 28 15 10 8 6 3 2 2 2 2 2 2 2 1 1 1 
82 81 81 80 80 80 78 78 77 77 77 77 77 75 75 73 71 71 60 60 58 57 56 55 52 50 50 50 50 49 47 46 38 30 22 20 19 17 10 7 5 0 0 0 0 0 0 0 0 0 
86 86 84 84 84 84 83 81 80 80 77 76 75 74 74 74 70 63 62 62 61 59 58 54 54 54 52 51 50 50 50 50 50 50 45 41 36 35 34 25 25 20 20 15 1 1 1 1 1 0 
93 88 88 88 88 87 86 85 85 85 85 85 84 82 82 80 77 77 75 68 66 61 61 56 55 52 52 52 52 52 47 44 40 38 37 36 36 25 25 23 21 14 13 13 13 4 4 4 4 4 
86 84 84 82 82 82 82 81 80 80 78 77 77 76 76 72 71 70 64 63 61 60 58 54 52 52 52 50 46 41 36 34 33 32 30 29 24 23 21 20 20 18 18 15 12 5 3 2 2 2 
90 88 85 85 84 83 83 83 83 83 83 83 79 77 72 72 69 68 67 64 64 61 59 59 56 55 53 50 50 50 50 49 45 43 40 36 33 32 29 26 26 22 18 14 14 13 11 10 7 3 
90 88 83 83 83 83 83 83 82 82 80 80 79 79 62 61 60 59 57 57 51 51 51 51 50 50 49 46 42 38 37 36 34 33 28 27 22 14 12 8 8 1 1 1 1 1 1 1 1 0 
90 87 87 87 86 85 85 84 83 81 76 74 73 70 60 59 57 56 56 55 54 54 54 51 51 50 50 50 50 50 49 47 44 44 43 42 40 36 36 33 33 26 6 4 4 2 1 1 1 1 
82 81 80 80 80 80 78 78 78 78 78 74 72 61 60 60 58 57 56 56 56 54 52 52 50 47 44 43 37 36 36 35 34 31 29 26 22 20 16 14 11 7 6 6 4 4 4 4 4 2 
89 88 88 88 88 87 87 86 82 81 79 71 59 55 55 53 53 51 51 51 50 50 50 50 47 45 39 35 34 32 27 23 19 18 18 16 14 13 13 11 9 7 7 5 1 1 1 1 1 1 
89 88 88 86 85 84 84 84 84 83 82 82 82 82 82 81 81 75 71 69 58 58 55 55 50 50 50 50 48 47 45 44 40 37 33 20 20 20 16 15 14 13 7 2 2 0 0 0 0 0 
92 92 90 86 86 86 86 85 85 85 85 83 82 75 73 69 66 65 63 61 56 53 51 51 51 51 51 51 50 50 50 50 48 48 46 44 44 43 41 39 38 30 25 14 12 4 2 2 1 1 
88 87 87 87 87 85 84 84 84 83 82 82 82 82 82 82 79 69 69 68 64 54 52 52 52 52 52 51 51 51 50 50 50 48 46 38 38 37 30 27 27 21 16 15 9 6 3 3 2 1 
90 88 88 86 85 84 84 83 83 82 79 78 77 73 70 60 59 54 54 53 51 51 51 50 50 50 50 50 50 50 48 45 44 41 39 37 34 31 29 28 27 23 19 10 4 1 1 1 1 0 
