0.4296875 0.2109375 0.8515625 0.59375 0.140625 0.328125 0.0625 0.796875 0.875 0.0546875 
0.0546875 0.890625 0.8359375 0.7421875 0.7265625 0.9296875 0.109375 0.984375 0.84375 0.046875 
0.15625 0.0546875 0.890625 0.8359375 0.7421875 0.7265625 0.9296875 0.109375 0.984375 0.84375 
0.6640625 0.734375 0.15625 0.0546875 0.890625 0.8359375 0.7421875 0.7265625 0.9296875 0.109375 
0.6640625 0.734375 0.6328125 0.15625 0.0546875 0.890625 0.8359375 0.7421875 0.7265625 0.9296875 
0.3671875 0.15625 0.1328125 0.0859375 0.1328125 0.3125 0.6640625 0.734375 0.6328125 0.0546875 
0.3671875 0.15625 0.1328125 0.0859375 0.1328125 0.3125 0.6640625 0.734375 0.6328125 0.0546875 
0.3671875 0.6640625 0.734375 0.6328125 0.6796875 0.6484375 0.6171875 0.15625 0.1328125 0.0859375 
0.3671875 0.6640625 0.734375 0.6328125 0.6796875 0.6484375 0.6171875 0.703125 0.15625 0.1328125 
0.515625 0.3671875 0.6640625 0.734375 0.6328125 0.6796875 0.6484375 0.6171875 0.703125 0.15625 
0.515625 0.3671875 0.6640625 0.734375 0.6328125 0.6796875 0.6484375 0.703125 0.15625 0.203125 
0.515625 0.515625 0.515625 0.3671875 0.6640625 0.734375 0.6328125 0.6796875 0.6484375 0.703125 
0.515625 0.515625 0.515625 0.3671875 0.6640625 0.734375 0.6328125 0.6796875 0.6484375 0.703125 
0.515625 0.5234375 0.5078125 0.515625 0.515625 0.546875 0.3671875 0.328125 0.4609375 0.3828125 
0.515625 0.5234375 0.5234375 0.515625 0.5078125 0.546875 0.515625 0.3671875 0.328125 0.4609375 
0.515625 0.5234375 0.5234375 0.5078125 0.5 0.515625 0.546875 0.515625 0.546875 0.3671875 
0.515625 0.5234375 0.5234375 0.546875 0.5078125 0.5 0.546875 0.515625 0.5078125 0.515625 
0.515625 0.5234375 0.5234375 0.5078125 0.5078125 0.5078125 0.5078125 0.546875 0.515625 0.5 
0.515625 0.5234375 0.5234375 0.5078125 0.5078125 0.5078125 0.5 0.5078125 0.5 0.5078125 
0.515625 0.5234375 0.5234375 0.5078125 0.5078125 0.5078125 0.5078125 0.5 0.5078125 0.5 
0.515625 0.5234375 0.5234375 0.5078125 0.5078125 0.5078125 0.5 0.5078125 0.5 0.5078125 
0.515625 0.5234375 0.5234375 0.5078125 0.5078125 0.5078125 0.5078125 0.5078125 0.5 0.5 
0.515625 0.5234375 0.5234375 0.5078125 0.5234375 0.5234375 0.515625 0.5078125 0.5078125 0.5078125 
0.515625 0.5234375 0.5234375 0.5078125 0.5078125 0.484375 0.5234375 0.5078125 0.5078125 0.5078125 
0.5546875 0.5234375 0.515625 0.5703125 0.5234375 0.5234375 0.484375 0.5234375 0.5078125 0.5 
0.5546875 0.515625 0.5234375 0.5703125 0.5 0.5078125 0.5234375 0.5078125 0.5234375 0.5234375 
0.515625 0.5546875 0.5234375 0.53125 0.5078125 0.5234375 0.5703125 0.5234375 0.5078125 0.5234375 
0.5546875 0.515625 0.5078125 0.5234375 0.5703125 0.5234375 0.5234375 0.5234375 0.53125 0.5078125 
0.5546875 0.515625 0.5234375 0.5703125 0.53125 0.5078125 0.53125 0.5078125 0.5234375 0.5234375 
0.6015625 0.5234375 0.4921875 0.5546875 0.515625 0.5703125 0.5078125 0.5234375 0.53125 0.53125 
0.5546875 0.5234375 0.6015625 0.515625 0.5078125 0.5703125 0.5234375 0.5390625 0.4921875 0.53125 
0.5546875 0.6015625 0.515625 0.5234375 0.5390625 0.4921875 0.5546875 0.5703125 0.53125 0.5078125 
0.6015625 0.5546875 0.515625 0.5078125 0.5234375 0.5390625 0.5390625 0.515625 0.5703125 0.5546875 
0.5546875 0.515625 0.6015625 0.5546875 0.5390625 0.5390625 0.5234375 0.5078125 0.5703125 0.5078125 
0.515625 0.6015625 0.5234375 0.5390625 0.5078125 0.5390625 0.5703125 0.5546875 0.5546875 0.5078125 
0.5546875 0.5390625 0.5390625 0.5078125 0.515625 0.6015625 0.5234375 0.5625 0.5078125 0.53125 
0.546875 0.5546875 0.5390625 0.515625 0.6015625 0.5234375 0.5625 0.5078125 0.5078125 0.5625 
0.6015625 0.5625 0.515625 0.5546875 0.5390625 0.5390625 0.546875 0.5078125 0.546875 0.5234375 
0.5546875 0.6015625 0.5625 0.5234375 0.515625 0.53125 0.546875 0.5390625 0.5390625 0.546875 
0.53125 0.546875 0.546875 0.5546875 0.6015625 0.546875 0.5625 0.5234375 0.5390625 0.5390625 
0.5390625 0.53125 0.546875 0.6015625 0.5625 0.546875 0.5234375 0.546875 0.5546875 0.5390625 
0.6015625 0.53125 0.546875 0.5625 0.546875 0.546875 0.5546875 0.5390625 0.546875 0.5390625 
0.53125 0.546875 0.546875 0.546875 0.5546875 0.53125 0.6015625 0.5390625 0.5625 0.546875 
0.546875 0.53125 0.5390625 0.546875 0.5546875 0.5625 0.546875 0.5234375 0.546875 0.6015625 
0.5390625 0.6015625 0.546875 0.5625 0.546875 0.5546875 0.546875 0.546875 0.53125 0.546875 
0.5390625 0.5546875 0.546875 0.5625 0.6015625 0.546875 0.546875 0.546875 0.53125 0.546875 
0.546875 0.546875 0.53125 0.546875 0.53125 0.5390625 0.6015625 0.5546875 0.5625 0.546875 
0.546875 0.5390625 0.546875 0.546875 0.53125 0.5703125 0.5390625 0.6015625 0.53125 0.53125 
0.53125 0.5390625 0.53125 0.53125 0.546875 0.546875 0.5703125 0.6015625 0.5390625 0.5390625 
0.53125 0.5390625 0.53125 0.546875 0.546875 0.5390625 0.53125 0.5703125 0.5390625 0.5390625 
