% Invoked: ./gella -d -r 3 -l biased_r3/run28 >& biased_r3/run28.log
% Ministry of Cellular Automata
% Project Deux (CS523 Spring 2015)
% Version:v0.1-70-g0624-dirty
%  pop:50
%  ic count:100
%  CA Log option:biased_r3/run28
%  width:121
%  max workers:4
%  radius:3
%  iterations:300
%  use bias:true
%  generations:50

 generation 0.0.50.47.50.0.0.0.50.0.0.0.0.50.0.0.3.0.0.0.50.17.0.0.0.0.0.0.0.0.50.0.0.0.0.0.0.0.50.50.0.0.0.0.0.0.50.0.0.50.0.xover.mutate.done 50
 generation 1.50.50.50.50.50.50.50.50.52.50.0.50.2.50.2.2.0.50.2.2.2.2.0.52.0.2.2.2.50.2.50.2.2.0.50.2.2.2.2.2.0.2.50.2.2.50.2.2.37.29.xover.mutate.done 50
 generation 2.51.51.50.51.50.51.50.50.50.50.1.2.44.50.1.51.24.2.1.50.2.1.2.51.51.50.51.1.50.2.51.2.51.2.2.51.2.1.50.51.2.50.51.1.2.1.15.2.2.51.xover.mutate.done 50
 generation 3.51.51.51.51.51.51.51.51.52.51.2.50.50.1.1.1.51.50.50.50.2.50.1.2.1.10.52.2.1.50.50.2.2.2.17.1.5.47.2.50.1.5.54.22.5.2.2.51.5.1.xover.mutate.done 50
 generation 4.54.53.65.52.52.51.51.51.52.52.2.5.52.3.2.2.2.50.52.45.2.52.1.10.5.11.3.3.52.51.3.36.51.1.3.3.50.3.2.3.51.3.31.1.2.50.96.3.3.7.xover.mutate.done 50
 generation 5.88.52.56.53.51.51.51.51.51.51.2.2.1.50.1.51.51.51.51.2.51.51.51.2.2.57.2.2.1.1.51.1.2.48.2.51.2.41.50.1.2.2.50.2.6.15.1.1.1.41.xover.mutate.done 50
 generation 6.84.54.52.47.52.50.50.50.50.50.50.0.0.0.1.1.0.0.1.1.1.2.50.1.1.2.50.1.50.1.51.1.50.50.1.2.50.1.1.50.68.55.50.1.20.22.50.10.0.1.xover.mutate.done 50
 generation 7.91.65.62.61.57.60.52.51.51.51.25.26.3.18.4.1.50.1.3.50.3.40.3.3.51.51.8.1.51.2.51.51.3.51.3.12.51.3.2.3.2.3.2.22.20.3.2.2.2.3.xover.mutate.done 50
 generation 8.92.76.68.61.58.57.50.50.50.50.50.50.0.0.70.50.16.0.50.50.10.0.16.0.0.0.5.0.0.0.0.18.50.65.0.0.0.0.0.7.40.19.0.0.41.0.48.50.0.41.xover.mutate.done 50
 generation 9.89.72.65.65.59.54.51.53.50.52.41.28.2.2.2.50.31.49.2.2.2.31.13.2.38.41.2.2.2.2.10.2.76.9.2.2.2.0.28.8.2.52.2.2.16.2.39.2.28.37.xover.mutate.done 50
 generation 10.90.75.75.68.67.69.63.56.52.52.32.1.57.3.24.3.12.17.52.18.28.3.12.31.3.3.3.23.12.51.12.35.51.25.3.15.20.14.36.11.19.3.3.51.37.3.50.11.3.3.xover.mutate.done 50
 generation 11.86.73.65.58.63.59.55.52.56.50.12.2.30.22.52.2.52.56.2.2.17.73.2.50.50.2.23.19.20.47.7.17.5.2.48.52.52.33.33.49.50.11.2.2.2.9.2.2.2.8.xover.mutate.done 50
 generation 12.92.83.68.76.62.66.58.56.55.52.66.23.10.49.40.51.51.2.2.8.7.73.51.19.1.2.5.50.2.13.53.15.2.49.24.51.51.32.1.2.1.7.23.32.32.24.2.2.17.2.xover.mutate.done 50
 generation 13.88.74.70.72.71.71.66.59.62.52.18.32.23.45.11.1.5.52.1.51.1.81.5.61.33.22.10.1.1.28.35.45.10.30.1.1.6.28.50.1.30.32.1.50.46.39.50.51.50.50.xover.mutate.done 50
 generation 14.94.89.82.73.76.62.71.69.59.58.3.48.26.28.3.51.50.5.3.51.3.29.44.10.3.3.40.29.51.14.2.52.3.50.48.60.52.55.21.3.1.18.51.54.14.87.51.60.39.3.xover.mutate.done 50
 generation 15.93.89.88.74.73.75.76.74.63.60.6.52.25.3.51.14.55.60.50.48.55.48.13.81.50.45.52.49.3.20.31.3.36.4.81.36.72.2.11.3.3.3.82.50.52.52.3.3.87.3.xover.mutate.done 50
 generation 16.92.88.87.82.82.83.82.78.77.86.41.1.55.52.5.36.1.74.1.43.24.44.51.1.1.31.1.58.55.24.45.1.4.1.48.1.23.18.59.51.4.44.86.8.1.51.78.41.1.51.xover.mutate.done 50
 generation 17.90.86.85.72.78.70.80.78.72.69.54.58.34.11.51.69.3.18.30.4.8.72.7.7.5.79.14.8.52.52.28.2.40.6.52.54.50.7.50.2.51.45.40.42.41.4.46.6.10.69.xover.mutate.done 50
 generation 18.87.89.77.77.76.80.80.80.76.78.5.44.1.48.83.1.66.42.41.59.56.69.14.9.28.50.50.5.48.69.64.70.44.30.50.77.51.67.54.71.44.50.62.39.30.41.1.1.1.40.xover.mutate.done 50
 generation 19.86.84.92.78.81.83.79.87.78.76.83.51.7.10.56.7.77.51.30.69.6.3.52.51.3.52.52.51.42.48.51.12.51.40.45.67.38.42.85.3.87.46.70.40.12.58.38.51.59.3.xover.mutate.done 50
 generation 20.92.84.88.93.87.88.80.88.80.74.5.10.13.88.50.59.56.50.58.50.63.43.51.57.65.79.50.6.18.74.9.52.84.57.79.61.49.9.47.48.95.89.76.26.22.16.44.28.64.37.xover.mutate.done 50
 generation 21.96.86.91.95.88.91.91.91.87.83.52.11.4.50.75.96.72.64.73.96.3.70.51.37.51.44.58.93.61.5.2.36.62.59.14.21.57.92.50.60.88.1.10.44.50.43.52.13.39.11.xover.mutate.done 50
 generation 22.94.94.94.84.91.89.87.93.86.86.49.88.57.52.67.63.8.52.89.70.94.26.52.56.6.2.2.25.6.79.44.50.67.40.27.21.20.57.2.2.9.46.94.44.18.59.50.52.50.52.xover.mutate.done 50
 generation 23.95.95.95.95.94.91.88.79.91.87.2.53.3.21.68.10.23.39.47.2.2.9.58.76.0.37.48.62.50.81.9.83.7.38.53.57.11.79.91.58.79.41.49.58.37.4.63.48.50.52.xover.mutate.done 50
 generation 24.95.96.96.96.93.90.90.90.85.87.7.60.35.2.5.5.90.85.42.20.36.21.7.61.47.57.52.50.20.19.2.56.11.51.3.57.14.52.11.5.53.38.55.87.52.53.95.56.94.18.xover.mutate.done 50
 generation 25.93.93.93.93.92.90.91.90.86.86.91.38.78.12.90.85.82.72.48.35.47.46.1.53.11.11.93.37.91.40.1.77.50.50.51.48.47.7.72.61.17.94.36.23.55.44.51.81.46.50.xover.mutate.done 50
 generation 26.92.94.94.94.94.94.93.91.93.93.50.0.78.50.57.19.35.56.9.49.39.7.93.33.45.7.38.37.60.42.39.50.0.56.7.57.9.36.91.19.19.86.94.5.0.27.0.77.75.50.xover.mutate.done 50
 generation 27.92.92.92.91.92.92.92.92.91.94.9.50.50.92.32.41.10.84.33.77.30.52.80.50.48.57.8.19.2.90.94.50.71.11.50.61.61.9.8.2.0.21.2.56.50.10.52.50.2.67.xover.mutate.done 50
 generation 28.91.91.91.91.91.91.90.90.87.90.62.0.50.0.33.23.0.91.6.7.5.50.48.11.5.16.4.50.56.91.8.91.82.0.70.8.50.66.25.88.4.35.26.0.87.64.0.91.91.0.xover.mutate.done 50
 generation 29.96.96.94.94.94.94.94.96.94.96.39.49.50.15.85.77.29.0.82.9.46.57.50.8.57.95.66.94.14.85.91.0.85.50.17.17.32.29.76.21.89.10.57.95.0.28.96.50.96.50.xover.mutate.done 50
 generation 30.93.93.93.93.93.93.94.95.95.95.50.44.5.50.52.19.73.50.50.17.44.56.50.72.2.20.14.88.52.43.2.77.15.41.2.50.28.41.50.64.7.89.93.47.88.83.34.52.15.52.xover.mutate.done 50
 generation 31.93.93.93.93.93.93.93.93.93.93.52.51.35.18.39.3.3.52.3.93.23.22.94.59.50.24.3.52.3.93.50.56.3.26.13.93.1.31.52.3.51.52.15.50.33.93.50.52.49.2.xover.mutate.done 50
 generation 32.89.89.89.89.89.90.90.90.90.90.89.36.35.51.46.50.29.41.2.25.88.7.0.2.11.44.50.2.45.88.27.18.89.2.56.69.7.2.2.89.30.0.90.89.89.52.26.9.52.7.xover.mutate.done 50
 generation 33.89.89.89.89.89.89.90.89.87.87.89.89.52.17.59.42.75.90.52.70.88.33.60.2.52.90.2.52.52.59.52.52.56.6.14.8.52.2.50.50.2.47.87.50.2.50.5.48.21.7.xover.mutate.done 50
 generation 34.96.97.96.96.96.96.96.96.96.96.3.62.64.59.33.56.51.27.26.3.61.58.2.51.91.69.94.92.56.62.51.50.2.3.51.58.11.47.84.57.92.50.71.50.95.25.13.65.96.46.xover.mutate.done 50
 generation 35.92.91.91.93.93.93.93.93.92.92.93.39.8.30.91.9.11.50.50.48.11.50.50.30.3.0.50.10.35.50.45.61.50.16.42.26.63.30.27.50.18.0.0.5.36.57.6.12.7.64.xover.mutate.done 50
 generation 36.96.96.96.96.96.96.95.95.96.96.95.10.54.22.10.2.40.56.50.2.64.42.2.41.50.2.49.73.17.2.96.53.52.95.50.50.50.49.63.52.5.52.62.4.52.2.96.31.0.3.xover.mutate.done 50
 generation 37.91.91.91.91.91.91.90.90.89.91.19.42.49.51.49.55.1.5.90.57.9.1.50.75.46.1.51.67.49.51.90.36.51.1.1.1.1.26.56.39.1.51.56.50.1.55.46.35.45.90.xover.mutate.done 50
 generation 38.93.93.93.93.93.93.93.91.91.90.58.9.51.51.51.1.52.51.31.51.51.81.2.50.32.1.2.42.2.48.51.2.46.58.30.50.2.56.10.56.36.39.3.23.52.51.51.51.7.51.xover.mutate.done 50
 generation 39.93.93.93.93.93.93.93.90.90.90.87.56.54.29.94.9.26.0.93.56.4.81.6.4.4.36.17.54.33.54.61.54.56.55.50.17.4.4.12.58.41.14.56.38.4.54.14.54.65.50.xover.mutate.done 50
 generation 40.95.94.94.94.94.94.94.94.94.93.63.50.2.2.2.9.52.2.50.57.64.2.2.9.47.50.23.50.75.7.61.11.25.14.50.95.50.50.16.33.29.2.2.2.31.48.26.35.9.50.xover.mutate.done 50
 generation 41.98.95.97.97.97.97.97.97.97.97.3.2.55.5.50.5.51.72.50.1.71.6.8.54.1.1.1.34.33.1.7.0.97.5.1.13.5.14.84.65.3.49.52.51.46.47.1.60.51.1.xover.mutate.done 50
 generation 42.96.96.96.96.96.96.96.96.96.96.19.96.2.7.35.2.37.31.5.49.0.9.19.89.68.52.2.36.2.41.2.2.58.52.52.45.2.21.63.57.36.8.2.28.57.2.95.8.28.33.xover.mutate.done 50
 generation 43.96.95.95.95.95.95.95.95.95.95.27.50.14.17.0.57.0.7.68.3.93.35.19.84.38.35.50.41.51.0.32.3.22.35.46.56.21.96.74.25.46.55.0.6.18.6.46.15.3.42.xover.mutate.done 50
 generation 44.97.92.98.98.98.98.98.98.98.98.80.1.60.29.1.1.1.22.58.1.57.21.1.42.51.38.13.1.49.1.30.1.50.98.9.34.33.1.58.78.48.46.33.2.11.1.51.50.47.1.xover.mutate.done 50
 generation 45.96.96.96.96.96.96.96.96.96.96.70.50.5.50.54.4.54.0.51.0.32.52.50.22.29.50.50.37.48.35.96.0.5.46.11.50.43.52.9.0.2.55.6.22.0.54.0.36.73.0.xover.mutate.done 50
 generation 46.94.94.94.94.94.94.94.94.94.92.0.48.0.29.29.3.8.30.30.14.0.10.21.0.50.0.81.50.12.49.3.49.29.18.26.14.50.60.31.94.0.0.50.53.39.50.46.17.50.50.xover.mutate.done 50
 generation 47.93.93.93.93.93.93.93.93.93.93.52.5.23.52.67.0.67.6.2.4.49.57.52.27.55.22.0.52.72.2.46.52.50.52.37.28.48.0.31.19.58.52.13.2.2.50.52.2.47.52.xover.mutate.done 50
 generation 48.90.90.90.90.90.90.90.90.90.90.1.68.50.50.1.1.6.1.2.51.57.22.50.51.90.6.51.50.1.51.51.40.51.51.1.50.6.51.44.50.26.79.71.42.91.89.50.51.6.51.xover.mutate.done 50
 generation 49.90.95.95.95.95.95.95.95.95.95.52.15.86.50.51.39.49.72.52.52.7.8.50.7.7.52.52.43.52.52.64.52.52.2.64.55.73.11.87.7.64.2.46.52.40.55.2.47.52.13.xover.mutate.done 50
 34218371 iters     695437 iter/sec (49.20 s)
 total time: 49.20
