% Invoked: ./gella -d -r 3 -l biased_r3/run20 >& biased_r3/run20.log
% Ministry of Cellular Automata
% Project Deux (CS523 Spring 2015)
% Version:v0.1-70-g0624-dirty
%  pop:50
%  ic count:100
%  CA Log option:biased_r3/run20
%  width:121
%  max workers:4
%  radius:3
%  iterations:300
%  use bias:true
%  generations:50

 generation 0.3.3.26.1.3.1.2.3.3.3.2.3.3.50.2.16.1.22.1.3.1.3.1.50.50.1.50.1.50.2.50.50.2.50.2.3.50.50.2.1.1.32.1.3.3.3.1.2.50.50.xover.mutate.done 50
 generation 1.50.50.50.50.50.50.50.50.50.50.13.2.50.1.19.42.27.2.1.50.2.14.50.19.50.1.1.1.50.50.51.2.51.51.1.2.50.1.2.1.15.2.2.50.51.51.2.2.2.18.xover.mutate.done 50
 generation 2.50.50.50.50.50.50.50.50.50.50.50.0.50.45.50.0.50.50.0.32.0.50.0.50.0.50.0.0.0.0.0.0.50.50.50.50.0.24.50.10.50.0.0.0.18.0.0.50.0.50.xover.mutate.done 50
 generation 3.51.51.51.50.50.50.50.50.50.50.1.51.0.0.50.50.1.0.50.1.7.51.50.1.1.50.0.51.50.50.0.50.1.12.50.0.1.50.1.50.38.0.1.0.50.1.1.51.51.1.xover.mutate.done 50
 generation 4.52.52.52.52.52.52.52.52.51.51.7.52.2.51.1.52.2.2.50.3.52.50.3.50.3.52.3.34.2.3.8.52.1.1.1.50.50.52.14.2.2.27.1.52.52.37.42.51.2.51.xover.mutate.done 50
 generation 5.50.50.50.50.50.50.50.50.50.50.1.50.50.1.1.1.50.50.1.50.50.42.50.50.2.0.50.50.50.1.1.50.1.1.1.1.1.50.1.50.1.0.50.1.1.50.44.50.50.50.xover.mutate.done 50
 generation 6.50.50.50.50.50.50.50.50.50.50.2.42.50.2.50.2.50.2.50.50.2.8.2.2.50.50.2.16.18.2.50.2.11.2.50.50.14.2.9.50.2.50.2.2.50.28.50.11.9.50.xover.mutate.done 50
 generation 7.50.50.50.50.50.50.50.50.50.50.1.50.50.23.1.1.1.20.50.9.50.50.8.50.1.9.6.50.45.50.1.1.10.9.50.10.1.4.50.13.8.50.12.1.8.1.50.50.50.50.xover.mutate.done 50
 generation 8.51.51.51.51.51.51.51.51.51.51.51.19.51.2.51.2.51.2.18.51.2.5.51.51.51.27.15.7.2.2.51.51.2.2.51.51.51.51.51.51.51.41.51.51.50.9.51.51.2.5.xover.mutate.done 50
 generation 9.51.51.51.51.51.51.51.51.51.51.51.51.35.51.13.51.2.2.51.51.51.51.51.51.44.2.51.2.51.51.51.49.2.2.2.51.2.51.2.51.2.2.51.1.35.2.2.51.51.2.xover.mutate.done 50
 generation 10.52.52.52.52.52.52.52.52.52.52.3.52.19.3.3.52.52.52.52.52.3.52.52.52.56.52.52.3.52.52.52.52.52.52.3.52.52.2.52.12.52.52.50.3.52.52.52.52.52.52.xover.mutate.done 50
 generation 11.58.51.51.51.51.51.51.51.51.51.1.51.1.1.51.1.51.1.1.50.51.51.0.51.51.0.1.1.50.1.0.50.24.51.51.51.1.0.1.51.51.0.17.1.8.24.51.1.13.51.xover.mutate.done 50
 generation 12.54.52.52.52.52.52.52.52.52.52.52.4.43.2.4.4.4.52.4.19.52.2.52.4.4.4.52.4.52.4.4.52.50.4.52.13.52.52.4.2.36.4.4.4.52.27.4.52.52.52.xover.mutate.done 50
 generation 13.59.51.51.51.51.51.51.51.51.51.3.51.51.51.3.3.51.51.51.3.51.51.51.3.7.51.51.14.51.50.51.51.3.51.3.14.47.50.3.3.3.3.8.3.51.51.51.51.50.42.xover.mutate.done 50
 generation 14.54.50.50.50.50.50.50.50.50.50.13.50.27.49.50.50.47.20.17.50.50.16.0.0.0.0.50.50.49.50.0.50.50.50.50.50.0.0.49.50.0.15.50.43.0.50.0.48.0.0.xover.mutate.done 50
 generation 15.54.52.52.52.52.52.52.52.52.52.3.2.52.3.3.52.3.52.3.3.52.52.3.3.52.3.3.3.3.52.3.1.3.3.25.27.3.3.3.52.46.52.52.52.28.52.3.52.3.3.xover.mutate.done 50
 generation 16.58.52.52.52.52.52.52.52.52.52.21.52.0.2.46.52.2.2.2.2.0.52.52.52.2.0.3.14.2.0.8.52.2.52.2.52.2.52.2.2.2.2.52.2.52.13.52.52.52.2.xover.mutate.done 50
 generation 17.54.50.50.50.50.50.50.50.50.50.50.0.50.50.1.50.50.50.4.31.1.23.40.50.50.31.1.1.50.50.23.50.1.50.50.50.50.1.32.0.50.50.50.50.1.1.1.50.50.1.xover.mutate.done 50
 generation 18.53.51.51.51.51.51.51.51.51.51.51.2.2.51.51.51.51.51.2.51.27.8.2.51.51.51.2.2.2.51.51.2.2.1.51.14.51.51.51.14.2.2.39.2.51.2.36.2.2.51.xover.mutate.done 50
 generation 19.51.50.50.50.50.50.50.50.50.50.2.2.2.2.2.2.2.2.2.50.50.50.2.50.50.50.2.50.50.50.50.50.50.25.2.25.50.48.50.0.50.50.50.50.50.2.5.13.2.50.xover.mutate.done 50
 generation 20.54.50.50.50.50.50.50.50.50.50.15.50.0.50.0.18.5.50.50.0.50.0.50.50.50.0.22.0.0.0.50.50.50.49.0.0.50.0.0.50.50.43.0.50.50.0.0.18.0.50.xover.mutate.done 50
 generation 21.57.50.50.50.50.50.50.50.50.50.50.1.50.1.1.1.50.50.50.8.50.50.1.50.1.1.27.1.1.50.50.50.49.50.50.50.50.50.1.50.50.50.50.50.14.50.11.1.1.50.xover.mutate.done 50
 generation 22.57.51.51.51.51.51.51.51.51.51.1.36.15.1.51.51.51.51.51.51.51.51.1.51.1.0.29.1.51.1.1.1.14.41.33.1.1.1.1.50.9.51.51.1.12.51.51.1.51.1.xover.mutate.done 50
 generation 23.57.51.51.51.51.51.51.51.51.51.51.51.51.51.51.51.51.51.51.1.51.51.7.2.2.1.34.25.11.2.49.51.1.51.1.51.1.51.51.51.51.2.1.1.51.51.51.51.1.1.xover.mutate.done 50
 generation 24.56.51.51.51.51.51.51.51.51.51.51.51.1.12.51.51.1.1.51.1.1.1.51.1.1.22.1.51.51.1.1.1.51.1.51.1.51.0.51.51.1.1.1.1.12.51.51.1.1.1.xover.mutate.done 50
 generation 25.55.50.50.50.50.50.50.50.50.50.1.45.50.1.1.50.50.50.1.50.50.43.1.50.1.1.50.0.1.0.1.50.1.50.1.50.50.9.1.50.50.50.1.8.50.50.50.1.50.11.xover.mutate.done 50
 generation 26.58.51.51.51.51.51.51.51.51.51.51.1.13.1.1.1.51.51.1.1.24.50.1.51.11.51.1.1.1.40.1.51.51.1.1.1.51.51.7.1.7.51.1.1.51.0.9.8.51.51.xover.mutate.done 50
 generation 27.53.51.51.51.51.51.51.51.51.51.1.1.51.11.1.51.1.7.1.51.47.1.51.51.51.51.1.1.51.13.5.51.1.51.1.51.1.1.16.51.51.1.1.51.51.51.51.45.51.48.xover.mutate.done 50
 generation 28.57.50.50.50.50.50.50.50.50.50.1.1.1.50.50.14.1.50.50.1.13.50.50.23.50.1.1.50.15.1.50.50.0.0.50.47.1.50.50.1.1.50.50.1.0.14.1.0.50.1.xover.mutate.done 50
 generation 29.57.51.51.51.51.51.51.51.51.51.2.1.51.49.51.2.51.51.2.51.51.51.10.49.51.51.1.51.51.2.51.51.2.51.1.51.51.1.51.50.2.2.2.51.51.2.1.51.51.51.xover.mutate.done 50
 generation 30.58.51.51.51.51.51.51.51.51.51.3.51.3.3.3.51.51.51.3.51.51.3.51.4.51.51.51.3.3.4.3.51.3.51.9.3.50.51.3.3.16.3.3.3.21.3.3.3.51.51.xover.mutate.done 50
 generation 31.53.51.51.51.51.51.51.51.51.51.4.50.51.17.51.51.4.51.4.4.43.51.48.4.4.26.4.51.3.4.1.1.4.10.4.51.4.51.4.13.51.4.4.4.4.3.4.51.4.4.xover.mutate.done 50
 generation 32.53.51.51.51.51.51.51.51.51.51.51.33.1.50.1.1.17.51.51.1.1.1.1.51.1.51.40.51.1.51.1.51.1.1.51.49.1.1.1.51.1.51.40.1.1.51.51.44.51.51.xover.mutate.done 50
 generation 33.51.50.50.50.50.50.50.50.50.50.50.1.1.1.1.50.1.50.50.50.50.1.50.50.3.50.1.50.50.1.40.25.50.24.1.1.1.50.50.21.50.1.50.24.50.0.1.50.50.1.xover.mutate.done 50
 generation 34.55.50.50.50.50.50.50.50.50.50.50.55.2.2.2.18.2.2.2.50.50.50.50.2.50.41.50.2.50.50.2.50.50.50.50.50.2.2.50.2.2.2.50.50.47.50.50.50.2.50.xover.mutate.done 50
 generation 35.56.56.50.50.50.50.50.50.50.50.50.0.50.50.50.0.50.0.0.50.50.0.17.50.50.50.0.42.50.50.50.50.50.26.0.0.0.32.50.50.50.0.50.0.50.50.50.0.50.50.xover.mutate.done 50
 generation 36.54.54.50.50.50.50.50.50.50.50.50.50.1.1.50.50.1.1.49.50.1.1.1.1.20.50.50.1.1.7.25.50.50.1.50.50.50.1.50.50.1.1.12.1.50.1.36.1.1.1.xover.mutate.done 50
 generation 37.53.53.50.50.50.50.50.50.50.50.1.1.50.50.41.1.1.50.36.1.50.1.1.1.42.0.1.50.50.1.50.50.37.1.1.1.40.34.50.1.1.1.50.50.16.49.1.50.50.50.xover.mutate.done 50
 generation 38.52.52.50.50.50.50.50.50.50.50.1.43.1.1.50.50.28.50.9.1.50.50.1.50.1.1.50.50.1.50.50.1.1.50.50.50.50.50.1.1.50.50.50.1.1.49.1.1.1.50.xover.mutate.done 50
 generation 39.53.53.51.51.51.51.51.51.51.51.51.1.34.51.50.19.13.50.50.51.51.51.1.50.26.51.1.51.51.51.27.51.1.51.51.51.51.1.51.51.1.1.51.51.51.0.51.1.1.50.xover.mutate.done 50
 generation 40.54.54.51.51.51.51.51.51.51.51.50.51.51.2.2.50.51.2.51.51.24.1.50.51.51.51.2.2.51.51.34.50.51.2.12.51.1.50.51.2.51.51.2.47.51.51.51.51.51.2.xover.mutate.done 50
 generation 41.50.50.50.50.50.50.50.50.50.50.50.0.0.50.0.0.50.50.7.0.0.0.8.0.0.50.50.50.50.50.50.50.50.0.50.50.50.50.0.0.50.50.50.0.50.0.50.8.50.0.xover.mutate.done 50
 generation 42.58.58.50.50.50.50.50.50.50.50.2.50.50.2.50.50.2.2.18.50.50.50.47.2.23.39.50.50.50.50.50.50.50.50.50.50.23.50.25.2.50.2.0.50.50.50.2.50.10.50.xover.mutate.done 50
 generation 43.51.51.50.50.50.50.50.50.50.50.50.0.0.0.0.50.36.50.50.50.50.24.13.50.50.0.0.0.0.0.50.0.50.50.50.7.50.14.50.50.50.0.50.50.50.25.50.0.50.50.xover.mutate.done 50
 generation 44.51.51.51.51.51.51.51.51.51.51.51.51.51.18.51.1.1.1.51.1.51.51.1.51.1.51.51.51.51.1.51.51.51.51.38.50.51.1.51.0.1.1.0.31.50.1.51.51.51.1.xover.mutate.done 50
 generation 45.54.54.52.52.52.52.52.52.52.52.54.50.2.2.52.52.2.52.52.52.8.2.52.52.17.2.2.50.2.2.52.52.2.50.50.52.2.52.2.50.2.2.2.2.2.2.0.2.2.52.xover.mutate.done 50
 generation 46.55.55.55.51.51.51.51.51.51.51.56.50.2.51.2.2.51.51.2.51.51.51.51.51.2.2.51.51.1.2.51.2.2.51.51.51.11.50.1.2.1.51.51.51.51.51.51.9.51.1.xover.mutate.done 50
 generation 47.58.58.58.58.55.55.55.55.55.55.5.21.55.55.55.55.57.55.5.0.55.28.55.55.5.50.55.55.55.0.5.55.5.55.18.55.55.55.5.50.0.0.55.55.55.50.55.55.55.55.xover.mutate.done 50
 generation 48.53.52.52.52.49.50.50.50.50.50.50.50.39.0.50.0.0.2.0.0.50.0.0.50.50.0.50.50.50.50.50.3.50.0.50.0.45.0.0.50.50.50.0.27.0.50.50.50.0.50.xover.mutate.done 50
 generation 49.55.55.55.55.52.52.52.52.52.52.52.52.3.10.52.3.2.3.10.11.52.52.52.8.52.55.52.43.52.52.55.3.52.2.50.2.2.3.10.52.52.3.52.52.8.3.10.52.3.3.xover.mutate.done 50
 26533884 iters     684828 iter/sec (38.75 s)
 total time: 38.75
