0.828125 0.1484375 0.390625 0.3828125 0.9140625 0.9296875 0.90625 0.8125 0.3515625 0.390625 
0.90625 0.046875 0.84375 0.9296875 0.984375 0.984375 0.9296875 0.9375 0.921875 0.125 
0.90625 0.046875 0.84375 0.9375 0.375 0.8515625 0.890625 0.9296875 0.984375 0.984375 
0.484375 0.046875 0.375 0.0703125 0.90625 0.84375 0.9375 0.8515625 0.890625 0.9296875 
0.90625 0.84375 0.9375 0.8515625 0.890625 0.828125 0.7109375 0.875 0.8515625 0.90625 
0.484375 0.90625 0.84375 0.9375 0.8515625 0.890625 0.828125 0.7109375 0.875 0.8515625 
0.484375 0.90625 0.84375 0.9375 0.8515625 0.890625 0.828125 0.7109375 0.875 0.8515625 
0.484375 0.90625 0.84375 0.9375 0.8515625 0.890625 0.828125 0.7109375 0.875 0.8515625 
0.484375 0.90625 0.84375 0.9375 0.8515625 0.890625 0.828125 0.7109375 0.875 0.8515625 
0.484375 0.90625 0.84375 0.9375 0.8515625 0.890625 0.828125 0.7109375 0.875 0.8515625 
0.484375 0.90625 0.84375 0.9375 0.8515625 0.890625 0.828125 0.7109375 0.875 0.8515625 
0.484375 0.90625 0.84375 0.9375 0.8515625 0.890625 0.828125 0.7109375 0.875 0.8515625 
0.484375 0.90625 0.84375 0.9375 0.8515625 0.890625 0.828125 0.7109375 0.875 0.8515625 
0.484375 0.90625 0.84375 0.9375 0.8515625 0.890625 0.828125 0.7109375 0.875 0.8515625 
0.484375 0.46875 0.90625 0.84375 0.9375 0.8515625 0.890625 0.828125 0.7109375 0.875 
0.4765625 0.484375 0.46875 0.4765625 0.90625 0.84375 0.9375 0.8515625 0.890625 0.828125 
0.46875 0.4765625 0.46875 0.484375 0.4765625 0.90625 0.84375 0.9375 0.8515625 0.890625 
0.46875 0.4765625 0.484375 0.46875 0.4765625 0.5234375 0.90625 0.84375 0.9375 0.8515625 
0.46875 0.4765625 0.46875 0.484375 0.46875 0.46875 0.484375 0.4765625 0.484375 0.5234375 
0.46875 0.4765625 0.46875 0.46875 0.46875 0.484375 0.46875 0.46875 0.4765625 0.484375 
0.4765625 0.5 0.4765625 0.4765625 0.46875 0.46875 0.46875 0.46875 0.4765625 0.484375 
0.5390625 0.4609375 0.484375 0.4765625 0.5 0.484375 0.4765625 0.4765625 0.484375 0.4765625 
0.484375 0.46875 0.4609375 0.484375 0.5 0.46875 0.5390625 0.4765625 0.4765625 0.4765625 
0.484375 0.46875 0.5 0.46875 0.5390625 0.4765625 0.484375 0.4765625 0.4765625 0.4765625 
0.484375 0.46875 0.4921875 0.4765625 0.5 0.46875 0.5390625 0.484375 0.4765625 0.4765625 
0.4921875 0.484375 0.46875 0.4765625 0.5 0.46875 0.484375 0.4765625 0.4765625 0.5390625 
0.4921875 0.46875 0.484375 0.4609375 0.4453125 0.5 0.4765625 0.5390625 0.5 0.46875 
0.46875 0.4921875 0.484375 0.4765625 0.4765625 0.4765625 0.5 0.4375 0.4453125 0.4609375 
0.46875 0.4921875 0.484375 0.4609375 0.5 0.4765625 0.4765625 0.4765625 0.4765625 0.4765625 
0.4921875 0.46875 0.484375 0.46875 0.4609375 0.4765625 0.4765625 0.4765625 0.4765625 0.4765625 
0.4921875 0.46875 0.484375 0.46875 0.4609375 0.4765625 0.4765625 0.4765625 0.4765625 0.4765625 
0.4921875 0.4765625 0.46875 0.484375 0.46875 0.4609375 0.4765625 0.4765625 0.4765625 0.4765625 
0.4765625 0.46875 0.4453125 0.4921875 0.484375 0.46875 0.484375 0.4765625 0.4765625 0.4765625 
0.4921875 0.4765625 0.4453125 0.46875 0.484375 0.46875 0.46875 0.484375 0.4921875 0.4765625 
0.4765625 0.4921875 0.484375 0.46875 0.46875 0.484375 0.4453125 0.46875 0.4453125 0.4921875 
0.484375 0.46875 0.46875 0.4765625 0.46875 0.4453125 0.4453125 0.46875 0.484375 0.4921875 
0.4453125 0.4453125 0.5234375 0.46875 0.4765625 0.484375 0.4609375 0.484375 0.46875 0.46875 
0.46875 0.4296875 0.4453125 0.4453125 0.4765625 0.5234375 0.4609375 0.4609375 0.484375 0.484375 
0.4296875 0.4453125 0.4453125 0.4765625 0.4609375 0.46875 0.46875 0.5234375 0.4609375 0.4609375 
0.4296875 0.4609375 0.4453125 0.4453125 0.4765625 0.46875 0.46875 0.4609375 0.4609375 0.4609375 
0.3984375 0.4453125 0.4453125 0.4609375 0.4609375 0.4296875 0.4609375 0.4765625 0.46875 0.4609375 
0.3984375 0.453125 0.453125 0.4453125 0.4453125 0.4609375 0.4609375 0.4296875 0.4609375 0.453125 
0.3984375 0.4453125 0.453125 0.453125 0.4296875 0.4453125 0.4453125 0.4609375 0.4609375 0.4609375 
0.3984375 0.4296875 0.453125 0.453125 0.4609375 0.4609375 0.4375 0.453125 0.4453125 0.4609375 
0.3984375 0.453125 0.453125 0.453125 0.4453125 0.4609375 0.4609375 0.4609375 0.4921875 0.4296875 
0.4453125 0.4296875 0.453125 0.453125 0.453125 0.4609375 0.3984375 0.4609375 0.4609375 0.4609375 
0.3984375 0.453125 0.453125 0.453125 0.4609375 0.4609375 0.4609375 0.4609375 0.4453125 0.46875 
0.453125 0.3984375 0.4453125 0.4453125 0.4609375 0.453125 0.453125 0.453125 0.46875 0.4609375 
0.3984375 0.4453125 0.453125 0.4453125 0.4609375 0.453125 0.4140625 0.4609375 0.453125 0.453125 
0.3984375 0.4453125 0.453125 0.4609375 0.4375 0.4609375 0.453125 0.4140625 0.46875 0.453125 
