50 50 50 50 50 50 50 50 50 50 50 49 48 0 0 0 0 0 0 0 0 0 0 0 0 0 0 0 0 0 0 0 0 0 0 0 0 0 0 0 0 0 0 0 0 0 0 0 0 0 
51 50 50 50 50 50 50 50 50 50 50 50 50 50 50 50 50 50 50 42 32 29 17 16 10 9 5 1 1 1 1 1 1 1 1 1 1 1 1 1 1 1 0 0 0 0 0 0 0 0 
52 52 50 50 50 50 50 50 50 50 50 50 50 50 50 50 50 50 50 50 50 50 50 50 50 50 50 42 41 39 37 34 28 6 2 2 2 2 2 2 0 0 0 0 0 0 0 0 0 0 
51 51 51 50 50 50 50 50 50 50 50 50 50 50 50 50 50 50 50 50 50 50 50 50 50 49 46 33 24 22 9 6 3 1 1 1 1 0 0 0 0 0 0 0 0 0 0 0 0 0 
56 52 52 52 52 52 51 51 51 50 50 50 50 50 50 50 50 50 50 50 50 50 50 14 3 3 3 3 3 3 3 3 3 3 2 2 2 2 2 2 2 2 2 2 2 2 2 2 2 1 
52 50 50 50 50 50 50 50 50 50 50 50 50 50 50 50 50 50 50 50 50 50 50 50 49 49 47 9 8 5 0 0 0 0 0 0 0 0 0 0 0 0 0 0 0 0 0 0 0 0 
56 51 51 51 51 51 51 50 50 50 50 50 50 50 50 50 50 50 50 50 50 50 50 50 50 50 50 31 26 23 12 10 9 9 8 6 6 1 1 1 1 1 0 0 0 0 0 0 0 0 
55 51 51 51 51 51 51 51 50 50 50 50 50 50 50 50 50 50 50 50 33 30 17 15 15 14 13 12 12 11 11 9 1 1 1 1 1 1 1 1 1 1 1 1 0 0 0 0 0 0 
91 52 50 50 50 50 50 50 50 50 50 50 50 50 50 50 50 50 50 50 50 50 50 45 37 26 22 19 13 12 11 9 9 8 8 5 4 4 4 3 0 0 0 0 0 0 0 0 0 0 
91 55 51 51 51 51 51 51 51 51 51 51 51 51 51 51 51 51 51 50 50 49 45 43 25 17 8 7 6 6 2 2 2 2 2 2 2 2 2 2 2 2 2 2 2 1 1 1 1 1 
92 71 61 55 50 50 50 50 50 50 50 50 50 50 50 50 50 50 50 50 50 50 50 49 38 22 22 17 12 10 9 0 0 0 0 0 0 0 0 0 0 0 0 0 0 0 0 0 0 0 
91 68 64 55 51 51 51 51 51 51 51 51 51 51 51 51 51 51 51 50 50 50 50 50 50 50 50 50 50 50 47 46 43 6 2 1 1 1 1 1 1 1 0 0 0 0 0 0 0 0 
93 80 73 70 64 64 57 52 52 52 52 52 52 50 50 50 50 50 50 50 50 50 50 50 50 49 49 34 27 24 2 2 2 2 2 2 2 2 2 2 2 2 2 2 2 2 2 2 2 0 
91 80 78 70 69 67 59 54 52 52 52 52 52 52 52 51 51 51 51 51 51 51 51 51 48 42 34 28 23 19 19 19 17 11 11 6 3 3 3 3 3 3 3 3 2 2 2 2 2 2 
87 76 76 72 70 69 68 67 67 57 52 52 52 52 52 50 50 50 50 50 50 49 42 38 34 33 26 25 23 21 16 14 13 7 2 2 2 2 2 2 2 2 2 2 2 2 2 2 2 0 
89 79 77 72 71 69 68 68 67 60 60 59 54 53 53 51 51 51 51 50 48 46 41 39 31 24 24 23 18 16 16 15 11 5 4 4 4 4 4 4 4 4 4 3 3 1 1 1 1 1 
91 87 86 80 80 77 71 69 69 68 67 62 56 53 52 52 50 50 50 48 46 46 45 44 37 34 31 30 27 27 23 23 22 20 20 19 17 13 13 10 5 5 5 5 5 5 5 3 3 3 
88 79 78 78 78 73 73 69 67 67 65 65 64 63 59 51 51 51 51 51 51 51 51 51 50 47 37 32 27 26 22 14 6 5 5 4 4 3 2 2 2 2 2 2 2 2 2 2 2 2 
91 86 83 81 80 80 76 74 74 74 74 66 66 66 65 57 53 51 51 51 43 43 42 40 37 36 36 34 32 31 28 28 25 21 21 17 16 15 15 11 7 6 2 2 2 2 2 2 1 1 
90 82 81 76 76 76 72 72 72 69 68 67 66 57 52 52 52 50 50 50 46 44 38 37 36 33 31 28 27 25 23 23 22 20 20 20 18 18 14 14 12 11 11 10 7 3 2 2 2 2 
89 77 75 72 70 70 66 65 62 60 60 59 57 55 51 50 50 46 44 42 42 38 38 37 34 34 28 25 23 21 17 15 12 11 7 7 5 5 4 4 4 2 2 2 2 2 2 2 2 2 
91 85 81 76 75 74 74 73 73 73 73 72 69 67 67 66 65 60 58 56 51 50 50 50 50 46 46 41 41 40 39 36 34 28 25 24 21 20 17 16 15 13 12 11 1 1 1 1 1 1 
95 86 84 83 82 82 82 80 80 80 78 77 77 75 69 69 69 64 62 59 59 58 57 54 50 50 50 50 49 49 48 47 44 37 36 34 34 33 26 26 24 23 13 10 6 0 0 0 0 0 
94 92 88 84 82 79 77 77 75 75 74 71 71 71 71 69 65 62 52 52 52 52 52 51 51 51 51 51 50 48 48 46 44 43 40 20 18 17 11 11 6 3 3 1 1 1 1 1 1 0 
96 91 90 85 84 84 82 82 81 77 76 72 71 63 60 59 54 53 50 50 50 50 48 48 47 46 43 43 37 37 33 33 32 25 25 19 17 15 9 8 4 3 3 0 0 0 0 0 0 0 
95 94 91 88 86 83 82 81 81 80 80 78 67 55 55 53 52 50 50 50 47 43 41 39 37 28 21 21 14 13 13 13 13 10 9 9 8 8 3 3 3 3 3 3 3 0 0 0 0 0 
95 94 93 90 88 87 87 86 85 82 81 64 64 61 53 50 50 50 50 48 43 43 36 35 34 31 24 17 13 13 12 12 12 11 11 9 9 3 3 3 3 3 3 3 3 3 3 0 0 0 
92 91 87 85 85 83 83 80 79 79 74 73 73 66 65 58 50 50 49 38 37 33 33 32 29 27 25 23 22 22 14 14 11 9 9 7 7 6 5 4 3 1 1 1 1 1 0 0 0 0 
88 87 84 83 83 80 80 79 78 78 76 75 75 74 74 74 72 59 55 50 50 49 48 39 39 38 36 36 35 34 26 26 24 18 18 13 12 11 6 6 6 4 1 0 0 0 0 0 0 0 
91 90 89 88 85 81 81 81 80 78 76 72 72 65 65 62 56 52 52 52 51 50 50 50 49 42 41 33 33 32 29 22 18 18 16 15 9 8 7 7 7 7 6 6 4 3 2 1 1 1 
93 91 90 87 87 84 83 82 81 80 80 78 78 78 68 67 62 61 61 58 57 57 57 52 52 52 52 50 47 42 41 36 36 34 27 20 13 13 12 11 11 10 9 8 8 6 3 3 3 3 
95 92 91 91 90 90 89 89 88 87 87 86 82 82 82 80 79 76 75 74 72 71 58 57 51 51 50 50 50 49 49 48 48 47 46 42 41 41 38 37 35 33 32 32 27 24 9 8 6 1 
93 93 92 88 87 87 85 84 84 84 83 76 67 61 60 57 55 55 53 52 51 50 50 47 47 44 38 37 35 32 28 22 17 15 12 10 9 7 6 6 6 6 5 5 5 3 2 0 0 0 
92 91 91 90 90 90 89 89 88 88 87 86 85 78 70 67 62 61 56 55 54 51 51 49 49 49 48 43 42 38 37 35 29 27 27 26 24 24 19 19 18 16 15 15 10 8 7 7 2 2 
95 94 94 94 93 93 93 91 88 85 84 84 80 57 54 54 52 52 51 50 50 50 50 49 49 47 47 45 45 42 42 37 37 28 18 15 8 7 6 6 5 5 2 2 2 2 2 2 2 2 
92 91 91 90 90 90 89 88 88 87 85 80 78 73 55 55 54 51 51 51 50 50 49 49 43 33 33 32 25 25 24 22 21 18 15 15 14 12 12 5 3 3 2 2 2 2 2 2 1 1 
91 90 88 87 87 87 86 86 86 85 85 83 81 76 74 68 64 54 53 50 50 50 50 50 49 48 44 41 40 40 39 38 33 31 26 25 24 23 22 22 21 20 19 10 7 4 1 1 1 0 
90 89 89 89 88 88 87 86 86 86 83 81 79 74 73 67 64 57 55 52 52 51 50 50 49 47 45 45 44 43 42 42 41 39 39 39 37 37 36 31 30 26 19 16 9 9 8 6 5 4 
94 93 92 91 91 91 89 89 89 89 88 74 73 72 71 68 67 66 64 62 61 58 55 53 52 52 52 52 52 50 50 50 49 49 49 48 47 46 45 45 45 44 44 34 20 10 4 3 3 1 
92 91 91 91 91 90 90 89 87 86 86 86 83 80 74 67 60 59 56 55 55 54 54 50 50 50 49 48 48 45 45 45 41 37 32 27 18 18 11 11 5 5 5 4 2 1 1 1 1 1 
92 91 91 91 90 89 89 88 88 87 87 85 85 84 71 69 59 56 55 55 52 50 50 49 49 48 45 43 41 41 40 38 34 28 28 27 24 23 22 21 19 17 14 13 11 10 6 6 1 1 
95 95 95 95 94 94 93 93 92 92 91 90 88 86 84 79 75 73 68 59 58 58 56 53 52 50 50 50 48 48 44 21 19 17 15 12 12 9 8 4 4 4 3 3 3 2 2 2 2 2 
97 96 95 94 94 94 94 94 93 93 93 92 90 90 88 88 88 88 87 61 59 56 55 53 52 52 52 52 51 51 50 48 48 46 44 43 43 43 40 38 37 35 22 20 9 7 2 2 2 0 
94 93 92 92 91 91 91 91 90 90 90 90 89 87 86 80 79 67 66 62 62 60 60 60 59 57 51 50 50 50 50 46 46 44 42 42 41 36 27 24 19 12 11 9 7 7 7 7 1 1 
91 90 90 89 88 88 88 88 88 88 88 87 86 84 83 83 80 79 77 69 65 64 61 60 56 56 45 45 44 41 36 32 28 24 22 20 17 17 16 11 11 10 10 9 9 6 5 5 5 5 
96 96 96 96 96 95 94 93 93 92 91 91 88 87 85 72 72 69 54 53 52 52 52 50 50 50 50 49 49 49 48 46 44 42 35 30 30 23 22 14 9 9 6 5 2 2 2 2 2 2 
92 92 91 91 91 91 91 90 90 89 88 88 87 85 82 81 77 75 72 55 55 53 52 51 51 50 50 50 48 47 43 42 33 27 25 20 12 9 7 7 6 3 2 1 1 1 1 1 1 1 
93 93 93 93 92 92 92 92 92 90 85 84 81 81 81 76 76 73 66 58 54 52 51 51 51 51 51 49 48 47 45 41 39 32 30 29 28 24 20 19 18 17 10 6 6 4 1 1 1 0 
96 96 96 96 96 96 95 95 95 95 93 90 86 83 82 59 54 53 53 51 50 50 50 50 48 45 43 32 31 27 26 24 22 18 17 17 17 16 11 8 4 3 1 1 1 1 1 1 1 1 
92 92 92 92 92 92 92 91 91 91 91 91 90 90 86 85 80 78 62 59 58 56 53 52 52 52 50 48 34 32 29 28 28 23 22 21 19 19 17 17 13 12 11 4 4 4 4 4 4 2 
