51 50 50 50 50 50 50 50 50 50 50 50 25 11 3 1 1 1 1 1 1 1 1 1 1 1 1 1 1 1 1 1 1 1 1 1 1 1 1 1 1 1 1 0 0 0 0 0 0 0 
53 53 53 53 50 50 50 50 50 50 50 50 50 50 50 50 50 50 50 50 50 50 39 35 24 16 14 9 3 3 3 3 3 3 3 3 3 3 3 0 0 0 0 0 0 0 0 0 0 0 
58 51 51 51 51 51 51 51 51 51 50 50 50 50 50 50 50 50 50 50 50 50 50 50 50 44 35 30 12 11 10 10 8 1 1 1 1 1 1 1 1 1 1 1 1 1 0 0 0 0 
72 59 57 52 52 52 52 52 52 52 52 52 52 52 52 52 52 52 52 52 52 52 52 52 51 51 50 50 50 50 50 50 50 27 15 13 11 11 3 3 3 3 3 3 2 2 2 2 1 1 
72 66 59 50 50 50 50 50 50 50 50 50 50 50 50 50 50 50 50 50 50 50 50 50 50 49 26 13 12 12 5 0 0 0 0 0 0 0 0 0 0 0 0 0 0 0 0 0 0 0 
75 64 59 51 51 51 51 51 51 51 51 51 51 51 51 51 51 51 51 51 51 51 51 51 51 51 51 51 50 50 50 50 50 45 33 33 17 17 16 10 2 2 2 2 2 1 1 1 1 1 
69 62 57 51 51 51 51 51 51 51 51 51 51 51 51 51 51 51 51 51 51 51 51 51 50 50 50 50 50 45 40 31 28 26 17 8 2 2 2 2 2 2 1 1 1 1 1 1 1 1 
67 62 59 50 50 50 50 50 50 50 50 50 50 50 50 50 50 50 50 50 50 50 50 50 50 50 50 50 50 50 39 39 39 27 9 9 6 1 1 1 1 1 1 1 1 1 0 0 0 0 
65 58 56 52 52 52 52 52 52 52 52 52 52 52 52 52 52 52 52 52 52 52 52 52 52 50 50 39 31 28 28 24 8 4 3 3 3 3 3 3 3 2 2 2 2 2 2 2 1 1 
64 64 61 51 51 51 51 51 51 51 51 51 51 51 51 51 51 51 51 51 51 51 51 51 51 51 51 50 43 42 41 33 23 12 10 9 1 1 1 1 1 1 1 1 1 1 1 1 1 0 
63 58 55 50 50 50 50 50 50 50 50 50 50 50 50 50 50 50 50 50 50 50 32 24 20 7 7 6 5 1 1 1 1 1 1 1 1 1 1 1 1 1 1 0 0 0 0 0 0 0 
70 68 61 57 52 52 52 52 52 52 52 52 52 52 52 52 52 52 52 52 52 52 52 52 52 52 52 52 50 31 28 27 25 10 10 8 3 3 3 3 3 3 3 2 2 2 2 1 1 1 
69 68 61 61 61 54 51 51 51 51 51 51 51 51 51 51 51 51 51 51 51 51 51 51 51 51 51 51 51 50 50 40 39 9 6 5 5 4 4 1 1 1 1 1 1 1 1 1 1 1 
70 69 69 57 53 53 50 50 50 50 50 50 50 50 50 50 50 50 50 50 50 50 50 47 44 42 27 16 15 13 11 8 7 6 2 2 2 2 2 2 2 2 2 2 2 2 0 0 0 0 
72 72 72 62 58 56 56 51 51 51 51 51 51 51 51 51 51 51 51 51 50 50 46 40 33 33 26 23 17 16 11 10 8 8 6 1 1 1 1 1 1 1 1 1 1 1 0 0 0 0 
75 70 68 66 61 53 53 53 50 50 50 50 50 50 50 50 50 50 50 50 50 50 50 47 42 30 26 21 17 13 13 11 10 10 6 3 3 3 3 3 3 3 3 3 3 0 0 0 0 0 
72 72 69 69 65 57 55 53 53 52 50 50 50 50 50 50 50 50 50 50 50 50 50 50 43 42 41 39 35 32 31 28 22 17 10 7 4 2 0 0 0 0 0 0 0 0 0 0 0 0 
83 67 66 65 63 55 55 55 54 52 52 52 52 52 52 51 50 50 50 50 50 50 50 49 48 42 23 22 17 13 9 8 7 6 5 2 2 2 2 2 2 2 2 2 2 2 2 2 0 0 
94 73 71 70 67 66 60 57 55 55 55 55 54 50 50 50 50 50 50 50 50 50 47 41 39 32 27 26 16 15 14 12 10 7 5 5 2 2 2 0 0 0 0 0 0 0 0 0 0 0 
91 75 75 74 74 72 61 60 58 58 55 55 55 55 55 54 51 51 50 50 50 50 50 50 50 50 50 39 36 35 33 33 29 21 14 11 11 10 9 8 5 5 1 1 1 1 1 1 1 0 
92 92 75 74 73 71 69 60 60 60 59 59 58 58 54 53 52 52 52 50 50 50 50 50 50 50 47 46 41 38 33 26 13 12 6 6 6 6 3 3 3 2 2 2 2 1 1 1 1 1 
91 91 91 80 74 74 71 71 71 70 66 66 64 63 62 56 50 50 50 50 50 50 50 50 50 50 50 40 27 19 14 9 9 8 0 0 0 0 0 0 0 0 0 0 0 0 0 0 0 0 
90 89 89 89 89 89 85 83 76 76 74 73 73 68 65 61 59 59 53 50 50 50 50 50 50 50 50 50 50 50 50 50 40 32 32 27 27 25 25 13 13 13 2 2 0 0 0 0 0 0 
91 91 91 91 90 90 86 81 79 79 71 69 69 67 59 50 50 50 50 50 50 50 50 50 50 44 44 42 40 34 22 20 5 5 4 1 1 1 1 1 1 1 1 1 0 0 0 0 0 0 
92 92 92 92 92 92 92 91 91 84 84 73 68 63 58 57 51 51 51 50 50 50 50 50 50 50 50 50 50 50 41 41 39 37 36 35 28 26 25 21 20 17 8 4 4 4 1 1 1 1 
94 94 94 94 94 94 94 94 88 85 79 77 55 53 52 52 52 50 50 50 50 50 50 50 50 50 49 49 48 42 18 16 16 11 10 9 8 8 6 6 3 2 2 2 2 2 2 0 0 0 
88 88 88 88 88 87 87 87 86 83 82 73 70 66 61 60 56 52 52 52 52 52 52 52 51 51 50 50 50 49 49 37 32 30 26 11 6 6 6 6 4 3 2 2 2 2 2 0 0 0 
93 93 93 93 93 93 92 92 92 92 92 86 82 81 66 62 58 54 50 50 50 50 50 50 49 48 48 47 47 44 44 42 39 36 34 32 27 27 21 12 11 10 9 9 7 1 1 1 0 0 
96 92 92 92 92 92 92 92 92 92 92 92 69 67 63 60 60 52 52 50 50 50 49 48 47 45 40 39 36 34 34 30 25 15 15 13 10 5 4 2 2 2 2 2 2 2 2 0 0 0 
92 92 92 92 91 91 91 91 91 91 79 68 62 56 55 51 50 50 49 49 49 44 40 38 37 33 30 29 21 20 16 16 15 14 11 11 10 9 5 2 1 1 1 1 1 1 1 1 1 1 
91 91 87 87 87 87 87 87 87 87 87 87 87 79 73 72 70 68 65 55 51 51 51 48 43 39 34 30 28 28 27 20 20 19 18 16 13 9 9 7 7 6 2 2 2 2 2 2 1 1 
93 93 93 93 93 93 93 93 93 93 91 90 90 87 86 84 80 76 75 72 68 66 64 61 56 55 55 51 51 51 50 42 42 25 25 23 14 13 13 11 9 9 7 6 6 1 1 1 1 1 
94 94 94 94 94 94 94 94 94 94 94 94 93 92 87 75 74 73 70 51 50 50 50 50 48 44 42 41 41 40 32 28 27 23 23 17 17 16 13 10 7 7 5 1 1 1 1 1 1 0 
84 84 84 84 84 83 83 83 83 82 81 80 66 54 52 52 52 51 50 50 49 49 46 40 39 38 36 31 29 29 27 24 18 14 14 13 11 9 8 5 5 2 2 2 2 2 2 0 0 0 
89 89 89 89 89 89 89 88 88 88 88 88 87 85 78 78 73 58 56 56 56 51 50 50 50 49 49 37 36 33 31 30 29 26 20 16 15 13 12 9 3 0 0 0 0 0 0 0 0 0 
90 90 90 90 89 89 89 89 89 88 87 86 83 80 78 74 60 59 58 58 58 58 56 55 53 52 51 50 50 50 50 50 50 50 50 49 44 33 24 24 21 14 13 11 11 8 7 7 6 3 
92 92 92 92 92 91 91 91 91 89 85 84 81 81 66 65 61 58 58 57 55 55 54 51 51 51 51 50 50 49 47 47 46 44 44 33 25 24 23 19 17 15 14 13 13 8 7 6 2 1 
89 87 87 86 86 86 86 86 86 86 86 86 86 70 67 65 62 62 58 53 53 51 50 50 49 49 49 38 33 30 30 28 25 24 22 20 17 17 14 13 11 10 9 6 5 3 3 3 3 3 
91 91 91 91 90 90 90 90 90 90 90 90 86 84 82 79 74 72 69 63 60 60 59 53 50 50 50 49 43 43 39 36 33 32 29 26 22 20 20 17 15 15 15 14 11 10 4 4 4 0 
91 89 89 89 89 88 87 87 87 87 86 82 75 74 73 71 66 60 60 55 54 52 50 50 50 50 50 50 50 49 41 32 22 20 18 17 14 13 11 10 4 4 0 0 0 0 0 0 0 0 
96 92 92 90 90 90 90 90 90 90 90 90 87 87 86 77 75 75 74 70 69 67 59 56 56 52 51 50 50 45 45 42 37 37 33 32 29 28 27 23 22 17 10 9 8 3 3 3 3 3 
94 93 92 92 92 90 90 90 90 90 90 89 83 82 67 65 58 57 55 54 52 52 52 51 51 51 50 50 50 47 47 41 31 31 28 27 25 19 19 7 6 5 5 3 3 3 3 3 2 1 
95 95 94 94 94 94 93 93 92 92 92 92 92 90 90 87 75 70 62 61 59 59 55 52 50 50 50 50 50 50 47 47 45 44 40 27 19 15 14 14 11 10 10 7 5 0 0 0 0 0 
95 95 93 92 92 92 92 92 92 92 90 90 89 88 85 84 82 81 73 73 73 62 62 58 58 57 55 51 51 51 51 51 50 49 45 44 44 43 39 38 29 26 25 21 14 6 1 1 1 1 
93 92 92 92 92 91 91 91 91 91 91 90 90 87 85 82 81 76 76 75 75 75 74 73 62 62 59 59 50 50 50 50 50 48 48 47 42 42 42 41 39 32 28 27 9 6 0 0 0 0 
93 92 92 92 92 91 91 90 89 89 88 88 88 88 88 88 88 85 74 74 70 69 60 60 55 51 51 51 51 51 51 50 50 50 50 50 40 28 19 13 10 10 5 1 1 1 1 1 0 0 
94 94 94 94 93 93 93 93 93 92 92 92 92 92 87 86 86 82 81 72 72 72 67 61 60 57 57 56 52 52 52 51 51 51 51 51 51 50 48 46 39 31 22 22 22 18 16 3 3 2 
91 91 91 91 90 89 89 89 89 87 86 86 76 75 67 62 58 57 56 51 50 50 50 50 50 50 50 50 45 42 42 41 41 40 38 28 22 21 20 18 17 14 8 2 2 2 2 2 2 0 
90 88 88 88 87 87 87 87 87 86 82 81 77 77 71 70 64 64 59 55 54 51 50 50 50 50 50 50 50 50 50 50 49 49 44 32 32 30 21 20 18 15 12 6 4 4 1 1 1 0 
93 93 91 89 89 89 89 87 87 86 84 78 77 74 66 56 56 52 51 51 51 51 51 51 51 51 51 51 51 51 51 50 50 50 50 49 49 48 43 31 27 24 20 11 8 2 2 2 2 2 
