50 50 50 50 50 50 50 50 50 50 47 17 3 0 0 0 0 0 0 0 0 0 0 0 0 0 0 0 0 0 0 0 0 0 0 0 0 0 0 0 0 0 0 0 0 0 0 0 0 0 
52 52 50 50 50 50 50 50 50 50 50 50 50 50 50 50 50 50 50 37 29 2 2 2 2 2 2 2 2 2 2 2 2 2 2 2 2 2 2 2 2 2 2 2 0 0 0 0 0 0 
51 51 51 51 51 51 51 51 51 51 51 51 51 51 50 50 50 50 50 50 50 50 50 50 50 50 44 24 15 2 2 2 2 2 2 2 2 2 2 2 2 2 1 1 1 1 1 1 1 1 
54 52 52 51 51 51 51 51 51 51 51 51 51 51 50 50 50 50 50 50 50 50 50 47 22 17 10 5 5 5 5 2 2 2 2 2 2 2 2 2 2 1 1 1 1 1 1 1 1 1 
96 65 54 53 52 52 52 52 52 52 52 52 51 51 51 51 51 51 50 50 50 45 36 31 11 10 7 5 5 3 3 3 3 3 3 3 3 3 3 3 2 2 2 2 2 2 2 1 1 1 
88 57 56 53 52 51 51 51 51 51 51 51 51 51 51 51 51 51 51 51 50 50 50 48 41 41 15 6 2 2 2 2 2 2 2 2 2 2 2 2 2 1 1 1 1 1 1 1 1 1 
84 68 55 54 52 52 51 50 50 50 50 50 50 50 50 50 50 50 50 50 50 50 47 22 20 10 2 2 2 1 1 1 1 1 1 1 1 1 1 1 1 1 1 1 0 0 0 0 0 0 
91 65 62 61 60 57 52 51 51 51 51 51 51 51 51 51 51 50 50 40 26 25 22 20 18 12 8 4 3 3 3 3 3 3 3 3 3 3 3 3 2 2 2 2 2 2 2 1 1 1 
92 76 70 68 65 61 58 57 50 50 50 50 50 50 50 50 50 50 50 48 41 41 40 19 18 16 16 10 7 5 0 0 0 0 0 0 0 0 0 0 0 0 0 0 0 0 0 0 0 0 
89 76 72 65 65 59 54 53 52 52 51 50 50 49 41 41 39 38 37 31 31 28 28 28 16 13 10 9 8 2 2 2 2 2 2 2 2 2 2 2 2 2 2 2 2 2 2 2 2 0 
90 75 75 69 68 67 63 57 56 52 52 52 51 51 51 50 37 36 35 32 31 28 25 24 23 20 19 18 17 15 14 12 12 12 12 11 11 3 3 3 3 3 3 3 3 3 3 3 3 1 
86 73 73 65 63 59 58 56 56 55 52 52 52 52 52 50 50 50 50 49 48 47 33 33 30 23 22 20 19 17 17 12 11 9 8 7 5 2 2 2 2 2 2 2 2 2 2 2 2 2 
92 83 76 73 68 66 66 62 58 56 55 53 52 51 51 51 51 51 50 49 49 40 32 32 32 24 24 23 23 19 17 15 13 10 8 7 7 5 2 2 2 2 2 2 2 2 2 1 1 1 
88 81 74 72 71 71 70 66 62 61 59 52 52 51 51 50 50 50 50 50 46 45 45 39 35 33 32 32 30 30 28 28 23 22 18 11 10 10 6 5 5 1 1 1 1 1 1 1 1 1 
94 89 87 82 76 73 71 69 62 60 60 59 58 55 54 52 52 51 51 51 51 51 50 50 48 48 44 40 39 29 29 28 26 21 18 14 14 10 5 3 3 3 3 3 3 3 3 3 2 1 
93 89 88 87 82 81 81 76 75 74 74 73 72 63 60 60 55 55 52 52 52 52 51 50 50 50 49 48 48 45 36 36 31 25 20 14 13 11 6 4 3 3 3 3 3 3 3 3 3 2 
92 88 87 86 86 83 82 82 82 78 78 77 74 59 58 55 55 52 51 51 51 51 48 45 44 44 43 41 41 36 31 24 24 23 18 8 5 4 4 1 1 1 1 1 1 1 1 1 1 1 
90 86 85 80 79 78 78 72 72 72 70 69 69 69 58 54 54 52 52 52 51 51 50 50 46 45 42 41 40 40 34 30 28 18 14 11 10 8 8 7 7 7 6 6 5 4 4 3 2 2 
89 87 83 80 80 80 78 77 77 77 76 76 71 70 69 69 67 66 64 62 59 56 54 51 50 50 50 50 48 48 44 44 44 42 41 41 40 39 30 30 28 14 9 5 5 1 1 1 1 1 
92 87 87 86 85 84 83 83 81 79 78 78 77 76 70 69 67 59 58 56 52 52 52 51 51 51 51 51 51 51 48 46 45 42 42 40 40 38 38 30 12 12 10 7 7 6 3 3 3 3 
95 93 92 89 88 88 88 88 87 84 84 80 80 79 79 76 74 74 65 64 63 61 59 58 57 57 56 52 51 50 50 50 50 49 48 47 44 43 37 28 26 22 18 16 13 10 9 9 6 5 
96 96 96 95 93 92 91 91 91 91 88 88 87 86 83 75 73 72 70 64 62 61 60 59 58 57 52 52 51 51 50 50 50 44 44 43 39 37 36 21 14 13 11 11 10 5 4 3 2 1 
94 94 94 94 94 93 91 89 89 88 87 86 86 84 79 70 67 67 63 59 57 57 56 52 52 52 52 52 50 50 50 49 46 44 44 40 27 26 25 21 20 18 9 8 6 6 2 2 2 2 
95 95 95 95 94 91 91 91 88 87 83 81 79 79 79 76 68 63 62 58 58 58 57 53 53 52 50 50 49 48 48 47 41 39 38 37 37 23 21 11 10 9 9 7 4 3 2 2 2 0 
96 96 96 95 95 94 93 90 90 90 90 87 87 85 85 61 60 57 57 56 56 55 53 53 52 52 52 51 50 47 42 38 36 35 21 20 20 19 18 14 11 11 7 7 5 5 5 3 2 2 
94 93 93 93 93 93 92 91 91 91 90 90 90 86 86 85 82 81 78 77 72 72 61 55 53 51 51 50 50 50 48 48 47 47 46 46 44 40 38 37 36 35 23 17 12 11 11 7 1 1 
94 94 94 94 94 94 93 93 93 93 92 91 91 86 78 77 75 60 57 57 56 56 50 50 50 50 49 45 42 39 39 38 37 36 35 33 27 19 19 19 9 9 7 7 7 5 0 0 0 0 
94 94 92 92 92 92 92 92 92 92 91 91 90 84 80 77 71 67 61 61 57 56 52 52 50 50 50 50 50 50 50 48 41 33 32 30 21 19 11 10 10 9 9 8 8 2 2 2 2 0 
91 91 91 91 91 91 91 91 91 91 91 90 90 90 88 87 87 82 70 66 64 62 56 50 50 50 50 48 35 33 26 25 23 16 11 8 8 7 6 5 5 4 4 0 0 0 0 0 0 0 
96 96 96 96 96 96 95 95 94 94 94 94 94 94 94 91 89 85 85 85 82 77 76 66 57 57 57 50 50 50 50 50 49 46 39 32 29 29 28 21 17 17 15 14 10 9 8 0 0 0 
95 95 95 94 93 93 93 93 93 93 93 89 88 88 83 77 73 72 64 56 52 52 52 52 50 50 50 50 50 50 50 47 44 44 43 41 41 34 28 20 19 17 15 15 14 7 5 2 2 2 
94 93 93 93 93 93 93 93 93 93 93 93 93 93 93 59 56 52 52 52 52 52 52 51 51 50 50 50 50 49 39 35 33 31 26 24 23 22 18 15 13 3 3 3 3 3 3 3 2 1 
90 90 90 90 90 90 89 89 89 89 89 89 89 89 89 89 88 88 69 56 52 52 51 50 50 46 45 44 41 36 35 30 29 27 26 25 18 11 9 7 7 7 2 2 2 2 2 2 0 0 
90 90 90 89 89 89 89 89 89 89 89 89 88 87 87 87 75 70 60 59 59 56 52 52 52 52 52 52 52 52 50 50 50 50 48 47 42 33 21 17 14 8 7 6 5 2 2 2 2 2 
97 96 96 96 96 96 96 96 96 96 96 95 94 92 92 91 84 71 69 65 64 62 62 61 59 58 58 57 56 56 51 51 51 51 50 50 50 47 46 33 27 26 25 13 11 3 3 3 2 2 
93 93 93 93 93 93 92 92 92 91 91 91 64 63 61 57 50 50 50 50 50 50 50 50 48 45 42 39 36 35 30 30 30 27 26 18 16 12 11 11 10 9 8 7 6 5 3 0 0 0 
96 96 96 96 96 96 96 96 96 96 95 95 95 95 73 64 63 62 56 54 53 52 52 52 52 50 50 50 50 50 49 49 42 41 40 31 22 17 10 10 5 4 3 2 2 2 2 2 2 0 
91 91 91 91 91 91 91 90 90 90 90 90 89 75 67 57 56 56 55 55 51 51 51 51 51 50 50 49 49 49 46 46 45 42 39 36 35 26 19 9 5 1 1 1 1 1 1 1 1 1 
93 93 93 93 93 93 93 91 91 90 81 58 58 56 56 52 52 51 51 51 51 51 51 51 51 51 51 51 50 50 48 46 42 39 36 32 31 30 23 10 9 7 3 2 2 2 2 2 1 1 
94 93 93 93 93 93 93 93 93 90 90 90 87 81 65 61 58 56 56 56 56 55 54 54 54 54 54 54 50 50 41 38 36 33 29 26 17 17 14 14 12 9 6 4 4 4 4 4 4 0 
95 95 94 94 94 94 94 94 94 94 93 75 64 63 61 57 52 50 50 50 50 50 50 50 50 48 47 35 33 31 29 26 25 23 16 14 11 9 9 9 7 2 2 2 2 2 2 2 2 2 
98 97 97 97 97 97 97 97 97 97 95 84 72 71 65 60 55 54 52 51 51 51 50 50 49 47 46 34 33 14 13 8 7 6 5 5 5 5 3 3 2 1 1 1 1 1 1 1 1 0 
96 96 96 96 96 96 96 96 96 96 96 95 89 68 63 58 57 57 52 52 52 49 45 41 37 36 36 35 33 31 28 28 21 19 19 9 8 8 7 5 2 2 2 2 2 2 2 2 2 0 
96 96 95 95 95 95 95 95 95 95 95 93 84 74 68 57 56 55 51 50 50 46 46 46 42 41 38 35 35 35 32 27 25 22 21 19 18 17 15 14 7 6 6 3 3 3 0 0 0 0 
98 98 98 98 98 98 98 98 98 97 92 80 78 60 58 58 57 51 51 50 50 49 48 47 46 42 38 34 33 33 30 29 22 21 13 11 9 2 1 1 1 1 1 1 1 1 1 1 1 1 
96 96 96 96 96 96 96 96 96 96 96 73 70 55 54 54 54 52 52 51 50 50 50 50 50 50 48 46 43 37 36 35 32 29 22 22 11 9 6 5 5 4 2 0 0 0 0 0 0 0 
94 94 94 94 94 94 94 94 94 94 92 81 60 53 50 50 50 50 50 50 50 49 49 48 46 39 31 30 30 29 29 29 26 21 18 17 14 14 12 10 8 3 3 0 0 0 0 0 0 0 
93 93 93 93 93 93 93 93 93 93 72 67 67 58 57 55 52 52 52 52 52 52 52 52 52 50 50 49 48 47 46 37 31 28 27 23 22 19 13 6 5 4 2 2 2 2 2 0 0 0 
91 90 90 90 90 90 90 90 90 90 90 90 89 79 71 68 57 51 51 51 51 51 51 51 51 51 51 50 50 50 50 50 50 50 44 42 40 26 22 6 6 6 6 2 1 1 1 1 1 1 
95 95 95 95 95 95 95 95 95 90 87 86 73 72 64 64 64 55 55 52 52 52 52 52 52 52 52 52 52 52 51 50 50 49 47 46 43 40 39 15 13 11 8 7 7 7 7 2 2 2 
