50 50 50 50 50 50 50 50 50 50 41 39 6 5 4 4 4 4 4 4 4 4 4 4 4 4 4 4 4 4 4 4 4 4 4 4 4 4 4 4 0 0 0 0 0 0 0 0 0 0 
51 50 50 50 50 50 50 50 50 50 50 50 50 50 50 50 50 50 50 41 40 39 24 19 16 13 6 6 3 3 2 2 1 1 1 1 1 1 1 1 1 1 1 1 1 1 1 1 1 1 
77 64 51 50 50 50 50 50 50 50 50 50 50 50 50 50 50 50 50 50 50 50 50 50 48 34 17 14 8 6 5 1 1 1 1 1 1 1 1 1 1 1 1 1 0 0 0 0 0 0 
82 71 68 62 56 51 51 51 51 51 51 51 51 51 50 50 50 50 50 50 50 50 50 50 50 26 24 20 18 16 8 6 5 5 2 2 2 2 2 2 2 1 1 1 1 1 1 1 1 1 
83 71 69 68 68 68 65 57 57 51 50 50 50 50 50 50 50 50 50 50 50 46 39 30 25 10 9 6 5 1 1 1 1 1 1 1 1 1 1 1 1 0 0 0 0 0 0 0 0 0 
77 74 70 70 70 70 69 63 63 63 57 55 53 53 53 52 51 51 51 50 50 50 50 46 38 32 27 21 18 10 8 8 8 8 7 1 1 1 1 1 1 0 0 0 0 0 0 0 0 0 
84 82 75 72 71 71 71 71 71 69 68 67 65 65 61 61 59 59 51 50 50 50 50 47 42 34 25 25 19 15 13 13 11 9 9 8 7 2 2 2 2 2 2 2 2 2 0 0 0 0 
77 76 72 71 70 69 68 66 66 65 61 60 60 59 58 53 52 50 50 49 32 24 20 19 10 9 8 6 6 6 3 3 1 1 1 1 1 1 1 1 1 1 1 1 1 1 0 0 0 0 
81 80 79 75 73 73 72 71 71 70 70 67 61 59 56 55 54 53 50 48 39 38 37 36 35 34 32 31 31 28 25 22 20 19 14 13 12 9 9 8 4 4 4 4 4 4 2 2 2 2 
75 73 72 70 70 69 68 65 62 61 60 56 48 45 43 41 40 34 26 26 25 20 18 15 14 14 13 11 3 2 2 1 0 0 0 0 0 0 0 0 0 0 0 0 0 0 0 0 0 0 
80 79 79 74 73 71 69 68 68 66 66 66 64 64 64 62 61 55 47 41 36 32 32 26 24 20 15 14 13 13 12 8 2 2 2 2 2 2 2 2 2 2 2 2 2 2 1 1 1 1 
78 77 74 74 72 72 72 71 70 69 69 67 67 65 57 55 45 43 41 41 35 32 29 28 21 20 9 6 4 4 4 4 4 2 2 2 2 2 2 2 2 2 2 2 2 2 1 1 1 1 
77 77 76 76 74 72 72 71 69 68 67 67 57 55 44 37 36 32 30 25 23 23 21 20 19 12 11 11 9 8 7 7 7 2 2 2 2 2 2 2 2 2 2 2 2 2 2 2 2 2 
83 80 80 79 79 79 79 77 77 76 74 74 73 73 73 72 70 62 62 61 59 57 57 54 54 53 44 37 32 27 26 13 11 8 7 7 7 6 6 2 2 2 2 2 2 2 2 2 1 1 
81 73 73 71 71 71 70 69 67 67 67 66 65 65 60 57 56 55 51 47 43 42 42 29 27 25 25 20 10 6 6 6 6 6 6 6 6 4 4 4 4 4 4 4 4 4 4 3 1 1 
77 76 76 76 74 74 73 72 71 69 68 67 65 61 60 58 58 50 46 39 37 35 32 32 25 23 7 7 6 6 5 5 2 2 2 2 2 2 2 2 2 2 2 2 0 0 0 0 0 0 
80 80 80 80 79 78 78 77 77 76 75 75 75 75 73 69 69 68 67 64 64 61 59 50 44 34 32 31 28 22 14 5 5 5 4 4 2 2 2 2 2 2 2 2 2 2 1 1 1 1 
81 79 77 75 75 73 73 71 71 71 71 70 70 69 69 64 63 60 60 58 57 57 51 50 36 34 30 19 17 17 11 9 6 3 3 3 3 2 1 1 1 1 1 1 1 1 1 1 1 0 
79 79 79 77 76 74 74 72 71 71 71 70 69 68 66 65 64 59 58 52 47 39 23 17 8 8 8 8 8 8 7 7 7 6 6 6 6 3 3 3 3 3 3 3 3 3 2 2 1 1 
83 82 82 81 79 79 79 78 77 77 76 76 75 74 72 71 67 66 52 42 34 21 20 15 15 14 13 11 3 3 2 2 2 2 2 1 1 1 1 1 1 1 1 1 1 1 1 1 1 1 
83 82 81 80 78 77 76 75 73 73 73 66 60 60 60 58 57 48 48 45 41 36 21 14 13 10 8 7 7 7 7 7 7 3 2 2 2 2 2 2 2 2 2 2 2 1 1 1 1 1 
81 79 78 77 75 73 73 73 73 73 71 69 67 62 60 58 57 57 54 54 43 26 24 23 15 8 5 5 5 4 4 2 2 2 1 1 1 1 1 1 1 1 1 1 1 1 0 0 0 0 
82 80 80 76 75 75 75 74 73 71 71 67 58 57 57 54 54 51 51 50 49 43 43 21 17 13 7 3 3 3 3 2 2 2 2 2 1 1 0 0 0 0 0 0 0 0 0 0 0 0 
83 82 81 81 79 78 78 78 78 77 76 75 75 72 59 58 56 44 44 32 29 7 5 5 4 4 3 3 3 2 2 2 2 1 1 1 1 1 1 1 1 1 1 1 1 1 1 1 0 0 
80 78 77 76 76 76 74 74 72 72 70 65 57 50 40 36 28 17 15 11 9 8 7 7 7 6 6 6 6 6 5 5 5 5 1 1 1 1 1 1 1 1 1 1 1 1 1 1 0 0 
85 81 77 77 77 76 75 75 74 72 71 71 69 69 62 52 51 38 21 14 7 7 7 5 4 4 4 3 3 3 0 0 0 0 0 0 0 0 0 0 0 0 0 0 0 0 0 0 0 0 
79 77 77 76 76 76 76 76 75 75 74 72 65 61 54 47 44 20 10 4 4 4 4 0 0 0 0 0 0 0 0 0 0 0 0 0 0 0 0 0 0 0 0 0 0 0 0 0 0 0 
77 77 76 74 73 73 73 73 72 70 70 69 67 67 64 49 48 19 9 8 6 6 5 4 3 3 3 2 2 2 2 2 2 2 2 2 2 2 2 2 2 2 2 2 2 0 0 0 0 0 
92 86 86 83 82 81 81 81 81 80 79 77 67 65 37 28 19 18 14 10 7 7 7 6 6 2 2 2 2 2 2 2 2 2 2 2 2 2 2 2 2 2 0 0 0 0 0 0 0 0 
84 82 81 80 78 78 78 78 75 74 69 60 58 58 44 20 14 12 10 9 8 5 3 3 3 2 2 2 0 0 0 0 0 0 0 0 0 0 0 0 0 0 0 0 0 0 0 0 0 0 
85 85 81 78 76 75 75 75 75 72 65 52 48 45 28 15 6 6 5 5 5 5 4 3 1 1 1 1 1 1 1 1 1 1 1 1 1 1 1 1 1 1 1 1 1 1 1 1 1 1 
85 84 84 78 78 78 78 78 70 66 53 53 49 41 33 30 21 21 17 16 15 10 8 6 6 5 3 2 1 1 1 1 1 1 1 1 1 1 1 1 1 1 1 1 1 0 0 0 0 0 
87 86 81 80 80 80 80 80 75 72 70 67 63 57 50 47 41 38 26 23 21 18 17 17 17 10 8 8 7 7 4 3 1 0 0 0 0 0 0 0 0 0 0 0 0 0 0 0 0 0 
84 80 78 76 76 76 76 76 75 74 71 40 39 28 15 14 13 10 9 9 7 7 4 2 2 2 2 2 2 2 2 2 2 2 2 2 2 2 2 2 2 2 2 2 2 2 2 1 1 1 
83 81 79 77 74 74 73 71 71 71 71 71 63 62 60 60 49 40 39 17 5 4 4 3 3 3 3 3 3 3 3 3 2 2 2 2 2 2 2 2 2 2 2 2 2 0 0 0 0 0 
79 79 75 75 75 75 73 72 69 66 65 65 61 61 60 57 48 45 43 16 14 13 11 9 7 6 4 1 1 1 1 1 1 1 1 1 1 1 1 1 1 1 1 1 1 1 1 1 1 1 
88 84 83 83 83 80 79 76 76 76 76 75 72 63 63 59 53 51 46 42 32 30 28 19 16 9 7 7 3 3 3 3 3 3 3 3 3 3 3 3 3 2 2 1 1 1 1 1 1 1 
82 77 77 77 77 74 73 73 71 71 61 61 55 44 39 35 12 7 3 2 1 0 0 0 0 0 0 0 0 0 0 0 0 0 0 0 0 0 0 0 0 0 0 0 0 0 0 0 0 0 
88 85 83 81 79 79 79 78 75 72 70 62 61 61 60 55 38 19 0 0 0 0 0 0 0 0 0 0 0 0 0 0 0 0 0 0 0 0 0 0 0 0 0 0 0 0 0 0 0 0 
81 79 77 76 75 72 72 72 70 68 62 62 57 52 50 48 21 12 4 1 1 1 1 1 1 1 1 1 1 1 1 1 1 1 1 1 1 1 1 1 1 1 1 1 1 1 1 1 1 1 
89 85 82 81 80 79 78 78 78 77 77 76 74 65 54 53 44 43 9 9 7 5 3 3 3 3 3 3 3 3 3 3 3 3 3 3 3 3 3 3 3 2 2 2 1 1 1 1 1 1 
80 80 80 79 78 78 77 77 77 74 72 62 62 62 60 53 51 51 48 21 4 4 3 3 1 1 1 1 1 1 1 1 1 1 1 1 1 1 1 1 1 1 1 1 1 1 1 0 0 0 
89 89 88 85 84 83 82 82 82 79 77 70 69 65 65 59 56 55 29 11 7 5 5 5 2 1 0 0 0 0 0 0 0 0 0 0 0 0 0 0 0 0 0 0 0 0 0 0 0 0 
78 76 76 76 76 73 73 73 73 72 71 67 59 59 58 39 26 25 16 13 5 5 2 1 1 1 1 1 1 1 1 1 1 1 1 1 1 1 1 1 1 1 1 1 1 1 1 1 1 1 
86 82 82 82 82 81 81 80 78 78 72 72 70 66 60 59 52 52 31 28 19 18 10 8 8 8 5 5 4 4 4 4 4 4 4 4 4 4 4 4 4 4 4 4 4 4 3 3 3 3 
85 85 85 83 80 80 77 77 76 76 76 74 74 74 74 71 62 57 50 43 39 22 15 14 6 6 6 4 2 2 2 2 2 2 2 2 2 2 2 2 2 2 2 2 2 2 1 1 1 1 
83 81 80 79 76 76 73 71 71 71 68 58 53 51 49 44 44 38 21 14 13 11 8 4 4 4 4 4 4 4 4 4 4 4 4 4 4 4 4 4 4 4 4 4 4 4 2 2 2 2 
86 86 85 81 81 80 79 78 76 74 74 74 74 63 62 56 54 52 39 27 27 10 5 5 3 2 2 2 2 2 2 2 2 2 2 2 2 2 2 2 2 1 1 1 1 1 1 1 1 1 
84 83 81 80 80 78 78 74 74 74 73 71 71 67 66 59 59 42 38 17 10 9 5 5 3 3 3 3 3 3 3 3 3 3 3 3 3 3 3 3 3 3 3 3 2 2 1 1 1 1 
81 77 77 77 77 74 74 74 74 72 68 67 60 44 43 37 30 13 10 8 5 5 4 4 4 4 4 4 3 3 3 3 3 3 3 3 3 3 3 3 3 3 3 3 3 3 1 1 1 1 
