50 50 50 50 50 50 50 41 27 11 2 1 1 1 1 1 1 1 1 1 1 1 1 1 1 1 1 1 1 1 1 1 1 1 1 1 1 1 0 0 0 0 0 0 0 0 0 0 0 0 
58 52 52 51 50 50 50 50 50 50 50 40 38 34 34 26 16 16 16 11 11 7 4 3 3 3 3 3 3 3 3 3 3 3 3 3 3 2 2 2 1 1 1 1 1 1 1 1 1 1 
56 52 51 51 50 50 50 50 50 50 50 50 50 50 50 50 45 45 28 16 16 15 15 7 6 6 4 3 3 3 3 3 3 3 3 2 2 2 2 2 2 2 2 1 1 1 1 1 1 1 
74 64 59 56 52 51 51 51 50 50 50 50 50 50 50 50 50 50 50 50 50 13 12 9 8 7 7 3 2 1 1 1 1 1 1 1 1 1 1 1 1 1 1 1 0 0 0 0 0 0 
75 57 56 56 54 51 51 51 51 50 50 50 50 50 50 50 50 50 50 50 47 37 17 14 13 6 5 5 5 5 1 1 1 1 1 1 1 1 1 1 1 1 1 0 0 0 0 0 0 0 
71 62 60 56 53 51 51 51 51 51 50 50 50 50 50 50 50 50 50 50 50 50 50 50 38 27 22 21 17 15 10 6 6 6 6 1 1 1 1 1 1 1 1 0 0 0 0 0 0 0 
73 61 59 58 51 50 50 50 50 50 50 50 50 50 50 50 45 44 35 34 29 15 13 7 7 6 2 2 2 2 2 2 2 2 2 2 2 2 2 2 2 2 2 2 2 2 0 0 0 0 
77 65 63 59 59 52 52 52 52 52 52 52 50 45 13 7 6 5 2 2 2 2 2 2 2 2 2 2 2 2 2 2 2 2 2 2 2 2 2 2 2 0 0 0 0 0 0 0 0 0 
67 59 59 59 53 50 50 50 50 50 50 50 50 50 50 50 44 44 20 19 17 0 0 0 0 0 0 0 0 0 0 0 0 0 0 0 0 0 0 0 0 0 0 0 0 0 0 0 0 0 
77 61 61 61 60 56 53 53 53 53 53 53 50 4 4 4 4 4 4 4 4 4 4 4 4 4 3 3 3 3 3 3 3 3 3 3 3 1 1 1 1 1 1 1 1 1 1 1 1 1 
67 59 57 57 57 55 52 51 51 51 51 51 50 50 6 5 3 3 3 3 3 3 3 3 3 3 3 3 3 3 3 3 2 2 2 2 2 1 1 1 1 1 1 1 1 1 1 1 1 1 
70 62 62 62 61 54 51 50 50 50 50 50 50 50 50 50 49 7 7 5 1 1 1 1 1 1 1 1 1 1 1 1 1 1 1 1 1 1 1 1 1 1 1 1 0 0 0 0 0 0 
72 62 62 62 60 55 51 50 50 50 50 50 50 50 50 50 28 15 8 1 1 1 1 1 1 1 1 1 1 1 1 1 1 1 1 1 1 1 1 1 1 1 1 1 1 1 0 0 0 0 
74 68 68 65 65 65 50 50 50 50 50 50 50 50 50 46 35 33 29 4 0 0 0 0 0 0 0 0 0 0 0 0 0 0 0 0 0 0 0 0 0 0 0 0 0 0 0 0 0 0 
74 71 70 67 67 67 52 50 50 50 50 50 50 50 38 34 31 31 22 20 18 8 7 7 6 2 2 2 2 2 2 2 2 2 2 2 2 2 2 2 2 2 2 2 2 0 0 0 0 0 
81 69 63 63 63 60 50 50 50 50 50 50 50 48 37 36 21 21 6 0 0 0 0 0 0 0 0 0 0 0 0 0 0 0 0 0 0 0 0 0 0 0 0 0 0 0 0 0 0 0 
73 67 67 67 67 67 59 50 50 50 50 50 50 50 50 50 43 21 8 3 2 1 0 0 0 0 0 0 0 0 0 0 0 0 0 0 0 0 0 0 0 0 0 0 0 0 0 0 0 0 
68 65 63 63 63 62 61 58 52 52 52 52 52 50 50 50 47 47 42 34 21 13 7 6 6 4 3 2 2 2 2 2 2 2 2 2 2 2 2 2 0 0 0 0 0 0 0 0 0 0 
72 66 59 58 58 58 58 58 58 58 57 53 51 51 51 51 51 50 50 50 50 50 33 27 14 10 8 7 3 2 2 2 2 2 2 2 2 1 1 1 1 1 1 1 1 1 1 1 1 1 
72 64 61 57 57 57 56 56 56 56 56 56 56 54 52 50 50 49 45 44 7 7 7 3 3 1 1 1 1 1 1 1 1 1 1 1 1 1 1 1 1 0 0 0 0 0 0 0 0 0 
72 71 71 71 71 70 68 68 68 67 67 67 63 62 62 61 51 49 17 13 11 11 11 11 11 10 9 8 4 4 4 4 4 4 4 4 4 4 3 3 3 3 3 1 1 1 1 1 1 1 
66 62 59 58 58 57 57 57 57 57 57 57 57 55 54 53 53 46 45 34 23 21 19 17 15 14 8 7 6 6 2 1 1 1 1 1 1 1 1 1 1 1 1 1 1 1 1 1 1 1 
71 69 65 65 65 65 64 63 63 63 62 62 61 60 59 59 57 56 55 54 54 54 52 46 45 41 32 26 9 9 8 8 3 3 2 2 2 2 2 2 2 2 2 2 2 2 2 2 2 1 
81 72 70 70 69 69 68 68 68 68 68 68 65 65 63 60 57 56 51 51 49 23 8 6 6 6 6 6 6 5 5 5 3 3 3 3 3 3 3 3 3 3 3 3 3 0 0 0 0 0 
73 65 64 64 62 62 61 60 60 59 59 59 59 59 59 54 47 47 47 45 40 31 21 12 11 11 11 10 10 10 10 9 3 3 3 3 3 3 3 3 3 3 3 3 2 2 2 2 1 1 
72 62 60 60 60 59 57 56 56 56 53 52 40 35 26 23 19 19 16 16 16 16 14 10 9 8 7 7 7 4 4 4 4 4 4 4 4 4 4 4 4 4 4 4 4 4 2 2 2 2 
69 65 64 64 63 63 63 63 62 61 60 60 60 58 27 22 20 19 13 12 12 12 8 8 8 8 8 8 8 8 8 3 3 3 3 3 3 3 3 3 3 2 2 2 2 2 1 1 1 1 
72 71 70 68 68 68 65 64 62 62 62 58 57 55 54 52 52 48 48 45 44 31 29 28 13 8 3 1 0 0 0 0 0 0 0 0 0 0 0 0 0 0 0 0 0 0 0 0 0 0 
69 63 63 63 62 61 60 60 59 55 53 53 45 39 36 34 34 33 31 12 6 6 5 5 5 2 2 2 2 2 2 2 2 2 2 2 2 2 2 2 2 2 2 2 2 2 2 2 0 0 
74 72 72 72 71 70 69 64 64 64 57 51 48 43 42 26 18 18 10 9 9 8 8 7 7 7 7 7 7 7 4 4 4 4 4 4 4 4 4 4 4 4 3 3 3 1 1 1 1 1 
75 72 70 68 68 68 65 62 62 62 60 57 57 57 50 40 36 33 33 33 29 27 15 9 9 9 7 7 7 7 7 7 7 7 7 6 6 6 6 6 6 6 6 6 3 3 3 3 3 3 
73 69 68 68 68 68 65 65 64 63 63 59 59 57 54 52 50 47 43 31 23 20 19 16 13 12 6 3 3 3 3 3 3 3 3 3 3 3 1 1 1 1 1 1 1 1 1 1 1 1 
74 72 71 71 68 67 64 64 64 64 63 60 58 57 35 30 29 27 24 23 20 16 15 7 7 7 7 7 7 7 7 7 7 7 7 7 3 3 3 3 3 3 3 3 3 3 3 3 3 3 
71 68 67 65 62 62 61 59 57 57 57 54 26 21 19 17 15 14 13 9 9 9 9 9 9 9 9 9 9 2 2 2 2 2 2 2 2 2 2 2 2 2 2 2 2 2 2 2 2 2 
69 68 66 66 65 65 64 63 62 55 51 49 49 37 25 23 13 13 12 11 8 7 5 5 5 5 5 4 4 4 4 4 4 3 3 3 3 3 3 3 3 3 3 3 3 3 3 3 3 3 
77 75 73 71 68 67 67 66 65 63 58 51 41 28 27 22 21 16 15 8 8 8 8 7 7 7 7 2 2 2 2 2 2 2 2 2 2 2 2 2 2 2 2 2 2 2 2 2 0 0 
75 73 69 69 69 68 67 67 67 65 64 58 56 53 53 36 31 26 24 23 16 11 11 11 7 7 7 7 7 7 7 7 7 7 4 4 4 4 4 4 4 4 4 4 4 4 4 1 1 1 
73 69 67 65 65 65 63 62 59 57 50 49 27 22 17 15 12 12 9 7 7 4 4 4 4 4 3 3 3 3 3 3 3 3 3 3 3 1 1 1 1 1 1 1 1 1 1 0 0 0 
73 68 65 60 60 60 59 57 55 54 52 50 48 48 47 45 42 41 24 20 20 17 17 16 14 13 7 7 7 6 5 5 5 5 5 5 5 4 4 4 4 4 4 4 1 1 1 1 1 1 
76 76 72 67 67 67 65 61 60 60 55 53 48 46 45 40 33 27 25 25 23 22 13 13 13 13 13 12 12 12 12 12 11 11 6 6 6 6 6 6 6 6 6 6 3 3 3 3 3 3 
79 75 74 68 67 64 64 64 61 58 39 25 16 16 12 12 10 7 7 7 7 7 7 7 7 4 4 4 4 2 1 1 1 1 1 1 1 1 1 1 1 1 1 1 1 0 0 0 0 0 
71 70 69 67 67 65 60 59 58 58 45 39 22 15 14 13 8 7 5 4 4 4 4 4 4 4 2 2 2 0 0 0 0 0 0 0 0 0 0 0 0 0 0 0 0 0 0 0 0 0 
78 78 73 72 71 70 68 66 66 66 59 34 22 21 19 17 16 13 12 10 5 5 5 5 5 5 5 5 5 5 5 5 5 5 1 1 1 1 1 1 1 1 1 1 1 1 1 1 1 0 
82 76 73 72 71 70 69 69 64 63 52 32 26 18 15 12 9 8 7 7 7 7 6 6 6 6 6 5 5 5 5 2 2 2 2 2 2 2 2 2 2 2 2 2 2 2 2 2 1 1 
77 72 70 67 66 66 66 64 64 63 60 57 50 47 46 30 29 14 11 10 8 8 8 8 8 8 8 8 8 8 8 8 8 8 8 2 2 2 2 2 2 2 2 2 2 2 2 2 2 2 
72 70 70 68 68 67 65 63 63 61 56 51 51 49 42 24 20 17 17 13 13 12 8 8 7 4 3 3 3 3 3 3 3 3 3 3 3 3 0 0 0 0 0 0 0 0 0 0 0 0 
71 69 68 64 62 62 62 60 60 59 58 55 50 47 45 43 31 17 16 15 15 14 13 12 11 11 11 11 11 11 10 10 10 6 6 6 6 6 6 6 6 6 6 6 6 6 6 6 6 6 
80 78 76 73 71 71 71 68 68 68 67 66 66 62 59 58 44 37 33 23 23 20 17 16 14 14 14 13 13 12 12 12 11 11 11 11 11 4 4 4 4 4 4 4 4 4 4 4 4 2 
71 68 67 64 63 62 61 61 61 60 56 46 45 36 17 17 10 10 8 1 1 1 1 1 1 1 1 1 1 1 0 0 0 0 0 0 0 0 0 0 0 0 0 0 0 0 0 0 0 0 
78 75 73 70 66 65 65 65 65 64 63 59 47 46 22 19 18 17 17 6 6 6 6 6 6 6 6 6 6 6 6 5 0 0 0 0 0 0 0 0 0 0 0 0 0 0 0 0 0 0 
