% Invoked: ./gella -d -r 3 -l biased_r3/run25 >& biased_r3/run25.log
% Ministry of Cellular Automata
% Project Deux (CS523 Spring 2015)
% Version:v0.1-70-g0624-dirty
%  pop:50
%  ic count:100
%  CA Log option:biased_r3/run25
%  width:121
%  max workers:4
%  radius:3
%  iterations:300
%  use bias:true
%  generations:50

 generation 0.1.1.1.2.1.50.51.1.1.1.2.1.1.2.2.16.1.1.41.51.1.11.1.1.2.50.1.2.1.1.1.2.2.2.50.1.1.1.51.1.1.50.50.1.2.50.2.1.1.2.xover.mutate.done 50
 generation 1.51.51.51.50.50.50.50.50.50.42.1.2.2.50.2.50.2.45.50.24.2.1.1.2.50.51.1.50.42.2.2.1.51.51.2.51.2.2.2.1.1.50.18.1.2.2.1.1.1.1.xover.mutate.done 50
 generation 2.50.51.50.50.51.50.50.50.50.50.1.1.43.50.50.25.50.18.1.51.50.31.1.1.0.50.1.1.1.50.1.50.1.1.50.50.1.50.1.1.59.1.50.50.6.50.0.0.50.1.xover.mutate.done 50
 generation 3.42.50.50.50.52.52.52.52.52.50.2.50.50.52.21.50.52.50.50.52.2.50.50.0.2.47.0.50.52.35.50.50.50.50.52.50.2.2.50.48.52.2.50.52.23.2.2.52.4.0.xover.mutate.done 50
 generation 4.50.50.50.50.50.50.50.50.50.50.50.0.50.50.50.50.50.50.50.7.50.6.1.48.37.69.1.1.50.50.50.50.47.7.30.1.1.50.1.1.50.50.50.1.50.1.50.41.50.50.xover.mutate.done 50
 generation 5.68.52.52.52.52.52.52.52.52.52.3.14.52.3.52.3.50.52.52.52.52.52.2.3.52.3.52.3.52.3.52.3.3.52.50.3.3.52.52.2.52.52.52.52.52.23.52.52.52.3.xover.mutate.done 50
 generation 6.63.51.51.51.51.51.51.51.51.51.51.1.51.1.1.51.1.51.12.51.1.51.50.51.51.51.51.51.18.37.51.51.51.1.51.51.46.1.17.51.49.18.50.1.1.33.51.51.51.51.xover.mutate.done 50
 generation 7.70.52.52.52.52.52.52.52.52.52.1.2.3.3.3.3.47.52.29.13.2.14.7.52.19.52.30.52.3.49.14.20.52.52.3.52.3.15.48.52.11.52.26.52.3.3.52.52.52.3.xover.mutate.done 50
 generation 8.64.51.51.51.51.51.51.51.51.51.51.51.51.40.51.34.3.51.6.51.3.51.3.3.41.51.51.51.51.17.50.51.50.51.51.3.7.3.3.1.51.51.11.3.51.51.3.51.5.51.xover.mutate.done 50
 generation 9.68.51.51.51.51.51.51.51.51.51.51.51.51.1.51.51.1.51.51.51.1.51.51.1.51.1.51.51.11.1.51.1.51.1.51.51.1.51.51.51.1.51.51.51.0.51.51.51.51.4.xover.mutate.done 50
 generation 10.65.50.50.50.50.50.50.50.50.50.50.24.1.18.1.45.50.0.50.50.50.1.11.1.50.1.32.40.50.1.50.50.14.23.1.0.50.50.50.23.42.0.50.50.0.50.50.22.50.50.xover.mutate.done 50
 generation 11.72.52.52.52.52.52.52.52.52.52.52.52.4.52.52.15.4.52.52.52.52.10.52.27.52.52.4.52.4.2.4.52.4.4.52.4.5.4.52.31.52.52.4.52.4.4.52.45.41.2.xover.mutate.done 50
 generation 12.56.51.51.51.51.51.51.51.51.51.51.51.2.51.51.2.51.51.51.51.2.51.2.51.51.51.51.2.16.1.2.2.2.51.51.10.21.1.51.2.49.2.1.2.2.51.2.51.15.51.xover.mutate.done 50
 generation 13.76.50.50.50.50.50.50.50.50.50.50.50.50.47.50.50.50.50.4.4.4.50.50.18.21.4.46.4.4.50.50.50.50.50.75.0.50.50.50.0.50.20.50.50.4.50.50.4.50.50.xover.mutate.done 50
 generation 14.70.70.51.51.51.51.51.51.51.51.51.51.51.1.10.51.51.2.51.51.51.2.2.51.51.51.2.8.2.51.2.50.50.51.51.28.2.69.51.51.1.51.51.51.51.2.51.71.2.51.xover.mutate.done 50
 generation 15.77.73.76.69.50.50.50.50.50.50.50.0.42.50.50.33.0.50.50.24.50.49.0.50.0.27.0.0.0.50.44.0.50.0.50.50.50.50.50.0.78.0.0.50.50.50.50.35.26.50.xover.mutate.done 50
 generation 16.69.69.68.69.67.50.50.50.50.50.50.50.0.50.0.16.0.0.15.50.50.50.50.50.45.50.0.50.50.50.5.50.29.0.50.50.50.50.50.50.50.50.50.0.29.58.7.50.49.50.xover.mutate.done 50
 generation 17.67.67.66.67.66.63.51.51.51.51.1.51.1.12.65.1.1.51.51.0.50.37.50.51.51.41.51.67.51.51.42.51.50.41.51.51.51.50.27.23.20.51.67.51.67.50.1.51.1.51.xover.mutate.done 50
 generation 18.64.64.64.63.64.64.64.60.60.58.2.47.11.2.51.64.2.25.2.51.1.2.51.51.29.51.51.2.14.51.2.51.17.15.50.21.2.2.1.51.20.27.2.64.51.64.2.7.2.50.xover.mutate.done 50
 generation 19.67.68.68.68.68.65.67.68.68.67.67.50.16.50.68.36.21.62.50.68.50.21.9.2.50.50.52.35.37.23.68.2.66.2.0.2.69.70.50.50.50.18.11.2.31.18.50.70.50.50.xover.mutate.done 50
 generation 20.71.71.69.70.69.69.69.69.70.70.1.0.68.50.28.50.1.1.71.1.74.51.19.51.64.50.18.28.41.70.22.50.0.70.69.1.34.50.50.51.50.26.72.19.50.69.61.50.73.17.xover.mutate.done 50
 generation 21.73.77.75.71.74.71.72.72.71.72.3.3.69.50.19.72.11.70.3.50.45.84.23.3.0.50.48.49.25.22.26.37.71.59.50.24.83.13.3.70.72.50.3.21.5.3.28.60.74.25.xover.mutate.done 50
 generation 22.82.80.70.71.73.73.73.72.72.72.0.55.50.49.21.0.25.53.0.25.48.73.14.58.18.44.54.57.28.50.5.50.73.66.16.66.0.8.0.15.59.50.0.50.50.58.0.8.19.0.xover.mutate.done 50
 generation 23.89.89.73.79.78.81.76.74.74.74.18.30.73.53.46.50.43.4.23.19.13.73.2.18.29.86.15.36.52.39.10.71.81.52.10.72.62.56.9.22.68.8.8.62.64.48.4.17.8.71.xover.mutate.done 50
 generation 24.81.81.85.76.76.76.74.76.75.75.19.20.48.56.50.43.50.14.20.50.27.52.26.2.30.34.52.3.68.11.18.21.19.48.39.19.48.39.7.11.8.24.53.27.10.43.67.7.45.52.xover.mutate.done 50
 generation 25.86.84.85.73.74.68.67.68.68.69.21.8.14.62.1.50.31.9.38.25.53.9.33.0.32.81.50.1.55.12.1.41.11.39.8.50.75.39.0.50.41.36.50.0.1.69.60.50.17.0.xover.mutate.done 50
 generation 26.84.85.83.72.73.76.77.69.65.71.40.55.23.17.13.74.46.20.53.11.18.4.50.56.44.53.23.50.46.50.29.4.10.1.1.1.4.15.13.42.60.53.25.77.53.15.1.77.50.18.xover.mutate.done 50
 generation 27.88.88.87.81.81.81.82.73.79.75.50.51.65.47.81.50.20.51.84.58.79.51.1.7.66.1.12.1.49.50.81.7.60.1.6.10.35.11.18.22.14.20.49.50.6.35.1.43.76.11.xover.mutate.done 50
 generation 28.85.87.83.75.71.74.74.74.74.74.9.65.1.1.1.50.0.15.54.79.70.1.50.12.69.7.50.24.0.31.50.9.57.8.1.1.31.53.55.50.50.50.57.47.1.50.14.63.50.52.xover.mutate.done 50
 generation 29.85.84.82.72.78.78.78.78.78.78.73.50.24.56.1.52.51.0.19.53.50.7.78.19.50.1.50.1.8.1.0.34.13.7.80.50.0.50.16.50.74.25.9.61.60.20.51.51.0.7.xover.mutate.done 50
 generation 30.84.78.78.77.75.73.73.73.73.73.18.5.5.19.6.0.51.51.39.35.36.1.1.34.51.54.17.7.55.45.10.81.51.17.55.11.51.0.47.50.8.32.64.48.8.48.51.56.53.55.xover.mutate.done 50
 generation 31.84.85.85.84.83.75.79.79.79.79.5.2.33.21.43.67.45.2.24.15.60.45.52.50.9.63.17.46.80.6.10.42.2.2.79.85.11.28.39.79.50.50.15.2.46.19.18.44.50.16.xover.mutate.done 50
 generation 32.81.77.79.82.76.73.72.69.69.69.5.5.5.33.74.1.33.1.20.50.41.6.37.11.20.54.62.45.34.47.27.0.70.47.7.50.49.45.50.12.1.25.50.50.55.3.57.30.60.1.xover.mutate.done 50
 generation 33.82.83.77.77.80.79.79.71.76.71.49.39.1.60.6.31.0.1.79.8.49.29.8.1.51.23.1.50.43.46.51.51.55.58.66.51.27.13.24.10.50.14.50.51.56.73.77.56.51.30.xover.mutate.done 50
 generation 34.85.83.87.85.81.84.85.86.85.74.52.3.52.78.71.7.36.1.87.4.39.1.51.20.52.53.77.4.43.1.85.36.40.16.37.70.9.39.12.38.52.24.53.52.3.11.59.3.34.13.xover.mutate.done 50
 generation 35.83.84.81.84.83.85.85.83.84.81.77.52.54.50.38.7.52.82.50.26.27.12.7.3.36.2.2.50.2.28.6.2.7.85.15.54.2.69.53.49.84.50.7.55.2.54.31.2.50.2.xover.mutate.done 50
 generation 36.90.90.86.91.89.85.86.85.83.83.81.1.91.2.33.35.61.10.1.36.51.80.39.41.51.50.1.6.38.33.34.28.51.51.15.86.51.46.70.2.3.51.44.8.2.2.2.2.2.50.xover.mutate.done 50
 generation 37.78.82.81.81.80.78.77.77.75.77.7.49.19.50.0.77.0.0.46.5.50.80.50.57.0.0.55.47.73.0.80.56.77.10.0.60.60.0.30.22.20.75.0.71.17.50.58.52.38.71.xover.mutate.done 50
 generation 38.86.84.84.84.86.84.83.76.80.80.20.62.20.74.62.34.74.59.25.1.61.50.41.50.54.35.54.25.1.1.1.70.75.50.50.45.36.0.81.1.63.52.50.50.58.51.15.77.74.54.xover.mutate.done 50
 generation 39.87.86.88.88.85.85.84.85.88.88.68.75.37.40.52.82.85.82.56.23.4.21.61.66.36.80.61.36.14.4.55.85.13.44.52.25.13.25.4.77.47.52.4.93.13.52.52.38.4.77.xover.mutate.done 50
 generation 40.86.82.82.82.82.81.78.77.77.80.20.24.33.52.50.80.3.29.30.76.60.41.72.2.52.5.76.20.61.58.84.21.12.32.18.23.63.70.18.84.52.71.34.46.2.36.64.2.54.15.xover.mutate.done 50
 generation 41.90.85.85.83.83.83.83.84.83.83.18.50.72.53.50.29.7.72.68.49.64.67.50.77.40.43.33.10.36.59.3.45.13.11.59.88.50.56.14.26.79.26.61.83.69.14.22.55.32.64.xover.mutate.done 50
 generation 42.90.82.83.83.88.79.79.83.83.82.14.50.50.33.8.51.57.36.37.51.42.83.60.0.22.8.49.1.1.28.59.46.34.12.1.1.1.27.62.1.61.51.83.38.1.57.80.51.80.1.xover.mutate.done 50
 generation 43.90.81.87.87.85.85.76.87.86.84.43.54.50.47.4.1.83.74.4.33.73.54.50.33.49.6.50.26.1.1.2.59.40.56.70.44.50.36.50.56.36.55.54.1.51.57.60.42.51.44.xover.mutate.done 50
 generation 44.78.80.80.80.82.78.78.78.74.81.78.6.14.4.72.44.2.11.6.22.20.60.52.35.58.29.34.4.57.37.36.4.60.47.50.7.56.36.26.4.16.43.4.61.54.56.52.31.80.56.xover.mutate.done 50
 generation 45.82.79.88.88.88.88.89.87.87.86.34.13.1.19.51.1.16.1.1.81.50.23.1.51.51.1.71.59.45.11.32.50.13.18.35.14.53.7.50.55.47.53.50.7.55.5.39.9.27.18.xover.mutate.done 50
 generation 46.88.84.84.84.85.82.82.82.86.81.84.88.50.14.13.81.69.58.48.37.0.33.2.45.55.71.20.50.0.83.20.7.0.44.82.50.15.82.16.20.0.58.55.40.50.89.0.47.2.75.xover.mutate.done 50
 generation 47.90.92.92.86.85.85.85.85.82.86.51.56.75.12.51.48.86.50.1.14.73.25.4.53.50.61.2.65.46.51.30.39.38.51.41.51.1.63.44.66.86.2.69.51.50.48.83.43.44.50.xover.mutate.done 50
 generation 48.88.87.87.82.87.84.84.82.82.82.87.85.68.3.37.51.38.9.69.6.50.51.38.69.64.30.82.46.52.52.82.52.50.27.52.16.2.54.1.79.3.27.51.15.48.83.84.52.21.50.xover.mutate.done 50
 generation 49.88.85.86.83.88.84.84.79.83.78.50.27.1.44.4.51.51.0.90.37.51.70.31.50.73.39.23.1.77.54.50.60.50.19.1.48.54.59.29.1.50.41.53.50.45.28.10.50.82.34.xover.mutate.done 50
 29031035 iters     689443 iter/sec (42.11 s)
 total time: 42.11
