50 50 50 50 50 50 50 50 50 50 50 50 32 26 22 16 3 3 3 3 3 3 3 3 3 3 3 3 3 3 2 2 2 2 2 2 2 2 1 1 1 1 1 1 1 1 1 1 1 1 
51 51 51 51 51 50 50 50 50 50 50 50 50 50 50 50 50 50 50 50 50 50 50 42 27 19 19 18 15 14 13 2 2 2 2 2 2 2 2 2 2 2 1 1 1 1 1 1 1 1 
50 50 50 50 50 50 50 50 50 50 50 50 50 50 50 50 50 50 50 50 50 50 50 50 50 50 45 32 24 18 10 0 0 0 0 0 0 0 0 0 0 0 0 0 0 0 0 0 0 0 
51 51 51 51 51 51 51 51 50 50 50 50 50 50 50 50 50 50 50 50 50 50 50 50 50 50 50 38 12 7 1 1 1 1 1 1 1 1 1 1 1 1 0 0 0 0 0 0 0 0 
52 52 52 52 52 52 52 52 52 52 52 52 52 52 52 52 51 51 51 51 51 50 50 50 50 50 42 37 34 27 14 8 7 3 3 3 3 3 2 2 2 2 2 2 2 1 1 1 1 1 
50 50 50 50 50 50 50 50 50 50 50 50 50 50 50 50 50 50 50 50 50 50 50 50 50 50 50 50 50 44 42 2 1 1 1 1 1 1 1 1 1 1 1 1 1 1 1 1 0 0 
50 50 50 50 50 50 50 50 50 50 50 50 50 50 50 50 50 50 50 50 50 50 50 50 50 42 28 18 16 14 11 11 9 9 8 2 2 2 2 2 2 2 2 2 2 2 2 2 2 2 
50 50 50 50 50 50 50 50 50 50 50 50 50 50 50 50 50 50 50 50 50 50 50 50 50 45 23 20 13 12 10 10 9 9 9 8 8 8 6 4 1 1 1 1 1 1 1 1 1 1 
51 51 51 51 51 51 51 51 51 51 51 51 51 51 51 51 51 51 51 51 51 51 51 51 51 51 51 51 51 51 51 50 41 27 19 18 15 9 7 5 5 2 2 2 2 2 2 2 2 2 
51 51 51 51 51 51 51 51 51 51 51 51 51 51 51 51 51 51 51 51 51 51 51 51 51 51 51 51 51 51 49 44 35 35 13 2 2 2 2 2 2 2 2 2 2 2 2 2 2 1 
56 52 52 52 52 52 52 52 52 52 52 52 52 52 52 52 52 52 52 52 52 52 52 52 52 52 52 52 52 52 52 52 52 52 52 52 52 52 52 50 19 12 3 3 3 3 3 3 3 2 
58 51 51 51 51 51 51 51 51 51 51 51 51 51 51 51 51 51 51 51 51 51 51 51 50 50 50 24 24 17 13 8 1 1 1 1 1 1 1 1 1 1 1 1 1 0 0 0 0 0 
54 52 52 52 52 52 52 52 52 52 52 52 52 52 52 52 52 52 52 52 52 52 52 52 50 43 36 27 19 13 4 4 4 4 4 4 4 4 4 4 4 4 4 4 4 4 4 2 2 2 
59 51 51 51 51 51 51 51 51 51 51 51 51 51 51 51 51 51 51 51 51 51 51 51 51 51 51 51 51 50 50 50 47 42 14 14 8 7 3 3 3 3 3 3 3 3 3 3 3 3 
54 50 50 50 50 50 50 50 50 50 50 50 50 50 50 50 50 50 50 50 50 50 50 50 50 50 49 49 49 48 47 43 27 20 17 16 15 13 0 0 0 0 0 0 0 0 0 0 0 0 
54 52 52 52 52 52 52 52 52 52 52 52 52 52 52 52 52 52 52 52 52 52 52 46 28 27 25 3 3 3 3 3 3 3 3 3 3 3 3 3 3 3 3 3 3 3 3 3 2 1 
58 52 52 52 52 52 52 52 52 52 52 52 52 52 52 52 52 52 52 52 52 52 52 52 46 21 14 13 8 3 2 2 2 2 2 2 2 2 2 2 2 2 2 2 2 2 0 0 0 0 
54 50 50 50 50 50 50 50 50 50 50 50 50 50 50 50 50 50 50 50 50 50 50 50 50 50 50 50 50 50 50 40 32 31 31 23 23 4 1 1 1 1 1 1 1 1 1 1 0 0 
53 51 51 51 51 51 51 51 51 51 51 51 51 51 51 51 51 51 51 51 51 51 51 51 51 51 51 51 39 36 27 14 14 8 2 2 2 2 2 2 2 2 2 2 2 2 2 2 2 1 
51 50 50 50 50 50 50 50 50 50 50 50 50 50 50 50 50 50 50 50 50 50 50 50 50 50 50 50 50 50 48 25 25 13 5 2 2 2 2 2 2 2 2 2 2 2 2 2 2 0 
54 50 50 50 50 50 50 50 50 50 50 50 50 50 50 50 50 50 50 50 50 50 50 50 50 50 50 49 43 22 18 18 15 5 0 0 0 0 0 0 0 0 0 0 0 0 0 0 0 0 
57 50 50 50 50 50 50 50 50 50 50 50 50 50 50 50 50 50 50 50 50 50 50 50 50 50 50 50 50 50 50 50 50 49 27 14 11 8 1 1 1 1 1 1 1 1 1 1 1 1 
57 51 51 51 51 51 51 51 51 51 51 51 51 51 51 51 51 51 51 51 51 51 51 51 51 50 41 36 33 29 15 14 12 9 1 1 1 1 1 1 1 1 1 1 1 1 1 1 1 0 
57 51 51 51 51 51 51 51 51 51 51 51 51 51 51 51 51 51 51 51 51 51 51 51 51 51 51 51 51 51 51 51 49 34 25 11 7 2 2 2 2 1 1 1 1 1 1 1 1 1 
56 51 51 51 51 51 51 51 51 51 51 51 51 51 51 51 51 51 51 51 51 51 51 51 51 22 12 12 1 1 1 1 1 1 1 1 1 1 1 1 1 1 1 1 1 1 1 1 1 0 
55 50 50 50 50 50 50 50 50 50 50 50 50 50 50 50 50 50 50 50 50 50 50 50 50 50 50 50 50 45 43 11 9 8 1 1 1 1 1 1 1 1 1 1 1 1 1 1 0 0 
58 51 51 51 51 51 51 51 51 51 51 51 51 51 51 51 51 51 51 51 51 51 51 50 40 24 13 11 9 8 7 7 1 1 1 1 1 1 1 1 1 1 1 1 1 1 1 1 1 0 
53 51 51 51 51 51 51 51 51 51 51 51 51 51 51 51 51 51 51 51 51 51 51 51 51 51 51 51 48 47 45 16 13 11 7 5 1 1 1 1 1 1 1 1 1 1 1 1 1 1 
57 50 50 50 50 50 50 50 50 50 50 50 50 50 50 50 50 50 50 50 50 50 50 50 50 50 47 23 15 14 14 13 1 1 1 1 1 1 1 1 1 1 1 1 1 1 0 0 0 0 
57 51 51 51 51 51 51 51 51 51 51 51 51 51 51 51 51 51 51 51 51 51 51 51 51 51 51 51 51 51 51 51 50 49 49 10 2 2 2 2 2 2 2 2 2 1 1 1 1 1 
58 51 51 51 51 51 51 51 51 51 51 51 51 51 51 51 51 51 51 51 51 51 51 51 51 50 21 16 9 4 4 3 3 3 3 3 3 3 3 3 3 3 3 3 3 3 3 3 3 3 
53 51 51 51 51 51 51 51 51 51 51 51 51 51 51 51 51 51 51 51 50 48 43 26 17 13 10 4 4 4 4 4 4 4 4 4 4 4 4 4 4 4 4 4 4 4 3 3 1 1 
53 51 51 51 51 51 51 51 51 51 51 51 51 51 51 51 51 51 51 51 51 51 51 51 51 50 49 44 40 40 33 17 1 1 1 1 1 1 1 1 1 1 1 1 1 1 1 1 1 1 
51 50 50 50 50 50 50 50 50 50 50 50 50 50 50 50 50 50 50 50 50 50 50 50 50 50 50 50 50 40 25 24 24 21 3 1 1 1 1 1 1 1 1 1 1 1 1 1 1 0 
55 55 50 50 50 50 50 50 50 50 50 50 50 50 50 50 50 50 50 50 50 50 50 50 50 50 50 50 50 50 50 50 47 41 18 2 2 2 2 2 2 2 2 2 2 2 2 2 2 2 
56 56 50 50 50 50 50 50 50 50 50 50 50 50 50 50 50 50 50 50 50 50 50 50 50 50 50 50 50 50 50 50 50 50 42 32 26 17 0 0 0 0 0 0 0 0 0 0 0 0 
54 54 50 50 50 50 50 50 50 50 50 50 50 50 50 50 50 50 50 50 50 50 50 50 50 49 36 25 20 12 7 1 1 1 1 1 1 1 1 1 1 1 1 1 1 1 1 1 1 1 
53 53 50 50 50 50 50 50 50 50 50 50 50 50 50 50 50 50 50 50 50 50 50 50 49 42 41 40 37 36 34 16 1 1 1 1 1 1 1 1 1 1 1 1 1 1 1 1 1 0 
52 52 50 50 50 50 50 50 50 50 50 50 50 50 50 50 50 50 50 50 50 50 50 50 50 50 50 50 50 49 43 28 9 1 1 1 1 1 1 1 1 1 1 1 1 1 1 1 1 1 
53 53 51 51 51 51 51 51 51 51 51 51 51 51 51 51 51 51 51 51 51 51 51 51 51 51 51 51 51 51 50 50 50 50 50 34 27 26 19 13 1 1 1 1 1 1 1 1 1 0 
54 54 51 51 51 51 51 51 51 51 51 51 51 51 51 51 51 51 51 51 51 51 51 51 51 51 51 51 51 51 50 50 50 50 50 47 34 24 12 2 2 2 2 2 2 2 2 2 1 1 
50 50 50 50 50 50 50 50 50 50 50 50 50 50 50 50 50 50 50 50 50 50 50 50 50 50 50 50 50 50 50 50 8 8 7 0 0 0 0 0 0 0 0 0 0 0 0 0 0 0 
58 58 50 50 50 50 50 50 50 50 50 50 50 50 50 50 50 50 50 50 50 50 50 50 50 50 50 50 50 50 50 50 50 50 47 39 25 23 23 18 10 2 2 2 2 2 2 2 2 0 
51 51 50 50 50 50 50 50 50 50 50 50 50 50 50 50 50 50 50 50 50 50 50 50 50 50 50 50 50 50 50 50 36 25 24 14 13 7 0 0 0 0 0 0 0 0 0 0 0 0 
51 51 51 51 51 51 51 51 51 51 51 51 51 51 51 51 51 51 51 51 51 51 51 51 51 51 51 51 51 51 51 50 50 38 31 18 1 1 1 1 1 1 1 1 1 1 1 1 0 0 
54 54 54 52 52 52 52 52 52 52 52 52 52 52 52 52 52 52 52 52 52 52 52 50 50 50 50 50 17 8 2 2 2 2 2 2 2 2 2 2 2 2 2 2 2 2 2 2 2 0 
56 55 55 55 51 51 51 51 51 51 51 51 51 51 51 51 51 51 51 51 51 51 51 51 51 51 51 51 51 51 51 51 50 50 11 9 2 2 2 2 2 2 2 2 2 2 1 1 1 1 
58 58 58 58 57 55 55 55 55 55 55 55 55 55 55 55 55 55 55 55 55 55 55 55 55 55 55 55 55 55 55 55 55 55 50 50 50 28 21 18 5 5 5 5 5 5 0 0 0 0 
53 52 52 52 50 50 50 50 50 50 50 50 50 50 50 50 50 50 50 50 50 50 50 50 50 50 50 50 50 49 45 39 27 3 2 0 0 0 0 0 0 0 0 0 0 0 0 0 0 0 
55 55 55 55 55 55 52 52 52 52 52 52 52 52 52 52 52 52 52 52 52 52 52 52 52 52 52 52 50 43 11 10 10 10 10 8 8 3 3 3 3 3 3 3 3 3 2 2 2 2 
