% Invoked: ./gella -d -r 3 -l biased_r3/run21 >& biased_r3/run21.log
% Ministry of Cellular Automata
% Project Deux (CS523 Spring 2015)
% Version:v0.1-70-g0624-dirty
%  pop:50
%  ic count:100
%  CA Log option:biased_r3/run21
%  width:121
%  max workers:4
%  radius:3
%  iterations:300
%  use bias:true
%  generations:50

 generation 0.0.0.0.0.0.0.0.0.0.50.50.0.0.0.0.0.0.50.0.48.0.0.50.0.0.0.49.0.0.0.0.0.0.0.50.0.0.50.0.0.50.50.50.50.0.50.0.0.0.0.xover.mutate.done 50
 generation 1.50.50.50.50.50.50.50.50.50.50.50.32.1.1.0.1.17.1.1.50.51.1.5.9.42.1.50.0.50.0.10.1.1.50.1.0.50.0.0.50.50.1.29.1.1.16.1.0.1.0.xover.mutate.done 50
 generation 2.50.50.50.50.50.50.50.50.50.50.50.6.2.37.0.50.0.2.42.50.0.0.50.2.0.50.50.0.50.0.50.2.50.52.50.52.50.41.28.50.0.2.34.50.0.50.39.2.0.50.xover.mutate.done 50
 generation 3.51.51.50.50.50.50.50.50.50.50.1.9.0.0.50.50.46.0.0.50.1.50.33.50.50.50.1.0.24.0.51.22.1.50.0.0.50.50.6.0.50.0.0.49.50.3.50.0.0.50.xover.mutate.done 50
 generation 4.51.51.51.52.50.50.50.50.50.50.3.3.2.1.50.14.3.50.2.3.2.2.2.2.52.3.50.3.2.50.2.56.3.2.50.2.2.2.50.3.52.3.3.2.50.2.2.52.52.50.xover.mutate.done 50
 generation 5.52.50.50.50.50.50.50.50.50.50.50.0.50.0.0.50.50.0.50.0.50.0.49.50.0.50.0.50.0.0.50.0.50.50.0.0.5.0.0.0.47.0.0.0.9.8.49.0.50.50.xover.mutate.done 50
 generation 6.56.50.50.50.50.50.51.51.51.50.10.8.50.1.50.9.12.51.50.50.0.50.50.1.1.50.6.50.50.6.26.0.50.9.0.0.51.31.0.0.1.0.1.0.23.51.50.50.50.50.xover.mutate.done 50
 generation 7.55.51.51.51.51.51.51.50.50.50.50.1.1.0.50.17.30.1.1.1.50.1.12.11.1.50.50.1.13.0.50.50.50.51.33.1.0.15.1.1.0.15.1.14.50.12.0.0.9.11.xover.mutate.done 50
 generation 8.52.50.50.50.50.50.50.50.50.50.0.0.0.8.50.50.50.19.45.13.12.4.0.22.50.50.3.91.50.0.0.50.0.9.5.50.8.50.50.50.4.0.4.9.0.37.50.0.11.26.xover.mutate.done 50
 generation 9.91.55.51.51.51.51.51.50.51.51.6.2.8.6.51.1.1.2.25.51.50.49.51.2.51.2.45.51.51.51.2.1.2.51.2.2.17.1.51.1.2.51.2.2.2.2.43.2.7.2.xover.mutate.done 50
 generation 10.92.55.50.50.50.50.50.50.50.50.50.0.50.0.0.0.22.0.0.0.0.71.0.0.0.0.0.0.50.50.61.50.50.0.10.50.0.50.49.50.17.12.0.22.38.0.0.50.50.9.xover.mutate.done 50
 generation 11.91.68.64.55.51.51.51.51.51.51.1.0.50.43.1.50.46.47.1.1.51.50.50.1.50.50.51.51.51.51.51.0.51.2.0.0.0.50.1.0.50.50.0.1.50.51.50.0.6.51.xover.mutate.done 50
 generation 12.93.70.64.57.50.50.50.50.50.50.2.2.80.64.52.52.2.27.2.50.2.2.52.2.50.50.2.49.0.34.50.50.52.52.73.2.49.2.2.2.2.2.2.2.50.24.2.2.52.2.xover.mutate.done 50
 generation 13.91.78.69.70.59.67.54.52.52.52.17.51.2.6.3.3.51.80.11.51.19.2.34.51.3.2.51.3.51.23.3.52.52.19.51.3.52.51.2.2.11.48.52.19.28.42.51.3.2.3.xover.mutate.done 50
 generation 14.87.76.76.67.72.68.69.57.52.52.50.2.52.42.2.70.13.50.7.2.2.2.50.2.2.2.2.25.2.2.2.33.50.0.16.50.23.34.2.38.52.21.49.50.2.52.67.2.14.26.xover.mutate.done 50
 generation 15.89.79.77.71.69.60.68.68.72.54.18.24.16.24.51.48.4.16.50.23.4.1.31.1.4.51.51.4.3.1.4.39.15.41.4.4.59.67.53.46.60.3.1.4.11.51.5.4.53.1.xover.mutate.done 50
 generation 16.91.87.86.69.80.68.67.69.71.62.13.50.5.20.27.13.20.34.27.56.19.30.50.44.52.50.10.5.3.37.45.3.31.3.17.80.52.46.5.48.22.5.5.23.53.5.77.5.46.23.xover.mutate.done 50
 generation 17.88.79.78.78.78.73.69.65.65.73.32.2.63.2.2.51.67.5.37.4.2.2.59.2.2.51.51.67.50.3.51.14.64.26.5.51.47.51.27.51.2.51.2.4.6.2.22.51.2.2.xover.mutate.done 50
 generation 18.91.86.83.80.80.76.74.74.66.65.28.37.11.21.36.7.15.2.66.2.36.15.43.2.51.21.17.6.51.40.81.53.1.32.57.34.74.16.2.43.42.31.51.25.2.1.28.66.2.74.xover.mutate.done 50
 generation 19.90.82.81.76.76.76.69.72.72.72.14.28.33.66.14.2.20.18.20.52.7.10.52.22.67.12.50.25.27.2.36.11.46.3.20.44.38.57.11.2.52.68.37.2.50.31.18.23.23.50.xover.mutate.done 50
 generation 20.89.77.75.72.70.70.60.66.60.65.11.2.15.42.2.46.17.2.21.57.2.42.28.59.7.2.62.5.5.2.38.34.50.55.2.44.7.2.4.50.12.37.51.23.25.4.2.4.34.38.xover.mutate.done 50
 generation 21.91.85.81.76.73.73.72.73.66.69.50.1.39.12.21.15.60.1.74.41.34.1.25.40.11.46.1.56.50.1.74.58.75.46.50.24.65.1.20.67.36.51.28.50.16.73.17.41.13.67.xover.mutate.done 50
 generation 22.95.86.84.83.77.77.78.80.80.75.34.50.44.34.0.50.26.26.50.82.36.0.37.80.0.49.54.0.69.69.59.69.23.6.82.57.82.33.0.62.24.10.50.13.48.47.58.64.49.59.xover.mutate.done 50
 generation 23.88.82.79.71.75.77.77.71.71.71.52.1.75.52.1.3.1.18.11.40.1.69.51.1.94.52.3.51.84.51.52.48.62.20.43.51.65.11.1.6.46.48.92.50.17.44.51.52.74.0.xover.mutate.done 50
 generation 24.96.90.91.85.82.77.76.81.82.84.4.8.3.25.0.37.0.9.43.54.33.0.59.50.0.0.50.33.48.50.72.46.71.19.0.3.25.47.32.37.84.60.0.63.50.17.53.48.43.15.xover.mutate.done 50
 generation 25.94.95.91.82.78.86.81.81.83.80.67.50.50.21.3.13.88.0.47.0.14.39.3.21.80.28.9.0.3.3.13.50.3.13.10.3.8.55.8.55.41.3.9.0.53.52.0.43.37.13.xover.mutate.done 50
 generation 26.94.95.90.85.93.87.88.87.82.86.3.50.81.0.35.12.12.3.12.50.64.3.43.48.9.11.64.53.17.50.13.3.3.50.0.9.3.36.3.31.13.43.3.3.3.34.0.61.11.24.xover.mutate.done 50
 generation 27.92.91.83.87.85.79.79.73.83.80.1.38.73.3.14.7.9.7.1.23.66.74.22.0.6.1.22.58.85.50.14.33.65.37.5.0.0.49.50.1.25.0.9.4.1.32.11.29.33.27.xover.mutate.done 50
 generation 28.83.83.87.80.78.80.78.74.74.79.84.6.50.1.39.26.0.75.50.36.59.55.0.88.75.35.76.12.0.0.39.11.13.74.0.6.36.6.38.34.26.0.48.72.18.4.18.49.24.0.xover.mutate.done 50
 generation 29.89.90.80.91.88.81.85.81.76.78.33.18.65.9.41.29.81.4.62.6.42.50.16.3.7.52.18.32.50.56.1.72.2.8.6.52.65.7.72.1.49.33.15.22.7.52.51.50.1.7.xover.mutate.done 50
 generation 30.93.87.91.90.80.82.80.78.84.81.78.52.83.10.57.3.68.57.13.47.11.3.12.87.50.20.52.67.41.52.62.61.57.52.58.8.61.27.9.42.8.13.3.36.34.36.3.11.78.6.xover.mutate.done 50
 generation 31.92.95.91.90.90.82.87.88.80.91.50.41.24.50.42.74.72.58.48.71.27.79.49.47.87.6.32.41.50.89.46.8.86.38.51.32.1.82.57.89.75.33.37.76.48.51.82.9.49.35.xover.mutate.done 50
 generation 32.92.93.93.84.85.87.87.83.84.88.32.6.50.6.0.2.55.17.5.10.6.5.0.6.47.76.37.15.47.55.0.61.44.50.5.28.22.12.52.35.53.3.67.60.38.7.9.84.51.57.xover.mutate.done 50
 generation 33.87.92.91.88.90.86.91.88.89.90.8.27.16.51.49.67.26.7.42.27.43.2.55.15.29.49.24.15.18.48.24.19.78.89.2.7.56.54.70.51.35.10.37.61.49.62.90.38.19.85.xover.mutate.done 50
 generation 34.93.93.93.94.88.94.84.95.84.94.2.7.28.5.45.42.80.54.2.42.2.37.49.57.2.47.50.91.52.50.2.47.51.8.45.49.2.5.52.6.18.85.15.6.50.37.2.54.50.2.xover.mutate.done 50
 generation 35.91.85.91.88.90.90.90.89.88.78.33.51.1.50.50.49.2.73.32.55.2.51.14.2.2.22.54.2.33.87.5.21.49.51.25.2.15.15.1.18.24.92.25.3.3.12.43.12.80.55.xover.mutate.done 50
 generation 36.86.87.87.88.91.85.83.85.86.81.87.76.31.38.0.20.40.40.86.74.54.48.41.50.1.50.64.39.21.24.50.50.25.19.49.44.90.33.50.1.1.4.26.22.23.53.68.7.22.10.xover.mutate.done 50
 generation 37.89.89.88.90.86.86.86.83.81.89.45.52.43.57.39.42.8.39.79.41.26.9.16.9.50.87.50.4.67.74.64.45.31.88.44.73.37.5.51.52.55.49.36.47.42.39.37.6.30.19.xover.mutate.done 50
 generation 38.91.91.89.89.88.94.92.89.89.91.52.58.45.49.50.52.50.3.34.93.44.3.47.72.52.62.1.66.4.10.71.53.44.61.73.49.45.64.52.48.67.55.46.49.20.52.68.50.45.74.xover.mutate.done 50
 generation 39.91.91.90.87.91.89.91.90.86.86.1.5.11.1.27.41.45.45.1.83.55.48.74.37.45.50.86.80.55.49.54.4.56.54.1.67.50.18.60.11.48.18.1.5.50.32.5.59.92.2.xover.mutate.done 50
 generation 40.88.91.91.92.91.89.85.88.89.87.23.87.13.6.21.69.1.17.43.50.38.85.56.84.49.41.34.49.50.55.19.40.24.6.45.10.55.27.48.71.1.90.52.22.59.11.14.41.28.28.xover.mutate.done 50
 generation 41.93.95.95.92.95.95.94.90.91.93.58.12.50.68.3.12.73.2.2.48.56.92.3.21.2.3.48.44.2.86.4.75.59.9.58.4.52.84.15.50.53.2.17.8.4.88.79.94.50.19.xover.mutate.done 50
 generation 42.96.97.93.94.94.88.93.88.94.94.61.95.50.2.92.90.2.46.2.93.88.52.53.38.43.7.43.88.51.52.59.43.20.48.87.22.37.94.35.51.52.55.52.9.0.40.90.44.56.48.xover.mutate.done 50
 generation 43.91.90.94.92.91.92.90.90.91.93.50.62.50.19.87.12.62.67.50.79.11.57.86.42.59.80.60.42.66.60.9.44.7.7.24.41.90.1.7.89.91.46.1.7.27.60.36.50.46.51.xover.mutate.done 50
 generation 44.91.88.88.89.88.90.90.88.88.88.88.56.9.45.87.17.83.61.11.65.86.84.80.24.10.6.5.64.77.44.36.60.10.45.22.17.5.79.56.5.5.16.28.41.32.83.11.69.9.20.xover.mutate.done 50
 generation 45.95.93.92.93.94.91.96.96.96.96.6.9.44.52.52.49.2.50.30.53.30.87.46.88.42.54.2.50.85.50.9.48.2.23.96.69.14.49.49.22.2.2.2.72.50.35.91.72.5.52.xover.mutate.done 50
 generation 46.91.91.91.92.89.92.90.88.88.87.7.25.81.48.1.52.42.6.50.51.9.1.91.7.85.1.3.90.50.27.1.72.82.50.55.1.47.2.51.75.33.53.43.91.20.77.55.1.1.12.xover.mutate.done 50
 generation 47.85.90.92.92.93.92.93.92.93.93.30.6.10.76.52.19.1.51.51.81.0.32.76.54.49.4.24.48.92.47.20.51.17.29.84.18.1.51.28.39.81.51.1.81.66.73.58.6.45.41.xover.mutate.done 50
 generation 48.96.96.95.96.96.96.95.93.96.95.54.1.43.95.8.86.90.1.50.50.17.26.45.1.4.16.1.31.27.48.82.17.11.24.59.32.1.1.22.17.53.53.18.50.1.50.1.3.83.51.xover.mutate.done 50
 generation 49.92.92.92.92.92.91.90.91.91.91.28.23.4.19.17.4.85.53.92.2.32.91.4.52.48.52.34.58.56.59.4.78.50.12.4.28.62.22.86.11.80.52.13.21.19.29.4.90.17.92.xover.mutate.done 50
 31625271 iters     704726 iter/sec (44.88 s)
 total time: 44.88
