0.7109375 0.6484375 0.53125 0.1171875 0.59375 0.625 0.484375 0.9765625 0.3203125 0.6484375 
0.6796875 0.9765625 0.0234375 0.0234375 0.0078125 0.265625 0.21875 0.9921875 0.984375 0.9453125 
0.21875 0.15625 0.0625 0.0390625 0.6796875 0.9765625 0.0234375 0.0234375 0.0078125 0.265625 
0.5546875 0.21875 0.15625 0.0625 0.0390625 0.34375 0.265625 0.21875 0.1875 0.046875 
0.1875 0.5234375 0.5546875 0.21875 0.15625 0.0625 0.0390625 0.34375 0.265625 0.21875 
0.1875 0.5234375 0.5546875 0.21875 0.15625 0.0625 0.0390625 0.34375 0.265625 0.21875 
0.1875 0.5234375 0.5546875 0.21875 0.15625 0.0625 0.0390625 0.34375 0.265625 0.21875 
0.1875 0.5234375 0.5546875 0.21875 0.15625 0.0625 0.0390625 0.34375 0.265625 0.21875 
0.1875 0.5234375 0.5546875 0.21875 0.15625 0.0625 0.0390625 0.34375 0.265625 0.21875 
0.1875 0.5546875 0.5234375 0.21875 0.15625 0.0625 0.0390625 0.34375 0.265625 0.21875 
0.1875 0.5234375 0.5546875 0.21875 0.15625 0.0625 0.0390625 0.34375 0.265625 0.21875 
0.1875 0.5234375 0.5546875 0.21875 0.15625 0.0625 0.0390625 0.34375 0.265625 0.21875 
0.5234375 0.1875 0.359375 0.5546875 0.21875 0.15625 0.0625 0.0390625 0.34375 0.265625 
0.2109375 0.1875 0.5234375 0.359375 0.4140625 0.5546875 0.21875 0.15625 0.0625 0.0390625 
0.5234375 0.2109375 0.1875 0.5546875 0.359375 0.4140625 0.21875 0.15625 0.0625 0.0390625 
0.2109375 0.1875 0.5 0.5234375 0.5546875 0.359375 0.4140625 0.21875 0.15625 0.0625 
0.5 0.2109375 0.1875 0.5234375 0.5546875 0.359375 0.4140625 0.375 0.21875 0.15625 
0.2109375 0.1875 0.5 0.21875 0.5234375 0.5546875 0.078125 0.359375 0.4140625 0.375 
0.5 0.2109375 0.1875 0.21875 0.5234375 0.5546875 0.359375 0.4140625 0.375 0.3984375 
0.5 0.5 0.2109375 0.21875 0.5 0.1875 0.515625 0.5234375 0.359375 0.4140625 
0.5 0.21875 0.1875 0.2109375 0.5 0.5 0.484375 0.4453125 0.5234375 0.5078125 
0.5 0.5 0.21875 0.2109375 0.5 0.1875 0.5 0.4453125 0.5234375 0.4921875 
0.5 0.5 0.5 0.5078125 0.5 0.4609375 0.2109375 0.1875 0.2109375 0.21875 
0.484375 0.5 0.5 0.5 0.5 0.4921875 0.5 0.5078125 0.2109375 0.2109375 
0.5 0.5 0.5 0.5 0.484375 0.4921875 0.4921875 0.5 0.5078125 0.5078125 
0.5 0.5 0.5 0.5 0.484375 0.4921875 0.484375 0.4921875 0.5 0.5078125 
0.5 0.5 0.5 0.5 0.484375 0.4921875 0.484375 0.484375 0.4921875 0.484375 
0.5 0.5 0.5 0.5 0.4921875 0.484375 0.484375 0.484375 0.4921875 0.5078125 
0.5 0.5 0.5 0.5 0.4921875 0.5 0.484375 0.484375 0.484375 0.484375 
0.5 0.5 0.5 0.5 0.5 0.4921875 0.5 0.484375 0.484375 0.484375 
0.5 0.484375 0.484375 0.484375 0.5 0.5 0.5 0.5 0.4921875 0.5 
0.5 0.4921875 0.484375 0.484375 0.484375 0.5 0.5 0.5 0.5 0.4921875 
0.484375 0.484375 0.484375 0.5 0.5 0.5 0.5 0.4921875 0.5 0.484375 
0.484375 0.484375 0.484375 0.5 0.5 0.5 0.5 0.4921875 0.5 0.484375 
0.484375 0.484375 0.484375 0.5 0.484375 0.5 0.5 0.5 0.5 0.4921875 
0.484375 0.484375 0.484375 0.5 0.484375 0.4921875 0.4921875 0.5 0.5 0.5 
0.484375 0.484375 0.484375 0.484375 0.5 0.4921875 0.5 0.5 0.5 0.515625 
0.484375 0.484375 0.484375 0.484375 0.484375 0.4921875 0.5 0.5 0.5 0.5 
0.484375 0.4921875 0.4921875 0.484375 0.484375 0.484375 0.484375 0.484375 0.5 0.5 
0.5 0.5 0.453125 0.5078125 0.484375 0.4921875 0.4921875 0.484375 0.484375 0.484375 
0.453125 0.4921875 0.484375 0.484375 0.484375 0.484375 0.5 0.5 0.5078125 0.4921875 
0.4609375 0.453125 0.484375 0.4921875 0.484375 0.484375 0.484375 0.5 0.5 0.5078125 
0.4609375 0.453125 0.484375 0.5078125 0.46875 0.4921875 0.484375 0.484375 0.484375 0.5 
0.5078125 0.5 0.5 0.5 0.4609375 0.4921875 0.453125 0.4921875 0.484375 0.484375 
0.4609375 0.453125 0.484375 0.5 0.5 0.4921875 0.484375 0.5 0.5078125 0.484375 
0.5078125 0.453125 0.484375 0.4921875 0.484375 0.4609375 0.5 0.5 0.5 0.5 
0.453125 0.5078125 0.484375 0.4609375 0.4921875 0.484375 0.484375 0.4765625 0.4921875 0.5 
0.484375 0.484375 0.4921875 0.4921875 0.453125 0.5078125 0.4609375 0.5 0.5 0.4921875 
0.4921875 0.453125 0.4609375 0.4921875 0.484375 0.4921875 0.5078125 0.5 0.5 0.484375 
0.484375 0.4609375 0.4921875 0.484375 0.453125 0.4921875 0.5078125 0.5 0.5 0.4921875 
