% Invoked: ./gella -d -r 3 -l biased_r3/run29 >& biased_r3/run29.log
% Ministry of Cellular Automata
% Project Deux (CS523 Spring 2015)
% Version:v0.1-70-g0624-dirty
%  pop:50
%  ic count:100
%  CA Log option:biased_r3/run29
%  width:121
%  max workers:4
%  radius:3
%  iterations:300
%  use bias:true
%  generations:50

 generation 0.0.0.1.1.1.1.1.50.3.0.1.0.50.50.1.0.1.1.0.1.1.1.50.1.50.1.1.50.50.0.1.1.50.1.1.11.1.51.1.50.50.1.1.50.1.1.25.1.1.1.xover.mutate.done 50
 generation 1.50.50.50.50.50.50.53.50.50.50.0.0.50.53.50.3.53.3.0.50.3.0.0.3.0.3.0.16.3.35.50.3.9.24.3.50.3.0.50.0.3.3.0.50.39.50.50.14.0.53.xover.mutate.done 50
 generation 2.51.51.51.51.50.50.50.50.50.50.0.50.51.1.1.11.50.50.1.12.1.30.1.50.10.1.35.51.44.0.0.0.1.1.50.51.50.1.58.8.1.10.51.51.1.1.50.50.1.50.xover.mutate.done 50
 generation 3.57.52.52.52.52.52.52.52.52.52.2.50.1.51.52.50.52.11.3.3.2.52.52.2.51.52.15.11.72.50.3.59.3.1.3.50.2.52.52.13.50.52.50.52.52.3.52.50.52.27.xover.mutate.done 50
 generation 4.72.66.59.50.50.50.50.50.50.50.12.50.50.50.50.0.0.0.0.0.50.50.0.0.50.0.50.12.0.26.50.13.50.49.0.50.0.0.50.0.0.0.0.5.50.50.0.0.0.50.xover.mutate.done 50
 generation 5.75.64.59.51.51.51.51.51.51.51.51.51.51.2.51.50.45.51.51.17.50.1.50.1.51.16.50.33.51.1.51.51.51.51.50.2.17.51.2.1.51.51.10.51.1.2.51.2.51.33.xover.mutate.done 50
 generation 6.69.62.57.51.51.51.51.51.51.51.50.51.51.8.51.1.51.51.1.40.1.51.50.2.51.50.51.45.2.51.1.1.51.50.2.26.51.1.1.28.2.50.51.17.51.51.1.2.2.31.xover.mutate.done 50
 generation 7.67.62.59.50.50.50.50.50.50.50.1.50.6.50.9.1.0.50.50.1.50.50.50.1.50.50.50.0.1.1.50.50.50.39.1.39.1.27.39.50.50.1.50.9.50.0.50.50.50.0.xover.mutate.done 50
 generation 8.65.56.58.52.52.52.52.52.52.52.8.2.50.1.52.52.2.52.4.31.52.28.28.52.3.52.3.52.52.50.39.3.2.3.52.2.3.2.3.52.2.24.2.52.52.52.3.1.52.52.xover.mutate.done 50
 generation 9.64.61.64.51.51.51.51.51.51.51.1.1.12.1.51.51.23.50.42.41.9.51.1.33.51.1.51.1.43.1.51.51.1.51.1.1.1.51.51.51.51.51.10.51.51.51.51.0.1.1.xover.mutate.done 50
 generation 10.63.58.55.50.50.50.50.50.50.50.0.50.5.50.1.0.50.0.1.7.7.1.50.20.1.1.50.0.1.1.0.1.0.1.6.1.50.24.50.50.0.50.50.50.1.1.1.1.50.32.xover.mutate.done 50
 generation 11.68.70.57.52.52.52.52.52.52.52.10.52.3.52.52.52.52.52.3.28.50.3.3.52.52.8.52.52.3.1.52.52.2.3.52.52.52.27.1.52.61.25.2.2.10.3.31.2.1.52.xover.mutate.done 50
 generation 12.61.68.61.54.51.51.51.51.51.51.1.51.5.1.51.39.51.4.61.51.51.1.51.1.50.5.1.1.51.51.51.51.51.51.51.51.9.1.1.51.50.1.40.51.4.69.1.51.6.1.xover.mutate.done 50
 generation 13.69.69.70.53.53.57.50.50.50.50.7.2.2.2.2.2.2.2.50.2.8.0.11.50.2.15.6.0.50.42.50.44.50.50.27.2.2.2.50.50.13.50.0.50.0.47.16.50.50.50.xover.mutate.done 50
 generation 14.62.72.72.58.56.56.51.51.51.51.11.1.1.51.46.51.51.10.51.23.33.72.1.51.1.1.0.6.0.17.0.50.1.8.51.50.33.51.51.26.1.8.1.1.0.40.1.51.1.16.xover.mutate.done 50
 generation 15.70.68.75.66.61.53.53.50.50.50.11.50.42.3.10.10.50.50.50.50.30.50.3.50.21.3.3.0.26.50.50.3.50.3.3.47.17.13.3.13.3.53.50.0.0.0.6.0.50.3.xover.mutate.done 50
 generation 16.69.72.72.65.57.53.53.52.50.50.10.50.50.7.42.0.41.0.50.50.50.55.43.0.50.50.4.69.50.50.0.50.0.35.2.0.22.0.32.31.0.0.0.39.0.50.17.50.28.0.xover.mutate.done 50
 generation 17.67.66.83.65.63.55.50.55.55.54.52.9.50.0.2.2.42.7.2.52.52.2.48.2.0.2.2.50.22.8.52.50.5.49.2.17.50.2.2.50.50.52.51.23.2.2.6.2.13.52.xover.mutate.done 50
 generation 18.73.71.66.70.57.54.55.55.55.50.0.0.2.15.2.0.0.0.50.67.14.0.10.50.50.50.27.5.16.2.50.41.12.39.5.50.94.50.0.32.0.26.0.60.0.50.47.0.7.55.xover.mutate.done 50
 generation 19.91.72.74.75.74.75.55.58.55.55.9.1.50.54.51.55.50.1.51.29.8.55.50.11.1.58.1.50.33.14.50.61.1.36.11.1.50.5.10.50.39.21.33.35.1.5.50.50.0.60.xover.mutate.done 50
 generation 20.92.75.71.74.69.73.59.60.60.53.1.2.6.6.50.59.52.2.54.58.50.2.60.52.13.38.50.3.1.47.1.52.6.92.1.12.26.2.50.1.3.58.50.50.6.46.41.50.33.3.xover.mutate.done 50
 generation 21.91.91.70.71.74.71.66.63.62.66.50.50.50.0.8.50.0.64.40.91.50.50.80.0.0.9.74.56.0.9.71.50.0.0.0.50.0.50.0.19.50.0.50.0.0.0.14.27.0.0.xover.mutate.done 50
 generation 22.89.89.89.83.74.68.76.73.76.73.50.13.27.0.50.50.50.50.50.50.50.2.32.25.85.27.50.0.50.40.32.65.59.0.13.13.59.0.50.53.61.50.90.50.2.89.0.25.89.0.xover.mutate.done 50
 generation 23.90.91.91.91.91.86.81.79.69.69.50.90.0.1.50.44.50.1.0.42.50.1.50.1.0.67.44.0.20.1.50.1.1.4.79.5.40.1.1.59.5.0.50.50.0.34.50.50.22.71.xover.mutate.done 50
 generation 24.92.92.92.92.92.92.91.91.84.84.50.50.92.4.50.37.41.50.58.36.51.4.57.8.1.50.26.39.20.68.50.41.21.4.50.63.25.50.1.35.17.51.50.1.51.73.28.50.1.50.xover.mutate.done 50
 generation 25.94.94.94.94.94.94.94.88.79.77.2.11.10.2.49.50.50.6.50.50.52.0.50.16.2.49.3.50.16.52.94.0.48.6.85.18.2.0.42.53.2.55.50.8.50.2.50.9.8.52.xover.mutate.done 50
 generation 26.88.88.88.88.87.88.87.87.86.82.2.2.32.51.11.50.0.51.56.3.0.2.6.83.61.52.60.52.49.0.30.52.26.2.50.2.37.66.6.70.52.49.73.50.4.52.52.52.6.6.xover.mutate.done 50
 generation 27.93.93.93.93.93.92.92.92.86.82.0.44.9.50.12.39.11.1.62.50.0.47.9.42.50.1.27.49.81.48.48.36.32.92.34.7.58.10.50.1.27.50.54.44.50.21.66.93.47.92.xover.mutate.done 50
 generation 28.92.92.92.92.92.92.92.92.92.92.39.0.2.30.2.52.52.2.49.63.5.47.2.34.2.4.15.13.60.40.2.34.36.60.50.92.2.50.67.0.48.0.25.15.2.10.50.69.45.96.xover.mutate.done 50
 generation 29.92.91.91.91.91.91.91.92.92.92.14.11.1.16.37.1.5.38.16.2.62.1.30.1.1.20.11.29.56.49.55.79.51.49.40.9.50.1.49.1.44.1.1.15.33.1.50.21.68.10.xover.mutate.done 50
 generation 30.91.87.87.87.87.87.87.87.87.87.39.65.2.28.2.28.7.51.91.68.79.27.9.87.34.9.87.72.51.51.20.43.73.1.1.2.6.55.48.20.2.7.30.18.13.16.2.19.2.70.xover.mutate.done 50
 generation 31.90.90.93.93.93.93.93.93.93.93.66.23.1.86.75.14.1.56.87.1.6.84.1.80.55.51.93.13.51.11.7.9.93.42.6.50.51.13.55.91.25.42.64.76.1.68.61.9.72.25.xover.mutate.done 50
 generation 32.94.94.94.94.94.94.94.94.94.94.1.40.16.1.41.87.28.74.70.48.51.42.50.23.5.17.10.94.17.44.27.32.7.92.94.93.50.75.1.50.13.41.23.1.73.1.7.0.50.1.xover.mutate.done 50
 generation 33.84.84.84.83.83.83.83.82.84.84.2.52.5.80.52.11.49.0.29.14.50.8.51.5.0.0.27.2.13.46.2.2.2.14.52.40.39.31.2.38.54.29.9.50.49.18.36.66.81.24.xover.mutate.done 50
 generation 34.89.89.89.89.89.88.88.88.88.87.16.49.85.3.49.15.0.37.50.30.26.0.0.78.0.33.88.0.9.50.73.29.20.31.12.89.89.56.36.78.56.0.56.0.51.0.13.50.58.0.xover.mutate.done 50
 generation 35.90.90.90.89.90.87.89.89.89.89.3.49.50.58.52.7.8.86.83.58.24.51.6.80.58.50.13.21.50.56.50.50.44.74.60.50.59.7.33.55.53.24.50.58.11.78.14.11.88.50.xover.mutate.done 50
 generation 36.92.92.92.92.89.91.91.91.91.85.47.51.19.66.44.50.54.81.58.17.13.6.33.50.51.84.23.46.58.92.51.7.47.14.55.51.25.15.65.8.57.44.61.2.13.55.81.49.24.1.xover.mutate.done 50
 generation 37.86.86.86.86.86.87.86.86.86.86.62.53.6.22.3.30.51.28.87.53.20.17.5.11.3.3.50.25.49.3.62.65.24.70.50.3.49.9.49.67.10.17.89.33.58.13.38.14.86.30.xover.mutate.done 50
 generation 38.90.90.90.90.90.90.90.90.91.91.17.15.86.22.50.32.91.74.53.39.50.43.49.69.63.0.4.60.26.84.4.33.60.59.15.91.20.72.15.82.14.10.20.4.43.50.79.11.29.36.xover.mutate.done 50
 generation 39.87.87.91.87.88.89.87.89.89.89.0.74.73.22.60.41.0.50.50.11.75.0.66.0.71.86.82.18.0.4.55.0.4.50.32.49.50.50.54.13.17.0.52.0.20.10.14.60.50.50.xover.mutate.done 50
 generation 40.92.90.90.90.90.92.90.90.90.90.59.22.3.69.67.8.96.77.3.86.27.50.33.45.32.17.42.75.75.56.37.37.87.9.23.45.90.70.3.3.52.28.74.50.3.29.56.10.87.51.xover.mutate.done 50
 generation 41.94.93.92.90.90.90.90.90.90.92.57.58.50.67.28.51.1.3.47.55.52.82.25.54.50.3.50.31.2.51.3.19.3.83.3.47.52.7.31.92.51.19.52.5.5.6.65.41.27.89.xover.mutate.done 50
 generation 42.90.93.92.95.90.93.92.92.92.94.50.40.62.94.7.14.50.59.50.55.52.92.0.5.0.45.44.14.10.75.70.50.15.61.94.47.59.0.19.47.95.94.50.11.0.10.50.27.0.87.xover.mutate.done 50
 generation 43.89.90.92.92.95.92.95.90.93.92.51.57.73.92.50.62.21.1.1.44.81.45.58.73.38.26.55.62.51.51.85.49.39.14.51.29.92.92.58.51.6.84.25.43.1.44.82.88.73.1.xover.mutate.done 50
 generation 44.91.92.92.91.91.92.90.91.93.92.91.90.74.9.59.75.48.48.81.50.50.0.59.42.50.76.82.0.75.27.91.0.32.62.6.73.75.47.41.39.42.50.85.87.42.28.0.76.50.62.xover.mutate.done 50
 generation 45.92.93.91.89.92.92.88.88.88.88.10.60.1.92.51.60.1.0.0.28.1.19.85.51.70.51.10.50.74.74.88.51.5.51.13.55.88.1.50.51.50.90.1.89.91.50.69.40.50.88.xover.mutate.done 50
 generation 46.93.93.94.93.92.94.92.92.94.93.92.22.56.3.51.86.52.52.72.81.39.31.93.72.92.51.87.46.51.86.22.57.94.82.18.50.51.52.60.72.51.3.22.51.2.16.48.57.61.67.xover.mutate.done 50
 generation 47.90.87.89.91.91.89.91.89.89.91.50.67.50.86.38.75.62.17.8.2.86.18.50.41.2.56.14.40.0.50.28.22.50.20.50.42.50.21.50.76.57.41.45.2.51.2.2.2.58.42.xover.mutate.done 50
 generation 48.86.87.88.88.90.87.87.87.87.88.4.50.51.50.50.71.50.44.64.50.49.49.0.1.70.21.64.15.30.32.77.1.82.50.18.32.55.12.6.50.54.77.59.50.1.4.20.50.50.81.xover.mutate.done 50
 generation 49.89.91.93.89.93.89.89.87.87.86.2.51.2.11.51.74.48.2.51.56.51.27.51.51.51.43.84.51.51.49.77.8.20.2.52.66.50.51.2.78.24.56.51.49.50.50.51.51.31.50.xover.mutate.done 50
 32556705 iters     712549 iter/sec (45.69 s)
 total time: 45.69
