0.8671875 0.5546875 0.4921875 0.1953125 0.1328125 0.5390625 0.328125 0.640625 0.140625 0.7890625 
0.1328125 0.8359375 0.9765625 0.046875 0.2890625 0.296875 0.640625 0.7890625 0.1953125 0.5546875 
0.1328125 0.8359375 0.9765625 0.046875 0.109375 0.1796875 0.140625 0.75 0.6796875 0.1171875 
0.1328125 0.8359375 0.9765625 0.046875 0.109375 0.1796875 0.140625 0.75 0.6796875 0.1171875 
0.1953125 0.1328125 0.8359375 0.9765625 0.046875 0.109375 0.1796875 0.140625 0.75 0.6796875 
0.1953125 0.1328125 0.8359375 0.9765625 0.046875 0.109375 0.1796875 0.140625 0.75 0.6796875 
0.1953125 0.1328125 0.8359375 0.9765625 0.046875 0.109375 0.1796875 0.140625 0.75 0.6796875 
0.828125 0.6484375 0.796875 0.859375 0.1953125 0.2265625 0.1328125 0.8359375 0.9765625 0.046875 
0.828125 0.6484375 0.796875 0.859375 0.1953125 0.2265625 0.2265625 0.6953125 0.8671875 0.1484375 
0.828125 0.6484375 0.796875 0.859375 0.1953125 0.2265625 0.2265625 0.6953125 0.8671875 0.1484375 
0.828125 0.1953125 0.2265625 0.2265625 0.1484375 0.3203125 0.21875 0.25 0.171875 0.265625 
0.828125 0.1953125 0.2265625 0.2265625 0.1484375 0.3203125 0.21875 0.25 0.171875 0.265625 
0.828125 0.1953125 0.2265625 0.2265625 0.1484375 0.3203125 0.21875 0.25 0.171875 0.265625 
0.828125 0.1953125 0.2265625 0.2265625 0.1484375 0.3203125 0.21875 0.25 0.171875 0.265625 
0.828125 0.1953125 0.2265625 0.2265625 0.1484375 0.3203125 0.21875 0.25 0.171875 0.265625 
0.828125 0.1953125 0.2265625 0.2265625 0.1484375 0.3203125 0.21875 0.25 0.171875 0.265625 
0.828125 0.1953125 0.2265625 0.2265625 0.1484375 0.3203125 0.21875 0.25 0.171875 0.265625 
0.828125 0.1953125 0.2265625 0.2265625 0.1484375 0.3203125 0.21875 0.25 0.171875 0.265625 
0.828125 0.1953125 0.2265625 0.2265625 0.1484375 0.3203125 0.21875 0.25 0.171875 0.265625 
0.828125 0.1953125 0.2265625 0.2265625 0.1484375 0.3203125 0.21875 0.25 0.171875 0.265625 
0.828125 0.1953125 0.2265625 0.2265625 0.1484375 0.3203125 0.21875 0.25 0.171875 0.265625 
0.828125 0.1953125 0.2265625 0.2265625 0.1484375 0.3203125 0.21875 0.25 0.171875 0.265625 
0.828125 0.1953125 0.2265625 0.2265625 0.1484375 0.3203125 0.21875 0.25 0.171875 0.265625 
0.828125 0.1953125 0.2265625 0.2265625 0.1484375 0.3203125 0.21875 0.25 0.171875 0.265625 
0.828125 0.1953125 0.2265625 0.2265625 0.1484375 0.3203125 0.21875 0.25 0.171875 0.265625 
0.828125 0.1953125 0.2265625 0.2265625 0.1484375 0.3203125 0.21875 0.25 0.171875 0.265625 
0.828125 0.1953125 0.2265625 0.2265625 0.1484375 0.3203125 0.21875 0.25 0.171875 0.265625 
0.828125 0.1953125 0.2265625 0.2265625 0.1484375 0.3203125 0.21875 0.25 0.171875 0.265625 
0.828125 0.1953125 0.2265625 0.2265625 0.1484375 0.3203125 0.21875 0.25 0.171875 0.265625 
0.828125 0.1953125 0.2265625 0.2265625 0.1484375 0.3203125 0.21875 0.25 0.171875 0.265625 
0.828125 0.1953125 0.2265625 0.2265625 0.1484375 0.3203125 0.21875 0.25 0.171875 0.265625 
0.828125 0.1953125 0.2265625 0.2265625 0.1484375 0.3203125 0.21875 0.25 0.171875 0.265625 
0.828125 0.1953125 0.2265625 0.2265625 0.1484375 0.3203125 0.21875 0.25 0.171875 0.265625 
0.828125 0.1953125 0.2265625 0.2265625 0.1484375 0.3203125 0.21875 0.25 0.171875 0.265625 
0.828125 0.1953125 0.2265625 0.2265625 0.1484375 0.3203125 0.21875 0.25 0.171875 0.265625 
0.828125 0.1953125 0.2265625 0.2265625 0.1484375 0.3203125 0.21875 0.25 0.171875 0.265625 
0.828125 0.1953125 0.2265625 0.2265625 0.1484375 0.3203125 0.21875 0.25 0.171875 0.265625 
0.828125 0.1953125 0.2265625 0.2265625 0.1484375 0.3203125 0.21875 0.25 0.171875 0.265625 
0.828125 0.1953125 0.2265625 0.2265625 0.1484375 0.3203125 0.21875 0.25 0.171875 0.265625 
0.828125 0.1953125 0.2265625 0.2265625 0.1484375 0.3203125 0.21875 0.25 0.171875 0.265625 
0.828125 0.1953125 0.2265625 0.2265625 0.1484375 0.3203125 0.21875 0.25 0.171875 0.265625 
0.828125 0.1953125 0.2265625 0.2265625 0.1484375 0.3203125 0.21875 0.25 0.171875 0.265625 
0.828125 0.1953125 0.2265625 0.2265625 0.1484375 0.3203125 0.21875 0.25 0.171875 0.265625 
0.828125 0.1953125 0.2265625 0.2265625 0.1484375 0.3203125 0.21875 0.25 0.171875 0.265625 
0.828125 0.1953125 0.2265625 0.2265625 0.1484375 0.3203125 0.21875 0.25 0.171875 0.265625 
0.828125 0.1953125 0.2265625 0.2265625 0.1484375 0.3203125 0.21875 0.25 0.171875 0.265625 
0.828125 0.1953125 0.2265625 0.2265625 0.1484375 0.3203125 0.21875 0.25 0.171875 0.265625 
0.828125 0.1953125 0.2265625 0.2265625 0.1484375 0.3203125 0.21875 0.25 0.171875 0.265625 
0.828125 0.1953125 0.2265625 0.2265625 0.1484375 0.3203125 0.21875 0.25 0.171875 0.265625 
0.828125 0.1953125 0.2265625 0.2265625 0.1484375 0.3203125 0.21875 0.25 0.171875 0.265625 
