50 50 50 50 44 6 5 5 3 1 1 1 1 1 1 1 1 1 1 1 1 1 1 1 1 1 1 1 1 1 1 1 1 1 1 1 1 0 0 0 0 0 0 0 0 0 0 0 0 0 
50 50 50 50 50 50 50 50 50 50 50 50 43 40 19 14 9 9 6 5 5 3 2 2 2 2 2 2 2 2 2 2 2 2 1 1 1 1 1 1 1 1 1 1 1 1 1 1 1 1 
50 50 50 50 50 50 50 50 50 50 50 50 50 43 38 22 12 9 6 2 2 1 0 0 0 0 0 0 0 0 0 0 0 0 0 0 0 0 0 0 0 0 0 0 0 0 0 0 0 0 
52 50 50 50 50 50 50 50 50 50 50 50 50 50 50 50 50 50 50 50 46 45 44 19 17 12 11 9 5 4 2 2 2 2 2 2 2 2 2 2 2 1 0 0 0 0 0 0 0 0 
50 50 50 50 50 50 50 50 50 50 50 50 50 50 50 50 50 50 50 50 50 50 45 44 40 34 19 17 9 0 0 0 0 0 0 0 0 0 0 0 0 0 0 0 0 0 0 0 0 0 
50 50 50 50 50 50 50 50 50 50 50 50 50 50 50 50 50 50 50 50 50 45 22 20 8 6 6 6 0 0 0 0 0 0 0 0 0 0 0 0 0 0 0 0 0 0 0 0 0 0 
61 53 53 53 52 52 50 50 50 50 50 50 50 50 50 50 50 50 50 50 50 50 46 37 33 32 16 15 15 13 7 7 6 5 5 5 5 5 5 5 5 5 4 3 2 2 2 2 2 2 
61 51 51 51 51 51 51 51 51 51 51 51 50 50 50 50 50 50 50 50 50 50 50 50 50 22 12 7 7 2 2 2 2 2 2 2 2 2 2 1 1 1 1 1 1 1 1 1 1 1 
65 50 50 50 50 50 50 50 50 50 50 50 50 50 50 50 50 50 50 50 50 50 25 19 13 9 8 7 7 5 2 0 0 0 0 0 0 0 0 0 0 0 0 0 0 0 0 0 0 0 
72 51 51 51 51 51 51 51 51 51 51 50 50 50 50 50 50 50 50 50 50 50 50 50 44 33 23 19 18 15 11 9 7 1 1 1 1 1 1 1 1 1 1 1 1 0 0 0 0 0 
61 52 52 52 52 52 52 52 52 52 52 52 52 52 52 52 52 52 52 50 50 37 33 32 28 25 15 12 9 4 4 4 4 4 4 4 4 4 4 4 4 4 2 2 2 2 2 2 2 2 
67 52 52 52 52 52 52 52 52 52 52 52 52 52 52 52 52 52 52 52 52 52 52 52 50 50 50 42 41 34 34 33 2 2 2 2 2 2 2 2 2 2 2 2 2 2 2 2 2 0 
60 51 51 51 51 51 51 51 51 51 51 51 51 51 51 51 51 51 51 51 51 51 51 51 50 50 50 50 46 35 33 32 20 18 18 13 2 2 2 2 2 2 2 2 2 2 2 2 2 1 
66 50 50 50 50 50 50 50 50 50 50 50 50 50 50 50 50 50 50 50 50 50 50 50 50 47 40 37 34 30 21 19 18 10 1 1 1 1 1 1 1 1 1 1 1 1 1 1 1 1 
65 51 51 51 51 51 51 51 51 51 51 51 51 51 51 51 51 51 51 51 51 51 51 51 51 51 51 51 51 51 50 29 13 2 2 2 2 2 1 1 1 1 1 1 1 1 1 1 0 0 
66 50 50 50 50 50 50 50 50 50 50 50 50 50 50 50 50 50 50 50 50 50 50 50 50 50 50 50 50 50 50 50 48 42 36 31 31 22 19 15 6 4 0 0 0 0 0 0 0 0 
65 50 50 50 50 50 50 50 50 50 50 50 50 50 50 50 50 50 50 50 50 50 50 50 50 50 50 50 50 50 50 50 50 50 34 27 25 24 20 1 1 1 1 1 1 1 1 1 1 1 
63 51 51 51 51 51 51 51 51 51 51 51 51 51 51 51 51 51 51 51 51 51 51 51 51 50 50 32 30 28 10 3 3 3 3 3 3 3 3 3 3 3 3 3 2 2 2 2 2 1 
64 50 50 50 50 50 50 50 50 50 50 50 50 50 50 50 50 50 50 50 50 50 26 26 23 20 12 8 7 0 0 0 0 0 0 0 0 0 0 0 0 0 0 0 0 0 0 0 0 0 
55 50 50 50 50 50 50 50 50 50 50 50 50 50 50 50 50 50 50 50 50 50 50 50 50 50 50 50 50 50 50 46 1 1 1 1 1 1 1 1 1 1 1 1 1 1 1 1 0 0 
70 51 51 51 51 51 51 51 51 51 51 51 51 51 51 51 51 51 51 51 51 51 51 51 51 51 50 50 50 45 30 28 26 25 4 4 4 4 4 4 4 4 4 4 3 3 3 3 1 1 
69 52 52 52 52 52 52 52 52 52 52 52 52 52 52 52 52 52 52 52 52 52 52 52 52 52 52 52 50 43 22 21 20 19 17 4 4 4 4 4 4 4 4 4 4 4 4 2 2 2 
66 52 52 52 52 52 52 52 52 52 52 52 52 52 52 52 52 52 52 52 52 52 52 52 52 52 52 52 52 52 52 52 52 52 52 52 42 41 33 19 3 3 3 3 3 3 3 3 2 1 
68 51 51 51 51 51 51 51 51 51 51 51 51 51 51 51 51 51 51 51 51 51 51 51 51 51 51 51 51 51 51 51 50 48 38 34 31 2 1 1 1 1 1 1 1 1 1 1 1 0 
59 51 51 51 51 51 51 51 51 51 51 51 51 51 51 51 51 51 51 51 51 51 51 51 51 51 51 51 51 51 51 50 45 43 27 26 1 1 1 1 1 1 1 1 1 1 1 1 0 0 
69 50 50 50 50 50 50 50 50 50 50 50 50 50 50 50 50 50 50 50 50 50 50 50 50 50 50 50 50 50 50 50 50 50 50 50 50 43 1 1 1 1 1 1 1 1 1 0 0 0 
59 50 50 50 50 50 50 50 50 50 50 50 50 50 50 50 50 50 50 50 50 50 50 50 50 47 41 40 34 32 31 30 30 29 24 21 2 2 2 2 2 2 2 2 0 0 0 0 0 0 
70 51 51 51 51 51 51 51 51 51 51 51 51 51 51 51 51 51 51 51 51 51 51 51 51 51 51 51 51 51 50 46 30 30 26 26 25 7 1 1 1 1 1 1 1 1 1 1 1 1 
63 51 51 51 51 51 51 51 51 51 51 51 51 51 51 51 51 51 51 51 51 51 51 51 51 51 51 50 50 49 49 48 45 23 22 5 2 2 2 2 2 2 2 1 1 1 1 1 1 1 
63 51 51 51 51 51 51 51 51 51 51 51 51 51 51 51 51 51 51 51 51 51 51 51 51 51 51 50 50 50 50 49 40 3 3 3 3 3 3 3 3 3 3 3 3 3 3 2 2 2 
63 50 50 50 50 50 50 50 50 50 50 50 50 50 50 50 50 50 50 50 50 50 50 50 50 50 50 50 50 50 50 50 50 48 45 28 2 2 2 2 2 2 2 2 2 2 2 2 0 0 
62 50 50 50 50 50 50 50 50 50 50 50 50 50 50 50 50 50 50 50 50 50 50 50 50 50 50 50 50 49 31 17 16 8 2 2 2 2 2 2 2 2 2 2 2 2 2 0 0 0 
64 50 50 50 50 50 50 50 50 50 50 50 50 50 50 50 50 50 50 50 50 50 50 50 50 27 8 4 1 1 1 1 1 1 1 1 1 1 1 1 1 1 1 1 1 1 1 0 0 0 
61 51 51 51 51 51 51 51 51 51 51 51 51 51 51 51 51 51 51 51 51 51 51 51 50 50 50 48 23 13 9 3 3 3 3 3 3 3 3 3 3 3 3 3 3 3 2 1 1 1 
61 51 51 51 51 51 51 51 51 51 51 51 51 51 51 51 51 51 51 51 51 51 50 50 50 48 47 34 32 32 23 21 13 6 6 3 3 3 3 3 3 3 3 3 2 2 2 2 1 1 
63 51 51 51 51 51 51 51 51 51 51 51 51 51 51 51 51 51 51 51 51 51 51 51 51 51 51 51 50 50 50 47 39 32 31 29 19 13 11 11 10 1 1 1 1 1 1 1 1 0 
61 51 51 51 51 51 51 51 51 51 51 51 51 51 51 51 51 51 51 51 51 51 51 51 51 51 51 51 51 51 51 50 50 50 50 50 50 47 37 36 33 24 13 5 1 1 1 1 1 1 
66 50 50 50 50 50 50 50 50 50 50 50 50 50 50 50 50 50 50 50 50 50 50 50 50 50 50 50 50 50 50 50 50 50 50 50 50 50 50 44 40 34 33 16 14 1 1 1 0 0 
58 50 50 50 50 50 50 50 50 50 50 50 50 50 50 50 50 50 50 50 50 50 50 50 50 50 50 50 50 50 50 50 50 50 50 50 46 10 3 3 3 3 3 3 3 3 3 3 3 3 
63 51 51 51 51 51 51 51 51 51 51 51 51 51 51 51 51 51 51 51 51 51 51 51 51 51 51 51 51 51 51 51 50 50 34 31 31 22 12 3 1 1 1 1 1 1 1 0 0 0 
60 51 51 51 51 51 51 51 51 51 51 51 51 51 51 51 51 51 51 51 51 51 51 51 51 51 51 51 39 36 29 25 16 2 2 2 2 2 2 2 2 2 2 2 2 2 1 1 1 1 
62 50 50 50 50 50 50 50 50 50 50 50 50 50 50 50 50 50 50 50 50 50 50 50 50 50 50 50 50 50 50 35 29 6 1 1 1 1 1 1 1 1 1 1 1 1 1 1 0 0 
65 51 51 51 51 51 51 51 51 51 51 51 51 51 51 51 51 51 51 51 51 51 51 50 50 50 50 50 50 50 50 39 33 30 26 24 2 2 2 2 2 1 1 1 1 1 1 1 1 1 
69 50 50 50 50 50 50 50 50 50 50 50 50 50 50 50 50 50 50 50 50 50 50 50 50 50 50 50 50 45 41 36 34 21 1 1 1 1 1 1 1 1 1 1 1 1 1 0 0 0 
62 51 51 51 51 51 51 51 51 51 51 51 51 51 51 51 51 51 51 51 51 51 51 51 51 51 51 51 51 50 50 50 50 39 22 3 3 3 3 3 3 3 3 2 2 2 1 1 1 1 
64 52 52 52 52 52 52 52 52 52 52 52 52 52 52 52 52 52 52 52 52 52 52 52 50 50 50 46 31 26 20 7 3 3 3 3 3 3 3 3 3 3 3 3 3 3 2 2 1 1 
65 50 50 50 50 50 50 50 50 50 50 50 50 50 50 50 50 50 50 50 50 50 50 50 50 50 50 46 46 38 35 21 20 15 12 10 0 0 0 0 0 0 0 0 0 0 0 0 0 0 
68 52 52 52 52 52 52 52 52 52 52 52 52 52 52 52 52 52 52 52 52 52 52 52 52 52 52 52 52 51 51 49 47 41 20 4 3 3 2 2 2 2 2 2 2 2 2 2 2 0 
65 50 50 50 50 50 50 50 50 50 50 50 50 50 50 50 50 50 50 50 50 50 50 50 50 50 50 50 47 33 19 18 15 12 12 8 0 0 0 0 0 0 0 0 0 0 0 0 0 0 
66 52 52 52 52 52 52 52 52 52 52 52 52 52 52 52 52 52 52 52 52 52 52 52 52 52 52 52 52 52 52 52 52 52 50 50 39 22 22 20 14 12 3 3 3 3 3 3 3 3 
