% Invoked: ./gella -d -r 3 -l biased_r3/run24 >& biased_r3/run24.log
% Ministry of Cellular Automata
% Project Deux (CS523 Spring 2015)
% Version:v0.1-70-g0624-dirty
%  pop:50
%  ic count:100
%  CA Log option:biased_r3/run24
%  width:121
%  max workers:4
%  radius:3
%  iterations:300
%  use bias:true
%  generations:50

 generation 0.2.2.2.2.0.4.2.2.2.0.2.50.2.19.0.2.2.2.0.50.2.0.2.2.50.2.2.50.2.2.2.50.2.2.2.2.50.2.2.0.50.52.50.0.50.50.2.0.2.2.xover.mutate.done 50
 generation 1.50.50.50.50.50.50.50.50.50.50.50.0.0.50.0.0.0.50.50.0.0.50.50.50.0.0.0.0.0.0.0.50.0.50.0.50.50.0.50.0.0.50.0.0.33.0.21.0.50.0.xover.mutate.done 50
 generation 2.50.50.50.50.50.50.50.50.50.50.50.50.2.0.50.50.50.2.2.2.2.50.8.0.50.50.0.2.50.0.2.31.50.2.50.2.50.0.2.50.11.2.50.2.2.2.50.50.2.2.xover.mutate.done 50
 generation 3.51.50.50.50.50.50.50.50.50.50.50.50.50.50.50.2.50.50.50.1.50.50.1.50.50.50.51.50.1.50.50.50.1.2.51.3.2.50.50.2.51.50.50.50.8.50.50.51.50.50.xover.mutate.done 50
 generation 4.50.50.50.50.50.50.50.50.50.50.50.47.3.3.50.3.0.0.50.3.50.50.3.3.3.3.50.3.3.3.3.50.50.3.3.50.50.3.50.3.50.3.50.50.44.50.50.47.50.50.xover.mutate.done 50
 generation 5.50.50.50.50.50.50.50.50.50.50.0.50.50.50.50.50.50.50.50.50.50.50.0.0.44.50.50.50.50.50.6.50.9.50.50.50.50.50.50.50.6.1.0.50.50.10.0.12.50.50.xover.mutate.done 50
 generation 6.50.50.50.50.50.50.50.50.50.50.51.51.1.50.50.50.1.50.1.1.1.50.50.50.19.50.3.1.50.1.50.1.50.50.50.50.1.1.0.1.1.50.50.50.1.50.18.1.5.50.xover.mutate.done 50
 generation 7.52.52.51.51.51.51.51.50.50.50.50.51.19.50.1.50.50.52.51.2.50.7.52.3.50.51.2.46.50.15.10.50.3.2.51.3.2.2.50.50.51.48.3.1.50.3.12.50.36.7.xover.mutate.done 50
 generation 8.51.51.51.51.51.51.51.51.51.51.1.1.51.51.51.1.1.1.50.1.10.51.16.1.2.50.1.1.51.1.1.1.10.50.51.51.51.50.1.51.2.1.50.1.2.51.51.1.2.1.xover.mutate.done 50
 generation 9.50.50.50.50.52.52.52.52.52.52.9.20.2.2.2.50.50.52.52.24.50.23.2.50.2.52.0.39.52.2.2.50.0.50.2.52.4.52.52.2.50.52.2.2.38.9.28.2.2.2.xover.mutate.done 50
 generation 10.51.51.51.51.51.51.51.51.51.51.51.3.3.52.51.52.44.52.1.3.49.7.18.35.3.52.51.3.52.71.3.52.50.51.52.51.3.51.6.3.51.51.51.51.36.3.3.19.10.51.xover.mutate.done 50
 generation 11.71.51.51.51.51.51.51.51.50.50.51.1.54.1.50.11.50.50.1.51.51.50.17.1.50.50.49.50.50.9.1.50.16.1.51.11.1.1.51.50.15.50.50.50.50.23.37.51.50.48.xover.mutate.done 50
 generation 12.66.45.50.50.50.50.50.50.50.50.0.0.0.50.50.5.5.25.0.50.6.50.28.50.51.0.50.50.21.0.7.50.0.50.50.59.0.0.38.50.0.0.45.14.0.34.0.50.47.5.xover.mutate.done 50
 generation 13.68.57.53.51.51.51.51.51.51.51.14.3.51.52.51.3.51.50.9.3.3.50.8.2.51.3.28.51.3.51.3.3.52.50.29.3.51.52.3.3.3.2.52.1.25.37.17.51.45.3.xover.mutate.done 50
 generation 14.70.59.53.51.51.51.51.51.51.51.10.50.1.1.51.8.2.9.51.2.36.2.51.56.51.2.2.51.27.38.9.2.11.15.51.50.42.2.2.29.51.8.12.2.50.2.51.51.3.11.xover.mutate.done 50
 generation 15.69.54.54.55.50.50.50.50.50.50.58.20.50.0.50.28.23.0.32.5.0.0.50.4.9.0.0.5.0.0.10.50.0.57.6.50.50.50.50.50.34.0.50.22.12.0.50.15.8.5.xover.mutate.done 50
 generation 16.74.61.57.56.60.55.50.50.50.50.50.15.1.1.14.50.8.19.46.47.13.34.11.0.10.1.16.51.0.1.0.19.1.0.1.1.1.85.10.14.1.31.1.8.51.0.1.8.29.21.xover.mutate.done 50
 generation 17.79.70.57.58.56.55.56.51.51.53.53.51.4.14.8.10.13.9.11.53.9.3.3.51.45.49.29.3.53.15.14.4.4.25.51.53.51.12.4.4.4.11.4.13.4.27.49.33.52.4.xover.mutate.done 50
 generation 18.83.71.58.58.56.54.53.50.50.50.50.50.1.1.0.50.5.11.1.5.22.5.10.0.0.19.5.0.8.1.18.34.1.48.6.8.1.43.1.50.1.6.1.50.0.50.1.1.10.1.xover.mutate.done 50
 generation 19.82.65.54.52.52.57.50.53.53.53.3.53.3.3.12.3.12.50.9.0.3.19.13.53.53.6.39.18.3.3.23.11.3.29.3.14.50.53.20.7.15.15.3.53.53.53.3.12.47.37.xover.mutate.done 50
 generation 20.82.67.54.55.51.51.51.51.51.54.59.51.33.7.1.10.9.18.9.14.1.19.5.10.1.1.14.1.1.22.6.6.1.1.35.50.5.51.51.1.1.1.1.43.54.1.50.15.4.46.xover.mutate.done 50
 generation 21.83.69.62.53.54.53.48.50.50.50.0.0.50.50.50.32.27.16.0.0.50.8.27.0.21.7.50.7.3.0.50.32.8.0.3.3.39.3.4.4.15.8.50.5.50.3.8.50.50.17.xover.mutate.done 50
 generation 22.80.80.65.55.58.57.50.50.50.50.31.10.85.1.57.1.1.14.50.8.1.50.15.14.7.14.1.39.1.1.31.0.47.12.12.60.48.8.1.11.58.0.0.0.32.50.17.8.36.44.xover.mutate.done 50
 generation 23.80.80.72.62.59.57.57.53.54.58.55.51.51.49.15.58.1.12.51.43.51.1.5.1.1.49.51.1.61.49.16.21.49.1.17.9.11.1.72.50.11.13.47.8.47.1.51.19.1.8.xover.mutate.done 50
 generation 24.83.81.73.72.59.60.57.55.64.55.6.51.50.46.48.2.45.14.50.33.2.12.32.46.2.51.50.51.1.51.2.7.10.51.17.19.6.6.2.51.38.51.2.45.21.2.51.47.2.57.xover.mutate.done 50
 generation 25.84.83.71.76.60.65.67.60.58.55.50.50.1.26.51.1.1.39.2.25.14.27.12.42.1.54.55.50.1.1.50.11.31.12.50.14.1.7.1.48.11.1.10.50.67.44.15.50.1.39.xover.mutate.done 50
 generation 26.77.82.70.68.63.65.58.55.55.55.12.1.7.65.51.12.19.65.1.1.25.4.39.4.1.4.32.1.0.50.46.38.50.27.1.31.37.1.7.30.51.65.53.25.21.1.1.1.11.30.xover.mutate.done 50
 generation 27.85.88.75.74.68.68.68.68.61.72.6.48.21.11.60.44.11.38.13.10.74.2.47.2.22.31.2.16.11.24.28.27.52.2.13.17.58.52.21.67.2.19.52.58.22.2.23.24.68.16.xover.mutate.done 50
 generation 28.80.83.70.68.69.57.66.66.66.66.63.20.2.22.71.2.18.30.26.36.6.6.19.2.16.22.39.51.42.50.10.11.50.54.4.22.14.27.50.11.19.17.17.47.54.2.29.66.66.22.xover.mutate.done 50
 generation 29.85.87.73.78.78.77.75.75.75.75.6.87.12.49.1.51.74.49.56.46.21.67.11.65.75.13.69.1.72.5.47.67.15.12.48.1.64.16.51.10.51.1.15.1.65.1.16.33.27.67.xover.mutate.done 50
 generation 30.84.82.86.73.69.73.69.69.69.69.56.44.13.31.69.73.1.59.65.15.16.69.1.1.20.4.48.50.1.39.54.25.8.17.66.13.7.58.1.13.1.1.39.50.51.23.1.48.40.41.xover.mutate.done 50
 generation 31.77.81.81.72.70.68.78.62.62.62.43.12.87.13.48.19.59.50.20.11.50.42.15.11.26.12.47.35.56.3.63.3.51.3.3.16.27.3.20.3.48.15.36.50.12.71.39.35.50.44.xover.mutate.done 50
 generation 32.86.78.75.70.84.73.70.75.71.60.11.1.69.28.28.14.43.4.4.9.44.50.12.44.49.51.1.59.50.51.51.6.25.57.57.5.20.57.13.6.1.51.36.10.9.1.26.61.50.67.xover.mutate.done 50
 generation 33.78.83.79.80.75.76.70.68.66.67.65.2.2.51.70.2.52.4.16.50.2.44.30.72.5.32.49.51.2.48.31.50.2.55.36.12.17.51.46.5.57.43.44.39.55.50.2.43.2.3.xover.mutate.done 50
 generation 34.81.72.90.84.66.68.80.67.67.66.0.1.38.41.49.37.1.1.7.1.8.1.17.1.17.1.1.57.9.53.42.1.75.42.1.77.1.39.55.51.1.4.25.1.1.18.1.50.16.1.xover.mutate.done 50
 generation 35.84.84.84.72.71.65.81.73.68.68.45.39.3.34.3.87.16.3.7.11.48.3.1.30.3.13.3.13.14.72.1.3.71.22.56.51.3.76.7.24.66.48.3.66.9.76.46.49.51.81.xover.mutate.done 50
 generation 36.86.78.80.84.86.81.77.73.75.72.1.51.1.71.22.51.7.1.70.1.4.50.50.34.64.4.53.46.59.4.29.25.16.71.66.37.1.9.50.15.14.11.1.4.4.25.2.46.5.10.xover.mutate.done 50
 generation 37.83.79.77.82.77.86.84.70.80.77.13.0.39.24.43.0.14.10.50.0.69.7.55.41.10.74.0.54.12.23.50.17.59.20.34.54.47.50.56.72.0.34.0.12.7.78.0.58.0.77.xover.mutate.done 50
 generation 38.90.79.78.79.79.80.74.82.87.80.3.48.3.32.44.69.13.66.13.80.3.62.66.53.3.3.15.54.50.46.0.47.45.72.49.7.80.62.78.3.13.73.3.62.10.3.16.69.3.48.xover.mutate.done 50
 generation 39.80.80.81.74.79.77.79.84.79.82.42.2.63.24.19.46.50.50.48.6.15.8.51.9.2.6.51.50.72.15.62.5.72.47.19.34.55.68.2.58.2.18.57.2.54.2.49.2.57.6.xover.mutate.done 50
 generation 40.76.76.75.78.79.72.72.79.77.76.24.53.67.14.51.50.21.70.9.20.47.20.50.46.9.30.50.1.1.35.18.5.13.51.49.49.81.51.50.53.50.60.12.12.51.10.54.40.50.81.xover.mutate.done 50
 generation 41.84.84.82.87.90.87.77.82.84.84.0.55.49.64.41.0.49.3.0.58.54.71.49.5.50.56.68.0.3.50.48.48.59.0.50.50.18.0.39.5.5.3.50.47.6.59.50.0.50.74.xover.mutate.done 50
 generation 42.83.82.81.77.77.80.82.79.82.82.3.54.37.51.31.5.3.3.53.5.29.70.52.50.12.2.10.73.52.15.32.43.28.51.77.63.57.2.35.5.33.2.38.50.11.2.3.8.48.23.xover.mutate.done 50
 generation 43.82.76.81.83.83.80.76.76.88.88.40.1.39.4.0.0.40.0.5.0.0.67.50.20.62.44.22.50.78.0.72.6.9.54.32.2.47.41.55.50.50.28.41.61.78.46.12.50.7.6.xover.mutate.done 50
 generation 44.74.74.75.83.83.76.79.78.73.79.1.12.50.26.28.50.12.1.64.24.1.1.0.33.8.46.70.25.17.16.45.0.64.50.45.29.57.9.62.53.9.15.36.18.9.9.9.1.48.27.xover.mutate.done 50
 generation 45.78.81.81.77.74.78.79.85.85.72.4.8.0.4.14.8.44.50.36.72.4.36.49.50.50.38.0.60.49.5.49.15.46.50.4.16.38.7.39.0.27.55.15.0.21.35.52.0.33.7.xover.mutate.done 50
 generation 46.79.79.76.77.73.74.71.72.65.69.3.44.80.14.19.3.3.11.35.65.50.3.53.53.40.3.3.7.27.20.3.41.60.50.48.3.33.3.3.19.37.53.3.24.26.9.18.59.38.17.xover.mutate.done 50
 generation 47.79.78.78.86.80.75.78.83.77.67.53.36.5.40.53.83.53.53.7.43.36.63.51.7.20.5.13.5.9.46.50.5.56.42.11.53.52.55.2.52.12.42.47.29.53.64.56.59.7.54.xover.mutate.done 50
 generation 48.85.81.94.88.84.90.90.76.85.85.2.63.19.41.50.46.39.2.4.6.14.0.10.13.80.7.7.44.7.57.71.50.46.37.50.39.2.2.7.70.11.64.25.2.9.50.50.2.68.66.xover.mutate.done 50
 generation 49.83.83.83.82.80.86.79.78.77.81.2.2.2.33.18.2.50.50.50.47.64.2.46.50.5.2.26.47.77.50.46.55.33.58.47.20.81.5.2.50.50.29.80.73.2.53.56.47.56.13.xover.mutate.done 50
 36164299 iters     724264 iter/sec (49.93 s)
 total time: 49.93
