0.6328125 0.8046875 0.9453125 0.9609375 0.34375 0.765625 0.46875 0.25 0.328125 1.0 
0.765625 0.9453125 1.0 0.0 0.0546875 0.0625 0.890625 0.0859375 0.015625 0.8828125 
0.765625 0.9453125 1.0 0.0 0.0546875 0.0625 0.890625 0.0859375 0.015625 0.8828125 
0.765625 0.7890625 0.78125 0.828125 0.9453125 1.0 0.0 0.0546875 0.0625 0.890625 
0.765625 0.7890625 0.78125 0.828125 0.6328125 0.828125 0.671875 0.8984375 0.7421875 0.9453125 
0.765625 0.7890625 0.78125 0.828125 0.6328125 0.828125 0.671875 0.8984375 0.7421875 0.65625 
0.765625 0.7890625 0.78125 0.828125 0.6328125 0.828125 0.671875 0.8984375 0.7421875 0.65625 
0.765625 0.7890625 0.78125 0.828125 0.6328125 0.828125 0.671875 0.8984375 0.7421875 0.65625 
0.765625 0.7890625 0.78125 0.828125 0.6328125 0.828125 0.671875 0.8984375 0.7421875 0.65625 
0.765625 0.7890625 0.78125 0.828125 0.6328125 0.828125 0.671875 0.8984375 0.7421875 0.65625 
0.765625 0.7890625 0.78125 0.828125 0.6328125 0.828125 0.671875 0.8984375 0.7421875 0.65625 
0.765625 0.7890625 0.78125 0.828125 0.6328125 0.828125 0.671875 0.8984375 0.7421875 0.65625 
0.765625 0.7890625 0.78125 0.828125 0.6328125 0.828125 0.671875 0.8984375 0.7421875 0.65625 
0.765625 0.7890625 0.78125 0.828125 0.6328125 0.828125 0.671875 0.8984375 0.7421875 0.65625 
0.765625 0.7890625 0.78125 0.828125 0.6328125 0.828125 0.671875 0.8984375 0.7421875 0.65625 
0.765625 0.7890625 0.78125 0.828125 0.6328125 0.828125 0.671875 0.8984375 0.7421875 0.65625 
0.765625 0.7890625 0.78125 0.828125 0.6328125 0.828125 0.671875 0.8984375 0.7421875 0.65625 
0.765625 0.7890625 0.78125 0.828125 0.6328125 0.828125 0.671875 0.8984375 0.7421875 0.65625 
0.765625 0.7890625 0.78125 0.828125 0.6328125 0.828125 0.671875 0.8984375 0.7421875 0.65625 
0.765625 0.7890625 0.78125 0.828125 0.6328125 0.828125 0.671875 0.8984375 0.7421875 0.65625 
0.765625 0.7890625 0.78125 0.828125 0.6328125 0.828125 0.671875 0.8984375 0.7421875 0.65625 
0.765625 0.7890625 0.78125 0.828125 0.6328125 0.828125 0.671875 0.8984375 0.7421875 0.65625 
0.765625 0.7890625 0.78125 0.828125 0.6328125 0.828125 0.671875 0.8984375 0.7421875 0.65625 
0.765625 0.7890625 0.78125 0.828125 0.6328125 0.828125 0.671875 0.8984375 0.7421875 0.65625 
0.765625 0.7890625 0.78125 0.828125 0.6328125 0.828125 0.671875 0.8984375 0.7421875 0.65625 
0.765625 0.7890625 0.78125 0.828125 0.6328125 0.828125 0.671875 0.8984375 0.7421875 0.65625 
0.765625 0.7890625 0.78125 0.828125 0.6328125 0.828125 0.671875 0.8984375 0.7421875 0.65625 
0.765625 0.7890625 0.78125 0.828125 0.6328125 0.828125 0.671875 0.8984375 0.7421875 0.65625 
0.765625 0.7890625 0.78125 0.828125 0.6328125 0.828125 0.671875 0.8984375 0.7421875 0.65625 
0.765625 0.7890625 0.78125 0.828125 0.6328125 0.828125 0.671875 0.8984375 0.7421875 0.65625 
0.765625 0.7890625 0.78125 0.828125 0.6328125 0.828125 0.671875 0.8984375 0.7421875 0.65625 
0.765625 0.7890625 0.78125 0.828125 0.6328125 0.828125 0.671875 0.8984375 0.7421875 0.65625 
0.765625 0.7890625 0.78125 0.828125 0.6328125 0.828125 0.671875 0.8984375 0.7421875 0.65625 
0.765625 0.7890625 0.78125 0.828125 0.6328125 0.828125 0.671875 0.8984375 0.7421875 0.65625 
0.5546875 0.765625 0.7890625 0.78125 0.828125 0.6328125 0.828125 0.671875 0.8984375 0.7421875 
0.5546875 0.765625 0.7890625 0.78125 0.828125 0.6328125 0.828125 0.671875 0.8984375 0.7421875 
0.53125 0.546875 0.546875 0.5546875 0.765625 0.7890625 0.78125 0.828125 0.6328125 0.828125 
0.53125 0.5390625 0.546875 0.546875 0.5546875 0.5234375 0.765625 0.7890625 0.78125 0.828125 
0.53125 0.5390625 0.546875 0.546875 0.5234375 0.5234375 0.5546875 0.765625 0.7890625 0.78125 
0.53125 0.546875 0.546875 0.5390625 0.5234375 0.5546875 0.5234375 0.765625 0.7890625 0.78125 
0.5234375 0.53125 0.515625 0.546875 0.546875 0.5546875 0.5390625 0.5234375 0.5234375 0.515625 
0.5234375 0.53125 0.5078125 0.515625 0.4921875 0.546875 0.546875 0.546875 0.5078125 0.5234375 
0.5234375 0.53125 0.5234375 0.5078125 0.515625 0.4921875 0.546875 0.546875 0.546875 0.5234375 
0.515625 0.5234375 0.5234375 0.53125 0.5078125 0.515625 0.5 0.4921875 0.515625 0.5234375 
0.5234375 0.5234375 0.53125 0.5390625 0.53125 0.5390625 0.515625 0.5078125 0.5078125 0.5390625 
0.5390625 0.5234375 0.5234375 0.53125 0.5234375 0.5078125 0.53125 0.5390625 0.5078125 0.515625 
0.5546875 0.5703125 0.515625 0.5234375 0.5234375 0.5234375 0.5390625 0.53125 0.5078125 0.5390625 
0.5546875 0.5390625 0.5703125 0.5703125 0.515625 0.5078125 0.5390625 0.5 0.5234375 0.5234375 
0.5546875 0.5703125 0.5546875 0.53125 0.5703125 0.5390625 0.5546875 0.5703125 0.5703125 0.5546875 
0.53125 0.5546875 0.5546875 0.5703125 0.5546875 0.5546875 0.5703125 0.5703125 0.5703125 0.5703125 
