0.7734375 0.1953125 0.6640625 0.4921875 0.6796875 0.3984375 0.8828125 0.734375 0.9453125 0.03125 
0.1796875 0.8828125 0.734375 0.9453125 0.03125 0.90625 0.8828125 0.859375 0.046875 0.078125 
0.1796875 0.2265625 0.8828125 0.9453125 0.859375 0.9453125 0.6640625 0.953125 0.734375 0.03125 
0.1796875 0.2265625 0.421875 0.1484375 0.0625 0.28125 0.21875 0.8828125 0.9453125 0.859375 
0.1796875 0.2265625 0.421875 0.1484375 0.0625 0.28125 0.21875 0.4140625 0.046875 0.3125 
0.875 0.515625 0.8984375 0.78125 0.78125 0.8515625 0.828125 0.5546875 0.90625 0.65625 
0.359375 0.25 0.3203125 0.078125 0.1953125 0.3125 0.3203125 0.875 0.515625 0.8984375 
0.359375 0.25 0.3203125 0.078125 0.1953125 0.3125 0.3203125 0.875 0.515625 0.8984375 
0.359375 0.25 0.3203125 0.078125 0.1953125 0.3125 0.3203125 0.875 0.515625 0.8984375 
0.359375 0.25 0.3203125 0.078125 0.1953125 0.3125 0.3203125 0.875 0.515625 0.8984375 
0.359375 0.25 0.3203125 0.078125 0.1953125 0.3125 0.3203125 0.875 0.515625 0.8984375 
0.875 0.515625 0.8984375 0.8515625 0.734375 0.7109375 0.7578125 0.8515625 0.71875 0.7265625 
0.390625 0.1875 0.203125 0.1875 0.328125 0.125 0.875 0.515625 0.8984375 0.8515625 
0.875 0.515625 0.8984375 0.8515625 0.8125 0.6171875 0.7109375 0.7265625 0.5546875 0.84375 
0.875 0.515625 0.8984375 0.8515625 0.8125 0.6171875 0.7109375 0.7265625 0.5546875 0.84375 
0.875 0.515625 0.8984375 0.8515625 0.8125 0.6171875 0.7109375 0.7265625 0.5546875 0.84375 
0.2109375 0.875 0.515625 0.8984375 0.8515625 0.8125 0.6171875 0.7109375 0.7265625 0.5546875 
0.2109375 0.875 0.515625 0.8984375 0.8515625 0.8125 0.6171875 0.7109375 0.7265625 0.5546875 
0.875 0.515625 0.8984375 0.8515625 0.8125 0.6171875 0.7109375 0.7265625 0.5546875 0.6484375 
0.875 0.515625 0.8984375 0.8515625 0.8125 0.6171875 0.7109375 0.7265625 0.5546875 0.6484375 
0.875 0.515625 0.8984375 0.8515625 0.8125 0.6171875 0.7109375 0.7265625 0.5546875 0.6484375 
0.875 0.515625 0.8984375 0.8515625 0.8125 0.6171875 0.7109375 0.7265625 0.5546875 0.6484375 
0.875 0.515625 0.8984375 0.8515625 0.8125 0.6171875 0.7109375 0.7265625 0.5546875 0.6484375 
0.875 0.515625 0.8984375 0.8515625 0.8125 0.6171875 0.7109375 0.7265625 0.5546875 0.6484375 
0.875 0.515625 0.8984375 0.8515625 0.8125 0.6171875 0.7109375 0.7265625 0.5546875 0.6484375 
0.875 0.515625 0.8984375 0.8515625 0.8125 0.6171875 0.7109375 0.7265625 0.5546875 0.6484375 
0.875 0.515625 0.8984375 0.8515625 0.8125 0.6171875 0.7109375 0.7265625 0.5546875 0.6484375 
0.875 0.515625 0.8984375 0.8515625 0.8125 0.6171875 0.7109375 0.7265625 0.5546875 0.6484375 
0.875 0.515625 0.8984375 0.8515625 0.8125 0.6171875 0.7109375 0.7265625 0.5546875 0.6484375 
0.875 0.515625 0.8984375 0.8515625 0.8125 0.6171875 0.7109375 0.7265625 0.5546875 0.6484375 
0.875 0.515625 0.8984375 0.8515625 0.8125 0.6171875 0.7109375 0.7265625 0.5546875 0.6484375 
0.875 0.515625 0.8984375 0.8515625 0.8125 0.6171875 0.7109375 0.7265625 0.5546875 0.6484375 
0.875 0.515625 0.8984375 0.8515625 0.8125 0.6171875 0.7109375 0.7265625 0.5546875 0.6484375 
0.875 0.515625 0.8984375 0.8515625 0.8125 0.6171875 0.7109375 0.7265625 0.5546875 0.6484375 
0.875 0.515625 0.8984375 0.8515625 0.8125 0.6171875 0.7109375 0.7265625 0.5546875 0.6484375 
0.875 0.515625 0.8984375 0.8515625 0.8125 0.6171875 0.7109375 0.7265625 0.5546875 0.6484375 
0.875 0.515625 0.8984375 0.8515625 0.8125 0.6171875 0.7109375 0.7265625 0.5546875 0.6484375 
0.875 0.515625 0.8984375 0.8515625 0.8125 0.6171875 0.7109375 0.7265625 0.5546875 0.6484375 
0.875 0.515625 0.8984375 0.8515625 0.8125 0.6171875 0.7109375 0.7265625 0.5546875 0.6484375 
0.875 0.515625 0.8984375 0.8515625 0.8125 0.6171875 0.7109375 0.7265625 0.5546875 0.6484375 
0.875 0.515625 0.8984375 0.8515625 0.8125 0.6171875 0.7109375 0.7265625 0.5546875 0.6484375 
0.875 0.515625 0.8984375 0.8515625 0.8125 0.6171875 0.7109375 0.7265625 0.5546875 0.6484375 
0.875 0.515625 0.8984375 0.8515625 0.8125 0.6171875 0.7109375 0.7265625 0.5546875 0.6484375 
0.875 0.515625 0.8984375 0.8515625 0.8125 0.6171875 0.7109375 0.7265625 0.5546875 0.6484375 
0.875 0.515625 0.8984375 0.8515625 0.8125 0.6171875 0.7109375 0.7265625 0.6484375 0.734375 
0.875 0.515625 0.8984375 0.8515625 0.8125 0.6171875 0.7109375 0.7265625 0.6484375 0.734375 
0.875 0.515625 0.8984375 0.8515625 0.8125 0.6171875 0.7109375 0.7265625 0.6484375 0.734375 
0.875 0.515625 0.8984375 0.8515625 0.8125 0.6171875 0.7109375 0.7265625 0.6484375 0.734375 
0.875 0.515625 0.8984375 0.8515625 0.8125 0.6171875 0.7109375 0.7265625 0.6484375 0.734375 
0.609375 0.875 0.515625 0.8984375 0.8515625 0.8125 0.6171875 0.7109375 0.7265625 0.6484375 
