51 50 50 50 50 50 50 50 50 50 50 50 1 1 1 1 1 1 1 1 1 1 1 1 1 1 1 1 1 1 1 1 1 1 1 1 1 0 0 0 0 0 0 0 0 0 0 0 0 0 
51 51 51 51 50 50 50 50 50 50 50 50 50 50 50 50 50 50 50 50 45 42 36 1 1 1 1 1 1 1 1 1 1 1 1 1 1 1 1 1 1 1 1 1 1 1 1 1 0 0 
53 53 53 53 53 53 53 53 53 53 50 50 50 50 50 50 50 50 50 50 50 50 50 50 50 47 36 14 4 4 4 4 4 4 4 4 4 4 4 4 4 3 3 3 3 1 1 1 1 1 
53 53 53 53 53 53 53 53 53 53 53 53 53 53 53 50 50 50 50 50 50 50 50 50 6 3 3 3 3 3 3 3 3 3 3 3 3 3 3 3 0 0 0 0 0 0 0 0 0 0 
50 50 50 50 50 50 50 50 50 50 50 50 50 50 50 50 50 50 50 50 1 1 1 1 1 1 1 1 1 1 1 1 1 1 1 1 1 1 1 1 1 0 0 0 0 0 0 0 0 0 
50 50 50 50 50 50 50 50 50 50 50 50 50 50 50 50 50 50 41 39 28 23 1 1 1 1 1 1 1 1 1 1 1 1 1 1 1 1 1 1 1 1 1 1 1 0 0 0 0 0 
51 51 51 51 51 51 51 51 51 51 51 51 51 51 51 51 51 50 50 50 50 43 43 17 15 15 10 10 8 2 2 2 2 2 2 2 2 2 2 2 2 2 2 2 2 2 1 1 1 1 
52 52 52 52 52 52 52 52 52 52 52 52 52 52 52 52 52 52 52 52 52 50 50 50 50 50 20 17 16 15 12 11 11 6 2 2 2 2 2 2 2 2 2 2 2 2 2 2 2 2 
50 50 50 50 50 50 50 50 50 50 50 50 50 50 50 50 50 50 50 50 50 50 50 50 19 16 15 13 9 6 4 3 2 2 2 2 2 2 2 2 2 2 2 2 2 2 2 0 0 0 
51 51 51 51 51 51 51 51 51 51 51 51 51 51 51 51 51 51 51 51 51 50 50 50 50 48 44 11 10 9 9 9 6 2 2 2 2 2 2 2 2 2 2 2 2 2 2 2 1 1 
51 51 51 51 51 51 51 51 51 51 51 51 51 51 51 51 51 51 51 51 51 51 51 51 51 51 50 23 20 18 12 2 2 2 2 2 2 2 2 2 2 2 2 2 1 1 1 1 1 1 
51 51 51 51 51 51 51 51 51 51 51 51 51 51 51 51 51 51 51 51 51 51 51 51 51 51 51 40 25 22 15 15 6 1 1 1 1 1 1 1 1 1 1 1 1 1 1 1 1 1 
51 51 51 51 51 51 51 51 51 51 51 51 51 51 51 51 51 51 51 51 51 51 51 51 51 51 51 42 14 13 2 2 2 2 2 2 2 2 2 2 2 2 2 2 2 1 1 1 1 1 
50 50 50 50 50 50 50 50 50 50 50 50 50 50 50 50 50 50 50 50 50 50 50 50 50 50 50 50 50 50 50 50 50 50 50 50 50 50 32 9 0 0 0 0 0 0 0 0 0 0 
52 52 52 52 52 52 52 52 52 52 52 52 52 52 52 52 52 52 52 52 52 52 52 52 52 52 52 52 52 52 50 50 50 49 41 41 3 3 3 3 3 3 3 3 3 3 2 2 1 1 
51 51 51 51 51 51 51 51 51 51 51 51 51 51 51 51 51 51 51 51 51 51 51 51 51 51 51 51 13 13 11 3 3 1 1 1 1 1 1 1 1 1 1 1 1 1 1 1 1 1 
51 51 51 51 51 51 51 51 51 51 51 51 51 51 51 51 51 51 51 51 51 51 51 51 50 50 31 22 21 14 13 11 7 7 6 2 2 2 2 1 1 1 1 1 1 1 1 1 0 0 
52 52 52 52 52 52 52 52 52 52 52 52 52 52 52 52 52 52 52 52 52 52 52 52 52 52 52 52 52 52 52 7 2 2 2 2 2 2 2 2 2 2 2 2 2 2 2 2 0 0 
50 50 50 50 50 50 50 50 50 50 50 50 50 50 50 50 50 50 50 50 50 50 50 49 47 43 34 15 14 7 6 6 5 1 1 1 1 1 1 1 1 1 1 1 0 0 0 0 0 0 
50 50 50 50 50 50 50 50 50 50 50 50 50 50 50 50 50 50 50 50 50 50 50 50 50 50 50 50 50 50 42 29 24 20 8 8 7 0 0 0 0 0 0 0 0 0 0 0 0 0 
51 51 51 51 51 51 51 51 51 51 51 51 51 51 51 51 51 51 51 51 51 51 51 51 51 50 44 43 39 29 19 17 8 2 2 2 2 2 2 2 2 2 2 2 2 2 1 1 1 1 
50 50 50 50 50 50 50 50 50 50 50 50 50 50 50 50 50 50 50 50 50 50 50 49 47 31 23 23 13 10 9 7 6 5 4 0 0 0 0 0 0 0 0 0 0 0 0 0 0 0 
50 50 50 50 50 50 50 50 50 50 50 50 50 50 50 50 50 50 50 50 50 50 50 50 49 44 28 25 18 13 11 10 8 8 8 5 2 2 2 2 1 1 1 1 1 1 1 1 1 1 
51 51 51 51 51 51 51 51 51 51 51 51 51 51 51 51 51 51 51 51 51 51 51 50 50 50 49 46 39 31 29 28 26 20 17 16 14 12 2 2 2 2 2 2 2 1 1 1 1 1 
51 51 51 51 51 51 51 51 51 51 51 51 51 51 51 51 51 51 51 51 51 51 51 51 51 24 20 19 11 2 2 2 2 2 2 2 2 2 2 2 2 2 2 2 2 2 2 1 1 1 
50 50 50 50 50 50 50 50 50 50 50 50 50 50 50 50 50 50 50 50 50 50 50 50 50 50 50 50 50 50 39 32 22 20 17 14 10 8 0 0 0 0 0 0 0 0 0 0 0 0 
50 50 50 50 50 50 50 50 50 50 50 50 50 50 50 50 50 50 50 50 50 50 50 50 50 50 50 50 50 49 25 24 22 9 1 1 1 1 1 1 1 1 1 1 1 1 1 1 0 0 
51 51 51 51 51 51 51 51 51 51 51 51 51 51 51 51 51 51 51 51 51 51 51 51 51 51 51 51 51 51 51 33 26 26 19 18 17 17 2 2 2 2 2 2 2 2 2 2 1 1 
50 50 50 50 50 50 50 50 50 50 50 50 50 50 50 50 50 50 50 50 50 50 50 50 50 50 50 50 50 50 50 50 50 49 16 15 3 0 0 0 0 0 0 0 0 0 0 0 0 0 
51 51 51 51 51 51 51 51 51 51 51 51 51 51 51 51 51 51 51 51 51 51 51 51 51 51 28 28 19 14 4 2 1 1 1 1 1 1 1 1 1 1 1 1 1 1 1 1 1 1 
50 50 50 50 50 50 50 50 50 50 50 50 50 50 50 50 50 50 50 50 50 50 50 50 50 49 45 37 24 21 14 10 8 0 0 0 0 0 0 0 0 0 0 0 0 0 0 0 0 0 
51 51 51 51 51 51 51 51 51 51 51 51 51 51 51 51 51 51 51 44 44 41 40 39 39 33 11 1 1 1 1 1 1 1 1 1 1 1 1 1 1 1 1 1 1 1 1 1 0 0 
52 52 52 52 52 52 52 52 52 52 52 52 52 52 52 52 52 52 52 52 52 52 52 52 50 50 19 13 12 8 2 2 2 2 2 2 2 2 2 2 2 2 2 2 2 2 2 2 2 0 
52 52 52 52 52 52 52 52 52 52 52 52 52 52 52 52 52 52 52 52 52 52 52 52 52 51 50 50 48 20 18 16 12 11 7 7 7 3 3 3 3 3 3 3 3 3 3 3 2 2 
51 51 51 51 51 51 51 51 51 51 51 51 51 51 51 51 51 51 51 51 50 46 37 30 24 20 16 11 10 9 3 2 2 2 2 2 2 2 2 2 2 2 2 2 2 2 2 2 1 1 
50 50 50 50 50 50 50 50 50 50 50 50 50 50 50 50 50 50 50 50 50 50 50 50 49 44 42 42 41 29 13 9 4 1 1 1 1 1 1 1 1 1 1 1 1 1 0 0 0 0 
51 51 51 51 51 51 51 51 51 51 51 51 51 51 51 51 51 51 51 51 51 51 51 51 50 50 50 50 44 39 26 21 14 9 8 5 1 1 1 1 1 1 1 1 1 1 1 1 1 0 
51 51 51 51 51 51 51 51 51 51 51 51 51 51 51 51 51 51 51 51 51 51 51 51 51 51 51 51 51 51 51 50 49 15 14 2 2 2 2 2 2 2 2 2 2 2 2 2 1 1 
51 51 51 51 51 51 51 51 51 51 51 51 51 51 51 51 51 51 51 51 51 51 51 50 50 43 43 31 23 19 15 14 14 1 1 1 1 1 1 1 1 1 1 1 1 1 1 1 1 1 
51 51 51 51 51 51 51 51 51 51 51 51 51 51 51 51 51 51 51 51 51 51 51 50 34 24 19 14 14 13 11 11 10 4 4 4 4 4 4 4 4 4 4 4 4 3 1 1 1 1 
51 51 51 51 51 51 51 51 51 51 51 51 51 51 51 51 51 51 51 51 51 51 51 47 43 38 33 14 7 5 1 1 1 1 1 1 1 1 1 1 1 1 1 1 1 1 1 1 1 1 
50 50 50 50 50 50 50 50 50 50 50 50 50 50 50 50 50 50 48 44 42 37 37 20 14 11 8 0 0 0 0 0 0 0 0 0 0 0 0 0 0 0 0 0 0 0 0 0 0 0 
52 52 52 52 52 52 52 52 52 52 52 52 52 52 52 52 52 52 52 52 50 50 43 42 25 21 6 5 5 5 5 5 5 5 5 5 5 5 5 5 5 5 5 5 5 5 5 5 2 2 
52 52 52 52 52 52 52 52 52 52 52 52 52 52 52 52 52 52 52 52 52 52 52 52 52 51 50 31 24 18 14 13 3 3 3 3 3 3 3 3 3 3 3 3 3 3 3 3 2 1 
51 51 51 51 51 51 51 51 51 51 51 51 51 51 51 51 51 51 51 51 51 51 51 51 31 18 6 5 1 1 1 1 1 1 1 1 1 1 1 1 1 1 1 1 1 1 1 1 1 1 
52 52 52 52 52 52 52 52 52 52 52 52 52 52 52 52 52 52 52 52 52 52 52 52 52 50 20 11 9 9 9 7 3 3 3 3 3 3 3 3 3 3 3 3 3 3 3 2 2 1 
51 51 51 51 51 51 51 51 51 51 51 51 51 51 51 51 51 51 51 51 51 51 51 51 51 51 51 51 51 51 51 50 41 27 9 8 8 5 2 2 2 2 2 2 2 2 2 2 2 1 
50 50 50 50 50 50 50 50 50 50 50 50 50 50 50 50 50 50 50 50 50 50 50 50 50 50 50 50 50 50 45 43 39 35 35 20 18 18 16 9 6 0 0 0 0 0 0 0 0 0 
51 51 51 51 51 51 51 51 51 51 51 51 51 51 51 51 51 51 51 51 51 51 51 51 51 51 51 51 50 46 44 12 12 10 5 3 1 1 1 1 1 1 1 1 1 1 1 1 1 0 
50 50 50 50 50 50 50 50 50 50 50 50 50 50 50 50 50 50 50 50 50 50 50 50 50 50 50 50 50 50 50 47 45 12 11 9 1 1 1 1 1 1 1 1 1 1 1 1 0 0 
