50 50 50 50 50 50 50 50 50 50 33 3 3 3 3 3 3 3 3 3 3 3 3 3 3 2 2 2 2 2 2 2 2 2 2 2 2 2 2 1 1 1 1 1 1 1 1 1 1 1 
50 50 50 50 50 50 50 50 50 50 50 50 50 50 50 50 50 50 39 39 21 11 4 3 1 0 0 0 0 0 0 0 0 0 0 0 0 0 0 0 0 0 0 0 0 0 0 0 0 0 
53 53 53 53 53 53 50 50 50 50 50 50 50 50 50 50 50 50 50 50 50 50 31 28 25 19 15 10 3 3 3 3 3 3 3 3 3 3 3 3 3 3 3 3 0 0 0 0 0 0 
51 51 51 51 51 51 51 51 50 50 50 50 50 50 50 50 50 50 50 50 50 47 47 36 18 17 6 4 3 3 1 1 1 1 1 1 1 1 1 1 1 1 1 1 1 0 0 0 0 0 
52 52 52 52 52 52 52 52 52 52 52 52 52 52 52 50 50 50 50 50 50 50 50 50 41 41 39 28 23 15 12 12 7 4 4 4 4 4 4 4 4 4 4 2 2 2 2 2 2 2 
50 50 50 50 50 50 50 50 50 50 50 50 50 50 50 50 50 50 50 50 50 47 37 36 35 33 29 28 23 14 12 9 1 0 0 0 0 0 0 0 0 0 0 0 0 0 0 0 0 0 
52 52 52 52 52 52 52 52 52 52 52 52 52 52 52 52 52 52 52 52 52 52 52 52 52 52 50 50 48 47 44 39 29 16 10 9 2 2 2 2 2 2 2 2 2 2 2 0 0 0 
51 51 51 51 51 51 51 51 51 51 51 51 51 51 51 51 51 51 51 51 51 50 50 50 49 40 37 11 11 11 10 4 2 2 2 2 2 2 2 2 2 2 2 2 2 1 1 1 1 1 
52 52 52 52 52 52 52 52 52 52 52 52 52 52 52 52 52 52 52 52 52 52 52 52 52 51 51 41 22 9 8 3 3 3 3 3 3 3 3 3 3 3 3 3 3 3 2 1 1 1 
50 50 50 50 50 50 50 50 50 50 50 50 50 50 50 50 50 50 50 50 50 50 50 50 50 50 50 11 9 9 4 1 1 1 1 1 1 1 1 1 1 1 1 1 1 0 0 0 0 0 
51 51 51 51 51 51 51 51 51 51 51 51 51 51 51 51 50 50 49 30 27 25 21 14 8 2 1 1 1 1 1 1 1 1 1 1 1 1 1 1 1 1 1 1 1 1 1 1 1 0 
50 50 50 50 50 50 50 50 50 50 50 50 50 50 50 50 50 50 50 50 48 42 20 15 8 8 8 1 1 1 1 1 1 1 1 1 1 1 1 1 1 1 1 1 1 1 1 1 1 1 
50 50 50 50 50 50 50 50 50 50 50 50 50 50 50 50 50 50 50 50 50 50 41 20 19 9 4 0 0 0 0 0 0 0 0 0 0 0 0 0 0 0 0 0 0 0 0 0 0 0 
52 52 52 52 52 52 52 52 52 52 52 52 52 52 52 52 52 52 52 52 52 39 35 33 33 28 22 21 16 9 4 4 4 4 4 4 4 4 4 4 4 4 4 4 4 4 4 4 4 2 
52 50 50 50 50 50 50 50 50 50 50 50 50 50 50 50 50 50 50 50 48 46 43 42 40 39 36 23 14 0 0 0 0 0 0 0 0 0 0 0 0 0 0 0 0 0 0 0 0 0 
60 58 50 50 50 50 50 50 50 50 50 50 50 50 50 50 50 50 50 50 50 50 50 50 50 50 50 49 41 18 12 12 6 0 0 0 0 0 0 0 0 0 0 0 0 0 0 0 0 0 
55 53 51 50 50 50 50 50 50 50 50 50 50 50 50 50 50 50 50 50 50 50 50 50 50 50 50 46 41 39 38 37 36 30 21 19 5 5 2 1 1 1 1 1 1 1 1 1 1 1 
58 56 55 50 50 50 50 50 50 50 50 50 50 50 50 50 50 50 50 50 50 50 50 50 50 50 50 50 50 50 41 33 22 22 13 9 6 6 5 0 0 0 0 0 0 0 0 0 0 0 
55 55 53 52 52 52 51 50 50 50 50 50 50 50 50 50 50 50 50 50 50 50 50 50 50 50 50 50 50 50 50 48 44 43 34 29 27 19 8 8 0 0 0 0 0 0 0 0 0 0 
58 57 57 57 57 57 57 57 57 56 55 55 54 51 51 51 51 51 51 51 51 51 51 51 51 51 51 51 51 51 51 50 50 50 49 48 28 21 16 7 1 1 1 1 1 1 1 1 1 0 
55 54 54 53 53 52 52 51 51 51 51 51 51 51 51 51 51 51 51 51 51 51 51 51 51 51 51 51 51 50 50 50 50 49 40 37 26 26 16 11 9 3 3 3 3 3 3 3 2 1 
57 57 55 55 55 54 54 54 54 54 54 54 54 54 54 54 53 51 51 51 51 51 50 50 50 50 46 45 38 30 27 22 22 16 15 9 8 7 7 6 4 4 2 2 2 1 1 1 1 0 
57 55 55 55 55 55 54 54 54 54 54 54 52 51 51 51 51 51 51 51 46 44 42 41 38 31 29 27 26 26 25 25 24 24 18 18 18 18 17 16 14 11 5 4 1 1 0 0 0 0 
59 59 59 58 57 57 56 56 56 56 56 55 55 54 52 51 51 51 51 50 50 50 50 50 50 50 50 50 46 44 43 43 40 34 31 31 30 27 22 21 19 17 16 11 7 6 1 1 1 1 
60 58 58 58 58 57 57 57 57 57 55 55 55 55 55 55 51 50 50 50 50 50 50 50 50 48 48 47 47 47 45 42 42 36 27 22 18 17 16 15 14 12 12 11 8 6 1 1 1 1 
61 60 60 59 59 59 59 59 59 58 58 58 58 55 52 52 52 50 50 50 49 48 48 48 48 47 46 41 40 38 28 18 18 13 13 12 12 11 11 10 10 10 10 9 4 4 2 2 2 2 
73 60 59 59 59 59 58 58 58 58 58 58 55 53 51 51 51 51 50 49 43 42 28 27 21 21 19 18 17 15 10 10 9 6 6 6 4 4 1 1 1 1 1 1 1 0 0 0 0 0 
85 70 60 59 59 59 59 59 59 58 58 58 58 58 53 53 47 46 46 46 40 40 38 28 25 25 24 24 18 16 13 11 10 9 9 9 8 7 7 7 7 7 7 4 4 4 4 1 1 1 
75 68 60 60 60 60 60 58 56 55 55 54 54 54 53 50 50 50 50 50 48 47 45 44 43 39 38 36 30 27 18 18 17 12 12 9 6 6 5 5 4 3 0 0 0 0 0 0 0 0 
80 73 63 61 61 59 59 59 59 58 57 57 54 51 51 51 50 48 46 46 45 45 43 40 39 37 34 32 32 26 25 22 18 17 16 13 9 8 8 7 6 2 2 2 2 2 2 1 1 1 
71 67 65 63 61 56 56 56 56 56 55 54 51 49 49 48 46 45 45 42 41 41 31 29 24 24 21 17 15 12 8 7 6 5 5 5 1 1 1 1 1 1 1 1 1 1 1 1 1 1 
82 71 69 69 63 62 60 60 58 58 58 58 57 55 55 53 53 51 51 50 40 38 37 36 32 32 31 30 25 25 25 25 22 16 11 9 6 6 6 6 5 1 1 1 1 1 1 1 1 0 
74 72 71 71 67 65 65 64 59 59 59 58 57 51 50 50 46 36 35 34 31 27 23 21 21 20 18 16 12 12 12 11 8 7 6 5 4 4 4 4 0 0 0 0 0 0 0 0 0 0 
78 69 68 66 65 65 64 63 63 62 57 55 54 50 49 49 48 47 47 45 45 40 37 34 29 28 26 26 25 23 18 15 12 12 9 7 7 6 6 4 4 4 1 1 1 1 1 1 1 1 
80 74 71 70 70 70 69 68 66 65 64 63 52 50 50 45 45 43 40 39 38 33 30 27 26 20 18 16 15 12 11 7 6 5 5 4 4 4 0 0 0 0 0 0 0 0 0 0 0 0 
81 77 69 67 67 67 66 66 65 65 58 57 57 55 55 52 50 46 45 43 43 42 40 40 39 38 37 35 32 28 26 26 25 18 9 9 9 8 7 6 4 3 3 3 3 3 3 2 1 1 
80 74 73 72 69 67 65 65 65 65 64 63 50 50 50 50 49 46 44 42 42 41 40 38 37 32 32 28 28 21 20 19 18 17 10 9 8 6 5 5 0 0 0 0 0 0 0 0 0 0 
83 73 72 71 67 67 67 67 67 67 66 52 52 49 48 46 46 45 45 43 40 40 40 39 37 35 35 29 28 27 24 19 19 18 16 15 12 11 11 9 7 6 5 4 4 4 4 4 4 2 
80 76 74 70 70 70 70 70 70 64 58 56 52 49 49 46 44 44 44 44 40 40 40 36 36 31 31 25 25 24 21 18 14 14 14 10 8 7 6 3 3 3 3 3 3 3 3 3 3 3 
72 71 68 66 65 65 62 62 62 62 62 62 62 57 50 50 50 50 49 48 45 45 43 42 36 36 25 22 21 21 19 19 19 18 17 16 16 16 15 14 14 14 11 8 7 6 1 1 1 1 
79 69 69 69 69 69 68 67 67 62 51 50 50 50 49 49 48 47 47 44 42 42 42 37 37 36 34 32 22 21 20 19 19 12 11 4 3 0 0 0 0 0 0 0 0 0 0 0 0 0 
70 69 67 64 64 64 64 63 63 62 57 56 55 53 51 50 50 50 49 49 48 48 47 46 46 45 44 44 43 43 39 38 37 35 29 24 14 12 9 5 5 5 0 0 0 0 0 0 0 0 
81 77 76 73 71 70 70 70 70 70 69 68 67 67 66 65 63 61 57 55 50 50 50 50 50 50 49 44 44 41 40 40 37 36 34 27 21 21 12 12 11 7 5 5 1 1 1 1 1 1 
79 75 74 73 72 72 71 71 71 71 71 71 71 67 67 67 64 61 59 56 53 52 52 50 48 47 42 42 39 31 30 26 26 23 17 13 13 13 12 9 8 8 8 6 6 3 3 3 1 1 
85 81 79 79 76 75 74 74 74 69 69 68 68 68 68 65 63 52 50 49 48 48 47 46 45 41 40 40 40 39 34 34 31 30 30 29 28 27 26 25 24 20 20 11 6 0 0 0 0 0 
80 77 76 75 74 73 73 73 70 70 70 70 62 60 54 51 50 46 45 44 44 42 42 40 33 32 27 27 26 22 22 21 12 12 10 8 7 7 5 5 5 1 1 1 1 1 1 1 1 1 
80 77 76 74 70 70 69 68 67 67 67 59 58 51 50 44 40 36 36 34 32 31 31 31 30 29 28 27 23 22 20 16 16 15 15 13 13 11 9 9 8 8 6 6 4 4 4 4 3 1 
91 85 85 85 84 82 82 81 79 79 78 76 61 60 60 57 57 51 51 50 50 49 47 46 44 43 43 40 40 40 36 34 32 30 25 16 15 14 13 12 10 10 9 9 5 3 3 3 2 1 
85 78 77 77 76 76 76 76 76 76 72 71 70 60 57 54 54 53 52 51 50 38 38 37 36 32 28 27 26 23 20 18 17 14 10 9 7 7 2 1 1 1 1 1 1 1 1 1 1 1 
88 84 82 82 82 82 82 80 80 79 77 76 67 66 63 61 51 50 48 48 46 44 42 40 40 38 36 32 31 28 27 26 25 24 15 7 6 6 6 6 6 6 2 2 2 2 2 2 2 2 
