51 51 50 50 50 50 50 50 50 50 50 35 27 16 2 2 2 2 2 2 2 2 1 1 1 1 1 1 1 1 1 1 1 1 1 1 1 1 1 1 1 1 1 1 1 1 1 1 1 1 
50 50 50 50 50 50 50 50 50 50 50 50 50 50 50 50 50 50 50 50 50 50 50 50 50 50 3 0 0 0 0 0 0 0 0 0 0 0 0 0 0 0 0 0 0 0 0 0 0 0 
51 51 51 51 51 51 51 50 50 50 50 50 50 50 50 50 50 50 50 50 50 50 50 50 50 50 50 50 50 50 50 13 8 1 1 1 1 1 1 1 1 1 0 0 0 0 0 0 0 0 
51 51 51 51 51 51 51 51 51 51 51 51 51 51 51 51 51 50 50 50 50 50 50 50 50 50 50 50 50 50 50 50 50 50 50 41 14 4 1 1 1 1 1 1 1 1 0 0 0 0 
50 50 50 50 50 50 50 50 50 50 50 50 50 50 50 50 50 50 50 50 50 50 50 50 50 50 50 50 50 50 50 50 50 50 50 50 50 19 8 1 1 1 1 1 1 1 1 1 0 0 
50 50 50 50 50 50 50 50 50 50 50 50 50 50 50 50 50 50 50 50 50 50 50 50 50 50 50 50 50 50 50 50 50 50 50 50 50 50 50 50 50 50 50 50 13 0 0 0 0 0 
51 51 51 51 51 51 51 51 51 51 51 51 51 51 51 51 51 51 51 51 51 51 51 51 51 51 51 51 50 50 50 50 50 50 49 49 49 44 42 36 13 11 2 2 2 2 2 1 1 1 
51 51 51 51 51 51 51 51 51 51 51 51 51 51 51 51 51 51 51 51 51 51 51 51 51 51 51 51 51 51 51 51 51 51 51 51 51 51 50 50 46 30 26 11 6 6 6 6 6 6 
51 51 51 51 51 51 51 51 51 51 51 51 51 51 51 51 51 51 51 51 51 51 51 51 51 51 51 51 51 51 51 51 51 51 51 51 51 51 51 51 51 36 1 1 1 1 1 1 1 1 
51 51 51 51 51 51 51 51 51 51 51 51 51 51 51 51 51 51 51 51 51 51 51 51 51 51 51 51 51 51 51 51 51 51 51 51 51 51 50 49 48 41 26 23 12 3 3 2 2 2 
51 51 51 51 51 51 51 51 51 51 51 51 51 51 51 51 51 51 51 51 51 51 51 51 51 51 51 51 51 51 51 50 50 50 50 50 38 26 15 14 13 1 1 1 1 1 1 1 1 1 
50 50 50 50 50 50 50 50 50 50 50 50 50 50 50 50 50 50 50 50 50 50 50 50 50 50 50 50 50 50 50 50 50 21 18 1 1 1 1 1 1 1 1 1 0 0 0 0 0 0 
50 50 50 50 50 50 50 50 50 50 50 50 50 50 50 50 50 50 50 50 50 50 50 50 50 50 50 50 50 50 50 50 50 50 50 50 50 50 50 30 25 17 14 0 0 0 0 0 0 0 
50 50 50 50 50 50 50 50 50 50 50 50 50 50 50 50 50 50 50 50 50 50 50 50 50 50 50 50 50 50 50 47 46 21 6 1 1 1 1 1 1 1 1 1 1 1 0 0 0 0 
50 50 50 50 50 50 50 50 50 50 50 50 50 50 50 50 50 50 50 50 50 50 50 50 50 50 50 50 50 26 19 16 14 14 3 3 3 3 3 3 3 3 3 3 3 3 0 0 0 0 
50 50 50 50 50 50 50 50 50 50 50 50 50 50 50 50 50 50 50 50 50 50 50 50 50 50 50 50 50 50 50 50 50 50 50 50 43 25 11 11 10 0 0 0 0 0 0 0 0 0 
53 53 53 53 53 53 53 53 53 53 53 53 53 53 53 53 53 53 53 53 53 53 53 53 53 53 53 53 53 53 53 53 53 53 53 53 53 51 47 41 21 17 5 5 5 5 5 5 5 2 
50 50 50 50 50 50 50 50 50 50 50 50 50 50 50 50 50 50 50 50 50 50 50 50 50 50 50 50 50 50 50 50 50 50 11 11 10 4 0 0 0 0 0 0 0 0 0 0 0 0 
52 52 52 52 52 52 52 52 52 52 52 52 52 52 52 52 52 52 52 52 52 52 52 52 52 52 52 52 52 52 52 52 52 52 52 52 52 52 52 52 52 52 52 52 12 11 3 3 3 3 
51 51 51 51 51 51 51 51 51 51 51 51 51 51 51 51 51 51 51 51 51 51 51 51 51 51 51 51 51 51 51 51 51 51 51 51 51 51 51 51 51 51 51 51 51 43 23 10 2 2 
51 51 51 51 51 51 51 51 51 51 51 51 51 51 51 51 51 51 51 51 51 51 51 51 51 51 51 51 51 51 51 51 51 51 51 50 50 50 30 1 1 1 1 1 1 1 1 1 1 1 
50 50 50 50 50 50 50 50 50 50 50 50 50 50 50 50 50 50 50 50 50 50 50 50 50 50 50 50 50 50 50 50 50 50 50 50 50 50 50 1 1 1 1 1 1 1 0 0 0 0 
51 51 51 51 51 51 51 51 51 51 51 51 51 51 51 51 51 51 51 51 51 51 51 51 51 51 51 51 50 43 19 6 2 2 2 2 2 2 2 2 2 2 2 2 2 2 1 1 1 1 
51 51 51 51 51 51 51 51 51 51 51 51 51 51 51 51 51 51 51 51 51 51 51 51 51 51 51 51 51 51 51 51 51 51 51 18 18 16 15 15 13 1 1 1 1 1 1 1 1 1 
53 53 53 53 53 53 53 53 53 53 53 53 53 53 53 53 53 53 53 53 53 53 53 53 53 53 53 53 53 53 53 53 52 48 47 41 24 21 15 13 10 3 3 3 3 3 3 3 3 0 
51 51 51 51 51 51 51 51 51 51 51 51 51 51 51 51 51 51 51 51 51 51 51 51 51 51 51 51 51 51 51 51 51 43 41 21 17 16 15 12 12 9 5 1 1 1 1 1 1 1 
51 51 51 51 51 51 51 51 51 51 51 51 51 51 51 51 51 51 51 51 51 51 51 51 51 51 51 51 51 51 51 50 50 37 15 3 3 3 3 3 3 3 3 3 3 3 3 3 1 1 
50 50 50 50 50 50 50 50 50 50 50 50 50 50 50 50 50 50 50 50 50 50 50 50 50 50 50 50 50 50 50 50 50 50 50 50 50 50 50 50 24 24 16 15 9 0 0 0 0 0 
52 52 52 52 52 52 52 52 52 52 52 52 52 52 52 52 52 52 52 52 52 52 52 52 52 52 52 52 52 52 51 50 50 50 50 47 40 14 3 3 3 3 3 3 3 3 3 3 2 2 
51 51 51 51 51 51 51 51 51 51 51 51 51 51 51 51 51 51 51 51 51 51 51 51 51 51 51 51 51 51 51 51 51 50 50 48 48 48 47 44 17 1 1 1 1 1 1 1 1 1 
50 50 50 50 50 50 50 50 50 50 50 50 50 50 50 50 50 50 50 50 50 50 50 50 50 50 50 50 50 50 50 50 50 50 50 50 50 50 50 50 36 19 1 1 1 1 1 1 1 1 
53 53 53 53 53 53 53 53 53 53 53 53 53 53 53 53 53 53 53 53 53 53 53 53 53 53 53 53 53 53 53 53 53 42 26 19 18 5 5 5 5 5 5 5 5 5 5 5 5 5 
52 52 52 52 52 52 52 52 52 52 52 52 52 52 52 52 52 52 52 52 52 52 52 52 52 52 52 52 52 52 52 52 50 18 11 4 4 4 4 4 4 4 4 4 4 4 4 2 2 2 
53 53 51 51 51 51 51 51 51 51 51 51 51 51 51 51 51 51 51 51 51 51 51 51 51 51 51 51 51 51 51 51 51 51 50 48 9 8 5 4 1 1 1 1 1 1 1 1 1 0 
53 53 52 50 50 50 50 50 50 50 50 50 50 50 50 50 50 50 50 50 50 50 50 50 50 50 50 50 50 50 50 50 50 50 50 35 17 14 11 8 3 1 0 0 0 0 0 0 0 0 
55 55 55 55 55 52 52 52 52 52 52 52 52 52 52 52 52 52 52 52 52 52 52 52 52 52 52 52 52 52 52 52 52 52 52 52 52 50 24 16 9 6 5 2 2 2 2 2 0 0 
55 55 55 55 55 55 55 55 55 52 52 52 52 52 52 52 52 52 52 52 52 52 52 52 52 52 52 52 52 52 52 52 52 50 36 24 14 12 10 10 5 2 2 2 2 2 2 2 2 0 
54 54 54 53 53 53 53 53 53 53 52 52 50 50 50 50 50 50 50 50 50 50 50 50 50 50 48 46 46 26 25 19 17 17 17 15 11 1 1 1 1 1 1 1 0 0 0 0 0 0 
52 52 52 52 52 52 52 52 52 52 52 52 52 51 51 51 51 51 51 51 51 51 51 51 51 51 51 51 51 51 50 50 50 45 15 13 12 8 8 8 3 3 3 2 2 2 2 1 1 1 
54 54 54 53 52 52 52 52 52 52 51 51 51 51 51 51 51 51 50 50 50 50 50 50 50 50 50 50 50 50 50 50 48 48 44 42 22 19 14 13 11 11 9 5 4 3 0 0 0 0 
60 60 59 59 59 59 59 59 59 59 59 59 59 59 59 58 57 57 57 56 50 50 50 50 50 50 50 50 50 50 50 50 50 48 48 39 26 22 21 18 17 16 15 13 9 7 2 2 2 0 
60 60 58 58 58 58 58 58 58 58 58 58 58 58 58 58 58 57 57 57 57 51 51 51 51 51 51 51 50 50 50 50 50 50 43 23 14 14 13 9 8 8 7 6 2 2 2 1 1 1 
58 58 58 58 58 58 58 57 57 57 56 56 56 56 56 56 56 52 52 52 52 52 52 52 50 50 49 35 34 32 28 18 14 13 13 11 11 7 7 7 6 4 4 4 2 2 2 2 2 0 
59 59 59 59 59 59 59 59 58 58 58 58 58 57 57 57 57 57 57 57 57 57 56 56 56 56 51 51 51 51 51 51 51 51 51 36 33 24 20 13 13 10 10 8 7 7 7 1 1 1 
59 57 57 57 57 57 57 57 57 57 56 55 55 54 54 53 53 53 53 53 53 53 53 53 52 52 52 52 51 51 51 51 51 51 51 51 16 12 11 9 9 7 7 5 5 4 4 4 3 3 
61 59 59 59 59 59 59 59 59 59 59 58 58 58 57 57 57 57 56 56 56 56 56 53 53 53 53 53 53 50 49 46 44 19 18 10 10 9 5 5 5 5 5 5 5 5 3 2 2 2 
59 57 57 57 57 57 56 56 56 56 56 56 56 56 56 56 56 56 56 55 54 54 53 53 53 53 53 53 53 53 53 53 53 53 50 49 46 40 24 21 19 8 7 7 5 4 4 3 3 3 
60 59 59 57 57 56 56 56 56 56 54 54 54 52 51 50 50 50 50 50 50 50 50 50 50 50 50 50 50 50 50 50 50 47 45 41 33 28 12 11 10 8 5 2 2 2 2 2 2 2 
67 64 64 64 64 63 63 63 62 62 60 60 60 60 60 60 56 50 50 50 50 50 50 50 50 50 50 50 50 50 39 22 22 20 17 15 13 10 8 6 1 1 1 1 1 1 1 1 1 0 
68 64 64 63 63 62 62 61 60 60 60 60 60 60 60 60 59 59 58 57 57 55 55 50 50 50 50 50 50 50 50 50 50 50 50 50 50 50 50 48 43 14 10 9 0 0 0 0 0 0 
