% Invoked: ./gella -d -r 3 -l biased_r3/run30 >& biased_r3/run30.log
% Ministry of Cellular Automata
% Project Deux (CS523 Spring 2015)
% Version:v0.1-70-g0624-dirty
%  pop:50
%  ic count:100
%  CA Log option:biased_r3/run30
%  width:121
%  max workers:4
%  radius:3
%  iterations:300
%  use bias:true
%  generations:50

 generation 0.50.1.1.50.0.0.1.1.0.1.0.50.50.0.50.1.50.1.0.1.1.1.0.0.1.1.1.1.0.1.50.0.51.50.1.50.1.1.50.1.0.1.50.1.1.1.1.1.0.0.xover.mutate.done 50
 generation 1.51.50.50.50.50.50.50.50.50.50.1.50.1.50.1.1.1.50.1.1.1.1.50.50.50.1.1.51.1.1.51.50.1.1.1.1.1.36.1.0.0.1.42.1.45.1.1.1.51.1.xover.mutate.done 50
 generation 2.53.53.53.53.50.50.50.50.50.50.4.50.4.4.4.53.14.4.1.3.50.53.53.3.4.50.4.50.1.50.1.53.50.4.3.50.36.4.4.4.4.53.1.50.3.1.4.53.50.47.xover.mutate.done 50
 generation 3.53.53.53.53.53.53.53.53.53.53.3.3.0.50.50.0.50.3.6.3.3.53.3.3.53.50.0.3.3.50.3.50.0.53.3.0.0.3.0.50.0.3.3.50.53.53.0.3.0.50.xover.mutate.done 50
 generation 4.50.50.50.50.50.50.50.50.50.50.1.1.50.50.0.1.50.1.1.1.1.0.1.1.50.1.50.1.1.50.1.1.1.0.1.1.0.50.0.0.0.0.1.50.1.50.1.50.0.1.xover.mutate.done 50
 generation 5.50.50.50.50.50.50.50.50.50.50.1.50.50.1.1.1.41.50.1.1.1.50.1.50.1.23.0.1.0.0.1.39.1.1.28.1.1.1.1.0.50.1.1.0.1.50.50.1.1.1.xover.mutate.done 50
 generation 6.51.51.51.51.51.51.51.51.51.51.2.2.2.2.50.2.1.17.43.2.50.8.10.2.43.50.15.1.15.10.2.2.2.51.2.1.2.51.2.2.51.51.2.2.51.51.2.50.1.51.xover.mutate.done 50
 generation 7.52.52.52.52.52.52.52.52.52.52.2.2.2.52.11.2.20.50.2.6.52.2.52.11.2.52.2.50.2.2.2.52.17.52.52.2.52.2.52.16.50.50.50.2.2.12.15.52.2.52.xover.mutate.done 50
 generation 8.50.50.50.50.50.50.50.50.50.50.9.2.0.50.2.2.2.2.0.2.2.16.2.13.50.50.50.50.2.2.2.0.2.15.50.2.4.50.50.50.19.50.6.50.50.3.2.50.50.2.xover.mutate.done 50
 generation 9.51.51.51.51.51.51.51.51.51.51.51.2.9.2.51.9.51.6.2.2.51.44.48.2.51.51.2.50.11.50.51.2.1.2.2.2.51.2.50.2.2.51.9.50.10.2.2.51.51.1.xover.mutate.done 50
 generation 10.51.51.51.51.51.51.51.51.51.51.51.51.12.2.1.23.2.51.51.1.2.51.2.51.2.51.2.1.51.51.2.2.18.51.1.51.2.2.51.20.1.51.50.2.51.1.2.51.2.51.xover.mutate.done 50
 generation 11.51.51.51.51.51.51.51.51.51.51.22.1.1.51.51.25.51.1.51.51.51.51.1.1.1.1.51.51.1.1.6.1.51.1.51.51.1.51.1.15.1.15.51.40.51.1.51.51.1.1.xover.mutate.done 50
 generation 12.51.51.51.51.51.51.51.51.51.51.51.2.2.51.2.51.42.51.51.51.51.1.1.51.2.1.51.2.1.2.51.2.51.1.2.2.14.2.2.51.2.2.13.51.2.51.51.2.51.51.xover.mutate.done 50
 generation 13.50.50.50.50.50.50.50.50.50.50.50.0.50.50.50.50.50.50.0.50.0.50.50.50.0.50.50.50.50.50.50.50.50.0.50.50.9.0.0.0.50.50.0.50.50.50.50.0.50.32.xover.mutate.done 50
 generation 14.52.52.52.52.52.52.52.52.52.52.3.52.3.52.3.50.52.52.52.52.3.41.52.3.52.50.1.3.52.52.49.52.52.52.3.3.52.50.52.3.52.1.2.52.52.41.52.3.2.52.xover.mutate.done 50
 generation 15.51.51.51.51.51.51.51.51.51.51.1.1.3.1.13.1.1.51.51.51.3.1.1.51.1.51.51.51.51.13.51.51.51.51.1.1.11.51.51.1.1.1.1.1.51.51.1.51.1.51.xover.mutate.done 50
 generation 16.51.51.51.51.51.51.51.51.51.51.1.2.50.51.1.1.2.51.51.51.14.1.51.51.51.0.51.51.51.31.7.1.51.0.6.50.2.51.22.1.1.1.11.7.2.21.13.1.51.51.xover.mutate.done 50
 generation 17.52.52.52.52.52.52.52.52.52.52.52.2.2.52.2.2.7.52.2.52.52.52.2.52.52.2.52.2.2.2.52.52.52.2.2.2.52.52.52.52.2.52.52.0.2.52.52.0.52.2.xover.mutate.done 50
 generation 18.50.50.50.50.50.50.50.50.50.50.1.1.34.49.1.47.1.5.0.50.50.50.7.50.0.50.50.1.1.0.50.1.1.50.1.0.50.14.1.6.0.50.50.0.6.1.43.15.50.50.xover.mutate.done 50
 generation 19.50.50.50.50.50.50.50.50.50.50.50.50.50.29.0.50.0.50.50.50.50.50.7.0.50.50.50.20.42.50.50.50.0.0.8.50.0.0.0.0.24.50.0.8.50.0.0.50.0.50.xover.mutate.done 50
 generation 20.51.51.51.51.51.51.51.51.51.51.17.2.51.43.2.2.51.1.2.19.2.50.29.2.51.2.51.51.51.51.2.2.51.51.51.51.1.1.2.51.51.2.39.8.51.51.1.44.2.2.xover.mutate.done 50
 generation 21.50.50.50.50.50.50.50.50.50.50.0.13.10.50.50.23.50.23.6.0.0.7.50.4.50.0.5.50.0.50.50.0.0.0.50.0.0.50.9.50.47.0.50.0.0.0.50.49.31.0.xover.mutate.done 50
 generation 22.50.50.50.50.50.50.50.50.50.50.10.1.50.50.1.1.44.1.50.5.49.25.50.11.1.50.1.1.2.50.8.50.50.18.8.2.28.50.50.50.50.8.2.2.1.50.13.1.50.1.xover.mutate.done 50
 generation 23.51.51.51.51.51.51.51.51.51.51.50.51.51.28.17.51.1.51.1.1.39.51.12.2.2.29.20.1.51.51.16.50.31.2.51.51.51.2.1.2.50.2.51.14.46.2.51.49.51.26.xover.mutate.done 50
 generation 24.51.51.51.51.51.51.51.51.51.51.2.2.2.51.2.51.20.2.51.19.2.51.2.51.51.2.2.1.51.51.2.51.51.2.51.24.2.51.51.51.2.11.2.2.51.2.2.1.2.1.xover.mutate.done 50
 generation 25.50.50.50.50.50.50.50.50.50.50.50.50.0.50.0.50.50.0.50.50.0.0.50.50.0.50.50.10.50.50.50.50.50.32.17.0.50.50.0.22.0.0.39.8.20.14.50.0.0.50.xover.mutate.done 50
 generation 26.50.50.50.50.50.50.50.50.50.50.50.50.1.50.49.50.50.1.1.9.0.1.50.1.50.1.1.50.50.1.50.22.50.24.50.25.0.50.50.50.50.50.1.1.50.1.50.1.1.1.xover.mutate.done 50
 generation 27.51.51.51.51.51.51.51.51.51.51.51.17.51.51.26.51.2.51.51.2.2.2.51.19.2.2.51.2.51.51.2.51.51.1.17.51.51.2.2.26.51.51.51.51.51.51.18.1.33.51.xover.mutate.done 50
 generation 28.50.50.50.50.50.50.50.50.50.50.0.0.0.15.0.50.0.50.50.0.16.50.50.50.50.50.50.50.0.50.0.50.50.0.49.50.50.50.3.0.50.0.50.50.50.50.50.50.0.0.xover.mutate.done 50
 generation 29.51.51.51.51.51.51.51.51.51.51.28.51.1.14.51.51.51.51.1.19.51.1.1.1.51.1.1.1.51.1.1.51.51.2.1.51.1.51.51.1.1.1.28.51.4.1.1.51.51.1.xover.mutate.done 50
 generation 30.50.50.50.50.50.50.50.50.50.50.50.10.0.0.50.50.49.50.0.21.0.0.50.0.0.50.0.50.0.50.50.50.8.0.0.37.0.0.50.50.0.0.50.0.14.50.50.45.24.0.xover.mutate.done 50
 generation 31.51.51.51.51.51.51.51.51.51.51.1.1.1.41.1.1.33.1.51.1.1.1.44.1.51.1.51.1.39.40.51.1.1.1.51.1.1.39.1.51.44.0.0.11.1.51.1.51.1.51.xover.mutate.done 50
 generation 32.52.52.52.52.52.52.52.52.52.52.52.2.2.2.52.2.2.2.52.52.2.2.12.2.2.2.2.2.52.2.52.2.2.8.52.52.0.50.2.52.52.2.52.52.52.50.13.19.52.2.xover.mutate.done 50
 generation 33.52.52.52.52.52.52.52.52.52.52.52.3.52.52.2.52.52.52.3.48.52.3.52.3.52.52.3.51.7.52.50.52.20.12.3.3.52.11.2.52.3.3.18.52.7.3.50.16.3.7.xover.mutate.done 50
 generation 34.51.51.51.51.51.51.51.51.51.51.51.3.2.2.10.51.2.51.51.50.46.51.2.2.51.37.2.51.2.2.2.2.24.2.2.9.16.2.30.11.1.51.51.1.51.2.2.20.2.2.xover.mutate.done 50
 generation 35.50.50.50.50.50.50.50.50.50.50.9.50.0.1.1.50.1.1.49.1.50.1.1.50.0.1.42.0.1.41.1.1.50.44.1.29.1.50.50.42.50.0.13.50.50.4.50.50.50.50.xover.mutate.done 50
 generation 36.51.51.51.51.51.51.51.51.51.51.1.1.1.51.51.51.51.51.51.51.1.1.5.1.44.50.21.0.51.51.1.1.51.8.51.51.50.14.26.1.1.51.9.39.1.1.50.50.51.1.xover.mutate.done 50
 generation 37.51.51.51.51.51.51.51.51.51.51.51.51.51.1.51.2.51.51.50.51.51.51.2.51.14.51.51.2.2.51.2.15.2.1.2.2.2.51.51.51.49.2.2.51.2.51.51.51.51.2.xover.mutate.done 50
 generation 38.51.51.51.51.51.51.51.51.51.51.1.1.51.51.14.1.1.51.1.51.51.1.19.51.1.50.50.1.51.23.1.1.51.43.43.1.1.51.1.1.51.1.1.51.51.14.31.1.15.51.xover.mutate.done 50
 generation 39.51.51.51.51.51.51.51.51.51.51.4.4.51.51.11.3.1.4.34.4.51.51.24.4.51.51.4.10.51.1.4.14.13.1.19.4.51.4.1.51.14.4.51.4.51.4.50.51.51.11.xover.mutate.done 50
 generation 40.51.51.51.51.51.51.51.51.51.51.1.51.7.51.51.1.1.33.51.1.51.1.47.51.1.1.1.1.1.1.1.5.1.1.51.43.1.51.1.51.51.1.38.51.51.1.1.51.14.1.xover.mutate.done 50
 generation 41.50.50.50.50.50.50.50.50.50.50.0.0.0.0.0.14.50.42.0.0.50.37.50.11.50.0.0.0.0.0.0.0.0.0.50.48.50.0.0.44.0.50.37.20.0.0.0.0.50.8.xover.mutate.done 50
 generation 42.52.52.52.52.52.52.52.52.52.52.52.5.5.5.52.5.2.5.5.5.5.52.5.52.52.50.5.52.5.43.5.52.5.5.21.5.5.6.50.52.52.5.5.5.52.42.5.5.2.25.xover.mutate.done 50
 generation 43.52.52.52.52.52.52.52.52.52.52.52.52.3.3.3.52.51.3.52.18.3.52.52.3.52.3.52.31.24.50.3.13.52.1.52.3.3.52.3.3.52.3.14.3.3.52.3.2.52.52.xover.mutate.done 50
 generation 44.51.51.51.51.51.51.51.51.51.51.18.6.1.1.1.1.1.1.1.1.51.1.51.51.1.51.51.1.51.1.1.5.51.1.51.1.51.1.1.31.1.51.51.1.51.1.51.51.1.1.xover.mutate.done 50
 generation 45.52.52.52.52.52.52.52.52.52.52.9.3.3.7.3.52.2.11.3.3.3.52.52.52.9.3.3.3.3.52.52.52.1.20.52.52.52.9.52.52.52.3.3.3.52.3.2.52.50.3.xover.mutate.done 50
 generation 46.51.51.51.51.51.51.51.51.51.51.50.27.2.51.51.2.51.51.8.51.41.51.51.2.1.5.51.51.2.9.51.51.2.8.2.2.51.51.51.51.2.51.51.51.51.2.51.2.2.51.xover.mutate.done 50
 generation 47.50.50.50.50.50.50.50.50.50.50.50.50.50.50.50.18.50.16.50.0.50.35.0.50.0.45.50.50.9.50.50.0.35.50.50.0.43.0.50.50.6.0.18.39.50.0.50.50.0.20.xover.mutate.done 50
 generation 48.51.51.51.51.51.51.51.51.51.51.1.51.44.12.12.1.3.51.51.1.1.1.46.51.1.5.51.51.51.10.51.50.51.1.1.51.51.1.1.51.51.0.51.1.1.51.51.51.1.51.xover.mutate.done 50
 generation 49.50.50.50.50.50.50.50.50.50.50.12.50.50.50.50.50.50.50.1.50.50.1.50.45.47.1.50.1.1.1.9.50.50.1.50.50.1.50.0.1.1.50.50.50.1.1.50.11.50.0.xover.mutate.done 50
 32050628 iters     699844 iter/sec (45.80 s)
 total time: 45.80
