% Invoked: ./gella -d -r 3 -l biased_r3/run38 >& biased_r3/run38.log
% Ministry of Cellular Automata
% Project Deux (CS523 Spring 2015)
% Version:v0.1-70-g0624-dirty
%  pop:50
%  ic count:100
%  CA Log option:biased_r3/run38
%  width:121
%  max workers:4
%  radius:3
%  iterations:300
%  use bias:true
%  generations:50

 generation 0.2.0.2.2.2.2.50.50.50.50.50.0.0.10.0.50.2.50.0.2.50.0.2.2.2.3.2.50.2.2.4.0.0.2.50.2.2.0.2.2.50.2.50.2.52.50.0.2.2.2.xover.mutate.done 50
 generation 1.52.51.50.51.50.50.50.51.50.50.3.50.1.2.52.3.51.2.51.2.3.1.50.9.1.1.2.50.6.2.1.50.3.3.50.19.2.3.2.50.6.2.1.1.1.51.3.2.3.50.xover.mutate.done 50
 generation 2.51.51.50.50.50.50.50.50.50.50.1.50.1.51.50.4.1.1.50.1.1.1.51.1.0.0.1.50.1.51.51.50.0.50.0.0.1.1.50.50.1.50.1.51.50.14.1.1.4.0.xover.mutate.done 50
 generation 3.51.51.51.51.51.51.51.50.50.50.51.1.1.50.50.0.50.1.50.1.1.36.1.1.0.50.51.50.50.51.50.1.50.1.48.0.0.1.50.1.0.50.1.50.51.1.50.1.1.50.xover.mutate.done 50
 generation 4.50.50.50.50.50.50.50.50.50.50.1.0.26.50.1.1.51.51.51.50.51.6.1.50.51.1.17.0.50.51.50.51.1.1.50.51.51.37.1.1.1.15.50.31.40.51.1.1.51.50.xover.mutate.done 50
 generation 5.50.50.50.49.50.50.50.50.50.50.50.7.1.48.51.49.50.50.51.36.1.45.50.50.1.1.51.51.1.51.50.7.50.50.1.1.32.50.1.51.51.33.1.33.50.1.1.1.1.0.xover.mutate.done 50
 generation 6.51.51.51.51.51.51.51.51.51.51.48.2.51.2.51.2.1.2.51.2.51.1.49.51.51.51.51.12.51.2.2.51.2.51.51.2.33.2.34.2.35.2.2.25.2.38.2.51.1.2.xover.mutate.done 50
 generation 7.51.51.51.51.51.51.51.51.51.51.1.51.51.25.1.51.2.50.43.51.51.48.30.1.51.41.2.51.1.2.1.51.2.42.1.2.51.51.2.1.32.2.51.41.4.51.1.2.5.2.xover.mutate.done 50
 generation 8.51.51.51.51.51.51.51.51.51.51.2.51.50.49.2.2.51.1.2.9.51.51.2.5.2.51.2.23.51.2.51.2.10.2.51.10.51.1.50.1.2.13.8.51.2.2.2.51.31.51.xover.mutate.done 50
 generation 9.51.51.51.51.51.51.51.51.51.51.6.2.2.1.2.28.51.10.2.2.2.51.1.51.51.2.2.31.3.51.51.1.51.23.2.51.2.2.51.51.7.2.40.51.16.2.51.23.51.2.xover.mutate.done 50
 generation 10.51.51.51.51.51.51.51.53.53.53.53.53.4.51.3.53.51.53.53.4.4.14.4.4.4.53.3.4.25.51.45.4.19.3.12.4.19.4.4.4.4.51.4.12.51.29.51.4.53.51.xover.mutate.done 50
 generation 11.50.50.50.50.50.50.50.50.50.50.1.1.1.50.51.0.4.1.36.18.50.1.51.1.1.1.1.50.1.51.1.45.1.51.0.1.1.51.1.1.50.50.1.1.51.1.34.1.1.37.xover.mutate.done 50
 generation 12.50.50.50.50.50.50.53.53.53.53.3.37.52.3.53.53.50.52.53.0.3.7.0.3.3.3.39.3.3.53.3.3.50.3.50.53.3.51.3.3.17.0.3.3.53.53.35.36.3.50.xover.mutate.done 50
 generation 13.50.50.50.50.50.50.50.50.50.50.0.50.20.0.6.50.38.0.50.28.50.50.0.0.50.50.41.0.50.0.8.0.0.50.0.14.50.0.0.50.50.0.50.50.50.4.0.0.50.50.xover.mutate.done 50
 generation 14.51.51.51.51.51.51.51.51.51.51.51.51.1.8.51.8.51.51.1.1.51.11.0.1.51.1.51.1.1.1.1.47.1.1.36.50.51.16.4.7.1.51.51.1.1.16.51.51.27.15.xover.mutate.done 50
 generation 15.50.50.50.50.50.50.50.50.50.50.50.39.50.1.1.30.1.48.50.50.50.5.1.50.1.50.1.1.50.50.1.50.50.1.50.4.2.35.35.50.11.1.50.1.50.51.1.1.14.50.xover.mutate.done 50
 generation 16.51.51.51.51.51.51.51.51.51.51.2.2.2.51.30.51.51.51.51.35.2.51.11.51.11.2.2.21.2.51.45.1.2.2.51.18.2.51.4.9.51.2.26.2.37.40.51.2.32.2.xover.mutate.done 50
 generation 17.50.55.55.55.55.55.55.55.55.55.0.53.14.15.55.55.31.55.5.49.35.50.5.53.5.5.55.5.5.5.55.50.49.5.5.55.5.5.5.5.5.31.20.55.5.55.9.55.5.12.xover.mutate.done 50
 generation 18.50.50.50.50.50.50.50.50.50.50.2.2.2.50.2.2.2.2.48.50.50.50.50.50.50.2.2.13.50.2.26.50.45.50.41.49.50.50.50.50.50.2.2.2.23.3.50.6.50.50.xover.mutate.done 50
 generation 19.50.50.50.50.50.50.50.50.50.50.1.50.10.1.6.50.50.16.50.22.50.50.50.11.50.50.1.50.1.1.50.50.11.4.50.2.37.50.1.50.11.50.50.50.1.1.35.1.50.46.xover.mutate.done 50
 generation 20.51.51.51.51.51.51.51.51.51.51.51.1.1.1.8.1.48.51.1.51.2.1.51.1.1.51.1.6.20.50.1.1.1.51.1.4.51.50.51.8.13.51.51.51.51.51.51.51.51.8.xover.mutate.done 50
 generation 21.50.50.50.50.50.50.50.50.50.50.50.1.1.50.50.50.50.50.50.1.43.50.38.50.50.1.39.14.50.50.1.1.47.50.50.0.1.40.50.1.1.50.37.50.50.50.50.1.1.1.xover.mutate.done 50
 generation 22.51.51.51.51.51.51.51.51.51.51.1.50.51.48.51.51.51.50.51.1.51.36.51.51.2.35.5.2.2.51.50.51.2.1.2.51.51.2.51.46.51.2.2.51.51.8.51.51.12.51.xover.mutate.done 50
 generation 23.51.51.51.51.51.51.51.51.51.51.28.51.51.2.51.2.15.2.2.2.51.26.51.44.51.51.51.2.1.51.51.50.51.51.51.2.51.51.46.51.51.8.51.2.51.51.2.33.2.51.xover.mutate.done 50
 generation 24.50.50.50.50.50.50.50.50.50.50.50.50.14.50.1.50.50.50.9.1.50.10.50.17.50.50.49.50.1.27.1.50.50.1.20.1.50.50.0.50.1.0.50.50.50.1.50.50.9.50.xover.mutate.done 50
 generation 25.50.50.50.50.50.50.50.50.50.50.0.50.50.49.50.50.0.8.50.50.4.50.18.7.0.20.50.15.50.10.11.50.50.50.50.0.50.50.0.0.50.50.50.42.0.50.50.11.50.0.xover.mutate.done 50
 generation 26.51.51.51.51.51.51.51.51.51.51.2.34.2.51.9.4.51.50.51.51.16.6.51.51.51.51.51.51.32.5.2.2.2.2.51.2.51.2.50.51.51.2.51.51.2.2.5.5.1.2.xover.mutate.done 50
 generation 27.51.51.51.51.51.51.51.51.51.51.51.2.25.13.50.7.21.51.51.12.11.2.1.51.19.51.51.51.25.51.1.51.1.10.50.51.51.10.2.2.51.51.2.32.9.51.51.31.2.51.xover.mutate.done 50
 generation 28.50.50.50.50.50.50.50.50.50.50.3.3.0.3.50.3.50.3.30.3.3.11.0.50.50.50.7.3.50.3.46.50.13.42.3.50.3.3.50.50.50.50.16.3.50.3.50.50.3.4.xover.mutate.done 50
 generation 29.51.51.51.51.51.51.51.51.51.51.1.18.51.51.1.23.51.1.51.51.51.51.51.1.51.51.11.10.36.51.0.51.1.51.1.0.51.1.1.0.51.50.0.11.1.51.1.1.3.51.xover.mutate.done 50
 generation 30.50.50.50.50.50.50.50.50.50.50.50.37.50.50.47.2.2.2.50.2.50.50.2.2.2.50.2.50.10.2.50.2.50.50.14.50.50.50.9.2.2.50.2.18.50.2.2.15.50.50.xover.mutate.done 50
 generation 31.50.50.50.50.50.50.50.50.50.50.0.50.0.50.0.0.0.0.50.50.50.50.0.12.9.50.15.0.50.50.50.15.50.19.50.50.50.50.49.0.46.0.0.0.0.0.50.50.0.0.xover.mutate.done 50
 generation 32.50.50.50.50.50.50.50.50.50.50.50.1.7.1.50.1.50.16.0.0.1.1.13.50.49.50.50.50.1.50.50.48.34.50.50.50.1.7.1.50.0.24.50.15.1.19.50.50.7.50.xover.mutate.done 50
 generation 33.52.52.52.52.52.52.52.52.52.52.2.28.2.2.2.13.23.50.10.2.2.21.52.2.52.10.27.52.52.52.2.2.11.22.21.52.18.52.52.52.12.52.52.2.52.50.50.2.11.42.xover.mutate.done 50
 generation 34.53.53.53.53.53.53.53.53.53.53.19.4.4.18.11.15.36.18.53.4.50.10.50.50.53.4.53.53.20.4.49.50.4.11.53.53.53.53.1.4.26.4.4.4.50.53.4.4.4.4.xover.mutate.done 50
 generation 35.51.51.51.51.51.51.51.51.51.51.51.3.3.51.50.3.31.3.3.3.9.3.12.51.24.51.3.50.8.13.51.36.3.3.51.16.2.35.3.51.51.51.3.26.51.3.14.51.19.34.xover.mutate.done 50
 generation 36.51.51.51.51.51.51.51.51.51.51.50.8.51.50.50.12.51.51.1.51.9.51.9.50.2.51.51.2.49.3.16.8.21.50.51.51.30.5.23.50.50.50.51.17.28.51.50.51.5.44.xover.mutate.done 50
 generation 37.50.50.50.50.50.50.50.50.50.50.9.50.12.10.48.6.50.50.0.19.50.0.50.0.50.23.50.0.50.50.50.0.50.50.50.15.50.50.0.50.50.50.50.4.50.4.50.50.0.50.xover.mutate.done 50
 generation 38.52.52.52.52.52.52.52.52.52.52.2.2.52.52.52.50.52.52.52.2.2.50.52.52.44.52.52.52.52.2.4.52.52.52.8.52.12.50.52.52.52.50.37.2.2.52.52.2.0.50.xover.mutate.done 50
 generation 39.51.51.51.51.51.51.51.51.51.51.16.3.51.4.4.51.4.51.3.50.51.1.4.4.10.4.4.51.51.51.14.4.51.4.51.7.1.51.51.51.4.40.51.51.4.4.4.4.5.40.xover.mutate.done 50
 generation 40.50.50.50.50.50.50.50.50.50.50.0.50.50.1.24.4.30.1.50.50.50.12.8.1.1.50.1.1.1.17.12.1.1.50.15.1.9.50.50.1.50.1.1.1.46.1.50.1.0.1.xover.mutate.done 50
 generation 41.50.50.50.50.50.50.50.50.50.50.6.6.50.50.1.50.1.49.20.4.0.1.46.50.50.1.50.50.50.39.50.1.23.50.10.1.1.50.50.50.50.9.43.1.1.50.50.10.1.28.xover.mutate.done 50
 generation 42.50.50.50.50.50.50.50.50.50.50.2.8.16.2.2.50.50.10.2.50.50.5.43.10.2.50.10.2.5.6.8.50.50.2.2.50.2.50.9.6.2.50.7.50.2.2.41.50.10.5.xover.mutate.done 50
 generation 43.51.51.51.51.51.51.51.51.50.51.50.51.2.45.50.2.51.29.51.9.3.51.12.3.51.51.51.3.44.51.50.3.51.3.51.3.3.2.51.51.2.12.51.50.46.51.3.3.2.3.xover.mutate.done 50
 generation 44.51.51.51.51.51.51.51.51.51.51.2.3.51.3.10.7.50.13.51.3.3.11.51.51.48.2.3.51.15.30.3.2.12.2.3.3.50.3.3.3.2.51.2.10.3.23.51.51.3.23.xover.mutate.done 50
 generation 45.51.51.51.51.51.51.51.51.51.51.51.51.51.50.51.11.3.51.3.3.15.51.2.2.2.51.50.3.3.51.3.51.2.9.28.3.50.3.3.3.51.3.45.16.1.19.3.51.3.15.xover.mutate.done 50
 generation 46.50.50.50.50.50.50.50.50.50.50.46.0.50.50.50.0.0.12.50.48.50.50.50.50.0.0.50.11.39.9.8.50.50.0.50.50.50.0.0.0.50.50.0.0.50.50.0.50.0.43.xover.mutate.done 50
 generation 47.53.53.53.53.53.53.53.53.53.53.4.50.50.53.50.53.35.4.4.10.4.4.1.4.4.1.50.4.25.53.4.53.4.3.7.53.4.3.8.1.50.53.4.9.1.53.45.1.50.4.xover.mutate.done 50
 generation 48.51.51.51.51.51.51.51.51.51.51.51.26.1.1.51.51.0.1.1.0.51.28.7.1.4.28.51.50.1.0.8.51.1.1.1.8.1.1.1.1.33.6.51.1.51.1.51.55.51.14.xover.mutate.done 50
 generation 49.47.51.51.51.51.51.51.51.51.51.2.51.1.51.2.15.16.2.50.2.51.2.51.1.16.29.2.9.2.7.51.51.51.51.2.2.7.51.6.5.6.12.19.2.5.2.12.2.2.51.xover.mutate.done 50
 28231023 iters     686424 iter/sec (41.13 s)
 total time: 41.13
