0.640625 0.8671875 0.125 0.0703125 0.484375 0.78125 0.3203125 0.515625 0.6640625 0.0234375 
0.125 0.0234375 0.21875 0.1484375 0.8984375 1.0 0.9765625 0.8359375 0.078125 0.890625 
0.140625 0.140625 0.1328125 0.125 0.0234375 0.21875 0.1484375 0.8984375 1.0 0.9765625 
0.625 0.140625 0.140625 0.1328125 0.265625 0.3046875 0.34375 0.125 0.0234375 0.21875 
0.625 0.140625 0.140625 0.1328125 0.265625 0.3046875 0.34375 0.125 0.0234375 0.21875 
0.625 0.5625 0.140625 0.140625 0.1328125 0.265625 0.3046875 0.34375 0.125 0.0234375 
0.625 0.5625 0.5859375 0.5390625 0.609375 0.140625 0.140625 0.1328125 0.265625 0.3046875 
0.625 0.53125 0.5625 0.5859375 0.5390625 0.609375 0.5703125 0.5625 0.140625 0.140625 
0.625 0.53125 0.5625 0.5859375 0.5390625 0.5625 0.59375 0.609375 0.5703125 0.546875 
0.625 0.53125 0.5625 0.5859375 0.5390625 0.5625 0.53125 0.59375 0.5390625 0.546875 
0.625 0.546875 0.53125 0.5859375 0.5390625 0.5625 0.5625 0.53125 0.5390625 0.59375 
0.625 0.5546875 0.546875 0.53125 0.546875 0.5625 0.53125 0.5390625 0.59375 0.5390625 
0.625 0.5546875 0.546875 0.546875 0.5625 0.546875 0.59375 0.5390625 0.5390625 0.53125 
0.546875 0.546875 0.546875 0.5546875 0.625 0.5546875 0.5390625 0.5390625 0.5625 0.53125 
0.5546875 0.5390625 0.53125 0.5546875 0.5234375 0.625 0.5625 0.5625 0.546875 0.546875 
0.5546875 0.625 0.546875 0.546875 0.5625 0.5390625 0.53125 0.5546875 0.5625 0.5859375 
0.5546875 0.5546875 0.5390625 0.625 0.53125 0.5625 0.5859375 0.546875 0.546875 0.5625 
0.625 0.5546875 0.5390625 0.5546875 0.53125 0.5625 0.546875 0.546875 0.5546875 0.546875 
0.625 0.5546875 0.546875 0.546875 0.5546875 0.546875 0.546875 0.53125 0.5546875 0.5390625 
0.625 0.5546875 0.5390625 0.5546875 0.546875 0.5546875 0.546875 0.546875 0.546875 0.546875 
0.5546875 0.5546875 0.546875 0.5390625 0.5625 0.625 0.546875 0.546875 0.546875 0.5390625 
0.5546875 0.5390625 0.5625 0.5546875 0.5546875 0.5546875 0.546875 0.625 0.546875 0.546875 
0.5546875 0.5546875 0.546875 0.5625 0.5546875 0.5546875 0.546875 0.546875 0.546875 0.5390625 
0.5546875 0.5625 0.5546875 0.546875 0.5546875 0.5546875 0.5390625 0.546875 0.546875 0.546875 
0.5625 0.5546875 0.546875 0.5546875 0.5390625 0.5546875 0.5546875 0.546875 0.546875 0.546875 
0.546875 0.546875 0.546875 0.546875 0.5625 0.5546875 0.5546875 0.546875 0.5546875 0.5390625 
0.546875 0.5625 0.5546875 0.5546875 0.5546875 0.546875 0.546875 0.546875 0.546875 0.5390625 
0.5625 0.5546875 0.5546875 0.5546875 0.546875 0.5546875 0.5390625 0.546875 0.546875 0.546875 
0.5546875 0.5546875 0.5625 0.5546875 0.5546875 0.546875 0.5390625 0.546875 0.546875 0.546875 
0.5546875 0.5546875 0.5546875 0.5625 0.5390625 0.5546875 0.5390625 0.546875 0.546875 0.546875 
0.5546875 0.5546875 0.5703125 0.5546875 0.5390625 0.5625 0.5546875 0.546875 0.546875 0.546875 
0.5546875 0.5546875 0.5703125 0.5390625 0.546875 0.546875 0.546875 0.5390625 0.546875 0.5625 
0.5546875 0.5546875 0.5625 0.5390625 0.546875 0.546875 0.546875 0.5390625 0.546875 0.5625 
0.5546875 0.5546875 0.5625 0.5625 0.5390625 0.546875 0.546875 0.546875 0.5390625 0.546875 
0.5546875 0.5546875 0.5625 0.5390625 0.546875 0.546875 0.546875 0.5390625 0.546875 0.5703125 
0.5546875 0.5625 0.5546875 0.5390625 0.546875 0.546875 0.546875 0.5390625 0.546875 0.5703125 
0.5625 0.5546875 0.5546875 0.5546875 0.5703125 0.5390625 0.546875 0.546875 0.546875 0.5390625 
0.5546875 0.5546875 0.5625 0.5546875 0.5625 0.53125 0.5703125 0.5390625 0.546875 0.546875 
0.5625 0.5625 0.5546875 0.546875 0.5546875 0.5546875 0.5546875 0.5390625 0.53125 0.5390625 
0.5546875 0.546875 0.5625 0.5546875 0.5546875 0.5546875 0.5625 0.5546875 0.5390625 0.53125 
0.5625 0.5546875 0.5546875 0.5546875 0.546875 0.5546875 0.5703125 0.5625 0.5625 0.5546875 
0.5625 0.5546875 0.5625 0.5546875 0.5546875 0.59375 0.5625 0.5703125 0.5625 0.5546875 
0.5859375 0.5625 0.5546875 0.5625 0.59375 0.5703125 0.5625 0.5546875 0.5546875 0.5546875 
0.5546875 0.5546875 0.5625 0.5625 0.59375 0.5703125 0.5625 0.5546875 0.5625 0.5625 
0.5546875 0.5546875 0.5625 0.5546875 0.5625 0.5625 0.5625 0.59375 0.5703125 0.5625 
0.5546875 0.5546875 0.5625 0.59375 0.5703125 0.5859375 0.5625 0.5625 0.5625 0.5625 
0.5546875 0.5546875 0.5625 0.5625 0.5625 0.5625 0.59375 0.5703125 0.5625 0.5625 
0.5625 0.5625 0.5625 0.5625 0.5625 0.59375 0.5703125 0.5546875 0.5546875 0.5625 
0.5546875 0.5703125 0.5625 0.5625 0.5625 0.5625 0.5625 0.59375 0.5859375 0.5703125 
0.5625 0.5625 0.5546875 0.5703125 0.5625 0.5625 0.5625 0.5625 0.59375 0.5703125 
