52 50 50 50 50 50 50 50 50 50 50 50 50 50 50 7 3 2 2 2 2 2 2 2 2 2 2 2 2 2 2 2 2 2 2 2 2 2 2 2 2 0 0 0 0 0 0 0 0 0 
50 50 50 50 50 50 50 50 50 50 50 50 50 50 50 50 50 50 50 50 50 50 50 50 50 50 37 34 25 21 21 7 5 1 0 0 0 0 0 0 0 0 0 0 0 0 0 0 0 0 
54 54 54 54 50 50 50 50 50 50 50 50 50 50 50 50 50 50 50 50 50 50 45 44 29 26 11 9 7 5 5 4 4 4 4 4 4 4 4 4 4 4 4 4 4 4 4 4 4 0 
51 51 51 51 51 51 51 51 51 50 50 50 50 50 50 50 50 50 50 50 50 50 50 50 50 50 50 35 22 18 17 13 12 10 10 10 9 1 1 1 1 1 1 1 1 1 0 0 0 0 
52 52 52 52 52 52 52 52 52 52 52 52 52 52 52 50 50 50 50 50 50 50 50 50 50 29 27 24 15 10 10 2 2 2 2 2 2 2 2 2 2 2 2 2 2 2 0 0 0 0 
51 51 51 51 51 51 51 51 51 51 51 51 51 51 51 51 51 51 51 51 51 51 51 51 50 50 50 50 50 50 47 31 23 18 18 15 12 12 11 8 7 1 1 1 1 1 1 1 1 0 
52 52 52 52 52 52 52 52 52 52 52 52 52 52 52 52 52 52 52 52 52 52 52 52 50 50 50 50 50 50 48 42 40 37 14 8 8 2 2 2 2 2 2 2 2 2 2 2 2 0 
51 51 51 51 51 51 51 51 51 51 51 51 51 51 51 51 51 51 51 51 51 51 50 50 50 50 48 26 23 19 17 14 13 11 9 2 2 2 2 2 2 2 2 2 2 2 2 2 2 1 
51 51 51 51 51 51 51 51 51 51 51 51 51 51 51 51 51 51 51 51 51 51 51 51 51 51 51 50 50 45 33 32 29 14 12 12 9 2 1 1 1 1 1 1 1 1 1 1 1 1 
51 51 51 51 51 51 51 51 51 51 51 51 51 51 51 51 51 51 51 51 51 51 51 51 51 51 51 50 28 12 9 8 2 2 2 2 2 2 2 2 2 2 2 2 2 2 2 1 1 1 
50 50 50 50 50 50 50 50 50 50 50 50 50 50 50 50 50 50 50 50 50 50 50 50 50 24 20 19 15 13 7 2 2 2 2 2 2 2 2 2 2 2 2 2 2 2 2 2 2 2 
51 51 51 51 51 51 51 51 51 51 51 51 51 51 51 51 51 51 51 51 51 51 51 51 51 51 51 51 51 47 47 44 15 13 11 10 8 2 1 1 1 1 1 1 1 1 1 1 1 1 
50 50 50 50 50 50 50 50 50 50 50 50 50 50 50 50 50 50 50 50 50 50 50 50 50 50 50 50 50 50 50 50 44 41 12 10 10 8 8 8 6 6 6 0 0 0 0 0 0 0 
51 51 51 51 51 51 51 51 51 51 51 51 51 51 51 51 51 51 51 51 51 51 51 51 51 51 51 51 50 50 50 50 49 46 40 31 21 21 20 11 10 9 9 3 3 3 3 3 3 1 
50 50 50 50 50 50 50 50 50 50 50 50 50 50 50 50 50 50 50 50 50 50 50 50 50 50 50 50 40 40 22 8 7 5 1 1 1 1 1 1 1 1 1 1 1 1 1 0 0 0 
52 52 52 52 52 52 52 52 52 52 52 52 52 52 52 52 52 52 52 52 52 52 52 52 52 52 52 52 52 51 50 50 28 27 25 21 18 14 13 8 8 3 3 3 3 3 3 3 3 3 
52 52 52 52 52 52 52 52 52 52 52 52 52 52 52 52 52 52 52 52 52 52 52 52 52 52 52 52 52 50 50 18 15 14 12 9 9 9 8 4 4 3 3 3 3 3 3 3 3 3 
50 50 50 50 50 50 50 50 50 50 50 50 50 50 50 50 50 50 50 50 50 50 50 50 50 50 50 50 50 50 50 50 50 37 14 10 2 2 2 2 2 2 2 2 2 2 2 2 2 0 
50 50 50 50 50 50 50 50 50 50 50 50 50 50 50 50 50 50 50 50 50 50 50 50 50 50 50 50 50 50 50 50 50 50 32 15 15 14 13 12 10 9 8 6 3 0 0 0 0 0 
50 50 50 50 50 50 50 50 50 50 50 50 50 50 50 50 50 50 50 50 50 50 50 50 50 50 50 50 50 50 50 50 26 16 15 12 10 9 9 2 2 2 2 2 2 2 2 2 0 0 
50 50 50 50 50 50 50 50 50 50 50 50 50 50 50 50 50 50 50 50 50 50 50 50 50 50 50 50 28 27 15 11 10 10 9 8 7 5 0 0 0 0 0 0 0 0 0 0 0 0 
52 52 52 52 52 52 52 52 52 52 52 52 52 52 52 52 52 52 52 52 52 52 52 52 52 52 31 17 15 14 14 13 13 11 8 6 2 2 2 2 2 2 2 2 2 2 2 2 2 2 
50 50 50 50 50 50 50 50 50 50 50 50 50 50 50 50 50 50 50 50 50 50 50 50 50 48 48 42 31 24 10 8 7 7 6 4 2 0 0 0 0 0 0 0 0 0 0 0 0 0 
51 51 51 51 51 51 51 51 51 51 51 51 51 51 51 51 51 51 51 51 51 51 51 51 51 51 51 51 47 46 13 13 11 11 10 8 8 1 1 1 1 1 1 1 1 1 1 1 1 1 
50 50 50 50 50 50 50 50 50 50 50 50 50 50 50 50 50 50 50 50 50 50 50 50 50 50 50 50 50 50 23 11 9 5 5 3 0 0 0 0 0 0 0 0 0 0 0 0 0 0 
50 50 50 50 50 50 50 50 50 50 50 50 50 50 50 50 50 50 50 50 50 50 50 50 50 50 50 50 50 50 50 50 38 12 11 8 8 6 6 5 4 0 0 0 0 0 0 0 0 0 
50 50 50 50 50 50 50 50 50 50 50 50 50 50 50 50 50 50 50 50 50 50 50 50 50 50 50 50 50 50 50 50 50 50 32 19 18 13 9 9 6 3 0 0 0 0 0 0 0 0 
50 50 50 50 50 50 50 50 50 50 50 50 50 50 50 50 50 50 50 50 50 50 50 50 50 50 50 50 50 50 50 50 50 50 50 33 14 10 4 1 1 1 1 1 1 1 1 1 0 0 
51 51 51 51 51 51 51 51 51 51 51 51 51 51 51 51 51 51 51 51 51 51 51 51 51 51 51 51 45 36 27 17 16 13 12 9 8 6 5 1 1 1 1 1 1 1 1 1 0 0 
51 51 51 51 51 51 51 51 51 51 51 51 51 51 51 51 51 51 51 51 51 51 51 51 51 51 51 51 50 50 24 16 13 13 13 12 11 1 1 1 1 1 1 1 1 1 1 1 1 1 
50 50 50 50 50 50 50 50 50 50 50 50 50 50 50 50 50 50 50 50 50 50 50 50 50 37 32 24 16 13 8 7 7 5 4 3 1 1 1 1 1 1 1 1 1 1 1 1 1 1 
50 50 50 50 50 50 50 50 50 50 50 50 50 50 50 50 50 50 50 50 50 50 50 50 50 50 50 47 41 40 28 17 15 14 13 12 11 4 2 2 2 2 2 2 2 2 2 2 2 2 
50 50 50 50 50 50 50 50 50 50 50 50 50 50 50 50 50 50 50 50 50 50 50 50 50 50 50 50 40 37 14 13 11 11 9 9 0 0 0 0 0 0 0 0 0 0 0 0 0 0 
52 51 51 51 51 51 51 51 51 51 51 51 51 51 51 51 51 51 51 51 51 51 51 51 51 51 51 51 50 49 33 24 23 18 16 15 8 8 7 6 2 2 2 2 2 2 2 2 2 2 
57 51 51 51 51 51 51 51 51 51 51 51 51 51 51 51 51 51 51 51 51 51 51 51 51 51 51 51 50 50 49 49 47 25 19 17 8 7 7 6 1 1 1 1 1 1 1 1 1 1 
85 58 58 57 54 54 54 54 54 54 54 54 54 54 54 54 54 54 54 54 54 54 54 54 54 54 54 54 54 54 54 54 54 54 52 43 18 13 12 12 12 12 8 7 7 7 7 7 7 7 
85 58 53 53 51 51 50 50 50 50 50 50 50 50 50 50 50 50 50 50 50 50 50 50 50 50 48 42 31 22 20 10 10 8 8 7 7 7 3 3 3 3 3 3 3 3 3 3 3 3 
78 55 53 53 53 52 51 51 51 51 51 51 51 51 51 51 51 51 51 51 51 51 51 51 51 51 51 51 50 40 38 35 27 26 23 22 19 16 9 6 1 1 1 1 1 1 1 1 1 1 
80 58 58 56 56 55 53 51 51 51 51 51 51 51 51 51 51 51 51 51 51 51 51 51 51 51 51 50 50 50 45 44 42 40 39 39 23 17 14 14 9 7 5 4 1 1 1 1 1 1 
85 83 73 59 59 59 57 57 56 52 50 50 50 50 50 50 50 50 50 50 50 50 50 50 50 50 50 50 46 38 38 35 30 24 21 21 17 13 12 12 10 8 7 6 0 0 0 0 0 0 
86 83 78 70 65 60 60 60 59 57 56 55 55 54 52 51 50 50 50 50 50 50 50 50 49 47 42 39 38 24 22 21 20 20 18 11 10 10 5 4 1 1 1 1 1 1 1 1 0 0 
83 83 83 80 71 69 60 60 60 59 59 59 58 56 56 56 53 52 52 52 52 52 52 52 52 52 52 46 42 41 40 38 36 35 28 26 25 25 20 20 17 13 12 10 10 9 9 3 3 3 
88 87 87 84 82 75 75 72 69 66 63 63 63 63 55 51 50 50 50 50 50 49 48 45 40 40 39 38 35 29 28 25 24 23 21 20 14 8 6 5 5 1 1 1 1 1 1 1 1 0 
86 86 86 84 83 83 82 80 79 78 73 73 69 65 63 62 55 53 50 50 50 50 50 49 48 47 46 42 42 32 30 29 26 22 20 15 14 13 6 6 4 1 0 0 0 0 0 0 0 0 
87 85 85 85 85 85 84 83 83 82 80 75 70 68 64 63 62 55 50 50 50 50 50 50 50 49 48 48 45 43 40 34 32 31 29 27 27 21 20 19 17 16 16 10 2 2 1 1 1 1 
90 89 89 87 87 87 86 86 86 86 85 83 82 80 80 79 79 78 63 54 53 50 50 50 50 50 50 47 46 44 43 39 39 32 30 21 20 15 11 10 9 7 6 5 1 1 1 1 0 0 
93 93 92 91 90 90 89 89 88 88 88 88 88 88 88 88 88 87 87 83 78 73 68 57 56 51 51 51 50 50 50 50 50 50 50 45 40 40 36 35 27 26 25 22 5 5 4 3 1 0 
97 97 97 97 97 96 96 95 94 94 92 92 90 90 90 87 86 86 86 86 78 76 64 60 54 53 50 50 50 50 50 49 48 48 47 46 46 46 41 38 37 29 9 1 1 1 1 1 0 0 
97 96 96 96 94 93 93 93 93 93 92 91 91 91 90 89 88 71 70 65 63 63 51 51 51 51 51 51 51 51 51 50 49 46 42 40 39 39 34 31 21 20 17 16 15 11 9 6 1 1 
94 94 93 92 92 92 92 91 91 91 91 91 91 91 90 90 88 84 77 73 71 67 67 65 65 61 61 60 59 56 54 52 51 51 51 51 50 50 48 47 43 35 33 28 24 22 14 11 1 1 
