0.953125 0.1328125 0.140625 0.7890625 0.7734375 0.7265625 0.421875 0.2265625 0.6015625 0.296875 
0.8125 0.953125 0.7890625 0.140625 0.9140625 0.09375 0.8359375 0.9375 0.890625 0.984375 
0.8125 0.90625 0.8203125 0.7421875 0.953125 0.7890625 0.140625 0.9140625 0.09375 0.8359375 
0.8125 0.90625 0.8203125 0.7421875 0.7421875 0.8359375 0.7578125 0.8359375 0.703125 0.8359375 
0.8125 0.90625 0.8203125 0.7421875 0.7421875 0.8359375 0.7578125 0.8359375 0.703125 0.8359375 
0.8125 0.90625 0.8203125 0.7421875 0.7421875 0.8359375 0.7578125 0.8359375 0.703125 0.8359375 
0.8125 0.90625 0.8203125 0.7421875 0.7421875 0.8359375 0.7578125 0.8359375 0.703125 0.8359375 
0.8125 0.90625 0.8203125 0.7421875 0.7421875 0.8359375 0.7578125 0.8359375 0.703125 0.8359375 
0.8125 0.90625 0.8203125 0.7421875 0.7421875 0.8359375 0.7578125 0.8359375 0.703125 0.8359375 
0.8125 0.90625 0.8203125 0.7421875 0.7421875 0.8359375 0.7578125 0.8359375 0.703125 0.8359375 
0.8125 0.90625 0.8203125 0.7421875 0.7421875 0.8359375 0.7578125 0.8359375 0.703125 0.8359375 
0.8125 0.90625 0.8203125 0.7421875 0.7421875 0.8359375 0.7578125 0.8359375 0.703125 0.8359375 
0.8125 0.90625 0.8203125 0.7421875 0.7421875 0.8359375 0.7578125 0.8359375 0.703125 0.8359375 
0.8125 0.90625 0.8203125 0.7421875 0.7421875 0.8359375 0.7578125 0.8359375 0.703125 0.8359375 
0.8125 0.90625 0.8203125 0.7421875 0.7421875 0.8359375 0.7578125 0.8359375 0.703125 0.8359375 
0.8125 0.90625 0.8203125 0.7421875 0.7421875 0.8359375 0.7578125 0.8359375 0.703125 0.8359375 
0.8125 0.90625 0.8203125 0.7421875 0.7421875 0.8359375 0.7578125 0.8359375 0.703125 0.8359375 
0.8125 0.90625 0.8203125 0.7421875 0.7421875 0.8359375 0.7578125 0.8359375 0.703125 0.8359375 
0.8125 0.90625 0.8203125 0.7421875 0.7421875 0.8359375 0.7578125 0.8359375 0.703125 0.8359375 
0.8125 0.90625 0.8203125 0.7421875 0.7421875 0.8359375 0.7578125 0.8359375 0.703125 0.8359375 
0.8125 0.90625 0.8203125 0.7421875 0.7421875 0.8359375 0.7578125 0.8359375 0.703125 0.8359375 
0.8125 0.90625 0.8203125 0.7421875 0.7421875 0.8359375 0.7578125 0.8359375 0.703125 0.8359375 
0.8125 0.90625 0.8203125 0.7421875 0.7421875 0.8359375 0.7578125 0.8359375 0.703125 0.8359375 
0.8125 0.90625 0.8203125 0.7421875 0.7421875 0.8359375 0.7578125 0.8359375 0.703125 0.8359375 
0.8125 0.90625 0.8203125 0.7421875 0.7421875 0.8359375 0.7578125 0.8359375 0.703125 0.8359375 
0.8125 0.90625 0.8203125 0.7421875 0.7421875 0.8359375 0.7578125 0.8359375 0.703125 0.8359375 
0.8125 0.90625 0.8203125 0.7421875 0.7421875 0.8359375 0.7578125 0.8359375 0.703125 0.8359375 
0.8125 0.90625 0.8203125 0.7421875 0.7421875 0.8359375 0.7578125 0.8359375 0.703125 0.8359375 
0.8125 0.90625 0.8203125 0.7421875 0.7421875 0.8359375 0.7578125 0.8359375 0.703125 0.8359375 
0.8125 0.90625 0.8203125 0.7421875 0.7421875 0.8359375 0.7578125 0.8359375 0.703125 0.8359375 
0.8125 0.90625 0.8203125 0.7421875 0.7421875 0.8359375 0.7578125 0.8359375 0.703125 0.8359375 
0.8125 0.90625 0.8203125 0.7421875 0.7421875 0.8359375 0.7578125 0.8359375 0.703125 0.8359375 
0.8125 0.90625 0.8203125 0.7421875 0.7421875 0.8359375 0.7578125 0.8359375 0.703125 0.8359375 
0.8125 0.90625 0.8203125 0.7421875 0.7421875 0.8359375 0.7578125 0.8359375 0.703125 0.8359375 
0.8125 0.90625 0.8203125 0.7421875 0.7421875 0.8359375 0.7578125 0.8359375 0.703125 0.8359375 
0.8125 0.90625 0.8203125 0.7421875 0.7421875 0.8359375 0.7578125 0.8359375 0.703125 0.8359375 
0.8125 0.90625 0.8203125 0.7421875 0.7421875 0.8359375 0.7578125 0.8359375 0.703125 0.8359375 
0.8125 0.90625 0.8203125 0.7421875 0.7421875 0.8359375 0.7578125 0.8359375 0.703125 0.8359375 
0.8125 0.90625 0.8203125 0.7421875 0.7421875 0.8359375 0.7578125 0.8359375 0.703125 0.8359375 
0.8125 0.90625 0.8203125 0.7421875 0.7421875 0.8359375 0.7578125 0.8359375 0.703125 0.8359375 
0.8125 0.90625 0.8203125 0.7421875 0.7421875 0.8359375 0.7578125 0.8359375 0.703125 0.8359375 
0.8125 0.90625 0.8203125 0.7421875 0.7421875 0.8359375 0.7578125 0.8359375 0.703125 0.8359375 
0.8125 0.90625 0.8203125 0.7421875 0.7421875 0.8359375 0.7578125 0.8359375 0.703125 0.8359375 
0.8125 0.90625 0.8203125 0.7421875 0.7421875 0.8359375 0.7578125 0.8359375 0.703125 0.8359375 
0.8125 0.90625 0.8203125 0.7421875 0.7421875 0.8359375 0.7578125 0.8359375 0.703125 0.8359375 
0.8125 0.90625 0.8203125 0.7421875 0.7421875 0.8359375 0.7578125 0.8359375 0.703125 0.8359375 
0.8125 0.90625 0.8203125 0.7421875 0.7421875 0.8359375 0.7578125 0.8359375 0.703125 0.8359375 
0.8125 0.90625 0.8203125 0.7421875 0.7421875 0.8359375 0.7578125 0.8359375 0.703125 0.8359375 
0.8125 0.90625 0.8203125 0.7421875 0.7421875 0.8359375 0.7578125 0.8359375 0.703125 0.8359375 
0.8125 0.90625 0.8203125 0.7421875 0.7421875 0.8359375 0.7578125 0.8359375 0.703125 0.8359375 
