% Invoked: ./gella -d -r 3 -l biased_r3/run33 >& biased_r3/run33.log
% Ministry of Cellular Automata
% Project Deux (CS523 Spring 2015)
% Version:v0.1-70-g0624-dirty
%  pop:50
%  ic count:100
%  CA Log option:biased_r3/run33
%  width:121
%  max workers:4
%  radius:3
%  iterations:300
%  use bias:true
%  generations:50

 generation 0.1.2.1.2.1.35.1.1.50.1.1.50.50.1.2.1.2.1.50.1.1.50.1.1.2.50.2.1.1.1.1.1.1.1.2.1.50.1.2.1.51.1.50.51.16.1.50.1.27.1.xover.mutate.done 50
 generation 1.50.50.50.50.50.50.50.50.50.50.0.50.0.0.50.50.0.0.0.50.50.0.0.50.50.0.50.0.0.0.50.0.50.0.50.0.0.0.0.50.0.50.50.50.0.50.0.3.0.0.xover.mutate.done 50
 generation 2.51.51.50.50.50.50.50.50.50.50.50.50.1.0.0.50.50.51.50.50.1.0.50.51.1.50.1.1.1.50.1.0.51.50.8.1.50.0.50.51.50.13.50.0.50.1.50.51.0.0.xover.mutate.done 50
 generation 3.51.51.51.51.51.51.51.50.50.50.4.1.50.1.50.1.14.51.50.1.51.0.51.51.51.50.50.50.51.1.50.50.51.41.50.50.0.0.51.50.1.1.1.50.50.51.50.51.0.50.xover.mutate.done 50
 generation 4.50.50.50.50.50.50.50.50.50.50.50.50.1.50.50.50.50.50.1.50.50.50.50.1.50.50.50.50.1.1.1.50.50.19.50.50.50.0.8.50.50.50.0.1.50.50.50.1.50.1.xover.mutate.done 50
 generation 5.50.50.50.50.50.50.50.50.50.50.50.50.50.50.0.50.50.50.50.50.0.50.50.50.50.50.50.0.50.50.50.50.50.50.13.50.0.50.50.50.50.50.50.50.50.50.50.0.50.50.xover.mutate.done 50
 generation 6.51.51.51.51.51.51.51.51.51.51.50.51.44.49.51.50.51.13.51.49.51.36.50.2.2.1.51.50.1.2.51.50.51.51.51.51.51.2.49.51.51.51.51.1.42.2.51.11.51.50.xover.mutate.done 50
 generation 7.51.51.51.51.51.51.51.51.51.51.51.51.51.51.30.46.51.51.51.51.51.51.51.6.6.51.51.51.50.11.51.51.51.50.6.51.6.51.51.51.26.6.51.51.51.51.51.51.6.51.xover.mutate.done 50
 generation 8.51.51.51.51.51.51.51.51.51.51.51.51.51.51.1.51.51.51.51.51.1.51.1.1.51.51.51.51.51.51.51.1.51.51.51.51.51.51.1.1.36.1.51.51.51.51.51.51.51.51.xover.mutate.done 50
 generation 9.51.51.51.51.51.51.51.51.51.51.48.51.51.51.51.51.26.3.51.49.51.51.51.51.51.51.23.51.2.12.51.2.50.51.2.41.3.51.51.51.51.51.51.51.51.51.51.51.51.51.xover.mutate.done 50
 generation 10.51.51.51.51.51.51.51.51.51.51.51.38.51.51.51.51.51.1.51.51.51.15.51.51.1.1.51.1.50.1.50.51.13.1.51.51.26.50.51.51.51.50.1.51.1.1.51.51.50.14.xover.mutate.done 50
 generation 11.50.50.50.50.50.50.50.50.50.50.50.50.50.50.1.50.21.50.1.50.1.50.0.50.0.1.18.1.50.50.1.0.50.50.50.50.50.1.50.1.50.50.50.50.0.1.0.0.50.50.xover.mutate.done 50
 generation 12.50.50.50.50.50.50.50.50.50.50.0.50.0.50.50.50.50.50.17.50.50.50.50.50.50.50.50.50.50.0.0.50.50.0.50.50.50.50.30.50.14.50.50.50.50.50.50.25.0.0.xover.mutate.done 50
 generation 13.50.50.50.50.50.50.50.50.50.50.50.0.50.1.1.50.1.50.1.50.46.1.50.50.50.50.50.1.50.50.50.47.1.0.0.1.50.50.1.1.50.50.50.50.0.50.6.50.21.1.xover.mutate.done 50
 generation 14.50.50.50.50.50.50.50.50.50.50.50.3.14.3.50.50.16.50.14.0.50.3.3.50.3.50.3.26.50.3.50.50.0.50.50.50.19.50.50.50.50.3.3.0.0.3.50.50.3.3.xover.mutate.done 50
 generation 15.50.50.50.50.50.50.50.50.50.50.50.50.50.50.50.50.50.50.50.0.11.50.0.50.0.43.50.50.0.0.50.25.50.50.50.0.10.0.50.0.0.50.50.50.50.50.11.50.50.50.xover.mutate.done 50
 generation 16.53.53.53.53.53.53.53.53.53.53.53.53.53.53.53.53.53.53.5.53.53.5.53.53.53.53.53.5.53.53.53.53.53.53.2.47.53.53.41.53.17.53.5.21.5.53.51.5.5.53.xover.mutate.done 50
 generation 17.50.50.50.50.50.50.50.50.50.50.0.0.11.50.50.50.4.50.50.50.50.50.50.50.50.50.50.0.50.0.0.50.50.0.0.50.50.0.50.50.0.11.50.0.50.0.0.10.50.50.xover.mutate.done 50
 generation 18.52.52.52.52.52.52.52.52.52.52.52.52.52.52.52.52.52.3.52.52.52.52.52.52.52.52.52.52.52.52.52.52.52.52.52.52.3.52.52.3.52.52.52.12.52.3.52.11.52.52.xover.mutate.done 50
 generation 19.51.51.51.51.51.51.51.51.51.51.2.51.51.51.51.51.51.51.51.51.51.51.10.51.51.51.51.51.51.51.51.51.51.51.51.51.51.51.51.51.2.23.51.51.51.43.51.51.51.51.xover.mutate.done 50
 generation 20.51.51.51.51.51.51.51.51.51.51.51.1.30.51.50.51.51.51.50.51.51.1.51.51.51.1.51.1.51.1.1.51.51.50.1.51.51.51.1.51.1.1.51.1.51.51.51.51.51.51.xover.mutate.done 50
 generation 21.50.50.50.50.50.50.50.50.50.50.50.50.50.0.50.50.0.50.50.1.1.1.50.50.50.50.50.50.50.50.50.0.50.50.50.50.50.50.1.1.1.50.50.50.50.50.50.1.50.0.xover.mutate.done 50
 generation 22.51.51.51.51.51.51.51.51.51.51.2.51.51.51.51.51.2.50.2.51.51.51.51.2.2.2.1.2.2.51.2.51.51.1.51.2.51.2.1.43.19.51.51.1.2.2.6.51.2.51.xover.mutate.done 50
 generation 23.51.51.51.51.51.51.51.51.51.51.51.51.15.51.51.51.51.51.1.1.51.15.1.51.51.51.51.51.1.16.51.51.18.1.51.51.1.51.51.51.1.51.18.51.51.51.1.13.1.51.xover.mutate.done 50
 generation 24.53.53.53.53.53.53.53.53.53.53.53.3.13.53.52.53.53.53.53.0.53.53.53.3.3.3.10.3.47.21.53.3.53.53.53.3.3.53.24.53.53.41.15.53.53.53.53.53.48.53.xover.mutate.done 50
 generation 25.51.51.51.51.51.51.51.51.51.51.51.51.51.51.1.51.51.41.15.51.51.1.1.16.21.51.51.51.51.12.17.1.51.9.51.51.51.51.51.51.1.12.5.51.1.1.51.43.51.51.xover.mutate.done 50
 generation 26.51.51.51.51.51.51.51.51.51.51.51.1.51.3.51.3.51.3.3.51.51.51.51.51.51.51.3.1.51.50.51.51.3.3.3.51.51.37.3.51.3.3.3.51.50.3.51.15.51.51.xover.mutate.done 50
 generation 27.50.50.50.50.50.50.50.50.50.50.50.16.15.50.50.50.0.50.50.50.50.50.50.50.50.50.9.50.0.24.50.0.50.50.50.50.50.50.50.50.50.0.50.50.50.0.50.50.50.24.xover.mutate.done 50
 generation 28.52.52.52.52.52.52.52.52.52.52.52.40.2.52.47.3.52.52.52.3.52.3.52.50.52.3.52.52.3.14.50.50.52.51.52.52.3.52.52.52.50.3.2.3.52.52.3.52.52.3.xover.mutate.done 50
 generation 29.51.51.51.51.51.51.51.51.51.51.50.51.51.1.51.1.51.17.51.51.51.51.48.44.50.1.51.51.47.51.48.1.51.51.1.51.51.1.51.1.51.1.51.51.48.51.51.51.51.1.xover.mutate.done 50
 generation 30.50.50.50.50.50.50.50.50.50.50.50.1.50.50.50.1.36.1.50.50.50.50.50.50.50.50.50.50.19.50.50.50.1.1.50.50.1.50.50.1.50.1.50.50.50.50.50.50.50.50.xover.mutate.done 50
 generation 31.53.53.53.53.53.53.53.53.53.53.53.53.53.42.5.53.53.5.53.5.53.53.53.5.53.5.5.53.53.53.53.53.18.5.53.5.53.5.5.53.5.5.53.53.5.53.53.19.53.26.xover.mutate.done 50
 generation 32.52.52.52.52.52.52.52.52.52.52.52.4.52.4.4.52.52.4.52.52.2.4.4.52.11.52.4.52.50.4.52.4.52.52.4.52.2.2.4.52.52.52.4.52.52.52.52.52.18.52.xover.mutate.done 50
 generation 33.51.51.51.51.51.51.51.51.51.51.51.51.51.53.1.1.48.51.0.51.9.51.51.50.51.53.5.51.51.8.1.51.1.51.51.51.1.51.51.51.51.51.1.51.1.1.51.1.4.51.xover.mutate.done 50
 generation 34.53.53.50.50.50.50.50.50.50.50.0.50.50.50.50.50.50.50.50.52.1.50.50.50.0.50.50.50.50.0.17.50.3.50.50.50.50.11.50.0.0.14.50.35.8.0.50.50.0.0.xover.mutate.done 50
 generation 35.55.55.55.52.52.52.52.52.52.52.52.52.52.52.52.52.2.52.55.6.52.0.52.52.52.24.2.16.52.52.2.52.52.52.55.52.52.50.52.5.52.52.52.0.9.2.2.52.52.52.xover.mutate.done 50
 generation 36.55.55.55.55.55.52.52.52.52.52.52.52.55.10.2.14.52.52.36.2.52.52.0.52.52.55.24.10.52.52.52.55.2.50.52.2.55.52.2.52.52.5.2.52.52.2.52.52.12.2.xover.mutate.done 50
 generation 37.53.53.54.53.52.54.53.54.53.50.11.1.50.50.50.1.50.0.0.46.1.50.17.52.15.50.50.48.53.46.26.1.0.1.0.0.17.50.19.17.50.50.25.1.50.50.1.53.50.0.xover.mutate.done 50
 generation 38.52.52.51.52.52.52.52.52.52.52.3.2.50.51.51.50.51.2.51.52.52.51.2.51.51.2.1.51.45.50.51.51.51.52.8.51.52.51.13.3.51.8.1.51.51.12.15.3.8.1.xover.mutate.done 50
 generation 39.51.54.52.52.51.52.52.51.52.53.50.48.0.54.54.50.52.44.50.13.50.51.50.5.50.0.19.50.0.9.51.48.3.50.14.4.50.50.51.51.11.0.50.50.50.50.51.22.42.11.xover.mutate.done 50
 generation 40.60.59.60.59.59.59.59.59.59.59.59.50.22.48.15.50.59.57.2.50.59.50.18.7.58.50.50.17.50.57.16.2.59.59.26.13.21.50.57.0.50.50.50.50.39.50.56.2.48.9.xover.mutate.done 50
 generation 41.58.58.58.58.58.58.58.58.58.58.50.51.14.43.2.8.23.58.14.2.57.58.58.51.50.6.50.7.58.8.50.50.57.57.58.60.1.60.51.9.1.13.51.1.50.51.57.51.51.2.xover.mutate.done 50
 generation 42.58.58.58.58.57.58.56.56.56.56.56.32.58.52.2.52.35.52.50.18.56.2.7.14.2.6.4.2.28.52.2.57.4.52.34.56.13.50.4.13.11.58.52.49.0.57.11.52.7.7.xover.mutate.done 50
 generation 43.59.59.58.58.57.59.58.56.57.57.13.10.7.10.58.33.59.1.57.57.58.56.24.56.59.51.36.1.57.7.56.7.57.51.51.59.59.1.51.51.20.51.51.13.57.51.59.57.8.51.xover.mutate.done 50
 generation 44.57.57.54.54.55.57.57.57.53.53.12.3.7.51.53.52.9.57.9.51.53.57.56.51.59.11.57.4.53.16.51.5.51.3.52.53.51.52.51.4.7.57.53.51.53.5.53.55.52.4.xover.mutate.done 50
 generation 45.61.59.59.59.59.59.59.59.59.59.58.50.46.2.19.2.53.56.10.58.58.9.57.56.56.53.5.5.44.3.56.57.5.57.18.5.56.53.2.53.57.59.5.5.53.5.53.5.49.10.xover.mutate.done 50
 generation 46.57.56.56.56.56.56.56.56.56.56.57.5.54.53.53.53.56.4.57.3.54.53.56.53.53.53.53.55.56.46.40.24.4.59.53.3.3.7.8.21.53.53.53.50.19.56.49.7.57.57.xover.mutate.done 50
 generation 47.59.57.54.60.54.54.56.56.56.56.50.57.2.56.33.28.12.52.2.10.50.47.51.50.50.2.2.5.50.50.50.50.50.50.2.50.50.59.50.11.8.2.2.41.50.50.50.45.50.50.xover.mutate.done 50
 generation 48.64.63.63.62.62.60.60.60.60.60.64.22.8.67.50.20.63.1.39.50.50.50.1.22.50.1.50.50.15.60.1.50.50.17.50.1.56.1.50.50.50.1.1.6.64.1.0.10.13.64.xover.mutate.done 50
 generation 49.62.60.60.60.61.64.64.63.60.60.48.62.50.9.50.43.0.68.50.0.60.60.50.50.0.50.58.50.10.55.55.50.14.50.50.50.50.63.50.0.59.0.57.50.50.60.0.59.50.57.xover.mutate.done 50
 20020270 iters     692964 iter/sec (28.89 s)
 total time: 28.89
