% Invoked: ./gella -d -r 3 -l biased_r3/run36 >& biased_r3/run36.log
% Ministry of Cellular Automata
% Project Deux (CS523 Spring 2015)
% Version:v0.1-70-g0624-dirty
%  pop:50
%  ic count:100
%  CA Log option:biased_r3/run36
%  width:121
%  max workers:4
%  radius:3
%  iterations:300
%  use bias:true
%  generations:50

 generation 0.1.1.1.2.2.2.1.50.2.3.3.50.50.3.3.50.1.33.2.50.2.50.1.2.2.1.50.3.1.50.3.3.3.50.2.1.2.1.50.3.3.2.3.3.2.1.3.2.2.3.xover.mutate.done 50
 generation 1.50.50.50.50.50.50.50.50.50.50.0.4.0.0.0.0.50.50.50.0.0.0.11.50.0.0.0.39.39.0.0.0.0.0.0.50.50.0.3.0.0.50.0.0.0.0.1.50.21.0.xover.mutate.done 50
 generation 2.50.50.50.50.50.50.50.50.50.50.25.3.0.3.10.28.50.53.53.15.31.3.53.3.0.53.50.3.3.0.0.53.50.3.0.3.0.3.50.50.3.3.50.3.3.19.3.3.3.53.xover.mutate.done 50
 generation 3.51.51.51.51.51.51.50.50.50.50.1.47.1.50.50.50.3.50.0.1.1.1.1.1.1.51.6.4.1.47.0.3.50.0.0.51.50.1.0.1.1.1.17.1.50.36.1.18.50.50.xover.mutate.done 50
 generation 4.52.52.52.52.52.52.52.52.50.50.52.41.2.4.52.52.50.7.4.4.50.50.28.2.15.52.12.39.52.2.4.4.12.4.52.4.4.2.4.23.52.50.50.2.41.2.2.4.50.50.xover.mutate.done 50
 generation 5.50.50.50.50.50.50.50.50.50.50.0.50.47.0.50.50.0.0.50.35.50.0.37.0.0.50.9.36.50.0.0.0.33.0.50.0.0.50.50.0.0.50.12.0.1.23.28.14.0.29.xover.mutate.done 50
 generation 6.52.52.52.52.52.52.52.52.52.52.48.2.2.2.52.2.39.52.52.50.2.2.0.9.0.52.2.44.52.0.2.47.2.29.10.52.2.52.52.52.16.52.52.52.52.50.52.2.52.52.xover.mutate.done 50
 generation 7.51.51.51.51.51.51.51.51.51.51.2.49.2.10.11.51.11.51.1.50.11.1.51.37.2.51.2.51.50.2.51.1.51.2.2.51.40.2.51.2.51.2.51.1.50.2.2.1.4.2.xover.mutate.done 50
 generation 8.52.52.52.52.52.52.52.52.52.52.52.52.3.3.51.8.1.52.3.52.51.3.3.1.2.41.3.1.3.52.3.52.52.52.52.52.3.3.3.52.52.3.52.9.3.52.3.3.52.22.xover.mutate.done 50
 generation 9.50.50.50.50.50.50.50.50.50.50.1.0.0.50.50.9.50.0.50.50.0.1.50.50.1.1.50.50.1.50.1.50.1.50.4.0.50.1.1.1.50.1.1.11.1.50.9.1.50.50.xover.mutate.done 50
 generation 10.51.51.51.51.51.51.51.51.51.51.1.51.1.51.1.1.50.1.30.51.1.51.2.1.1.1.21.1.51.27.8.25.1.1.1.50.49.0.1.14.1.1.1.1.51.1.1.1.1.1.xover.mutate.done 50
 generation 11.50.50.50.50.50.50.50.50.50.50.1.1.15.50.50.50.1.50.1.1.1.50.1.1.8.50.48.1.1.1.8.1.1.1.1.1.1.1.42.8.20.50.1.1.1.1.50.1.50.50.xover.mutate.done 50
 generation 12.50.50.50.50.50.50.50.50.50.50.19.41.0.0.50.20.0.0.0.50.50.0.50.0.0.50.0.50.50.0.50.0.50.0.0.0.0.0.0.0.50.0.0.0.9.0.0.50.4.50.xover.mutate.done 50
 generation 13.52.52.52.52.52.52.52.52.52.52.4.4.52.28.33.4.52.52.4.4.52.4.4.22.4.52.4.52.33.4.21.4.9.4.4.2.52.39.52.16.4.52.4.4.4.52.52.4.4.35.xover.mutate.done 50
 generation 14.50.50.50.50.50.50.50.50.50.50.48.50.0.43.0.50.0.0.50.0.0.50.0.0.0.50.39.0.40.0.46.42.52.36.0.0.50.0.50.0.50.23.14.0.0.0.50.0.0.0.xover.mutate.done 50
 generation 15.58.50.50.50.50.50.50.50.50.50.0.50.50.0.6.0.50.0.0.50.0.12.0.50.50.49.50.50.50.60.41.18.0.50.0.50.0.0.50.0.12.0.0.50.50.0.50.0.0.50.xover.mutate.done 50
 generation 16.53.55.50.50.50.50.50.50.50.50.2.30.21.50.50.5.1.1.50.1.1.1.50.1.50.50.38.50.50.39.50.51.1.1.50.5.41.37.1.50.46.1.50.1.19.50.50.50.50.36.xover.mutate.done 50
 generation 17.55.58.56.50.50.50.50.50.50.50.50.50.50.50.50.0.50.0.50.0.41.0.0.50.6.50.6.50.5.50.33.50.22.0.13.0.0.50.50.50.0.9.50.22.0.50.0.50.50.50.xover.mutate.done 50
 generation 18.55.52.53.50.50.50.50.50.50.50.0.29.50.0.44.50.0.19.50.27.50.50.34.50.0.43.51.55.50.0.0.50.50.50.50.8.50.50.0.50.52.0.0.50.50.50.8.0.52.48.xover.mutate.done 50
 generation 19.57.58.54.57.57.57.55.51.51.51.51.51.1.57.55.48.21.1.51.7.1.28.0.1.1.51.51.57.51.1.49.50.1.51.57.51.51.51.51.1.50.51.16.51.1.56.51.51.57.50.xover.mutate.done 50
 generation 20.54.54.52.51.52.51.51.53.53.51.51.3.51.51.3.37.51.9.11.2.51.51.16.3.26.51.50.51.51.51.51.55.26.51.51.40.50.51.49.3.3.51.3.51.50.1.3.51.51.50.xover.mutate.done 50
 generation 21.57.54.55.55.54.55.54.54.54.54.2.1.51.57.50.7.7.9.38.30.54.51.2.51.6.8.54.1.0.54.53.2.51.1.50.54.51.54.1.46.45.22.27.4.16.50.4.50.15.22.xover.mutate.done 50
 generation 22.55.55.55.54.54.55.52.55.54.54.41.27.44.18.42.14.18.1.54.0.18.16.51.26.24.17.18.51.26.57.24.51.4.1.31.54.25.51.0.25.51.5.0.46.11.38.0.29.51.51.xover.mutate.done 50
 generation 23.59.59.59.58.57.56.56.55.56.56.31.57.56.50.50.50.40.1.50.43.50.50.1.16.55.19.50.46.6.51.1.51.43.7.21.50.51.17.52.50.1.22.34.54.11.31.27.51.44.30.xover.mutate.done 50
 generation 24.60.57.57.58.55.58.55.57.55.55.18.12.50.42.55.51.45.50.8.17.11.27.55.47.50.1.58.50.16.1.6.1.47.48.12.50.50.36.22.14.15.48.50.50.1.57.58.42.57.47.xover.mutate.done 50
 generation 25.60.58.59.61.60.59.59.59.58.59.11.46.2.10.2.4.58.18.10.12.11.9.10.52.58.40.49.13.28.48.48.18.52.48.2.4.41.10.59.50.55.47.13.48.50.2.12.38.52.50.xover.mutate.done 50
 generation 26.58.55.58.58.59.59.58.58.59.58.1.15.0.51.43.0.0.1.51.42.51.10.18.60.0.1.1.50.27.6.4.28.4.0.19.6.51.1.10.49.21.6.1.9.59.17.73.21.1.53.xover.mutate.done 50
 generation 27.85.59.59.59.59.59.58.59.58.58.70.25.40.28.38.58.8.7.11.1.13.46.53.58.25.46.4.16.7.60.4.7.46.1.9.10.7.9.53.7.4.24.40.4.47.9.1.7.24.18.xover.mutate.done 50
 generation 28.75.68.54.55.60.60.60.60.56.55.5.0.39.0.17.53.18.43.48.27.44.6.36.47.0.0.6.0.0.0.50.50.0.54.30.12.60.45.50.3.12.4.9.38.54.50.58.18.5.50.xover.mutate.done 50
 generation 29.80.73.59.59.59.59.63.57.61.58.46.45.39.26.16.2.40.61.51.32.1.54.37.17.45.1.51.7.2.57.46.13.51.18.32.2.9.2.34.8.1.22.43.25.8.2.6.2.48.50.xover.mutate.done 50
 generation 30.71.67.61.56.51.56.56.56.56.55.31.5.21.1.41.1.48.15.24.1.65.54.41.1.42.12.45.1.1.63.1.1.5.29.6.8.24.1.1.46.17.5.45.49.1.1.1.1.7.49.xover.mutate.done 50
 generation 31.82.71.69.69.63.62.58.58.58.58.32.31.6.25.0.1.1.25.57.40.9.1.50.1.1.25.60.51.36.1.53.11.25.16.6.51.32.38.1.6.6.37.1.55.53.30.55.5.60.22.xover.mutate.done 50
 generation 32.74.65.71.67.64.59.57.51.59.59.20.11.31.0.5.35.6.0.12.4.16.0.18.34.71.23.12.50.0.0.50.8.0.0.4.7.0.12.21.4.0.21.65.46.58.0.36.72.4.27.xover.mutate.done 50
 generation 33.78.69.65.65.64.66.63.62.57.55.1.34.7.1.63.18.28.54.7.50.37.9.4.6.1.48.26.1.15.23.1.6.40.29.49.1.4.26.1.49.45.1.45.12.47.12.25.47.4.68.xover.mutate.done 50
 generation 34.80.71.65.69.70.70.66.64.68.63.26.43.45.0.0.12.50.0.5.20.40.33.6.0.4.11.5.27.30.4.0.0.39.45.0.0.7.0.18.15.38.70.0.74.52.0.4.50.16.0.xover.mutate.done 50
 generation 35.77.81.69.67.67.67.65.66.66.65.58.18.26.7.55.3.28.3.3.39.26.57.35.9.38.3.1.2.3.42.43.9.46.55.8.40.3.32.25.52.37.57.50.43.1.40.9.6.45.4.xover.mutate.done 50
 generation 36.72.80.74.65.65.65.63.69.67.64.0.9.50.65.21.5.20.18.42.38.46.50.37.41.0.0.19.8.28.50.40.0.0.10.49.73.0.32.17.0.44.6.0.0.5.42.32.50.0.28.xover.mutate.done 50
 generation 37.83.73.66.72.67.71.67.67.67.67.15.11.46.52.29.6.4.49.37.19.4.40.4.48.4.16.24.52.27.45.46.39.5.18.4.12.7.45.4.40.40.43.28.35.11.2.35.67.9.19.xover.mutate.done 50
 generation 38.80.74.76.64.70.70.70.70.70.70.3.31.31.3.3.44.46.25.49.3.14.14.36.36.44.24.3.8.10.7.44.14.3.6.58.3.3.3.18.40.49.56.3.40.21.25.52.40.3.44.xover.mutate.done 50
 generation 39.71.72.68.62.62.62.62.62.62.65.21.6.21.19.50.7.66.11.8.19.48.43.14.45.15.45.57.16.42.1.65.50.16.16.14.25.14.1.18.50.50.22.19.1.62.36.1.49.17.36.xover.mutate.done 50
 generation 40.68.79.69.67.67.62.69.69.69.69.49.0.34.48.50.11.44.0.42.37.0.36.47.0.19.22.0.47.32.0.42.3.50.0.12.0.51.0.19.0.49.42.20.37.0.0.21.4.50.0.xover.mutate.done 50
 generation 41.69.67.62.64.64.64.70.64.63.51.39.0.37.0.57.12.0.0.5.49.38.56.0.53.35.49.46.14.63.9.0.44.55.46.24.43.48.5.50.43.48.44.47.0.45.0.50.50.29.5.xover.mutate.done 50
 generation 42.76.81.73.70.70.70.69.68.65.67.63.70.21.71.55.1.57.36.41.50.21.1.34.27.50.5.49.37.44.5.11.12.66.50.70.77.44.50.40.40.7.67.1.1.50.12.1.50.1.61.xover.mutate.done 50
 generation 43.74.73.79.71.72.71.71.71.71.71.42.71.64.67.47.6.59.17.26.61.31.52.1.48.75.39.3.1.67.8.13.8.42.26.9.13.3.72.53.50.52.8.12.13.67.23.56.6.3.30.xover.mutate.done 50
 generation 44.74.75.81.79.74.65.74.68.68.68.85.34.40.63.0.0.69.30.50.29.47.0.0.28.11.48.40.0.48.25.41.20.69.76.20.68.49.31.27.45.24.79.34.39.52.46.6.30.26.40.xover.mutate.done 50
 generation 45.80.76.74.73.70.77.75.73.70.62.46.42.12.44.1.54.73.10.1.26.22.1.44.7.40.22.27.1.70.70.42.21.50.33.1.5.51.32.7.5.27.1.5.1.60.12.8.1.1.45.xover.mutate.done 50
 generation 46.80.74.76.77.70.67.67.67.69.68.50.3.4.59.40.16.36.4.9.23.8.16.44.51.4.1.30.4.13.13.28.34.31.15.9.58.15.36.31.29.27.22.70.31.32.6.11.20.6.8.xover.mutate.done 50
 generation 47.91.76.82.82.85.85.78.79.84.81.36.5.3.57.51.57.10.49.47.12.61.1.3.40.60.50.40.9.50.32.85.44.9.60.34.46.79.10.25.40.13.51.15.16.30.2.14.3.43.43.xover.mutate.done 50
 generation 48.85.76.76.76.76.76.77.72.78.71.1.1.7.38.57.37.28.1.1.1.26.54.77.1.1.76.53.51.52.36.1.32.17.20.60.50.38.7.1.9.70.10.27.14.1.23.54.2.1.18.xover.mutate.done 50
 generation 49.88.76.82.80.82.82.82.80.79.77.6.6.61.66.2.6.32.51.25.31.2.28.38.36.6.48.27.50.42.48.2.84.2.44.6.6.15.2.82.63.26.67.2.2.40.40.7.46.24.2.xover.mutate.done 50
 34534119 iters     720271 iter/sec (47.95 s)
 total time: 47.95
