% Invoked: ./gella -d -r 3 -l biased_r3/run32 >& biased_r3/run32.log
% Ministry of Cellular Automata
% Project Deux (CS523 Spring 2015)
% Version:v0.1-70-g0624-dirty
%  pop:50
%  ic count:100
%  CA Log option:biased_r3/run32
%  width:121
%  max workers:4
%  radius:3
%  iterations:300
%  use bias:true
%  generations:50

 generation 0.0.0.0.0.0.0.0.40.0.33.50.50.0.0.0.50.0.50.6.0.0.0.0.0.50.0.50.0.0.0.0.50.0.0.0.0.0.0.0.0.0.50.0.0.0.0.0.0.50.0.xover.mutate.done 50
 generation 1.50.50.50.50.50.50.50.50.50.42.0.50.1.50.38.5.1.1.1.1.1.8.0.1.1.1.0.50.0.1.1.50.1.0.0.6.50.6.1.1.1.1.1.50.50.1.1.50.1.7.xover.mutate.done 50
 generation 2.50.50.50.50.50.50.50.50.50.50.53.50.0.0.50.34.50.50.3.50.50.3.50.3.3.16.50.0.31.3.0.3.50.3.50.50.53.9.17.50.3.50.50.50.3.3.3.3.3.3.xover.mutate.done 50
 generation 3.50.50.50.50.50.50.50.50.50.50.15.50.50.33.0.0.50.0.0.0.0.0.50.50.50.0.0.50.0.50.0.50.0.0.0.50.50.0.0.0.0.25.0.53.50.0.50.0.0.39.xover.mutate.done 50
 generation 4.53.52.52.50.50.50.50.50.50.50.4.4.2.50.54.48.52.52.4.50.52.34.52.52.2.4.50.50.25.2.52.50.52.4.52.50.50.50.2.50.4.20.2.50.52.50.2.2.50.4.xover.mutate.done 50
 generation 5.51.50.50.50.51.50.51.51.50.51.1.0.1.1.38.1.51.0.9.0.54.1.32.50.1.1.51.50.51.50.49.50.15.1.37.15.51.50.1.10.51.50.1.51.51.51.13.50.1.50.xover.mutate.done 50
 generation 6.57.53.52.52.52.53.52.52.52.52.9.50.52.48.53.35.9.47.52.50.50.2.50.50.52.52.48.52.50.12.2.2.54.2.51.2.50.0.52.0.50.7.50.50.52.49.52.0.52.31.xover.mutate.done 50
 generation 7.55.42.45.45.46.52.52.52.52.52.52.52.10.4.52.50.50.11.52.2.11.40.52.50.52.52.4.4.52.22.7.50.4.52.55.4.52.52.7.17.55.5.52.28.50.52.50.4.50.52.xover.mutate.done 50
 generation 8.55.55.55.50.50.50.50.50.50.50.50.50.22.5.5.0.50.50.75.7.50.0.0.50.0.50.31.15.50.50.0.50.10.50.0.5.50.50.0.50.50.47.39.0.50.0.50.50.0.50.xover.mutate.done 50
 generation 9.69.54.54.54.51.51.51.51.51.51.0.1.51.1.21.1.1.1.51.50.51.1.45.1.50.0.50.1.1.1.51.1.1.81.1.51.51.0.45.7.10.50.1.12.0.51.1.51.0.48.xover.mutate.done 50
 generation 10.82.71.52.52.52.50.50.50.50.50.1.1.18.50.1.50.1.50.9.1.50.50.1.50.0.1.7.0.42.50.45.16.1.18.11.15.1.50.0.0.1.1.48.1.2.15.28.1.3.50.xover.mutate.done 50
 generation 11.84.67.55.55.55.51.51.51.51.51.51.51.14.16.40.2.51.6.49.60.1.6.1.19.13.17.7.51.17.50.6.50.14.1.39.2.51.51.51.50.2.2.1.2.2.30.51.50.2.14.xover.mutate.done 50
 generation 12.88.73.59.54.54.54.51.51.51.51.51.51.18.51.50.51.51.37.2.51.51.50.13.51.2.51.51.51.17.51.50.51.51.51.51.1.51.1.51.51.53.51.50.50.50.22.50.51.51.50.xover.mutate.done 50
 generation 13.82.68.58.54.54.54.55.50.50.50.50.50.50.50.50.50.54.48.50.50.50.36.50.26.50.50.50.2.2.49.7.50.25.50.2.67.58.54.2.2.2.2.2.50.50.2.48.48.50.50.xover.mutate.done 50
 generation 14.79.70.74.57.61.51.51.51.51.51.50.1.49.49.1.6.2.1.15.1.48.74.91.69.50.1.50.28.50.43.1.50.1.50.6.22.50.50.65.50.55.48.44.49.50.50.50.1.1.31.xover.mutate.done 50
 generation 15.90.81.67.67.66.62.59.58.54.57.47.46.0.0.49.0.0.4.3.45.0.49.50.50.4.32.53.0.42.56.5.50.3.0.0.0.0.0.50.3.54.55.0.50.50.0.12.0.57.22.xover.mutate.done 50
 generation 16.91.79.70.70.74.66.61.58.56.60.56.19.5.50.33.47.50.55.17.64.50.26.6.1.0.1.61.42.54.50.46.1.54.31.0.16.1.43.1.58.51.63.0.5.78.1.1.56.51.55.xover.mutate.done 50
 generation 17.94.89.84.75.66.66.62.60.59.61.63.51.70.50.50.50.19.10.6.1.10.40.25.55.6.56.60.43.50.1.6.56.55.50.48.50.1.50.50.42.1.60.50.50.1.10.58.61.50.50.xover.mutate.done 50
 generation 18.96.85.77.79.77.74.74.64.71.68.6.63.64.31.7.57.0.57.6.45.50.17.7.50.6.57.20.7.0.50.69.50.50.40.50.49.18.64.69.64.50.37.50.70.47.50.0.65.50.0.xover.mutate.done 50
 generation 19.94.79.73.82.70.73.73.69.65.63.83.50.16.65.50.43.6.43.56.50.63.0.50.50.20.0.53.6.65.5.50.65.12.0.46.0.62.4.50.11.65.65.54.23.57.55.50.43.16.6.xover.mutate.done 50
 generation 20.95.87.82.86.72.72.72.73.65.66.69.9.15.48.56.49.66.64.50.55.44.58.12.5.58.50.55.66.74.63.59.67.55.51.54.43.74.91.55.43.54.1.64.19.56.59.8.50.50.50.xover.mutate.done 50
 generation 21.90.92.78.80.85.76.70.74.72.69.50.62.1.22.13.1.54.51.26.38.54.53.49.56.55.54.76.50.42.1.2.14.51.50.1.29.62.55.12.50.55.20.52.33.42.53.50.60.54.34.xover.mutate.done 50
 generation 22.95.92.88.79.73.70.76.68.70.71.58.36.29.11.48.52.61.50.34.58.8.60.60.51.62.27.12.58.51.60.88.51.50.2.50.45.47.3.26.51.38.32.1.45.53.45.51.29.63.60.xover.mutate.done 50
 generation 23.90.89.79.89.89.73.86.75.69.67.7.0.30.4.47.54.61.51.48.45.18.4.52.54.13.63.22.0.46.53.62.21.4.50.39.56.7.16.42.4.0.56.50.37.0.57.45.18.46.29.xover.mutate.done 50
 generation 24.96.92.93.87.81.87.79.75.72.67.2.56.42.30.43.15.51.12.51.57.53.51.24.2.49.25.65.40.51.42.57.2.59.13.42.42.12.32.62.46.8.48.49.51.48.17.11.71.28.8.xover.mutate.done 50
 generation 25.91.86.91.81.84.76.73.76.71.58.0.2.77.28.61.58.58.54.59.0.0.25.28.57.24.21.2.39.47.52.0.8.57.11.0.40.11.60.0.0.70.52.0.51.59.56.32.0.7.0.xover.mutate.done 50
 generation 26.98.96.97.85.85.77.91.76.74.74.50.43.1.50.97.57.17.81.47.59.17.54.20.92.10.27.95.49.12.26.81.92.50.14.43.95.93.1.42.50.58.1.59.50.7.51.56.1.50.47.xover.mutate.done 50
 generation 27.91.88.94.93.90.84.90.93.85.81.57.52.76.47.3.57.38.38.56.43.50.53.81.8.34.11.54.55.64.55.22.26.23.47.53.60.57.8.29.50.41.55.14.13.34.8.92.66.37.53.xover.mutate.done 50
 generation 28.93.90.86.91.94.88.81.87.81.87.0.21.5.92.53.50.53.0.50.39.11.31.8.0.64.0.24.5.50.49.47.39.50.15.55.48.22.60.0.93.25.47.3.2.73.50.0.89.8.47.xover.mutate.done 50
 generation 29.97.94.94.94.94.93.86.88.93.84.2.6.47.36.45.50.2.2.47.60.57.48.53.21.2.31.2.65.50.50.19.64.63.70.49.2.12.43.48.50.54.50.50.2.50.46.2.50.2.94.xover.mutate.done 50
 generation 30.89.86.86.86.86.86.91.84.89.80.52.16.85.47.50.44.52.23.73.14.4.50.50.4.25.9.2.54.4.4.8.31.4.4.4.86.77.55.55.54.12.52.55.58.50.62.52.75.34.13.xover.mutate.done 50
 generation 31.92.93.87.88.88.88.89.88.89.89.63.22.50.54.37.85.57.37.61.45.18.50.50.6.48.89.50.12.69.17.17.60.50.50.55.88.54.81.85.89.21.50.8.88.50.88.32.50.5.8.xover.mutate.done 50
 generation 32.91.92.88.92.91.92.93.92.92.92.75.51.75.51.81.9.50.70.31.45.91.89.51.1.50.48.49.51.56.10.50.1.40.56.51.48.46.2.40.6.51.2.28.55.92.51.89.48.39.1.xover.mutate.done 50
 generation 33.85.92.90.90.90.90.90.90.89.92.50.25.49.3.5.10.5.22.3.10.61.14.15.23.12.53.27.14.11.13.49.51.50.15.53.11.10.49.53.51.5.20.64.50.33.5.3.22.63.50.xover.mutate.done 50
 generation 34.95.93.92.92.92.92.92.92.90.89.83.34.0.49.55.10.8.49.60.4.50.47.0.33.56.49.0.92.50.43.48.26.67.0.50.0.9.8.42.49.50.7.7.5.4.4.46.14.5.50.xover.mutate.done 50
 generation 35.90.94.91.91.91.91.91.91.91.88.58.2.12.21.13.55.53.6.8.51.51.45.51.49.10.2.45.48.22.13.55.62.51.14.1.1.57.42.51.18.46.74.74.51.12.37.88.1.91.2.xover.mutate.done 50
 generation 36.90.91.91.91.91.91.91.91.92.91.43.8.77.50.68.0.37.38.0.59.46.91.31.53.8.46.39.17.17.15.50.64.12.56.49.56.9.0.48.0.0.50.54.48.50.50.49.50.91.91.xover.mutate.done 50
 generation 37.90.90.90.90.90.90.90.90.91.90.51.86.1.50.41.50.31.4.59.6.47.1.90.35.50.63.13.50.13.14.49.43.58.50.17.22.78.50.62.50.1.44.50.50.51.6.58.37.0.50.xover.mutate.done 50
 generation 38.90.93.92.92.93.93.93.92.93.92.50.79.45.9.37.47.50.17.17.72.51.13.1.10.32.51.81.48.68.67.50.77.64.51.1.85.51.6.65.13.7.66.65.51.18.37.15.48.44.51.xover.mutate.done 50
 generation 39.94.94.94.93.94.92.92.92.92.95.48.54.30.44.82.50.56.0.50.6.89.39.50.0.49.0.4.48.5.50.72.7.50.52.0.64.61.23.0.45.24.0.50.5.53.50.21.45.0.7.xover.mutate.done 50
 generation 40.93.92.92.92.92.91.91.91.91.91.14.31.13.16.1.51.29.72.44.1.9.51.6.51.52.51.91.1.1.51.70.1.42.55.91.8.51.78.56.1.51.81.18.64.35.14.48.51.55.63.xover.mutate.done 50
 generation 41.87.89.89.89.89.88.89.89.89.89.19.90.50.1.53.48.0.50.44.89.1.50.17.50.86.48.41.45.53.6.1.50.10.44.37.84.4.6.1.44.55.50.49.68.1.29.50.89.9.56.xover.mutate.done 50
 generation 42.92.93.93.93.93.94.94.94.94.94.59.91.56.56.3.74.52.57.16.52.57.73.73.52.9.2.28.14.50.52.58.3.21.3.3.24.45.11.57.44.52.3.33.44.36.42.50.55.21.47.xover.mutate.done 50
 generation 43.95.95.96.95.95.96.96.96.96.96.50.2.5.96.96.13.49.50.12.48.1.47.1.95.43.95.89.1.10.12.2.71.9.62.0.1.50.44.7.47.50.60.84.50.59.10.77.50.0.50.xover.mutate.done 50
 generation 44.92.90.89.89.90.87.92.89.92.93.19.50.0.18.49.50.34.49.0.69.50.92.50.50.17.34.34.0.50.49.48.45.12.21.0.48.50.27.0.80.50.67.10.21.92.93.0.55.93.92.xover.mutate.done 50
 generation 45.94.94.94.94.94.94.94.92.94.93.63.94.50.50.50.0.50.91.33.49.50.0.19.94.50.70.29.67.0.0.58.46.47.47.94.90.30.94.0.48.39.35.94.50.50.92.92.33.0.0.xover.mutate.done 50
 generation 46.94.94.94.94.94.94.94.94.95.93.90.70.42.48.50.51.0.49.10.94.50.0.50.49.52.48.51.94.48.47.0.50.0.46.39.44.0.50.0.46.94.50.49.0.89.6.49.66.88.52.xover.mutate.done 50
 generation 47.91.91.90.91.91.91.90.90.91.90.18.91.27.9.76.47.57.50.0.82.48.3.49.50.50.55.48.19.52.70.54.8.40.51.1.14.16.51.71.49.0.50.45.47.54.1.89.60.44.39.xover.mutate.done 50
 generation 48.91.92.92.92.92.92.92.92.92.92.1.47.68.91.50.1.38.38.43.51.1.50.1.1.50.43.37.92.17.28.1.1.38.91.11.67.1.20.50.49.92.1.92.18.48.18.0.86.1.20.xover.mutate.done 50
 generation 49.96.96.96.96.96.95.96.96.96.96.50.70.8.64.51.40.43.1.35.23.49.74.50.14.1.78.94.50.66.16.1.15.1.0.20.1.1.50.1.44.24.93.1.30.47.51.7.16.7.50.xover.mutate.done 50
 30544660 iters     699118 iter/sec (43.69 s)
 total time: 43.69
