50 50 50 50 50 50 50 50 50 22 5 2 2 2 2 2 2 2 2 2 2 2 2 2 2 2 2 2 2 2 1 1 1 1 1 1 1 1 1 1 1 1 1 1 1 1 1 1 1 1 
51 51 51 50 50 50 50 50 50 50 50 50 50 50 50 50 50 50 50 50 50 50 19 10 8 5 4 1 1 1 1 1 1 1 1 1 1 1 1 1 1 0 0 0 0 0 0 0 0 0 
92 51 51 51 51 51 51 50 50 50 50 50 50 50 50 50 50 50 50 50 50 41 32 31 18 18 16 1 1 1 1 1 1 1 1 1 1 1 1 1 1 1 1 1 1 0 0 0 0 0 
95 50 50 50 50 50 50 50 50 50 50 50 50 50 50 50 50 50 50 50 50 50 50 50 50 50 50 26 5 1 1 1 1 1 1 1 1 1 1 1 1 1 1 0 0 0 0 0 0 0 
88 84 50 50 50 50 50 50 50 50 50 50 50 50 50 50 50 50 50 50 50 50 50 50 46 43 38 36 26 15 2 1 1 1 1 1 1 1 1 1 1 1 1 1 1 0 0 0 0 0 
89 88 88 86 66 50 50 50 50 50 50 50 50 50 50 50 50 50 50 50 50 50 50 50 50 41 17 17 7 5 1 1 1 1 1 1 1 1 1 1 1 1 1 1 1 1 1 1 0 0 
94 92 90 90 87 67 62 51 50 50 50 50 50 50 50 50 50 50 50 50 50 50 50 50 50 50 43 27 20 20 1 1 1 1 1 1 1 1 1 1 1 1 1 1 1 1 1 0 0 0 
92 87 87 86 86 81 78 72 72 72 70 62 52 50 50 50 50 50 50 50 50 50 50 50 50 50 50 50 50 50 48 48 46 44 44 31 13 10 9 6 2 2 2 2 2 2 2 2 0 0 
92 90 87 86 85 85 84 78 77 75 71 71 70 69 69 68 68 67 67 67 66 63 63 56 53 52 52 51 51 51 51 50 50 50 49 45 42 41 41 40 39 37 25 11 3 3 3 2 2 1 
96 93 89 87 87 86 86 85 84 80 75 69 68 68 67 60 59 57 54 51 50 50 50 50 50 50 50 49 49 46 44 42 38 38 37 30 23 11 10 8 8 7 6 6 0 0 0 0 0 0 
92 89 88 88 88 87 85 85 85 85 84 84 83 83 83 81 80 79 79 78 77 64 63 60 57 53 52 52 52 50 50 46 40 39 39 38 37 30 20 16 15 14 13 4 2 2 2 0 0 0 
91 89 88 88 88 88 87 86 86 84 83 83 83 83 79 78 76 65 61 59 56 54 53 52 50 50 50 50 50 50 50 50 47 44 43 43 39 36 35 33 26 18 10 5 0 0 0 0 0 0 
92 92 92 92 91 91 90 90 89 87 86 84 84 83 82 81 80 67 65 63 62 58 57 56 50 50 50 50 50 50 50 47 46 45 39 36 34 25 15 13 10 9 8 8 0 0 0 0 0 0 
90 89 87 86 86 85 85 85 83 83 83 83 81 76 74 69 64 51 50 50 50 50 50 50 50 50 50 49 49 49 48 47 47 46 46 45 36 34 34 18 14 11 9 8 8 5 2 0 0 0 
96 95 93 93 93 92 92 92 92 92 91 90 75 70 69 63 62 55 53 50 50 50 50 50 50 50 50 50 47 46 43 43 41 38 29 21 18 18 11 9 7 7 6 1 1 1 1 1 1 0 
94 93 93 91 91 90 90 89 89 89 83 76 74 57 56 55 55 54 53 50 50 50 50 50 50 50 50 50 50 49 49 48 46 42 40 39 33 22 19 14 5 5 1 0 0 0 0 0 0 0 
94 92 91 90 90 90 90 90 90 90 90 90 90 89 88 81 67 64 62 60 58 56 55 52 51 51 51 51 51 50 50 50 50 48 45 45 40 19 16 12 11 8 4 2 1 1 1 1 1 0 
93 92 92 92 92 92 92 92 92 91 91 91 91 90 90 89 88 83 82 78 77 76 64 59 57 55 54 52 52 50 50 50 50 50 49 48 48 42 42 41 33 16 16 15 14 11 2 2 2 2 
91 90 90 89 89 89 89 88 88 88 88 87 86 84 79 79 77 76 68 67 62 59 59 57 55 53 53 53 51 51 51 51 49 44 44 41 37 36 15 10 10 10 9 8 8 5 5 5 3 2 
88 88 88 87 86 85 85 85 85 85 85 85 85 84 84 84 84 84 84 84 83 81 79 76 65 65 64 64 58 58 58 57 57 52 52 52 52 51 51 51 51 50 48 40 37 32 20 10 3 3 
94 93 93 93 93 92 92 92 92 92 92 92 92 92 92 92 91 89 89 86 86 70 62 58 57 57 54 52 52 52 52 51 51 51 50 50 50 50 46 38 35 24 22 12 8 7 6 3 1 1 
95 94 93 92 92 92 92 92 92 91 88 86 86 85 83 77 74 73 71 70 64 60 60 60 59 57 53 52 52 52 52 52 52 51 50 50 48 46 44 44 33 31 28 16 12 6 4 4 2 2 
98 98 97 96 96 96 96 94 94 94 93 92 91 90 89 80 79 79 78 69 52 52 51 50 50 50 50 50 50 50 49 49 49 49 48 47 46 43 43 42 40 33 33 17 4 3 2 1 1 1 
96 95 95 95 95 94 94 94 94 94 94 91 86 85 81 67 56 56 51 51 51 50 50 50 50 49 49 48 47 47 40 32 29 26 24 18 18 13 13 12 8 3 1 1 1 1 1 1 1 1 
96 96 96 96 95 95 95 95 95 95 94 94 93 89 83 73 72 63 60 59 57 56 55 55 53 51 51 50 50 50 50 49 45 44 26 23 20 17 12 11 8 8 5 2 1 1 1 1 1 1 
92 90 90 89 89 87 87 87 87 87 87 87 82 76 75 67 65 60 60 55 51 51 51 50 50 50 50 50 47 46 42 41 37 36 35 27 25 23 20 20 19 18 14 12 5 4 2 1 1 0 
95 94 93 93 92 92 92 91 91 91 91 91 91 91 91 91 91 91 78 78 73 72 66 65 59 59 54 50 50 50 49 49 48 47 43 37 36 35 32 30 23 10 9 8 7 6 6 6 1 0 
93 93 92 92 91 91 89 89 89 89 89 87 79 77 76 72 67 63 60 60 57 50 50 50 50 50 50 50 49 49 48 48 47 46 45 44 32 30 28 20 19 18 15 14 13 8 0 0 0 0 
93 93 92 91 91 90 89 89 89 89 88 78 75 72 70 69 68 64 60 57 52 52 51 51 50 50 50 49 49 47 46 42 41 40 30 29 24 22 13 10 10 10 8 7 3 3 3 2 1 1 
92 92 92 91 91 90 90 89 89 89 87 82 82 80 78 69 67 66 60 59 51 51 50 50 50 50 48 47 46 46 45 44 43 42 42 42 41 41 40 38 36 35 35 30 25 18 8 7 2 1 
95 95 95 95 95 95 95 95 95 94 93 92 91 81 79 70 65 64 60 60 52 52 52 52 51 50 50 49 45 42 38 38 23 22 19 18 13 12 11 6 5 5 4 3 3 3 3 1 1 1 
96 96 96 94 94 94 94 94 94 94 94 94 94 93 92 90 86 80 76 74 60 59 58 55 51 51 51 50 50 47 46 44 34 28 28 24 19 13 12 10 10 9 8 3 1 1 1 1 1 1 
92 91 91 91 90 90 90 90 90 90 90 90 90 90 90 90 89 83 81 80 79 77 76 75 75 65 65 65 65 58 54 51 51 50 50 50 50 48 48 48 46 17 16 9 8 8 8 1 1 0 
96 95 95 93 93 93 93 93 93 93 93 93 93 93 93 92 81 80 74 66 57 56 51 51 50 50 50 50 50 50 50 48 48 48 44 42 42 38 34 34 32 20 13 8 7 7 5 5 5 1 
92 91 90 89 89 89 89 89 89 89 89 89 89 88 88 83 74 62 61 55 55 55 51 50 50 50 50 50 50 49 45 43 35 29 24 23 22 14 10 5 1 1 1 1 1 1 0 0 0 0 
93 92 92 91 90 89 89 89 89 89 89 89 85 84 76 73 70 69 59 57 57 55 51 51 50 48 47 47 47 46 46 42 41 41 41 40 38 37 29 25 13 11 3 2 1 1 1 0 0 0 
93 93 92 92 92 91 90 90 90 90 90 90 90 90 90 90 83 75 71 68 68 66 61 59 58 58 55 54 52 50 50 50 46 43 41 38 37 35 33 30 29 21 11 11 10 8 8 2 2 0 
94 94 94 94 93 93 93 92 91 91 91 91 90 90 90 87 81 75 73 73 62 58 57 57 57 53 51 50 50 50 50 50 50 50 47 43 39 33 31 16 15 8 8 7 2 1 1 1 1 0 
94 94 93 93 93 93 92 92 92 92 92 92 92 91 75 66 65 62 61 59 58 57 56 54 54 51 51 51 51 51 50 50 50 50 48 46 46 45 43 42 39 35 34 19 12 7 7 1 0 0 
96 95 94 92 92 92 92 92 90 90 88 88 86 86 81 81 81 71 67 62 51 50 50 48 48 46 44 44 41 40 39 39 35 31 29 28 28 25 21 16 14 11 9 6 5 1 1 1 1 1 
96 96 96 95 95 95 95 95 94 94 93 93 92 88 81 79 69 64 61 56 55 54 53 52 52 52 52 52 51 50 50 50 46 46 42 35 35 33 33 26 20 16 12 11 4 3 3 3 3 2 
98 95 95 95 95 95 95 95 95 94 94 94 93 93 92 91 89 83 79 75 73 66 58 57 54 54 53 50 50 50 46 46 44 42 38 34 32 24 18 15 14 12 5 5 3 0 0 0 0 0 
94 94 93 93 93 93 93 93 93 93 93 92 91 90 89 89 85 81 80 79 69 66 65 61 55 55 52 50 50 50 50 50 50 50 50 50 49 48 46 46 36 31 27 24 9 9 7 6 0 0 
95 95 95 95 95 94 94 94 94 94 94 91 91 80 79 78 69 61 58 56 55 51 51 51 51 50 50 50 50 50 50 50 49 49 49 49 48 46 25 21 17 14 13 12 9 8 1 1 1 0 
92 92 92 92 92 92 92 91 91 90 90 90 90 90 88 84 75 73 70 70 61 56 52 52 52 50 50 50 49 48 46 46 46 43 43 32 31 28 24 22 21 13 11 10 2 2 2 2 2 2 
93 92 92 91 91 91 90 90 90 90 88 88 88 86 84 84 80 78 75 73 64 56 53 52 51 51 50 50 50 50 49 47 45 45 38 37 27 27 23 16 8 6 5 4 4 2 2 2 1 1 
88 88 88 87 87 87 87 87 86 86 85 79 68 65 60 58 58 56 55 54 54 51 51 50 50 49 48 48 47 42 40 35 33 27 24 20 19 15 9 9 2 2 2 2 2 1 1 1 1 1 
93 92 92 92 91 91 91 91 91 91 90 90 89 88 84 83 81 77 55 54 53 52 51 50 50 50 50 50 50 49 43 43 33 18 11 11 10 7 4 4 4 4 4 4 4 3 1 1 1 1 
94 94 91 91 91 91 91 91 91 90 89 89 88 86 71 71 70 69 67 64 60 59 59 51 51 50 50 50 50 50 49 49 48 47 47 45 30 14 8 8 7 1 1 1 1 1 1 1 1 0 
97 94 94 94 94 94 94 94 94 94 93 93 90 87 74 58 58 55 51 51 51 51 50 50 50 50 50 50 50 50 49 48 45 39 37 27 15 9 9 8 1 1 1 1 1 1 1 1 1 0 
