50 50 50 50 50 50 50 50 50 40 33 6 0 0 0 0 0 0 0 0 0 0 0 0 0 0 0 0 0 0 0 0 0 0 0 0 0 0 0 0 0 0 0 0 0 0 0 0 0 0 
50 50 50 50 50 50 50 50 50 50 50 50 50 50 50 50 50 42 38 8 7 6 6 5 1 1 1 1 1 1 1 1 1 1 1 1 1 1 1 1 1 1 1 1 0 0 0 0 0 0 
53 53 50 50 50 50 50 50 50 50 50 50 50 50 50 50 50 50 50 50 50 50 50 50 50 50 50 34 31 17 16 9 3 3 3 3 3 3 3 3 3 3 3 3 3 3 0 0 0 0 
53 50 50 50 50 50 50 50 50 50 50 50 50 50 50 50 50 50 50 50 50 50 50 50 39 33 25 15 0 0 0 0 0 0 0 0 0 0 0 0 0 0 0 0 0 0 0 0 0 0 
54 53 52 52 52 52 52 52 52 52 52 52 52 50 50 50 50 50 50 50 50 50 50 50 50 50 50 50 50 50 50 50 48 34 25 20 4 4 4 4 4 4 4 2 2 2 2 2 2 2 
54 51 51 51 51 51 51 51 51 51 51 51 51 51 50 50 50 50 50 50 50 50 50 50 50 50 50 49 38 37 32 15 15 13 10 9 1 1 1 1 1 1 1 1 1 1 1 0 0 0 
57 54 53 53 53 52 52 52 52 52 52 52 52 52 52 52 52 52 52 52 52 51 50 50 50 50 50 50 50 50 50 50 49 48 48 47 35 31 12 9 9 7 2 2 2 2 2 0 0 0 
55 55 55 52 52 52 52 52 52 52 52 52 52 52 52 52 52 52 52 52 52 52 50 50 50 50 50 50 50 46 45 45 42 40 28 22 17 11 11 10 7 7 5 4 4 4 4 4 4 2 
75 55 55 55 50 50 50 50 50 50 50 50 50 50 50 50 50 50 50 50 50 50 50 50 50 50 50 50 50 50 47 39 31 22 15 10 7 5 5 5 0 0 0 0 0 0 0 0 0 0 
81 69 54 54 54 51 51 51 51 51 51 51 51 51 51 51 51 51 51 50 50 50 50 48 45 45 21 12 10 7 1 1 1 1 1 1 1 1 1 1 1 1 1 1 1 0 0 0 0 0 
82 71 52 52 52 50 50 50 50 50 50 50 50 50 50 50 50 50 50 48 45 42 28 18 18 16 15 15 11 9 7 3 2 1 1 1 1 1 1 1 1 1 1 1 1 1 0 0 0 0 
84 67 60 55 55 55 51 51 51 51 51 51 51 51 51 51 51 51 51 50 50 50 50 49 40 39 30 19 17 17 16 14 14 14 13 7 6 6 6 2 2 2 2 2 2 2 1 1 1 1 
88 73 59 54 54 54 53 51 51 51 51 51 51 51 51 51 51 51 51 51 51 51 51 51 51 51 51 51 51 51 51 51 51 50 50 50 50 50 50 50 50 37 22 18 17 13 2 2 1 1 
82 68 67 58 58 55 54 54 54 54 54 50 50 50 50 50 50 50 50 50 50 50 50 50 50 50 50 50 50 50 50 50 50 49 48 48 48 36 26 25 7 2 2 2 2 2 2 2 2 2 
91 79 74 74 70 69 65 61 57 55 51 51 51 51 51 50 50 50 50 50 50 50 50 50 50 50 50 49 49 49 48 48 44 43 31 28 22 15 6 6 2 1 1 1 1 1 1 1 1 1 
90 81 67 67 66 62 59 58 57 57 56 55 54 54 53 50 50 50 50 50 50 49 49 47 46 45 42 32 22 12 5 4 4 3 3 3 0 0 0 0 0 0 0 0 0 0 0 0 0 0 
91 79 78 74 70 70 66 64 63 61 61 60 58 58 56 56 56 55 55 54 54 51 51 50 50 50 50 47 46 43 42 33 31 26 19 17 16 6 5 5 1 1 1 1 1 1 1 0 0 0 
94 89 84 75 70 66 66 63 62 61 61 60 60 60 59 58 56 56 55 55 51 50 50 50 50 50 50 50 50 50 50 50 50 48 43 42 40 25 19 10 10 10 6 6 6 1 1 1 1 1 
96 85 79 77 77 74 74 71 70 69 69 68 65 64 64 64 64 63 57 57 57 50 50 50 50 50 50 50 50 50 50 49 47 45 40 37 31 20 18 17 7 7 7 6 6 6 0 0 0 0 
94 83 82 79 73 73 73 70 69 65 65 65 65 65 65 63 63 62 57 56 55 54 53 50 50 50 50 50 50 50 50 46 43 43 43 23 20 16 16 12 11 6 6 6 5 4 0 0 0 0 
95 91 87 86 82 74 74 73 72 72 72 69 67 66 66 66 65 64 64 63 59 59 58 58 56 56 55 55 55 55 54 54 51 50 50 50 50 50 49 48 44 43 43 19 15 12 9 8 5 1 
92 90 85 80 78 76 76 74 72 70 69 62 62 60 56 55 55 55 54 54 54 54 53 53 52 51 51 50 50 50 50 50 49 42 42 38 34 33 29 26 22 20 14 13 12 2 1 1 1 1 
95 92 88 88 79 76 73 71 70 70 68 63 62 61 60 60 60 60 58 58 58 53 52 51 51 51 51 51 50 50 50 48 47 45 45 45 38 36 34 32 29 29 27 26 12 11 8 3 2 1 
90 89 89 89 86 79 75 73 69 67 63 62 61 57 56 56 54 54 53 52 51 50 50 48 47 46 46 45 45 42 39 37 30 29 22 21 18 18 16 13 7 7 4 4 4 4 0 0 0 0 
96 93 92 87 87 81 79 75 72 71 67 65 62 59 57 57 56 53 51 51 51 51 51 49 49 48 48 46 43 42 42 42 42 40 32 30 28 25 24 17 15 13 12 12 11 8 8 2 2 2 
91 91 86 84 81 77 76 76 73 71 70 61 60 59 59 58 58 58 57 57 56 54 52 52 51 47 40 39 32 28 28 25 24 21 11 11 8 7 2 2 0 0 0 0 0 0 0 0 0 0 
98 97 97 96 95 95 93 92 92 91 85 85 81 81 77 76 74 74 59 59 58 57 56 54 51 50 50 50 50 50 50 49 47 47 43 43 42 27 26 20 17 17 14 12 10 7 1 1 1 1 
94 93 93 92 91 90 90 88 85 84 81 81 76 66 64 60 57 57 57 56 55 55 55 54 53 53 53 52 50 50 47 47 43 41 38 38 37 34 34 29 26 23 22 14 13 11 8 8 8 3 
94 93 93 92 91 90 89 88 87 87 86 81 81 73 64 60 55 53 53 50 50 50 50 50 49 48 47 47 47 39 39 31 25 24 22 21 15 11 8 8 5 5 3 2 0 0 0 0 0 0 
97 94 94 94 94 94 93 93 88 86 84 70 65 64 63 60 57 54 53 50 50 50 50 50 50 50 50 49 48 48 47 47 46 45 43 36 31 21 19 12 6 2 2 2 2 2 2 2 2 2 
91 89 89 86 86 86 86 86 86 85 84 80 77 75 73 62 58 55 55 55 54 54 52 52 52 52 50 50 50 50 47 44 34 31 25 23 16 14 13 12 9 8 4 4 4 4 4 4 4 2 
93 92 89 89 89 89 89 88 88 88 88 88 88 88 87 85 85 81 69 63 61 60 57 55 54 54 50 50 50 50 50 50 50 50 50 48 45 37 37 32 22 21 18 17 17 12 8 8 6 5 
93 92 92 92 92 92 92 92 91 91 91 89 89 88 81 75 75 70 56 56 55 51 51 51 51 51 51 51 50 50 50 49 48 48 48 46 45 40 40 39 31 28 10 9 6 2 2 1 1 1 
92 92 90 90 90 90 90 90 89 85 64 63 61 53 53 53 51 51 50 50 50 50 49 49 49 33 27 25 23 22 22 20 15 15 14 14 13 12 11 11 10 10 10 5 5 5 5 3 3 3 
95 93 92 92 92 92 92 92 92 90 89 83 67 60 56 55 50 50 50 50 50 49 49 49 49 48 47 46 43 42 34 33 26 14 10 9 8 8 7 7 5 5 4 4 4 0 0 0 0 0 
94 91 91 91 91 91 91 91 91 90 88 88 74 74 62 58 57 55 55 53 51 51 51 51 51 51 49 48 46 45 45 42 37 22 21 18 14 13 13 12 12 10 8 6 2 2 2 1 1 1 
92 91 91 91 91 91 91 91 91 91 91 91 90 77 68 64 59 56 56 54 53 50 50 50 50 50 50 49 49 48 48 46 46 43 39 38 37 31 17 17 15 12 9 8 8 0 0 0 0 0 
91 90 90 90 90 90 90 90 90 90 90 86 78 63 62 59 58 58 51 51 50 50 50 50 50 50 50 50 50 50 49 47 44 43 41 37 35 31 22 17 14 13 13 6 6 4 1 1 1 0 
93 93 93 93 93 92 92 92 92 90 85 81 79 77 72 68 67 66 65 65 64 51 51 51 51 51 51 50 50 50 48 48 47 45 44 37 37 32 18 17 17 15 13 13 10 9 7 6 1 1 
95 94 94 94 94 93 92 92 92 92 89 82 72 64 61 56 54 53 52 50 50 50 50 50 50 50 49 48 48 45 45 44 39 30 24 23 21 7 7 6 5 5 4 0 0 0 0 0 0 0 
93 92 92 92 92 91 91 91 91 91 91 91 81 78 72 70 64 63 56 55 55 52 51 51 51 51 51 51 51 51 48 44 42 35 31 29 18 16 14 14 13 9 8 6 1 1 1 1 1 1 
90 89 89 89 89 89 89 89 89 89 89 88 87 86 84 68 56 55 53 53 50 50 50 50 50 50 50 49 48 48 45 44 44 44 41 37 29 19 17 10 9 6 6 4 1 1 1 1 1 0 
94 94 94 94 94 93 93 93 93 92 91 74 73 73 59 58 57 57 57 56 56 55 52 52 52 52 52 50 50 47 45 44 44 42 36 33 28 24 21 21 16 14 11 9 3 3 3 3 3 2 
96 96 96 96 96 96 96 96 95 95 95 95 95 95 89 84 77 71 62 60 59 50 50 50 50 50 50 50 49 48 47 47 44 43 13 12 12 10 10 9 7 5 2 2 1 1 1 1 0 0 
93 93 93 92 92 92 92 92 92 90 90 89 89 89 87 80 69 67 55 50 50 50 50 50 50 50 50 49 49 49 48 48 45 34 34 34 27 21 21 19 18 17 12 10 0 0 0 0 0 0 
94 94 94 94 94 94 94 94 94 94 94 94 94 93 92 92 92 91 90 70 67 63 58 50 50 50 50 50 50 50 50 49 48 47 47 46 39 35 33 33 30 29 19 0 0 0 0 0 0 0 
95 94 94 94 94 94 94 94 94 94 94 94 93 90 89 88 70 66 52 52 51 51 50 50 50 50 50 50 49 49 49 49 48 48 48 47 46 46 44 42 39 10 6 0 0 0 0 0 0 0 
91 91 91 91 91 91 91 90 90 90 90 89 82 76 71 70 60 57 55 54 54 52 51 51 50 50 50 50 49 49 48 48 47 47 45 44 40 39 27 19 18 16 14 9 8 3 1 1 0 0 
92 92 92 92 92 92 92 92 92 92 92 92 91 91 91 86 68 67 51 50 50 50 50 49 48 47 43 43 38 38 38 37 28 20 20 18 18 17 11 1 1 1 1 1 1 1 1 1 1 0 
96 96 96 96 96 96 96 96 96 95 94 93 78 74 70 66 64 51 51 50 50 50 50 50 49 47 44 43 40 35 30 24 23 20 16 16 15 14 8 7 7 1 1 1 1 1 1 1 1 0 
