% Invoked: ./gella -d -r 3 -l biased_r3/run31 >& biased_r3/run31.log
% Ministry of Cellular Automata
% Project Deux (CS523 Spring 2015)
% Version:v0.1-70-g0624-dirty
%  pop:50
%  ic count:100
%  CA Log option:biased_r3/run31
%  width:121
%  max workers:4
%  radius:3
%  iterations:300
%  use bias:true
%  generations:50

 generation 0.0.50.0.0.0.0.0.0.50.0.50.0.0.50.0.0.50.0.0.0.0.0.0.0.50.0.0.0.1.0.0.50.0.0.0.0.0.0.50.0.0.0.0.0.0.0.50.21.0.0.xover.mutate.done 50
 generation 1.50.50.50.50.50.50.50.50.50.28.1.0.0.1.1.1.1.1.0.1.1.1.0.1.50.0.0.56.1.1.1.1.1.1.1.1.51.1.50.56.1.0.36.1.7.1.1.11.0.1.xover.mutate.done 50
 generation 2.55.58.50.51.50.50.50.50.50.50.50.1.0.50.50.50.1.1.50.34.0.1.16.1.30.50.13.1.0.1.1.1.50.1.1.1.50.1.1.1.50.1.1.1.1.0.2.0.36.50.xover.mutate.done 50
 generation 3.59.49.52.52.50.50.50.50.50.50.50.2.4.2.2.50.50.4.50.5.2.4.50.50.50.17.50.50.52.2.50.12.52.52.50.52.2.52.4.2.50.52.52.50.50.52.52.4.4.2.xover.mutate.done 50
 generation 4.57.50.53.50.53.53.50.53.50.53.53.3.3.3.7.50.3.3.50.50.53.50.3.53.3.22.0.3.50.53.3.50.3.3.3.50.3.3.0.50.50.10.50.50.3.3.3.50.0.47.xover.mutate.done 50
 generation 5.55.51.51.51.51.51.51.51.51.51.1.51.42.7.8.1.1.0.1.1.0.7.1.51.50.2.50.1.35.1.41.0.1.9.1.0.1.1.9.1.1.7.0.51.51.0.51.0.50.50.xover.mutate.done 50
 generation 6.58.51.51.51.51.51.51.51.51.51.2.40.51.48.51.1.51.51.51.2.2.1.49.51.2.2.39.2.51.51.2.2.51.1.7.1.47.19.51.2.51.2.1.51.2.49.2.2.1.2.xover.mutate.done 50
 generation 7.60.52.52.52.52.52.52.52.52.52.2.2.8.52.52.2.2.52.2.50.52.2.2.0.50.50.2.2.2.2.2.2.2.52.40.0.0.52.2.12.52.52.2.52.52.2.50.2.2.52.xover.mutate.done 50
 generation 8.60.50.50.50.50.50.50.50.50.50.50.46.0.50.0.50.0.50.50.50.0.0.0.0.0.0.0.11.0.0.0.50.0.50.50.47.50.0.50.0.45.50.50.0.0.50.36.0.0.16.xover.mutate.done 50
 generation 9.56.50.50.50.50.50.50.50.50.50.0.0.50.0.0.0.13.0.0.0.50.50.0.50.0.50.0.0.0.0.50.41.31.50.0.0.42.0.0.50.50.0.50.16.0.0.50.0.0.33.xover.mutate.done 50
 generation 10.58.51.51.51.51.51.51.51.51.51.2.1.51.2.1.51.51.2.2.1.51.13.2.1.9.51.2.2.2.23.51.17.1.1.2.51.49.51.1.37.2.2.2.21.2.2.2.2.2.2.xover.mutate.done 50
 generation 11.55.50.50.50.50.50.50.50.50.50.0.0.0.0.50.0.0.0.0.50.0.0.18.0.50.0.18.0.0.0.0.43.50.50.0.0.50.0.0.0.31.43.0.0.50.50.0.0.0.0.xover.mutate.done 50
 generation 12.54.50.50.50.50.50.50.50.50.50.1.50.50.50.0.1.1.1.1.1.1.1.7.1.1.0.50.9.43.50.50.50.50.50.1.50.41.50.1.1.0.1.50.50.1.49.7.1.1.50.xover.mutate.done 50
 generation 13.57.52.52.52.52.52.52.52.52.52.2.52.52.0.0.2.39.2.2.52.52.2.2.2.2.2.2.52.52.2.0.52.2.2.52.2.2.13.0.52.2.2.52.2.52.52.50.48.2.50.xover.mutate.done 50
 generation 14.61.51.51.51.51.51.51.51.51.51.2.51.2.51.51.2.2.2.50.1.2.51.11.11.2.1.51.2.2.2.2.50.1.2.51.51.51.2.1.2.2.2.2.2.51.2.2.2.51.2.xover.mutate.done 50
 generation 15.59.50.50.50.50.50.50.50.50.50.50.0.50.0.0.0.0.0.50.0.0.0.0.50.0.0.50.0.0.0.0.50.0.50.0.0.0.10.0.50.0.50.0.0.0.0.0.9.0.0.xover.mutate.done 50
 generation 16.59.50.50.50.50.50.50.50.50.50.2.2.50.13.50.50.2.2.50.50.2.2.2.15.2.0.2.2.2.2.21.7.42.50.2.2.50.2.50.2.0.2.42.2.2.50.14.50.0.41.xover.mutate.done 50
 generation 17.55.51.51.51.51.51.51.51.51.51.51.12.51.51.51.1.9.1.2.51.6.1.50.2.1.1.2.51.51.2.51.1.51.6.50.50.50.51.1.2.19.50.2.1.2.2.2.2.2.2.xover.mutate.done 50
 generation 18.57.51.51.51.51.51.51.51.51.51.51.51.51.51.21.51.51.3.3.12.51.23.1.47.29.3.51.51.51.1.50.50.3.50.51.17.25.3.50.10.50.51.3.51.51.50.3.51.3.1.xover.mutate.done 50
 generation 19.49.51.51.51.51.51.51.51.51.51.51.51.2.2.51.1.51.1.51.2.2.51.51.18.51.13.51.51.1.35.51.51.50.51.51.51.51.50.51.51.51.51.50.51.51.2.51.51.11.51.xover.mutate.done 50
 generation 20.50.50.50.50.50.50.50.50.50.50.50.50.0.50.1.50.21.50.50.50.50.50.50.50.50.1.50.50.0.1.1.24.50.50.50.1.50.50.1.9.50.50.0.50.20.50.50.50.50.50.xover.mutate.done 50
 generation 21.50.50.50.50.50.50.50.50.50.50.47.50.0.50.0.0.0.50.0.0.0.0.2.50.50.50.50.0.50.0.50.50.0.50.0.0.50.0.50.50.0.50.50.0.0.0.50.0.49.0.xover.mutate.done 50
 generation 22.51.51.51.51.51.51.51.51.51.51.2.16.51.2.1.40.1.50.50.51.2.2.1.2.2.2.2.42.2.42.2.2.51.51.2.51.51.2.49.51.2.2.50.51.2.2.2.2.2.2.xover.mutate.done 50
 generation 23.53.53.53.53.53.53.53.53.53.53.5.5.53.53.17.5.53.53.53.53.50.28.2.5.5.53.5.53.53.53.2.5.53.3.5.53.53.53.53.53.53.53.53.53.53.5.5.5.3.53.xover.mutate.done 50
 generation 24.52.52.52.52.52.52.52.52.52.52.52.52.2.4.52.52.52.45.4.52.52.52.52.4.52.4.52.4.44.4.4.52.4.52.4.4.52.4.52.52.52.4.52.52.52.52.4.52.52.4.xover.mutate.done 50
 generation 25.51.51.51.51.51.51.51.51.51.51.51.48.51.1.1.51.1.4.1.29.45.50.51.1.51.10.50.1.42.50.1.1.51.51.1.1.1.51.51.38.50.51.51.51.1.20.51.1.1.51.xover.mutate.done 50
 generation 26.51.51.51.51.51.51.51.51.51.51.2.2.51.24.51.51.51.51.26.51.1.46.51.2.13.2.2.2.2.51.51.2.51.51.51.2.51.2.2.2.50.2.2.2.2.47.2.51.51.2.xover.mutate.done 50
 generation 27.50.50.50.50.50.50.50.50.50.50.1.1.1.1.21.16.50.1.50.1.1.1.50.1.6.14.1.1.50.1.1.21.1.1.1.1.1.1.1.50.1.50.50.50.1.1.11.5.1.5.xover.mutate.done 50
 generation 28.51.51.51.51.51.51.51.51.51.51.1.47.1.41.2.1.2.2.51.51.51.51.32.2.2.2.1.51.2.2.2.51.2.2.51.2.2.51.2.2.51.2.51.2.2.51.2.51.11.2.xover.mutate.done 50
 generation 29.50.50.50.50.50.50.50.50.50.50.0.50.0.0.47.0.0.0.0.0.0.50.0.0.21.50.0.0.0.0.50.50.0.0.50.0.0.0.0.0.0.50.50.0.0.0.0.50.0.50.xover.mutate.done 50
 generation 30.51.51.51.51.51.51.51.51.51.51.1.1.1.1.50.51.1.51.51.51.51.1.1.14.9.6.1.51.1.1.1.1.51.1.51.51.1.18.51.1.1.51.1.1.1.1.1.1.1.1.xover.mutate.done 50
 generation 31.50.50.50.50.50.50.50.50.50.50.50.13.50.2.50.50.50.2.2.50.2.50.2.50.2.50.2.2.50.47.50.50.41.2.2.2.2.2.50.50.19.50.50.2.14.2.50.2.50.50.xover.mutate.done 50
 generation 32.50.50.50.50.50.50.50.50.50.50.10.50.3.3.3.50.50.50.50.50.50.3.3.50.3.50.3.13.3.3.3.50.50.12.50.3.3.50.50.14.3.3.50.3.46.50.50.50.50.50.xover.mutate.done 50
 generation 33.50.50.50.50.50.50.50.50.50.50.50.50.44.50.50.50.2.2.50.2.50.50.2.50.2.50.50.2.2.50.50.50.2.50.2.50.2.21.50.2.50.2.50.2.50.2.26.50.50.29.xover.mutate.done 50
 generation 34.50.50.50.50.50.50.50.50.50.50.50.1.1.50.1.50.50.50.0.0.50.50.1.39.50.50.50.22.50.50.50.50.50.1.50.50.50.1.0.50.1.13.50.50.50.15.50.50.1.1.xover.mutate.done 50
 generation 35.50.50.50.50.50.50.50.50.50.50.50.50.1.1.50.1.1.1.1.1.1.50.1.1.50.1.1.1.50.1.1.50.50.1.0.50.1.12.50.0.50.1.8.1.14.6.1.50.50.50.xover.mutate.done 50
 generation 36.51.51.51.51.51.51.51.51.51.51.51.51.1.51.1.1.1.2.51.51.9.21.2.51.2.51.51.2.2.51.2.51.51.2.51.51.51.51.2.2.51.2.2.2.2.51.51.2.1.51.xover.mutate.done 50
 generation 37.52.52.52.52.52.52.52.52.52.52.52.2.0.52.52.2.52.52.2.52.2.52.2.52.52.2.2.2.52.52.2.2.52.52.52.52.52.2.52.52.2.2.52.2.52.52.52.52.23.52.xover.mutate.done 50
 generation 38.50.50.50.50.50.50.50.50.50.50.50.50.2.2.2.2.50.50.18.50.2.2.50.50.50.2.2.2.2.2.2.2.35.50.50.50.50.50.2.2.20.50.19.2.2.0.50.50.2.50.xover.mutate.done 50
 generation 39.51.51.51.51.51.51.51.51.51.51.3.4.51.4.4.51.4.51.25.51.4.4.4.10.4.3.4.4.51.51.51.4.51.4.4.51.4.4.4.4.51.4.51.4.40.26.50.51.4.51.xover.mutate.done 50
 generation 40.50.50.50.50.50.50.50.50.50.50.0.0.0.50.0.50.11.23.50.23.50.0.50.0.0.0.50.50.0.20.0.0.50.0.0.50.0.0.39.0.0.50.0.26.50.0.0.0.50.10.xover.mutate.done 50
 generation 41.51.51.51.51.51.51.51.51.51.51.4.4.16.51.4.27.51.51.3.4.51.4.4.4.4.51.4.51.51.4.51.1.4.4.51.51.4.4.51.1.4.51.1.4.4.14.51.1.4.51.xover.mutate.done 50
 generation 42.52.52.52.52.52.52.52.52.52.52.52.2.2.52.52.52.52.52.2.52.2.52.52.52.52.2.52.2.52.2.52.2.52.2.2.2.52.2.52.52.2.15.24.52.2.52.52.52.52.2.xover.mutate.done 50
 generation 43.52.52.52.52.52.52.52.52.52.52.52.52.2.2.4.52.4.2.14.49.2.4.52.4.52.52.20.52.4.52.52.2.2.52.4.52.4.52.52.2.52.4.50.52.4.4.2.4.4.4.xover.mutate.done 50
 generation 44.50.50.50.50.50.50.50.50.50.50.12.50.1.50.43.1.50.50.1.1.50.0.50.1.1.50.1.50.50.1.1.50.50.50.1.50.50.50.1.9.50.50.34.1.0.1.1.50.44.1.xover.mutate.done 50
 generation 45.50.50.50.50.50.50.50.50.50.50.50.50.50.0.50.50.0.0.50.0.0.50.0.50.0.50.50.50.50.50.50.50.50.0.50.50.0.50.50.18.0.50.50.0.0.0.0.50.50.10.xover.mutate.done 50
 generation 46.51.51.51.51.51.51.51.51.51.51.1.1.41.51.51.51.51.1.51.1.1.51.1.51.51.51.1.51.1.18.1.1.1.1.51.51.51.51.51.51.1.25.51.51.1.1.51.51.51.51.xover.mutate.done 50
 generation 47.50.50.50.50.50.50.50.50.50.50.50.50.50.0.23.42.19.50.50.50.21.15.0.1.0.50.0.0.0.50.50.0.0.0.22.23.50.50.50.0.0.50.50.0.0.50.0.0.0.0.xover.mutate.done 50
 generation 48.51.51.51.51.51.51.51.51.51.51.51.51.2.51.2.41.32.51.1.51.2.51.51.51.2.2.17.51.2.51.51.51.51.21.2.51.51.51.2.50.2.51.2.2.51.51.2.51.2.51.xover.mutate.done 50
 generation 49.50.50.50.50.50.50.50.50.50.50.0.0.50.50.50.50.50.0.50.50.50.0.0.4.50.50.0.0.0.15.0.33.0.50.50.50.50.50.0.0.50.16.0.50.50.50.0.0.50.35.xover.mutate.done 50
 32566072 iters     719257 iter/sec (45.28 s)
 total time: 45.28
