52 52 51 50 50 50 50 50 50 50 50 50 50 14 10 3 3 3 3 3 3 3 3 3 3 3 3 3 3 2 2 2 2 2 2 2 2 2 2 1 1 1 1 1 1 1 1 1 1 1 
53 51 51 51 51 51 51 50 50 50 50 50 50 50 50 50 50 50 50 50 50 50 50 50 46 24 13 5 1 1 1 1 1 1 1 1 1 1 1 1 1 1 1 1 1 1 1 1 0 0 
52 52 52 52 52 52 52 52 52 52 52 50 50 50 50 50 50 50 50 50 50 50 50 50 50 50 50 50 50 50 50 50 50 31 18 16 6 2 2 2 2 2 2 2 2 2 2 0 0 0 
55 51 51 51 51 51 51 51 51 51 51 51 51 51 51 51 51 51 51 51 51 50 50 50 50 50 50 50 50 50 50 50 50 44 22 16 1 1 1 1 1 1 1 1 1 1 1 1 1 0 
69 50 50 50 50 50 50 50 50 50 50 50 50 50 50 50 50 50 50 50 50 50 50 50 50 50 50 50 50 50 12 3 0 0 0 0 0 0 0 0 0 0 0 0 0 0 0 0 0 0 
68 55 52 50 50 50 50 50 50 50 50 50 50 50 50 50 50 50 50 50 50 50 50 50 50 50 50 50 50 50 50 50 50 50 50 50 50 50 46 12 1 1 1 1 1 1 1 1 1 0 
80 53 52 52 52 52 52 52 52 52 52 52 52 52 52 52 52 52 52 52 52 52 52 51 50 50 50 50 50 50 50 50 28 3 2 2 2 2 2 2 2 2 2 2 2 2 2 2 0 0 
74 56 50 50 50 50 50 50 50 50 50 50 50 50 50 50 50 50 50 50 50 50 50 50 50 50 50 50 50 50 50 50 50 50 1 1 1 1 1 1 1 1 1 1 1 1 1 0 0 0 
75 60 56 56 56 56 56 56 56 56 56 56 56 56 56 56 56 56 56 56 56 56 56 56 56 56 56 56 50 50 22 22 9 9 9 9 9 9 9 9 9 9 9 9 9 9 8 6 3 3 
69 56 50 50 50 50 50 50 50 50 50 50 50 50 50 50 50 50 50 50 50 50 50 50 50 50 50 50 50 50 50 50 50 49 32 30 22 12 9 0 0 0 0 0 0 0 0 0 0 0 
80 58 53 53 53 53 53 53 53 53 53 53 53 53 53 53 53 53 53 53 53 53 53 53 53 53 53 53 53 53 53 53 50 50 50 46 39 32 23 12 5 5 5 5 5 5 5 5 2 2 
67 59 56 56 51 51 51 51 51 51 51 51 51 51 51 51 51 51 51 51 51 51 51 51 51 51 51 51 51 51 51 51 51 50 50 50 50 44 25 24 21 21 12 10 9 1 1 1 1 0 
74 57 57 56 51 51 51 51 51 51 51 51 51 51 51 51 51 51 51 51 51 51 51 51 51 51 51 51 51 51 51 51 51 51 50 50 31 24 21 18 15 10 10 3 3 3 3 3 3 3 
73 56 55 54 50 50 50 50 50 50 50 50 50 50 50 50 50 50 50 50 50 50 50 50 50 50 50 50 50 48 35 32 10 9 7 6 4 3 1 1 1 1 1 1 1 1 1 1 1 1 
68 60 60 55 50 50 50 50 50 50 50 50 50 50 50 50 50 50 50 50 50 50 50 50 50 50 50 50 49 45 27 23 20 16 15 12 1 1 1 1 1 1 1 1 1 1 1 1 0 0 
75 56 55 55 52 52 52 52 52 52 52 52 52 52 52 52 52 52 52 52 52 52 41 35 23 21 13 3 3 3 3 3 3 3 3 3 3 3 3 3 3 3 3 3 3 3 2 2 2 1 
72 55 55 55 51 51 51 51 51 51 51 51 51 51 51 51 51 51 51 51 51 51 51 51 50 50 41 17 16 16 13 13 2 2 2 2 2 2 2 2 2 1 1 1 1 1 1 1 1 1 
71 59 58 57 51 51 51 51 51 51 51 51 51 51 51 51 51 51 51 51 51 51 51 50 50 50 50 45 42 36 35 35 19 18 17 16 16 15 10 5 2 2 2 2 2 2 2 1 1 1 
76 59 59 57 51 51 51 51 51 51 51 51 51 51 51 51 51 51 51 51 51 51 51 51 51 51 51 50 50 50 48 35 32 12 12 11 10 9 4 4 4 4 4 4 4 4 4 4 3 1 
71 58 58 58 52 52 52 52 52 52 52 52 52 52 52 52 52 52 52 52 52 52 52 52 50 50 50 50 50 50 48 48 41 40 35 35 33 32 31 25 24 19 18 13 3 3 3 3 1 1 
77 75 58 57 56 50 50 50 50 50 50 50 50 50 50 50 50 50 50 50 50 50 50 50 50 50 50 44 37 26 19 17 16 14 14 14 13 12 11 0 0 0 0 0 0 0 0 0 0 0 
73 69 63 61 59 58 57 51 51 51 51 51 51 51 51 51 51 51 51 51 51 51 51 51 50 50 50 50 50 50 50 50 50 40 32 32 30 25 15 11 5 2 2 2 2 2 2 2 1 1 
72 70 60 59 57 56 55 55 53 53 53 53 53 53 53 53 53 53 53 53 53 53 53 53 53 53 53 53 50 50 50 50 50 42 35 27 27 17 17 12 6 5 3 3 3 3 3 3 3 0 
81 78 65 65 64 64 62 62 62 61 61 53 52 52 52 52 52 52 52 52 52 52 52 52 52 52 52 52 52 51 51 51 39 29 26 22 20 18 8 8 8 3 3 3 3 3 2 1 1 1 
75 72 65 65 63 63 62 62 61 61 60 60 60 60 59 59 59 57 51 51 51 51 51 51 51 51 51 51 51 50 48 21 12 9 1 1 1 1 1 1 1 1 1 1 1 1 0 0 0 0 
73 71 69 64 63 63 63 62 61 61 61 60 59 58 57 57 54 52 51 51 51 51 51 51 50 49 46 43 43 39 27 23 22 16 15 13 12 12 7 7 6 2 2 2 2 2 1 1 1 1 
77 76 75 75 72 68 68 68 67 67 64 64 64 64 63 63 63 63 63 63 60 51 51 51 51 50 24 20 17 13 13 13 12 12 9 8 6 2 1 1 1 1 1 1 1 1 1 1 1 0 
78 74 71 71 68 66 63 62 62 62 61 60 59 58 58 58 57 50 50 50 50 50 49 48 47 43 31 31 23 20 20 17 16 14 10 10 9 8 7 6 5 5 2 2 2 2 2 2 2 0 
80 79 72 68 68 68 67 66 65 64 64 63 62 61 60 59 58 57 57 57 55 54 54 50 50 50 50 49 46 44 43 42 40 33 32 31 20 11 8 7 7 6 6 4 2 2 2 2 0 0 
92 92 89 79 79 78 75 75 74 74 70 70 69 66 62 62 62 55 51 51 50 50 50 49 49 45 44 37 37 31 30 29 29 28 24 23 22 21 20 18 18 17 16 11 11 11 2 1 1 1 
90 85 82 82 77 74 72 66 66 65 65 61 59 58 55 55 52 50 50 49 48 46 46 46 45 42 36 29 25 25 20 17 15 14 14 14 10 9 8 8 7 7 7 7 6 2 2 2 2 0 
91 90 89 89 89 88 87 84 84 82 79 79 77 73 73 71 60 58 54 54 53 53 51 51 50 49 48 48 45 45 32 21 21 21 20 15 14 14 12 12 11 10 9 8 8 5 4 4 1 1 
94 91 90 90 90 90 88 87 86 86 84 82 79 70 61 60 56 55 50 50 50 50 49 47 47 46 46 46 43 43 42 41 41 37 36 32 26 26 19 15 9 8 6 4 3 1 1 1 1 1 
93 92 91 90 87 86 86 86 85 85 85 82 82 80 78 75 73 71 64 60 58 56 55 51 51 51 50 50 47 46 43 43 41 40 39 38 35 35 34 31 29 24 16 10 7 2 2 1 1 1 
91 88 88 88 88 88 88 87 87 87 87 86 85 85 85 84 83 83 83 78 75 71 69 65 60 59 57 52 51 51 51 51 50 50 46 45 42 40 36 35 16 12 11 10 3 3 3 3 3 2 
92 92 92 91 91 91 87 85 85 85 84 78 77 76 76 69 66 66 65 63 60 57 56 53 53 51 51 51 50 50 50 49 46 45 44 42 41 41 38 38 37 34 18 18 13 12 11 6 4 4 
89 87 86 86 83 83 83 83 82 82 82 80 80 72 68 67 66 64 62 61 61 57 54 50 49 47 43 39 38 36 35 35 34 31 31 29 26 24 24 22 21 16 16 12 11 11 9 4 3 0 
95 93 91 91 91 91 89 89 89 87 82 80 80 75 75 67 57 56 55 54 52 51 50 50 49 49 47 47 46 40 40 40 35 34 33 33 32 31 27 16 13 13 12 9 7 6 2 2 2 2 
93 87 85 84 84 84 84 83 82 81 81 81 79 73 71 58 57 53 53 53 51 50 50 50 50 49 48 47 45 45 44 44 44 44 41 39 33 27 27 24 20 13 7 5 3 1 1 1 1 0 
93 92 92 91 91 91 91 91 91 90 89 89 89 88 82 82 66 62 60 60 56 51 51 50 50 50 49 49 48 47 45 43 40 35 34 33 30 28 23 19 18 16 12 11 9 9 8 4 1 1 
92 90 89 89 87 87 86 86 86 86 86 84 80 64 63 63 57 55 53 52 51 51 50 50 50 50 50 49 48 48 47 47 44 44 39 37 35 27 24 18 18 16 12 8 6 1 1 1 1 0 
94 92 91 89 89 89 89 89 88 88 87 85 79 75 69 62 59 59 52 52 52 52 50 50 50 49 48 47 47 46 46 45 44 40 37 35 33 33 30 25 24 23 18 14 2 2 2 2 2 2 
96 96 92 92 92 92 91 90 89 89 89 86 86 85 68 62 58 58 56 56 51 51 50 50 50 50 48 47 44 43 40 37 34 33 32 27 26 25 11 10 9 9 8 8 6 2 2 2 2 2 
94 92 91 91 90 90 90 90 89 85 84 60 60 50 50 50 50 49 48 47 47 45 44 43 39 34 26 25 22 19 18 17 16 15 7 5 5 4 0 0 0 0 0 0 0 0 0 0 0 0 
93 93 92 91 91 90 89 89 89 89 88 87 87 84 70 69 59 57 57 55 52 52 50 50 50 49 49 48 47 47 42 40 37 32 31 26 21 19 16 12 12 12 12 11 8 2 2 2 2 0 
95 93 91 90 90 90 88 88 88 88 79 66 63 61 59 59 57 57 55 51 50 50 50 49 48 48 45 43 43 43 42 36 32 31 24 22 20 17 11 5 1 1 1 1 1 1 1 1 1 0 
97 97 97 94 91 90 90 90 90 90 90 90 82 82 76 70 63 61 60 59 51 51 50 50 50 49 48 42 39 37 35 34 24 23 19 18 11 9 8 1 1 1 1 1 1 1 1 1 0 0 
91 91 90 89 87 87 87 86 85 85 85 81 79 72 67 64 60 58 54 51 50 50 50 50 50 50 50 49 48 48 47 46 46 44 39 31 30 28 17 13 12 7 5 5 2 2 0 0 0 0 
97 97 96 94 92 92 91 91 91 91 91 87 84 80 78 74 73 73 69 59 58 54 51 51 51 51 51 50 50 49 45 41 38 29 28 27 20 20 12 10 9 9 4 1 1 1 1 1 1 0 
91 90 89 88 86 86 85 85 85 83 83 82 82 73 73 72 71 69 64 62 62 61 59 59 53 53 50 48 46 43 42 42 39 37 32 20 16 13 10 9 8 7 0 0 0 0 0 0 0 0 
