52 50 50 50 50 50 50 50 50 50 50 50 50 50 10 4 3 2 2 2 2 2 2 2 2 2 2 2 2 2 2 2 2 2 2 2 2 2 2 2 0 0 0 0 0 0 0 0 0 0 
52 52 51 51 51 51 51 51 50 50 50 50 50 50 50 50 50 50 50 50 50 19 9 6 6 3 3 3 3 3 3 3 3 2 2 2 2 2 2 2 2 2 1 1 1 1 1 1 1 1 
51 51 51 51 51 51 51 50 50 50 50 50 50 50 50 50 50 50 50 50 50 50 50 50 50 14 4 4 1 1 1 1 1 1 1 1 1 1 1 1 1 1 1 1 0 0 0 0 0 0 
51 51 51 51 51 51 51 51 51 51 51 50 50 50 50 50 50 50 50 50 50 50 50 50 50 50 50 50 48 36 1 1 1 1 1 1 1 1 1 1 1 1 1 1 1 0 0 0 0 0 
51 51 51 51 51 51 51 51 51 51 51 50 50 50 50 50 50 50 50 50 50 50 50 50 50 50 50 50 50 40 37 31 26 17 15 6 1 1 1 1 1 1 1 1 1 1 1 1 0 0 
51 51 51 51 51 51 51 50 50 50 50 50 50 50 50 50 50 50 50 50 50 50 50 50 50 50 49 49 48 45 36 33 33 32 7 7 1 1 1 1 1 1 1 1 1 1 1 1 1 0 
51 51 51 51 51 51 51 51 51 51 51 51 51 51 51 51 51 51 51 51 51 51 51 49 48 38 35 34 33 25 12 2 2 2 2 2 2 2 2 2 2 2 2 2 2 2 2 1 1 1 
51 51 51 51 51 51 51 51 51 51 51 51 51 51 51 51 51 51 51 51 51 51 50 48 43 42 41 41 32 30 25 5 4 2 2 2 2 2 2 2 2 2 1 1 1 1 1 1 1 1 
51 51 51 51 51 51 51 51 51 51 51 51 51 51 51 51 51 51 51 51 51 51 50 50 49 31 23 13 10 10 9 8 5 2 2 2 2 2 2 2 2 2 2 2 2 2 2 1 1 1 
51 51 51 51 51 51 51 51 51 51 51 51 51 51 51 51 51 51 51 51 51 51 51 40 31 28 23 23 16 10 7 6 3 2 2 2 2 2 2 2 2 2 2 2 2 2 2 1 1 1 
53 53 53 53 53 53 53 53 53 53 51 51 51 51 51 51 51 51 51 51 51 51 51 51 45 29 25 19 19 14 12 12 4 4 4 4 4 4 4 4 4 4 4 4 4 4 4 3 3 3 
51 51 51 51 51 51 50 50 50 50 50 50 50 50 50 50 50 50 50 50 50 45 37 36 34 18 4 1 1 1 1 1 1 1 1 1 1 1 1 1 1 1 1 1 1 1 1 1 0 0 
53 53 53 53 53 53 53 53 53 53 53 52 52 51 50 50 50 50 50 50 50 50 50 50 39 37 36 35 17 7 3 3 3 3 3 3 3 3 3 3 3 3 3 3 3 3 3 0 0 0 
50 50 50 50 50 50 50 50 50 50 50 50 50 50 50 50 50 50 50 50 50 50 50 50 50 50 50 41 38 28 20 14 8 6 4 0 0 0 0 0 0 0 0 0 0 0 0 0 0 0 
51 51 51 51 51 51 51 51 51 51 51 51 51 51 51 51 51 51 51 51 51 51 51 50 47 36 27 16 16 15 11 8 8 7 4 1 1 1 1 1 1 1 1 1 1 1 1 1 1 0 
51 50 50 50 50 50 50 50 50 50 50 50 50 50 50 50 50 50 50 50 50 50 50 50 50 50 50 48 39 35 35 30 14 11 5 4 2 1 1 1 1 1 1 1 1 1 1 1 1 1 
51 51 51 51 51 51 51 51 51 51 51 51 51 51 51 51 51 51 51 51 51 51 45 40 37 35 32 30 26 21 18 11 11 9 4 2 2 2 2 2 2 2 2 2 2 2 2 2 2 1 
55 55 55 55 55 55 55 55 55 55 55 55 55 55 55 55 55 55 53 53 50 50 50 49 49 35 31 31 20 15 14 12 9 5 5 5 5 5 5 5 5 5 5 5 5 5 5 5 5 0 
50 50 50 50 50 50 50 50 50 50 50 50 50 50 50 50 50 50 50 50 50 50 50 50 50 50 50 50 49 48 45 41 26 23 13 6 3 2 2 2 2 2 2 2 2 2 2 2 2 2 
50 50 50 50 50 50 50 50 50 50 50 50 50 50 50 50 50 50 50 50 50 50 50 50 50 50 50 50 50 46 37 35 22 16 11 11 11 10 6 4 2 1 1 1 1 1 1 1 1 1 
51 51 51 51 51 51 51 51 51 51 51 51 51 51 51 51 51 51 51 51 51 51 51 51 51 51 50 50 48 20 13 8 8 8 6 4 2 1 1 1 1 1 1 1 1 1 1 1 1 1 
50 50 50 50 50 50 50 50 50 50 50 50 50 50 50 50 50 50 50 50 50 50 50 50 50 50 50 50 50 50 47 43 40 39 38 37 14 1 1 1 1 1 1 1 1 1 1 1 1 0 
51 51 51 51 51 51 51 51 51 51 51 51 51 51 51 51 51 51 51 51 51 51 51 51 51 51 51 51 51 50 50 50 48 46 36 35 12 8 5 2 2 2 2 2 2 2 2 1 1 1 
51 51 51 51 51 51 51 51 51 51 51 51 51 51 51 51 51 51 51 51 51 51 51 51 51 51 51 51 51 51 51 50 46 44 33 28 26 15 8 2 2 2 2 2 2 2 2 2 2 1 
50 50 50 50 50 50 50 50 50 50 50 50 50 50 50 50 50 50 50 50 50 50 50 50 50 50 50 50 50 50 50 50 49 27 20 17 14 10 9 9 1 1 1 1 1 1 1 1 0 0 
50 50 50 50 50 50 50 50 50 50 50 50 50 50 50 50 50 50 50 50 50 50 50 50 50 50 50 50 50 50 50 49 42 20 18 15 11 11 10 8 7 4 0 0 0 0 0 0 0 0 
51 51 51 51 51 51 51 51 51 51 51 51 51 51 51 51 51 51 51 51 51 51 51 51 51 51 50 50 34 32 16 9 6 5 5 5 4 2 2 2 2 2 2 2 2 2 2 2 2 1 
51 51 51 51 51 51 51 51 51 51 51 51 51 51 51 51 51 51 51 51 51 51 51 51 51 51 50 50 32 31 25 25 21 19 13 12 11 10 10 9 7 2 2 2 2 2 2 1 1 1 
50 50 50 50 50 50 50 50 50 50 50 50 50 50 50 50 50 50 50 50 50 50 50 50 50 46 42 30 16 13 11 7 4 3 3 3 3 3 3 3 3 3 3 3 3 3 3 3 0 0 
51 51 51 51 51 51 51 51 51 51 51 51 51 51 51 51 51 51 51 51 51 51 51 51 51 51 51 50 36 23 18 11 11 10 3 1 1 1 1 1 1 1 1 1 1 1 0 0 0 0 
50 50 50 50 50 50 50 50 50 50 50 50 50 50 50 50 50 50 50 50 50 50 50 50 50 50 50 50 47 37 18 15 14 10 9 2 2 2 2 2 2 2 2 2 2 2 2 2 2 2 
50 50 50 50 50 50 50 50 50 50 50 50 50 50 50 50 50 50 50 50 50 50 50 50 50 50 50 49 46 19 15 15 12 9 0 0 0 0 0 0 0 0 0 0 0 0 0 0 0 0 
50 50 50 50 50 50 50 50 50 50 50 50 50 50 50 50 50 50 50 50 50 50 50 50 50 50 50 49 48 34 24 19 16 15 13 7 7 7 1 1 1 1 1 1 1 1 1 0 0 0 
52 52 52 52 52 52 52 52 52 52 52 52 52 52 52 52 52 52 52 52 52 52 50 50 50 42 28 27 23 22 21 21 18 13 12 11 11 10 10 2 2 2 2 2 2 2 2 2 2 2 
53 53 53 53 53 53 53 53 53 53 53 53 53 53 53 53 53 53 53 50 50 50 50 50 49 36 26 20 19 18 18 15 11 11 10 4 4 4 4 4 4 4 4 4 4 4 4 4 4 1 
51 51 51 51 51 51 51 51 51 51 51 51 51 51 51 51 51 51 51 51 51 50 50 36 35 34 31 26 24 19 16 14 13 12 9 8 3 3 3 3 3 3 3 3 3 3 3 3 3 2 
51 51 51 51 51 51 51 51 51 51 51 51 51 51 51 51 51 51 51 51 51 51 50 50 50 50 50 50 50 50 50 49 44 30 28 23 21 17 16 12 9 9 8 8 5 5 3 2 2 1 
50 50 50 50 50 50 50 50 50 50 50 50 50 50 50 50 50 50 50 50 50 50 50 50 50 50 50 50 50 50 50 50 50 48 23 19 15 12 10 9 6 4 4 0 0 0 0 0 0 0 
52 52 52 52 52 52 52 52 52 52 52 52 52 52 52 52 52 52 52 52 52 52 52 52 52 52 52 52 52 52 52 50 50 50 50 50 44 37 12 8 4 2 2 2 2 2 2 2 2 0 
51 51 51 51 51 51 51 51 51 51 51 51 51 51 51 51 51 51 51 51 51 51 51 51 50 40 40 16 14 10 7 5 4 4 4 4 4 4 4 4 4 4 4 4 4 4 3 3 1 1 
50 50 50 50 50 50 50 50 50 50 50 50 50 50 50 50 50 50 50 50 50 46 30 24 17 15 12 12 9 8 4 1 1 1 1 1 1 1 1 1 1 1 1 1 1 1 1 1 0 0 
50 50 50 50 50 50 50 50 50 50 50 50 50 50 50 50 50 50 50 50 50 50 50 50 50 50 49 46 43 39 28 23 20 10 10 9 6 6 4 1 1 1 1 1 1 1 1 1 1 0 
50 50 50 50 50 50 50 50 50 50 50 50 50 50 50 50 50 50 50 50 50 50 43 41 16 10 10 10 10 9 8 8 7 6 6 5 5 5 2 2 2 2 2 2 2 2 2 2 2 2 
51 51 51 51 51 51 51 51 51 51 51 51 51 51 51 51 51 51 51 51 51 51 51 50 50 50 50 50 46 45 44 29 12 12 9 3 3 3 3 3 3 3 3 3 3 2 2 2 2 2 
51 51 51 51 51 51 51 51 51 51 51 51 51 51 51 51 51 51 50 50 48 30 23 23 15 13 12 11 10 10 7 3 3 3 3 3 3 3 3 3 3 3 3 3 2 2 2 2 2 2 
51 51 51 51 51 51 51 51 51 51 51 51 51 51 51 51 51 51 51 51 51 50 50 50 45 28 19 16 15 15 11 9 3 3 3 3 3 3 3 3 3 3 3 3 3 2 2 2 2 1 
50 50 50 50 50 50 50 50 50 50 50 50 50 50 50 50 50 50 50 50 50 50 50 50 50 50 50 50 50 48 46 43 39 12 11 9 8 0 0 0 0 0 0 0 0 0 0 0 0 0 
53 53 53 53 53 53 53 53 53 53 53 53 53 53 53 53 53 50 50 50 50 50 50 45 35 25 10 9 8 7 4 4 4 4 4 4 4 4 4 4 4 4 4 3 3 1 1 1 1 1 
55 51 51 51 51 51 51 51 51 51 51 51 51 51 51 51 51 51 51 51 51 50 33 28 28 26 14 8 8 7 6 4 1 1 1 1 1 1 1 1 1 1 1 1 1 1 1 0 0 0 
51 51 51 51 51 51 51 51 51 51 51 51 51 51 51 51 51 51 51 50 47 29 19 16 16 15 12 12 9 7 7 6 6 5 5 2 2 2 2 2 2 2 2 2 2 2 2 2 1 1 
