0.7890625 0.234375 0.46875 0.1796875 0.859375 0.5859375 0.765625 0.875 0.265625 0.484375 
0.8515625 0.84375 0.265625 0.859375 0.9921875 0.9765625 0.921875 0.03125 0.9140625 1.0 
0.8515625 0.84375 0.265625 0.859375 0.9921875 0.9765625 0.921875 0.03125 0.9140625 1.0 
0.8515625 0.84375 0.8984375 0.7734375 0.9140625 0.640625 0.734375 0.265625 0.859375 0.9921875 
0.8515625 0.84375 0.8984375 0.7734375 0.9140625 0.640625 0.734375 0.8046875 0.7421875 0.8515625 
0.8515625 0.84375 0.8984375 0.7734375 0.9140625 0.640625 0.734375 0.8046875 0.7421875 0.8515625 
0.8515625 0.84375 0.8984375 0.7734375 0.9140625 0.640625 0.734375 0.8046875 0.7421875 0.8515625 
0.8515625 0.84375 0.8984375 0.7734375 0.9140625 0.640625 0.734375 0.8046875 0.7421875 0.8515625 
0.8515625 0.84375 0.8984375 0.7734375 0.9140625 0.640625 0.734375 0.8046875 0.7421875 0.8515625 
0.8515625 0.84375 0.8984375 0.7734375 0.9140625 0.640625 0.734375 0.8046875 0.7421875 0.8515625 
0.8515625 0.84375 0.8984375 0.7734375 0.9140625 0.640625 0.734375 0.8046875 0.7421875 0.8515625 
0.8515625 0.84375 0.8984375 0.7734375 0.9140625 0.640625 0.734375 0.8046875 0.7421875 0.8515625 
0.8515625 0.84375 0.8984375 0.7734375 0.9140625 0.640625 0.734375 0.8046875 0.7421875 0.8515625 
0.8515625 0.84375 0.8984375 0.7734375 0.9140625 0.640625 0.734375 0.8046875 0.7421875 0.8515625 
0.8515625 0.84375 0.8984375 0.7734375 0.9140625 0.640625 0.734375 0.8046875 0.7421875 0.8515625 
0.8515625 0.84375 0.8984375 0.7734375 0.9140625 0.640625 0.734375 0.8046875 0.7421875 0.8515625 
0.8515625 0.84375 0.8984375 0.7734375 0.9140625 0.640625 0.734375 0.8046875 0.7421875 0.8515625 
0.8515625 0.84375 0.8984375 0.7734375 0.9140625 0.640625 0.734375 0.8046875 0.7421875 0.8515625 
0.8515625 0.84375 0.8984375 0.7734375 0.9140625 0.640625 0.734375 0.8046875 0.7421875 0.8515625 
0.8515625 0.84375 0.8984375 0.7734375 0.9140625 0.640625 0.734375 0.8046875 0.7421875 0.8515625 
0.8515625 0.84375 0.8984375 0.7734375 0.9140625 0.640625 0.734375 0.8046875 0.7421875 0.8515625 
0.8515625 0.84375 0.8984375 0.7734375 0.9140625 0.640625 0.734375 0.8046875 0.7421875 0.8515625 
0.8515625 0.84375 0.8984375 0.7734375 0.9140625 0.640625 0.734375 0.8046875 0.7421875 0.8515625 
0.8515625 0.84375 0.8984375 0.7734375 0.9140625 0.640625 0.734375 0.8046875 0.7421875 0.8515625 
0.8515625 0.84375 0.8984375 0.7734375 0.9140625 0.640625 0.734375 0.8046875 0.7421875 0.8515625 
0.8515625 0.84375 0.8984375 0.7734375 0.9140625 0.640625 0.734375 0.8046875 0.7421875 0.8515625 
0.8515625 0.84375 0.8984375 0.7734375 0.9140625 0.640625 0.734375 0.8046875 0.7421875 0.8515625 
0.8515625 0.84375 0.8984375 0.7734375 0.9140625 0.640625 0.734375 0.8046875 0.7421875 0.8515625 
0.8515625 0.84375 0.8984375 0.7734375 0.9140625 0.640625 0.734375 0.8046875 0.7421875 0.8515625 
0.8515625 0.84375 0.8984375 0.7734375 0.9140625 0.640625 0.734375 0.8046875 0.7421875 0.8515625 
0.8515625 0.84375 0.8984375 0.7734375 0.9140625 0.640625 0.734375 0.8046875 0.7421875 0.8515625 
0.8515625 0.84375 0.8984375 0.7734375 0.9140625 0.640625 0.734375 0.8046875 0.7421875 0.8515625 
0.8515625 0.84375 0.8984375 0.7734375 0.9140625 0.640625 0.734375 0.8046875 0.7421875 0.8515625 
0.8515625 0.84375 0.8984375 0.7734375 0.9140625 0.640625 0.734375 0.8046875 0.7421875 0.8515625 
0.6875 0.6953125 0.8515625 0.84375 0.8984375 0.7734375 0.9140625 0.640625 0.734375 0.8046875 
0.6875 0.6953125 0.7109375 0.8515625 0.84375 0.8984375 0.7734375 0.9140625 0.640625 0.734375 
0.6875 0.6953125 0.7109375 0.71875 0.6796875 0.8515625 0.84375 0.8984375 0.7734375 0.9140625 
0.6875 0.6953125 0.7109375 0.71875 0.6796875 0.625 0.671875 0.640625 0.6953125 0.8515625 
0.7109375 0.625 0.640625 0.6875 0.6953125 0.71875 0.671875 0.6953125 0.6953125 0.6875 
0.7109375 0.625 0.6875 0.6953125 0.71875 0.671875 0.6953125 0.6953125 0.6875 0.671875 
0.625 0.6484375 0.640625 0.671875 0.6875 0.6953125 0.671875 0.6953125 0.6875 0.6875 
0.625 0.640625 0.6484375 0.671875 0.6875 0.6953125 0.671875 0.6953125 0.6875 0.6875 
0.6328125 0.640625 0.625 0.640625 0.6484375 0.671875 0.6875 0.6953125 0.671875 0.6953125 
0.6328125 0.640625 0.625 0.640625 0.671875 0.6484375 0.6171875 0.6484375 0.65625 0.6640625 
0.6328125 0.640625 0.6484375 0.65625 0.6640625 0.6171875 0.6328125 0.640625 0.625 0.640625 
0.625 0.6328125 0.640625 0.6171875 0.6328125 0.640625 0.6171875 0.6171875 0.6171875 0.6328125 
0.625 0.6328125 0.640625 0.6171875 0.6328125 0.640625 0.6171875 0.6171875 0.6171875 0.6328125 
0.609375 0.625 0.609375 0.6015625 0.625 0.625 0.6328125 0.640625 0.6171875 0.6328125 
0.6015625 0.609375 0.609375 0.625 0.6328125 0.6328125 0.640625 0.6171875 0.6328125 0.6171875 
0.5703125 0.6015625 0.59375 0.5859375 0.625 0.609375 0.609375 0.5859375 0.625 0.6328125 
