0.9453125 0.6796875 0.4375 0.28125 0.3359375 0.453125 0.0 0.515625 0.8203125 0.296875 
0.8515625 0.90625 0.0 0.8671875 0.0703125 0.0859375 0.1171875 0.9765625 1.0 0.703125 
0.8203125 0.9296875 0.8515625 0.90625 0.0 0.8671875 0.0703125 0.0859375 0.1171875 0.9765625 
0.90625 0.8203125 0.9296875 0.953125 0.8515625 0.90625 0.0703125 0.1171875 0.328125 0.7109375 
0.90625 0.8203125 0.9296875 0.0703125 0.1171875 0.328125 0.2265625 0.8515625 0.90625 0.96875 
0.90625 0.8203125 0.9296875 0.5546875 0.0703125 0.1171875 0.328125 0.2265625 0.125 0.8515625 
0.90625 0.9296875 0.8203125 0.5546875 0.0703125 0.1171875 0.328125 0.2265625 0.125 0.8515625 
0.90625 0.8984375 0.90625 0.8203125 0.9296875 0.5546875 0.8515625 0.578125 0.0703125 0.1171875 
0.8203125 0.8671875 0.90625 0.8984375 0.90625 0.9296875 0.5546875 0.578125 0.8515625 0.71875 
0.8671875 0.8203125 0.90625 0.8984375 0.90625 0.9296875 0.5546875 0.578125 0.8515625 0.71875 
0.8984375 0.8671875 0.8203125 0.90625 0.8984375 0.90625 0.8984375 0.9296875 0.578125 0.5546875 
0.8671875 0.8671875 0.8671875 0.8984375 0.90625 0.8984375 0.8984375 0.90625 0.9296875 0.8671875 
0.8671875 0.8671875 0.8671875 0.8671875 0.90625 0.8984375 0.8984375 0.8984375 0.8984375 0.90625 
0.8671875 0.8671875 0.8671875 0.8671875 0.90625 0.8984375 0.8984375 0.8984375 0.8984375 0.90625 
0.8671875 0.8671875 0.8671875 0.8671875 0.8984375 0.90625 0.90625 0.8984375 0.8984375 0.8984375 
0.8046875 0.8671875 0.8671875 0.8671875 0.8671875 0.8671875 0.8984375 0.8671875 0.90625 0.90625 
0.8359375 0.8046875 0.8671875 0.8671875 0.8671875 0.8671875 0.8671875 0.8671875 0.8984375 0.8671875 
0.8203125 0.8359375 0.8046875 0.8671875 0.8671875 0.8046875 0.8046875 0.8671875 0.8671875 0.8671875 
0.8203125 0.8125 0.8359375 0.8671875 0.8671875 0.8671875 0.8671875 0.8671875 0.8046875 0.8046875 
0.8125 0.796875 0.8203125 0.8359375 0.8046875 0.8671875 0.8671875 0.8671875 0.8671875 0.8671875 
0.8359375 0.796875 0.8203125 0.8125 0.8671875 0.8671875 0.8671875 0.8671875 0.8671875 0.8046875 
0.796875 0.8203125 0.8359375 0.8125 0.8671875 0.8671875 0.8671875 0.8671875 0.8671875 0.8046875 
0.796875 0.8125 0.8125 0.8203125 0.8046875 0.8046875 0.8359375 0.84375 0.8671875 0.8671875 
0.796875 0.8125 0.8125 0.8359375 0.78125 0.8203125 0.8671875 0.8671875 0.7578125 0.8046875 
0.796875 0.8125 0.8125 0.8203125 0.8046875 0.8359375 0.78125 0.8671875 0.8671875 0.7578125 
0.78125 0.796875 0.8203125 0.8125 0.8125 0.8046875 0.8359375 0.7578125 0.8671875 0.8671875 
0.7734375 0.796875 0.8203125 0.8125 0.8125 0.7109375 0.8046875 0.828125 0.78125 0.8671875 
0.7734375 0.8203125 0.796875 0.8125 0.8125 0.8046875 0.828125 0.7890625 0.78125 0.7109375 
0.7734375 0.765625 0.796875 0.8203125 0.8125 0.8125 0.8046875 0.828125 0.78125 0.8046875 
0.7734375 0.796875 0.78125 0.8125 0.8125 0.8203125 0.8046875 0.765625 0.828125 0.8046875 
0.7734375 0.796875 0.828125 0.8125 0.8125 0.8125 0.8203125 0.8046875 0.765625 0.78125 
0.7734375 0.765625 0.78125 0.796875 0.8125 0.8125 0.8125 0.8046875 0.8203125 0.734375 
0.7734375 0.78125 0.765625 0.796875 0.8125 0.8125 0.8125 0.8203125 0.734375 0.8046875 
0.7734375 0.796875 0.8125 0.8125 0.8125 0.765625 0.8203125 0.8046875 0.78125 0.734375 
0.7734375 0.796875 0.78125 0.765625 0.8125 0.8125 0.8125 0.8203125 0.8125 0.8046875 
0.7734375 0.796875 0.78125 0.78125 0.765625 0.7890625 0.8203125 0.8046875 0.8125 0.8125 
0.7734375 0.78125 0.796875 0.8046875 0.78125 0.765625 0.7890625 0.8125 0.8125 0.8203125 
0.7734375 0.8046875 0.796875 0.78125 0.8125 0.8125 0.8203125 0.78125 0.765625 0.7890625 
0.8046875 0.7734375 0.796875 0.765625 0.8125 0.8125 0.8203125 0.7890625 0.78125 0.78125 
0.7734375 0.78125 0.8046875 0.796875 0.8125 0.8125 0.7890625 0.8203125 0.796875 0.78125 
0.7734375 0.78125 0.8046875 0.7890625 0.796875 0.796875 0.796875 0.8125 0.8125 0.8203125 
0.78125 0.7890625 0.7734375 0.796875 0.8046875 0.796875 0.78125 0.8125 0.8125 0.8203125 
0.7734375 0.78125 0.7890625 0.796875 0.8046875 0.796875 0.8203125 0.78125 0.8125 0.8125 
0.7734375 0.7890625 0.796875 0.78125 0.796875 0.7734375 0.8046875 0.8203125 0.8125 0.8125 
0.7734375 0.7890625 0.7890625 0.796875 0.78125 0.796875 0.8203125 0.7578125 0.7734375 0.8046875 
0.7734375 0.78125 0.7890625 0.7890625 0.796875 0.7578125 0.796875 0.7734375 0.8046875 0.8203125 
0.7890625 0.7890625 0.7734375 0.78125 0.7578125 0.796875 0.8046875 0.796875 0.7734375 0.8203125 
0.7734375 0.78125 0.8046875 0.7734375 0.8046875 0.7890625 0.7890625 0.796875 0.7578125 0.8203125 
0.7734375 0.78125 0.7890625 0.7890625 0.7890625 0.7734375 0.8046875 0.8046875 0.796875 0.8203125 
0.7734375 0.8046875 0.8046875 0.7890625 0.7890625 0.7890625 0.78125 0.796875 0.796875 0.8203125 
