% Invoked: ./gella -d -r 3 -l biased_r3/run35 >& biased_r3/run35.log
% Ministry of Cellular Automata
% Project Deux (CS523 Spring 2015)
% Version:v0.1-70-g0624-dirty
%  pop:50
%  ic count:100
%  CA Log option:biased_r3/run35
%  width:121
%  max workers:4
%  radius:3
%  iterations:300
%  use bias:true
%  generations:50

 generation 0.3.1.2.3.3.1.3.2.50.1.2.3.10.52.51.50.50.14.2.1.2.1.50.1.3.3.1.50.1.3.3.50.3.52.3.3.50.2.2.1.3.2.1.1.3.50.50.50.2.2.xover.mutate.done 50
 generation 1.51.51.50.50.50.50.50.50.50.50.50.1.1.5.51.1.50.51.50.1.1.1.51.46.1.1.13.50.50.1.24.53.1.0.0.1.50.1.1.50.50.1.51.1.1.50.1.1.1.1.xover.mutate.done 50
 generation 2.52.52.52.52.52.52.52.50.50.50.50.50.50.2.2.6.2.16.50.50.52.50.18.50.50.50.0.50.2.52.0.52.2.50.50.2.2.2.50.50.31.52.50.50.2.0.2.50.50.50.xover.mutate.done 50
 generation 3.55.51.51.51.51.51.51.51.51.51.1.50.22.1.51.1.51.50.50.51.1.1.50.1.51.51.50.50.1.50.0.1.1.44.16.51.50.51.1.51.51.50.1.1.50.51.50.1.50.51.xover.mutate.done 50
 generation 4.50.50.50.50.50.50.50.50.50.50.0.50.50.69.50.0.0.0.0.0.0.50.50.0.3.50.0.50.50.50.0.0.50.50.50.0.50.0.50.12.0.50.50.0.0.50.0.50.0.50.xover.mutate.done 50
 generation 5.68.52.50.50.50.50.50.50.50.50.50.1.50.1.50.1.50.1.50.0.55.50.50.50.50.1.1.50.50.50.1.50.50.50.50.46.1.50.50.50.50.1.50.50.50.12.50.50.50.50.xover.mutate.done 50
 generation 6.80.53.51.52.52.52.52.52.52.52.2.0.52.2.2.2.28.52.52.50.52.2.2.50.52.50.0.52.52.50.52.2.52.2.50.2.52.2.2.50.52.50.52.2.3.52.2.50.2.52.xover.mutate.done 50
 generation 7.74.56.50.50.50.50.50.50.50.50.0.50.50.50.50.50.50.1.50.1.50.1.50.0.50.1.50.50.50.1.50.50.1.50.1.1.50.50.50.1.1.50.50.1.0.1.50.50.1.50.xover.mutate.done 50
 generation 8.75.60.56.56.56.56.56.56.56.56.50.56.56.56.9.56.56.56.9.56.6.50.9.9.9.9.9.22.56.3.9.9.56.56.9.56.9.56.56.9.3.56.9.56.56.56.22.56.8.9.xover.mutate.done 50
 generation 9.69.56.50.50.50.50.50.50.50.50.50.50.50.32.22.50.0.0.50.9.50.50.0.50.50.50.50.0.50.0.49.50.50.0.50.30.50.50.0.12.50.50.50.0.50.0.0.50.0.50.xover.mutate.done 50
 generation 10.80.58.53.53.53.53.53.53.53.53.53.53.53.5.53.53.2.5.53.46.53.12.53.53.53.53.53.39.53.5.53.53.50.50.5.50.5.2.32.53.5.53.53.23.53.53.5.53.53.5.xover.mutate.done 50
 generation 11.67.56.51.51.51.51.51.51.51.51.21.50.12.51.51.10.51.1.51.51.51.51.50.50.51.51.56.50.24.51.1.9.51.21.51.51.51.51.1.51.51.51.0.59.51.1.44.51.25.51.xover.mutate.done 50
 generation 12.74.57.56.57.51.51.51.51.51.51.51.51.3.51.24.3.51.21.10.31.10.51.3.3.51.50.51.3.51.50.51.51.3.51.51.51.51.3.51.51.51.51.51.51.51.15.18.51.51.51.xover.mutate.done 50
 generation 13.73.55.54.56.50.50.50.50.50.50.50.1.7.3.1.1.50.50.50.50.1.1.50.50.50.50.6.1.50.32.50.50.1.4.50.10.1.1.50.35.50.50.50.9.50.48.1.50.1.1.xover.mutate.done 50
 generation 14.68.55.60.60.50.50.50.50.50.50.50.50.50.50.50.1.50.1.12.50.50.27.1.50.1.23.50.15.1.1.50.50.1.20.50.49.1.0.50.0.1.45.50.50.16.1.50.1.50.1.xover.mutate.done 50
 generation 15.75.55.55.56.52.52.52.52.52.52.3.3.3.52.3.3.52.52.2.3.2.52.3.52.52.3.3.21.41.23.52.35.3.3.3.52.3.52.52.3.52.1.13.3.3.3.3.2.3.52.xover.mutate.done 50
 generation 16.72.55.55.55.51.51.51.51.51.51.51.51.1.13.1.17.1.2.1.1.51.51.51.51.50.1.2.51.51.2.2.1.16.2.51.41.2.1.2.51.51.13.2.51.51.50.51.1.2.16.xover.mutate.done 50
 generation 17.71.59.58.57.51.51.51.51.51.51.51.1.51.42.50.51.51.50.10.2.2.50.2.51.51.2.51.51.19.35.51.50.16.51.2.1.51.51.35.17.45.18.5.16.15.1.2.36.51.2.xover.mutate.done 50
 generation 18.76.59.59.57.51.51.51.51.51.51.3.51.51.4.35.4.51.50.51.4.51.10.4.51.1.51.51.32.4.4.51.4.51.4.51.51.4.51.51.51.51.12.4.50.9.50.48.51.11.12.xover.mutate.done 50
 generation 19.71.58.58.58.52.52.52.52.52.52.52.1.33.48.50.50.48.19.50.13.50.50.35.52.52.50.52.52.52.18.52.52.31.32.35.24.3.3.52.1.3.52.41.52.3.25.40.52.52.52.xover.mutate.done 50
 generation 20.75.58.57.56.50.50.50.50.50.50.50.50.77.17.0.50.50.50.16.50.0.50.0.19.50.0.0.12.11.50.26.37.0.50.50.14.0.50.0.0.13.50.44.0.0.50.14.50.14.50.xover.mutate.done 50
 generation 21.69.73.57.59.58.51.51.51.51.51.30.2.50.51.51.1.51.50.63.51.32.2.15.51.2.2.51.5.50.2.50.2.32.61.51.25.51.51.1.50.11.50.40.50.51.51.2.51.50.50.xover.mutate.done 50
 generation 22.72.70.59.60.55.55.56.53.53.53.53.3.27.53.53.5.53.53.53.12.3.17.53.3.53.3.50.53.50.42.53.53.17.53.3.53.53.35.53.27.53.0.3.3.50.50.57.53.50.6.xover.mutate.done 50
 generation 23.78.81.65.64.65.61.62.61.52.52.39.51.52.52.52.8.8.64.2.52.18.52.52.3.62.20.51.52.8.22.52.52.51.1.52.3.1.1.26.3.3.62.52.52.53.29.52.52.52.3.xover.mutate.done 50
 generation 24.75.72.62.61.63.63.60.60.57.59.51.0.51.1.1.1.48.1.60.51.51.1.1.51.1.1.0.0.51.65.9.62.12.21.59.1.50.51.1.51.51.59.1.0.61.51.1.51.65.60.xover.mutate.done 50
 generation 25.71.73.61.61.63.63.62.63.57.64.51.2.13.51.46.61.52.58.43.2.22.51.69.50.2.2.23.1.1.51.15.39.6.43.1.2.59.60.16.12.12.49.51.54.51.57.7.7.1.27.xover.mutate.done 50
 generation 26.77.76.67.63.63.63.60.68.68.72.24.1.13.51.1.6.64.51.12.1.0.1.51.17.50.8.9.1.1.13.75.67.13.1.75.64.2.64.1.1.63.68.1.12.20.63.64.1.51.63.xover.mutate.done 50
 generation 27.74.71.78.66.60.59.61.71.58.62.43.23.5.2.16.20.63.6.47.49.2.10.58.20.48.2.2.5.10.50.68.2.50.2.31.17.57.2.8.62.50.50.9.62.58.7.14.31.0.50.xover.mutate.done 50
 generation 28.68.63.67.68.66.64.59.57.61.62.80.79.49.7.0.11.50.55.6.43.31.54.32.2.54.8.2.57.46.72.65.50.60.6.44.50.4.2.68.20.42.7.33.50.58.40.2.0.64.57.xover.mutate.done 50
 generation 29.92.89.75.74.66.79.69.70.78.70.24.50.28.45.44.11.11.79.29.2.62.50.23.62.49.37.75.49.92.29.37.74.1.16.50.21.11.17.18.31.1.22.62.1.30.55.51.18.51.20.xover.mutate.done 50
 generation 30.85.82.77.65.74.72.65.61.66.66.7.58.49.8.52.90.6.8.17.2.42.2.20.59.36.2.50.55.50.25.45.82.15.9.7.55.7.7.46.29.0.25.48.14.14.2.46.46.14.10.xover.mutate.done 50
 generation 31.90.88.89.89.87.77.82.79.71.79.1.53.8.4.4.51.20.89.58.15.49.51.21.14.48.84.45.9.12.12.21.1.45.14.54.53.73.91.5.50.8.60.48.32.10.84.21.54.73.11.xover.mutate.done 50
 generation 32.90.94.90.86.90.90.82.87.91.79.26.8.46.4.41.50.6.47.46.50.37.70.50.15.88.9.1.41.60.42.49.1.1.32.43.50.3.46.36.43.55.56.86.61.47.84.19.1.26.1.xover.mutate.done 50
 generation 33.90.82.87.85.85.93.85.86.86.86.39.31.51.16.56.60.58.73.80.46.1.92.43.2.82.24.91.50.43.1.71.41.51.40.64.38.78.35.47.75.2.10.29.34.1.51.55.50.7.35.xover.mutate.done 50
 generation 34.87.86.91.85.88.83.85.85.88.88.69.10.11.87.51.51.51.88.65.57.3.83.45.83.40.50.71.75.3.60.78.88.16.50.35.87.52.2.87.12.51.3.42.36.88.59.3.46.84.3.xover.mutate.done 50
 generation 35.91.92.85.85.92.92.91.91.85.87.51.65.76.53.41.11.6.56.66.63.34.38.69.18.4.66.78.57.60.49.18.51.38.46.50.4.12.84.13.50.41.37.76.42.53.45.50.44.51.77.xover.mutate.done 50
 generation 36.83.83.83.89.83.87.86.80.80.82.12.61.67.36.34.3.31.22.26.24.16.43.66.82.82.35.39.64.62.72.29.4.86.35.21.31.54.11.9.47.50.11.24.57.0.16.49.38.68.61.xover.mutate.done 50
 generation 37.95.93.89.89.91.91.91.91.89.87.67.35.12.82.2.55.51.75.31.9.34.33.50.49.16.27.33.40.80.47.13.13.32.57.2.2.50.2.6.47.40.80.49.52.7.54.75.46.56.40.xover.mutate.done 50
 generation 38.87.85.84.84.84.84.81.81.82.83.44.45.1.93.3.81.27.44.53.71.47.48.45.41.5.1.49.13.57.50.58.79.24.50.53.33.7.73.1.27.44.53.20.50.39.44.50.51.0.1.xover.mutate.done 50
 generation 39.92.91.82.91.91.91.91.91.92.89.18.66.12.9.51.9.56.49.43.45.49.48.1.40.8.50.16.11.30.50.88.51.28.33.4.89.82.19.93.60.34.47.62.35.50.23.1.89.90.60.xover.mutate.done 50
 generation 40.89.89.87.92.86.86.86.86.90.86.27.44.8.1.64.55.48.6.51.39.50.18.50.47.35.87.44.51.1.50.12.18.63.0.47.50.50.80.49.24.63.53.1.37.84.52.16.48.1.57.xover.mutate.done 50
 generation 41.92.88.88.94.91.87.89.89.89.89.62.49.59.2.2.23.33.2.47.40.48.46.50.14.50.30.52.50.47.59.37.89.79.2.45.52.52.46.52.2.33.25.75.18.35.2.24.44.85.69.xover.mutate.done 50
 generation 42.96.91.89.92.92.92.92.86.90.89.89.47.8.43.40.2.62.34.56.58.2.25.68.27.85.58.2.51.2.26.50.33.86.10.32.9.37.50.96.56.50.6.2.9.11.51.44.8.48.50.xover.mutate.done 50
 generation 43.92.91.90.90.90.90.91.85.84.89.39.49.50.60.4.16.0.50.26.18.34.5.0.0.94.0.0.22.44.47.0.17.45.47.50.0.25.0.7.5.15.0.50.19.60.0.0.43.0.48.xover.mutate.done 50
 generation 44.90.93.93.92.89.89.89.89.91.87.50.12.57.12.69.84.87.11.88.19.52.55.40.12.48.91.32.70.50.47.2.12.0.49.57.50.16.42.47.2.52.8.31.2.49.37.26.21.2.59.xover.mutate.done 50
 generation 45.93.95.90.90.90.91.88.88.88.88.63.0.1.31.24.11.22.51.5.59.61.17.55.1.32.43.48.42.1.1.1.43.57.1.50.66.57.1.43.59.36.79.1.20.1.49.50.45.50.48.xover.mutate.done 50
 generation 46.97.97.94.90.90.90.90.90.90.90.59.18.42.48.35.97.1.8.24.61.82.1.1.37.76.91.19.1.60.34.70.0.63.0.50.1.1.9.50.1.82.50.39.51.23.1.1.51.11.49.xover.mutate.done 50
 generation 47.91.90.91.89.87.86.85.85.87.87.85.17.13.50.30.50.12.54.2.5.50.64.46.51.46.47.2.39.50.60.0.48.28.50.0.7.67.50.79.5.48.81.44.50.31.0.58.0.49.72.xover.mutate.done 50
 generation 48.97.97.96.91.84.91.91.94.91.91.59.92.51.51.9.10.0.28.1.51.29.92.1.78.9.20.20.74.27.50.58.80.4.87.1.1.41.1.51.69.1.51.50.73.73.45.12.54.49.38.xover.mutate.done 50
 generation 49.91.90.89.86.83.83.86.85.85.82.8.71.82.61.9.7.0.32.64.88.53.0.43.72.37.59.48.0.0.53.69.20.62.39.73.0.10.62.0.46.42.0.59.16.42.85.50.0.73.13.xover.mutate.done 50
 28861060 iters     701612 iter/sec (41.14 s)
 total time: 41.14
