% Invoked: ./gella -d -r 3 -l biased_r3/run39 >& biased_r3/run39.log
% Ministry of Cellular Automata
% Project Deux (CS523 Spring 2015)
% Version:v0.1-70-g0624-dirty
%  pop:50
%  ic count:100
%  CA Log option:biased_r3/run39
%  width:121
%  max workers:4
%  radius:3
%  iterations:300
%  use bias:true
%  generations:50

 generation 0.0.0.50.0.0.0.2.2.2.50.2.2.0.2.50.2.2.2.50.50.3.0.50.2.2.50.50.50.7.2.2.50.2.2.0.50.2.2.2.52.0.2.2.50.50.50.2.2.2.2.xover.mutate.done 50
 generation 1.50.50.50.50.50.50.50.50.50.50.0.7.34.0.50.50.0.5.50.0.1.0.0.50.0.25.0.50.0.50.37.50.0.50.50.21.0.50.50.0.0.50.0.0.21.0.50.50.50.50.xover.mutate.done 50
 generation 2.54.50.50.50.50.50.50.50.50.50.4.50.4.54.11.50.0.50.54.4.45.50.4.44.50.9.4.4.4.4.4.4.26.5.7.29.4.50.50.4.50.54.4.50.4.5.4.4.4.4.xover.mutate.done 50
 generation 3.51.51.51.51.50.50.50.50.50.50.18.1.0.50.51.1.12.50.1.1.50.51.1.35.17.50.50.1.0.9.51.50.50.0.50.50.22.10.1.10.51.1.1.51.50.0.10.13.50.50.xover.mutate.done 50
 generation 4.52.52.52.52.52.52.52.52.52.50.50.2.50.52.27.15.2.52.52.0.10.2.2.2.50.50.29.50.52.10.0.2.2.2.0.50.2.24.50.2.2.52.2.2.52.50.2.0.2.50.xover.mutate.done 50
 generation 5.51.51.51.51.51.51.51.51.51.51.31.51.51.50.51.51.51.8.18.1.51.51.12.51.7.50.50.51.12.51.1.47.1.51.50.1.50.1.23.11.50.0.51.18.1.51.51.1.15.1.xover.mutate.done 50
 generation 6.52.52.52.52.52.52.52.52.52.52.2.37.50.8.14.52.2.52.42.2.2.2.50.8.52.50.52.40.52.50.52.52.2.2.52.2.2.52.2.50.50.0.52.2.52.2.52.52.52.48.xover.mutate.done 50
 generation 7.51.51.51.51.51.51.51.51.51.51.2.13.51.2.2.51.19.26.2.50.2.50.50.14.1.51.51.2.48.2.2.51.51.11.51.17.2.2.51.51.23.9.2.51.2.2.51.51.50.2.xover.mutate.done 50
 generation 8.51.51.51.51.51.51.51.51.51.51.1.50.51.51.51.32.1.51.51.1.1.1.1.1.2.1.12.12.1.45.1.51.50.9.51.51.29.51.51.14.1.51.51.1.51.33.51.51.51.51.xover.mutate.done 50
 generation 9.51.51.51.51.51.51.51.51.51.51.2.51.51.9.51.2.2.2.51.2.2.51.51.2.2.2.51.2.2.2.1.51.51.2.2.1.1.8.50.51.28.51.2.51.12.51.51.51.51.51.xover.mutate.done 50
 generation 10.50.50.50.50.50.50.50.50.50.50.50.2.50.2.50.2.2.2.50.2.50.2.50.50.2.24.19.50.13.50.2.2.50.50.50.2.2.2.2.2.2.50.7.20.50.15.2.2.2.50.xover.mutate.done 50
 generation 11.51.51.51.51.51.51.51.51.51.51.51.51.1.51.51.51.11.51.51.51.51.1.51.47.1.1.47.1.51.1.1.51.8.2.10.51.44.51.1.13.1.51.51.15.51.51.51.1.1.1.xover.mutate.done 50
 generation 12.50.50.50.50.50.50.50.50.50.50.50.8.50.50.8.50.10.0.50.50.50.50.6.50.50.50.44.0.0.0.6.50.50.41.0.12.50.50.50.50.8.0.50.10.50.50.50.6.0.50.xover.mutate.done 50
 generation 13.51.51.51.51.51.51.51.51.51.51.21.49.9.11.51.10.51.51.31.51.51.21.9.3.3.51.51.3.50.50.51.46.51.3.3.40.51.3.51.50.51.51.51.51.20.1.51.50.51.51.xover.mutate.done 50
 generation 14.50.50.50.50.50.50.50.50.50.50.1.50.1.40.50.50.1.50.50.50.50.1.50.50.1.1.1.7.1.1.8.50.50.0.50.1.1.50.1.22.50.50.50.1.50.0.50.5.0.40.xover.mutate.done 50
 generation 15.52.52.52.52.52.52.52.52.52.52.3.52.52.27.8.52.3.52.52.8.52.50.52.52.28.3.3.50.3.14.25.52.51.52.52.3.52.3.52.21.18.52.52.52.52.52.52.13.3.3.xover.mutate.done 50
 generation 16.52.52.52.52.52.52.52.52.52.52.52.50.9.52.18.52.52.9.3.52.52.3.52.52.12.9.4.3.15.52.14.52.3.3.52.52.52.3.52.52.3.3.8.52.4.52.50.3.52.52.xover.mutate.done 50
 generation 17.50.50.50.50.50.50.50.50.50.50.50.50.2.50.50.50.50.50.50.50.50.2.50.50.50.2.2.50.0.50.2.2.2.2.14.50.2.50.2.50.37.50.2.50.50.2.10.2.50.50.xover.mutate.done 50
 generation 18.50.50.50.50.50.50.50.50.50.50.0.50.0.50.50.9.50.50.0.14.15.50.10.6.50.50.50.13.50.50.50.50.3.50.50.50.50.50.0.8.50.15.50.32.50.50.50.50.12.0.xover.mutate.done 50
 generation 19.50.50.50.50.50.50.50.50.50.50.50.9.0.50.2.9.50.2.12.0.50.50.50.50.2.50.10.15.2.50.50.2.50.50.50.2.16.2.50.50.50.2.26.50.50.2.50.50.50.50.xover.mutate.done 50
 generation 20.50.50.50.50.50.50.50.50.50.50.50.0.15.50.9.0.50.50.50.50.0.50.0.50.50.50.0.10.50.0.0.8.28.10.50.0.50.50.50.27.0.0.0.0.7.50.50.50.11.5.xover.mutate.done 50
 generation 21.52.52.52.52.52.52.52.52.52.52.52.52.52.52.2.52.6.52.31.2.52.52.2.15.2.2.52.2.2.2.52.2.52.2.52.14.2.11.8.17.52.2.52.52.2.13.52.14.2.13.xover.mutate.done 50
 generation 22.50.50.50.50.50.50.50.50.50.50.50.10.50.50.50.50.42.48.50.31.48.50.7.0.2.50.0.6.7.50.4.0.50.0.50.0.50.0.0.0.50.50.24.50.0.8.0.0.0.0.xover.mutate.done 50
 generation 23.51.51.51.51.51.51.51.51.51.51.1.51.13.1.1.1.13.51.51.51.1.51.1.8.51.51.1.51.11.1.51.10.1.8.51.51.1.46.51.47.51.1.1.51.51.1.51.11.51.51.xover.mutate.done 50
 generation 24.50.50.50.50.50.50.50.50.50.50.0.50.0.50.0.50.50.9.50.50.50.0.0.50.50.0.50.23.0.0.50.50.50.3.50.0.0.0.50.5.11.50.0.5.0.50.0.50.50.50.xover.mutate.done 50
 generation 25.50.50.50.50.50.50.50.50.50.50.38.50.6.0.50.50.50.50.0.0.50.50.50.50.50.8.50.50.4.0.50.8.0.50.50.50.0.11.50.50.12.50.50.5.6.0.50.0.50.0.xover.mutate.done 50
 generation 26.50.50.50.50.50.50.50.50.50.50.0.0.3.50.50.0.50.50.18.0.32.9.0.50.50.50.50.50.0.0.50.50.50.9.50.50.6.50.19.50.50.50.50.50.50.13.50.0.50.50.xover.mutate.done 50
 generation 27.50.50.50.50.50.50.50.50.50.50.50.50.50.1.50.50.10.50.50.50.50.50.1.33.1.50.1.50.50.50.50.50.50.1.50.1.1.1.50.50.50.50.50.4.50.0.0.14.1.50.xover.mutate.done 50
 generation 28.51.51.51.51.51.51.51.51.51.51.13.6.1.51.51.51.1.51.8.27.51.36.12.51.51.9.51.16.51.1.51.51.0.45.1.51.51.51.51.1.51.51.1.5.0.1.17.1.51.1.xover.mutate.done 50
 generation 29.51.51.51.51.51.51.51.51.51.51.51.13.51.11.51.1.12.1.50.1.51.1.51.51.50.1.1.51.13.51.51.24.13.16.51.1.51.1.51.51.51.1.51.51.1.1.51.1.51.1.xover.mutate.done 50
 generation 30.50.50.50.50.50.50.50.50.50.50.50.50.1.1.50.50.50.1.3.7.32.4.13.37.1.1.1.50.1.50.1.1.50.50.1.50.8.1.50.1.1.24.7.50.50.1.5.50.16.50.xover.mutate.done 50
 generation 31.50.50.50.50.50.50.50.50.50.50.2.11.4.50.50.2.2.2.50.50.50.40.50.2.12.28.50.50.15.14.50.50.2.50.17.50.2.50.2.50.50.41.47.50.2.2.50.13.2.2.xover.mutate.done 50
 generation 32.50.50.50.50.50.50.50.50.50.50.50.0.0.11.9.50.50.9.0.50.50.37.50.50.11.0.0.0.13.50.0.50.14.50.50.50.0.50.50.40.0.50.0.0.0.0.50.50.50.0.xover.mutate.done 50
 generation 33.51.51.51.51.51.51.51.51.51.51.51.7.52.51.23.51.50.16.51.2.51.8.51.51.51.51.51.51.15.33.2.49.51.51.8.51.51.2.2.2.2.18.24.2.2.6.2.51.2.51.xover.mutate.done 50
 generation 34.57.51.51.51.51.51.51.51.51.51.51.8.7.51.49.47.51.51.51.1.49.1.50.51.51.1.51.51.7.1.51.50.6.1.1.51.1.51.1.51.51.25.19.1.1.17.51.51.51.51.xover.mutate.done 50
 generation 35.57.54.54.54.54.54.54.54.54.54.12.7.54.54.54.54.58.54.7.12.54.54.54.54.54.43.8.54.52.54.54.7.7.54.54.54.54.18.85.54.7.54.54.54.12.7.13.7.12.58.xover.mutate.done 50
 generation 36.85.53.53.51.50.50.50.50.50.50.50.50.3.50.22.50.10.50.50.7.31.3.48.7.50.58.50.50.8.20.50.3.3.50.3.3.7.50.50.50.3.42.51.10.3.3.3.8.3.3.xover.mutate.done 50
 generation 37.78.55.53.53.51.53.51.51.51.51.19.51.51.1.51.51.35.27.51.40.16.1.1.51.50.1.1.1.1.51.51.51.52.51.1.51.51.51.23.51.51.9.51.26.22.1.6.38.1.51.xover.mutate.done 50
 generation 38.80.56.58.58.56.53.55.51.51.51.1.45.51.40.51.51.14.1.44.7.51.5.51.9.42.50.23.51.1.51.51.4.39.51.51.1.1.51.1.39.50.17.51.51.51.51.51.51.14.50.xover.mutate.done 50
 generation 39.83.59.59.57.56.59.57.50.50.50.7.12.50.50.0.21.38.50.50.50.38.24.85.73.0.50.50.46.0.50.6.0.50.50.21.0.50.50.12.17.30.10.35.50.0.13.52.50.8.50.xover.mutate.done 50
 generation 40.86.83.70.60.60.55.55.56.57.52.39.0.50.49.10.20.38.50.1.1.0.5.42.50.47.78.1.4.1.65.21.10.50.60.1.1.1.20.51.59.1.50.11.54.50.50.22.18.24.50.xover.mutate.done 50
 generation 41.83.83.80.71.69.60.60.60.56.59.38.25.52.52.28.41.52.52.36.59.56.59.12.52.20.46.83.42.9.52.26.53.58.20.3.52.10.35.9.3.40.13.25.3.56.10.52.17.52.52.xover.mutate.done 50
 generation 42.87.84.87.82.75.72.63.63.63.66.21.1.75.1.23.39.5.14.1.1.50.25.49.69.50.0.28.50.24.40.45.5.1.29.35.40.48.20.8.88.51.50.1.1.63.38.55.1.50.6.xover.mutate.done 50
 generation 43.82.86.86.83.79.73.69.73.62.55.50.0.32.14.65.0.78.22.50.50.0.53.47.50.30.13.29.6.46.0.1.49.80.0.84.15.63.26.6.4.42.20.50.42.83.0.48.0.0.86.xover.mutate.done 50
 generation 44.85.85.85.87.84.83.82.80.83.75.50.19.17.27.27.68.32.10.50.16.55.2.2.49.62.16.45.50.63.29.70.31.50.1.1.64.1.1.50.34.85.50.43.20.48.85.21.50.48.40.xover.mutate.done 50
 generation 45.86.87.87.86.87.86.82.79.79.80.63.85.39.46.83.78.10.50.6.86.89.50.89.80.15.0.50.50.7.30.1.50.90.5.54.21.1.39.47.1.11.32.9.53.1.43.44.20.50.0.xover.mutate.done 50
 generation 46.93.91.90.88.88.88.89.88.90.88.25.88.88.50.5.50.92.0.73.36.1.56.51.5.89.45.3.40.27.22.88.87.87.93.51.50.50.68.40.4.83.57.26.51.78.35.50.88.50.50.xover.mutate.done 50
 generation 47.97.96.94.97.87.86.90.90.92.92.46.86.60.97.64.54.48.1.50.50.49.9.50.76.37.50.0.95.41.1.50.90.53.96.46.0.46.1.47.29.94.38.97.1.86.86.97.78.1.48.xover.mutate.done 50
 generation 48.93.93.96.97.93.92.96.96.93.94.15.91.40.17.34.51.93.21.71.9.89.63.51.91.51.31.91.42.88.51.90.49.51.1.46.6.51.50.20.39.51.1.39.70.65.51.63.51.16.11.xover.mutate.done 50
 generation 49.91.93.91.92.94.91.91.91.92.91.51.24.51.61.22.47.33.59.71.61.14.84.51.50.35.67.88.65.90.92.11.67.54.90.91.52.51.1.92.48.65.94.1.77.56.50.73.28.43.60.xover.mutate.done 50
 28518506 iters     694093 iter/sec (41.09 s)
 total time: 41.09
