% Invoked: ./gella -d -r 3 -l biased_r3/run34 >& biased_r3/run34.log
% Ministry of Cellular Automata
% Project Deux (CS523 Spring 2015)
% Version:v0.1-70-g0624-dirty
%  pop:50
%  ic count:100
%  CA Log option:biased_r3/run34
%  width:121
%  max workers:4
%  radius:3
%  iterations:300
%  use bias:true
%  generations:50

 generation 0.2.1.50.1.2.2.1.1.2.50.50.2.2.2.5.1.50.1.2.50.1.1.2.2.2.1.50.1.2.1.1.2.1.1.1.22.50.1.1.1.2.1.50.1.2.2.2.2.2.50.xover.mutate.done 50
 generation 1.50.50.50.50.50.50.50.50.50.19.50.1.0.0.0.5.4.51.1.50.51.0.0.1.1.8.1.1.0.10.0.1.50.50.51.50.1.50.1.50.1.50.1.1.50.50.0.1.0.1.xover.mutate.done 50
 generation 2.51.51.51.50.50.50.50.50.50.50.50.1.16.1.50.1.0.0.1.0.18.32.1.18.1.0.41.1.1.1.51.1.1.50.51.1.50.51.1.1.31.1.1.0.1.50.50.50.92.1.xover.mutate.done 50
 generation 3.95.50.50.50.50.50.50.50.50.50.1.50.50.0.0.50.1.26.50.1.1.50.0.50.0.1.50.1.50.50.50.0.50.50.1.1.50.1.1.50.5.1.0.50.50.1.1.1.50.0.xover.mutate.done 50
 generation 4.88.50.50.50.50.50.50.50.50.50.1.1.1.50.50.1.50.1.0.50.1.15.50.50.1.38.1.1.36.84.1.46.1.0.1.0.2.0.50.50.50.50.50.50.1.50.26.0.1.43.xover.mutate.done 50
 generation 5.89.88.50.50.50.50.50.50.50.50.50.1.50.50.1.1.1.17.50.1.66.50.1.1.1.1.1.7.1.50.88.1.50.50.50.50.41.50.1.0.86.1.5.17.1.50.1.1.1.0.xover.mutate.done 50
 generation 6.94.90.90.87.67.50.50.50.50.50.50.1.1.50.1.92.50.43.50.1.1.50.50.1.1.62.1.27.20.1.50.50.1.0.0.1.0.51.1.50.20.50.1.1.1.50.50.1.1.50.xover.mutate.done 50
 generation 7.92.87.87.86.86.72.72.52.50.50.50.9.2.2.44.50.78.50.50.0.50.50.50.50.50.50.50.72.2.6.2.2.44.50.2.62.81.2.70.0.50.2.10.31.13.48.48.46.50.50.xover.mutate.done 50
 generation 8.92.90.87.86.85.85.78.67.66.75.67.3.50.68.68.37.45.70.49.3.71.3.51.25.51.84.77.39.51.2.63.67.11.69.50.42.41.52.51.40.52.2.56.69.53.71.1.63.41.50.xover.mutate.done 50
 generation 9.96.89.86.87.84.86.85.80.75.68.8.51.67.93.7.50.30.50.46.6.69.23.60.68.49.54.59.37.50.0.38.42.50.0.0.87.8.50.49.44.50.38.0.50.0.57.6.0.11.10.xover.mutate.done 50
 generation 10.92.88.85.83.83.84.79.79.83.77.15.85.2.20.0.2.88.16.37.40.13.4.14.57.50.38.78.60.85.89.0.39.39.81.87.80.64.84.63.50.88.0.52.53.2.85.52.52.46.30.xover.mutate.done 50
 generation 11.91.89.88.84.88.88.83.83.87.86.83.35.88.47.50.39.59.18.36.52.50.50.43.33.0.54.50.0.86.56.44.0.43.0.10.5.50.76.78.0.50.65.0.26.53.79.50.50.83.61.xover.mutate.done 50
 generation 12.91.91.92.92.89.92.81.84.90.87.0.57.90.15.50.13.92.34.9.56.36.50.80.0.46.62.67.50.83.47.50.8.0.58.10.86.45.65.39.50.8.50.0.0.0.25.63.82.50.84.xover.mutate.done 50
 generation 13.83.83.83.86.85.90.81.89.85.87.69.50.48.49.36.14.85.64.50.9.50.86.50.8.74.34.0.8.5.2.18.51.50.83.0.49.50.45.50.0.34.50.47.46.11.46.50.76.49.47.xover.mutate.done 50
 generation 14.96.92.92.92.90.95.91.92.93.93.75.92.18.69.1.1.1.1.43.11.7.0.50.53.50.1.29.47.50.50.70.55.50.41.50.93.7.1.9.62.43.50.46.63.18.6.50.21.38.50.xover.mutate.done 50
 generation 15.93.91.89.89.89.93.91.94.90.90.57.33.54.55.50.50.19.50.74.1.50.22.49.0.14.50.50.5.50.50.0.49.40.50.83.39.55.46.76.0.42.48.50.56.0.5.53.0.0.0.xover.mutate.done 50
 generation 16.90.92.91.94.90.90.88.90.90.89.19.50.51.51.50.90.51.67.4.45.58.1.81.90.56.51.16.50.1.1.0.52.90.62.1.8.64.50.45.12.55.48.1.60.90.2.90.11.40.51.xover.mutate.done 50
 generation 17.93.92.91.91.90.91.92.92.92.92.91.92.50.41.90.50.2.57.48.78.42.92.16.77.16.49.55.82.15.2.54.76.50.83.2.88.11.92.50.48.89.52.42.33.59.64.52.50.2.14.xover.mutate.done 50
 generation 18.91.90.88.88.89.88.89.84.89.90.53.59.8.53.9.76.86.55.3.57.15.79.2.68.10.10.87.49.37.41.51.10.44.51.44.79.5.36.5.5.51.77.8.59.89.67.62.51.88.53.xover.mutate.done 50
 generation 19.85.88.87.84.84.84.84.85.85.85.84.50.86.65.52.64.85.51.81.83.52.85.20.51.51.3.3.84.51.57.32.79.58.48.85.88.85.10.65.64.57.58.37.52.76.52.40.88.84.58.xover.mutate.done 50
 generation 20.92.94.92.93.93.92.92.92.92.92.3.70.58.52.92.51.51.50.52.93.54.57.35.8.38.46.89.62.12.7.1.57.50.86.22.24.52.89.92.1.50.92.86.52.93.92.6.50.51.91.xover.mutate.done 50
 generation 21.95.91.92.92.94.92.93.88.92.92.52.77.52.85.60.52.16.4.74.86.2.50.51.33.86.52.59.52.28.73.57.92.2.83.52.44.46.70.31.44.60.12.48.53.60.50.64.6.4.71.xover.mutate.done 50
 generation 22.97.98.96.93.96.96.94.94.94.96.91.1.79.43.52.92.50.2.50.4.1.49.50.52.33.49.89.51.69.90.33.3.49.50.43.80.42.1.47.48.79.17.50.49.40.46.50.50.78.98.xover.mutate.done 50
 generation 23.95.96.94.95.94.95.95.94.94.94.50.47.81.13.50.1.49.49.18.24.13.29.1.1.1.18.51.48.50.1.1.86.47.51.32.3.56.85.1.1.50.67.51.56.12.91.8.26.94.40.xover.mutate.done 50
 generation 24.95.95.94.93.94.95.89.96.96.95.45.26.55.73.8.44.23.1.96.50.1.2.83.49.57.51.63.8.59.56.20.17.55.72.96.95.50.60.11.51.50.1.50.12.53.1.1.95.1.5.xover.mutate.done 50
 generation 25.87.87.87.87.90.90.89.92.89.87.14.50.4.12.50.60.23.5.47.25.27.51.55.19.75.46.42.65.1.35.82.1.87.20.87.50.2.20.18.67.51.37.50.60.0.36.76.41.50.51.xover.mutate.done 50
 generation 26.92.95.93.94.92.91.91.91.91.92.43.48.50.91.78.47.66.91.73.0.1.8.49.65.9.93.78.6.72.6.23.50.91.35.10.54.91.37.30.32.7.49.59.91.91.36.50.91.59.6.xover.mutate.done 50
 generation 27.92.93.93.91.91.92.89.89.89.89.79.0.50.87.63.32.57.77.0.67.47.60.28.76.49.13.50.50.46.18.0.19.49.50.50.48.0.50.15.60.48.14.45.72.89.8.44.20.30.50.xover.mutate.done 50
 generation 28.93.92.91.93.90.88.89.89.89.89.72.10.60.50.3.3.49.40.22.46.30.64.70.3.52.10.49.52.50.8.91.1.29.78.2.10.50.57.51.41.75.68.1.51.42.24.47.13.69.7.xover.mutate.done 50
 generation 29.92.91.92.90.82.90.91.89.89.89.51.18.25.1.59.80.87.45.35.41.38.43.41.50.47.42.60.42.92.51.69.7.66.8.44.50.42.78.67.50.40.82.36.30.2.48.46.46.35.50.xover.mutate.done 50
 generation 30.95.95.95.93.95.94.91.95.95.95.95.52.4.6.19.38.11.60.52.22.3.52.3.64.5.60.12.23.50.95.42.49.45.13.81.1.1.65.38.50.52.5.3.18.3.51.79.1.92.70.xover.mutate.done 50
 generation 31.96.96.93.94.94.94.94.94.94.94.50.1.1.55.51.50.10.12.47.8.59.44.19.24.28.3.94.96.74.58.10.1.60.1.94.1.1.13.80.94.92.34.51.51.90.86.46.28.9.76.xover.mutate.done 50
 generation 32.92.91.91.90.90.90.90.90.90.91.90.17.75.65.77.51.80.51.1.0.16.50.90.9.81.65.83.58.8.48.54.90.90.50.79.1.65.48.90.48.50.8.89.50.76.75.46.65.8.90.xover.mutate.done 50
 generation 33.96.95.95.92.93.93.93.93.93.93.93.7.80.48.50.5.50.7.13.8.57.93.34.93.20.42.48.66.51.42.32.38.1.48.50.56.93.81.50.93.5.74.51.50.34.93.50.5.44.50.xover.mutate.done 50
 generation 34.92.90.91.89.89.89.89.89.89.89.55.50.88.10.1.0.74.83.0.89.62.1.23.1.55.50.50.29.24.89.1.45.35.61.50.88.51.43.50.1.0.89.14.0.5.49.1.22.50.55.xover.mutate.done 50
 generation 35.92.93.91.89.89.89.89.89.89.90.50.48.70.46.38.69.89.42.85.92.1.41.0.51.84.40.51.29.1.59.57.25.13.47.47.46.73.1.3.41.47.41.2.76.55.11.0.57.37.0.xover.mutate.done 50
 generation 36.92.93.93.92.90.90.90.90.90.90.43.68.58.10.52.68.30.91.61.50.66.92.2.0.33.90.38.75.37.11.35.21.59.90.8.55.8.71.29.83.58.90.54.2.50.41.50.46.90.11.xover.mutate.done 50
 generation 37.93.93.94.93.94.91.90.91.91.91.50.31.57.73.8.75.1.53.50.58.1.90.92.16.1.0.94.50.43.50.81.8.57.90.33.62.2.94.50.51.47.57.1.50.73.39.87.7.50.15.xover.mutate.done 50
 generation 38.92.93.94.94.93.93.92.92.92.92.34.42.61.19.35.62.65.0.46.50.92.12.48.92.50.54.50.46.51.54.75.51.58.91.57.39.7.7.43.45.93.1.66.50.59.51.51.56.0.51.xover.mutate.done 50
 generation 39.92.92.90.92.95.90.96.94.88.88.9.6.28.40.35.81.86.71.48.1.25.44.16.81.81.51.62.39.11.50.50.92.28.29.31.1.41.14.21.1.39.1.5.46.1.86.44.67.92.48.xover.mutate.done 50
 generation 40.96.95.96.93.93.95.92.96.94.94.52.55.52.50.42.81.3.53.52.16.50.95.46.3.35.52.54.26.46.88.61.69.3.4.33.95.95.2.3.50.51.52.64.56.11.35.20.33.79.12.xover.mutate.done 50
 generation 41.95.95.95.94.94.95.94.95.95.95.54.50.5.93.0.50.66.93.24.14.0.0.95.15.57.0.92.44.73.18.50.89.98.38.91.0.54.79.12.46.42.3.5.32.46.83.34.58.53.75.xover.mutate.done 50
 generation 42.92.93.94.93.93.93.93.93.91.94.61.27.50.81.46.55.7.50.93.9.90.0.93.55.48.24.80.50.50.36.50.93.85.89.0.9.6.52.49.66.69.89.50.50.79.46.50.50.65.31.xover.mutate.done 50
 generation 43.95.95.94.94.94.94.95.95.94.91.8.79.50.58.50.48.50.91.21.51.80.51.25.49.50.9.1.51.78.50.69.46.50.55.49.51.61.49.0.12.56.14.13.95.1.94.49.50.17.1.xover.mutate.done 50
 generation 44.92.92.90.90.90.92.91.92.92.91.52.46.32.43.88.56.75.21.46.73.2.10.52.50.13.92.2.90.84.50.2.28.2.11.50.70.70.49.90.31.2.48.2.52.43.24.46.92.61.22.xover.mutate.done 50
 generation 45.92.93.92.90.90.88.91.91.91.90.80.23.6.50.45.84.50.38.2.1.84.90.5.27.27.56.86.8.4.45.1.49.50.88.2.52.4.75.88.78.47.64.51.37.50.73.53.51.2.16.xover.mutate.done 50
 generation 46.86.85.86.88.87.87.87.87.88.88.55.54.60.1.48.1.58.1.50.65.2.1.49.9.1.79.20.50.47.2.27.87.2.48.9.19.54.15.68.35.51.58.51.2.2.24.40.33.56.42.xover.mutate.done 50
 generation 47.90.90.91.91.91.91.92.89.93.92.1.11.4.4.4.43.88.53.11.49.50.4.7.92.50.1.43.10.1.52.1.91.54.33.18.55.91.84.50.50.50.50.77.4.83.3.4.81.51.4.xover.mutate.done 50
 generation 48.91.91.91.88.91.91.91.91.89.90.8.1.50.70.50.30.1.14.50.59.59.94.47.48.1.50.86.51.64.60.49.67.1.71.7.47.1.1.1.69.49.45.0.8.51.71.1.50.94.89.xover.mutate.done 50
 generation 49.94.94.97.94.94.93.94.94.94.94.1.48.15.49.50.9.1.27.93.39.50.58.50.50.51.50.45.1.90.51.94.50.58.8.87.1.1.1.51.9.55.74.0.1.1.51.50.50.37.1.xover.mutate.done 50
 28527515 iters     721760 iter/sec (39.52 s)
 total time: 39.52
