0.84375 0.96875 0.1171875 0.1484375 0.640625 0.4296875 0.34375 0.21875 0.9140625 0.984375 
0.1171875 0.828125 0.0078125 0.0859375 0.0703125 0.171875 0.046875 0.984375 0.203125 0.21875 
0.1171875 0.828125 0.0078125 0.0859375 0.0703125 0.171875 0.046875 0.984375 0.203125 0.8984375 
0.5546875 0.7109375 0.1171875 0.828125 0.0078125 0.0859375 0.0703125 0.171875 0.046875 0.984375 
0.328125 0.5546875 0.7109375 0.1171875 0.828125 0.0078125 0.0859375 0.0703125 0.171875 0.046875 
0.34375 0.328125 0.5546875 0.7109375 0.265625 0.6953125 0.1171875 0.2265625 0.7109375 0.328125 
0.3359375 0.34375 0.265625 0.1171875 0.2265625 0.328125 0.28125 0.140625 0.34375 0.3125 
0.3359375 0.390625 0.34375 0.328125 0.359375 0.265625 0.1171875 0.2265625 0.28125 0.140625 
0.3359375 0.328125 0.3828125 0.265625 0.1171875 0.2265625 0.28125 0.140625 0.2109375 0.34375 
0.375 0.3359375 0.328125 0.3828125 0.265625 0.1171875 0.2265625 0.28125 0.140625 0.2109375 
0.375 0.375 0.3359375 0.328125 0.3828125 0.265625 0.1171875 0.2265625 0.28125 0.140625 
0.375 0.375 0.3359375 0.328125 0.3828125 0.265625 0.1171875 0.2265625 0.28125 0.140625 
0.375 0.375 0.3828125 0.3359375 0.328125 0.3828125 0.265625 0.1171875 0.2265625 0.28125 
0.375 0.375 0.3828125 0.3359375 0.328125 0.3828125 0.3671875 0.265625 0.1171875 0.2265625 
0.375 0.375 0.4140625 0.3828125 0.390625 0.3671875 0.3359375 0.328125 0.3828125 0.40625 
0.375 0.375 0.4140625 0.4140625 0.375 0.4140625 0.421875 0.390625 0.3828125 0.3671875 
0.375 0.375 0.4140625 0.4140625 0.375 0.4140625 0.421875 0.390625 0.3671875 0.421875 
0.375 0.375 0.453125 0.375 0.4140625 0.4140625 0.4140625 0.4140625 0.4140625 0.421875 
0.375 0.375 0.453125 0.375 0.453125 0.4140625 0.4140625 0.390625 0.4140625 0.421875 
0.375 0.375 0.375 0.453125 0.453125 0.4140625 0.4140625 0.4140625 0.4296875 0.4140625 
0.375 0.4296875 0.453125 0.375 0.375 0.4140625 0.4140625 0.453125 0.4140625 0.4296875 
0.375 0.3984375 0.4296875 0.375 0.453125 0.4609375 0.4765625 0.453125 0.375 0.4140625 
0.3984375 0.375 0.453125 0.375 0.4296875 0.4609375 0.4609375 0.453125 0.375 0.4765625 
0.3984375 0.375 0.453125 0.4140625 0.375 0.4609375 0.4296875 0.4765625 0.4609375 0.375 
0.3984375 0.375 0.4140625 0.375 0.4296875 0.453125 0.4765625 0.4609375 0.4609375 0.375 
0.3984375 0.4140625 0.375 0.375 0.453125 0.4296875 0.4765625 0.4609375 0.4609375 0.4375 
0.3984375 0.375 0.4140625 0.453125 0.375 0.4375 0.4296875 0.4609375 0.4765625 0.4609375 
0.3984375 0.4140625 0.40625 0.375 0.3984375 0.3984375 0.4609375 0.4609375 0.421875 0.4296875 
0.40625 0.375 0.4609375 0.4140625 0.3984375 0.3984375 0.4609375 0.4140625 0.421875 0.3984375 
0.3984375 0.40625 0.40625 0.4140625 0.4140625 0.375 0.421875 0.3984375 0.4140625 0.3984375 
0.3984375 0.40625 0.40625 0.4140625 0.4140625 0.40625 0.375 0.4140625 0.3984375 0.421875 
0.375 0.3984375 0.3984375 0.40625 0.40625 0.4140625 0.4140625 0.40625 0.40625 0.421875 
0.3984375 0.375 0.4140625 0.40625 0.421875 0.3984375 0.3984375 0.40625 0.40625 0.4140625 
0.3984375 0.375 0.40625 0.3984375 0.40625 0.40625 0.4140625 0.40625 0.3984375 0.421875 
0.375 0.421875 0.40625 0.3984375 0.40625 0.40625 0.4140625 0.40625 0.3984375 0.3984375 
0.375 0.421875 0.40625 0.3984375 0.40625 0.40625 0.4140625 0.40625 0.3984375 0.3984375 
0.421875 0.40625 0.3984375 0.40625 0.40625 0.4140625 0.40625 0.3984375 0.390625 0.375 
0.390625 0.40625 0.3984375 0.40625 0.40625 0.4140625 0.40625 0.3984375 0.375 0.3984375 
0.375 0.390625 0.40625 0.3984375 0.40625 0.40625 0.4140625 0.40625 0.3984375 0.3984375 
0.390625 0.40625 0.40625 0.4140625 0.3984375 0.40625 0.3984375 0.40625 0.3984375 0.375 
0.375 0.390625 0.40625 0.40625 0.3984375 0.4140625 0.40625 0.3984375 0.40625 0.3984375 
0.375 0.390625 0.40625 0.40625 0.3984375 0.4140625 0.40625 0.3984375 0.40625 0.3984375 
0.375 0.390625 0.40625 0.40625 0.3984375 0.40625 0.3984375 0.40625 0.3984375 0.4140625 
0.40625 0.3984375 0.40625 0.3984375 0.4140625 0.390625 0.40625 0.40625 0.3984375 0.375 
0.40625 0.390625 0.40625 0.40625 0.3984375 0.375 0.3828125 0.40625 0.40625 0.3984375 
0.3984375 0.3984375 0.421875 0.40625 0.3828125 0.40625 0.390625 0.4375 0.4140625 0.390625 
0.3984375 0.3984375 0.421875 0.40625 0.3828125 0.40625 0.390625 0.4140625 0.40625 0.4296875 
0.40625 0.3984375 0.3984375 0.421875 0.40625 0.3828125 0.40625 0.390625 0.4140625 0.3984375 
0.40625 0.3984375 0.421875 0.40625 0.3828125 0.4140625 0.4296875 0.3984375 0.40625 0.390625 
0.3984375 0.421875 0.40625 0.3828125 0.4140625 0.4296875 0.3984375 0.40625 0.390625 0.3984375 
