0.609375 0.921875 0.8125 0.4375 0.109375 0.515625 0.7265625 0.09375 0.171875 0.4375 
0.09375 0.9765625 0.859375 0.921875 0.03125 0.0546875 0.9765625 0.078125 0.0390625 0.046875 
0.09375 0.9765625 0.859375 0.921875 0.03125 0.0546875 0.9765625 0.078125 0.0390625 0.046875 
0.40625 0.265625 0.296875 0.125 0.15625 0.3671875 0.09375 0.9765625 0.859375 0.921875 
0.40625 0.265625 0.296875 0.125 0.15625 0.3671875 0.1875 0.2421875 0.09375 0.9765625 
0.40625 0.265625 0.296875 0.125 0.15625 0.3671875 0.1875 0.2421875 0.2265625 0.203125 
0.40625 0.265625 0.296875 0.125 0.15625 0.3671875 0.1875 0.2421875 0.2265625 0.203125 
0.40625 0.265625 0.296875 0.125 0.15625 0.3671875 0.1875 0.2421875 0.2265625 0.203125 
0.40625 0.265625 0.296875 0.125 0.15625 0.3671875 0.1875 0.2421875 0.2265625 0.203125 
0.40625 0.265625 0.296875 0.125 0.15625 0.3671875 0.1875 0.2421875 0.2265625 0.203125 
0.40625 0.265625 0.296875 0.125 0.15625 0.3671875 0.1875 0.2421875 0.2265625 0.203125 
0.40625 0.265625 0.296875 0.125 0.15625 0.3671875 0.1875 0.2421875 0.2265625 0.203125 
0.40625 0.265625 0.296875 0.125 0.15625 0.3671875 0.1875 0.2421875 0.2265625 0.203125 
0.40625 0.265625 0.296875 0.125 0.15625 0.3671875 0.1875 0.2421875 0.2265625 0.203125 
0.40625 0.265625 0.296875 0.125 0.15625 0.3671875 0.1875 0.2421875 0.2265625 0.203125 
0.4609375 0.40625 0.265625 0.296875 0.125 0.15625 0.3671875 0.1875 0.2421875 0.2265625 
0.4296875 0.4609375 0.40625 0.265625 0.296875 0.125 0.15625 0.3671875 0.1875 0.2421875 
0.4609375 0.4296875 0.34375 0.40625 0.265625 0.296875 0.125 0.15625 0.3671875 0.1875 
0.4296875 0.34375 0.4609375 0.40625 0.265625 0.296875 0.125 0.15625 0.3671875 0.1875 
0.4296875 0.4453125 0.4609375 0.34375 0.3828125 0.34375 0.390625 0.40625 0.265625 0.296875 
0.4453125 0.4296875 0.34375 0.3828125 0.34375 0.390625 0.4609375 0.390625 0.4140625 0.3359375 
0.46875 0.4453125 0.4296875 0.390625 0.4140625 0.34375 0.34375 0.3828125 0.390625 0.4609375 
0.46875 0.46875 0.4296875 0.390625 0.34375 0.4453125 0.4140625 0.34375 0.3828125 0.390625 
0.46875 0.46875 0.46875 0.4296875 0.4453125 0.34375 0.390625 0.34375 0.3828125 0.390625 
0.46875 0.46875 0.46875 0.4296875 0.4453125 0.4609375 0.34375 0.390625 0.3828125 0.390625 
0.46875 0.4296875 0.4609375 0.4140625 0.421875 0.46875 0.46875 0.390625 0.40625 0.4375 
0.4140625 0.46875 0.421875 0.4609375 0.46875 0.46875 0.390625 0.4375 0.46875 0.4296875 
0.5234375 0.484375 0.46875 0.46875 0.46875 0.46875 0.4140625 0.421875 0.4609375 0.390625 
0.5234375 0.5 0.515625 0.484375 0.46875 0.46875 0.46875 0.46875 0.421875 0.4140625 
0.5234375 0.5 0.46875 0.46875 0.46875 0.46875 0.484375 0.4765625 0.421875 0.484375 
0.5234375 0.5 0.484375 0.421875 0.4765625 0.46875 0.46875 0.46875 0.46875 0.484375 
0.5234375 0.5 0.484375 0.484375 0.484375 0.421875 0.46875 0.46875 0.46875 0.46875 
0.5234375 0.5 0.484375 0.484375 0.484375 0.421875 0.46875 0.4765625 0.46875 0.46875 
0.5234375 0.484375 0.484375 0.484375 0.484375 0.5 0.5 0.484375 0.421875 0.46875 
0.5234375 0.484375 0.4921875 0.5 0.484375 0.484375 0.484375 0.5 0.4921875 0.484375 
0.5234375 0.4765625 0.484375 0.484375 0.484375 0.484375 0.5 0.4921875 0.484375 0.4921875 
0.4765625 0.5234375 0.484375 0.484375 0.484375 0.484375 0.4921875 0.484375 0.5 0.4921875 
0.5234375 0.484375 0.515625 0.4765625 0.484375 0.5 0.484375 0.484375 0.484375 0.484375 
0.5234375 0.484375 0.4765625 0.5 0.484375 0.484375 0.484375 0.484375 0.484375 0.484375 
0.5234375 0.4765625 0.484375 0.484375 0.484375 0.484375 0.484375 0.484375 0.484375 0.5 
0.4765625 0.5234375 0.484375 0.4765625 0.5 0.46875 0.484375 0.484375 0.484375 0.484375 
0.5234375 0.484375 0.484375 0.484375 0.484375 0.484375 0.4765625 0.4765625 0.5 0.46875 
0.4765625 0.5234375 0.484375 0.484375 0.484375 0.484375 0.4765625 0.5 0.5 0.484375 
0.5234375 0.5 0.4765625 0.484375 0.484375 0.484375 0.484375 0.484375 0.484375 0.484375 
0.4765625 0.4921875 0.5234375 0.5 0.484375 0.484375 0.484375 0.484375 0.484375 0.484375 
0.5078125 0.5234375 0.5 0.4921875 0.4921875 0.4921875 0.4765625 0.484375 0.484375 0.4921875 
0.5078125 0.4921875 0.5234375 0.4765625 0.5 0.4921875 0.484375 0.4921875 0.4921875 0.484375 
0.5078125 0.4765625 0.5234375 0.4921875 0.5 0.5 0.4921875 0.484375 0.4921875 0.484375 
0.5078125 0.5 0.5 0.5 0.4921875 0.5234375 0.4921875 0.484375 0.484375 0.4765625 
0.5078125 0.484375 0.4921875 0.4921875 0.5 0.5 0.5 0.4921875 0.5234375 0.46875 
