% Invoked: ./gella -d -r 3 -l biased_r3/run37 >& biased_r3/run37.log
% Ministry of Cellular Automata
% Project Deux (CS523 Spring 2015)
% Version:v0.1-70-g0624-dirty
%  pop:50
%  ic count:100
%  CA Log option:biased_r3/run37
%  width:121
%  max workers:4
%  radius:3
%  iterations:300
%  use bias:true
%  generations:50

 generation 0.0.0.1.1.0.1.50.1.0.1.1.1.50.0.0.0.1.1.1.0.50.51.0.1.1.1.50.50.1.1.32.0.51.50.1.1.50.1.0.1.0.0.1.0.0.1.1.1.1.1.xover.mutate.done 50
 generation 1.52.52.50.50.50.50.50.50.50.35.2.2.50.2.0.2.2.0.2.50.2.50.49.2.2.50.59.2.50.0.3.2.2.2.19.0.50.2.50.60.2.2.0.0.12.2.2.50.2.3.xover.mutate.done 50
 generation 2.69.64.52.52.50.50.52.50.52.50.2.36.2.4.4.2.50.51.14.50.2.47.2.50.4.2.4.40.4.31.4.2.50.71.2.50.2.59.2.2.52.50.4.4.50.2.2.13.2.50.xover.mutate.done 50
 generation 3.58.57.54.49.51.51.52.52.52.49.3.3.3.52.1.2.51.2.3.50.3.50.50.3.2.3.16.1.3.3.3.3.50.2.49.28.50.2.1.3.3.41.3.50.3.2.1.3.33.3.xover.mutate.done 50
 generation 4.66.66.64.51.51.51.51.50.50.50.1.50.1.1.1.54.0.50.1.1.50.1.4.1.50.11.1.0.0.1.50.51.50.0.17.1.1.50.50.1.1.0.1.50.0.4.1.1.50.1.xover.mutate.done 50
 generation 5.66.61.62.54.51.51.51.51.51.51.51.50.1.50.5.6.43.1.1.1.51.1.2.50.51.1.1.1.50.1.1.23.2.1.51.2.51.1.2.1.1.51.1.1.51.2.1.2.1.2.xover.mutate.done 50
 generation 6.61.57.60.56.50.50.50.50.50.53.11.50.3.50.30.5.3.62.5.30.0.0.3.0.50.53.62.0.3.0.3.3.50.3.50.50.20.3.3.3.50.0.0.50.2.5.3.3.3.3.xover.mutate.done 50
 generation 7.62.62.61.63.58.54.51.54.50.50.1.18.1.50.0.7.8.1.7.48.50.1.1.7.17.50.26.1.1.1.0.35.10.0.35.1.1.0.0.50.32.0.63.1.0.50.51.44.50.50.xover.mutate.done 50
 generation 8.60.65.59.59.57.56.56.52.50.50.0.0.0.44.13.0.8.0.4.0.6.0.50.0.0.22.50.49.50.50.6.7.0.2.50.50.0.0.16.0.50.44.50.0.0.6.0.10.0.0.xover.mutate.done 50
 generation 9.66.65.63.63.63.61.56.57.51.51.7.51.50.7.6.50.1.51.1.1.28.1.5.30.51.12.1.6.63.6.50.50.6.67.1.1.23.0.1.50.6.1.8.31.0.50.1.50.1.17.xover.mutate.done 50
 generation 10.58.62.53.58.58.56.58.56.51.51.64.2.8.1.1.51.1.50.1.1.51.51.51.1.1.51.1.50.1.2.1.8.2.54.1.8.4.1.6.1.7.62.1.50.1.24.1.45.1.5.xover.mutate.done 50
 generation 11.72.68.68.62.63.63.63.62.60.60.6.8.50.50.54.5.0.10.50.50.0.0.68.0.0.8.0.0.0.60.50.50.50.6.49.63.0.0.0.50.28.4.0.55.50.0.4.0.29.51.xover.mutate.done 50
 generation 12.71.69.69.69.66.66.66.66.66.66.11.4.2.2.0.0.2.12.36.50.50.60.52.62.0.2.2.18.2.37.50.0.23.36.29.10.2.8.7.8.2.2.13.0.0.2.62.0.7.2.xover.mutate.done 50
 generation 13.65.63.63.63.58.58.58.58.61.60.5.50.1.2.2.8.52.2.57.5.5.2.2.1.5.50.1.34.52.4.1.33.8.1.51.43.6.1.2.1.7.5.1.2.5.2.2.18.56.2.xover.mutate.done 50
 generation 14.71.68.68.68.67.65.64.64.64.64.4.50.8.2.10.51.73.8.6.1.5.46.10.2.64.2.60.6.10.2.7.2.6.64.1.2.66.8.1.10.2.1.68.10.2.2.10.64.1.2.xover.mutate.done 50
 generation 15.72.71.68.68.68.68.66.64.62.63.13.10.10.71.49.15.29.2.14.2.2.9.9.2.2.1.47.2.12.61.12.50.2.2.1.9.11.74.9.2.11.2.1.63.2.11.50.2.2.1.xover.mutate.done 50
 generation 16.71.71.68.68.65.65.65.65.65.60.7.34.4.7.72.18.3.48.59.58.26.8.4.12.4.8.9.4.3.30.67.4.9.68.7.1.11.4.12.9.30.11.9.28.4.4.36.46.7.9.xover.mutate.done 50
 generation 17.73.67.62.67.67.63.63.67.67.67.4.33.30.4.5.5.5.5.4.4.42.7.2.4.4.54.6.5.4.73.26.5.5.8.4.7.62.6.44.4.5.41.32.42.4.14.5.5.7.4.xover.mutate.done 50
 generation 18.71.74.70.67.67.67.67.67.65.68.56.7.1.55.7.53.7.1.1.6.1.1.56.9.27.1.1.1.1.1.74.7.0.1.1.1.64.1.6.7.24.1.7.6.9.1.1.57.7.12.xover.mutate.done 50
 generation 19.69.74.70.75.67.69.69.68.68.68.1.1.5.1.1.8.38.1.1.28.6.8.1.6.8.57.5.7.9.1.1.6.8.1.7.1.43.7.1.5.5.5.1.8.9.1.48.1.1.1.xover.mutate.done 50
 generation 20.76.79.79.76.71.71.69.69.69.69.3.9.9.3.11.3.9.19.12.3.3.3.9.11.3.3.11.11.30.9.10.10.9.3.55.9.3.9.9.11.3.3.9.14.3.10.9.3.3.10.xover.mutate.done 50
 generation 21.76.74.69.76.67.67.64.64.64.71.43.1.13.1.0.6.1.6.7.8.58.68.1.8.1.8.7.1.0.7.8.32.72.9.7.1.16.8.56.1.9.8.8.7.1.1.8.8.76.1.xover.mutate.done 50
 generation 22.71.71.71.69.64.61.70.60.67.67.1.6.0.8.6.1.70.5.0.1.5.8.1.5.56.0.1.45.6.24.8.17.1.6.46.5.5.8.3.65.1.5.6.0.4.7.8.5.0.40.xover.mutate.done 50
 generation 23.75.72.72.68.66.72.66.66.62.69.9.9.4.10.46.10.3.12.10.4.4.10.1.9.47.4.3.19.4.7.8.48.8.1.4.45.4.12.12.1.8.48.8.4.8.4.1.33.9.8.xover.mutate.done 50
 generation 24.69.68.68.69.68.66.70.64.64.66.0.37.2.2.8.2.2.2.7.2.2.8.6.2.58.2.2.7.0.2.31.6.6.4.7.8.2.2.2.2.33.2.30.52.2.8.2.35.28.8.xover.mutate.done 50
 generation 25.67.74.72.72.72.68.65.59.67.67.65.1.49.2.2.6.6.2.5.69.6.1.2.43.8.1.36.1.2.76.68.66.2.31.1.5.2.2.50.57.7.2.5.2.2.20.5.34.2.7.xover.mutate.done 50
 generation 26.77.74.75.74.74.66.73.69.68.65.3.2.50.4.3.0.61.0.0.0.0.2.69.0.2.4.0.65.0.53.0.3.2.34.23.0.3.0.0.0.29.0.3.0.6.0.2.45.2.0.xover.mutate.done 50
 generation 27.79.74.76.73.73.73.72.66.70.66.0.5.5.1.51.1.68.5.31.0.0.5.5.1.5.42.1.0.1.27.1.1.1.77.1.1.6.1.5.1.0.1.11.1.19.37.5.0.64.13.xover.mutate.done 50
 generation 28.77.68.77.72.74.74.67.68.75.71.2.1.30.8.2.19.2.2.7.2.1.1.2.22.2.2.8.2.2.2.2.6.2.2.2.6.2.14.31.8.8.2.4.2.30.1.53.2.1.28.xover.mutate.done 50
 generation 29.88.81.73.77.77.75.75.74.79.71.0.0.5.0.9.0.10.7.0.0.0.0.7.7.5.5.0.7.0.0.8.7.0.0.0.6.13.0.5.77.0.0.0.0.0.0.0.0.0.0.xover.mutate.done 50
 generation 30.77.68.61.67.67.67.66.67.75.72.1.1.1.1.1.1.1.9.1.6.0.1.12.0.1.1.1.0.15.1.0.6.65.1.1.1.1.9.0.1.0.1.6.1.0.1.1.8.51.6.xover.mutate.done 50
 generation 31.77.72.73.70.70.70.70.65.69.67.4.1.7.7.4.4.3.4.4.4.4.8.4.4.36.48.4.8.4.4.7.38.7.3.7.7.4.7.4.7.4.24.4.4.4.8.4.4.49.10.xover.mutate.done 50
 generation 32.79.65.74.75.75.75.75.74.65.71.8.0.0.0.6.0.6.5.51.7.0.65.1.5.0.5.0.0.0.0.0.10.65.0.0.0.32.0.7.5.0.6.0.0.48.0.5.6.8.15.xover.mutate.done 50
 generation 33.81.78.73.73.73.74.73.68.75.67.1.1.1.1.1.1.1.1.1.25.24.1.1.1.1.2.1.1.1.1.1.1.1.1.1.30.1.1.1.1.1.1.1.1.1.1.73.16.0.26.xover.mutate.done 50
 generation 34.83.75.72.72.69.69.69.70.69.70.1.6.1.1.72.75.6.1.1.1.0.10.0.18.15.1.0.22.1.1.10.6.1.1.1.8.1.1.1.11.13.1.1.0.1.6.6.0.1.6.xover.mutate.done 50
 generation 35.75.69.67.73.67.67.63.63.65.65.3.3.3.12.3.15.3.3.3.10.14.10.2.12.68.3.11.2.3.3.2.9.2.2.3.10.10.3.9.3.10.3.10.45.3.11.3.11.3.9.xover.mutate.done 50
 generation 36.84.75.80.81.77.74.74.77.77.77.2.2.2.2.2.8.2.5.15.5.2.19.22.2.5.5.5.5.2.0.2.2.2.5.2.2.5.2.21.5.2.2.2.5.2.5.5.5.43.2.xover.mutate.done 50
 generation 37.82.83.81.73.76.76.76.72.77.75.7.25.68.7.7.0.31.0.8.7.7.7.7.0.0.8.7.7.7.0.0.0.0.7.0.0.7.0.7.0.7.7.7.0.7.15.7.8.7.16.xover.mutate.done 50
 generation 38.75.76.74.70.74.74.73.74.70.71.5.2.2.0.2.2.2.5.5.0.5.2.2.10.2.5.5.72.5.2.12.76.2.2.6.2.5.5.5.7.5.5.49.5.2.2.2.2.0.2.xover.mutate.done 50
 generation 39.84.79.79.76.73.73.68.72.75.67.11.2.2.6.2.1.2.2.79.2.76.2.2.1.5.3.5.1.2.4.25.5.2.11.2.3.2.2.4.2.35.2.4.2.4.4.3.1.2.2.xover.mutate.done 50
 generation 40.79.82.76.81.79.75.71.73.73.73.2.2.1.59.2.1.1.3.1.1.2.1.8.14.1.4.1.1.67.0.1.1.3.75.1.1.1.0.1.1.1.1.2.2.1.14.3.7.2.1.xover.mutate.done 50
 generation 41.75.77.86.77.77.77.80.75.75.76.1.75.0.1.1.1.1.57.11.1.0.17.12.11.7.21.8.1.1.1.9.1.75.1.7.15.0.11.1.28.1.7.1.1.1.56.27.11.9.7.xover.mutate.done 50
 generation 42.82.69.74.72.71.74.70.74.70.70.25.1.24.30.1.3.1.0.4.1.1.70.6.1.7.4.72.6.46.4.6.7.16.1.1.0.1.6.54.1.69.1.4.0.18.4.1.4.1.3.xover.mutate.done 50
 generation 43.86.82.80.80.79.77.77.78.76.76.27.2.32.26.78.9.9.9.9.36.12.9.1.9.9.16.1.9.2.1.9.9.62.2.9.2.2.15.9.74.2.9.9.9.82.76.2.9.9.2.xover.mutate.done 50
 generation 44.81.79.79.76.80.77.71.77.73.73.4.69.1.35.1.5.28.8.5.1.5.8.1.1.1.5.1.4.5.0.5.20.59.54.3.5.1.5.1.1.3.1.57.0.1.41.5.1.1.21.xover.mutate.done 50
 generation 45.75.74.76.76.70.74.71.70.71.67.26.11.0.0.0.9.34.0.0.9.9.8.0.0.9.8.12.0.14.12.0.8.0.22.8.0.26.0.65.9.0.0.0.0.0.0.34.17.9.0.xover.mutate.done 50
 generation 46.79.79.83.80.76.75.80.79.80.76.4.5.4.4.4.2.4.9.2.5.1.5.1.4.2.11.4.2.2.11.5.2.80.4.76.5.4.2.4.2.2.5.4.2.4.2.5.4.5.5.xover.mutate.done 50
 generation 47.75.72.68.69.68.72.72.68.65.67.72.0.9.16.5.6.0.0.55.4.6.0.0.7.7.0.0.6.0.0.4.5.8.5.4.0.6.18.4.0.4.5.0.0.5.4.0.0.6.0.xover.mutate.done 50
 generation 48.78.76.77.77.77.68.78.78.75.71.7.2.2.2.6.6.7.0.6.6.19.11.2.6.6.8.0.6.30.8.74.2.6.6.6.8.6.6.6.2.2.2.2.6.58.12.6.6.6.2.xover.mutate.done 50
 generation 49.86.75.75.75.75.75.75.78.75.75.67.1.1.1.2.6.2.9.2.7.70.2.70.2.2.75.6.6.1.1.1.60.74.1.9.9.6.9.2.14.2.78.6.6.2.17.9.11.6.13.xover.mutate.done 50
 68729120 iters     740333 iter/sec (92.84 s)
 total time: 92.84
