0.765625 0.7421875 0.71875 0.328125 0.625 0.625 0.53125 0.3359375 0.0 0.5 
0.8203125 0.8671875 0.0390625 0.0 0.078125 0.15625 0.09375 0.859375 0.984375 0.0234375 
0.0390625 0.8203125 0.8671875 0.609375 0.9375 0.859375 0.640625 0.0390625 0.0 0.078125 
0.0390625 0.8203125 0.8671875 0.609375 0.9375 0.859375 0.640625 0.84375 0.890625 0.6796875 
0.0390625 0.8203125 0.8671875 0.609375 0.9375 0.859375 0.640625 0.84375 0.890625 0.6796875 
0.5390625 0.0390625 0.8203125 0.8671875 0.609375 0.9375 0.859375 0.640625 0.84375 0.890625 
0.5390625 0.6640625 0.0390625 0.8203125 0.8671875 0.609375 0.9375 0.859375 0.640625 0.84375 
0.5390625 0.6640625 0.8203125 0.8671875 0.609375 0.9375 0.859375 0.640625 0.84375 0.8125 
0.5390625 0.6640625 0.8203125 0.8671875 0.609375 0.9375 0.859375 0.640625 0.84375 0.8125 
0.5390625 0.6640625 0.8203125 0.8671875 0.609375 0.9375 0.859375 0.640625 0.84375 0.8125 
0.5390625 0.6640625 0.8203125 0.8671875 0.609375 0.9375 0.859375 0.640625 0.84375 0.8125 
0.5390625 0.6640625 0.8203125 0.8671875 0.609375 0.9375 0.859375 0.640625 0.84375 0.8125 
0.5390625 0.546875 0.6640625 0.53125 0.8203125 0.8671875 0.609375 0.9375 0.859375 0.640625 
0.5390625 0.546875 0.53125 0.6640625 0.8203125 0.8671875 0.609375 0.9375 0.859375 0.640625 
0.5390625 0.6640625 0.546875 0.53125 0.8203125 0.8671875 0.609375 0.9375 0.859375 0.640625 
0.5390625 0.546875 0.53125 0.6640625 0.8203125 0.8671875 0.609375 0.9375 0.859375 0.640625 
0.5390625 0.6640625 0.546875 0.53125 0.8203125 0.8671875 0.609375 0.9375 0.859375 0.640625 
0.5390625 0.6640625 0.546875 0.53125 0.8203125 0.8671875 0.609375 0.9375 0.859375 0.640625 
0.5390625 0.6640625 0.546875 0.53125 0.8203125 0.8671875 0.609375 0.9375 0.859375 0.640625 
0.5390625 0.6640625 0.546875 0.53125 0.8203125 0.8671875 0.609375 0.9375 0.859375 0.640625 
0.5390625 0.6640625 0.546875 0.53125 0.8203125 0.8671875 0.609375 0.9375 0.859375 0.640625 
0.5546875 0.5390625 0.6640625 0.546875 0.53125 0.8203125 0.8671875 0.609375 0.9375 0.859375 
0.5390625 0.5546875 0.546875 0.5390625 0.546875 0.53125 0.6640625 0.8203125 0.8671875 0.609375 
0.5390625 0.5546875 0.5390625 0.546875 0.578125 0.6640625 0.546875 0.53125 0.8203125 0.8671875 
0.5546875 0.5390625 0.5390625 0.578125 0.546875 0.5625 0.546875 0.5625 0.5390625 0.6640625 
0.5546875 0.5390625 0.5546875 0.5390625 0.546875 0.5625 0.5390625 0.5546875 0.578125 0.5625 
0.5390625 0.5546875 0.53125 0.5625 0.546875 0.5625 0.5546875 0.5390625 0.5546875 0.5390625 
0.5390625 0.5546875 0.5546875 0.5234375 0.5390625 0.5390625 0.5546875 0.546875 0.53125 0.546875 
0.5546875 0.5390625 0.5546875 0.546875 0.53125 0.5234375 0.5703125 0.546875 0.546875 0.5546875 
0.5625 0.546875 0.53125 0.5546875 0.546875 0.5546875 0.5546875 0.53125 0.5625 0.5234375 
0.5625 0.5234375 0.546875 0.5546875 0.546875 0.5625 0.53125 0.5546875 0.5546875 0.515625 
0.5625 0.5625 0.5234375 0.5625 0.546875 0.546875 0.5625 0.5546875 0.515625 0.5546875 
0.578125 0.5625 0.5234375 0.5625 0.5234375 0.5625 0.546875 0.5546875 0.53125 0.5625 
0.5625 0.53125 0.578125 0.5234375 0.5234375 0.5625 0.5625 0.5546875 0.5625 0.5625 
0.5625 0.578125 0.5625 0.5625 0.578125 0.5546875 0.5625 0.5625 0.5234375 0.5234375 
0.5625 0.578125 0.5234375 0.5234375 0.578125 0.578125 0.5703125 0.5625 0.578125 0.53125 
0.578125 0.578125 0.578125 0.5625 0.5703125 0.5625 0.53125 0.5234375 0.5234375 0.578125 
0.5625 0.5625 0.53125 0.53125 0.578125 0.578125 0.578125 0.5703125 0.578125 0.5546875 
0.5625 0.5625 0.578125 0.578125 0.578125 0.5703125 0.53125 0.53125 0.578125 0.5546875 
0.578125 0.5625 0.5625 0.578125 0.578125 0.578125 0.5703125 0.5546875 0.578125 0.53125 
0.5625 0.578125 0.578125 0.5625 0.578125 0.578125 0.578125 0.5703125 0.5546875 0.578125 
0.5625 0.5546875 0.5625 0.578125 0.578125 0.5546875 0.578125 0.578125 0.578125 0.5703125 
0.578125 0.5625 0.578125 0.578125 0.578125 0.578125 0.5703125 0.6015625 0.5546875 0.5625 
0.578125 0.59375 0.578125 0.578125 0.578125 0.5703125 0.5625 0.5546875 0.578125 0.5625 
0.5703125 0.578125 0.59375 0.5625 0.578125 0.578125 0.578125 0.5703125 0.5625 0.5546875 
0.578125 0.59375 0.5625 0.5625 0.5625 0.5703125 0.578125 0.578125 0.578125 0.5703125 
0.59375 0.578125 0.5703125 0.5625 0.5625 0.5625 0.578125 0.578125 0.578125 0.5703125 
0.59375 0.578125 0.5859375 0.5703125 0.5390625 0.5625 0.5625 0.5625 0.578125 0.578125 
0.59375 0.5859375 0.578125 0.5703125 0.5390625 0.578125 0.578125 0.5625 0.5625 0.5625 
0.59375 0.5859375 0.578125 0.5625 0.578125 0.5859375 0.5703125 0.578125 0.578125 0.5625 
