0.515625 0.7890625 0.3828125 0.640625 0.78125 0.3984375 0.140625 0.7890625 0.96875 0.6953125 
0.7890625 0.96875 0.1015625 0.953125 0.0859375 0.0078125 0.1953125 0.9375 0.140625 0.0234375 
0.828125 0.9609375 0.140625 0.7890625 0.96875 0.1015625 0.953125 0.0859375 0.0078125 0.1953125 
0.9609375 0.828125 0.7890625 0.140625 0.96875 0.1015625 0.953125 0.0859375 0.0078125 0.1953125 
0.9609375 0.7890625 0.140625 0.8359375 0.203125 0.3046875 0.7890625 0.3359375 0.8125 0.0546875 
0.9609375 0.140625 0.203125 0.3046875 0.3359375 0.0546875 0.2109375 0.296875 0.3828125 0.171875 
0.9609375 0.140625 0.203125 0.3046875 0.3359375 0.0546875 0.2109375 0.296875 0.3828125 0.171875 
0.9609375 0.140625 0.203125 0.3046875 0.3359375 0.0546875 0.2109375 0.296875 0.3828125 0.171875 
0.9609375 0.140625 0.203125 0.3046875 0.3359375 0.0546875 0.2109375 0.296875 0.3828125 0.171875 
0.9609375 0.140625 0.203125 0.3046875 0.3359375 0.0546875 0.2109375 0.296875 0.3828125 0.171875 
0.9609375 0.140625 0.203125 0.3046875 0.3359375 0.0546875 0.2109375 0.296875 0.3828125 0.171875 
0.9609375 0.140625 0.203125 0.3046875 0.3359375 0.0546875 0.2109375 0.296875 0.3828125 0.171875 
0.9609375 0.140625 0.203125 0.3046875 0.3359375 0.0546875 0.2109375 0.296875 0.3828125 0.171875 
0.9609375 0.140625 0.203125 0.3046875 0.3359375 0.0546875 0.2109375 0.296875 0.3828125 0.171875 
0.9609375 0.140625 0.203125 0.3046875 0.3359375 0.0546875 0.2109375 0.296875 0.3828125 0.171875 
0.9609375 0.140625 0.203125 0.3046875 0.3359375 0.0546875 0.2109375 0.296875 0.3828125 0.171875 
0.9609375 0.140625 0.203125 0.3046875 0.3359375 0.0546875 0.2109375 0.296875 0.3828125 0.171875 
0.9609375 0.140625 0.203125 0.3046875 0.3359375 0.0546875 0.2109375 0.296875 0.3828125 0.171875 
0.9609375 0.140625 0.203125 0.3046875 0.3359375 0.0546875 0.2109375 0.296875 0.3828125 0.171875 
0.9609375 0.140625 0.203125 0.3046875 0.3359375 0.0546875 0.2109375 0.296875 0.3828125 0.171875 
0.140625 0.203125 0.3046875 0.3359375 0.0546875 0.2109375 0.296875 0.3828125 0.171875 0.1640625 
0.140625 0.203125 0.3046875 0.3359375 0.0546875 0.2109375 0.296875 0.3828125 0.171875 0.1640625 
0.140625 0.203125 0.3046875 0.3359375 0.0546875 0.2109375 0.296875 0.3828125 0.171875 0.1640625 
0.140625 0.203125 0.3046875 0.3359375 0.0546875 0.2109375 0.296875 0.3828125 0.171875 0.1640625 
0.140625 0.203125 0.3046875 0.3359375 0.0546875 0.2109375 0.296875 0.3828125 0.171875 0.1640625 
0.140625 0.203125 0.3046875 0.3359375 0.0546875 0.2109375 0.296875 0.3828125 0.171875 0.1640625 
0.140625 0.203125 0.3046875 0.3359375 0.0546875 0.2109375 0.296875 0.3828125 0.171875 0.1640625 
0.140625 0.203125 0.3046875 0.3359375 0.0546875 0.2109375 0.296875 0.3828125 0.171875 0.1640625 
0.140625 0.203125 0.3046875 0.3359375 0.0546875 0.2109375 0.296875 0.3828125 0.171875 0.1640625 
0.140625 0.203125 0.3046875 0.3359375 0.0546875 0.2109375 0.296875 0.3828125 0.171875 0.1640625 
0.140625 0.203125 0.3046875 0.3359375 0.0546875 0.2109375 0.296875 0.3828125 0.171875 0.1640625 
0.140625 0.203125 0.3046875 0.3359375 0.0546875 0.2109375 0.296875 0.3828125 0.171875 0.1640625 
0.140625 0.203125 0.3046875 0.3359375 0.0546875 0.2109375 0.296875 0.3828125 0.171875 0.1640625 
0.140625 0.203125 0.3046875 0.3359375 0.0546875 0.2109375 0.296875 0.3828125 0.171875 0.1640625 
0.140625 0.203125 0.3046875 0.3359375 0.0546875 0.2109375 0.296875 0.3828125 0.171875 0.1640625 
0.140625 0.203125 0.3046875 0.3359375 0.0546875 0.2109375 0.296875 0.3828125 0.171875 0.1640625 
0.140625 0.203125 0.3046875 0.3359375 0.0546875 0.2109375 0.296875 0.3828125 0.171875 0.1640625 
0.140625 0.203125 0.3046875 0.3359375 0.0546875 0.2109375 0.296875 0.3828125 0.171875 0.1640625 
0.140625 0.203125 0.3046875 0.3359375 0.0546875 0.2109375 0.296875 0.3828125 0.171875 0.1640625 
0.140625 0.203125 0.3046875 0.3359375 0.0546875 0.2109375 0.296875 0.3828125 0.171875 0.1640625 
0.140625 0.203125 0.3046875 0.3359375 0.0546875 0.2109375 0.296875 0.3828125 0.171875 0.1640625 
0.140625 0.203125 0.3046875 0.3359375 0.0546875 0.2109375 0.296875 0.3828125 0.171875 0.1640625 
0.140625 0.203125 0.3046875 0.3359375 0.0546875 0.2109375 0.296875 0.3828125 0.171875 0.1640625 
0.140625 0.203125 0.3046875 0.3359375 0.0546875 0.2109375 0.296875 0.3828125 0.171875 0.1640625 
0.140625 0.203125 0.3046875 0.3359375 0.0546875 0.2109375 0.296875 0.3828125 0.171875 0.1640625 
0.140625 0.203125 0.3046875 0.3359375 0.0546875 0.2109375 0.296875 0.3828125 0.171875 0.1640625 
0.140625 0.203125 0.3046875 0.3359375 0.0546875 0.2109375 0.296875 0.3828125 0.171875 0.1640625 
0.140625 0.203125 0.3046875 0.3359375 0.0546875 0.2109375 0.296875 0.3828125 0.171875 0.1640625 
0.140625 0.203125 0.3046875 0.3359375 0.0546875 0.2109375 0.296875 0.3828125 0.171875 0.1640625 
0.140625 0.203125 0.3046875 0.3359375 0.0546875 0.2109375 0.296875 0.3828125 0.171875 0.1640625 
