51 51 50 50 50 50 50 50 50 32 1 1 1 1 1 1 1 1 1 1 1 1 1 1 1 1 1 1 1 1 1 1 1 1 1 0 0 0 0 0 0 0 0 0 0 0 0 0 0 0 
60 59 52 52 50 50 50 50 50 50 50 50 50 50 50 50 50 50 50 49 35 19 12 3 3 2 2 2 2 2 2 2 2 2 2 2 2 2 2 2 2 2 2 2 0 0 0 0 0 0 
71 69 64 59 52 52 52 52 52 51 50 50 50 50 50 50 50 50 50 50 50 50 47 40 36 31 14 13 4 4 4 4 4 4 4 4 2 2 2 2 2 2 2 2 2 2 2 2 2 2 
58 57 54 52 52 52 52 51 51 51 50 50 50 50 50 50 49 49 49 41 33 28 16 3 3 3 3 3 3 3 3 3 3 3 3 3 3 3 3 3 2 2 2 2 2 2 1 1 1 1 
66 66 64 54 51 51 51 51 51 50 50 50 50 50 50 50 50 50 50 50 50 50 17 11 4 4 1 1 1 1 1 1 1 1 1 1 1 1 1 1 1 1 1 1 0 0 0 0 0 0 
66 62 61 54 51 51 51 51 51 51 51 51 51 51 51 51 51 50 50 50 50 43 23 6 5 2 2 2 2 2 2 2 1 1 1 1 1 1 1 1 1 1 1 1 1 1 1 1 1 1 
62 62 61 60 57 56 53 53 50 50 50 50 50 50 50 50 50 50 50 50 50 30 30 20 11 5 5 5 3 3 3 3 3 3 3 3 3 3 3 3 3 3 2 0 0 0 0 0 0 0 
63 63 62 62 61 58 54 54 51 51 50 50 50 50 50 50 50 50 50 48 44 35 35 32 26 18 17 10 8 7 7 7 1 1 1 1 1 1 1 1 1 1 1 0 0 0 0 0 0 0 
65 60 59 59 57 56 56 52 50 50 50 50 50 50 50 50 50 50 49 44 44 22 16 13 10 8 7 6 6 6 4 2 0 0 0 0 0 0 0 0 0 0 0 0 0 0 0 0 0 0 
67 66 65 63 63 63 63 61 57 56 51 51 51 51 51 50 50 50 50 50 50 50 31 30 28 23 17 12 8 7 7 6 6 6 6 6 5 1 1 1 1 1 1 1 1 1 1 1 0 0 
64 62 62 58 58 58 58 56 56 54 53 51 51 51 51 51 51 51 50 50 50 45 24 8 8 8 7 6 5 4 2 2 2 1 1 1 1 1 1 1 1 1 1 1 1 1 1 1 1 1 
72 68 68 68 63 63 63 63 62 62 60 60 60 55 54 51 50 50 50 50 50 50 50 50 50 49 29 28 10 8 8 6 6 5 4 4 0 0 0 0 0 0 0 0 0 0 0 0 0 0 
71 69 69 69 66 66 66 66 66 66 62 62 60 52 50 50 50 37 36 36 29 23 18 13 12 11 10 8 8 7 7 4 2 2 2 2 2 2 2 2 2 2 2 0 0 0 0 0 0 0 
65 63 63 63 61 60 58 58 58 58 57 56 52 52 51 50 50 43 34 33 18 8 8 7 6 5 5 5 5 5 5 4 2 2 2 2 2 2 2 2 2 2 1 1 1 1 1 1 1 1 
73 71 68 68 68 68 67 66 65 64 64 64 64 64 64 64 60 51 50 46 10 10 10 10 10 10 8 8 8 7 6 6 6 5 4 2 2 2 2 2 2 2 2 2 2 1 1 1 1 1 
74 72 71 71 68 68 68 68 66 64 63 63 62 61 50 50 49 47 29 15 14 13 12 12 11 11 11 10 10 9 9 9 9 2 2 2 2 2 2 2 2 2 2 2 2 2 1 1 1 1 
72 71 71 68 68 68 67 65 65 65 65 65 60 59 58 48 46 36 34 30 30 28 26 18 12 12 11 11 9 9 9 9 9 8 8 7 7 7 7 4 4 4 4 4 4 4 4 3 3 1 
73 73 67 67 67 67 67 67 63 63 62 62 54 44 42 42 41 33 32 30 26 14 8 7 7 7 6 6 5 5 5 5 5 5 5 5 5 5 4 4 4 4 4 4 4 4 4 4 4 2 
74 74 71 70 68 67 67 67 67 67 65 64 57 56 56 55 53 27 24 12 9 9 7 7 7 7 7 7 7 6 6 6 1 1 1 1 1 1 1 1 1 1 1 1 1 1 1 1 1 0 
75 74 70 69 69 69 68 68 68 67 57 48 43 38 28 9 9 8 8 8 8 8 7 7 7 6 6 6 5 5 5 5 5 1 1 1 1 1 1 1 1 1 1 1 1 1 1 1 1 1 
79 79 76 76 71 71 69 69 69 69 55 30 19 14 12 11 11 11 11 11 10 10 10 10 9 9 9 9 9 9 9 9 9 9 9 3 3 3 3 3 3 3 3 3 3 3 3 3 3 3 
76 76 76 74 72 71 69 68 67 67 64 64 64 58 56 43 32 16 13 9 9 8 8 8 8 8 8 8 8 8 7 7 7 7 7 6 6 1 1 1 1 1 1 1 1 1 1 1 0 0 
71 71 71 70 70 69 67 67 65 64 61 60 56 46 45 40 24 17 8 8 8 8 8 7 6 6 6 6 6 5 5 5 5 5 5 5 4 3 1 1 1 1 1 1 1 0 0 0 0 0 
75 72 72 72 69 68 66 66 66 62 48 48 47 46 45 33 19 12 12 12 10 10 10 10 9 9 9 9 8 8 8 8 8 8 7 4 4 4 4 4 4 4 4 4 3 3 1 1 1 1 
70 69 69 68 68 68 66 66 64 64 58 52 37 35 33 31 30 28 8 8 8 8 8 7 7 7 6 6 6 4 2 2 2 2 2 2 2 2 2 2 2 2 2 2 2 2 2 2 0 0 
76 74 72 72 72 69 68 68 67 67 67 66 65 65 59 57 50 49 43 36 34 31 20 8 7 7 6 6 6 5 5 5 5 2 2 2 2 2 2 2 2 2 2 2 2 1 1 1 1 1 
77 75 74 74 74 73 69 69 68 66 65 65 61 53 50 45 34 29 23 6 4 4 3 3 3 3 3 2 2 2 2 2 2 0 0 0 0 0 0 0 0 0 0 0 0 0 0 0 0 0 
79 77 76 74 73 73 73 72 70 68 66 66 64 51 42 37 31 27 19 13 11 6 5 5 5 5 5 5 5 5 1 1 1 1 1 1 1 1 1 1 1 1 1 1 0 0 0 0 0 0 
77 77 75 74 74 72 71 68 68 67 53 31 30 30 28 22 19 14 8 8 8 8 7 6 6 4 2 2 2 2 2 2 2 2 2 2 2 2 2 2 2 2 2 2 2 1 1 1 1 1 
88 81 79 77 77 77 75 75 74 73 71 13 10 9 8 7 7 7 7 7 6 5 5 5 5 0 0 0 0 0 0 0 0 0 0 0 0 0 0 0 0 0 0 0 0 0 0 0 0 0 
77 75 72 68 67 67 67 67 66 65 61 51 15 12 9 9 8 6 6 6 6 1 1 1 1 1 1 1 1 1 1 1 1 1 1 1 1 1 1 1 1 1 1 0 0 0 0 0 0 0 
77 73 72 70 70 70 70 69 67 65 49 48 38 36 24 10 8 8 8 7 7 7 7 7 7 7 7 4 4 4 4 4 4 4 4 4 4 4 4 4 4 4 4 4 4 4 4 3 3 1 
79 75 75 75 75 74 74 71 65 65 65 65 51 48 32 15 10 8 8 7 7 6 6 6 6 5 5 5 5 5 1 0 0 0 0 0 0 0 0 0 0 0 0 0 0 0 0 0 0 0 
81 78 75 74 73 73 73 73 73 68 67 30 26 25 24 16 2 1 1 1 1 1 1 1 1 1 1 1 1 1 1 1 1 1 1 1 1 1 1 1 1 1 1 1 1 1 1 1 1 0 
83 75 75 72 72 72 70 70 69 69 69 69 22 18 15 13 11 10 10 8 6 6 6 6 6 6 1 1 1 1 1 1 1 1 1 1 1 1 1 1 1 1 1 1 1 0 0 0 0 0 
75 73 69 68 67 67 67 65 65 63 63 45 15 14 12 12 11 11 11 10 10 10 10 10 10 9 9 9 3 3 3 3 3 3 3 3 3 3 3 3 3 3 3 3 3 2 2 2 2 2 
84 81 80 77 77 77 77 75 74 74 43 22 21 19 15 8 5 5 5 5 5 5 5 5 5 5 5 5 5 2 2 2 2 2 2 2 2 2 2 2 2 2 2 2 2 2 2 2 2 0 
83 82 81 77 76 76 76 75 73 72 68 31 25 16 15 8 8 8 7 7 7 7 7 7 7 7 7 7 7 7 7 7 7 7 7 7 7 0 0 0 0 0 0 0 0 0 0 0 0 0 
76 76 75 74 74 74 74 73 72 71 70 70 49 12 10 7 6 5 5 5 5 5 5 5 5 5 5 5 5 5 2 2 2 2 2 2 2 2 2 2 2 2 2 2 2 2 2 0 0 0 
84 79 79 79 76 76 75 73 73 72 68 67 35 25 11 11 6 5 5 5 4 4 4 4 4 3 3 3 2 2 2 2 2 2 2 2 2 2 2 2 2 2 2 2 2 2 1 1 1 1 
82 81 79 79 76 75 75 73 73 73 71 67 59 14 14 8 7 4 3 3 3 2 2 2 2 2 2 2 1 1 1 1 1 1 1 1 1 1 1 1 1 1 1 1 1 1 1 1 0 0 
86 80 77 77 77 77 76 75 75 75 75 75 57 56 28 27 21 17 15 12 11 11 11 11 9 9 8 7 7 7 7 1 1 1 1 1 1 1 1 1 1 1 1 1 1 1 1 0 0 0 
82 74 74 74 72 72 71 70 70 70 70 69 69 54 46 30 25 24 18 16 7 7 6 6 6 6 4 4 4 4 4 4 3 3 1 1 1 1 1 1 1 1 1 1 1 1 1 0 0 0 
86 82 82 80 80 79 78 78 77 77 76 76 76 74 62 36 32 27 26 16 15 12 9 9 9 9 9 9 9 9 9 9 9 9 9 9 9 9 9 2 2 2 2 2 2 2 2 1 1 1 
81 80 79 79 77 77 76 73 73 71 69 59 57 54 41 35 28 21 20 8 8 5 5 5 5 5 5 5 5 5 4 4 3 3 1 1 1 1 1 1 1 1 1 1 1 1 1 1 0 0 
76 76 75 74 74 71 71 70 70 67 65 34 34 26 26 22 17 14 12 12 11 9 9 9 9 9 9 8 8 8 8 0 0 0 0 0 0 0 0 0 0 0 0 0 0 0 0 0 0 0 
83 80 80 80 80 79 79 79 76 76 76 75 11 11 9 5 5 5 5 5 5 5 5 5 4 4 4 4 4 4 4 4 4 4 4 4 4 2 2 2 2 2 2 2 2 2 2 2 1 1 
75 72 72 72 72 69 68 68 68 67 65 55 18 16 9 8 7 7 6 6 6 6 6 5 5 5 5 5 4 4 4 4 4 4 0 0 0 0 0 0 0 0 0 0 0 0 0 0 0 0 
78 78 78 77 77 77 76 75 74 71 68 58 30 19 12 11 8 8 8 7 7 6 6 6 6 6 6 6 6 6 6 6 6 6 6 6 6 6 2 2 2 2 2 2 2 2 2 2 0 0 
86 78 78 75 75 75 75 75 75 75 75 75 74 70 70 67 60 17 14 13 11 9 9 9 9 9 7 6 6 6 6 6 6 6 2 2 2 2 2 2 2 2 2 1 1 1 1 1 1 1 
