0.8515625 0.28125 0.125 0.2421875 0.5703125 0.8671875 0.7265625 0.1875 0.71875 0.6875 
0.7265625 0.046875 1.0 0.109375 0.9375 0.015625 0.046875 0.953125 0.0703125 0.046875 
0.703125 0.703125 0.625 0.7265625 0.046875 1.0 0.109375 0.9375 0.015625 0.046875 
0.1796875 0.1875 0.171875 0.375 0.703125 0.703125 0.625 0.7265625 0.046875 1.0 
0.6328125 0.703125 0.703125 0.625 0.625 0.9375 0.875 0.7109375 0.6953125 0.1796875 
0.1796875 0.3125 0.34375 0.2890625 0.1015625 0.3125 0.2578125 0.6328125 0.703125 0.703125 
0.1796875 0.3125 0.34375 0.2890625 0.1015625 0.3125 0.2578125 0.15625 0.2265625 0.2734375 
0.1796875 0.3125 0.34375 0.2890625 0.1015625 0.3125 0.2578125 0.15625 0.2265625 0.2734375 
0.1796875 0.3125 0.34375 0.2890625 0.1015625 0.3125 0.2578125 0.15625 0.2265625 0.2734375 
0.1796875 0.3125 0.34375 0.2890625 0.1015625 0.3125 0.2578125 0.15625 0.2265625 0.2734375 
0.1796875 0.3125 0.34375 0.2890625 0.1015625 0.3125 0.2578125 0.15625 0.2265625 0.2734375 
0.1796875 0.3125 0.34375 0.2890625 0.1015625 0.3125 0.2578125 0.15625 0.2265625 0.2734375 
0.1796875 0.3125 0.34375 0.2890625 0.1015625 0.3125 0.2578125 0.15625 0.2265625 0.2734375 
0.1796875 0.3125 0.34375 0.2890625 0.1015625 0.3125 0.2578125 0.15625 0.2265625 0.2734375 
0.1796875 0.3125 0.34375 0.2890625 0.1015625 0.3125 0.2578125 0.15625 0.2265625 0.2734375 
0.1796875 0.3125 0.34375 0.2890625 0.1015625 0.3125 0.2578125 0.15625 0.2265625 0.2734375 
0.1796875 0.3125 0.34375 0.2890625 0.1015625 0.3125 0.2578125 0.15625 0.2265625 0.2734375 
0.1796875 0.3125 0.34375 0.2890625 0.1015625 0.3125 0.2578125 0.15625 0.2265625 0.2734375 
0.1796875 0.3125 0.34375 0.2890625 0.1015625 0.3125 0.2578125 0.15625 0.2265625 0.2734375 
0.1796875 0.3125 0.34375 0.2890625 0.1015625 0.3125 0.2578125 0.15625 0.2265625 0.2734375 
0.1796875 0.3125 0.34375 0.2890625 0.1015625 0.3125 0.2578125 0.15625 0.2265625 0.2734375 
0.1796875 0.3125 0.34375 0.2890625 0.1015625 0.3125 0.2578125 0.15625 0.2265625 0.2734375 
0.1796875 0.3125 0.34375 0.2890625 0.1015625 0.3125 0.2578125 0.15625 0.2265625 0.2734375 
0.1796875 0.3125 0.34375 0.2890625 0.1015625 0.3125 0.2578125 0.15625 0.2265625 0.2734375 
0.1796875 0.3125 0.34375 0.2890625 0.1015625 0.3125 0.2578125 0.15625 0.2265625 0.2734375 
0.1796875 0.3125 0.34375 0.2890625 0.1015625 0.3125 0.2578125 0.15625 0.2265625 0.2734375 
0.1796875 0.3125 0.34375 0.2890625 0.1015625 0.3125 0.2578125 0.15625 0.2265625 0.2734375 
0.1796875 0.3125 0.34375 0.2890625 0.1015625 0.3125 0.2578125 0.15625 0.2265625 0.2734375 
0.328125 0.1796875 0.3125 0.34375 0.2890625 0.1015625 0.3125 0.2578125 0.15625 0.2265625 
0.328125 0.1796875 0.3125 0.34375 0.2890625 0.1015625 0.3125 0.2578125 0.15625 0.2265625 
0.328125 0.328125 0.328125 0.1796875 0.3125 0.34375 0.2890625 0.1015625 0.3125 0.2578125 
0.328125 0.3515625 0.328125 0.328125 0.3515625 0.1796875 0.3125 0.34375 0.2890625 0.1015625 
0.328125 0.3515625 0.328125 0.328125 0.1796875 0.3125 0.34375 0.2890625 0.1015625 0.2421875 
0.328125 0.3515625 0.328125 0.328125 0.3671875 0.359375 0.1796875 0.3125 0.34375 0.2890625 
0.3671875 0.3671875 0.3515625 0.3828125 0.328125 0.328125 0.328125 0.359375 0.3203125 0.1796875 
0.3671875 0.3671875 0.3515625 0.3828125 0.359375 0.328125 0.328125 0.328125 0.359375 0.3203125 
0.3671875 0.3671875 0.3515625 0.3828125 0.359375 0.328125 0.328125 0.328125 0.359375 0.3203125 
0.40625 0.3828125 0.3671875 0.3671875 0.3515625 0.3828125 0.359375 0.3828125 0.375 0.328125 
0.3984375 0.3828125 0.3828125 0.3671875 0.375 0.375 0.390625 0.40625 0.359375 0.3671875 
0.3984375 0.40625 0.3828125 0.3828125 0.375 0.3671875 0.375 0.375 0.40625 0.359375 
0.3984375 0.3828125 0.3828125 0.40625 0.3828125 0.375 0.375 0.3671875 0.375 0.375 
0.3984375 0.421875 0.3828125 0.3828125 0.4140625 0.40625 0.375 0.3828125 0.375 0.3671875 
0.3984375 0.40625 0.3828125 0.421875 0.3828125 0.4140625 0.40625 0.421875 0.3828125 0.375 
0.3984375 0.40625 0.421875 0.3828125 0.4140625 0.3828125 0.40625 0.421875 0.375 0.390625 
0.3984375 0.4296875 0.421875 0.40625 0.4140625 0.3828125 0.3828125 0.40625 0.375 0.421875 
0.3984375 0.3828125 0.4296875 0.3828125 0.421875 0.4140625 0.40625 0.40625 0.421875 0.375 
0.3984375 0.421875 0.4140625 0.3828125 0.40625 0.4296875 0.3828125 0.40625 0.4140625 0.421875 
0.3984375 0.4296875 0.4140625 0.421875 0.40625 0.3828125 0.3828125 0.4140625 0.421875 0.40625 
0.3984375 0.4140625 0.4296875 0.3828125 0.421875 0.40625 0.3828125 0.40625 0.4140625 0.421875 
0.3984375 0.4296875 0.4140625 0.3828125 0.40625 0.421875 0.40625 0.4140625 0.3828125 0.4140625 
