% Invoked: ./gella -d -r 3 -l biased_r3/run44 >& biased_r3/run44.log
% Ministry of Cellular Automata
% Project Deux (CS523 Spring 2015)
% Version:v0.1-70-g0624-dirty
%  pop:50
%  ic count:100
%  CA Log option:biased_r3/run44
%  width:121
%  max workers:4
%  radius:3
%  iterations:300
%  use bias:true
%  generations:50

 generation 0.50.0.1.1.25.1.1.50.0.1.0.1.0.1.1.6.50.0.1.1.50.1.21.1.1.1.1.50.1.1.1.1.1.1.50.1.1.0.1.1.0.1.0.50.50.50.1.0.0.1.xover.mutate.done 50
 generation 1.50.50.50.50.50.50.50.50.50.22.4.4.3.4.53.53.4.29.51.50.4.51.3.1.50.4.3.3.53.9.3.4.3.4.3.3.53.3.51.3.3.4.16.51.4.4.4.3.50.3.xover.mutate.done 50
 generation 2.48.50.50.50.50.50.50.50.50.50.0.0.0.19.50.50.50.0.0.50.0.50.0.0.0.50.0.0.0.0.50.0.10.0.0.0.23.35.0.50.42.5.0.19.50.0.50.0.50.9.xover.mutate.done 50
 generation 3.50.50.50.51.51.51.51.50.50.50.51.1.50.0.1.1.1.1.1.51.0.0.1.1.1.50.1.26.0.0.1.1.49.1.50.1.1.1.50.1.45.0.1.0.1.1.1.1.50.0.xover.mutate.done 50
 generation 4.51.51.51.51.51.51.50.50.50.50.0.50.1.1.50.50.50.50.0.1.50.1.1.1.0.1.1.51.13.1.1.1.50.1.51.1.1.0.45.51.47.1.1.1.1.1.1.1.50.39.xover.mutate.done 50
 generation 5.50.50.50.50.50.50.50.57.50.51.1.0.1.8.1.0.1.0.1.1.8.1.1.21.0.1.0.1.50.1.1.1.1.8.1.50.14.1.1.50.8.51.1.1.46.1.1.0.29.22.xover.mutate.done 50
 generation 6.59.53.53.50.50.50.50.50.50.50.50.50.0.3.50.50.3.9.33.3.50.0.50.50.50.3.50.50.0.49.4.9.0.3.12.3.3.3.50.0.3.0.0.3.50.50.0.3.3.4.xover.mutate.done 50
 generation 7.54.51.51.50.50.50.50.50.50.50.1.1.50.50.1.1.50.0.50.50.50.51.1.50.50.0.1.1.1.10.1.1.1.0.50.0.1.0.1.1.1.0.1.0.1.0.0.1.5.50.xover.mutate.done 50
 generation 8.52.51.51.50.50.50.50.50.50.50.1.1.1.50.5.36.11.50.0.36.1.50.0.1.1.50.44.50.1.44.1.50.14.47.41.51.36.50.45.51.1.1.3.1.50.50.1.2.50.50.xover.mutate.done 50
 generation 9.53.51.51.51.51.51.50.50.50.50.5.1.48.1.35.50.30.1.1.50.14.1.1.1.53.50.1.0.45.1.1.50.50.48.48.43.0.50.1.5.1.1.17.1.5.50.1.50.40.50.xover.mutate.done 50
 generation 10.54.53.50.50.50.50.50.52.52.52.2.2.2.2.2.17.10.2.24.7.52.10.2.50.52.2.2.52.52.0.52.6.9.52.50.30.52.2.50.52.50.2.52.2.2.50.52.50.50.2.xover.mutate.done 50
 generation 11.55.53.50.50.50.50.50.50.50.50.51.0.18.25.52.35.5.50.2.19.50.0.50.25.5.2.2.2.0.8.46.52.2.2.2.18.50.0.2.2.52.2.5.2.50.7.2.52.2.2.xover.mutate.done 50
 generation 12.56.50.53.53.53.53.53.50.50.50.50.6.38.3.35.3.30.3.50.50.3.3.53.43.3.7.7.50.3.10.45.3.3.50.50.3.50.0.3.50.0.26.40.3.6.3.50.50.50.50.xover.mutate.done 50
 generation 13.54.52.51.52.52.51.52.54.52.52.2.52.4.4.4.52.52.52.4.52.4.52.4.4.12.6.14.52.2.52.7.38.4.52.2.49.4.50.40.48.2.4.7.2.50.52.52.51.49.4.xover.mutate.done 50
 generation 14.54.51.51.50.51.51.50.50.51.50.1.47.45.51.50.1.7.50.51.36.1.50.50.5.51.1.7.51.51.6.12.51.4.1.50.1.24.46.1.3.51.50.2.1.42.28.1.51.50.0.xover.mutate.done 50
 generation 15.55.56.50.50.50.50.50.50.50.50.1.1.9.38.1.1.22.1.50.10.27.1.1.1.26.50.35.1.0.50.39.1.1.1.1.1.6.1.1.50.7.50.7.19.34.50.50.12.51.1.xover.mutate.done 50
 generation 16.50.54.51.51.51.51.51.51.51.51.51.37.13.25.3.6.3.11.50.50.51.50.2.2.51.1.1.48.51.2.2.2.1.15.2.2.1.21.2.2.9.2.1.51.51.12.17.51.2.4.xover.mutate.done 50
 generation 17.56.51.52.52.52.52.52.52.52.52.3.29.11.3.3.52.3.3.52.51.17.52.52.52.1.3.3.3.19.52.22.3.3.14.10.3.48.3.6.3.52.52.52.3.4.51.12.3.51.52.xover.mutate.done 50
 generation 18.54.51.51.51.51.51.51.51.51.51.2.1.2.51.50.51.47.51.51.19.1.2.18.1.31.2.16.51.5.1.29.40.1.51.51.51.7.50.51.51.12.34.3.2.7.50.19.50.2.44.xover.mutate.done 50
 generation 19.52.50.50.50.50.50.50.50.50.50.36.42.46.0.2.50.2.50.2.50.2.2.2.50.12.2.13.2.23.2.2.50.50.2.2.50.2.50.2.0.2.0.52.40.2.0.2.0.6.48.xover.mutate.done 50
 generation 20.54.50.51.51.51.51.51.51.51.51.28.1.1.51.20.12.1.19.50.1.50.1.51.1.41.1.1.29.51.50.24.4.50.51.1.1.14.20.0.0.1.1.1.1.7.50.50.1.7.1.xover.mutate.done 50
 generation 21.53.51.51.51.51.51.51.51.51.51.1.17.1.1.28.1.1.51.1.51.11.0.37.49.1.31.21.41.17.1.51.51.50.0.33.1.0.0.1.1.49.51.1.31.21.1.1.13.1.51.xover.mutate.done 50
 generation 22.56.50.50.50.50.50.50.50.50.50.22.13.46.56.1.1.1.2.41.1.1.44.50.1.47.44.1.1.50.1.46.50.50.15.1.1.0.49.1.1.49.50.1.50.1.50.27.17.42.50.xover.mutate.done 50
 generation 23.52.52.50.50.50.50.50.50.50.50.50.0.0.0.52.10.50.0.50.25.14.10.11.0.44.8.11.48.0.0.8.32.22.47.50.0.0.0.0.42.0.45.0.0.0.50.28.50.41.0.xover.mutate.done 50
 generation 24.56.56.56.51.51.51.51.51.51.51.13.35.51.1.4.51.4.54.46.21.1.4.4.38.3.11.4.48.4.9.3.1.50.4.3.9.50.3.9.3.4.42.48.9.3.9.3.48.9.50.xover.mutate.done 50
 generation 25.53.53.53.51.53.53.53.53.53.53.4.4.4.53.15.29.4.1.10.18.7.20.4.13.50.28.53.53.50.1.25.36.4.4.30.53.3.53.5.47.4.4.26.1.26.56.22.4.29.52.xover.mutate.done 50
 generation 26.56.55.55.55.51.51.51.51.51.51.42.6.12.2.51.1.50.1.50.54.1.6.2.45.1.16.21.1.10.55.50.2.2.12.50.2.1.50.1.29.51.2.2.51.21.51.51.1.2.48.xover.mutate.done 50
 generation 27.57.56.56.56.56.52.54.54.54.54.23.9.20.0.4.11.4.34.4.46.6.4.22.16.21.4.50.56.4.10.34.4.50.16.16.54.54.0.53.32.44.4.0.54.20.28.6.54.54.12.xover.mutate.done 50
 generation 28.55.53.53.53.53.53.50.50.50.50.50.2.0.50.20.15.0.7.2.50.2.2.53.24.2.0.59.2.2.26.50.2.53.50.2.28.7.53.26.25.50.2.0.0.50.0.2.2.50.0.xover.mutate.done 50
 generation 29.61.55.55.55.55.55.54.55.53.54.14.52.24.2.27.2.11.49.5.39.52.52.50.2.36.21.52.50.52.2.2.55.22.2.52.2.24.34.55.2.2.25.2.46.14.51.28.2.52.2.xover.mutate.done 50
 generation 30.59.57.54.54.54.54.54.54.50.54.9.30.50.0.4.20.53.1.51.1.44.0.1.48.11.52.8.36.1.42.19.4.1.26.49.50.1.52.11.29.51.1.30.1.10.51.51.17.51.54.xover.mutate.done 50
 generation 31.65.60.56.56.56.56.56.56.54.56.57.62.4.4.4.22.53.4.20.20.53.7.56.38.51.58.7.3.53.3.50.48.41.4.4.4.7.18.64.53.56.53.28.4.17.45.3.53.4.53.xover.mutate.done 50
 generation 32.56.55.62.52.52.48.51.51.51.51.1.17.1.50.50.3.1.51.1.34.1.51.14.0.35.28.1.28.1.13.51.7.0.28.14.50.50.50.14.25.50.26.27.4.51.53.45.51.1.2.xover.mutate.done 50
 generation 33.63.58.57.58.54.54.51.51.51.51.5.1.47.50.11.1.10.50.7.62.50.50.50.18.52.57.37.22.50.23.47.10.17.50.11.15.1.50.32.50.51.0.50.1.50.9.50.1.1.36.xover.mutate.done 50
 generation 34.55.60.59.58.58.58.56.54.54.54.63.55.19.49.54.0.54.23.34.0.6.54.7.50.55.50.0.50.50.53.38.53.50.17.48.0.5.4.50.55.35.26.48.35.5.57.0.50.33.50.xover.mutate.done 50
 generation 35.60.59.59.56.58.58.58.58.64.57.13.29.50.50.58.7.11.1.1.50.15.32.8.52.50.13.50.50.1.10.54.20.1.4.46.59.3.20.50.0.18.57.4.1.6.57.1.23.7.50.xover.mutate.done 50
 generation 36.56.67.61.59.61.58.58.52.56.60.0.0.19.2.50.8.2.0.0.50.55.50.37.30.0.0.49.2.0.0.0.1.50.0.0.6.59.50.22.43.0.61.4.25.52.41.8.39.10.0.xover.mutate.done 50
 generation 37.62.60.60.60.60.62.60.60.60.62.43.2.11.44.49.21.60.13.50.11.2.23.57.59.50.41.12.0.50.42.39.10.2.11.58.0.13.50.0.33.60.54.32.12.61.60.56.50.58.2.xover.mutate.done 50
 generation 38.64.60.57.62.63.63.63.61.61.61.10.50.11.61.50.50.1.34.50.52.1.18.56.1.55.1.58.50.50.50.50.3.62.1.13.10.50.47.49.1.13.59.50.52.57.12.0.9.50.63.xover.mutate.done 50
 generation 39.59.58.58.58.58.57.57.57.57.56.28.11.56.50.55.13.50.50.10.55.50.55.1.7.1.9.57.42.1.41.49.1.55.35.16.50.1.50.58.57.7.7.1.58.58.50.2.50.21.50.xover.mutate.done 50
 generation 40.59.57.57.57.57.58.57.57.56.56.1.2.3.55.36.5.52.56.1.50.1.50.1.50.1.6.0.56.5.0.61.1.5.44.15.51.52.51.0.56.0.5.12.27.60.54.49.1.1.51.xover.mutate.done 50
 generation 41.71.66.67.66.64.64.64.64.64.64.50.28.73.28.9.54.0.42.1.1.13.50.1.17.16.50.1.0.1.25.4.12.50.56.43.0.28.31.0.15.50.9.1.50.9.29.50.16.61.72.xover.mutate.done 50
 generation 42.67.61.62.62.58.57.61.61.61.61.38.57.0.47.30.44.11.39.0.47.0.0.50.8.56.0.18.22.41.0.0.50.28.19.7.0.50.60.0.12.13.50.0.43.38.3.8.55.4.31.xover.mutate.done 50
 generation 43.70.67.61.66.60.60.60.60.63.64.0.50.59.30.57.0.0.0.61.9.50.50.0.7.4.14.16.0.0.38.48.29.0.61.61.0.0.0.56.16.40.0.49.63.45.49.31.17.65.66.xover.mutate.done 50
 generation 44.70.62.64.57.64.56.60.61.61.62.1.15.3.6.41.58.15.30.16.28.0.11.1.29.1.31.50.59.55.17.54.38.51.41.12.1.6.47.49.50.47.30.0.7.1.6.14.51.58.51.xover.mutate.done 50
 generation 45.71.65.68.66.58.60.61.62.61.61.53.67.47.54.28.50.35.41.50.22.19.1.3.1.46.53.51.3.22.51.25.58.51.42.41.52.45.1.51.53.51.46.49.28.1.31.12.1.1.8.xover.mutate.done 50
 generation 46.72.70.73.67.67.60.63.65.64.64.0.27.51.43.73.30.1.58.9.50.50.46.26.1.29.47.5.56.1.25.21.41.37.33.56.63.51.68.42.38.63.1.72.18.50.26.1.3.9.68.xover.mutate.done 50
 generation 47.72.60.69.61.64.63.62.60.61.61.9.62.50.19.60.0.49.67.60.50.29.71.0.59.31.51.15.11.30.39.32.0.49.69.52.62.31.43.50.24.50.50.40.5.49.0.0.54.50.60.xover.mutate.done 50
 generation 48.74.69.73.69.69.71.68.66.64.63.50.49.11.81.50.53.64.50.35.50.63.1.32.38.71.27.1.67.44.37.48.50.35.51.18.50.46.17.69.17.58.50.1.2.1.1.49.81.49.66.xover.mutate.done 50
 generation 49.73.69.71.69.63.66.67.63.68.63.52.51.39.56.43.19.13.41.24.41.39.0.50.50.80.19.12.58.0.35.16.45.23.50.50.27.60.47.30.40.48.0.50.1.47.49.50.35.18.69.xover.mutate.done 50
 33454598 iters     694379 iter/sec (48.18 s)
 total time: 48.18
