0.25 0.5546875 0.0859375 0.7578125 0.15625 0.6640625 0.3203125 0.65625 0.921875 0.765625 
0.921875 0.15625 0.015625 0.90625 0.96875 0.890625 0.0 0.9140625 0.1171875 0.859375 
0.3125 0.1796875 0.921875 0.15625 0.015625 0.90625 0.96875 0.890625 0.0 0.9140625 
0.3125 0.046875 0.1796875 0.921875 0.15625 0.015625 0.90625 0.96875 0.890625 0.0 
0.296875 0.1796875 0.28125 0.921875 0.15625 0.015625 0.90625 0.96875 0.890625 0.0 
0.3203125 0.296875 0.1796875 0.28125 0.921875 0.8203125 0.7421875 0.6953125 0.0234375 0.359375 
0.3203125 0.296875 0.1796875 0.28125 0.0234375 0.359375 0.03125 0.1171875 0.2265625 0.171875 
0.3203125 0.3359375 0.296875 0.6796875 0.8515625 0.7265625 0.1796875 0.28125 0.0234375 0.359375 
0.3203125 0.296875 0.1796875 0.28125 0.0234375 0.359375 0.2890625 0.25 0.3828125 0.21875 
0.3203125 0.34375 0.3046875 0.296875 0.1796875 0.28125 0.0234375 0.359375 0.2890625 0.25 
0.34375 0.3203125 0.3046875 0.296875 0.1796875 0.28125 0.0234375 0.359375 0.2890625 0.25 
0.3203125 0.34375 0.3046875 0.296875 0.1796875 0.28125 0.0234375 0.359375 0.2890625 0.25 
0.34375 0.3203125 0.3046875 0.296875 0.296875 0.1796875 0.28125 0.0234375 0.359375 0.2890625 
0.3203125 0.34375 0.359375 0.3046875 0.296875 0.296875 0.1796875 0.28125 0.0234375 0.359375 
0.3046875 0.296875 0.3125 0.2890625 0.3359375 0.296875 0.3515625 0.2890625 0.34375 0.3203125 
0.34375 0.3515625 0.3203125 0.3046875 0.3125 0.296875 0.328125 0.2890625 0.3359375 0.296875 
0.34375 0.3046875 0.3125 0.296875 0.328125 0.3203125 0.3359375 0.3515625 0.2890625 0.3125 
0.34375 0.3203125 0.3515625 0.359375 0.3046875 0.3125 0.3359375 0.296875 0.328125 0.3359375 
0.3203125 0.34375 0.3515625 0.3515625 0.3515625 0.359375 0.3046875 0.3125 0.3203125 0.3671875 
0.34375 0.3515625 0.3515625 0.3515625 0.34375 0.3203125 0.359375 0.3828125 0.328125 0.3046875 
0.3515625 0.3515625 0.3515625 0.3203125 0.34375 0.34375 0.3828125 0.359375 0.359375 0.359375 
0.359375 0.390625 0.359375 0.34375 0.34375 0.3515625 0.3515625 0.3515625 0.3203125 0.390625 
0.3828125 0.34375 0.34375 0.3515625 0.3515625 0.3515625 0.3515625 0.3515625 0.3203125 0.359375 
0.3203125 0.3203125 0.34375 0.34375 0.3515625 0.3515625 0.3515625 0.3515625 0.3515625 0.375 
0.34375 0.34375 0.375 0.3203125 0.3515625 0.3515625 0.3515625 0.3515625 0.3515625 0.3515625 
0.34375 0.34375 0.3203125 0.3515625 0.375 0.3671875 0.34375 0.375 0.3515625 0.3515625 
0.3203125 0.375 0.359375 0.3515625 0.34375 0.3515625 0.3515625 0.3671875 0.34375 0.34375 
0.375 0.3828125 0.3203125 0.3671875 0.375 0.34375 0.34375 0.34375 0.34375 0.359375 
0.3515625 0.375 0.3828125 0.3203125 0.34375 0.34375 0.34375 0.375 0.34375 0.359375 
0.359375 0.3828125 0.359375 0.3671875 0.3515625 0.3125 0.3515625 0.375 0.3984375 0.3671875 
0.3515625 0.359375 0.375 0.3828125 0.3828125 0.3671875 0.3984375 0.359375 0.375 0.3828125 
0.3671875 0.3125 0.359375 0.375 0.3515625 0.3828125 0.34375 0.3671875 0.359375 0.4140625 
0.3671875 0.3515625 0.3125 0.359375 0.3515625 0.34375 0.421875 0.3828125 0.3671875 0.375 
0.3671875 0.3125 0.3828125 0.3515625 0.375 0.421875 0.3828125 0.359375 0.3515625 0.34375 
0.3671875 0.3125 0.3828125 0.3515625 0.390625 0.3515625 0.375 0.421875 0.3515625 0.359375 
0.3671875 0.390625 0.3125 0.3828125 0.3515625 0.359375 0.34375 0.4375 0.3203125 0.375 
0.34375 0.3125 0.3515625 0.3671875 0.390625 0.3203125 0.4375 0.375 0.4375 0.34375 
0.34375 0.3125 0.3515625 0.3671875 0.390625 0.3203125 0.4375 0.4375 0.34375 0.375 
0.34375 0.3671875 0.390625 0.3125 0.3515625 0.3203125 0.34375 0.375 0.3671875 0.4375 
0.390625 0.3203125 0.3671875 0.3515625 0.390625 0.359375 0.3828125 0.40625 0.34375 0.3671875 
0.40625 0.359375 0.34375 0.3671875 0.3671875 0.3203125 0.3828125 0.3828125 0.359375 0.390625 
0.3671875 0.34375 0.3203125 0.40625 0.390625 0.3671875 0.34375 0.359375 0.3828125 0.3828125 
0.34375 0.3671875 0.359375 0.390625 0.40625 0.34375 0.3203125 0.3671875 0.3828125 0.3828125 
0.34375 0.40625 0.3671875 0.3828125 0.359375 0.390625 0.3203125 0.3515625 0.34375 0.3828125 
0.40625 0.3828125 0.34375 0.3203125 0.3515625 0.3671875 0.3828125 0.390625 0.390625 0.359375 
0.40625 0.3671875 0.390625 0.34375 0.3203125 0.421875 0.3828125 0.3828125 0.390625 0.359375 
0.390625 0.34375 0.3671875 0.421875 0.3828125 0.3984375 0.40625 0.3203125 0.3984375 0.359375 
0.40625 0.359375 0.3828125 0.3203125 0.34375 0.3671875 0.3671875 0.3984375 0.390625 0.3984375 
0.359375 0.40625 0.3203125 0.34375 0.3671875 0.390625 0.3828125 0.40625 0.3984375 0.390625 
0.40625 0.34375 0.390625 0.3828125 0.421875 0.3671875 0.390625 0.359375 0.40625 0.3203125 
