50 50 50 50 50 50 50 50 50 50 50 39 32 3 3 3 3 3 3 3 3 3 3 3 3 3 3 3 3 3 3 3 2 2 2 2 2 2 2 2 2 1 1 1 1 1 1 1 1 1 
50 50 50 50 50 50 50 50 50 50 50 50 50 50 50 50 50 50 50 50 50 50 50 48 31 28 9 5 1 0 0 0 0 0 0 0 0 0 0 0 0 0 0 0 0 0 0 0 0 0 
63 52 52 52 52 52 52 52 51 50 50 50 50 50 50 50 50 50 50 50 50 50 50 50 50 50 50 50 50 37 30 13 11 11 8 2 2 2 2 2 2 2 2 2 2 2 2 0 0 0 
66 59 53 51 50 50 50 50 50 50 50 50 50 50 50 50 50 50 50 50 50 50 50 50 50 50 50 50 37 10 9 9 6 0 0 0 0 0 0 0 0 0 0 0 0 0 0 0 0 0 
64 60 56 54 52 52 51 51 51 51 51 51 51 51 51 51 51 51 51 51 51 51 51 51 50 50 50 50 50 50 50 50 50 50 49 43 35 12 9 3 3 3 3 3 2 2 2 1 1 1 
63 58 57 56 53 53 53 53 53 53 53 53 53 53 53 53 53 53 52 52 52 52 51 50 50 50 50 50 49 28 26 15 15 5 5 5 5 5 5 5 5 5 3 3 3 2 2 2 2 2 
58 57 54 53 50 50 50 50 50 50 50 50 50 50 50 50 50 50 50 50 50 50 50 50 50 50 50 45 44 8 6 3 0 0 0 0 0 0 0 0 0 0 0 0 0 0 0 0 0 0 
60 58 54 52 51 51 51 51 51 51 51 51 51 51 51 51 51 51 51 51 51 50 50 50 50 50 50 38 28 26 8 5 2 1 1 1 1 1 1 1 1 1 1 1 1 1 1 0 0 0 
62 58 56 56 56 56 51 51 51 51 51 51 51 51 51 51 51 51 51 51 51 51 50 50 50 50 50 50 50 31 27 10 7 5 4 4 3 3 3 3 3 3 2 2 2 1 1 1 1 1 
64 59 58 58 56 56 52 51 51 51 51 51 51 51 51 51 51 51 51 50 50 50 50 47 31 16 12 9 9 9 7 7 3 2 2 2 2 2 2 2 2 2 1 1 1 1 1 1 1 1 
68 62 58 54 54 54 54 54 53 53 52 51 51 51 51 51 51 51 51 51 51 51 51 51 50 50 50 38 27 11 6 4 4 3 3 1 1 1 1 1 1 1 1 0 0 0 0 0 0 0 
65 59 57 56 56 56 55 55 55 55 55 55 55 55 50 50 50 50 50 50 50 50 50 49 49 36 7 7 6 6 6 5 1 1 1 1 1 1 1 1 1 1 1 1 1 1 1 1 1 0 
59 58 57 56 56 55 55 55 55 55 55 55 55 51 50 50 50 50 50 50 50 50 50 50 50 50 50 25 18 8 8 8 8 3 3 3 3 3 3 3 3 3 3 3 3 3 3 3 0 0 
58 54 54 54 54 54 54 54 53 53 53 52 50 50 50 50 50 50 50 50 50 50 50 50 50 49 48 44 29 26 7 5 5 5 5 5 5 1 1 1 1 1 1 1 1 1 1 1 0 0 
60 56 56 56 56 55 55 55 54 54 54 54 54 54 53 50 50 50 50 50 50 50 50 49 47 46 45 44 44 21 12 7 7 5 5 5 2 1 1 1 1 1 1 1 1 1 1 1 1 0 
65 58 55 55 55 55 55 55 54 54 54 54 54 54 54 54 52 52 52 51 51 50 50 50 50 50 50 50 50 48 47 43 35 31 31 25 13 4 4 4 2 2 2 2 2 2 2 0 0 0 
64 55 54 54 54 54 54 54 54 54 54 53 53 53 53 53 53 50 50 50 50 50 50 50 50 50 50 48 38 37 35 35 30 27 19 16 14 14 5 4 3 0 0 0 0 0 0 0 0 0 
59 59 58 58 57 57 57 57 57 57 57 57 57 57 57 56 56 56 55 53 53 53 53 53 53 52 52 50 50 50 50 49 47 37 36 29 28 21 10 8 8 7 7 7 3 3 3 3 0 0 
61 61 61 61 58 58 58 58 58 58 58 58 58 58 58 58 58 58 57 57 51 51 51 51 51 51 51 51 50 50 46 38 30 21 21 17 12 10 10 10 9 9 7 2 2 2 1 1 1 1 
57 55 55 55 55 54 54 54 54 54 54 54 54 54 54 54 52 52 52 52 52 52 51 50 50 49 46 42 40 35 28 26 26 25 24 24 22 17 17 15 14 9 8 7 7 5 4 3 3 3 
57 55 55 55 55 55 55 54 54 54 54 54 54 54 54 51 51 51 51 51 51 51 50 50 49 44 26 22 19 18 15 13 13 13 11 10 8 8 5 5 5 4 1 1 1 1 1 0 0 0 
60 54 54 54 54 54 54 54 52 52 52 52 52 52 52 52 52 50 50 50 47 35 26 22 19 17 15 10 7 7 6 5 4 4 2 2 2 0 0 0 0 0 0 0 0 0 0 0 0 0 
64 58 57 57 56 56 56 56 56 56 56 56 56 56 55 55 54 52 52 52 34 22 22 22 18 15 15 14 13 13 10 9 9 8 8 7 6 6 6 6 4 4 4 2 2 2 2 2 2 2 
60 59 57 57 57 57 57 56 56 56 56 56 55 54 54 50 50 50 48 35 32 28 25 21 20 18 17 16 12 8 8 8 7 6 5 5 5 4 4 0 0 0 0 0 0 0 0 0 0 0 
63 61 58 57 57 57 57 57 57 56 56 54 54 50 50 50 50 50 50 50 50 50 50 43 42 41 35 24 16 15 11 11 10 9 8 8 8 8 7 7 7 6 1 1 1 1 1 1 1 0 
64 63 61 57 57 57 57 57 56 56 56 56 56 53 51 51 51 50 50 49 49 38 33 31 23 19 18 13 11 10 9 9 9 8 8 8 7 6 6 5 4 3 3 3 3 3 3 2 2 1 
64 64 63 63 61 61 61 58 57 57 57 57 57 57 57 57 56 56 56 54 51 51 51 51 50 50 49 48 44 39 31 28 28 25 22 16 11 10 9 9 8 8 6 3 3 3 3 2 2 2 
66 61 61 60 60 59 59 59 57 56 56 56 56 56 55 54 53 53 53 50 50 47 47 43 36 34 30 27 27 25 20 18 15 14 14 13 11 10 10 9 7 6 6 6 3 3 3 3 0 0 
64 63 62 62 62 61 61 61 61 61 61 61 60 60 59 59 58 55 52 52 52 51 50 50 50 50 50 49 42 38 37 36 34 33 32 32 32 31 28 22 15 14 12 11 11 11 8 1 1 1 
66 66 64 64 64 63 63 63 63 62 62 61 60 59 59 58 57 56 54 53 52 50 49 47 42 40 38 38 37 36 34 32 31 26 26 19 19 15 15 13 10 8 7 3 3 3 3 3 0 0 
71 69 68 68 67 66 65 65 65 65 63 63 60 60 60 59 57 56 56 55 54 53 51 51 51 50 50 50 48 44 43 35 35 34 28 26 25 25 20 19 18 18 15 10 10 10 10 9 2 1 
85 67 67 66 66 65 65 65 64 63 62 62 62 61 61 57 56 55 54 54 53 51 50 50 50 49 44 43 38 28 19 17 16 14 13 13 10 10 9 8 8 6 4 4 4 4 4 3 3 3 
76 61 61 59 59 59 58 58 58 58 58 57 57 57 57 55 55 54 53 52 52 52 52 51 50 50 48 44 42 40 36 35 30 29 29 26 21 18 16 11 4 4 4 4 3 1 1 1 1 1 
82 71 69 67 67 66 64 64 64 64 63 63 62 61 61 61 60 59 58 54 54 52 51 51 50 50 50 50 50 50 50 47 47 46 42 41 40 32 31 31 25 24 22 20 12 11 11 7 2 1 
77 66 66 65 64 63 63 62 62 61 61 60 60 60 56 56 54 50 50 50 50 50 50 41 34 34 33 33 31 25 22 21 20 19 12 11 10 8 7 7 1 0 0 0 0 0 0 0 0 0 
77 65 58 56 56 55 55 55 55 55 55 54 54 53 53 52 52 52 50 50 50 50 50 50 50 48 45 43 39 33 20 18 17 15 12 8 7 7 4 4 3 1 1 1 1 1 1 1 0 0 
76 71 69 65 65 65 64 63 62 62 61 61 60 56 56 56 52 50 50 50 50 50 50 50 50 50 50 49 47 47 38 37 34 24 21 21 15 13 13 12 8 8 8 8 2 2 2 2 0 0 
82 68 65 65 64 63 62 62 59 59 58 57 56 56 55 55 55 54 50 50 50 50 50 50 50 50 50 48 34 33 31 31 28 26 23 22 18 15 9 9 8 7 6 4 1 1 1 1 1 0 
82 73 71 69 67 66 64 63 62 62 62 60 60 59 59 58 57 56 52 51 51 51 50 50 47 43 35 34 34 34 27 25 24 21 20 14 13 12 10 10 7 6 6 6 4 1 1 1 1 0 
87 80 74 74 71 71 71 70 70 69 68 67 66 65 62 61 61 60 59 58 50 50 50 47 43 42 38 34 32 29 26 22 20 20 11 10 8 7 6 4 1 1 1 1 1 0 0 0 0 0 
82 74 68 67 67 66 65 64 64 63 63 63 62 59 58 52 52 52 52 48 45 42 41 35 28 20 18 18 15 13 13 12 12 11 11 8 7 7 7 6 6 5 3 3 3 3 3 3 2 2 
83 74 73 73 71 71 69 69 69 67 67 65 65 54 50 49 48 47 43 40 38 36 33 31 28 24 19 19 19 18 16 16 13 13 10 8 7 7 6 4 4 2 2 1 1 1 1 1 0 0 
88 75 72 72 70 69 68 67 67 67 67 67 65 64 59 52 50 50 50 48 48 43 32 30 30 30 29 28 27 22 22 20 20 17 17 14 14 10 10 8 7 5 1 1 1 1 1 1 1 0 
83 69 68 67 66 66 65 64 64 64 64 62 62 61 61 60 53 52 51 51 50 49 44 42 42 41 38 37 33 32 31 29 25 22 21 20 18 18 14 13 13 10 5 4 4 4 4 4 4 4 
81 66 66 66 65 65 64 64 64 63 63 62 59 58 56 51 50 50 50 47 46 46 44 42 39 39 39 35 32 24 22 20 17 15 13 11 10 7 7 5 1 1 1 1 1 1 1 1 1 0 
86 76 75 69 69 68 68 66 66 65 64 62 62 62 57 57 57 56 50 50 50 47 47 41 41 41 40 34 34 33 32 30 24 23 23 22 19 19 17 12 10 10 8 8 7 7 3 3 0 0 
80 76 73 73 72 70 70 70 69 68 67 66 65 64 63 62 59 59 59 58 57 55 52 50 50 50 50 50 50 49 49 36 30 30 25 20 19 17 13 13 8 8 7 0 0 0 0 0 0 0 
87 76 73 73 72 71 71 70 70 70 70 70 69 68 66 65 64 60 59 54 53 51 51 50 48 47 44 41 39 38 30 28 23 22 21 20 20 17 16 8 5 2 1 1 1 1 1 1 1 0 
82 76 73 72 71 70 70 70 69 69 68 68 68 68 68 68 67 67 66 62 51 51 51 51 50 48 47 46 45 45 41 40 40 32 32 27 23 20 18 17 17 8 8 7 1 1 1 1 0 0 
88 82 81 81 80 80 79 79 78 77 77 74 73 73 73 73 66 65 62 62 59 56 56 56 52 52 52 52 52 50 50 47 46 40 37 36 32 25 21 20 19 13 12 7 3 3 3 2 2 2 
