% Invoked: ./gella -d -r 3 -l biased_r3/run43 >& biased_r3/run43.log
% Ministry of Cellular Automata
% Project Deux (CS523 Spring 2015)
% Version:v0.1-70-g0624-dirty
%  pop:50
%  ic count:100
%  CA Log option:biased_r3/run43
%  width:121
%  max workers:4
%  radius:3
%  iterations:300
%  use bias:true
%  generations:50

 generation 0.50.1.8.1.6.1.1.1.1.1.50.1.38.1.1.1.1.1.0.0.0.0.50.1.1.0.4.1.50.1.50.1.1.0.0.1.1.0.1.1.1.0.29.1.2.50.25.3.1.1.xover.mutate.done 50
 generation 1.50.50.50.50.50.50.41.22.31.13.20.1.1.1.45.1.14.50.51.1.0.0.1.9.50.26.50.0.1.1.20.6.1.9.1.0.1.37.1.50.1.0.0.50.1.1.42.0.1.0.xover.mutate.done 50
 generation 2.52.50.50.50.50.50.50.50.50.53.50.3.2.19.2.50.50.11.5.5.33.50.43.15.50.50.20.5.2.15.5.50.53.5.2.5.3.5.3.3.29.9.5.5.25.5.53.5.50.15.xover.mutate.done 50
 generation 3.52.52.52.50.50.50.50.50.50.50.43.50.45.2.2.36.50.50.0.50.52.52.3.2.2.0.22.28.50.2.50.50.9.2.2.46.2.2.27.0.52.2.35.52.50.51.2.50.50.50.xover.mutate.done 50
 generation 4.51.51.51.51.51.51.51.51.51.50.50.2.6.17.51.19.1.43.50.1.1.1.1.50.47.51.1.51.51.51.51.2.51.50.50.52.1.1.1.51.2.51.50.1.1.44.2.5.2.50.xover.mutate.done 50
 generation 5.53.50.50.50.50.50.50.50.49.50.50.50.0.0.28.0.0.50.0.50.0.35.0.0.0.0.0.0.0.0.43.0.50.0.0.50.24.0.50.9.50.0.50.0.50.0.0.0.0.0.xover.mutate.done 50
 generation 6.54.52.52.52.52.52.52.52.52.52.25.52.4.52.50.2.4.4.4.4.4.2.50.2.4.4.4.24.52.2.52.4.2.4.4.2.2.2.4.2.25.2.4.4.50.2.4.51.52.2.xover.mutate.done 50
 generation 7.52.51.51.51.51.51.51.51.50.51.1.1.22.1.1.1.1.51.51.1.1.51.9.5.1.1.50.1.11.0.1.11.51.1.51.0.1.1.10.36.21.1.1.20.2.51.1.1.51.0.xover.mutate.done 50
 generation 8.59.53.53.53.53.53.53.53.53.53.53.50.3.19.3.53.3.0.53.0.8.53.53.58.3.3.3.13.0.53.3.3.3.3.9.3.53.3.3.3.57.3.3.3.21.15.53.3.12.53.xover.mutate.done 50
 generation 9.56.52.52.51.51.51.51.51.51.51.1.51.2.1.51.2.2.1.28.51.50.51.29.1.50.9.2.51.51.50.51.1.16.2.51.51.2.2.51.1.51.51.51.1.2.50.51.2.18.2.xover.mutate.done 50
 generation 10.50.43.52.50.50.50.50.50.50.50.1.1.1.1.1.50.0.50.1.0.18.50.1.50.1.50.50.1.0.50.40.28.2.1.1.1.1.1.50.9.50.50.1.1.50.1.23.50.1.50.xover.mutate.done 50
 generation 11.46.55.50.50.50.50.50.50.50.50.50.50.0.3.50.50.50.12.0.19.0.0.0.50.0.0.50.0.5.50.4.50.50.50.50.50.0.50.0.0.0.19.0.50.50.50.50.50.0.0.xover.mutate.done 50
 generation 12.59.50.50.50.50.50.50.50.50.50.0.0.50.0.0.0.50.44.50.61.50.7.0.11.10.50.0.0.21.50.0.50.50.50.0.50.50.0.50.0.0.50.50.0.50.0.50.50.50.50.xover.mutate.done 50
 generation 13.58.58.50.50.50.50.50.50.50.50.50.50.50.50.50.0.50.50.50.0.4.0.0.0.50.7.14.50.47.14.4.50.0.50.50.26.0.50.0.0.50.50.50.46.50.50.0.50.50.50.xover.mutate.done 50
 generation 14.57.55.50.50.50.50.50.50.50.50.20.50.50.50.1.50.5.50.1.1.1.0.3.1.1.50.50.50.50.50.50.50.50.11.50.50.50.50.23.50.50.14.5.50.1.50.50.50.20.0.xover.mutate.done 50
 generation 15.62.52.54.54.54.54.54.54.54.54.50.50.54.50.4.50.54.9.54.10.0.54.54.50.54.4.50.54.54.54.4.15.4.54.54.54.16.54.54.13.4.54.37.48.4.54.13.4.54.54.xover.mutate.done 50
 generation 16.58.50.50.50.50.50.50.50.50.50.50.46.8.50.50.50.50.0.0.14.0.40.0.13.50.0.8.0.50.50.0.50.0.13.50.0.15.0.0.0.8.0.0.50.50.11.48.13.6.0.xover.mutate.done 50
 generation 17.53.50.50.50.50.50.50.50.50.50.0.50.50.0.0.0.13.0.34.50.19.50.19.0.0.0.0.50.0.50.0.0.50.50.0.0.0.50.0.12.50.16.50.50.50.29.50.5.0.2.xover.mutate.done 50
 generation 18.59.51.51.51.51.51.51.51.51.51.51.3.51.51.3.51.3.51.10.2.3.3.51.51.48.3.50.3.51.51.3.57.2.44.51.51.3.46.40.9.51.51.3.51.2.3.50.51.29.53.xover.mutate.done 50
 generation 19.55.52.47.51.51.51.51.51.51.51.1.1.1.51.1.50.1.31.3.52.51.1.1.43.1.1.51.47.51.51.1.1.51.51.51.1.51.17.1.51.17.9.51.51.1.51.49.34.1.1.xover.mutate.done 50
 generation 20.64.61.61.50.50.50.50.50.50.50.11.50.50.14.13.0.10.23.79.50.13.50.50.50.50.1.1.50.44.16.50.50.11.12.13.50.50.0.50.1.2.25.56.9.50.50.1.0.55.1.xover.mutate.done 50
 generation 21.85.61.56.56.56.52.50.50.50.50.46.1.6.0.13.50.1.1.50.1.14.21.1.50.50.50.1.50.14.7.50.1.0.1.1.50.7.1.1.39.1.51.52.50.1.7.2.7.31.7.xover.mutate.done 50
 generation 22.89.58.55.55.52.51.51.41.50.50.1.1.42.1.50.1.1.22.6.0.50.18.6.1.24.1.6.40.7.50.24.1.50.1.50.1.1.1.50.1.1.7.50.19.50.22.16.6.50.18.xover.mutate.done 50
 generation 23.82.63.59.59.57.55.53.52.52.52.11.31.2.2.11.52.2.57.2.42.52.30.52.8.52.52.52.8.52.4.58.3.52.52.13.9.65.52.6.13.25.57.52.2.11.2.52.52.2.41.xover.mutate.done 50
 generation 24.80.64.62.58.57.59.58.57.57.52.20.0.9.50.0.19.10.50.2.8.26.16.0.0.11.58.14.0.0.8.11.32.50.0.50.0.9.12.50.0.2.54.0.0.50.50.0.0.2.0.xover.mutate.done 50
 generation 25.86.71.65.62.62.62.63.62.62.61.16.51.15.6.13.46.51.62.37.51.50.51.51.13.28.1.61.51.1.20.1.1.1.1.46.50.63.14.12.17.1.50.51.51.13.1.51.61.1.51.xover.mutate.done 50
 generation 26.88.69.66.60.57.58.58.60.57.57.50.50.50.7.0.0.0.50.0.9.0.50.0.50.50.0.0.50.49.22.50.0.11.50.18.0.4.50.0.12.0.0.3.0.48.0.0.0.49.3.xover.mutate.done 50
 generation 27.86.62.59.55.55.54.54.54.54.54.49.3.55.53.50.50.0.0.0.53.0.6.55.4.55.9.3.16.8.0.6.7.50.0.0.50.36.26.50.0.6.0.54.54.33.0.26.50.10.1.xover.mutate.done 50
 generation 28.84.72.63.64.60.64.65.64.60.60.50.1.3.17.10.1.19.10.71.50.50.1.31.35.1.1.60.6.10.18.11.61.1.51.10.61.10.10.26.1.51.12.15.1.1.11.3.1.0.3.xover.mutate.done 50
 generation 29.88.65.64.59.59.59.59.65.59.59.0.10.58.12.57.0.0.16.3.14.0.50.9.0.50.21.50.13.9.11.25.12.57.0.50.0.50.50.0.50.9.0.9.7.50.50.0.0.15.16.xover.mutate.done 50
 generation 30.84.68.68.70.59.59.59.59.57.57.34.0.50.9.19.0.59.20.2.2.41.9.20.50.51.50.7.50.50.50.16.2.24.15.59.44.61.9.21.57.2.50.2.50.76.2.2.0.59.50.xover.mutate.done 50
 generation 31.85.70.60.60.57.49.55.55.55.55.23.53.55.4.5.27.50.1.9.29.47.10.0.56.50.24.50.0.6.55.50.25.55.0.0.6.55.55.5.50.55.3.55.7.2.50.53.5.5.0.xover.mutate.done 50
 generation 32.87.77.69.68.64.60.59.59.59.59.11.51.1.50.57.15.57.11.10.54.41.56.12.59.12.51.60.10.65.1.13.56.1.32.10.57.11.51.11.52.3.12.3.8.50.11.10.7.17.12.xover.mutate.done 50
 generation 33.85.80.59.62.59.57.58.57.57.57.7.34.35.10.10.6.12.2.57.57.11.24.56.57.57.2.1.15.1.5.8.10.8.41.37.9.32.51.58.9.15.8.57.41.55.8.57.7.57.8.xover.mutate.done 50
 generation 34.80.66.63.64.59.55.56.60.54.54.50.1.2.54.0.3.54.1.4.1.4.1.5.60.39.1.26.0.54.54.1.44.38.52.1.5.1.35.1.64.6.38.9.51.0.50.1.9.54.7.xover.mutate.done 50
 generation 35.87.73.62.62.62.62.65.60.57.59.41.11.57.8.51.5.9.2.8.39.51.7.62.1.2.58.58.57.6.9.1.25.51.46.62.59.8.57.51.51.6.12.6.51.52.7.2.9.12.7.xover.mutate.done 50
 generation 36.86.73.71.66.66.64.61.65.64.63.3.3.3.9.56.52.16.61.19.2.9.9.8.13.1.58.11.61.1.2.67.67.61.21.1.13.9.22.58.3.52.57.8.2.58.60.10.9.61.12.xover.mutate.done 50
 generation 37.86.70.65.66.66.67.67.67.67.66.65.51.30.54.9.0.9.59.51.51.31.4.7.18.51.9.59.10.65.50.31.74.7.66.30.56.15.43.56.3.3.8.66.50.1.6.65.57.4.67.xover.mutate.done 50
 generation 38.84.73.71.65.65.65.65.65.70.70.43.42.19.50.48.51.17.55.18.58.66.55.0.20.64.48.22.1.51.7.4.51.51.67.43.62.55.1.15.24.70.7.1.1.57.22.65.53.15.40.xover.mutate.done 50
 generation 39.85.81.80.77.77.77.65.76.63.63.4.73.50.52.4.19.7.69.20.14.2.7.52.56.4.46.75.50.30.4.2.2.52.58.7.50.74.51.50.46.50.45.50.54.26.15.4.50.32.67.xover.mutate.done 50
 generation 40.91.79.81.76.76.76.70.74.77.76.20.33.1.61.1.20.50.1.0.28.34.60.58.47.1.50.1.59.19.50.1.22.13.87.6.59.51.33.63.1.69.77.50.50.1.1.14.2.50.39.xover.mutate.done 50
 generation 41.77.82.76.75.72.70.74.74.74.60.62.45.18.53.48.46.3.5.19.50.19.48.1.55.47.4.5.66.6.13.7.79.56.0.3.7.1.8.1.20.76.16.15.1.1.1.50.68.2.1.xover.mutate.done 50
 generation 42.80.84.78.70.74.66.63.63.63.66.22.0.1.68.43.9.44.1.6.13.19.50.80.23.1.36.12.7.46.60.19.15.1.7.49.9.39.0.50.61.12.53.18.2.50.22.76.62.28.1.xover.mutate.done 50
 generation 43.87.89.89.82.77.84.78.71.76.68.52.56.9.53.85.73.32.63.3.48.70.9.4.50.45.46.55.1.10.18.52.7.56.29.18.7.56.27.22.29.18.66.10.22.1.46.15.34.33.19.xover.mutate.done 50
 generation 44.79.86.85.84.84.85.68.75.71.70.23.8.42.60.3.3.83.29.27.30.21.17.40.56.66.35.67.0.18.9.54.3.3.19.7.69.8.3.3.14.22.68.38.15.21.34.9.3.3.7.xover.mutate.done 50
 generation 45.87.89.84.82.83.86.82.75.75.76.2.44.16.71.57.1.12.60.9.1.79.69.32.1.31.35.55.15.47.45.1.1.8.19.56.1.1.44.0.50.11.1.1.9.26.51.55.6.1.81.xover.mutate.done 50
 generation 46.87.84.80.85.77.80.81.77.76.70.0.0.73.10.23.70.0.49.70.46.36.38.18.0.13.83.75.0.82.90.47.12.55.0.51.40.70.60.0.55.50.6.71.20.46.0.0.0.50.50.xover.mutate.done 50
 generation 47.92.87.85.84.75.79.82.80.86.83.35.32.37.2.51.38.24.15.50.81.42.44.57.45.79.59.66.2.73.48.33.80.4.48.18.35.6.36.50.23.46.63.53.6.74.49.50.32.50.57.xover.mutate.done 50
 generation 48.91.88.78.83.85.78.84.87.88.88.53.1.63.1.51.34.53.32.4.3.16.59.42.57.66.6.7.1.16.50.1.57.28.69.79.1.40.18.13.26.9.80.44.12.68.1.11.81.3.17.xover.mutate.done 50
 generation 49.88.88.83.83.83.84.75.82.79.79.78.17.15.5.50.46.6.2.1.14.9.70.5.41.68.67.73.8.4.48.49.65.27.6.50.23.44.1.1.1.59.1.39.1.1.19.6.2.78.7.xover.mutate.done 50
 33519131 iters     719734 iter/sec (46.57 s)
 total time: 46.57
