50 50 50 50 50 50 50 50 50 25 21 6 1 1 1 1 1 1 1 1 1 1 1 1 1 1 1 1 1 1 1 1 1 1 1 1 1 1 1 1 0 0 0 0 0 0 0 0 0 0 
53 53 53 53 51 51 51 51 50 50 50 50 50 50 50 50 50 50 50 50 29 22 16 9 4 4 4 4 4 4 4 4 4 4 4 4 3 3 3 3 3 3 3 3 3 3 3 3 3 1 
50 50 50 50 50 50 50 50 50 50 50 50 50 50 50 50 50 50 50 50 48 42 35 23 19 19 10 9 5 0 0 0 0 0 0 0 0 0 0 0 0 0 0 0 0 0 0 0 0 0 
51 51 51 51 51 51 50 50 50 50 50 50 50 50 50 50 50 49 45 26 1 1 1 1 1 1 1 1 1 1 1 1 1 1 1 1 1 1 1 1 1 1 0 0 0 0 0 0 0 0 
51 51 51 51 51 51 51 51 51 50 50 50 50 50 50 50 50 50 50 50 50 47 45 39 13 1 1 1 1 1 1 1 1 1 1 1 1 1 1 1 1 1 1 1 1 1 0 0 0 0 
57 51 51 50 50 50 50 50 50 50 50 50 50 50 46 29 22 21 14 8 8 8 8 1 1 1 1 1 1 1 1 1 1 1 1 1 1 1 1 1 1 1 1 1 0 0 0 0 0 0 
59 53 53 50 50 50 50 50 50 50 50 50 50 50 50 50 50 50 50 50 50 50 50 49 33 12 9 9 4 4 3 3 3 3 3 3 3 3 3 3 3 3 0 0 0 0 0 0 0 0 
54 51 51 51 50 50 50 50 50 50 50 50 50 50 50 50 50 50 50 50 50 10 5 1 1 1 1 1 1 1 1 1 1 1 1 1 1 1 1 1 1 0 0 0 0 0 0 0 0 0 
52 51 51 51 51 50 50 50 50 50 50 50 50 50 50 50 50 50 50 50 50 50 50 47 45 44 44 41 36 36 36 14 11 5 3 2 1 1 1 1 1 1 1 1 1 1 1 1 0 0 
53 53 51 51 51 51 51 50 50 50 50 50 50 50 50 50 50 50 50 50 48 48 48 45 43 40 35 30 17 14 5 5 5 1 1 1 1 1 1 1 1 1 1 1 1 1 1 1 0 0 
54 53 52 52 52 52 52 52 52 52 52 52 52 52 52 50 50 50 50 50 50 50 50 50 50 50 50 30 24 17 10 10 9 7 6 2 2 2 2 2 2 2 2 2 2 2 2 2 2 0 
55 53 52 52 52 52 51 50 50 50 50 50 50 50 50 50 50 50 50 50 46 35 25 25 19 18 18 8 7 5 5 5 2 2 2 2 2 2 2 2 2 2 2 2 2 2 0 0 0 0 
56 53 53 53 53 53 53 50 50 50 50 50 50 50 50 50 50 50 50 50 50 50 50 45 43 40 38 35 30 26 10 7 7 6 6 3 3 3 3 3 3 3 3 3 3 3 3 3 0 0 
54 54 52 52 52 52 52 52 52 52 52 52 52 52 52 52 52 52 52 51 51 51 50 50 49 49 48 40 38 14 12 7 7 6 4 4 4 4 4 4 4 4 4 4 4 2 2 2 2 2 
54 51 51 51 51 51 51 51 51 51 51 51 51 51 50 50 50 50 50 50 50 50 50 50 50 47 46 45 42 36 28 24 12 7 7 6 5 4 3 2 1 1 1 1 1 1 1 1 1 0 
56 55 51 50 50 50 50 50 50 50 50 50 50 50 50 50 50 50 39 38 35 34 27 26 22 19 12 10 9 7 7 6 1 1 1 1 1 1 1 1 1 1 1 1 1 1 1 1 1 0 
54 51 51 51 51 51 51 51 51 51 51 51 51 51 51 51 50 50 50 50 48 37 25 21 17 15 13 12 11 9 6 4 3 3 2 2 2 2 2 2 2 2 2 2 2 1 1 1 1 1 
56 52 52 52 52 52 52 52 52 52 52 52 52 52 52 52 52 52 52 51 51 51 51 48 29 22 19 17 14 12 11 10 6 4 3 3 3 3 3 3 3 3 3 3 3 3 3 3 3 1 
54 51 51 51 51 51 51 51 51 51 51 51 51 51 51 51 51 51 51 51 50 50 50 50 47 44 40 34 31 29 19 19 18 16 12 7 7 5 3 2 2 2 2 2 2 1 1 1 1 1 
52 52 50 50 50 50 50 50 50 50 50 50 50 50 50 50 50 50 50 48 46 42 40 36 23 13 12 6 2 2 2 2 2 2 2 2 2 2 2 2 2 2 2 2 2 0 0 0 0 0 
54 51 51 51 51 51 51 51 51 51 51 51 51 50 50 50 50 50 50 50 41 29 28 24 20 20 19 14 12 7 7 4 1 1 1 1 1 1 1 1 1 1 1 1 1 1 1 1 0 0 
53 51 51 51 51 51 51 51 51 51 51 51 51 51 51 51 50 49 49 41 37 33 31 31 28 21 21 17 17 13 11 1 1 1 1 1 1 1 1 1 1 1 1 1 1 1 0 0 0 0 
56 56 50 50 50 50 50 50 50 50 50 50 50 50 50 50 50 50 50 49 49 47 46 46 44 44 42 41 27 22 17 15 13 2 1 1 1 1 1 1 1 1 1 1 1 1 1 1 1 0 
52 52 52 50 50 50 50 50 50 50 50 50 50 50 50 50 50 48 47 45 44 42 41 32 28 25 22 14 11 11 10 10 8 8 0 0 0 0 0 0 0 0 0 0 0 0 0 0 0 0 
56 56 56 54 51 51 51 51 51 51 51 51 51 50 50 50 48 48 48 46 42 38 35 21 13 11 9 9 9 9 9 9 4 4 4 4 4 4 4 4 3 3 3 3 3 3 3 1 1 1 
56 53 53 53 53 53 53 53 53 53 53 53 53 53 53 52 51 50 50 47 36 30 29 29 28 26 26 25 22 20 18 15 13 10 7 5 4 4 4 4 4 4 4 4 4 4 3 1 1 1 
56 55 55 55 55 54 51 51 51 51 51 51 51 51 51 51 51 50 50 50 50 50 48 45 42 29 21 21 16 12 12 10 6 6 2 2 2 2 2 2 2 2 1 1 1 1 1 1 1 1 
57 56 56 56 56 56 54 54 54 54 54 54 54 54 54 53 52 50 50 46 44 34 34 32 28 23 22 21 20 20 16 16 16 12 11 10 9 6 6 4 4 4 4 4 4 4 4 0 0 0 
59 55 53 53 53 53 53 53 53 53 50 50 50 50 50 50 50 50 50 50 50 50 28 26 26 25 24 20 15 7 7 2 2 2 2 2 2 2 2 2 2 2 2 0 0 0 0 0 0 0 
61 55 55 55 55 55 55 55 55 54 54 53 52 52 52 52 52 52 52 51 50 50 49 46 39 36 34 28 27 25 24 24 22 21 14 14 11 5 2 2 2 2 2 2 2 2 2 2 2 2 
59 57 54 54 54 54 54 54 54 54 53 52 52 51 51 51 51 51 50 50 50 49 48 44 42 36 30 30 29 26 20 19 17 11 11 10 9 8 4 4 1 1 1 1 1 1 1 1 0 0 
65 64 62 60 58 57 56 56 56 56 56 56 56 56 56 54 53 53 53 53 53 53 53 51 50 48 45 41 38 28 22 20 20 18 17 7 7 7 4 4 4 4 4 4 4 4 4 3 3 3 
62 56 55 53 52 52 51 51 51 51 51 51 51 51 51 50 50 50 50 50 50 48 45 35 34 28 28 28 27 26 25 17 14 14 14 13 7 4 3 2 1 1 1 1 1 1 1 1 0 0 
63 62 58 58 57 57 54 54 52 51 51 51 51 51 50 50 50 50 50 50 50 50 50 50 50 50 47 47 37 36 32 23 22 18 17 15 11 11 10 10 9 7 5 1 1 1 1 1 1 0 
63 60 59 58 58 58 57 56 55 55 55 55 54 54 54 54 54 54 53 53 50 50 50 50 50 50 50 50 49 48 48 38 35 35 34 33 26 23 19 17 7 6 5 5 4 0 0 0 0 0 
64 60 59 59 59 58 58 58 58 58 57 57 57 56 54 52 50 50 50 50 50 50 50 50 46 32 29 23 20 20 18 15 13 13 11 10 8 7 7 6 4 4 3 1 1 1 1 1 1 0 
67 61 61 61 60 59 59 58 58 56 56 55 52 52 50 50 50 50 50 49 43 41 39 37 30 25 22 19 10 8 8 6 4 2 2 2 1 0 0 0 0 0 0 0 0 0 0 0 0 0 
62 62 62 61 60 60 60 60 60 60 60 60 60 60 59 58 58 57 56 54 50 50 50 50 50 49 44 43 42 41 39 33 32 23 21 13 13 12 12 11 11 11 10 2 2 2 2 0 0 0 
64 63 63 63 63 62 62 61 61 61 61 60 59 58 57 57 56 55 52 52 50 50 50 50 50 50 50 50 50 50 50 49 47 34 18 13 13 12 11 10 10 9 3 1 1 1 1 1 1 0 
59 58 58 58 58 58 58 58 57 57 57 57 57 57 56 56 55 55 55 55 50 50 50 50 50 50 50 50 50 49 42 41 35 28 21 16 13 11 10 9 7 7 7 2 1 1 1 1 1 1 
61 60 59 58 57 57 57 57 57 57 56 56 56 56 56 55 54 52 52 51 51 51 50 50 50 49 44 36 27 15 12 6 5 5 5 5 3 2 1 1 1 1 1 1 1 1 0 0 0 0 
73 72 71 67 66 66 64 64 64 64 64 64 61 56 54 50 50 50 50 50 50 50 43 42 31 29 28 28 28 25 17 16 16 15 13 12 9 9 9 4 1 1 1 1 1 1 0 0 0 0 
67 62 62 61 61 61 61 61 60 58 57 57 56 55 50 50 50 50 47 47 44 43 41 39 38 38 31 30 28 22 19 18 13 12 11 8 8 7 4 3 0 0 0 0 0 0 0 0 0 0 
70 67 66 66 65 64 63 63 61 61 61 61 60 60 60 60 59 57 56 50 50 50 49 49 48 45 40 38 31 30 29 17 16 16 14 9 7 4 0 0 0 0 0 0 0 0 0 0 0 0 
70 64 64 62 62 61 61 60 59 58 58 57 56 55 54 51 51 51 50 50 49 47 47 41 41 38 31 30 30 29 28 17 16 15 15 14 12 11 7 6 6 6 3 1 1 1 1 1 0 0 
71 68 67 66 65 62 61 61 61 60 58 58 54 53 53 53 52 51 51 51 51 51 50 50 49 47 46 46 45 42 41 41 35 31 28 28 25 22 22 19 12 8 3 3 1 1 1 1 1 1 
73 73 72 72 70 68 68 67 67 65 64 64 63 63 63 60 58 56 56 51 51 50 50 50 47 46 43 42 41 38 37 33 30 29 27 26 26 25 21 18 9 9 5 3 1 1 1 1 1 0 
72 71 69 69 67 64 63 62 62 62 61 61 61 60 60 60 60 60 59 54 52 51 50 50 50 50 50 50 49 49 49 43 40 39 32 31 31 30 29 24 19 15 11 9 5 0 0 0 0 0 
81 81 74 73 71 71 69 69 69 69 68 67 66 66 64 64 63 63 58 53 51 50 50 50 50 50 50 50 49 49 49 48 46 44 38 37 35 35 32 27 18 17 17 11 2 1 1 1 1 1 
80 73 71 69 69 69 68 67 66 63 63 63 60 58 56 52 51 50 50 50 50 50 50 49 48 47 47 45 43 41 41 40 39 39 35 35 30 27 24 23 19 19 18 16 13 12 1 0 0 0 
