% Invoked: ./gella -d -r 3 -l biased_r3/run40 >& biased_r3/run40.log
% Ministry of Cellular Automata
% Project Deux (CS523 Spring 2015)
% Version:v0.1-70-g0624-dirty
%  pop:50
%  ic count:100
%  CA Log option:biased_r3/run40
%  width:121
%  max workers:4
%  radius:3
%  iterations:300
%  use bias:true
%  generations:50

 generation 0.2.0.0.0.1.7.50.0.1.1.0.50.50.1.50.50.50.1.50.1.1.0.1.0.1.1.7.1.1.1.1.2.50.50.1.0.21.50.50.1.1.1.1.50.1.0.50.0.50.50.xover.mutate.done 50
 generation 1.50.50.50.50.50.50.50.50.50.50.50.50.2.2.52.37.0.22.50.2.45.50.2.50.2.0.50.50.0.50.7.50.50.2.2.40.50.50.14.0.50.52.50.52.50.50.50.1.2.0.xover.mutate.done 50
 generation 2.50.50.50.50.50.50.50.50.50.50.50.50.50.50.54.4.50.54.4.0.54.4.50.27.0.4.20.50.54.50.0.50.4.4.50.13.4.50.0.50.4.0.50.50.50.8.50.50.50.4.xover.mutate.done 50
 generation 3.50.50.50.50.52.52.52.50.50.50.43.50.2.2.58.50.6.2.2.2.50.50.52.52.0.2.50.0.50.50.45.7.52.2.50.2.48.0.50.8.50.50.52.50.8.50.52.50.50.50.xover.mutate.done 50
 generation 4.52.51.51.51.51.51.51.51.51.54.50.1.54.44.12.5.6.49.14.51.4.1.54.5.5.1.5.5.25.5.50.54.4.5.5.50.5.49.54.1.1.5.54.50.51.4.54.44.5.18.xover.mutate.done 50
 generation 5.51.51.51.51.51.51.51.42.50.50.50.51.1.50.1.1.50.6.1.0.51.1.17.1.42.50.1.1.50.0.51.51.1.1.0.48.1.0.1.51.50.51.1.50.50.1.1.1.1.1.xover.mutate.done 50
 generation 6.51.51.51.51.51.51.51.51.51.51.51.42.2.2.2.2.23.51.51.51.51.49.1.2.51.51.1.2.51.1.51.1.51.51.51.1.2.51.51.51.51.37.51.50.2.1.51.1.51.2.xover.mutate.done 50
 generation 7.50.50.50.50.50.50.50.50.50.50.50.50.50.50.48.42.8.36.0.50.0.50.23.10.0.1.50.50.0.50.50.50.50.49.50.50.0.50.0.50.0.50.50.0.50.44.0.50.50.50.xover.mutate.done 50
 generation 8.50.50.50.50.50.50.50.50.50.50.50.50.43.2.50.50.50.0.50.2.2.50.50.50.2.2.50.2.50.50.50.50.2.50.50.2.50.2.50.2.2.2.50.50.50.50.50.50.50.2.xover.mutate.done 50
 generation 9.50.50.50.50.50.50.50.50.50.50.1.44.1.50.50.50.1.50.50.50.1.1.1.1.44.50.50.50.1.1.1.1.50.1.45.44.22.50.48.1.1.50.50.45.10.50.1.50.50.50.xover.mutate.done 50
 generation 10.51.51.51.51.51.51.51.51.51.51.51.51.49.3.51.51.51.51.51.1.3.3.51.51.49.51.51.16.3.51.51.51.1.51.12.51.3.1.10.51.51.1.51.51.51.51.10.51.51.51.xover.mutate.done 50
 generation 11.52.52.52.52.52.52.52.52.52.52.52.52.4.52.52.52.52.52.4.52.4.52.52.52.24.52.52.50.45.52.52.52.52.4.52.52.13.52.52.51.52.4.52.41.52.52.52.52.52.2.xover.mutate.done 50
 generation 12.50.50.50.50.50.50.50.50.50.50.50.50.50.50.0.50.50.50.50.37.50.50.50.5.0.0.0.0.0.0.0.50.50.50.0.50.49.50.50.50.0.50.40.0.0.5.1.50.0.50.xover.mutate.done 50
 generation 13.50.50.50.50.50.50.50.50.50.50.21.0.1.50.49.50.50.50.50.50.0.50.50.0.50.50.0.50.5.0.50.50.50.0.0.50.0.42.0.50.50.20.50.0.0.50.50.44.0.50.xover.mutate.done 50
 generation 14.51.51.51.51.51.51.51.51.51.51.1.9.50.51.6.51.51.3.50.48.51.51.51.51.51.3.51.3.51.3.51.44.42.51.51.51.3.46.51.3.3.50.51.3.51.51.51.50.51.3.xover.mutate.done 50
 generation 15.50.50.50.50.50.50.50.50.50.50.50.50.50.50.50.50.50.50.34.1.7.50.50.9.1.50.50.1.50.1.50.50.50.50.6.50.50.50.8.1.7.50.1.50.1.50.50.50.9.1.xover.mutate.done 50
 generation 16.50.50.50.50.50.50.50.50.50.50.50.49.50.0.50.50.50.50.50.50.49.50.50.50.13.50.50.50.1.1.0.50.16.1.50.7.50.1.1.1.1.50.15.1.1.1.5.1.50.50.xover.mutate.done 50
 generation 17.51.51.51.51.51.51.51.51.51.51.51.2.1.2.51.51.2.2.51.51.2.51.51.51.12.51.51.2.2.51.2.51.51.51.2.51.50.2.51.1.51.1.51.2.2.2.51.2.2.10.xover.mutate.done 50
 generation 18.51.51.51.51.51.51.51.51.51.51.1.51.51.1.51.51.10.51.51.1.51.13.1.43.1.1.51.1.1.51.1.51.51.0.51.51.1.51.51.6.51.51.51.51.51.1.51.51.51.51.xover.mutate.done 50
 generation 19.51.51.51.51.51.51.51.51.51.51.51.50.2.51.6.51.51.2.2.2.11.2.51.51.51.51.49.51.2.2.2.51.2.2.2.51.1.2.51.2.51.50.51.51.51.2.49.8.51.2.xover.mutate.done 50
 generation 20.53.53.53.53.53.53.53.53.53.53.4.4.53.4.53.53.53.4.4.53.53.11.4.4.53.53.4.53.53.53.4.53.4.53.13.53.53.47.53.53.4.4.1.8.53.4.53.4.53.53.xover.mutate.done 50
 generation 21.50.50.50.50.50.50.50.50.50.50.50.50.50.42.50.1.0.1.50.50.1.50.1.50.5.1.50.50.50.50.1.50.1.50.50.1.50.50.1.1.50.50.1.50.50.1.50.50.1.50.xover.mutate.done 50
 generation 22.51.51.51.51.51.51.51.51.51.51.1.1.1.1.51.51.31.51.1.1.1.51.1.51.1.51.51.51.51.51.1.1.1.1.1.51.51.51.0.1.51.1.51.51.33.51.44.51.51.51.xover.mutate.done 50
 generation 23.52.52.52.52.52.52.52.52.52.52.52.52.52.4.52.52.52.4.52.52.52.52.52.30.52.4.50.52.52.52.52.52.4.4.4.52.52.52.52.52.52.52.4.4.37.52.50.52.52.52.xover.mutate.done 50
 generation 24.50.50.50.50.50.50.50.50.50.50.32.0.44.50.0.50.50.50.50.50.50.50.50.0.0.50.50.50.50.50.50.0.50.50.50.0.50.50.50.50.44.0.21.50.0.46.44.50.50.50.xover.mutate.done 50
 generation 25.51.51.51.51.51.51.51.51.51.51.51.51.51.2.51.51.51.51.51.2.51.51.2.51.51.51.51.51.51.51.51.51.51.2.51.51.50.51.51.51.51.2.51.2.51.51.47.2.51.51.xover.mutate.done 50
 generation 26.53.53.53.53.53.53.53.53.53.53.53.53.53.4.48.53.50.53.15.53.53.4.53.53.53.4.53.53.53.53.53.53.53.53.12.4.53.53.53.53.22.4.53.53.4.53.4.53.53.53.xover.mutate.done 50
 generation 27.50.50.50.50.50.50.50.50.50.50.1.50.50.50.50.5.50.53.1.1.50.50.1.50.50.50.50.25.50.50.50.42.50.50.50.1.50.50.50.10.50.50.50.50.50.50.1.44.50.50.xover.mutate.done 50
 generation 28.54.50.50.50.50.50.50.50.50.50.1.50.1.12.50.50.50.0.50.50.5.0.50.50.50.1.50.45.36.50.49.50.50.50.50.50.50.1.50.0.40.3.50.50.1.50.50.50.1.1.xover.mutate.done 50
 generation 29.56.53.53.53.53.53.53.53.53.53.53.56.53.53.3.4.4.4.4.53.4.53.7.4.4.4.53.53.4.56.4.53.53.4.47.53.53.53.53.13.53.53.53.7.53.53.53.4.53.53.xover.mutate.done 50
 generation 30.57.55.55.52.52.52.52.52.52.52.52.52.52.52.52.52.52.17.52.11.52.46.8.2.52.2.50.2.2.52.52.52.2.53.33.52.52.45.52.2.34.52.57.2.2.2.52.2.2.52.xover.mutate.done 50
 generation 31.57.56.55.55.48.50.50.50.50.50.1.48.50.50.8.1.36.50.50.50.50.44.1.50.50.1.1.1.45.9.50.50.36.50.50.50.50.46.50.50.50.50.50.1.49.50.50.50.1.50.xover.mutate.done 50
 generation 32.52.52.52.52.51.51.51.51.51.50.52.51.51.51.51.2.51.2.51.52.51.51.50.51.24.50.13.2.51.47.51.50.2.50.51.50.2.51.49.51.51.3.50.3.50.51.51.47.51.51.xover.mutate.done 50
 generation 33.53.54.52.52.55.52.50.50.50.50.22.2.46.50.50.50.50.50.50.46.55.50.54.49.50.45.50.50.50.29.2.50.50.50.2.50.50.50.50.50.47.50.50.10.50.50.50.52.50.47.xover.mutate.done 50
 generation 34.59.59.59.59.57.56.56.56.56.51.11.51.51.48.43.34.51.18.53.3.50.59.3.51.10.13.50.53.4.45.51.4.56.12.4.36.1.10.9.50.51.1.51.41.51.51.4.21.19.51.xover.mutate.done 50
 generation 35.56.56.56.56.56.56.56.56.56.56.6.6.1.50.50.51.17.56.51.55.56.0.6.51.45.0.50.56.49.51.46.55.31.38.56.53.1.50.26.1.51.56.51.51.51.1.46.56.56.50.xover.mutate.done 50
 generation 36.57.57.56.56.56.55.54.54.54.54.50.48.51.50.50.1.35.1.56.55.50.45.54.54.54.63.50.50.58.6.50.36.11.1.1.5.50.55.1.5.50.56.50.50.5.1.47.17.50.1.xover.mutate.done 50
 generation 37.55.54.58.56.56.56.57.60.58.56.47.50.3.6.51.3.80.3.2.51.54.50.50.1.56.51.3.56.51.51.8.3.51.59.14.51.3.50.9.57.51.28.58.58.1.2.11.56.8.58.xover.mutate.done 50
 generation 38.83.57.59.58.58.58.52.58.58.58.48.11.0.0.50.0.53.50.0.50.49.1.15.50.12.72.14.3.49.58.45.9.15.0.1.58.49.50.0.59.0.30.50.44.12.54.13.71.50.31.xover.mutate.done 50
 generation 39.85.72.74.53.53.52.53.51.51.51.42.15.50.51.50.10.48.4.27.45.13.3.1.2.14.1.1.50.51.1.47.0.52.2.36.51.50.37.50.22.76.14.49.1.10.1.50.50.20.50.xover.mutate.done 50
 generation 40.87.73.75.71.58.61.57.57.57.55.0.0.0.79.56.7.57.51.20.11.55.56.16.0.50.0.0.0.5.57.19.0.7.57.0.0.15.50.31.8.6.0.56.0.57.7.50.21.16.72.xover.mutate.done 50
 generation 41.88.75.75.76.70.77.61.62.58.58.48.57.3.59.58.58.55.30.9.3.12.12.3.1.12.44.3.52.26.3.58.12.11.51.60.50.46.67.58.19.49.26.19.9.10.52.9.9.3.64.xover.mutate.done 50
 generation 42.84.76.71.76.74.74.62.51.54.57.4.8.2.7.10.50.48.9.31.6.7.4.2.52.4.6.52.46.38.4.2.9.4.6.15.4.37.6.55.38.4.4.4.6.55.50.2.4.61.14.xover.mutate.done 50
 generation 43.92.79.80.75.78.76.69.59.60.55.7.11.50.54.3.17.7.3.3.3.8.3.50.9.48.48.3.3.3.81.17.51.8.11.55.3.3.3.20.50.55.7.11.54.7.50.38.9.50.51.xover.mutate.done 50
 generation 44.85.76.75.72.75.76.78.67.58.61.17.2.8.26.15.7.2.47.7.22.50.8.23.8.6.8.50.52.8.24.50.2.33.50.8.44.8.52.2.10.7.8.2.50.39.6.8.50.2.9.xover.mutate.done 50
 generation 45.88.79.78.74.82.71.79.74.67.65.35.20.8.20.13.1.42.49.19.8.0.49.81.8.47.11.1.50.66.28.7.25.37.46.43.46.0.18.39.19.1.1.1.8.1.8.17.1.14.8.xover.mutate.done 50
 generation 46.84.76.78.68.71.79.68.62.68.62.63.1.8.8.1.34.25.50.1.19.2.8.1.0.1.13.1.1.0.1.1.8.7.41.1.1.8.1.12.1.9.7.7.7.1.9.1.1.15.36.xover.mutate.done 50
 generation 47.82.79.81.74.70.76.68.67.64.60.50.57.5.45.64.8.5.6.5.10.24.52.15.43.3.8.68.16.3.13.3.5.5.64.6.53.23.9.8.5.6.27.3.5.5.21.6.50.3.11.xover.mutate.done 50
 generation 48.92.82.84.82.80.82.77.80.79.66.0.74.51.30.9.7.12.7.26.7.1.7.1.61.50.25.26.7.23.19.1.6.7.61.1.8.23.69.43.1.7.0.8.47.1.0.66.77.0.7.xover.mutate.done 50
 generation 49.89.79.81.75.75.84.69.69.68.72.54.73.24.2.6.4.4.16.11.50.4.69.4.2.4.72.48.8.5.14.2.4.6.8.46.24.4.50.14.2.2.6.78.30.52.4.2.14.51.2.xover.mutate.done 50
 27021541 iters     693934 iter/sec (38.94 s)
 total time: 38.94
