52 50 50 50 50 50 50 50 50 50 29 15 9 4 4 4 4 4 4 4 4 4 4 3 2 2 2 2 2 2 2 2 2 2 2 2 2 2 2 2 2 2 2 2 2 2 2 2 2 2 
61 51 50 50 50 50 50 50 50 50 50 50 50 50 50 50 50 50 50 50 50 47 36 23 11 6 5 1 1 1 1 1 1 1 1 1 1 1 1 1 1 0 0 0 0 0 0 0 0 0 
74 53 52 50 50 50 50 50 50 50 50 50 50 50 50 50 50 50 50 50 50 50 50 50 50 39 33 16 12 10 8 7 2 2 2 2 2 2 2 2 2 2 2 2 2 2 2 0 0 0 
54 51 51 50 50 50 50 50 50 50 50 50 50 50 50 50 50 50 50 50 50 50 50 48 46 35 32 26 26 11 6 3 1 1 1 1 1 1 1 1 1 1 1 1 1 1 1 0 0 0 
65 54 51 51 51 51 51 51 51 51 51 51 51 51 51 51 50 50 50 50 50 50 50 50 50 50 50 40 35 21 11 9 2 2 2 2 2 2 2 2 2 1 1 1 1 1 1 1 1 1 
68 55 51 51 51 51 51 51 51 51 50 50 50 50 50 50 50 50 50 50 50 50 40 5 3 2 1 1 1 1 1 1 1 1 1 1 1 1 1 1 1 1 1 1 1 0 0 0 0 0 
69 59 57 51 51 51 50 50 50 50 50 50 50 50 50 50 50 50 50 45 23 14 10 10 8 1 1 1 1 1 1 1 1 1 1 1 1 1 1 1 1 1 1 1 0 0 0 0 0 0 
54 54 52 52 52 52 52 52 52 52 52 52 52 52 52 52 52 50 50 50 50 50 50 50 43 5 4 2 2 2 2 2 2 2 2 2 2 2 2 2 2 2 2 2 2 2 0 0 0 0 
68 66 58 57 50 50 50 50 50 50 50 50 50 50 50 50 50 50 50 50 50 50 50 50 50 50 50 50 26 14 13 13 1 0 0 0 0 0 0 0 0 0 0 0 0 0 0 0 0 0 
66 65 59 58 52 52 52 52 52 52 52 52 52 52 51 50 50 43 23 20 14 12 9 9 4 2 2 2 2 2 2 2 2 2 2 2 2 2 2 2 2 2 2 2 2 2 2 0 0 0 
70 65 54 53 50 50 50 50 50 50 50 50 50 50 50 50 50 50 37 21 19 18 17 15 13 12 5 2 2 2 2 2 2 2 2 2 2 2 2 2 2 2 2 2 2 2 0 0 0 0 
71 70 58 58 58 50 50 50 50 50 50 50 50 50 50 50 50 50 50 16 15 12 1 1 1 1 1 1 1 1 1 1 1 1 1 1 1 1 1 1 1 1 1 1 1 0 0 0 0 0 
68 67 62 60 59 57 51 51 51 51 51 51 51 51 51 51 51 51 51 51 32 16 9 1 1 1 1 1 1 1 1 1 1 1 1 1 1 1 1 1 1 1 1 1 1 1 0 0 0 0 
61 61 61 59 59 57 57 57 56 51 51 51 51 51 51 51 51 51 51 51 51 51 50 48 36 19 17 14 12 12 7 2 2 2 2 2 2 2 2 2 2 2 2 2 2 1 1 1 1 1 
59 58 57 56 56 55 55 54 54 54 54 54 50 50 50 50 50 50 50 50 50 50 41 38 17 7 6 5 1 1 1 1 1 1 1 1 1 1 1 1 1 1 1 1 1 1 0 0 0 0 
58 58 58 58 58 56 56 55 55 55 54 50 50 50 50 50 50 50 50 50 47 46 43 43 43 35 9 7 0 0 0 0 0 0 0 0 0 0 0 0 0 0 0 0 0 0 0 0 0 0 
64 64 62 56 54 54 54 53 53 53 53 53 53 53 53 53 50 50 47 45 43 43 42 42 40 22 4 3 3 2 2 2 2 2 2 2 2 2 2 2 2 2 2 2 2 2 0 0 0 0 
70 66 62 62 62 60 58 58 58 58 57 57 57 57 57 57 57 56 55 55 51 51 50 50 41 39 25 9 9 9 9 7 6 3 3 3 3 3 3 3 3 3 2 2 2 2 2 2 2 1 
67 67 67 67 67 63 58 57 54 53 53 53 53 53 53 53 52 51 51 51 51 51 51 50 50 35 8 7 6 4 4 3 3 3 1 1 1 1 1 1 1 1 1 0 0 0 0 0 0 0 
63 63 63 62 61 61 56 54 54 54 53 52 52 52 52 52 52 50 50 50 50 50 50 40 16 8 6 5 5 4 3 3 3 3 3 3 3 3 3 3 3 3 3 0 0 0 0 0 0 0 
59 58 57 53 53 52 52 52 52 52 52 50 50 50 50 49 49 9 9 8 8 8 8 7 7 7 7 4 4 3 3 3 3 3 3 3 3 3 3 2 2 2 2 2 1 1 1 1 1 1 
67 66 66 65 65 65 65 65 61 56 55 54 54 52 50 50 50 8 8 6 5 5 5 2 2 1 1 1 1 1 1 1 1 1 1 1 1 1 1 1 1 1 1 1 0 0 0 0 0 0 
68 68 66 66 66 66 66 66 66 64 62 60 57 53 53 51 50 50 50 49 48 40 14 8 6 4 4 4 2 2 2 2 2 2 2 2 2 2 2 1 1 1 1 1 1 1 1 1 1 1 
63 63 62 59 59 59 59 59 59 59 58 58 56 50 50 50 50 50 47 47 38 26 16 7 7 5 3 3 3 3 3 3 3 3 3 3 3 3 3 3 2 2 2 2 2 2 2 2 1 1 
63 63 63 61 61 60 60 59 59 59 59 59 59 59 58 57 48 46 39 36 31 30 13 12 9 9 3 0 0 0 0 0 0 0 0 0 0 0 0 0 0 0 0 0 0 0 0 0 0 0 
63 63 63 61 61 61 61 60 59 59 56 56 56 56 56 50 48 43 42 41 35 32 30 22 15 15 14 11 10 10 7 7 7 1 1 1 1 1 1 1 1 1 1 1 1 1 1 0 0 0 
71 70 69 67 65 64 64 64 64 63 63 63 63 63 63 63 63 63 61 58 57 40 39 29 27 19 16 12 12 11 5 5 4 4 2 2 2 2 2 2 2 2 2 2 2 2 2 2 1 1 
80 74 74 73 72 72 72 72 71 71 71 70 68 68 67 67 66 66 65 57 56 55 43 17 16 16 9 5 5 4 0 0 0 0 0 0 0 0 0 0 0 0 0 0 0 0 0 0 0 0 
71 68 66 66 65 64 63 63 63 62 61 61 60 60 60 59 59 57 56 53 51 47 45 45 42 41 37 30 22 21 17 16 11 9 8 4 4 4 4 4 4 4 4 4 4 4 4 3 1 1 
77 76 76 74 74 73 72 71 71 70 70 69 69 67 66 66 66 62 60 58 57 56 54 43 41 38 35 35 29 26 23 22 14 12 11 11 10 5 5 5 5 5 5 5 5 5 5 5 2 2 
76 74 73 72 70 70 68 67 67 67 67 66 65 64 64 62 61 58 57 55 50 48 44 21 9 9 7 6 4 4 2 2 2 2 2 2 2 2 2 2 2 2 2 0 0 0 0 0 0 0 
79 78 77 76 74 73 71 69 69 68 67 66 65 62 61 58 45 33 30 30 27 21 17 6 5 5 5 2 1 1 1 1 1 1 1 1 1 1 1 1 1 1 1 1 1 0 0 0 0 0 
76 74 71 70 69 68 68 66 65 63 63 60 58 57 55 52 51 45 41 41 33 32 30 29 29 24 13 9 9 9 8 5 4 3 3 3 3 3 3 3 3 3 3 3 2 2 2 1 1 1 
83 80 76 76 76 74 73 72 72 71 70 67 67 65 63 62 56 55 54 53 50 47 43 37 34 34 31 28 28 26 9 5 5 4 4 4 2 2 2 2 2 2 2 2 2 2 1 1 1 1 
75 73 72 72 72 72 72 71 70 69 69 69 69 68 67 65 63 61 60 57 55 55 51 50 45 43 38 36 36 32 21 20 18 14 10 10 8 3 3 3 3 3 1 0 0 0 0 0 0 0 
85 80 79 78 76 75 74 74 74 73 72 72 72 71 70 69 66 60 59 55 51 49 45 41 39 39 32 31 30 30 30 29 26 26 24 22 22 15 9 2 2 1 1 1 1 1 1 1 1 1 
85 83 81 81 79 78 77 77 74 71 62 61 58 56 36 34 31 30 28 28 27 26 26 22 15 14 6 6 6 6 6 6 6 5 5 0 0 0 0 0 0 0 0 0 0 0 0 0 0 0 
78 76 75 74 72 70 67 67 65 63 63 59 55 54 51 50 50 49 41 36 31 29 25 22 8 7 6 5 4 4 4 4 4 4 2 2 2 2 2 2 2 2 2 0 0 0 0 0 0 0 
74 74 71 71 71 70 70 70 68 65 65 64 63 62 59 58 57 55 49 45 41 41 34 29 24 23 23 21 19 18 8 8 7 6 5 3 3 2 2 2 2 2 2 2 2 2 2 2 2 0 
78 76 76 76 75 72 72 72 71 70 70 69 64 63 63 55 47 47 46 40 40 36 35 34 33 29 26 14 5 4 4 4 4 4 3 3 3 3 0 0 0 0 0 0 0 0 0 0 0 0 
77 76 74 73 73 72 71 70 69 68 68 66 61 52 52 51 39 36 36 34 34 20 9 7 7 7 7 7 7 5 5 5 5 5 5 5 5 5 5 5 5 5 3 3 3 2 2 2 2 2 
76 75 75 74 71 70 69 69 69 68 64 62 60 55 55 53 42 35 34 33 33 32 32 22 18 12 10 7 7 6 4 3 3 3 3 3 2 1 1 1 1 1 1 1 1 1 1 1 1 0 
80 75 74 72 70 70 69 67 66 65 61 60 56 47 47 47 46 31 28 26 25 18 10 6 6 6 6 5 5 5 5 5 5 5 5 5 5 5 1 1 1 1 1 1 1 1 1 1 0 0 
82 78 76 75 74 73 73 73 71 70 70 69 69 66 66 65 64 43 42 37 18 8 8 7 7 7 7 6 6 6 6 6 6 3 3 3 3 3 3 3 2 2 2 2 2 2 1 1 1 1 
74 72 72 69 69 69 68 68 68 68 67 66 58 56 53 50 49 47 36 26 15 12 10 8 7 6 5 5 5 5 5 0 0 0 0 0 0 0 0 0 0 0 0 0 0 0 0 0 0 0 
80 79 77 76 76 74 73 72 72 71 71 69 67 65 64 64 62 59 56 55 54 54 53 53 52 52 47 44 44 42 20 10 8 4 4 4 4 0 0 0 0 0 0 0 0 0 0 0 0 0 
78 76 75 75 73 72 71 71 70 69 69 68 66 64 63 57 55 51 51 46 46 45 44 36 32 16 7 5 3 3 3 2 2 2 2 0 0 0 0 0 0 0 0 0 0 0 0 0 0 0 
83 82 80 80 80 76 75 74 73 73 70 66 65 64 63 63 60 58 50 50 50 45 39 33 30 27 23 17 16 11 7 6 6 6 6 6 6 6 6 6 6 6 6 6 6 6 2 2 2 2 
81 75 75 75 75 74 74 73 73 70 69 67 67 66 64 59 59 53 52 50 46 46 36 33 27 25 20 12 12 10 7 7 6 6 6 6 5 5 5 5 4 4 4 4 4 4 4 4 2 2 
82 77 76 76 76 75 74 74 73 72 71 71 69 69 68 62 60 56 47 46 45 37 34 31 30 26 23 22 13 13 13 7 7 7 7 7 6 5 5 3 2 2 2 2 2 2 2 2 2 2 
