0.4921875 0.671875 0.0546875 0.890625 1.0 0.9921875 0.546875 0.40625 0.8046875 0.6953125 
0.0546875 0.0546875 1.0 0.9921875 0.015625 0.890625 0.9609375 0.046875 0.9140625 0.984375 
0.875 0.2265625 0.796875 0.8203125 0.90625 0.0546875 0.078125 0.25 0.0546875 1.0 
0.875 0.8671875 0.7578125 0.6953125 0.2265625 0.0546875 0.078125 0.25 0.0625 0.0546875 
0.5078125 0.921875 0.7578125 0.0546875 0.078125 0.25 0.0625 0.0546875 0.109375 0.1015625 
0.5078125 0.7578125 0.0546875 0.078125 0.25 0.0625 0.0546875 0.109375 0.1015625 0.25 
0.5078125 0.4453125 0.4453125 0.7578125 0.0546875 0.078125 0.25 0.0625 0.0546875 0.109375 
0.5078125 0.5 0.7578125 0.4453125 0.4453125 0.0546875 0.078125 0.25 0.0625 0.0546875 
0.5078125 0.5234375 0.5 0.5 0.5078125 0.7578125 0.4453125 0.4453125 0.0546875 0.078125 
0.5078125 0.5234375 0.5234375 0.5234375 0.5 0.5 0.484375 0.5078125 0.7578125 0.4453125 
0.5 0.5 0.5234375 0.5234375 0.5234375 0.5078125 0.5078125 0.5625 0.515625 0.484375 
0.5234375 0.5234375 0.5234375 0.5078125 0.5 0.5 0.4765625 0.484375 0.5078125 0.515625 
0.5078125 0.5234375 0.5234375 0.5234375 0.5078125 0.5234375 0.5 0.5 0.4765625 0.4765625 
0.5078125 0.5234375 0.46875 0.5078125 0.5234375 0.5234375 0.5234375 0.5234375 0.5 0.5 
0.5078125 0.46875 0.5 0.5 0.5078125 0.5234375 0.5234375 0.5234375 0.5234375 0.5234375 
0.46875 0.5078125 0.53125 0.5 0.5078125 0.5234375 0.5234375 0.5234375 0.5234375 0.5234375 
0.5078125 0.5 0.5 0.46875 0.46875 0.4765625 0.5078125 0.5234375 0.5234375 0.5234375 
0.5078125 0.4765625 0.5078125 0.5 0.5 0.46875 0.46875 0.5234375 0.5234375 0.5234375 
0.5078125 0.5234375 0.5234375 0.5234375 0.5390625 0.5 0.5 0.5078125 0.4765625 0.46875 
0.5078125 0.5390625 0.5 0.5 0.5078125 0.515625 0.5 0.5 0.5078125 0.5234375 
0.5703125 0.5078125 0.4765625 0.5 0.5 0.515625 0.5 0.5 0.515625 0.5078125 
0.4765625 0.5078125 0.5 0.5 0.5 0.5 0.5 0.5703125 0.515625 0.4921875 
0.5078125 0.5 0.5 0.5 0.5 0.5 0.484375 0.515625 0.4921875 0.5 
0.5078125 0.53125 0.5 0.5 0.5 0.5 0.5 0.484375 0.515625 0.4921875 
0.5078125 0.5 0.5 0.5 0.5 0.5 0.4921875 0.5078125 0.5234375 0.484375 
0.5078125 0.5078125 0.5 0.5 0.5 0.5 0.5 0.5 0.5 0.5 
0.5078125 0.5078125 0.5078125 0.5 0.5 0.5 0.5 0.5 0.5 0.5 
0.5078125 0.5078125 0.5 0.5 0.5 0.5 0.5 0.5 0.5 0.4921875 
0.5078125 0.4921875 0.5078125 0.5 0.5 0.5 0.5 0.5 0.5 0.5 
0.5078125 0.5078125 0.5 0.5 0.5 0.5 0.5 0.5 0.5 0.4921875 
0.4921875 0.5234375 0.5078125 0.5078125 0.5 0.5 0.5 0.5 0.5 0.5 
0.4921875 0.515625 0.5234375 0.5078125 0.5078125 0.5 0.5 0.5 0.5 0.5 
0.4921875 0.5078125 0.5 0.4921875 0.515625 0.5234375 0.5078125 0.5 0.5 0.5 
0.53125 0.4921875 0.5234375 0.5078125 0.5 0.5 0.5 0.484375 0.5078125 0.5078125 
0.53125 0.53125 0.4921875 0.5234375 0.5078125 0.5 0.5 0.5 0.5078125 0.5078125 
0.5 0.53125 0.53125 0.515625 0.4921875 0.5234375 0.5078125 0.5 0.5 0.5 
0.53125 0.53125 0.5078125 0.5078125 0.5 0.5 0.4921875 0.5 0.5 0.5 
0.5078125 0.5078125 0.53125 0.53125 0.4921875 0.53125 0.4921875 0.5 0.5 0.5 
0.53125 0.53125 0.53125 0.5078125 0.5078125 0.4921875 0.4921875 0.5078125 0.5 0.5 
0.53125 0.53125 0.5234375 0.53125 0.4921875 0.5 0.5 0.5078125 0.5078125 0.5078125 
0.5234375 0.5234375 0.53125 0.53125 0.53125 0.53125 0.53125 0.5 0.5 0.5078125 
0.5 0.5 0.5078125 0.5234375 0.5234375 0.5234375 0.53125 0.53125 0.5234375 0.53125 
0.5 0.5 0.5078125 0.5234375 0.53125 0.53125 0.53125 0.5234375 0.5234375 0.5234375 
0.5078125 0.5078125 0.5234375 0.53125 0.53125 0.53125 0.5234375 0.5234375 0.5234375 0.5 
0.5234375 0.5078125 0.53125 0.53125 0.53125 0.5 0.5390625 0.5390625 0.5078125 0.5234375 
0.5234375 0.5234375 0.5 0.5078125 0.53125 0.53125 0.53125 0.5390625 0.5390625 0.5 
0.5 0.5234375 0.5 0.5078125 0.5 0.5234375 0.5 0.5390625 0.5390625 0.5234375 
0.5234375 0.5234375 0.5234375 0.5390625 0.5390625 0.5 0.5234375 0.5 0.5078125 0.5 
0.5234375 0.5234375 0.5234375 0.5390625 0.5390625 0.5 0.5234375 0.5 0.5234375 0.5078125 
0.515625 0.5234375 0.5234375 0.5234375 0.5390625 0.5390625 0.5 0.5234375 0.5 0.5234375 
