% Invoked: ./gella -d -r 3 -l biased_r3/run48 >& biased_r3/run48.log
% Ministry of Cellular Automata
% Project Deux (CS523 Spring 2015)
% Version:v0.1-70-g0624-dirty
%  pop:50
%  ic count:100
%  CA Log option:biased_r3/run48
%  width:121
%  max workers:4
%  radius:3
%  iterations:300
%  use bias:true
%  generations:50

 generation 0.15.4.2.2.9.2.4.2.52.4.2.2.4.2.50.50.2.2.50.4.50.2.4.2.4.2.3.50.50.2.2.2.2.4.2.50.4.4.2.2.2.2.29.50.2.2.2.2.2.50.xover.mutate.done 50
 generation 1.50.50.50.50.50.50.50.50.50.50.0.0.11.1.0.0.23.51.0.61.6.50.50.50.0.1.1.0.1.1.5.1.36.1.50.1.50.50.1.50.1.1.47.1.0.0.1.1.50.50.xover.mutate.done 50
 generation 2.74.52.50.50.50.50.50.50.50.50.33.50.50.16.50.12.50.50.0.2.2.50.2.39.0.0.50.10.2.7.2.8.2.2.2.2.53.50.2.2.50.2.50.2.50.50.50.50.2.2.xover.mutate.done 50
 generation 3.48.46.51.50.50.50.50.50.50.50.1.1.3.50.50.1.0.50.1.32.50.50.0.50.1.1.26.54.1.35.26.50.50.1.50.50.1.1.51.50.11.0.1.1.1.50.6.1.50.1.xover.mutate.done 50
 generation 4.54.51.51.51.50.50.50.50.50.50.1.1.65.50.50.1.2.51.51.1.11.50.2.51.2.1.51.9.2.50.1.51.51.51.1.1.2.40.51.50.51.2.51.2.51.35.2.21.1.2.xover.mutate.done 50
 generation 5.68.55.51.51.50.50.50.50.51.51.1.1.1.0.50.51.1.51.1.1.51.1.0.1.50.1.50.50.40.51.1.1.0.50.2.1.0.5.1.1.1.1.1.1.1.50.0.3.50.50.xover.mutate.done 50
 generation 6.69.57.50.50.50.50.50.50.50.50.51.50.23.1.1.1.50.51.1.1.10.1.8.1.10.1.0.1.50.0.50.1.45.1.1.1.14.0.0.1.1.51.50.1.0.1.1.59.1.0.xover.mutate.done 50
 generation 7.54.43.54.50.50.50.52.52.52.52.2.2.0.2.2.52.52.2.52.2.2.2.2.50.0.50.2.2.5.52.0.2.4.2.2.2.2.50.52.52.0.50.52.2.52.2.52.52.2.52.xover.mutate.done 50
 generation 8.68.57.50.50.50.50.50.50.50.50.50.0.50.0.1.50.0.58.0.0.0.50.50.0.0.66.50.13.50.0.50.50.0.50.0.0.0.50.50.50.14.0.0.26.13.50.0.50.50.0.xover.mutate.done 50
 generation 9.65.66.59.58.52.52.52.52.52.52.2.2.2.9.2.52.2.0.51.2.2.12.2.2.2.52.2.20.2.43.2.2.2.50.0.2.52.23.2.2.2.14.9.0.2.52.50.4.2.2.xover.mutate.done 50
 generation 10.65.70.54.53.50.50.50.50.50.50.2.2.2.50.50.2.50.2.2.50.12.0.2.2.17.50.2.18.19.2.50.50.15.5.2.0.21.0.2.2.2.13.2.2.2.2.50.2.37.0.xover.mutate.done 50
 generation 11.70.71.58.58.50.50.50.50.50.50.1.50.1.0.50.0.1.1.58.1.50.50.1.0.50.1.1.1.1.12.1.0.1.1.50.1.1.50.50.1.0.1.15.1.1.1.1.16.1.1.xover.mutate.done 50
 generation 12.67.68.60.59.57.51.51.51.51.51.1.16.1.0.51.51.9.51.51.1.51.1.1.0.1.1.1.1.1.51.0.1.1.1.1.1.1.0.1.62.51.51.1.1.51.1.1.32.1.1.xover.mutate.done 50
 generation 13.51.56.48.61.61.57.51.51.51.51.2.51.17.2.19.2.2.12.2.59.2.2.1.51.2.1.2.59.14.7.51.2.51.51.1.2.50.36.51.2.1.2.51.57.61.12.1.57.51.2.xover.mutate.done 50
 generation 14.56.55.56.54.54.54.58.54.59.57.1.7.50.50.50.55.1.1.38.1.1.1.0.0.41.1.6.54.0.1.1.1.5.1.1.50.17.50.0.1.50.1.1.50.50.50.50.1.1.1.xover.mutate.done 50
 generation 15.58.55.56.58.58.58.58.55.56.54.50.43.0.50.0.7.0.0.0.0.0.50.47.0.0.0.0.0.0.43.0.0.46.0.0.0.9.0.50.0.43.50.50.50.55.50.0.0.35.50.xover.mutate.done 50
 generation 16.64.54.54.53.53.64.53.62.53.53.2.53.3.2.53.0.2.50.56.43.42.22.2.0.53.2.2.43.3.40.2.0.2.2.0.4.2.45.50.2.42.2.2.2.2.54.53.47.2.2.xover.mutate.done 50
 generation 17.66.70.62.60.58.58.56.57.57.55.9.3.2.2.3.2.58.57.3.51.3.3.25.7.55.2.58.2.57.3.1.2.41.57.57.3.9.50.51.62.50.3.39.6.62.9.9.3.2.57.xover.mutate.done 50
 generation 18.63.67.67.67.67.58.53.53.53.53.53.54.51.1.52.4.3.0.0.51.53.0.0.51.1.4.53.0.1.6.0.3.50.8.1.3.51.7.1.67.0.51.1.50.57.1.35.1.1.51.xover.mutate.done 50
 generation 19.61.63.63.63.61.62.54.56.52.53.8.3.5.0.3.50.52.52.50.5.0.3.50.3.3.4.52.0.3.54.54.0.50.50.3.3.3.40.52.3.52.3.0.6.0.3.50.0.16.3.xover.mutate.done 50
 generation 20.52.52.52.52.53.53.50.59.49.49.7.52.3.3.4.3.3.1.50.50.2.8.2.7.2.52.1.1.3.7.3.3.1.9.8.58.50.8.57.3.4.1.2.8.3.2.3.1.9.7.xover.mutate.done 50
 generation 21.56.55.52.66.66.65.65.65.61.50.0.1.1.1.54.0.54.1.5.65.67.1.1.1.0.5.1.0.1.2.1.1.0.65.1.1.50.0.5.6.1.8.1.1.50.8.2.1.1.1.xover.mutate.done 50
 generation 22.62.66.66.66.66.66.66.66.68.57.1.64.60.68.48.2.50.1.1.2.2.14.2.2.1.49.8.6.2.40.4.2.2.1.50.1.1.50.4.1.1.2.51.53.2.4.53.1.2.1.xover.mutate.done 50
 generation 23.59.58.63.63.59.59.59.59.59.62.5.3.3.2.2.3.3.3.3.2.1.3.3.3.50.2.58.1.59.50.3.38.3.26.50.2.47.2.50.3.50.7.47.2.7.3.2.56.3.16.xover.mutate.done 50
 generation 24.63.63.59.63.59.59.59.59.59.59.9.3.0.0.0.9.0.0.60.0.31.36.12.0.0.48.46.0.58.57.61.0.0.0.0.60.0.0.0.39.0.0.0.0.30.13.0.0.61.0.xover.mutate.done 50
 generation 25.59.59.63.61.56.60.61.63.61.61.30.10.1.11.1.56.1.56.7.1.1.0.1.15.63.15.41.0.0.7.56.7.56.50.1.1.10.1.14.43.1.35.1.1.1.1.22.42.48.32.xover.mutate.done 50
 generation 26.69.65.63.63.61.63.63.67.64.64.2.63.2.63.2.2.4.63.4.27.2.16.2.12.40.2.2.12.29.2.70.2.64.2.63.39.57.2.1.58.63.2.19.1.11.71.2.5.64.5.xover.mutate.done 50
 generation 27.74.74.73.67.66.72.72.71.72.71.0.0.16.0.0.70.0.66.0.68.0.9.16.43.71.65.72.57.0.0.67.68.56.0.0.17.55.80.5.0.0.0.0.0.0.5.0.0.4.0.xover.mutate.done 50
 generation 28.63.63.68.60.59.59.60.61.60.66.63.4.30.4.4.4.56.9.41.62.42.11.71.17.1.1.45.3.57.4.47.51.4.4.4.16.4.8.53.61.22.4.64.37.45.4.66.21.65.4.xover.mutate.done 50
 generation 29.76.74.71.73.69.57.77.76.72.66.70.2.67.22.43.60.5.5.2.5.12.23.71.74.10.35.38.5.66.11.56.5.66.29.62.35.5.5.70.26.69.5.54.11.14.5.5.5.41.58.xover.mutate.done 50
 generation 30.70.73.65.64.62.67.66.67.72.58.2.0.2.9.6.64.44.2.2.67.67.2.2.9.2.4.2.0.0.61.4.2.70.48.76.2.74.7.2.50.2.0.2.21.0.0.68.55.0.57.xover.mutate.done 50
 generation 31.79.77.76.68.74.69.73.66.65.67.1.78.1.1.5.1.0.45.0.61.30.2.62.1.33.5.1.1.1.1.0.21.1.1.27.30.1.0.6.17.0.71.1.69.1.1.1.58.1.5.xover.mutate.done 50
 generation 32.76.70.74.66.65.63.68.68.60.69.5.3.3.9.45.2.29.3.9.2.9.3.41.33.3.29.3.2.1.3.3.3.71.13.1.24.55.4.3.30.52.32.63.3.58.8.41.1.51.57.xover.mutate.done 50
 generation 33.83.80.76.76.73.72.63.71.74.67.2.2.67.70.5.53.47.4.34.34.2.43.4.9.1.2.2.4.31.2.72.62.1.2.54.26.65.28.76.1.2.28.2.5.2.55.56.50.37.1.xover.mutate.done 50
 generation 34.75.72.72.72.73.67.69.69.69.72.1.10.57.65.0.43.32.3.55.63.0.3.0.70.55.21.20.0.36.8.50.51.3.72.0.68.14.38.61.45.3.60.36.3.69.0.18.71.0.10.xover.mutate.done 50
 generation 35.78.76.80.72.79.70.85.74.75.74.1.41.55.39.29.73.72.1.71.66.30.9.1.22.1.1.22.59.1.30.26.69.39.74.30.1.72.32.1.60.31.51.45.15.24.1.26.49.2.2.xover.mutate.done 50
 generation 36.85.83.81.81.79.78.77.71.77.74.26.0.0.58.0.0.0.0.27.31.0.14.6.30.61.34.6.26.22.0.0.6.62.36.0.0.0.6.15.5.56.0.6.0.5.0.28.6.28.6.xover.mutate.done 50
 generation 37.78.74.72.76.75.70.63.63.67.67.6.31.0.55.0.0.5.4.4.2.8.25.0.2.59.41.4.2.0.50.2.29.22.2.2.2.54.4.2.49.65.0.4.0.7.36.51.50.2.4.xover.mutate.done 50
 generation 38.68.71.74.64.71.74.58.63.65.65.0.29.2.57.8.2.8.45.24.2.59.2.2.70.71.70.7.2.62.2.23.2.21.23.49.2.55.3.70.2.19.6.41.2.34.3.5.2.41.18.xover.mutate.done 50
 generation 39.70.72.75.70.69.76.72.78.76.76.40.71.40.63.4.47.0.29.0.0.34.0.0.64.35.26.14.0.4.47.0.0.0.0.33.46.55.5.4.0.4.3.63.3.3.0.4.36.72.3.xover.mutate.done 50
 generation 40.73.70.76.72.77.74.68.69.52.73.66.51.5.2.20.5.3.7.5.2.5.5.34.5.36.2.71.39.3.2.5.7.61.36.7.52.5.7.2.3.5.5.9.7.34.7.5.5.68.5.xover.mutate.done 50
 generation 41.75.76.69.71.74.69.70.75.69.68.3.42.34.1.1.18.62.1.1.7.55.10.12.33.2.55.33.4.1.3.3.22.35.0.3.1.53.64.1.1.6.3.1.1.1.7.32.1.60.32.xover.mutate.done 50
 generation 42.80.74.70.70.75.66.69.61.65.72.56.47.1.1.5.1.6.28.5.67.46.18.47.1.5.47.5.5.1.5.5.0.1.5.26.5.10.5.1.6.6.60.5.1.6.31.1.1.25.0.xover.mutate.done 50
 generation 43.76.82.73.73.70.73.75.74.69.78.3.3.18.1.43.6.71.6.66.3.37.6.3.2.69.1.2.7.2.6.8.65.64.66.6.2.8.6.7.1.42.3.3.1.3.2.2.7.70.7.xover.mutate.done 50
 generation 44.74.68.69.69.58.72.68.68.72.68.0.0.0.7.8.47.53.0.0.26.0.5.0.36.0.0.10.6.56.0.49.0.5.67.69.5.0.0.0.0.0.12.0.5.0.5.0.66.50.15.xover.mutate.done 50
 generation 45.73.77.80.79.72.76.67.76.69.71.0.44.56.53.0.72.4.0.47.42.20.64.0.54.52.4.0.0.4.0.53.59.74.65.0.54.55.8.62.44.0.4.52.71.64.0.0.0.10.0.xover.mutate.done 50
 generation 46.70.73.72.68.75.69.78.75.63.76.0.0.0.0.36.0.51.64.46.7.16.44.3.55.0.69.2.0.3.2.0.32.0.3.46.0.66.45.0.2.0.2.0.71.51.5.57.0.71.0.xover.mutate.done 50
 generation 47.82.83.75.80.80.80.63.73.76.65.6.6.6.6.6.6.50.66.63.6.6.33.27.7.2.11.6.6.2.45.60.64.23.58.50.70.6.30.50.16.6.73.17.74.2.6.6.6.2.39.xover.mutate.done 50
 generation 48.73.81.70.75.74.75.75.73.66.74.5.20.5.4.5.7.67.53.10.33.59.50.6.4.46.6.4.4.4.36.5.59.6.64.6.67.75.12.4.12.2.25.4.4.46.27.7.52.2.69.xover.mutate.done 50
 generation 49.72.82.76.76.69.77.71.74.68.74.30.6.2.69.3.22.5.5.56.60.34.7.2.73.71.37.2.45.13.76.2.2.13.23.31.26.2.7.13.2.2.2.7.75.7.62.7.2.47.46.xover.mutate.done 50
 61109067 iters     737835 iter/sec (82.82 s)
 total time: 82.82
