0.859375 0.1796875 0.6015625 0.71875 0.2734375 0.7578125 0.4765625 0.7109375 0.734375 0.3125 
0.734375 0.796875 0.859375 0.9453125 0.0390625 0.96875 0.96875 0.1796875 0.140625 0.0625 
0.734375 0.796875 0.8515625 0.859375 0.9453125 0.0390625 0.96875 0.96875 0.1796875 0.140625 
0.3828125 0.5703125 0.734375 0.796875 0.8515625 0.78125 0.6640625 0.859375 0.9453125 0.0390625 
0.3828125 0.3984375 0.5703125 0.421875 0.0859375 0.4140625 0.1953125 0.734375 0.796875 0.8515625 
0.4375 0.3828125 0.3984375 0.5703125 0.421875 0.0859375 0.4140625 0.1953125 0.734375 0.796875 
0.4375 0.4375 0.3828125 0.3984375 0.5703125 0.734375 0.796875 0.734375 0.421875 0.0859375 
0.4765625 0.4375 0.4375 0.453125 0.3828125 0.3984375 0.3828125 0.5703125 0.734375 0.796875 
0.453125 0.4765625 0.4375 0.4375 0.421875 0.3828125 0.3984375 0.3828125 0.46875 0.5703125 
0.4375 0.453125 0.4765625 0.4375 0.421875 0.3828125 0.3984375 0.3828125 0.46875 0.40625 
0.4765625 0.4375 0.453125 0.4375 0.421875 0.4375 0.3828125 0.3984375 0.390625 0.3828125 
0.4765625 0.4375 0.453125 0.4375 0.4375 0.421875 0.3828125 0.4375 0.421875 0.3984375 
0.453125 0.4375 0.4375 0.4765625 0.4375 0.421875 0.4375 0.3828125 0.4375 0.3984375 
0.4765625 0.453125 0.4375 0.4375 0.4375 0.421875 0.4375 0.4375 0.421875 0.3828125 
0.4765625 0.453125 0.4375 0.4375 0.4375 0.421875 0.421875 0.4375 0.3828125 0.4375 
0.4765625 0.4375 0.453125 0.4375 0.4375 0.421875 0.421875 0.4375 0.3828125 0.4375 
0.4765625 0.453125 0.4375 0.4375 0.4375 0.421875 0.4609375 0.4375 0.3828125 0.421875 
0.453125 0.4765625 0.4375 0.4296875 0.4375 0.453125 0.4375 0.4375 0.421875 0.4609375 
0.46875 0.4609375 0.4765625 0.453125 0.453125 0.4375 0.4609375 0.4375 0.4296875 0.4375 
0.46875 0.4765625 0.5 0.4375 0.4609375 0.4375 0.4375 0.453125 0.453125 0.4296875 
0.46875 0.4453125 0.4765625 0.4609375 0.5 0.453125 0.4375 0.4375 0.4375 0.4296875 
0.46875 0.4453125 0.453125 0.4375 0.4375 0.4609375 0.4765625 0.4375 0.5 0.4296875 
0.46875 0.4609375 0.484375 0.53125 0.4921875 0.4765625 0.453125 0.4296875 0.4375 0.4375 
0.4609375 0.46875 0.4609375 0.53125 0.484375 0.4765625 0.4921875 0.453125 0.4375 0.4296875 
0.4609375 0.46875 0.4609375 0.484375 0.53125 0.5 0.4765625 0.4921875 0.4921875 0.453125 
0.46875 0.4609375 0.4609375 0.484375 0.53125 0.5 0.4921875 0.4921875 0.4765625 0.453125 
0.4609375 0.46875 0.53125 0.484375 0.4609375 0.46875 0.5 0.4921875 0.4765625 0.4921875 
0.4609375 0.46875 0.4609375 0.484375 0.53125 0.5 0.4921875 0.46875 0.4921875 0.5078125 
0.4609375 0.46875 0.4609375 0.5 0.53125 0.484375 0.484375 0.4921875 0.4765625 0.4921875 
0.4609375 0.46875 0.4609375 0.484375 0.4921875 0.484375 0.5 0.53125 0.4921875 0.4921875 
0.4609375 0.46875 0.4609375 0.4765625 0.484375 0.53125 0.4921875 0.5 0.4921875 0.484375 
0.4609375 0.46875 0.4609375 0.484375 0.4765625 0.5 0.484375 0.484375 0.5078125 0.53125 
0.4609375 0.46875 0.4609375 0.484375 0.484375 0.484375 0.5 0.46875 0.4765625 0.484375 
0.46875 0.4609375 0.4609375 0.484375 0.4765625 0.484375 0.484375 0.484375 0.5 0.46875 
0.4609375 0.4609375 0.484375 0.46875 0.484375 0.4765625 0.484375 0.46875 0.5 0.484375 
0.4609375 0.4609375 0.46875 0.4765625 0.484375 0.484375 0.46875 0.5 0.4609375 0.484375 
0.46875 0.4609375 0.484375 0.484375 0.5 0.4609375 0.4765625 0.484375 0.4921875 0.4765625 
0.46875 0.4609375 0.4921875 0.484375 0.5 0.4609375 0.4765625 0.4765625 0.4765625 0.5 
0.46875 0.4609375 0.4921875 0.4609375 0.484375 0.4765625 0.4765625 0.4765625 0.4765625 0.5 
0.4609375 0.4765625 0.46875 0.4609375 0.484375 0.4609375 0.4921875 0.5 0.4765625 0.4765625 
0.4609375 0.484375 0.4609375 0.46875 0.4765625 0.46875 0.4765625 0.4609375 0.4765625 0.4765625 
0.4609375 0.484375 0.46875 0.4765625 0.4609375 0.46875 0.4765625 0.4765625 0.4609375 0.5078125 
0.4609375 0.4921875 0.4609375 0.4765625 0.4765625 0.46875 0.4765625 0.484375 0.484375 0.46875 
0.4609375 0.46875 0.4921875 0.4765625 0.484375 0.4609375 0.4765625 0.4765625 0.4765625 0.484375 
0.4609375 0.4765625 0.4609375 0.4609375 0.484375 0.484375 0.46875 0.4921875 0.5078125 0.4765625 
0.4609375 0.46875 0.4921875 0.4609375 0.4765625 0.4609375 0.484375 0.484375 0.4765625 0.4765625 
0.4609375 0.46875 0.4765625 0.4921875 0.4609375 0.4765625 0.4765625 0.4609375 0.484375 0.484375 
0.4765625 0.4921875 0.4609375 0.46875 0.484375 0.46875 0.4609375 0.4765625 0.4765625 0.484375 
0.46875 0.46875 0.4921875 0.4765625 0.4609375 0.4765625 0.4765625 0.484375 0.4609375 0.484375 
0.4609375 0.46875 0.4921875 0.46875 0.4765625 0.4609375 0.4765625 0.484375 0.4765625 0.4765625 
