% Invoked: ./gella -d -r 3 -l biased_r3/run49 >& biased_r3/run49.log
% Ministry of Cellular Automata
% Project Deux (CS523 Spring 2015)
% Version:v0.1-70-g0624-dirty
%  pop:50
%  ic count:100
%  CA Log option:biased_r3/run49
%  width:121
%  max workers:4
%  radius:3
%  iterations:300
%  use bias:true
%  generations:50

 generation 0.4.1.50.1.50.50.4.4.1.1.51.1.3.4.3.4.4.1.1.4.4.1.3.4.50.3.3.50.4.4.3.50.1.50.50.1.3.50.14.1.50.3.5.1.50.5.4.4.50.1.xover.mutate.done 50
 generation 1.51.50.50.50.50.50.50.50.50.50.53.3.33.52.55.30.3.1.1.1.51.50.1.19.51.18.20.1.1.45.3.2.2.50.15.2.3.50.3.50.3.33.1.3.50.7.14.52.52.50.xover.mutate.done 50
 generation 2.61.52.50.50.50.52.52.52.50.50.21.20.52.21.58.52.52.50.52.10.0.0.8.2.32.2.43.0.60.50.50.2.2.2.50.3.0.50.50.50.2.2.12.50.50.50.50.50.61.52.xover.mutate.done 50
 generation 3.49.49.52.48.46.51.51.51.51.51.4.51.4.50.50.51.50.90.49.1.1.4.53.4.1.4.21.50.6.4.4.51.4.4.4.8.3.1.3.51.4.50.51.1.4.50.3.4.18.4.xover.mutate.done 50
 generation 4.88.50.60.51.51.51.51.51.51.51.1.18.0.0.1.0.51.13.51.50.26.1.0.27.1.33.1.1.1.1.1.16.51.1.1.1.9.1.1.50.50.29.0.1.1.50.1.1.1.50.xover.mutate.done 50
 generation 5.87.58.50.50.50.50.50.50.50.50.50.1.11.0.21.50.0.0.0.0.0.0.0.0.64.0.50.0.50.0.12.0.0.0.50.50.50.0.0.1.0.50.0.0.0.50.0.50.26.64.xover.mutate.done 50
 generation 6.90.51.51.62.50.50.50.50.50.50.50.3.2.2.2.0.0.50.3.2.36.50.2.10.10.2.2.2.2.20.50.17.17.0.2.2.2.0.2.0.50.2.2.0.2.50.2.87.50.14.xover.mutate.done 50
 generation 7.95.93.60.59.59.50.50.50.50.50.0.26.0.0.0.6.50.8.38.0.0.0.50.44.50.0.32.14.0.50.0.0.0.0.0.93.50.2.94.0.1.0.1.50.23.0.0.73.0.0.xover.mutate.done 50
 generation 8.91.91.87.87.76.63.62.62.50.50.2.2.2.2.50.50.2.2.50.2.48.50.50.2.2.2.35.2.50.50.2.2.91.24.2.50.13.58.78.2.49.2.50.2.2.2.50.91.17.2.xover.mutate.done 50
 generation 9.89.90.90.90.92.92.73.78.60.62.24.49.76.25.51.2.2.2.77.44.50.2.1.2.51.33.50.51.51.2.26.51.50.11.2.1.36.62.49.50.51.51.1.62.51.51.1.51.2.2.xover.mutate.done 50
 generation 10.90.90.92.92.92.92.77.70.72.78.20.2.2.50.2.47.22.50.2.50.50.50.54.2.2.25.57.2.50.2.2.50.16.50.50.16.49.66.50.16.49.86.25.52.46.73.50.71.42.2.xover.mutate.done 50
 generation 11.94.94.94.94.92.92.91.78.82.79.63.50.78.41.50.26.17.59.0.0.21.10.66.50.45.58.27.9.50.7.20.22.50.8.21.95.91.27.92.87.50.47.59.87.7.47.24.93.50.38.xover.mutate.done 50
 generation 12.90.90.90.90.93.92.89.89.88.87.11.3.80.54.48.70.3.3.2.3.12.88.3.51.3.17.88.18.1.87.2.44.89.1.91.39.90.6.50.59.3.15.1.30.23.52.36.23.3.3.xover.mutate.done 50
 generation 13.94.90.92.91.91.91.91.91.92.92.17.11.67.49.2.31.50.72.46.53.2.52.2.50.18.63.15.50.52.25.29.2.10.47.32.36.53.47.91.75.54.25.52.87.47.2.52.78.2.4.xover.mutate.done 50
 generation 14.91.92.87.87.90.90.90.90.90.90.73.1.91.1.48.45.45.1.50.51.44.37.15.62.30.6.18.6.90.69.43.85.85.62.88.1.72.1.50.50.16.32.48.50.13.1.10.62.91.77.xover.mutate.done 50
 generation 15.91.89.86.92.90.90.90.90.90.90.17.17.4.62.21.2.48.52.4.31.11.82.47.4.85.49.52.92.52.4.90.50.51.54.93.50.86.52.91.91.2.69.4.2.12.49.28.84.67.4.xover.mutate.done 50
 generation 16.94.93.93.93.93.94.94.93.93.93.52.52.45.49.66.52.58.3.37.49.51.61.73.57.68.38.14.64.93.93.35.12.72.3.3.79.3.72.93.50.93.3.3.93.86.13.93.3.43.84.xover.mutate.done 50
 generation 17.96.92.93.94.94.91.91.95.95.95.4.10.77.51.44.4.52.58.60.56.4.4.50.56.8.4.50.95.86.4.59.80.70.51.55.12.90.53.58.51.62.46.51.53.78.73.24.6.53.66.xover.mutate.done 50
 generation 18.95.93.93.93.95.95.95.95.92.92.52.5.53.82.5.61.59.53.56.67.6.11.20.81.93.95.5.55.93.52.9.53.95.45.82.5.62.53.47.95.50.11.47.53.53.95.2.82.54.93.xover.mutate.done 50
 generation 19.89.88.90.90.88.90.90.90.92.89.83.91.42.2.24.56.52.89.52.2.52.52.2.79.41.2.52.56.50.20.0.2.52.88.56.0.60.66.90.32.89.12.59.56.28.95.44.50.59.52.xover.mutate.done 50
 generation 20.95.96.97.96.96.92.96.96.95.92.96.80.1.54.3.86.84.6.48.50.17.54.94.24.51.0.50.94.52.4.89.95.45.50.39.55.25.1.84.26.43.30.0.50.1.5.1.43.8.86.xover.mutate.done 50
 generation 21.94.96.96.96.96.96.96.93.95.95.92.63.24.55.5.90.3.3.3.44.51.6.27.49.90.56.24.3.38.51.93.48.78.50.92.22.48.3.39.95.96.52.6.51.95.51.49.52.51.12.xover.mutate.done 50
 generation 22.98.96.96.96.96.96.96.96.96.96.50.43.0.92.42.50.46.96.50.48.50.0.49.0.13.95.96.0.93.42.35.58.37.95.0.50.0.49.97.73.94.72.50.0.20.25.55.65.96.23.xover.mutate.done 50
 generation 23.93.90.92.92.92.92.92.91.91.92.50.86.1.42.18.54.51.49.1.51.45.90.32.51.51.5.9.1.49.73.91.48.92.9.51.92.50.14.1.50.57.1.47.49.90.50.1.31.6.72.xover.mutate.done 50
 generation 24.95.95.95.95.95.95.94.96.93.94.52.67.52.50.2.32.0.50.94.42.2.43.71.2.49.84.2.95.43.52.94.85.2.89.50.2.63.95.10.95.86.58.24.42.94.50.49.2.94.8.xover.mutate.done 50
 generation 25.93.93.93.93.93.93.93.93.93.93.47.50.40.0.0.33.69.0.50.0.46.23.92.50.59.0.93.50.0.50.0.0.82.93.54.50.50.28.4.50.53.0.48.95.50.0.12.68.85.88.xover.mutate.done 50
 generation 26.87.90.91.90.90.90.90.90.90.90.54.0.50.13.0.62.88.0.0.0.50.47.44.48.88.82.50.42.49.34.50.49.90.50.90.0.47.48.40.50.0.50.0.47.48.0.63.0.30.0.xover.mutate.done 50
 generation 27.90.92.90.90.90.90.90.90.90.92.49.13.50.0.0.49.50.50.0.50.86.50.50.59.70.9.0.50.50.52.84.49.23.49.23.50.89.50.50.70.50.11.10.0.62.0.9.50.48.50.xover.mutate.done 50
 generation 28.93.92.96.93.93.93.93.93.93.93.4.69.66.24.54.47.53.4.4.54.4.4.4.4.44.92.53.4.54.50.42.4.54.54.54.67.4.11.68.34.62.11.4.52.48.54.33.4.13.32.xover.mutate.done 50
 generation 29.91.91.91.91.91.91.91.91.91.92.24.7.15.90.50.45.51.51.51.51.8.89.2.49.39.51.69.48.22.48.51.51.51.2.50.92.91.51.50.51.48.2.51.2.73.34.22.7.39.91.xover.mutate.done 50
 generation 30.95.91.91.91.91.91.91.91.91.91.1.9.2.88.51.91.51.51.37.1.51.85.2.50.7.2.92.51.69.2.34.2.51.51.50.63.90.29.91.2.91.2.5.2.40.49.90.68.51.50.xover.mutate.done 50
 generation 31.93.91.91.91.93.91.91.91.91.91.91.49.49.50.50.50.49.18.62.63.50.90.49.50.0.49.44.47.15.32.93.49.77.65.84.6.49.2.75.49.93.67.32.83.49.50.50.0.49.0.xover.mutate.done 50
 generation 32.95.94.92.92.91.95.95.95.95.95.47.1.12.49.51.50.93.93.14.94.63.8.51.87.2.93.95.27.45.90.50.85.22.15.50.93.51.50.51.51.50.74.93.73.51.96.51.50.50.30.xover.mutate.done 50
 generation 33.99.98.98.98.98.98.98.95.98.98.12.51.38.52.52.2.2.99.62.52.57.2.52.47.92.2.67.49.47.2.2.51.50.0.96.48.50.96.30.91.94.44.52.2.0.21.52.2.2.9.xover.mutate.done 50
 generation 34.92.92.91.91.90.90.90.90.90.90.50.93.47.92.36.31.0.90.64.88.0.51.52.86.20.59.27.29.0.0.0.17.49.45.27.48.0.7.49.50.46.35.75.44.10.11.56.21.71.0.xover.mutate.done 50
 generation 35.92.97.97.90.92.90.90.91.91.91.28.95.64.0.49.29.50.50.25.15.50.43.33.49.50.86.66.50.2.24.38.94.50.0.95.56.50.54.50.24.43.50.0.0.51.50.91.48.46.36.xover.mutate.done 50
 generation 36.94.94.95.95.90.90.90.91.91.91.52.60.52.3.48.39.78.91.35.51.24.40.3.3.26.3.50.54.88.8.35.71.50.17.85.19.54.48.90.92.67.51.33.86.94.54.27.34.41.94.xover.mutate.done 50
 generation 37.92.92.94.94.91.94.91.90.90.90.4.50.3.4.53.4.40.53.50.53.51.91.40.3.53.19.12.51.27.53.50.49.50.51.79.4.87.53.70.53.53.70.48.53.10.3.77.4.84.49.xover.mutate.done 50
 generation 38.96.97.97.94.94.93.95.94.95.95.50.57.1.97.35.88.50.50.62.10.55.10.85.6.71.68.51.1.1.35.8.50.46.57.34.51.85.64.49.69.93.20.78.94.1.93.67.55.10.1.xover.mutate.done 50
 generation 39.95.95.98.96.91.95.95.95.95.90.49.94.69.50.45.90.3.51.95.50.1.51.48.51.51.40.3.96.20.98.12.56.71.3.97.3.50.51.3.50.95.65.79.94.74.95.50.90.51.93.xover.mutate.done 50
 generation 40.87.87.85.87.87.86.86.92.92.88.85.74.85.37.0.36.74.50.50.54.53.0.24.88.7.54.83.79.1.43.66.87.50.1.1.27.69.0.84.56.49.51.50.51.50.1.84.1.43.48.xover.mutate.done 50
 generation 41.95.95.95.94.93.93.94.94.93.93.61.44.21.63.39.40.92.36.59.51.32.73.44.7.50.94.1.11.50.51.49.58.33.7.71.32.30.30.27.44.1.9.49.41.87.53.1.1.13.46.xover.mutate.done 50
 generation 42.93.93.98.97.97.97.97.95.95.95.50.50.90.71.30.98.2.92.9.66.10.50.0.10.63.71.93.48.0.2.2.2.2.50.13.0.2.49.75.78.50.10.52.2.52.9.84.8.66.0.xover.mutate.done 50
 generation 43.94.95.96.95.95.95.94.94.93.95.50.50.50.46.50.2.50.50.53.52.19.95.17.95.57.44.51.2.50.16.7.21.5.7.2.50.41.48.65.74.94.16.7.2.94.72.88.5.50.27.xover.mutate.done 50
 generation 44.97.96.96.96.96.95.96.96.94.99.18.43.50.4.38.0.97.22.50.69.45.4.46.1.8.57.1.10.50.1.1.11.1.11.1.26.49.15.50.0.34.1.47.91.7.30.1.51.40.0.xover.mutate.done 50
 generation 45.90.89.90.90.87.87.87.88.88.92.64.44.0.66.48.22.0.26.88.28.1.0.32.12.0.0.23.11.1.59.0.0.50.50.6.89.0.42.0.90.7.21.83.0.0.22.0.0.47.45.xover.mutate.done 50
 generation 46.91.92.92.92.92.93.92.93.93.94.24.1.49.51.8.50.72.31.21.31.0.9.61.1.50.1.50.49.1.49.49.45.51.11.50.50.48.95.49.1.69.1.88.24.50.1.1.50.93.51.xover.mutate.done 50
 generation 47.92.91.89.91.91.91.90.88.89.90.1.1.35.35.40.89.48.6.1.47.11.1.15.50.56.47.16.9.32.41.72.50.69.4.47.41.50.57.22.51.88.12.37.26.73.47.1.50.92.51.xover.mutate.done 50
 generation 48.95.93.94.92.92.92.92.92.91.91.2.15.3.52.51.3.60.33.3.3.50.51.3.70.96.3.3.15.42.9.14.52.30.51.3.9.3.12.1.52.50.12.14.19.50.17.51.49.68.28.xover.mutate.done 50
 generation 49.91.92.92.93.93.93.91.93.92.93.24.54.1.22.8.1.67.60.3.30.9.24.78.1.7.1.1.15.76.88.1.1.87.10.1.14.1.50.50.10.50.10.1.84.1.35.61.24.15.10.xover.mutate.done 50
 33298960 iters     709890 iter/sec (46.91 s)
 total time: 46.91
