% Invoked: ./gella -d -r 3 -l biased_r3/run47 >& biased_r3/run47.log
% Ministry of Cellular Automata
% Project Deux (CS523 Spring 2015)
% Version:v0.1-70-g0624-dirty
%  pop:50
%  ic count:100
%  CA Log option:biased_r3/run47
%  width:121
%  max workers:4
%  radius:3
%  iterations:300
%  use bias:true
%  generations:50

 generation 0.0.0.2.2.50.0.2.18.11.2.50.5.2.52.2.50.0.2.0.2.50.0.2.2.2.50.50.0.2.2.50.0.2.50.0.2.2.52.2.50.0.0.50.2.0.50.0.0.2.2.xover.mutate.done 50
 generation 1.50.50.50.50.50.50.50.50.50.50.50.50.50.0.0.1.50.50.31.1.1.50.50.50.50.1.1.7.1.1.1.1.1.50.38.4.1.3.1.51.50.50.0.1.1.1.1.1.50.1.xover.mutate.done 50
 generation 2.51.50.50.50.50.50.50.50.50.50.51.50.50.2.1.50.1.1.1.36.50.1.1.50.1.50.1.50.1.7.1.2.1.50.1.50.50.50.0.50.1.50.50.50.50.50.1.50.1.50.xover.mutate.done 50
 generation 3.53.53.51.51.50.50.50.50.50.50.51.50.50.4.51.50.4.3.3.3.50.51.9.1.50.53.50.50.50.51.50.3.4.3.1.53.51.51.51.4.3.1.12.51.51.51.4.8.50.51.xover.mutate.done 50
 generation 4.50.50.50.50.52.52.52.52.52.52.2.52.2.52.52.50.52.4.52.52.2.2.52.52.52.2.2.2.52.2.2.2.2.34.2.2.52.0.2.52.2.2.2.52.50.52.52.52.10.52.xover.mutate.done 50
 generation 5.51.51.51.51.51.51.51.51.51.51.51.3.3.3.3.3.3.4.3.51.51.51.3.3.51.3.3.3.3.3.3.3.51.3.3.3.3.50.51.3.3.3.3.3.3.51.1.3.1.1.xover.mutate.done 50
 generation 6.51.51.51.51.51.51.51.51.51.51.51.50.44.51.41.51.38.51.51.51.11.1.1.50.1.1.51.51.50.1.51.12.1.51.7.19.50.51.51.0.51.1.1.51.50.1.51.1.51.1.xover.mutate.done 50
 generation 7.51.51.51.51.51.51.51.51.51.51.12.51.1.51.2.2.50.2.1.2.1.28.1.51.27.1.51.2.51.51.1.50.2.51.51.51.51.51.51.51.51.50.51.50.50.1.20.1.51.1.xover.mutate.done 50
 generation 8.51.51.51.51.51.51.51.51.51.51.1.15.51.51.51.2.29.3.51.3.51.51.51.3.1.3.15.3.51.51.51.51.51.3.18.41.51.1.51.51.17.51.51.3.51.51.3.50.3.51.xover.mutate.done 50
 generation 9.52.52.52.52.52.52.52.52.52.52.52.3.3.52.52.3.3.52.52.15.52.52.52.3.44.3.52.3.3.3.52.3.52.52.52.3.3.2.1.52.52.52.3.3.5.52.52.52.52.52.xover.mutate.done 50
 generation 10.52.52.52.52.52.52.52.52.52.52.2.52.30.2.52.52.52.49.2.14.2.15.52.2.52.52.52.52.2.52.52.2.52.2.2.26.2.10.52.2.50.52.52.52.2.2.52.2.52.2.xover.mutate.done 50
 generation 11.51.51.51.51.51.51.51.51.51.51.19.16.2.45.2.51.51.16.51.2.2.2.2.51.2.51.2.51.2.51.2.2.51.1.51.2.2.51.1.2.11.27.51.3.1.2.21.2.1.14.xover.mutate.done 50
 generation 12.50.50.50.50.50.50.50.50.50.50.50.0.0.0.0.0.50.0.50.18.13.0.50.0.50.0.0.50.0.0.0.40.50.50.50.0.13.33.50.50.42.0.0.50.0.0.0.0.0.0.xover.mutate.done 50
 generation 13.50.50.50.50.50.50.50.50.50.50.20.47.1.47.47.0.1.50.1.50.1.1.24.36.32.48.32.50.8.1.1.50.1.50.24.0.50.1.50.50.50.1.1.1.0.1.50.1.1.50.xover.mutate.done 50
 generation 14.50.50.50.50.50.50.50.50.50.50.1.1.50.1.1.1.1.1.1.1.50.1.1.50.50.24.50.33.50.1.50.1.50.6.1.50.12.50.50.1.1.50.1.1.1.50.50.1.1.50.xover.mutate.done 50
 generation 15.50.50.50.50.50.50.50.50.50.50.50.24.0.50.50.0.0.50.17.50.50.13.50.0.50.0.50.0.0.50.48.50.0.8.48.50.50.0.50.50.0.0.50.0.50.50.0.50.50.0.xover.mutate.done 50
 generation 16.52.52.52.52.52.52.52.52.52.52.10.3.49.6.4.52.50.18.8.52.52.3.50.52.18.52.3.52.40.3.3.3.3.3.3.2.50.3.33.22.18.3.3.52.52.3.3.52.17.18.xover.mutate.done 50
 generation 17.51.51.51.51.51.51.51.51.51.51.11.50.51.51.1.1.51.1.49.43.1.51.51.51.15.51.51.1.1.51.1.51.51.6.51.51.35.51.1.13.51.51.19.11.1.12.12.50.9.51.xover.mutate.done 50
 generation 18.51.51.51.51.51.51.51.51.51.51.51.18.51.51.1.51.18.51.51.51.51.51.9.2.51.21.31.8.51.51.51.51.51.35.51.51.51.51.51.11.13.2.2.2.51.50.2.50.51.9.xover.mutate.done 50
 generation 19.51.51.51.51.51.51.51.51.51.51.1.51.7.1.51.51.10.0.51.51.51.50.51.19.1.1.51.0.51.51.51.51.51.51.51.51.51.1.6.51.1.1.51.51.50.1.51.1.50.51.xover.mutate.done 50
 generation 20.50.50.50.50.50.50.50.50.50.50.13.0.50.50.50.20.50.50.50.0.16.50.50.18.0.0.0.0.50.8.50.13.0.50.50.0.50.0.0.0.50.46.50.50.50.50.0.0.24.50.xover.mutate.done 50
 generation 21.52.52.52.52.52.52.52.52.52.52.11.52.27.15.52.1.20.52.52.50.52.31.52.52.3.2.1.50.3.2.3.3.52.3.1.31.52.3.41.40.1.21.3.3.37.3.52.50.13.46.xover.mutate.done 50
 generation 22.50.50.50.50.50.50.50.50.50.50.50.19.50.50.7.20.50.50.3.50.21.50.50.50.50.3.50.50.50.3.50.50.50.50.50.3.44.3.3.50.16.3.18.0.50.50.3.3.3.17.xover.mutate.done 50
 generation 23.51.51.51.51.51.51.51.51.51.51.51.2.51.51.7.51.42.51.50.51.2.50.2.51.51.51.51.2.9.51.51.51.2.8.51.2.2.51.50.51.51.50.40.2.51.51.13.2.2.51.xover.mutate.done 50
 generation 24.50.50.50.50.50.50.50.50.50.50.1.1.26.50.50.50.50.1.1.0.1.10.50.1.18.50.50.1.1.1.50.8.1.50.46.50.50.50.1.50.1.50.1.50.50.50.50.50.50.50.xover.mutate.done 50
 generation 25.50.50.50.50.50.50.50.50.50.50.50.10.50.0.50.50.0.0.0.0.50.50.0.4.50.50.0.12.50.12.0.50.0.10.50.50.24.0.0.50.50.0.50.0.0.0.50.50.50.50.xover.mutate.done 50
 generation 26.50.50.50.50.50.50.50.50.50.50.41.50.26.50.50.50.50.8.49.10.0.50.14.15.49.50.50.0.50.50.50.0.0.49.13.0.19.50.50.0.9.37.50.15.19.8.0.0.0.0.xover.mutate.done 50
 generation 27.50.50.50.50.50.50.50.50.50.50.0.0.50.50.0.0.0.9.0.50.50.0.50.0.0.50.50.0.0.50.0.0.12.0.50.0.50.0.0.0.0.0.0.0.50.50.50.0.50.50.xover.mutate.done 50
 generation 28.50.50.50.50.50.50.50.50.50.50.3.50.3.3.50.0.50.50.3.20.50.50.50.49.3.0.50.3.50.50.3.3.50.3.50.0.50.50.50.50.50.50.3.17.50.50.3.3.3.50.xover.mutate.done 50
 generation 29.52.52.52.52.52.52.52.52.52.52.33.4.52.5.4.52.52.4.51.4.12.52.4.4.4.52.52.52.52.52.52.4.38.52.50.52.21.8.52.50.2.4.52.52.52.50.52.52.52.4.xover.mutate.done 50
 generation 30.50.50.50.50.50.50.50.50.50.50.2.2.50.50.2.50.2.50.2.2.2.2.50.50.2.16.22.2.2.50.2.50.50.2.2.38.50.50.17.2.50.2.50.2.50.50.2.16.2.0.xover.mutate.done 50
 generation 31.50.50.50.50.50.50.50.50.50.50.0.50.1.1.50.1.1.50.1.1.1.50.0.50.50.1.6.50.50.1.50.1.1.50.50.50.50.50.50.50.1.50.18.0.49.50.50.1.1.50.xover.mutate.done 50
 generation 32.52.52.52.52.52.52.52.52.52.52.2.27.52.13.52.32.52.52.2.2.2.2.52.52.52.52.50.2.2.52.2.2.52.50.52.52.52.2.52.52.14.2.52.2.11.2.2.2.2.2.xover.mutate.done 50
 generation 33.50.50.50.50.50.50.50.50.50.50.1.0.0.8.50.49.8.50.50.50.50.1.50.50.50.1.50.0.50.0.1.50.50.9.1.50.1.1.50.50.1.50.0.1.50.8.1.1.50.50.xover.mutate.done 50
 generation 34.50.50.50.50.50.50.50.50.50.50.50.15.50.1.50.1.50.2.50.50.50.50.50.50.0.50.1.50.50.13.1.2.50.1.2.50.50.13.50.9.0.50.2.50.50.50.1.2.50.50.xover.mutate.done 50
 generation 35.51.51.51.51.51.51.51.51.51.51.22.3.3.51.2.3.51.3.3.3.51.51.51.50.51.3.51.50.3.3.3.51.51.51.3.3.3.3.3.2.51.3.17.3.51.3.50.39.51.3.xover.mutate.done 50
 generation 36.50.50.50.50.50.50.50.50.50.50.1.50.1.1.1.0.50.50.50.50.50.50.50.1.1.1.0.50.50.50.50.1.1.50.1.5.50.1.1.1.6.1.11.13.1.50.50.48.1.50.xover.mutate.done 50
 generation 37.51.51.51.51.51.51.51.51.51.51.1.51.51.51.51.1.50.51.1.51.24.1.12.51.48.51.51.51.1.0.1.51.51.51.13.12.51.1.51.1.50.51.1.1.1.1.1.1.1.51.xover.mutate.done 50
 generation 38.51.51.51.51.51.51.51.51.51.51.51.51.51.51.17.51.51.51.51.51.51.47.1.50.1.51.51.51.51.1.1.1.51.20.51.17.50.50.51.1.50.1.50.51.1.1.1.1.1.51.xover.mutate.done 50
 generation 39.51.51.51.51.51.51.51.51.51.51.51.51.8.4.51.4.4.51.50.16.4.47.50.51.11.12.16.4.51.51.51.51.51.51.51.51.48.16.4.50.51.51.51.4.12.51.51.51.22.50.xover.mutate.done 50
 generation 40.50.50.50.50.50.50.50.50.50.50.50.1.1.13.50.50.1.49.8.50.50.50.1.1.50.50.50.1.1.50.1.24.50.50.1.0.1.50.1.1.50.50.50.1.50.50.1.50.1.1.xover.mutate.done 50
 generation 41.50.50.50.50.50.50.50.50.50.50.0.0.0.19.0.0.50.50.0.50.13.19.15.50.0.1.0.50.0.0.50.17.50.50.50.50.50.0.0.0.0.0.50.0.50.0.50.41.50.50.xover.mutate.done 50
 generation 42.51.51.51.51.51.51.51.51.51.51.49.5.51.2.18.51.2.36.2.2.11.1.51.27.17.2.51.51.21.16.51.51.51.51.2.51.2.1.2.2.50.14.50.51.9.1.50.51.50.43.xover.mutate.done 50
 generation 43.51.51.51.51.51.51.51.51.51.51.51.51.51.50.17.51.51.9.51.51.51.2.9.9.2.51.23.51.2.51.2.51.51.21.50.10.9.51.51.51.50.51.21.51.49.1.6.51.9.2.xover.mutate.done 50
 generation 44.51.51.51.51.51.51.51.51.51.51.0.51.1.51.0.51.50.51.50.51.16.51.1.13.19.1.51.51.51.51.50.14.51.1.26.1.51.48.1.51.22.51.50.1.50.51.28.0.51.1.xover.mutate.done 50
 generation 45.51.51.51.51.51.51.51.51.51.51.51.51.2.51.51.12.51.51.51.3.50.3.26.3.50.51.51.51.3.51.51.51.51.51.3.3.51.51.3.50.3.50.51.51.51.2.3.51.51.51.xover.mutate.done 50
 generation 46.50.50.50.50.50.50.50.50.50.50.14.50.0.0.50.10.50.0.50.0.0.50.0.0.0.50.50.0.0.0.24.50.50.50.50.17.0.50.50.0.50.5.0.0.50.0.11.0.50.0.xover.mutate.done 50
 generation 47.51.51.51.51.51.51.51.51.51.51.1.50.51.51.50.26.51.1.50.1.50.1.1.51.1.1.51.0.1.10.1.1.1.1.0.51.50.1.0.51.1.15.1.16.51.1.50.1.1.1.xover.mutate.done 50
 generation 48.51.51.51.51.51.51.51.51.51.51.50.51.51.18.51.1.51.51.51.2.51.2.50.2.2.51.50.1.2.50.2.1.50.51.50.13.1.51.50.1.51.19.1.2.5.1.2.51.51.1.xover.mutate.done 50
 generation 49.50.50.50.50.50.50.50.50.50.50.50.0.0.0.50.32.0.50.0.0.50.50.50.50.50.0.0.0.40.50.50.0.50.0.50.50.0.50.50.0.50.50.0.0.0.50.0.0.0.50.xover.mutate.done 50
 28298663 iters     706822 iter/sec (40.04 s)
 total time: 40.04
