0.0078125 0.7421875 0.3984375 0.3125 0.171875 0.7734375 0.5546875 0.890625 0.1171875 0.328125 
0.0078125 0.890625 0.921875 0.9609375 0.09375 0.0859375 0.984375 0.9140625 0.9609375 0.171875 
0.3359375 0.2109375 0.265625 0.109375 0.7734375 0.7890625 0.6640625 0.5703125 0.0078125 0.890625 
0.2109375 0.265625 0.109375 0.7734375 0.7890625 0.6640625 0.5703125 0.0078125 0.890625 0.203125 
0.7734375 0.7890625 0.6640625 0.5703125 0.5859375 0.765625 0.2109375 0.265625 0.109375 0.0078125 
0.7734375 0.7890625 0.6640625 0.5703125 0.5859375 0.765625 0.5859375 0.296875 0.765625 0.2109375 
0.296875 0.2109375 0.1484375 0.7734375 0.7890625 0.6640625 0.5703125 0.5859375 0.765625 0.5859375 
0.296875 0.2109375 0.1484375 0.7734375 0.7890625 0.6640625 0.5703125 0.5859375 0.765625 0.5859375 
0.296875 0.2109375 0.1484375 0.4140625 0.7734375 0.7890625 0.6640625 0.5703125 0.5859375 0.765625 
0.296875 0.2109375 0.1484375 0.25 0.40625 0.4140625 0.7734375 0.7890625 0.6640625 0.5703125 
0.296875 0.671875 0.2109375 0.1484375 0.25 0.40625 0.4140625 0.7734375 0.7890625 0.6640625 
0.296875 0.671875 0.7734375 0.7890625 0.6640625 0.6328125 0.6328125 0.7734375 0.6171875 0.6953125 
0.296875 0.671875 0.2734375 0.3671875 0.5 0.4140625 0.40625 0.7734375 0.7890625 0.6640625 
0.296875 0.2734375 0.3671875 0.5 0.4140625 0.40625 0.4375 0.671875 0.7734375 0.7890625 
0.296875 0.671875 0.2734375 0.5 0.4140625 0.4375 0.7734375 0.7890625 0.3828125 0.5859375 
0.296875 0.671875 0.2734375 0.4140625 0.4375 0.3828125 0.375 0.4609375 0.4140625 0.375 
0.671875 0.296875 0.625 0.2734375 0.4140625 0.4375 0.3828125 0.375 0.4609375 0.4140625 
0.296875 0.625 0.2734375 0.4140625 0.4375 0.3828125 0.375 0.4609375 0.4140625 0.390625 
0.296875 0.2734375 0.4140625 0.4375 0.3828125 0.375 0.4609375 0.4140625 0.390625 0.4140625 
0.296875 0.2734375 0.4140625 0.4375 0.3828125 0.375 0.4609375 0.4140625 0.390625 0.4140625 
0.296875 0.5859375 0.2734375 0.4140625 0.4375 0.3828125 0.375 0.4609375 0.4140625 0.390625 
0.296875 0.2734375 0.4140625 0.4375 0.3828125 0.375 0.4609375 0.4140625 0.390625 0.390625 
0.296875 0.2734375 0.4140625 0.4375 0.3828125 0.375 0.4609375 0.4140625 0.390625 0.390625 
0.296875 0.3671875 0.2734375 0.4140625 0.4375 0.3828125 0.375 0.4609375 0.4140625 0.390625 
0.296875 0.3671875 0.3515625 0.2734375 0.4140625 0.4375 0.3828125 0.375 0.4609375 0.4140625 
0.296875 0.3671875 0.3515625 0.421875 0.2734375 0.4140625 0.4375 0.3828125 0.375 0.4609375 
0.3828125 0.296875 0.3671875 0.3515625 0.2734375 0.4140625 0.4375 0.3828125 0.375 0.4609375 
0.3828125 0.296875 0.3671875 0.3515625 0.359375 0.4140625 0.2734375 0.4140625 0.4375 0.3828125 
0.3828125 0.296875 0.3671875 0.3515625 0.359375 0.359375 0.2734375 0.4140625 0.4375 0.3828125 
0.4140625 0.3828125 0.296875 0.3671875 0.3515625 0.359375 0.359375 0.3515625 0.3828125 0.359375 
0.4140625 0.3828125 0.296875 0.3671875 0.3515625 0.359375 0.3515625 0.375 0.359375 0.359375 
0.4140625 0.3828125 0.296875 0.3671875 0.3515625 0.359375 0.3515625 0.375 0.359375 0.375 
0.4140625 0.421875 0.453125 0.3828125 0.375 0.390625 0.296875 0.3671875 0.3515625 0.359375 
0.453125 0.4140625 0.421875 0.453125 0.3828125 0.375 0.296875 0.3671875 0.3515625 0.359375 
0.453125 0.453125 0.4140625 0.453125 0.421875 0.4296875 0.3828125 0.375 0.40625 0.296875 
0.4765625 0.453125 0.4140625 0.453125 0.421875 0.4296875 0.4375 0.3828125 0.453125 0.4453125 
0.453125 0.4765625 0.453125 0.4140625 0.453125 0.421875 0.4296875 0.4375 0.3828125 0.421875 
0.4765625 0.453125 0.453125 0.453125 0.421875 0.4140625 0.4375 0.421875 0.4296875 0.453125 
0.4765625 0.4140625 0.453125 0.421875 0.453125 0.453125 0.453125 0.421875 0.4375 0.421875 
0.4765625 0.453125 0.453125 0.453125 0.453125 0.421875 0.4453125 0.421875 0.4375 0.421875 
0.4765625 0.453125 0.453125 0.453125 0.453125 0.46875 0.453125 0.453125 0.421875 0.4453125 
0.4453125 0.4609375 0.4765625 0.46875 0.453125 0.453125 0.453125 0.453125 0.453125 0.453125 
0.4765625 0.4375 0.4453125 0.4765625 0.4609375 0.46875 0.453125 0.453125 0.453125 0.453125 
0.4765625 0.4453125 0.4765625 0.4375 0.453125 0.453125 0.453125 0.453125 0.453125 0.4609375 
0.4765625 0.4453125 0.4375 0.4375 0.4609375 0.4609375 0.453125 0.4609375 0.4765625 0.4453125 
0.4765625 0.4375 0.4609375 0.4453125 0.4453125 0.4609375 0.4765625 0.453125 0.46875 0.4375 
0.4765625 0.4609375 0.46875 0.4453125 0.4375 0.453125 0.4765625 0.46875 0.4375 0.4609375 
0.46875 0.4375 0.4765625 0.4765625 0.4609375 0.4921875 0.4609375 0.4453125 0.4375 0.46875 
0.46875 0.4921875 0.4765625 0.484375 0.4296875 0.4609375 0.4921875 0.4609375 0.453125 0.4453125 
0.5546875 0.484375 0.46875 0.4765625 0.4609375 0.484375 0.4921875 0.484375 0.4296875 0.484375 
