51 51 50 50 50 50 50 50 50 50 24 23 18 9 7 3 3 3 3 3 3 3 3 3 3 3 3 2 2 2 2 2 2 2 2 2 2 2 2 1 1 1 1 1 1 1 1 1 1 1 
51 51 51 50 50 50 50 50 50 50 50 50 50 50 50 50 50 34 19 19 16 16 15 14 13 12 8 2 2 2 2 2 2 2 2 2 2 2 2 2 2 1 1 1 1 1 1 1 1 1 
73 57 51 51 51 51 51 50 50 50 50 50 50 50 50 50 50 50 50 50 50 50 15 12 12 8 7 2 2 2 2 2 2 2 2 2 2 2 2 1 1 1 1 1 1 1 1 1 1 1 
66 66 64 56 56 56 56 50 50 50 50 50 50 50 50 50 50 50 50 50 50 50 50 50 24 18 16 14 13 6 6 6 6 6 6 6 6 6 6 6 6 6 6 0 0 0 0 0 0 0 
69 66 65 55 50 50 50 50 50 50 50 50 50 50 50 50 50 50 50 50 50 50 50 50 46 34 22 12 12 9 4 3 2 0 0 0 0 0 0 0 0 0 0 0 0 0 0 0 0 0 
74 72 71 66 62 52 52 52 50 50 50 50 50 50 50 50 50 50 50 50 50 50 50 50 44 25 25 18 15 15 12 11 10 7 7 4 2 2 2 2 2 2 2 2 2 2 2 2 2 2 
75 73 73 72 69 69 67 54 51 51 51 51 51 51 51 51 51 51 51 51 50 50 50 50 50 50 36 15 14 12 7 5 2 2 2 2 2 2 2 1 1 1 1 1 1 1 1 1 1 1 
71 70 68 67 67 66 61 61 60 59 58 51 51 51 51 51 51 50 50 50 50 50 50 50 48 44 35 28 20 20 19 8 1 1 1 1 1 1 1 1 1 1 1 1 1 0 0 0 0 0 
73 72 72 72 69 69 65 65 64 63 62 57 54 50 50 50 50 50 50 50 49 35 34 32 27 23 20 17 17 14 14 13 11 10 7 7 5 0 0 0 0 0 0 0 0 0 0 0 0 0 
72 68 68 67 67 67 65 63 63 60 60 60 59 59 51 51 51 51 51 51 51 51 50 50 46 39 35 25 17 15 14 14 12 8 8 8 8 7 4 4 3 3 2 2 2 2 2 1 1 1 
69 66 65 64 63 63 61 61 60 58 58 58 58 57 54 51 51 50 50 50 50 50 50 45 25 24 24 23 19 16 15 14 14 10 10 9 9 3 1 1 1 1 1 1 1 1 1 0 0 0 
68 67 66 65 65 63 63 62 62 60 57 57 56 52 51 51 51 51 51 51 51 50 44 31 23 22 13 12 12 11 11 9 8 7 7 7 6 3 3 3 3 3 3 3 3 3 2 2 1 1 
69 67 67 67 67 67 67 66 66 65 65 65 64 63 61 61 61 56 51 51 51 51 51 51 51 51 51 31 29 27 24 23 19 17 16 16 16 14 14 13 11 7 3 2 2 2 1 1 1 1 
72 67 65 64 64 63 63 62 62 61 60 60 59 58 57 57 51 51 51 51 51 51 51 51 50 48 39 36 22 22 18 14 14 14 13 13 13 9 9 2 2 2 2 2 2 2 2 2 1 1 
75 75 74 74 73 72 72 72 71 71 68 63 61 59 55 52 50 50 50 50 50 50 50 49 49 32 29 25 22 21 21 17 17 13 13 13 13 10 2 2 2 2 2 2 2 2 2 2 2 0 
75 74 70 69 69 69 69 68 68 67 67 64 64 56 54 54 50 50 50 50 50 50 50 50 48 45 44 39 33 32 28 24 19 16 14 13 12 11 11 11 8 7 6 5 5 4 4 4 3 0 
73 72 69 69 68 67 67 66 66 66 66 66 66 65 64 58 55 52 50 50 50 50 49 44 31 26 24 22 20 20 20 19 17 16 14 13 13 10 8 8 7 7 1 1 1 1 1 0 0 0 
90 71 69 68 68 66 66 65 64 64 64 64 63 62 62 61 60 60 59 59 57 50 50 50 49 44 44 42 32 32 32 29 25 23 21 20 17 16 13 12 12 9 1 0 0 0 0 0 0 0 
86 70 70 69 68 67 67 66 65 64 62 60 59 58 51 51 51 51 51 51 51 51 49 43 36 35 29 23 19 19 17 15 14 14 14 13 11 6 6 2 2 2 2 2 2 2 1 1 1 1 
83 73 69 68 67 67 66 65 65 65 64 63 61 51 50 50 50 49 46 40 39 34 29 28 27 27 24 23 22 19 19 16 15 15 14 13 12 11 11 1 1 1 1 1 1 1 1 1 1 1 
86 71 70 70 69 68 67 67 66 66 65 63 62 58 51 51 51 51 51 51 49 46 44 43 42 39 28 26 26 25 25 23 20 18 17 17 15 11 10 9 9 8 5 3 2 2 2 2 2 1 
89 89 83 79 76 75 73 72 71 69 69 69 68 68 67 66 59 56 52 50 50 50 50 50 49 48 37 35 31 29 26 21 18 14 14 13 11 11 8 8 7 2 2 2 2 2 2 2 2 2 
87 86 85 85 84 80 78 76 76 75 73 73 71 69 64 63 52 52 52 51 51 48 46 45 38 38 35 33 32 32 31 30 30 28 26 24 21 15 12 10 8 5 3 3 3 3 3 3 3 1 
88 87 84 83 81 81 77 76 75 74 74 74 51 51 51 51 51 51 50 44 44 41 37 37 34 34 30 30 30 29 25 23 19 14 12 11 6 2 2 2 2 2 2 2 2 2 2 2 1 1 
92 89 87 85 82 80 76 76 75 75 68 52 52 52 52 51 50 50 50 50 46 46 45 35 29 29 27 20 18 18 18 16 15 12 9 9 9 5 2 2 2 2 2 2 2 2 2 2 2 2 
89 87 86 83 82 81 79 74 73 71 71 68 61 60 54 51 51 51 50 50 49 46 46 39 35 34 33 30 18 15 15 15 14 14 13 13 11 9 5 4 1 1 1 1 1 1 1 1 1 1 
91 89 84 83 80 80 79 78 78 70 69 67 60 54 52 51 51 51 51 50 50 48 46 45 44 42 37 28 25 25 23 20 16 12 12 12 11 3 3 3 3 3 3 3 3 2 2 2 1 1 
84 84 81 79 78 78 77 77 76 74 74 68 62 52 52 52 52 50 50 48 34 33 32 30 28 26 23 22 21 20 19 19 17 16 16 11 8 3 3 3 3 3 3 3 3 3 3 3 1 1 
92 90 89 86 86 85 82 80 80 75 74 72 68 57 56 50 50 50 50 50 44 31 28 27 26 25 25 25 22 22 22 18 15 4 4 1 1 1 1 1 1 1 1 1 1 0 0 0 0 0 
93 85 85 85 82 80 79 78 78 75 75 74 70 64 51 51 51 51 51 51 51 51 50 50 48 46 45 43 39 37 34 33 31 22 19 15 5 4 3 1 1 1 1 1 1 1 1 1 1 1 
89 89 89 87 85 84 84 84 82 81 80 79 79 78 74 61 56 51 51 51 51 51 51 51 51 51 50 50 45 45 45 43 42 38 37 31 30 24 21 18 8 5 2 2 2 2 2 1 1 1 
89 88 84 83 82 81 80 80 79 78 77 76 76 75 75 73 73 72 71 66 63 51 51 50 50 49 48 47 46 42 41 39 38 37 36 34 26 22 21 18 18 16 7 3 2 2 2 2 1 1 
89 89 87 84 84 82 79 79 78 78 75 72 70 59 58 58 56 52 52 52 52 52 52 51 51 51 50 50 50 50 50 47 45 37 35 34 26 20 16 4 3 3 3 3 3 3 2 1 1 1 
90 81 81 80 79 78 78 78 76 75 74 73 70 68 63 54 53 51 51 51 51 50 50 50 50 49 47 47 45 45 45 42 41 38 30 29 27 20 14 7 1 1 1 1 1 1 0 0 0 0 
86 85 84 84 84 82 77 77 77 76 76 70 68 61 55 55 54 52 52 51 51 51 51 51 50 50 50 50 50 50 49 46 45 36 32 26 21 20 11 10 6 2 2 2 2 1 1 1 1 1 
88 87 86 82 81 80 79 79 79 79 77 70 56 52 52 52 52 50 50 50 49 48 46 43 43 34 32 32 27 25 23 22 22 15 11 8 7 5 3 3 3 3 3 3 3 2 2 2 2 2 
83 83 83 82 82 81 81 81 81 80 80 78 78 76 75 74 71 67 58 58 52 52 50 50 50 50 50 50 49 48 45 41 36 23 22 21 21 21 21 21 17 11 2 2 2 2 0 0 0 0 
87 86 82 81 80 77 77 77 76 75 74 73 69 69 65 62 56 51 51 51 51 51 51 51 50 50 50 50 46 42 40 35 34 33 33 30 30 29 26 24 22 13 2 1 1 1 1 1 1 0 
85 84 83 83 83 83 81 79 77 77 77 77 76 75 74 69 66 61 60 51 51 50 50 50 50 47 47 46 43 37 36 36 33 32 31 26 23 23 20 20 13 13 11 7 1 1 1 1 1 1 
85 85 84 84 82 81 80 80 80 80 80 80 80 79 79 78 74 70 70 59 57 54 51 51 51 50 50 48 44 44 41 38 33 31 24 20 16 15 14 13 12 11 8 4 2 2 2 1 1 1 
84 83 83 82 81 81 78 78 78 77 76 74 74 74 72 50 50 50 50 50 50 50 50 50 49 48 44 43 37 27 26 26 21 14 7 7 5 5 4 1 0 0 0 0 0 0 0 0 0 0 
87 87 86 86 86 85 85 84 84 82 82 81 80 77 75 70 69 69 68 58 58 56 52 52 52 51 50 50 50 49 49 47 42 42 41 38 38 37 33 33 32 19 16 11 11 8 7 2 2 2 
90 88 86 84 84 83 82 82 82 82 80 76 75 74 72 68 57 52 52 52 52 50 50 50 48 40 38 33 28 27 26 25 25 24 21 20 18 18 15 12 9 6 6 4 4 4 4 4 4 2 
88 84 81 81 80 78 77 76 76 75 75 75 75 75 75 74 71 69 68 68 65 63 62 59 58 50 50 50 50 50 50 50 46 41 31 27 24 16 12 12 9 6 6 6 2 2 2 0 0 0 
87 87 86 85 85 85 84 82 82 82 81 79 78 78 76 63 63 62 61 57 53 51 50 50 50 50 50 50 49 49 45 41 38 38 34 33 27 25 11 10 8 2 1 1 1 1 1 1 0 0 
90 89 89 88 87 87 87 86 86 81 78 76 71 59 58 53 53 53 50 50 50 50 50 47 47 46 46 41 35 35 29 28 17 13 12 11 11 10 9 8 6 3 3 3 3 3 3 3 3 3 
91 89 89 89 88 86 86 86 86 84 83 82 82 79 69 62 57 53 50 50 50 50 50 50 50 50 49 48 46 45 44 43 39 39 38 32 29 29 28 25 22 20 8 8 3 0 0 0 0 0 
89 89 88 87 87 87 87 85 85 82 82 81 79 79 51 51 51 51 50 50 50 50 50 50 50 46 46 43 42 42 32 26 21 19 16 5 2 2 1 1 1 1 1 1 1 1 0 0 0 0 
89 86 86 85 85 84 84 83 82 82 79 79 52 50 50 50 50 50 50 46 45 44 44 43 40 39 34 28 27 27 26 21 19 11 7 1 1 1 1 1 1 1 1 1 1 1 1 0 0 0 
94 91 91 90 90 89 89 86 86 86 86 86 85 79 77 76 76 55 51 51 51 51 50 50 50 49 48 47 47 45 44 43 42 42 35 33 30 27 27 20 19 8 7 4 3 2 2 2 2 1 
