50 50 50 50 50 50 50 50 50 50 50 50 50 50 50 21 7 7 2 2 1 1 1 1 1 1 1 1 1 1 1 1 1 1 1 1 1 1 1 1 0 0 0 0 0 0 0 0 0 0 
52 52 52 50 50 50 50 50 50 50 50 50 50 50 50 50 50 50 50 50 50 50 50 50 50 50 50 50 50 50 45 40 37 22 14 7 2 2 2 2 2 2 2 2 1 0 0 0 0 0 
54 54 54 54 50 50 50 50 50 50 50 50 50 50 50 50 50 50 50 50 50 50 50 50 50 50 50 50 50 50 50 50 27 20 13 8 4 4 4 4 4 4 4 4 4 0 0 0 0 0 
58 52 52 52 52 52 52 52 52 50 50 50 50 50 50 50 50 50 50 50 50 50 50 50 50 50 50 50 50 50 50 50 48 45 43 8 8 7 6 2 2 2 2 2 2 2 2 0 0 0 
54 54 54 54 54 54 54 52 51 51 51 51 51 51 51 51 51 51 50 50 50 50 49 49 44 44 25 18 14 12 6 5 5 5 5 5 5 5 5 5 5 5 4 4 4 1 1 1 1 1 
51 51 51 51 51 51 51 51 51 51 51 51 51 50 50 50 50 50 50 50 50 50 50 48 42 42 17 6 1 1 1 1 1 1 1 1 1 1 1 1 1 1 1 1 1 1 0 0 0 0 
51 51 51 51 51 51 51 51 51 51 51 51 51 51 51 51 51 51 51 51 51 51 51 51 51 51 51 51 51 50 49 42 37 23 2 2 2 2 2 2 2 2 2 1 1 1 1 1 1 1 
50 50 50 50 50 50 50 50 50 50 50 50 50 50 50 50 50 50 50 50 50 50 50 50 50 50 50 50 50 50 50 50 49 48 44 42 36 23 10 8 1 0 0 0 0 0 0 0 0 0 
50 50 50 50 50 50 50 50 50 50 50 50 50 50 50 50 50 50 50 50 50 50 50 50 50 50 50 50 50 50 50 50 50 50 50 43 2 2 2 2 2 2 2 2 2 2 2 2 2 0 
50 50 50 50 50 50 50 50 50 50 50 50 50 50 50 50 50 50 50 50 50 50 50 50 50 50 50 48 45 45 44 44 44 22 10 1 1 1 1 1 1 1 1 1 1 1 1 1 1 1 
51 51 51 51 51 51 51 51 51 51 51 51 51 51 51 51 51 51 51 51 51 51 51 51 51 51 51 51 51 51 51 51 51 51 51 49 49 16 12 10 10 3 3 3 3 3 1 1 1 1 
52 52 52 52 52 52 52 52 52 52 52 52 52 52 52 52 52 52 52 52 52 52 52 52 52 52 52 52 52 52 52 52 52 52 52 52 52 52 51 50 45 41 24 13 4 4 4 4 4 2 
50 50 50 50 50 50 50 50 50 50 50 50 50 50 50 50 50 50 50 50 50 50 50 50 50 50 50 50 50 50 50 49 40 37 5 5 1 0 0 0 0 0 0 0 0 0 0 0 0 0 
50 50 50 50 50 50 50 50 50 50 50 50 50 50 50 50 50 50 50 50 50 50 50 50 50 50 50 50 50 50 50 49 44 42 21 20 5 1 0 0 0 0 0 0 0 0 0 0 0 0 
51 51 51 51 51 51 51 51 51 51 51 51 51 51 51 51 51 51 51 51 51 51 51 51 51 51 51 51 51 51 50 50 50 50 48 46 44 42 9 6 3 3 3 3 3 3 3 3 3 1 
50 50 50 50 50 50 50 50 50 50 50 50 50 50 50 50 50 50 50 50 50 50 50 50 50 50 50 50 50 50 50 50 50 50 50 34 9 9 8 7 7 6 1 1 1 1 1 1 1 1 
50 50 50 50 50 50 50 50 50 50 50 50 50 50 50 50 50 50 50 50 50 50 50 50 50 50 50 50 50 50 49 49 16 15 13 7 5 1 1 1 1 1 1 1 1 1 1 1 0 0 
51 51 51 51 51 51 51 51 51 51 51 51 51 51 51 51 51 51 51 51 51 51 51 51 51 51 51 51 51 50 12 10 2 2 2 2 2 2 2 2 2 2 2 2 2 2 2 1 1 1 
51 51 51 51 51 51 51 51 51 51 51 51 51 51 51 51 51 51 51 51 51 51 51 51 51 51 51 51 51 51 51 51 51 51 43 13 10 6 1 1 1 1 1 1 1 1 1 1 1 0 
51 51 51 51 51 51 51 51 51 51 51 51 51 51 51 51 51 51 51 51 51 51 51 51 51 51 51 50 50 49 49 11 8 6 2 2 2 2 2 2 2 2 2 2 2 2 2 2 2 1 
53 53 53 53 53 53 53 53 53 53 53 53 53 53 53 53 53 53 53 53 53 53 53 53 53 53 53 53 53 53 53 47 13 11 8 4 4 4 4 4 4 4 4 4 4 4 4 4 4 1 
50 50 50 50 50 50 50 50 50 50 50 50 50 50 50 50 50 50 50 50 50 50 50 50 50 50 50 50 50 50 50 50 50 50 42 5 1 1 1 1 1 1 1 1 1 1 1 1 1 0 
51 51 51 51 51 51 51 51 51 51 51 51 51 51 51 51 51 51 51 51 51 51 51 51 51 51 51 51 51 51 44 33 31 1 1 1 1 1 1 1 1 1 1 1 1 1 1 1 1 0 
52 52 52 52 52 52 52 52 52 52 52 52 52 52 52 52 52 52 52 52 52 52 52 52 52 52 52 52 52 52 52 52 52 52 52 52 52 52 50 50 37 30 4 4 4 4 4 4 4 4 
50 50 50 50 50 50 50 50 50 50 50 50 50 50 50 50 50 50 50 50 50 50 50 50 50 50 50 50 50 50 50 50 50 50 50 50 46 44 44 44 32 21 0 0 0 0 0 0 0 0 
51 51 51 51 51 51 51 51 51 51 51 51 51 51 51 51 51 51 51 51 51 51 51 51 51 51 51 51 51 51 51 51 51 51 51 51 51 51 51 51 51 50 47 2 2 2 2 2 2 2 
53 53 53 53 53 53 53 53 53 53 53 53 53 53 53 53 53 53 53 53 53 53 53 53 53 53 53 53 53 53 53 53 53 53 53 53 53 53 50 48 22 15 12 4 4 4 4 4 4 4 
53 50 50 50 50 50 50 50 50 50 50 50 50 50 50 50 50 50 50 50 50 50 50 50 50 50 50 50 50 50 50 50 50 50 50 50 50 50 50 44 42 25 10 5 1 1 1 1 1 1 
54 50 50 50 50 50 50 50 50 50 50 50 50 50 50 50 50 50 50 50 50 50 50 50 50 50 50 50 50 50 50 50 50 49 45 40 36 12 5 3 1 1 1 1 1 1 1 0 0 0 
56 56 56 53 53 53 53 53 53 53 53 53 53 53 53 53 53 53 53 53 53 53 53 53 53 53 53 53 53 53 53 53 53 47 13 7 7 4 4 4 4 4 4 4 4 4 4 4 4 3 
57 57 55 55 53 52 52 52 52 52 52 52 52 52 52 52 52 52 52 52 52 52 52 52 52 52 52 52 52 52 52 50 46 45 34 33 17 11 8 2 2 2 2 2 2 2 2 2 2 2 
57 56 55 55 50 50 50 50 50 50 50 50 50 50 50 50 50 50 50 50 50 50 50 50 50 50 50 50 50 50 50 50 49 48 48 46 45 44 36 36 9 8 1 1 1 1 1 1 1 1 
52 52 52 52 52 52 51 51 51 51 51 51 51 51 51 51 51 51 51 51 51 51 51 51 51 51 51 51 51 51 50 50 50 50 50 50 50 50 49 47 47 24 13 3 3 2 2 2 2 2 
55 55 54 54 53 52 52 52 52 50 50 50 50 50 50 50 50 50 50 50 50 50 50 50 50 50 50 50 50 50 50 50 50 50 50 50 50 50 49 47 47 46 46 45 29 22 10 2 2 2 
59 59 59 59 59 57 56 56 56 56 56 53 53 51 51 51 51 51 51 51 51 51 51 51 50 50 50 48 45 43 41 36 34 21 19 18 13 12 11 10 10 9 4 4 4 4 3 3 1 1 
56 56 56 56 56 56 56 56 56 56 56 56 56 56 56 56 56 55 55 53 51 51 51 51 51 51 51 51 50 50 50 50 50 49 46 46 45 38 31 26 17 6 6 6 1 1 1 1 0 0 
63 58 57 57 56 56 56 56 56 55 55 55 54 54 54 54 54 54 54 51 50 50 50 50 50 50 50 50 50 50 50 50 48 47 45 36 35 17 11 6 5 5 5 1 1 1 1 1 1 1 
80 60 59 58 58 58 58 58 57 57 56 56 56 56 56 56 56 55 54 54 51 51 51 51 51 51 51 51 50 50 50 50 47 28 14 11 9 8 8 6 3 3 3 3 3 3 2 2 1 1 
83 72 71 59 59 58 58 58 58 58 58 58 58 57 54 53 52 50 50 50 50 50 50 50 49 49 49 48 45 44 31 30 15 15 14 13 12 12 11 9 3 1 1 0 0 0 0 0 0 0 
85 76 74 72 53 53 53 52 52 51 51 51 51 51 51 50 50 50 50 50 50 50 50 49 48 47 45 42 37 36 27 22 20 15 14 14 13 10 10 4 3 2 2 1 1 1 1 1 1 0 
87 79 75 73 72 71 61 58 57 57 57 57 57 57 57 56 56 56 55 55 51 50 50 50 31 21 20 19 16 16 15 11 8 7 7 7 6 5 0 0 0 0 0 0 0 0 0 0 0 0 
88 77 76 75 75 70 67 64 62 61 60 59 58 58 58 58 58 58 57 55 52 52 51 50 49 48 46 44 30 26 26 19 19 12 12 12 12 11 10 9 9 9 9 3 3 3 3 3 3 1 
84 76 76 74 74 71 62 61 57 55 55 54 52 52 51 50 50 48 46 38 38 37 31 15 14 10 9 9 8 7 7 6 6 6 6 6 4 4 4 4 4 4 4 4 4 4 2 2 2 2 
92 81 80 79 78 76 75 69 60 59 55 55 55 54 54 51 51 50 50 50 50 50 48 48 38 20 17 17 11 11 11 9 9 8 8 7 7 7 7 3 3 3 3 3 3 3 3 3 3 3 
85 78 76 76 75 75 72 67 61 58 52 52 50 50 50 50 50 50 47 44 39 33 26 24 23 22 17 15 10 9 8 8 8 8 8 8 8 8 8 7 7 7 6 6 2 2 2 2 2 2 
88 82 81 79 79 78 74 74 71 67 66 65 50 49 49 47 46 46 43 42 39 37 35 28 25 20 20 19 19 18 17 14 13 11 8 8 8 8 8 8 7 1 1 1 1 1 1 1 0 0 
84 79 78 76 71 68 68 68 63 62 62 50 41 36 34 25 19 15 13 12 9 9 8 8 8 8 8 7 7 7 7 2 1 1 1 1 1 1 1 1 1 1 1 1 1 1 1 1 0 0 
82 81 79 76 74 70 68 68 67 64 64 64 60 57 53 52 50 50 45 43 27 24 23 21 16 15 13 11 10 9 8 8 8 6 6 6 6 5 5 5 5 5 5 5 5 3 3 3 3 3 
92 84 82 82 82 80 80 79 77 77 74 69 66 66 61 61 51 50 47 43 30 26 26 25 23 23 19 12 9 8 8 7 7 7 7 7 7 7 7 6 1 1 1 1 1 1 0 0 0 0 
89 84 81 79 78 75 75 73 72 72 69 69 69 68 54 52 51 50 50 48 46 30 24 24 16 14 14 14 11 8 8 6 6 6 5 4 4 4 4 4 4 4 4 2 2 2 2 2 2 2 
