51 50 50 50 50 50 50 50 50 50 50 50 50 14 5 5 4 4 4 4 4 4 4 4 4 4 4 4 4 3 3 3 3 3 3 3 3 1 1 1 1 1 1 1 1 1 1 1 1 1 
55 53 52 52 52 51 51 51 50 50 50 50 50 50 50 50 50 50 50 50 50 50 50 45 33 33 30 20 19 18 15 14 7 3 3 3 3 3 3 3 2 2 2 1 1 1 1 1 1 1 
61 61 60 58 52 52 52 52 52 52 52 52 52 50 50 50 50 50 50 50 50 50 50 50 50 50 50 50 50 50 43 32 21 21 20 12 10 8 3 2 2 2 2 2 2 2 0 0 0 0 
90 53 52 51 51 51 51 51 51 51 51 51 51 50 50 50 50 50 50 49 49 49 48 46 21 18 8 6 4 4 4 4 4 4 4 4 4 4 4 4 4 4 3 3 3 1 1 1 1 1 
88 60 51 51 51 51 51 51 51 51 51 51 50 50 50 50 50 50 33 29 27 26 18 16 13 9 1 1 1 1 1 1 1 1 1 1 1 1 1 1 1 1 1 1 1 0 0 0 0 0 
87 64 64 58 50 50 50 50 50 50 50 50 50 50 50 50 50 50 50 50 50 50 26 21 12 11 1 1 0 0 0 0 0 0 0 0 0 0 0 0 0 0 0 0 0 0 0 0 0 0 
90 87 62 51 51 50 50 50 50 50 50 50 50 50 50 50 50 50 36 20 17 17 14 10 10 3 3 2 2 2 2 2 2 2 2 2 2 2 2 2 2 2 2 2 0 0 0 0 0 0 
95 94 93 93 73 60 59 59 50 50 50 50 50 50 50 50 50 50 50 44 38 32 26 23 14 8 6 2 1 1 0 0 0 0 0 0 0 0 0 0 0 0 0 0 0 0 0 0 0 0 
91 91 91 91 87 87 78 76 63 62 62 58 50 50 50 50 50 50 50 50 50 50 50 50 49 48 35 24 17 13 2 2 2 2 2 2 2 2 2 2 2 2 2 2 2 2 2 2 2 2 
92 92 90 90 90 89 78 77 76 73 62 62 62 60 51 51 51 51 51 51 51 51 51 51 50 50 50 50 49 49 44 36 33 26 25 24 11 2 2 2 2 2 2 2 2 2 1 1 1 1 
92 92 92 92 90 90 86 78 77 73 72 71 70 66 57 54 52 50 50 50 50 50 50 50 50 50 50 50 49 49 47 46 42 25 25 22 20 16 16 16 2 2 2 2 2 2 2 2 2 2 
95 94 94 94 94 93 92 92 92 91 91 87 87 82 79 78 78 66 63 59 59 58 50 50 50 50 50 50 50 47 47 45 41 38 27 27 26 24 22 21 21 20 17 10 9 8 7 7 0 0 
93 92 91 90 90 90 90 90 89 89 89 88 88 88 87 87 80 70 59 54 52 51 50 48 44 39 36 30 23 23 18 17 15 12 11 6 3 3 3 3 3 3 3 3 3 2 2 1 1 1 
94 92 92 92 91 91 91 91 91 91 90 87 78 75 72 67 63 54 53 53 52 52 52 52 50 50 50 49 47 47 47 46 36 32 31 29 25 25 18 17 15 11 10 4 2 2 2 2 2 2 
92 91 91 91 90 90 90 90 90 90 90 88 87 87 85 85 77 73 72 69 62 62 62 51 50 50 50 50 48 48 45 45 44 43 37 32 30 18 16 15 13 10 6 6 1 1 1 1 1 1 
93 92 92 91 91 91 90 90 90 90 90 90 90 89 86 86 85 84 82 69 67 62 54 52 52 52 52 51 50 50 49 49 48 47 31 28 21 17 17 12 11 4 4 4 4 4 4 2 2 2 
94 94 94 93 93 93 93 93 93 93 93 93 93 93 93 93 86 84 79 73 72 72 68 66 64 61 58 57 52 52 52 51 50 49 49 45 43 38 37 35 14 13 12 3 3 3 3 3 3 3 
96 95 95 95 95 94 94 93 92 91 91 90 86 80 78 77 73 70 66 62 60 59 58 58 56 56 55 53 53 53 52 51 51 51 51 50 50 46 44 24 12 10 8 6 4 4 4 4 4 4 
95 95 95 95 95 95 95 95 95 93 93 93 93 93 93 92 92 82 82 82 81 67 62 61 59 56 55 54 53 53 53 53 53 53 52 52 50 47 47 45 20 11 11 9 6 5 5 5 5 2 
95 92 91 90 90 90 90 90 90 89 89 89 89 88 88 88 83 79 66 60 59 59 56 56 56 56 52 52 52 52 52 52 52 50 50 44 42 41 32 28 24 20 12 2 2 2 2 2 0 0 
97 96 96 96 96 96 96 95 95 95 94 94 92 92 89 86 86 84 84 80 55 54 54 52 51 50 50 50 50 48 45 43 43 39 30 26 25 24 17 8 6 5 4 3 1 1 1 1 0 0 
96 96 96 96 96 96 96 95 95 95 95 94 93 93 92 92 90 90 78 63 56 55 52 52 51 51 51 51 51 50 49 49 48 48 44 39 38 27 24 24 22 12 6 6 5 3 3 3 3 3 
98 97 96 96 96 96 96 96 96 96 96 96 96 96 95 95 94 93 92 73 72 65 58 55 50 50 50 50 50 50 49 49 48 46 43 42 42 37 35 25 23 20 13 0 0 0 0 0 0 0 
93 92 92 92 92 92 92 92 92 91 91 91 90 90 90 86 73 72 57 54 51 51 51 51 51 50 50 50 50 49 49 49 48 47 45 42 32 31 18 14 9 9 6 5 1 1 1 1 1 1 
96 95 95 95 95 95 95 95 95 95 94 94 94 94 94 94 93 89 86 85 84 71 67 63 58 52 52 52 50 50 50 50 49 49 43 43 42 42 32 24 10 8 2 2 2 2 2 2 2 0 
95 93 93 93 93 93 93 93 93 93 93 93 93 92 88 85 82 69 68 59 54 53 50 50 50 50 50 50 50 50 50 48 47 46 40 33 28 23 12 4 0 0 0 0 0 0 0 0 0 0 
91 90 90 90 90 90 90 90 90 90 90 88 88 87 82 63 62 54 50 50 50 50 50 50 50 49 49 48 48 48 47 47 47 44 42 40 34 30 13 0 0 0 0 0 0 0 0 0 0 0 
92 92 90 90 90 90 90 90 90 90 89 86 84 70 70 62 59 52 50 50 50 50 50 50 50 50 50 50 50 50 50 50 49 49 49 49 48 23 23 13 11 10 9 9 0 0 0 0 0 0 
96 93 93 93 93 93 93 93 93 92 92 69 68 67 66 62 54 54 54 54 54 54 54 53 53 52 50 48 47 44 42 34 33 32 24 13 11 11 4 4 4 4 4 4 4 4 4 4 4 4 
92 92 91 91 91 91 91 91 91 91 91 91 91 90 89 73 69 51 51 51 51 51 51 51 51 51 51 51 50 50 50 49 48 48 48 45 39 39 34 24 22 22 15 8 7 7 2 2 2 2 
95 92 91 91 91 91 91 91 91 91 91 91 91 91 90 90 88 85 69 68 63 51 51 51 51 51 51 51 51 50 50 50 49 40 37 34 29 9 7 5 2 2 2 2 2 2 2 2 1 1 
93 93 93 93 91 91 91 91 91 91 91 91 91 90 84 83 77 75 67 65 63 62 50 50 50 50 50 50 50 49 49 49 49 49 49 49 49 49 49 47 44 32 32 18 15 6 2 0 0 0 
96 95 95 95 95 95 95 95 94 94 93 93 93 93 93 92 92 91 90 87 85 74 73 63 51 51 51 51 51 51 51 50 50 50 50 50 50 50 49 47 45 30 27 22 15 14 12 8 2 1 
99 99 98 98 98 98 98 98 98 98 96 96 95 94 92 91 67 62 57 52 52 52 52 52 52 51 51 50 50 49 48 47 47 44 38 30 21 12 9 2 2 2 2 2 2 2 2 2 0 0 
93 92 92 92 91 91 90 90 90 90 90 90 90 88 86 75 71 64 59 56 52 51 50 50 49 49 48 47 46 45 44 36 35 31 29 27 27 21 20 17 11 10 7 0 0 0 0 0 0 0 
97 97 95 95 94 92 92 91 91 91 91 90 90 90 86 66 64 56 54 51 50 50 50 50 50 50 50 50 50 50 49 49 48 46 43 43 38 36 33 29 28 25 24 24 15 2 0 0 0 0 
95 95 94 94 94 94 92 91 91 91 91 90 90 90 90 88 86 85 78 71 67 60 54 54 54 52 52 51 51 50 50 48 48 41 40 39 35 35 34 33 27 26 24 19 17 8 3 3 3 3 
94 94 94 92 92 91 91 91 90 90 90 87 84 79 77 70 70 53 53 53 53 53 53 53 53 53 51 51 51 50 50 50 50 49 49 48 40 40 27 19 12 10 4 4 4 4 4 3 3 3 
97 97 97 96 95 95 95 94 94 94 94 93 93 93 88 85 85 78 71 69 68 67 64 62 57 57 55 55 51 51 50 50 50 50 49 46 35 35 34 20 10 10 10 8 6 1 1 1 1 1 
98 98 97 96 96 95 95 95 95 95 95 95 95 95 94 94 93 91 90 90 90 79 74 71 69 65 56 51 51 51 51 51 51 50 50 50 50 50 49 48 45 40 20 12 3 3 3 3 3 1 
92 92 88 88 87 87 87 87 87 86 86 85 85 85 84 84 83 79 74 74 69 66 56 54 54 53 51 51 50 50 50 50 50 49 48 43 43 37 36 27 24 7 1 1 1 1 1 0 0 0 
95 95 95 94 94 94 94 93 93 93 93 92 87 73 71 63 61 59 58 53 51 51 50 50 49 49 46 44 44 44 41 40 39 36 33 32 32 30 30 27 21 13 11 9 7 7 1 1 1 1 
98 98 97 97 97 97 95 95 95 93 93 93 92 90 84 78 75 71 71 66 66 63 52 52 50 50 50 50 50 49 48 30 13 10 10 10 9 9 8 2 2 2 2 2 2 2 0 0 0 0 
96 95 95 95 95 95 95 95 94 94 94 94 94 93 88 74 72 65 57 53 52 51 50 50 50 50 50 50 50 50 50 48 46 44 41 27 21 19 17 16 16 7 7 7 5 5 2 2 2 2 
99 97 97 96 96 96 96 96 96 95 94 91 69 57 51 50 50 50 50 49 47 46 45 43 40 38 34 30 26 22 18 15 11 11 10 8 7 4 4 1 1 1 1 1 1 1 1 0 0 0 
92 90 90 90 90 89 89 88 88 88 87 87 87 83 66 64 59 50 50 48 47 45 44 42 32 28 26 23 22 22 21 12 11 7 6 1 1 0 0 0 0 0 0 0 0 0 0 0 0 0 
95 94 93 93 93 93 92 92 92 92 92 91 88 72 69 61 51 51 51 50 50 50 50 50 50 50 49 49 49 49 49 48 45 31 31 24 24 21 11 9 8 1 1 1 1 1 1 1 1 0 
92 92 91 91 91 91 90 90 89 89 89 88 88 73 72 69 57 56 51 51 50 50 50 50 48 47 47 47 47 41 41 40 37 35 35 32 26 22 16 15 12 11 9 6 4 1 1 1 1 1 
96 95 94 93 92 92 92 92 92 91 91 70 68 60 52 52 52 51 51 51 51 50 50 50 49 42 33 30 28 19 17 15 15 14 14 12 12 9 9 3 3 3 3 3 3 3 3 3 2 1 
93 93 93 93 93 92 92 92 91 91 88 87 84 78 76 67 61 60 54 50 50 50 35 30 24 24 24 22 15 15 14 10 10 10 10 9 8 7 3 1 1 1 1 1 1 1 1 1 1 1 
