% Invoked: ./gella -d -r 3 -l biased_r3/run42 >& biased_r3/run42.log
% Ministry of Cellular Automata
% Project Deux (CS523 Spring 2015)
% Version:v0.1-70-g0624-dirty
%  pop:50
%  ic count:100
%  CA Log option:biased_r3/run42
%  width:121
%  max workers:4
%  radius:3
%  iterations:300
%  use bias:true
%  generations:50

 generation 0.2.1.1.1.3.50.2.3.3.2.2.2.1.3.3.50.50.50.3.3.3.39.2.3.3.3.50.3.3.32.3.1.1.1.3.3.50.50.1.50.2.50.3.3.1.50.50.2.2.3.xover.mutate.done 50
 generation 1.50.50.50.50.50.50.50.50.50.50.1.48.0.0.9.0.0.0.50.0.0.0.0.50.0.0.50.50.50.50.28.50.0.5.50.50.0.0.0.50.0.0.50.31.50.0.0.0.0.50.xover.mutate.done 50
 generation 2.50.50.50.50.50.50.50.50.50.50.2.50.2.0.50.2.51.52.2.30.11.50.50.52.0.2.2.52.50.52.2.37.50.50.2.13.50.50.50.2.0.8.11.2.52.52.2.52.63.2.xover.mutate.done 50
 generation 3.66.50.50.50.50.50.50.50.51.50.50.50.0.0.50.50.0.0.6.9.0.9.0.50.0.0.0.53.50.37.50.50.0.50.0.50.50.0.0.10.50.50.59.0.50.0.50.0.50.0.xover.mutate.done 50
 generation 4.64.56.43.49.51.51.51.51.50.51.51.3.51.50.50.2.51.3.12.50.54.51.51.35.52.50.1.51.52.3.51.51.1.60.50.50.2.3.50.3.9.51.51.51.50.1.51.51.2.50.xover.mutate.done 50
 generation 5.63.57.56.58.52.52.53.53.53.53.53.3.2.53.53.50.2.2.5.50.15.5.28.49.2.15.50.52.5.2.5.5.53.5.5.53.26.51.3.53.5.52.53.5.53.53.50.3.50.53.xover.mutate.done 50
 generation 6.58.57.54.53.50.50.50.50.50.50.8.45.0.50.50.50.50.0.0.0.50.50.0.0.0.0.0.0.50.6.3.44.50.50.50.0.50.0.0.0.50.0.0.50.50.0.50.0.50.50.xover.mutate.done 50
 generation 7.60.54.52.58.51.51.51.51.51.51.51.51.1.51.5.1.51.51.50.1.51.51.38.0.1.51.0.1.1.1.51.28.50.1.50.1.1.8.51.50.1.50.1.2.26.50.1.0.1.51.xover.mutate.done 50
 generation 8.62.58.56.56.51.51.51.51.51.51.50.3.31.56.51.2.3.1.3.3.50.7.51.2.50.4.10.50.2.51.1.51.51.50.50.4.1.1.51.51.51.56.5.27.3.3.50.51.51.1.xover.mutate.done 50
 generation 9.64.59.52.58.58.56.51.51.51.51.51.7.51.7.2.1.51.1.2.51.1.1.1.2.56.1.1.2.9.1.2.12.2.47.9.50.50.9.2.2.50.51.51.16.2.51.3.50.51.31.xover.mutate.done 50
 generation 10.68.58.54.54.53.53.62.51.51.51.3.51.0.51.54.0.50.51.3.1.50.1.1.51.52.0.4.50.0.51.11.1.1.27.4.1.51.0.54.1.54.51.38.51.0.51.51.6.1.0.xover.mutate.done 50
 generation 11.65.56.59.55.55.55.55.55.55.56.50.1.6.1.7.49.7.55.1.50.50.1.1.56.1.1.49.1.1.50.55.50.1.50.5.1.0.1.36.6.1.1.50.6.50.1.57.50.1.1.xover.mutate.done 50
 generation 12.59.57.56.58.55.55.55.55.55.55.25.50.50.8.3.3.55.55.3.3.3.0.3.3.8.50.50.51.50.0.3.50.3.18.8.3.50.50.50.50.3.56.3.50.3.50.8.3.50.3.xover.mutate.done 50
 generation 13.58.52.53.53.54.54.54.54.54.54.50.7.1.5.50.5.1.44.50.5.50.49.54.50.1.50.1.5.5.53.1.1.1.0.1.26.50.1.1.29.50.50.1.50.5.0.50.50.50.48.xover.mutate.done 50
 generation 14.60.56.55.55.54.54.54.54.56.56.7.2.1.46.50.1.54.5.45.50.1.56.47.50.55.0.12.1.53.44.1.50.54.1.49.1.7.1.50.5.21.1.50.44.50.1.1.50.5.1.xover.mutate.done 50
 generation 15.65.55.58.55.55.55.55.55.54.54.2.52.2.2.50.2.52.54.35.54.2.4.54.31.43.50.0.2.31.4.54.47.52.25.50.0.50.48.13.50.50.0.54.50.4.2.50.51.54.51.xover.mutate.done 50
 generation 16.64.54.54.55.54.53.53.53.54.54.50.54.50.0.0.0.0.37.0.0.14.19.35.5.16.50.54.30.0.0.53.14.48.50.38.50.27.54.50.0.50.50.50.54.50.35.53.4.53.3.xover.mutate.done 50
 generation 17.56.57.59.57.57.57.57.56.57.57.36.53.3.8.52.53.47.55.3.49.53.10.8.58.57.50.21.50.53.53.37.57.0.57.50.52.59.0.57.28.56.7.3.53.58.7.50.3.7.29.xover.mutate.done 50
 generation 18.58.61.61.61.58.58.58.58.58.58.21.21.1.57.1.2.7.51.2.1.10.50.51.50.58.58.51.58.9.2.9.17.12.10.58.30.51.38.57.51.51.51.46.58.58.61.10.51.58.1.xover.mutate.done 50
 generation 19.55.54.55.55.57.54.54.54.54.54.9.5.52.54.49.8.17.24.22.52.52.55.54.40.51.17.54.26.24.52.46.4.3.3.26.52.54.25.35.7.50.15.52.28.50.54.3.7.42.14.xover.mutate.done 50
 generation 20.57.55.55.55.55.54.54.54.54.54.1.1.10.54.50.19.1.44.0.51.51.15.51.8.5.13.49.5.26.55.13.5.13.55.8.51.1.11.51.0.51.4.18.51.50.1.0.22.54.54.xover.mutate.done 50
 generation 21.52.52.52.52.52.54.52.52.54.54.4.54.0.19.52.0.0.54.0.6.47.0.54.17.0.0.60.52.22.2.0.0.0.26.4.0.35.7.15.50.0.2.54.50.0.5.2.7.10.50.xover.mutate.done 50
 generation 22.64.57.56.56.56.56.56.56.55.57.2.8.13.14.6.54.4.22.9.2.8.4.34.13.15.22.2.18.4.6.52.56.10.2.52.9.55.6.22.6.56.2.56.15.52.58.2.7.2.56.xover.mutate.done 50
 generation 23.60.59.56.55.57.57.56.57.56.56.0.18.6.0.5.7.28.0.54.56.50.21.0.0.8.8.57.50.5.0.20.50.5.17.4.25.0.48.54.0.0.32.4.12.57.0.35.8.16.0.xover.mutate.done 50
 generation 24.61.63.57.57.57.57.57.58.56.56.35.50.1.43.50.50.8.7.1.15.50.8.7.0.1.50.8.1.1.24.57.10.50.50.16.54.6.7.1.50.9.54.11.41.8.11.1.50.42.50.xover.mutate.done 50
 generation 25.61.56.57.57.56.57.56.57.57.56.8.3.3.6.10.18.38.51.2.1.8.4.6.50.3.23.5.33.51.31.53.64.9.9.56.49.2.49.3.51.8.11.63.3.7.3.50.19.9.13.xover.mutate.done 50
 generation 26.64.63.61.58.57.57.57.57.61.57.56.6.28.48.56.56.8.51.51.57.2.2.54.49.3.2.31.51.51.3.8.57.44.57.16.9.3.39.50.50.61.9.64.3.63.10.28.25.11.22.xover.mutate.done 50
 generation 27.61.66.60.59.57.60.59.56.56.56.53.0.43.15.27.6.11.47.13.53.10.34.3.6.14.3.10.25.3.14.61.59.56.36.0.50.27.18.47.9.56.54.30.20.53.50.3.6.7.55.xover.mutate.done 50
 generation 28.64.61.62.62.63.58.62.61.61.60.50.34.52.12.31.14.61.59.42.36.11.60.61.52.1.55.38.61.11.33.8.11.50.32.61.37.28.32.32.50.22.1.59.50.50.1.52.51.15.49.xover.mutate.done 50
 generation 29.66.63.63.64.63.64.60.61.62.63.13.56.19.8.3.26.0.31.19.26.37.10.59.0.36.66.7.32.64.3.15.38.3.38.42.3.34.54.62.15.59.3.40.53.49.47.57.52.50.58.xover.mutate.done 50
 generation 30.71.68.67.69.66.63.68.65.65.63.59.55.25.35.34.9.10.65.44.10.51.60.10.20.48.54.43.57.28.15.56.60.26.60.65.50.35.19.56.18.18.50.2.1.51.51.25.50.53.10.xover.mutate.done 50
 generation 31.66.66.67.67.65.65.62.62.62.64.10.55.19.6.50.49.57.16.10.44.4.4.14.3.13.54.85.50.4.3.53.56.61.63.8.9.3.28.17.50.8.54.43.4.61.65.51.4.13.38.xover.mutate.done 50
 generation 32.76.61.57.59.58.58.58.59.57.54.1.4.44.26.29.57.52.52.59.35.50.11.50.29.51.55.1.58.53.48.36.1.4.52.30.1.57.61.40.42.4.55.3.52.18.21.16.58.4.1.xover.mutate.done 50
 generation 33.82.67.63.67.64.69.64.62.61.64.2.63.54.54.50.60.50.61.50.47.24.50.11.25.47.41.71.42.1.50.20.12.66.46.32.59.31.52.50.22.11.50.51.31.58.64.40.7.51.61.xover.mutate.done 50
 generation 34.77.66.62.63.65.60.61.64.63.61.33.1.10.0.0.31.34.20.41.7.21.7.0.60.0.0.11.0.25.0.8.33.0.62.50.19.66.50.12.50.0.54.56.56.34.50.50.50.22.60.xover.mutate.done 50
 generation 35.77.58.50.55.56.55.55.55.55.54.33.20.1.17.18.50.1.0.43.7.7.1.4.50.56.50.50.0.45.52.4.54.3.39.12.1.1.50.1.50.48.55.1.65.15.52.53.53.8.52.xover.mutate.done 50
 generation 36.76.71.65.61.62.65.61.63.64.60.50.15.8.47.49.50.8.13.65.50.56.47.2.2.24.56.69.50.56.13.50.37.8.2.21.62.52.12.50.50.0.50.0.34.2.21.38.50.8.50.xover.mutate.done 50
 generation 37.82.68.65.62.63.64.59.57.59.58.34.15.9.50.50.28.1.0.1.48.1.50.31.50.4.56.31.55.9.62.65.26.50.33.55.50.8.23.50.1.6.54.22.56.18.55.1.7.50.50.xover.mutate.done 50
 generation 38.82.73.69.67.63.62.66.60.62.60.34.34.58.1.50.4.6.71.56.47.64.51.6.27.20.57.12.10.51.50.62.52.24.7.10.1.6.59.35.25.1.0.43.34.14.59.21.13.51.1.xover.mutate.done 50
 generation 39.87.80.61.74.74.71.70.71.67.68.11.60.1.1.69.4.50.0.34.58.26.1.61.6.20.50.38.1.66.0.0.0.29.7.8.47.71.43.42.50.65.59.10.22.1.32.70.62.20.0.xover.mutate.done 50
 generation 40.82.74.67.66.63.65.68.62.63.63.52.7.20.18.58.41.6.12.42.13.45.12.2.3.59.13.6.8.3.3.7.28.64.35.64.52.3.3.5.52.18.11.48.15.2.52.3.11.67.7.xover.mutate.done 50
 generation 41.83.73.67.74.69.71.69.65.65.71.7.19.2.8.18.4.16.69.16.67.1.38.0.4.48.0.31.49.40.28.36.19.24.54.13.6.19.1.7.2.33.50.73.1.10.1.13.43.1.47.xover.mutate.done 50
 generation 42.88.72.75.68.72.67.69.67.67.65.22.1.29.48.20.10.0.50.1.17.17.67.14.32.30.43.27.5.1.64.30.14.59.70.7.1.50.50.20.22.28.1.52.10.8.48.30.67.1.1.xover.mutate.done 50
 generation 43.83.64.65.64.68.62.69.64.66.66.52.5.61.38.25.50.4.4.51.41.32.4.4.61.64.67.51.10.4.4.31.14.53.33.60.13.20.62.4.49.42.21.37.13.44.42.22.18.29.18.xover.mutate.done 50
 generation 44.81.66.66.63.59.65.64.66.64.62.1.7.13.7.50.39.50.46.51.1.1.44.1.46.58.35.56.39.39.1.1.50.17.65.22.10.63.1.24.64.1.0.5.15.32.11.47.20.1.42.xover.mutate.done 50
 generation 45.86.66.75.76.68.69.65.64.68.69.57.7.8.50.41.50.47.41.0.62.32.33.24.3.0.62.12.8.34.57.10.41.40.3.56.57.7.50.17.23.47.66.62.22.19.10.23.30.34.19.xover.mutate.done 50
 generation 46.80.73.73.76.66.70.72.58.68.70.67.59.49.64.50.30.50.17.49.63.0.7.59.55.36.52.0.0.0.0.8.59.8.50.50.13.62.57.30.19.0.50.70.20.0.13.50.65.25.69.xover.mutate.done 50
 generation 47.87.72.76.73.69.70.70.71.70.71.5.51.70.54.39.1.38.68.2.44.1.28.1.65.20.23.8.70.59.41.22.1.21.73.51.1.30.48.17.20.1.53.1.0.50.66.16.47.60.64.xover.mutate.done 50
 generation 48.82.76.73.67.72.69.70.67.70.68.68.32.7.41.40.51.68.0.1.71.47.66.40.50.20.45.48.0.69.17.17.23.8.68.51.68.1.46.51.1.68.45.8.32.1.27.70.18.62.51.xover.mutate.done 50
 generation 49.88.81.80.77.78.66.73.73.77.73.7.65.56.56.52.79.25.82.20.3.59.46.47.52.2.56.52.37.80.62.3.32.2.62.40.36.50.50.3.2.52.13.21.74.73.79.19.12.81.52.xover.mutate.done 50
 33172234 iters     696601 iter/sec (47.62 s)
 total time: 47.62
