0.7109375 0.046875 0.8203125 0.9453125 0.9453125 0.28125 0.1484375 0.9921875 0.5703125 0.9453125 
0.03125 0.046875 0.9453125 0.9921875 0.9453125 0.0546875 0.9765625 0.9375 0.9453125 0.0078125 
0.4921875 0.0234375 0.03125 0.0390625 0.1640625 0.2421875 0.09375 0.1015625 0.0859375 0.046875 
0.4921875 0.4921875 0.0234375 0.03125 0.0390625 0.1640625 0.2421875 0.09375 0.1015625 0.0859375 
0.4921875 0.4921875 0.5 0.03125 0.0390625 0.1640625 0.2421875 0.09375 0.1015625 0.0859375 
0.5 0.4921875 0.4921875 0.609375 0.03125 0.0390625 0.1640625 0.2421875 0.09375 0.1015625 
0.4921875 0.4921875 0.5 0.03125 0.0390625 0.1640625 0.2421875 0.09375 0.1015625 0.0703125 
0.5 0.4921875 0.4921875 0.03125 0.0390625 0.1640625 0.2421875 0.09375 0.1015625 0.0703125 
0.5 0.4921875 0.4921875 0.4921875 0.03125 0.0390625 0.1640625 0.2421875 0.09375 0.1015625 
0.5 0.4921875 0.4921875 0.4921875 0.03125 0.0390625 0.1640625 0.2421875 0.09375 0.1015625 
0.5 0.5 0.5 0.4921875 0.4921875 0.4921875 0.4765625 0.03125 0.0390625 0.1640625 
0.5 0.5 0.5 0.4921875 0.4921875 0.4921875 0.4765625 0.5 0.4765625 0.03125 
0.5 0.5 0.5 0.4921875 0.4921875 0.4921875 0.4765625 0.4765625 0.5 0.4375 
0.484375 0.4921875 0.4921875 0.4921875 0.4375 0.5234375 0.5 0.5 0.5 0.484375 
0.484375 0.5625 0.5 0.5 0.5 0.4921875 0.4921875 0.4921875 0.4921875 0.4921875 
0.484375 0.5625 0.515625 0.4921875 0.4921875 0.4921875 0.4921875 0.4921875 0.4921875 0.5 
0.484375 0.5625 0.515625 0.4921875 0.5 0.5 0.4921875 0.4921875 0.4921875 0.4921875 
0.484375 0.5625 0.515625 0.4765625 0.4921875 0.46875 0.4609375 0.5 0.5 0.4921875 
0.484375 0.5078125 0.5625 0.515625 0.4921875 0.4765625 0.46875 0.4609375 0.5 0.5 
0.484375 0.5078125 0.484375 0.4921875 0.5 0.5 0.46875 0.4609375 0.4609375 0.4765625 
0.5078125 0.484375 0.484375 0.484375 0.4921875 0.5 0.5 0.4921875 0.4609375 0.4609375 
0.484375 0.5078125 0.5 0.5 0.4609375 0.484375 0.484375 0.4609375 0.4921875 0.4921875 
0.484375 0.5078125 0.484375 0.5 0.5 0.5 0.484375 0.4921875 0.4921875 0.4609375 
0.484375 0.484375 0.4921875 0.4921875 0.5078125 0.4921875 0.5078125 0.5 0.5 0.5 
0.5078125 0.484375 0.484375 0.5078125 0.4921875 0.4921875 0.4921875 0.5 0.5 0.5 
0.484375 0.5078125 0.5078125 0.5 0.5 0.5 0.484375 0.4921875 0.4921875 0.4921875 
0.484375 0.5078125 0.5078125 0.5 0.5 0.5 0.484375 0.5625 0.4921875 0.4921875 
0.484375 0.53125 0.5078125 0.484375 0.5078125 0.4921875 0.4921875 0.4921875 0.5 0.5 
0.484375 0.53125 0.5078125 0.5 0.5 0.5 0.5078125 0.484375 0.5078125 0.4921875 
0.484375 0.5078125 0.5390625 0.53125 0.5078125 0.5 0.5 0.5 0.484375 0.4921875 
0.484375 0.5390625 0.5390625 0.5390625 0.5078125 0.4921875 0.5390625 0.53125 0.546875 0.515625 
0.484375 0.5390625 0.546875 0.515625 0.53125 0.4921875 0.546875 0.5078125 0.5234375 0.5390625 
0.484375 0.546875 0.5390625 0.515625 0.4921875 0.5390625 0.5390625 0.5390625 0.53125 0.5078125 
0.484375 0.5390625 0.4921875 0.515625 0.53125 0.5390625 0.5390625 0.5390625 0.546875 0.5078125 
0.484375 0.5390625 0.4921875 0.515625 0.546875 0.5390625 0.5390625 0.5390625 0.5390625 0.5390625 
0.484375 0.4921875 0.546875 0.484375 0.5390625 0.53125 0.53125 0.546875 0.515625 0.5078125 
0.484375 0.484375 0.5078125 0.515625 0.5390625 0.546875 0.5390625 0.53125 0.53125 0.53125 
0.53125 0.484375 0.5234375 0.484375 0.515625 0.53125 0.5390625 0.53125 0.53125 0.546875 
0.484375 0.53125 0.484375 0.53125 0.5390625 0.546875 0.53125 0.515625 0.53125 0.4921875 
0.484375 0.484375 0.484375 0.53125 0.53125 0.5390625 0.515625 0.4921875 0.53125 0.546875 
0.53125 0.484375 0.5 0.484375 0.484375 0.515625 0.4765625 0.5390625 0.5078125 0.546875 
0.4765625 0.484375 0.484375 0.484375 0.5078125 0.5 0.546875 0.4921875 0.53125 0.5390625 
0.484375 0.484375 0.4765625 0.46875 0.484375 0.5 0.53125 0.5390625 0.546875 0.4921875 
0.484375 0.4765625 0.53125 0.484375 0.5 0.484375 0.546875 0.4921875 0.46875 0.5390625 
0.5 0.484375 0.53125 0.484375 0.484375 0.4765625 0.4921875 0.46875 0.53125 0.546875 
0.53125 0.5 0.484375 0.4765625 0.46875 0.484375 0.484375 0.4921875 0.546875 0.53125 
0.4765625 0.484375 0.484375 0.484375 0.4921875 0.5 0.53125 0.46875 0.546875 0.4609375 
0.484375 0.4765625 0.4921875 0.53125 0.484375 0.484375 0.5 0.4609375 0.46875 0.5 
0.53125 0.4921875 0.5 0.484375 0.484375 0.4765625 0.421875 0.484375 0.5 0.4609375 
0.4765625 0.484375 0.53125 0.5 0.421875 0.484375 0.4296875 0.4921875 0.4609375 0.484375 
