52 52 50 50 50 50 50 50 50 50 50 50 50 18 11 5 2 2 2 2 2 2 2 2 2 2 2 2 2 2 2 2 2 2 2 2 0 0 0 0 0 0 0 0 0 0 0 0 0 0 
51 50 50 50 50 50 50 50 50 50 50 50 50 50 50 50 50 50 50 50 50 50 50 50 38 31 7 4 3 1 1 1 1 1 1 1 1 1 1 1 1 1 1 1 1 1 1 0 0 0 
51 51 50 50 50 50 50 50 50 50 50 50 50 50 50 50 50 50 50 50 50 50 50 50 50 50 50 50 50 50 36 7 2 2 1 1 1 1 1 1 1 1 1 1 1 1 1 1 1 0 
53 53 53 53 51 51 51 51 51 51 51 51 51 51 51 51 51 50 50 50 50 50 50 50 50 50 50 50 50 50 50 50 50 12 9 8 4 4 4 4 4 3 3 3 3 3 3 1 1 1 
52 52 52 52 52 52 52 52 52 52 52 52 52 52 52 52 52 52 52 52 52 52 52 50 50 50 50 50 50 34 10 4 2 2 2 2 2 2 2 2 2 2 2 2 2 2 2 2 2 0 
51 51 51 51 51 51 51 51 51 51 51 51 51 51 51 51 51 51 50 4 3 3 3 3 3 3 3 3 3 3 3 3 3 3 3 3 3 3 3 3 3 3 3 3 3 3 3 1 1 1 
51 51 51 51 51 51 51 51 51 51 51 51 51 51 51 51 51 51 51 51 51 51 51 51 51 51 50 50 50 50 50 44 41 38 19 12 11 7 1 1 1 1 1 1 1 1 1 1 1 0 
51 51 51 51 51 51 51 51 51 51 51 51 51 51 51 51 51 51 51 51 51 51 51 51 51 51 50 50 50 50 50 28 27 20 12 2 2 2 2 2 2 1 1 1 1 1 1 1 1 1 
51 51 51 51 51 51 51 51 51 51 51 51 51 51 51 51 51 51 51 51 51 51 51 51 51 51 51 51 51 51 50 41 29 18 17 15 15 3 3 3 3 3 3 3 3 3 2 1 1 1 
52 52 52 52 52 52 52 52 52 52 52 52 52 52 52 52 52 52 52 52 52 52 52 52 52 52 52 52 52 52 52 44 15 5 3 3 3 3 3 3 3 3 3 3 3 3 3 3 2 1 
52 52 52 52 52 52 52 52 52 52 52 52 52 52 52 52 52 52 52 52 52 52 52 52 52 52 52 52 50 49 30 26 15 14 10 2 2 2 2 2 2 2 2 2 2 2 2 2 2 2 
51 51 51 51 51 51 51 51 51 51 51 51 51 51 51 51 51 51 51 51 51 45 27 21 19 16 16 14 11 3 2 2 2 2 2 2 2 2 2 2 2 2 2 2 2 2 1 1 1 1 
50 50 50 50 50 50 50 50 50 50 50 50 50 50 50 50 50 50 50 50 50 50 42 40 33 18 13 13 0 0 0 0 0 0 0 0 0 0 0 0 0 0 0 0 0 0 0 0 0 0 
50 50 50 50 50 50 50 50 50 50 50 50 50 50 50 50 50 50 50 50 50 48 47 47 47 36 32 32 24 24 20 8 1 1 1 1 1 1 1 1 1 1 1 1 1 1 1 0 0 0 
50 50 50 50 50 50 50 50 50 50 50 50 50 50 50 50 50 50 50 50 50 50 50 50 50 33 24 12 6 1 1 1 1 1 1 1 1 1 1 1 1 1 1 1 1 1 1 1 1 1 
50 50 50 50 50 50 50 50 50 50 50 50 50 50 50 50 50 50 50 50 50 50 50 50 50 50 50 50 50 50 48 48 24 17 13 8 0 0 0 0 0 0 0 0 0 0 0 0 0 0 
52 52 52 52 52 52 52 52 52 52 52 52 52 52 52 52 52 52 52 50 50 50 49 40 33 22 18 18 18 18 17 10 8 6 4 3 3 3 3 3 3 3 3 3 3 3 3 3 3 2 
51 51 51 51 51 51 51 51 51 51 51 51 51 51 51 51 51 51 51 51 51 51 51 51 51 51 51 50 50 49 43 35 19 15 13 12 12 11 11 9 6 1 1 1 1 1 1 1 1 1 
51 51 51 51 51 51 51 51 51 51 51 51 51 51 51 51 51 51 51 51 51 51 51 51 51 51 51 51 51 51 51 51 50 50 35 31 21 18 18 13 11 9 9 8 2 2 2 2 2 1 
51 51 51 51 51 51 51 51 51 51 51 51 51 51 51 51 51 51 51 51 51 51 51 51 51 51 51 51 51 51 51 51 50 50 50 19 10 7 6 1 1 1 1 1 1 1 1 1 0 0 
50 50 50 50 50 50 50 50 50 50 50 50 50 50 50 50 50 50 50 50 50 50 50 50 50 50 50 50 50 46 24 20 18 16 13 13 8 0 0 0 0 0 0 0 0 0 0 0 0 0 
52 52 52 52 52 52 52 52 52 52 52 52 52 52 52 52 52 52 52 52 50 50 50 46 41 40 37 31 31 27 21 20 15 13 11 3 3 3 3 3 3 3 3 3 2 2 1 1 1 1 
50 50 50 50 50 50 50 50 50 50 50 50 50 50 50 50 50 50 50 50 50 50 50 50 50 50 50 50 50 50 50 44 21 20 19 18 17 16 7 3 3 3 3 3 3 3 3 3 3 0 
51 51 51 51 51 51 51 51 51 51 51 51 51 51 51 51 51 51 51 51 51 51 51 51 51 51 51 51 51 51 50 50 50 50 42 40 13 9 8 7 2 2 2 2 2 2 2 2 2 2 
50 50 50 50 50 50 50 50 50 50 50 50 50 50 50 50 50 50 50 50 50 50 50 50 50 50 50 50 50 50 50 46 26 18 10 8 1 1 1 1 1 1 1 1 1 1 1 1 1 0 
50 50 50 50 50 50 50 50 50 50 50 50 50 50 50 50 50 50 50 50 50 50 50 50 50 50 50 50 50 24 12 12 10 10 4 0 0 0 0 0 0 0 0 0 0 0 0 0 0 0 
50 50 50 50 50 50 50 50 50 50 50 50 50 50 50 50 50 50 50 50 50 50 50 50 49 49 49 41 37 26 19 19 15 15 14 13 10 9 8 8 0 0 0 0 0 0 0 0 0 0 
50 50 50 50 50 50 50 50 50 50 50 50 50 50 50 50 50 50 50 50 50 50 50 50 50 12 9 0 0 0 0 0 0 0 0 0 0 0 0 0 0 0 0 0 0 0 0 0 0 0 
50 50 50 50 50 50 50 50 50 50 50 50 50 50 50 50 50 50 50 50 50 50 50 50 50 50 50 50 50 50 50 49 20 17 3 3 3 3 3 3 3 3 3 3 3 3 3 0 0 0 
52 52 52 52 52 52 52 52 52 52 52 52 52 52 52 52 52 52 52 52 52 52 52 52 52 52 52 52 52 51 50 50 50 38 33 21 12 8 5 4 4 4 4 4 4 4 4 4 4 2 
50 50 50 50 50 50 50 50 50 50 50 50 50 50 50 50 50 50 50 50 50 50 50 50 50 38 22 17 16 16 2 2 2 2 2 2 2 2 2 2 2 2 2 2 2 2 2 2 2 0 
50 50 50 50 50 50 50 50 50 50 50 50 50 50 50 50 50 50 50 50 50 50 50 50 50 50 50 50 50 50 49 18 6 1 1 1 1 1 1 1 1 1 1 1 1 1 1 0 0 0 
52 52 52 52 52 52 52 52 52 52 52 52 52 52 52 52 52 52 52 52 52 52 52 52 52 52 50 50 32 27 14 13 11 2 2 2 2 2 2 2 2 2 2 2 2 2 2 2 2 2 
50 50 50 50 50 50 50 50 50 50 50 50 50 50 50 50 50 50 50 50 50 50 50 50 50 50 50 50 50 49 9 8 8 8 1 1 1 1 1 1 1 1 1 1 1 0 0 0 0 0 
50 50 50 50 50 50 50 50 50 50 50 50 50 50 50 50 50 50 50 50 50 50 50 50 50 50 50 50 50 50 50 50 50 15 13 13 9 2 2 2 2 2 1 1 1 1 1 1 0 0 
51 51 51 51 51 51 51 51 51 51 51 51 51 51 51 51 51 51 51 51 51 51 51 50 50 50 39 22 17 3 3 3 3 3 3 3 3 3 3 3 3 3 3 3 3 3 3 3 2 2 
50 50 50 50 50 50 50 50 50 50 50 50 50 50 50 50 50 50 50 50 50 50 50 50 50 50 50 48 13 11 6 5 1 1 1 1 1 1 1 1 1 1 1 1 1 1 1 1 0 0 
51 51 51 51 51 51 51 51 51 51 51 51 51 51 51 51 51 51 51 51 51 51 51 51 51 51 51 50 50 48 24 13 12 12 1 1 1 1 1 1 1 1 1 1 1 1 1 1 1 0 
51 51 51 51 51 51 51 51 51 51 51 51 51 51 51 51 51 51 51 51 51 51 51 51 51 51 51 51 51 50 50 50 50 50 47 20 17 17 1 1 1 1 1 1 1 1 1 1 1 1 
51 51 51 51 51 51 51 51 51 51 51 51 51 51 51 51 51 51 51 51 51 51 51 51 51 51 51 51 51 50 50 50 50 48 47 22 16 16 16 12 12 11 8 4 4 4 4 4 4 4 
50 50 50 50 50 50 50 50 50 50 50 50 50 50 50 50 50 50 50 50 50 50 50 50 50 50 50 50 50 49 24 13 8 1 1 1 1 1 1 1 1 1 1 1 1 1 1 1 1 0 
50 50 50 50 50 50 50 50 50 50 50 50 50 50 50 50 50 50 50 50 50 50 50 50 50 50 41 19 19 17 15 13 1 0 0 0 0 0 0 0 0 0 0 0 0 0 0 0 0 0 
51 51 51 51 51 51 51 51 51 51 51 51 51 51 51 51 51 51 51 51 51 51 50 50 50 50 49 43 36 27 21 18 17 16 14 11 9 5 2 2 2 2 2 2 2 2 2 1 1 1 
51 51 51 51 51 51 51 51 51 51 51 51 51 51 51 51 51 51 51 51 51 51 51 51 51 51 51 51 51 50 50 50 49 23 21 21 17 10 9 9 9 9 9 6 2 2 2 2 2 1 
51 51 51 51 51 51 51 51 51 51 51 51 51 51 51 51 51 51 51 51 51 51 51 51 51 51 50 50 50 50 50 48 28 26 22 19 16 14 13 1 1 1 1 1 1 1 1 0 0 0 
51 51 51 51 51 51 51 51 51 51 51 51 51 51 51 51 51 51 51 51 51 51 51 51 51 51 51 51 51 51 51 51 51 50 50 50 50 26 12 3 3 3 3 3 3 3 3 3 2 2 
50 50 50 50 50 50 50 50 50 50 50 50 50 50 50 50 50 50 50 50 50 50 50 50 50 50 24 17 14 11 10 5 0 0 0 0 0 0 0 0 0 0 0 0 0 0 0 0 0 0 
51 51 51 51 51 51 51 51 51 51 51 51 51 51 51 51 51 51 50 50 50 50 50 50 26 16 15 10 1 1 1 1 1 1 1 1 1 1 1 1 1 1 1 1 1 1 1 0 0 0 
51 51 51 51 51 51 51 51 51 51 51 51 51 51 51 51 51 51 51 51 51 51 51 50 50 50 50 50 50 50 19 18 13 5 2 2 2 2 2 2 2 2 1 1 1 1 1 1 1 1 
50 50 50 50 50 50 50 50 50 50 50 50 50 50 50 50 50 50 50 50 50 50 50 50 50 50 50 50 50 40 32 0 0 0 0 0 0 0 0 0 0 0 0 0 0 0 0 0 0 0 
