0.359375 0.4765625 0.2890625 0.859375 0.34375 0.8515625 0.0859375 0.2734375 0.6640625 0.203125 
0.8515625 0.9453125 0.1171875 0.09375 0.9453125 0.96875 0.9453125 0.9296875 0.1328125 0.0 
0.8515625 0.9453125 0.1171875 0.09375 0.9453125 0.96875 0.9453125 0.9296875 0.1328125 0.0 
0.8046875 0.6875 0.6796875 0.890625 0.703125 0.6796875 0.84375 0.78125 0.5625 0.8515625 
0.8046875 0.828125 0.5 0.5625 0.6875 0.6796875 0.890625 0.703125 0.6796875 0.84375 
0.8046875 0.6875 0.828125 0.796875 0.1484375 0.2265625 0.6875 0.6796875 0.890625 0.703125 
0.8046875 0.796875 0.6875 0.828125 0.6875 0.6796875 0.890625 0.703125 0.7890625 0.703125 
0.8046875 0.796875 0.6875 0.828125 0.6875 0.6796875 0.890625 0.703125 0.7890625 0.703125 
0.8046875 0.828125 0.796875 0.6875 0.6875 0.6796875 0.890625 0.703125 0.7890625 0.703125 
0.8046875 0.828125 0.796875 0.6875 0.6875 0.6640625 0.6875 0.6796875 0.890625 0.703125 
0.8046875 0.828125 0.6875 0.6875 0.6640625 0.65625 0.796875 0.6875 0.6796875 0.890625 
0.8046875 0.796875 0.828125 0.6875 0.6875 0.7578125 0.7265625 0.6875 0.6640625 0.65625 
0.8046875 0.828125 0.6796875 0.796875 0.65625 0.625 0.6875 0.6875 0.7578125 0.7265625 
0.8046875 0.796875 0.828125 0.6796875 0.6484375 0.65625 0.625 0.6875 0.6875 0.7578125 
0.8046875 0.6484375 0.65625 0.625 0.6875 0.6875 0.7578125 0.6796875 0.828125 0.6796875 
0.8046875 0.6484375 0.828125 0.6796875 0.6484375 0.65625 0.625 0.6171875 0.6875 0.6875 
0.8046875 0.828125 0.6484375 0.6796875 0.6484375 0.65625 0.625 0.6171875 0.6875 0.6875 
0.8046875 0.6796875 0.828125 0.6484375 0.6484375 0.6875 0.6875 0.6640625 0.640625 0.6796875 
0.828125 0.6796875 0.6328125 0.609375 0.6796875 0.6484375 0.6484375 0.6875 0.6875 0.640625 
0.6796875 0.6328125 0.609375 0.6953125 0.828125 0.6796875 0.6484375 0.6484375 0.6875 0.6875 
0.828125 0.6796875 0.609375 0.6953125 0.6484375 0.6328125 0.6796875 0.6484375 0.6484375 0.6875 
0.828125 0.6796875 0.609375 0.6953125 0.6484375 0.609375 0.6171875 0.6328125 0.6796875 0.6484375 
0.578125 0.609375 0.6796875 0.6484375 0.6796875 0.625 0.6875 0.6875 0.828125 0.6796875 
0.578125 0.5703125 0.609375 0.6796875 0.6796875 0.6484375 0.6796875 0.625 0.6875 0.6875 
0.578125 0.5703125 0.6796875 0.6484375 0.625 0.6484375 0.6328125 0.609375 0.6796875 0.6875 
0.5703125 0.578125 0.609375 0.6796875 0.6484375 0.625 0.6484375 0.6328125 0.6171875 0.6796875 
0.609375 0.59375 0.5703125 0.609375 0.6796875 0.625 0.6328125 0.6171875 0.578125 0.6484375 
0.609375 0.578125 0.59375 0.6015625 0.5703125 0.578125 0.6015625 0.609375 0.6796875 0.625 
0.578125 0.609375 0.625 0.59375 0.578125 0.6015625 0.6015625 0.625 0.5703125 0.609375 
0.578125 0.578125 0.625 0.59375 0.6015625 0.609375 0.625 0.5703125 0.5625 0.59375 
0.578125 0.6015625 0.59375 0.609375 0.5625 0.578125 0.625 0.6015625 0.59375 0.5625 
0.578125 0.609375 0.6015625 0.625 0.59375 0.5625 0.6015625 0.59375 0.59375 0.5703125 
0.59375 0.6015625 0.625 0.578125 0.609375 0.59375 0.5625 0.578125 0.5703125 0.6171875 
0.59375 0.6015625 0.578125 0.578125 0.578125 0.5703125 0.609375 0.59375 0.5625 0.625 
0.59375 0.5390625 0.5703125 0.6015625 0.578125 0.5859375 0.578125 0.609375 0.625 0.5390625 
0.59375 0.5390625 0.53125 0.578125 0.609375 0.6015625 0.625 0.5703125 0.5859375 0.578125 
0.59375 0.5078125 0.5390625 0.609375 0.546875 0.578125 0.6015625 0.625 0.5703125 0.5859375 
0.59375 0.5078125 0.53125 0.5390625 0.578125 0.546875 0.5703125 0.625 0.546875 0.578125 
0.59375 0.5078125 0.53125 0.5390625 0.546875 0.578125 0.5390625 0.53125 0.5703125 0.546875 
0.59375 0.5078125 0.53125 0.53125 0.5390625 0.5390625 0.546875 0.546875 0.578125 0.5703125 
0.59375 0.5078125 0.53125 0.5390625 0.5390625 0.546875 0.546875 0.546875 0.546875 0.5546875 
0.59375 0.5078125 0.546875 0.53125 0.515625 0.5390625 0.546875 0.5703125 0.5546875 0.5390625 
0.59375 0.53125 0.5078125 0.53125 0.5390625 0.5390625 0.515625 0.546875 0.5703125 0.546875 
0.59375 0.5078125 0.53125 0.5390625 0.5390625 0.515625 0.53125 0.5390625 0.546875 0.5703125 
0.59375 0.53125 0.5390625 0.546875 0.546875 0.5703125 0.53125 0.5078125 0.5390625 0.5390625 
0.59375 0.53125 0.5390625 0.5078125 0.5703125 0.5234375 0.53125 0.5390625 0.53125 0.546875 
0.59375 0.5078125 0.5390625 0.5234375 0.546875 0.5703125 0.53125 0.53125 0.5546875 0.53125 
0.59375 0.5234375 0.5078125 0.5390625 0.53125 0.5703125 0.53125 0.515625 0.578125 0.5546875 
0.59375 0.5078125 0.5390625 0.5390625 0.5234375 0.515625 0.5546875 0.5703125 0.53125 0.578125 
0.59375 0.5078125 0.5390625 0.5234375 0.5390625 0.5546875 0.53125 0.53125 0.515625 0.5078125 
