51 50 50 50 50 50 50 50 50 50 50 50 50 50 50 50 10 1 1 1 1 1 1 1 1 1 1 1 1 1 1 1 1 1 1 1 1 1 1 0 0 0 0 0 0 0 0 0 0 0 
61 52 51 51 51 51 51 51 51 50 50 50 50 50 50 50 50 50 50 50 50 50 50 50 50 50 41 20 16 16 13 8 6 1 1 1 1 1 1 1 1 1 1 1 1 1 1 1 0 0 
78 78 54 51 51 51 51 51 51 51 51 51 51 51 51 51 51 50 50 50 50 50 50 50 50 50 50 50 50 50 50 50 50 50 37 18 1 1 1 1 1 1 1 1 1 1 1 0 0 0 
70 70 68 52 52 52 52 52 52 52 52 52 52 52 52 52 52 52 52 51 51 51 50 50 50 50 50 50 50 50 50 12 6 4 3 3 3 3 3 3 3 2 2 2 2 2 2 2 1 1 
73 67 67 52 50 50 50 50 50 50 50 50 50 50 50 50 50 50 50 50 50 50 50 50 50 50 50 50 19 7 6 5 2 2 2 2 2 2 2 2 2 2 2 2 2 0 0 0 0 0 
77 77 73 52 52 52 52 52 52 52 52 52 52 52 52 52 52 52 52 52 52 50 50 50 50 50 50 23 6 2 2 2 2 2 2 2 2 2 2 2 2 2 2 2 2 2 0 0 0 0 
76 72 72 51 51 51 51 51 51 51 51 51 51 51 51 51 51 51 51 51 51 51 50 50 50 50 10 7 7 1 1 1 1 1 1 1 1 1 1 1 1 1 1 1 1 1 1 1 0 0 
67 67 67 67 52 52 52 52 52 52 52 52 52 52 52 52 52 52 52 50 50 50 50 50 50 16 13 5 4 4 4 4 4 4 4 4 4 2 2 2 2 2 2 2 2 2 2 2 2 2 
74 69 69 69 51 51 51 51 51 51 51 51 51 51 51 51 51 51 51 51 51 51 51 50 50 50 50 50 26 3 3 3 3 3 3 3 2 2 2 2 2 1 1 1 1 1 1 1 1 1 
69 69 69 67 67 67 65 50 50 50 50 50 50 50 50 50 50 50 50 50 50 50 50 50 50 50 50 44 27 0 0 0 0 0 0 0 0 0 0 0 0 0 0 0 0 0 0 0 0 0 
70 70 70 70 70 70 60 59 56 50 50 50 50 50 50 50 50 50 50 50 50 50 50 50 50 12 5 5 0 0 0 0 0 0 0 0 0 0 0 0 0 0 0 0 0 0 0 0 0 0 
74 74 74 71 71 71 70 69 61 59 55 51 51 51 50 50 50 50 50 50 50 50 50 38 30 27 23 13 13 7 2 2 2 2 2 2 1 1 1 1 1 1 1 1 1 1 1 1 1 1 
89 69 69 69 69 69 68 68 68 66 66 61 61 56 52 50 50 50 50 50 50 49 45 22 20 9 7 7 7 6 3 3 2 0 0 0 0 0 0 0 0 0 0 0 0 0 0 0 0 0 
85 70 66 66 66 65 65 65 65 65 63 58 58 57 55 55 53 51 50 50 49 49 38 37 34 31 30 25 20 18 14 11 11 11 8 7 3 3 1 1 1 1 1 1 1 1 1 0 0 0 
85 72 72 68 68 68 68 68 67 66 66 66 66 63 58 52 50 50 44 43 40 25 16 15 15 14 14 14 14 8 8 8 8 2 2 2 2 2 2 2 2 2 2 2 2 1 1 1 1 1 
80 67 65 65 65 65 63 63 63 63 63 61 58 51 51 50 47 39 37 37 30 24 24 15 10 5 5 5 3 2 2 2 2 2 0 0 0 0 0 0 0 0 0 0 0 0 0 0 0 0 
89 77 72 68 67 67 67 66 66 65 65 65 65 65 65 59 55 52 51 51 50 50 50 48 43 34 29 18 17 16 16 16 16 14 14 14 6 6 4 4 4 4 4 4 4 4 4 4 4 4 
88 85 76 76 75 74 74 74 74 74 73 62 25 14 13 13 13 11 11 11 8 8 8 8 6 6 6 6 3 3 3 3 3 3 3 3 3 3 3 3 3 3 3 3 2 2 1 1 1 1 
86 75 74 72 72 72 71 71 69 68 67 66 51 40 36 26 23 21 20 18 15 15 13 13 11 10 4 4 4 4 2 2 2 0 0 0 0 0 0 0 0 0 0 0 0 0 0 0 0 0 
84 83 76 75 72 72 72 72 71 70 67 67 57 54 49 41 39 29 27 21 20 20 20 20 19 19 18 17 12 7 7 7 7 7 7 4 4 4 4 4 4 4 4 4 4 4 4 4 3 1 
88 80 72 72 70 69 69 69 68 68 67 46 28 13 13 11 10 8 7 7 6 6 6 6 6 6 6 6 6 6 6 2 2 2 2 2 2 2 2 2 2 2 2 2 2 2 2 2 2 2 
88 87 76 72 72 72 69 69 69 67 65 64 64 56 49 40 40 38 30 29 13 11 10 9 9 5 5 5 5 5 5 3 0 0 0 0 0 0 0 0 0 0 0 0 0 0 0 0 0 0 
89 76 75 75 75 75 73 73 73 73 71 71 69 59 59 53 45 44 41 36 29 22 14 13 8 8 8 8 8 8 8 1 1 1 1 1 1 1 1 1 1 1 1 1 1 1 1 1 1 1 
79 78 74 74 71 71 71 71 71 71 69 68 48 46 41 38 32 31 27 25 17 15 14 13 12 9 5 5 5 5 5 1 1 1 1 1 1 1 1 1 1 1 1 1 1 1 1 1 1 0 
87 86 80 77 77 77 75 73 73 73 67 51 50 44 43 36 25 22 15 13 13 12 12 11 4 4 4 4 4 2 2 2 2 2 2 2 2 2 2 2 2 2 2 2 2 2 2 2 2 1 
83 77 74 70 70 70 68 68 67 67 67 67 67 56 42 22 18 15 14 13 12 11 10 10 7 7 5 5 5 5 5 5 5 0 0 0 0 0 0 0 0 0 0 0 0 0 0 0 0 0 
87 83 81 80 77 74 74 74 72 72 72 71 71 57 56 52 39 38 36 31 26 19 14 14 13 12 12 8 8 8 8 8 6 3 3 3 3 3 3 3 3 3 3 3 3 3 3 2 1 1 
82 74 74 74 74 74 73 73 70 69 69 69 69 48 42 42 37 31 26 15 13 9 8 8 8 8 8 8 3 3 3 3 3 3 3 3 3 3 3 3 3 3 3 3 3 3 3 2 2 1 
83 75 74 71 67 65 65 65 60 60 56 42 28 27 19 15 14 14 13 12 12 11 10 10 8 3 2 2 2 2 2 2 2 2 2 2 2 2 1 1 1 1 1 1 1 1 1 1 1 1 
83 83 83 83 82 82 80 79 77 76 71 71 71 68 68 68 67 67 64 59 49 47 45 45 39 35 35 34 27 26 23 15 15 13 11 5 5 5 5 5 0 0 0 0 0 0 0 0 0 0 
89 85 85 84 82 81 80 79 78 74 74 74 72 68 52 49 45 36 29 24 24 21 16 15 15 14 14 6 6 5 5 5 5 5 2 2 2 2 2 2 2 2 2 2 2 2 2 2 2 2 
86 79 78 75 74 74 74 74 72 72 66 64 63 63 39 36 30 29 26 24 13 12 12 11 11 9 7 7 7 7 7 7 6 6 6 6 6 6 6 6 6 1 1 1 1 0 0 0 0 0 
92 89 89 87 86 84 84 84 83 81 67 63 61 60 29 26 25 22 21 20 17 17 13 5 4 4 4 4 3 3 3 3 3 3 3 3 0 0 0 0 0 0 0 0 0 0 0 0 0 0 
88 86 82 80 80 78 78 78 78 78 77 76 57 51 47 47 45 45 40 32 28 21 20 19 19 16 13 12 12 12 10 6 4 4 4 4 4 4 4 4 1 1 1 1 1 1 1 1 1 0 
88 88 85 84 81 81 81 80 79 77 76 76 76 76 76 73 73 67 65 62 59 52 46 45 42 42 36 35 35 29 29 23 20 20 19 18 18 17 11 8 7 7 7 2 2 2 2 2 2 1 
89 87 85 83 83 82 82 82 82 80 80 79 77 71 69 69 68 68 64 54 44 40 29 28 27 24 21 20 17 14 12 9 9 8 7 6 5 5 5 5 4 3 3 3 3 3 3 3 3 2 
84 81 81 80 79 77 76 76 75 74 73 73 72 71 70 68 67 66 61 60 54 45 35 33 29 25 20 14 12 11 8 6 5 4 4 4 4 4 4 3 3 3 3 3 3 3 3 3 3 3 
88 87 86 86 86 83 82 81 78 76 73 72 56 51 51 39 35 32 20 14 14 14 14 9 9 8 8 8 7 7 7 4 4 4 4 4 4 4 4 4 4 4 4 4 4 3 3 3 1 1 
85 85 85 84 83 82 80 80 79 79 79 70 55 34 32 23 21 19 18 15 15 14 13 13 13 13 13 9 8 7 4 4 4 4 4 4 4 4 4 4 4 4 4 4 4 4 4 4 3 3 
95 93 92 91 90 90 90 89 89 86 85 83 83 83 78 68 67 64 59 59 53 53 46 39 17 15 13 9 7 7 6 6 6 3 3 2 2 2 2 2 2 2 2 2 2 2 2 2 1 1 
94 90 90 89 88 87 85 85 84 83 82 75 68 65 64 62 56 52 52 28 27 27 23 21 21 20 18 9 9 9 9 8 8 8 4 3 3 3 3 3 3 3 3 3 3 2 2 2 2 1 
93 90 89 89 88 88 86 86 85 82 81 79 77 69 69 68 68 61 54 44 40 23 22 20 14 14 11 7 7 6 6 6 3 3 3 3 3 3 3 3 3 3 3 3 3 2 2 2 1 1 
88 85 85 83 81 79 79 79 78 76 74 68 58 58 55 55 54 44 39 38 33 33 31 22 21 17 16 15 13 8 8 7 7 7 2 2 2 2 2 2 2 2 2 2 2 2 2 2 2 1 
90 88 86 86 86 85 84 83 82 80 79 72 47 44 42 38 37 35 31 29 27 23 22 21 21 20 15 5 5 5 5 5 1 1 1 1 1 1 1 1 1 1 1 1 1 1 1 1 0 0 
90 88 87 87 85 84 82 82 82 81 72 70 65 63 61 58 55 54 47 45 36 33 31 28 28 24 17 14 7 7 7 7 7 7 6 3 3 3 3 3 3 3 3 3 3 3 1 1 1 1 
85 85 84 83 83 78 76 76 76 71 67 67 58 56 52 51 50 47 33 21 18 18 15 12 8 7 4 3 3 3 3 3 2 2 2 2 2 2 2 2 2 2 2 2 2 2 2 2 2 2 
90 88 87 86 85 85 85 82 78 77 74 70 68 66 65 64 63 49 40 40 38 29 25 22 21 8 6 6 5 5 5 2 2 2 2 2 2 2 2 2 2 2 2 2 1 1 1 1 1 1 
92 86 84 83 82 82 82 80 79 78 77 77 77 76 73 67 63 59 57 53 50 49 43 36 36 31 25 25 25 21 14 6 6 6 5 5 5 5 3 1 1 1 1 1 1 1 1 0 0 0 
90 88 87 87 85 83 83 82 82 77 77 75 71 65 59 57 57 56 47 46 31 25 19 19 17 16 15 12 6 5 3 3 3 3 2 2 2 2 2 2 2 2 2 2 2 2 2 2 0 0 
90 89 89 88 86 86 85 83 83 83 82 82 76 75 66 65 64 57 56 43 30 30 27 27 20 19 14 13 12 11 6 6 4 3 1 1 1 1 1 1 1 1 1 1 1 1 1 0 0 0 
