% Invoked: ./gella -d -r 3 -l biased_r3/run46 >& biased_r3/run46.log
% Ministry of Cellular Automata
% Project Deux (CS523 Spring 2015)
% Version:v0.1-70-g0624-dirty
%  pop:50
%  ic count:100
%  CA Log option:biased_r3/run46
%  width:121
%  max workers:4
%  radius:3
%  iterations:300
%  use bias:true
%  generations:50

 generation 0.2.1.16.1.1.1.1.1.2.1.2.1.51.1.2.1.1.1.2.1.2.1.1.1.1.1.2.50.2.1.2.50.1.2.50.2.2.2.1.1.2.2.1.1.1.32.1.1.2.1.xover.mutate.done 50
 generation 1.50.50.50.50.27.16.1.1.1.1.0.1.0.0.1.0.0.1.0.50.1.50.1.1.0.0.1.1.1.1.1.1.1.1.0.27.1.0.0.0.8.1.1.1.0.0.1.50.1.1.xover.mutate.done 50
 generation 2.50.50.50.50.50.50.50.28.28.8.50.50.0.50.0.0.0.0.9.50.0.0.0.0.50.0.16.0.11.8.0.0.0.17.50.0.0.0.0.0.0.0.0.0.0.0.0.0.28.50.xover.mutate.done 50
 generation 3.50.50.50.50.50.50.50.50.50.50.50.1.50.1.50.1.0.1.50.1.50.1.1.1.0.1.1.1.50.1.1.21.50.19.50.4.2.21.50.0.1.50.50.50.1.50.1.50.40.43.xover.mutate.done 50
 generation 4.52.50.50.50.52.52.52.52.52.50.52.2.52.1.3.3.40.3.52.52.50.50.3.52.3.1.52.50.3.3.42.52.3.52.3.52.25.50.50.3.3.1.2.3.30.50.16.2.1.3.xover.mutate.done 50
 generation 5.50.50.50.50.50.50.50.50.50.50.50.50.0.0.21.50.0.0.0.0.50.50.50.1.22.50.50.50.0.0.0.0.0.0.50.0.50.50.0.50.50.50.0.50.50.0.0.0.0.50.xover.mutate.done 50
 generation 6.52.52.52.52.52.52.52.52.52.52.50.52.3.3.52.3.37.52.3.52.52.3.52.52.3.3.50.3.50.3.37.3.1.25.3.52.3.52.3.42.3.50.52.52.3.3.3.3.52.3.xover.mutate.done 50
 generation 7.50.50.50.50.50.50.50.50.50.50.2.2.2.50.2.50.2.50.15.50.2.2.2.2.2.50.50.50.2.50.2.50.2.50.50.50.2.2.2.26.2.50.50.50.50.50.50.50.2.2.xover.mutate.done 50
 generation 8.50.50.50.50.50.50.50.50.50.50.50.31.26.50.16.50.50.1.50.23.1.50.50.2.50.30.50.50.1.50.16.50.1.50.50.50.12.50.50.1.1.1.1.1.50.50.50.50.50.1.xover.mutate.done 50
 generation 9.50.50.50.50.50.50.50.50.50.50.50.50.50.0.50.50.0.50.50.0.0.50.50.50.0.14.0.0.50.50.0.50.0.50.50.50.0.50.0.0.0.50.50.50.0.50.50.50.0.0.xover.mutate.done 50
 generation 10.50.50.50.50.50.50.50.50.50.50.50.1.50.50.50.1.50.50.1.50.1.1.17.0.50.50.50.21.32.50.50.50.50.50.50.50.50.1.1.1.50.50.50.1.50.50.50.1.50.1.xover.mutate.done 50
 generation 11.50.50.50.50.50.50.50.50.50.50.50.1.50.50.50.50.1.1.50.19.4.1.1.33.50.50.50.50.39.0.1.17.1.50.0.50.1.42.50.1.50.1.50.50.50.1.1.50.50.50.xover.mutate.done 50
 generation 12.50.50.50.50.50.50.50.50.50.50.50.24.50.0.50.50.36.50.50.0.50.50.0.50.0.50.50.35.0.28.25.0.50.28.50.18.50.0.0.0.0.19.0.50.47.50.50.14.50.0.xover.mutate.done 50
 generation 13.51.51.51.51.51.51.51.51.51.51.2.1.2.51.2.51.1.2.51.51.51.3.50.1.51.51.22.2.7.1.1.2.51.51.51.51.48.51.51.51.51.51.3.2.2.2.51.51.18.16.xover.mutate.done 50
 generation 14.51.51.51.51.51.51.51.51.51.51.50.50.1.51.2.2.51.19.18.1.23.2.9.15.51.51.51.50.51.51.51.51.1.50.51.51.2.2.50.51.28.2.1.51.49.1.2.2.51.2.xover.mutate.done 50
 generation 15.51.51.51.51.51.51.51.51.51.51.51.3.27.51.51.3.3.3.3.3.10.51.3.3.3.10.51.3.3.51.51.51.51.51.17.3.51.51.44.51.51.51.5.51.44.3.3.51.3.2.xover.mutate.done 50
 generation 16.51.51.51.51.51.51.51.51.51.51.51.51.51.51.51.51.1.51.51.1.51.51.51.1.51.0.51.51.1.51.51.1.51.51.51.1.51.51.0.51.51.1.27.51.1.51.1.51.1.0.xover.mutate.done 50
 generation 17.51.51.51.51.51.51.51.51.51.51.1.3.51.51.1.51.3.51.51.3.51.50.51.3.3.3.3.51.1.3.3.51.3.51.25.51.3.3.51.51.51.51.1.3.15.51.51.3.51.13.xover.mutate.done 50
 generation 18.51.51.51.51.51.51.51.51.51.51.1.1.1.51.1.51.51.51.51.51.51.1.1.51.0.2.1.1.51.1.51.51.1.1.51.1.51.1.1.10.51.1.51.51.1.1.51.51.1.11.xover.mutate.done 50
 generation 19.51.51.51.51.51.51.51.51.51.51.1.51.26.6.4.5.51.51.51.1.1.51.51.51.51.6.6.51.51.51.1.51.51.1.51.1.51.23.51.51.51.51.51.1.8.10.51.51.51.1.xover.mutate.done 50
 generation 20.50.50.50.50.50.50.50.50.50.50.50.44.50.50.1.50.50.26.50.1.1.50.50.1.1.50.50.50.50.50.50.1.50.1.50.50.1.1.26.50.2.0.1.1.1.50.1.1.50.0.xover.mutate.done 50
 generation 21.51.51.51.51.51.51.51.51.51.51.1.51.6.51.51.51.51.51.1.51.1.51.1.51.1.51.1.51.1.1.48.40.1.49.21.51.1.51.1.1.51.1.1.1.4.1.51.1.4.1.xover.mutate.done 50
 generation 22.51.51.51.51.51.51.51.51.51.51.2.51.5.1.1.47.50.1.51.18.51.51.51.51.51.51.23.41.51.4.4.51.51.1.51.7.51.51.51.51.51.50.51.51.1.0.8.18.14.1.xover.mutate.done 50
 generation 23.51.51.51.51.51.51.51.51.51.51.20.32.51.51.17.50.51.3.16.51.51.1.3.51.51.29.24.1.3.51.51.51.51.14.3.3.3.51.51.16.51.1.3.18.51.5.3.50.51.47.xover.mutate.done 50
 generation 24.50.50.50.50.50.50.50.50.50.50.50.50.2.23.50.50.50.50.50.2.50.29.50.2.26.2.15.2.48.50.10.2.50.12.50.2.16.2.50.50.50.50.50.50.2.2.2.50.14.50.xover.mutate.done 50
 generation 25.50.50.50.50.50.50.50.50.50.50.50.2.11.16.50.50.21.21.50.50.8.50.50.50.15.50.2.50.13.50.50.50.50.50.50.50.50.50.2.2.50.50.50.50.50.14.50.50.2.50.xover.mutate.done 50
 generation 26.52.52.52.52.52.52.52.52.52.52.52.52.52.52.6.7.6.6.17.9.52.52.6.50.52.52.6.6.18.18.52.8.52.6.6.52.12.52.52.6.52.52.52.23.6.52.52.22.6.24.xover.mutate.done 50
 generation 27.51.51.51.51.51.51.51.51.51.51.51.51.51.51.51.30.28.51.2.2.51.2.2.2.1.50.51.51.51.51.51.2.51.51.50.1.13.10.51.51.2.25.27.51.51.51.51.51.51.2.xover.mutate.done 50
 generation 28.50.50.50.50.50.50.50.50.50.50.50.0.50.0.0.0.0.50.0.50.50.50.0.0.50.50.29.50.50.0.0.0.50.50.0.0.20.50.21.50.50.5.50.0.0.0.0.50.50.0.xover.mutate.done 50
 generation 29.50.50.50.50.50.50.50.50.50.50.12.1.24.50.14.50.50.50.1.50.50.50.50.50.50.0.50.25.1.1.50.1.50.50.50.0.28.50.50.1.1.1.0.50.50.1.50.50.50.0.xover.mutate.done 50
 generation 30.50.50.50.50.50.50.50.50.50.50.0.0.0.0.50.30.14.0.8.30.0.0.50.43.50.50.50.0.0.50.1.50.50.26.50.50.50.22.50.50.50.0.0.22.0.50.50.50.50.50.xover.mutate.done 50
 generation 31.51.51.51.51.51.51.51.51.51.51.51.28.51.30.51.11.16.2.51.2.2.18.1.51.2.46.51.2.51.51.51.23.2.1.2.51.51.2.51.51.51.51.51.2.51.51.2.16.2.51.xover.mutate.done 50
 generation 32.51.51.51.51.51.51.51.51.51.51.1.1.51.1.2.1.51.17.1.51.51.51.51.51.51.51.51.1.51.32.1.25.51.32.27.1.1.51.51.51.1.51.51.51.51.51.51.51.44.1.xover.mutate.done 50
 generation 33.50.50.50.50.50.50.50.50.50.50.0.50.0.50.0.50.50.50.50.0.5.0.50.50.0.50.0.0.50.18.50.0.50.5.50.0.0.30.50.50.0.50.50.50.50.50.17.50.50.50.xover.mutate.done 50
 generation 34.50.50.50.50.50.50.50.50.50.50.50.50.50.50.50.2.12.2.31.50.50.2.50.50.50.2.50.2.50.50.10.50.50.2.12.50.31.2.2.2.30.2.2.2.50.50.32.50.2.2.xover.mutate.done 50
 generation 35.50.50.50.50.50.50.50.50.50.50.50.50.0.50.50.0.0.50.50.50.15.50.50.50.50.50.50.0.50.16.24.50.50.0.50.50.50.50.7.50.50.4.50.50.0.0.50.50.0.50.xover.mutate.done 50
 generation 36.51.51.51.51.51.51.51.51.51.51.51.51.1.2.50.28.28.1.51.2.51.22.51.51.2.51.2.2.17.51.51.51.1.51.20.51.1.51.50.51.2.51.2.51.50.51.12.51.24.50.xover.mutate.done 50
 generation 37.51.51.51.51.51.51.51.51.51.51.43.1.51.51.51.51.50.51.1.51.51.1.50.1.51.1.45.42.51.2.22.1.51.9.51.51.51.1.1.26.51.51.51.1.16.51.51.1.51.51.xover.mutate.done 50
 generation 38.51.51.51.51.51.51.51.51.51.51.51.51.2.2.51.2.48.2.51.2.2.24.2.51.51.2.51.2.30.2.2.51.51.51.51.51.51.3.2.2.2.22.51.51.51.51.2.51.51.51.xover.mutate.done 50
 generation 39.51.51.51.51.51.51.51.51.51.51.1.51.20.1.1.1.1.1.1.26.51.7.51.1.1.1.51.51.51.51.40.51.20.51.51.51.1.1.51.1.1.1.51.51.51.51.21.51.1.51.xover.mutate.done 50
 generation 40.52.52.52.52.52.52.52.52.52.52.52.2.52.2.2.0.50.2.52.52.12.2.2.2.2.52.2.2.2.50.52.31.52.2.20.2.52.23.52.50.2.52.2.52.2.2.52.52.52.2.xover.mutate.done 50
 generation 41.50.50.50.50.50.50.50.50.50.50.1.1.50.1.50.1.1.50.50.0.50.1.1.50.1.50.50.1.49.50.1.47.50.50.50.50.50.50.50.50.50.1.1.1.1.50.50.0.50.1.xover.mutate.done 50
 generation 42.50.50.50.50.50.50.50.50.50.50.46.50.50.10.50.50.50.50.3.50.3.50.50.0.50.50.3.50.28.20.50.50.3.50.50.50.50.3.50.3.50.3.50.50.3.3.50.3.9.50.xover.mutate.done 50
 generation 43.50.50.50.50.50.50.50.50.50.50.0.50.0.50.50.50.16.50.50.46.50.50.50.2.40.50.0.2.2.0.50.41.2.50.50.2.50.50.50.8.50.50.50.50.11.50.0.50.50.50.xover.mutate.done 50
 generation 44.50.50.50.50.50.50.50.50.50.50.1.1.50.50.50.50.50.1.50.50.50.50.50.50.50.50.50.50.50.50.1.50.18.50.50.42.50.0.7.1.50.50.1.18.38.50.50.50.50.1.xover.mutate.done 50
 generation 45.50.50.50.50.50.50.50.50.50.50.0.0.50.15.50.8.50.0.0.0.0.0.0.50.50.0.50.0.50.26.0.0.10.50.0.0.50.0.0.50.0.0.0.0.0.0.50.28.50.50.xover.mutate.done 50
 generation 46.50.50.50.50.50.50.50.50.50.50.0.50.14.1.50.13.50.1.50.1.1.1.8.24.50.15.0.50.1.50.1.50.1.39.50.1.50.50.1.50.50.1.1.0.33.50.50.1.7.1.xover.mutate.done 50
 generation 47.50.50.50.50.50.50.50.50.50.50.1.1.9.1.50.1.50.50.50.50.0.50.50.0.1.50.1.50.50.50.50.50.50.0.50.11.7.25.50.50.1.50.1.50.50.50.15.50.50.1.xover.mutate.done 50
 generation 48.50.50.50.50.50.50.50.50.50.50.0.47.50.11.50.50.50.50.0.50.50.50.0.50.0.50.0.50.14.50.0.0.50.0.50.50.0.18.0.50.0.0.1.50.0.2.0.0.50.50.xover.mutate.done 50
 generation 49.50.50.50.50.50.50.50.50.50.50.50.50.15.1.50.50.5.0.1.20.1.50.39.1.50.50.1.4.50.1.1.1.1.1.50.1.50.1.50.50.50.50.9.50.50.24.1.24.1.1.xover.mutate.done 50
 26760619 iters     690242 iter/sec (38.77 s)
 total time: 38.77
