% Invoked: ./gella -d -r 3 -l biased_r3/run41 >& biased_r3/run41.log
% Ministry of Cellular Automata
% Project Deux (CS523 Spring 2015)
% Version:v0.1-70-g0624-dirty
%  pop:50
%  ic count:100
%  CA Log option:biased_r3/run41
%  width:121
%  max workers:4
%  radius:3
%  iterations:300
%  use bias:true
%  generations:50

 generation 0.50.1.3.2.3.1.3.3.51.1.2.3.3.3.1.2.50.50.50.3.1.2.1.9.3.1.3.2.2.50.3.1.7.18.1.23.2.3.1.2.2.2.50.51.2.1.2.50.50.24.xover.mutate.done 50
 generation 1.51.51.50.50.50.50.50.50.50.50.2.50.2.13.2.2.50.12.50.16.50.15.1.2.8.14.2.1.2.1.19.2.50.16.1.2.1.2.1.1.1.2.50.19.51.1.2.2.34.2.xover.mutate.done 50
 generation 2.51.51.51.50.50.50.50.50.50.50.1.7.2.2.1.50.2.1.1.1.57.2.1.2.50.50.50.50.12.51.1.2.50.1.2.51.1.2.2.50.73.8.2.2.1.12.1.2.15.50.xover.mutate.done 50
 generation 3.66.64.50.50.50.50.50.50.50.50.0.0.56.13.0.6.18.16.50.66.0.56.6.6.6.6.6.50.56.6.50.50.6.50.24.6.6.0.6.56.0.50.6.6.50.50.0.6.14.50.xover.mutate.done 50
 generation 4.66.65.55.50.50.50.50.50.50.50.0.50.50.34.0.12.0.22.0.0.50.3.50.0.0.9.50.50.0.0.2.0.0.0.50.0.0.50.4.69.0.0.50.50.46.50.0.12.50.50.xover.mutate.done 50
 generation 5.74.71.66.62.50.50.50.50.52.52.2.52.15.2.2.10.50.50.2.50.50.50.25.12.50.50.2.4.2.25.2.2.2.72.11.7.2.15.50.50.50.2.18.7.2.2.50.2.50.44.xover.mutate.done 50
 generation 6.73.73.69.69.54.51.51.51.51.51.50.50.2.72.51.1.12.1.1.51.67.2.2.14.50.50.1.1.2.7.5.1.36.1.1.1.15.2.2.1.51.50.50.1.75.2.51.51.51.51.xover.mutate.done 50
 generation 7.70.67.68.71.66.61.61.59.51.51.0.1.44.1.51.50.35.1.0.50.1.0.48.19.50.50.1.1.1.1.0.50.8.1.51.58.0.20.1.1.28.60.50.50.20.51.1.67.51.1.xover.mutate.done 50
 generation 8.72.72.72.73.69.69.65.65.64.62.5.20.13.35.0.7.63.54.34.50.0.0.17.0.50.50.50.50.27.0.14.50.0.17.32.0.57.0.10.14.11.0.23.7.0.50.0.0.0.49.xover.mutate.done 50
 generation 9.68.68.72.67.67.65.63.60.60.59.2.8.3.4.2.51.51.2.60.50.67.17.51.2.59.1.8.46.51.51.1.51.51.51.8.14.14.2.63.1.25.7.35.12.39.4.8.15.3.50.xover.mutate.done 50
 generation 10.69.66.65.63.63.64.61.58.58.57.24.15.50.51.50.50.45.1.23.14.9.1.1.9.10.60.58.61.19.1.50.1.10.50.24.25.1.1.1.0.3.58.51.50.0.1.54.16.14.0.xover.mutate.done 50
 generation 11.65.67.68.65.66.63.62.63.57.60.51.51.6.7.11.22.11.52.3.9.13.57.7.51.23.31.51.12.3.3.51.3.12.50.7.3.44.3.3.8.51.51.1.56.3.3.62.2.2.1.xover.mutate.done 50
 generation 12.67.67.67.69.67.67.66.65.67.65.51.14.16.1.61.51.1.17.51.2.1.63.31.19.13.14.61.51.56.65.27.2.16.7.1.29.2.24.66.51.51.61.51.11.51.16.64.3.23.51.xover.mutate.done 50
 generation 13.72.67.65.64.64.63.61.62.63.62.22.13.57.2.51.36.60.2.9.51.51.51.18.22.13.1.51.39.59.2.51.58.51.2.51.14.14.2.9.60.2.50.2.2.14.1.57.2.13.48.xover.mutate.done 50
 generation 14.75.74.74.75.73.72.72.72.71.71.32.49.50.21.17.13.50.61.49.50.2.50.63.2.52.2.2.0.2.13.50.50.13.17.21.29.50.55.2.2.2.2.22.2.59.13.10.68.2.25.xover.mutate.done 50
 generation 15.75.69.74.70.69.69.67.68.68.67.4.44.50.64.6.7.5.8.12.50.39.50.50.11.24.11.54.14.48.56.0.13.54.11.19.33.50.32.3.4.45.50.69.16.50.64.5.28.50.4.xover.mutate.done 50
 generation 16.72.67.69.68.66.66.66.67.66.66.55.64.20.13.24.0.10.1.0.26.1.50.17.19.50.66.1.14.65.31.13.1.22.20.8.0.7.16.49.52.73.44.8.50.58.7.69.1.50.20.xover.mutate.done 50
 generation 17.68.69.66.64.65.68.64.64.63.71.29.9.60.32.21.44.59.0.57.61.32.1.25.60.42.0.62.16.0.23.12.12.49.0.17.62.50.20.0.64.59.44.66.13.32.50.50.90.0.0.xover.mutate.done 50
 generation 18.86.68.70.65.66.69.62.67.64.67.51.1.58.51.2.17.1.23.6.51.70.14.1.13.6.14.15.19.1.2.19.51.2.60.14.2.36.43.2.51.59.51.49.2.29.51.11.51.35.2.xover.mutate.done 50
 generation 19.83.69.67.66.68.65.65.67.64.65.24.61.15.27.40.39.50.22.63.15.51.1.1.14.29.1.19.11.12.50.1.23.1.11.49.50.28.1.27.13.73.19.1.16.34.46.1.1.1.1.xover.mutate.done 50
 generation 20.86.71.67.68.66.70.70.69.67.66.25.51.2.26.20.51.51.46.9.17.51.1.49.5.28.39.3.15.2.18.2.63.43.9.17.58.65.10.26.62.44.8.2.51.25.23.11.51.42.2.xover.mutate.done 50
 generation 21.89.68.73.71.69.69.75.68.67.72.26.50.50.35.52.21.14.11.31.2.50.79.7.50.69.8.11.59.49.14.2.83.18.2.37.29.89.48.56.66.13.50.76.2.2.2.2.8.2.2.xover.mutate.done 50
 generation 22.86.85.84.85.78.80.76.75.76.73.3.35.87.3.3.48.33.73.3.51.24.52.52.5.38.3.69.30.31.32.64.3.3.15.28.8.12.10.26.1.32.71.38.63.30.51.52.46.45.21.xover.mutate.done 50
 generation 23.88.87.84.81.83.77.75.74.74.74.37.2.50.19.34.30.81.23.2.1.1.2.51.2.30.29.2.41.2.44.6.2.34.11.51.51.2.25.51.37.14.30.2.76.51.2.2.12.44.51.xover.mutate.done 50
 generation 24.89.92.87.85.82.80.75.76.76.75.29.16.27.46.2.50.2.50.2.52.51.2.2.18.15.2.2.9.52.29.5.52.52.2.45.35.12.2.68.50.2.46.2.9.18.20.9.2.50.18.xover.mutate.done 50
 generation 25.87.89.82.83.86.79.74.71.73.71.14.33.9.60.1.1.30.61.68.39.1.1.4.51.1.51.46.51.54.49.15.1.50.50.1.34.5.18.11.35.46.1.15.81.1.13.1.14.15.13.xover.mutate.done 50
 generation 26.91.89.80.83.84.78.80.78.67.79.2.3.51.3.23.45.12.1.48.52.51.60.2.3.50.28.3.42.37.51.1.20.69.54.12.46.3.44.51.3.25.25.2.16.70.50.3.12.11.3.xover.mutate.done 50
 generation 27.84.84.81.77.78.79.74.74.77.68.16.34.3.16.76.19.3.28.32.78.21.22.52.19.3.52.52.11.3.3.3.17.62.3.50.3.30.33.1.8.26.20.52.3.23.50.3.48.1.3.xover.mutate.done 50
 generation 28.92.90.89.82.80.85.86.80.74.75.1.0.56.0.1.25.26.68.50.0.1.25.1.50.44.86.28.4.1.25.50.1.57.50.1.0.50.1.0.27.72.1.1.4.18.22.22.15.31.22.xover.mutate.done 50
 generation 29.93.85.85.82.79.75.78.80.70.78.51.1.50.74.51.51.1.15.51.45.1.64.1.75.1.1.50.4.39.48.51.3.51.22.1.1.5.51.1.31.19.34.85.33.51.46.1.43.37.1.xover.mutate.done 50
 generation 30.89.89.89.85.87.81.78.84.74.80.2.51.2.82.31.2.51.8.51.43.37.79.51.38.51.50.2.24.79.21.84.51.84.50.51.1.45.42.30.45.2.56.51.61.5.1.45.1.18.51.xover.mutate.done 50
 generation 31.84.88.89.76.79.80.78.81.72.73.63.41.80.1.1.37.16.73.49.2.76.42.50.50.39.38.51.71.2.22.18.21.47.66.36.34.51.75.2.7.46.48.3.75.18.2.77.26.82.83.xover.mutate.done 50
 generation 32.87.89.89.84.82.79.78.78.84.79.52.50.59.1.45.1.3.52.50.26.50.47.70.52.52.3.51.3.50.1.4.37.56.2.20.3.34.35.58.52.75.52.51.16.51.3.3.72.58.50.xover.mutate.done 50
 generation 33.80.90.81.81.78.75.79.78.76.78.50.1.51.45.0.47.73.7.1.1.38.0.1.50.51.68.20.50.41.49.1.27.29.53.63.45.51.74.0.70.14.54.30.42.51.1.47.0.45.50.xover.mutate.done 50
 generation 34.85.86.82.84.76.84.76.77.77.84.1.2.21.46.2.11.77.51.32.50.54.26.10.1.1.20.52.2.70.61.36.51.55.2.50.1.52.50.50.1.68.51.51.6.55.45.50.50.51.49.xover.mutate.done 50
 generation 35.80.87.88.79.82.86.77.81.70.79.11.8.52.32.3.2.49.3.5.27.52.48.23.2.79.3.50.2.25.3.52.2.34.3.22.43.43.50.3.22.2.3.52.15.7.32.56.50.46.79.xover.mutate.done 50
 generation 36.83.81.82.78.80.83.81.80.83.81.11.2.45.50.50.0.52.0.81.0.0.50.78.75.58.58.17.2.36.67.22.41.21.21.82.48.21.50.50.76.23.50.52.2.74.21.49.21.2.71.xover.mutate.done 50
 generation 37.87.86.82.80.75.81.77.77.76.73.13.35.42.51.1.24.74.1.51.1.50.29.1.1.1.51.69.51.33.2.51.50.51.26.77.50.69.33.46.22.40.65.30.30.56.51.50.0.34.62.xover.mutate.done 50
 generation 38.83.83.81.85.83.77.77.77.84.77.66.79.33.23.32.36.1.50.61.26.47.20.20.50.13.83.1.50.76.43.51.1.23.74.13.1.7.50.1.36.47.46.37.31.60.69.11.51.75.1.xover.mutate.done 50
 generation 39.84.80.84.85.85.80.79.79.80.80.2.2.8.81.82.41.44.1.70.51.33.70.38.11.14.57.2.50.12.80.31.78.51.20.74.50.15.16.24.44.59.4.1.51.48.1.80.54.80.13.xover.mutate.done 50
 generation 40.84.83.81.83.82.81.74.74.78.78.26.50.0.0.5.50.0.1.27.43.37.50.7.50.0.0.74.14.50.49.21.50.0.0.50.7.78.77.5.50.76.50.48.44.72.26.4.0.0.0.xover.mutate.done 50
 generation 41.87.84.85.85.86.82.86.86.80.82.81.16.7.50.58.2.52.50.68.77.52.11.69.33.87.84.51.19.52.49.33.75.70.38.56.38.41.37.2.11.2.32.69.58.42.47.50.8.49.42.xover.mutate.done 50
 generation 42.90.86.83.82.82.88.84.84.76.80.26.20.52.82.50.75.28.72.27.18.57.38.50.6.12.4.4.25.15.21.25.52.40.18.4.82.68.4.4.74.48.24.33.50.4.9.6.52.52.2.xover.mutate.done 50
 generation 43.81.77.76.84.80.88.75.75.75.74.68.12.71.50.46.50.69.50.65.75.68.16.41.62.59.75.27.6.50.63.31.24.9.6.0.81.50.76.58.78.50.0.6.50.12.0.2.75.2.2.xover.mutate.done 50
 generation 44.85.85.87.85.84.82.87.76.81.82.41.1.86.57.50.78.1.63.0.62.1.50.38.50.45.1.27.50.78.63.1.53.49.51.2.61.25.38.34.79.33.50.49.11.0.8.1.10.50.82.xover.mutate.done 50
 generation 45.90.89.88.87.89.86.86.81.87.87.59.28.3.3.47.3.29.46.11.10.3.8.35.17.76.35.6.11.13.9.3.41.50.3.3.53.46.3.3.12.50.50.53.71.50.47.58.50.78.53.xover.mutate.done 50
 generation 46.82.86.91.89.86.86.86.89.88.84.25.0.48.22.50.8.62.38.0.79.50.50.28.50.29.20.82.69.39.50.3.0.50.0.53.8.57.50.29.32.45.46.39.0.89.49.50.44.83.43.xover.mutate.done 50
 generation 47.87.88.87.89.85.89.85.87.87.82.43.50.1.19.79.21.42.2.51.51.1.50.2.0.32.81.50.5.50.46.1.0.1.26.82.50.1.50.1.51.16.79.0.51.42.1.50.46.0.1.xover.mutate.done 50
 generation 48.86.85.86.85.84.82.82.83.89.79.34.1.0.84.1.1.1.79.46.50.21.0.27.1.1.44.50.19.28.52.1.39.27.45.43.50.1.44.1.26.1.1.50.0.50.11.1.7.50.40.xover.mutate.done 50
 generation 49.91.94.90.91.90.89.86.89.86.86.42.2.51.55.2.8.51.50.86.4.19.51.27.49.1.33.47.2.47.30.2.86.45.76.7.42.51.50.44.85.27.50.79.43.20.77.48.3.76.35.xover.mutate.done 50
 33577870 iters     669879 iter/sec (50.13 s)
 total time: 50.13
