0.5703125 0.421875 0.484375 0.7890625 0.03125 0.578125 0.3515625 0.2109375 0.671875 0.71875 
0.0546875 0.1015625 0.03125 1.0 0.96875 0.0546875 0.8671875 0.2109375 0.0234375 0.0234375 
0.5859375 0.0546875 0.1015625 0.03125 1.0 0.96875 0.0546875 0.8671875 0.2109375 0.0234375 
0.5859375 0.890625 0.0546875 0.1015625 0.03125 1.0 0.96875 0.0546875 0.8671875 0.2109375 
0.5859375 0.890625 0.796875 0.7421875 0.0546875 0.1015625 0.328125 0.21875 0.1484375 0.203125 
0.0546875 0.1015625 0.328125 0.21875 0.1484375 0.203125 0.3828125 0.2265625 0.1171875 0.484375 
0.0546875 0.1015625 0.328125 0.21875 0.1484375 0.203125 0.3828125 0.2265625 0.1171875 0.484375 
0.0546875 0.1015625 0.328125 0.21875 0.1484375 0.203125 0.3828125 0.2265625 0.1171875 0.484375 
0.0546875 0.1015625 0.328125 0.21875 0.1484375 0.203125 0.3828125 0.2265625 0.1171875 0.484375 
0.0546875 0.1015625 0.328125 0.21875 0.1484375 0.203125 0.3828125 0.2265625 0.1171875 0.484375 
0.0546875 0.1015625 0.328125 0.21875 0.1484375 0.203125 0.3828125 0.2265625 0.1171875 0.484375 
0.0546875 0.1015625 0.328125 0.21875 0.1484375 0.203125 0.3828125 0.2265625 0.1171875 0.484375 
0.0546875 0.1015625 0.328125 0.21875 0.1484375 0.203125 0.3828125 0.2265625 0.1171875 0.484375 
0.0546875 0.1015625 0.328125 0.21875 0.1484375 0.203125 0.3828125 0.2265625 0.1171875 0.484375 
0.0546875 0.1015625 0.328125 0.21875 0.1484375 0.203125 0.3828125 0.2265625 0.1171875 0.484375 
0.0546875 0.1015625 0.328125 0.21875 0.1484375 0.203125 0.3828125 0.2265625 0.1171875 0.484375 
0.0546875 0.1015625 0.328125 0.21875 0.1484375 0.203125 0.3828125 0.2265625 0.1171875 0.484375 
0.0546875 0.1015625 0.328125 0.21875 0.1484375 0.203125 0.3828125 0.2265625 0.1171875 0.484375 
0.0546875 0.1015625 0.328125 0.21875 0.1484375 0.203125 0.3828125 0.2265625 0.1171875 0.484375 
0.0546875 0.1015625 0.328125 0.21875 0.1484375 0.203125 0.3828125 0.2265625 0.1171875 0.484375 
0.0546875 0.1015625 0.328125 0.21875 0.1484375 0.203125 0.3828125 0.2265625 0.1171875 0.484375 
0.0546875 0.1015625 0.328125 0.21875 0.1484375 0.203125 0.3828125 0.2265625 0.1171875 0.484375 
0.0546875 0.1015625 0.328125 0.21875 0.1484375 0.203125 0.3828125 0.2265625 0.1171875 0.484375 
0.0546875 0.1015625 0.328125 0.21875 0.1484375 0.203125 0.3828125 0.2265625 0.1171875 0.484375 
0.0546875 0.1015625 0.328125 0.21875 0.1484375 0.203125 0.3828125 0.2265625 0.1171875 0.484375 
0.0546875 0.1015625 0.328125 0.21875 0.1484375 0.203125 0.3828125 0.2265625 0.1171875 0.484375 
0.0546875 0.1015625 0.328125 0.21875 0.1484375 0.203125 0.3828125 0.2265625 0.1171875 0.484375 
0.0546875 0.1015625 0.328125 0.21875 0.1484375 0.203125 0.3828125 0.2265625 0.1171875 0.484375 
0.0546875 0.1015625 0.328125 0.21875 0.1484375 0.203125 0.3828125 0.2265625 0.1171875 0.484375 
0.0546875 0.1015625 0.328125 0.21875 0.1484375 0.203125 0.3828125 0.2265625 0.1171875 0.484375 
0.0546875 0.1015625 0.328125 0.21875 0.1484375 0.203125 0.3828125 0.2265625 0.1171875 0.484375 
0.0546875 0.1015625 0.328125 0.21875 0.1484375 0.203125 0.3828125 0.2265625 0.1171875 0.484375 
0.0546875 0.1015625 0.328125 0.21875 0.1484375 0.203125 0.3828125 0.2265625 0.1171875 0.484375 
0.0546875 0.1015625 0.328125 0.21875 0.1484375 0.203125 0.3828125 0.2265625 0.1171875 0.484375 
0.0546875 0.1015625 0.328125 0.21875 0.1484375 0.203125 0.3828125 0.2265625 0.1171875 0.484375 
0.0546875 0.1015625 0.328125 0.21875 0.1484375 0.203125 0.3828125 0.2265625 0.1171875 0.484375 
0.0546875 0.1015625 0.328125 0.21875 0.1484375 0.203125 0.3828125 0.2265625 0.1171875 0.484375 
0.0546875 0.1015625 0.328125 0.21875 0.1484375 0.203125 0.3828125 0.2265625 0.1171875 0.484375 
0.0546875 0.1015625 0.328125 0.21875 0.1484375 0.203125 0.3828125 0.2265625 0.1171875 0.484375 
0.0546875 0.1015625 0.328125 0.21875 0.1484375 0.203125 0.3828125 0.2265625 0.1171875 0.484375 
0.0546875 0.1015625 0.328125 0.21875 0.1484375 0.203125 0.3828125 0.2265625 0.1171875 0.484375 
0.0546875 0.1015625 0.328125 0.21875 0.1484375 0.203125 0.3828125 0.2265625 0.1171875 0.484375 
0.0546875 0.1015625 0.328125 0.21875 0.1484375 0.203125 0.3828125 0.2265625 0.1171875 0.484375 
0.0546875 0.1015625 0.328125 0.21875 0.1484375 0.203125 0.3828125 0.2265625 0.1171875 0.484375 
0.0546875 0.1015625 0.328125 0.21875 0.1484375 0.203125 0.3828125 0.2265625 0.1171875 0.484375 
0.0546875 0.1015625 0.328125 0.21875 0.1484375 0.203125 0.3828125 0.2265625 0.1171875 0.484375 
0.0546875 0.1015625 0.328125 0.21875 0.1484375 0.203125 0.3828125 0.2265625 0.1171875 0.484375 
0.0546875 0.1015625 0.328125 0.21875 0.1484375 0.203125 0.3828125 0.2265625 0.1171875 0.484375 
0.0546875 0.1015625 0.328125 0.21875 0.1484375 0.203125 0.3828125 0.2265625 0.1171875 0.484375 
0.0546875 0.1015625 0.328125 0.21875 0.1484375 0.203125 0.3828125 0.2265625 0.1171875 0.484375 
