0.8515625 0.625 0.2890625 0.640625 0.15625 0.625 0.2890625 0.6328125 0.53125 0.75 
0.8515625 0.140625 0.96875 0.9921875 0.1171875 0.1640625 0.6796875 0.09375 0.84375 0.2890625 
0.328125 0.8515625 0.140625 0.96875 0.9921875 0.1171875 0.1640625 0.1171875 0.765625 0.9609375 
0.9609375 0.8828125 0.9375 0.328125 0.8515625 0.140625 0.96875 0.9921875 0.1171875 0.1640625 
0.9609375 0.8828125 0.9375 0.8203125 0.921875 0.8046875 0.921875 0.6015625 0.328125 0.8515625 
0.8359375 0.9609375 0.8828125 0.9375 0.8203125 0.921875 0.8046875 0.921875 0.6015625 0.328125 
0.8359375 0.9609375 0.8828125 0.9375 0.8203125 0.921875 0.8046875 0.921875 0.328125 0.828125 
0.8359375 0.9609375 0.8828125 0.9375 0.8203125 0.921875 0.8046875 0.921875 0.328125 0.828125 
0.8359375 0.9609375 0.8828125 0.9375 0.8203125 0.921875 0.8046875 0.921875 0.828125 0.7890625 
0.8359375 0.5625 0.484375 0.9609375 0.8828125 0.9375 0.8203125 0.921875 0.8046875 0.921875 
0.8359375 0.5625 0.484375 0.9609375 0.8828125 0.9375 0.8203125 0.921875 0.8046875 0.921875 
0.484375 0.8359375 0.9609375 0.8828125 0.9375 0.8203125 0.921875 0.8046875 0.921875 0.75 
0.8359375 0.9609375 0.8828125 0.9375 0.8203125 0.921875 0.8046875 0.921875 0.75 0.921875 
0.53125 0.8359375 0.9609375 0.8828125 0.9375 0.8203125 0.921875 0.8046875 0.921875 0.75 
0.53125 0.8359375 0.9609375 0.8828125 0.9375 0.8203125 0.921875 0.8046875 0.921875 0.75 
0.53125 0.8359375 0.9609375 0.8828125 0.9375 0.8203125 0.921875 0.8046875 0.921875 0.75 
0.53125 0.9609375 0.8828125 0.9375 0.8203125 0.921875 0.8046875 0.921875 0.75 0.75 
0.53125 0.9609375 0.8828125 0.9375 0.8203125 0.921875 0.8046875 0.921875 0.75 0.75 
0.53125 0.9609375 0.8828125 0.9375 0.8203125 0.921875 0.8046875 0.921875 0.75 0.75 
0.53125 0.546875 0.5390625 0.9609375 0.8828125 0.9375 0.8203125 0.921875 0.8046875 0.921875 
0.53125 0.546875 0.5546875 0.9609375 0.8828125 0.9375 0.8203125 0.921875 0.8046875 0.921875 
0.6328125 0.53125 0.546875 0.5546875 0.6171875 0.5859375 0.9609375 0.8828125 0.9375 0.8203125 
0.6328125 0.53125 0.546875 0.5546875 0.6171875 0.5859375 0.5546875 0.5546875 0.9609375 0.8828125 
0.6328125 0.53125 0.546875 0.5546875 0.6171875 0.5859375 0.5546875 0.9609375 0.8828125 0.765625 
0.6328125 0.5390625 0.53125 0.546875 0.5546875 0.5546875 0.6171875 0.5703125 0.5625 0.5859375 
0.6328125 0.5390625 0.53125 0.5546875 0.546875 0.6171875 0.5703125 0.5546875 0.5703125 0.5625 
0.6328125 0.5390625 0.53125 0.5703125 0.5703125 0.5546875 0.546875 0.6171875 0.5546875 0.5703125 
0.6328125 0.5390625 0.53125 0.5703125 0.6171875 0.5546875 0.546875 0.5703125 0.5546875 0.5703125 
0.6328125 0.5390625 0.53125 0.5703125 0.6171875 0.578125 0.578125 0.5703125 0.5546875 0.546875 
0.6328125 0.5390625 0.5625 0.578125 0.5703125 0.578125 0.5703125 0.53125 0.5625 0.5703125 
0.6328125 0.5390625 0.53125 0.5625 0.578125 0.5703125 0.578125 0.5703125 0.5625 0.5703125 
0.6328125 0.5859375 0.5625 0.5390625 0.53125 0.5703125 0.578125 0.5703125 0.578125 0.5703125 
0.6328125 0.5859375 0.5625 0.5390625 0.53125 0.5859375 0.578125 0.5703125 0.578125 0.5703125 
0.6328125 0.5859375 0.5625 0.5390625 0.5703125 0.53125 0.5859375 0.578125 0.578125 0.5703125 
0.6328125 0.5859375 0.5390625 0.5625 0.5703125 0.5859375 0.5703125 0.53125 0.578125 0.578125 
0.6328125 0.5859375 0.5625 0.5625 0.5390625 0.53125 0.6015625 0.5703125 0.5703125 0.5859375 
0.6328125 0.5859375 0.6015625 0.5625 0.5625 0.5390625 0.53125 0.5546875 0.546875 0.5703125 
0.6328125 0.5859375 0.6015625 0.59375 0.59375 0.5625 0.5625 0.5546875 0.5390625 0.546875 
0.6328125 0.578125 0.5859375 0.5625 0.5625 0.5546875 0.5390625 0.5625 0.59375 0.59375 
0.6328125 0.578125 0.5859375 0.59375 0.59375 0.59375 0.59375 0.578125 0.5625 0.5625 
0.6328125 0.578125 0.5859375 0.59375 0.59375 0.59375 0.578125 0.5625 0.6015625 0.578125 
0.6328125 0.53125 0.5859375 0.578125 0.6015625 0.59375 0.59375 0.59375 0.59375 0.578125 
0.53125 0.578125 0.6328125 0.5859375 0.59375 0.578125 0.59375 0.59375 0.59375 0.6015625 
0.578125 0.53125 0.5546875 0.6328125 0.5234375 0.59375 0.5859375 0.609375 0.578125 0.6015625 
0.53125 0.5546875 0.578125 0.59375 0.59375 0.6328125 0.5859375 0.5234375 0.578125 0.5390625 
0.5546875 0.578125 0.6328125 0.59375 0.59375 0.5390625 0.53125 0.5234375 0.578125 0.5390625 
0.578125 0.5546875 0.5390625 0.6328125 0.59375 0.59375 0.53125 0.5546875 0.59375 0.5390625 
0.5234375 0.578125 0.6328125 0.5546875 0.5703125 0.5078125 0.53125 0.5390625 0.59375 0.59375 
0.5234375 0.578125 0.59375 0.6328125 0.5546875 0.59375 0.53125 0.53125 0.5390625 0.5390625 
0.5234375 0.578125 0.5390625 0.5390625 0.53125 0.5546875 0.53125 0.6328125 0.578125 0.5546875 
