0.375 0.328125 0.8046875 0.4375 0.875 0.484375 0.7109375 0.2578125 0.671875 0.515625 
0.84375 0.984375 0.859375 0.921875 0.875 0.8046875 0.375 0.671875 0.296875 0.703125 
0.84375 0.984375 0.859375 0.921875 0.84375 0.8203125 0.671875 0.875 0.8515625 0.8046875 
0.84375 0.984375 0.859375 0.921875 0.84375 0.8203125 0.671875 0.8125 0.8203125 0.8203125 
0.84375 0.984375 0.859375 0.921875 0.84375 0.8203125 0.671875 0.8125 0.8203125 0.8203125 
0.84375 0.84375 0.8203125 0.671875 0.8125 0.8203125 0.765625 0.9140625 0.7890625 0.796875 
0.84375 0.84375 0.8203125 0.671875 0.8125 0.8203125 0.765625 0.9140625 0.7890625 0.796875 
0.84375 0.84375 0.8203125 0.671875 0.8125 0.8203125 0.765625 0.9140625 0.7890625 0.796875 
0.84375 0.84375 0.8203125 0.671875 0.8125 0.8203125 0.765625 0.9140625 0.7890625 0.796875 
0.84375 0.84375 0.8203125 0.671875 0.8125 0.8203125 0.765625 0.9140625 0.7890625 0.796875 
0.84375 0.84375 0.8203125 0.671875 0.8125 0.8203125 0.765625 0.9140625 0.7890625 0.796875 
0.84375 0.84375 0.8203125 0.671875 0.8125 0.8203125 0.765625 0.9140625 0.7890625 0.796875 
0.84375 0.84375 0.8203125 0.671875 0.8125 0.8203125 0.765625 0.9140625 0.7890625 0.796875 
0.84375 0.84375 0.8203125 0.671875 0.8125 0.8203125 0.765625 0.9140625 0.7890625 0.796875 
0.84375 0.84375 0.8203125 0.671875 0.8125 0.8203125 0.765625 0.9140625 0.7890625 0.796875 
0.84375 0.84375 0.8203125 0.671875 0.8125 0.8203125 0.765625 0.9140625 0.7890625 0.796875 
0.84375 0.84375 0.8203125 0.671875 0.8125 0.8203125 0.765625 0.9140625 0.7890625 0.796875 
0.84375 0.84375 0.8203125 0.671875 0.8125 0.8203125 0.765625 0.9140625 0.7890625 0.796875 
0.84375 0.84375 0.8203125 0.671875 0.8125 0.8203125 0.765625 0.9140625 0.7890625 0.796875 
0.84375 0.84375 0.8203125 0.671875 0.8125 0.8203125 0.765625 0.9140625 0.7890625 0.796875 
0.84375 0.84375 0.8203125 0.671875 0.8125 0.8203125 0.765625 0.9140625 0.7890625 0.796875 
0.84375 0.84375 0.8203125 0.671875 0.8125 0.8203125 0.765625 0.9140625 0.7890625 0.796875 
0.84375 0.84375 0.8203125 0.671875 0.8125 0.8203125 0.765625 0.9140625 0.7890625 0.796875 
0.84375 0.84375 0.8203125 0.671875 0.8125 0.8203125 0.765625 0.9140625 0.7890625 0.796875 
0.84375 0.84375 0.8203125 0.671875 0.8125 0.8203125 0.765625 0.9140625 0.7890625 0.796875 
0.84375 0.84375 0.8203125 0.671875 0.8125 0.8203125 0.765625 0.9140625 0.7890625 0.796875 
0.84375 0.84375 0.8203125 0.671875 0.8125 0.8203125 0.765625 0.9140625 0.7890625 0.796875 
0.84375 0.84375 0.8203125 0.671875 0.8125 0.8203125 0.765625 0.9140625 0.7890625 0.796875 
0.84375 0.84375 0.8203125 0.671875 0.8125 0.8203125 0.765625 0.9140625 0.7890625 0.796875 
0.84375 0.84375 0.8203125 0.671875 0.8125 0.8203125 0.765625 0.9140625 0.7890625 0.796875 
0.84375 0.84375 0.8203125 0.671875 0.8125 0.8203125 0.765625 0.9140625 0.7890625 0.796875 
0.84375 0.84375 0.8203125 0.671875 0.8125 0.8203125 0.765625 0.9140625 0.7890625 0.796875 
0.84375 0.84375 0.8203125 0.671875 0.8125 0.8203125 0.765625 0.9140625 0.7890625 0.796875 
0.84375 0.84375 0.8203125 0.671875 0.8125 0.8203125 0.765625 0.9140625 0.7890625 0.796875 
0.84375 0.84375 0.8203125 0.671875 0.8125 0.8203125 0.765625 0.9140625 0.7890625 0.796875 
0.84375 0.84375 0.8203125 0.671875 0.8125 0.8203125 0.765625 0.9140625 0.7890625 0.796875 
0.84375 0.84375 0.8203125 0.671875 0.8125 0.8203125 0.765625 0.9140625 0.7890625 0.796875 
0.84375 0.84375 0.8203125 0.671875 0.8125 0.8203125 0.765625 0.9140625 0.7890625 0.796875 
0.84375 0.84375 0.8203125 0.671875 0.8125 0.8203125 0.765625 0.9140625 0.7890625 0.796875 
0.84375 0.84375 0.8203125 0.671875 0.8125 0.8203125 0.765625 0.9140625 0.7890625 0.796875 
0.84375 0.84375 0.8203125 0.671875 0.8125 0.8203125 0.765625 0.9140625 0.7890625 0.796875 
0.84375 0.84375 0.8203125 0.671875 0.8125 0.8203125 0.765625 0.9140625 0.7890625 0.796875 
0.84375 0.84375 0.8203125 0.671875 0.8125 0.8203125 0.765625 0.9140625 0.7890625 0.796875 
0.84375 0.84375 0.8203125 0.671875 0.8125 0.8203125 0.765625 0.9140625 0.7890625 0.796875 
0.84375 0.84375 0.8203125 0.671875 0.8125 0.8203125 0.765625 0.9140625 0.7890625 0.796875 
0.84375 0.84375 0.8203125 0.671875 0.8125 0.8203125 0.765625 0.9140625 0.7890625 0.796875 
0.84375 0.84375 0.8203125 0.671875 0.8125 0.8203125 0.765625 0.9140625 0.7890625 0.796875 
0.84375 0.84375 0.8203125 0.671875 0.8125 0.8203125 0.765625 0.9140625 0.7890625 0.796875 
0.84375 0.84375 0.8203125 0.671875 0.8125 0.8203125 0.765625 0.9140625 0.7890625 0.796875 
0.84375 0.84375 0.8203125 0.671875 0.8125 0.8203125 0.765625 0.9140625 0.7890625 0.796875 
