% Invoked: ./gella -d -r 3 -l biased_r3/run45 >& biased_r3/run45.log
% Ministry of Cellular Automata
% Project Deux (CS523 Spring 2015)
% Version:v0.1-70-g0624-dirty
%  pop:50
%  ic count:100
%  CA Log option:biased_r3/run45
%  width:121
%  max workers:4
%  radius:3
%  iterations:300
%  use bias:true
%  generations:50

 generation 0.1.50.1.50.1.0.0.50.1.50.1.50.1.0.50.50.0.1.1.0.1.0.1.0.1.1.1.0.1.1.1.50.50.1.0.0.50.1.50.50.1.0.1.51.50.50.10.1.50.1.xover.mutate.done 50
 generation 1.51.50.50.50.50.50.50.50.50.50.20.50.52.1.1.51.0.1.1.61.51.50.1.16.1.1.1.1.1.1.50.1.1.16.50.8.51.50.6.51.51.41.50.51.50.13.1.50.1.0.xover.mutate.done 50
 generation 2.78.54.51.51.51.51.51.51.51.50.51.1.0.1.50.50.50.50.51.1.50.1.18.50.50.50.1.1.51.1.50.51.1.51.51.50.37.1.1.50.50.1.50.50.78.51.0.50.50.0.xover.mutate.done 50
 generation 3.70.70.51.52.52.52.52.52.52.52.50.1.3.52.50.52.6.50.2.52.12.3.2.51.2.2.52.50.52.3.50.3.50.50.52.3.2.52.4.51.1.52.52.50.2.50.68.3.2.3.xover.mutate.done 50
 generation 4.67.67.73.50.50.50.50.50.50.50.50.2.50.2.19.52.0.2.50.50.50.2.2.50.2.2.50.2.50.50.7.50.50.50.50.50.2.50.2.6.0.0.0.50.2.5.50.2.0.2.xover.mutate.done 50
 generation 5.73.77.77.50.52.52.52.52.52.52.50.2.52.0.6.52.2.2.2.50.50.52.2.23.52.52.2.2.2.2.52.52.0.50.2.2.2.52.0.52.52.2.0.52.2.50.52.2.2.2.xover.mutate.done 50
 generation 6.72.72.76.51.51.51.51.51.51.51.1.1.50.51.51.1.0.50.51.1.51.1.1.1.1.7.1.1.51.1.1.50.1.51.51.1.1.50.51.7.1.1.51.1.51.51.1.10.0.51.xover.mutate.done 50
 generation 7.67.67.67.52.52.52.52.52.52.52.52.50.4.13.2.2.52.50.2.2.2.5.52.50.2.2.2.4.52.2.50.4.50.16.2.52.67.2.4.4.52.4.2.4.4.52.52.4.2.50.xover.mutate.done 50
 generation 8.74.69.69.69.51.51.51.51.51.51.51.1.51.3.50.3.1.51.51.26.51.50.1.3.51.51.1.1.2.2.2.50.3.51.50.50.2.2.51.51.51.3.1.51.1.3.51.1.3.1.xover.mutate.done 50
 generation 9.69.67.67.67.50.50.50.50.50.50.69.0.0.50.0.65.0.50.50.0.0.27.0.0.50.0.0.50.0.0.0.50.0.50.0.50.50.0.44.0.50.0.50.69.50.0.0.0.50.50.xover.mutate.done 50
 generation 10.70.70.70.70.70.70.60.50.50.50.50.0.56.0.0.50.0.0.50.50.0.5.0.0.50.50.50.59.0.0.0.0.12.0.0.5.0.0.0.0.50.50.0.50.50.0.50.50.0.0.xover.mutate.done 50
 generation 11.74.74.74.71.71.71.70.61.69.51.1.51.50.50.1.50.1.2.50.13.50.38.1.7.30.2.1.13.2.51.1.2.1.50.1.1.1.50.50.50.2.1.1.1.27.23.2.55.59.1.xover.mutate.done 50
 generation 12.68.68.68.69.69.69.61.61.56.69.3.9.89.50.0.0.0.0.50.0.0.0.0.50.0.3.0.0.50.0.0.45.22.7.69.0.66.66.2.49.0.6.20.0.7.50.7.0.50.52.xover.mutate.done 50
 generation 13.85.65.65.65.55.63.66.66.66.58.25.11.65.49.14.18.0.3.1.1.55.58.1.1.8.1.37.38.1.34.1.1.11.20.51.53.65.31.3.30.50.0.49.7.0.11.1.50.57.70.xover.mutate.done 50
 generation 14.85.72.66.66.66.68.68.68.67.68.2.66.16.14.2.1.44.1.14.40.8.2.58.2.15.1.2.72.2.2.63.1.43.25.50.68.52.2.2.14.50.8.2.8.14.15.8.2.1.2.xover.mutate.done 50
 generation 15.80.67.65.63.63.63.63.63.65.65.2.58.0.0.2.5.0.51.37.2.0.0.0.61.0.10.51.24.47.24.3.5.37.0.0.39.50.15.65.2.0.0.0.0.2.5.30.0.0.0.xover.mutate.done 50
 generation 16.89.77.72.67.66.66.65.65.65.65.16.52.17.34.4.4.67.29.14.14.4.6.65.4.4.68.4.16.48.4.4.14.67.18.4.4.4.16.51.6.59.55.51.50.50.65.16.43.50.4.xover.mutate.done 50
 generation 17.88.76.76.74.73.74.74.74.74.75.14.13.3.1.8.8.3.3.6.3.3.3.3.1.2.11.3.2.3.11.13.3.3.8.85.3.6.25.3.3.62.8.3.3.1.11.6.1.13.6.xover.mutate.done 50
 generation 18.86.75.67.66.72.68.71.69.72.72.0.0.0.0.15.0.0.0.4.71.13.36.0.21.4.0.23.40.4.0.0.2.18.0.13.0.0.0.0.15.2.0.74.11.51.20.26.4.2.10.xover.mutate.done 50
 generation 19.83.84.76.72.72.72.67.70.71.67.17.4.4.4.39.4.12.27.7.18.4.54.4.7.4.3.19.4.29.4.4.20.1.4.20.7.21.19.41.72.20.4.4.20.7.7.49.57.75.7.xover.mutate.done 50
 generation 20.80.88.69.69.68.72.72.68.69.70.2.67.2.2.11.8.2.13.6.2.10.2.2.6.2.2.2.2.7.6.7.6.2.6.6.6.6.6.6.2.2.28.46.6.2.13.2.2.2.2.xover.mutate.done 50
 generation 21.88.87.72.72.64.69.76.65.69.69.9.0.13.40.0.0.5.38.0.0.3.40.0.0.0.0.30.67.9.49.0.56.5.0.0.5.0.0.5.0.11.29.64.5.0.0.5.0.72.10.xover.mutate.done 50
 generation 22.89.73.71.73.73.73.76.75.75.71.75.1.1.8.1.75.8.59.59.1.1.1.1.14.1.44.8.1.8.1.53.1.1.8.29.13.1.1.1.8.1.41.1.1.45.1.69.8.36.22.xover.mutate.done 50
 generation 23.78.74.71.71.74.71.79.71.71.71.1.1.1.1.5.48.69.32.25.0.9.1.17.38.1.1.15.1.68.5.1.31.41.5.1.5.1.1.5.1.12.1.1.27.1.14.1.46.13.1.xover.mutate.done 50
 generation 24.86.87.75.80.73.73.73.77.77.77.50.44.13.2.2.2.2.2.36.4.67.4.22.1.2.25.43.12.2.2.2.15.2.2.4.11.4.51.2.12.2.2.2.13.2.2.2.2.2.4.xover.mutate.done 50
 generation 25.83.77.74.70.70.70.68.67.67.67.0.0.13.7.0.0.0.0.14.0.5.5.0.22.5.7.15.67.0.0.0.10.0.5.5.0.0.0.0.18.68.56.12.10.5.0.42.11.5.67.xover.mutate.done 50
 generation 26.87.81.77.72.72.72.80.71.74.74.12.39.6.38.8.56.3.14.3.3.3.8.3.3.36.19.3.1.31.3.1.3.57.12.8.3.2.14.52.13.74.8.71.3.3.3.26.8.83.3.xover.mutate.done 50
 generation 27.82.74.73.73.74.69.69.69.74.74.15.31.2.74.70.69.8.48.3.1.3.3.3.3.8.3.42.3.13.3.9.3.8.3.8.3.3.26.42.3.8.3.8.3.37.3.2.3.3.3.xover.mutate.done 50
 generation 28.83.71.67.65.65.65.75.60.56.60.8.1.1.2.74.2.3.12.2.13.19.1.1.27.10.2.1.2.15.1.2.14.1.2.2.28.10.2.1.1.11.2.1.42.1.2.14.2.12.1.xover.mutate.done 50
 generation 29.83.82.83.79.71.68.68.68.71.67.35.39.45.71.77.26.34.15.5.0.0.67.11.82.5.80.0.83.47.0.0.23.0.0.0.13.5.0.27.64.15.83.5.59.45.0.76.49.5.35.xover.mutate.done 50
 generation 30.89.74.74.74.79.81.85.82.85.84.72.2.2.2.2.2.45.15.2.5.6.2.2.78.5.5.2.52.2.14.24.2.2.15.2.16.49.80.6.68.2.5.14.29.2.21.36.24.2.5.xover.mutate.done 50
 generation 31.86.78.79.75.72.74.64.72.63.74.13.9.6.11.6.6.6.7.24.74.74.7.6.30.1.1.39.0.11.7.0.36.1.6.29.0.0.12.6.7.1.7.66.7.12.0.6.6.26.63.xover.mutate.done 50
 generation 32.92.83.89.87.89.84.84.84.86.81.0.0.63.0.0.4.4.0.0.0.0.3.0.4.17.0.0.29.60.25.3.0.22.3.67.21.4.20.3.0.5.17.3.3.0.26.3.3.61.13.xover.mutate.done 50
 generation 33.88.86.82.80.76.78.78.78.80.77.40.78.19.1.4.4.19.1.12.0.4.1.4.1.4.57.6.1.47.1.78.4.12.51.20.13.1.32.4.10.47.12.28.45.45.1.1.4.21.16.xover.mutate.done 50
 generation 34.88.81.88.79.85.76.76.76.76.76.2.2.7.80.35.2.1.8.52.62.81.20.18.2.2.29.42.19.7.23.77.20.84.17.36.65.46.73.11.7.2.29.81.59.67.18.42.73.35.45.xover.mutate.done 50
 generation 35.87.79.82.89.82.80.82.80.83.85.2.21.44.82.68.69.54.5.3.24.3.83.14.5.3.3.6.5.5.17.9.3.3.9.8.64.4.27.3.40.28.71.7.3.20.69.29.12.77.68.xover.mutate.done 50
 generation 36.81.80.73.79.71.74.76.70.75.77.3.12.4.72.33.4.6.60.4.8.3.3.4.54.68.35.4.20.67.81.14.3.11.25.3.66.3.3.76.3.3.84.3.45.61.5.4.29.73.3.xover.mutate.done 50
 generation 37.87.86.72.88.81.86.86.78.82.83.9.4.39.4.4.3.4.4.76.4.7.4.8.7.9.8.1.4.4.4.14.14.14.8.7.73.1.32.4.51.20.4.4.35.4.51.3.56.3.14.xover.mutate.done 50
 generation 38.85.84.85.79.82.79.83.80.79.80.4.4.13.4.7.34.14.13.4.85.19.70.13.4.4.15.8.4.4.32.4.4.4.9.18.13.4.21.4.55.4.3.15.4.23.4.13.3.4.4.xover.mutate.done 50
 generation 39.91.93.90.95.83.89.90.85.83.86.2.6.6.53.1.9.2.17.59.6.89.7.1.2.46.83.3.2.15.78.92.2.2.2.64.67.2.90.13.59.2.2.2.3.2.68.53.39.2.7.xover.mutate.done 50
 generation 40.84.90.87.90.89.82.94.83.88.85.3.3.9.20.8.52.9.75.2.3.52.3.21.3.3.8.2.65.3.3.9.18.56.8.28.23.2.27.2.3.9.3.62.85.4.21.64.27.68.1.xover.mutate.done 50
 generation 41.89.93.88.90.81.88.85.82.86.86.3.3.3.3.3.6.6.40.1.14.3.7.3.89.77.20.3.2.2.7.54.22.6.3.1.79.69.3.2.3.44.61.69.3.3.14.68.68.23.11.xover.mutate.done 50
 generation 42.88.79.85.78.83.81.85.76.79.79.16.55.2.68.13.1.2.55.39.31.2.8.2.2.33.2.54.58.2.15.2.2.2.2.74.58.44.17.33.2.21.7.2.2.22.2.8.38.7.7.xover.mutate.done 50
 generation 43.88.85.86.86.90.86.80.84.83.79.0.5.1.27.1.5.42.35.1.37.47.23.1.1.1.1.38.1.1.29.1.5.5.21.31.1.21.15.1.1.5.82.22.1.1.1.0.72.44.20.xover.mutate.done 50
 generation 44.88.84.90.87.82.87.82.85.81.82.70.47.7.72.61.17.7.3.3.1.7.3.7.31.7.58.3.3.54.3.1.3.28.7.3.6.36.3.65.33.1.14.3.28.63.3.1.24.55.45.xover.mutate.done 50
 generation 45.76.78.83.85.76.84.85.83.76.67.18.3.2.2.2.3.2.7.47.8.56.2.4.2.18.21.2.71.2.15.2.52.2.33.67.58.2.2.3.2.12.2.2.50.2.51.2.3.2.3.xover.mutate.done 50
 generation 46.88.85.90.85.87.85.86.78.74.82.2.25.66.70.1.21.2.6.49.5.38.2.1.8.64.2.2.5.77.2.2.1.1.68.2.65.2.5.2.40.22.63.2.6.2.1.29.2.1.40.xover.mutate.done 50
 generation 47.82.82.86.92.83.80.84.78.76.79.82.1.43.21.1.6.1.5.77.67.53.59.1.25.5.6.1.5.0.14.36.1.63.1.3.57.6.1.0.25.5.31.50.36.0.77.73.49.25.77.xover.mutate.done 50
 generation 48.87.82.87.77.88.90.85.83.75.82.56.3.46.17.71.5.3.15.2.3.57.83.77.25.19.2.19.2.16.12.59.2.0.2.47.2.2.2.2.2.2.57.31.6.65.3.2.2.2.0.xover.mutate.done 50
 generation 49.86.88.90.86.82.89.83.82.83.89.19.1.1.6.1.0.3.1.57.1.1.56.76.0.1.1.13.12.4.1.1.30.0.11.43.1.6.27.1.75.1.65.14.66.85.83.27.64.30.20.xover.mutate.done 50
 65324864 iters     742283 iter/sec (88.01 s)
 total time: 88.01
