50 50 50 50 50 50 38 29 25 8 6 4 3 2 1 1 1 1 1 1 1 1 1 1 1 1 1 1 1 1 1 1 1 1 1 1 1 1 1 1 1 0 0 0 0 0 0 0 0 0 
51 50 50 50 50 50 50 50 50 50 50 50 45 42 41 37 31 26 22 20 20 14 13 9 9 6 1 1 1 1 1 1 1 1 1 1 1 1 1 1 1 1 0 0 0 0 0 0 0 0 
53 53 53 52 50 50 50 50 50 50 50 50 50 50 50 50 50 50 50 50 43 33 29 25 20 19 15 15 15 11 9 5 5 5 5 5 5 5 5 5 5 5 3 3 3 3 2 2 2 2 
52 52 52 52 52 52 52 51 50 50 50 50 50 50 50 50 50 50 50 50 50 50 50 50 50 50 46 45 43 36 35 28 27 22 9 3 2 2 2 2 2 2 2 2 2 2 2 0 0 0 
52 51 51 51 51 51 51 51 51 51 51 51 51 51 51 51 51 51 51 50 50 50 50 50 50 50 50 47 44 43 19 17 6 5 2 2 2 2 2 1 1 1 1 1 1 1 1 1 1 1 
53 50 50 50 50 50 50 50 50 50 50 50 50 50 50 50 50 50 50 49 43 35 28 24 9 0 0 0 0 0 0 0 0 0 0 0 0 0 0 0 0 0 0 0 0 0 0 0 0 0 
54 52 52 52 52 52 52 52 52 52 52 52 52 52 52 51 50 50 50 25 25 24 4 4 4 4 4 4 4 4 4 4 4 4 4 4 4 4 2 2 2 2 2 2 2 2 2 2 2 2 
52 51 51 51 51 51 51 51 51 51 51 51 51 51 51 51 50 50 36 22 21 20 11 11 10 9 5 2 1 1 1 1 1 1 1 1 1 1 1 1 1 1 1 1 1 1 1 0 0 0 
59 58 57 53 53 53 53 53 53 53 53 53 53 53 53 53 53 53 53 53 53 50 21 19 15 13 12 9 8 3 3 3 3 3 3 3 3 3 3 3 3 3 3 3 3 3 3 0 0 0 
56 52 52 51 51 51 51 51 51 51 51 51 51 51 51 51 51 51 51 51 51 51 51 51 50 50 50 50 29 28 18 16 9 2 2 2 2 2 2 2 2 2 2 1 1 1 1 1 1 1 
52 50 50 50 50 50 50 50 50 50 50 50 50 50 50 50 50 50 50 50 50 50 43 40 28 23 18 9 2 1 1 1 1 1 1 1 1 1 1 1 1 1 1 1 1 1 1 0 0 0 
55 50 50 50 50 50 50 50 50 50 50 50 50 50 50 50 50 50 50 50 50 50 50 50 50 50 50 50 46 19 19 12 5 4 3 0 0 0 0 0 0 0 0 0 0 0 0 0 0 0 
61 59 50 50 50 50 50 50 50 50 50 50 50 50 50 50 50 50 50 50 50 50 50 50 50 50 50 50 50 50 44 21 11 10 7 0 0 0 0 0 0 0 0 0 0 0 0 0 0 0 
58 58 50 50 50 50 50 50 50 50 50 50 50 50 50 50 50 50 50 50 50 50 50 50 50 50 50 50 50 50 50 50 47 46 26 14 14 7 4 4 0 0 0 0 0 0 0 0 0 0 
57 55 50 50 50 50 50 50 50 50 50 50 50 50 50 50 50 50 50 50 50 50 50 50 50 50 50 50 50 50 50 50 50 23 20 20 14 11 5 5 3 1 1 1 1 1 1 1 0 0 
62 54 54 54 54 54 54 54 54 54 54 54 54 54 54 54 54 54 54 54 54 54 54 54 54 54 54 52 50 50 50 50 50 50 48 37 16 15 13 13 10 9 4 4 4 4 4 4 4 0 
58 50 50 50 50 50 50 50 50 50 50 50 50 50 50 50 50 50 50 50 50 50 48 46 40 15 14 13 13 13 11 8 8 8 6 0 0 0 0 0 0 0 0 0 0 0 0 0 0 0 
53 50 50 50 50 50 50 50 50 50 50 50 50 50 50 50 50 50 50 50 50 50 50 50 34 29 19 19 16 13 12 5 2 0 0 0 0 0 0 0 0 0 0 0 0 0 0 0 0 0 
59 57 53 51 51 51 51 51 51 51 51 51 51 51 51 51 51 51 51 51 51 51 51 51 51 51 51 50 50 48 46 44 40 29 10 9 3 3 3 3 3 3 3 3 3 3 3 2 2 2 
55 52 52 51 51 51 51 51 51 51 51 51 51 51 51 51 51 51 51 51 51 51 51 50 49 47 47 43 34 31 17 17 9 3 1 1 1 1 1 1 1 1 1 1 1 1 1 1 1 1 
79 64 61 61 56 55 50 50 50 50 50 50 50 50 50 50 50 50 50 50 50 50 50 50 50 50 50 50 44 25 23 16 14 13 13 13 12 11 11 10 9 2 1 1 1 1 1 0 0 0 
85 61 56 56 56 52 52 51 50 50 50 50 50 50 50 50 50 50 50 50 50 46 39 31 21 14 14 13 7 7 7 7 7 6 2 1 1 1 1 1 1 1 1 1 1 1 1 1 0 0 
89 58 55 55 52 51 51 50 50 50 50 50 50 50 50 50 50 50 42 41 40 24 24 22 22 19 18 18 16 7 7 6 6 6 6 1 1 1 1 1 1 1 1 1 1 1 1 1 1 0 
82 65 63 59 59 58 57 57 57 55 53 52 52 52 52 52 52 52 52 52 52 52 52 52 52 52 52 42 41 31 30 25 13 13 11 11 11 9 8 8 6 4 3 2 2 2 2 2 2 2 
80 64 62 59 58 58 58 57 57 57 54 52 50 50 50 50 50 50 50 32 26 20 19 16 14 12 11 11 10 9 9 8 8 2 2 2 0 0 0 0 0 0 0 0 0 0 0 0 0 0 
86 71 65 63 63 62 62 62 62 62 62 61 61 61 51 51 51 51 51 51 51 51 51 51 50 50 50 46 46 37 28 20 17 16 15 14 13 13 13 12 6 1 1 1 1 1 1 1 1 1 
88 69 66 60 60 58 58 57 57 57 50 50 50 50 50 50 50 50 50 50 50 49 49 48 22 18 12 11 9 7 4 3 3 0 0 0 0 0 0 0 0 0 0 0 0 0 0 0 0 0 
86 62 59 55 55 55 55 55 54 54 54 54 54 54 54 53 53 50 50 50 50 50 50 49 36 33 26 26 16 10 9 8 7 6 6 6 4 3 3 1 0 0 0 0 0 0 0 0 0 0 
84 72 71 65 64 64 64 63 61 61 60 60 60 60 51 51 50 50 50 35 31 26 19 18 17 15 12 11 11 10 10 10 10 10 10 6 3 3 3 1 1 1 1 1 1 1 1 1 1 0 
88 65 65 64 59 59 59 59 59 59 58 57 57 50 50 50 50 50 50 50 50 50 25 21 16 16 15 14 13 12 12 11 10 9 9 9 9 7 3 0 0 0 0 0 0 0 0 0 0 0 
84 76 70 68 68 61 59 59 59 59 59 59 59 57 57 57 51 50 50 50 50 50 50 50 50 50 44 41 34 24 21 20 20 19 16 15 9 9 9 7 2 2 2 2 2 2 2 0 0 0 
85 70 60 60 57 56 55 55 55 55 55 55 55 55 55 55 55 53 53 50 50 50 50 50 50 49 47 29 27 25 24 23 10 9 7 6 6 5 5 5 5 4 3 2 1 0 0 0 0 0 
87 77 69 68 65 64 60 60 59 59 59 59 59 57 57 57 56 56 54 52 51 51 51 50 50 41 32 17 15 13 12 12 12 12 11 11 11 11 11 10 10 10 10 8 7 3 3 1 1 1 
85 80 62 59 59 58 58 57 57 57 57 57 57 57 57 57 57 57 56 55 51 41 41 37 35 34 32 24 15 15 12 11 10 10 10 9 9 8 8 8 8 8 7 7 6 5 2 2 1 1 
80 66 64 64 63 60 60 59 56 55 54 54 54 54 54 54 54 52 51 50 50 44 39 38 38 35 26 9 9 7 6 5 5 4 4 3 2 1 1 1 1 1 1 1 1 1 1 0 0 0 
87 73 65 62 62 62 62 62 62 60 59 59 58 58 57 57 57 57 52 51 51 51 51 51 51 46 41 39 25 12 12 11 9 9 9 8 8 8 7 7 7 6 6 6 5 2 2 2 1 1 
86 73 71 67 67 66 66 65 64 64 63 61 61 61 61 61 60 58 58 58 57 56 52 52 22 21 19 16 13 13 12 11 10 9 9 9 9 9 8 8 3 3 3 3 2 2 2 1 1 1 
86 74 70 67 67 67 67 67 66 66 66 66 66 65 65 65 65 59 59 57 56 56 54 51 51 51 51 50 50 43 31 31 30 30 18 15 10 9 9 9 8 7 7 6 4 4 3 3 1 0 
84 73 71 70 70 70 67 66 65 65 65 65 65 65 64 62 58 57 55 55 55 53 51 51 51 51 50 48 48 43 43 42 40 24 22 22 20 19 18 17 15 15 7 7 4 1 1 1 1 0 
85 81 80 77 77 77 76 75 74 73 69 67 65 63 63 58 56 54 52 52 52 51 50 50 50 50 50 50 50 46 46 45 32 30 26 20 19 15 14 7 7 7 4 4 4 4 4 2 2 2 
91 87 81 79 77 77 76 76 76 76 74 70 69 63 61 60 59 59 58 51 50 50 50 50 50 50 47 39 34 33 33 28 22 20 20 19 14 13 6 2 1 1 1 1 1 1 1 1 1 0 
82 79 77 76 76 75 74 74 74 72 70 68 66 62 60 56 55 53 50 50 48 48 47 46 45 20 19 19 18 16 15 13 8 7 7 6 5 5 4 3 3 2 1 1 1 1 1 1 1 0 
84 80 80 78 76 74 70 68 66 66 63 63 63 62 61 60 53 50 50 50 49 46 44 43 39 36 28 23 22 22 19 19 18 15 13 12 12 9 9 7 7 6 2 1 1 1 1 1 0 0 
89 89 87 85 84 82 78 77 76 73 71 70 68 66 63 56 56 56 55 53 52 52 50 48 46 46 45 34 33 32 29 29 27 22 22 19 18 18 18 15 10 10 9 9 7 7 4 3 1 1 
86 85 85 84 84 83 79 75 71 70 69 68 68 67 66 60 56 54 42 40 38 35 34 30 29 27 23 22 21 21 19 18 17 15 14 9 9 8 8 7 7 3 3 3 3 3 3 3 3 0 
89 87 86 84 83 82 82 81 79 76 75 75 71 69 60 57 56 55 55 51 50 47 45 44 44 35 32 31 26 19 16 15 12 11 9 9 8 6 2 1 1 1 1 1 1 1 1 1 1 0 
90 87 85 84 83 82 81 80 80 77 77 76 75 73 71 70 70 70 70 60 55 55 51 50 50 50 49 47 46 46 40 38 36 23 20 18 13 12 10 6 0 0 0 0 0 0 0 0 0 0 
92 87 86 85 84 83 82 81 80 80 79 79 75 74 73 66 63 59 57 57 53 51 50 50 50 50 49 48 48 46 45 44 42 38 37 36 35 35 33 32 32 24 23 18 15 6 6 4 2 2 
91 88 88 88 87 85 84 83 81 80 79 78 78 69 68 66 63 59 57 57 53 53 51 50 44 42 40 34 32 28 26 18 17 16 16 13 12 11 9 7 6 4 3 3 1 1 1 1 1 1 
88 88 84 83 83 83 82 79 79 78 78 75 73 70 68 67 65 59 50 50 49 48 46 44 41 39 27 23 19 17 15 14 9 8 7 6 6 6 5 5 4 2 2 1 1 1 1 1 1 1 
