0.0859375 0.953125 0.90625 0.1015625 0.828125 0.1015625 0.265625 0.234375 0.3125 0.6484375 
0.78125 0.953125 1.0 0.28125 0.0078125 0.9609375 0.96875 0.1953125 0.0546875 0.828125 
0.890625 0.703125 0.78125 0.7734375 0.953125 1.0 0.28125 0.0078125 0.9609375 0.96875 
0.59375 0.703125 0.890625 0.78125 0.7734375 0.953125 1.0 0.28125 0.0078125 0.9609375 
0.59375 0.703125 0.890625 0.78125 0.7734375 0.78125 0.78125 0.953125 1.0 0.28125 
0.703125 0.59375 0.890625 0.5546875 0.703125 0.703125 0.28125 0.78125 0.7734375 0.78125 
0.578125 0.59375 0.609375 0.703125 0.890625 0.703125 0.703125 0.6640625 0.5546875 0.828125 
0.578125 0.59375 0.546875 0.609375 0.703125 0.5546875 0.7578125 0.890625 0.828125 0.578125 
0.578125 0.578125 0.703125 0.7578125 0.609375 0.546875 0.59375 0.609375 0.6796875 0.671875 
0.578125 0.578125 0.609375 0.546875 0.59375 0.609375 0.6484375 0.703125 0.7578125 0.6484375 
0.6328125 0.59375 0.578125 0.578125 0.546875 0.6484375 0.609375 0.5546875 0.6484375 0.703125 
0.6328125 0.59375 0.546875 0.609375 0.578125 0.578125 0.6484375 0.5546875 0.703125 0.6484375 
0.59375 0.578125 0.578125 0.6328125 0.546875 0.59375 0.6484375 0.609375 0.5546875 0.6484375 
0.59375 0.59375 0.6328125 0.546875 0.578125 0.578125 0.609375 0.6484375 0.6484375 0.5546875 
0.59375 0.6328125 0.609375 0.59375 0.578125 0.578125 0.546875 0.6484375 0.6484375 0.6484375 
0.59375 0.6328125 0.59375 0.578125 0.578125 0.546875 0.6484375 0.609375 0.6484375 0.625 
0.59375 0.6328125 0.59375 0.546875 0.578125 0.578125 0.609375 0.6015625 0.625 0.6484375 
0.6328125 0.59375 0.546875 0.609375 0.6328125 0.59375 0.625 0.578125 0.578125 0.6015625 
0.59375 0.6328125 0.59375 0.578125 0.578125 0.59375 0.59375 0.546875 0.609375 0.6015625 
0.6328125 0.59375 0.59375 0.59375 0.59375 0.59375 0.546875 0.625 0.578125 0.578125 
0.6328125 0.59375 0.59375 0.59375 0.59375 0.59375 0.5859375 0.546875 0.578125 0.578125 
0.6328125 0.59375 0.59375 0.59375 0.59375 0.578125 0.578125 0.5859375 0.5859375 0.59375 
0.5859375 0.59375 0.59375 0.59375 0.59375 0.5859375 0.578125 0.578125 0.6015625 0.6328125 
0.6328125 0.6015625 0.578125 0.578125 0.5859375 0.5859375 0.59375 0.59375 0.59375 0.59375 
0.6328125 0.6015625 0.59375 0.59375 0.59375 0.59375 0.5859375 0.578125 0.578125 0.5859375 
0.6328125 0.5625 0.6015625 0.59375 0.59375 0.59375 0.59375 0.578125 0.578125 0.5859375 
0.59375 0.59375 0.59375 0.59375 0.6328125 0.5859375 0.5625 0.6015625 0.578125 0.578125 
0.6015625 0.578125 0.578125 0.6328125 0.59375 0.59375 0.59375 0.59375 0.5859375 0.59375 
0.578125 0.578125 0.6328125 0.59375 0.59375 0.59375 0.59375 0.6015625 0.5859375 0.65625 
0.6328125 0.6015625 0.59375 0.59375 0.59375 0.59375 0.5859375 0.578125 0.578125 0.65625 
0.6015625 0.59375 0.59375 0.59375 0.59375 0.5859375 0.6328125 0.578125 0.578125 0.5546875 
0.59375 0.6015625 0.6328125 0.578125 0.578125 0.59375 0.59375 0.59375 0.59375 0.59375 
0.6328125 0.59375 0.59375 0.59375 0.59375 0.59375 0.6015625 0.578125 0.578125 0.59375 
0.6328125 0.6015625 0.59375 0.6015625 0.59375 0.59375 0.59375 0.59375 0.5703125 0.578125 
0.59375 0.6015625 0.6328125 0.609375 0.6015625 0.59375 0.59375 0.59375 0.59375 0.5703125 
0.578125 0.6328125 0.6015625 0.59375 0.609375 0.6015625 0.5703125 0.5703125 0.59375 0.59375 
0.609375 0.578125 0.6015625 0.5625 0.59375 0.6328125 0.59375 0.59375 0.5703125 0.5703125 
0.6328125 0.578125 0.59375 0.6015625 0.609375 0.5625 0.5859375 0.5625 0.59375 0.59375 
0.6015625 0.6015625 0.578125 0.6328125 0.59375 0.609375 0.5859375 0.59375 0.59375 0.6015625 
0.6015625 0.609375 0.6328125 0.59375 0.609375 0.609375 0.6015625 0.59375 0.59375 0.578125 
0.578125 0.6015625 0.5859375 0.6328125 0.59375 0.59375 0.609375 0.609375 0.609375 0.59375 
0.6015625 0.6015625 0.609375 0.6328125 0.609375 0.609375 0.59375 0.6015625 0.6015625 0.5859375 
0.6015625 0.6015625 0.609375 0.609375 0.609375 0.59375 0.59375 0.5859375 0.5859375 0.6015625 
0.609375 0.6015625 0.6015625 0.578125 0.5625 0.5859375 0.5859375 0.6015625 0.5859375 0.609375 
0.6015625 0.6015625 0.6015625 0.5625 0.5546875 0.5625 0.609375 0.609375 0.6015625 0.578125 
0.609375 0.6015625 0.6015625 0.5546875 0.5625 0.609375 0.609375 0.578125 0.5859375 0.6015625 
0.6015625 0.6015625 0.625 0.609375 0.5859375 0.609375 0.5625 0.5546875 0.6171875 0.578125 
0.6015625 0.6015625 0.609375 0.625 0.609375 0.578125 0.59375 0.5546875 0.609375 0.609375 
0.5546875 0.609375 0.6015625 0.6015625 0.625 0.609375 0.5859375 0.59375 0.59375 0.578125 
0.6015625 0.6015625 0.609375 0.59375 0.5546875 0.5859375 0.578125 0.625 0.609375 0.5703125 
