% Invoked: ./gella -d -r 3 -l biased_r3/run50 >& biased_r3/run50.log
% Ministry of Cellular Automata
% Project Deux (CS523 Spring 2015)
% Version:v0.1-70-g0624-dirty
%  pop:50
%  ic count:100
%  CA Log option:biased_r3/run50
%  width:121
%  max workers:4
%  radius:3
%  iterations:300
%  use bias:true
%  generations:50

 generation 0.1.50.1.1.7.1.1.1.1.1.1.1.0.50.0.1.1.0.1.0.1.1.50.1.1.1.0.0.51.8.1.45.50.1.0.0.1.1.0.1.50.0.1.1.50.1.0.1.1.0.xover.mutate.done 50
 generation 1.51.50.50.50.50.50.50.44.6.1.1.1.1.1.50.9.12.1.50.59.1.17.27.1.50.0.1.1.1.1.50.1.1.1.1.1.1.0.51.0.0.1.1.0.1.1.59.12.50.29.xover.mutate.done 50
 generation 2.56.57.50.50.50.50.50.50.50.50.50.0.0.0.0.0.37.50.0.0.0.0.0.0.0.0.0.0.0.50.0.0.0.0.50.0.0.50.0.0.0.0.0.0.29.0.64.0.0.0.xover.mutate.done 50
 generation 3.70.61.58.51.51.50.50.50.50.50.1.50.1.0.0.50.1.0.50.1.0.1.50.0.1.0.1.1.1.27.51.1.1.5.1.0.50.1.1.1.1.1.50.1.51.50.0.1.50.7.xover.mutate.done 50
 generation 4.60.61.59.50.50.50.50.50.50.51.54.10.0.50.1.1.38.1.50.0.1.1.50.50.50.0.50.1.0.50.50.1.1.1.57.50.1.44.1.7.1.50.0.50.54.50.50.6.1.3.xover.mutate.done 50
 generation 5.65.72.64.56.60.60.53.51.51.51.1.28.3.8.3.50.4.4.1.3.3.28.4.4.56.9.77.1.3.37.70.3.60.1.50.3.50.4.50.4.4.1.3.56.4.4.3.50.28.51.xover.mutate.done 50
 generation 6.77.75.69.66.61.55.55.56.63.58.21.2.52.2.10.50.2.62.8.50.10.2.58.50.2.2.4.2.2.2.4.2.2.4.72.2.2.2.2.4.10.55.2.4.2.8.2.2.2.4.xover.mutate.done 50
 generation 7.69.61.62.60.63.49.63.52.49.49.6.50.26.50.4.6.1.1.1.9.1.1.1.8.1.0.55.1.1.1.56.1.1.1.4.15.50.6.69.1.1.6.63.1.0.1.35.1.50.1.xover.mutate.done 50
 generation 8.71.71.60.60.70.67.64.63.53.54.0.0.24.8.62.0.0.50.58.25.0.0.25.4.51.0.0.0.0.0.0.39.24.50.57.5.0.31.5.0.0.0.52.0.24.53.0.8.36.0.xover.mutate.done 50
 generation 9.72.72.67.69.63.59.65.64.59.68.3.4.38.40.1.51.13.9.1.1.4.18.4.57.4.66.40.1.4.59.1.8.77.4.4.33.4.8.25.58.82.13.1.1.55.1.9.13.9.4.xover.mutate.done 50
 generation 10.75.69.63.63.65.62.64.61.59.61.2.2.40.2.1.2.1.7.2.1.7.3.50.10.1.5.1.1.2.7.1.5.5.2.1.5.3.2.2.2.2.1.3.7.5.2.3.53.57.2.xover.mutate.done 50
 generation 11.77.79.77.67.79.79.64.65.63.68.3.2.2.74.3.3.3.3.3.57.3.47.3.2.27.10.23.56.3.1.18.3.7.3.2.58.3.9.3.3.3.3.3.3.3.3.2.3.9.3.xover.mutate.done 50
 generation 12.71.65.65.71.67.73.63.65.57.62.0.12.0.0.0.0.0.0.6.16.0.0.6.0.0.0.0.0.0.0.0.0.43.0.0.0.0.33.5.5.0.0.0.0.0.0.0.0.0.0.xover.mutate.done 50
 generation 13.73.78.77.68.72.72.76.67.66.61.2.2.2.2.2.2.2.2.2.2.5.0.2.2.2.2.2.0.2.65.2.2.2.2.4.0.2.2.2.0.2.0.2.2.5.2.5.0.2.5.xover.mutate.done 50
 generation 14.75.75.62.71.70.70.65.63.58.51.1.1.3.58.3.1.1.1.1.1.1.5.1.1.1.1.1.1.1.1.20.1.1.1.1.1.1.1.1.1.0.1.0.1.1.1.1.1.3.35.xover.mutate.done 50
 generation 15.78.78.75.72.72.74.64.67.61.66.0.0.0.0.0.0.0.0.0.0.0.67.0.0.4.0.0.0.6.0.0.0.0.0.0.0.53.0.0.13.4.0.0.4.0.0.0.0.0.0.xover.mutate.done 50
 generation 16.67.76.69.68.66.66.68.65.61.64.2.1.39.1.2.9.2.2.1.1.1.2.1.2.67.1.2.2.2.2.2.1.2.2.1.1.1.2.2.68.7.8.2.1.8.2.2.1.1.2.xover.mutate.done 50
 generation 17.74.73.72.72.65.75.63.73.73.68.68.2.66.2.11.2.2.2.2.47.3.1.2.2.2.2.1.2.2.5.2.2.2.1.2.73.5.4.2.2.29.2.1.2.2.55.73.2.2.2.xover.mutate.done 50
 generation 18.78.79.76.74.74.76.76.75.73.74.14.1.13.57.12.19.1.69.0.1.76.4.68.2.1.73.1.2.34.4.2.2.0.1.1.1.55.46.1.48.1.27.57.3.69.1.7.1.2.75.xover.mutate.done 50
 generation 19.69.67.69.69.69.69.65.59.65.65.0.0.0.55.0.0.0.0.0.0.44.25.0.0.0.4.0.0.59.0.4.4.0.0.0.0.4.0.0.7.4.6.0.66.43.0.0.43.60.8.xover.mutate.done 50
 generation 20.76.74.74.74.74.70.71.70.74.74.15.1.0.59.0.0.0.0.0.51.0.14.6.5.0.14.6.66.22.0.0.8.0.0.0.0.0.2.6.62.0.0.0.6.65.0.0.74.66.0.xover.mutate.done 50
 generation 21.68.70.70.70.70.69.69.65.71.68.2.2.2.22.0.2.0.7.44.67.2.2.70.2.69.0.2.7.68.68.53.35.2.2.2.54.6.2.2.2.6.52.18.56.2.2.2.0.6.31.xover.mutate.done 50
 generation 22.71.71.71.71.71.72.73.73.75.78.63.3.3.2.2.6.63.6.63.3.12.3.53.3.52.3.3.68.60.7.17.3.49.3.3.58.3.21.3.3.3.59.3.7.3.46.3.52.23.69.xover.mutate.done 50
 generation 23.87.75.72.72.74.72.75.75.75.75.71.28.48.72.3.54.7.1.4.1.12.35.1.1.1.0.17.4.1.1.0.69.2.1.44.63.1.0.1.1.2.1.1.1.1.2.5.1.64.1.xover.mutate.done 50
 generation 24.81.77.75.75.75.75.73.74.74.74.3.13.3.1.3.26.74.1.3.3.1.1.3.63.64.74.13.78.69.3.14.3.65.59.1.3.11.63.59.3.3.3.3.46.3.59.3.3.3.39.xover.mutate.done 50
 generation 25.78.74.73.81.81.81.81.72.72.76.0.7.70.0.0.0.0.0.0.60.0.0.0.0.19.68.0.0.0.7.0.63.0.0.0.0.7.0.0.26.7.7.0.66.17.0.0.0.64.71.xover.mutate.done 50
 generation 26.80.80.80.80.81.79.78.84.82.82.64.0.0.20.79.0.36.0.3.0.16.0.15.56.6.0.6.0.71.0.0.0.49.0.13.70.0.0.0.0.74.0.0.0.27.0.0.0.0.76.xover.mutate.done 50
 generation 27.74.77.77.77.76.76.76.76.72.66.67.11.42.64.1.1.1.29.10.4.1.1.4.0.1.1.7.1.0.1.1.62.66.57.1.56.5.1.13.1.1.1.1.66.1.54.1.66.1.1.xover.mutate.done 50
 generation 28.67.67.79.72.72.72.72.75.70.66.2.19.35.49.55.1.13.51.1.48.1.1.65.1.1.34.52.53.63.64.62.51.8.1.51.56.1.1.57.11.2.1.49.14.3.52.1.13.1.28.xover.mutate.done 50
 generation 29.70.73.72.72.72.72.71.69.69.66.2.29.21.2.59.57.2.11.2.2.2.2.2.25.2.2.2.2.23.58.67.52.18.9.50.2.65.2.2.6.2.2.2.37.2.2.63.2.21.67.xover.mutate.done 50
 generation 30.78.71.71.71.71.70.77.73.73.68.25.0.39.0.52.0.0.0.0.0.0.23.51.9.0.0.0.31.61.46.14.0.0.0.9.0.33.0.0.0.9.0.72.0.17.80.21.7.0.7.xover.mutate.done 50
 generation 31.71.69.75.66.66.66.72.72.72.72.0.0.55.59.0.0.61.0.0.0.6.0.0.0.19.0.4.21.0.0.18.33.38.52.0.18.59.0.4.14.25.0.0.21.0.48.65.0.0.39.xover.mutate.done 50
 generation 32.77.69.69.69.69.72.74.67.67.66.8.0.0.62.0.7.0.58.0.0.63.0.65.0.64.29.0.59.0.63.0.71.44.16.68.16.8.0.48.0.0.57.0.0.0.61.7.8.8.0.xover.mutate.done 50
 generation 33.76.74.78.77.74.74.74.74.64.72.1.5.7.0.1.1.69.69.75.66.0.65.1.63.42.1.58.0.0.12.0.57.32.1.0.9.67.28.8.1.1.6.0.73.1.18.10.8.36.1.xover.mutate.done 50
 generation 34.76.69.80.76.76.73.73.73.73.75.1.2.7.34.70.1.9.4.66.44.53.4.8.75.30.2.2.2.40.79.71.2.21.70.2.68.8.2.61.2.2.48.2.4.1.85.7.69.1.21.xover.mutate.done 50
 generation 35.75.70.68.71.77.75.69.69.70.70.1.1.19.14.1.1.1.19.24.10.61.1.1.5.1.73.5.1.1.7.51.1.3.59.3.51.14.1.1.55.17.1.52.1.4.1.14.17.4.1.xover.mutate.done 50
 generation 36.68.74.70.68.72.75.66.66.63.63.0.2.2.48.4.2.8.2.2.61.61.66.2.6.4.2.10.2.39.2.2.68.0.2.52.7.2.0.2.4.11.8.53.0.68.0.9.18.2.2.xover.mutate.done 50
 generation 37.75.76.75.81.74.63.71.63.71.71.0.0.3.0.0.4.0.59.0.0.0.6.54.10.0.7.0.46.70.0.0.0.10.0.79.15.0.0.49.0.63.0.0.10.69.0.67.0.0.21.xover.mutate.done 50
 generation 38.75.81.71.77.76.76.69.75.75.70.78.4.1.3.1.4.30.3.58.3.3.2.57.21.3.1.76.13.3.5.1.3.1.3.7.30.3.3.1.3.3.4.1.4.3.3.1.3.3.3.xover.mutate.done 50
 generation 39.79.73.76.72.73.73.71.74.74.86.67.2.71.2.1.65.2.2.2.2.15.2.2.2.71.79.2.2.50.2.6.9.2.65.1.1.2.2.2.32.16.2.17.2.2.67.6.7.2.47.xover.mutate.done 50
 generation 40.79.88.80.85.76.76.87.84.84.84.4.16.7.7.7.20.8.9.4.4.4.4.7.7.4.7.8.15.14.4.2.4.4.83.4.4.88.4.4.7.4.75.8.73.81.68.70.8.63.4.xover.mutate.done 50
 generation 41.78.78.77.72.76.76.75.74.74.75.1.1.1.1.76.13.1.1.1.4.1.1.75.1.50.1.8.4.1.1.63.48.8.60.1.6.73.58.7.1.61.1.1.1.4.1.64.1.4.10.xover.mutate.done 50
 generation 42.76.76.78.71.71.69.71.72.72.72.5.3.69.3.72.3.3.38.3.3.3.3.3.6.73.3.67.26.71.49.3.3.3.6.3.41.73.7.64.3.3.3.69.36.3.67.3.48.54.3.xover.mutate.done 50
 generation 43.70.76.76.69.74.69.69.75.69.73.33.58.7.2.3.69.3.9.74.58.24.9.3.28.70.7.36.3.62.3.3.12.46.74.3.10.3.3.3.17.43.68.68.29.2.31.9.15.36.2.xover.mutate.done 50
 generation 44.75.75.70.67.74.73.70.72.66.71.72.4.5.59.31.3.14.23.4.62.5.5.2.2.33.43.2.51.2.2.67.2.30.29.25.2.65.4.42.77.70.56.2.26.71.30.30.2.2.63.xover.mutate.done 50
 generation 45.78.80.80.77.78.79.71.74.79.73.25.7.35.51.68.0.7.0.58.14.6.1.71.54.6.51.65.7.47.74.80.29.6.65.7.43.1.6.1.56.73.8.6.6.76.37.14.52.6.1.xover.mutate.done 50
 generation 46.81.81.80.80.74.81.73.76.71.79.9.6.0.56.14.69.3.61.74.5.5.74.63.6.77.22.2.42.2.5.57.30.20.72.5.76.76.74.2.2.2.2.2.0.6.49.75.5.11.66.xover.mutate.done 50
 generation 47.85.85.87.81.80.77.78.90.77.77.32.4.1.50.4.1.1.1.60.55.4.1.67.12.4.78.5.7.1.1.1.77.1.70.1.40.35.74.1.1.5.1.65.18.73.5.47.80.4.1.xover.mutate.done 50
 generation 48.75.78.80.80.71.69.74.70.70.74.7.64.7.19.7.39.6.77.0.71.70.0.62.0.31.14.71.0.0.70.67.6.7.0.50.6.0.0.0.71.7.0.56.0.37.50.29.67.0.43.xover.mutate.done 50
 generation 49.75.75.78.79.73.71.71.77.68.74.28.39.1.30.58.31.30.1.1.6.3.61.58.73.0.42.3.74.33.42.1.4.7.5.58.71.3.3.49.69.3.40.1.3.65.3.33.65.3.3.xover.mutate.done 50
 71755463 iters     736762 iter/sec (97.39 s)
 total time: 97.39
