51 50 50 50 50 50 50 45 8 7 1 1 1 1 1 1 1 1 1 1 1 1 1 1 1 1 1 1 1 1 1 1 1 1 1 1 1 1 0 0 0 0 0 0 0 0 0 0 0 0 
59 59 51 51 50 50 50 50 50 50 50 50 50 50 50 44 29 27 17 12 12 9 6 1 1 1 1 1 1 1 1 1 1 1 1 1 1 1 1 1 1 1 1 1 1 0 0 0 0 0 
64 57 56 50 50 50 50 50 50 50 50 50 50 50 50 50 37 29 0 0 0 0 0 0 0 0 0 0 0 0 0 0 0 0 0 0 0 0 0 0 0 0 0 0 0 0 0 0 0 0 
70 61 58 51 51 51 51 50 50 50 50 50 50 50 50 50 50 50 50 50 27 7 5 1 1 1 1 1 1 1 1 1 1 1 1 1 1 1 1 1 1 1 0 0 0 0 0 0 0 0 
61 60 59 57 54 54 51 50 50 50 50 50 50 50 50 50 50 50 50 50 50 50 50 50 50 50 44 38 10 7 6 3 1 1 1 1 1 1 1 1 1 1 1 1 1 0 0 0 0 0 
77 72 70 65 64 60 60 60 56 56 56 53 51 51 51 51 50 50 50 50 50 37 28 28 28 9 8 4 4 4 4 4 4 4 4 4 3 3 3 3 3 3 3 3 3 1 1 1 1 1 
77 75 72 69 66 63 62 61 58 58 56 55 55 55 52 50 50 50 21 10 10 10 8 8 4 4 4 4 4 4 2 2 2 2 2 2 2 2 2 2 2 2 2 2 2 2 2 2 2 2 
69 69 63 63 63 62 61 60 56 55 52 50 50 50 50 49 49 49 35 26 15 9 8 6 6 6 6 4 4 1 1 1 1 1 1 1 1 1 1 1 1 1 1 1 1 1 1 1 0 0 
71 71 70 67 64 63 62 60 60 58 57 54 53 53 52 51 50 50 39 36 31 25 25 24 24 24 8 8 5 5 4 0 0 0 0 0 0 0 0 0 0 0 0 0 0 0 0 0 0 0 
82 77 72 72 69 68 67 66 65 64 63 59 59 59 58 57 55 51 40 40 38 33 25 18 13 13 13 9 9 9 8 8 4 4 4 4 4 4 4 4 4 3 1 1 1 1 1 1 1 1 
75 69 65 64 63 63 62 61 61 59 57 53 50 40 10 7 7 7 7 5 5 5 5 5 3 3 3 3 2 2 2 2 2 2 2 2 2 2 2 2 2 1 1 1 1 1 1 1 1 1 
79 79 79 77 77 74 68 67 65 64 63 58 57 56 47 27 23 18 10 9 9 7 3 3 3 3 3 3 3 3 3 3 3 3 3 3 3 3 3 3 3 3 3 3 2 2 2 2 2 1 
73 71 71 67 65 65 65 63 62 57 43 33 16 12 6 6 5 5 0 0 0 0 0 0 0 0 0 0 0 0 0 0 0 0 0 0 0 0 0 0 0 0 0 0 0 0 0 0 0 0 
78 77 76 73 72 72 68 67 66 65 61 5 5 5 5 4 2 2 2 2 2 2 2 2 2 2 2 2 2 2 2 2 2 2 2 2 2 2 2 2 2 2 2 2 0 0 0 0 0 0 
75 75 71 70 70 65 63 62 58 58 51 35 20 5 3 3 3 1 1 1 1 1 1 1 1 1 1 1 1 1 1 1 1 1 1 1 1 1 1 1 1 1 1 1 1 1 1 1 0 0 
78 78 75 74 72 72 67 67 66 64 61 53 13 6 4 4 4 0 0 0 0 0 0 0 0 0 0 0 0 0 0 0 0 0 0 0 0 0 0 0 0 0 0 0 0 0 0 0 0 0 
76 69 68 68 68 67 67 66 66 65 64 61 39 9 8 8 7 2 2 2 2 2 2 2 2 2 2 2 2 2 2 2 2 2 2 2 1 1 1 1 1 1 1 1 1 1 1 1 1 1 
75 74 73 73 73 73 73 72 72 68 68 66 65 63 55 47 29 11 5 5 4 3 2 2 2 2 2 2 2 2 2 2 2 2 2 2 2 2 2 2 2 2 2 2 2 2 1 1 1 1 
79 78 76 76 76 76 75 75 74 74 74 73 73 69 69 68 57 57 55 48 46 34 27 19 14 13 12 7 4 4 3 2 2 2 2 2 1 1 1 1 1 1 1 1 1 1 1 1 0 0 
69 69 69 69 69 67 66 65 65 65 60 59 59 55 44 43 43 25 8 7 6 4 4 4 4 4 0 0 0 0 0 0 0 0 0 0 0 0 0 0 0 0 0 0 0 0 0 0 0 0 
76 74 74 74 74 74 74 74 71 70 70 66 66 65 62 59 51 22 15 14 14 8 6 6 6 6 5 2 1 0 0 0 0 0 0 0 0 0 0 0 0 0 0 0 0 0 0 0 0 0 
71 70 70 70 70 70 69 69 69 68 68 68 68 67 65 56 54 53 52 44 35 31 22 18 7 7 6 6 6 2 2 2 2 2 2 2 2 2 2 2 2 2 2 2 2 2 0 0 0 0 
78 75 73 73 72 71 71 71 71 71 69 68 63 63 63 60 59 58 53 52 52 49 46 23 21 17 12 7 7 6 6 3 3 3 3 3 3 3 3 3 3 3 3 3 3 3 3 3 2 2 
87 75 75 75 75 75 74 72 72 72 72 71 69 64 63 54 48 44 35 28 17 12 7 5 4 4 3 2 2 2 1 1 1 1 1 1 1 1 1 1 1 1 1 1 1 1 1 0 0 0 
81 78 77 75 75 75 75 74 74 74 74 74 73 69 65 64 63 63 59 59 59 46 39 26 14 13 13 11 3 3 3 3 3 3 3 3 3 3 3 3 3 3 3 3 3 1 1 1 1 1 
81 81 81 81 78 76 74 73 72 72 71 70 68 66 64 63 60 26 19 17 7 7 7 7 7 0 0 0 0 0 0 0 0 0 0 0 0 0 0 0 0 0 0 0 0 0 0 0 0 0 
84 82 82 81 80 80 80 80 79 79 78 76 74 71 70 64 56 49 36 27 20 16 15 13 6 6 3 0 0 0 0 0 0 0 0 0 0 0 0 0 0 0 0 0 0 0 0 0 0 0 
77 77 77 76 76 76 76 74 72 67 66 66 66 66 64 62 57 56 54 42 29 13 11 10 7 5 4 4 1 1 1 1 1 1 1 1 1 1 1 1 1 1 1 1 1 1 1 1 0 0 
79 75 72 72 72 72 70 67 67 66 65 64 63 62 57 56 55 53 52 52 51 51 51 49 49 48 35 34 28 19 14 13 13 11 8 3 2 2 1 1 1 1 1 1 1 1 1 1 1 1 
73 72 72 72 72 71 70 69 69 67 67 66 65 63 59 58 57 52 50 37 29 25 23 21 21 18 11 9 6 2 2 2 2 2 2 2 2 2 2 2 2 2 2 2 2 2 2 2 2 2 
80 78 77 73 73 72 71 71 71 71 70 68 61 52 51 46 39 33 31 25 23 21 17 14 9 9 9 7 7 0 0 0 0 0 0 0 0 0 0 0 0 0 0 0 0 0 0 0 0 0 
75 72 72 72 72 71 69 66 66 66 65 61 59 59 55 52 48 39 38 33 25 21 21 19 18 18 14 6 4 4 0 0 0 0 0 0 0 0 0 0 0 0 0 0 0 0 0 0 0 0 
77 74 72 71 69 69 69 69 68 67 67 66 65 64 63 63 62 61 59 58 57 48 44 29 16 16 8 8 8 8 7 7 0 0 0 0 0 0 0 0 0 0 0 0 0 0 0 0 0 0 
78 77 76 75 74 74 74 74 74 73 72 69 69 67 66 65 64 63 58 57 42 36 32 28 18 12 10 9 8 8 7 6 5 1 1 1 1 1 1 1 1 1 1 0 0 0 0 0 0 0 
85 80 79 76 76 76 75 75 73 73 73 73 71 70 70 69 69 68 66 61 53 48 44 40 34 30 21 21 9 8 8 7 7 4 4 4 2 2 2 2 2 2 2 2 2 2 1 1 1 1 
77 75 75 73 71 70 70 70 69 69 68 61 59 55 52 51 51 24 19 19 17 17 14 14 14 10 7 5 5 4 4 3 3 1 1 1 1 1 1 1 1 1 1 1 1 1 1 1 1 1 
75 74 72 70 68 68 68 68 66 66 66 63 63 61 61 53 52 48 39 18 11 10 9 8 8 7 6 4 4 4 2 2 2 2 2 2 2 2 2 2 2 2 2 2 2 0 0 0 0 0 
81 79 76 75 75 74 71 71 71 70 69 67 63 63 63 59 54 49 46 21 15 10 10 10 7 6 4 3 0 0 0 0 0 0 0 0 0 0 0 0 0 0 0 0 0 0 0 0 0 0 
81 78 77 76 76 76 75 75 75 71 70 69 58 57 30 30 21 13 7 5 4 4 4 4 3 3 3 3 3 3 3 3 3 3 3 3 3 3 3 3 3 2 1 1 1 1 1 1 1 1 
86 79 79 76 74 74 73 73 73 72 71 71 71 67 67 65 65 50 47 32 17 16 15 9 7 6 6 2 2 2 2 2 2 2 2 2 2 2 2 2 2 2 2 2 2 2 2 1 1 1 
88 88 87 85 84 84 84 83 81 80 79 76 76 75 73 70 68 63 20 16 15 14 9 8 8 8 8 7 7 7 7 7 7 7 4 4 4 4 4 4 4 4 4 4 4 4 4 4 4 2 
78 78 77 76 76 76 75 75 75 74 74 73 72 64 63 61 60 58 50 48 13 10 8 8 7 6 4 4 4 4 1 1 1 1 1 1 1 1 1 1 1 1 1 1 1 1 1 1 1 1 
78 76 76 73 73 72 72 72 72 71 71 71 71 69 69 69 67 67 64 54 49 48 41 38 36 26 7 6 6 5 3 3 3 3 3 3 3 3 3 3 3 3 3 3 3 3 3 3 3 3 
76 76 75 74 74 74 73 70 70 69 69 69 69 69 68 68 62 58 58 46 43 36 36 33 31 29 28 24 17 15 12 10 9 9 9 7 7 3 3 3 3 3 3 3 3 3 3 2 2 2 
77 75 75 74 73 72 72 71 71 70 70 70 67 67 66 65 63 62 59 56 51 43 42 33 31 30 30 30 29 26 25 23 14 5 5 5 4 4 4 3 2 2 2 2 2 2 2 2 2 2 
80 80 80 79 79 78 78 77 76 74 74 73 73 71 71 68 65 65 58 56 54 52 51 51 47 43 37 35 29 25 14 14 8 7 7 7 7 6 6 6 6 6 6 6 1 1 1 1 0 0 
81 81 81 80 80 79 77 76 76 76 75 74 74 74 74 73 72 71 69 66 63 61 57 56 49 42 30 22 20 14 11 9 6 6 6 5 5 5 5 5 3 2 2 2 2 2 2 2 0 0 
90 87 85 85 81 80 80 78 78 77 77 77 77 74 73 70 67 65 60 55 50 47 40 35 32 18 12 7 5 5 5 4 4 4 4 4 1 1 1 1 1 1 1 1 1 1 1 1 1 1 
80 80 78 77 75 74 74 71 71 71 71 70 70 70 70 69 67 67 64 62 56 50 50 43 39 37 31 29 19 14 7 7 7 7 7 6 6 6 0 0 0 0 0 0 0 0 0 0 0 0 
79 78 77 75 75 74 74 73 73 71 71 71 69 68 65 65 61 58 58 58 49 42 42 40 39 33 33 31 30 30 28 7 6 5 4 3 3 3 3 3 3 3 3 3 1 1 1 1 1 0 
