% Searching for fittest of the fit
% Rule: 01000100100010010000001100000010010110100110000111011001111111111111101001100111111111111011111111101110101111111011010111110111: 3399
% Rule: 01100000000001000001110001000101111111101011011111110101110111110111111110111111111111011011101111111111111111011101000111111111: 7652
% Rule: 11111011111011101111100111101110111101101111111110111110110011101110101001110110111110100110001011000000100001100000001000010100: 9193
% Rule: 11111101101111111101110110011111111101111011100001010100010000100000001000001100010000000111000011000001000000000000000001100000: 5061
% Rule: 11111111111100101101111111111100111111110111110110111011111111101100010000001010100000110011001000110000100100000000001001000000: 9199
% Rule: 11111100111111110010010110001000101100011000100110011010100110001000000010000000111011100010110001100100000001000101100000000000: 4925
% Rule: 00000001010000001000010101111111111111111111111111111111111111111011111111111111111111111111111111111111111111111111111111110111: 1091
% Rule: 11111010111111101100111111111110111110111111111111110111111111101110111001111110101001000011000000001010110000000001000000101100: 5103
% Rule: 11101101101001011000011001100111100010000010001010001110100001101011000001000000000100100000010010010100110001000000000011100000: 4248
% Rule: 00000001000101100001001010101000010100001000000000010000010111010110101001111101011100011101111111001011011011111100110101111101: 3974
% Rule: 11111111101111010101001110101111010010111000111111111100010111101111110111111100110110111111101100111110011111101000010001101000: 164
% Rule: 00010000000000010000010000110000000000010000010001010010000111010110111111101101111111010111111101111111111101110100111110111101: 5324
% Rule: 11101001110000101110001001001111111011111011100111101100111100001010110001101110110100000010001000100000100000001001100000000100: 4807
% Rule: 11111110100110101100101110111100110000101011101111111111111110101010001111001100100001011010100001111000001101000000110011000000: 5456
% Rule: 11101111111011101010110001011010101111110110110010110000001011001010001110011010011000001101000010010001001000011001000010100000: 2114
% Rule: 11111001111111100101110011011010111001100100100010101011000001101100101100111110001111011011100001100000011000101100100000000000: 5061
% Rule: 00100000000010000000000101000000000100001100001011101000010100000000010001000100001101110001000011011101101110110110111001010011: 164
% Rule: 11111101101111011001101111110111111011101101101011111001010010100000000011010000010010100100000010001000001000010010000011000000: 166
% Rule: 11111101100111110100001111001100110000010010101100101110111101001000000100010010100000001001000010101000100101001100010000000100: 1787
% Rule: 11111001111111111101101100111110111010110010010110001101110011101000100000000100001001111100010010001110001011001100000010001001: 916
% Rule: 11111111111011011110111010010011111011111010001000100000000100101010000000000010000011000000001010100010001100101010000010000000: 6134
% Rule: 11111111110100101111100011010011111011110110010011111100100111101000010100010000101000101000000010000000110001101000001010000000: 7952
% Rule: 11111111110000011001111111111110110001101001111111101001101001111111100111000011110111110101100011011111111000011101001001101010: 5103
% Rule: 11111011111000111110101100101101111001100000000111010100101001101000110000011110011001000100000010011000000010011000010000000000: 2081
% Rule: 11111111110100111111011001111100011111000010011010011000111100001000001110110100010000001111010000110000000000001010001000100000: 2931
% Rule: 11111101111111101100100111111101111110011011010111111001111111101111001111111110111000000010000000000000100000010000000000100000: 4756
% Rule: 11111110111111011101110000111111111111100111110010011110111101101000100000000100000010000110000000100100000011000000100000001100: 583
% Rule: 00010010000000010000000100001000001010100000001111001111111001010101001110010010110010001001101101010111110111110111001111111111: 1328
% Rule: 11111001001011111100101011101000101110001001000111011111000011101001110011000100101000000011010011000100000011000001100000000000: 3848
% Rule: 11111001100011101111100111111100110111111011111110111111111111101111101111111110101000000000110000000100001000101100110011000100: 5103
% Rule: 11111111111111011111100111101101101010001001000000000100100100001010100000000100000001101000100010001010000111001000011010000000: 9100
% Rule: 11101110101101011100001111100000001111011001010010000101110011001101101001100011101111010001100000000000001001001000000011001000: 700
% Rule: 11101101100100001111111011010111111111011101110010001111110101011101101111001000100001101000001010100010000010010000000000010100: 5012
% Rule: 11111010101110111111111111100100111000101001010010011000010000001001000000010111010000101000001110100000101000001111100001101000: 1541
% Rule: 11101011111111011101110000110011111101111110110011100010110010001011101001101010111110010010111010010001011110001101101000000000: 9128
% Rule: 11111100011111111111111101111101111111111111010110111110111111111111010111111111111111011111111111111111111000010000000000000000: 171
% Rule: 11101011100111111110001000000111111001000101101000000010010110011100111010011010011000100111100010001010010000001000001001000001: 740
% Rule: 11111101111111101001101011111100100111111111110111110111111011111111101101111110111111100011011111111110111111110011111111110100: 5103
% Rule: 11111111101010111101001111101110110010111111001011101000101111101010011011011101111011101100011001000000101001110010111000000100: 4914
% Rule: 11100110101010011111100010010010100110100111100110111001111010101011110010111111110010011100011011010010100000001011010010000100: 164
% Rule: 11101010111110111101001110111010111101111111111110110111111111101101110011000000010010011000000000111001000010000000000000000000: 5769
% Rule: 11111011110101101011011110111111110110110011010110000111110110001010000000000000000000011001110010000000100000000000001000000000: 6144
% Rule: 11111110111111101111111111101111111111111111111111111110011101111111111111111111111111111111110110111111011111101111101011011111: 5020
% Rule: 11101011101000101001111110111011111011111101111011111000110111101111000110101000101111100011000011010111101101100110110001000000: 4396
% Rule: 11101011111111111111110101111111110101111111110111111111011111111101111011111111111111111111111111111111110010111010110100000000: 5103
% Rule: 11111101111000101101111111111011011010111110001110010110100000001001000011110000101000000110100100110100010011000010001011001000: 164
% Rule: 11111111101111011111111111111101111000111111110111101110100000001000001000000100001000000000000000000000100101100000110010001000: 9157
% Rule: 11111011111011111111101011101111100011101010101111101001110101011000111100010100100000001000100000000010000000000100110010000000: 4881
% Rule: 11111011111010101011010101101011110011011110111111111111101001101000100100000000100100101101100010000000010010000000000000100000: 6736
% Rule: 11111111111100001001100111110111111111001100000100100000111000101001110110000010000000100101010010001110111010000000100010001000: 8610

 Winner: 11111111111100101101111111111100111111110111110110111011111111101100010000001010100000110011001000110000100100000000001001000000 with fitness 9199
 Generating correctness data in rho0_correctness_r3.dat
 %   Rule:11111111111100101101111111111100111111110111110110111011111111101100010000001010100000110011001000110000100100000000001001000000
 % Lambda:0.546875
0.0 0.053 0.11 0.16 0.21 0.26 0.32 0.37 0.42 0.47 0.53 0.58 0.63 0.68 0.74 0.79 0.84 0.89 0.95 1.0 
