% Searching for fittest of the fit
% Rule: 11111100111111101111000010011000: 5102
% Rule: 11101111110011101110010001000000: 8071
% Rule: 01101110111011101011001001000000: 740
% Rule: 11111001111010101000101011000000: 7997
% Rule: 11111000111111101000100001000000: 7982
% Rule: 11101101110100101000000011000000: 8520
% Rule: 11101110110011101101111000001000: 8059
% Rule: 11101111111011101001010000001000: 8449
% Rule: 11111100111111101111000100001000: 3681
% Rule: 11101110101111101111100000001010: 5102
% Rule: 11111110111111101100010000001000: 8315
% Rule: 11101111111011101111001001001000: 8576
% Rule: 11101011110110001000110000100000: 6423
% Rule: 11111111101000101010001010000110: 5102
% Rule: 00111110000100011011111111010111: 548
% Rule: 00010011010000011111011101110111: 9151
% Rule: 11111010100000101000000010001000: 7997
% Rule: 11111111101110001000000000001000: 7997
% Rule: 11001111101100001010000010001000: 3627
% Rule: 11111000110010101000001010001000: 7997
% Rule: 11101111110110101010000010000000: 7937
% Rule: 11111100111010101100100000100000: 6943
% Rule: 11111110111111101111000000001000: 8423
% Rule: 11111110111111100110010000010100: 5052
% Rule: 11111100100010001001101010001000: 7997
% Rule: 11111101101010000010001010001000: 5056
% Rule: 10010011000010101000110010100000: 5056
% Rule: 11111001101000001000100100101001: 5020
% Rule: 10101111111101101000000010000000: 5056
% Rule: 11111000101111101010000000001000: 5605
% Rule: 11111001111011101000100000001000: 8098
% Rule: 11101111100100001000100010000000: 8284
% Rule: 11101011111010101011111001001000: 8581
% Rule: 11111100111111101101000100001000: 3677
% Rule: 11110110111111101011000001001001: 76
% Rule: 11111101100111001000010010000000: 7997
% Rule: 00010000010100000010111111111101: 1121
% Rule: 11111011111000101000100010000000: 7997
% Rule: 11111010110110101101111000000000: 7707
% Rule: 11101110110001101111111010000000: 7982
% Rule: 11111100111011101010000001100000: 6129
% Rule: 11111110111111101101000000001000: 8423
% Rule: 11111110111111101001001100001000: 3840
% Rule: 11111111110000001000000010000000: 7997
% Rule: 01111110111111101011000000001000: 4980
% Rule: 11101101111000001000010010000100: 920
% Rule: 11111110111111101010100001110100: 3294
% Rule: 11001010000000000000100000001000: 5056
% Rule: 11111100111111101011000000001000: 8423
% Rule: 11111111110110001000010000001001: 5020

 Winner: 00010011010000011111011101110111 with fitness 9151
 Generating correctness data in rho0_correctness_r2.dat
 %   Rule:00010011010000011111011101110111
 % Lambda:0.5625
0.0 0.053 0.11 0.16 0.21 0.26 0.32 0.37 0.42 0.47 0.53 0.58 0.63 0.68 0.74 0.79 0.84 0.89 0.95 1.0 
