% Searching for fittest of the fit
% Rule: 10000000000000000000001001000000001001000000001000000100011010000000001000000100100101000100000000001111000000000000000000001000: 5131
% Rule: 00000010000000000000000000100100000000000000000000000000000000000100111111101011111111111111101111101111111111111111110111111111: 2180
% Rule: 10111001100111001111111110111010111011001011110010100100011101101011100110111010100010100100010000001010110011101110000001001110: 144
% Rule: 00000000000000001000000100010000001000000000000010000010000100000111111111011101111111111111011110111001111011011111111111111111: 144
% Rule: 01010000001000000000000000001000000010000000000000000000000001111101001110111111011011111011101100011111011111111011101010111111: 144
% Rule: 11110110101110111011110110111100101100100010101001001000001010011001100011000010101000100001000010100101000100001000001010000000: 145
% Rule: 11111001111010001101110110111010101110111010111111101110111110101110101011011000101100000111101000111000010000100010010011010000: 4919
% Rule: 10110111111110110111110110011111111100101011010010000000101100100000010000010000100110000100010000100100000000101001000010000000: 5131
% Rule: 10101101000000000001001000100010101001000000100100000000000001100001000000000010010000011000000001110000011101000000000000000000: 5131
% Rule: 11111111010111101111001110100111100011000110010000000000000011001000000100011000010010001000000111001000000000001100001001100100: 144
% Rule: 00000010000100110100000101011010001001001001000100010100111010010110000000010001000100000001111111111111011111110011111001010001: 490
% Rule: 11101110111010111110111111111101111101011100110011111011100000101001000101111000001011000100101000001101101100100100000010000000: 7680
% Rule: 01000100000010110011101101001110001111111010111101111111110100110101111111111111111111111000111111011101111111011111111011111111: 145
% Rule: 11100110101111111101111100110000110010101001011010000000101000001000110001000100011101000000001010000001000110101010010000100000: 5131
% Rule: 00000000010000000100000000000000011000100000101000100000000000000111001101011111011111110011101111111111011111110111111101111111: 8475
% Rule: 00010111110100110010000101111001011111010101111110111110111111110111111111001110111011011111110101011111110011111111011111111111: 4609
% Rule: 11111111110011111111111111011111111101110011000010000110001000001000001000010000000000000000000000100000010000011000000000001000: 815
% Rule: 11011101111111001111111111111110111001111001111010110111101111101100000001001100110001000000000000010001010000100111000000001000: 5131
% Rule: 11111010110101111111101010111111101111111011111011111111111111101111010100010010000010000000000010100011000010000001000000101000: 8882
% Rule: 11110110101111011111111110111111111011100010011111011111010110001101011111111110111111000010101010111111001111100001110000000100: 155
% Rule: 11101011100111101101010111111010111111111111111010101111111101101010010100101110101000110010011011100000000000000000000001000000: 9189
% Rule: 01000001001110101010001001011111111111111111110111111111101111011111111011111011101111111111111011111111101111111111111111111111: 147
% Rule: 01000010100000100001000001001000111100000111111111111111010011010111101101011111001111011111111111111111111101110110011011011111: 3107
% Rule: 10111011110101101010111010110101111110110011110111111010110100101011100100000110000000010100101010010000000000000000000001001000: 793
% Rule: 11111111100111001011111001010111111111011011110110000010010000001100000111100000100001000000000000101000100000000010000010100000: 8726
% Rule: 11111110111111011011110111000111110111110000000000011000010001001000000000010000100010010111000010100111101010001100001000000000: 9138
% Rule: 00000000000000000000000010100000100000111010000001000100001110100011010001000001011001001111000100010011011101011111110100110111: 144
% Rule: 11111100111101111011111110001011110011011111111111011101110101101000100000000001000000100000001010100000110011001001100011000000: 3220
% Rule: 11111111111111111111111101001111101101111111001111111001101111101010000001000000000010001100000000000010000000100000000110001000: 4928
% Rule: 11111101111011011111110011111111111111011110111111111111111101011111111111011110011111111110110111011110111011111100101001011110: 5013
% Rule: 10010010011111000001000000000000000010000011001000001010000000100110000100100010000000100000010000000010010000000001000000000000: 5131
% Rule: 11110111110011111110000011111001111110000000110100101110001011100000000001001110001010001001000010001001100000001000110010000000: 5131
% Rule: 11111010110100001110111011110110101111111011111111011110101111101010101110001110110011111011101010100000100010001000100100010000: 7549
% Rule: 11111011111101101111111111111110101111110111101111111010111111001110110000000100101100110000010010000000001000100100000000101000: 9233
% Rule: 11110010111001001011111111011110100111000111010010011111111111011001111111110010111011010000010010011000010110000110000011000000: 144
% Rule: 11111110111111101111011011110010110100001011000000000101001000100100000001100111100011010100000010100100001101010010011011000000: 155
% Rule: 00111101110001000001111111001011111110011111111111001111011011111111111010001101111000110111101110011111011111011111011010111111: 151
% Rule: 11111111011111011111111111101111111101111110101111011111101111111111111111110111101111011111111101111111111111111101110110111110: 144
% Rule: 11111011111111101001111011111111111111001111111011001101111111001111111101111000000000000000000000100010100100100000100000001000: 9235
% Rule: 11111111100111011010111101000001101000101001100000100000111001101110000110001000100000101100000001100000100010111001000000001000: 4982
% Rule: 10111010110111011111111110001110101011100111111111110000000101001000101000011000100100000010001001010111100001001011100000100001: 66
% Rule: 11111100110110101110011100111101101011111100101110100110111011100110111111111110001100011000011011011000010010000110101000000000: 3548
% Rule: 11111111101111101110100010011110111001011101011111101010100011101010000010111110010111100100100001001101110000000010001011000010: 4324
% Rule: 11101111111011101101110111101000100111101011110110010010110001101111001010100010111000100100111001101110110111100000100101010000: 3187
% Rule: 00010000000000000000000000000001000100000000001100110101000010011111111110000011111111111110110111111110111100111111011111111111: 7289
% Rule: 11111111101111111111111110111111110101111101111011111101101111101101111101111111110111011111111111111101111101110111110111101010: 5013
% Rule: 10000000000100000000000000000000001010000000000000000000000000000000000000100000000010000010000000000000000000000000000000000000: 5131
% Rule: 00000000000000000010000000000010000001000010010010011000010010010000000010000001001011110101011101111111111111110001111101001101: 6811
% Rule: 11101111111111001010111011010111110110111111100111111111011111101001000001100011001001000000000101101000000000100010000000001000: 960
% Rule: 01101001011100000000000001100000000000010001000111111000011111111100110101111101111011010111001101111101111011111111111101111111: 567

 Winner: 11111011111111101001111011111111111111001111111011001101111111001111111101111000000000000000000000100010100100100000100000001000 with fitness 9235
 Generating correctness data in rho0_correctness_r3.dat
 %   Rule:11111011111111101001111011111111111111001111111011001101111111001111111101111000000000000000000000100010100100100000100000001000
 % Lambda:0.546875
0.0 0.053 0.11 0.16 0.21 0.26 0.32 0.37 0.42 0.47 0.53 0.58 0.63 0.68 0.74 0.79 0.84 0.89 0.95 1.0 
