% Searching for fittest of the fit
% Rule: 11111000101010101001101000101000: 6985
% Rule: 11110011000011100010000010000000: 5098
% Rule: 11101110111110101100111000001000: 8041
% Rule: 10000000001001000001100000000000: 5098
% Rule: 11101101111100001000000010000000: 4282
% Rule: 01111100101111101011000010001010: 89
% Rule: 11111010110111101011100000000000: 6304
% Rule: 11101011111011101011010001001000: 3806
% Rule: 11111110100110001001111000101000: 4685
% Rule: 11111110111011101001110000000000: 7946
% Rule: 11111100111111101011000001001000: 8458
% Rule: 11101101110110101000110000001000: 8497
% Rule: 11101011111110101101101001000010: 5081
% Rule: 11111111111111101000000000001000: 7904
% Rule: 01010000001010111111111110111111: 7857
% Rule: 11111010101010101000111001000000: 7601
% Rule: 11001011111011101110100000100000: 5098
% Rule: 11101111100001001010110010001000: 8049
% Rule: 11101110101011101111111000001000: 8045
% Rule: 11111011110100101000010010000000: 6246
% Rule: 11111100110011001000000010001000: 7976
% Rule: 10010000000001000000010000100000: 5098
% Rule: 11111110101111101101101001000000: 3611
% Rule: 11111100101011101101111000010000: 3028
% Rule: 11001111101100001010000010000000: 5098
% Rule: 01000101110010111111011001111111: 1419
% Rule: 11111101100011101000001011000000: 7976
% Rule: 11111110111100101111111000000000: 5821
% Rule: 11101111111010101001010000001000: 7573
% Rule: 01001010000000110111111111010111: 8621
% Rule: 11101110111111101100100110110000: 8113
% Rule: 11111100011111101101000000001000: 5097
% Rule: 11101111010101001000110000001000: 5098
% Rule: 11101111110000100010110000001000: 2575
% Rule: 11101111100100001000000010000000: 3910
% Rule: 11110000111000101000100000101010: 179
% Rule: 11111110101111101111011001001000: 8521
% Rule: 11101111100100001000110000100010: 707
% Rule: 11111110111111101100001100010100: 8180
% Rule: 11101111111111101100000001000000: 8028
% Rule: 11111001100001001100001000000010: 587
% Rule: 00110000000111011111111100111111: 5728
% Rule: 11101101111110101000100000001000: 8307
% Rule: 11111101111101000010000000001000: 5098
% Rule: 11111110111111101011010001001000: 8503
% Rule: 11101111110010001000110000101000: 8412
% Rule: 11101011110011100111011001000000: 5097
% Rule: 11111100100110001010110000101010: 5081
% Rule: 11101111101100001000100010100000: 6096
% Rule: 11101111101100101000000010000000: 8404

 Winner: 01001010000000110111111111010111 with fitness 8621
 Generating correctness data in rho0_correctness_r2.dat
 %   Rule:01001010000000110111111111010111
 % Lambda:0.5625
0.0 0.053 0.11 0.16 0.21 0.26 0.32 0.37 0.42 0.47 0.53 0.58 0.63 0.68 0.74 0.79 0.84 0.89 0.95 1.0 
