54 50 50 50 50 50 50 50 50 50 50 36 35 13 12 10 4 4 4 4 4 4 4 4 4 4 4 4 4 4 4 4 4 4 4 0 0 0 0 0 0 0 0 0 0 0 0 0 0 0 
52 52 52 52 52 50 50 50 50 50 50 50 50 50 50 50 50 50 50 50 50 50 50 50 50 37 24 9 8 7 3 3 3 2 2 2 2 2 2 2 2 2 2 2 2 2 2 0 0 0 
51 51 51 51 51 51 50 50 50 50 50 50 50 50 50 50 50 50 50 50 50 50 50 50 50 50 49 19 12 11 9 8 8 8 8 1 1 1 1 1 1 1 1 1 1 1 1 1 1 1 
51 51 51 51 51 51 51 51 51 51 51 51 50 50 50 50 50 50 50 50 50 50 50 50 50 50 50 50 45 30 20 13 9 6 5 2 2 2 2 1 1 1 1 1 1 1 1 1 1 1 
52 52 52 52 51 51 51 51 51 51 51 51 51 51 51 51 51 51 51 51 51 51 50 50 50 50 50 50 50 50 50 50 14 12 9 3 3 3 3 3 2 1 1 1 1 1 1 1 1 1 
51 51 51 51 51 51 51 51 51 51 51 51 51 51 51 51 51 51 51 51 51 51 50 50 50 50 50 27 8 7 7 2 2 2 2 2 2 2 2 2 2 2 2 2 1 1 1 1 1 1 
51 51 51 51 51 51 51 51 50 50 50 50 50 50 50 50 50 50 50 50 50 50 50 50 50 50 45 42 24 14 6 5 5 5 5 1 1 1 1 1 1 1 1 1 1 0 0 0 0 0 
69 69 50 50 50 50 50 50 50 50 50 50 50 50 50 50 50 50 50 50 50 50 50 50 50 45 26 24 23 21 6 5 0 0 0 0 0 0 0 0 0 0 0 0 0 0 0 0 0 0 
65 65 55 51 51 51 51 50 50 50 50 50 50 50 50 50 50 50 50 50 50 50 50 50 50 31 22 16 12 3 1 1 1 1 1 1 1 1 1 1 1 1 1 1 1 1 1 1 0 0 
73 73 57 57 57 57 52 52 52 52 52 52 52 52 52 52 52 52 52 52 52 52 52 52 52 52 52 52 52 52 50 50 50 50 41 27 25 25 22 14 10 4 4 4 4 4 4 4 4 2 
70 70 70 70 70 70 70 67 50 50 50 50 50 50 50 50 50 50 50 50 50 50 50 50 50 50 50 50 50 50 50 50 50 50 37 22 21 7 6 4 0 0 0 0 0 0 0 0 0 0 
74 74 74 74 74 74 74 74 71 71 70 50 50 50 50 50 50 50 50 50 50 50 50 50 50 48 48 48 48 48 48 37 34 33 31 27 26 25 21 21 12 10 10 8 5 0 0 0 0 0 
70 67 67 67 67 67 67 67 67 66 66 66 66 65 65 65 65 64 64 60 58 58 52 52 52 50 50 50 50 50 50 50 50 50 50 50 49 32 25 22 20 15 15 12 10 10 4 2 2 2 
76 76 69 69 69 69 69 69 69 69 69 69 69 69 67 65 64 63 59 57 57 52 50 50 50 50 50 50 50 50 50 50 50 50 50 50 50 50 50 33 30 29 25 21 17 5 2 2 2 0 
72 72 72 69 69 69 69 69 69 69 69 69 69 69 69 69 69 69 67 67 67 65 62 62 57 57 57 56 55 51 51 51 51 51 51 51 51 50 50 50 29 28 28 26 24 23 11 5 5 1 
75 75 75 72 72 72 72 72 72 72 72 72 72 72 72 72 72 70 68 67 67 67 67 63 62 51 51 51 51 51 51 51 51 51 51 51 50 50 50 50 50 35 30 25 22 22 20 18 1 0 
76 76 76 76 71 71 71 71 71 71 71 71 71 71 71 71 71 71 71 71 71 71 71 70 70 69 69 69 69 62 50 50 50 50 50 50 50 50 50 50 50 50 50 50 21 18 9 0 0 0 
71 70 70 70 70 70 68 64 64 64 64 64 64 64 64 64 64 64 64 64 64 64 64 64 64 64 64 64 64 63 63 59 59 58 58 55 55 50 50 50 50 50 50 50 27 24 3 0 0 0 
75 75 75 73 73 73 73 73 73 73 72 70 70 70 70 70 70 70 70 70 70 70 69 69 67 66 66 60 60 60 50 50 50 50 50 50 50 50 50 50 50 50 39 35 28 21 21 21 1 1 
73 67 67 67 67 65 65 65 65 65 65 65 65 65 65 65 65 65 65 64 64 63 63 63 63 63 63 63 63 63 63 63 63 62 60 60 60 50 50 50 50 50 50 50 50 50 50 47 13 0 
84 82 80 80 78 78 78 78 78 78 77 77 77 77 77 77 77 77 76 75 74 74 74 73 68 67 59 56 53 53 53 53 53 53 53 53 50 50 50 48 45 38 35 31 31 24 24 9 4 4 
83 78 77 77 77 77 77 77 77 77 77 77 77 76 72 72 72 72 71 70 70 70 69 69 68 66 65 55 50 50 50 50 50 50 50 50 50 50 44 41 38 36 34 33 23 23 22 20 19 6 
79 79 77 77 77 77 77 77 74 74 74 74 74 74 74 74 74 74 74 73 73 73 72 72 71 71 70 70 70 70 69 69 56 53 53 53 53 53 53 51 50 50 50 30 30 24 24 23 17 9 
82 80 80 80 80 80 79 76 76 76 76 76 75 74 74 74 74 74 74 74 72 72 70 69 68 68 60 58 55 50 50 50 50 50 50 50 50 48 42 42 34 31 28 20 17 11 11 10 5 2 
81 79 79 79 78 78 78 78 78 78 78 78 78 78 78 78 76 76 76 76 76 72 71 71 70 60 59 59 57 57 51 51 51 51 51 51 51 51 51 50 50 40 38 38 37 36 36 14 14 10 
75 75 72 72 72 72 71 70 70 70 70 70 70 69 69 69 69 69 69 69 69 68 68 65 64 64 57 51 51 51 51 51 50 50 50 50 50 50 50 29 29 15 12 8 8 7 7 1 1 1 
85 85 85 85 84 83 83 82 81 81 81 81 81 81 81 81 81 81 81 76 71 68 68 68 54 52 52 52 52 52 51 51 51 50 50 42 41 40 40 37 37 34 32 31 31 30 17 13 6 3 
81 81 81 81 81 81 81 81 81 79 79 78 78 78 78 78 78 78 78 78 78 77 77 76 72 72 71 66 56 52 52 51 51 51 51 50 50 50 50 43 42 39 37 35 31 26 16 6 3 3 
84 82 82 79 79 79 79 79 79 79 79 79 79 79 79 79 79 79 79 79 79 79 75 72 61 52 52 50 50 50 50 43 41 35 35 35 34 34 29 29 28 28 22 21 10 8 7 5 2 2 
86 82 82 82 82 82 82 82 82 82 82 82 82 82 82 82 82 80 80 80 80 80 80 80 80 77 74 60 60 58 51 50 50 50 44 41 38 35 35 34 33 33 33 26 22 16 12 10 1 1 
83 80 80 80 80 80 80 80 80 80 80 80 80 80 80 80 80 79 79 78 78 78 78 77 70 69 60 56 56 52 51 50 50 50 50 45 44 43 40 38 37 36 35 33 32 31 24 24 20 12 
88 88 88 88 88 88 88 88 88 88 88 88 88 88 87 87 87 87 84 84 83 79 79 72 72 72 72 66 61 61 58 57 55 50 50 50 50 50 50 50 50 48 40 32 15 11 0 0 0 0 
83 81 81 81 81 81 81 81 81 81 81 81 81 81 81 81 78 74 72 70 70 70 64 64 63 59 52 51 51 51 51 51 51 51 50 50 47 47 39 36 29 20 16 13 11 10 9 2 2 2 
86 84 84 84 84 84 84 84 84 84 84 84 84 84 84 84 84 84 84 83 83 80 77 76 76 72 72 72 71 71 68 68 60 60 55 52 52 51 51 50 50 50 50 45 36 35 17 17 15 2 
82 81 79 79 79 79 79 79 79 79 79 79 79 79 79 79 79 79 78 76 76 75 70 65 65 65 63 57 51 50 50 50 50 41 40 40 36 35 34 34 34 34 33 32 32 28 14 9 3 0 
83 82 81 81 81 81 81 81 81 81 81 81 81 81 81 81 81 81 81 81 81 81 78 73 73 65 65 65 65 64 62 54 54 50 50 50 50 50 41 40 40 33 33 31 31 27 22 22 16 9 
81 81 76 76 74 74 74 74 74 74 74 74 74 74 74 74 74 74 74 74 73 73 72 72 71 71 70 66 65 65 65 62 50 50 50 50 50 50 50 50 50 50 36 31 31 31 13 5 1 0 
85 85 83 83 81 81 81 81 81 81 81 81 81 81 81 81 81 81 81 81 80 80 79 79 75 75 71 71 69 69 69 56 51 51 51 51 50 50 45 41 39 38 30 21 19 14 13 2 2 1 
88 88 88 86 85 85 85 84 83 83 83 83 83 83 83 83 83 83 83 82 82 82 80 76 75 75 75 69 58 54 52 52 52 52 52 50 50 50 50 50 50 50 48 45 40 40 38 35 17 2 
84 83 83 83 82 82 82 82 81 81 81 81 81 81 81 81 81 81 81 81 79 77 73 62 62 61 61 61 59 56 55 53 53 53 51 51 51 51 51 50 43 36 33 33 33 33 4 4 3 1 
84 82 82 82 81 81 81 81 81 80 79 79 79 79 78 78 77 70 65 62 62 61 61 58 58 58 58 58 57 56 56 50 50 50 50 50 50 50 50 50 50 50 50 47 37 36 35 33 15 13 
81 75 73 73 73 73 73 73 73 72 71 71 71 71 71 71 71 70 70 70 63 63 62 61 59 59 57 57 56 56 56 56 55 51 51 51 51 48 37 32 30 29 29 26 8 7 7 7 2 1 
84 82 82 82 82 82 82 82 82 81 79 79 79 75 75 67 62 60 60 60 60 60 58 51 51 51 51 51 51 50 50 50 50 50 50 50 50 41 40 39 39 35 33 32 29 27 20 13 11 9 
86 84 84 84 84 84 84 84 84 84 83 83 82 82 82 80 77 73 73 73 73 71 70 69 68 67 67 60 60 51 51 51 51 51 51 51 51 51 51 51 48 46 44 40 27 26 23 6 2 1 
87 87 86 86 86 86 86 86 86 86 86 86 86 86 84 84 84 84 81 66 65 64 64 63 62 61 61 59 57 52 52 52 52 52 52 52 52 52 52 52 50 50 50 50 50 41 40 40 2 2 
80 80 80 80 80 80 80 80 80 80 80 80 78 78 78 73 73 71 68 67 67 67 63 59 59 58 58 58 53 51 51 51 51 51 51 51 51 51 51 50 38 38 31 21 18 11 9 2 2 1 
81 80 80 80 80 80 80 80 80 80 80 80 80 80 77 77 76 76 76 76 76 68 68 68 67 65 60 59 59 57 55 52 52 52 52 52 51 51 50 49 41 38 31 18 9 6 3 3 3 3 
74 74 74 74 74 74 74 74 74 74 74 73 71 70 67 67 66 66 66 64 64 64 57 57 57 56 56 56 54 50 50 50 50 50 50 50 50 50 50 33 29 24 10 6 6 4 0 0 0 0 
86 84 84 84 84 84 84 84 84 84 84 84 84 84 84 84 84 84 80 80 78 78 77 72 61 60 60 60 59 59 55 51 51 51 51 51 51 51 50 50 50 48 44 35 35 35 22 15 9 7 
85 84 84 84 84 84 84 84 84 84 84 84 84 81 81 72 72 59 58 58 58 58 58 58 56 51 51 51 50 50 50 50 50 50 50 50 50 50 37 37 37 35 35 19 15 11 9 1 1 1 
