51 50 50 50 50 50 50 50 50 50 50 33 28 10 10 2 2 2 2 2 2 2 2 2 1 1 1 1 1 1 1 1 1 1 1 1 1 1 1 1 1 1 1 1 1 1 1 1 1 1 
52 52 52 52 50 50 50 50 50 50 50 50 50 50 50 50 50 50 50 50 50 49 30 15 14 12 5 2 2 2 2 2 2 2 2 2 2 2 2 2 2 2 2 0 0 0 0 0 0 0 
51 51 51 51 51 51 51 51 51 51 50 50 50 50 50 50 50 50 50 50 50 50 50 27 14 14 9 9 7 6 6 2 2 2 2 2 2 2 2 2 2 1 1 1 1 1 1 1 1 1 
51 51 51 51 51 51 51 51 51 51 51 51 51 51 50 50 50 50 50 50 50 50 45 13 11 9 6 6 1 1 1 1 1 1 1 1 1 1 1 1 1 1 1 1 1 1 0 0 0 0 
51 51 51 51 51 51 51 51 51 51 51 51 51 51 51 51 51 51 51 51 51 51 51 51 51 51 43 33 23 11 9 9 5 2 2 2 2 2 2 2 2 2 2 2 1 1 1 1 1 1 
59 51 51 51 51 51 51 51 51 51 51 51 51 51 51 51 51 51 51 51 51 51 51 51 51 51 51 51 51 51 51 50 50 29 25 23 15 11 8 1 1 1 1 1 1 1 1 1 1 0 
60 50 50 50 50 50 50 50 50 50 50 50 50 50 50 50 50 50 50 50 50 50 50 50 50 50 50 50 50 50 50 50 50 50 50 50 50 50 50 19 12 11 10 10 1 0 0 0 0 0 
59 50 50 50 50 50 50 50 50 50 50 50 50 50 50 50 50 50 50 50 50 50 50 50 50 50 50 50 50 50 50 50 50 50 50 50 9 0 0 0 0 0 0 0 0 0 0 0 0 0 
58 50 50 50 50 50 50 50 50 50 50 50 50 50 50 50 50 50 50 50 50 50 50 50 50 50 50 50 50 50 50 50 50 50 50 50 50 50 50 50 50 50 50 29 5 1 1 1 1 1 
60 51 51 51 51 51 51 51 51 51 51 51 51 51 51 51 51 51 51 51 51 51 51 51 51 51 51 51 51 51 51 51 51 51 51 51 51 51 51 51 51 13 11 10 1 1 1 1 1 1 
61 50 50 50 50 50 50 50 50 50 50 50 50 50 50 50 50 50 50 50 50 50 50 50 50 50 50 50 50 50 50 50 50 50 50 50 50 50 50 50 50 50 50 50 20 0 0 0 0 0 
59 50 50 50 50 50 50 50 50 50 50 50 50 50 50 50 50 50 50 50 50 50 50 50 50 50 50 50 50 50 50 50 50 50 50 50 39 30 13 9 0 0 0 0 0 0 0 0 0 0 
60 50 50 50 50 50 50 50 50 50 50 50 50 50 50 50 50 50 50 50 50 50 50 50 50 50 50 50 50 50 50 50 50 50 37 33 12 10 0 0 0 0 0 0 0 0 0 0 0 0 
57 50 50 50 50 50 50 50 50 50 50 50 50 50 50 50 50 50 50 50 50 50 50 50 50 50 50 50 50 50 50 17 16 12 11 9 9 2 2 2 2 2 2 2 2 2 2 0 0 0 
61 50 50 50 50 50 50 50 50 50 50 50 50 50 50 50 50 50 50 50 50 50 50 50 50 50 50 50 50 50 50 50 50 50 50 50 50 50 25 23 19 11 0 0 0 0 0 0 0 0 
56 51 51 51 51 51 51 51 51 51 51 51 51 51 51 51 51 51 51 51 51 51 51 51 51 51 51 51 51 51 51 51 51 51 51 51 51 51 50 50 36 35 34 8 8 8 2 2 2 1 
56 52 50 50 50 50 50 50 50 50 50 50 50 50 50 50 50 50 50 50 50 50 50 50 50 50 50 50 50 50 50 50 50 50 50 26 2 2 2 2 2 2 2 2 2 2 0 0 0 0 
60 53 51 51 51 51 51 51 51 51 51 51 51 51 51 51 51 51 51 51 51 51 51 51 51 51 51 51 51 51 51 50 50 19 17 13 12 4 4 4 4 4 4 4 4 4 4 3 3 1 
63 51 51 51 51 51 51 51 51 51 51 51 51 51 51 51 51 51 51 51 51 51 51 51 51 51 51 51 51 51 51 51 50 50 50 50 12 9 9 8 8 6 1 1 1 1 1 1 1 0 
55 51 51 51 51 51 51 51 51 51 51 51 51 51 51 51 51 51 51 51 51 51 51 51 51 51 51 51 51 51 51 51 51 51 42 29 24 20 12 8 3 3 3 3 3 3 3 3 3 3 
59 51 51 51 51 51 51 51 51 51 51 51 51 51 51 51 51 51 51 51 51 51 51 51 51 51 51 51 51 51 51 51 50 50 50 50 12 10 10 10 2 2 2 2 2 2 2 2 2 1 
57 50 50 50 50 50 50 50 50 50 50 50 50 50 50 50 50 50 50 50 50 50 50 50 50 50 50 50 50 50 50 50 50 50 50 50 50 50 50 21 17 17 8 1 1 1 1 1 0 0 
58 51 51 51 51 51 51 51 51 51 51 51 51 51 51 51 51 51 51 51 51 51 51 51 51 51 51 51 51 51 51 51 51 51 51 50 50 50 50 50 7 6 6 2 2 2 2 2 2 1 
58 51 51 51 51 51 51 51 51 51 51 51 51 51 51 51 51 51 51 51 51 51 51 51 51 51 51 51 51 51 51 51 51 51 50 22 19 18 9 2 2 2 2 2 2 2 2 2 2 2 
61 50 50 50 50 50 50 50 50 50 50 50 50 50 50 50 50 50 50 50 50 50 50 50 50 50 50 50 50 50 50 50 50 50 50 50 50 50 50 21 19 1 1 1 1 1 1 1 1 1 
66 53 53 53 53 53 53 53 53 53 53 53 53 53 53 53 53 53 53 53 53 53 53 53 53 53 53 53 53 53 53 53 53 53 53 53 53 53 53 50 20 13 3 3 3 3 3 3 3 3 
58 52 52 52 52 52 52 52 52 52 52 52 52 52 52 52 52 52 52 52 52 52 52 52 52 52 52 52 52 52 52 52 52 52 52 50 15 14 11 8 2 2 2 2 2 2 2 2 2 2 
66 52 52 52 52 52 52 52 52 52 52 52 52 52 52 52 52 52 52 52 52 52 52 52 52 52 52 52 52 52 52 52 52 52 52 52 52 52 52 52 50 39 16 16 16 14 13 12 11 6 
57 52 51 51 51 51 51 51 51 51 51 51 51 51 51 51 51 51 51 51 51 51 51 51 51 51 51 51 51 51 51 51 51 51 51 51 51 51 51 50 34 19 10 10 3 3 3 3 3 2 
61 51 51 51 51 51 51 51 51 51 51 51 51 51 51 51 51 51 51 51 51 51 51 51 51 51 51 51 51 51 51 51 51 51 51 51 21 20 12 12 3 3 2 2 2 2 2 1 1 1 
60 52 50 50 50 50 50 50 50 50 50 50 50 50 50 50 50 50 50 50 50 50 50 50 50 50 50 50 50 50 50 50 50 50 50 50 24 14 13 2 2 2 2 2 2 2 2 2 2 0 
56 50 50 50 50 50 50 50 50 50 50 50 50 50 50 50 50 50 50 50 50 50 50 50 50 50 50 50 50 50 29 17 16 12 6 6 6 0 0 0 0 0 0 0 0 0 0 0 0 0 
64 53 52 52 52 52 52 52 52 52 52 52 52 52 52 52 52 52 52 52 52 52 52 52 52 52 52 52 52 52 52 52 12 5 5 5 5 5 5 5 5 5 5 5 5 5 5 3 3 3 
60 53 50 50 50 50 50 50 50 50 50 50 50 50 50 50 50 50 50 50 50 50 50 50 50 50 50 50 50 50 50 50 50 50 14 3 3 3 3 3 3 3 3 3 3 3 3 3 3 0 
57 53 51 51 51 51 51 51 51 51 51 51 51 51 51 51 51 51 51 51 51 51 51 51 51 51 51 51 51 51 51 51 51 51 51 51 15 14 9 2 2 2 2 2 2 2 2 2 2 2 
62 59 57 57 51 51 51 51 51 51 51 51 51 51 51 51 51 51 51 51 51 51 51 51 51 51 51 51 51 51 51 51 51 51 51 51 51 51 51 51 51 51 51 51 51 51 50 29 8 1 
63 60 60 60 58 58 58 58 53 53 53 53 53 53 53 53 53 53 53 53 53 53 53 53 53 53 53 53 53 53 53 53 53 53 53 53 43 24 17 17 16 13 13 13 12 3 3 3 3 3 
63 63 60 59 59 59 59 59 58 58 51 51 51 51 51 51 51 51 51 51 51 51 51 51 51 51 51 51 51 51 51 51 51 51 22 14 14 14 9 9 8 2 2 2 2 2 2 2 2 1 
58 57 57 57 57 57 57 57 57 57 57 57 57 57 57 57 57 57 57 51 51 51 51 51 51 51 51 51 51 51 51 51 51 51 51 42 15 11 9 9 7 3 3 3 3 3 3 3 3 1 
61 60 59 59 58 58 58 58 57 57 57 57 57 57 57 57 57 56 56 56 56 56 56 53 53 53 53 53 53 53 53 53 53 53 53 53 53 53 53 32 21 4 4 4 4 3 3 3 3 3 
57 57 57 57 57 57 57 57 56 56 56 56 56 56 56 55 55 55 55 55 55 55 55 55 55 55 54 54 54 54 52 52 52 52 52 52 52 52 52 52 52 52 14 7 7 7 6 5 4 2 
61 60 60 60 60 60 60 60 60 60 59 59 59 59 57 56 56 56 56 56 56 56 56 56 56 56 56 56 52 52 52 52 52 52 52 50 48 31 12 12 12 11 11 11 11 11 10 10 7 6 
82 63 59 59 58 55 55 55 55 55 55 55 55 55 55 54 54 54 54 54 54 54 54 54 54 54 54 54 54 54 54 50 50 50 50 50 50 50 50 50 36 36 35 19 7 7 7 7 7 1 
78 77 60 59 59 59 59 58 57 57 57 55 55 55 55 55 55 55 55 55 55 55 55 55 54 54 54 54 54 54 54 54 54 54 54 50 50 50 45 31 26 26 20 20 10 6 6 5 3 1 
85 84 81 81 80 79 70 65 65 65 65 65 65 63 63 63 63 63 63 59 57 57 57 57 55 55 55 54 50 50 50 50 50 50 41 36 33 25 25 25 16 12 10 10 10 10 10 10 10 5 
89 88 88 87 86 85 83 72 71 66 66 64 64 61 61 61 59 59 54 54 54 51 51 51 51 51 51 50 50 49 48 47 43 39 38 38 26 25 22 18 18 17 15 13 9 8 7 7 4 1 
90 88 88 87 85 84 83 83 83 83 81 79 77 77 72 71 71 66 66 65 65 65 64 64 63 59 59 57 57 56 56 56 55 54 54 54 53 51 51 51 51 51 49 34 28 19 18 16 4 1 
90 89 89 89 89 88 86 81 81 81 81 80 80 80 80 79 78 78 75 72 70 68 64 64 63 62 62 60 59 59 59 58 58 50 50 50 50 41 32 30 25 20 8 0 0 0 0 0 0 0 
83 82 81 81 81 81 81 79 79 79 78 78 78 78 78 76 75 74 72 64 62 62 56 56 55 55 55 55 54 54 54 50 50 50 46 44 43 43 41 34 33 33 33 16 13 5 5 5 5 0 
86 86 84 84 84 84 84 84 83 82 81 81 81 81 81 81 81 79 79 64 57 57 57 57 57 56 56 51 51 51 51 51 51 51 51 51 50 40 38 37 36 36 20 19 18 13 7 2 1 1 
