50 50 50 50 50 50 50 50 50 38 18 4 4 4 4 4 4 4 4 4 4 4 4 4 4 4 2 2 2 2 2 2 2 2 2 2 2 2 2 2 2 2 2 2 2 2 2 2 2 2 
51 50 50 50 50 50 50 50 50 50 50 50 50 50 50 50 50 50 42 42 38 30 23 17 16 16 16 13 5 5 1 1 1 1 1 1 1 1 1 1 1 1 1 1 1 1 0 0 0 0 
50 50 50 50 50 50 50 50 50 50 50 50 50 50 50 50 50 50 50 50 50 50 50 34 29 28 25 21 17 13 13 4 2 2 0 0 0 0 0 0 0 0 0 0 0 0 0 0 0 0 
50 50 50 50 50 50 50 50 50 50 50 50 50 50 50 50 50 50 50 50 50 50 50 50 45 39 32 21 20 13 12 12 12 11 8 0 0 0 0 0 0 0 0 0 0 0 0 0 0 0 
51 51 51 51 51 51 51 51 51 50 50 50 50 50 50 50 50 50 50 50 50 50 50 50 50 50 40 40 36 32 24 22 19 10 8 2 2 2 2 2 2 2 2 1 1 1 1 1 1 1 
51 51 51 51 51 51 51 51 51 51 51 51 51 50 50 50 50 50 50 33 29 28 23 20 10 6 5 4 2 2 2 2 2 2 2 2 2 2 1 1 1 1 1 1 1 1 1 1 1 1 
51 51 51 51 51 51 51 51 50 50 50 50 50 50 50 50 50 17 13 8 2 1 1 1 1 1 1 1 1 1 1 1 1 1 1 1 1 1 1 1 1 1 1 1 1 0 0 0 0 0 
51 51 51 51 51 51 51 51 51 51 51 50 50 50 50 50 50 50 50 50 26 8 1 1 1 1 1 1 1 1 1 1 1 1 1 1 1 1 1 1 1 1 1 1 1 1 1 0 0 0 
51 51 51 51 51 51 51 51 51 51 51 51 51 51 51 51 51 51 51 51 51 50 50 38 12 12 3 3 2 2 2 2 2 2 2 2 2 2 2 2 1 1 1 1 1 1 1 1 1 1 
54 53 53 53 53 53 53 53 53 53 53 53 53 53 53 53 53 53 53 53 53 53 53 53 53 53 53 50 50 50 20 16 12 10 10 3 3 3 3 3 3 3 3 3 3 3 3 3 3 3 
51 51 51 51 51 51 51 51 51 51 51 51 51 51 51 51 51 51 51 51 51 51 51 51 51 51 51 51 50 50 50 50 46 44 21 9 2 2 2 2 2 2 2 2 2 2 1 1 1 1 
50 50 50 50 50 50 50 50 50 50 50 50 50 50 50 50 50 50 50 50 50 50 50 50 50 50 50 50 50 50 50 50 50 50 50 50 50 50 46 26 0 0 0 0 0 0 0 0 0 0 
50 50 50 50 50 50 50 50 50 50 50 50 50 50 50 50 50 50 50 50 50 50 50 50 50 50 50 50 50 50 50 50 50 50 50 50 50 50 50 50 50 47 5 1 1 1 1 0 0 0 
57 51 51 51 51 51 51 51 51 51 51 51 51 51 51 51 51 51 51 51 51 51 51 51 51 51 51 51 51 51 51 51 51 51 51 51 32 16 11 9 8 1 1 1 1 1 1 1 1 1 
56 56 51 51 51 51 51 51 51 51 51 51 51 51 51 51 51 51 51 51 51 51 51 51 51 51 51 51 51 51 51 51 51 51 50 50 31 26 23 23 22 13 2 2 2 2 2 2 2 1 
54 54 54 50 50 50 50 50 50 50 50 50 50 50 50 50 50 50 50 50 50 50 50 50 50 50 50 50 50 50 50 50 50 50 50 50 50 30 18 14 5 4 0 0 0 0 0 0 0 0 
56 56 56 56 51 51 51 51 51 51 51 51 51 51 51 51 51 51 51 51 51 51 51 51 51 51 51 51 51 51 51 51 51 51 51 51 51 51 51 51 50 50 50 50 20 6 5 1 1 1 
54 54 54 54 54 54 54 51 51 51 51 51 51 51 51 51 51 51 51 51 51 51 51 51 51 51 51 51 51 51 51 51 51 51 51 50 50 50 50 35 31 30 11 5 5 2 2 2 2 2 
54 54 54 54 54 54 54 54 54 54 50 50 50 50 50 50 50 50 50 50 50 50 50 50 50 50 50 50 50 50 50 50 50 50 50 48 48 30 12 5 5 5 5 1 1 1 0 0 0 0 
54 54 54 54 54 54 54 54 54 54 54 54 54 54 54 54 54 54 54 54 54 52 52 52 50 50 50 50 50 50 50 50 50 50 50 50 50 50 50 50 38 35 31 7 5 5 1 1 1 1 
53 52 52 51 51 51 51 51 51 51 51 51 51 51 51 51 51 51 51 51 51 51 51 51 50 50 50 50 50 50 39 38 37 27 25 6 2 1 1 1 1 1 1 1 0 0 0 0 0 0 
53 53 52 52 52 52 52 52 52 52 52 52 52 52 52 52 52 52 52 52 52 52 50 50 50 50 50 50 50 50 50 50 43 43 40 40 40 37 37 28 26 25 9 4 2 2 2 2 0 0 
55 53 53 53 53 53 53 53 53 53 53 53 53 53 53 53 53 53 53 53 53 52 52 50 50 50 50 50 50 50 50 50 50 47 39 26 18 10 6 5 5 5 5 5 5 3 3 2 2 0 
58 57 57 57 57 55 55 55 55 55 55 55 55 55 55 55 55 55 55 55 55 55 53 53 53 53 53 53 53 53 53 53 51 50 48 46 46 36 36 23 21 21 17 17 9 8 6 6 6 1 
74 67 67 67 62 62 62 62 62 62 62 62 60 60 60 60 60 59 59 59 59 59 57 57 57 57 57 57 57 57 57 57 57 57 52 52 52 52 52 52 52 52 50 50 36 21 7 2 2 2 
73 67 66 66 66 66 66 66 66 66 66 62 61 61 61 61 61 61 61 61 61 61 60 60 60 60 60 60 60 60 59 58 58 57 51 51 51 51 51 51 51 51 51 50 50 50 11 10 10 1 
85 73 73 71 71 64 64 64 64 64 64 64 64 64 64 64 64 60 60 60 60 58 58 58 58 58 57 57 57 57 57 57 57 57 57 51 51 51 51 50 50 25 23 13 13 12 12 9 7 3 
84 84 84 64 64 64 64 63 63 63 59 59 59 59 59 59 59 59 59 56 56 55 54 54 54 54 52 52 52 52 50 50 50 50 50 16 15 14 14 13 12 12 8 6 4 4 2 2 2 0 
76 76 76 76 76 76 66 66 66 66 66 66 64 64 63 62 61 61 58 58 57 57 57 57 57 57 55 55 50 50 50 50 50 50 45 28 26 24 18 17 16 15 13 11 10 9 7 7 2 2 
81 81 81 81 81 81 81 81 81 81 66 66 66 66 66 59 59 58 57 56 56 56 55 52 52 52 51 51 51 51 51 50 50 50 50 50 48 47 45 28 25 25 21 14 13 13 9 8 5 1 
81 81 81 81 81 81 81 81 81 81 81 81 68 61 59 59 58 58 58 57 52 51 51 51 51 51 51 51 51 50 50 50 50 50 48 44 41 26 25 20 18 18 18 15 13 8 1 1 1 0 
77 77 77 77 77 77 77 77 77 77 76 73 72 72 72 62 62 62 60 59 59 52 52 52 52 52 52 52 52 52 52 52 52 50 50 41 36 36 31 27 19 16 14 11 10 10 7 4 4 4 
80 78 78 78 78 78 78 78 78 78 78 78 78 73 72 66 59 59 56 52 52 52 52 52 52 52 51 51 51 51 51 51 50 50 37 31 27 14 14 13 8 8 8 3 3 3 3 3 3 2 
81 79 79 79 79 79 79 79 79 79 79 79 76 75 75 73 66 65 65 63 62 60 52 52 52 51 51 51 51 51 51 50 45 41 36 30 25 24 18 17 16 8 6 5 5 4 3 3 3 1 
80 80 80 80 80 80 80 80 80 80 80 79 76 74 74 74 73 65 62 60 60 58 54 52 52 52 52 52 50 50 50 50 50 50 50 50 50 50 50 42 39 38 38 38 21 7 2 2 2 0 
83 83 83 83 83 83 83 83 83 83 83 83 83 82 81 81 73 71 64 64 59 58 51 51 51 51 51 51 51 51 51 51 51 51 51 51 51 50 41 36 36 26 22 22 20 2 2 2 2 2 
82 82 82 82 82 82 82 82 82 82 82 82 82 82 82 82 72 72 68 57 52 52 52 52 52 52 52 50 50 50 50 50 50 50 50 50 50 50 50 50 50 50 50 50 38 37 5 2 2 2 
80 80 80 80 80 80 80 80 80 80 80 80 80 80 80 80 75 75 71 68 67 58 56 52 52 52 52 52 51 50 50 50 50 50 50 50 43 38 38 37 4 2 2 2 2 2 2 2 2 0 
89 89 89 89 89 89 89 89 89 89 89 89 89 89 89 89 89 88 84 68 67 67 67 63 61 61 54 54 54 54 51 51 51 51 51 51 51 51 51 51 34 12 12 11 5 5 5 5 5 4 
83 82 82 82 82 82 82 82 82 82 82 82 82 82 82 82 82 82 82 82 81 81 76 69 69 69 69 60 60 51 51 51 51 51 51 51 51 51 51 45 39 39 11 11 2 2 2 2 2 1 
78 76 76 76 76 76 76 76 76 76 76 76 76 76 76 76 72 71 71 60 60 54 51 51 51 51 51 50 50 50 50 50 50 50 50 50 50 44 38 30 21 18 12 12 12 4 1 1 1 0 
78 77 77 77 77 77 77 77 77 77 77 77 77 77 74 74 74 71 67 67 66 60 52 52 51 51 51 51 51 51 51 51 51 50 50 50 50 50 50 45 41 33 30 25 25 9 1 1 1 0 
78 76 76 76 76 76 76 76 76 76 76 76 76 76 74 72 70 70 70 60 55 55 53 53 53 53 53 53 53 53 53 53 53 50 50 50 50 32 23 14 12 8 3 3 3 3 3 3 3 3 
80 77 77 77 77 77 77 77 77 77 77 77 77 77 74 72 71 71 56 56 55 55 51 51 51 51 51 51 51 51 51 51 51 51 51 48 48 42 41 37 31 26 24 19 6 6 6 2 2 1 
79 79 76 74 74 74 74 74 74 74 74 74 74 74 74 74 74 74 74 74 55 53 53 50 50 50 50 50 50 50 50 50 50 50 50 50 50 50 50 50 50 47 44 43 30 24 19 5 0 0 
86 86 85 85 83 83 83 83 83 83 83 83 81 76 74 67 62 61 61 57 57 52 52 51 51 51 51 51 51 51 51 51 51 51 51 51 51 50 50 39 36 33 29 29 18 3 3 3 3 2 
80 80 78 78 78 76 76 76 76 76 76 76 76 74 72 58 58 52 52 52 52 52 52 52 52 52 52 52 52 52 52 51 51 50 50 38 36 36 36 36 33 33 23 10 9 8 3 3 3 2 
91 91 91 90 90 90 90 90 90 90 86 86 86 86 86 86 86 80 80 77 70 50 50 50 50 50 50 50 50 50 50 50 46 44 44 41 40 40 39 33 26 16 11 7 0 0 0 0 0 0 
86 86 86 86 86 86 86 86 86 86 86 86 86 86 86 86 86 86 82 82 79 79 79 77 76 65 60 55 55 55 55 55 53 53 53 53 53 51 51 51 51 50 49 44 42 29 27 18 15 4 
81 81 81 81 81 81 81 81 81 81 81 81 81 81 81 81 81 81 81 81 78 76 76 76 74 73 70 69 66 66 66 57 57 54 54 52 52 50 50 50 46 38 35 28 22 7 7 2 2 0 
