% Invoked: ./gella -d -r 2 -l biased_r2/run06 >& biased_r2/run06.log
% Ministry of Cellular Automata
% Project Deux (CS523 Spring 2015)
% Version:v0.1-70-g0624-dirty
%  pop:50
%  ic count:100
%  CA Log option:biased_r2/run06
%  width:121
%  max workers:4
%  radius:2
%  iterations:300
%  use bias:true
%  generations:50

 generation 0.1.50.1.41.0.7.1.0.0.1.1.1.1.1.1.1.50.0.1.1.1.0.1.1.0.1.50.1.1.1.1.1.1.1.1.0.50.50.0.1.50.51.0.50.0.6.1.9.10.0.xover.mutate.done 50
 generation 1.50.50.50.50.50.50.50.50.40.10.0.0.50.9.0.0.3.0.50.9.0.0.0.20.11.17.0.0.6.8.40.0.0.0.0.0.51.50.0.0.6.0.15.0.0.0.0.50.0.50.xover.mutate.done 50
 generation 2.58.51.50.50.50.50.50.50.50.50.29.50.52.2.1.50.1.34.3.10.1.25.3.51.3.1.3.10.3.50.1.3.3.50.10.3.3.59.1.51.3.50.1.51.51.3.2.43.7.10.xover.mutate.done 50
 generation 3.57.52.50.50.50.50.50.50.50.50.50.0.0.50.0.50.50.0.0.0.0.0.50.50.0.0.50.0.0.50.50.6.50.11.50.50.0.0.50.0.0.0.50.0.50.10.50.5.50.0.xover.mutate.done 50
 generation 4.55.49.51.51.51.51.51.51.50.50.1.51.50.2.1.50.11.50.51.1.2.1.9.2.51.51.2.2.51.1.51.1.1.16.2.2.50.7.1.50.1.51.1.12.50.11.51.1.51.2.xover.mutate.done 50
 generation 5.58.52.50.50.50.50.50.50.50.50.50.2.2.52.0.50.2.2.0.35.8.2.52.2.2.2.50.2.50.50.52.50.2.52.50.50.2.52.11.50.50.50.0.52.52.30.2.2.50.50.xover.mutate.done 50
 generation 6.60.53.53.53.53.53.53.53.53.51.1.4.35.50.3.3.51.50.51.53.16.51.4.4.53.4.51.4.50.51.1.4.51.16.50.50.51.7.50.4.22.16.3.3.4.3.53.4.4.16.xover.mutate.done 50
 generation 7.57.51.51.51.51.51.51.51.51.51.1.1.50.51.8.1.51.51.1.1.50.51.0.1.50.50.51.1.51.1.51.1.50.1.1.11.1.51.7.50.1.50.1.1.1.50.1.1.51.1.xover.mutate.done 50
 generation 8.61.51.51.51.51.51.51.51.51.51.51.51.1.51.51.1.51.51.51.51.51.51.51.51.51.51.51.51.1.1.51.1.51.51.1.51.44.51.51.1.1.51.50.50.1.1.1.51.51.51.xover.mutate.done 50
 generation 9.62.51.51.51.51.51.51.51.51.51.51.51.1.51.51.51.1.51.51.51.51.51.51.1.1.34.1.51.51.51.51.51.19.51.51.32.51.50.51.51.1.51.51.51.51.51.51.51.51.1.xover.mutate.done 50
 generation 10.55.50.50.50.50.50.50.50.50.50.50.1.7.50.50.50.50.50.50.50.1.0.1.1.50.50.1.50.50.50.50.52.50.50.0.50.1.50.50.50.1.1.50.50.50.18.50.50.50.50.xover.mutate.done 50
 generation 11.62.54.51.51.51.51.51.51.51.51.51.51.51.51.2.1.2.2.51.50.1.50.51.51.51.2.50.2.14.2.50.51.2.1.2.2.2.51.51.51.51.51.50.2.51.51.2.2.50.2.xover.mutate.done 50
 generation 12.53.53.50.50.50.50.50.50.50.50.0.53.0.50.0.0.50.50.5.0.50.0.50.0.0.0.50.0.5.0.5.0.0.0.50.50.0.10.50.0.50.50.0.0.50.50.50.50.50.0.xover.mutate.done 50
 generation 13.52.57.57.50.50.50.50.50.50.50.50.1.50.18.50.50.50.50.50.50.50.1.1.1.50.0.1.1.1.50.0.1.1.57.1.50.50.50.1.1.1.50.50.50.50.50.50.30.6.50.xover.mutate.done 50
 generation 14.54.54.54.62.52.52.52.52.52.52.50.52.52.52.52.52.52.2.52.52.50.52.2.4.52.4.52.4.54.52.52.2.52.54.52.52.52.4.50.4.52.52.52.52.13.2.52.52.50.52.xover.mutate.done 50
 generation 15.58.59.59.59.59.59.53.53.53.53.53.3.53.3.59.3.50.53.3.53.53.3.53.53.53.53.53.53.10.53.50.53.53.3.9.53.53.53.53.50.0.53.53.53.53.53.9.53.13.53.xover.mutate.done 50
 generation 16.55.55.55.55.55.55.61.50.50.50.50.1.50.50.50.1.50.1.50.50.0.1.50.1.50.50.55.50.50.50.50.50.50.1.50.55.6.50.0.50.50.50.50.50.55.50.57.55.43.1.xover.mutate.done 50
 generation 17.57.56.55.55.55.55.55.55.55.55.36.3.51.31.3.51.51.51.51.8.51.51.1.55.51.51.21.51.2.8.51.51.55.7.51.51.3.55.34.51.55.3.7.51.1.51.51.9.51.51.xover.mutate.done 50
 generation 18.60.60.57.57.57.57.57.57.57.57.57.2.57.43.2.7.8.57.57.51.51.2.51.51.8.8.57.11.51.51.57.7.57.2.51.51.57.1.57.51.2.57.8.51.57.8.57.51.60.51.xover.mutate.done 50
 generation 19.55.58.66.57.57.57.57.57.57.57.57.51.57.7.57.51.57.25.57.50.24.1.7.49.6.51.1.8.57.57.1.57.57.50.6.57.7.57.57.57.26.1.57.57.7.57.57.51.9.51.xover.mutate.done 50
 generation 20.61.58.58.58.58.58.58.58.58.58.50.8.50.58.58.8.58.50.48.58.8.0.58.50.58.8.58.0.58.50.8.8.50.58.50.0.58.50.0.58.43.58.8.0.58.50.58.50.42.42.xover.mutate.done 50
 generation 21.60.58.57.57.57.57.57.57.57.57.57.18.8.57.57.2.52.57.8.57.52.42.55.52.52.32.57.57.7.0.57.2.57.57.57.57.57.45.21.52.57.7.50.56.58.48.57.22.57.57.xover.mutate.done 50
 generation 22.61.59.59.57.57.57.57.57.57.57.7.51.57.57.33.57.57.7.57.57.57.51.51.57.7.57.7.7.10.7.57.51.84.51.9.59.50.57.1.7.7.19.57.57.57.7.62.51.51.40.xover.mutate.done 50
 generation 23.85.61.58.54.55.54.53.53.53.53.53.53.53.85.53.55.50.53.34.53.60.81.53.78.0.36.3.50.45.50.0.50.53.70.50.4.50.45.50.53.60.5.53.51.50.3.8.45.0.53.xover.mutate.done 50
 generation 24.87.87.87.85.78.63.62.62.62.55.40.55.50.87.87.53.50.53.55.50.0.53.30.0.53.53.50.0.50.50.15.0.50.53.85.53.20.52.27.55.87.78.50.50.53.87.50.50.5.5.xover.mutate.done 50
 generation 25.83.83.79.79.79.79.83.77.77.76.62.26.60.48.62.78.58.31.50.44.21.26.14.25.41.50.50.62.0.16.50.12.11.58.50.37.37.0.11.60.75.50.38.26.50.46.50.37.65.83.xover.mutate.done 50
 generation 26.90.90.90.90.88.88.88.88.86.84.53.14.90.88.63.27.90.32.14.51.50.84.47.44.44.53.56.10.53.78.35.58.38.50.88.45.18.56.12.37.61.82.74.51.12.86.56.58.1.48.xover.mutate.done 50
 generation 27.78.78.78.78.78.78.77.77.77.77.50.50.40.50.6.1.32.50.6.6.14.50.40.56.74.4.76.77.76.40.51.1.63.48.69.1.71.77.46.50.71.76.40.78.60.76.73.76.6.1.xover.mutate.done 50
 generation 28.86.86.86.86.86.86.86.83.83.83.58.63.50.86.63.45.50.50.38.86.86.42.39.64.6.83.70.81.0.62.9.0.78.55.57.62.50.37.0.50.50.38.62.50.36.38.50.36.86.86.xover.mutate.done 50
 generation 29.83.83.83.83.83.83.83.83.83.83.51.50.38.80.50.80.79.50.57.80.57.1.83.12.57.50.73.50.80.77.57.50.7.73.50.23.57.41.83.57.50.51.50.77.20.1.57.50.83.38.xover.mutate.done 50
 generation 30.81.81.81.81.81.81.81.81.81.81.57.77.2.50.50.50.80.12.77.81.40.11.81.77.56.57.77.50.50.50.56.6.35.80.52.57.52.52.58.50.50.36.56.81.22.77.50.77.77.35.xover.mutate.done 50
 generation 31.83.83.83.83.83.83.83.83.83.83.51.29.83.76.6.83.83.50.76.56.52.52.1.51.52.1.38.51.50.50.71.78.51.81.83.83.76.51.52.51.50.3.6.83.81.50.51.83.50.50.xover.mutate.done 50
 generation 32.84.84.84.84.84.84.84.84.84.84.2.10.84.52.82.84.52.58.58.52.84.63.3.52.36.52.52.84.10.84.80.21.46.52.52.42.3.52.84.3.46.52.81.58.34.57.57.78.72.9.xover.mutate.done 50
 generation 33.86.86.86.86.86.86.86.86.86.86.41.56.1.77.80.80.59.51.6.40.41.86.1.86.86.59.86.51.86.14.83.51.59.84.59.62.1.86.58.51.1.86.51.86.80.29.51.51.50.80.xover.mutate.done 50
 generation 34.81.81.81.81.81.81.81.81.81.81.42.69.81.55.54.51.75.5.51.51.81.5.29.55.5.51.55.76.43.81.61.75.35.50.55.81.11.81.5.51.61.75.67.81.83.5.73.81.1.50.xover.mutate.done 50
 generation 35.83.82.82.82.82.82.82.82.82.82.82.51.22.83.56.51.82.51.56.82.33.51.1.77.22.72.26.6.51.51.51.51.82.42.34.55.82.51.51.82.75.76.76.51.51.76.51.51.34.75.xover.mutate.done 50
 generation 36.87.87.87.87.87.87.87.87.87.87.50.87.0.50.25.50.80.50.34.50.59.59.88.49.50.50.87.87.11.6.50.84.80.21.87.0.8.84.50.83.50.71.87.87.87.50.84.87.50.50.xover.mutate.done 50
 generation 37.82.82.82.82.82.82.82.82.82.82.80.82.82.53.37.75.82.51.53.51.53.53.50.82.81.82.13.60.51.60.41.75.51.60.51.53.53.53.80.53.75.51.47.82.51.30.9.82.80.80.xover.mutate.done 50
 generation 38.81.81.81.81.81.81.81.81.81.81.3.81.52.61.74.81.81.51.81.51.52.3.62.76.51.31.81.38.70.52.71.81.32.74.9.79.51.78.74.42.51.51.71.52.51.81.52.52.51.3.xover.mutate.done 50
 generation 39.85.85.85.85.85.85.85.85.85.85.50.51.85.57.40.52.85.79.38.51.3.66.79.85.65.85.51.85.85.85.74.77.79.52.26.52.52.77.50.85.3.85.40.85.52.52.85.51.48.51.xover.mutate.done 50
 generation 40.83.83.83.81.81.81.81.81.81.81.81.52.52.81.51.83.81.51.52.3.83.81.80.3.81.77.76.52.2.52.83.51.51.83.78.52.51.81.81.2.83.51.50.81.51.2.81.51.83.76.xover.mutate.done 50
 generation 41.82.82.80.81.82.82.82.82.80.79.55.81.79.28.83.8.52.52.52.52.82.77.51.51.57.39.22.3.51.74.82.56.82.79.82.3.79.82.52.75.39.52.51.82.52.51.51.20.72.3.xover.mutate.done 50
 generation 42.85.85.85.85.85.85.85.85.85.85.85.85.85.43.3.51.51.51.74.85.51.35.51.85.82.5.65.16.85.35.2.85.2.51.2.77.85.40.81.85.47.82.35.51.82.57.9.80.65.59.xover.mutate.done 50
 generation 43.86.86.86.86.86.86.86.86.86.86.51.86.86.1.84.51.51.82.86.36.76.86.79.79.79.51.86.11.86.50.86.86.19.79.50.86.82.86.86.7.76.86.50.81.73.48.50.73.50.86.xover.mutate.done 50
 generation 44.79.79.78.78.79.79.79.79.79.79.79.71.1.4.79.7.22.78.0.50.54.79.36.79.63.0.50.71.50.78.74.29.72.63.38.79.29.35.50.50.79.37.78.29.79.51.51.79.75.55.xover.mutate.done 50
 generation 45.88.88.88.88.88.88.88.88.88.88.82.13.88.19.13.88.50.15.17.59.62.51.15.74.62.51.15.88.45.50.88.50.40.51.1.88.20.51.88.88.88.53.51.44.50.26.88.88.88.76.xover.mutate.done 50
 generation 46.85.84.84.84.84.84.84.84.84.84.84.45.73.10.85.44.85.14.50.85.59.72.84.10.60.84.15.10.58.84.45.40.53.60.84.58.84.43.58.50.72.45.84.2.13.81.50.2.84.85.xover.mutate.done 50
 generation 47.85.85.85.85.85.85.85.85.85.85.47.74.14.85.85.1.1.57.50.57.1.57.57.16.85.14.53.8.51.82.57.1.85.15.65.48.65.50.57.8.51.85.50.85.12.45.50.85.50.85.xover.mutate.done 50
 generation 48.81.81.81.81.81.81.81.81.81.81.66.81.81.46.2.52.7.52.52.81.81.50.53.7.81.53.6.81.52.50.52.52.81.55.52.52.52.2.70.50.79.33.6.81.7.52.73.31.48.50.xover.mutate.done 50
 generation 49.88.88.88.88.88.87.87.87.87.87.50.50.50.50.50.9.27.47.87.0.50.50.88.55.47.38.0.56.50.63.50.6.50.50.27.63.67.50.87.50.0.50.50.56.48.39.88.56.87.75.xover.mutate.done 50
 23515117 iters     910213 iter/sec (25.83 s)
 total time: 25.83
