% Invoked: ./gella -d -r 2 -l biased_r2/run01 >& biased_r2/run01.log
% Ministry of Cellular Automata
% Project Deux (CS523 Spring 2015)
% Version:v0.1-70-g0624-dirty
%  pop:50
%  ic count:100
%  CA Log option:biased_r2/run01
%  width:121
%  max workers:4
%  radius:2
%  iterations:300
%  use bias:true
%  generations:50

 generation 0.0.10.0.0.4.4.4.4.4.50.4.0.0.50.0.50.50.50.0.4.4.4.4.0.0.50.50.4.4.12.4.4.36.4.4.0.0.0.4.0.13.4.0.4.35.50.50.0.54.50.xover.mutate.done 50
 generation 1.52.50.50.50.50.50.50.50.50.50.0.50.52.52.3.50.7.3.2.2.0.50.52.50.2.50.37.2.50.50.9.2.8.50.2.0.50.2.2.2.52.3.2.50.2.2.2.2.24.50.xover.mutate.done 50
 generation 2.51.51.51.51.51.50.50.50.50.50.1.1.1.50.50.1.1.50.9.51.50.50.12.1.1.50.1.50.1.1.50.8.50.1.19.50.8.8.49.1.11.1.50.50.50.1.50.50.8.1.xover.mutate.done 50
 generation 3.51.51.51.51.51.51.50.50.50.50.51.2.50.1.51.50.51.50.50.50.1.20.1.50.51.1.1.1.2.1.1.13.5.30.50.1.1.6.51.50.45.2.50.2.9.50.50.50.1.51.xover.mutate.done 50
 generation 4.51.51.51.51.51.51.52.52.51.51.50.1.1.1.3.3.1.3.50.51.52.50.51.51.51.50.50.51.50.12.51.14.1.51.50.50.50.9.3.51.1.51.1.52.50.1.51.2.1.3.xover.mutate.done 50
 generation 5.51.51.51.51.51.51.51.51.51.51.51.51.1.1.50.1.27.2.7.51.50.2.2.7.2.2.50.51.2.2.51.1.51.2.8.2.51.51.1.1.2.51.2.51.2.50.2.50.51.51.xover.mutate.done 50
 generation 6.51.51.51.51.50.50.50.50.50.50.1.50.50.0.5.51.1.51.45.0.50.0.0.14.1.5.0.50.1.1.1.50.51.1.5.50.50.50.6.24.42.5.50.51.1.50.1.50.50.1.xover.mutate.done 50
 generation 7.50.50.50.50.50.50.50.50.50.50.0.45.50.50.0.50.23.50.69.0.26.0.5.50.24.50.0.0.0.0.0.50.50.0.50.0.0.0.21.50.0.50.6.0.0.0.50.69.0.50.xover.mutate.done 50
 generation 8.65.65.50.50.50.50.50.50.50.50.1.51.1.50.50.1.1.1.50.1.1.1.1.51.1.3.31.1.1.1.1.50.1.51.16.50.50.50.50.0.55.1.0.22.50.1.12.1.51.50.xover.mutate.done 50
 generation 9.73.73.57.52.52.52.52.52.52.52.52.52.4.4.57.50.27.52.52.52.4.50.4.52.25.52.4.41.52.52.57.22.10.4.4.4.2.52.25.52.50.50.52.52.52.52.57.52.14.52.xover.mutate.done 50
 generation 10.70.70.50.50.50.50.50.50.50.50.0.0.70.0.70.50.0.50.50.0.0.50.50.50.21.0.50.0.70.7.70.50.0.6.50.70.22.50.50.50.50.50.0.50.37.67.50.4.50.50.xover.mutate.done 50
 generation 11.74.74.74.74.74.74.74.70.48.48.50.48.50.50.50.21.5.50.50.12.50.50.8.71.48.0.25.74.71.0.50.26.0.50.48.0.37.33.10.34.50.10.0.50.21.50.31.50.48.27.xover.mutate.done 50
 generation 12.67.67.67.67.66.66.67.67.66.65.50.64.65.2.50.66.10.12.60.64.70.50.67.32.50.15.65.50.2.50.22.52.50.50.52.2.52.4.58.65.50.20.10.15.50.50.67.49.25.58.xover.mutate.done 50
 generation 13.76.69.69.69.69.69.69.69.69.67.50.69.25.2.63.50.52.69.59.50.50.50.57.50.65.50.50.2.50.29.17.33.50.76.50.57.50.50.50.50.5.50.69.64.69.30.0.21.2.50.xover.mutate.done 50
 generation 14.72.72.69.69.69.69.69.69.69.69.69.51.69.72.28.23.62.51.69.28.29.51.51.51.26.5.51.50.50.11.57.62.69.67.69.69.5.67.1.67.56.57.65.55.24.57.50.51.51.69.xover.mutate.done 50
 generation 15.75.75.75.72.72.72.72.72.72.72.51.50.67.50.20.35.22.0.72.51.18.63.72.30.50.25.51.51.51.62.50.51.67.67.51.72.51.72.67.51.50.51.70.72.72.51.68.22.1.72.xover.mutate.done 50
 generation 16.76.76.76.71.71.71.71.71.71.71.50.71.71.50.69.71.0.50.71.76.0.50.50.50.70.62.50.50.71.71.50.70.69.69.71.0.50.50.71.71.50.50.9.71.71.21.69.71.18.50.xover.mutate.done 50
 generation 17.70.70.70.70.64.64.64.64.64.64.50.68.50.64.55.59.50.64.50.64.0.64.24.63.64.64.64.64.27.3.55.71.50.64.64.64.58.70.63.64.64.50.64.59.0.58.0.64.50.64.xover.mutate.done 50
 generation 18.75.73.73.73.73.73.72.70.70.70.69.21.1.70.70.50.75.50.1.28.60.39.66.50.69.50.50.50.35.66.50.73.75.70.70.73.21.50.70.70.70.50.67.50.50.21.50.70.60.60.xover.mutate.done 50
 generation 19.67.67.67.65.65.65.65.65.65.65.50.63.50.60.50.47.65.65.65.63.64.50.65.63.63.50.13.65.63.60.63.67.63.63.50.73.50.0.50.64.65.62.65.63.63.60.63.50.50.63.xover.mutate.done 50
 generation 20.84.78.78.78.78.77.77.77.77.77.53.38.24.77.53.74.31.80.74.56.9.53.67.24.77.76.45.53.53.59.73.4.35.68.78.82.74.31.53.53.80.53.78.75.4.48.50.77.50.50.xover.mutate.done 50
 generation 21.78.83.77.77.77.77.77.77.77.77.22.72.76.50.33.50.55.6.50.68.20.70.72.77.41.77.72.50.23.44.34.50.77.50.71.69.72.70.36.70.50.69.50.38.66.65.23.50.19.50.xover.mutate.done 50
 generation 22.77.79.77.77.74.74.74.74.74.74.70.50.69.24.24.74.73.50.53.53.30.74.23.77.77.73.70.71.72.79.71.50.74.53.70.53.77.74.30.69.17.56.53.53.74.73.72.51.70.9.xover.mutate.done 50
 generation 23.80.80.74.80.79.74.74.74.76.76.17.76.34.11.80.82.50.50.11.10.2.72.31.28.68.50.50.74.50.42.69.70.72.55.50.74.74.68.5.60.80.50.50.48.76.42.76.75.58.20.xover.mutate.done 50
 generation 24.81.79.79.78.78.78.78.76.76.76.78.78.51.70.40.78.37.36.38.50.78.59.76.14.51.57.51.50.60.51.78.78.10.76.59.79.71.51.51.72.78.51.78.38.57.51.51.71.36.14.xover.mutate.done 50
 generation 25.72.72.72.72.70.70.70.69.75.75.69.71.1.51.70.69.1.51.7.51.50.1.50.29.12.69.64.50.8.15.69.7.29.69.50.70.50.69.65.51.68.69.70.50.8.68.51.57.50.64.xover.mutate.done 50
 generation 26.81.81.82.85.85.85.83.81.81.81.81.52.40.68.42.68.50.30.34.81.17.81.32.52.31.52.51.3.81.71.52.50.54.37.83.51.13.81.41.51.81.76.31.68.37.84.85.6.52.40.xover.mutate.done 50
 generation 27.81.81.81.81.81.81.81.78.79.79.51.72.78.78.78.37.3.50.56.26.76.78.6.50.52.31.78.43.72.77.78.66.81.78.52.51.81.77.3.51.71.39.16.78.42.78.51.50.35.50.xover.mutate.done 50
 generation 28.79.79.79.79.79.79.79.79.79.82.35.7.72.79.82.8.34.61.79.75.50.50.50.52.28.50.34.2.79.79.43.79.22.41.29.29.21.79.35.52.79.79.79.5.35.84.79.28.2.10.xover.mutate.done 50
 generation 29.86.80.80.82.82.82.82.82.80.80.16.60.82.82.50.82.80.50.1.82.51.80.33.50.74.80.82.82.82.77.44.82.82.82.82.34.35.35.58.33.22.33.38.41.60.80.26.12.1.10.xover.mutate.done 50
 generation 30.83.80.80.80.80.80.80.80.80.80.35.24.56.80.78.79.50.36.37.51.20.12.80.80.44.45.33.78.50.43.70.79.60.32.31.50.78.80.78.24.80.69.56.80.38.52.50.80.77.40.xover.mutate.done 50
 generation 31.88.88.88.88.88.87.88.88.88.88.50.50.0.83.72.84.0.11.72.88.87.61.79.88.32.48.58.50.87.84.40.0.50.72.0.50.55.50.72.50.57.88.79.66.87.88.88.15.61.50.xover.mutate.done 50
 generation 32.83.81.81.81.81.81.81.81.81.81.63.64.51.72.70.51.74.29.52.51.11.20.16.81.9.47.64.81.81.59.2.51.2.50.81.78.51.51.10.50.51.70.36.81.2.39.47.70.13.81.xover.mutate.done 50
 generation 33.86.84.84.84.84.84.84.84.84.84.60.84.72.55.2.50.15.51.45.76.36.84.84.35.84.84.50.83.52.80.60.83.84.68.17.71.52.84.68.77.76.50.51.72.50.84.17.71.72.84.xover.mutate.done 50
 generation 34.82.79.79.79.79.79.79.79.79.79.79.35.34.33.40.50.32.34.79.14.57.50.65.63.50.0.9.40.34.81.28.65.75.76.79.51.36.65.79.3.78.32.41.50.79.79.70.34.79.76.xover.mutate.done 50
 generation 35.83.82.81.81.81.81.81.81.81.81.81.50.41.81.50.81.65.9.65.81.81.40.64.33.73.81.27.54.62.65.73.81.81.81.78.50.40.50.50.22.81.65.31.81.81.22.54.33.16.31.xover.mutate.done 50
 generation 36.81.76.74.74.74.74.74.74.74.74.74.31.73.50.66.50.62.0.74.74.5.13.73.65.36.70.31.74.71.50.50.50.31.50.50.72.74.1.74.65.50.72.65.76.71.74.74.50.50.81.xover.mutate.done 50
 generation 37.83.85.83.81.81.81.81.81.81.81.2.80.75.69.2.71.14.81.71.80.69.51.69.41.56.50.85.81.30.51.81.50.45.81.13.21.75.81.81.51.81.81.19.79.38.1.79.51.81.39.xover.mutate.done 50
 generation 38.88.88.86.85.84.83.83.83.83.83.85.40.83.75.52.50.85.82.75.50.82.52.80.50.69.2.38.50.17.54.76.82.52.83.58.50.83.83.45.83.83.50.35.52.52.75.88.50.48.40.xover.mutate.done 50
 generation 39.82.82.84.81.83.83.83.82.81.81.51.61.81.33.81.61.51.61.81.79.4.43.55.50.4.56.81.62.59.51.33.1.82.33.62.3.81.51.33.81.81.53.77.81.36.81.53.51.53.73.xover.mutate.done 50
 generation 40.84.81.81.81.82.82.79.80.81.79.36.58.61.37.70.33.65.82.50.78.56.50.50.58.15.56.78.62.58.61.50.47.57.58.62.58.50.77.79.13.50.50.50.50.50.81.50.35.50.79.xover.mutate.done 50
 generation 41.75.73.73.73.71.71.71.73.71.72.57.1.30.71.32.55.48.61.81.56.56.8.51.29.73.73.26.59.63.51.73.2.56.29.7.51.59.56.57.37.7.70.71.51.71.70.70.62.7.63.xover.mutate.done 50
 generation 42.75.84.82.82.82.82.60.82.82.81.82.51.50.60.50.75.40.35.58.33.11.50.50.39.51.60.32.67.60.9.27.39.51.51.41.20.82.13.29.79.51.79.50.60.50.62.51.50.50.79.xover.mutate.done 50
 generation 43.86.84.84.84.84.84.84.83.83.80.77.51.82.60.73.51.2.26.51.67.84.67.44.51.51.1.71.82.69.51.48.73.73.23.68.84.27.84.51.70.82.6.60.46.51.73.51.51.51.40.xover.mutate.done 50
 generation 44.87.86.86.86.87.86.86.86.86.86.63.52.52.86.41.52.52.84.66.52.52.64.40.64.61.84.50.86.52.50.2.50.84.86.50.52.65.50.52.62.59.84.61.52.52.40.2.57.86.81.xover.mutate.done 50
 generation 45.80.78.80.80.80.80.80.80.80.80.78.80.68.63.80.51.80.67.18.21.59.51.58.67.50.58.38.51.73.51.51.71.58.1.9.51.51.78.67.38.73.31.51.59.11.51.51.53.2.2.xover.mutate.done 50
 generation 46.81.80.80.80.80.80.80.80.80.80.52.6.41.68.67.50.76.3.57.80.51.68.52.9.65.60.76.3.59.76.18.59.77.51.31.38.52.76.76.52.80.80.68.80.77.3.49.52.3.55.xover.mutate.done 50
 generation 47.74.74.74.74.74.74.74.74.74.74.50.33.67.56.56.66.56.6.74.66.6.0.57.0.0.50.57.50.29.50.24.50.50.10.71.64.54.70.57.66.64.4.50.73.50.50.64.0.50.67.xover.mutate.done 50
 generation 48.86.84.84.84.84.84.84.84.84.84.35.72.15.59.50.60.60.84.50.55.51.84.84.80.84.51.60.59.61.51.84.80.84.84.78.77.51.51.48.35.35.9.51.78.51.44.84.50.22.7.xover.mutate.done 50
 generation 49.85.84.84.84.84.84.84.84.84.84.58.58.50.35.51.58.19.84.58.72.1.50.50.50.58.50.1.84.81.50.37.15.50.50.72.9.58.11.59.37.50.50.35.56.81.37.51.84.51.1.xover.mutate.done 50
 19910856 iters     906720 iter/sec (21.96 s)
 total time: 21.96
