% Invoked: ./gella -d -r 2 -l biased_r2/run05 >& biased_r2/run05.log
% Ministry of Cellular Automata
% Project Deux (CS523 Spring 2015)
% Version:v0.1-70-g0624-dirty
%  pop:50
%  ic count:100
%  CA Log option:biased_r2/run05
%  width:121
%  max workers:4
%  radius:2
%  iterations:300
%  use bias:true
%  generations:50

 generation 0.0.1.51.1.1.0.0.50.0.1.50.0.0.1.36.0.50.50.50.50.0.50.8.1.1.1.1.1.0.1.50.1.50.50.1.1.50.0.3.1.0.1.0.1.35.1.1.1.1.1.xover.mutate.done 50
 generation 1.50.50.50.50.50.50.50.50.50.50.28.7.51.50.1.50.0.50.50.0.1.0.0.0.1.6.37.1.50.1.0.0.0.50.1.0.50.0.50.0.1.8.51.1.1.50.1.1.0.33.xover.mutate.done 50
 generation 2.50.50.51.50.50.50.50.50.50.50.50.0.1.50.1.50.51.11.1.50.11.45.50.1.11.50.22.0.1.1.50.0.50.1.1.1.11.51.50.50.1.1.50.50.16.50.51.1.51.1.xover.mutate.done 50
 generation 3.51.51.51.51.51.51.51.50.50.50.1.51.2.51.51.50.1.1.51.51.51.2.51.2.2.2.50.12.1.51.50.50.18.1.50.50.50.1.51.51.51.2.50.50.58.51.2.1.50.51.xover.mutate.done 50
 generation 4.59.51.51.51.51.51.50.50.50.50.51.50.50.50.23.1.50.50.50.51.1.51.0.1.1.51.51.51.50.11.51.51.51.51.50.1.50.0.50.1.50.51.1.1.50.1.50.9.0.50.xover.mutate.done 50
 generation 5.51.51.51.51.51.51.51.51.51.51.3.2.32.51.29.2.3.1.51.1.52.10.51.51.51.1.51.51.51.1.2.3.51.51.51.51.2.52.1.18.3.3.51.3.50.52.1.3.51.3.xover.mutate.done 50
 generation 6.50.50.50.54.51.51.51.51.51.51.51.51.51.50.1.51.28.50.51.1.49.51.51.1.51.51.56.51.51.51.1.50.1.51.1.0.50.50.28.51.1.1.51.1.51.1.0.1.51.51.xover.mutate.done 50
 generation 7.48.54.53.53.53.53.53.53.53.53.53.3.50.3.50.53.3.50.3.53.3.10.53.53.53.3.3.53.53.3.53.3.53.53.53.53.0.53.53.50.19.3.50.29.3.53.53.50.3.3.xover.mutate.done 50
 generation 8.59.50.50.50.50.50.50.50.50.50.50.0.0.50.50.50.50.51.1.23.1.50.50.51.50.50.1.1.50.10.50.50.50.1.50.50.50.50.1.50.50.50.8.0.50.50.50.50.1.1.xover.mutate.done 50
 generation 9.55.52.52.50.50.50.50.50.50.50.2.50.50.50.2.50.2.50.2.50.2.50.50.50.50.50.0.0.34.50.2.50.50.0.50.52.50.50.50.50.2.51.50.50.2.50.50.15.15.2.xover.mutate.done 50
 generation 10.54.51.51.51.50.50.50.50.50.50.50.1.50.50.1.1.50.50.50.1.50.1.1.0.50.50.1.50.1.50.25.50.0.1.1.50.1.50.1.50.1.50.1.1.29.50.50.50.15.50.xover.mutate.done 50
 generation 11.51.51.51.51.52.50.50.50.50.50.0.29.51.50.50.50.50.1.1.50.10.50.12.1.1.1.0.50.1.1.50.50.50.1.1.0.1.1.1.52.50.25.1.1.1.0.1.50.1.51.xover.mutate.done 50
 generation 12.45.45.45.51.51.51.51.51.50.50.50.1.28.50.50.1.1.1.50.1.50.0.1.50.0.51.50.50.1.50.1.0.50.1.14.50.1.50.1.60.1.0.50.1.1.9.1.0.1.50.xover.mutate.done 50
 generation 13.59.51.51.51.51.51.51.51.51.51.51.2.51.1.2.1.51.1.2.1.2.1.50.2.2.51.2.1.1.2.51.2.2.1.2.2.2.50.51.1.1.1.2.2.1.1.1.1.1.1.xover.mutate.done 50
 generation 14.54.51.51.51.51.51.51.50.50.50.1.1.1.1.1.1.51.51.1.51.1.1.1.1.1.0.1.51.1.51.50.1.50.1.1.0.1.50.28.1.0.50.1.1.1.1.1.0.50.50.xover.mutate.done 50
 generation 15.63.51.51.51.51.51.51.51.51.51.2.2.2.51.1.2.2.2.2.50.2.51.2.2.2.2.2.2.2.31.2.2.2.2.51.51.34.51.50.2.2.51.2.51.2.2.2.2.51.2.xover.mutate.done 50
 generation 16.67.50.50.50.50.50.50.50.50.50.50.50.2.0.50.2.2.50.50.2.2.2.52.50.2.50.50.2.2.50.2.2.2.52.6.50.2.50.2.50.0.2.2.2.52.52.2.2.52.50.xover.mutate.done 50
 generation 17.57.50.50.50.50.50.52.52.52.52.2.2.2.2.2.63.2.2.52.50.2.2.2.2.2.14.50.2.27.2.50.17.2.2.2.2.2.2.52.52.50.4.50.50.52.52.50.50.50.2.xover.mutate.done 50
 generation 18.72.64.50.50.50.50.50.50.50.50.3.3.3.3.53.50.50.50.31.53.3.3.3.0.5.5.3.9.3.8.3.50.53.51.40.53.50.34.5.3.50.50.53.50.53.8.53.50.50.50.xover.mutate.done 50
 generation 19.69.57.52.52.52.52.52.52.52.57.52.4.22.51.50.51.3.3.50.3.2.2.3.51.51.51.51.2.65.51.15.73.2.3.3.3.52.1.3.3.52.52.2.52.51.8.1.3.51.57.xover.mutate.done 50
 generation 20.74.68.61.57.53.53.51.51.51.51.51.51.0.15.1.1.0.1.52.51.51.1.74.51.4.55.2.1.51.11.51.4.1.50.51.1.1.1.1.1.13.51.1.1.70.51.0.1.1.11.xover.mutate.done 50
 generation 21.76.75.73.71.65.61.57.57.57.53.20.50.0.50.0.61.12.11.50.50.50.0.50.50.50.4.65.23.50.50.0.50.65.52.65.56.0.50.0.50.0.25.46.75.0.50.1.0.0.0.xover.mutate.done 50
 generation 22.75.75.73.70.70.66.66.66.66.57.52.59.52.52.52.52.7.52.10.50.6.22.66.60.52.50.75.52.7.7.7.73.52.8.2.52.45.52.14.55.52.64.48.66.7.73.9.59.48.7.xover.mutate.done 50
 generation 23.78.78.79.76.76.76.72.71.66.67.50.40.50.61.50.50.50.76.1.26.67.50.1.49.50.45.15.81.50.1.44.66.67.1.69.1.76.76.50.49.57.13.50.50.10.66.38.60.16.50.xover.mutate.done 50
 generation 24.78.77.75.77.73.73.73.73.73.73.73.54.50.50.50.73.9.10.31.50.20.73.71.47.11.50.50.67.50.20.50.49.36.16.57.52.50.50.10.63.63.50.50.33.50.67.14.73.73.74.xover.mutate.done 50
 generation 25.81.80.80.79.78.78.78.78.78.78.20.52.13.78.78.52.52.80.78.20.63.23.32.52.48.50.78.64.52.49.50.50.52.70.78.52.52.52.2.63.50.16.73.13.78.78.71.14.52.72.xover.mutate.done 50
 generation 26.89.89.89.89.87.87.86.86.86.86.53.86.53.53.59.86.87.53.86.3.53.88.53.28.59.62.62.53.14.53.50.53.53.53.14.84.53.53.62.86.89.65.86.53.86.89.86.80.90.23.xover.mutate.done 50
 generation 27.75.76.75.75.75.75.75.71.75.74.50.53.74.75.50.40.74.75.50.37.74.42.38.74.71.74.46.50.50.74.50.24.0.50.0.53.74.26.32.74.74.41.20.19.53.50.74.41.74.75.xover.mutate.done 50
 generation 28.82.81.82.81.81.82.81.80.80.81.78.81.50.32.50.80.4.69.50.50.81.50.69.69.50.54.69.50.82.32.78.54.81.54.81.80.69.81.81.53.4.79.50.4.5.80.78.80.81.50.xover.mutate.done 50
 generation 29.80.80.80.80.80.80.80.80.80.80.50.51.1.51.58.50.51.58.49.80.51.50.38.11.58.80.80.51.76.74.57.58.76.49.80.80.50.51.80.59.58.74.51.51.50.51.51.23.30.33.xover.mutate.done 50
 generation 30.80.78.79.79.79.78.78.78.78.79.50.50.50.78.80.50.50.75.35.50.47.80.77.50.8.50.37.57.0.54.51.50.78.31.50.1.46.50.78.41.76.78.39.76.50.50.56.36.50.78.xover.mutate.done 50
 generation 31.83.84.84.82.82.83.83.82.82.82.82.82.51.50.50.50.53.82.59.51.1.51.77.84.50.75.80.50.82.50.39.82.50.59.82.82.33.51.29.49.51.82.84.82.82.50.50.50.65.82.xover.mutate.done 50
 generation 32.76.76.76.76.76.72.72.74.74.74.73.46.76.74.72.76.1.73.33.26.51.76.76.69.51.73.73.63.74.26.70.51.50.73.70.61.1.51.76.76.60.73.50.50.50.41.76.0.71.73.xover.mutate.done 50
 generation 33.87.87.87.87.86.87.87.87.87.87.52.37.87.50.40.26.50.34.11.85.0.57.87.52.77.87.27.86.35.52.52.31.52.86.87.34.2.37.56.67.86.27.16.87.37.87.50.87.31.41.xover.mutate.done 50
 generation 34.74.74.74.74.74.74.74.74.74.74.25.74.25.71.74.31.46.50.1.30.25.62.50.74.34.73.74.23.49.1.14.72.73.73.69.51.48.50.74.49.74.73.14.74.70.51.74.69.74.51.xover.mutate.done 50
 generation 35.80.80.80.80.80.80.80.80.80.80.50.50.50.41.50.55.80.80.79.80.78.80.38.76.1.50.69.51.79.50.80.51.80.79.46.51.1.51.66.80.80.80.50.79.31.31.77.51.80.1.xover.mutate.done 50
 generation 36.74.74.74.74.74.74.74.74.74.74.0.70.12.50.74.50.74.74.74.50.63.56.58.74.37.25.74.74.16.74.74.50.74.74.74.50.50.50.74.74.74.50.74.50.74.57.0.74.50.74.xover.mutate.done 50
 generation 37.75.75.75.75.75.75.75.75.75.75.58.50.75.1.75.58.50.75.75.27.51.50.75.63.50.75.75.58.27.28.74.75.75.51.38.27.50.9.74.74.17.25.63.1.50.51.20.75.74.75.xover.mutate.done 50
 generation 38.76.77.77.77.77.76.77.76.76.76.69.51.51.51.55.77.51.74.76.77.76.23.36.67.51.75.51.51.77.50.9.76.77.77.76.38.51.40.69.76.77.51.76.76.51.76.76.17.39.51.xover.mutate.done 50
 generation 39.82.82.82.82.82.82.82.82.82.82.80.42.33.81.81.50.82.81.1.81.78.82.82.41.13.81.51.80.41.79.80.82.65.51.70.73.51.1.82.50.53.7.1.51.82.47.81.73.31.51.xover.mutate.done 50
 generation 40.79.79.79.79.79.79.79.79.79.79.30.68.50.25.79.77.29.55.79.9.71.50.79.44.50.58.36.40.76.65.79.79.65.68.50.75.36.79.30.79.79.79.46.79.30.78.79.79.57.50.xover.mutate.done 50
 generation 41.77.77.77.77.77.77.77.77.77.77.56.77.77.3.77.77.76.77.50.77.76.77.38.62.22.50.53.50.77.39.77.77.77.33.3.33.77.33.5.77.43.77.77.77.77.11.53.5.26.30.xover.mutate.done 50
 generation 42.79.79.79.79.79.79.79.79.79.79.55.50.0.1.79.1.51.8.79.50.76.79.8.26.56.79.19.56.50.1.79.79.79.77.8.78.79.77.79.39.8.79.65.6.0.55.56.79.19.75.xover.mutate.done 50
 generation 43.79.79.79.79.79.79.79.79.79.79.20.3.52.79.79.52.3.73.79.79.50.79.3.31.31.52.79.78.79.8.52.51.57.61.57.41.78.61.41.79.3.28.79.46.51.68.46.49.43.52.xover.mutate.done 50
 generation 44.78.78.78.78.78.78.78.78.78.78.15.78.78.31.57.50.50.7.47.52.58.15.78.78.78.78.78.72.50.14.4.28.0.68.45.50.78.78.34.50.50.50.50.6.78.78.6.6.78.7.xover.mutate.done 50
 generation 45.81.81.81.81.81.81.81.81.81.81.34.81.81.60.51.11.4.81.53.81.50.51.34.34.51.34.1.81.70.68.51.51.81.35.81.18.25.34.61.9.81.53.81.35.62.50.4.13.8.35.xover.mutate.done 50
 generation 46.79.79.79.79.79.79.79.79.79.79.42.29.79.79.29.57.0.79.57.58.79.58.46.8.78.13.79.79.79.0.17.79.36.58.76.50.50.2.79.58.78.50.79.50.50.29.79.27.57.52.xover.mutate.done 50
 generation 47.77.77.77.77.77.77.77.77.77.77.11.77.4.49.29.77.77.77.77.76.49.61.61.38.12.77.41.77.61.4.4.38.77.28.77.58.53.69.53.8.21.69.76.53.61.29.4.77.51.53.xover.mutate.done 50
 generation 48.80.80.80.80.80.80.80.80.80.80.79.47.80.80.8.46.50.36.54.2.57.2.39.80.66.52.53.53.80.80.33.43.52.59.2.76.2.80.45.52.54.80.52.80.79.54.33.80.80.49.xover.mutate.done 50
 generation 49.82.82.82.82.82.82.82.82.82.82.34.25.2.80.51.82.74.2.44.58.80.65.74.52.82.34.82.82.35.51.2.33.51.82.82.51.50.82.82.60.80.74.59.82.82.52.51.82.51.51.xover.mutate.done 50
 24118517 iters     869119 iter/sec (27.75 s)
 total time: 27.75
