51 50 50 50 50 50 50 50 41 10 9 7 6 1 1 1 1 1 1 1 1 1 1 1 1 1 1 1 1 1 1 1 1 1 1 1 1 1 1 0 0 0 0 0 0 0 0 0 0 0 
51 50 50 50 50 50 50 50 50 50 50 50 50 50 40 40 20 17 15 11 10 9 9 8 6 6 3 0 0 0 0 0 0 0 0 0 0 0 0 0 0 0 0 0 0 0 0 0 0 0 
59 58 52 51 51 51 51 51 50 50 50 50 50 50 50 50 50 50 50 50 50 43 34 29 25 10 10 10 10 7 3 3 3 3 3 3 3 3 3 3 3 2 2 1 1 1 1 1 1 1 
57 52 50 50 50 50 50 50 50 50 50 50 50 50 50 50 50 50 50 50 50 50 50 50 50 50 50 11 10 6 5 0 0 0 0 0 0 0 0 0 0 0 0 0 0 0 0 0 0 0 
55 51 51 51 51 51 51 51 51 51 51 51 51 51 51 51 50 50 50 50 50 50 50 50 49 16 12 11 11 9 7 2 2 2 2 2 2 2 2 1 1 1 1 1 1 1 1 1 1 1 
58 52 52 52 52 52 52 52 52 50 50 50 50 50 50 50 50 50 50 50 50 50 50 50 50 50 50 50 50 50 35 30 11 8 2 2 2 2 2 2 2 2 2 2 2 2 2 0 0 0 
60 53 53 53 53 53 53 53 53 53 53 53 51 51 51 51 51 51 51 51 50 50 50 50 50 50 35 22 16 16 16 16 7 4 4 4 4 4 4 4 4 4 4 3 3 3 3 3 1 1 
57 51 51 51 51 51 51 51 51 51 51 51 51 51 51 51 51 51 51 50 50 50 50 50 50 50 50 11 8 7 1 1 1 1 1 1 1 1 1 1 1 1 1 1 1 1 1 1 1 0 
61 51 51 51 51 51 51 51 51 51 51 51 51 51 51 51 51 51 51 51 51 51 51 51 51 51 51 51 51 51 51 51 51 51 51 51 50 50 44 1 1 1 1 1 1 1 1 1 1 1 
62 51 51 51 51 51 51 51 51 51 51 51 51 51 51 51 51 51 51 51 51 51 51 51 51 51 51 51 51 51 51 51 51 51 51 51 51 51 51 50 34 32 19 1 1 1 1 1 1 1 
55 52 50 50 50 50 50 50 50 50 50 50 50 50 50 50 50 50 50 50 50 50 50 50 50 50 50 50 50 50 50 50 50 50 50 50 50 50 18 7 1 1 1 1 1 1 1 1 0 0 
62 54 51 51 51 51 51 51 51 51 51 51 51 51 51 51 51 51 51 51 51 51 51 51 51 51 50 50 50 50 50 50 14 2 2 2 2 2 2 2 2 2 2 2 2 2 2 1 1 1 
53 53 53 50 50 50 50 50 50 50 50 50 50 50 50 50 50 50 50 50 50 50 50 50 50 50 50 10 5 5 5 0 0 0 0 0 0 0 0 0 0 0 0 0 0 0 0 0 0 0 
57 57 57 52 50 50 50 50 50 50 50 50 50 50 50 50 50 50 50 50 50 50 50 50 50 50 50 50 50 50 50 50 30 18 6 1 1 1 1 1 1 1 1 1 1 1 1 1 0 0 
62 54 54 54 54 54 52 52 52 52 52 52 52 52 52 52 52 52 52 52 52 52 52 52 52 52 52 52 52 52 52 52 52 52 52 52 50 50 50 50 13 4 4 4 4 4 2 2 2 2 
59 59 59 59 59 59 58 53 53 53 53 53 53 53 53 53 53 53 53 53 53 53 53 53 53 53 53 53 53 53 53 53 53 53 53 53 50 50 50 13 10 9 9 3 3 3 3 3 3 0 
61 57 55 55 55 55 55 55 55 55 55 55 50 50 50 50 50 50 50 50 50 50 50 50 50 50 50 50 50 50 50 50 50 50 50 50 50 50 50 43 6 1 1 1 1 1 1 1 0 0 
57 56 55 55 55 55 55 55 55 55 55 55 55 55 51 51 51 51 51 51 51 51 51 51 51 51 51 51 51 51 51 51 51 51 36 34 31 21 9 8 8 7 7 3 3 3 3 2 1 1 
60 60 60 57 57 57 57 57 57 57 57 57 57 57 57 57 57 57 57 57 57 57 57 51 51 51 51 51 51 51 51 51 51 51 51 43 11 8 8 8 8 8 7 7 2 2 2 2 2 1 
66 58 57 57 57 57 57 57 57 57 57 57 57 57 57 57 57 57 57 57 57 57 57 57 57 57 55 51 51 51 51 51 50 50 49 26 25 24 9 8 7 7 7 7 6 6 1 1 1 1 
61 58 58 58 58 58 58 58 58 58 58 58 58 58 58 58 58 58 58 58 58 58 58 58 50 50 50 50 50 50 50 50 50 50 48 43 42 42 8 8 8 8 8 8 8 0 0 0 0 0 
60 58 58 57 57 57 57 57 57 57 57 57 57 57 57 57 57 57 57 57 57 57 57 57 57 57 57 57 56 55 52 52 52 52 52 50 48 45 42 32 22 21 18 8 8 7 7 2 2 0 
84 62 61 59 59 59 57 57 57 57 57 57 57 57 57 57 57 57 57 57 57 57 57 57 57 57 57 51 51 51 51 51 51 51 50 40 33 19 10 9 7 7 7 7 7 7 7 7 7 1 
85 85 81 78 70 61 60 60 58 55 55 54 54 53 53 53 53 53 53 53 53 53 53 53 53 53 53 53 51 50 50 50 50 50 50 50 50 45 45 45 36 34 8 5 4 3 3 0 0 0 
87 87 87 87 87 87 87 85 85 78 78 63 62 62 62 55 55 55 55 53 53 53 53 53 53 53 53 52 50 50 50 50 50 50 50 50 50 50 50 40 30 27 20 15 5 5 0 0 0 0 
83 83 83 83 79 79 79 79 78 77 77 76 75 65 62 62 62 60 60 58 58 50 50 50 50 50 50 50 50 48 46 44 41 38 37 37 37 31 26 26 26 25 21 16 14 12 11 11 0 0 
90 90 90 90 90 90 88 88 88 88 88 88 86 86 84 84 82 78 74 63 61 58 58 56 56 56 53 53 53 51 51 50 50 48 47 45 44 44 38 37 35 32 27 18 14 14 12 12 10 1 
78 78 78 78 78 78 78 77 77 77 77 77 77 76 76 76 76 76 74 73 71 71 69 63 60 56 51 50 50 50 50 50 50 48 46 40 40 40 40 32 14 6 6 6 6 4 1 1 1 1 
86 86 86 86 86 86 86 86 86 86 86 86 83 83 83 83 81 78 70 64 63 63 62 62 62 58 57 55 50 50 50 50 50 50 50 50 45 42 39 38 38 38 37 36 36 9 6 0 0 0 
83 83 83 83 83 83 83 83 83 83 83 83 83 80 80 80 80 79 77 77 73 73 57 57 57 57 57 57 57 51 51 50 50 50 50 50 50 50 50 50 50 41 38 38 23 20 12 7 1 1 
81 81 81 81 81 81 81 81 81 81 81 81 81 80 80 77 77 77 77 77 77 77 58 57 57 57 56 56 56 52 52 52 50 50 50 50 50 50 50 50 50 40 36 35 35 22 12 11 6 2 
83 83 83 83 83 83 83 83 83 83 83 83 83 83 83 83 83 81 81 78 76 76 76 71 56 52 52 52 52 51 51 51 51 51 51 51 50 50 50 50 50 50 50 38 29 6 6 3 1 1 
84 84 84 84 84 84 84 84 84 84 84 84 84 84 84 84 82 81 80 78 72 63 58 58 58 57 57 52 52 52 52 52 52 52 52 52 52 46 46 42 36 34 21 10 10 9 3 3 3 2 
86 86 86 86 86 86 86 86 86 86 86 86 86 86 86 86 86 86 84 83 80 80 80 80 77 62 59 59 59 59 58 56 51 51 51 51 51 51 51 50 41 41 40 29 14 6 1 1 1 1 
83 81 81 81 81 81 81 81 81 81 81 81 81 81 81 81 81 81 76 75 75 75 73 69 67 61 61 55 55 55 55 54 51 51 51 51 51 50 50 43 42 35 29 11 5 5 5 5 5 1 
83 83 82 82 82 82 82 82 82 82 82 82 82 82 82 82 82 77 76 76 76 75 75 72 56 56 55 51 51 51 51 51 51 51 51 51 51 51 51 51 51 42 34 34 33 26 22 22 6 1 
88 87 87 87 87 87 87 87 87 87 87 87 87 87 87 87 87 87 87 84 84 84 83 80 80 71 59 59 50 50 50 50 50 50 50 50 50 50 50 50 50 49 34 25 21 11 8 6 0 0 
82 82 82 82 82 82 82 82 82 82 82 82 82 82 82 82 82 81 80 80 80 80 75 75 75 60 60 60 53 53 53 53 53 53 53 53 51 51 51 51 51 51 51 50 47 41 37 30 13 9 
81 81 81 81 81 81 81 81 81 81 81 81 81 81 81 81 81 79 78 76 74 74 74 71 71 70 62 61 52 52 52 52 52 52 51 51 51 51 51 51 51 51 42 38 32 31 9 3 3 3 
85 85 85 85 85 85 85 85 85 85 85 85 85 85 85 85 85 85 85 85 85 79 79 79 77 77 74 66 65 57 52 52 52 52 52 52 51 51 51 51 51 50 50 48 40 40 38 26 3 3 
83 83 83 83 83 83 83 83 83 81 81 81 81 81 81 81 81 81 81 81 81 81 81 81 81 80 78 77 76 76 52 52 52 52 52 52 51 51 51 51 51 51 51 51 50 3 3 2 2 2 
83 82 82 82 82 82 82 82 82 82 82 82 82 81 81 80 80 79 79 79 79 77 75 74 72 57 56 55 52 52 52 52 52 52 52 51 51 51 51 51 51 39 39 28 22 20 8 3 3 3 
85 85 85 85 85 85 85 85 85 85 85 85 85 85 85 85 85 85 85 82 82 82 81 80 77 74 65 65 59 57 51 51 51 51 51 51 51 47 43 40 35 35 35 16 9 5 3 2 2 2 
86 86 86 86 86 86 86 86 86 86 86 86 86 86 86 86 86 86 86 86 86 86 86 84 82 82 81 79 79 79 79 76 76 73 73 51 51 51 51 50 50 50 50 50 48 36 19 11 7 1 
79 79 79 79 79 79 79 79 79 79 79 79 79 79 79 79 78 78 78 78 78 75 74 72 71 71 63 63 55 54 51 51 50 50 50 50 50 38 37 36 35 29 29 29 22 7 4 1 0 0 
88 88 88 88 88 88 88 88 88 88 88 88 88 88 88 88 88 88 88 88 88 82 76 74 62 62 59 53 51 51 51 51 51 50 50 50 50 45 44 40 26 20 19 17 15 15 15 13 13 1 
85 85 85 85 85 84 84 84 84 84 84 84 84 84 84 84 84 84 84 84 84 84 81 73 72 72 60 60 59 58 58 58 53 50 50 50 45 45 45 44 43 40 15 14 13 10 10 10 2 2 
85 85 85 85 85 85 85 85 85 85 85 85 85 85 85 85 85 85 82 74 65 65 57 57 57 57 57 57 53 51 51 50 50 50 50 50 48 47 45 16 15 14 14 12 8 8 1 1 1 1 
81 81 81 81 81 81 81 81 81 81 81 81 81 81 81 81 81 81 79 73 70 66 55 53 53 52 52 52 52 52 52 52 52 52 52 50 50 50 50 48 46 33 31 7 7 7 6 6 2 2 
88 88 88 88 88 88 88 87 87 87 87 87 87 87 87 75 67 63 63 56 56 56 55 50 50 50 50 50 50 50 50 50 50 50 50 50 50 50 48 47 47 39 38 27 27 9 6 0 0 0 
