53 51 50 50 50 50 50 50 44 4 4 4 4 4 4 4 4 4 4 4 4 4 4 4 4 4 3 3 3 3 3 3 3 3 1 1 1 1 1 1 1 1 1 1 1 1 1 1 1 1 
52 52 52 52 50 50 50 50 50 50 50 50 50 50 50 50 50 39 31 8 8 6 5 2 2 2 2 2 2 2 2 2 2 2 2 2 2 2 2 2 2 2 2 2 2 0 0 0 0 0 
51 51 51 51 51 51 50 50 50 50 50 50 50 50 50 50 50 50 50 50 50 50 50 50 50 49 46 8 8 8 1 1 1 1 1 1 1 1 1 1 1 1 1 0 0 0 0 0 0 0 
51 51 51 51 51 51 51 51 51 51 51 50 50 50 50 50 50 50 50 50 50 50 50 50 50 50 39 18 7 5 5 4 1 1 1 1 1 1 1 1 1 1 1 0 0 0 0 0 0 0 
53 53 53 53 53 51 51 51 51 51 51 51 51 51 51 51 51 51 51 51 51 51 51 51 51 51 51 50 50 50 50 50 50 50 50 21 8 5 4 4 4 4 4 4 4 3 3 1 1 1 
50 50 50 50 50 50 50 50 50 50 50 50 50 50 50 50 50 50 50 50 50 50 50 50 50 50 50 50 50 50 50 50 50 50 50 50 22 9 0 0 0 0 0 0 0 0 0 0 0 0 
51 51 51 51 51 51 51 51 51 51 51 51 51 51 51 51 51 51 51 51 51 51 51 51 50 50 50 50 50 50 50 50 50 50 50 50 50 19 18 17 1 1 1 1 1 1 1 1 0 0 
53 53 53 53 53 53 53 53 53 53 50 50 50 50 50 50 50 50 50 50 50 50 50 50 50 50 50 50 50 50 50 50 50 50 50 29 21 15 11 3 3 3 3 3 3 3 3 3 3 3 
52 52 52 52 52 52 52 52 52 52 52 52 52 52 52 51 51 51 51 51 51 51 51 51 24 16 13 13 13 11 8 3 3 3 3 3 3 3 3 3 3 3 3 3 3 3 3 3 3 2 
50 50 50 50 50 50 50 50 50 50 50 50 50 50 50 50 50 50 50 50 50 50 50 50 50 50 50 50 50 50 50 50 18 6 5 0 0 0 0 0 0 0 0 0 0 0 0 0 0 0 
52 52 52 52 52 52 52 52 52 52 52 52 52 52 52 52 52 52 52 52 52 52 52 52 51 51 51 51 51 51 50 50 37 25 9 9 9 3 3 3 3 3 3 3 3 3 3 3 2 1 
63 52 52 52 52 52 52 50 50 50 50 50 50 50 50 50 50 50 50 50 50 50 50 50 50 50 50 50 50 50 50 50 50 37 19 8 7 7 6 2 2 2 2 2 2 2 2 0 0 0 
81 68 50 50 50 50 50 50 50 50 50 50 50 50 50 50 50 50 50 50 50 50 50 50 50 50 50 50 50 50 50 50 50 34 12 12 0 0 0 0 0 0 0 0 0 0 0 0 0 0 
85 78 74 52 52 52 52 52 52 52 52 52 52 52 52 52 52 52 52 52 52 52 50 50 50 50 50 50 50 50 50 49 30 10 7 2 2 2 2 2 2 2 2 2 2 2 2 2 2 2 
78 73 65 53 53 53 53 53 53 53 53 53 53 53 53 53 53 53 53 53 53 53 53 53 53 53 53 53 52 52 52 50 50 50 43 43 25 11 9 5 5 5 5 5 5 5 5 5 5 3 
82 82 82 82 75 72 72 63 62 51 51 51 51 51 51 51 51 51 51 51 51 51 51 51 51 51 51 51 51 51 51 51 51 51 50 50 50 34 34 12 10 4 2 2 2 2 1 1 1 1 
80 80 80 80 78 78 72 62 60 58 51 51 51 51 51 51 51 51 50 50 50 50 47 40 40 30 23 14 9 8 7 5 4 1 1 1 1 1 1 1 1 1 1 1 1 1 1 1 1 0 
79 79 79 79 79 73 73 73 72 72 63 60 60 57 55 54 53 50 50 50 50 50 50 50 50 50 37 29 23 19 15 13 12 12 9 5 5 0 0 0 0 0 0 0 0 0 0 0 0 0 
79 79 71 71 71 71 71 71 69 68 68 68 68 51 51 51 51 51 51 51 51 51 50 46 44 40 37 32 32 30 29 26 25 25 24 22 17 17 12 10 10 10 9 9 9 9 2 2 2 1 
82 82 82 82 82 81 80 78 78 75 75 74 73 64 63 63 52 52 52 52 51 51 51 51 51 51 51 51 51 51 50 49 48 47 42 39 33 32 26 22 21 19 14 11 9 6 3 3 1 1 
83 83 83 83 83 83 83 83 83 83 83 83 83 79 79 73 73 73 70 59 54 54 54 54 50 50 50 50 50 50 50 50 50 50 50 38 35 35 34 32 20 20 17 11 4 4 4 4 4 4 
83 83 83 83 83 83 83 83 83 83 83 83 78 53 50 50 50 50 50 50 50 50 50 50 50 50 50 50 50 50 50 50 50 50 50 45 44 43 34 33 32 15 10 0 0 0 0 0 0 0 
84 83 83 83 83 83 83 83 83 82 82 82 82 82 82 82 82 82 51 51 51 51 51 51 51 51 51 51 51 51 50 50 50 50 50 50 50 50 50 45 42 34 29 10 3 1 1 1 0 0 
84 84 84 84 81 81 81 81 81 81 81 81 81 81 81 81 79 76 60 59 51 50 50 50 50 50 50 50 50 50 50 50 50 50 50 49 49 47 47 45 38 2 1 1 1 1 1 0 0 0 
84 84 84 84 84 84 79 79 79 79 79 79 79 79 79 79 79 77 69 67 59 59 58 51 51 51 51 51 51 51 51 51 51 51 51 51 51 51 50 47 46 44 30 1 1 1 1 1 0 0 
82 82 82 82 82 82 82 82 82 81 81 81 81 80 73 65 64 64 56 56 56 51 51 51 51 51 51 51 51 51 51 50 50 50 50 50 50 44 40 39 38 32 31 25 14 11 1 1 1 0 
83 83 83 83 83 83 83 83 83 83 83 83 83 76 76 76 76 76 76 76 76 68 63 63 53 53 53 53 53 53 53 53 50 41 41 38 38 26 21 20 18 18 14 12 9 9 3 3 3 3 
88 88 88 88 88 88 88 88 88 88 88 88 88 88 88 88 86 86 86 85 63 63 63 62 62 62 54 54 53 53 53 53 53 53 53 50 50 50 50 49 48 38 38 32 12 3 3 3 3 3 
78 78 78 78 78 78 78 78 78 78 78 78 78 78 78 78 78 74 72 72 72 72 69 69 60 59 59 59 55 52 52 52 52 52 52 52 52 52 52 50 50 50 50 50 50 46 45 36 2 0 
83 83 83 83 83 83 83 83 83 83 83 83 83 83 83 83 83 83 83 71 61 61 55 55 52 52 52 52 50 50 50 50 50 50 50 50 50 50 50 50 50 50 50 34 32 28 15 5 2 2 
82 82 82 82 82 82 82 82 82 82 82 82 82 82 82 82 82 78 78 69 58 58 52 52 52 52 52 52 52 51 51 50 50 50 50 50 49 48 14 13 9 9 9 9 8 3 3 3 3 3 
82 82 82 82 82 82 82 82 82 82 82 82 64 58 55 50 50 50 50 50 50 50 50 50 50 50 50 50 50 50 50 50 50 50 47 46 42 42 37 37 32 32 16 11 7 4 0 0 0 0 
79 79 79 79 79 79 79 79 79 79 79 79 79 79 79 79 79 77 75 70 61 60 59 57 57 55 55 52 52 52 52 52 52 52 52 52 52 52 52 52 52 52 52 50 32 17 15 9 4 2 
81 81 81 81 81 81 81 81 81 81 81 81 81 81 81 81 76 76 62 61 60 56 55 55 54 50 50 50 50 50 50 50 50 50 50 50 50 50 50 50 50 28 26 22 21 10 7 0 0 0 
86 85 85 85 85 85 85 85 85 85 85 85 85 85 85 85 85 85 85 85 85 85 85 85 83 72 66 61 61 60 57 54 54 54 54 54 54 54 54 54 54 50 50 50 50 50 47 44 36 12 
84 83 83 83 83 83 83 83 83 83 83 83 83 83 83 83 83 83 83 83 83 80 79 73 57 52 52 52 52 52 52 52 52 52 52 52 50 50 40 38 38 34 26 10 9 7 2 2 2 2 
82 82 82 82 82 82 82 82 82 82 82 82 82 82 82 82 82 82 82 82 82 82 80 67 62 61 56 56 53 51 51 51 51 51 51 51 51 51 45 37 36 28 16 15 13 4 4 4 4 4 
81 80 80 80 80 80 80 80 80 80 80 80 80 80 80 80 80 80 77 77 73 66 58 57 57 57 57 56 56 51 51 51 51 51 51 51 51 44 44 37 33 33 31 9 9 9 8 6 6 1 
83 82 82 82 82 82 82 82 82 82 82 82 82 82 82 82 82 82 82 82 82 82 78 75 75 69 68 59 58 58 56 52 52 51 51 51 51 51 51 51 51 51 51 51 48 36 18 18 3 3 
91 88 88 88 88 88 88 88 88 88 88 88 88 88 88 88 88 88 88 85 83 83 75 68 68 60 52 52 51 51 51 51 51 51 51 51 51 50 45 45 41 36 16 7 1 1 1 1 1 1 
85 85 85 85 85 85 85 85 85 85 85 85 85 85 85 85 85 85 85 85 85 84 84 84 76 76 68 60 59 57 53 51 51 51 51 51 51 51 51 51 51 50 50 48 37 36 29 11 10 10 
89 89 89 89 89 89 89 89 89 89 89 89 89 89 89 89 89 89 86 85 85 80 80 79 78 77 77 62 58 57 54 53 53 53 53 53 53 53 53 51 51 41 34 30 18 17 11 8 7 4 
95 93 93 93 93 93 93 93 93 93 93 93 93 93 93 93 93 93 93 92 91 88 88 87 87 82 81 79 78 63 60 60 60 60 59 52 52 52 52 52 52 52 52 44 22 21 5 2 2 2 
85 83 83 83 83 83 83 83 83 83 83 83 83 83 83 83 83 83 83 83 82 82 78 78 78 72 60 60 58 58 58 56 56 56 50 50 50 50 50 49 49 49 37 37 12 11 9 7 0 0 
85 85 85 85 85 85 85 85 85 85 85 85 85 85 85 85 85 85 85 85 85 81 80 80 78 78 78 57 56 56 56 55 51 50 50 50 50 50 50 50 50 40 40 39 16 14 8 7 6 1 
90 85 83 83 83 83 83 83 83 83 83 83 83 83 83 83 83 83 83 83 83 83 83 78 71 71 67 67 66 61 58 58 58 57 52 52 52 52 52 52 51 51 50 41 38 38 36 10 3 3 
86 83 83 83 83 83 83 83 83 83 83 83 83 83 83 83 83 83 77 73 58 58 55 54 51 51 51 51 51 51 51 51 51 51 51 50 47 39 39 39 33 33 33 22 21 21 5 5 1 1 
84 83 83 83 83 83 83 83 83 83 83 81 80 78 74 74 61 57 54 54 53 52 50 50 50 50 50 50 50 50 50 50 50 50 47 34 34 33 33 32 29 16 4 0 0 0 0 0 0 0 
79 77 77 77 77 77 77 77 77 77 77 77 77 77 74 74 73 70 70 63 63 62 61 57 57 52 51 50 50 50 50 50 50 50 50 50 50 50 50 50 46 34 33 30 29 29 27 26 12 2 
83 83 83 83 83 83 83 83 83 83 83 83 83 80 79 79 79 79 68 54 51 51 50 50 50 50 50 50 50 50 50 50 50 50 50 46 42 36 30 28 28 14 9 8 4 1 1 1 1 1 
