% Invoked: ./gella -d -r 2 -l biased_r2/run09 >& biased_r2/run09.log
% Ministry of Cellular Automata
% Project Deux (CS523 Spring 2015)
% Version:v0.1-70-g0624-dirty
%  pop:50
%  ic count:100
%  CA Log option:biased_r2/run09
%  width:121
%  max workers:4
%  radius:2
%  iterations:300
%  use bias:true
%  generations:50

 generation 0.4.3.3.4.4.4.50.50.4.4.1.4.4.1.3.3.1.1.1.50.4.4.3.4.1.1.1.50.3.4.1.44.4.1.3.4.4.1.3.50.1.1.53.1.1.51.50.4.1.4.xover.mutate.done 50
 generation 1.50.52.50.50.50.50.50.50.39.2.0.50.2.2.52.0.31.50.2.2.50.2.0.2.2.2.50.52.2.2.8.52.8.50.2.2.2.0.5.6.2.2.2.2.2.50.2.2.0.2.xover.mutate.done 50
 generation 2.51.51.51.51.50.50.50.50.50.50.8.1.50.0.1.1.1.1.0.50.1.49.50.50.50.1.1.1.0.1.50.50.8.51.50.50.0.0.50.1.46.50.1.1.51.0.50.0.50.8.xover.mutate.done 50
 generation 3.51.51.51.51.51.51.50.50.50.50.0.1.50.1.0.51.18.1.50.0.50.1.1.50.0.50.4.39.1.50.5.1.1.51.0.1.50.7.1.0.50.50.51.51.51.50.5.1.0.50.xover.mutate.done 50
 generation 4.51.51.51.51.51.51.51.51.51.51.51.53.50.4.53.51.51.4.1.3.50.8.50.4.3.51.50.51.50.53.51.51.51.53.1.51.50.50.53.1.4.51.5.51.21.51.4.4.4.50.xover.mutate.done 50
 generation 5.50.50.50.50.50.50.50.50.50.50.22.0.0.0.50.50.50.50.0.50.9.50.0.50.0.50.0.50.0.50.0.50.50.50.50.50.0.50.50.50.50.50.0.50.0.50.50.50.50.50.xover.mutate.done 50
 generation 6.50.50.50.50.50.51.51.51.51.51.50.51.51.50.51.1.18.51.1.1.51.51.17.1.51.51.51.50.1.50.51.1.1.50.51.51.51.51.1.50.51.19.51.50.50.0.51.51.0.51.xover.mutate.done 50
 generation 7.50.50.50.50.50.50.50.50.50.50.3.21.3.53.3.53.53.50.3.50.29.3.50.53.3.50.53.15.50.50.50.50.50.53.50.53.3.3.3.50.50.50.11.53.53.3.3.50.50.53.xover.mutate.done 50
 generation 8.52.52.52.52.52.52.52.52.52.52.3.3.11.3.52.3.52.3.3.24.52.3.51.3.52.3.3.3.3.3.51.3.3.51.3.52.8.3.13.51.16.3.51.13.51.51.13.51.51.2.xover.mutate.done 50
 generation 9.50.50.50.50.50.50.50.50.50.50.50.50.0.0.50.50.50.50.50.50.50.0.50.0.50.50.0.50.5.0.0.50.0.0.0.50.0.50.50.50.0.50.50.0.6.18.0.0.50.50.xover.mutate.done 50
 generation 10.52.52.52.52.52.52.52.52.52.52.52.3.52.51.51.52.52.2.3.3.52.50.52.9.50.52.3.3.9.52.52.52.25.3.37.3.9.52.3.51.3.3.51.52.51.52.3.51.1.52.xover.mutate.done 50
 generation 11.50.50.50.50.50.50.50.50.50.50.50.2.2.52.6.50.2.0.63.7.50.50.0.2.37.52.7.50.2.0.52.8.2.50.50.50.50.50.50.50.2.50.52.52.50.50.2.52.19.50.xover.mutate.done 50
 generation 12.68.50.50.50.50.50.50.50.50.50.0.50.50.50.0.50.0.50.50.50.0.81.50.50.0.50.50.0.0.50.0.12.50.50.0.50.0.50.0.50.12.50.50.50.34.0.0.0.50.50.xover.mutate.done 50
 generation 13.78.74.50.50.50.50.50.50.52.52.52.10.52.2.52.52.2.2.52.52.52.2.85.52.50.2.2.7.52.50.52.52.50.52.52.52.52.2.2.2.2.2.52.2.2.2.2.52.30.49.xover.mutate.done 50
 generation 14.73.78.65.53.53.53.53.53.53.53.53.53.53.53.53.43.53.5.53.53.50.5.52.53.9.11.50.5.53.53.25.53.5.5.52.5.43.5.53.5.50.3.5.53.53.53.53.53.52.5.xover.mutate.done 50
 generation 15.82.72.62.51.51.51.51.51.51.51.50.75.10.12.1.51.2.51.51.51.51.51.63.72.51.2.51.82.34.82.2.51.51.1.4.51.50.51.50.51.51.34.82.51.1.51.51.1.2.51.xover.mutate.done 50
 generation 16.80.80.80.80.72.78.78.58.62.51.1.40.40.7.51.51.50.51.1.23.1.60.1.30.9.1.1.50.1.5.1.51.51.1.51.51.0.50.1.47.4.1.50.1.8.1.1.1.14.1.xover.mutate.done 50
 generation 17.79.79.79.79.72.72.73.60.55.63.54.0.0.0.50.23.73.37.5.9.0.60.0.13.50.73.12.0.79.50.29.12.57.53.50.15.50.0.19.50.0.0.0.0.5.50.0.50.50.0.xover.mutate.done 50
 generation 18.71.71.71.71.71.68.68.68.79.79.9.17.10.51.12.51.40.51.1.51.25.46.50.2.10.9.17.30.25.24.71.37.51.2.44.51.22.51.32.9.29.2.10.51.9.32.51.68.26.69.xover.mutate.done 50
 generation 19.78.78.82.82.82.82.82.81.75.75.51.63.74.1.51.11.51.51.26.47.33.73.3.80.52.52.48.50.51.32.14.51.3.64.42.51.6.51.22.52.39.9.19.49.63.52.21.51.1.51.xover.mutate.done 50
 generation 20.83.83.83.83.83.83.83.73.73.70.83.32.50.4.83.35.50.20.35.54.17.73.4.50.79.4.11.50.20.54.4.50.50.54.79.34.83.50.50.59.54.50.83.38.83.4.83.50.4.50.xover.mutate.done 50
 generation 21.83.83.83.83.83.83.83.83.83.83.0.10.50.44.15.50.50.0.50.50.83.32.0.50.50.43.50.33.50.0.0.50.50.50.53.50.50.50.50.78.0.50.50.50.50.34.50.0.45.83.xover.mutate.done 50
 generation 22.83.83.83.83.83.82.82.82.82.82.82.51.51.29.3.10.50.83.50.83.51.51.34.0.84.0.51.51.50.50.83.51.51.51.82.51.50.45.50.82.50.50.51.42.1.82.1.50.51.1.xover.mutate.done 50
 generation 23.84.81.81.81.81.81.81.81.81.81.1.79.50.50.50.60.50.38.49.50.76.81.81.50.1.1.50.50.84.49.81.51.50.50.0.1.50.0.84.47.50.59.50.84.50.45.47.1.2.0.xover.mutate.done 50
 generation 24.84.84.84.84.79.79.79.79.79.79.77.51.1.69.59.1.51.44.51.0.51.59.51.79.46.50.58.79.79.51.51.51.1.51.84.51.67.79.30.51.1.51.51.0.47.1.79.84.51.51.xover.mutate.done 50
 generation 25.82.82.82.82.82.82.81.81.81.81.51.51.0.31.32.40.25.50.51.64.38.51.64.1.56.1.65.51.80.1.56.11.82.51.82.51.39.50.50.50.82.51.73.51.56.50.14.50.51.44.xover.mutate.done 50
 generation 26.83.83.83.83.83.83.83.83.83.76.3.41.12.63.83.20.76.83.21.76.76.76.53.53.76.53.53.14.26.53.76.53.83.41.3.3.50.9.63.18.68.9.38.53.38.83.76.3.18.53.xover.mutate.done 50
 generation 27.88.88.88.88.88.88.88.88.88.88.63.86.53.62.12.53.3.50.53.38.3.86.88.62.32.50.63.50.53.88.88.86.54.62.53.3.53.50.49.3.88.85.38.53.54.48.63.3.88.88.xover.mutate.done 50
 generation 28.78.78.78.78.78.78.78.78.78.78.50.52.46.72.78.78.52.69.72.59.50.52.2.69.52.52.52.50.55.60.78.72.78.45.50.74.78.72.52.59.52.52.52.78.0.78.59.50.36.50.xover.mutate.done 50
 generation 29.83.83.83.83.83.83.83.83.83.83.50.83.71.50.83.50.50.50.55.50.50.61.83.52.2.5.55.83.50.2.83.32.50.50.83.50.83.50.28.52.83.50.52.52.50.83.50.15.34.61.xover.mutate.done 50
 generation 30.82.82.82.82.82.82.82.82.82.82.9.51.8.82.3.78.52.9.50.3.58.82.52.50.82.51.50.13.52.49.52.50.9.9.58.82.69.82.78.14.50.52.3.48.82.52.52.82.3.3.xover.mutate.done 50
 generation 31.82.82.82.82.82.82.82.82.82.82.0.42.50.50.0.82.32.7.50.50.82.50.37.32.50.47.0.50.46.50.50.50.50.50.50.42.64.4.37.55.50.50.0.50.16.50.50.50.58.11.xover.mutate.done 50
 generation 32.79.79.79.79.79.79.79.79.79.79.52.79.52.79.59.52.52.9.79.75.52.52.2.32.70.52.52.57.52.79.52.52.52.52.55.52.77.17.15.52.52.55.79.60.61.79.57.79.50.4.xover.mutate.done 50
 generation 33.81.81.81.81.81.81.81.81.81.81.26.50.60.50.50.0.81.50.81.81.50.50.28.50.50.0.0.7.21.50.54.56.55.55.50.61.76.76.81.50.50.50.81.22.81.50.50.10.62.50.xover.mutate.done 50
 generation 34.85.85.85.85.85.85.85.85.85.85.54.54.50.85.50.54.85.85.57.54.54.85.85.61.85.85.54.85.85.83.36.85.54.85.54.60.54.54.85.47.72.50.50.86.44.66.61.50.12.85.xover.mutate.done 50
 generation 35.84.83.83.83.83.83.83.83.83.83.38.83.52.52.52.83.79.52.40.2.73.52.52.83.52.52.7.83.83.9.26.52.50.57.38.34.10.52.83.83.83.80.83.2.83.83.52.50.2.2.xover.mutate.done 50
 generation 36.82.82.82.82.82.82.82.82.82.82.56.51.4.51.28.4.82.4.37.82.82.51.67.82.82.51.4.82.51.4.61.13.16.80.82.82.51.82.62.51.82.82.45.51.82.51.56.53.15.36.xover.mutate.done 50
 generation 37.81.80.80.80.80.80.80.80.80.80.8.37.56.73.9.51.77.44.51.6.51.51.51.80.57.44.80.6.1.58.66.31.9.77.9.51.57.51.51.80.33.80.80.33.80.57.80.80.56.57.xover.mutate.done 50
 generation 38.83.82.82.82.82.82.82.82.82.82.69.59.3.51.48.58.82.78.82.52.51.68.82.18.82.82.18.36.75.56.51.51.82.75.82.82.51.51.82.58.51.51.52.82.82.51.51.51.3.82.xover.mutate.done 50
 generation 39.91.88.88.88.88.88.88.88.88.88.68.50.41.88.45.16.83.45.1.88.1.88.51.1.88.75.52.85.51.1.36.51.52.88.68.88.51.51.51.1.88.7.88.60.51.83.88.51.51.1.xover.mutate.done 50
 generation 40.85.85.85.85.85.85.85.85.85.85.59.51.60.51.85.84.85.10.10.51.85.53.51.51.76.85.50.68.85.51.84.85.85.50.48.57.29.85.36.51.85.37.84.85.76.51.51.51.85.11.xover.mutate.done 50
 generation 41.89.89.89.89.89.89.89.89.89.89.89.85.85.54.53.53.89.7.89.77.89.53.30.53.80.34.89.77.41.86.51.4.89.53.89.17.51.89.58.80.78.11.8.79.62.53.53.18.53.57.xover.mutate.done 50
 generation 42.95.93.93.93.93.93.93.93.93.93.93.44.93.60.22.52.79.21.52.60.93.93.91.2.93.52.93.78.81.2.88.87.92.60.93.52.60.52.52.93.59.5.87.93.88.52.2.52.82.63.xover.mutate.done 50
 generation 43.85.83.83.83.83.83.83.83.83.83.49.58.50.56.83.58.82.50.50.83.0.37.83.83.78.56.83.83.78.78.0.83.60.12.83.83.83.9.49.50.58.56.49.7.60.50.11.82.72.37.xover.mutate.done 50
 generation 44.85.85.85.85.85.85.85.85.85.85.85.85.80.50.40.78.55.8.56.81.78.80.56.14.40.50.6.85.50.7.50.85.85.85.85.50.85.1.85.50.85.50.57.78.39.56.16.85.50.51.xover.mutate.done 50
 generation 45.85.83.83.83.83.83.83.83.83.83.67.83.52.90.83.10.66.58.3.83.36.38.83.52.61.51.50.71.83.52.67.41.3.58.83.83.52.38.57.83.51.83.78.83.52.83.83.71.58.52.xover.mutate.done 50
 generation 46.86.83.83.83.83.83.83.83.83.83.83.51.83.58.39.51.5.51.51.33.51.51.51.22.1.83.5.83.83.54.47.51.51.33.21.83.39.83.73.51.58.39.77.1.50.33.51.21.83.55.xover.mutate.done 50
 generation 47.84.83.83.83.83.83.83.83.83.83.0.50.54.50.34.33.50.50.50.53.50.74.50.50.83.50.50.4.34.74.61.57.54.0.50.50.0.29.80.78.81.47.0.33.0.52.32.0.0.16.xover.mutate.done 50
 generation 48.77.79.77.77.77.77.77.77.77.77.70.57.73.77.50.50.29.50.50.61.57.50.50.30.29.70.26.34.77.12.50.50.62.63.74.77.50.46.33.50.52.77.50.63.50.50.27.51.2.74.xover.mutate.done 50
 generation 49.83.83.83.83.83.83.83.83.83.83.83.30.50.79.79.50.83.42.28.50.50.1.1.50.51.50.50.54.50.68.9.83.1.36.80.50.14.1.51.50.50.8.79.28.1.46.50.4.79.50.xover.mutate.done 50
 23771024 iters     874149 iter/sec (27.19 s)
 total time: 27.19
