52 50 50 50 50 50 50 50 50 50 50 50 16 14 9 5 2 2 2 2 2 2 2 2 2 2 2 2 2 2 2 2 2 2 2 2 2 2 0 0 0 0 0 0 0 0 0 0 0 0 
52 52 50 50 50 50 50 50 50 50 50 50 50 50 50 50 50 50 50 29 21 14 11 8 7 6 6 6 5 5 2 2 2 2 2 2 2 2 2 2 2 2 2 2 2 0 0 0 0 0 
52 52 52 50 50 50 50 50 50 50 50 50 50 50 50 50 50 50 50 50 50 50 50 50 50 49 32 29 21 21 18 14 13 11 10 9 5 4 2 2 2 2 2 2 0 0 0 0 0 0 
50 50 50 50 50 50 50 50 50 50 50 50 50 50 50 50 50 50 50 50 50 50 50 50 50 50 50 50 50 50 50 44 38 30 24 24 16 15 12 12 4 0 0 0 0 0 0 0 0 0 
50 50 50 50 50 50 50 50 50 50 50 50 50 50 50 50 50 50 50 50 50 50 50 50 50 50 50 50 50 50 50 50 17 14 11 9 1 1 1 0 0 0 0 0 0 0 0 0 0 0 
52 52 52 52 52 52 50 50 50 50 50 50 50 50 50 50 50 50 50 50 50 50 50 50 50 50 50 50 50 50 50 9 7 2 2 2 2 2 2 2 2 2 2 2 2 0 0 0 0 0 
65 55 53 53 51 51 51 51 51 51 51 51 51 50 50 50 50 50 50 50 50 50 50 50 50 50 50 50 50 16 11 6 1 1 1 1 1 1 1 1 1 1 1 1 1 1 1 1 0 0 
64 64 62 62 53 51 51 51 51 51 51 51 51 51 51 51 51 50 50 50 50 50 50 50 50 50 50 50 50 50 31 18 12 1 1 1 1 1 1 1 1 1 1 1 1 1 1 1 1 0 
64 64 63 63 63 63 63 63 59 53 50 50 50 50 50 50 50 50 50 50 50 50 50 50 50 50 50 50 50 50 50 50 50 49 34 32 31 12 11 8 8 8 0 0 0 0 0 0 0 0 
61 60 60 60 59 59 59 59 59 59 59 59 59 58 58 56 52 52 52 52 52 52 52 52 52 52 52 52 52 52 51 51 51 51 51 51 48 43 43 43 40 37 32 32 21 16 16 13 3 2 
62 62 62 62 62 59 59 53 53 53 53 53 53 53 53 53 53 53 52 52 52 52 52 52 52 52 52 52 52 52 52 52 52 50 50 46 42 42 42 42 38 38 32 20 19 14 11 8 2 2 
63 63 60 60 60 60 60 60 59 59 59 59 57 55 55 55 55 51 51 51 51 51 50 50 50 50 50 50 50 50 50 50 47 46 43 43 43 38 29 19 18 16 14 8 8 8 1 1 1 1 
67 61 61 61 61 61 61 58 58 58 53 53 53 53 53 53 53 53 51 51 51 51 51 51 51 50 48 48 46 45 43 41 40 39 35 34 31 30 30 30 14 13 13 10 4 2 2 2 2 2 
80 71 71 68 62 61 61 61 61 61 61 61 61 61 59 59 59 59 59 57 57 56 56 56 52 50 50 50 50 50 49 48 47 47 47 46 25 15 13 12 11 11 11 11 10 9 9 0 0 0 
82 77 76 75 75 75 73 64 64 62 61 61 61 61 61 61 61 61 61 61 61 61 61 61 61 61 59 58 58 55 50 50 50 50 50 50 49 49 47 47 47 47 40 38 35 15 11 8 8 0 
82 76 73 73 71 67 66 66 66 66 66 66 66 66 66 61 56 56 56 56 56 56 56 56 56 55 55 55 55 55 55 53 50 50 50 50 43 43 41 37 33 30 24 9 6 6 6 5 3 0 
82 82 81 75 75 67 66 66 66 66 66 66 66 65 65 65 65 65 64 61 61 61 60 54 53 53 52 52 51 51 51 50 50 40 31 30 23 16 16 3 3 3 3 3 2 2 2 1 1 1 
84 84 82 81 81 81 81 70 70 70 69 69 69 69 69 69 69 69 69 69 68 67 67 67 67 62 57 57 57 55 53 51 51 50 49 34 31 27 27 22 21 20 20 20 16 15 9 3 2 2 
82 82 82 82 82 82 81 81 81 81 80 80 80 79 73 73 73 73 73 73 73 73 73 73 73 73 71 71 67 61 61 61 58 58 55 55 54 52 52 52 52 50 36 36 30 23 17 17 12 12 
83 83 83 83 83 83 83 81 79 79 79 79 79 79 79 79 72 68 68 67 67 67 67 67 67 67 64 63 56 55 54 54 52 50 50 49 49 49 47 45 39 39 39 26 26 17 15 13 5 3 
84 84 84 84 84 84 84 83 83 83 83 83 83 83 83 82 72 71 71 69 68 68 67 64 58 58 55 55 50 50 50 50 50 50 50 48 46 44 42 41 36 35 17 16 10 10 6 0 0 0 
85 85 85 85 85 84 84 84 84 82 82 82 82 82 68 65 65 60 59 59 58 55 54 52 50 50 50 50 50 50 50 48 46 43 40 39 31 23 20 17 16 12 10 8 1 1 1 0 0 0 
81 80 77 77 77 77 77 77 77 77 77 77 77 77 77 77 77 77 75 69 69 66 63 58 58 55 53 51 51 51 51 51 51 51 50 50 50 50 50 44 42 42 41 32 26 11 8 5 3 1 
84 84 84 84 84 84 84 84 84 84 84 84 84 84 84 84 82 82 82 82 80 79 76 76 76 76 76 76 62 60 56 52 51 50 50 50 50 50 50 50 50 47 46 37 37 26 0 0 0 0 
80 80 80 80 80 80 80 80 80 80 80 80 79 79 79 79 79 79 79 79 76 74 65 65 60 57 51 50 50 50 50 50 50 50 50 50 50 46 46 46 44 41 38 36 36 36 21 8 6 1 
83 83 83 83 83 83 83 83 83 83 83 83 83 83 83 83 83 83 83 83 83 83 83 78 78 76 76 73 51 51 51 51 51 51 50 50 50 50 50 46 45 41 36 33 33 33 33 18 6 0 
83 83 83 83 83 83 83 83 83 83 83 83 83 83 83 83 83 83 83 83 83 83 81 79 65 65 52 52 52 52 52 52 52 52 52 52 52 52 37 35 35 35 35 31 16 14 7 4 4 4 
80 80 80 80 80 80 80 80 80 80 80 80 80 80 80 80 80 80 80 80 80 80 80 80 80 80 80 75 75 74 74 74 68 55 50 50 50 50 50 50 50 50 50 34 23 15 4 2 0 0 
81 81 81 81 81 81 81 81 81 81 81 81 81 81 81 81 81 80 78 75 71 71 71 61 51 51 51 51 51 51 51 51 51 50 50 50 50 50 47 39 39 31 31 31 31 31 30 9 1 1 
75 75 75 75 75 75 75 75 75 75 75 75 75 75 75 75 75 75 75 75 75 74 73 73 71 63 51 51 51 51 51 51 51 51 51 51 49 42 38 38 35 27 26 26 26 26 26 18 5 5 
85 85 85 85 85 85 85 85 85 85 85 85 85 85 85 85 85 85 85 85 85 85 85 85 84 84 81 65 51 51 51 51 50 50 50 50 50 49 39 38 37 36 35 35 35 18 15 2 1 1 
83 83 83 83 83 83 83 83 83 83 83 83 83 83 83 83 83 83 83 83 83 83 83 83 83 82 62 57 53 53 53 53 53 53 53 53 53 51 50 50 41 41 38 34 34 23 4 4 4 4 
78 78 78 78 78 78 78 78 78 78 78 78 78 78 78 78 78 78 78 78 78 78 78 78 78 74 61 55 50 50 50 50 50 50 50 50 50 50 50 50 41 29 29 29 25 6 6 2 1 1 
79 79 79 79 79 79 79 79 79 79 79 79 79 79 79 79 79 79 79 79 79 79 79 79 78 72 70 51 51 51 51 51 51 51 50 40 38 38 35 31 30 30 30 27 24 7 7 2 2 2 
83 81 81 81 81 81 81 81 81 81 81 81 81 81 81 81 81 81 81 81 81 81 81 70 62 51 51 51 51 51 51 51 51 51 51 51 51 51 51 51 51 41 39 37 32 31 2 2 2 2 
72 72 71 71 71 71 71 71 71 71 71 71 71 71 71 71 71 71 71 71 71 71 71 70 59 58 58 58 51 51 51 51 51 51 51 51 50 50 50 28 21 9 8 1 1 1 1 1 1 0 
81 81 81 81 81 81 81 81 81 81 81 81 81 81 81 81 81 81 81 81 81 81 81 81 81 80 65 53 53 53 50 50 50 50 50 50 50 50 50 50 43 38 38 25 18 3 3 3 3 0 
83 83 83 83 83 83 83 83 83 83 83 83 83 83 83 83 83 83 83 83 83 83 83 83 83 83 53 53 53 53 53 53 53 53 50 50 50 50 50 50 37 35 35 12 5 3 3 3 3 3 
75 75 74 74 74 74 74 74 74 74 74 74 74 74 74 74 74 74 72 72 65 65 62 56 52 52 52 51 51 51 51 51 51 51 51 50 50 50 42 39 36 36 36 28 4 3 3 3 3 3 
76 76 73 73 73 73 73 73 73 73 73 73 73 73 73 73 73 73 73 73 73 73 73 73 69 69 69 60 59 58 53 51 51 51 51 51 51 51 51 50 50 35 31 29 29 28 28 10 4 2 
78 78 78 77 77 77 77 77 77 77 77 77 77 77 77 77 77 77 77 77 77 77 77 77 77 77 76 75 73 73 66 60 60 59 51 50 50 50 50 50 50 50 45 41 41 40 40 35 29 0 
81 81 81 80 80 80 80 80 80 80 80 80 80 80 80 80 80 80 80 80 72 72 70 65 62 62 59 59 57 52 52 52 52 50 50 50 50 50 50 50 45 44 34 32 32 25 16 2 2 0 
88 88 88 88 86 86 86 86 86 86 86 86 86 86 86 86 86 86 86 84 81 81 65 65 65 63 62 57 52 52 52 52 52 52 52 52 52 52 52 52 43 38 38 37 13 4 4 4 4 2 
80 80 80 80 80 80 80 79 79 79 79 79 79 79 79 79 79 79 79 79 79 79 65 65 59 59 59 53 53 52 52 52 52 52 52 43 39 39 38 37 35 35 35 32 30 22 7 5 5 5 
88 88 88 88 88 88 88 88 88 88 88 88 88 86 86 86 86 86 86 86 86 85 85 85 85 77 72 62 62 62 62 62 55 51 51 51 51 50 50 44 41 40 39 25 12 12 5 5 1 1 
86 86 86 86 86 86 86 86 86 86 86 86 86 86 86 86 86 86 86 85 85 85 85 81 73 73 62 62 61 61 60 60 55 55 52 52 52 52 51 51 50 50 43 43 43 42 41 36 36 10 
70 70 70 70 70 70 70 70 70 70 70 70 70 70 70 70 70 70 70 70 70 70 70 70 70 59 59 59 59 59 57 54 52 52 52 50 50 50 50 50 37 27 26 23 14 9 9 8 2 2 
82 82 82 82 82 82 82 82 82 82 82 82 82 82 82 82 82 82 80 79 70 58 58 57 57 57 57 50 50 50 50 50 50 50 48 48 48 47 46 40 33 29 20 19 19 17 8 7 0 0 
84 83 83 83 83 83 83 83 83 83 83 83 83 83 83 83 83 83 83 83 83 82 81 79 67 60 57 56 56 54 54 52 52 52 52 52 51 50 49 49 37 37 33 10 10 10 10 10 4 2 
81 81 81 81 81 81 81 81 81 81 81 81 81 81 81 81 81 81 81 81 79 72 64 64 59 57 57 57 52 51 50 50 50 50 50 50 47 42 41 40 39 32 31 31 31 25 24 24 10 2 
