% Invoked: ./gella -d -r 2 -l biased_r2/run02 >& biased_r2/run02.log
% Ministry of Cellular Automata
% Project Deux (CS523 Spring 2015)
% Version:v0.1-70-g0624-dirty
%  pop:50
%  ic count:100
%  CA Log option:biased_r2/run02
%  width:121
%  max workers:4
%  radius:2
%  iterations:300
%  use bias:true
%  generations:50

 generation 0.2.50.2.2.2.2.2.2.2.2.2.4.4.2.2.38.4.4.2.4.50.2.50.50.4.2.2.2.50.4.2.50.2.2.4.4.4.2.4.2.50.50.50.18.4.2.4.2.4.4.xover.mutate.done 50
 generation 1.50.50.50.50.50.50.50.50.50.42.1.0.50.1.50.30.1.50.1.1.1.5.0.16.1.50.1.1.1.42.50.1.1.16.0.1.50.50.17.38.5.23.1.0.16.1.13.51.1.50.xover.mutate.done 50
 generation 2.50.50.50.50.50.50.50.50.50.50.0.0.50.50.0.0.0.50.0.28.25.50.50.4.17.50.13.0.50.50.2.0.0.0.50.0.29.0.0.2.0.50.50.13.0.50.0.34.50.21.xover.mutate.done 50
 generation 3.50.50.50.50.50.50.50.50.50.50.8.50.0.0.0.0.0.21.0.50.0.0.39.50.50.50.0.0.50.50.11.45.50.20.0.32.0.0.12.12.50.50.50.0.50.50.13.0.12.50.xover.mutate.done 50
 generation 4.51.50.50.50.50.50.50.50.50.50.50.10.1.1.2.51.51.2.22.1.50.1.2.51.1.50.51.50.2.2.19.50.50.51.2.40.8.51.2.40.36.51.51.2.1.50.50.24.1.32.xover.mutate.done 50
 generation 5.51.51.51.51.51.51.51.51.51.50.29.51.51.50.1.28.1.5.2.51.1.2.1.1.1.2.20.1.51.2.4.2.2.2.1.50.50.1.10.2.2.50.23.1.50.2.1.1.6.33.xover.mutate.done 50
 generation 6.51.51.50.50.51.51.50.50.51.50.0.1.1.1.0.1.0.1.50.1.1.51.1.1.1.1.1.1.2.50.1.17.1.1.1.1.1.1.0.50.51.13.1.1.1.50.0.51.1.8.xover.mutate.done 50
 generation 7.51.51.51.51.51.51.51.51.50.50.1.1.1.1.1.1.26.1.1.50.1.0.1.1.1.50.0.51.1.1.1.1.0.50.50.51.1.1.1.50.8.1.51.1.1.1.1.50.50.1.xover.mutate.done 50
 generation 8.51.51.51.51.51.51.51.51.51.51.2.51.51.1.2.2.1.2.1.38.2.2.51.50.1.51.51.51.1.3.3.50.1.51.1.2.1.1.1.12.2.12.51.2.2.51.2.2.51.51.xover.mutate.done 50
 generation 9.53.53.53.53.53.53.53.53.53.53.3.53.53.53.10.53.20.3.53.3.3.53.53.54.50.50.3.53.53.53.3.3.3.3.3.53.53.3.12.10.3.3.53.3.16.53.3.53.50.53.xover.mutate.done 50
 generation 10.46.51.51.51.51.51.51.51.51.51.2.50.2.9.2.51.51.50.2.2.1.51.1.2.51.51.51.1.50.2.51.51.51.51.51.51.50.51.51.1.51.51.2.44.51.51.2.21.2.51.xover.mutate.done 50
 generation 11.50.50.50.50.50.50.50.50.50.50.0.50.50.50.50.0.0.50.50.50.0.46.50.0.50.50.0.50.50.50.50.50.26.50.50.50.0.0.50.50.50.50.50.50.50.50.50.0.0.50.xover.mutate.done 50
 generation 12.50.50.50.50.50.50.50.50.50.50.50.50.50.1.50.50.50.50.50.1.1.50.0.50.50.50.50.50.50.50.50.50.50.50.50.5.50.50.50.50.50.47.50.1.0.50.0.50.50.50.xover.mutate.done 50
 generation 13.51.51.51.51.51.51.51.51.51.51.51.51.51.51.8.51.1.51.51.51.57.51.1.51.51.51.32.16.1.51.1.51.51.1.9.51.51.1.1.51.11.51.51.51.1.1.51.51.51.51.xover.mutate.done 50
 generation 14.56.51.51.51.51.51.51.51.51.51.51.51.51.2.51.51.2.26.13.2.1.51.2.51.2.22.51.51.51.51.50.31.51.51.51.23.56.51.51.51.51.23.51.51.51.2.50.2.51.51.xover.mutate.done 50
 generation 15.54.54.50.50.50.50.50.50.50.50.50.50.50.0.0.0.50.0.0.14.50.50.50.50.50.50.30.50.4.50.50.50.50.50.50.50.0.5.18.50.50.50.50.0.54.50.50.50.50.0.xover.mutate.done 50
 generation 16.56.56.56.51.51.51.51.51.51.51.5.51.50.51.50.51.50.50.51.51.51.51.51.6.20.51.51.51.51.51.51.51.51.51.51.51.51.51.1.51.51.51.51.56.51.1.51.1.51.51.xover.mutate.done 50
 generation 17.54.54.54.54.51.51.51.51.51.51.50.35.54.51.51.51.2.50.51.51.51.51.2.51.51.51.31.51.50.51.51.30.54.11.51.50.54.5.51.51.51.51.2.51.51.51.5.2.2.51.xover.mutate.done 50
 generation 18.54.54.54.54.54.54.54.50.50.50.50.1.48.50.12.1.5.50.50.50.50.50.50.50.50.50.48.54.50.5.50.50.50.0.50.0.50.50.0.50.0.1.30.50.5.50.54.5.54.50.xover.mutate.done 50
 generation 19.54.54.54.54.54.54.54.54.54.54.50.50.38.1.50.1.1.31.52.54.7.54.54.54.52.35.50.50.54.50.54.5.50.5.50.54.50.54.50.1.50.50.52.50.50.54.50.54.54.50.xover.mutate.done 50
 generation 20.51.51.51.51.51.51.51.51.51.51.50.39.1.0.51.25.50.51.51.50.27.6.52.50.50.0.0.1.51.0.0.1.51.0.1.38.52.37.51.51.51.1.1.51.50.51.53.1.51.2.xover.mutate.done 50
 generation 21.43.53.53.52.52.52.52.52.52.52.50.50.50.50.26.52.37.0.2.28.2.52.52.52.52.43.52.52.52.50.0.4.50.37.52.9.52.2.40.40.50.50.25.52.50.2.40.50.52.52.xover.mutate.done 50
 generation 22.53.53.53.53.53.53.53.53.53.53.47.53.50.5.50.5.50.3.53.52.53.53.0.5.52.50.26.53.53.5.6.5.18.53.50.53.53.2.53.50.39.10.5.3.50.50.55.2.50.50.xover.mutate.done 50
 generation 23.57.55.55.55.55.55.55.55.55.55.58.53.36.57.6.1.36.50.55.17.17.55.53.46.9.51.53.6.21.53.55.55.53.6.23.53.55.53.57.55.48.46.53.55.8.57.21.53.55.53.xover.mutate.done 50
 generation 24.62.62.62.59.59.60.60.57.57.57.52.57.36.2.52.60.52.52.50.2.52.50.59.62.21.59.67.52.62.57.62.57.62.60.57.67.57.2.60.52.57.52.57.67.57.7.74.57.59.62.xover.mutate.done 50
 generation 25.67.66.66.66.61.61.61.61.61.61.50.61.66.50.50.60.51.58.59.1.60.57.51.60.10.66.51.10.60.60.11.60.61.51.61.51.51.60.51.66.66.51.51.66.61.66.62.60.73.58.xover.mutate.done 50
 generation 26.73.71.64.64.64.64.64.64.64.64.9.12.57.57.58.57.50.58.25.51.57.71.58.51.60.50.57.3.7.64.13.51.57.23.60.51.12.57.57.73.57.58.60.85.13.60.58.64.64.64.xover.mutate.done 50
 generation 27.84.64.63.64.64.59.59.59.59.59.12.2.59.14.54.56.63.15.4.6.59.54.84.14.63.52.50.59.50.50.2.54.50.4.12.59.8.52.52.64.50.16.2.0.56.55.54.84.13.52.xover.mutate.done 50
 generation 28.76.76.76.66.64.64.66.66.63.66.58.61.61.11.55.50.50.45.57.50.50.76.16.66.57.24.18.26.10.7.13.62.58.57.57.50.76.50.17.15.55.57.28.57.2.9.7.76.2.66.xover.mutate.done 50
 generation 29.81.81.81.81.81.81.66.66.66.66.5.52.52.55.13.51.81.13.25.81.50.21.50.25.50.28.1.56.8.47.57.50.51.59.45.51.56.56.51.50.51.48.81.9.66.59.14.81.52.58.xover.mutate.done 50
 generation 30.81.81.81.81.81.81.81.81.81.81.44.51.68.58.51.13.59.58.0.26.50.1.61.15.51.51.50.1.50.52.81.20.8.51.48.51.25.18.50.50.1.18.51.59.41.18.51.81.57.58.xover.mutate.done 50
 generation 31.77.77.77.77.77.77.77.77.77.77.52.4.4.52.50.52.76.52.36.16.62.52.52.50.52.59.72.60.10.59.36.11.41.52.14.52.10.31.27.52.4.52.72.73.62.19.62.52.72.7.xover.mutate.done 50
 generation 32.78.78.78.78.78.78.78.78.78.78.3.13.51.2.50.72.3.14.73.66.37.80.3.52.14.8.51.51.78.52.52.31.52.59.78.59.52.51.3.56.27.51.8.50.51.52.8.3.52.3.xover.mutate.done 50
 generation 33.81.79.79.79.79.79.79.79.79.79.18.6.5.1.75.50.45.3.30.24.52.51.79.62.17.79.52.51.65.41.66.76.60.65.16.3.51.52.51.4.8.63.3.25.75.51.73.36.5.51.xover.mutate.done 50
 generation 34.79.80.80.80.80.80.80.80.80.80.52.7.21.58.52.80.80.50.2.73.0.62.60.50.50.76.52.39.50.38.38.50.42.74.60.74.50.50.2.50.52.50.38.2.50.50.74.54.52.65.xover.mutate.done 50
 generation 35.83.83.83.83.83.83.83.83.83.83.50.64.83.2.2.51.2.51.51.51.83.51.51.51.22.81.51.59.51.73.58.82.64.22.36.71.51.51.51.20.26.36.81.2.51.2.51.83.51.41.xover.mutate.done 50
 generation 36.82.82.82.82.82.82.82.82.82.82.72.82.50.50.50.50.50.82.52.50.68.37.52.50.2.50.50.2.82.50.82.52.50.38.50.52.52.2.50.72.82.50.57.82.5.50.50.52.52.50.xover.mutate.done 50
 generation 37.80.80.80.80.80.80.80.80.80.80.2.50.80.2.75.58.80.2.2.56.80.52.50.51.43.75.50.2.52.71.4.80.80.80.67.0.37.52.50.50.38.2.68.38.50.52.50.52.2.2.xover.mutate.done 50
 generation 38.89.89.89.89.89.89.89.89.89.89.51.34.51.11.84.51.5.63.89.5.89.68.67.89.88.4.89.89.51.67.51.51.12.51.89.89.5.51.5.54.12.54.54.5.51.51.61.61.54.67.xover.mutate.done 50
 generation 39.82.82.82.82.82.82.82.82.82.82.82.51.2.11.81.81.82.51.76.51.69.39.51.82.83.2.2.39.82.69.82.82.1.51.51.51.2.45.82.69.51.60.11.51.82.2.69.51.82.60.xover.mutate.done 50
 generation 40.78.76.76.76.76.76.76.76.76.76.12.76.76.1.50.51.1.50.51.44.76.4.21.50.76.0.51.50.72.76.50.51.51.30.60.12.50.18.50.50.12.1.71.60.71.50.76.38.50.54.xover.mutate.done 50
 generation 41.78.77.77.77.77.77.77.77.77.77.9.50.71.51.52.67.45.50.51.33.1.66.77.52.77.74.0.77.60.51.51.50.77.25.74.50.51.50.74.51.1.1.51.25.50.41.51.51.67.30.xover.mutate.done 50
 generation 42.78.76.76.76.76.76.76.76.76.76.50.53.70.70.32.72.53.3.23.53.53.53.50.50.70.53.55.3.3.60.14.12.53.3.55.53.76.3.53.76.74.76.8.76.50.53.3.3.53.3.xover.mutate.done 50
 generation 43.80.77.77.77.77.77.77.77.77.77.48.71.51.19.51.51.6.31.51.77.51.55.51.74.24.51.51.2.77.72.1.37.48.26.55.56.6.77.51.51.51.42.56.41.51.51.71.2.77.6.xover.mutate.done 50
 generation 44.76.74.74.74.74.74.74.74.74.74.50.74.50.53.50.50.50.50.50.19.55.50.50.53.44.43.50.0.79.50.74.50.47.50.74.74.74.50.79.50.24.74.30.74.50.0.50.5.74.50.xover.mutate.done 50
 generation 45.85.85.81.83.83.83.83.83.83.83.50.52.3.3.51.51.57.3.36.51.76.86.62.2.51.57.61.3.51.50.29.83.51.51.51.74.51.51.86.33.51.18.29.51.67.51.51.39.52.61.xover.mutate.done 50
 generation 46.80.80.78.78.76.76.76.76.76.76.52.76.52.52.36.33.51.72.52.78.3.8.52.52.52.36.36.58.74.3.10.3.52.23.33.9.52.36.38.2.51.52.50.58.50.52.52.52.52.76.xover.mutate.done 50
 generation 47.91.91.90.90.90.86.86.86.86.86.0.90.0.41.0.80.50.50.40.40.86.46.86.0.44.90.50.50.33.44.50.50.90.80.90.39.77.11.50.26.50.7.50.50.91.70.0.16.50.0.xover.mutate.done 50
 generation 48.86.86.86.86.86.86.86.86.86.86.29.51.76.53.79.55.55.86.53.51.49.44.82.86.86.79.77.50.79.86.51.86.42.15.27.18.53.86.4.53.55.55.65.55.86.51.82.60.86.53.xover.mutate.done 50
 generation 49.81.81.81.81.81.81.81.81.81.81.81.50.38.81.76.66.52.69.78.76.81.54.35.73.22.50.50.2.2.74.54.81.52.66.57.57.7.28.70.81.81.81.46.66.76.81.81.81.0.7.xover.mutate.done 50
 24804726 iters     845202 iter/sec (29.35 s)
 total time: 29.35
