% Invoked: ./gella -d -r 2 -l biased_r2/run03 >& biased_r2/run03.log
% Ministry of Cellular Automata
% Project Deux (CS523 Spring 2015)
% Version:v0.1-70-g0624-dirty
%  pop:50
%  ic count:100
%  CA Log option:biased_r2/run03
%  width:121
%  max workers:4
%  radius:2
%  iterations:300
%  use bias:true
%  generations:50

 generation 0.1.1.1.50.50.1.50.28.2.1.1.1.1.1.50.10.1.2.2.2.50.1.50.1.1.33.2.1.50.50.1.1.1.10.1.1.1.1.50.1.1.2.2.1.50.2.51.2.1.1.xover.mutate.done 50
 generation 1.52.50.50.50.50.50.50.50.50.50.2.52.52.50.50.12.50.50.2.0.2.2.2.2.15.2.0.0.2.2.2.0.2.14.2.0.0.49.5.50.30.50.2.2.52.2.2.50.50.0.xover.mutate.done 50
 generation 2.51.51.51.51.50.50.50.50.50.50.6.51.2.1.51.50.1.1.2.1.50.6.1.51.2.1.2.2.2.2.50.51.7.50.27.1.51.2.9.14.1.51.50.1.50.50.14.2.9.2.xover.mutate.done 50
 generation 3.51.51.51.51.50.51.51.51.51.50.1.9.45.1.1.51.6.50.50.50.1.51.1.1.1.0.50.1.1.51.50.1.51.1.1.51.1.1.6.51.1.1.1.0.11.0.0.1.13.50.xover.mutate.done 50
 generation 4.51.51.51.51.51.51.51.51.51.51.51.2.51.51.51.51.1.2.1.2.2.1.11.33.9.2.2.9.1.1.51.51.2.51.51.2.2.2.2.51.51.51.1.51.51.51.43.5.51.23.xover.mutate.done 50
 generation 5.51.51.51.51.51.51.51.51.51.51.15.1.51.11.51.51.51.1.51.50.51.51.1.23.51.51.51.1.25.8.1.0.1.51.51.59.51.51.1.1.51.29.51.50.1.51.51.51.1.51.xover.mutate.done 50
 generation 6.60.50.50.50.50.50.50.50.50.50.50.50.0.1.50.0.50.50.10.12.50.50.50.50.10.50.0.50.50.50.50.50.0.0.50.50.50.50.50.50.50.50.50.50.50.19.50.11.50.50.xover.mutate.done 50
 generation 7.59.50.50.50.50.50.50.50.50.50.50.50.50.0.0.50.50.50.0.50.50.50.50.0.50.0.50.50.50.0.50.50.50.0.50.50.0.0.50.0.50.50.50.50.50.0.0.0.9.50.xover.mutate.done 50
 generation 8.58.50.50.50.50.50.50.50.50.50.50.5.50.50.50.50.50.50.50.50.1.50.50.50.50.50.50.50.29.50.50.50.1.50.50.50.50.1.50.50.50.1.50.50.50.50.50.1.50.50.xover.mutate.done 50
 generation 9.60.51.51.51.51.51.51.51.51.51.51.1.11.1.51.51.1.51.1.51.51.51.51.51.1.51.10.51.51.51.51.51.51.51.13.51.51.51.51.1.51.51.51.51.51.51.51.51.51.51.xover.mutate.done 50
 generation 10.61.50.50.50.50.50.50.50.50.50.50.50.0.50.50.50.50.0.50.50.50.50.50.50.50.50.50.50.50.50.50.50.50.0.50.50.50.50.20.50.50.50.50.50.50.50.50.0.50.0.xover.mutate.done 50
 generation 11.59.50.50.50.50.50.50.50.50.50.50.0.50.50.50.50.50.50.13.0.50.50.0.0.50.0.50.50.50.50.50.50.50.50.0.0.50.0.50.50.30.50.50.50.0.50.0.50.39.9.xover.mutate.done 50
 generation 12.60.50.50.50.50.50.50.50.50.50.50.33.0.50.50.50.50.50.50.50.0.0.37.50.50.12.50.0.50.0.50.0.50.50.10.50.0.0.50.0.50.50.0.50.0.0.50.50.50.50.xover.mutate.done 50
 generation 13.57.50.50.50.50.50.50.50.50.50.2.9.2.50.50.50.50.2.17.50.50.50.0.50.2.2.9.2.50.50.50.50.2.50.50.2.11.16.50.2.50.0.50.2.12.50.50.0.50.50.xover.mutate.done 50
 generation 14.61.50.50.50.50.50.50.50.50.50.0.0.0.50.23.50.50.0.50.50.50.0.11.50.50.50.0.50.50.50.25.50.19.50.50.50.50.50.50.50.50.50.50.0.0.50.50.50.50.50.xover.mutate.done 50
 generation 15.56.51.51.51.51.51.51.51.51.51.35.51.51.51.50.51.51.51.51.2.50.51.51.2.8.51.51.8.51.51.36.8.51.51.51.51.51.51.51.51.51.51.51.34.2.51.51.1.51.51.xover.mutate.done 50
 generation 16.56.50.50.50.50.50.50.50.50.50.2.50.50.50.50.26.50.50.50.2.2.50.50.50.50.50.0.50.0.50.52.50.0.2.50.50.50.50.2.2.2.50.50.2.50.50.50.2.2.0.xover.mutate.done 50
 generation 17.60.53.51.51.51.51.51.51.51.51.4.4.17.51.50.50.1.3.51.51.51.51.51.51.4.51.51.4.51.51.4.51.12.4.51.4.51.4.51.3.51.4.13.51.19.51.51.51.51.4.xover.mutate.done 50
 generation 18.63.50.51.51.51.51.51.51.51.51.12.50.1.0.51.1.51.8.51.51.51.50.51.51.51.1.1.1.51.51.51.9.1.51.51.1.51.8.6.51.51.51.51.51.51.50.51.9.51.51.xover.mutate.done 50
 generation 19.55.51.51.51.51.51.51.51.51.51.51.51.51.51.3.51.51.51.51.3.51.51.3.51.3.51.51.3.24.3.51.29.3.51.51.51.12.51.51.42.51.3.3.51.51.51.51.8.3.20.xover.mutate.done 50
 generation 20.59.51.51.51.51.51.51.51.51.51.2.51.51.50.2.51.51.50.51.1.10.50.51.51.10.51.2.51.51.51.12.51.2.50.51.2.51.10.51.51.51.2.2.51.51.51.2.2.51.51.xover.mutate.done 50
 generation 21.57.50.50.50.50.50.50.50.50.50.50.50.50.50.0.50.50.50.50.50.1.50.50.1.21.50.50.50.50.17.1.0.50.50.50.50.50.8.50.50.50.17.50.50.50.50.50.1.50.1.xover.mutate.done 50
 generation 22.58.51.51.51.51.51.51.51.51.51.50.51.51.50.51.51.50.51.7.2.51.6.51.2.2.51.51.51.51.51.51.51.50.50.2.51.51.6.51.51.51.2.2.51.51.51.51.51.51.1.xover.mutate.done 50
 generation 23.58.51.51.51.51.51.51.51.51.51.51.51.51.2.51.51.2.18.22.2.2.51.51.2.51.51.2.51.51.2.9.51.51.51.50.51.51.2.51.51.19.51.51.51.2.51.2.51.2.51.xover.mutate.done 50
 generation 24.61.50.50.50.50.50.50.50.50.50.50.1.50.1.50.50.50.50.50.50.50.50.50.50.50.50.50.1.1.1.50.50.50.50.1.50.50.50.1.1.50.50.50.21.19.50.50.1.50.50.xover.mutate.done 50
 generation 25.66.53.53.53.53.53.53.53.53.53.53.53.3.50.53.53.53.53.53.53.3.3.53.53.53.3.53.13.53.3.3.3.53.53.53.53.20.53.53.53.53.53.53.53.53.53.53.53.3.53.xover.mutate.done 50
 generation 26.58.52.52.52.52.52.52.52.52.52.52.2.52.2.11.2.2.52.2.52.2.52.52.52.14.52.52.52.52.52.52.2.8.2.52.50.52.52.52.52.52.52.52.52.52.52.2.52.15.2.xover.mutate.done 50
 generation 27.66.52.52.52.52.52.52.52.52.52.13.52.52.52.52.16.52.52.14.52.52.12.52.50.52.52.52.39.52.52.52.16.52.52.52.52.16.52.52.52.52.11.6.52.52.52.52.52.52.52.xover.mutate.done 50
 generation 28.57.51.51.51.51.51.51.51.51.51.51.51.51.51.51.51.51.51.3.10.3.51.51.51.51.51.19.51.51.50.52.51.51.51.2.51.51.10.3.51.51.51.34.51.51.51.3.51.51.3.xover.mutate.done 50
 generation 29.61.51.51.51.51.51.51.51.51.51.51.3.51.51.21.51.51.51.1.2.2.12.20.51.51.51.51.2.3.51.2.51.51.51.51.1.51.51.51.51.51.51.12.51.51.2.51.1.51.51.xover.mutate.done 50
 generation 30.60.52.50.50.50.50.50.50.50.50.2.50.2.50.50.2.50.50.2.13.50.50.50.50.2.14.50.0.50.2.50.50.24.50.50.50.2.2.50.50.50.50.50.50.50.50.2.50.2.50.xover.mutate.done 50
 generation 31.56.50.50.50.50.50.50.50.50.50.50.29.0.6.50.50.50.50.12.0.50.17.50.0.50.50.0.16.0.6.50.50.0.0.50.0.50.0.6.0.50.50.0.50.0.0.50.50.50.50.xover.mutate.done 50
 generation 32.64.53.52.52.52.52.52.52.52.52.5.5.52.52.52.5.52.52.3.12.52.5.5.5.3.5.52.52.5.52.52.52.5.52.5.52.52.52.52.5.5.52.52.5.52.5.3.52.52.52.xover.mutate.done 50
 generation 33.60.53.50.50.50.50.50.50.50.50.3.50.50.3.3.50.50.3.50.50.14.50.3.50.50.3.3.3.50.3.50.3.3.50.50.3.50.3.50.50.50.3.50.50.50.50.0.50.50.50.xover.mutate.done 50
 generation 34.57.51.51.51.51.51.51.51.51.51.51.51.2.2.51.51.51.51.51.15.51.51.51.51.51.51.51.2.51.2.2.51.2.51.51.51.2.2.2.2.51.51.51.51.51.2.14.9.51.53.xover.mutate.done 50
 generation 35.62.57.50.51.51.51.51.51.51.51.51.51.51.51.51.51.51.51.1.51.51.51.51.51.59.51.51.51.29.51.51.51.51.51.51.51.51.51.51.51.51.8.51.51.57.51.51.51.51.51.xover.mutate.done 50
 generation 36.63.60.58.58.53.53.53.53.53.53.53.53.60.53.53.53.12.53.60.3.53.16.53.53.53.53.58.53.53.53.17.53.3.17.53.3.3.43.13.53.53.53.24.13.53.3.58.13.53.53.xover.mutate.done 50
 generation 37.63.59.59.63.58.58.59.59.51.51.9.51.8.51.59.51.2.2.14.51.51.14.51.51.51.51.60.1.2.2.51.51.51.14.2.51.2.51.51.9.51.22.51.2.51.2.51.51.51.51.xover.mutate.done 50
 generation 38.58.57.57.57.57.57.57.57.57.57.51.57.51.51.42.51.57.57.9.3.51.3.15.51.51.57.57.3.51.57.51.51.3.1.51.57.51.9.7.51.3.3.11.3.57.51.51.57.51.3.xover.mutate.done 50
 generation 39.61.59.58.57.57.56.56.57.56.56.53.4.53.32.53.56.59.57.57.57.53.4.4.3.58.57.53.53.3.57.53.58.53.56.53.3.60.4.53.53.53.3.53.3.57.53.53.21.53.58.xover.mutate.done 50
 generation 40.57.57.57.57.56.56.56.56.55.55.52.52.56.52.14.57.55.52.54.55.4.54.56.5.55.55.54.57.55.52.52.52.2.52.52.52.57.52.55.7.7.7.54.55.52.55.55.57.6.56.xover.mutate.done 50
 generation 41.61.60.59.59.59.60.60.60.56.56.52.52.59.52.56.56.60.60.11.10.60.60.11.56.12.11.10.52.52.56.56.56.56.7.11.6.52.11.50.12.12.48.52.56.60.56.56.57.31.56.xover.mutate.done 50
 generation 42.55.55.55.55.55.54.55.55.55.59.50.50.7.54.54.54.54.36.50.36.50.7.55.54.54.54.54.50.54.19.50.54.35.54.7.1.54.63.50.82.50.58.54.54.59.50.7.54.55.7.xover.mutate.done 50
 generation 43.78.58.54.57.59.55.55.55.55.55.5.6.60.55.55.54.26.55.3.54.50.59.54.50.50.59.10.55.54.54.55.54.57.54.59.1.20.31.54.54.26.20.57.77.6.54.45.55.55.55.xover.mutate.done 50
 generation 44.80.81.65.65.65.63.63.70.65.63.25.10.55.10.63.50.25.50.10.12.5.10.54.65.10.41.50.81.25.57.84.63.10.55.10.55.63.50.65.36.79.50.57.33.50.85.57.57.16.59.xover.mutate.done 50
 generation 45.88.89.86.87.88.83.66.71.61.61.38.54.66.51.85.4.51.48.61.13.7.15.59.54.72.64.50.51.25.47.64.51.26.1.39.49.18.18.54.43.17.50.7.22.59.51.8.51.9.38.xover.mutate.done 50
 generation 46.87.88.83.85.83.79.77.66.71.64.57.18.4.34.65.49.65.81.88.72.54.59.51.51.54.56.64.19.51.84.59.56.51.65.1.51.66.56.16.71.90.28.83.83.54.63.57.53.55.77.xover.mutate.done 50
 generation 47.90.89.89.86.79.80.80.78.81.81.80.68.0.0.58.59.25.80.20.50.0.0.32.78.59.89.0.59.0.58.8.60.50.50.81.72.62.88.62.75.41.81.64.70.30.0.63.89.50.64.xover.mutate.done 50
 generation 48.83.81.81.81.81.82.81.79.79.78.55.55.33.72.43.55.41.43.46.78.50.55.5.54.5.50.34.64.56.78.62.76.33.33.0.16.56.5.54.62.5.74.79.50.54.78.44.13.75.78.xover.mutate.done 50
 generation 49.86.83.84.84.84.84.82.81.81.81.64.51.81.1.57.79.57.57.84.86.38.51.13.51.57.79.37.19.51.36.1.36.56.51.51.51.50.81.40.51.81.56.51.81.2.84.20.18.57.7.xover.mutate.done 50
 19907675 iters     894642 iter/sec (22.25 s)
 total time: 22.25
