% Invoked: ./gella -d -r 2 -l biased_r2/run04 >& biased_r2/run04.log
% Ministry of Cellular Automata
% Project Deux (CS523 Spring 2015)
% Version:v0.1-70-g0624-dirty
%  pop:50
%  ic count:100
%  CA Log option:biased_r2/run04
%  width:121
%  max workers:4
%  radius:2
%  iterations:300
%  use bias:true
%  generations:50

 generation 0.0.0.1.0.1.1.1.1.1.50.51.1.0.1.1.5.0.1.0.0.50.1.1.1.50.1.0.50.1.0.1.1.1.1.1.1.0.1.1.0.1.0.10.0.16.1.50.1.50.50.xover.mutate.done 50
 generation 1.50.50.50.50.50.50.50.50.12.13.0.0.50.7.2.2.2.2.2.0.33.2.0.2.50.0.0.50.0.13.50.50.50.2.50.2.2.8.0.0.2.0.12.43.0.50.2.9.0.50.xover.mutate.done 50
 generation 2.52.50.50.50.50.50.50.50.52.50.50.7.50.41.52.2.50.50.50.68.2.52.50.21.50.2.52.50.50.0.50.50.50.2.43.2.0.52.0.51.8.50.50.52.50.52.2.36.50.52.xover.mutate.done 50
 generation 3.68.52.52.52.52.52.52.52.52.52.2.8.2.0.13.50.37.50.50.52.50.52.50.50.50.52.50.50.50.50.50.50.52.52.52.50.52.0.52.0.50.52.52.52.0.52.50.2.50.50.xover.mutate.done 50
 generation 4.57.50.50.50.50.50.50.50.50.50.0.50.0.50.50.50.50.50.50.50.50.50.0.50.0.50.50.15.50.50.0.50.50.0.0.50.0.0.50.50.50.50.34.0.50.0.0.50.50.50.xover.mutate.done 50
 generation 5.63.51.51.51.51.51.51.51.51.51.56.51.51.51.51.51.51.2.51.13.1.2.2.50.2.51.51.1.1.1.50.51.51.51.51.51.51.51.40.2.50.51.2.50.51.51.2.51.51.50.xover.mutate.done 50
 generation 6.61.55.50.50.50.50.50.50.50.50.10.1.50.50.50.1.11.50.50.50.50.9.50.10.1.0.50.50.50.50.1.50.50.50.50.50.50.50.1.32.50.13.50.1.50.1.50.15.50.50.xover.mutate.done 50
 generation 7.60.46.51.51.51.51.51.51.51.51.51.1.1.13.51.51.1.51.51.51.34.51.50.54.29.1.51.51.9.51.1.27.51.51.51.50.1.50.51.33.6.51.51.50.51.1.10.51.51.51.xover.mutate.done 50
 generation 8.64.55.50.50.50.50.50.50.50.50.0.0.32.50.50.50.50.50.0.35.50.50.5.0.50.50.50.50.50.50.0.50.50.53.50.50.50.33.50.50.50.50.0.19.0.50.50.0.50.50.xover.mutate.done 50
 generation 9.62.56.53.51.51.51.51.51.51.51.1.1.1.0.51.51.1.51.6.51.1.51.1.51.51.51.50.1.51.51.51.51.51.50.1.51.51.51.51.51.51.51.0.1.41.50.6.1.1.51.xover.mutate.done 50
 generation 10.63.55.56.51.51.51.51.51.51.51.24.51.1.50.51.51.51.51.1.50.51.51.51.2.51.1.50.51.2.51.13.50.5.51.50.10.51.1.51.16.50.51.51.51.13.51.1.1.51.51.xover.mutate.done 50
 generation 11.68.57.57.52.52.52.52.52.52.52.2.11.50.52.2.52.52.21.52.52.2.52.50.2.52.50.52.52.52.11.52.52.52.52.3.52.2.50.2.52.52.52.52.52.52.2.52.52.52.52.xover.mutate.done 50
 generation 12.68.63.56.50.50.50.50.50.50.50.25.50.50.50.50.50.0.50.50.50.50.56.50.50.0.50.50.0.50.50.0.50.50.50.42.50.50.50.50.56.50.50.50.0.25.0.63.0.50.50.xover.mutate.done 50
 generation 13.58.49.49.55.57.55.51.51.51.51.1.51.1.51.1.1.50.38.50.51.51.1.51.1.51.51.50.51.0.51.1.55.0.51.51.51.0.1.51.50.51.50.51.51.33.51.5.51.51.1.xover.mutate.done 50
 generation 14.56.57.55.55.55.51.51.51.51.51.27.51.8.50.7.51.1.51.4.51.51.25.3.1.1.4.51.50.57.1.51.4.3.1.4.51.50.51.51.4.4.51.50.5.50.51.4.51.4.50.xover.mutate.done 50
 generation 15.57.57.69.56.56.56.52.52.52.52.2.52.56.52.56.52.52.57.2.2.52.4.52.50.46.39.2.52.0.50.57.2.52.6.52.50.52.52.50.2.56.52.52.50.52.52.56.2.29.52.xover.mutate.done 50
 generation 16.68.58.58.58.58.58.58.58.58.58.11.3.0.3.50.58.50.3.42.13.0.3.50.58.0.50.50.58.3.58.3.58.0.3.50.39.50.50.50.3.50.50.11.62.50.50.0.50.50.8.xover.mutate.done 50
 generation 17.59.60.57.57.57.57.54.54.54.54.50.50.5.50.50.55.4.6.54.1.18.59.0.50.1.54.57.13.31.50.53.50.57.50.50.50.50.54.50.8.54.0.50.50.50.50.50.50.50.4.xover.mutate.done 50
 generation 18.63.66.63.58.58.58.58.58.58.55.23.51.55.1.14.51.51.50.1.56.51.55.55.48.55.51.7.55.58.64.55.5.3.51.63.51.63.58.55.50.55.55.50.1.58.63.51.51.51.51.xover.mutate.done 50
 generation 19.53.62.63.61.63.61.63.60.60.60.52.10.61.52.2.60.52.60.2.4.60.60.14.60.60.60.10.52.61.60.2.62.10.39.15.69.60.14.60.33.61.4.60.13.61.4.22.52.52.60.xover.mutate.done 50
 generation 20.65.64.64.64.64.61.64.64.64.64.6.50.46.59.15.59.0.50.56.10.59.61.59.64.64.56.59.1.15.59.50.55.1.64.59.50.14.50.59.15.10.50.11.9.59.59.25.30.9.10.xover.mutate.done 50
 generation 21.67.62.62.64.62.61.61.61.61.62.50.13.12.61.44.62.50.50.50.50.61.9.61.21.50.56.6.8.62.56.12.1.0.45.56.45.0.22.56.15.62.54.50.61.61.12.18.50.6.16.xover.mutate.done 50
 generation 22.66.60.59.59.59.59.59.59.59.59.59.4.57.9.18.59.57.57.12.12.8.59.57.11.10.1.57.14.60.8.53.61.9.59.14.60.53.9.57.18.4.51.59.9.11.40.46.64.53.12.xover.mutate.done 50
 generation 23.66.65.62.61.61.61.60.60.61.60.55.6.10.57.1.61.9.12.50.1.38.11.50.60.0.12.65.55.11.1.12.1.23.50.11.20.40.50.50.1.50.40.60.60.12.48.50.12.55.55.xover.mutate.done 50
 generation 24.68.65.65.65.63.63.63.61.63.62.0.0.61.35.66.19.61.32.6.0.56.18.45.50.35.64.0.36.19.11.39.56.18.62.56.56.62.61.50.11.12.0.6.64.56.50.50.0.50.50.xover.mutate.done 50
 generation 25.70.67.64.64.67.66.66.62.62.62.62.34.55.66.38.56.50.25.48.62.0.55.62.13.61.50.50.50.29.12.6.62.41.50.20.38.66.67.61.56.0.50.50.56.50.13.39.45.46.61.xover.mutate.done 50
 generation 26.68.65.62.62.66.66.66.66.63.63.58.39.51.3.54.6.18.47.48.50.6.51.3.51.51.34.14.51.22.40.51.51.51.3.63.66.44.50.49.51.59.50.51.63.51.2.40.3.51.51.xover.mutate.done 50
 generation 27.63.58.58.58.58.60.64.61.61.58.58.15.31.19.50.50.50.50.2.50.50.50.56.61.46.52.53.2.50.50.50.50.2.40.10.41.13.8.58.37.13.0.63.2.2.2.2.50.21.50.xover.mutate.done 50
 generation 28.68.71.71.65.65.66.68.68.68.68.2.50.2.17.2.50.51.51.50.50.65.51.23.66.50.59.34.48.1.51.51.1.48.51.51.2.58.2.51.1.2.51.51.51.2.2.2.16.68.2.xover.mutate.done 50
 generation 29.64.64.63.63.63.63.63.63.63.62.62.14.50.52.2.2.52.52.52.50.52.2.2.50.52.42.2.52.2.57.63.52.2.63.52.50.63.52.2.52.0.2.2.43.52.52.52.24.52.24.xover.mutate.done 50
 generation 30.75.75.73.75.75.75.75.75.73.75.75.1.26.22.80.58.51.72.51.75.1.64.1.51.1.1.1.51.51.51.51.51.75.24.51.51.51.51.51.25.62.51.26.1.52.51.51.51.0.1.xover.mutate.done 50
 generation 31.70.65.65.65.64.64.64.64.65.65.50.65.50.0.50.50.50.32.50.0.64.16.65.0.50.50.50.42.64.40.16.50.50.50.65.50.44.0.0.50.50.50.66.58.0.65.57.64.0.0.xover.mutate.done 50
 generation 32.76.69.69.69.68.68.68.69.69.68.69.50.50.48.50.69.68.50.68.68.56.50.0.50.6.46.19.39.50.69.57.50.0.76.69.17.69.69.50.68.7.26.33.68.22.68.69.19.50.0.xover.mutate.done 50
 generation 33.67.67.66.63.63.63.63.66.63.66.3.3.52.65.14.50.65.59.59.63.14.57.14.2.59.52.52.63.8.52.3.20.53.66.18.59.14.14.66.52.65.65.65.61.52.3.52.66.63.57.xover.mutate.done 50
 generation 34.75.75.67.67.67.67.67.67.64.63.52.58.52.63.23.64.6.10.63.60.52.67.64.52.16.52.53.10.68.3.58.75.3.63.52.52.52.65.52.63.17.6.19.55.68.65.67.65.52.6.xover.mutate.done 50
 generation 35.72.72.72.68.69.68.68.68.68.68.14.50.9.65.50.47.50.69.66.50.18.49.68.68.68.68.57.50.68.50.48.35.20.57.50.50.50.72.65.50.68.68.65.35.68.50.50.20.65.22.xover.mutate.done 50
 generation 36.71.71.71.71.68.66.68.68.68.68.51.1.71.71.35.68.67.56.65.51.9.51.15.66.18.1.1.1.34.51.68.55.68.53.84.67.68.71.65.67.50.51.21.1.58.71.65.30.66.16.xover.mutate.done 50
 generation 37.80.69.69.69.69.69.69.69.69.65.3.3.64.69.50.50.63.3.16.65.71.35.64.65.55.63.79.50.54.50.73.61.50.65.73.50.16.3.57.65.50.64.40.64.64.65.56.64.3.18.xover.mutate.done 50
 generation 38.86.84.83.83.81.76.76.76.76.76.62.50.40.73.72.70.86.81.27.83.50.72.69.34.50.73.73.3.50.50.62.72.81.75.57.59.83.84.41.83.59.69.76.84.81.50.72.44.3.73.xover.mutate.done 50
 generation 39.70.72.72.72.72.69.69.69.69.69.13.72.38.62.60.9.60.64.72.37.60.69.17.56.60.56.6.62.72.51.63.53.64.47.36.46.64.60.9.69.24.55.55.9.33.72.60.31.72.29.xover.mutate.done 50
 generation 40.82.77.77.77.82.82.82.79.75.81.50.50.65.35.53.50.50.31.73.61.65.11.71.14.35.27.50.76.74.61.63.56.38.13.13.61.77.74.61.34.17.38.71.52.52.75.73.77.34.17.xover.mutate.done 50
 generation 41.84.84.84.84.84.83.83.83.83.83.10.83.58.36.70.58.50.84.0.75.49.50.50.84.8.22.83.68.75.73.71.0.21.0.68.4.68.0.8.58.48.58.83.84.46.70.51.58.58.28.xover.mutate.done 50
 generation 42.81.81.81.81.81.81.81.81.78.78.78.54.78.50.72.81.78.50.81.55.81.54.79.81.60.78.81.78.79.54.60.0.78.31.18.56.50.81.81.62.79.50.78.77.50.60.19.40.62.16.xover.mutate.done 50
 generation 43.78.78.78.78.78.78.78.78.78.78.78.62.51.51.1.74.56.78.56.56.50.31.78.50.53.50.78.0.0.77.8.76.78.78.78.56.1.78.57.51.78.78.50.50.51.50.51.28.56.58.xover.mutate.done 50
 generation 44.80.80.80.80.80.80.80.80.80.80.80.80.80.36.40.24.62.80.80.78.58.80.4.12.23.80.56.62.34.31.29.79.80.62.54.76.62.80.50.51.51.51.61.44.79.62.58.31.53.53.xover.mutate.done 50
 generation 45.77.77.77.77.77.77.77.77.77.77.29.76.56.50.30.24.50.76.77.77.71.77.77.58.2.31.4.63.0.28.71.58.73.59.2.77.70.10.48.77.76.77.56.50.77.2.77.60.77.30.xover.mutate.done 50
 generation 46.84.84.84.84.84.84.84.84.84.84.84.31.32.84.75.38.84.64.81.82.52.3.52.64.84.52.51.52.52.84.15.81.83.62.84.3.51.60.27.84.15.79.36.35.52.18.84.84.2.64.xover.mutate.done 50
 generation 47.77.77.77.77.76.77.77.77.77.77.1.7.16.1.5.28.77.51.77.53.76.18.51.24.51.76.1.55.28.51.27.60.1.76.51.5.7.14.1.57.55.74.77.77.51.76.51.77.56.51.xover.mutate.done 50
 generation 48.84.84.84.84.84.84.84.84.84.84.11.1.84.60.84.62.38.50.83.61.50.84.50.84.11.32.50.81.84.84.84.80.56.36.0.1.60.84.84.84.84.76.84.33.50.82.84.35.60.83.xover.mutate.done 50
 generation 49.79.79.79.79.79.79.79.79.79.79.79.52.79.52.10.76.71.50.67.79.52.79.52.52.79.61.29.58.54.79.79.79.52.2.6.78.52.78.79.52.79.78.52.29.32.79.68.58.52.60.xover.mutate.done 50
 19740439 iters     869311 iter/sec (22.71 s)
 total time: 22.71
