51 50 50 50 50 50 50 50 16 10 5 1 1 1 1 1 1 1 1 1 1 1 1 1 1 1 1 1 1 1 1 1 1 1 1 1 1 0 0 0 0 0 0 0 0 0 0 0 0 0 
50 50 50 50 50 50 50 50 50 50 50 50 50 50 50 50 50 43 33 13 13 12 12 9 8 7 2 2 2 2 2 2 2 2 2 2 2 2 0 0 0 0 0 0 0 0 0 0 0 0 
68 52 52 52 52 52 52 52 52 52 51 50 50 50 50 50 50 50 50 50 50 50 50 50 50 50 50 50 50 50 50 50 50 50 50 43 41 36 21 8 7 2 2 2 2 2 2 0 0 0 
68 52 52 52 52 52 52 52 52 52 52 52 52 52 52 52 52 52 52 52 52 52 50 50 50 50 50 50 50 50 50 50 50 50 50 50 50 50 50 50 37 13 8 2 2 2 0 0 0 0 
57 50 50 50 50 50 50 50 50 50 50 50 50 50 50 50 50 50 50 50 50 50 50 50 50 50 50 50 50 50 50 50 50 50 50 50 34 15 0 0 0 0 0 0 0 0 0 0 0 0 
63 56 51 51 51 51 51 51 51 51 51 51 51 51 51 51 51 51 51 51 51 51 51 51 51 51 51 51 51 51 51 51 50 50 50 50 50 40 13 2 2 2 2 2 2 2 1 1 1 1 
61 55 50 50 50 50 50 50 50 50 50 50 50 50 50 50 50 50 50 50 50 50 50 50 50 50 50 50 50 50 50 50 50 50 50 32 15 13 11 10 10 9 1 1 1 1 1 1 1 0 
60 54 51 51 51 51 51 51 51 51 51 51 51 51 51 51 51 51 51 51 51 51 51 51 51 51 51 51 51 51 50 50 50 50 46 34 33 29 27 13 10 9 6 1 1 1 1 1 1 1 
64 55 53 50 50 50 50 50 50 50 50 50 50 50 50 50 50 50 50 50 50 50 50 50 50 50 50 50 50 50 50 50 50 50 50 50 50 35 33 32 19 5 0 0 0 0 0 0 0 0 
62 56 53 51 51 51 51 51 51 51 51 51 51 51 51 51 51 51 51 51 51 51 51 51 51 51 51 51 51 51 51 50 50 50 41 6 6 1 1 1 1 1 1 1 1 1 1 1 0 0 
63 56 55 51 51 51 51 51 51 51 51 51 51 51 51 51 51 51 51 51 51 51 51 51 51 51 51 51 51 51 50 50 50 50 50 50 24 16 13 13 10 5 2 2 1 1 1 1 1 1 
68 57 57 52 52 52 52 52 52 52 52 52 52 52 52 52 52 52 52 52 52 52 52 52 52 52 52 52 52 52 52 52 52 52 52 50 50 50 50 21 11 11 3 2 2 2 2 2 2 2 
68 63 63 56 56 56 50 50 50 50 50 50 50 50 50 50 50 50 50 50 50 50 50 50 50 50 50 50 50 50 50 50 50 50 50 50 50 50 50 50 42 25 25 0 0 0 0 0 0 0 
58 57 55 55 55 51 51 51 51 51 51 51 51 51 51 51 51 51 51 51 51 51 51 51 51 51 51 51 50 50 50 50 50 49 49 38 33 5 1 1 1 1 1 1 1 1 1 0 0 0 
57 57 56 55 55 55 51 51 51 51 51 51 51 51 51 51 51 51 51 51 51 51 51 51 50 50 50 50 50 50 27 25 8 7 5 4 4 4 4 4 4 4 4 3 3 1 1 1 1 1 
69 57 57 57 57 56 56 56 56 56 56 56 52 52 52 52 52 52 52 52 52 52 52 52 52 52 52 52 52 52 52 52 50 50 50 50 50 46 39 29 6 4 2 2 2 2 2 2 2 0 
68 62 58 58 58 58 58 58 58 58 58 58 58 58 58 58 50 50 50 50 50 50 50 50 50 50 50 50 50 50 50 42 39 13 11 11 8 3 3 3 3 3 3 3 3 0 0 0 0 0 
60 59 59 57 57 57 57 57 57 55 54 54 54 54 54 54 54 54 53 50 50 50 50 50 50 50 50 50 50 50 50 50 50 50 50 50 50 50 31 18 13 8 6 5 4 4 1 1 0 0 
66 64 63 63 63 63 63 58 58 58 58 58 58 58 58 58 56 55 55 55 55 55 55 55 55 55 55 51 51 51 51 51 51 51 51 51 51 51 50 50 50 48 23 14 7 5 3 1 1 1 
69 63 63 63 62 62 61 61 61 61 61 61 60 60 60 60 60 60 60 60 60 60 60 60 60 60 60 53 52 52 52 52 52 52 39 33 22 15 14 14 13 10 10 10 4 4 4 2 2 2 
65 64 64 64 64 64 64 64 64 64 64 64 61 61 59 59 59 59 59 59 59 59 59 59 56 56 55 50 50 50 50 50 50 46 30 25 15 15 15 14 11 10 10 10 9 9 6 1 1 0 
67 64 62 62 62 62 62 62 62 61 61 61 61 61 61 61 61 61 56 56 56 56 54 50 50 50 50 50 50 50 50 45 45 44 22 21 18 16 15 13 12 12 12 9 8 6 6 1 0 0 
66 64 61 60 60 60 59 59 59 59 59 59 59 59 59 59 59 59 59 57 57 57 57 57 57 53 53 53 51 46 40 18 18 14 14 12 12 12 11 11 10 9 9 9 9 8 8 4 4 1 
66 65 65 62 61 61 61 61 61 60 60 60 60 60 60 57 55 55 55 55 50 50 50 50 50 50 50 48 40 40 38 23 20 12 12 12 12 12 11 11 11 10 9 6 1 1 1 1 1 0 
68 66 65 65 65 64 64 63 63 63 63 62 62 62 61 61 61 61 56 56 56 56 56 50 50 50 50 50 50 45 39 36 35 35 32 19 19 18 18 12 11 11 6 6 0 0 0 0 0 0 
70 67 67 67 66 66 66 66 64 64 62 62 62 62 62 62 62 61 61 61 56 56 56 55 55 50 50 50 50 50 50 50 50 48 46 45 41 39 38 38 34 29 25 20 13 13 12 6 0 0 
68 66 66 66 66 66 65 63 63 63 63 62 62 59 58 54 51 51 51 51 51 51 51 51 51 51 51 51 51 50 50 50 49 48 47 44 40 40 39 34 22 18 14 6 6 3 3 3 3 2 
64 63 63 61 61 61 60 58 58 58 58 58 58 58 56 53 52 50 50 50 50 50 50 50 50 50 50 50 50 50 46 41 40 37 31 21 19 15 13 13 10 8 2 2 2 2 2 2 2 0 
71 71 68 68 68 68 68 68 66 66 65 65 65 59 58 51 51 51 51 51 51 51 51 51 51 51 50 50 50 50 50 48 48 34 23 17 16 2 2 2 2 2 2 2 2 2 2 1 1 1 
64 64 63 63 63 63 63 63 63 63 63 63 62 62 57 52 52 52 52 52 52 52 52 52 52 52 52 52 52 52 50 50 50 50 43 42 24 24 14 2 2 2 2 2 2 2 2 2 2 0 
80 75 75 75 75 75 75 75 75 75 75 75 73 73 72 64 62 58 52 51 51 51 51 51 51 51 51 51 51 51 51 51 51 51 51 51 26 26 25 24 22 1 1 1 1 1 1 1 1 0 
70 66 65 65 65 65 65 65 65 65 65 64 64 64 64 64 64 64 58 57 50 50 50 50 50 50 50 50 50 50 50 50 50 50 50 50 44 42 40 32 16 16 0 0 0 0 0 0 0 0 
76 76 69 69 69 69 69 69 69 69 69 69 69 69 68 68 68 68 68 68 68 68 68 68 57 56 50 50 50 50 50 50 50 50 50 50 48 46 39 33 26 22 19 19 17 7 6 0 0 0 
67 67 66 66 66 66 66 66 65 65 65 65 65 63 63 63 63 63 63 63 63 61 59 59 59 59 57 57 53 52 52 52 52 52 52 52 50 20 18 14 14 14 14 14 8 3 3 3 3 2 
75 75 75 68 68 67 67 67 67 67 67 67 67 65 65 65 64 64 64 63 63 63 63 63 60 58 58 55 53 52 52 52 52 52 52 52 52 52 52 23 19 17 16 10 10 6 6 6 3 3 
72 72 72 72 69 69 68 68 68 68 68 68 68 68 68 68 68 68 68 68 66 65 65 65 65 57 57 50 50 50 50 50 50 50 50 50 50 50 50 49 48 47 35 35 22 20 20 18 14 9 
84 71 71 71 71 71 71 71 71 68 68 68 68 68 68 68 68 68 67 67 67 66 66 66 65 65 65 58 56 55 53 51 51 51 51 51 50 35 34 30 21 18 16 15 9 1 1 1 1 1 
80 79 73 73 71 69 69 69 69 69 69 69 69 69 65 65 65 65 65 65 64 64 64 64 64 64 63 63 61 57 56 55 54 50 50 50 50 50 50 50 40 35 18 16 16 3 3 3 3 3 
86 86 84 84 84 83 83 83 83 83 81 81 81 81 76 76 76 76 76 76 75 73 73 73 73 72 72 72 72 70 69 69 62 62 59 59 57 50 50 50 50 50 50 44 41 40 34 27 3 3 
72 72 72 72 72 72 72 72 72 70 69 69 69 69 69 69 69 64 64 64 63 62 62 60 60 60 60 60 60 56 56 55 55 53 51 47 46 38 37 36 33 31 29 24 17 13 9 9 9 6 
82 82 82 82 81 79 77 77 77 77 77 76 75 75 74 74 73 73 71 71 65 65 63 61 61 61 61 56 53 52 52 50 50 50 50 50 38 38 35 35 34 34 31 27 17 17 14 13 13 11 
84 84 84 84 84 84 84 84 83 83 83 83 83 83 83 83 75 75 73 71 70 70 68 68 68 58 58 58 58 58 58 51 50 50 50 49 48 46 36 28 22 21 10 8 8 4 0 0 0 0 
81 81 81 81 81 81 81 81 81 81 81 81 81 81 81 79 79 79 78 78 78 78 78 78 78 78 78 77 72 62 62 60 60 60 56 55 54 54 54 50 50 50 50 50 40 31 19 18 16 0 
78 78 78 78 78 78 78 78 78 78 78 78 78 78 78 78 78 78 78 78 77 76 74 62 58 57 56 56 56 56 56 53 51 51 51 51 51 50 50 50 50 50 50 31 28 8 1 1 0 0 
80 80 80 80 80 80 80 80 80 80 80 80 80 80 80 80 80 80 80 79 79 78 76 62 62 62 62 62 61 58 58 56 54 53 53 51 51 51 50 44 40 36 34 31 31 29 24 23 12 4 
77 77 77 77 77 77 77 77 77 77 77 77 77 77 77 77 77 77 77 77 76 76 76 73 71 71 70 63 60 59 58 58 56 56 50 50 50 48 31 30 30 29 28 24 10 4 2 2 2 0 
84 84 84 84 84 84 84 84 84 84 84 84 84 84 84 84 84 84 84 83 82 81 81 79 75 64 64 64 62 60 52 52 52 52 52 52 51 51 38 36 35 32 31 27 18 15 15 3 3 2 
77 77 77 77 77 77 77 77 77 77 77 77 77 77 76 76 76 76 76 74 60 57 56 55 55 53 51 51 51 51 51 51 51 51 28 28 27 24 18 16 14 7 7 5 5 1 1 1 1 1 
84 84 84 84 84 84 84 84 84 84 84 84 84 84 84 84 84 84 84 84 84 84 84 83 83 82 81 80 76 62 61 60 60 60 56 50 50 50 50 50 38 36 35 33 32 11 11 1 1 0 
79 79 79 79 79 79 79 79 79 79 79 79 79 79 79 79 79 79 79 79 79 78 78 78 76 71 68 67 61 60 58 58 54 52 52 52 52 52 52 52 52 52 52 50 32 29 29 10 6 2 
