0.1875 0.6875 0.0625 0.0625 0.21875 0.3125 0.25 0.78125 0.15625 0.59375 
0.8125 0.0625 0.0625 0.96875 0.96875 0.0625 0.1875 0.15625 0.96875 0.0625 
0.8125 0.78125 0.0625 0.0625 0.96875 0.96875 0.0625 0.1875 0.15625 0.96875 
0.1875 0.28125 0.25 0.8125 0.78125 0.0625 0.0625 0.96875 0.96875 0.0625 
0.1875 0.28125 0.25 0.8125 0.78125 0.0625 0.0625 0.96875 0.96875 0.0625 
0.1875 0.28125 0.25 0.8125 0.78125 0.0625 0.0625 0.96875 0.96875 0.0625 
0.8125 0.78125 0.78125 0.875 0.875 0.53125 0.1875 0.28125 0.25 0.0625 
0.46875 0.59375 0.46875 0.46875 0.1875 0.28125 0.25 0.25 0.4375 0.125 
0.46875 0.46875 0.46875 0.46875 0.59375 0.78125 0.59375 0.75 0.8125 0.8125 
0.46875 0.46875 0.46875 0.46875 0.46875 0.46875 0.46875 0.46875 0.4375 0.59375 
0.4375 0.46875 0.46875 0.46875 0.46875 0.46875 0.46875 0.46875 0.46875 0.46875 
0.4375 0.46875 0.46875 0.46875 0.46875 0.40625 0.40625 0.46875 0.46875 0.46875 
0.4375 0.4375 0.46875 0.46875 0.46875 0.46875 0.46875 0.46875 0.40625 0.40625 
0.53125 0.4375 0.4375 0.375 0.4375 0.4375 0.40625 0.40625 0.40625 0.40625 
0.53125 0.53125 0.5 0.46875 0.5 0.4375 0.4375 0.375 0.4375 0.4375 
0.53125 0.53125 0.53125 0.53125 0.5 0.5 0.46875 0.5 0.46875 0.40625 
0.53125 0.5 0.46875 0.46875 0.4375 0.53125 0.53125 0.53125 0.5 0.5 
0.5 0.5 0.53125 0.5 0.5 0.4375 0.53125 0.53125 0.5 0.53125 
0.5 0.5 0.53125 0.5 0.5 0.46875 0.5625 0.53125 0.53125 0.53125 
0.5 0.5 0.53125 0.5 0.5 0.5 0.5 0.5 0.5625 0.5625 
0.5 0.5 0.5 0.5 0.5 0.4375 0.5 0.53125 0.5 0.5 
0.5 0.5 0.5625 0.5625 0.5 0.5625 0.5 0.5 0.5 0.5 
0.5625 0.5625 0.5625 0.59375 0.5625 0.5 0.5 0.5 0.5 0.5 
0.5 0.5 0.5625 0.5625 0.5625 0.59375 0.5625 0.5 0.5 0.5 
0.5625 0.5625 0.5625 0.59375 0.5625 0.5 0.5 0.5 0.5 0.59375 
0.5625 0.5625 0.5625 0.59375 0.5625 0.59375 0.59375 0.59375 0.5625 0.5625 
0.5625 0.5625 0.5625 0.59375 0.5625 0.59375 0.59375 0.59375 0.5625 0.5625 
0.5625 0.5625 0.5625 0.59375 0.5625 0.59375 0.59375 0.59375 0.5625 0.5625 
0.5625 0.5625 0.5625 0.59375 0.5625 0.59375 0.59375 0.59375 0.5625 0.5625 
0.5625 0.5625 0.5625 0.59375 0.5625 0.59375 0.59375 0.59375 0.5625 0.5625 
0.5625 0.5625 0.5625 0.59375 0.5625 0.59375 0.59375 0.59375 0.5625 0.5625 
0.5625 0.5625 0.5625 0.59375 0.5625 0.59375 0.59375 0.59375 0.5625 0.5625 
0.5625 0.5625 0.5625 0.59375 0.5625 0.59375 0.59375 0.59375 0.5625 0.5625 
0.5625 0.5625 0.5625 0.59375 0.5625 0.59375 0.59375 0.59375 0.5625 0.5625 
0.5625 0.5625 0.5625 0.59375 0.5625 0.59375 0.59375 0.59375 0.5625 0.5625 
0.5625 0.5625 0.5625 0.5625 0.59375 0.5625 0.59375 0.59375 0.59375 0.5625 
0.5625 0.5625 0.5625 0.5625 0.5625 0.59375 0.5625 0.59375 0.59375 0.59375 
0.5625 0.5625 0.5625 0.5625 0.5625 0.59375 0.5625 0.59375 0.59375 0.59375 
0.5625 0.5625 0.5625 0.5625 0.5625 0.59375 0.5625 0.59375 0.59375 0.59375 
0.5625 0.5625 0.5625 0.5625 0.5625 0.59375 0.5625 0.59375 0.59375 0.59375 
0.5625 0.5625 0.5625 0.5625 0.5625 0.59375 0.5625 0.59375 0.59375 0.59375 
0.5625 0.5625 0.5625 0.5625 0.5625 0.5625 0.59375 0.5625 0.59375 0.59375 
0.5625 0.5625 0.5625 0.5625 0.5625 0.5625 0.59375 0.5625 0.59375 0.59375 
0.5625 0.5625 0.5625 0.53125 0.5625 0.5625 0.5625 0.59375 0.5625 0.59375 
0.5625 0.5625 0.5625 0.53125 0.53125 0.5625 0.53125 0.5625 0.5625 0.5625 
0.5625 0.5625 0.5625 0.53125 0.53125 0.5625 0.53125 0.53125 0.53125 0.53125 
0.5625 0.5625 0.5625 0.53125 0.53125 0.5625 0.53125 0.53125 0.53125 0.53125 
0.5625 0.5625 0.5625 0.53125 0.53125 0.5625 0.53125 0.53125 0.53125 0.53125 
0.5625 0.5625 0.5625 0.53125 0.53125 0.5625 0.53125 0.53125 0.53125 0.53125 
0.5625 0.5625 0.5625 0.5625 0.53125 0.53125 0.5625 0.53125 0.53125 0.53125 
