0.6875 0.125 0.59375 0.5 0.53125 0.8125 0.09375 0.125 0.59375 0.25 
0.84375 0.09375 0.09375 0.125 1.0 0.09375 0.0 0.96875 0.96875 0.6875 
0.09375 0.15625 0.09375 0.09375 0.84375 0.09375 0.125 1.0 0.09375 0.0 
0.09375 0.15625 0.09375 0.09375 0.375 0.1875 0.84375 0.09375 0.125 1.0 
0.09375 0.15625 0.09375 0.09375 0.375 0.1875 0.09375 0.15625 0.3125 0.1875 
0.9375 0.6875 0.78125 0.84375 0.6875 0.09375 0.15625 0.09375 0.09375 0.375 
0.9375 0.6875 0.78125 0.84375 0.6875 0.09375 0.15625 0.09375 0.09375 0.375 
0.09375 0.15625 0.09375 0.09375 0.375 0.15625 0.1875 0.15625 0.15625 0.25 
0.6875 0.78125 0.78125 0.6875 0.78125 0.5625 0.59375 0.59375 0.71875 0.5625 
0.6875 0.78125 0.78125 0.6875 0.78125 0.5625 0.59375 0.59375 0.71875 0.5625 
0.6875 0.78125 0.78125 0.6875 0.78125 0.5625 0.59375 0.59375 0.71875 0.5625 
0.6875 0.78125 0.78125 0.6875 0.78125 0.5625 0.59375 0.59375 0.71875 0.5625 
0.59375 0.3125 0.34375 0.375 0.1875 0.3125 0.3125 0.6875 0.78125 0.78125 
0.5625 0.59375 0.3125 0.34375 0.375 0.1875 0.3125 0.3125 0.6875 0.78125 
0.53125 0.5625 0.59375 0.6875 0.78125 0.59375 0.6875 0.6875 0.75 0.5625 
0.5625 0.53125 0.59375 0.6875 0.78125 0.59375 0.6875 0.6875 0.75 0.5625 
0.5625 0.5625 0.5625 0.5625 0.53125 0.53125 0.53125 0.53125 0.59375 0.6875 
0.5625 0.5625 0.5625 0.5625 0.53125 0.53125 0.53125 0.59375 0.65625 0.53125 
0.5625 0.5625 0.5625 0.5625 0.5625 0.53125 0.53125 0.53125 0.53125 0.53125 
0.53125 0.53125 0.5625 0.5625 0.5625 0.5625 0.5625 0.53125 0.53125 0.53125 
0.5625 0.5625 0.5625 0.5625 0.5625 0.53125 0.46875 0.53125 0.53125 0.53125 
0.5625 0.5625 0.5625 0.5625 0.5625 0.53125 0.46875 0.46875 0.46875 0.46875 
0.5625 0.5625 0.5625 0.5625 0.5625 0.53125 0.46875 0.46875 0.46875 0.46875 
0.5625 0.5625 0.5625 0.5625 0.5625 0.5625 0.5625 0.59375 0.59375 0.53125 
0.5625 0.59375 0.59375 0.53125 0.5625 0.5625 0.5625 0.5625 0.5625 0.5625 
0.5625 0.59375 0.59375 0.53125 0.59375 0.59375 0.5625 0.5625 0.5625 0.5625 
0.5625 0.59375 0.59375 0.53125 0.59375 0.59375 0.5625 0.59375 0.59375 0.5625 
0.5625 0.59375 0.59375 0.53125 0.59375 0.59375 0.5625 0.59375 0.59375 0.59375 
0.5625 0.59375 0.59375 0.53125 0.59375 0.59375 0.5625 0.59375 0.59375 0.59375 
0.5625 0.59375 0.59375 0.53125 0.59375 0.59375 0.5625 0.59375 0.59375 0.59375 
0.5625 0.59375 0.59375 0.53125 0.59375 0.59375 0.5625 0.59375 0.59375 0.59375 
0.5625 0.59375 0.59375 0.53125 0.59375 0.59375 0.5625 0.59375 0.59375 0.59375 
0.5625 0.59375 0.59375 0.53125 0.59375 0.59375 0.5625 0.59375 0.59375 0.59375 
0.5625 0.59375 0.59375 0.53125 0.59375 0.59375 0.5625 0.59375 0.59375 0.59375 
0.5625 0.59375 0.59375 0.53125 0.59375 0.59375 0.5625 0.59375 0.59375 0.59375 
0.5625 0.5625 0.59375 0.59375 0.53125 0.59375 0.59375 0.5625 0.59375 0.59375 
0.5625 0.5625 0.59375 0.59375 0.53125 0.59375 0.59375 0.5625 0.59375 0.59375 
0.5625 0.5625 0.59375 0.59375 0.53125 0.59375 0.59375 0.5625 0.59375 0.59375 
0.5625 0.5625 0.59375 0.59375 0.53125 0.59375 0.59375 0.5625 0.59375 0.59375 
0.5625 0.5625 0.59375 0.59375 0.53125 0.59375 0.59375 0.5625 0.59375 0.59375 
0.5625 0.5625 0.59375 0.59375 0.53125 0.59375 0.59375 0.5625 0.59375 0.59375 
0.5625 0.5625 0.59375 0.59375 0.53125 0.59375 0.59375 0.5625 0.59375 0.59375 
0.5625 0.5625 0.59375 0.59375 0.53125 0.59375 0.59375 0.5625 0.59375 0.59375 
0.5625 0.5625 0.59375 0.59375 0.53125 0.59375 0.59375 0.5625 0.59375 0.59375 
0.5625 0.5625 0.59375 0.59375 0.53125 0.59375 0.59375 0.5625 0.59375 0.59375 
0.5625 0.5625 0.59375 0.59375 0.53125 0.59375 0.59375 0.5625 0.59375 0.59375 
0.59375 0.5625 0.5625 0.59375 0.59375 0.53125 0.59375 0.59375 0.5625 0.59375 
0.59375 0.5625 0.5625 0.59375 0.59375 0.53125 0.59375 0.59375 0.5625 0.59375 
0.59375 0.5625 0.5625 0.59375 0.59375 0.53125 0.59375 0.59375 0.5625 0.59375 
0.5625 0.59375 0.5625 0.59375 0.59375 0.53125 0.59375 0.59375 0.5625 0.59375 
