% Invoked: ./gella -d -r 2 -l biased_r2/run08 >& biased_r2/run08.log
% Ministry of Cellular Automata
% Project Deux (CS523 Spring 2015)
% Version:v0.1-70-g0624-dirty
%  pop:50
%  ic count:100
%  CA Log option:biased_r2/run08
%  width:121
%  max workers:4
%  radius:2
%  iterations:300
%  use bias:true
%  generations:50

 generation 0.0.1.1.50.0.1.1.1.50.0.0.1.18.50.0.0.1.0.50.1.0.0.50.1.1.50.50.1.1.11.1.1.1.0.50.50.1.1.1.1.49.1.1.50.51.15.50.50.50.50.xover.mutate.done 50
 generation 1.50.50.50.50.51.50.50.50.50.50.1.1.12.1.1.50.50.1.15.50.50.1.50.13.50.1.51.1.1.50.1.50.0.50.50.1.0.1.17.32.50.1.1.1.16.1.1.0.1.0.xover.mutate.done 50
 generation 2.52.52.51.50.50.50.50.50.50.50.50.51.10.36.51.50.3.3.8.2.28.3.13.3.1.50.50.51.2.1.3.3.8.13.50.50.38.15.18.1.50.3.2.51.19.1.3.3.20.2.xover.mutate.done 50
 generation 3.51.51.51.51.51.51.51.50.50.50.9.50.9.51.1.2.20.51.2.1.1.1.51.50.35.51.2.1.51.51.23.51.50.13.51.11.15.1.2.50.17.2.50.1.51.51.50.50.1.2.xover.mutate.done 50
 generation 4.50.50.50.50.50.50.50.50.50.50.50.50.0.10.0.0.50.50.50.0.50.0.50.0.50.30.50.50.50.4.50.50.50.0.0.50.50.50.50.50.50.0.50.50.11.0.50.31.50.50.xover.mutate.done 50
 generation 5.50.50.52.52.52.52.52.52.52.50.50.9.50.52.52.52.52.7.10.52.0.50.2.50.2.50.0.50.52.50.50.52.52.50.50.52.16.50.52.2.52.52.0.52.2.2.52.52.50.7.xover.mutate.done 50
 generation 6.50.50.50.50.50.50.50.50.50.50.1.50.1.51.50.51.1.9.50.50.50.50.50.1.50.50.50.50.51.50.1.24.1.0.50.50.50.51.50.50.50.50.50.50.50.1.1.0.50.51.xover.mutate.done 50
 generation 7.50.50.50.50.50.52.52.52.52.52.50.52.7.2.52.52.52.52.52.52.2.50.50.52.50.50.52.2.52.12.52.52.52.52.52.52.52.50.52.46.52.52.52.38.22.2.4.2.17.52.xover.mutate.done 50
 generation 8.50.50.50.50.50.50.50.50.50.50.50.50.0.50.11.0.6.50.50.50.50.50.7.9.50.0.50.50.50.50.0.23.50.50.0.0.50.0.50.50.50.9.50.5.50.6.50.50.0.0.xover.mutate.done 50
 generation 9.51.51.51.51.51.51.51.51.51.51.39.51.51.2.51.51.2.1.2.50.2.12.51.36.51.51.2.6.2.51.10.2.51.8.31.51.51.51.51.51.51.51.35.51.1.2.2.10.36.10.xover.mutate.done 50
 generation 10.50.50.50.50.50.50.50.50.50.50.9.50.1.50.50.12.50.50.9.50.9.50.50.50.32.1.1.1.50.6.1.50.1.50.1.50.50.6.1.50.1.1.50.50.50.50.1.1.50.50.xover.mutate.done 50
 generation 11.50.50.50.50.50.50.50.50.50.50.50.50.4.50.50.0.50.0.50.50.50.50.50.50.50.0.50.0.0.7.50.0.1.50.0.50.0.50.0.50.0.50.50.50.50.50.0.50.50.50.xover.mutate.done 50
 generation 12.50.50.50.50.50.50.50.50.50.50.50.0.0.10.50.7.15.50.0.28.50.50.50.50.50.50.0.50.50.50.0.0.0.0.0.50.50.50.0.50.7.0.50.50.7.50.50.0.50.50.xover.mutate.done 50
 generation 13.54.54.54.54.54.54.54.54.54.54.54.54.54.12.54.54.54.54.54.54.54.54.54.54.54.54.54.54.6.6.54.54.54.20.54.2.12.54.54.48.13.6.54.54.54.54.54.6.54.54.xover.mutate.done 50
 generation 14.50.50.50.50.50.50.50.50.50.50.1.50.1.50.48.0.1.13.50.50.50.50.44.1.18.46.50.50.65.50.50.50.50.63.1.13.50.1.50.13.45.50.1.1.50.14.1.50.18.50.xover.mutate.done 50
 generation 15.63.64.51.51.51.51.51.51.51.51.51.18.51.3.51.15.8.51.15.43.15.51.3.51.52.51.62.3.17.51.51.51.56.16.51.51.51.51.51.51.3.15.3.1.3.1.39.1.1.51.xover.mutate.done 50
 generation 16.62.64.66.59.52.50.50.50.50.50.50.35.20.23.16.53.50.50.50.50.60.2.2.0.50.50.50.38.57.23.50.2.13.50.50.50.50.2.50.50.50.15.13.50.50.50.50.12.0.30.xover.mutate.done 50
 generation 17.54.60.60.55.55.54.48.52.50.50.6.50.50.50.36.50.37.50.50.2.50.55.2.50.50.2.50.50.0.50.50.50.50.50.50.50.50.2.2.50.50.20.11.50.50.50.4.46.11.2.xover.mutate.done 50
 generation 18.58.57.59.58.58.55.56.51.50.50.1.1.42.8.50.16.35.57.50.50.0.9.50.1.10.50.21.7.33.40.10.50.7.1.0.50.7.1.50.33.51.1.15.1.8.1.40.50.1.50.xover.mutate.done 50
 generation 19.60.60.60.60.59.59.59.57.52.52.11.52.4.60.11.35.4.52.52.21.52.52.33.16.52.11.4.8.52.19.52.52.19.28.29.52.4.15.46.35.52.52.4.18.4.4.14.52.2.11.xover.mutate.done 50
 generation 20.55.63.55.55.55.60.60.54.59.50.55.50.50.20.50.10.19.35.50.46.50.4.0.50.50.0.5.50.9.16.60.62.35.11.38.54.0.13.10.50.50.50.0.55.50.0.36.54.0.42.xover.mutate.done 50
 generation 21.61.63.59.59.59.60.61.60.60.60.51.10.50.60.63.59.63.51.26.60.9.63.50.9.51.51.51.2.40.9.1.2.60.40.10.1.59.58.50.51.10.25.2.51.58.10.1.28.41.39.xover.mutate.done 50
 generation 22.53.53.55.53.60.53.58.53.53.53.15.58.39.50.53.53.53.4.43.50.30.14.66.8.0.53.13.62.12.29.0.50.1.43.53.15.21.58.50.29.50.50.23.49.40.40.1.1.27.12.xover.mutate.done 50
 generation 23.72.58.64.62.62.62.65.64.64.64.25.36.50.69.35.55.62.5.38.50.55.44.50.51.61.50.69.50.59.49.61.30.35.60.50.50.9.15.1.33.53.50.1.42.61.0.59.59.5.50.xover.mutate.done 50
 generation 24.70.68.68.63.65.61.61.61.67.67.58.12.2.59.3.14.52.34.69.6.10.21.22.33.19.55.52.55.2.3.52.51.52.52.38.6.10.50.19.61.35.55.3.33.52.8.12.6.6.50.xover.mutate.done 50
 generation 25.67.66.62.62.63.63.64.59.63.63.31.10.82.50.33.63.52.52.10.43.76.52.45.50.55.43.50.52.36.22.17.62.26.63.50.82.63.41.55.41.52.83.82.25.52.65.66.36.43.26.xover.mutate.done 50
 generation 26.80.86.86.86.84.77.70.70.65.62.14.53.7.86.70.50.50.39.23.14.75.50.41.50.86.80.18.32.58.80.9.39.47.0.63.70.56.35.80.35.15.50.59.61.80.50.8.50.0.86.xover.mutate.done 50
 generation 27.85.85.85.85.85.85.83.74.74.74.10.66.16.41.3.1.54.51.50.43.7.56.9.51.51.71.69.44.33.65.69.34.85.55.74.60.60.1.1.50.33.33.51.74.37.51.50.43.27.51.xover.mutate.done 50
 generation 28.85.85.85.85.85.85.85.84.79.79.56.67.12.17.37.32.3.6.85.53.13.3.30.66.8.50.75.40.21.21.51.12.70.85.50.61.81.43.3.60.34.71.9.18.53.3.74.3.50.50.xover.mutate.done 50
 generation 29.81.81.81.81.81.81.81.81.81.78.81.41.1.50.3.51.50.65.26.16.17.8.33.50.82.58.3.1.66.68.35.42.1.81.28.7.16.5.36.55.81.26.50.81.52.52.51.51.16.71.xover.mutate.done 50
 generation 30.81.79.79.79.79.79.79.79.79.79.39.50.79.26.38.39.79.50.50.70.68.0.79.79.68.0.79.0.81.3.0.50.50.79.81.57.46.69.79.40.53.0.52.32.50.70.81.79.0.50.xover.mutate.done 50
 generation 31.80.80.80.80.80.80.80.80.80.80.9.80.51.1.51.2.73.51.51.58.73.73.51.2.31.51.9.51.9.80.26.15.51.31.7.51.50.51.25.9.7.44.30.51.43.51.50.80.2.2.xover.mutate.done 50
 generation 32.78.78.78.78.77.77.77.77.77.77.1.50.57.57.7.51.77.55.50.1.51.51.50.77.1.7.51.50.47.51.48.7.0.51.1.48.51.51.77.29.57.51.18.1.20.47.47.50.12.65.xover.mutate.done 50
 generation 33.78.78.78.78.77.77.77.77.77.77.53.56.78.53.53.53.50.53.48.53.53.80.77.53.77.53.69.78.6.76.53.77.50.50.48.65.63.53.53.62.53.50.62.6.50.53.53.77.77.50.xover.mutate.done 50
 generation 34.84.83.83.83.83.83.83.82.82.82.82.83.52.4.4.84.84.77.82.82.13.83.77.59.82.41.84.84.52.4.82.13.50.52.31.77.83.52.4.52.52.4.34.13.52.4.52.61.52.38.xover.mutate.done 50
 generation 35.86.86.86.86.86.85.85.85.85.85.50.24.85.0.0.0.36.50.50.85.50.50.84.50.0.50.84.0.59.50.50.50.84.84.0.75.85.50.85.84.33.50.59.50.50.84.50.56.50.0.xover.mutate.done 50
 generation 36.85.85.88.85.88.85.85.85.85.85.16.85.12.50.50.85.83.50.41.51.13.16.1.27.51.69.17.47.85.50.51.25.50.85.12.85.50.50.50.57.50.85.50.51.13.57.69.28.85.83.xover.mutate.done 50
 generation 37.84.84.83.83.83.83.83.83.83.83.83.83.20.52.17.8.83.35.50.37.83.60.52.52.17.83.52.52.83.23.52.83.83.52.8.52.83.69.2.60.48.52.77.52.84.4.77.19.35.52.xover.mutate.done 50
 generation 38.84.84.84.83.83.83.82.82.82.82.43.50.85.51.53.51.51.1.51.50.1.82.22.83.81.64.51.51.51.51.24.22.84.82.23.51.50.28.51.51.82.1.83.50.82.83.46.50.81.83.xover.mutate.done 50
 generation 39.82.81.81.81.81.79.79.79.79.79.43.50.50.50.50.50.18.50.77.0.79.50.50.20.82.77.18.34.47.50.0.50.29.20.79.81.50.79.57.0.0.50.57.50.50.50.10.81.0.10.xover.mutate.done 50
 generation 40.84.84.84.84.84.84.84.84.81.81.81.50.19.8.32.1.51.16.51.59.51.24.81.8.25.84.81.84.81.1.51.80.51.84.46.84.2.22.57.80.51.51.8.28.78.51.51.38.13.51.xover.mutate.done 50
 generation 41.83.83.84.84.84.84.84.84.84.84.79.53.50.40.50.54.84.50.36.72.21.50.81.9.81.50.50.50.59.50.81.30.81.50.9.81.62.50.48.79.50.8.50.49.72.22.41.50.81.0.xover.mutate.done 50
 generation 42.85.85.85.85.85.85.85.85.85.87.52.64.50.52.57.44.59.50.52.9.50.59.76.52.83.52.50.81.85.52.76.50.52.52.85.52.64.52.29.50.52.52.52.52.38.85.84.52.85.65.xover.mutate.done 50
 generation 43.85.86.86.86.86.86.86.86.86.86.54.60.51.51.85.51.51.50.63.75.54.59.75.39.86.51.86.57.8.59.51.86.51.86.54.75.73.73.39.11.51.51.51.1.51.51.24.86.54.54.xover.mutate.done 50
 generation 44.84.84.84.84.84.84.84.84.84.84.50.50.84.50.45.9.42.9.48.50.84.50.50.22.69.50.84.52.83.50.51.66.0.2.19.62.84.59.47.77.16.77.84.50.49.77.50.50.84.2.xover.mutate.done 50
 generation 45.88.88.88.88.88.88.88.88.88.88.50.66.20.88.88.50.50.0.18.88.31.77.88.26.21.77.50.50.77.50.88.48.87.13.50.87.64.0.50.50.13.17.87.50.85.50.50.46.50.66.xover.mutate.done 50
 generation 46.86.86.86.86.86.86.86.86.86.86.1.51.50.12.43.51.5.51.51.50.86.51.51.51.5.51.71.16.42.18.51.52.13.51.51.51.12.51.50.12.85.5.51.51.83.51.1.86.50.56.xover.mutate.done 50
 generation 47.91.91.91.91.91.91.91.91.91.91.77.78.51.22.51.91.23.78.1.50.67.51.74.50.91.32.16.78.89.1.61.19.91.23.36.10.6.31.51.46.91.51.30.79.51.1.79.67.18.91.xover.mutate.done 50
 generation 48.82.82.82.82.82.82.82.82.82.82.43.22.6.0.50.82.51.38.51.56.82.16.16.51.82.82.50.21.50.75.51.82.62.62.12.59.50.0.79.51.82.75.36.79.46.82.67.40.62.40.xover.mutate.done 50
 generation 49.86.86.86.86.86.86.86.86.86.86.50.83.51.48.86.59.64.86.50.51.61.44.19.30.79.50.64.51.51.66.86.86.86.1.51.43.8.51.30.79.86.50.51.79.50.86.51.62.51.20.xover.mutate.done 50
 23677507 iters     896023 iter/sec (26.43 s)
 total time: 26.43
