51 50 50 50 50 50 50 50 50 50 50 50 36 35 8 3 1 1 1 1 1 1 1 1 1 1 1 1 1 1 1 1 1 1 1 1 1 1 0 0 0 0 0 0 0 0 0 0 0 0 
51 51 50 50 50 50 50 50 50 50 50 50 50 50 50 50 50 50 50 50 50 37 33 28 8 7 6 1 1 1 1 1 1 1 1 1 1 1 0 0 0 0 0 0 0 0 0 0 0 0 
51 51 51 51 51 50 50 50 50 50 50 50 50 50 50 50 50 50 50 50 50 50 50 50 50 50 50 45 22 16 11 11 11 11 1 1 1 1 1 1 1 1 1 1 1 1 1 0 0 0 
58 51 51 51 51 51 51 51 51 51 51 51 51 51 51 51 51 51 51 51 51 50 50 50 50 50 50 50 50 50 50 50 50 50 18 12 2 2 2 2 2 2 2 1 1 1 1 1 1 1 
59 51 51 51 51 51 51 51 51 51 51 51 51 51 51 51 51 50 50 50 50 50 50 50 50 50 50 50 50 50 50 50 50 50 50 23 11 9 1 1 1 1 1 1 1 1 1 0 0 0 
52 52 52 51 51 51 51 51 51 51 51 51 51 51 51 51 51 51 51 51 51 51 51 51 51 51 51 50 32 29 18 10 3 3 3 3 3 3 3 3 2 2 2 2 1 1 1 1 1 1 
56 54 51 51 51 51 51 51 51 51 51 51 51 51 51 51 51 51 51 51 51 51 51 51 51 51 50 50 50 50 50 50 50 50 49 28 28 1 1 1 1 1 1 1 1 1 1 1 0 0 
54 53 53 53 53 53 53 53 53 53 53 53 53 53 53 53 53 53 53 53 53 53 53 53 53 53 50 50 50 50 50 50 48 29 19 10 3 3 3 3 3 3 3 3 3 3 3 3 3 0 
59 51 51 50 50 50 50 50 50 50 50 50 50 50 50 50 50 50 50 50 50 50 50 50 50 50 50 50 50 50 50 50 50 50 50 50 23 10 8 1 1 1 1 1 1 1 1 0 0 0 
55 52 52 52 51 50 50 50 50 50 50 50 50 50 50 50 50 50 50 50 50 50 50 50 50 50 50 50 50 50 50 50 50 50 50 34 15 15 2 2 2 2 2 2 2 2 2 0 0 0 
54 51 51 51 50 50 50 50 50 50 50 50 50 50 50 50 50 50 50 50 50 50 50 50 50 50 50 50 50 50 29 25 15 1 1 1 1 1 1 1 1 1 1 1 1 1 1 1 0 0 
52 52 51 51 51 51 51 51 50 50 50 50 50 50 50 50 50 50 50 50 50 50 50 50 50 29 25 12 10 1 1 1 1 1 1 1 1 1 1 1 1 1 1 1 1 1 0 0 0 0 
60 51 51 51 51 51 51 50 50 50 50 50 50 50 50 50 50 50 50 50 50 50 50 45 45 45 28 14 9 1 1 1 1 1 1 1 1 1 1 1 1 1 1 1 1 0 0 0 0 0 
59 51 51 51 51 51 51 51 51 51 51 51 51 51 51 51 50 50 2 2 2 2 2 2 2 2 2 2 2 2 2 2 2 1 1 1 1 1 1 1 1 1 1 1 1 1 1 1 1 1 
54 51 51 51 51 51 51 51 51 51 51 51 50 50 50 50 50 50 50 50 50 28 1 1 1 1 1 1 1 1 1 1 1 1 1 1 1 1 1 1 1 1 1 1 1 1 0 0 0 0 
63 51 51 51 51 51 51 51 51 51 51 51 51 51 51 51 51 51 50 50 34 31 2 2 2 2 2 2 2 2 2 2 2 2 2 2 2 2 2 2 2 2 2 2 2 2 2 2 2 1 
67 52 52 52 52 52 50 50 50 50 50 50 50 50 50 50 50 50 50 50 50 50 50 50 50 50 50 50 6 2 2 2 2 2 2 2 2 2 2 2 2 2 2 2 2 2 2 2 0 0 
63 57 52 52 52 52 52 52 52 52 52 50 50 50 50 50 50 50 50 50 50 50 50 50 50 27 17 14 4 2 2 2 2 2 2 2 2 2 2 2 2 2 2 2 2 2 2 2 2 2 
72 64 53 53 53 53 53 53 53 51 50 50 50 50 50 50 50 50 50 50 50 50 50 50 50 50 50 50 50 40 34 31 9 8 8 5 5 5 3 3 3 3 3 3 3 3 3 3 3 0 
73 69 65 57 57 57 52 52 52 52 52 52 52 52 52 52 52 52 51 51 51 51 51 51 51 51 51 50 50 22 15 8 4 3 3 3 3 3 3 3 3 3 3 2 2 2 2 2 1 1 
74 74 70 68 61 57 55 53 53 52 51 51 51 51 51 51 51 51 51 51 51 51 51 51 50 15 13 11 11 4 4 2 1 1 1 1 1 1 1 1 1 1 1 1 1 1 1 0 0 0 
76 75 75 73 71 65 65 65 65 61 61 57 57 57 56 53 52 50 50 50 50 50 50 50 50 50 50 50 50 50 50 46 25 23 20 12 11 4 1 0 0 0 0 0 0 0 0 0 0 0 
75 75 75 73 73 73 70 70 66 66 66 66 66 66 64 60 59 59 57 55 52 52 52 52 52 52 52 52 52 52 52 52 50 50 48 48 45 22 14 10 9 8 7 7 7 7 7 7 6 2 
81 79 78 78 76 76 76 76 76 76 72 71 69 67 67 67 66 66 66 61 60 57 50 50 50 50 50 50 50 50 50 50 50 50 49 49 45 44 40 38 26 16 15 13 10 1 1 1 1 1 
78 77 77 75 74 73 73 73 73 73 73 73 73 73 73 73 71 67 67 63 63 57 54 52 50 50 50 50 50 50 50 50 50 50 50 50 50 49 47 36 33 31 20 20 16 14 11 10 10 9 
81 80 80 80 79 78 78 78 78 78 78 78 78 78 78 78 78 78 73 72 71 70 64 63 63 52 52 52 52 52 52 52 52 52 52 50 50 50 50 49 48 32 23 20 20 16 14 13 13 2 
90 89 89 89 89 89 89 88 87 87 87 86 86 86 86 86 86 86 86 86 86 86 84 80 65 62 62 62 59 59 53 53 53 53 53 53 53 53 53 53 53 53 53 53 50 28 23 14 14 3 
76 75 75 75 75 75 75 75 75 75 75 74 74 74 74 74 74 74 74 74 74 74 74 71 71 53 53 53 50 50 50 50 50 50 50 50 46 42 41 41 40 38 37 32 26 24 20 19 0 0 
82 82 82 82 81 81 81 81 81 81 81 81 81 81 81 81 80 80 80 80 80 80 79 78 78 78 69 69 69 69 69 54 54 54 53 50 50 50 50 50 50 50 50 50 32 32 5 4 4 4 
80 80 80 80 80 80 80 80 80 80 80 80 80 80 80 80 76 76 74 74 59 58 58 58 58 58 57 51 51 51 51 51 51 51 51 51 51 50 50 50 50 50 49 49 38 33 30 23 11 1 
80 80 80 79 79 79 79 78 78 78 78 78 78 78 78 78 78 77 76 76 75 57 56 54 51 50 50 50 50 50 50 50 50 50 50 50 50 50 50 47 46 41 39 37 36 35 31 8 1 0 
84 84 84 84 83 83 83 82 82 82 82 82 82 82 82 82 82 82 82 82 82 82 82 80 77 75 65 59 59 53 51 51 51 51 51 50 50 50 50 50 50 50 50 50 50 49 39 33 29 1 
76 76 76 76 76 76 76 76 76 76 76 76 74 74 74 74 74 73 73 73 73 73 73 73 72 72 72 71 70 70 69 63 61 60 51 51 51 51 50 50 50 50 46 41 33 26 26 1 1 0 
87 87 87 87 87 87 87 87 87 87 87 87 87 87 87 87 86 86 86 86 85 77 67 57 56 52 52 52 52 52 50 50 50 41 40 37 37 37 35 34 34 31 31 27 27 26 16 11 2 0 
74 74 74 74 74 74 74 74 74 74 74 74 74 74 74 74 74 74 74 73 73 73 73 72 71 70 69 69 62 51 51 51 50 50 50 49 49 48 46 34 31 30 25 25 25 23 14 14 1 1 
80 80 80 80 80 80 80 80 80 80 80 80 80 80 80 80 80 80 80 80 79 79 79 79 78 77 76 69 66 55 51 51 51 51 51 50 50 50 50 50 50 50 46 41 38 31 31 1 1 1 
74 74 74 74 74 74 74 74 74 74 74 74 74 74 74 74 74 74 74 74 74 74 74 74 74 74 74 74 74 70 63 58 57 56 50 50 50 50 50 50 50 50 50 50 37 25 16 12 0 0 
75 75 75 75 75 75 75 75 75 75 75 75 75 75 75 75 75 75 75 75 75 74 74 74 74 63 63 58 58 58 51 51 51 50 50 50 50 50 50 38 28 27 27 27 25 20 17 9 1 1 
77 77 77 77 77 77 77 77 77 77 77 76 76 76 76 76 76 76 76 76 76 76 76 76 76 75 74 69 69 67 55 51 51 51 51 51 51 51 51 51 51 51 50 40 39 38 36 23 17 9 
82 82 82 82 82 82 82 82 82 82 82 82 82 82 82 82 81 81 81 81 81 81 80 80 80 79 78 73 73 70 65 53 51 51 51 51 51 50 50 47 42 41 41 33 31 13 7 1 1 1 
79 79 79 79 79 79 79 79 79 79 79 79 79 79 79 79 79 79 79 79 79 79 78 77 76 75 71 68 68 65 65 58 57 55 50 50 50 50 50 46 44 40 36 36 30 30 30 29 25 9 
77 77 77 77 77 77 77 77 77 77 77 77 77 77 77 77 77 77 77 77 77 77 77 77 77 77 77 76 76 62 56 53 53 50 50 50 43 39 38 33 33 33 30 26 22 11 5 5 3 3 
79 79 79 79 79 79 79 79 79 79 79 79 79 79 79 79 79 79 79 79 79 78 77 77 76 75 65 56 56 56 55 55 51 50 50 50 39 26 19 19 8 8 8 8 6 1 1 1 0 0 
79 79 79 79 79 79 79 79 79 79 79 79 79 79 79 79 79 79 79 78 78 73 68 61 61 57 57 52 52 52 52 52 51 51 50 49 46 46 43 41 41 31 31 28 20 8 3 3 3 3 
78 78 78 78 78 78 78 78 78 78 78 78 78 78 78 78 78 78 78 78 78 78 72 68 58 57 52 50 50 50 50 50 50 50 50 47 45 34 31 28 15 15 14 7 7 6 6 6 4 0 
81 81 81 81 81 81 81 81 81 81 81 81 81 81 81 81 81 81 81 70 68 62 61 60 53 53 51 51 51 51 51 50 50 35 35 35 34 34 34 34 34 25 18 13 11 9 8 4 4 1 
79 79 79 79 79 79 79 79 79 79 79 79 79 79 79 79 79 79 79 79 79 78 78 76 58 58 58 58 57 57 57 52 50 50 50 50 50 46 42 36 29 29 29 27 17 13 8 2 0 0 
77 77 77 77 77 77 77 77 77 77 77 77 77 77 77 77 77 77 77 77 76 76 69 69 61 61 61 61 58 53 53 53 53 51 49 49 41 38 38 29 29 28 21 12 11 8 4 4 4 4 
80 80 80 80 80 80 80 80 80 80 80 80 80 80 80 80 80 80 80 80 79 79 76 66 59 57 54 54 54 53 53 52 52 52 52 50 49 47 46 45 43 39 36 33 33 8 2 2 2 2 
82 82 82 82 82 82 82 82 82 82 82 82 82 82 82 82 82 82 82 82 82 80 80 80 74 74 74 65 60 59 58 52 52 51 51 51 51 51 51 51 50 44 35 34 34 33 25 2 2 2 
