51 50 50 50 50 50 50 50 50 50 50 50 50 50 50 49 18 15 11 1 1 1 1 1 1 1 1 1 1 1 1 1 1 1 1 1 1 1 1 1 0 0 0 0 0 0 0 0 0 0 
51 51 50 50 50 50 50 50 50 50 50 50 50 50 50 50 50 50 50 50 50 50 32 17 16 15 13 12 1 1 1 1 1 1 1 1 1 1 1 1 1 1 1 1 1 1 0 0 0 0 
52 52 51 51 51 51 51 50 50 50 50 50 50 50 50 50 50 50 50 50 50 38 36 28 20 19 18 15 13 13 10 8 8 3 3 3 3 3 3 3 3 3 2 2 2 2 1 1 1 1 
51 51 51 51 51 51 51 51 51 51 51 51 51 51 51 51 51 50 50 50 50 50 50 50 50 50 50 35 23 20 17 15 13 11 9 9 2 2 2 2 2 2 1 1 1 1 1 1 1 1 
50 50 50 50 50 50 50 50 50 50 50 50 50 50 50 50 50 50 50 50 50 50 50 50 50 50 50 50 50 50 50 50 50 50 50 31 30 11 10 4 0 0 0 0 0 0 0 0 0 0 
52 52 52 52 52 52 52 52 52 52 52 52 52 52 52 52 52 52 52 52 52 52 50 50 50 50 50 50 50 50 50 50 50 50 50 50 50 16 10 9 7 7 2 2 2 2 2 0 0 0 
51 51 51 51 51 50 50 50 50 50 50 50 50 50 50 50 50 50 50 50 50 50 50 50 50 50 50 50 50 50 50 50 50 50 50 50 50 50 24 9 1 1 1 1 1 1 1 1 0 0 
52 52 52 52 52 52 52 52 52 52 52 52 52 52 52 52 52 52 52 52 52 52 52 52 52 52 52 50 50 50 50 50 50 50 50 50 50 50 46 38 22 17 12 7 4 2 2 2 2 2 
50 50 50 50 50 50 50 50 50 50 50 50 50 50 50 50 50 50 50 50 50 50 50 50 50 50 50 50 50 50 50 50 50 23 11 9 9 7 6 6 5 0 0 0 0 0 0 0 0 0 
51 51 51 51 51 51 51 51 51 51 51 51 51 51 51 51 51 51 51 51 51 51 51 51 51 51 51 50 39 36 36 35 31 12 10 10 10 8 6 2 2 2 2 2 2 2 2 2 1 1 
50 50 50 50 50 50 50 50 50 50 50 50 50 50 50 50 50 50 50 50 50 50 50 50 50 50 50 50 50 50 50 32 12 9 9 9 6 6 1 1 1 1 1 1 1 1 1 1 1 1 
50 50 50 50 50 50 50 50 50 50 50 50 50 50 50 50 50 50 50 50 50 50 50 50 50 50 50 50 50 50 50 50 50 50 50 50 7 4 1 0 0 0 0 0 0 0 0 0 0 0 
50 50 50 50 50 50 50 50 50 50 50 50 50 50 50 50 50 50 50 50 50 50 50 50 50 50 50 50 50 50 50 50 28 15 10 7 7 7 0 0 0 0 0 0 0 0 0 0 0 0 
54 54 54 54 54 54 54 54 54 54 54 54 54 54 54 54 54 54 54 54 54 54 54 54 54 54 54 54 54 54 54 54 54 54 54 54 54 54 54 54 48 20 13 12 12 6 6 6 6 2 
65 63 50 50 50 50 50 50 50 50 50 50 50 50 50 50 50 50 50 50 50 50 50 50 50 50 50 50 50 50 48 46 45 44 18 18 14 13 13 13 1 1 1 1 1 1 1 1 1 0 
64 63 62 56 52 51 51 51 51 51 51 51 51 51 51 51 51 51 51 51 51 51 51 51 51 51 51 51 51 51 43 39 18 17 16 15 15 15 15 8 3 3 3 3 3 3 1 1 1 1 
66 64 62 60 59 57 53 52 50 50 50 50 50 50 50 50 50 50 50 50 50 50 50 50 50 50 50 50 50 50 50 50 50 38 35 30 23 23 20 16 15 13 13 12 2 2 2 2 0 0 
60 60 55 55 55 54 54 52 50 50 50 50 50 50 50 50 50 50 50 50 50 50 50 50 50 50 50 50 50 50 50 50 50 50 48 46 37 36 20 11 11 6 4 2 2 2 2 2 2 0 
59 58 58 58 57 57 56 55 51 51 50 50 50 50 50 50 50 50 50 50 50 50 42 40 40 35 33 33 21 16 15 10 10 9 8 8 7 7 7 1 1 1 1 1 1 1 1 1 0 0 
60 60 60 60 60 59 59 59 57 52 52 52 52 52 52 52 52 52 52 52 52 52 52 52 46 35 35 33 29 28 21 19 19 18 16 15 14 11 11 11 11 8 4 4 4 4 4 4 4 2 
63 62 60 60 60 59 55 55 55 55 55 55 54 54 54 50 50 50 50 50 50 50 50 50 50 50 50 50 46 42 38 36 35 35 20 19 16 13 11 10 10 9 5 4 0 0 0 0 0 0 
63 63 63 63 61 61 60 60 60 60 60 60 60 59 59 59 59 59 58 58 51 51 51 51 51 51 51 50 50 50 41 40 40 39 28 26 25 10 10 10 10 9 9 9 2 2 2 1 1 1 
66 62 60 58 58 58 55 53 53 53 53 53 53 53 53 53 53 53 53 50 50 50 50 50 50 49 43 43 40 40 39 30 29 29 27 23 21 15 15 14 13 12 12 8 4 1 1 1 0 0 
72 69 69 65 64 64 64 64 62 62 62 62 61 61 61 60 59 59 59 58 55 55 53 51 50 50 50 50 50 50 50 50 50 49 44 42 38 36 35 35 33 30 25 15 9 5 5 1 1 0 
70 69 68 68 67 67 65 63 61 61 61 61 59 58 55 55 55 52 52 52 52 52 52 51 50 50 38 35 34 33 33 22 21 19 19 14 12 12 10 10 8 6 6 6 6 3 3 3 2 2 
83 82 82 82 76 67 66 66 65 64 63 63 63 63 63 63 63 62 62 62 59 55 55 52 52 52 52 52 52 50 50 50 50 45 43 43 43 41 41 36 36 33 31 26 26 25 22 17 10 10 
86 86 86 86 86 86 84 80 80 80 80 80 77 75 70 70 70 70 65 63 62 61 59 58 56 53 50 50 50 50 50 50 50 47 41 39 39 35 35 32 23 18 15 14 14 9 8 7 0 0 
85 85 85 85 85 85 85 83 74 74 74 74 74 71 69 69 66 65 60 60 56 55 54 51 51 51 51 51 51 50 50 50 44 43 43 41 37 34 33 33 33 27 16 10 9 7 3 1 1 1 
85 85 85 85 85 85 85 85 85 84 81 79 79 75 74 71 70 67 66 61 60 56 53 53 51 50 50 50 50 43 40 37 34 32 30 21 21 18 17 13 12 12 9 8 6 3 3 3 3 3 
82 81 81 81 81 81 81 81 81 81 81 81 81 81 78 71 68 66 65 58 55 52 52 51 51 51 50 50 50 50 42 41 36 35 33 28 26 26 17 16 16 16 8 7 5 3 3 1 1 1 
81 81 81 81 79 79 79 79 79 79 79 79 79 79 79 79 79 79 79 79 79 70 70 69 68 68 57 53 52 50 50 50 50 50 50 50 46 40 39 39 38 32 26 3 0 0 0 0 0 0 
80 80 80 80 80 80 80 80 80 80 80 80 80 73 73 73 58 51 51 51 51 51 51 51 51 51 51 51 51 50 50 44 43 31 31 30 26 25 15 9 9 9 9 7 7 2 2 2 2 1 
78 78 78 78 77 77 77 77 77 77 77 77 77 65 57 57 57 55 51 51 51 51 51 51 51 51 51 50 50 50 50 50 48 48 47 47 47 29 20 18 12 7 7 7 1 1 1 1 1 0 
80 78 78 78 78 78 78 77 77 77 77 77 77 77 77 77 77 77 76 69 65 63 62 62 56 53 53 53 53 53 53 53 53 53 53 53 53 53 53 53 50 50 50 50 50 50 48 48 6 6 
84 84 84 84 84 83 83 83 83 83 83 83 83 83 82 82 82 82 82 82 82 82 77 77 77 61 59 52 52 52 52 52 52 52 52 52 50 41 38 34 31 13 13 13 4 4 4 4 4 4 
86 86 86 86 86 85 85 85 85 85 85 85 85 85 84 84 84 84 84 84 75 59 59 56 50 50 50 50 50 50 50 50 50 50 50 50 50 50 50 50 36 33 24 0 0 0 0 0 0 0 
88 88 85 85 85 85 85 85 85 85 85 85 85 85 85 85 85 83 83 69 69 57 57 51 51 51 51 50 50 50 50 50 50 50 50 50 50 47 41 28 27 25 17 16 16 13 13 12 12 1 
84 84 84 83 83 83 83 83 83 83 83 83 83 83 83 83 83 83 83 83 77 77 69 60 60 52 52 52 52 52 52 52 52 52 52 52 50 48 37 35 35 23 20 19 17 17 8 8 4 2 
85 84 84 84 84 83 83 83 83 83 83 83 82 82 82 82 82 82 82 82 81 81 64 53 51 51 51 51 51 51 51 51 51 51 51 50 50 50 50 50 46 43 28 24 23 22 22 1 1 1 
82 82 81 81 81 81 81 81 79 79 79 79 79 79 79 79 77 77 57 57 50 50 50 50 50 50 50 50 50 50 50 50 50 50 50 47 43 34 29 20 20 18 18 10 10 0 0 0 0 0 
84 84 84 84 84 84 84 84 84 84 84 84 81 81 81 81 81 81 80 80 78 59 57 51 51 51 51 51 51 51 51 51 51 50 46 38 32 28 25 24 22 19 16 13 8 8 8 2 1 1 
84 84 84 84 84 84 84 84 84 83 83 81 81 81 81 81 81 79 79 72 72 62 59 54 53 50 50 50 50 50 50 50 50 50 50 50 50 50 49 48 41 40 36 30 22 21 9 9 8 0 
87 85 85 85 85 85 85 85 85 85 85 85 85 85 84 83 81 76 76 65 64 64 59 59 57 52 52 52 52 52 52 52 52 52 52 52 52 52 52 52 50 50 50 50 50 50 44 38 29 9 
86 86 86 86 86 86 86 86 86 86 86 86 86 86 85 85 75 75 75 73 73 63 60 59 59 57 54 54 54 54 54 51 51 51 51 51 51 51 51 51 51 51 51 50 39 39 24 11 8 1 
84 84 84 84 84 84 84 84 84 84 84 84 84 84 84 84 83 77 77 77 69 66 62 59 52 51 50 50 50 50 50 50 50 50 50 50 50 49 48 47 45 42 22 19 16 9 9 2 2 0 
88 88 88 88 88 88 88 88 88 88 88 88 88 88 88 87 87 87 85 77 77 77 66 66 64 50 50 50 50 50 50 50 50 50 50 50 50 50 48 46 31 26 21 20 18 17 13 13 0 0 
86 86 86 86 86 86 86 86 86 86 86 86 85 83 71 56 52 51 51 51 51 51 51 51 51 51 51 51 51 51 51 51 51 50 50 50 50 43 42 18 16 13 12 12 12 5 5 5 1 1 
91 91 91 91 91 91 91 91 91 91 91 91 91 91 91 89 79 79 78 78 78 77 74 67 67 61 51 51 51 51 51 51 50 50 46 36 32 31 30 23 23 22 19 18 16 10 6 1 1 1 
82 82 82 82 82 82 82 82 82 82 82 82 82 82 82 82 82 79 79 75 75 67 62 62 62 59 56 51 51 51 51 51 50 50 50 50 46 43 40 40 38 36 22 21 16 16 12 6 0 0 
86 86 86 86 86 86 86 86 86 86 86 86 86 86 86 86 86 83 79 79 79 66 64 64 62 61 59 51 51 51 51 51 51 51 51 51 50 50 50 50 50 48 44 43 30 30 20 19 8 1 
