% Invoked: ./gella -d -r 2 -l biased_r2/run07 >& biased_r2/run07.log
% Ministry of Cellular Automata
% Project Deux (CS523 Spring 2015)
% Version:v0.1-70-g0624-dirty
%  pop:50
%  ic count:100
%  CA Log option:biased_r2/run07
%  width:121
%  max workers:4
%  radius:2
%  iterations:300
%  use bias:true
%  generations:50

 generation 0.2.0.50.50.2.2.2.0.2.2.5.2.0.2.2.2.14.2.2.0.2.50.52.2.50.50.50.16.50.2.2.0.50.2.0.2.50.2.0.2.50.2.0.2.0.0.9.0.50.0.xover.mutate.done 50
 generation 1.52.50.50.50.50.50.50.50.50.50.50.0.2.2.2.50.0.2.2.6.2.2.2.2.50.14.50.50.11.50.0.2.6.5.7.2.50.0.2.5.6.21.52.29.2.50.2.0.8.2.xover.mutate.done 50
 generation 2.50.50.50.50.50.50.50.52.50.50.0.50.50.2.21.0.49.21.18.50.0.52.50.50.0.29.5.0.2.52.13.2.14.50.2.0.50.50.2.2.50.50.50.50.50.32.11.9.4.10.xover.mutate.done 50
 generation 3.50.50.50.50.50.50.50.50.50.50.50.30.50.50.50.50.12.0.50.50.15.50.0.0.50.50.50.0.38.0.50.50.0.50.4.0.0.50.0.16.50.12.24.50.44.50.50.50.50.24.xover.mutate.done 50
 generation 4.50.50.50.50.50.50.50.50.50.50.0.0.50.50.50.14.50.50.50.50.17.0.50.0.0.50.0.50.0.50.50.0.50.0.1.50.0.50.50.50.0.1.1.50.50.50.50.9.50.11.xover.mutate.done 50
 generation 5.50.50.50.52.52.50.50.50.50.50.50.50.50.50.0.50.2.2.2.50.2.52.2.50.0.52.2.2.50.50.7.50.2.52.50.2.50.0.50.50.50.2.2.0.52.50.0.2.50.9.xover.mutate.done 50
 generation 6.50.50.50.50.50.50.51.51.51.50.16.50.50.51.53.1.1.50.1.51.1.51.1.1.1.50.0.11.6.0.1.51.1.1.50.1.50.1.55.1.50.51.51.53.1.65.50.50.1.1.xover.mutate.done 50
 generation 7.64.53.62.62.50.50.50.50.50.50.64.1.50.51.1.1.18.0.1.50.1.51.51.1.51.51.50.1.1.1.1.51.51.1.51.1.50.31.1.50.1.51.1.1.12.50.50.51.51.51.xover.mutate.done 50
 generation 8.64.64.63.63.53.50.50.50.50.50.50.0.8.59.63.50.63.50.50.11.34.8.50.50.0.50.50.0.12.0.63.50.8.50.50.0.49.31.50.0.50.0.63.50.50.50.50.50.0.32.xover.mutate.done 50
 generation 9.60.60.59.59.59.59.59.59.61.58.43.59.60.52.13.37.51.52.52.2.56.16.48.58.51.52.52.51.32.43.32.21.52.52.52.16.51.52.52.43.40.59.51.3.59.52.52.52.52.51.xover.mutate.done 50
 generation 10.62.62.62.62.53.53.53.53.53.53.52.50.52.52.14.52.42.20.38.52.2.53.2.52.52.53.59.52.52.50.53.59.53.52.52.52.42.52.38.32.62.53.42.19.42.8.52.52.46.11.xover.mutate.done 50
 generation 11.63.60.60.60.60.59.59.55.55.55.8.50.50.43.63.51.1.60.1.51.50.50.43.18.59.51.8.43.16.60.50.50.47.46.8.1.29.55.50.51.38.14.50.59.50.1.50.51.57.19.xover.mutate.done 50
 generation 12.61.61.53.53.53.53.53.53.58.58.34.2.51.61.58.2.51.35.53.30.61.50.51.30.30.61.41.51.2.46.48.61.45.43.67.51.13.2.14.4.31.39.48.13.10.51.53.2.40.51.xover.mutate.done 50
 generation 13.71.61.61.61.61.61.61.59.59.59.47.57.11.57.11.15.50.11.46.50.12.0.62.61.13.50.71.10.9.68.61.59.56.59.25.47.56.80.0.56.49.50.11.50.0.52.61.9.48.47.xover.mutate.done 50
 generation 14.82.75.75.73.64.61.61.61.61.61.61.61.50.61.61.59.47.62.38.58.0.47.58.8.75.35.50.61.55.47.50.47.8.15.61.40.77.61.61.61.61.61.50.49.76.49.50.50.64.11.xover.mutate.done 50
 generation 15.82.67.66.66.66.66.73.56.56.61.50.56.24.6.56.71.5.56.50.66.37.50.3.56.30.55.43.66.55.55.43.50.6.33.76.9.55.55.56.66.66.6.56.56.41.55.73.0.53.66.xover.mutate.done 50
 generation 16.81.75.61.61.67.66.66.65.65.65.3.54.16.64.50.2.66.3.40.3.65.60.50.53.66.3.52.31.75.3.53.1.66.61.2.66.51.66.2.30.65.51.82.23.1.1.82.52.16.51.xover.mutate.done 50
 generation 17.84.84.82.81.81.68.70.69.69.69.20.81.34.67.16.9.15.53.22.51.70.20.69.67.62.27.55.49.21.69.3.69.69.20.67.57.2.51.57.69.69.50.70.2.81.31.69.67.27.57.xover.mutate.done 50
 generation 18.82.82.82.81.81.80.81.73.73.73.12.36.73.52.67.80.17.61.17.80.36.55.12.73.82.73.52.50.73.23.54.79.81.61.71.58.55.73.58.73.73.73.71.52.82.52.61.30.73.82.xover.mutate.done 50
 generation 19.83.83.81.83.83.83.79.79.79.79.39.5.68.67.79.67.49.55.56.79.13.67.67.67.3.64.52.15.39.39.17.79.45.49.68.54.67.72.54.49.26.79.67.50.47.50.83.83.26.63.xover.mutate.done 50
 generation 20.83.83.83.83.83.83.83.82.84.84.46.0.55.48.83.10.42.72.50.71.36.50.35.84.68.0.67.50.50.50.10.50.58.71.16.41.68.55.6.17.84.84.50.44.84.0.64.84.69.58.xover.mutate.done 50
 generation 21.84.84.85.85.84.85.84.82.82.82.0.39.12.55.59.50.82.54.43.82.46.59.17.1.50.58.10.50.16.50.0.31.23.68.40.50.1.48.65.65.52.50.50.60.20.0.1.8.85.85.xover.mutate.done 50
 generation 22.77.77.77.77.77.77.77.77.77.81.51.51.50.69.50.55.77.32.53.77.3.58.26.11.77.8.77.77.44.42.69.77.80.66.58.51.51.51.50.50.51.5.1.42.63.51.50.75.77.41.xover.mutate.done 50
 generation 23.82.82.84.84.84.84.84.84.84.84.84.84.62.0.76.84.84.0.50.76.84.50.50.52.50.79.0.76.50.80.37.84.37.50.56.50.47.46.84.82.60.0.76.51.84.82.76.50.76.26.xover.mutate.done 50
 generation 24.80.80.80.80.80.79.79.79.79.80.79.50.80.50.36.50.50.50.46.46.76.6.50.46.21.80.65.50.36.60.1.79.79.57.79.80.8.80.80.51.50.65.74.36.50.38.50.80.44.41.xover.mutate.done 50
 generation 25.83.83.83.83.83.83.83.83.83.83.83.83.33.51.83.83.33.33.45.83.51.50.83.50.73.83.51.6.78.51.83.83.50.0.83.50.51.18.41.78.50.51.36.83.83.33.46.76.76.83.xover.mutate.done 50
 generation 26.83.83.83.83.83.83.83.83.83.83.4.52.52.52.83.52.37.52.79.52.35.4.52.83.83.83.83.35.65.7.31.16.83.52.14.52.52.35.52.4.83.65.83.52.83.83.35.83.81.83.xover.mutate.done 50
 generation 27.80.80.80.80.80.80.80.80.80.80.80.80.23.0.74.74.50.80.75.80.50.34.80.50.50.80.80.75.4.80.80.50.80.50.68.50.80.0.80.50.80.80.80.80.15.2.80.74.50.55.xover.mutate.done 50
 generation 28.81.81.81.81.81.81.81.81.81.81.71.81.71.31.50.51.81.50.51.51.50.61.51.39.30.31.31.81.81.51.31.1.81.39.51.71.75.81.80.51.47.31.51.1.50.50.78.9.81.51.xover.mutate.done 50
 generation 29.75.75.75.75.75.75.75.75.75.75.35.5.51.51.26.51.51.51.18.42.38.75.51.27.26.75.38.51.75.49.75.75.51.75.63.73.51.26.71.5.73.26.74.75.51.75.75.26.75.75.xover.mutate.done 50
 generation 30.85.85.85.85.85.85.85.85.85.85.37.51.85.15.35.51.50.84.85.36.85.2.85.50.1.85.85.18.38.35.85.85.50.85.1.51.84.85.65.85.85.81.49.51.85.85.39.50.50.35.xover.mutate.done 50
 generation 31.83.83.83.83.83.83.83.83.83.83.83.83.83.53.83.53.83.23.82.4.53.34.53.83.57.50.83.41.83.50.53.83.83.53.4.83.41.51.62.83.83.4.53.38.83.4.83.53.34.53.xover.mutate.done 50
 generation 32.78.78.78.78.78.78.78.78.78.78.50.29.78.50.29.78.78.78.1.78.50.78.78.50.2.50.78.78.78.50.61.50.50.50.1.50.6.74.50.50.55.78.25.78.78.29.6.78.78.41.xover.mutate.done 50
 generation 33.79.79.79.79.79.79.79.79.79.79.79.79.51.51.31.7.79.79.70.79.78.79.79.51.79.51.2.79.30.79.35.2.30.51.72.38.2.30.79.79.38.79.27.7.40.50.51.51.24.79.xover.mutate.done 50
 generation 34.81.81.81.81.81.81.81.81.81.81.81.51.70.31.81.81.51.32.81.81.51.51.81.51.37.51.81.2.51.51.51.81.51.51.83.51.51.81.81.39.2.51.62.2.51.81.81.41.51.2.xover.mutate.done 50
 generation 35.72.71.71.71.71.71.71.71.71.71.71.51.9.71.71.51.71.71.50.71.71.51.59.1.51.71.51.50.51.71.1.72.21.1.1.28.70.71.58.58.50.51.71.51.71.1.1.8.0.58.xover.mutate.done 50
 generation 36.81.81.81.81.81.81.81.81.81.81.81.81.65.50.3.3.50.50.50.53.50.53.50.50.81.81.18.81.81.81.43.81.38.50.81.3.38.0.81.81.81.80.50.25.3.81.50.53.81.81.xover.mutate.done 50
 generation 37.83.83.83.83.83.83.83.83.83.83.83.83.53.83.83.3.83.3.53.83.50.3.53.35.12.83.5.50.53.53.50.83.3.83.50.53.83.35.3.50.83.83.53.83.37.83.50.83.83.53.xover.mutate.done 50
 generation 38.75.75.74.74.74.74.74.74.74.74.74.51.28.51.74.3.74.50.74.50.62.74.52.52.51.51.51.51.36.50.52.56.3.36.51.74.3.3.72.65.36.39.4.51.74.65.74.3.42.72.xover.mutate.done 50
 generation 39.76.76.73.73.73.73.73.73.73.73.73.73.58.51.69.31.2.53.50.4.29.69.73.73.73.50.51.60.73.73.73.28.51.73.59.73.51.35.69.51.51.51.73.51.73.73.10.28.73.29.xover.mutate.done 50
 generation 40.78.78.77.77.77.77.77.77.77.77.50.77.50.35.76.77.50.77.77.29.51.60.77.59.77.77.50.75.77.77.40.50.66.77.77.50.77.0.41.77.50.60.40.77.77.78.73.41.73.45.xover.mutate.done 50
 generation 41.81.81.81.80.80.80.80.80.80.80.2.70.80.72.65.80.52.16.80.0.44.80.80.34.50.80.2.32.59.50.50.80.80.25.57.50.32.62.52.52.59.72.62.80.50.45.80.50.52.50.xover.mutate.done 50
 generation 42.88.88.88.86.86.86.86.86.86.86.63.43.52.4.13.52.88.4.52.52.52.86.65.52.86.86.38.62.86.4.52.86.52.81.86.38.52.52.52.86.57.65.84.52.65.81.4.37.2.86.xover.mutate.done 50
 generation 43.80.80.80.80.79.79.79.79.79.79.80.52.32.7.35.79.79.79.43.5.80.65.22.52.80.39.79.52.79.79.35.79.39.65.79.35.53.30.38.52.37.5.79.59.52.59.52.53.5.59.xover.mutate.done 50
 generation 44.88.88.88.88.88.88.88.86.86.86.51.1.12.77.62.12.41.85.55.86.86.62.5.51.40.62.86.88.86.88.50.62.88.85.51.25.88.5.72.51.85.1.50.44.39.85.88.88.62.86.xover.mutate.done 50
 generation 45.86.86.86.86.86.86.86.86.86.86.73.86.41.55.86.86.86.52.52.60.86.86.85.55.86.43.85.85.10.43.85.50.62.36.73.42.86.36.52.51.61.81.61.50.60.52.43.51.62.86.xover.mutate.done 50
 generation 46.70.70.70.70.70.70.70.70.70.70.9.70.59.9.70.59.37.50.52.50.59.8.70.57.70.2.70.70.50.14.52.59.52.2.70.70.59.70.50.70.70.27.70.70.70.50.70.26.23.54.xover.mutate.done 50
 generation 47.82.82.82.82.82.82.82.82.82.82.50.0.48.82.57.57.48.40.58.57.82.82.58.47.19.29.50.50.33.8.57.50.20.50.50.46.82.7.19.79.82.80.48.82.70.0.50.82.82.17.xover.mutate.done 50
 generation 48.83.83.83.83.83.83.83.83.83.83.79.52.2.52.10.56.10.83.83.37.60.83.54.33.83.52.49.82.83.52.57.83.56.50.37.4.51.52.83.54.10.84.81.83.10.67.10.49.83.83.xover.mutate.done 50
 generation 49.81.81.81.81.81.81.81.81.81.81.64.59.47.2.72.50.40.79.81.81.81.31.81.50.41.51.32.81.31.31.52.24.81.10.81.81.50.42.50.24.39.50.57.57.25.50.81.57.64.81.xover.mutate.done 50
 21323894 iters     895692 iter/sec (23.81 s)
 total time: 23.81
