% Invoked: ./gella -d -r 2 -l biased_r2/run13 >& biased_r2/run13.log
% Ministry of Cellular Automata
% Project Deux (CS523 Spring 2015)
% Version:v0.1-70-g0624-dirty
%  pop:50
%  ic count:100
%  CA Log option:biased_r2/run13
%  width:121
%  max workers:4
%  radius:2
%  iterations:300
%  use bias:true
%  generations:50

 generation 0.1.1.1.13.50.1.1.1.50.50.50.51.50.0.50.0.1.1.0.1.0.1.50.1.51.50.6.50.0.50.50.50.1.1.1.50.1.1.1.1.0.1.1.1.0.1.50.1.1.1.xover.mutate.done 50
 generation 1.50.50.50.50.50.50.50.50.50.50.1.50.1.6.51.1.50.50.69.50.50.50.50.50.1.1.1.50.1.55.50.12.0.1.0.1.1.50.8.1.12.0.50.6.7.0.50.7.1.30.xover.mutate.done 50
 generation 2.70.61.50.51.51.50.50.50.50.50.50.1.50.1.1.5.0.61.50.0.51.50.1.19.3.40.1.1.61.50.1.50.1.51.50.50.50.1.34.4.61.1.4.50.1.5.1.1.50.0.xover.mutate.done 50
 generation 3.72.64.64.64.64.53.53.53.53.51.64.53.5.4.3.51.53.53.50.3.53.50.1.4.53.3.51.51.50.51.3.50.53.51.53.72.51.53.53.40.50.4.53.3.53.3.53.50.31.3.xover.mutate.done 50
 generation 4.68.68.59.59.59.59.59.50.50.50.68.50.1.10.1.0.0.50.50.1.50.50.50.1.1.0.1.1.1.1.50.0.1.1.50.0.51.59.82.1.1.1.1.1.1.1.1.0.50.50.xover.mutate.done 50
 generation 5.80.67.67.67.55.55.55.55.55.55.4.4.20.50.50.80.1.51.1.4.4.4.3.4.3.51.3.51.37.1.1.1.3.4.3.51.3.4.3.12.50.3.1.3.50.51.8.4.20.1.xover.mutate.done 50
 generation 6.83.83.76.76.76.66.66.66.66.66.2.2.66.1.2.50.2.1.2.51.51.1.2.1.74.50.1.39.76.1.1.2.50.33.1.51.51.1.9.1.1.1.1.1.2.66.2.2.1.2.xover.mutate.done 50
 generation 7.75.75.68.68.68.68.67.48.48.48.0.48.50.0.0.68.50.68.68.56.52.0.0.11.0.3.50.68.0.0.16.0.0.48.3.50.0.0.68.50.0.48.50.0.3.50.0.24.0.0.xover.mutate.done 50
 generation 8.75.75.66.66.66.66.66.66.66.66.21.0.66.1.0.51.51.51.21.66.1.0.1.0.66.16.16.11.1.51.66.1.50.51.50.51.34.1.4.1.4.0.1.51.51.1.1.1.66.1.xover.mutate.done 50
 generation 9.82.82.71.71.71.71.71.71.71.71.29.71.71.71.0.50.51.51.74.1.1.71.1.51.51.28.51.71.14.51.50.51.0.1.1.82.51.21.1.1.1.1.51.1.1.21.71.71.41.36.xover.mutate.done 50
 generation 10.85.85.85.82.74.74.74.74.74.74.51.30.25.71.24.46.31.2.25.30.2.51.46.69.2.33.68.74.31.1.2.22.50.1.50.74.51.9.18.61.68.70.82.67.25.2.51.74.74.85.xover.mutate.done 50
 generation 11.81.81.81.81.77.77.74.74.74.74.50.71.71.37.52.52.2.27.50.71.50.37.71.52.74.50.2.71.70.2.2.27.74.41.77.0.52.52.77.50.74.74.27.2.55.17.52.52.59.59.xover.mutate.done 50
 generation 12.83.83.83.83.80.80.80.80.75.75.52.73.50.52.75.2.31.52.59.52.73.70.77.75.75.75.52.75.50.75.50.70.75.52.52.56.31.70.2.50.50.80.76.2.31.52.52.75.52.80.xover.mutate.done 50
 generation 13.75.75.75.75.69.69.69.69.70.69.57.64.50.50.50.50.50.64.63.63.15.50.64.50.69.64.55.52.66.63.68.15.64.6.31.50.50.19.9.60.63.50.50.15.50.75.63.64.50.1.xover.mutate.done 50
 generation 14.84.84.84.84.84.79.80.80.80.80.66.52.8.72.52.57.52.50.23.57.72.66.52.3.3.3.72.52.3.23.55.3.57.3.51.80.52.52.72.72.52.51.3.79.66.84.52.50.80.72.xover.mutate.done 50
 generation 15.83.83.83.83.83.83.75.75.75.75.53.53.41.83.7.50.53.50.50.74.50.50.75.53.50.50.50.83.0.69.50.73.19.50.61.50.69.50.69.83.50.53.50.75.61.61.50.0.83.15.xover.mutate.done 50
 generation 16.75.75.75.75.75.75.75.75.75.75.4.59.59.59.53.4.53.10.75.78.53.59.4.75.53.53.59.53.53.59.4.23.12.59.62.59.53.53.75.53.70.53.59.4.4.53.67.75.53.53.xover.mutate.done 50
 generation 17.85.80.80.80.80.80.80.80.80.80.85.43.80.80.53.52.52.73.59.52.80.59.52.49.80.52.64.85.50.2.11.36.64.29.52.80.80.63.59.52.81.52.37.85.59.80.80.52.50.52.xover.mutate.done 50
 generation 18.85.85.85.85.79.78.78.78.78.78.50.50.50.50.50.54.56.50.50.50.28.50.78.85.50.85.58.78.50.69.14.85.78.78.78.50.50.62.78.85.50.85.50.58.50.67.50.85.50.50.xover.mutate.done 50
 generation 19.89.89.89.89.89.89.89.89.89.89.65.55.55.55.88.62.50.55.55.60.89.89.11.89.89.55.32.88.62.60.28.88.23.55.55.51.88.88.6.88.70.55.55.89.88.55.14.10.55.88.xover.mutate.done 50
 generation 20.84.84.84.84.84.84.84.84.84.84.0.75.76.0.84.81.2.84.75.50.37.80.52.52.50.84.84.27.50.2.0.5.2.84.52.84.75.17.84.57.50.2.21.85.84.52.2.50.2.52.xover.mutate.done 50
 generation 21.79.79.79.79.79.79.79.79.79.79.50.50.53.53.53.70.53.36.73.11.50.50.0.79.76.53.41.0.50.53.50.46.50.53.72.79.79.50.79.33.3.53.50.46.79.73.50.6.0.79.xover.mutate.done 50
 generation 22.83.81.81.81.81.81.81.81.81.81.52.57.81.50.81.50.63.81.50.81.38.52.57.50.81.26.81.50.50.50.0.35.81.0.81.81.50.81.52.38.52.81.14.52.50.9.46.52.42.0.xover.mutate.done 50
 generation 23.88.87.87.87.87.87.87.87.87.87.54.87.87.87.50.87.43.61.87.50.57.50.87.50.87.50.50.42.50.57.76.59.50.49.88.50.87.50.87.72.50.87.50.50.50.54.82.4.50.39.xover.mutate.done 50
 generation 24.86.87.86.86.86.86.86.86.86.86.50.86.50.86.0.86.86.63.86.86.4.0.86.86.0.80.0.50.80.50.63.50.38.86.50.0.80.86.86.5.15.86.50.54.86.50.50.50.86.0.xover.mutate.done 50
 generation 25.85.84.84.84.84.84.84.84.84.84.50.51.84.56.59.84.84.50.52.37.84.84.51.84.84.84.81.3.50.84.1.52.51.52.50.84.3.51.51.52.84.6.49.84.51.52.50.50.84.3.xover.mutate.done 50
 generation 26.88.88.88.88.88.88.88.88.88.88.0.50.50.50.88.50.88.88.88.50.59.88.50.0.0.39.47.50.88.50.88.50.50.50.29.88.88.50.0.50.88.35.0.0.50.88.50.53.88.3.xover.mutate.done 50
 generation 27.86.87.86.86.86.86.86.86.86.86.45.7.18.1.51.86.86.86.50.50.0.50.86.86.50.86.46.51.55.86.50.86.50.50.51.82.0.50.50.86.50.86.20.12.50.62.50.86.86.86.xover.mutate.done 50
 generation 28.86.83.83.83.83.83.83.83.83.83.50.80.83.83.41.40.50.83.1.51.51.50.50.83.57.50.51.77.50.50.1.50.50.50.50.50.83.50.70.50.50.51.83.50.50.54.50.50.83.24.xover.mutate.done 50
 generation 29.79.79.79.79.79.79.79.79.79.79.45.34.50.55.51.49.50.50.51.51.50.79.79.79.51.51.79.79.50.1.50.51.79.79.51.79.51.6.50.5.79.79.51.63.55.35.51.1.79.50.xover.mutate.done 50
 generation 30.81.82.81.81.81.81.81.81.81.81.50.21.81.81.53.81.53.8.50.81.50.53.81.27.4.50.3.77.81.25.33.69.52.50.50.69.61.81.39.81.50.53.50.50.50.50.50.50.52.50.xover.mutate.done 50
 generation 31.88.85.85.85.85.85.85.85.85.85.53.9.9.85.53.4.85.4.75.15.53.3.6.50.44.20.50.9.50.50.56.53.4.85.6.85.85.4.85.85.53.20.4.85.82.50.53.53.20.53.xover.mutate.done 50
 generation 32.84.84.84.84.84.84.84.84.84.84.50.50.50.84.17.84.50.84.66.75.51.10.50.50.56.50.84.84.50.50.84.50.84.17.84.50.62.1.50.56.84.66.41.50.84.1.56.50.50.50.xover.mutate.done 50
 generation 33.82.81.81.81.81.81.81.81.81.81.81.56.66.52.2.50.12.74.4.68.18.81.81.56.81.22.71.63.56.62.68.74.81.81.81.52.27.22.41.50.47.52.81.4.50.2.52.63.81.52.xover.mutate.done 50
 generation 34.86.86.86.86.86.86.86.86.86.86.73.12.55.71.58.86.86.37.50.73.50.55.75.71.73.69.50.50.55.40.16.67.58.86.50.86.58.69.44.87.17.86.73.86.73.5.86.46.16.70.xover.mutate.done 50
 generation 35.81.79.79.79.79.79.79.79.79.79.79.67.50.53.3.50.50.40.50.56.79.56.79.50.34.53.79.68.52.50.79.52.59.10.69.30.26.27.79.2.53.56.53.39.53.68.56.53.56.70.xover.mutate.done 50
 generation 36.86.85.84.84.84.84.84.84.84.84.51.39.57.51.50.71.58.84.50.84.84.81.84.50.1.51.9.51.85.76.51.84.17.76.84.71.75.19.76.1.58.51.8.50.50.77.76.50.57.84.xover.mutate.done 50
 generation 37.93.91.90.91.90.90.90.90.90.90.80.46.50.50.83.83.90.50.90.50.9.90.70.90.46.90.76.90.13.76.0.50.90.91.78.46.90.50.40.50.90.15.50.61.4.76.17.76.50.61.xover.mutate.done 50
 generation 38.84.83.83.83.83.83.83.83.83.83.52.52.25.33.78.60.74.50.60.22.51.83.28.50.52.66.60.67.50.51.83.60.51.2.69.52.52.45.83.2.28.60.51.51.51.10.35.78.83.74.xover.mutate.done 50
 generation 39.91.90.90.90.88.88.88.88.88.88.51.59.52.2.61.43.29.53.73.50.60.27.59.59.90.50.50.69.9.90.50.88.2.59.50.51.69.50.83.50.88.88.52.67.88.2.50.59.13.85.xover.mutate.done 50
 generation 40.86.83.83.83.86.83.83.83.83.83.57.56.56.50.62.83.11.50.14.50.63.83.6.83.1.83.51.61.5.83.70.1.57.21.50.50.56.50.83.56.62.76.1.51.78.83.50.23.86.57.xover.mutate.done 50
 generation 41.89.90.90.86.86.86.86.86.85.85.57.51.51.85.85.43.57.2.44.46.65.51.50.85.51.77.51.55.51.47.31.46.51.38.61.75.77.44.90.57.57.11.51.51.85.51.86.64.68.51.xover.mutate.done 50
 generation 42.91.91.91.90.87.88.87.87.87.87.87.50.51.50.59.45.59.35.50.50.50.70.62.50.88.58.65.49.51.59.76.88.50.44.67.51.50.50.87.50.52.51.51.22.85.49.59.50.87.50.xover.mutate.done 50
 generation 43.90.90.90.90.89.90.89.90.90.90.73.58.81.86.90.55.50.50.61.32.90.51.81.41.55.46.74.51.20.90.38.50.20.46.51.36.55.58.82.50.50.73.51.50.86.50.90.73.46.58.xover.mutate.done 50
 generation 44.87.87.87.87.86.86.86.86.86.86.73.27.57.21.50.46.76.87.8.8.70.57.50.77.4.50.75.57.50.50.5.7.7.69.34.86.57.29.7.57.53.34.37.58.50.50.21.50.7.77.xover.mutate.done 50
 generation 45.91.91.91.91.91.92.93.93.93.92.55.50.37.28.50.1.1.44.42.28.50.87.1.1.69.61.55.85.50.18.93.55.17.50.48.21.50.74.55.50.63.50.51.53.63.50.60.69.51.50.xover.mutate.done 50
 generation 46.89.89.89.89.89.89.89.89.89.89.55.89.54.86.85.32.57.1.50.85.65.36.54.42.85.80.57.50.16.1.64.46.50.65.57.50.71.51.50.5.54.64.43.1.53.1.55.72.6.50.xover.mutate.done 50
 generation 47.87.87.87.87.87.86.87.87.87.86.67.76.50.46.38.87.85.50.58.38.59.65.54.45.76.50.44.1.37.19.23.50.67.76.50.76.76.76.69.39.58.46.50.59.58.31.51.36.78.50.xover.mutate.done 50
 generation 48.87.87.87.87.91.92.92.92.92.87.52.92.51.50.52.45.3.1.78.53.46.3.36.83.18.51.50.50.92.52.50.50.51.87.24.58.78.3.50.20.44.45.87.50.9.44.78.58.57.43.xover.mutate.done 50
 generation 49.87.87.87.87.87.87.86.86.86.86.49.32.86.87.50.2.50.50.61.50.51.51.51.51.63.16.50.51.52.46.9.47.39.50.55.44.7.42.48.50.50.43.45.50.50.51.86.79.1.50.xover.mutate.done 50
 22267414 iters     884422 iter/sec (25.18 s)
 total time: 25.18
