51 51 50 50 50 50 50 50 50 50 50 50 50 50 50 50 50 50 50 50 8 5 2 2 2 2 2 2 1 1 1 1 1 1 1 1 1 1 1 1 1 1 1 1 1 1 1 1 1 1 
51 51 51 51 51 51 50 50 50 50 50 50 50 50 50 50 50 50 50 50 50 50 50 50 50 50 50 50 50 50 23 23 9 1 1 1 1 1 1 1 1 1 1 1 1 1 1 1 1 0 
51 51 51 50 50 50 50 50 50 50 50 50 50 50 50 50 50 50 50 50 50 50 50 50 50 50 50 50 14 14 1 1 1 1 1 1 1 1 1 1 1 1 0 0 0 0 0 0 0 0 
61 50 50 50 50 50 50 50 50 50 50 50 50 50 50 50 50 50 50 50 50 50 50 50 50 50 50 50 50 12 8 0 0 0 0 0 0 0 0 0 0 0 0 0 0 0 0 0 0 0 
57 51 51 51 51 51 51 51 51 51 51 51 51 51 51 51 51 51 51 51 51 51 51 51 51 51 50 50 50 28 19 11 6 2 2 2 2 2 2 2 2 2 2 1 1 1 1 1 1 1 
60 57 51 51 51 51 51 51 51 51 51 51 51 51 51 51 51 50 50 50 50 50 50 50 50 50 50 50 44 33 13 11 9 1 1 1 1 1 1 1 1 1 1 1 1 1 1 0 0 0 
66 61 56 56 52 52 52 52 50 50 50 50 50 50 50 50 50 50 50 50 50 50 50 50 50 50 50 50 50 50 50 50 23 9 6 4 2 2 2 2 2 2 2 2 2 2 2 0 0 0 
74 63 59 57 55 54 54 51 51 51 51 51 51 51 51 51 51 51 51 50 50 50 50 50 50 32 26 20 8 7 6 4 3 3 1 1 1 1 1 1 1 1 1 1 1 1 1 1 1 0 
69 62 55 54 52 52 52 51 51 51 51 51 51 51 51 51 51 51 51 51 51 51 51 51 50 50 38 27 10 5 3 3 2 2 2 2 2 2 2 2 2 2 2 1 1 1 1 1 1 1 
81 68 68 66 63 63 63 61 61 61 61 60 51 51 51 51 51 51 51 50 50 50 49 47 35 30 30 30 27 14 12 12 12 12 11 10 1 1 1 1 1 1 1 1 1 1 1 1 0 0 
79 66 66 65 63 59 59 59 58 58 58 58 58 58 56 55 55 52 52 52 52 50 50 50 50 50 50 38 37 35 35 35 32 30 28 13 13 12 10 2 2 2 2 2 2 2 2 0 0 0 
73 66 63 61 56 55 55 55 55 55 55 55 55 55 55 55 55 55 52 51 51 51 50 50 50 50 48 37 34 34 32 31 27 26 26 26 24 18 17 16 6 6 6 5 1 1 1 1 0 0 
78 71 71 70 67 66 65 64 64 64 64 64 64 64 64 64 64 62 61 61 60 51 51 51 51 50 50 48 46 46 39 38 33 31 30 29 22 22 18 15 15 15 15 15 15 15 14 1 1 1 
78 70 69 69 69 66 65 63 62 62 62 61 60 60 60 60 60 60 60 59 59 59 56 52 52 52 52 52 51 51 51 50 50 50 50 50 50 42 37 36 34 32 30 28 19 19 17 2 2 2 
79 78 74 74 73 70 70 70 70 70 70 70 70 68 67 67 64 63 62 58 58 58 58 58 58 57 57 55 54 53 52 50 50 50 50 48 47 44 39 37 37 22 18 14 11 2 2 2 0 0 
82 82 82 81 80 78 78 78 78 73 67 67 65 65 65 65 65 65 64 64 64 64 63 62 62 62 62 60 51 51 51 51 51 50 50 48 47 44 35 33 30 28 25 13 12 2 1 1 1 1 
82 82 82 82 82 82 81 79 77 75 75 75 75 70 67 67 67 66 65 65 64 63 61 60 60 60 55 55 52 51 51 51 51 51 51 50 50 47 47 45 40 37 36 33 23 23 21 18 3 2 
82 82 82 82 82 82 82 82 82 82 82 82 82 81 81 78 77 76 71 67 64 64 64 62 60 60 51 51 51 51 51 51 51 51 50 50 50 50 50 50 42 42 33 27 22 2 2 2 1 1 
81 81 81 81 81 81 81 81 81 81 81 81 80 80 80 80 80 80 76 76 76 74 72 68 64 61 61 58 58 51 51 51 50 50 50 50 47 39 30 25 20 18 17 11 11 1 1 1 0 0 
80 80 80 80 80 80 80 80 80 80 80 80 80 80 80 80 80 80 80 77 77 77 77 77 77 76 69 68 63 61 61 60 58 51 51 51 50 50 50 50 41 41 40 30 25 19 17 14 12 1 
84 84 84 84 84 84 84 84 84 84 84 84 84 84 84 84 84 84 84 84 84 84 84 80 79 76 66 64 64 63 63 59 52 52 52 52 52 51 51 51 50 50 47 47 47 45 36 36 11 3 
77 77 77 77 77 77 77 77 77 77 77 77 77 77 77 77 77 77 77 77 75 75 74 71 71 71 66 64 55 53 52 52 51 51 51 51 51 51 50 50 44 43 43 40 17 3 3 3 3 3 
74 74 74 74 74 74 74 74 74 74 74 74 74 74 74 74 74 74 74 74 74 74 74 74 74 66 66 64 64 63 57 52 50 50 50 50 43 36 36 36 33 25 23 18 18 12 11 9 2 0 
79 79 79 79 79 79 79 79 79 79 79 79 79 79 79 79 79 79 79 79 79 79 79 79 79 79 79 79 79 78 78 70 69 56 55 50 50 50 50 50 50 50 50 50 50 46 44 38 34 21 
77 75 75 75 75 75 75 75 75 75 75 75 75 75 75 75 75 75 75 75 72 72 56 56 55 54 53 53 53 50 50 50 50 50 50 50 50 50 50 39 37 36 36 34 33 33 28 7 6 5 
78 78 78 78 78 78 78 78 78 78 78 78 78 78 78 78 78 78 78 78 77 77 77 77 58 55 53 53 53 53 53 53 52 50 50 50 50 50 50 50 50 43 39 34 34 29 14 9 3 3 
80 80 80 80 80 80 80 80 80 80 80 80 80 80 80 80 80 80 80 80 80 80 80 80 79 72 72 72 63 63 61 57 57 52 52 52 52 52 50 50 50 50 42 41 35 22 12 4 4 4 
79 79 79 79 79 79 79 79 79 79 79 79 79 79 79 79 79 79 79 79 79 79 77 77 76 73 61 61 60 60 60 52 52 52 50 50 50 50 50 50 50 48 46 44 35 24 20 19 14 0 
85 85 85 85 85 85 85 85 85 85 85 85 85 85 85 85 85 85 85 85 85 81 81 81 59 58 51 51 51 51 51 51 51 51 50 46 46 46 45 44 42 42 39 36 32 32 23 10 2 2 
72 72 72 72 72 72 72 72 72 72 72 72 72 72 72 72 72 72 72 72 72 72 72 72 72 72 72 70 69 60 54 52 52 52 51 51 51 51 51 38 31 31 31 31 29 21 12 12 11 3 
85 85 85 85 85 85 85 85 85 85 85 85 85 85 85 85 85 85 85 85 81 70 64 56 55 54 51 51 51 51 50 50 50 50 50 50 50 50 50 49 46 44 42 41 37 27 27 11 1 1 
74 74 74 74 74 74 74 74 74 74 74 74 74 74 74 74 74 71 70 70 70 70 65 51 51 51 51 51 51 51 51 51 51 51 51 50 50 41 41 40 37 37 37 35 33 29 23 9 8 6 
86 86 86 86 86 86 86 86 86 86 86 86 86 86 86 86 86 86 86 86 86 86 86 86 85 83 80 76 75 73 69 67 66 66 64 61 61 59 58 57 52 52 52 52 52 51 51 51 44 16 
87 87 87 87 87 87 87 87 87 87 87 87 87 87 87 87 87 87 87 87 87 87 85 82 75 75 74 74 72 59 54 54 54 54 54 53 51 51 51 51 51 47 42 41 25 14 13 12 5 5 
83 83 83 83 83 83 83 83 83 83 83 83 83 83 83 83 83 83 83 83 83 83 83 83 83 83 75 75 66 61 61 61 53 53 53 53 53 53 50 50 50 50 50 44 40 36 30 25 19 11 
82 82 82 82 82 82 82 82 82 82 82 82 82 82 82 82 82 82 82 82 82 82 82 81 77 60 59 50 50 50 50 50 50 50 50 50 50 40 39 39 35 34 31 31 31 26 6 6 0 0 
84 84 84 84 84 84 84 84 84 84 84 84 84 84 84 84 84 84 84 84 84 84 82 80 72 68 60 60 60 57 52 50 50 50 50 50 50 50 48 48 48 43 42 38 37 15 15 12 2 2 
82 82 82 82 82 82 82 82 82 82 82 82 82 82 82 82 82 82 82 82 82 82 82 82 82 81 60 60 54 50 50 50 50 50 50 50 50 50 50 50 50 49 46 42 39 36 10 0 0 0 
79 79 79 79 79 79 79 79 79 79 79 79 79 79 79 79 79 79 79 79 79 79 79 79 79 79 79 60 59 52 52 52 51 51 51 51 51 50 50 50 50 50 39 35 35 30 19 19 12 12 
80 80 80 80 80 80 80 80 80 80 80 80 80 80 80 80 80 79 78 63 63 57 57 57 57 51 51 51 51 51 51 51 51 51 51 51 50 50 50 50 50 50 46 43 42 40 32 29 29 1 
77 77 77 77 77 77 77 77 77 77 77 77 77 77 77 77 77 77 77 77 77 77 77 76 61 59 59 57 53 53 53 53 53 52 52 52 40 40 40 36 35 17 12 11 7 5 5 5 5 2 
76 76 76 76 76 76 76 76 76 76 76 76 76 76 76 76 76 76 76 76 76 76 76 56 51 51 51 51 50 50 50 50 50 50 42 39 27 27 26 26 20 9 1 1 1 1 1 1 1 1 
84 84 84 84 84 84 84 84 84 84 84 84 84 84 84 84 84 84 84 84 81 60 54 51 51 51 51 51 51 50 50 50 50 50 50 50 50 50 50 50 45 45 36 34 34 32 11 10 1 1 
85 85 85 85 85 85 85 85 85 85 85 85 85 85 85 85 85 85 85 85 85 85 85 85 85 85 85 85 85 85 51 51 50 50 50 50 50 50 50 50 46 44 41 39 36 36 28 21 1 0 
78 78 78 78 78 78 78 78 78 78 78 78 78 78 78 78 78 78 78 78 78 78 78 78 78 78 78 78 78 78 51 51 51 50 50 50 50 50 50 50 50 40 40 35 29 25 22 1 1 0 
75 75 75 75 75 75 75 75 75 75 75 75 75 75 75 75 75 75 75 75 75 75 75 75 62 61 51 51 51 50 50 50 50 50 50 50 50 50 50 42 41 39 35 28 25 25 12 12 11 1 
78 78 78 78 78 78 78 78 78 78 78 78 78 78 78 78 78 78 78 78 78 78 78 65 60 52 51 51 51 51 50 50 50 47 43 43 43 43 43 42 42 38 37 36 29 23 16 3 3 2 
78 78 78 78 78 78 78 78 78 78 78 78 78 78 78 78 78 78 76 76 56 56 56 55 51 51 50 50 50 50 50 50 50 50 50 50 50 45 44 44 44 40 32 27 26 23 16 12 6 0 
79 79 79 79 79 79 79 79 79 79 79 79 79 79 79 79 79 75 75 62 55 54 51 51 51 51 51 51 51 51 51 50 50 50 50 43 43 42 42 42 41 40 40 40 40 39 35 20 1 1 
81 81 81 81 81 81 81 81 81 81 81 81 81 81 81 81 81 81 81 81 81 81 79 74 74 74 73 73 65 65 62 59 52 52 51 51 51 51 51 41 39 39 33 33 32 21 20 16 12 3 
