50 50 50 50 50 50 50 50 50 50 50 50 50 50 50 50 8 4 2 2 2 2 2 2 2 2 2 2 2 2 2 2 2 2 2 2 2 2 2 0 0 0 0 0 0 0 0 0 0 0 
52 51 51 51 50 50 50 50 50 50 50 50 50 50 50 50 50 50 50 50 50 50 46 45 42 39 24 23 14 11 6 6 6 1 1 1 1 1 1 1 1 1 1 1 1 1 1 1 1 0 
50 50 50 50 50 50 50 50 50 50 50 50 50 50 50 50 50 50 50 50 50 50 50 50 50 50 50 50 50 47 44 42 10 8 6 5 0 0 0 0 0 0 0 0 0 0 0 0 0 0 
54 51 50 50 50 50 50 50 50 50 50 50 50 50 50 50 50 50 50 50 50 50 50 50 50 50 50 50 50 50 23 23 11 9 7 6 5 4 0 0 0 0 0 0 0 0 0 0 0 0 
51 51 51 51 51 51 51 50 50 50 50 50 50 50 50 50 50 50 50 50 50 50 50 50 50 50 50 50 50 50 50 50 50 47 29 22 17 15 13 11 11 9 8 1 1 0 0 0 0 0 
66 51 51 51 51 51 51 51 51 51 51 51 50 50 50 50 50 50 50 50 50 50 50 50 50 50 50 50 50 50 50 23 20 8 8 6 6 6 1 1 1 1 1 1 1 1 1 1 1 0 
67 52 52 52 52 52 52 52 52 52 52 52 52 52 52 52 52 52 52 50 50 50 50 50 50 50 50 50 50 33 10 8 3 3 2 2 2 2 2 2 2 2 2 2 2 2 2 2 2 0 
74 51 51 51 51 51 51 51 51 51 51 51 51 51 51 51 51 51 51 51 51 51 51 50 50 50 50 50 50 50 29 23 23 22 8 5 3 1 1 1 1 1 1 1 1 1 1 1 1 1 
70 70 58 52 52 52 52 52 52 52 52 52 52 52 52 52 52 52 52 52 52 52 52 52 52 52 52 52 52 52 52 52 52 51 38 26 21 18 12 9 3 3 3 3 3 3 2 2 2 1 
69 66 57 53 53 53 53 53 53 53 53 53 53 53 53 53 53 53 53 53 53 53 53 53 53 53 53 53 53 53 53 53 50 50 50 50 25 24 19 19 8 5 4 4 3 3 3 3 3 3 
63 62 61 54 54 54 51 51 51 51 51 51 51 51 51 51 51 51 51 51 51 51 51 51 51 51 51 51 51 51 51 51 51 51 51 50 50 50 17 8 2 2 2 2 2 2 2 2 2 1 
69 68 64 62 57 57 57 57 50 50 50 50 50 50 50 50 50 50 50 50 50 50 50 50 50 50 50 50 50 50 50 50 50 50 50 50 50 50 50 50 50 50 49 33 19 14 14 6 1 0 
73 73 69 69 69 69 69 69 56 56 56 56 56 56 51 51 51 51 51 51 51 51 51 51 51 51 51 51 51 51 51 51 51 51 51 51 47 47 37 26 24 24 24 24 20 14 2 2 2 2 
64 63 62 62 62 62 62 62 62 62 62 58 56 56 56 56 55 51 51 51 51 51 51 51 51 51 51 51 51 51 51 51 51 51 51 51 51 33 21 15 15 15 12 10 7 7 7 5 2 2 
65 65 65 64 63 63 63 63 63 63 63 63 63 63 63 62 62 59 56 51 51 51 51 51 51 51 51 51 51 51 51 51 51 51 51 51 51 51 18 17 15 15 15 10 7 5 3 3 3 1 
74 74 74 74 74 72 72 72 68 68 68 68 68 68 68 68 68 68 67 67 67 63 61 59 59 59 51 51 51 51 51 51 51 51 51 51 51 51 51 51 51 28 26 24 19 19 11 2 2 2 
69 67 67 67 67 67 65 65 65 64 64 64 64 64 64 64 64 64 64 63 62 62 59 59 51 51 51 51 51 51 51 51 51 51 51 51 51 34 28 23 20 20 20 20 19 4 4 4 4 1 
77 73 73 73 73 72 72 72 72 72 68 68 67 67 67 67 67 66 64 63 61 61 60 51 51 51 51 51 51 51 51 51 51 51 51 51 51 40 25 24 23 23 23 23 19 12 5 3 1 1 
71 70 69 63 63 63 63 63 62 62 62 62 62 60 60 60 60 60 60 60 58 56 56 55 55 54 54 50 50 50 50 50 50 50 50 50 50 43 43 43 35 33 15 13 10 6 5 0 0 0 
77 77 76 70 70 70 70 70 70 70 70 70 68 68 65 65 65 65 65 65 65 65 62 61 54 50 50 50 50 50 50 50 50 50 47 46 46 46 33 28 26 26 24 20 13 13 0 0 0 0 
75 71 71 71 66 66 66 66 66 66 66 66 65 65 65 65 65 64 63 62 62 62 55 50 50 50 50 50 50 50 50 50 50 50 44 40 36 36 36 36 30 29 28 17 17 17 17 17 16 1 
81 80 75 75 75 74 72 72 72 72 72 72 72 72 72 71 71 68 68 68 62 50 50 50 50 50 50 50 50 50 50 50 46 38 38 31 29 22 19 19 18 9 0 0 0 0 0 0 0 0 
79 79 78 76 76 76 75 75 75 75 67 67 67 67 65 65 65 65 60 56 51 51 51 51 51 51 51 50 50 50 50 46 46 46 43 43 22 21 17 17 16 16 16 7 1 1 1 1 1 0 
78 78 78 77 77 77 77 76 74 74 74 74 74 74 74 73 73 73 72 72 72 58 55 55 53 53 50 50 50 50 50 50 50 50 50 49 46 43 42 38 35 31 30 26 19 14 7 3 3 3 
80 80 80 80 80 80 80 80 80 80 74 74 71 70 70 70 70 70 70 70 70 70 70 68 60 50 50 50 50 50 50 50 50 50 50 50 50 50 50 49 49 40 37 26 25 20 10 5 0 0 
73 73 73 73 73 73 72 72 72 72 72 72 72 70 70 70 70 69 68 68 68 68 68 63 62 61 61 58 54 52 52 52 52 52 50 50 50 50 50 50 50 47 47 31 31 25 20 2 2 2 
87 87 87 87 87 87 87 87 87 86 86 86 86 86 86 86 86 81 78 78 78 66 62 60 60 60 60 54 52 52 52 52 52 52 52 52 52 51 51 51 51 50 32 11 11 10 10 3 3 2 
81 81 81 81 81 81 81 81 81 81 81 81 81 81 81 81 78 71 71 57 57 52 52 52 52 52 52 52 52 52 51 51 50 50 50 50 47 23 7 7 7 6 2 2 2 2 2 2 2 0 
80 80 80 80 80 80 80 80 80 80 80 79 79 79 79 75 71 71 71 57 57 57 54 54 51 51 51 51 51 51 51 51 51 51 51 51 51 51 50 50 47 37 32 30 17 9 8 8 7 2 
77 77 77 77 77 77 77 77 77 77 77 77 77 77 77 75 74 74 71 71 68 68 68 67 59 59 51 51 51 51 51 50 50 50 50 42 33 33 27 18 18 9 9 6 1 1 1 1 1 0 
82 82 82 82 82 82 82 82 82 82 82 82 82 82 82 82 82 82 81 80 77 71 67 58 50 50 50 50 50 50 50 50 50 50 50 50 50 50 50 50 50 50 16 10 8 8 8 0 0 0 
84 84 84 84 84 84 84 84 84 84 84 84 84 84 84 81 79 63 63 60 57 51 51 51 51 51 51 51 51 51 51 51 50 50 50 50 50 50 50 50 43 33 25 11 1 1 1 1 1 0 
80 80 80 80 80 80 80 80 80 80 80 80 80 80 79 78 78 78 76 67 54 54 51 51 51 51 51 51 50 50 50 50 50 35 32 30 23 22 20 7 7 4 4 4 1 1 1 0 0 0 
79 79 79 79 79 79 79 79 79 79 79 79 79 79 79 78 73 68 68 58 58 58 58 58 58 58 57 51 51 51 51 50 50 50 50 50 50 50 50 32 32 14 11 11 9 9 9 8 1 1 
75 75 75 75 75 75 75 75 75 75 75 75 75 75 75 75 75 74 74 74 59 59 59 58 58 58 52 52 52 52 52 52 52 52 52 52 50 50 50 49 31 28 27 27 17 17 14 12 11 4 
78 78 78 78 78 78 78 78 78 78 78 78 78 75 75 75 75 57 57 57 57 52 52 51 51 51 51 51 51 51 51 51 51 50 50 50 50 47 36 31 31 29 28 22 22 19 8 2 1 1 
79 79 79 79 79 79 79 79 79 79 79 79 79 79 76 76 74 74 70 70 59 59 59 59 59 58 55 53 51 51 51 51 51 51 51 51 51 51 51 51 49 41 35 27 26 2 2 2 1 1 
78 78 78 78 78 78 78 78 78 78 78 78 78 78 78 77 73 73 73 73 73 70 69 67 67 62 54 54 54 53 52 50 50 50 50 50 50 50 50 49 44 37 30 27 22 8 6 2 2 2 
77 77 77 77 77 77 77 77 77 77 77 77 77 77 77 77 77 77 77 77 74 72 70 69 69 67 61 56 55 55 55 55 55 52 50 50 50 50 50 50 50 22 22 21 18 11 8 7 2 2 
77 77 77 77 77 77 77 77 77 77 77 77 77 77 75 74 68 64 64 62 62 62 58 58 57 57 57 57 57 57 50 50 50 50 50 50 50 50 50 50 50 50 50 50 50 26 25 23 10 9 
77 77 77 77 77 77 77 77 77 77 77 77 77 77 77 77 77 77 74 68 66 64 61 59 58 58 58 51 51 51 51 51 51 50 50 50 50 46 46 19 17 13 10 10 10 10 8 3 3 3 
75 75 75 75 75 75 75 75 75 75 75 75 75 75 75 75 75 75 75 75 75 62 57 57 57 57 54 50 50 50 50 50 50 50 50 50 50 35 25 12 10 10 7 7 7 0 0 0 0 0 
84 84 84 84 84 84 84 84 84 84 84 84 84 84 84 84 84 81 81 79 70 58 58 52 52 52 52 52 52 52 50 50 50 50 49 49 49 48 44 38 37 32 18 15 10 9 9 3 1 1 
84 84 84 84 84 84 84 84 84 84 84 84 84 84 84 84 84 84 83 83 83 63 63 63 62 52 52 52 52 52 52 52 50 46 45 41 41 36 36 34 27 24 23 16 14 6 2 2 2 0 
73 73 73 73 73 73 73 73 73 73 73 73 73 73 73 73 72 71 67 61 58 52 52 52 52 52 52 52 52 52 52 52 52 52 52 51 50 34 32 32 25 24 13 12 12 12 12 3 3 2 
82 82 82 82 82 82 82 82 82 82 82 82 82 82 82 82 82 82 82 82 73 60 51 50 50 50 50 50 50 50 50 50 50 50 50 50 42 34 32 18 17 11 11 11 1 1 1 1 1 1 
82 82 82 82 82 82 82 82 82 82 82 82 82 82 82 82 81 81 81 73 68 68 68 68 59 51 51 51 51 51 51 51 51 51 51 51 51 50 39 34 32 31 29 17 10 10 10 2 2 1 
79 79 79 79 79 79 79 79 79 79 79 79 78 75 74 74 73 73 71 70 70 67 51 51 51 51 51 51 51 51 50 50 50 50 50 49 37 32 32 32 30 30 25 23 12 10 9 1 1 1 
82 82 82 82 82 82 82 82 82 82 82 82 82 82 82 82 82 82 78 71 52 52 52 52 52 52 52 52 52 52 52 52 52 52 52 52 52 51 50 50 50 45 34 22 16 12 9 3 1 1 
74 74 74 74 74 74 74 74 74 74 74 74 74 74 74 74 74 73 69 67 67 60 60 51 51 51 51 51 51 51 51 51 51 51 50 45 42 33 24 22 19 17 15 10 10 1 1 1 1 0 
