50 50 50 50 50 50 50 50 50 50 50 50 50 50 50 50 50 50 50 50 43 36 23 6 3 0 0 0 0 0 0 0 0 0 0 0 0 0 0 0 0 0 0 0 0 0 0 0 0 0 
55 52 50 50 50 50 50 50 50 50 50 50 50 50 50 50 50 50 50 50 50 50 50 50 50 40 31 22 16 15 8 4 2 2 2 2 2 2 2 2 2 2 2 2 2 2 0 0 0 0 
68 51 50 50 50 50 50 50 50 50 50 50 50 50 50 50 50 50 50 50 50 50 50 50 50 50 50 42 28 28 22 21 11 8 7 1 1 1 1 1 1 1 1 1 1 1 1 0 0 0 
66 60 60 52 51 51 51 50 50 50 50 50 50 50 50 50 50 50 50 50 50 50 50 50 50 50 50 50 50 50 50 50 41 8 3 3 3 3 2 2 2 2 2 2 2 2 1 1 1 1 
62 56 56 54 50 50 50 50 50 50 50 50 50 50 50 50 50 50 50 50 50 50 50 50 50 50 50 50 50 50 50 50 48 8 5 0 0 0 0 0 0 0 0 0 0 0 0 0 0 0 
60 54 54 52 52 52 52 52 52 52 52 52 52 50 50 50 50 50 50 50 50 50 50 50 50 50 49 37 19 5 2 2 2 2 2 2 2 2 2 2 0 0 0 0 0 0 0 0 0 0 
57 57 56 53 53 53 53 53 53 53 53 53 53 53 53 53 50 50 50 50 50 50 50 50 50 39 13 3 3 3 3 3 3 3 3 3 3 3 3 3 3 3 3 3 0 0 0 0 0 0 
69 65 65 53 53 53 53 53 53 53 53 53 53 53 53 53 53 50 50 18 18 15 14 7 3 3 3 3 3 3 3 3 3 3 3 3 3 3 3 3 3 3 3 0 0 0 0 0 0 0 
60 58 58 51 51 51 51 51 51 51 51 51 51 51 50 50 35 16 10 9 9 9 6 2 2 2 2 2 2 2 2 2 2 2 1 1 1 1 1 1 1 1 1 1 1 1 1 1 1 1 
58 57 57 50 50 50 50 50 50 50 50 50 50 50 50 50 50 50 50 50 50 50 28 28 28 12 11 11 9 9 1 0 0 0 0 0 0 0 0 0 0 0 0 0 0 0 0 0 0 0 
67 66 66 66 50 50 50 50 50 50 50 50 50 50 50 50 50 50 50 50 50 50 50 50 50 50 50 50 50 50 45 17 8 2 2 2 2 2 2 2 2 2 2 2 2 2 0 0 0 0 
71 68 68 68 68 52 52 52 52 52 52 52 52 52 52 52 52 52 52 52 52 50 50 50 50 50 50 50 50 38 14 11 2 2 2 2 2 2 0 0 0 0 0 0 0 0 0 0 0 0 
62 62 62 62 62 62 57 52 52 52 52 52 52 52 52 52 52 52 52 52 52 52 52 50 50 50 50 50 50 50 50 50 50 11 2 2 2 2 2 2 2 2 2 2 2 2 0 0 0 0 
60 60 60 60 60 60 60 60 60 51 51 51 51 51 51 51 51 51 51 51 50 50 50 50 33 26 3 2 1 1 1 1 1 1 1 1 1 1 1 1 0 0 0 0 0 0 0 0 0 0 
62 60 60 60 60 60 60 60 60 60 60 60 60 51 51 51 51 50 50 50 28 7 4 4 4 4 4 4 4 4 4 3 3 3 3 3 3 3 3 3 3 1 1 1 1 1 1 1 1 1 
68 65 65 65 65 65 65 65 65 65 65 65 65 65 64 51 50 50 50 50 50 15 14 6 5 5 1 1 1 1 1 1 1 1 1 1 1 1 1 1 0 0 0 0 0 0 0 0 0 0 
62 58 58 58 58 58 58 58 58 58 58 58 58 58 58 58 58 58 54 50 50 50 50 50 50 42 42 11 5 0 0 0 0 0 0 0 0 0 0 0 0 0 0 0 0 0 0 0 0 0 
71 69 63 63 62 61 61 61 61 61 61 61 61 61 61 61 61 61 61 61 61 61 50 50 50 34 12 6 0 0 0 0 0 0 0 0 0 0 0 0 0 0 0 0 0 0 0 0 0 0 
64 64 64 64 64 57 57 57 57 57 57 57 57 57 57 57 57 57 57 57 57 54 54 52 50 41 8 8 8 8 8 2 2 2 2 2 2 2 2 1 1 1 1 1 1 1 1 1 1 1 
73 73 73 73 73 73 73 70 68 68 67 67 67 67 67 67 67 67 67 67 66 66 66 66 66 63 50 42 42 40 40 10 8 3 3 3 3 3 3 3 3 3 3 3 3 3 3 3 3 0 
78 73 73 73 73 73 69 69 69 69 66 66 65 64 64 64 64 62 62 62 62 61 54 54 54 53 43 43 38 36 25 21 20 15 15 5 1 1 1 1 1 1 1 1 1 1 1 1 1 1 
77 76 76 76 76 69 65 65 65 65 65 65 65 65 65 65 65 58 58 58 57 56 56 56 56 56 40 40 36 24 22 18 15 15 14 3 1 1 1 1 1 1 1 1 1 1 1 1 1 0 
84 80 80 78 78 77 77 77 77 75 72 70 70 70 70 70 70 63 57 56 48 44 41 39 35 32 19 17 16 16 16 15 6 6 6 6 6 4 1 1 1 1 1 1 1 1 1 0 0 0 
88 83 83 82 82 82 81 81 81 81 81 80 80 80 69 69 68 65 61 59 59 57 57 55 44 42 32 30 28 27 9 4 4 4 4 4 4 4 0 0 0 0 0 0 0 0 0 0 0 0 
83 80 80 79 79 79 78 78 78 78 78 76 76 73 65 65 63 59 57 57 57 56 51 48 44 33 29 24 24 22 21 12 11 11 2 2 1 1 1 1 1 1 1 0 0 0 0 0 0 0 
83 82 82 82 82 81 80 80 80 78 78 68 68 68 68 59 52 52 49 48 47 42 42 41 35 34 27 26 23 23 13 13 13 13 11 11 11 11 11 3 3 3 3 3 3 2 2 2 2 1 
79 79 79 79 78 73 73 73 73 71 71 71 71 71 68 68 62 62 62 58 56 54 51 44 19 18 10 10 10 10 10 9 9 9 9 9 8 8 8 8 8 8 2 2 2 2 2 2 2 2 
90 87 86 86 86 86 86 86 86 86 86 84 84 84 84 82 82 82 82 82 81 63 52 52 50 36 17 17 9 9 9 9 9 9 9 9 9 9 9 9 9 3 2 2 2 2 2 1 1 1 
89 88 88 88 88 88 87 87 87 87 87 86 85 85 85 85 85 85 84 84 76 49 40 23 3 2 2 2 2 2 2 2 2 2 2 2 0 0 0 0 0 0 0 0 0 0 0 0 0 0 
87 86 86 86 86 86 85 85 85 83 83 83 81 80 78 78 78 78 78 64 56 55 29 8 8 8 8 7 7 6 6 6 6 6 6 6 6 5 5 2 2 2 2 2 2 2 2 2 2 0 
89 88 86 86 86 86 86 85 85 85 85 85 85 82 81 81 78 78 65 58 57 43 39 36 19 8 8 5 5 5 5 5 5 5 5 5 5 5 5 5 2 2 2 2 2 2 2 2 2 2 
92 91 91 91 91 91 91 91 91 89 89 89 89 88 88 88 88 88 88 86 86 84 84 84 84 83 79 79 74 64 55 53 50 28 11 10 10 10 10 10 10 10 2 2 2 2 2 2 2 2 
85 84 84 84 84 84 84 84 84 84 84 84 84 84 84 84 84 84 83 83 83 80 79 76 76 76 75 72 68 67 63 56 8 4 4 4 4 4 4 3 3 0 0 0 0 0 0 0 0 0 
79 79 79 79 79 79 79 79 79 79 79 79 79 79 79 79 79 79 78 78 78 78 75 74 73 68 65 65 63 61 56 56 54 35 11 11 11 11 11 11 3 3 3 3 3 3 3 3 0 0 
84 84 84 84 84 84 84 84 84 84 84 84 84 84 84 84 84 83 83 82 82 82 81 78 74 74 63 63 63 61 59 59 39 24 11 9 9 9 9 9 9 9 9 3 3 3 3 3 2 2 
84 84 84 84 84 84 84 84 84 84 84 84 84 84 84 84 84 84 84 84 84 70 61 55 46 18 18 18 18 4 2 2 2 2 2 2 2 2 2 1 1 1 1 1 1 1 1 0 0 0 
78 77 77 76 76 76 76 76 76 76 76 76 76 76 76 75 75 75 72 67 67 67 49 24 24 24 11 9 9 9 9 9 9 9 9 9 9 8 8 8 8 1 1 1 1 1 1 1 0 0 
88 85 85 85 85 85 85 85 85 85 85 85 85 85 85 85 85 84 82 73 54 53 41 41 37 33 29 29 20 18 17 15 9 8 8 8 8 8 8 2 2 2 2 2 2 2 2 2 2 2 
83 83 83 83 83 83 83 83 83 83 83 83 83 83 83 83 83 83 83 83 83 83 82 82 81 80 76 74 57 45 5 5 5 5 5 5 5 5 5 5 5 5 5 0 0 0 0 0 0 0 
90 89 89 89 89 89 89 89 89 89 89 89 89 89 89 89 89 89 89 89 89 89 89 80 80 80 76 64 54 54 50 48 45 16 15 9 7 7 7 7 7 7 7 7 2 2 2 2 2 2 
88 88 88 88 88 88 88 88 88 88 88 88 88 88 88 88 88 87 87 86 86 86 86 86 74 72 72 66 66 50 47 47 45 25 6 6 6 6 6 1 1 1 1 1 1 1 1 1 0 0 
87 87 87 86 85 85 85 85 85 85 85 85 85 85 85 85 85 85 85 85 85 85 85 85 85 85 85 77 76 75 75 75 61 36 36 33 33 33 6 6 6 0 0 0 0 0 0 0 0 0 
82 81 81 81 79 79 79 79 79 79 79 79 79 79 79 79 79 78 78 78 73 73 73 68 68 61 61 61 59 59 59 55 29 19 14 14 11 11 11 11 10 10 10 3 3 3 3 3 3 3 
93 93 93 93 93 93 93 91 91 91 91 91 91 91 91 91 91 91 90 89 89 89 87 82 78 77 77 76 72 72 72 72 72 62 61 18 12 1 1 1 1 1 1 1 1 1 1 1 0 0 
86 86 86 86 86 86 86 86 86 86 86 86 84 84 84 84 84 84 84 83 83 76 76 75 62 62 60 38 38 34 23 7 7 6 6 5 5 5 2 2 2 2 2 2 2 1 1 1 1 1 
84 81 81 81 81 81 81 81 81 81 81 81 80 79 78 77 76 76 74 73 70 70 68 64 64 58 41 35 17 6 6 6 6 6 6 6 6 6 6 4 4 4 4 4 2 2 2 2 2 2 
87 87 87 87 87 87 87 87 87 87 86 85 84 83 79 76 10 9 9 9 9 9 9 9 9 9 9 9 9 0 0 0 0 0 0 0 0 0 0 0 0 0 0 0 0 0 0 0 0 0 
86 86 86 86 86 86 86 86 86 86 84 84 81 81 75 72 31 22 8 8 7 7 7 7 7 7 7 7 7 7 7 7 7 1 1 1 1 1 1 1 0 0 0 0 0 0 0 0 0 0 
83 82 80 80 79 79 79 79 79 79 79 79 79 79 79 79 79 79 79 78 76 59 44 24 23 17 9 7 4 4 4 3 3 3 3 3 3 3 3 2 2 2 2 2 2 2 2 1 1 1 
91 90 90 90 90 90 90 90 90 90 90 89 89 89 89 89 89 88 88 88 87 86 86 85 84 84 84 83 61 55 15 12 12 12 12 11 11 11 11 11 11 11 11 5 5 5 5 3 3 2 
