50 50 50 50 50 50 50 50 50 50 50 13 10 4 3 3 3 3 3 3 3 3 3 3 3 3 3 2 2 2 2 2 2 2 2 2 2 2 2 1 1 1 1 1 1 1 1 1 1 1 
51 50 50 50 50 50 50 50 50 50 50 50 50 50 50 50 50 50 50 50 36 25 21 16 16 16 16 11 9 1 1 1 1 1 1 1 1 1 1 1 1 1 1 1 1 1 1 0 0 0 
53 50 50 50 50 50 50 50 50 50 50 50 50 50 50 50 50 50 50 50 50 50 50 50 50 50 50 50 50 42 41 21 9 6 6 5 1 1 1 1 1 1 1 1 1 1 1 1 1 0 
53 53 53 53 53 53 50 50 50 50 50 50 50 50 50 50 50 50 50 50 50 50 50 50 50 50 50 44 23 19 12 12 12 5 5 5 5 5 3 3 3 2 2 2 2 2 2 2 2 2 
51 51 50 50 50 50 50 50 50 50 50 50 50 50 50 50 50 50 50 50 50 50 50 50 50 50 48 16 10 8 5 5 1 1 1 1 1 1 1 1 1 1 1 1 0 0 0 0 0 0 
52 52 51 51 51 51 51 51 51 51 51 51 51 51 51 51 51 51 50 50 50 50 50 50 50 50 50 48 28 14 12 3 3 3 3 3 3 2 2 2 2 2 1 1 1 1 1 1 1 1 
79 50 50 50 50 50 50 50 50 50 50 50 50 50 50 50 50 50 50 50 50 50 50 50 50 50 50 50 50 8 8 6 0 0 0 0 0 0 0 0 0 0 0 0 0 0 0 0 0 0 
82 51 51 51 50 50 50 50 50 50 50 50 50 50 50 50 50 50 50 50 50 50 50 50 50 50 50 50 50 50 50 50 50 50 50 50 50 50 5 4 1 1 1 1 1 1 1 0 0 0 
84 84 50 50 50 50 50 50 50 50 50 50 50 50 50 50 50 50 50 50 50 50 50 50 50 50 50 50 50 50 50 50 50 50 50 50 50 45 45 35 34 16 16 10 9 0 0 0 0 0 
85 85 85 52 52 52 52 52 52 52 52 52 52 52 52 52 50 50 50 50 50 50 50 50 50 50 50 50 50 50 50 50 37 36 36 32 15 8 2 2 2 2 2 2 2 2 2 2 0 0 
82 82 82 82 81 81 51 51 51 51 51 51 51 51 51 51 51 51 51 51 51 51 51 51 50 50 50 50 50 50 50 50 50 50 50 50 40 39 33 8 1 1 1 1 1 1 1 1 1 1 
81 81 81 81 81 80 80 80 80 53 51 51 51 51 51 51 51 51 51 51 51 51 51 51 51 51 51 51 50 50 50 50 50 50 38 24 24 24 24 22 19 15 7 7 6 1 1 1 1 0 
79 79 79 79 79 79 79 79 77 77 77 76 76 76 76 76 69 54 54 54 54 52 51 51 51 51 51 51 51 51 51 51 51 51 51 51 45 40 40 40 36 35 21 21 17 10 5 5 5 2 
79 79 79 79 79 79 79 79 79 79 79 79 79 78 78 78 78 78 77 77 76 76 73 55 54 54 54 54 51 50 50 50 50 44 43 40 40 30 24 18 12 10 9 9 1 1 1 1 1 1 
79 78 78 78 78 78 78 78 78 78 78 78 78 78 78 78 78 78 78 78 78 78 73 70 70 60 55 54 50 50 50 50 50 50 50 50 39 35 34 28 27 23 23 16 12 9 6 4 0 0 
85 85 85 85 85 85 85 85 85 85 85 85 84 84 84 84 84 82 75 62 62 50 50 50 50 50 50 50 50 50 50 50 48 46 39 36 35 34 34 29 25 24 16 12 11 10 10 8 0 0 
82 82 82 82 82 82 82 82 82 82 82 82 82 82 82 82 82 82 82 82 82 82 82 82 60 55 50 50 50 50 50 50 50 50 50 40 40 38 36 36 33 33 32 29 11 10 7 7 6 0 
80 80 80 80 80 80 80 80 80 80 80 80 80 80 80 80 80 80 80 80 80 80 80 80 80 80 80 80 50 50 50 50 50 50 42 40 38 38 36 35 35 35 35 35 30 25 19 7 2 2 
82 82 82 82 82 82 82 82 82 82 82 82 82 82 82 82 82 82 82 82 82 82 82 81 81 81 81 81 55 55 53 53 53 53 50 50 50 50 42 41 40 40 40 39 35 35 35 4 3 1 
73 73 73 73 73 73 73 73 73 73 73 73 73 73 73 73 73 73 73 56 55 52 52 52 52 52 52 52 50 50 50 50 50 50 50 43 40 36 28 28 28 28 25 25 20 13 11 9 4 2 
79 79 79 79 79 79 79 79 79 79 79 79 79 79 79 79 79 79 79 79 78 78 78 75 65 61 59 52 52 52 52 52 51 51 50 50 50 50 42 41 39 39 39 34 32 32 30 13 13 3 
74 74 74 74 74 74 74 74 74 74 74 74 74 74 74 74 74 74 74 74 74 73 73 68 57 54 53 50 50 50 50 50 50 50 50 50 50 32 32 30 27 24 24 24 24 23 11 4 0 0 
84 84 84 84 84 84 84 84 84 84 84 84 84 84 84 84 84 84 84 69 69 67 63 59 58 57 52 51 51 51 50 50 50 44 44 34 34 34 34 33 30 28 17 15 12 10 9 8 1 1 
87 87 87 87 87 87 87 87 87 87 87 87 87 87 87 87 87 87 87 87 87 86 72 66 64 63 52 51 51 51 51 51 51 50 47 42 42 42 40 40 40 39 39 39 39 39 35 29 17 13 
84 84 84 84 84 84 84 84 84 84 84 84 84 84 84 84 84 84 84 84 84 84 82 82 55 51 51 50 50 50 50 50 41 40 39 38 38 38 38 37 36 36 34 24 24 13 8 4 1 1 
81 81 81 81 81 81 81 81 81 81 81 81 81 81 81 81 81 81 81 81 81 81 81 76 76 58 57 56 52 52 50 50 50 50 39 39 38 38 38 38 38 33 33 33 32 15 11 2 2 2 
81 81 81 81 81 81 81 81 81 81 81 81 81 81 81 81 81 81 81 81 80 79 71 67 60 51 51 51 51 50 50 50 50 50 50 50 40 37 37 35 34 34 34 21 18 17 17 15 3 0 
79 79 79 79 79 79 79 79 79 79 79 79 79 79 79 79 79 79 79 78 78 78 77 75 62 51 51 51 50 50 50 50 42 42 40 40 40 40 39 33 30 30 30 30 29 21 16 11 10 1 
79 79 79 79 79 79 79 79 79 79 79 79 79 79 79 79 79 79 79 79 79 79 79 79 77 77 51 51 50 50 50 50 50 50 50 50 50 41 39 35 35 35 29 29 29 29 29 15 6 0 
79 79 79 79 79 79 79 79 79 79 79 79 79 79 79 79 79 79 79 79 79 78 77 77 77 77 75 69 58 58 52 52 52 52 52 52 52 52 52 50 50 50 50 44 38 38 37 31 31 2 
81 81 81 81 81 81 81 81 81 81 81 81 81 81 81 81 81 81 81 81 81 81 81 81 79 79 79 78 69 52 52 52 52 52 52 52 50 50 50 50 42 39 34 34 28 6 4 2 2 2 
77 77 77 77 77 77 77 77 77 77 77 77 77 77 77 77 77 77 77 77 77 77 77 77 77 77 77 77 77 76 67 67 53 53 53 53 53 53 53 53 53 50 50 43 43 31 3 3 3 3 
80 80 80 80 80 80 80 80 80 80 80 80 80 80 80 80 80 80 80 80 80 80 80 80 80 80 80 80 80 80 79 70 60 59 51 51 50 50 50 40 34 32 31 31 30 30 30 1 1 0 
82 82 82 82 82 82 82 82 82 82 82 82 82 82 82 82 82 82 82 82 82 82 82 82 82 82 81 59 55 52 52 52 52 52 52 52 50 50 50 50 50 50 38 35 32 12 11 9 9 2 
79 79 79 79 79 79 79 79 79 79 79 79 79 79 79 79 79 79 79 79 79 79 79 79 78 78 76 76 62 62 56 51 51 51 50 50 50 50 50 50 50 50 50 38 29 29 14 12 7 1 
82 81 81 81 81 81 81 81 81 81 81 81 81 81 81 81 81 81 81 81 81 81 81 81 71 66 66 66 63 59 51 51 51 51 50 50 50 50 50 50 50 50 50 50 45 27 20 14 5 1 
86 85 85 85 85 85 85 85 85 85 85 85 85 85 85 85 85 85 85 85 85 85 85 85 81 81 78 60 60 59 51 51 51 51 50 50 48 41 41 39 39 35 35 35 35 34 15 13 10 10 
81 81 80 80 80 80 80 80 80 80 80 80 80 80 80 80 80 80 79 79 68 67 60 55 52 52 51 51 51 51 45 44 42 41 41 41 41 41 41 41 31 31 31 31 31 30 23 10 3 3 
82 82 82 82 82 82 82 82 82 82 82 82 82 82 82 82 82 82 82 82 82 82 82 82 80 80 62 61 50 50 50 50 50 50 50 41 38 38 37 37 37 37 37 33 32 28 21 6 0 0 
82 81 81 81 81 81 81 81 81 81 81 81 81 81 81 81 81 81 81 81 81 81 81 81 63 63 63 60 56 53 53 53 53 50 50 48 43 43 42 36 34 34 34 14 12 12 12 12 4 3 
78 77 76 76 76 76 76 76 76 76 76 76 76 76 76 76 76 75 74 71 67 66 63 58 58 58 58 55 53 50 50 50 50 50 50 50 50 48 43 35 34 29 29 29 20 20 17 11 3 0 
80 79 79 79 78 78 78 78 78 78 78 78 78 78 78 78 78 78 78 77 62 62 62 62 54 51 50 50 50 50 50 46 41 37 36 35 30 30 30 29 29 28 20 18 12 12 6 1 0 0 
80 79 78 78 78 78 78 78 78 78 78 78 78 78 78 78 78 78 78 78 78 77 77 77 77 77 68 56 56 51 51 51 50 50 50 50 50 50 41 39 39 36 34 29 28 16 15 10 7 5 
85 85 83 83 83 83 83 83 81 80 80 80 80 80 80 80 80 80 80 80 80 80 80 69 63 63 63 57 56 56 56 55 54 51 51 51 51 50 50 40 37 37 37 37 37 36 31 14 14 2 
90 90 89 88 88 88 88 88 88 88 88 87 87 87 87 87 87 87 87 87 87 87 85 75 75 64 63 57 56 54 54 54 50 50 50 50 50 50 50 49 47 44 42 38 25 11 4 4 4 0 
84 83 83 83 83 81 80 80 80 80 80 80 80 80 80 80 80 80 80 80 80 80 80 80 80 80 79 79 78 76 76 76 71 70 60 51 51 51 51 44 42 40 33 32 31 31 16 15 14 10 
85 85 85 85 85 85 82 82 81 81 81 81 81 81 81 80 79 79 76 74 67 58 56 56 56 54 51 51 51 51 50 50 48 45 44 42 40 40 39 36 32 30 28 13 13 10 7 7 7 1 
86 86 86 86 85 85 85 85 85 85 85 85 85 85 85 85 83 83 83 83 83 83 83 82 82 80 71 71 63 61 59 57 50 50 50 50 50 50 39 35 35 33 31 30 14 12 8 8 7 0 
88 88 88 88 88 88 88 88 88 88 88 88 88 88 88 88 88 87 87 87 87 84 81 66 64 62 62 59 57 55 51 51 51 51 51 50 50 50 50 50 47 38 27 19 18 14 12 12 1 1 
87 87 87 87 86 86 86 86 86 86 86 86 86 86 86 86 86 86 86 86 86 86 86 86 78 78 77 76 75 71 61 59 59 57 51 51 51 51 50 50 50 50 50 50 50 50 43 24 14 1 
