50 50 50 50 50 50 50 50 50 50 50 50 38 35 28 7 3 3 1 1 1 1 1 1 1 1 1 1 1 1 1 1 1 1 1 1 1 1 1 1 1 1 1 0 0 0 0 0 0 0 
52 52 50 50 50 50 50 50 50 50 50 50 50 50 50 50 50 50 50 50 50 50 50 50 50 34 20 11 6 6 6 5 2 2 2 2 2 2 2 2 2 2 2 2 2 2 2 0 0 0 
50 50 50 50 50 50 50 50 50 50 50 50 50 50 50 50 50 50 50 50 50 50 50 50 50 50 50 50 50 50 50 50 47 40 34 12 11 4 0 0 0 0 0 0 0 0 0 0 0 0 
53 53 50 50 50 50 50 50 50 50 50 50 50 50 50 50 50 50 50 50 50 50 50 50 50 50 50 50 50 50 50 34 8 8 3 3 3 3 3 3 3 3 3 3 3 3 3 3 0 0 
56 52 52 52 52 52 52 52 52 52 50 50 50 50 50 50 50 50 50 50 50 50 50 50 50 50 50 50 50 50 50 50 50 50 50 50 50 50 20 16 14 12 2 2 2 0 0 0 0 0 
53 50 50 50 50 50 50 50 50 50 50 50 50 50 50 50 50 50 50 50 50 50 50 50 50 50 50 50 50 50 50 50 50 50 36 10 8 4 0 0 0 0 0 0 0 0 0 0 0 0 
51 51 51 51 51 51 51 51 51 51 51 51 51 51 51 51 51 51 51 51 51 51 51 51 51 51 51 51 50 50 50 50 50 50 50 50 50 45 43 7 3 3 1 1 1 1 1 0 0 0 
55 52 52 52 52 52 52 52 52 52 52 52 52 52 52 52 52 52 52 52 52 52 52 52 52 52 52 50 50 50 50 50 50 50 50 50 50 36 27 9 2 2 2 2 2 2 2 2 2 0 
58 57 57 51 50 50 50 50 50 50 50 50 50 50 50 50 50 50 50 50 50 50 50 50 50 50 50 50 50 50 50 50 50 50 50 50 50 50 50 50 50 50 42 1 1 1 1 1 1 1 
56 56 56 56 56 51 51 51 51 51 51 51 51 51 51 51 51 51 51 51 51 51 51 51 51 51 51 51 51 51 51 51 51 51 51 51 51 51 50 50 39 37 23 11 11 2 2 2 1 1 
78 59 56 56 56 56 55 55 55 55 51 50 50 50 50 50 50 50 50 50 50 50 50 50 50 50 50 50 50 50 50 50 50 50 50 50 50 50 50 43 32 29 22 6 1 1 1 1 0 0 
82 82 60 60 56 56 56 56 56 56 56 54 54 54 54 54 54 54 54 51 51 50 50 50 50 50 50 50 50 50 50 50 50 50 50 50 50 50 43 43 39 36 36 35 32 22 7 1 1 1 
78 78 78 78 57 57 55 54 54 54 54 54 54 54 54 54 54 54 54 53 53 53 53 51 51 51 51 51 51 51 51 51 51 51 44 37 35 35 33 14 12 10 9 7 7 7 7 4 4 4 
79 79 79 79 79 79 79 79 66 66 63 62 62 60 60 60 60 60 60 60 60 60 60 60 57 57 57 51 51 51 51 51 51 51 47 39 38 36 36 33 17 17 13 11 8 2 2 2 1 1 
78 78 78 78 78 78 78 78 78 78 78 78 78 59 59 59 58 58 57 57 53 53 53 53 53 53 53 53 53 52 52 52 50 50 37 37 35 35 32 31 31 31 31 18 18 10 10 9 5 2 
79 79 79 79 79 79 79 79 79 79 79 79 79 79 79 79 62 56 56 55 53 50 50 50 50 50 50 50 50 50 50 50 50 34 34 34 34 32 32 29 24 18 17 16 11 3 0 0 0 0 
83 83 83 83 83 83 83 83 83 83 83 83 83 83 83 83 83 83 83 83 83 51 51 51 51 51 51 50 50 45 44 42 41 39 38 37 36 36 34 34 34 34 34 27 8 8 8 6 5 1 
83 83 83 83 83 83 83 83 83 83 83 83 83 83 83 83 83 83 83 83 83 73 58 55 51 51 50 50 50 41 39 38 36 34 33 33 33 33 33 33 33 33 32 27 26 11 1 1 1 1 
77 77 77 77 77 77 77 77 77 77 77 77 77 77 77 77 77 77 77 77 77 77 77 77 77 67 57 55 55 51 51 51 51 51 51 51 51 51 50 50 35 31 28 13 7 3 2 2 1 1 
78 78 78 78 78 78 78 78 78 78 78 78 78 78 78 78 78 65 65 65 56 53 50 50 50 50 50 50 50 50 50 50 50 50 33 33 32 32 32 32 32 31 28 28 28 25 3 0 0 0 
78 78 78 78 78 78 78 78 78 78 78 78 78 78 78 78 78 78 78 78 78 78 71 62 61 55 50 50 50 50 50 50 47 42 35 35 33 32 31 28 26 21 11 11 11 11 5 0 0 0 
86 86 86 86 86 86 86 86 86 86 86 86 86 86 86 86 86 86 86 72 72 70 58 58 51 51 51 51 51 51 51 51 50 50 50 50 45 44 37 37 36 36 36 36 10 10 10 9 1 1 
80 80 80 80 80 80 80 80 80 80 80 80 80 80 80 80 80 80 80 80 80 68 50 50 50 50 50 50 50 50 50 50 45 36 36 36 36 36 35 30 15 5 3 3 3 0 0 0 0 0 
84 84 84 84 84 84 84 84 84 84 84 84 84 84 84 84 84 84 84 84 84 84 84 84 84 84 84 84 84 84 84 84 74 52 52 51 51 51 51 51 50 50 42 42 42 41 39 36 8 3 
78 78 78 78 78 78 78 78 78 78 78 78 78 78 78 78 78 78 78 78 78 78 78 78 78 78 78 78 78 77 77 77 71 71 61 50 50 50 50 50 50 50 50 50 50 50 50 28 6 6 
74 74 74 74 74 74 74 74 74 74 74 74 74 74 74 74 74 74 74 74 74 74 74 74 74 74 64 62 53 50 50 50 50 50 50 50 50 50 50 50 45 45 34 34 32 24 24 22 4 4 
79 79 79 79 79 79 79 79 79 79 79 79 79 79 79 79 79 79 79 79 79 79 79 79 79 79 79 79 79 78 59 58 52 51 50 50 50 50 50 50 50 50 50 37 30 30 26 6 1 1 
78 78 78 78 78 78 78 78 78 78 78 78 78 78 78 78 78 78 78 78 78 78 78 78 78 78 78 78 78 78 78 57 51 51 51 51 51 51 51 51 51 35 32 31 29 2 2 2 2 2 
81 81 81 81 81 81 81 81 81 81 81 81 81 81 81 81 81 81 81 81 81 81 81 81 81 81 81 81 58 58 58 52 52 52 52 52 52 50 50 50 50 50 37 33 33 32 10 2 2 0 
77 77 77 77 77 77 77 77 77 77 77 77 77 77 77 77 77 77 77 77 77 77 77 77 77 77 77 77 77 77 57 57 57 57 57 51 51 51 51 50 34 34 28 28 21 10 7 6 4 2 
84 84 84 84 84 84 84 84 84 84 84 84 84 84 84 84 84 84 84 84 84 84 84 84 84 84 84 84 73 69 64 63 55 55 52 52 52 52 52 50 48 46 42 36 36 33 21 18 9 4 
74 74 74 74 74 74 74 74 74 74 74 74 74 74 74 74 74 74 74 74 74 74 74 74 73 51 51 51 50 50 50 50 50 50 50 41 41 41 33 29 29 29 27 14 3 3 1 1 1 1 
84 84 84 84 84 84 84 84 84 84 84 84 84 84 84 84 84 84 84 84 84 84 84 84 84 84 84 84 84 84 84 80 80 75 73 56 51 51 51 51 51 44 41 40 8 5 2 2 2 2 
76 76 76 76 76 76 76 76 76 76 76 76 76 76 76 76 76 76 76 76 76 76 76 76 76 76 76 76 74 72 67 64 54 50 50 50 46 46 46 36 33 29 26 26 26 26 17 5 5 5 
76 76 76 76 76 76 76 76 76 76 76 76 76 76 76 76 76 76 76 76 76 76 76 72 64 58 53 53 53 53 50 50 50 50 50 50 50 50 50 50 50 49 45 45 44 35 34 31 29 3 
78 78 78 78 78 78 78 78 78 78 78 78 78 78 78 78 78 78 78 78 78 78 78 78 78 78 78 78 78 53 51 50 50 50 50 50 50 50 50 50 50 36 33 31 31 29 8 1 1 1 
79 79 79 79 79 79 79 79 79 79 79 79 79 79 79 79 79 79 79 79 79 79 79 79 79 79 71 57 57 51 51 51 50 50 50 50 50 50 48 48 41 41 39 34 30 29 16 13 11 1 
78 78 78 78 78 78 78 78 78 78 78 78 78 78 78 78 78 78 78 78 78 78 78 68 68 68 65 58 57 55 50 50 50 50 50 50 50 50 50 44 28 28 28 28 21 0 0 0 0 0 
83 83 83 83 83 83 83 83 83 83 83 83 83 83 83 83 83 83 83 83 83 83 83 83 83 81 76 76 68 68 58 54 51 51 51 51 51 51 50 50 50 50 50 45 34 34 34 34 8 2 
78 78 78 78 78 78 78 78 78 78 78 78 78 78 78 78 78 78 78 78 78 78 78 78 78 78 78 76 76 68 53 53 51 51 51 51 51 51 50 50 50 49 34 34 31 9 2 1 1 1 
78 78 78 78 78 78 78 78 78 78 78 78 78 78 78 78 78 78 78 78 78 78 78 78 78 78 78 71 55 54 54 54 54 52 52 52 52 52 52 52 52 51 51 50 50 48 29 29 12 3 
79 79 79 79 79 79 79 79 79 79 79 79 79 79 79 79 79 79 79 79 79 79 78 78 65 64 64 64 64 63 63 61 61 52 52 52 52 52 49 48 45 43 30 29 29 29 29 29 9 2 
80 80 80 80 80 80 80 80 80 80 80 80 80 80 80 80 80 80 80 80 80 80 80 80 80 80 80 69 69 62 62 62 62 62 62 57 50 50 50 33 32 32 31 31 31 31 13 8 6 1 
83 83 83 83 83 83 83 83 83 83 83 83 83 83 83 83 83 83 83 83 83 83 83 83 82 79 71 71 71 65 64 61 61 61 60 58 51 51 51 51 51 50 40 40 36 36 36 36 13 11 
81 81 81 81 81 81 81 81 81 81 81 81 81 81 81 81 81 81 81 80 74 74 74 74 74 72 71 68 56 56 56 56 54 50 50 50 46 43 34 31 31 31 20 11 6 6 6 6 6 6 
81 81 81 81 81 81 81 81 81 81 81 81 81 81 81 81 81 81 81 81 81 81 81 81 81 73 73 62 62 50 50 50 50 50 50 50 42 39 38 37 31 17 6 6 3 0 0 0 0 0 
82 82 82 82 82 82 82 82 82 82 82 82 82 82 82 82 82 82 82 82 82 82 81 80 79 68 60 60 59 51 51 51 51 50 50 50 50 50 50 50 50 40 33 33 32 13 11 2 2 2 
76 76 76 76 76 76 76 76 76 76 76 76 76 76 76 76 76 76 76 76 76 75 56 52 52 52 50 50 50 50 50 46 37 32 32 28 28 28 26 26 23 13 7 5 3 2 2 2 2 0 
83 83 83 83 83 83 83 83 83 83 83 83 83 83 83 83 83 83 83 83 83 83 83 83 83 83 83 61 51 51 51 50 50 50 50 50 50 50 50 38 34 34 34 33 33 8 7 1 1 1 
73 73 73 73 73 73 73 73 73 73 73 73 73 73 73 73 73 73 73 73 73 73 73 73 73 73 73 73 73 73 73 73 73 73 73 73 73 56 51 50 50 50 50 31 30 27 24 23 23 0 
