% Invoked: ./gella -d -r 2 -l biased_r2/run19 >& biased_r2/run19.log
% Ministry of Cellular Automata
% Project Deux (CS523 Spring 2015)
% Version:v0.1-70-g0624-dirty
%  pop:50
%  ic count:100
%  CA Log option:biased_r2/run19
%  width:121
%  max workers:4
%  radius:2
%  iterations:300
%  use bias:true
%  generations:50

 generation 0.1.2.3.50.2.1.2.2.1.3.3.2.50.3.1.1.2.1.50.1.3.1.1.3.3.1.3.50.50.3.3.50.3.1.2.2.50.10.2.50.50.4.2.13.2.50.2.50.3.3.xover.mutate.done 50
 generation 1.50.50.50.50.50.50.50.50.50.50.16.21.1.50.1.0.50.1.1.1.0.0.1.50.51.1.1.1.1.1.16.25.16.50.1.50.11.50.50.1.9.16.1.50.1.50.1.1.36.1.xover.mutate.done 50
 generation 2.50.50.50.50.50.50.50.50.50.50.21.5.53.1.50.50.50.1.6.50.1.1.1.50.50.50.50.1.1.50.1.1.50.50.50.9.1.50.1.50.1.50.1.50.0.6.42.50.41.50.xover.mutate.done 50
 generation 3.53.53.50.50.50.50.50.50.50.50.50.50.5.2.2.50.53.2.3.50.5.12.53.50.50.53.5.12.3.23.2.50.2.2.5.2.50.50.5.19.53.44.50.12.50.3.50.50.2.2.xover.mutate.done 50
 generation 4.48.50.50.50.50.50.50.50.50.50.50.8.1.51.50.1.50.50.50.1.1.50.50.1.50.0.50.10.0.1.50.5.1.50.51.5.0.1.1.50.1.1.0.50.16.0.50.50.1.0.xover.mutate.done 50
 generation 5.52.52.51.51.51.51.51.50.50.50.51.51.3.50.50.1.51.51.2.48.50.3.1.50.51.3.50.51.1.51.1.3.14.51.1.2.51.3.1.50.2.2.2.1.3.12.1.51.28.51.xover.mutate.done 50
 generation 6.50.50.50.50.50.50.50.50.50.50.6.0.50.50.0.0.50.0.50.0.0.50.0.50.0.79.0.0.8.50.0.50.0.0.50.0.50.0.50.0.50.50.0.50.50.50.8.0.50.50.xover.mutate.done 50
 generation 7.82.51.51.50.50.50.50.50.50.50.50.50.0.1.50.1.1.1.50.1.50.50.0.50.50.50.50.50.50.50.1.50.5.0.4.1.50.50.51.50.50.50.50.50.50.50.50.50.50.50.xover.mutate.done 50
 generation 8.84.50.50.50.50.50.50.50.50.50.45.0.50.50.0.34.50.45.50.10.50.50.50.50.50.50.50.84.50.50.50.16.0.50.50.50.0.50.50.50.35.16.9.50.0.50.50.50.50.50.xover.mutate.done 50
 generation 9.85.85.52.52.52.50.50.50.50.50.50.2.50.50.50.8.0.50.52.2.0.2.50.15.52.50.2.2.52.52.52.50.37.2.85.2.52.52.2.2.36.50.50.52.2.52.32.50.52.36.xover.mutate.done 50
 generation 10.82.82.82.51.51.51.51.51.51.51.33.51.50.50.51.82.51.51.51.40.51.1.81.51.1.50.50.81.50.50.1.8.50.1.51.1.51.1.50.51.1.1.50.1.50.39.50.51.50.1.xover.mutate.done 50
 generation 11.81.81.81.81.80.80.51.51.51.51.51.24.1.50.51.1.1.0.24.50.50.1.50.80.19.51.80.51.7.51.51.7.51.6.51.51.51.38.53.50.81.15.24.50.51.51.51.24.22.51.xover.mutate.done 50
 generation 12.79.79.79.79.79.76.76.77.77.54.79.51.40.54.51.51.5.76.40.51.51.54.45.76.5.77.5.2.51.17.69.79.36.79.10.51.51.76.51.40.51.51.51.35.21.54.51.51.52.21.xover.mutate.done 50
 generation 13.79.79.79.79.79.79.79.79.78.78.1.78.30.50.1.1.77.55.12.54.9.1.79.76.50.54.78.44.50.10.40.1.54.76.79.40.50.73.79.78.51.1.79.43.24.79.18.9.54.77.xover.mutate.done 50
 generation 14.78.78.78.78.78.78.78.78.78.78.50.12.78.39.50.78.50.78.35.6.50.78.78.70.0.23.78.50.78.78.16.78.50.78.4.27.23.60.34.54.0.78.70.28.50.50.9.73.79.55.xover.mutate.done 50
 generation 15.84.85.85.84.85.85.85.85.85.85.85.48.34.62.82.12.85.10.39.24.25.11.84.50.50.35.36.85.50.85.50.62.50.8.16.84.50.10.0.50.50.50.34.84.50.29.46.0.75.50.xover.mutate.done 50
 generation 16.82.82.82.82.82.82.82.82.82.82.32.7.82.0.55.38.82.82.82.36.82.50.60.50.82.82.50.50.82.50.82.82.50.33.50.7.82.82.10.6.50.50.82.36.33.29.82.40.40.11.xover.mutate.done 50
 generation 17.80.80.80.80.80.80.80.80.80.80.35.30.80.80.36.80.2.80.50.7.80.80.38.25.80.19.35.80.80.80.2.35.50.50.42.50.80.38.80.50.80.35.35.80.80.80.80.40.80.50.xover.mutate.done 50
 generation 18.82.82.82.82.82.82.82.82.82.82.82.81.42.82.35.81.40.53.81.82.3.39.40.82.81.82.4.35.50.55.50.35.53.82.53.50.82.82.1.40.82.55.82.53.82.82.81.82.50.41.xover.mutate.done 50
 generation 19.73.73.73.73.73.73.73.73.73.73.52.73.73.50.52.4.50.28.52.52.28.56.52.73.28.73.20.73.25.50.73.13.43.50.2.73.9.50.36.11.55.25.73.40.50.73.50.28.52.52.xover.mutate.done 50
 generation 20.79.79.79.79.79.79.79.79.79.79.79.50.79.79.3.32.50.50.32.79.34.50.52.79.13.61.41.78.52.51.79.51.39.59.79.13.39.75.52.78.52.52.42.79.79.39.78.30.65.79.xover.mutate.done 50
 generation 21.74.74.74.74.74.74.74.74.74.74.0.53.50.24.50.73.50.27.74.50.50.4.50.57.74.74.23.74.50.24.74.68.74.24.50.73.50.74.74.74.54.24.74.32.74.0.32.30.11.50.xover.mutate.done 50
 generation 22.84.84.84.84.84.84.84.84.84.84.33.28.84.1.84.84.84.34.63.84.84.52.50.9.67.10.12.34.44.1.50.69.51.58.30.84.34.17.84.57.44.50.59.51.15.69.51.84.34.8.xover.mutate.done 50
 generation 23.87.87.87.87.87.87.87.87.87.87.40.66.40.39.39.17.51.87.87.87.42.87.42.39.35.51.13.87.51.87.40.51.64.42.29.39.87.51.50.52.87.87.47.63.87.87.51.39.72.86.xover.mutate.done 50
 generation 24.84.84.84.84.84.84.84.84.84.84.84.38.4.1.50.82.36.50.84.84.41.50.1.38.84.51.84.38.37.84.13.50.36.84.39.38.51.8.82.84.34.24.84.40.55.24.84.50.84.84.xover.mutate.done 50
 generation 25.81.81.81.81.81.81.81.81.81.81.81.81.33.15.81.81.11.33.81.38.81.38.57.33.76.52.32.81.2.81.38.81.58.2.81.39.38.50.38.81.81.50.50.81.52.56.2.39.50.76.xover.mutate.done 50
 generation 26.81.81.81.81.81.81.81.81.81.81.50.0.81.35.51.60.18.40.50.3.80.50.34.34.71.17.50.81.37.34.81.81.81.81.51.81.81.17.67.81.79.51.21.15.51.50.37.50.50.81.xover.mutate.done 50
 generation 27.79.79.79.79.79.79.79.79.79.79.40.79.42.11.62.75.79.29.78.42.51.78.50.78.51.30.40.79.21.30.79.30.50.50.40.33.10.50.51.79.79.30.79.1.39.79.16.40.79.77.xover.mutate.done 50
 generation 28.79.79.79.79.79.79.79.79.79.79.79.39.51.50.79.51.79.29.29.79.50.79.15.50.79.50.79.79.29.79.29.6.50.50.79.79.35.35.29.50.79.77.79.0.77.79.50.41.50.35.xover.mutate.done 50
 generation 29.79.79.79.79.79.79.79.79.79.79.77.58.79.79.52.79.52.69.79.77.44.52.31.52.75.58.38.79.52.2.50.31.52.77.78.79.52.50.79.50.52.37.79.79.79.79.52.50.77.38.xover.mutate.done 50
 generation 30.81.81.81.81.81.81.81.81.81.81.81.28.81.52.81.2.6.52.52.79.81.34.79.39.81.50.81.79.42.50.52.50.52.2.81.34.2.81.81.50.81.81.81.69.4.78.52.52.81.81.xover.mutate.done 50
 generation 31.77.77.77.77.77.77.77.77.77.77.77.77.77.67.50.77.3.43.3.67.77.53.43.77.77.77.77.77.77.77.53.53.77.53.50.3.76.31.77.77.53.77.77.53.3.53.77.53.77.53.xover.mutate.done 50
 generation 32.80.80.80.80.80.80.80.80.80.80.80.80.80.31.80.79.32.30.80.31.80.60.34.0.30.51.80.50.80.59.1.80.40.80.80.80.80.70.80.80.80.80.30.80.50.80.50.1.51.80.xover.mutate.done 50
 generation 33.82.82.82.82.82.82.82.82.82.82.82.82.59.38.82.82.52.82.82.52.55.82.50.2.82.11.82.12.52.52.82.52.50.82.32.50.35.9.81.52.50.82.82.50.52.50.82.82.9.82.xover.mutate.done 50
 generation 34.79.79.79.79.79.79.79.79.79.79.14.62.7.79.1.50.50.79.50.79.50.50.79.51.79.38.50.50.79.62.78.12.76.79.79.29.29.79.56.78.76.51.79.51.79.50.79.50.79.79.xover.mutate.done 50
 generation 35.81.81.81.81.81.81.81.81.81.81.50.50.50.81.50.66.51.50.1.50.81.27.50.81.81.82.81.81.71.66.20.81.81.50.81.81.66.51.81.81.50.14.45.81.59.50.63.5.51.51.xover.mutate.done 50
 generation 36.86.85.85.85.85.85.85.85.85.85.50.85.85.15.35.48.35.81.85.85.41.51.85.85.85.34.85.85.41.10.60.35.85.59.50.51.85.60.39.10.35.85.13.85.81.51.85.39.51.78.xover.mutate.done 50
 generation 37.81.80.80.80.80.80.80.80.80.80.52.23.80.41.3.80.41.80.52.60.79.45.3.81.51.31.31.44.31.55.31.68.41.41.30.51.51.51.79.41.42.80.10.67.41.31.41.80.80.80.xover.mutate.done 50
 generation 38.82.82.82.82.82.82.82.82.82.82.50.50.82.82.82.38.82.82.80.33.82.37.61.82.37.6.41.50.82.80.21.50.37.50.0.0.82.37.82.37.82.32.50.38.82.28.50.82.82.62.xover.mutate.done 50
 generation 39.81.82.81.81.81.81.81.81.81.81.42.56.81.53.81.12.48.81.53.34.81.34.81.81.63.81.43.12.63.81.81.34.81.81.53.43.81.60.50.4.12.53.81.81.50.14.36.3.12.63.xover.mutate.done 50
 generation 40.76.78.76.76.76.76.76.76.76.76.50.50.76.50.58.17.50.76.77.76.74.50.20.76.76.71.53.3.48.35.50.58.55.34.67.50.29.43.20.29.66.0.75.76.58.58.11.63.29.50.xover.mutate.done 50
 generation 41.78.80.79.78.78.78.78.78.78.78.29.78.54.12.50.12.41.62.0.50.50.78.78.46.50.77.6.78.37.78.35.62.0.1.78.30.18.79.50.30.62.78.28.20.30.62.29.36.51.79.xover.mutate.done 50
 generation 42.80.78.78.78.79.78.78.78.78.78.77.5.56.36.16.50.50.50.50.7.78.77.78.34.77.41.78.68.50.78.50.56.51.78.78.10.78.77.29.15.78.28.78.77.39.51.51.39.78.78.xover.mutate.done 50
 generation 43.85.80.83.83.83.80.80.80.80.80.83.37.31.40.51.85.51.37.51.63.80.80.55.83.36.2.69.80.37.54.81.80.56.50.83.51.63.37.50.80.14.56.63.57.80.14.80.37.80.56.xover.mutate.done 50
 generation 44.90.90.88.88.88.88.88.89.87.88.4.63.50.4.50.88.54.88.87.56.87.50.87.87.50.87.0.75.11.87.87.38.75.50.44.47.54.50.42.87.54.87.87.50.25.57.4.85.64.49.xover.mutate.done 50
 generation 45.83.83.81.80.80.80.80.80.84.80.80.15.31.80.80.79.80.71.60.78.31.51.33.51.80.80.80.42.32.76.40.70.83.80.80.80.80.83.44.80.76.51.80.16.10.76.79.80.51.14.xover.mutate.done 50
 generation 46.79.85.85.85.85.82.81.81.81.81.13.81.1.56.76.42.45.51.50.74.10.58.56.13.54.40.44.80.30.50.7.67.7.32.36.56.51.79.51.28.81.48.39.7.51.85.81.40.82.85.xover.mutate.done 50
 generation 47.85.85.85.85.85.85.83.82.83.83.0.39.31.82.57.14.8.85.63.85.61.85.50.86.12.33.71.50.85.30.86.83.7.8.83.59.80.50.71.83.85.83.86.35.85.50.50.35.50.86.xover.mutate.done 50
 generation 48.88.88.88.88.88.88.88.88.88.88.14.19.27.87.50.51.51.18.51.88.50.47.50.87.66.1.12.12.88.88.38.51.87.50.64.1.81.88.62.84.55.51.59.62.88.50.57.88.88.87.xover.mutate.done 50
 generation 49.87.87.87.87.86.86.86.86.86.86.75.51.78.86.57.86.86.50.86.14.59.50.51.78.76.50.1.86.86.50.59.50.43.71.77.50.24.86.86.86.86.86.50.51.61.86.51.50.86.86.xover.mutate.done 50
 18376212 iters     852013 iter/sec (21.57 s)
 total time: 21.57
