% Invoked: ./gella -d -r 2 -l biased_r2/run17 >& biased_r2/run17.log
% Ministry of Cellular Automata
% Project Deux (CS523 Spring 2015)
% Version:v0.1-70-g0624-dirty
%  pop:50
%  ic count:100
%  CA Log option:biased_r2/run17
%  width:121
%  max workers:4
%  radius:2
%  iterations:300
%  use bias:true
%  generations:50

 generation 0.1.50.50.50.1.1.1.50.1.0.1.1.50.1.0.50.1.1.0.1.1.35.1.3.1.0.1.1.3.50.1.1.1.1.1.1.28.50.50.38.0.7.50.1.0.1.1.50.0.50.xover.mutate.done 50
 generation 1.50.50.50.50.50.50.52.50.50.50.0.50.2.50.2.34.0.50.2.2.11.2.50.50.6.50.6.0.50.50.2.50.2.50.2.50.50.52.2.2.50.5.6.20.2.50.2.2.2.2.xover.mutate.done 50
 generation 2.50.50.50.50.50.50.50.50.50.50.50.0.50.50.0.0.50.4.0.12.50.50.47.0.50.50.0.50.50.50.50.50.40.11.50.50.0.50.50.50.0.50.34.0.0.0.50.50.0.50.xover.mutate.done 50
 generation 3.53.53.50.50.50.50.50.50.50.50.3.50.50.3.50.50.50.3.8.50.50.3.0.50.50.50.3.3.50.8.50.50.50.50.3.50.3.34.0.3.3.3.3.3.3.50.50.50.50.50.xover.mutate.done 50
 generation 4.50.50.50.50.50.50.50.50.50.50.50.50.0.52.52.56.50.0.50.50.0.52.52.12.20.0.2.0.50.50.50.52.50.2.50.50.50.50.2.50.52.14.50.50.52.52.52.50.16.50.xover.mutate.done 50
 generation 5.53.50.50.50.50.50.50.50.50.50.50.50.0.50.50.50.50.0.10.0.0.0.0.50.50.0.50.0.0.50.50.50.50.50.0.50.4.50.50.50.50.8.50.50.36.0.50.50.0.50.xover.mutate.done 50
 generation 6.51.51.51.51.51.51.51.51.51.51.1.51.43.51.51.50.50.51.51.51.1.45.51.50.0.50.50.1.50.51.1.51.51.51.50.51.51.51.3.1.50.51.51.50.51.3.7.0.0.51.xover.mutate.done 50
 generation 7.55.52.52.52.52.52.52.52.52.52.50.50.50.52.2.52.36.0.52.52.52.52.50.50.50.2.52.2.2.50.52.52.50.52.50.52.2.2.27.52.52.2.2.52.50.9.52.52.52.2.xover.mutate.done 50
 generation 8.57.50.50.50.50.50.50.50.50.50.50.1.58.50.50.50.42.50.50.50.1.1.1.50.50.50.50.50.50.50.1.50.50.50.50.50.1.50.50.50.1.57.50.50.50.50.50.50.51.50.xover.mutate.done 50
 generation 9.56.56.56.51.51.51.51.51.51.51.2.51.51.11.39.51.23.51.51.51.51.56.2.50.51.51.1.51.51.51.51.51.2.51.51.37.51.56.50.51.51.51.51.51.11.51.51.1.51.51.xover.mutate.done 50
 generation 10.56.55.55.55.56.51.50.50.50.50.50.50.29.50.50.50.1.1.50.1.50.50.6.22.50.55.50.50.32.50.50.0.50.56.0.50.50.50.78.50.1.56.59.43.50.50.50.50.50.50.xover.mutate.done 50
 generation 11.82.60.56.56.56.56.54.54.54.54.82.54.54.56.50.54.50.35.51.50.39.43.1.50.1.50.50.7.36.51.43.50.32.60.56.54.50.50.50.1.50.50.50.50.22.56.50.36.50.50.xover.mutate.done 50
 generation 12.78.78.57.57.54.54.54.54.54.54.51.35.78.35.51.54.55.53.51.78.53.53.54.54.7.14.54.9.4.44.4.51.37.54.7.51.7.10.51.33.54.51.51.51.53.51.4.7.12.51.xover.mutate.done 50
 generation 13.79.79.79.79.66.66.63.60.60.60.8.11.38.17.79.39.51.79.57.60.60.1.60.2.51.60.60.79.33.51.36.47.60.60.13.60.62.57.51.57.79.62.51.2.1.2.36.51.17.51.xover.mutate.done 50
 generation 14.78.78.78.78.78.78.78.78.59.59.18.10.53.53.35.53.78.31.59.78.57.78.32.31.52.58.35.9.53.2.53.18.52.50.78.31.50.5.52.37.58.53.53.78.53.53.31.10.37.57.xover.mutate.done 50
 generation 15.79.79.79.79.79.79.79.79.79.79.62.79.29.50.16.55.50.0.0.50.79.50.50.79.34.3.0.0.79.79.11.50.79.34.50.32.24.17.34.50.18.50.34.50.50.50.53.56.32.56.xover.mutate.done 50
 generation 16.83.83.83.83.83.83.83.83.83.83.36.38.45.83.83.1.8.83.51.34.34.50.39.44.51.83.27.34.83.36.42.83.83.34.8.5.83.50.83.51.83.51.37.83.34.41.8.6.51.51.xover.mutate.done 50
 generation 17.83.83.83.83.83.83.83.83.83.83.83.1.83.36.33.1.83.50.33.83.41.51.83.55.33.51.27.33.1.32.83.73.83.83.39.33.33.11.38.26.58.83.34.50.83.50.1.33.33.83.xover.mutate.done 50
 generation 18.77.77.77.77.77.77.77.77.77.77.51.67.35.51.7.1.51.77.13.77.77.77.50.77.55.77.77.1.77.2.77.77.3.77.28.51.51.50.51.51.51.51.77.77.55.31.2.57.77.77.xover.mutate.done 50
 generation 19.78.78.78.78.78.78.78.78.78.78.78.32.78.50.78.56.50.0.50.0.78.50.78.32.78.65.65.33.31.50.3.32.50.32.50.0.50.25.28.78.65.50.50.32.28.53.50.28.50.33.xover.mutate.done 50
 generation 20.78.78.78.78.78.78.78.78.78.78.78.28.11.11.50.50.50.31.78.35.71.50.78.78.78.62.47.11.50.35.78.0.0.26.55.78.42.21.50.78.0.78.78.33.11.61.78.5.32.78.xover.mutate.done 50
 generation 21.86.86.86.86.86.86.86.86.86.86.50.51.50.1.50.10.58.51.58.72.45.37.86.51.51.10.9.86.36.51.86.1.86.86.51.37.50.72.70.86.36.51.10.36.86.86.86.51.44.36.xover.mutate.done 50
 generation 22.80.80.80.80.80.80.80.80.80.80.36.80.50.80.80.5.50.45.0.0.30.68.3.50.80.15.36.50.80.50.80.50.0.80.36.0.80.3.80.0.36.80.35.3.36.50.50.80.50.50.xover.mutate.done 50
 generation 23.84.84.84.84.84.84.84.84.84.84.84.84.84.84.84.84.8.51.84.84.84.51.84.84.42.84.50.51.50.84.51.74.84.42.52.39.36.3.84.51.84.52.84.42.41.84.84.84.84.84.xover.mutate.done 50
 generation 24.78.78.78.78.78.78.78.78.78.78.50.78.78.78.71.78.78.6.78.78.78.50.77.61.50.50.78.50.50.78.77.50.78.78.78.71.50.78.78.6.50.78.78.28.50.78.50.77.50.78.xover.mutate.done 50
 generation 25.74.74.74.74.74.74.74.74.74.74.74.45.74.24.53.34.74.4.50.45.50.50.50.50.74.4.50.74.74.50.74.74.62.74.50.74.22.32.74.74.24.74.74.50.50.74.64.74.50.34.xover.mutate.done 50
 generation 26.79.79.79.79.79.79.79.79.79.79.79.78.50.52.79.50.37.50.79.79.50.79.30.59.50.58.30.1.6.26.79.50.79.79.79.79.79.79.51.79.1.79.50.79.79.79.50.79.79.50.xover.mutate.done 50
 generation 27.78.78.78.78.78.78.78.78.78.78.2.51.51.78.51.78.78.78.2.51.78.78.51.51.78.57.31.78.51.78.51.51.78.78.78.2.78.29.78.2.78.78.35.32.78.78.2.78.78.78.xover.mutate.done 50
 generation 28.81.81.81.81.81.81.81.81.81.81.81.52.50.10.58.2.52.50.32.52.81.52.2.81.37.52.58.81.81.81.81.58.81.81.81.81.0.50.81.81.50.33.81.33.50.81.52.81.81.81.xover.mutate.done 50
 generation 29.77.77.77.77.77.77.77.77.77.77.77.77.77.77.57.51.6.77.34.21.77.77.77.50.28.51.28.77.77.57.77.57.7.57.77.77.51.4.77.57.77.10.34.77.77.77.2.51.77.77.xover.mutate.done 50
 generation 30.84.84.84.84.84.84.84.84.84.84.84.33.36.84.52.84.73.84.63.4.48.84.84.52.50.84.52.46.69.84.84.84.84.84.84.84.36.52.55.84.21.42.52.18.55.84.64.84.9.84.xover.mutate.done 50
 generation 31.74.74.74.74.74.74.74.74.74.74.74.74.74.1.1.74.51.51.33.29.74.74.50.3.27.51.50.50.73.50.1.74.41.41.74.50.50.74.14.74.3.74.50.74.41.29.1.74.29.74.xover.mutate.done 50
 generation 32.84.84.84.84.84.84.84.84.84.84.51.84.56.2.84.80.2.84.84.44.8.84.41.84.84.84.51.2.84.80.84.75.84.84.2.84.84.40.84.84.5.51.84.51.84.84.84.73.84.51.xover.mutate.done 50
 generation 33.76.76.76.76.76.76.76.76.76.76.36.76.76.74.76.17.76.26.76.76.76.64.54.76.29.26.76.76.76.5.46.50.46.76.50.67.46.5.76.76.26.26.33.76.5.76.76.72.50.76.xover.mutate.done 50
 generation 34.76.76.76.76.76.76.76.76.76.76.49.34.76.45.31.53.50.50.50.53.50.76.76.45.50.50.35.3.76.76.50.50.76.76.76.76.64.29.50.72.76.50.58.76.76.76.53.44.50.53.xover.mutate.done 50
 generation 35.78.78.78.78.78.78.78.78.78.78.78.78.78.50.78.50.78.50.50.78.31.50.78.78.51.1.78.78.31.50.1.78.78.78.78.50.78.78.78.50.36.50.33.78.53.29.8.78.1.50.xover.mutate.done 50
 generation 36.79.79.79.79.79.79.79.79.79.79.79.39.79.41.50.41.57.50.51.48.29.79.71.51.79.79.57.79.48.79.79.51.79.79.1.79.50.50.11.79.34.50.79.13.79.50.79.30.79.16.xover.mutate.done 50
 generation 37.78.78.78.78.78.78.78.78.78.78.50.50.57.55.50.78.68.78.0.50.50.78.78.78.50.50.78.78.28.78.50.0.0.0.78.50.28.78.28.78.0.65.44.28.78.58.78.21.68.68.xover.mutate.done 50
 generation 38.83.83.83.83.83.83.83.83.83.83.34.45.76.68.68.34.83.83.51.2.83.83.83.34.58.83.51.54.83.83.51.51.83.83.8.81.50.34.83.50.50.83.50.83.76.83.83.50.51.51.xover.mutate.done 50
 generation 39.78.78.78.78.78.78.78.78.78.78.78.51.51.50.51.78.50.76.53.1.78.49.51.78.76.68.9.78.78.78.34.78.78.1.78.53.34.1.50.78.78.51.78.78.2.31.78.78.78.51.xover.mutate.done 50
 generation 40.78.78.78.78.78.78.78.78.78.78.50.52.78.78.50.29.78.52.78.78.78.52.52.78.51.78.51.52.78.29.12.71.78.78.78.52.78.55.78.3.54.54.78.54.52.78.48.52.54.78.xover.mutate.done 50
 generation 41.79.79.79.79.79.79.79.79.79.79.78.79.52.9.52.29.64.65.45.79.64.30.79.29.29.64.2.61.48.52.79.52.78.29.79.64.52.79.79.63.79.79.79.43.79.49.29.63.79.61.xover.mutate.done 50
 generation 42.80.80.80.80.80.80.80.80.80.80.80.62.80.80.69.80.80.80.80.80.69.1.80.6.31.62.80.31.57.13.62.50.80.62.80.32.50.50.80.31.33.62.62.31.8.80.80.80.80.32.xover.mutate.done 50
 generation 43.83.83.83.83.83.83.83.83.83.83.71.64.61.71.83.82.40.83.83.71.79.51.36.51.61.58.83.51.60.51.83.40.36.61.83.83.36.50.65.83.36.83.83.83.83.51.11.83.83.13.xover.mutate.done 50
 generation 44.81.81.81.81.81.81.81.81.81.81.31.31.81.6.6.81.74.6.81.81.80.31.81.56.74.68.71.74.81.72.74.6.81.50.43.56.34.20.6.11.81.50.54.50.74.56.56.46.6.81.xover.mutate.done 50
 generation 45.81.81.81.81.81.81.81.81.81.81.81.50.62.81.50.6.0.81.31.42.81.73.6.50.81.39.37.81.81.50.81.0.17.0.81.50.81.81.73.0.50.38.50.81.81.81.62.81.0.3.xover.mutate.done 50
 generation 46.82.82.82.82.82.82.82.82.82.82.82.82.80.82.68.51.60.50.79.82.2.33.82.60.50.50.50.2.59.32.82.51.50.50.13.82.82.81.11.51.50.40.50.82.82.33.2.82.51.82.xover.mutate.done 50
 generation 47.76.76.76.76.76.76.76.76.76.76.50.28.75.26.2.76.37.76.52.7.76.56.76.28.76.5.2.52.3.23.2.50.32.46.50.76.76.50.76.26.2.0.13.76.50.76.32.76.52.28.xover.mutate.done 50
 generation 48.83.83.83.83.83.83.83.83.83.83.50.83.34.50.83.51.83.83.61.83.50.83.51.1.1.50.83.33.50.7.83.50.34.50.51.38.8.83.83.83.34.83.33.1.50.83.83.83.83.83.xover.mutate.done 50
 generation 49.73.73.73.73.73.73.73.73.73.73.0.73.73.73.73.23.50.73.73.51.73.73.73.73.73.73.73.31.73.73.50.50.73.23.73.50.73.73.73.73.24.73.73.56.73.73.30.27.73.73.xover.mutate.done 50
 18159102 iters     863589 iter/sec (21.03 s)
 total time: 21.03
