50 50 50 50 50 50 16 10 2 1 1 1 1 1 1 1 1 1 1 1 1 1 1 1 1 1 1 1 1 1 1 1 1 1 1 1 1 0 0 0 0 0 0 0 0 0 0 0 0 0 
52 50 50 50 50 50 50 50 50 50 50 50 50 50 50 50 50 28 25 19 19 12 12 7 2 2 2 2 2 2 2 2 2 2 2 2 2 2 2 2 2 2 2 2 2 2 2 0 0 0 
68 51 51 51 51 51 51 51 50 50 50 50 50 50 50 50 50 50 50 50 50 50 50 50 50 50 50 50 32 26 9 8 5 1 1 1 1 1 1 1 1 1 1 1 1 1 0 0 0 0 
68 51 51 51 51 51 51 51 51 50 50 50 50 50 50 50 50 50 50 50 50 50 50 50 50 50 50 50 50 22 11 8 6 5 5 1 1 1 1 0 0 0 0 0 0 0 0 0 0 0 
68 51 51 51 51 51 51 51 51 51 51 51 51 51 51 51 51 51 51 51 51 51 51 51 51 51 50 50 50 50 50 15 13 13 12 8 8 7 5 2 2 2 2 2 1 1 1 1 1 1 
72 52 52 52 52 52 52 52 52 52 52 52 52 52 52 52 52 52 52 52 52 52 52 52 50 50 50 50 50 50 50 50 50 12 11 2 2 2 2 2 2 2 2 2 2 2 2 0 0 0 
71 53 53 53 53 53 53 53 51 51 51 51 51 51 51 51 51 51 51 51 51 51 51 51 51 51 51 51 51 15 14 13 4 4 4 4 4 4 4 4 4 4 4 4 4 4 4 3 3 1 
67 51 51 51 51 51 51 51 51 51 51 51 51 51 51 51 51 51 51 51 51 51 51 51 51 51 51 50 50 29 15 10 5 3 2 2 2 2 2 2 2 2 2 2 2 1 1 1 1 1 
70 51 51 51 51 51 51 51 51 51 51 51 51 51 51 51 51 51 50 50 50 50 50 50 50 50 50 50 50 50 15 6 6 6 4 3 1 1 1 1 1 1 1 1 1 1 1 1 0 0 
61 51 51 51 50 50 50 50 50 50 50 50 50 50 50 50 50 50 50 50 50 50 50 50 50 50 50 50 50 50 31 25 8 8 4 1 1 1 1 1 1 1 1 1 1 1 0 0 0 0 
67 51 51 51 51 51 51 51 51 51 51 51 51 51 51 51 51 51 51 51 51 51 50 50 50 50 50 50 50 50 50 50 21 11 8 4 1 1 1 1 1 1 1 1 1 1 1 1 0 0 
76 51 51 51 51 51 51 51 51 51 51 51 51 51 51 51 51 51 51 51 51 51 51 51 51 51 51 50 50 50 50 50 50 35 32 28 14 1 1 1 1 1 1 1 1 1 1 1 1 1 
67 51 51 51 51 51 51 51 51 51 51 51 51 51 51 51 51 51 51 51 51 51 51 51 51 51 51 50 50 50 50 50 35 31 9 7 4 1 1 1 1 1 1 1 1 1 1 1 1 1 
66 52 52 52 52 52 52 52 52 52 52 52 52 52 52 52 52 52 52 52 52 52 52 52 52 52 50 50 50 50 50 50 28 27 16 14 12 6 6 6 6 6 6 4 4 2 2 2 2 2 
68 50 50 50 50 50 50 50 50 50 50 50 50 50 50 50 50 50 50 50 50 50 50 50 50 50 50 50 50 50 26 9 0 0 0 0 0 0 0 0 0 0 0 0 0 0 0 0 0 0 
71 71 66 52 52 52 52 52 52 52 52 52 52 52 52 52 52 52 52 52 52 52 52 52 52 52 52 52 52 52 52 52 50 50 50 35 18 12 9 9 3 3 3 3 3 2 2 2 2 2 
72 71 71 51 51 51 51 51 51 51 51 51 51 51 51 51 51 51 51 51 51 51 51 51 51 51 50 50 50 50 50 50 2 2 2 2 2 2 2 2 2 2 1 1 1 1 1 1 1 1 
74 74 74 74 69 50 50 50 50 50 50 50 50 50 50 50 50 50 50 50 50 50 50 50 50 50 50 50 50 50 50 49 10 8 8 4 1 1 1 1 1 1 1 1 1 1 1 0 0 0 
75 73 73 73 73 73 73 62 55 50 50 50 50 50 50 50 50 50 50 50 50 50 50 50 50 50 50 50 40 28 23 21 19 13 7 6 5 1 1 1 1 1 1 1 1 1 1 1 1 0 
75 75 75 72 72 72 72 72 72 72 72 67 59 58 58 56 56 50 50 50 50 50 50 50 50 50 50 50 8 3 3 0 0 0 0 0 0 0 0 0 0 0 0 0 0 0 0 0 0 0 
75 75 75 65 58 58 57 57 57 57 57 57 57 57 54 51 45 43 38 31 7 6 5 1 1 1 1 1 1 1 1 1 1 1 1 1 1 1 1 1 1 1 0 0 0 0 0 0 0 0 
81 81 81 81 71 71 71 71 71 71 71 71 71 71 70 61 58 58 51 45 45 37 21 12 8 8 7 7 6 3 3 3 3 3 3 3 3 0 0 0 0 0 0 0 0 0 0 0 0 0 
86 86 86 86 72 72 72 71 71 69 69 69 69 69 69 69 69 56 55 55 50 49 49 48 46 44 43 36 35 33 33 22 18 18 18 15 14 14 6 6 6 6 6 6 4 2 2 2 2 2 
69 69 69 69 66 66 66 66 66 66 63 63 63 63 63 63 63 63 62 62 62 62 58 54 54 38 31 28 28 24 22 8 6 6 2 2 2 2 2 2 2 2 2 1 1 1 1 1 1 1 
78 76 76 76 76 70 70 70 70 70 70 70 70 70 70 70 70 70 67 60 59 59 44 43 31 29 29 16 7 7 7 7 7 7 7 6 2 2 2 2 2 2 2 2 0 0 0 0 0 0 
76 76 76 76 76 75 70 70 70 70 70 70 70 70 70 66 56 51 46 46 42 37 29 28 28 25 24 18 4 4 3 2 2 2 2 2 2 2 1 1 1 1 1 1 1 1 1 1 1 1 
81 81 81 81 81 81 78 77 77 77 77 77 77 77 72 62 58 56 56 52 51 49 48 42 32 32 31 31 31 21 10 10 9 9 9 8 1 1 1 1 1 1 1 1 1 1 1 0 0 0 
80 79 79 79 79 79 79 71 70 68 68 68 68 68 68 60 56 54 54 50 47 41 35 33 29 25 17 17 11 11 11 10 10 10 10 10 10 10 10 10 10 4 4 4 4 4 4 2 2 2 
81 77 77 77 77 77 77 77 72 71 71 71 69 69 69 65 64 63 58 58 56 56 53 45 45 41 38 32 30 7 5 5 5 5 5 5 5 5 5 1 1 1 1 1 1 1 1 1 1 1 
84 84 84 84 84 84 84 84 83 83 83 81 81 81 79 76 73 64 63 63 61 56 54 47 47 35 28 27 12 9 9 9 9 9 9 8 8 8 3 3 3 3 3 3 3 3 3 2 2 1 
76 76 76 76 76 76 76 76 69 65 65 65 59 59 54 51 48 47 46 41 37 37 30 30 27 25 20 20 19 19 1 0 0 0 0 0 0 0 0 0 0 0 0 0 0 0 0 0 0 0 
78 78 74 74 74 74 74 74 74 71 68 68 68 67 67 67 62 62 60 54 53 49 48 48 39 33 28 14 8 8 7 7 7 6 2 2 2 2 2 2 2 2 2 2 2 2 2 2 2 0 
79 79 79 76 76 76 76 76 76 76 76 76 74 73 71 70 62 52 46 44 39 31 31 30 27 27 15 5 5 5 3 1 1 1 1 1 1 1 1 1 1 1 1 1 1 1 0 0 0 0 
82 82 82 82 82 82 82 82 82 82 82 80 80 78 74 74 71 64 60 52 51 50 47 46 44 32 30 27 22 22 22 14 9 8 7 7 7 2 2 2 2 2 2 2 2 2 2 2 2 0 
82 82 82 82 82 82 82 82 82 82 82 82 82 82 82 81 80 54 51 51 51 49 42 39 37 26 26 24 22 16 16 13 7 7 6 6 6 6 4 4 4 4 4 4 4 2 2 2 2 2 
82 80 79 75 75 75 75 75 75 75 75 75 75 75 75 75 75 75 75 66 62 48 34 31 22 21 20 20 9 9 8 8 8 8 8 8 8 8 2 2 2 2 2 2 2 2 2 2 0 0 
83 80 80 80 80 80 80 80 80 80 80 80 80 80 80 79 78 74 74 62 52 51 51 40 30 27 8 5 5 5 5 5 5 1 1 1 1 1 1 1 1 1 1 1 1 1 1 1 1 0 
81 81 81 79 79 79 79 79 79 79 79 79 79 79 78 73 70 65 64 59 59 53 49 49 39 37 23 18 3 3 3 3 3 3 3 3 3 0 0 0 0 0 0 0 0 0 0 0 0 0 
93 93 93 86 83 83 83 83 83 83 83 83 83 83 83 83 66 61 61 61 61 61 58 58 57 56 56 56 33 32 31 3 3 3 3 0 0 0 0 0 0 0 0 0 0 0 0 0 0 0 
86 86 86 86 80 80 80 80 79 78 78 78 78 78 78 78 73 72 67 63 60 55 55 47 47 47 46 37 34 33 20 11 11 10 10 10 10 10 4 4 4 4 4 4 4 4 4 4 4 2 
78 78 78 78 72 71 71 71 70 70 70 70 70 67 63 58 58 56 49 47 47 47 46 40 39 37 24 19 14 13 11 6 6 5 5 5 4 4 4 1 1 1 1 1 1 1 1 1 1 0 
82 82 82 82 82 82 80 80 80 80 80 80 77 76 72 72 72 72 60 59 59 59 57 56 55 49 49 49 36 36 36 31 30 24 19 14 7 7 7 7 7 7 3 3 3 3 3 3 3 3 
97 85 85 85 85 80 80 80 80 80 80 80 80 80 80 80 78 69 63 61 60 59 55 50 41 39 39 36 36 36 36 34 32 31 31 27 19 14 7 4 4 4 1 1 1 1 1 1 0 0 
91 85 85 85 85 85 85 85 73 73 73 73 73 73 73 63 63 63 54 51 46 41 40 40 38 37 37 32 32 31 28 28 27 26 24 17 17 16 16 5 5 5 3 3 3 3 1 1 1 0 
87 82 82 82 82 82 82 82 82 79 79 79 79 79 79 79 79 79 79 75 70 70 70 59 51 51 51 49 46 46 46 44 38 37 37 34 33 32 27 26 16 7 7 7 7 2 2 2 2 0 
92 92 80 80 80 80 80 80 76 76 74 74 74 74 74 74 74 74 74 74 74 74 66 64 63 57 56 56 55 55 45 45 44 42 42 33 24 6 2 2 2 2 2 2 2 2 2 2 0 0 
96 90 90 90 85 85 85 85 85 85 85 85 85 83 83 79 79 79 77 69 67 66 64 64 63 63 61 57 56 55 55 44 42 42 42 40 39 35 31 10 7 7 7 7 7 0 0 0 0 0 
93 93 93 93 93 93 89 86 86 86 86 86 86 86 86 86 86 86 84 82 82 68 68 68 68 68 67 60 42 41 37 31 31 22 13 6 6 6 4 4 4 4 3 3 3 3 3 3 3 3 
90 90 90 90 90 90 90 90 90 90 77 77 77 77 77 77 77 77 77 77 77 77 68 63 59 57 50 50 50 46 43 39 37 33 30 28 28 25 23 16 15 6 6 6 6 6 6 2 2 1 
92 92 92 92 92 92 92 92 90 90 90 90 90 90 89 89 89 89 79 78 72 72 56 54 54 52 49 49 44 42 37 35 32 30 29 19 14 4 4 0 0 0 0 0 0 0 0 0 0 0 
