% Invoked: ./gella -d -r 2 -l biased_r2/run16 >& biased_r2/run16.log
% Ministry of Cellular Automata
% Project Deux (CS523 Spring 2015)
% Version:v0.1-70-g0624-dirty
%  pop:50
%  ic count:100
%  CA Log option:biased_r2/run16
%  width:121
%  max workers:4
%  radius:2
%  iterations:300
%  use bias:true
%  generations:50

 generation 0.1.1.0.1.1.1.1.1.1.50.1.50.1.0.0.1.1.1.0.1.50.1.50.0.0.0.1.1.16.1.50.0.1.0.50.2.1.1.1.10.0.0.0.1.1.1.0.1.1.1.xover.mutate.done 50
 generation 1.50.50.50.50.50.50.19.12.2.2.2.50.2.2.2.50.2.2.2.2.25.50.50.50.2.2.28.50.50.50.52.19.50.0.2.0.2.2.12.2.2.0.7.50.2.2.2.2.2.2.xover.mutate.done 50
 generation 2.50.50.50.50.50.50.50.50.50.50.50.1.8.51.1.50.50.1.1.9.1.50.50.1.32.26.1.0.1.50.51.51.0.50.1.1.51.1.68.1.50.1.51.5.51.0.50.0.50.51.xover.mutate.done 50
 generation 3.68.50.50.50.50.50.50.50.51.50.5.51.51.50.50.0.50.1.50.0.51.0.0.50.50.50.51.0.0.1.50.0.11.50.50.0.50.8.51.6.51.1.50.51.1.0.22.0.5.0.xover.mutate.done 50
 generation 4.68.51.51.51.51.51.51.51.51.51.12.2.2.1.51.1.1.1.50.1.51.50.51.5.51.13.50.51.51.51.15.13.8.7.51.51.51.51.51.2.2.50.2.51.50.51.51.8.51.1.xover.mutate.done 50
 generation 5.72.52.52.52.52.52.52.52.52.50.2.52.52.50.52.11.52.52.52.50.2.50.2.12.2.52.2.2.2.2.52.2.50.52.0.52.52.0.50.2.52.50.2.50.50.52.0.52.52.2.xover.mutate.done 50
 generation 6.71.51.51.51.51.51.51.51.51.51.3.4.53.51.51.51.51.51.4.51.53.3.4.51.4.51.1.4.51.53.4.4.4.4.4.51.14.53.51.4.4.53.15.51.4.53.4.4.13.53.xover.mutate.done 50
 generation 7.67.51.51.51.51.51.51.51.51.51.2.51.51.51.2.2.51.51.15.51.51.51.2.10.51.51.51.51.2.1.3.1.51.51.29.50.1.2.2.2.2.5.51.1.2.51.1.50.2.51.xover.mutate.done 50
 generation 8.70.50.50.50.50.50.50.50.51.51.1.1.1.51.1.51.51.15.51.50.6.50.51.51.6.1.51.51.51.50.50.51.3.1.51.0.0.50.1.51.6.51.1.1.4.51.1.51.1.1.xover.mutate.done 50
 generation 9.61.50.50.50.50.50.50.50.50.50.51.50.8.50.50.1.50.50.1.1.50.0.50.50.50.50.31.1.51.1.0.50.50.51.1.0.1.1.50.1.50.0.50.4.1.25.50.1.50.8.xover.mutate.done 50
 generation 10.67.50.50.50.51.51.51.51.51.51.50.1.1.1.1.1.8.51.1.51.21.51.51.1.1.51.1.11.50.50.50.51.1.50.51.51.50.51.51.51.0.51.50.0.1.51.1.4.51.51.xover.mutate.done 50
 generation 11.76.51.51.51.51.51.51.51.51.51.50.1.14.1.50.51.1.51.51.51.51.1.51.1.51.50.51.32.50.51.51.1.51.51.1.51.1.35.1.1.1.51.51.1.50.1.51.50.51.28.xover.mutate.done 50
 generation 12.67.51.51.51.51.51.51.51.51.51.51.51.1.51.1.51.51.1.51.9.4.51.1.1.50.1.51.50.31.50.51.51.1.1.51.51.51.51.1.1.51.50.50.51.1.1.1.35.51.7.xover.mutate.done 50
 generation 13.66.52.52.52.52.52.52.52.52.52.6.52.52.14.28.52.52.2.50.50.52.50.52.6.12.6.4.2.50.6.52.2.6.16.52.2.2.52.52.50.6.52.52.50.27.52.52.4.52.52.xover.mutate.done 50
 generation 14.68.50.50.50.50.50.50.50.50.50.50.50.0.50.0.0.0.50.9.50.50.0.0.50.50.0.0.50.50.0.50.50.50.0.50.0.0.50.0.0.26.50.0.0.50.0.0.50.50.50.xover.mutate.done 50
 generation 15.66.52.52.52.52.52.52.52.52.52.52.18.52.3.2.52.52.35.3.50.71.52.2.52.52.71.52.2.50.52.52.9.12.3.9.3.52.52.52.3.52.52.52.52.50.52.2.52.52.2.xover.mutate.done 50
 generation 16.71.71.72.51.51.51.51.51.51.51.50.51.2.51.1.2.2.1.51.51.50.2.51.51.51.1.51.2.2.51.1.2.50.50.51.51.2.50.50.1.2.51.51.1.1.51.51.1.51.2.xover.mutate.done 50
 generation 17.69.74.74.50.50.50.50.50.50.50.74.50.1.1.0.50.50.1.1.1.50.10.1.1.50.50.1.49.50.50.1.4.50.50.50.50.74.50.50.50.50.1.0.50.8.8.1.50.50.0.xover.mutate.done 50
 generation 18.73.73.73.73.75.50.50.50.50.50.50.21.50.5.55.28.50.1.50.1.73.50.50.40.1.50.50.0.50.1.1.7.62.50.19.73.50.1.13.1.23.1.50.50.1.50.1.6.1.1.xover.mutate.done 50
 generation 19.67.72.72.72.72.72.72.59.56.50.0.50.75.3.0.58.0.0.50.0.50.50.0.0.0.50.0.0.50.50.0.0.75.0.56.8.0.0.50.0.0.0.72.50.0.3.50.58.72.75.xover.mutate.done 50
 generation 20.75.75.75.57.57.57.57.57.57.57.1.65.57.1.0.1.1.0.1.1.5.0.0.0.1.1.58.6.1.1.1.7.1.0.1.38.31.1.0.45.51.1.43.1.0.54.58.1.1.1.xover.mutate.done 50
 generation 21.81.81.81.70.58.71.71.71.71.71.3.71.81.6.71.0.0.0.3.3.3.0.45.71.0.7.51.0.0.3.3.3.21.0.45.0.0.0.0.8.71.58.3.61.71.12.8.37.7.0.xover.mutate.done 50
 generation 22.86.86.86.86.72.69.69.69.69.69.15.55.36.6.72.49.46.18.33.6.2.18.43.6.69.69.50.6.2.2.22.71.44.14.49.48.71.6.14.55.72.18.35.2.56.69.6.4.33.2.xover.mutate.done 50
 generation 23.69.69.69.69.63.63.63.62.62.66.63.66.2.6.63.1.66.54.54.8.62.2.2.1.31.66.1.1.28.2.6.63.62.38.1.2.2.2.2.63.1.1.66.66.58.2.63.22.28.24.xover.mutate.done 50
 generation 24.76.76.76.76.70.70.70.70.70.70.0.29.70.6.70.59.0.7.2.7.7.7.59.70.7.16.2.29.2.43.7.31.2.2.70.0.2.70.7.67.0.2.78.44.0.60.0.70.2.70.xover.mutate.done 50
 generation 25.75.76.76.76.76.70.70.70.70.70.1.18.1.28.70.46.29.1.2.2.1.42.2.3.70.70.1.2.1.28.76.70.1.25.2.24.1.37.46.2.66.51.4.1.4.2.1.1.1.56.xover.mutate.done 50
 generation 26.81.81.81.81.81.78.77.77.77.77.0.42.56.9.51.0.1.32.1.1.32.31.81.1.1.10.9.77.56.10.31.1.48.1.1.62.58.77.52.0.31.8.72.1.21.77.9.1.1.49.xover.mutate.done 50
 generation 27.79.79.79.79.79.79.80.68.68.68.4.10.4.10.10.60.41.10.17.25.50.33.70.47.4.10.4.54.2.10.68.2.10.35.54.11.4.29.11.2.10.11.10.56.68.68.10.17.4.71.xover.mutate.done 50
 generation 28.81.77.77.77.77.77.77.72.69.71.69.1.5.56.5.5.1.71.63.1.64.45.5.5.58.69.1.45.38.5.1.41.77.5.1.71.5.30.1.1.53.56.5.1.1.58.7.65.1.32.xover.mutate.done 50
 generation 29.84.84.84.84.84.84.84.84.79.83.9.3.35.64.61.81.73.81.54.3.76.3.9.83.56.9.9.63.27.3.47.28.9.2.3.1.47.63.3.8.12.8.3.2.8.9.3.83.3.81.xover.mutate.done 50
 generation 30.76.76.76.76.76.76.76.76.65.65.20.19.59.54.46.0.59.0.1.48.0.27.25.51.0.0.0.0.0.65.37.30.0.0.0.30.0.47.0.0.0.0.0.69.0.41.0.37.19.20.xover.mutate.done 50
 generation 31.78.74.74.74.74.74.74.74.68.67.2.48.28.2.2.2.0.8.54.62.2.6.2.49.71.2.62.14.67.2.7.68.2.39.33.60.67.8.2.78.53.2.7.48.7.2.2.2.68.2.xover.mutate.done 50
 generation 32.79.73.76.76.76.76.76.76.76.71.1.1.1.30.5.62.1.76.0.15.5.74.31.52.3.1.5.1.1.1.1.76.79.0.0.1.46.1.39.44.70.1.27.1.1.1.0.79.31.27.xover.mutate.done 50
 generation 33.80.74.78.82.82.82.82.82.82.82.2.80.30.32.82.60.50.2.14.22.2.2.2.7.9.2.7.2.27.22.82.2.8.82.71.22.44.7.82.74.0.2.64.51.2.2.52.47.46.2.xover.mutate.done 50
 generation 34.82.82.82.82.82.82.82.82.82.82.82.42.22.7.51.26.7.82.49.6.4.81.16.13.2.4.4.4.6.6.37.80.2.4.51.2.2.39.4.4.26.24.82.82.6.2.82.51.16.54.xover.mutate.done 50
 generation 35.75.75.75.75.75.75.75.75.75.75.2.75.2.22.0.8.75.2.8.8.8.21.2.2.8.75.75.2.31.8.75.79.9.48.2.20.9.8.34.2.0.80.82.8.62.75.20.2.66.2.xover.mutate.done 50
 generation 36.83.79.74.80.80.80.80.80.80.80.1.27.0.80.51.5.1.1.1.1.52.5.8.51.1.62.1.5.74.1.80.80.1.5.1.80.5.5.1.1.30.80.80.78.1.1.80.1.1.40.xover.mutate.done 50
 generation 37.81.79.79.79.79.79.79.79.79.79.3.3.79.3.49.0.65.0.3.3.78.70.0.23.49.0.0.0.73.18.53.0.0.64.81.3.0.59.37.3.0.59.3.0.81.3.79.0.39.0.xover.mutate.done 50
 generation 38.93.93.93.83.83.83.83.83.83.83.57.3.86.3.0.0.66.0.83.83.61.61.0.0.61.3.0.83.33.56.0.56.61.0.3.31.61.0.58.0.0.0.83.58.0.0.83.56.32.0.xover.mutate.done 50
 generation 39.86.86.86.80.78.78.78.78.78.78.10.47.63.2.80.73.46.80.4.10.11.80.55.86.78.4.55.4.67.20.4.47.4.10.4.4.33.72.37.4.60.4.10.79.4.10.4.11.34.47.xover.mutate.done 50
 generation 40.78.78.78.78.70.70.70.70.72.71.5.4.71.5.4.11.37.58.1.6.5.49.13.1.71.70.19.58.39.63.24.40.46.67.47.56.47.4.1.47.6.1.1.0.1.1.14.1.1.1.xover.mutate.done 50
 generation 41.80.80.80.80.76.72.72.72.82.82.55.7.36.57.7.7.82.3.31.72.7.49.82.82.59.3.36.60.36.3.56.7.49.19.49.3.3.3.59.3.82.24.80.14.59.77.80.30.3.7.xover.mutate.done 50
 generation 42.80.80.80.80.80.80.85.85.85.85.80.36.0.97.4.55.36.61.34.0.39.31.80.7.63.27.4.14.1.80.36.41.31.1.39.50.80.4.32.1.78.19.60.1.59.80.1.1.69.36.xover.mutate.done 50
 generation 43.91.85.85.85.85.73.73.73.73.73.54.41.0.3.38.16.24.3.3.37.51.17.5.1.40.3.16.63.37.63.85.27.63.85.32.5.73.17.40.32.73.28.1.26.5.1.28.85.46.31.xover.mutate.done 50
 generation 44.87.79.79.79.79.79.79.79.82.82.0.33.70.82.51.79.7.51.7.82.70.82.37.16.46.79.49.34.2.32.37.79.27.59.46.82.38.2.26.44.2.82.46.7.51.75.7.70.82.2.xover.mutate.done 50
 generation 45.92.74.74.74.74.74.74.74.74.80.76.24.63.74.2.6.76.44.55.57.45.0.80.80.64.80.2.33.2.42.92.2.2.74.74.2.2.2.2.80.80.56.66.0.45.42.55.2.74.56.xover.mutate.done 50
 generation 46.90.90.85.85.85.85.85.85.79.79.55.64.31.90.39.57.66.83.7.77.85.42.0.42.35.0.56.61.67.85.40.85.0.7.63.0.44.64.63.96.79.7.7.69.42.55.83.0.10.7.xover.mutate.done 50
 generation 47.93.93.93.93.86.86.86.86.86.86.86.82.84.31.37.86.68.68.86.42.4.3.60.3.22.3.68.86.4.31.3.41.3.4.86.82.6.6.68.13.68.67.89.93.3.3.4.6.93.3.xover.mutate.done 50
 generation 48.90.90.90.90.90.90.90.77.77.77.77.33.23.2.6.46.28.50.2.6.39.77.59.50.57.77.6.90.77.77.77.30.1.63.90.16.6.90.6.15.37.25.50.68.77.43.28.77.6.77.xover.mutate.done 50
 generation 49.90.92.92.92.92.92.92.90.92.90.0.92.72.49.56.0.0.0.54.29.0.54.19.0.0.0.32.89.14.90.90.90.37.78.89.49.79.4.52.4.89.72.0.89.30.42.44.35.0.0.xover.mutate.done 50
 58214570 iters     959513 iter/sec (60.67 s)
 total time: 60.67
