% Invoked: ./gella -d -r 2 -l biased_r2/run15 >& biased_r2/run15.log
% Ministry of Cellular Automata
% Project Deux (CS523 Spring 2015)
% Version:v0.1-70-g0624-dirty
%  pop:50
%  ic count:100
%  CA Log option:biased_r2/run15
%  width:121
%  max workers:4
%  radius:2
%  iterations:300
%  use bias:true
%  generations:50

 generation 0.0.50.0.0.50.50.50.50.0.50.50.50.50.0.0.0.6.0.0.0.50.0.0.50.50.0.50.0.43.36.0.0.0.50.0.50.0.0.50.3.50.23.0.50.50.50.0.0.0.0.xover.mutate.done 50
 generation 1.50.50.50.50.50.50.50.50.50.50.0.2.50.55.2.40.2.4.50.50.50.52.0.50.31.2.2.50.2.50.15.50.2.2.2.50.8.50.50.2.2.50.2.16.22.50.2.2.0.0.xover.mutate.done 50
 generation 2.68.50.50.50.50.50.50.50.50.50.50.11.1.1.8.28.21.50.50.0.1.50.0.50.50.42.0.50.1.50.50.22.1.7.28.50.50.50.1.1.1.51.50.1.50.50.1.1.1.50.xover.mutate.done 50
 generation 3.60.52.51.50.50.50.50.50.50.50.3.50.50.2.2.8.2.50.50.3.60.50.2.50.66.3.2.50.50.50.50.50.50.51.50.1.50.41.50.3.1.50.2.50.50.2.51.1.1.2.xover.mutate.done 50
 generation 4.62.56.56.50.50.50.50.50.50.50.50.50.50.0.8.0.50.50.50.50.50.50.0.50.0.0.50.50.50.0.50.50.0.0.0.0.50.0.5.0.0.0.48.50.54.50.50.0.50.50.xover.mutate.done 50
 generation 5.60.54.54.49.50.52.52.52.50.50.52.52.2.0.0.52.0.52.2.50.2.50.2.52.19.50.0.2.0.50.50.0.37.2.50.52.0.2.50.52.2.50.2.0.50.0.2.5.50.0.xover.mutate.done 50
 generation 6.56.57.57.53.53.53.53.53.53.53.3.0.3.53.3.0.3.3.50.3.0.53.50.50.3.53.0.0.3.50.3.3.50.50.0.3.3.50.3.3.50.3.53.3.50.13.3.39.53.53.xover.mutate.done 50
 generation 7.65.65.69.53.53.53.53.53.53.53.3.0.53.50.3.3.3.0.3.15.3.3.3.53.3.3.50.0.3.18.3.53.0.3.53.3.53.14.7.3.3.0.0.53.3.0.18.3.53.3.xover.mutate.done 50
 generation 8.60.58.58.51.51.51.51.51.51.51.1.1.2.1.2.1.1.9.1.1.51.1.2.2.1.2.2.1.1.50.10.1.2.2.1.1.35.51.2.9.2.51.1.51.50.16.9.6.1.2.xover.mutate.done 50
 generation 9.58.57.57.50.50.50.50.50.50.50.28.0.0.50.0.0.50.0.0.0.28.0.50.50.0.0.0.0.9.0.50.50.11.28.0.12.50.0.0.50.50.1.9.11.50.0.0.50.50.0.xover.mutate.done 50
 generation 10.67.66.66.50.50.50.50.50.50.50.50.50.45.50.2.50.50.50.50.2.2.50.50.2.2.50.2.8.50.50.2.0.17.0.2.2.2.2.66.50.0.50.2.50.50.50.50.50.2.0.xover.mutate.done 50
 generation 11.71.68.68.68.52.52.52.52.52.52.52.52.52.50.68.0.0.50.0.2.2.2.14.11.0.52.0.50.50.2.52.0.0.50.50.52.0.52.38.2.0.52.50.0.2.0.50.52.0.52.xover.mutate.done 50
 generation 12.57.62.62.62.62.52.52.52.52.52.50.11.62.52.52.2.2.52.2.2.0.50.50.2.52.50.50.2.50.2.2.52.52.62.50.2.52.50.0.2.2.50.52.52.50.0.52.0.2.52.xover.mutate.done 50
 generation 13.60.60.60.60.60.60.60.51.51.51.0.1.1.51.1.0.1.60.50.51.50.50.1.1.1.0.0.51.0.51.3.33.51.60.1.1.26.0.50.51.0.1.0.0.0.51.2.1.51.1.xover.mutate.done 50
 generation 14.60.60.60.60.60.60.62.60.60.51.1.3.3.51.4.3.3.4.60.4.3.60.4.3.4.1.1.4.50.3.3.4.1.51.1.3.1.1.50.28.60.60.51.4.1.3.4.1.7.50.xover.mutate.done 50
 generation 15.68.65.65.65.65.65.65.65.65.65.5.50.65.0.6.50.0.0.65.50.0.1.1.0.1.1.1.51.1.1.65.64.50.0.5.65.1.1.1.1.1.50.0.15.14.0.1.0.1.0.xover.mutate.done 50
 generation 16.62.58.58.58.58.58.58.58.58.58.0.58.58.0.11.54.58.5.0.0.0.0.0.50.0.58.50.0.0.42.50.58.50.0.0.0.0.58.58.50.0.0.42.0.0.0.0.0.50.58.xover.mutate.done 50
 generation 17.63.61.61.61.61.61.61.61.61.61.34.50.61.50.62.0.0.61.0.61.0.0.50.61.61.0.69.0.0.0.0.63.0.0.61.6.0.0.0.12.71.0.61.0.0.61.0.0.0.0.xover.mutate.done 50
 generation 18.64.64.57.57.54.57.57.57.57.57.57.57.2.1.1.54.8.1.1.50.8.1.2.2.8.2.57.8.1.1.1.2.64.8.52.2.57.57.2.57.57.1.2.57.64.1.64.57.41.1.xover.mutate.done 50
 generation 19.73.73.73.73.73.70.66.67.67.67.68.67.67.67.3.40.3.3.3.3.3.66.73.3.8.66.42.67.50.3.3.73.3.42.66.66.67.3.10.3.3.67.40.67.3.3.0.63.3.68.xover.mutate.done 50
 generation 20.73.69.73.69.73.73.69.66.64.64.1.1.15.43.1.1.54.1.5.64.20.64.78.62.62.1.1.62.25.1.21.1.61.53.54.1.1.73.66.38.15.43.69.54.1.1.65.36.62.1.xover.mutate.done 50
 generation 21.69.65.65.65.65.65.65.65.65.65.76.1.58.1.76.56.24.1.40.57.65.76.1.14.0.36.1.1.1.77.1.56.58.1.22.56.76.18.56.1.1.56.65.3.15.15.1.40.58.1.xover.mutate.done 50
 generation 22.75.77.77.77.77.70.70.70.70.70.1.35.15.57.56.78.1.1.6.84.6.1.48.19.44.1.72.16.4.1.1.17.1.16.16.0.70.0.41.6.63.78.80.6.80.6.39.1.0.32.xover.mutate.done 50
 generation 23.88.83.83.82.82.81.81.81.81.80.68.0.4.55.4.0.0.57.0.0.0.0.57.0.4.4.4.0.27.81.59.4.65.44.9.69.28.0.69.59.30.61.0.42.32.0.4.80.80.82.xover.mutate.done 50
 generation 24.83.79.79.80.80.78.78.78.78.78.63.1.1.48.56.1.79.0.0.33.1.57.21.0.11.0.73.24.24.0.1.1.76.65.12.1.0.76.22.44.29.65.59.2.57.57.0.11.2.51.xover.mutate.done 50
 generation 25.82.78.78.82.82.82.81.80.80.80.11.68.68.11.47.27.42.35.52.3.83.2.48.3.23.13.2.11.34.13.68.11.2.42.52.59.23.3.11.26.13.2.68.13.1.3.3.3.49.41.xover.mutate.done 50
 generation 26.73.78.79.79.79.79.71.71.71.73.8.10.44.2.10.51.18.8.8.73.10.56.68.2.62.2.2.2.10.73.10.8.8.68.62.8.19.58.71.9.71.54.9.2.2.62.2.9.9.9.xover.mutate.done 50
 generation 27.86.86.86.87.90.82.86.82.86.84.3.2.9.1.9.86.84.17.9.84.82.1.86.9.9.84.9.9.9.86.86.9.50.9.81.2.63.9.9.2.2.52.82.17.1.2.9.36.82.52.xover.mutate.done 50
 generation 28.88.87.87.87.87.85.85.85.87.85.0.2.88.2.85.2.0.0.76.2.3.88.2.0.84.0.49.88.0.0.2.0.0.2.85.0.2.84.0.88.0.0.40.23.2.86.0.2.89.2.xover.mutate.done 50
 generation 29.83.87.86.83.86.83.86.85.85.85.0.86.55.2.6.78.78.6.2.2.2.8.6.8.8.2.2.6.80.6.78.6.8.7.6.2.7.5.81.64.78.2.86.56.5.29.78.2.2.6.xover.mutate.done 50
 generation 30.89.88.86.85.86.86.85.85.85.82.65.5.86.36.2.5.5.8.85.43.86.5.81.85.39.19.5.5.57.2.78.2.5.81.5.78.2.5.2.5.2.5.2.2.2.2.58.8.5.5.xover.mutate.done 50
 generation 31.88.88.91.91.91.91.91.88.89.89.88.84.2.28.10.50.89.74.83.10.2.92.11.86.2.10.86.64.10.2.79.84.88.55.91.2.89.88.84.91.10.10.10.2.84.2.91.53.79.2.xover.mutate.done 50
 generation 32.83.84.84.84.84.84.84.84.84.84.0.84.80.56.67.84.76.0.8.0.0.3.76.83.85.4.76.84.79.4.84.4.84.0.75.0.84.4.84.83.68.84.4.0.4.72.3.0.63.0.xover.mutate.done 50
 generation 33.79.79.79.79.79.79.79.79.79.79.78.0.11.11.3.65.3.3.63.11.68.78.79.79.79.35.56.3.73.0.3.79.54.79.75.3.3.11.56.3.79.78.61.79.78.74.11.11.79.65.xover.mutate.done 50
 generation 34.82.84.84.84.84.84.84.84.84.83.63.9.59.61.82.74.9.63.9.9.3.3.84.74.3.82.2.9.9.84.83.84.2.11.24.84.63.3.59.9.84.84.81.3.78.84.9.84.84.39.xover.mutate.done 50
 generation 35.84.84.84.84.84.84.84.84.84.84.61.84.18.55.84.84.0.1.2.84.2.2.46.2.1.84.18.18.1.18.84.0.1.1.84.84.2.1.0.84.4.2.70.2.2.84.1.84.1.2.xover.mutate.done 50
 generation 36.76.76.76.76.76.76.76.76.76.75.67.72.1.9.1.49.9.1.9.24.76.9.1.0.9.77.8.24.9.8.11.77.1.67.1.9.9.78.76.0.1.75.76.9.9.24.67.75.8.8.xover.mutate.done 50
 generation 37.88.85.82.85.85.85.85.85.85.85.2.8.2.2.33.85.17.8.85.84.85.8.2.15.20.2.8.85.41.2.2.2.29.53.85.8.2.85.85.2.29.9.8.54.73.85.41.37.2.18.xover.mutate.done 50
 generation 38.82.80.83.83.83.83.83.83.83.83.45.81.83.83.5.5.0.5.83.83.83.83.5.74.0.0.5.83.57.83.5.0.5.5.0.5.0.83.5.83.82.5.5.83.0.83.83.83.76.5.xover.mutate.done 50
 generation 39.89.89.89.89.89.89.89.89.89.89.7.2.2.89.80.89.7.89.7.54.89.15.89.2.9.89.76.7.7.2.89.89.54.50.48.16.7.2.7.89.89.80.89.64.90.45.2.80.7.89.xover.mutate.done 50
 generation 40.86.88.88.88.88.88.88.88.88.88.1.66.88.1.6.1.47.72.86.47.1.50.6.1.88.1.0.86.88.25.1.88.74.0.88.1.72.6.45.6.87.86.86.66.6.1.88.88.88.87.xover.mutate.done 50
 generation 41.85.85.85.85.85.85.85.85.85.85.85.87.61.75.85.36.87.85.75.86.85.0.85.75.33.36.6.85.0.33.85.87.76.0.6.0.85.77.0.6.0.85.85.85.0.33.85.85.0.0.xover.mutate.done 50
 generation 42.81.82.81.78.79.79.79.79.79.79.3.79.81.10.79.78.61.73.79.3.59.19.68.79.68.73.79.79.29.55.11.59.78.3.3.11.11.61.11.14.3.3.61.79.10.14.3.10.73.59.xover.mutate.done 50
 generation 43.93.93.93.93.91.91.91.91.91.91.0.72.87.78.1.1.89.93.91.62.1.90.61.77.89.89.72.72.72.1.91.91.72.1.91.18.1.91.12.1.1.93.77.1.0.76.82.1.93.1.xover.mutate.done 50
 generation 44.86.86.86.86.86.86.86.84.84.84.62.86.6.84.2.6.84.86.86.1.62.1.5.2.1.86.23.5.7.5.83.2.76.2.60.7.83.38.2.1.84.86.84.2.38.75.76.34.2.1.xover.mutate.done 50
 generation 45.84.81.81.81.81.81.81.81.81.81.79.76.6.2.76.70.6.17.78.4.4.4.6.73.2.4.77.2.70.81.81.6.41.68.2.6.4.58.6.64.35.2.74.64.2.6.6.6.80.6.xover.mutate.done 50
 generation 46.86.87.87.87.87.87.87.87.87.87.0.85.0.0.0.0.0.79.0.83.0.10.0.0.0.0.9.0.0.84.0.87.0.0.0.9.9.9.9.9.0.0.76.9.0.9.9.9.9.9.xover.mutate.done 50
 generation 47.86.86.86.86.86.86.86.86.86.86.0.81.7.84.1.0.0.81.1.7.1.0.7.1.7.75.7.7.7.31.7.22.7.7.0.8.1.7.8.7.7.0.84.72.0.1.1.0.0.0.xover.mutate.done 50
 generation 48.79.79.79.79.79.79.79.79.79.79.3.83.2.3.79.79.80.4.78.76.1.3.79.1.79.24.2.3.2.3.3.82.9.79.2.3.2.2.4.3.2.2.59.1.23.44.4.7.80.17.xover.mutate.done 50
 generation 49.89.88.89.89.90.90.90.90.90.90.90.84.86.88.15.89.3.84.12.11.12.87.11.11.11.11.55.11.2.85.90.5.89.90.5.5.12.12.88.83.91.11.5.11.89.86.3.61.84.90.xover.mutate.done 50
 63613560 iters     969660 iter/sec (65.60 s)
 total time: 65.60
