% Invoked: ./gella -d -r 2 -l biased_r2/run14 >& biased_r2/run14.log
% Ministry of Cellular Automata
% Project Deux (CS523 Spring 2015)
% Version:v0.1-70-g0624-dirty
%  pop:50
%  ic count:100
%  CA Log option:biased_r2/run14
%  width:121
%  max workers:4
%  radius:2
%  iterations:300
%  use bias:true
%  generations:50

 generation 0.50.0.0.2.2.0.2.50.0.8.2.50.2.4.50.2.2.2.2.50.0.2.2.0.0.2.0.50.2.50.50.2.50.50.0.2.2.2.50.2.2.50.0.50.50.50.2.50.2.0.xover.mutate.done 50
 generation 1.50.50.50.50.50.50.50.50.50.50.6.45.1.1.1.46.1.51.1.23.24.1.50.1.1.51.50.1.42.52.51.50.50.11.0.6.50.1.1.6.50.39.14.1.1.1.1.1.50.50.xover.mutate.done 50
 generation 2.44.50.50.50.50.50.50.50.50.50.0.0.50.50.50.42.50.50.0.50.0.0.0.50.0.0.50.0.50.50.50.10.50.0.0.0.50.50.5.0.50.50.8.50.6.0.50.50.47.50.xover.mutate.done 50
 generation 3.50.50.50.50.50.50.50.50.50.50.50.0.23.50.6.0.50.50.50.50.50.0.0.50.50.0.50.0.50.51.11.0.50.5.0.0.50.0.50.50.50.7.0.54.50.0.23.50.4.9.xover.mutate.done 50
 generation 4.50.47.50.50.50.50.51.50.50.51.50.9.51.11.0.50.50.15.51.11.50.50.1.50.50.17.51.0.50.50.51.50.50.50.51.22.0.13.50.0.1.50.50.29.50.50.8.50.50.0.xover.mutate.done 50
 generation 5.50.50.50.50.50.50.50.50.51.51.51.1.51.51.23.51.1.1.66.0.50.50.1.51.6.51.1.51.50.50.50.8.50.51.1.51.1.1.1.6.50.50.1.20.1.8.50.50.6.50.xover.mutate.done 50
 generation 6.67.52.52.52.52.52.52.52.52.52.0.2.52.8.50.50.50.2.2.33.2.50.3.52.2.50.52.52.10.52.2.2.50.3.2.2.50.52.2.2.52.2.50.52.2.2.50.50.52.2.xover.mutate.done 50
 generation 7.74.51.51.51.51.51.51.51.51.51.1.1.1.29.1.51.51.50.51.51.51.1.50.50.51.3.51.8.50.5.50.1.51.23.22.51.1.1.1.1.23.1.1.51.50.1.50.51.51.51.xover.mutate.done 50
 generation 8.70.52.52.52.52.52.52.52.52.52.52.52.3.2.52.52.52.70.26.52.52.52.3.52.52.18.52.52.9.38.58.52.52.52.52.52.3.2.3.3.2.21.52.51.3.52.52.52.12.1.xover.mutate.done 50
 generation 9.69.66.57.53.53.53.53.53.53.53.53.53.3.50.50.8.53.4.3.53.53.53.53.53.53.53.19.53.53.53.25.53.3.3.3.53.53.50.4.5.53.53.3.53.53.24.53.53.19.50.xover.mutate.done 50
 generation 10.63.62.54.51.51.51.51.51.51.51.2.2.17.2.51.8.51.51.51.51.51.51.51.2.51.50.50.2.51.51.54.1.51.2.51.2.54.51.51.51.51.61.51.51.51.51.51.2.50.2.xover.mutate.done 50
 generation 11.69.68.64.57.57.57.50.50.50.50.57.50.14.50.50.50.50.50.50.50.33.49.50.50.62.50.0.50.19.50.50.50.50.50.6.50.50.50.14.50.50.50.50.50.50.50.1.50.50.50.xover.mutate.done 50
 generation 12.73.73.69.69.56.56.56.56.51.51.51.2.2.51.51.51.51.56.51.24.51.51.24.14.37.69.47.51.69.2.51.51.51.56.51.51.24.47.51.51.26.24.51.69.20.51.51.69.2.51.xover.mutate.done 50
 generation 13.64.63.62.62.62.62.62.62.56.56.5.33.58.51.51.2.7.51.51.51.51.51.51.62.51.51.51.51.51.15.2.62.51.62.15.51.56.10.51.51.51.21.51.7.15.7.56.12.51.55.xover.mutate.done 50
 generation 14.65.64.63.63.63.63.63.63.63.63.51.65.51.15.3.17.51.51.56.3.1.7.51.63.51.63.62.51.51.51.65.63.51.10.51.51.59.51.18.15.51.51.51.15.3.51.51.62.51.5.xover.mutate.done 50
 generation 15.74.74.74.72.68.68.68.68.68.68.2.51.51.74.63.51.67.19.51.68.61.68.68.51.51.59.51.51.26.74.51.67.68.19.51.2.72.11.24.51.51.51.51.59.2.67.28.51.59.72.xover.mutate.done 50
 generation 16.67.67.67.67.67.65.65.65.64.64.64.51.51.4.59.64.64.59.19.34.51.28.51.51.20.20.51.4.20.51.20.51.4.51.64.69.51.62.63.4.64.51.64.62.23.51.64.1.64.51.xover.mutate.done 50
 generation 17.77.73.73.73.72.73.72.72.72.67.67.40.64.51.61.68.5.23.23.19.51.1.61.3.67.51.51.23.51.66.51.67.51.51.12.1.68.63.24.51.51.51.51.25.67.23.51.51.72.60.xover.mutate.done 50
 generation 18.69.63.63.63.63.62.62.62.62.62.50.0.43.50.35.50.0.58.71.13.33.60.55.10.50.56.6.50.50.50.50.70.56.60.15.0.50.5.60.43.43.55.60.63.60.50.54.60.60.54.xover.mutate.done 50
 generation 19.77.77.76.70.70.70.70.70.70.70.65.0.50.50.65.47.0.65.65.50.61.70.68.26.20.13.50.33.28.13.0.46.0.65.65.50.65.62.68.46.50.50.70.54.50.50.46.24.26.65.xover.mutate.done 50
 generation 20.71.71.71.66.66.66.66.66.66.65.17.17.36.64.16.36.40.62.50.75.50.17.36.62.36.50.65.50.62.50.50.66.30.50.17.50.65.50.63.55.65.50.65.1.44.17.50.29.28.66.xover.mutate.done 50
 generation 21.80.75.75.74.72.72.72.72.72.72.0.0.0.0.38.68.68.0.0.19.62.71.50.81.0.72.46.72.31.50.50.9.71.50.50.50.50.75.38.29.50.50.0.22.72.50.50.68.18.19.xover.mutate.done 50
 generation 22.79.78.75.76.76.75.67.67.67.67.50.65.17.51.46.50.1.65.16.76.51.43.50.51.79.46.60.65.51.46.16.7.22.51.75.1.43.51.51.56.16.65.0.1.75.1.21.1.50.17.xover.mutate.done 50
 generation 23.78.78.77.74.74.74.74.73.73.74.43.50.77.38.50.55.3.50.77.14.53.30.72.50.50.46.26.55.49.74.3.3.74.73.50.31.77.50.72.7.35.42.72.19.76.53.58.50.50.78.xover.mutate.done 50
 generation 24.80.80.80.80.80.80.80.74.70.70.20.50.50.71.70.5.49.80.37.50.60.50.50.70.0.50.50.10.50.70.40.50.50.70.26.25.80.80.74.70.50.49.70.50.50.0.68.50.70.70.xover.mutate.done 50
 generation 25.73.73.73.72.72.72.72.72.72.72.52.68.68.50.2.50.73.54.69.50.52.47.25.58.70.63.68.31.50.61.73.52.50.31.52.2.20.70.50.62.2.61.70.68.52.68.70.47.73.50.xover.mutate.done 50
 generation 26.87.87.87.87.87.87.86.86.86.86.52.3.11.52.81.62.52.52.87.78.32.51.87.51.10.10.86.78.66.52.52.52.87.50.60.11.2.60.86.51.86.86.78.60.60.52.51.52.54.3.xover.mutate.done 50
 generation 27.81.81.81.81.81.81.81.81.81.81.52.51.52.47.2.2.0.57.7.81.81.52.52.78.7.52.23.2.50.2.52.57.50.81.52.81.2.2.2.81.7.6.50.71.81.71.52.52.50.51.xover.mutate.done 50
 generation 28.80.80.80.80.80.80.80.80.80.79.57.80.51.79.51.7.51.75.51.37.71.30.54.80.51.79.8.9.51.47.57.71.51.51.54.51.2.71.50.79.8.51.51.50.32.51.17.51.51.57.xover.mutate.done 50
 generation 29.77.77.77.77.77.77.77.77.77.77.68.67.77.51.50.74.1.50.51.27.1.59.6.51.71.51.1.0.77.59.75.33.77.9.51.1.74.68.33.77.68.71.77.50.9.1.18.42.18.50.xover.mutate.done 50
 generation 30.82.82.82.82.82.82.82.82.82.82.0.50.50.71.50.8.50.50.80.82.50.50.82.0.81.67.82.50.50.8.82.82.77.50.0.50.82.58.82.82.10.50.50.50.50.50.16.8.50.50.xover.mutate.done 50
 generation 31.84.84.84.84.84.84.84.84.84.84.50.50.25.63.57.51.51.51.84.1.1.51.50.81.51.84.43.51.0.84.51.1.50.50.51.51.33.79.50.84.63.11.1.84.51.1.50.60.50.51.xover.mutate.done 50
 generation 32.80.80.80.80.80.80.80.80.80.80.30.7.51.0.0.78.51.20.51.4.50.78.0.51.78.4.80.50.50.67.23.1.1.35.80.1.50.22.79.7.4.50.51.80.80.76.51.54.54.32.xover.mutate.done 50
 generation 33.79.79.79.79.79.79.79.79.79.79.68.58.73.11.1.58.9.32.50.32.1.79.51.79.8.50.51.58.50.11.50.58.51.9.78.50.79.51.9.50.58.57.50.58.50.14.79.79.68.58.xover.mutate.done 50
 generation 34.75.75.75.75.75.75.75.75.75.75.75.17.59.75.14.59.27.58.31.75.52.58.74.75.52.11.74.49.50.52.4.50.17.74.75.50.75.52.52.75.12.59.52.52.52.28.27.52.52.58.xover.mutate.done 50
 generation 35.78.78.78.78.78.78.78.78.78.78.78.2.78.28.51.51.52.51.31.29.51.50.51.36.51.57.1.78.50.22.50.51.22.51.31.50.8.75.57.1.19.75.52.57.47.75.57.75.51.51.xover.mutate.done 50
 generation 36.79.79.79.79.79.79.79.79.79.79.51.59.51.1.79.74.76.51.2.41.76.53.49.51.26.70.35.51.51.51.51.59.27.79.51.74.58.59.51.51.79.59.59.2.70.79.1.51.55.2.xover.mutate.done 50
 generation 37.78.78.78.78.78.78.78.78.78.78.73.30.50.78.44.67.50.77.6.50.54.54.73.50.70.37.22.78.73.69.62.78.78.78.53.50.50.2.49.52.67.73.2.2.73.54.50.8.50.27.xover.mutate.done 50
 generation 38.77.77.77.77.77.77.77.77.77.77.77.21.56.69.50.67.55.50.77.8.50.77.77.50.77.55.22.77.55.52.77.77.72.55.2.50.50.2.77.74.50.69.11.70.61.18.7.77.55.22.xover.mutate.done 50
 generation 39.77.77.77.77.77.77.77.77.77.77.50.26.50.50.62.57.50.50.23.57.62.64.57.50.75.50.50.74.77.62.9.50.57.77.50.57.58.10.64.50.50.57.77.77.25.50.68.58.50.50.xover.mutate.done 50
 generation 40.77.77.77.77.77.77.77.77.77.77.50.8.19.77.10.46.51.51.77.77.51.3.74.77.77.17.77.58.10.51.51.58.10.61.3.59.10.50.3.64.77.13.66.77.68.50.50.58.51.46.xover.mutate.done 50
 generation 41.75.75.75.75.75.75.75.75.75.75.75.75.50.25.50.7.75.50.10.50.50.75.7.75.57.0.50.57.54.0.62.50.0.0.75.50.75.7.75.50.57.75.35.57.75.50.10.12.75.0.xover.mutate.done 50
 generation 42.84.84.84.84.84.84.84.84.84.84.15.32.3.52.52.49.1.52.84.18.50.50.52.58.81.9.37.84.10.84.52.48.50.84.81.49.79.50.84.49.52.9.84.1.58.84.70.38.52.44.xover.mutate.done 50
 generation 43.84.84.84.84.84.84.84.84.84.84.84.27.2.24.84.63.50.52.52.0.52.52.83.34.83.84.84.2.62.41.84.63.14.84.23.36.52.52.52.41.46.45.84.36.6.2.83.84.63.16.xover.mutate.done 50
 generation 44.73.73.73.73.73.73.73.73.73.73.2.73.24.13.52.32.52.52.72.73.52.61.34.52.52.52.12.52.52.50.52.12.32.52.12.67.58.73.52.73.3.51.3.12.71.73.52.52.25.73.xover.mutate.done 50
 generation 45.82.82.82.82.82.82.82.82.82.82.11.17.82.42.50.50.82.50.1.18.50.82.50.50.1.82.82.51.1.60.11.50.50.82.1.32.82.73.82.82.50.1.50.34.1.50.50.11.50.82.xover.mutate.done 50
 generation 46.82.82.82.82.82.82.82.82.82.82.51.82.51.51.34.10.68.82.51.81.10.81.31.51.51.81.82.82.68.68.51.82.17.32.29.73.2.82.59.51.68.50.1.51.51.2.10.39.51.51.xover.mutate.done 50
 generation 47.79.79.79.79.79.79.79.79.79.79.73.49.74.67.51.50.73.25.1.10.51.37.70.51.50.12.50.74.75.71.51.51.79.32.1.50.30.32.1.51.70.51.51.50.30.32.79.78.23.9.xover.mutate.done 50
 generation 48.82.82.82.82.82.82.82.82.82.82.52.82.78.50.82.52.52.22.82.52.82.50.34.52.50.1.82.82.52.9.52.52.52.3.52.52.71.52.51.52.82.16.1.52.52.52.12.52.45.82.xover.mutate.done 50
 generation 49.74.74.74.74.74.74.74.74.74.74.74.51.73.74.60.19.51.10.67.1.74.60.69.22.51.74.74.51.51.1.0.24.51.74.33.45.42.15.1.50.17.67.51.1.51.74.51.51.10.51.xover.mutate.done 50
 20599174 iters     867727 iter/sec (23.74 s)
 total time: 23.74
