51 51 50 50 50 50 50 50 50 50 50 50 50 50 50 50 13 6 1 1 1 1 1 1 1 1 1 1 1 1 1 1 1 1 1 1 1 1 1 1 1 1 1 0 0 0 0 0 0 0 
69 55 51 50 50 50 50 50 50 50 50 50 50 50 50 50 50 50 50 50 50 50 50 50 50 50 30 12 12 8 7 7 6 6 1 1 1 1 1 1 1 1 1 1 1 1 0 0 0 0 
70 61 61 61 61 51 51 51 51 50 50 50 50 50 50 50 50 50 50 50 50 50 50 50 50 50 40 34 19 5 5 4 4 3 1 1 1 1 1 1 1 1 1 1 1 1 1 0 0 0 
72 72 64 64 64 64 64 53 53 53 53 53 53 53 53 53 53 53 53 53 53 53 53 51 51 51 51 51 51 51 50 50 50 50 50 50 40 31 5 4 4 4 3 3 3 3 3 3 3 1 
82 68 68 68 59 59 59 59 59 59 51 50 50 50 50 50 50 50 50 50 50 50 50 50 10 1 1 1 1 1 1 1 1 1 1 1 1 1 1 1 1 1 1 1 0 0 0 0 0 0 
80 80 67 67 67 55 55 55 55 55 55 51 51 51 51 51 50 50 50 50 37 20 20 12 8 4 4 4 4 4 4 4 4 4 3 3 3 3 3 3 3 3 3 1 1 1 1 1 1 1 
83 83 76 76 76 76 74 66 66 66 66 66 66 66 51 51 51 51 50 50 50 39 33 9 2 2 2 2 2 2 2 2 2 2 2 1 1 1 1 1 1 1 1 1 1 1 1 1 1 1 
75 75 68 68 68 68 68 68 68 68 68 67 56 52 50 50 50 50 50 50 50 48 48 48 48 48 48 24 16 11 3 3 3 0 0 0 0 0 0 0 0 0 0 0 0 0 0 0 0 0 
75 75 66 66 66 66 66 66 66 66 66 66 66 66 66 51 51 51 51 51 51 51 51 50 50 34 21 21 16 16 11 4 4 1 1 1 1 1 1 1 1 1 1 1 1 0 0 0 0 0 
82 82 82 74 71 71 71 71 71 71 71 71 71 71 71 71 71 71 71 51 51 51 51 51 51 51 51 51 50 50 41 36 29 28 21 21 14 1 1 1 1 1 1 1 1 1 1 1 0 0 
85 85 85 85 82 82 74 74 74 74 74 74 74 74 74 74 71 70 69 68 68 67 61 51 51 51 51 50 50 46 46 33 31 31 30 30 25 25 25 24 22 18 9 2 2 2 2 2 1 1 
81 81 81 81 77 77 77 77 74 74 74 74 74 74 74 74 71 71 71 71 71 70 59 59 55 52 52 52 52 52 52 52 50 50 50 50 50 41 37 37 27 27 27 17 2 2 2 2 2 0 
83 83 83 83 80 80 80 80 80 80 77 76 75 75 75 75 75 75 75 75 75 75 73 73 70 70 70 59 56 52 52 52 52 52 52 52 52 52 52 50 50 50 50 50 31 31 31 2 2 2 
75 75 75 75 75 70 69 69 69 69 69 69 68 66 64 64 64 64 64 64 63 63 63 63 63 60 57 55 52 50 50 50 50 50 50 50 50 50 50 50 50 50 31 19 15 15 15 9 6 1 
84 84 84 84 84 84 80 80 80 80 80 80 79 79 72 72 72 72 72 72 66 66 66 57 57 57 55 52 52 52 52 52 52 52 52 52 51 51 50 50 23 23 8 3 3 3 3 3 3 3 
83 83 83 83 83 83 83 83 83 83 75 75 75 75 75 75 74 73 69 69 69 61 61 61 53 53 53 53 53 50 50 50 50 50 50 50 50 50 50 50 50 50 50 50 41 19 15 7 0 0 
78 75 75 75 75 75 75 75 75 75 75 75 75 75 75 70 67 62 59 59 59 59 59 59 59 59 59 53 53 53 53 53 53 53 53 53 53 53 53 53 53 23 12 10 4 4 4 4 4 4 
85 85 85 85 81 80 80 80 80 80 80 80 80 80 80 80 80 80 80 80 80 80 73 64 64 63 59 59 59 59 53 52 52 52 52 52 52 52 52 52 52 50 50 49 43 37 36 29 11 2 
85 85 85 85 85 85 85 85 85 85 79 78 78 78 78 78 78 78 78 78 78 78 69 67 62 58 58 56 54 50 50 50 50 50 50 50 50 50 50 50 50 50 50 50 50 50 50 50 28 14 
89 89 89 89 89 89 89 89 89 89 89 89 89 89 89 88 88 88 88 88 88 88 88 70 65 62 62 60 60 55 55 55 55 55 55 55 55 55 55 55 55 51 50 32 28 23 14 11 10 6 
85 84 84 84 84 84 84 84 84 84 84 84 84 84 84 84 84 84 84 81 80 76 75 75 75 57 52 52 52 52 52 50 50 50 50 50 37 27 21 17 5 2 2 2 2 2 2 0 0 0 
79 79 79 79 79 79 79 79 79 79 79 79 79 79 79 79 76 73 73 72 70 53 53 53 53 53 53 53 53 50 50 50 50 50 50 50 50 50 50 46 46 41 36 33 11 6 3 0 0 0 
83 81 81 81 81 81 81 81 81 81 81 81 81 81 81 81 81 81 81 81 81 63 57 57 52 52 52 52 52 52 50 50 50 50 50 50 50 50 50 46 42 38 38 35 26 14 9 0 0 0 
88 88 87 87 87 87 87 87 87 87 87 87 87 87 87 87 87 87 87 87 87 82 76 72 61 59 57 57 54 54 50 50 50 50 50 50 50 50 50 50 50 50 50 50 50 49 43 42 39 4 
87 86 86 86 86 86 86 86 86 86 86 86 86 86 86 86 86 86 86 86 86 86 86 86 80 80 80 63 63 54 50 50 50 50 50 50 50 50 50 50 38 15 5 4 0 0 0 0 0 0 
85 84 84 84 84 84 84 84 84 84 84 84 84 84 84 84 84 84 84 84 84 84 84 81 59 56 52 52 52 52 52 51 51 51 51 51 51 50 50 50 50 50 50 49 37 6 3 3 3 1 
88 88 88 88 88 88 88 88 88 88 88 88 88 88 88 88 88 88 88 88 88 88 59 53 50 50 50 50 50 50 50 50 50 50 50 50 50 50 50 47 39 35 29 3 0 0 0 0 0 0 
87 86 86 86 86 86 86 86 86 86 86 86 86 86 86 86 86 86 86 86 86 86 86 82 62 55 51 51 51 50 50 50 50 50 50 50 50 50 50 50 50 46 45 20 18 12 7 1 0 0 
86 83 83 83 83 83 83 83 83 83 83 83 83 83 83 83 83 80 77 70 57 54 51 51 51 51 50 50 50 50 50 50 50 50 50 50 50 50 50 50 50 50 50 50 50 41 40 24 1 1 
79 79 79 79 79 79 79 79 79 79 79 79 79 79 79 79 79 79 79 79 79 63 55 55 51 51 51 51 51 51 51 51 51 51 50 50 50 50 50 50 50 50 49 45 35 34 6 5 1 1 
82 81 81 81 81 81 81 81 81 81 81 81 81 81 81 81 81 81 77 69 69 61 53 53 53 53 52 52 50 50 50 50 50 50 50 50 50 50 50 50 50 50 39 33 27 25 21 8 4 3 
88 85 85 85 85 85 85 85 85 85 85 85 85 85 85 85 85 85 82 75 56 53 53 53 53 53 53 53 53 50 50 50 50 50 44 20 20 20 15 9 9 9 6 6 4 4 4 4 4 3 
84 84 84 84 84 84 84 84 84 84 84 84 84 84 84 84 84 84 84 84 75 66 66 62 56 56 56 51 50 50 50 50 50 50 50 50 50 50 50 50 50 50 50 50 41 17 17 10 1 1 
82 81 81 81 81 81 81 81 81 81 81 81 81 81 81 81 81 81 81 74 74 71 68 68 66 63 63 62 56 56 56 52 52 52 52 52 50 50 50 47 41 27 22 22 18 12 4 4 2 2 
87 86 86 86 86 86 86 86 86 86 86 86 86 86 86 86 86 86 75 73 73 73 73 73 71 71 70 69 69 67 58 58 58 55 55 55 50 50 50 50 50 46 44 40 37 17 16 16 12 5 
81 79 79 79 79 79 79 79 79 79 79 79 79 79 79 79 70 69 68 68 67 59 56 56 56 56 56 53 53 53 53 53 53 52 52 50 50 50 50 50 50 40 39 34 30 27 26 10 3 2 
86 85 85 84 84 84 84 84 84 84 84 84 84 84 84 84 84 84 81 77 76 76 76 76 75 71 71 58 58 57 57 51 51 51 51 51 51 50 50 50 50 50 50 39 19 17 9 8 1 1 
93 91 91 91 90 90 90 90 90 90 90 90 90 90 90 90 90 90 90 90 83 83 80 78 76 76 76 76 70 61 61 50 50 50 50 50 50 50 50 50 46 46 46 40 17 15 13 9 4 0 
84 83 83 83 83 83 83 83 83 83 83 83 83 83 78 78 74 74 69 67 66 60 60 60 60 60 52 52 52 52 52 51 51 51 51 51 51 50 50 50 45 35 33 28 28 25 22 10 2 2 
91 90 90 90 90 90 88 88 88 88 88 88 88 88 88 88 85 83 73 69 69 67 61 60 59 59 59 59 59 53 52 52 51 51 50 50 50 50 50 50 50 50 43 29 27 13 9 2 2 2 
86 86 86 83 83 83 83 83 83 83 83 83 83 83 83 83 83 83 78 76 70 63 62 62 61 57 57 57 56 56 56 56 51 51 50 50 50 50 50 50 50 23 21 14 11 6 5 1 1 1 
90 90 90 89 86 86 86 86 86 86 85 85 85 85 85 85 77 77 75 68 65 64 61 57 57 57 57 55 51 51 51 51 51 51 51 51 51 51 51 50 47 46 46 44 44 43 38 31 11 2 
91 91 91 90 88 88 88 87 87 87 87 87 87 87 87 85 76 70 67 65 62 59 59 59 59 58 52 51 51 51 51 51 50 50 50 50 50 50 50 50 50 50 50 50 49 49 45 44 35 22 
90 90 90 90 90 90 90 90 90 90 90 90 89 89 86 86 82 81 81 74 73 73 73 61 58 58 58 55 55 55 51 51 51 51 50 50 50 50 50 50 50 46 46 46 41 38 36 32 20 20 
87 87 87 87 87 86 86 86 86 86 86 86 77 77 76 75 73 70 69 58 57 57 57 57 57 53 50 50 50 50 50 50 50 50 46 37 34 34 29 27 21 21 8 8 7 7 7 7 5 4 
93 93 93 93 92 92 91 91 91 91 91 87 85 74 69 69 63 63 61 60 55 55 55 55 53 51 51 50 50 50 50 50 50 50 50 50 50 48 44 42 37 28 28 21 18 17 1 1 1 1 
89 89 89 89 89 89 89 89 89 89 89 86 85 85 85 80 72 71 65 65 64 64 57 57 57 55 55 54 54 54 53 51 50 50 50 50 50 50 46 43 42 36 32 16 6 5 1 1 1 1 
87 87 87 87 87 87 87 87 87 86 86 85 78 76 76 76 76 76 76 69 67 67 65 59 59 58 58 58 54 51 50 50 50 50 50 50 50 46 46 45 44 39 38 38 37 36 31 23 19 1 
92 92 92 92 92 92 91 87 87 87 87 87 87 87 83 78 78 78 58 58 57 53 52 52 52 51 51 51 50 50 50 50 50 50 50 46 45 45 44 44 43 36 24 20 18 9 3 3 3 1 
87 87 87 87 87 87 87 86 86 86 86 86 86 79 63 61 55 52 51 51 51 51 51 51 50 50 50 50 50 50 50 50 50 50 50 49 48 47 46 45 44 43 42 39 32 16 9 7 2 1 
