0.375 0.09375 0.6875 0.5 0.0 0.09375 0.09375 0.0625 0.5 1.0 
0.09375 0.0 0.09375 0.09375 0.0625 1.0 0.1875 0.96875 0.90625 0.875 
0.5625 0.1875 0.09375 0.0 0.09375 0.09375 0.0625 1.0 0.1875 0.96875 
0.5625 0.65625 0.1875 0.09375 0.0 0.09375 0.09375 0.0625 1.0 0.1875 
0.46875 0.5625 0.5625 0.65625 0.1875 0.21875 0.34375 0.09375 0.0 0.09375 
0.46875 0.5625 0.5625 0.53125 0.65625 0.1875 0.21875 0.34375 0.09375 0.0 
0.46875 0.5625 0.5625 0.1875 0.21875 0.34375 0.15625 0.25 0.1875 0.1875 
0.5625 0.5625 0.46875 0.1875 0.21875 0.34375 0.15625 0.25 0.1875 0.1875 
0.46875 0.5625 0.5625 0.1875 0.21875 0.34375 0.15625 0.25 0.1875 0.1875 
0.46875 0.5625 0.5625 0.1875 0.21875 0.34375 0.15625 0.25 0.1875 0.1875 
0.46875 0.5625 0.5625 0.1875 0.21875 0.34375 0.15625 0.25 0.1875 0.1875 
0.46875 0.5625 0.5625 0.5625 0.1875 0.21875 0.34375 0.15625 0.25 0.1875 
0.46875 0.5625 0.5625 0.5625 0.5625 0.1875 0.21875 0.34375 0.15625 0.25 
0.5625 0.5625 0.5625 0.5625 0.5625 0.5625 0.46875 0.1875 0.21875 0.34375 
0.5625 0.5625 0.5625 0.5625 0.5625 0.5625 0.46875 0.5625 0.5625 0.1875 
0.46875 0.5625 0.5625 0.5625 0.5625 0.5625 0.5625 0.5625 0.5625 0.5625 
0.46875 0.5625 0.5625 0.5625 0.5625 0.5625 0.5625 0.5625 0.5625 0.5625 
0.46875 0.5625 0.5625 0.5625 0.5625 0.5625 0.5625 0.5625 0.5625 0.5625 
0.59375 0.53125 0.46875 0.59375 0.625 0.5625 0.5625 0.5625 0.5625 0.5625 
0.59375 0.53125 0.59375 0.53125 0.59375 0.46875 0.59375 0.5625 0.5625 0.5625 
0.59375 0.53125 0.59375 0.53125 0.59375 0.59375 0.53125 0.46875 0.5625 0.5625 
0.59375 0.59375 0.59375 0.59375 0.59375 0.59375 0.53125 0.53125 0.53125 0.53125 
0.625 0.65625 0.65625 0.65625 0.65625 0.59375 0.59375 0.59375 0.59375 0.59375 
0.59375 0.6875 0.6875 0.71875 0.71875 0.65625 0.65625 0.65625 0.65625 0.625 
0.59375 0.6875 0.6875 0.71875 0.71875 0.65625 0.65625 0.65625 0.65625 0.65625 
0.59375 0.71875 0.71875 0.6875 0.6875 0.6875 0.65625 0.65625 0.65625 0.65625 
0.625 0.59375 0.6875 0.6875 0.6875 0.65625 0.65625 0.65625 0.65625 0.71875 
0.6875 0.6875 0.6875 0.65625 0.59375 0.625 0.71875 0.625 0.71875 0.65625 
0.59375 0.65625 0.6875 0.6875 0.6875 0.71875 0.71875 0.71875 0.6875 0.71875 
0.625 0.59375 0.65625 0.625 0.65625 0.625 0.65625 0.6875 0.6875 0.6875 
0.59375 0.65625 0.65625 0.65625 0.65625 0.65625 0.6875 0.6875 0.6875 0.625 
0.59375 0.65625 0.65625 0.65625 0.65625 0.65625 0.65625 0.65625 0.6875 0.6875 
0.625 0.65625 0.65625 0.65625 0.65625 0.65625 0.65625 0.65625 0.65625 0.6875 
0.65625 0.65625 0.65625 0.65625 0.65625 0.65625 0.65625 0.65625 0.65625 0.6875 
0.65625 0.65625 0.65625 0.65625 0.65625 0.65625 0.65625 0.65625 0.65625 0.6875 
0.65625 0.65625 0.65625 0.65625 0.65625 0.65625 0.65625 0.65625 0.65625 0.625 
0.65625 0.65625 0.65625 0.65625 0.65625 0.65625 0.65625 0.65625 0.65625 0.625 
0.625 0.65625 0.6875 0.65625 0.65625 0.65625 0.65625 0.65625 0.65625 0.65625 
0.625 0.65625 0.65625 0.65625 0.65625 0.65625 0.65625 0.65625 0.65625 0.65625 
0.65625 0.65625 0.65625 0.65625 0.65625 0.65625 0.65625 0.65625 0.65625 0.625 
0.65625 0.65625 0.65625 0.65625 0.65625 0.65625 0.65625 0.65625 0.65625 0.65625 
0.65625 0.65625 0.65625 0.65625 0.65625 0.65625 0.65625 0.65625 0.65625 0.65625 
0.65625 0.625 0.65625 0.625 0.65625 0.65625 0.65625 0.65625 0.65625 0.65625 
0.625 0.65625 0.65625 0.65625 0.65625 0.65625 0.65625 0.65625 0.65625 0.65625 
0.625 0.65625 0.65625 0.65625 0.65625 0.65625 0.65625 0.65625 0.65625 0.65625 
0.625 0.65625 0.65625 0.65625 0.65625 0.65625 0.65625 0.65625 0.65625 0.65625 
0.625 0.65625 0.65625 0.65625 0.65625 0.65625 0.65625 0.65625 0.65625 0.65625 
0.65625 0.65625 0.65625 0.65625 0.65625 0.65625 0.65625 0.65625 0.65625 0.65625 
0.65625 0.65625 0.65625 0.65625 0.65625 0.65625 0.65625 0.65625 0.65625 0.65625 
0.59375 0.625 0.59375 0.59375 0.65625 0.65625 0.65625 0.65625 0.65625 0.65625 
