51 51 50 50 50 50 50 50 50 50 50 50 50 50 50 50 19 12 7 5 3 2 2 1 1 1 1 1 1 1 1 1 1 1 1 1 1 1 1 1 1 1 1 0 0 0 0 0 0 0 
54 52 50 50 50 50 50 50 50 50 50 50 50 50 50 50 50 50 50 50 50 50 31 27 18 12 10 9 8 8 6 4 2 2 2 2 2 2 2 2 2 2 2 2 2 2 0 0 0 0 
52 52 51 51 51 51 51 51 50 50 50 50 50 50 50 50 50 50 50 50 50 50 50 50 50 50 46 45 36 24 22 11 6 3 3 3 3 3 3 3 3 3 2 2 2 2 2 1 1 1 
56 52 52 52 52 52 52 52 52 52 52 52 52 52 52 52 52 52 50 50 50 50 50 50 50 50 50 50 50 50 50 29 23 8 7 4 4 4 4 4 4 4 4 2 2 2 2 2 2 2 
51 50 50 50 50 50 50 50 50 50 50 50 50 50 50 50 50 50 50 50 50 50 50 50 50 50 50 13 1 0 0 0 0 0 0 0 0 0 0 0 0 0 0 0 0 0 0 0 0 0 
54 51 51 51 51 51 51 51 51 51 51 51 51 51 51 51 51 50 50 50 50 50 50 50 50 37 26 22 22 22 21 13 8 4 1 1 1 1 1 1 1 1 0 0 0 0 0 0 0 0 
55 55 50 50 50 50 50 50 50 50 50 50 50 50 50 50 50 50 50 50 50 50 50 50 50 50 50 50 50 50 50 50 41 17 17 14 8 6 1 1 1 1 1 1 1 1 1 1 1 0 
56 56 56 50 50 50 50 50 50 50 50 50 50 50 50 50 50 50 50 50 50 50 50 50 50 50 50 50 50 50 37 28 28 28 20 13 13 1 1 1 1 1 1 1 1 0 0 0 0 0 
62 62 62 62 62 51 51 51 51 51 51 51 51 51 51 51 51 51 51 51 51 51 51 51 51 51 51 51 51 51 51 51 51 50 50 50 50 50 49 36 33 13 13 12 12 1 1 1 1 1 
58 58 58 58 58 58 51 51 51 51 51 51 51 51 51 51 51 51 51 51 51 51 51 51 51 51 51 51 51 51 51 51 51 51 51 50 45 32 17 14 14 2 2 2 2 2 2 2 1 1 
54 54 54 54 54 54 54 54 54 54 52 52 52 52 52 52 52 52 52 52 52 52 52 52 52 52 52 52 52 52 52 52 52 50 50 50 39 16 14 6 4 4 4 4 4 4 4 4 2 2 
55 55 55 55 55 55 55 55 55 55 55 55 55 55 55 55 55 55 55 55 52 52 52 52 52 52 52 52 52 52 52 52 52 52 52 52 52 52 52 52 52 52 52 52 52 52 36 2 2 2 
61 60 59 59 59 59 59 59 59 59 59 59 59 59 59 59 59 59 59 59 59 59 59 59 59 59 59 51 51 51 51 51 51 51 51 51 51 51 51 51 51 51 50 50 50 50 38 1 1 1 
56 55 55 55 55 55 55 55 55 55 55 55 55 55 55 55 55 55 55 55 55 55 55 55 55 55 50 50 50 50 50 50 50 50 50 50 50 50 50 50 25 5 5 5 5 5 0 0 0 0 
59 58 57 57 57 57 57 57 57 57 57 57 57 57 57 57 57 57 57 57 57 57 57 57 53 53 53 53 53 53 53 53 53 53 53 53 53 48 23 10 9 7 7 3 3 3 3 3 3 0 
68 59 59 57 57 57 57 57 57 57 57 57 57 57 57 57 57 57 57 57 57 57 57 57 57 57 57 50 50 50 50 50 50 50 50 50 50 50 50 50 28 19 12 8 8 8 1 1 1 0 
67 67 57 57 56 56 56 56 56 56 56 56 56 56 56 56 56 56 56 56 56 56 54 51 51 51 51 51 51 51 51 51 51 50 50 50 23 20 17 11 7 7 7 2 2 2 2 2 1 1 
61 61 54 54 54 54 54 54 54 54 54 54 54 54 54 54 54 54 54 54 54 51 51 51 51 51 51 51 51 51 51 51 50 50 50 35 34 34 17 15 4 4 4 4 4 4 1 1 0 0 
68 68 68 68 68 68 68 62 62 59 59 59 59 58 57 57 57 57 57 57 57 57 51 51 51 51 51 51 51 50 50 50 29 13 10 9 7 7 2 2 2 2 2 2 2 2 2 1 1 1 
62 62 62 62 62 62 62 61 56 56 56 56 56 56 56 56 56 56 56 56 56 56 56 56 56 56 56 51 51 51 50 50 43 31 29 27 24 19 18 17 8 8 8 8 8 6 5 3 3 2 
67 67 66 66 66 66 66 66 66 66 66 62 57 57 56 56 56 56 55 55 55 54 53 53 53 53 53 50 50 50 50 50 50 50 50 50 42 42 42 29 15 15 14 11 1 1 1 1 1 1 
69 63 62 62 62 62 62 62 62 62 62 62 62 62 59 59 56 56 55 55 51 51 51 51 51 51 51 51 51 51 51 51 50 49 42 38 33 16 15 7 5 5 2 2 2 2 1 1 1 1 
73 71 69 69 69 69 69 69 69 69 69 69 69 69 69 69 69 69 68 68 66 66 66 66 60 59 57 57 57 50 50 50 50 50 50 50 50 50 47 47 41 26 23 17 17 14 9 3 3 0 
77 77 73 73 73 71 71 71 71 71 71 71 71 71 71 69 69 67 67 67 60 57 57 52 52 52 52 50 43 43 36 22 22 17 16 16 12 12 10 9 9 8 8 8 5 4 4 3 3 1 
74 74 74 72 72 70 68 67 65 65 65 65 65 65 65 65 65 63 63 57 55 55 55 53 51 51 51 51 51 51 51 51 50 46 44 44 42 41 28 24 21 16 14 14 13 9 7 6 2 2 
78 71 70 70 70 62 62 62 62 62 62 62 62 61 61 61 60 59 59 59 56 53 53 53 53 50 50 50 50 50 44 38 37 29 23 15 14 12 11 10 10 9 7 6 0 0 0 0 0 0 
78 74 74 74 74 73 73 73 73 73 66 66 66 66 66 66 66 66 66 65 64 64 64 64 64 64 63 62 56 51 51 51 51 50 50 50 50 50 41 37 23 18 16 15 15 13 6 1 1 1 
77 75 74 74 74 72 70 70 70 70 70 70 70 70 70 70 70 70 70 69 69 69 69 67 66 64 64 64 64 64 64 64 61 53 51 51 51 51 51 51 51 51 50 34 29 29 20 16 4 4 
81 79 75 75 75 75 75 74 74 74 74 74 73 72 72 72 72 72 70 67 66 66 65 63 62 60 59 59 59 55 55 55 51 51 51 51 51 51 51 51 51 51 51 51 51 10 7 7 2 1 
76 74 74 74 74 74 73 73 73 73 73 73 73 71 71 71 71 71 71 71 71 66 66 66 66 66 60 60 59 58 58 57 57 56 53 53 53 53 53 53 50 50 46 32 29 23 22 16 8 3 
84 84 84 82 81 81 81 80 80 80 80 80 77 77 77 77 77 77 73 73 73 72 72 72 72 72 72 71 67 62 59 51 50 50 50 50 50 50 50 50 50 50 47 35 35 35 33 31 17 8 
82 82 82 80 80 80 80 80 80 80 80 80 79 79 78 78 78 78 75 75 75 67 50 50 50 50 50 50 50 50 50 50 50 50 50 50 50 50 50 50 46 45 40 35 34 9 8 0 0 0 
84 84 84 84 84 84 84 84 84 83 83 83 83 83 83 82 82 80 80 78 78 78 77 71 68 62 52 52 52 52 52 50 50 50 50 50 50 47 47 40 32 32 15 12 2 2 2 2 2 0 
79 79 79 79 79 79 79 79 79 77 77 76 76 76 76 76 76 76 76 76 75 71 71 71 66 66 58 57 51 51 51 51 51 50 50 50 50 50 41 34 30 28 26 26 26 13 11 11 1 1 
81 81 81 81 81 81 81 81 81 81 81 81 81 81 81 81 81 81 81 79 78 75 72 69 68 68 66 63 60 52 52 52 52 52 52 52 52 50 50 50 50 50 50 50 46 40 33 32 26 20 
81 81 81 81 81 81 81 81 81 81 81 81 81 81 80 80 80 79 78 77 71 69 69 68 68 62 62 58 58 56 56 56 56 50 50 50 50 50 50 50 50 50 50 50 50 43 31 10 8 0 
79 79 79 79 79 79 79 79 79 79 79 79 79 79 79 79 77 77 77 77 72 71 70 69 63 60 60 59 59 59 57 55 54 51 51 51 50 50 50 50 50 42 40 35 34 30 9 6 1 0 
81 79 79 79 79 79 79 79 79 79 79 79 79 79 79 79 79 79 79 79 79 79 79 79 78 78 78 77 76 71 59 59 57 54 53 52 52 52 51 51 51 50 50 50 45 36 30 30 3 3 
78 76 76 76 76 76 76 76 76 76 76 76 76 76 76 76 76 76 76 74 74 71 56 55 52 52 52 52 52 52 51 50 50 50 50 49 48 48 48 42 41 39 34 30 28 28 27 26 2 0 
82 82 80 80 80 80 80 80 80 80 80 80 80 80 80 80 80 80 80 80 80 79 79 79 78 77 75 75 75 70 57 55 53 50 50 50 50 50 50 43 43 40 39 39 37 21 11 7 2 2 
79 79 79 78 78 78 78 78 78 78 78 78 78 78 78 78 78 78 78 78 77 76 76 76 76 73 70 70 69 69 62 58 55 52 52 52 52 51 51 51 51 50 50 50 50 41 40 36 35 26 
86 86 86 86 82 82 82 82 82 82 82 82 82 82 82 82 79 79 79 79 79 78 78 78 76 73 71 64 59 59 50 50 50 50 50 50 50 50 50 50 50 50 50 45 44 44 43 41 32 19 
82 82 82 82 82 82 82 81 81 81 81 81 81 81 81 81 81 81 81 81 81 81 79 79 77 76 74 63 62 62 61 56 56 51 51 51 51 50 50 50 50 50 50 49 46 46 42 37 31 1 
79 79 79 79 79 79 79 79 79 79 79 79 79 79 77 77 77 77 77 77 77 77 77 77 77 75 75 71 68 67 59 58 58 58 57 52 51 51 50 50 48 47 38 38 34 28 28 28 21 1 
90 90 90 90 90 90 90 90 90 90 90 90 90 90 89 89 89 88 88 88 88 88 88 86 85 85 85 85 83 81 71 63 61 51 51 50 50 50 48 46 39 33 31 27 16 2 1 1 1 1 
83 83 83 83 83 83 83 83 83 83 83 83 83 83 83 83 83 83 82 82 82 81 81 81 81 81 69 69 64 60 52 52 52 52 50 50 50 50 50 50 50 46 46 31 29 29 2 2 2 2 
87 87 87 87 87 87 87 87 87 87 87 87 87 87 87 87 87 86 86 86 86 86 86 83 75 69 68 64 64 57 53 53 53 50 50 50 50 50 50 50 38 37 35 14 10 9 6 3 3 0 
85 85 85 85 85 85 85 85 85 85 85 85 85 85 85 85 85 85 85 83 83 83 83 82 81 80 77 64 62 60 58 52 51 51 51 51 50 50 50 47 43 43 43 43 41 32 28 20 10 7 
84 84 84 84 84 84 84 84 84 84 84 84 84 84 84 84 84 84 84 84 83 83 81 80 78 75 75 74 74 62 62 62 62 61 61 59 59 50 50 50 50 50 50 50 39 38 37 12 0 0 
84 84 84 84 84 84 84 84 84 84 84 84 84 84 84 84 84 84 84 84 81 81 72 59 59 59 59 58 58 58 57 57 52 52 52 52 52 50 50 50 48 46 44 43 41 41 16 12 9 8 
