% Invoked: ./gella -d -r 2 -l biased_r2/run10 >& biased_r2/run10.log
% Ministry of Cellular Automata
% Project Deux (CS523 Spring 2015)
% Version:v0.1-70-g0624-dirty
%  pop:50
%  ic count:100
%  CA Log option:biased_r2/run10
%  width:121
%  max workers:4
%  radius:2
%  iterations:300
%  use bias:true
%  generations:50

 generation 0.1.50.1.0.7.1.1.1.50.1.1.0.51.50.0.1.0.1.0.50.0.50.12.2.1.1.3.50.0.50.19.5.1.51.1.1.50.50.50.50.50.50.1.1.50.1.1.1.2.1.xover.mutate.done 50
 generation 1.50.50.50.50.50.50.50.52.50.50.50.2.0.9.31.50.18.50.10.0.8.2.2.50.50.2.54.2.50.0.50.2.50.4.8.2.2.2.2.50.2.0.50.2.2.2.27.12.50.6.xover.mutate.done 50
 generation 2.52.52.51.51.50.50.50.50.50.50.51.50.51.2.50.11.50.50.3.24.50.3.1.2.2.50.2.46.3.50.3.51.50.6.3.50.22.51.3.45.2.50.3.36.1.1.50.3.3.50.xover.mutate.done 50
 generation 3.56.52.52.52.52.52.52.52.50.50.4.50.4.29.52.52.4.2.50.2.4.50.50.7.52.4.50.4.50.2.50.8.52.52.23.2.2.50.2.52.52.52.52.50.4.2.50.52.4.50.xover.mutate.done 50
 generation 4.51.50.50.50.50.50.50.50.50.50.0.0.50.50.50.0.50.50.50.50.50.0.0.50.0.13.1.50.0.0.0.50.0.50.50.0.0.50.0.50.0.0.0.0.0.0.0.50.0.50.xover.mutate.done 50
 generation 5.54.50.51.51.51.51.51.51.50.51.1.51.0.50.51.51.0.51.51.21.37.51.50.50.0.1.51.1.26.1.1.50.50.0.1.1.0.22.8.22.0.51.4.0.51.50.1.22.0.13.xover.mutate.done 50
 generation 6.55.50.50.50.50.50.50.50.50.50.50.50.1.6.50.1.50.50.41.50.1.1.0.1.50.50.8.1.17.50.1.50.55.1.14.1.17.50.1.50.50.50.50.50.50.1.50.50.50.50.xover.mutate.done 50
 generation 7.56.56.50.50.50.50.50.50.50.50.1.28.13.50.50.0.50.50.50.13.50.50.20.50.50.56.1.50.0.50.0.1.1.50.1.50.0.50.37.28.0.1.50.50.1.50.28.50.50.1.xover.mutate.done 50
 generation 8.62.62.62.51.51.51.51.51.51.51.51.50.12.1.13.50.62.62.13.51.1.51.51.50.51.1.51.51.51.36.51.49.51.51.51.51.51.51.1.33.51.51.51.50.51.1.51.12.50.51.xover.mutate.done 50
 generation 9.58.58.58.58.58.51.51.51.51.51.51.51.51.1.1.51.50.51.58.17.51.2.32.51.51.51.51.51.51.51.2.51.51.2.2.51.2.51.51.2.51.51.14.51.51.14.51.45.51.2.xover.mutate.done 50
 generation 10.54.54.54.54.54.54.52.52.52.52.2.52.4.52.52.50.54.52.52.6.52.4.52.52.50.52.4.52.4.39.54.4.54.2.4.52.4.50.16.54.52.52.52.52.52.14.4.52.52.52.xover.mutate.done 50
 generation 11.55.55.55.55.55.55.55.55.55.55.52.52.52.55.55.52.52.2.52.55.52.36.55.52.52.55.55.52.52.55.2.55.52.52.52.52.52.52.52.52.55.2.52.52.52.52.52.52.52.55.xover.mutate.done 50
 generation 12.59.59.59.59.59.59.59.59.59.59.59.59.59.51.38.51.59.59.51.59.59.50.51.59.59.60.50.51.51.59.51.1.1.61.59.51.50.51.51.51.51.59.50.51.59.1.59.51.51.59.xover.mutate.done 50
 generation 13.56.55.55.55.55.55.55.55.55.55.55.5.55.50.55.50.5.55.55.0.5.55.50.55.50.55.50.50.50.50.50.5.55.55.55.55.0.55.50.50.5.50.50.55.55.0.25.0.55.50.xover.mutate.done 50
 generation 14.59.57.57.57.57.57.57.57.57.57.48.57.57.57.53.0.57.58.3.3.53.53.57.57.57.53.9.57.57.7.3.53.3.53.57.23.53.53.57.10.53.57.53.7.3.53.53.53.3.57.xover.mutate.done 50
 generation 15.59.57.57.57.57.57.57.57.57.57.57.50.57.8.50.59.57.50.50.57.57.57.1.8.57.50.50.8.0.1.50.68.50.57.57.28.50.19.57.50.50.57.50.57.12.57.57.1.57.50.xover.mutate.done 50
 generation 16.67.56.56.56.57.56.56.56.56.56.51.20.1.56.54.7.56.50.7.56.23.51.51.1.56.2.11.51.56.67.51.2.51.56.17.50.56.51.7.2.51.56.2.51.51.57.2.56.50.56.xover.mutate.done 50
 generation 17.61.61.54.54.54.54.54.54.54.54.54.51.4.51.51.54.50.4.54.54.0.51.4.54.51.51.4.50.4.15.51.35.1.51.51.54.50.0.34.51.4.1.54.54.17.54.54.54.51.34.xover.mutate.done 50
 generation 18.68.68.59.59.62.62.57.57.57.57.2.51.57.59.68.2.1.2.58.51.2.13.57.68.29.7.9.51.51.1.57.2.2.51.1.2.7.68.51.2.2.59.68.57.10.68.51.50.50.50.xover.mutate.done 50
 generation 19.62.62.62.62.62.61.62.56.56.56.8.8.56.8.62.8.8.56.2.51.56.56.56.56.56.56.27.56.17.29.56.3.3.43.51.24.56.31.50.51.5.19.56.56.56.56.6.18.50.56.xover.mutate.done 50
 generation 20.66.66.66.66.66.66.66.62.56.56.50.11.29.54.42.50.15.67.50.66.1.14.42.1.53.55.15.53.53.57.66.56.67.50.50.1.1.50.56.57.55.1.53.50.42.50.1.50.53.55.xover.mutate.done 50
 generation 21.63.59.62.62.62.62.62.62.62.62.50.62.51.49.56.5.62.51.2.55.56.62.59.69.51.2.16.51.62.51.51.7.51.1.15.51.33.1.2.55.42.51.51.51.51.5.1.2.1.38.xover.mutate.done 50
 generation 22.73.68.69.69.69.69.69.69.69.69.50.57.50.66.59.9.69.69.60.50.66.69.71.0.50.69.17.26.50.57.41.3.17.50.50.47.50.50.14.68.57.66.66.3.69.47.69.23.69.69.xover.mutate.done 50
 generation 23.77.73.71.71.71.71.71.71.71.71.17.52.67.4.4.22.52.9.10.5.22.60.3.8.8.12.52.73.67.69.8.73.12.57.3.9.43.50.57.16.69.67.52.36.71.16.71.1.43.77.xover.mutate.done 50
 generation 24.74.74.72.72.70.65.65.65.65.65.51.51.46.57.65.7.68.2.51.65.44.55.51.41.21.6.42.9.44.65.2.51.51.53.63.51.67.14.51.28.63.55.13.65.14.55.16.24.50.74.xover.mutate.done 50
 generation 25.70.70.70.62.62.62.60.62.61.61.62.12.59.14.0.50.61.62.53.0.62.10.7.0.38.50.59.29.71.50.6.59.23.53.0.50.15.11.10.78.56.53.0.37.62.50.0.44.9.53.xover.mutate.done 50
 generation 26.78.74.73.73.73.66.66.66.65.66.64.74.73.64.63.1.66.64.41.64.15.66.51.18.51.50.66.64.50.74.64.62.1.50.51.56.73.66.23.51.37.1.16.13.74.66.50.50.15.6.xover.mutate.done 50
 generation 27.75.70.70.70.70.70.70.70.70.70.61.64.51.64.20.64.69.64.70.69.64.51.29.51.70.34.67.69.16.51.51.69.74.4.64.50.70.64.29.51.77.74.51.74.4.72.53.66.51.70.xover.mutate.done 50
 generation 28.81.79.75.75.75.70.74.74.74.74.51.72.51.62.51.51.1.72.51.7.55.51.59.10.75.72.51.55.2.72.51.7.66.55.75.60.51.51.51.51.72.74.59.67.59.73.66.51.65.63.xover.mutate.done 50
 generation 29.76.74.73.73.73.73.73.71.71.71.66.57.53.56.74.58.74.53.32.23.22.3.74.53.66.71.29.66.71.71.16.71.8.60.74.60.53.66.58.73.66.50.73.46.71.50.57.59.53.53.xover.mutate.done 50
 generation 30.84.81.80.81.80.82.77.77.77.77.72.80.73.80.35.8.50.67.50.73.35.81.72.80.71.35.77.50.59.47.73.84.31.50.72.62.72.50.72.50.50.51.84.17.50.50.33.50.72.77.xover.mutate.done 50
 generation 31.82.82.82.80.80.80.80.80.80.80.50.75.50.50.50.40.50.67.34.0.50.9.50.79.35.50.78.50.0.80.75.50.45.50.8.50.50.50.46.50.50.50.75.50.78.0.79.78.80.78.xover.mutate.done 50
 generation 32.84.84.84.83.84.82.84.83.83.83.84.78.68.0.50.84.82.62.83.50.15.50.77.84.2.32.50.47.52.83.12.40.78.2.2.52.80.71.84.78.52.52.52.2.50.47.32.80.50.2.xover.mutate.done 50
 generation 33.79.79.79.76.76.79.76.79.79.76.28.13.58.79.51.75.71.77.50.76.50.26.1.41.76.76.50.71.51.76.57.26.11.66.1.66.30.71.34.51.51.77.50.11.26.50.79.79.76.51.xover.mutate.done 50
 generation 34.81.81.81.81.81.81.81.81.81.79.81.52.33.72.52.63.50.75.68.32.46.81.66.81.50.50.52.69.40.68.81.52.52.81.50.81.50.20.81.78.50.50.60.52.81.81.81.26.52.52.xover.mutate.done 50
 generation 35.81.81.81.81.81.81.81.81.81.81.80.68.77.50.50.78.62.71.31.62.50.50.50.50.43.80.56.68.69.10.0.50.8.80.81.81.56.50.58.81.81.69.56.56.79.50.50.50.50.58.xover.mutate.done 50
 generation 36.79.79.79.79.79.79.79.79.79.79.40.42.79.79.34.9.71.35.0.63.60.6.51.55.77.60.54.50.69.79.59.79.72.50.51.70.57.1.79.51.59.77.30.77.50.50.59.50.79.77.xover.mutate.done 50
 generation 37.79.79.79.79.79.79.79.79.79.79.52.79.36.79.79.79.45.78.79.59.77.78.79.79.78.51.79.53.50.52.54.79.76.57.50.30.3.79.51.52.71.81.3.50.59.79.30.51.79.79.xover.mutate.done 50
 generation 38.78.76.76.76.76.76.76.76.76.76.52.55.39.0.52.74.34.50.76.49.48.41.76.52.48.76.2.76.52.27.76.28.71.76.50.51.74.42.26.56.28.76.48.76.76.50.52.52.30.50.xover.mutate.done 50
 generation 39.82.80.80.80.80.80.80.80.80.80.21.39.11.77.50.79.80.80.39.80.82.80.37.53.50.50.79.50.75.78.70.80.80.2.57.75.43.7.2.80.80.50.50.75.40.43.79.80.80.55.xover.mutate.done 50
 generation 40.79.79.78.78.78.78.78.78.78.78.62.36.77.78.52.70.78.76.78.69.41.76.40.78.69.26.50.52.52.50.79.51.78.78.73.50.55.58.35.78.76.51.51.70.76.78.78.52.51.50.xover.mutate.done 50
 generation 41.86.86.86.82.82.82.82.82.82.82.50.44.44.50.78.45.79.78.79.59.82.79.50.82.50.79.50.50.50.50.76.79.86.82.82.50.73.82.50.78.19.71.41.50.50.43.59.32.50.64.xover.mutate.done 50
 generation 42.82.82.82.82.81.81.81.81.81.81.81.51.81.81.49.46.50.50.74.50.31.62.81.82.82.81.79.50.51.63.81.81.62.1.56.82.37.46.76.51.81.56.81.50.77.42.61.51.79.50.xover.mutate.done 50
 generation 43.79.79.79.79.79.79.79.77.77.77.67.59.79.75.50.79.34.28.58.71.58.75.58.50.51.28.1.79.77.79.38.77.77.38.57.48.77.77.51.77.77.28.79.47.21.77.52.79.79.68.xover.mutate.done 50
 generation 44.90.90.90.90.90.89.90.90.90.90.85.27.51.88.81.86.88.90.31.85.71.1.88.85.85.63.88.50.16.50.1.33.89.2.46.51.90.88.90.89.83.90.39.1.90.48.88.61.1.50.xover.mutate.done 50
 generation 45.83.83.83.83.83.83.83.83.83.83.81.52.52.81.83.2.50.82.52.81.50.50.69.83.83.50.81.83.82.29.82.2.50.64.83.29.50.2.83.83.83.50.46.81.31.2.69.46.60.52.xover.mutate.done 50
 generation 46.87.87.87.87.87.87.87.87.87.87.3.86.10.50.86.64.53.50.83.69.35.0.86.87.86.53.9.50.87.87.50.38.64.87.57.86.53.87.50.86.87.75.14.50.37.87.3.68.50.6.xover.mutate.done 50
 generation 47.85.85.85.85.85.85.85.85.85.85.52.41.58.85.83.85.50.83.85.7.43.80.43.82.51.85.32.83.77.85.64.85.43.51.43.62.85.50.50.60.81.51.83.47.20.85.51.28.85.10.xover.mutate.done 50
 generation 48.84.84.84.84.84.84.84.84.84.84.59.81.83.75.62.61.84.50.74.62.62.37.50.59.84.61.80.84.62.84.0.84.78.75.84.50.39.0.50.12.84.84.38.50.84.83.50.50.84.74.xover.mutate.done 50
 generation 49.84.84.84.84.84.84.84.84.84.84.81.59.84.59.44.12.84.58.57.84.9.48.52.59.8.84.41.72.43.46.50.84.57.59.58.84.50.84.84.58.52.50.81.84.84.52.16.41.52.52.xover.mutate.done 50
 18155771 iters     859210 iter/sec (21.13 s)
 total time: 21.13
