0.1875 0.5625 0.71875 0.5625 0.0625 0.5625 0.28125 0.40625 1.0 0.03125 
0.96875 0.9375 0.0625 1.0 0.03125 0.90625 0.75 0.9375 0.0625 0.03125 
0.5 0.46875 0.375 0.96875 0.9375 0.0625 1.0 0.03125 0.90625 0.75 
0.5 0.46875 0.46875 0.46875 0.46875 0.96875 0.9375 0.96875 0.875 0.375 
0.5 0.53125 0.46875 0.46875 0.46875 0.46875 0.46875 0.96875 0.9375 0.96875 
0.5 0.5 0.53125 0.53125 0.46875 0.46875 0.46875 0.46875 0.46875 0.46875 
0.5 0.5 0.5 0.53125 0.53125 0.46875 0.46875 0.46875 0.46875 0.46875 
0.5 0.5 0.5 0.53125 0.53125 0.53125 0.5625 0.46875 0.46875 0.46875 
0.5 0.5 0.5 0.53125 0.53125 0.53125 0.53125 0.53125 0.5625 0.53125 
0.5 0.5 0.5 0.53125 0.53125 0.53125 0.53125 0.53125 0.5625 0.53125 
0.5 0.5 0.5 0.5 0.5 0.53125 0.53125 0.53125 0.53125 0.53125 
0.5 0.5 0.5 0.5 0.5 0.5 0.5 0.53125 0.53125 0.53125 
0.5 0.5 0.5 0.5 0.5 0.5 0.5 0.5 0.5 0.53125 
0.5 0.5 0.5 0.5 0.5 0.5 0.5 0.5 0.53125 0.5 
0.5 0.5 0.5 0.5 0.5 0.53125 0.5 0.5 0.5 0.5 
0.5 0.5 0.5 0.5 0.5 0.5 0.5 0.5 0.5 0.5 
0.5 0.5 0.5 0.5 0.5 0.5 0.5 0.5 0.5 0.5 
0.46875 0.5 0.5 0.5 0.5 0.5 0.5 0.5 0.5 0.5 
0.46875 0.5 0.46875 0.46875 0.5 0.5 0.5 0.5 0.5 0.5 
0.46875 0.5 0.46875 0.46875 0.46875 0.5 0.5 0.46875 0.46875 0.46875 
0.46875 0.5 0.46875 0.46875 0.46875 0.5 0.5 0.46875 0.46875 0.46875 
0.4375 0.46875 0.5 0.46875 0.46875 0.46875 0.5 0.5 0.46875 0.46875 
0.4375 0.46875 0.5 0.46875 0.46875 0.46875 0.5 0.5 0.46875 0.46875 
0.4375 0.46875 0.5 0.46875 0.46875 0.46875 0.5 0.5 0.46875 0.46875 
0.4375 0.4375 0.46875 0.5 0.46875 0.46875 0.46875 0.5 0.5 0.46875 
0.4375 0.4375 0.46875 0.5 0.46875 0.46875 0.46875 0.5 0.5 0.46875 
0.4375 0.4375 0.46875 0.5 0.46875 0.46875 0.46875 0.5 0.5 0.46875 
0.4375 0.4375 0.46875 0.5 0.46875 0.46875 0.46875 0.5 0.5 0.46875 
0.4375 0.4375 0.46875 0.5 0.46875 0.46875 0.46875 0.5 0.5 0.46875 
0.4375 0.4375 0.46875 0.5 0.46875 0.46875 0.46875 0.5 0.5 0.46875 
0.4375 0.4375 0.46875 0.5 0.46875 0.46875 0.46875 0.5 0.5 0.46875 
0.4375 0.4375 0.46875 0.5 0.46875 0.46875 0.46875 0.5 0.5 0.46875 
0.4375 0.4375 0.46875 0.5 0.46875 0.46875 0.46875 0.5 0.5 0.46875 
0.4375 0.4375 0.46875 0.5 0.46875 0.46875 0.46875 0.5 0.5 0.46875 
0.4375 0.4375 0.46875 0.5 0.46875 0.46875 0.46875 0.5 0.5 0.46875 
0.5 0.4375 0.4375 0.46875 0.5 0.46875 0.46875 0.46875 0.5 0.5 
0.5 0.4375 0.4375 0.46875 0.5 0.46875 0.46875 0.46875 0.5 0.5 
0.5 0.4375 0.46875 0.4375 0.46875 0.5 0.46875 0.46875 0.46875 0.5 
0.5 0.4375 0.4375 0.4375 0.46875 0.46875 0.5 0.46875 0.46875 0.46875 
0.5 0.4375 0.4375 0.4375 0.46875 0.46875 0.5 0.46875 0.46875 0.46875 
0.5 0.4375 0.4375 0.4375 0.46875 0.4375 0.46875 0.46875 0.5 0.46875 
0.5 0.46875 0.46875 0.4375 0.4375 0.4375 0.4375 0.46875 0.46875 0.5 
0.46875 0.46875 0.46875 0.5 0.4375 0.4375 0.4375 0.4375 0.46875 0.46875 
0.46875 0.46875 0.46875 0.5 0.4375 0.40625 0.4375 0.4375 0.4375 0.4375 
0.46875 0.46875 0.46875 0.5 0.40625 0.4375 0.4375 0.4375 0.46875 0.4375 
0.46875 0.46875 0.46875 0.5 0.46875 0.40625 0.4375 0.4375 0.4375 0.46875 
0.4375 0.4375 0.4375 0.4375 0.40625 0.46875 0.46875 0.46875 0.46875 0.5 
0.4375 0.4375 0.4375 0.4375 0.40625 0.46875 0.46875 0.46875 0.46875 0.5 
0.4375 0.4375 0.4375 0.4375 0.40625 0.46875 0.46875 0.46875 0.46875 0.46875 
0.46875 0.46875 0.46875 0.46875 0.46875 0.46875 0.40625 0.4375 0.4375 0.4375 
