% Invoked: ./gella -d -r 2 -l biased_r2/run12 >& biased_r2/run12.log
% Ministry of Cellular Automata
% Project Deux (CS523 Spring 2015)
% Version:v0.1-70-g0624-dirty
%  pop:50
%  ic count:100
%  CA Log option:biased_r2/run12
%  width:121
%  max workers:4
%  radius:2
%  iterations:300
%  use bias:true
%  generations:50

 generation 0.6.5.6.50.50.6.6.50.5.6.14.5.5.37.6.6.6.6.1.6.6.1.1.50.1.5.6.5.6.50.1.5.50.50.6.1.6.50.5.50.6.6.5.6.50.1.6.55.6.6.xover.mutate.done 50
 generation 1.50.50.50.50.50.50.50.50.50.50.0.31.0.0.50.0.50.0.0.50.0.50.0.50.50.0.0.50.0.50.50.47.0.50.0.0.0.6.50.0.0.0.50.0.50.50.0.0.50.50.xover.mutate.done 50
 generation 2.50.50.50.50.50.50.50.50.50.50.50.51.50.50.8.51.1.1.1.50.50.50.50.1.51.51.0.50.23.50.50.50.1.0.33.50.1.50.1.50.1.51.50.51.1.51.50.51.1.0.xover.mutate.done 50
 generation 3.51.51.51.51.51.51.51.51.51.50.51.50.1.51.50.1.1.2.51.50.2.51.50.51.2.2.15.2.51.51.2.15.50.2.50.51.50.2.51.51.2.2.50.51.50.50.51.51.50.1.xover.mutate.done 50
 generation 4.51.51.51.51.51.51.51.51.53.51.51.4.51.1.51.51.53.14.51.51.3.51.4.4.4.4.4.1.51.4.4.51.53.1.4.50.50.50.4.4.51.51.5.4.18.50.7.50.50.51.xover.mutate.done 50
 generation 5.53.53.53.51.51.51.51.51.51.51.4.4.50.4.51.51.51.4.4.50.50.8.51.4.53.51.51.4.51.51.4.51.51.4.51.1.9.4.50.51.3.53.53.4.51.4.28.4.3.51.xover.mutate.done 50
 generation 6.52.52.52.52.52.52.52.52.52.52.34.52.52.52.50.52.52.52.52.52.52.52.52.52.4.4.4.52.4.4.4.52.52.52.52.4.50.52.52.25.4.52.52.34.52.4.52.2.4.52.xover.mutate.done 50
 generation 7.50.50.50.50.50.50.51.51.51.51.1.51.1.1.51.51.30.51.51.51.51.1.50.1.12.1.32.51.50.1.1.51.50.1.1.3.1.50.17.51.41.50.1.1.51.1.9.51.1.51.xover.mutate.done 50
 generation 8.50.50.50.50.50.50.50.50.50.50.1.50.1.1.50.42.50.51.1.6.1.50.50.50.51.6.50.59.15.5.50.50.50.4.50.50.50.50.8.1.16.1.1.50.50.39.54.50.50.21.xover.mutate.done 50
 generation 9.59.54.51.51.51.51.51.51.51.51.7.51.51.51.45.51.51.51.61.2.35.31.51.23.51.51.32.10.51.51.51.50.51.33.64.2.51.55.2.51.51.51.28.51.51.1.19.2.2.2.xover.mutate.done 50
 generation 10.64.61.56.53.54.50.50.50.50.50.24.4.50.50.36.50.50.50.50.0.50.6.53.0.50.50.29.15.50.50.0.12.0.50.50.50.50.0.50.50.50.54.50.0.50.0.56.50.50.50.xover.mutate.done 50
 generation 11.63.57.58.58.58.56.56.56.52.52.50.50.50.77.22.36.50.56.78.50.2.50.2.50.50.78.50.50.50.50.2.2.50.8.50.52.2.56.50.50.50.55.7.47.50.32.50.50.58.2.xover.mutate.done 50
 generation 12.83.83.82.65.57.57.56.57.66.61.47.4.16.57.4.52.61.30.48.9.57.23.41.39.23.52.4.52.52.82.57.82.7.55.52.21.50.9.57.4.55.31.82.52.52.4.52.20.52.7.xover.mutate.done 50
 generation 13.74.75.72.72.72.72.53.60.51.51.3.72.50.17.50.50.51.3.35.72.50.78.2.51.75.62.83.3.52.21.32.3.20.51.56.28.54.54.75.19.13.6.50.52.51.43.53.51.7.47.xover.mutate.done 50
 generation 14.80.72.80.81.81.82.80.80.80.80.53.30.53.61.33.57.50.39.50.46.55.50.29.81.46.61.50.11.0.50.80.1.53.61.80.39.80.50.79.50.61.81.53.37.50.68.50.5.50.46.xover.mutate.done 50
 generation 15.80.81.81.81.79.80.81.79.79.79.76.20.3.53.32.49.9.64.44.60.46.3.79.56.53.61.3.53.27.81.9.33.80.34.34.79.16.0.67.29.45.53.53.3.50.57.22.62.53.29.xover.mutate.done 50
 generation 16.83.83.83.81.81.82.81.82.83.81.81.83.80.59.53.53.46.9.10.24.81.53.24.81.83.4.24.36.80.73.60.53.80.35.53.43.60.43.37.4.80.81.48.28.53.81.53.4.83.83.xover.mutate.done 50
 generation 17.84.84.84.84.84.84.84.84.81.84.50.57.68.36.81.50.53.0.48.56.39.82.67.50.50.77.39.67.57.50.39.50.67.63.50.28.50.78.82.55.77.53.84.37.6.81.84.50.50.50.xover.mutate.done 50
 generation 18.83.83.83.81.81.83.83.83.83.83.44.50.50.43.48.16.29.83.81.80.70.51.83.49.48.0.44.18.83.60.83.16.18.50.74.2.50.38.60.31.46.50.60.83.74.50.43.50.47.80.xover.mutate.done 50
 generation 19.76.76.76.76.76.76.75.75.76.75.46.76.58.76.50.75.50.58.65.40.76.8.42.66.76.65.23.77.58.56.30.73.44.76.58.54.77.37.51.66.50.56.8.16.50.66.75.66.74.53.xover.mutate.done 50
 generation 20.87.85.85.85.85.85.85.85.85.85.85.85.85.85.85.59.87.38.50.84.50.47.84.85.38.0.61.50.84.71.50.24.61.84.81.38.26.62.38.50.87.85.79.60.59.62.83.38.85.46.xover.mutate.done 50
 generation 21.86.86.86.86.86.86.86.86.86.86.52.83.86.83.51.60.59.83.58.86.86.52.42.86.83.66.86.50.52.86.60.52.60.85.85.83.61.12.84.60.60.86.86.52.83.51.51.50.61.60.xover.mutate.done 50
 generation 22.74.74.74.74.74.74.74.74.74.74.50.74.74.40.62.55.50.74.50.24.74.74.74.73.74.74.21.74.40.50.74.74.74.56.74.74.6.50.74.50.50.77.56.56.29.74.34.74.74.74.xover.mutate.done 50
 generation 23.76.74.74.74.74.74.74.74.74.74.25.51.61.61.74.52.10.43.74.74.74.50.51.74.74.61.51.33.13.51.59.74.18.51.74.31.31.61.74.50.51.17.51.17.76.19.64.18.45.51.xover.mutate.done 50
 generation 24.83.83.78.78.78.78.78.78.78.78.78.51.78.33.51.57.2.60.78.58.2.78.56.51.77.77.77.5.78.6.78.51.77.77.78.56.55.48.51.31.77.1.55.78.70.51.83.56.73.46.xover.mutate.done 50
 generation 25.89.89.89.81.81.81.82.80.80.80.34.79.66.43.34.65.81.81.81.51.50.82.10.34.61.80.52.81.51.51.36.89.82.1.1.80.50.37.51.1.65.50.81.80.79.82.80.42.49.34.xover.mutate.done 50
 generation 26.81.81.81.81.70.70.70.70.68.68.50.2.7.68.70.50.68.35.80.52.68.68.70.35.70.55.68.68.51.68.68.70.50.32.68.17.68.81.68.68.70.70.51.2.50.25.50.61.50.6.xover.mutate.done 50
 generation 27.81.81.81.81.81.81.77.77.77.77.77.2.79.79.77.59.2.9.57.79.19.49.73.25.77.57.51.77.81.79.77.77.77.75.39.39.79.70.79.77.41.51.79.77.1.2.2.2.77.54.xover.mutate.done 50
 generation 28.90.90.90.90.90.89.90.87.87.87.86.87.59.50.86.86.51.47.56.86.87.1.48.86.86.87.63.87.50.46.50.86.11.87.43.61.50.85.86.87.87.53.86.87.79.50.86.68.63.86.xover.mutate.done 50
 generation 29.84.84.84.84.84.84.83.79.79.79.11.42.79.53.79.71.50.27.55.19.50.50.79.79.55.79.38.61.77.79.32.56.79.38.79.75.55.79.13.71.32.77.63.37.55.79.65.13.4.75.xover.mutate.done 50
 generation 30.84.84.84.84.84.84.84.81.81.81.79.51.43.81.51.30.78.10.51.80.37.65.55.80.51.8.80.84.51.80.50.60.51.81.50.81.79.2.79.51.80.51.80.41.2.78.81.39.31.84.xover.mutate.done 50
 generation 31.79.79.79.79.79.79.79.79.79.77.79.77.64.50.51.77.79.51.52.75.36.73.77.76.51.52.36.77.77.78.76.3.50.42.74.16.15.52.52.64.76.51.1.16.51.49.51.51.41.2.xover.mutate.done 50
 generation 32.81.81.81.81.81.81.80.81.81.81.81.54.3.77.42.77.8.1.73.37.60.48.50.19.78.8.83.81.15.51.60.81.75.52.71.8.6.37.77.52.61.35.9.78.76.52.52.38.32.3.xover.mutate.done 50
 generation 33.89.87.87.87.87.87.87.87.87.87.1.28.21.50.87.84.12.50.87.17.15.50.18.1.87.45.50.62.50.45.84.9.9.83.87.82.50.50.1.9.12.2.24.87.1.50.50.83.10.9.xover.mutate.done 50
 generation 34.87.87.87.87.87.87.87.87.87.87.39.87.48.43.2.43.58.50.83.11.22.81.51.2.8.44.87.51.9.87.46.1.51.51.87.34.87.51.51.51.81.9.44.87.37.58.77.51.2.44.xover.mutate.done 50
 generation 35.87.86.86.86.86.86.86.86.86.86.50.44.22.50.86.22.50.86.48.84.67.8.19.36.86.86.80.50.50.86.11.2.50.58.43.78.81.50.80.28.50.48.86.50.76.50.86.86.50.50.xover.mutate.done 50
 generation 36.92.91.91.91.91.91.91.91.91.91.45.89.51.51.51.87.91.1.51.91.91.51.0.91.16.51.45.5.11.49.51.48.76.1.18.50.92.91.91.92.91.45.92.39.51.1.91.51.36.51.xover.mutate.done 50
 generation 37.84.84.81.84.83.83.83.83.83.83.2.35.83.51.83.83.35.84.15.37.48.15.5.51.51.51.50.50.77.83.83.31.16.2.51.59.55.51.5.84.27.35.51.5.84.15.10.84.83.83.xover.mutate.done 50
 generation 38.86.86.86.86.86.86.86.88.88.88.50.48.54.54.33.62.86.5.88.50.5.33.86.54.86.49.51.56.51.82.78.54.33.50.12.88.50.86.50.44.12.54.5.86.54.88.54.1.86.33.xover.mutate.done 50
 generation 39.86.86.86.86.86.86.86.86.86.86.86.43.50.21.50.86.57.50.59.44.57.37.86.15.6.19.49.86.23.86.86.0.78.61.86.78.80.86.43.86.11.86.86.84.44.7.50.86.7.61.xover.mutate.done 50
 generation 40.87.87.87.87.87.87.87.87.87.87.46.50.38.87.87.54.51.87.87.49.37.48.37.87.50.37.50.49.55.75.87.87.50.46.16.87.2.9.87.87.87.81.46.56.56.50.44.0.44.49.xover.mutate.done 50
 generation 41.84.84.84.84.84.84.83.83.83.83.51.78.50.83.67.83.9.5.78.51.83.78.9.17.44.51.67.55.13.46.50.51.41.83.83.84.84.84.0.13.44.11.82.9.58.28.83.78.51.46.xover.mutate.done 50
 generation 42.84.84.84.84.84.84.84.84.84.85.83.85.34.78.52.52.11.84.52.52.85.30.85.73.79.52.80.2.56.43.85.52.85.80.76.83.50.32.52.52.84.85.83.50.52.85.85.37.85.85.xover.mutate.done 50
 generation 43.84.84.84.84.84.84.84.84.84.84.3.9.84.18.53.53.36.39.50.36.18.84.39.84.84.40.36.40.82.50.38.84.50.84.20.34.84.39.39.50.46.18.9.53.82.3.84.50.0.59.xover.mutate.done 50
 generation 44.87.87.87.87.87.87.87.87.87.87.87.39.23.59.50.83.85.19.63.51.19.51.45.83.1.59.50.51.51.86.11.63.1.12.10.87.59.50.59.50.50.36.50.42.82.50.51.75.9.46.xover.mutate.done 50
 generation 45.86.86.86.86.86.86.86.86.86.86.49.86.49.50.42.5.55.82.42.39.86.14.86.42.55.42.83.82.86.36.86.59.48.83.42.47.39.44.84.84.42.86.55.42.50.59.50.47.55.83.xover.mutate.done 50
 generation 46.84.84.84.84.84.84.84.84.84.84.84.40.50.84.81.56.24.84.81.41.84.51.50.1.51.43.40.84.40.84.81.84.84.20.51.59.41.41.82.84.40.43.81.20.43.51.84.81.40.60.xover.mutate.done 50
 generation 47.88.88.88.88.88.88.88.88.88.88.88.52.88.43.73.88.43.88.88.73.52.82.9.50.50.46.73.50.21.88.88.86.88.79.50.52.82.49.2.46.88.50.88.33.88.50.87.88.88.10.xover.mutate.done 50
 generation 48.87.87.87.87.87.87.87.87.87.87.50.50.87.54.80.87.13.42.50.87.87.5.50.83.83.86.12.50.56.42.88.86.82.50.86.42.86.71.0.86.86.87.50.87.83.3.42.87.50.50.xover.mutate.done 50
 generation 49.86.88.88.88.88.88.88.88.88.88.88.50.54.43.50.0.88.79.43.85.0.86.88.88.50.88.88.43.50.88.78.50.9.50.3.88.42.63.43.50.78.0.88.42.54.78.88.50.44.43.xover.mutate.done 50
 21410733 iters     873084 iter/sec (24.52 s)
 total time: 24.52
