% Invoked: ./gella -d -r 2 -l biased_r2/run18 >& biased_r2/run18.log
% Ministry of Cellular Automata
% Project Deux (CS523 Spring 2015)
% Version:v0.1-70-g0624-dirty
%  pop:50
%  ic count:100
%  CA Log option:biased_r2/run18
%  width:121
%  max workers:4
%  radius:2
%  iterations:300
%  use bias:true
%  generations:50

 generation 0.1.1.50.1.1.50.50.1.50.1.2.50.51.50.2.1.1.2.1.2.2.50.50.50.1.2.1.5.50.1.50.50.1.50.1.50.50.1.50.1.8.1.1.51.50.1.1.1.50.1.xover.mutate.done 50
 generation 1.51.50.50.50.50.50.50.50.50.50.50.1.50.9.50.1.50.50.1.0.1.50.50.50.51.1.1.50.51.1.50.1.51.50.51.1.1.23.51.1.1.1.50.50.50.1.23.1.50.1.xover.mutate.done 50
 generation 2.50.50.50.50.50.50.51.50.50.50.50.50.50.50.51.50.1.0.51.14.1.1.50.1.50.1.1.0.50.1.50.1.0.0.1.0.0.14.1.50.50.0.1.50.50.1.50.0.50.50.xover.mutate.done 50
 generation 3.50.50.50.50.50.50.50.50.50.50.0.0.0.50.50.50.0.0.0.0.50.0.0.0.50.50.0.61.50.50.0.50.50.50.50.0.0.0.50.50.50.0.50.0.0.50.50.0.12.8.xover.mutate.done 50
 generation 4.57.51.51.51.51.51.51.51.51.51.1.51.2.2.51.11.2.2.2.1.28.2.51.1.51.51.51.51.50.51.6.1.2.51.51.51.51.19.51.2.1.2.50.2.51.1.51.51.50.1.xover.mutate.done 50
 generation 5.51.50.50.50.51.51.51.51.51.51.50.9.51.1.57.1.1.44.0.1.50.51.11.1.33.1.0.1.0.1.50.50.51.1.60.1.1.51.51.51.51.1.50.50.50.51.1.50.13.1.xover.mutate.done 50
 generation 6.56.66.61.50.50.50.50.50.50.50.50.50.2.2.0.9.0.50.2.0.50.50.2.50.2.50.2.50.56.4.50.52.50.50.50.50.2.6.50.2.50.2.2.50.50.23.52.2.52.52.xover.mutate.done 50
 generation 7.63.57.54.54.50.50.50.50.51.51.51.1.1.51.26.3.20.51.4.1.8.1.51.1.74.7.0.32.55.1.3.1.1.1.1.51.1.1.51.51.6.1.51.51.59.1.50.51.1.50.xover.mutate.done 50
 generation 8.69.62.55.54.52.52.52.51.51.51.51.10.2.51.50.2.1.51.1.2.1.1.51.51.2.51.2.5.51.51.51.2.3.2.1.2.51.51.51.51.3.1.2.1.2.38.2.27.51.50.xover.mutate.done 50
 generation 9.81.68.68.66.63.61.61.51.51.51.1.63.1.1.14.1.47.12.10.12.30.30.12.1.51.50.61.51.50.11.61.27.63.1.1.60.12.51.1.1.1.0.49.30.0.51.1.50.35.1.xover.mutate.done 50
 generation 10.79.66.65.63.59.59.59.58.58.55.52.58.55.2.2.2.10.52.50.37.2.0.13.50.30.38.50.56.12.2.52.28.2.2.50.52.58.35.50.0.58.35.50.58.13.32.2.35.0.66.xover.mutate.done 50
 generation 11.73.61.66.56.55.55.55.55.55.55.0.32.50.34.51.55.6.34.17.1.55.31.26.18.6.1.50.27.55.55.50.6.1.51.16.55.51.26.55.37.50.52.26.1.0.5.55.48.24.63.xover.mutate.done 50
 generation 12.78.71.65.70.67.66.64.64.64.64.64.15.38.50.15.1.46.51.31.64.15.18.62.15.30.64.15.51.64.64.15.60.15.61.51.64.22.29.39.71.1.50.61.51.14.22.33.48.1.46.xover.mutate.done 50
 generation 13.78.69.69.65.63.62.66.60.62.60.50.52.2.50.50.50.60.2.61.42.2.59.60.69.32.17.51.51.50.52.60.56.50.59.52.30.19.37.59.52.52.19.70.60.34.60.51.36.62.28.xover.mutate.done 50
 generation 14.78.67.70.70.70.74.68.64.63.58.70.55.2.58.58.50.44.62.54.58.57.47.0.70.48.0.22.39.53.58.70.50.37.11.57.37.70.2.74.50.67.2.14.52.18.79.50.73.70.58.xover.mutate.done 50
 generation 15.82.80.67.67.78.65.65.65.65.65.82.48.51.65.47.64.78.64.64.51.82.73.62.51.62.50.30.13.78.50.28.1.44.51.1.64.78.63.1.51.25.62.62.1.60.12.81.2.33.35.xover.mutate.done 50
 generation 16.82.82.82.81.77.75.75.75.75.70.82.45.50.2.64.79.60.40.82.51.60.61.67.36.55.67.55.23.51.65.3.47.63.65.18.82.66.23.50.52.51.21.51.37.33.51.51.60.67.47.xover.mutate.done 50
 generation 17.82.82.82.82.82.82.81.81.77.71.42.51.51.22.2.76.60.27.82.2.51.82.51.1.50.51.50.82.64.64.51.78.82.50.62.50.42.33.60.82.67.51.51.64.1.50.2.50.82.82.xover.mutate.done 50
 generation 18.81.80.81.81.80.81.81.81.81.80.72.76.50.47.20.0.76.1.81.17.76.39.61.11.51.50.0.61.81.1.18.74.11.81.81.58.25.64.58.50.30.68.50.51.1.80.81.80.80.51.xover.mutate.done 50
 generation 19.80.80.80.80.80.80.80.80.80.80.80.1.60.61.12.80.80.61.51.77.14.51.58.80.50.77.80.50.80.77.41.41.76.17.80.68.69.25.77.77.63.80.80.77.51.50.40.30.19.50.xover.mutate.done 50
 generation 20.84.84.84.84.84.84.84.84.84.84.52.47.84.84.59.80.52.63.45.84.11.84.84.52.36.84.50.84.66.84.51.84.79.52.64.84.84.51.47.47.3.64.52.84.63.36.84.51.76.50.xover.mutate.done 50
 generation 21.77.77.77.77.77.77.77.77.77.77.77.51.77.71.66.75.52.51.77.40.64.53.43.75.77.17.44.51.55.50.3.77.50.3.51.77.51.51.74.3.71.3.77.77.3.77.43.77.71.52.xover.mutate.done 50
 generation 22.74.74.74.74.74.74.74.74.74.74.74.43.74.74.2.74.11.50.74.50.74.36.50.63.74.36.66.18.74.74.0.12.18.74.9.33.64.25.57.36.74.66.23.52.74.50.74.74.64.74.xover.mutate.done 50
 generation 23.79.79.79.79.79.79.79.79.79.79.79.46.50.50.50.78.79.50.79.69.79.79.50.79.50.50.79.70.50.79.79.79.50.34.79.79.50.79.55.21.78.79.44.79.56.79.38.79.79.79.xover.mutate.done 50
 generation 24.75.75.75.75.75.75.75.75.75.75.39.50.7.53.55.75.50.75.72.50.75.75.50.50.77.75.56.75.56.50.50.50.72.50.33.5.75.28.54.53.6.53.34.33.50.36.75.75.37.36.xover.mutate.done 50
 generation 25.77.78.78.78.78.78.78.78.78.78.50.34.14.53.50.39.53.78.78.77.50.78.9.77.29.53.53.78.43.58.78.50.50.77.53.50.34.50.3.78.78.52.53.78.78.50.3.78.78.55.xover.mutate.done 50
 generation 26.80.80.80.80.80.80.80.80.80.80.80.52.80.12.80.4.52.79.80.50.42.41.80.80.72.57.80.80.50.80.61.35.63.50.52.80.80.72.80.80.4.57.50.63.52.4.80.22.52.72.xover.mutate.done 50
 generation 27.79.79.79.79.79.79.79.79.79.79.79.79.50.60.61.61.60.79.48.50.52.79.20.79.73.44.50.35.79.52.46.50.79.50.79.50.79.79.14.60.24.76.52.79.0.50.79.77.19.77.xover.mutate.done 50
 generation 28.85.85.85.85.85.85.85.85.85.85.51.42.51.45.51.32.81.44.2.46.85.46.39.51.42.85.85.2.58.36.23.85.85.51.51.85.32.85.85.10.85.51.46.59.51.85.50.81.81.85.xover.mutate.done 50
 generation 29.72.72.72.72.72.72.72.72.72.72.51.21.11.51.72.72.72.54.72.72.72.52.72.72.60.31.72.72.72.51.52.51.72.12.12.72.52.72.31.69.72.38.70.29.3.72.31.31.72.51.xover.mutate.done 50
 generation 30.85.85.85.85.85.85.85.85.85.85.54.11.85.85.81.42.41.50.85.51.51.46.50.85.27.50.56.27.85.44.37.49.85.50.50.64.55.50.85.50.51.85.85.50.70.85.1.51.50.1.xover.mutate.done 50
 generation 31.74.74.74.74.74.74.74.74.74.74.51.74.37.51.37.74.51.65.50.74.70.71.40.51.50.33.51.70.35.29.41.51.6.9.8.51.70.51.74.41.37.51.51.74.74.51.70.23.51.74.xover.mutate.done 50
 generation 32.86.86.86.86.86.86.86.86.86.86.86.66.52.73.80.52.51.86.76.86.61.86.85.66.86.44.57.86.86.75.86.64.86.58.52.52.86.86.67.61.51.51.69.86.83.86.86.52.16.59.xover.mutate.done 50
 generation 33.87.87.87.87.87.87.87.87.87.87.87.47.87.87.51.87.5.74.87.54.87.25.85.87.74.54.14.41.75.54.87.54.72.87.75.51.87.12.51.51.5.54.51.13.82.53.59.87.87.42.xover.mutate.done 50
 generation 34.83.83.83.83.83.83.83.83.83.83.83.83.83.30.83.50.19.83.61.53.50.83.83.50.50.66.25.83.53.61.53.83.53.40.75.83.36.75.53.83.83.53.44.50.61.83.11.83.83.83.xover.mutate.done 50
 generation 35.82.82.82.82.82.82.82.82.82.82.50.35.6.82.34.39.82.50.60.82.82.82.0.50.82.31.82.50.82.50.31.6.82.50.50.39.50.82.40.81.26.82.50.82.31.82.77.50.59.0.xover.mutate.done 50
 generation 36.84.84.84.84.84.84.84.84.84.84.84.84.60.80.48.84.15.60.2.60.50.37.82.50.84.42.72.84.84.43.12.38.50.84.84.48.15.50.57.84.52.50.84.2.68.50.50.84.84.48.xover.mutate.done 50
 generation 37.82.82.82.82.82.82.82.82.82.82.82.49.82.50.50.50.82.60.50.50.46.50.54.39.82.82.10.82.36.82.0.82.82.50.82.50.82.82.50.50.50.50.60.82.42.81.0.82.0.82.xover.mutate.done 50
 generation 38.79.79.79.79.79.79.79.79.79.79.79.50.52.51.79.12.79.19.79.79.79.51.60.79.52.39.79.51.79.51.50.79.19.50.79.79.59.52.50.79.35.50.12.79.79.51.35.79.79.30.xover.mutate.done 50
 generation 39.80.80.80.80.80.80.80.80.80.80.80.80.51.63.29.51.50.57.1.46.50.57.32.51.51.51.42.80.78.57.80.29.50.43.80.63.57.51.51.51.80.50.50.51.50.79.51.80.51.40.xover.mutate.done 50
 generation 40.77.77.77.77.77.77.77.77.77.77.36.57.77.52.77.53.5.2.40.53.5.53.52.53.77.77.7.77.40.5.59.77.35.77.77.53.12.77.77.17.77.77.52.77.59.76.5.11.40.61.xover.mutate.done 50
 generation 41.76.76.76.76.76.76.76.76.76.76.1.51.1.51.26.50.76.26.51.42.50.56.76.76.1.76.76.50.1.20.1.50.1.76.9.50.76.76.27.51.1.76.76.50.76.27.76.76.39.1.xover.mutate.done 50
 generation 42.84.84.84.84.84.84.84.84.84.84.11.84.50.84.51.50.10.45.51.50.84.84.84.60.1.81.50.50.51.50.50.84.50.51.50.45.84.34.84.1.84.34.50.50.51.32.54.84.51.36.xover.mutate.done 50
 generation 43.85.85.85.85.85.85.85.85.85.85.85.85.0.85.85.85.85.44.39.85.85.85.41.85.50.50.36.85.85.85.85.50.50.51.28.36.50.85.1.85.50.85.46.50.50.21.85.51.85.85.xover.mutate.done 50
 generation 44.78.78.78.78.78.78.78.78.78.78.78.51.50.29.78.25.78.1.51.78.50.78.35.22.1.50.51.78.78.78.78.78.40.50.40.78.78.78.0.50.78.50.78.78.78.78.78.78.50.50.xover.mutate.done 50
 generation 45.75.75.75.75.75.75.75.75.75.75.75.75.50.41.51.75.50.12.75.50.11.28.50.62.12.75.50.50.25.39.75.75.35.61.25.51.75.50.50.42.75.51.75.50.1.50.75.75.75.75.xover.mutate.done 50
 generation 46.78.78.78.78.78.78.78.78.78.78.16.43.43.78.42.43.36.50.29.38.23.78.78.50.51.78.50.78.3.60.78.52.43.78.51.43.78.78.78.2.78.47.42.37.3.51.51.78.78.65.xover.mutate.done 50
 generation 47.78.78.78.78.78.78.78.78.78.78.50.50.50.55.50.76.50.51.56.78.6.78.78.78.0.26.56.32.78.44.40.50.27.78.50.56.16.23.78.12.50.50.44.50.45.78.50.44.76.51.xover.mutate.done 50
 generation 48.79.79.79.79.79.79.79.79.79.79.43.43.51.35.1.51.50.79.79.51.39.50.54.42.51.50.79.41.79.42.62.79.75.40.40.1.51.75.40.51.40.79.50.51.51.20.79.51.55.42.xover.mutate.done 50
 generation 49.81.81.81.81.81.81.81.81.81.81.51.59.74.39.81.3.73.33.32.81.52.81.74.41.20.52.16.62.81.39.81.33.74.81.65.73.81.81.79.51.81.21.12.81.51.65.81.51.51.81.xover.mutate.done 50
 23296519 iters     895076 iter/sec (26.03 s)
 total time: 26.03
