55 50 50 50 50 50 50 50 50 50 50 37 14 6 6 6 6 6 6 6 6 6 6 6 6 6 6 6 6 6 6 6 6 6 5 5 5 5 5 5 5 5 5 1 1 1 1 1 1 1 
50 50 50 50 50 50 50 50 50 50 50 50 50 50 50 50 50 50 50 50 50 50 50 50 50 50 47 31 6 0 0 0 0 0 0 0 0 0 0 0 0 0 0 0 0 0 0 0 0 0 
51 51 51 51 51 51 51 51 50 50 50 50 50 50 50 50 50 50 50 50 50 50 50 50 50 50 50 50 50 50 50 50 50 50 33 23 8 1 1 1 1 1 1 1 1 1 1 0 0 0 
51 51 51 51 51 51 51 51 51 51 51 51 51 51 51 51 51 51 51 51 51 51 50 50 50 50 50 50 50 50 50 50 50 50 15 15 2 2 2 2 2 2 2 2 2 2 1 1 1 1 
53 53 53 51 51 51 51 51 51 51 51 51 51 51 51 51 51 51 51 51 51 51 51 51 50 50 50 50 50 50 18 14 7 5 4 4 4 4 4 4 4 4 4 4 4 4 3 1 1 1 
53 53 53 53 53 53 51 51 51 51 51 51 51 51 51 51 51 51 51 51 51 51 51 51 51 51 51 50 50 50 50 28 9 8 4 4 4 4 4 4 4 4 4 4 4 4 4 3 3 1 
52 52 52 52 52 52 52 52 52 52 52 52 52 52 52 52 52 52 52 52 52 52 52 52 52 52 52 52 52 52 52 52 52 52 50 50 34 34 25 4 4 4 4 4 4 4 4 4 4 2 
51 51 51 51 51 51 51 51 51 51 51 51 51 51 51 51 51 50 50 50 50 50 50 50 50 50 50 50 41 32 30 17 12 9 3 1 1 1 1 1 1 1 1 1 1 1 1 1 1 1 
59 54 51 51 50 50 50 50 50 50 50 50 50 50 50 50 50 50 50 50 50 50 50 50 50 50 50 50 50 50 50 50 42 39 21 16 15 8 6 6 5 4 1 1 1 1 1 1 1 1 
64 61 59 55 54 51 51 51 51 51 51 51 51 51 51 51 51 51 51 51 51 51 51 51 51 51 51 51 51 51 51 51 50 45 35 33 32 31 28 23 19 10 7 2 2 2 2 2 2 1 
64 61 56 56 54 54 53 53 50 50 50 50 50 50 50 50 50 50 50 50 50 50 50 50 50 50 50 50 50 50 50 50 50 50 50 50 36 29 24 15 12 6 4 0 0 0 0 0 0 0 
78 78 77 63 58 58 58 58 57 56 56 56 56 56 55 52 52 52 50 50 50 50 50 50 50 50 50 50 50 50 50 50 50 50 50 50 50 50 47 36 32 22 8 7 2 2 2 2 2 2 
83 83 82 82 82 82 66 65 61 61 57 57 57 57 57 57 57 56 55 55 52 52 52 52 52 52 52 52 52 50 48 47 41 39 31 30 23 23 21 20 16 9 9 7 7 4 4 4 4 4 
83 78 75 75 75 74 72 72 72 72 72 72 62 60 56 54 54 53 53 52 52 51 51 51 51 51 51 51 50 50 50 50 50 47 43 35 32 28 21 20 19 17 13 7 6 3 3 3 3 2 
82 81 81 81 81 80 80 80 80 80 80 80 80 80 79 72 68 61 61 61 61 57 55 53 53 53 53 50 50 50 50 50 50 50 50 50 50 46 46 46 39 39 37 33 30 29 11 5 1 0 
81 81 81 81 81 80 80 80 79 79 79 79 79 79 76 67 64 62 61 60 57 56 53 53 53 53 53 53 50 49 46 45 44 34 34 33 32 29 29 27 22 20 16 9 9 3 3 3 3 0 
83 83 83 83 83 83 83 83 82 82 81 81 81 81 81 81 81 81 81 80 80 80 80 73 60 60 59 53 53 53 53 53 53 53 48 46 43 43 37 36 35 28 24 24 24 10 9 4 4 4 
84 84 84 84 84 84 84 84 84 84 84 82 82 81 81 81 78 77 77 68 67 67 67 63 57 57 56 55 53 53 50 50 50 50 50 50 50 50 50 50 50 48 39 39 39 37 36 28 6 0 
83 83 83 83 83 83 83 83 83 83 83 83 83 81 81 81 80 80 74 74 70 60 60 60 51 50 50 50 50 50 50 50 49 48 48 47 46 44 44 43 43 38 31 29 18 18 16 16 2 0 
77 77 76 76 76 76 76 76 76 76 76 76 76 76 75 75 75 75 75 74 73 66 66 66 66 65 65 58 58 58 58 56 56 54 53 51 50 50 50 50 46 44 42 40 37 30 23 16 8 8 
87 87 87 85 85 85 85 85 85 85 85 85 85 85 85 85 85 85 85 85 84 84 84 84 83 81 79 71 62 62 61 61 60 59 59 50 50 50 50 50 47 46 38 38 38 38 38 26 24 0 
86 86 86 86 86 86 86 86 86 86 86 86 86 86 86 86 86 86 85 85 84 83 83 83 83 83 83 66 61 61 60 60 60 60 60 60 59 58 52 52 52 52 52 51 51 51 50 50 42 12 
77 74 74 74 74 74 74 74 74 74 74 74 74 74 74 74 74 74 74 74 74 74 74 74 74 74 74 74 74 74 73 62 56 56 56 55 50 50 50 50 50 50 50 40 40 34 29 24 21 6 
76 76 74 74 74 74 74 74 74 74 74 74 74 74 74 74 74 74 74 74 64 61 61 61 61 59 52 51 51 51 51 51 51 51 51 50 50 45 43 33 31 31 25 19 18 18 17 17 13 10 
83 83 83 78 78 78 78 78 78 78 78 78 78 78 78 78 78 78 78 77 77 77 77 77 77 73 70 60 58 57 56 56 56 55 55 51 51 51 51 51 51 48 46 33 31 6 5 2 2 1 
89 89 89 89 82 82 82 82 81 81 81 81 81 81 81 81 80 80 80 80 80 80 80 79 79 66 65 65 61 52 51 51 51 51 50 50 50 49 43 42 37 36 34 34 34 34 10 1 1 1 
81 81 81 81 81 80 70 70 70 70 70 70 70 70 70 70 68 68 68 68 68 68 68 68 68 68 68 68 68 68 61 55 52 51 51 50 50 50 50 50 50 35 35 32 25 17 7 6 2 2 
81 81 81 81 81 81 81 79 79 79 79 79 79 79 77 77 77 77 77 77 77 77 77 77 77 77 77 77 75 73 70 59 57 57 54 51 51 49 41 39 39 25 19 9 2 2 2 2 2 1 
90 90 90 90 90 90 89 87 87 87 87 87 87 87 87 87 87 87 86 86 86 86 86 86 86 86 86 86 86 85 79 68 63 63 61 59 56 53 51 50 50 50 50 50 48 47 46 43 11 1 
84 84 84 84 84 84 83 79 79 79 79 79 79 79 79 79 79 79 79 79 77 77 75 75 71 71 65 63 61 56 55 55 55 55 53 50 50 50 42 38 38 37 32 32 27 19 13 13 11 4 
84 84 84 84 84 84 84 84 84 81 81 81 81 81 81 81 80 80 80 80 80 80 79 79 79 78 78 65 60 55 51 51 51 51 51 51 51 51 50 50 43 41 39 37 31 30 10 8 2 2 
79 79 79 79 79 79 79 79 79 79 79 78 77 77 77 77 77 77 76 76 76 75 74 73 64 64 52 52 52 52 51 51 51 51 51 51 51 50 50 49 42 41 36 36 16 16 15 3 2 1 
83 81 81 81 81 81 81 81 81 81 81 81 81 80 78 78 77 77 77 76 75 73 71 61 60 60 54 52 52 52 52 51 50 48 42 38 37 37 35 32 19 15 9 8 8 8 6 3 3 1 
89 87 87 87 87 87 87 87 87 87 87 87 87 87 87 84 84 83 83 82 62 50 50 50 50 50 50 50 50 50 45 45 28 24 21 18 17 15 12 12 10 9 9 9 9 2 1 1 1 1 
87 87 87 87 87 87 87 87 87 87 87 87 87 87 87 87 83 81 81 77 58 58 51 51 51 51 51 51 51 51 50 48 46 44 44 44 43 43 39 37 34 22 11 9 9 8 2 2 2 1 
87 86 86 86 86 86 86 86 86 86 86 86 86 86 86 86 86 86 84 81 80 80 78 76 67 58 50 50 50 50 50 50 50 50 50 50 50 50 48 48 44 43 36 28 22 22 19 11 8 2 
92 92 92 92 91 91 91 91 91 91 91 91 91 91 91 91 91 91 91 91 91 89 87 76 51 51 51 51 51 51 51 51 51 51 50 49 48 45 45 45 39 36 18 16 11 5 1 1 1 0 
84 84 84 84 84 84 84 83 83 83 83 83 83 83 83 83 83 83 83 83 81 77 59 55 51 51 51 51 51 51 51 50 50 48 37 35 35 35 31 27 16 15 15 15 10 5 5 5 2 2 
88 88 88 88 88 88 86 86 86 86 86 86 86 86 86 86 86 86 86 82 78 62 56 54 54 54 54 54 54 54 51 51 50 50 50 50 50 49 48 44 33 33 33 33 12 12 5 5 5 1 
86 86 86 86 86 86 86 86 86 86 86 86 86 86 86 86 86 86 86 86 86 86 84 80 78 78 61 61 59 57 57 50 50 50 50 49 44 44 43 43 37 23 21 19 15 11 7 7 6 0 
87 87 87 87 87 87 87 87 87 87 87 87 87 87 87 87 87 87 87 87 87 81 75 56 56 55 54 51 50 50 50 50 50 49 49 49 48 46 46 46 44 44 38 37 37 37 16 9 2 0 
84 84 84 84 84 84 84 84 84 83 83 83 83 83 83 83 83 83 83 82 78 78 78 78 67 67 58 55 51 51 51 51 51 50 50 46 46 44 44 41 28 17 13 13 11 9 9 9 5 0 
85 85 85 85 85 85 85 85 85 85 85 84 84 84 84 84 84 84 84 84 84 84 83 83 83 80 80 79 78 76 73 56 52 52 52 52 52 52 52 52 52 50 50 43 37 34 32 30 11 2 
84 84 84 84 84 84 84 84 84 84 84 84 84 84 84 84 84 84 82 82 59 53 53 53 50 50 50 50 50 46 40 40 39 39 39 39 38 36 36 36 34 20 18 18 18 9 9 3 3 0 
87 87 87 87 87 87 87 87 87 87 87 87 86 85 83 83 82 75 63 63 59 59 59 59 51 51 51 51 51 50 50 50 50 50 50 50 46 45 42 39 36 23 19 19 12 11 10 9 1 1 
86 86 86 86 86 86 86 86 86 86 86 86 86 86 86 86 84 84 83 83 83 82 82 59 59 55 55 55 55 50 50 50 49 49 48 47 47 44 42 42 42 42 42 42 42 39 39 36 14 5 
84 84 84 84 84 84 84 84 84 84 84 84 84 84 84 84 84 84 84 84 82 81 81 81 81 81 60 59 56 51 51 51 51 50 50 43 43 43 41 41 41 40 40 40 40 40 24 20 20 1 
88 88 88 88 88 88 88 88 88 88 88 88 88 88 88 88 88 88 88 88 88 88 88 87 86 82 82 79 73 73 73 52 52 52 50 50 50 50 50 50 49 46 46 43 43 33 21 10 9 2 
88 87 87 87 87 87 87 87 87 87 87 87 87 87 87 87 87 87 86 86 86 86 86 86 83 83 83 82 80 71 56 54 50 50 50 50 50 50 50 50 50 42 42 42 42 13 12 5 3 0 
88 88 88 88 88 88 88 88 88 88 88 88 88 88 88 88 88 88 88 86 86 85 79 78 78 78 63 54 54 50 50 50 50 50 50 50 50 44 43 43 43 43 43 42 42 9 3 0 0 0 
