% Invoked: ./gella -d -r 2 -l biased_r2/run11 >& biased_r2/run11.log
% Ministry of Cellular Automata
% Project Deux (CS523 Spring 2015)
% Version:v0.1-70-g0624-dirty
%  pop:50
%  ic count:100
%  CA Log option:biased_r2/run11
%  width:121
%  max workers:4
%  radius:2
%  iterations:300
%  use bias:true
%  generations:50

 generation 0.0.0.3.3.0.3.3.3.3.0.0.50.0.50.0.50.3.0.3.3.50.50.50.0.3.3.3.3.54.3.3.3.50.0.3.3.0.50.50.50.3.3.3.0.50.3.3.0.3.3.xover.mutate.done 50
 generation 1.45.50.50.50.50.50.50.50.50.50.0.0.0.50.0.50.50.23.25.0.0.0.0.0.13.50.0.0.0.0.0.0.0.0.0.0.0.0.0.50.0.0.50.3.0.0.0.0.3.0.xover.mutate.done 50
 generation 2.50.51.50.51.50.50.50.50.50.50.1.1.1.0.0.50.1.7.50.50.0.1.50.9.1.0.50.51.1.50.1.50.9.50.51.0.1.50.50.0.50.50.0.0.8.1.40.0.51.1.xover.mutate.done 50
 generation 3.51.51.51.51.51.50.50.50.50.50.2.50.1.1.51.1.2.50.51.1.2.35.50.2.2.34.50.2.50.50.51.50.1.50.5.50.1.50.1.1.2.2.1.1.2.51.51.50.2.51.xover.mutate.done 50
 generation 4.52.52.52.52.52.52.52.52.52.52.52.19.50.50.52.52.52.50.11.2.26.52.2.50.0.50.52.3.50.50.2.2.50.50.52.17.16.0.2.0.50.50.2.2.52.33.52.52.0.2.xover.mutate.done 50
 generation 5.51.51.51.51.51.51.51.51.51.51.3.51.11.50.11.50.8.3.51.51.51.50.51.51.51.50.1.3.50.51.50.11.51.3.51.50.51.51.51.51.17.2.51.50.50.51.50.3.2.51.xover.mutate.done 50
 generation 6.52.52.52.52.52.52.52.52.52.52.52.10.52.52.52.52.52.52.52.52.17.52.10.52.52.52.52.52.52.52.52.2.52.2.52.52.52.2.52.8.2.52.52.50.52.52.52.0.10.52.xover.mutate.done 50
 generation 7.51.51.51.51.51.51.51.51.51.51.51.51.14.51.51.51.51.51.51.51.51.51.51.51.51.2.2.51.51.51.51.51.18.2.2.51.51.51.50.35.2.51.50.1.51.50.50.51.51.15.xover.mutate.done 50
 generation 8.51.51.51.51.51.51.51.51.51.51.36.51.13.11.13.51.10.51.1.51.51.51.51.51.51.1.51.51.51.51.51.51.51.51.51.12.51.51.51.51.51.51.51.51.51.51.1.51.51.1.xover.mutate.done 50
 generation 9.51.51.51.51.51.51.51.51.51.51.51.15.51.51.51.51.51.2.51.51.3.50.3.3.3.51.51.51.51.3.51.51.51.51.51.28.51.51.50.51.12.51.51.3.51.3.50.51.3.51.xover.mutate.done 50
 generation 10.50.50.50.50.50.50.50.50.50.50.50.50.50.3.50.50.50.50.3.50.50.3.50.50.3.50.50.50.3.50.3.50.50.50.50.50.50.24.50.50.0.50.50.50.3.50.50.50.3.50.xover.mutate.done 50
 generation 11.51.51.51.51.51.51.51.51.51.51.51.51.51.51.51.51.51.51.51.51.51.51.1.50.50.50.11.51.51.50.51.2.51.51.51.51.51.51.14.51.51.50.51.2.51.51.51.51.11.2.xover.mutate.done 50
 generation 12.51.51.51.51.51.51.51.51.51.51.51.51.51.50.2.51.51.51.2.51.51.51.51.51.51.51.51.9.51.51.14.51.51.51.51.51.51.51.2.51.51.51.2.51.50.51.50.51.50.51.xover.mutate.done 50
 generation 13.50.50.50.50.50.50.50.50.50.50.50.50.50.50.50.50.50.50.50.50.50.50.50.50.0.50.50.50.50.50.0.50.50.50.50.50.50.50.6.50.50.33.50.3.50.50.50.50.50.0.xover.mutate.done 50
 generation 14.52.52.52.52.52.52.52.52.52.52.50.52.52.50.52.52.52.3.3.52.52.50.52.19.3.52.50.3.50.22.52.8.3.52.9.3.52.3.3.52.52.52.52.3.52.50.52.52.52.11.xover.mutate.done 50
 generation 15.50.50.50.50.50.50.50.50.50.50.50.1.50.50.50.50.1.1.50.33.50.1.50.1.50.50.50.50.1.50.11.50.50.10.50.50.50.50.50.1.50.50.50.50.50.50.1.1.50.50.xover.mutate.done 50
 generation 16.52.52.52.52.52.52.52.52.52.52.52.52.52.1.52.52.52.52.52.52.52.52.52.52.52.52.52.52.11.52.52.52.52.3.52.52.52.22.52.52.52.50.52.22.52.52.52.52.52.52.xover.mutate.done 50
 generation 17.51.51.51.51.51.51.51.51.51.51.50.2.2.51.51.31.2.2.51.51.2.51.1.51.51.51.51.51.2.1.51.51.51.51.1.1.28.51.2.51.50.14.51.51.51.51.51.51.2.2.xover.mutate.done 50
 generation 18.50.50.50.50.50.50.50.50.50.50.0.50.0.50.50.50.50.50.50.50.50.50.50.33.50.0.17.0.14.0.50.50.50.30.50.50.0.0.0.50.50.50.50.0.50.0.50.50.11.50.xover.mutate.done 50
 generation 19.51.51.51.51.51.51.51.51.51.51.51.51.51.51.50.51.51.51.51.51.51.51.3.50.51.51.3.3.51.2.3.13.3.51.3.51.51.51.51.51.51.51.20.3.51.51.51.51.50.51.xover.mutate.done 50
 generation 20.52.52.52.52.52.52.52.52.52.52.45.3.52.1.3.21.52.14.52.52.52.50.2.52.52.50.52.52.52.3.52.52.52.52.50.52.52.52.52.52.28.52.52.52.3.52.52.52.52.52.xover.mutate.done 50
 generation 21.50.50.50.50.50.50.50.50.50.50.50.50.50.50.50.50.50.50.50.0.50.50.50.50.12.50.50.50.0.0.0.50.50.50.50.50.50.50.50.0.0.50.19.12.0.50.0.50.0.50.xover.mutate.done 50
 generation 22.53.53.53.53.53.53.53.53.53.53.33.5.53.53.53.53.53.53.53.53.53.53.50.53.53.53.53.53.53.53.53.53.5.53.53.5.5.53.11.53.53.5.53.53.5.53.53.53.53.53.xover.mutate.done 50
 generation 23.51.51.51.51.51.51.51.51.51.51.51.51.51.50.51.51.21.2.51.2.51.51.34.50.51.50.51.51.51.51.1.51.51.51.24.51.1.51.1.51.33.51.51.1.51.50.2.50.51.2.xover.mutate.done 50
 generation 24.52.52.52.52.52.52.52.52.52.52.52.52.52.2.33.52.52.52.52.52.52.52.52.2.50.52.52.52.12.52.2.12.52.0.52.52.52.52.52.52.52.2.52.52.16.52.52.2.52.2.xover.mutate.done 50
 generation 25.51.51.51.51.51.51.51.51.51.51.1.51.51.51.51.51.51.51.51.45.1.51.51.1.51.50.51.51.1.1.51.51.51.51.10.51.51.1.51.1.51.51.11.51.51.51.1.51.51.51.xover.mutate.done 50
 generation 26.52.52.52.52.52.52.52.52.52.52.52.31.52.52.52.52.3.3.52.3.3.15.52.3.52.34.52.10.52.3.33.71.11.52.3.3.3.50.2.52.52.3.2.2.52.2.52.33.52.3.xover.mutate.done 50
 generation 27.73.50.50.50.50.50.50.50.50.50.31.11.1.17.24.1.50.50.50.50.50.0.50.50.24.7.1.13.0.50.0.50.1.50.50.50.9.50.50.50.0.0.50.50.50.50.50.50.50.50.xover.mutate.done 50
 generation 28.65.50.50.50.50.50.50.50.50.50.50.50.50.50.50.2.0.50.2.50.50.50.6.50.50.50.50.50.50.50.9.50.50.50.50.7.50.50.50.50.50.50.50.50.50.2.50.50.50.50.xover.mutate.done 50
 generation 29.72.51.51.51.51.51.51.51.51.51.50.51.2.8.51.51.51.51.51.51.24.20.51.51.1.13.51.51.51.51.51.51.51.2.13.2.51.51.51.51.51.51.8.51.51.51.51.2.51.1.xover.mutate.done 50
 generation 30.70.51.51.51.51.51.51.51.51.51.11.51.51.50.51.51.51.3.51.3.50.3.51.51.51.51.51.51.50.30.13.51.3.51.51.3.3.3.51.3.50.3.51.14.51.51.51.51.50.3.xover.mutate.done 50
 generation 31.67.51.51.51.51.51.51.51.51.51.51.51.51.2.51.51.51.51.51.2.51.50.50.2.51.51.51.51.51.51.50.2.51.51.17.2.2.51.2.51.50.51.51.2.50.51.51.2.11.51.xover.mutate.done 50
 generation 32.69.51.51.51.51.51.51.51.51.51.51.51.51.1.51.1.51.51.17.51.51.14.51.51.51.41.51.15.51.0.51.1.50.51.1.51.14.51.51.51.9.1.51.51.51.50.51.51.1.1.xover.mutate.done 50
 generation 33.73.50.50.50.50.50.50.50.50.50.50.50.12.50.0.50.50.0.50.50.50.50.50.50.0.0.0.0.12.50.0.50.50.50.50.50.50.50.0.50.50.50.0.50.0.50.4.0.50.50.xover.mutate.done 50
 generation 34.71.50.50.50.50.50.50.50.50.50.50.50.50.50.50.12.50.0.11.16.50.0.50.50.12.11.0.50.50.50.0.50.50.50.11.50.12.0.50.50.50.50.14.0.10.50.0.50.50.50.xover.mutate.done 50
 generation 35.71.51.51.51.51.51.51.51.51.51.14.51.17.63.11.51.51.51.51.51.1.2.51.51.51.51.51.51.51.51.51.13.21.51.51.51.50.51.51.51.51.51.51.51.50.2.18.50.13.18.xover.mutate.done 50
 generation 36.73.60.50.50.50.50.50.50.50.50.50.25.50.50.50.50.13.50.50.2.2.50.16.50.50.50.50.50.12.50.11.50.2.50.50.50.50.50.50.2.50.50.23.50.19.50.50.50.11.50.xover.mutate.done 50
 generation 37.71.63.52.52.52.52.52.52.52.52.50.52.52.50.52.3.50.50.52.7.1.52.52.52.50.52.12.52.52.52.52.10.52.52.52.52.52.52.52.52.3.21.1.21.52.50.33.52.52.52.xover.mutate.done 50
 generation 38.71.64.51.51.51.51.51.51.51.51.51.51.51.51.51.51.1.51.3.51.51.51.3.3.51.32.13.51.51.51.3.51.51.51.1.3.51.51.51.51.13.50.51.1.51.51.51.51.3.51.xover.mutate.done 50
 generation 39.70.59.50.50.50.50.50.50.49.50.50.50.50.1.5.50.50.50.50.1.50.50.10.49.50.50.50.7.50.50.9.50.10.8.50.50.1.0.50.50.50.0.1.59.50.1.1.50.50.50.xover.mutate.done 50
 generation 40.67.57.57.50.50.50.50.50.50.50.50.0.50.50.50.50.6.50.50.50.50.50.0.50.0.0.50.50.50.50.50.43.20.50.50.50.50.50.50.50.50.6.50.50.50.50.50.50.50.0.xover.mutate.done 50
 generation 41.67.61.61.50.50.50.50.50.50.50.50.50.50.5.50.50.50.50.50.50.0.0.50.50.50.0.50.50.0.0.0.50.50.13.50.50.50.50.50.50.0.50.50.0.50.50.42.50.50.57.xover.mutate.done 50
 generation 42.68.59.59.54.51.51.51.51.51.51.51.51.1.13.51.54.0.51.1.51.51.54.1.51.59.51.10.51.51.50.1.51.51.1.54.51.1.51.51.1.51.51.51.41.51.15.50.50.1.51.xover.mutate.done 50
 generation 43.74.62.62.62.63.63.62.63.52.52.52.52.61.52.52.52.61.52.52.52.20.52.52.52.52.45.52.52.52.52.52.52.13.52.52.63.52.52.50.18.52.52.52.52.20.51.52.52.2.52.xover.mutate.done 50
 generation 44.69.60.60.60.60.62.62.62.59.55.55.40.50.50.50.50.0.60.9.10.0.62.14.0.0.50.50.50.50.0.0.50.21.50.50.68.50.5.60.60.50.30.0.50.50.8.42.50.24.61.xover.mutate.done 50
 generation 45.66.64.58.58.58.58.58.55.55.55.51.51.64.51.1.51.51.51.70.51.38.28.76.5.51.58.51.5.3.53.51.53.51.19.58.12.1.12.53.22.53.51.24.51.55.1.58.31.51.51.xover.mutate.done 50
 generation 46.75.79.66.63.63.60.60.60.60.60.50.2.15.10.63.10.56.60.52.58.52.2.13.60.50.2.52.52.52.56.60.58.52.60.55.32.63.66.48.60.56.52.52.2.52.2.63.2.75.43.xover.mutate.done 50
 generation 47.74.85.85.75.76.68.68.68.67.68.51.9.51.51.51.65.68.74.65.65.19.43.51.69.51.24.51.34.65.68.68.69.85.44.43.49.51.58.51.28.50.51.85.51.51.51.67.13.51.68.xover.mutate.done 50
 generation 48.82.82.82.82.70.68.78.78.64.64.55.33.50.64.78.14.64.75.82.72.1.82.50.15.67.43.64.78.51.50.45.56.50.50.50.50.50.64.1.1.1.50.64.78.82.64.57.50.50.50.xover.mutate.done 50
 generation 49.80.80.80.80.80.80.80.85.85.85.51.66.80.30.11.52.60.77.60.75.60.66.57.47.50.52.66.4.49.80.53.52.52.67.80.85.57.52.66.50.36.15.56.66.23.52.52.80.87.69.xover.mutate.done 50
 18539649 iters     846908 iter/sec (21.89 s)
 total time: 21.89
