0.59375 0.0625 0.09375 0.1875 0.40625 0.59375 0.53125 0.78125 0.34375 0.4375 
0.0625 0.09375 0.1875 0.78125 0.96875 0.03125 0.71875 0.0625 0.0 0.0 
0.71875 0.6875 0.0625 0.09375 0.1875 0.78125 0.96875 0.03125 0.0625 0.0 
0.71875 0.6875 0.0625 0.09375 0.1875 0.78125 0.96875 0.03125 0.0625 0.0 
0.71875 0.6875 0.0625 0.09375 0.1875 0.78125 0.96875 0.03125 0.0625 0.0 
0.3125 0.28125 0.28125 0.15625 0.125 0.28125 0.25 0.25 0.46875 0.4375 
0.3125 0.28125 0.28125 0.15625 0.125 0.28125 0.25 0.25 0.46875 0.4375 
0.3125 0.28125 0.28125 0.15625 0.125 0.28125 0.25 0.25 0.46875 0.4375 
0.3125 0.28125 0.28125 0.15625 0.125 0.28125 0.25 0.25 0.46875 0.4375 
0.34375 0.3125 0.3125 0.53125 0.28125 0.28125 0.15625 0.125 0.28125 0.25 
0.34375 0.3125 0.3125 0.28125 0.34375 0.53125 0.28125 0.28125 0.15625 0.125 
0.34375 0.5 0.34375 0.34375 0.3125 0.34375 0.3125 0.3125 0.28125 0.25 
0.34375 0.34375 0.5 0.5 0.34375 0.34375 0.3125 0.34375 0.375 0.34375 
0.34375 0.34375 0.34375 0.34375 0.5 0.5 0.40625 0.34375 0.34375 0.3125 
0.34375 0.34375 0.34375 0.34375 0.34375 0.34375 0.34375 0.34375 0.5 0.5 
0.34375 0.34375 0.34375 0.34375 0.34375 0.34375 0.34375 0.34375 0.34375 0.34375 
0.34375 0.34375 0.34375 0.34375 0.34375 0.34375 0.34375 0.34375 0.34375 0.34375 
0.34375 0.34375 0.34375 0.34375 0.34375 0.34375 0.34375 0.34375 0.34375 0.34375 
0.34375 0.34375 0.34375 0.34375 0.34375 0.34375 0.34375 0.34375 0.34375 0.34375 
0.34375 0.34375 0.34375 0.34375 0.34375 0.34375 0.34375 0.34375 0.34375 0.34375 
0.34375 0.34375 0.34375 0.34375 0.34375 0.34375 0.34375 0.34375 0.34375 0.34375 
0.34375 0.34375 0.34375 0.34375 0.34375 0.34375 0.34375 0.34375 0.34375 0.34375 
0.34375 0.34375 0.34375 0.34375 0.34375 0.34375 0.34375 0.34375 0.34375 0.34375 
0.34375 0.34375 0.34375 0.34375 0.34375 0.34375 0.34375 0.34375 0.34375 0.34375 
0.34375 0.34375 0.34375 0.34375 0.34375 0.34375 0.34375 0.34375 0.34375 0.34375 
0.34375 0.34375 0.34375 0.34375 0.34375 0.34375 0.34375 0.34375 0.34375 0.34375 
0.34375 0.34375 0.34375 0.34375 0.34375 0.34375 0.34375 0.34375 0.34375 0.34375 
0.34375 0.34375 0.34375 0.34375 0.34375 0.34375 0.34375 0.34375 0.34375 0.34375 
0.34375 0.34375 0.34375 0.34375 0.34375 0.34375 0.34375 0.34375 0.34375 0.34375 
0.34375 0.34375 0.34375 0.34375 0.34375 0.34375 0.34375 0.34375 0.34375 0.34375 
0.34375 0.34375 0.34375 0.34375 0.34375 0.34375 0.34375 0.34375 0.34375 0.34375 
0.34375 0.34375 0.34375 0.34375 0.34375 0.34375 0.34375 0.34375 0.34375 0.34375 
0.34375 0.34375 0.34375 0.34375 0.34375 0.34375 0.34375 0.34375 0.34375 0.34375 
0.34375 0.34375 0.34375 0.34375 0.34375 0.34375 0.34375 0.34375 0.34375 0.34375 
0.34375 0.34375 0.34375 0.34375 0.34375 0.34375 0.34375 0.34375 0.34375 0.34375 
0.34375 0.34375 0.34375 0.34375 0.34375 0.34375 0.34375 0.34375 0.34375 0.34375 
0.34375 0.34375 0.34375 0.34375 0.34375 0.34375 0.34375 0.34375 0.34375 0.34375 
0.34375 0.34375 0.34375 0.34375 0.34375 0.34375 0.34375 0.34375 0.34375 0.34375 
0.34375 0.34375 0.34375 0.34375 0.34375 0.34375 0.34375 0.34375 0.34375 0.34375 
0.34375 0.34375 0.34375 0.34375 0.34375 0.34375 0.34375 0.34375 0.34375 0.34375 
0.34375 0.34375 0.34375 0.34375 0.34375 0.34375 0.34375 0.34375 0.34375 0.34375 
0.34375 0.34375 0.34375 0.34375 0.34375 0.34375 0.34375 0.34375 0.34375 0.34375 
0.34375 0.34375 0.34375 0.34375 0.34375 0.34375 0.34375 0.34375 0.34375 0.34375 
0.34375 0.34375 0.34375 0.34375 0.34375 0.34375 0.34375 0.34375 0.34375 0.34375 
0.34375 0.34375 0.34375 0.34375 0.34375 0.34375 0.34375 0.34375 0.34375 0.34375 
0.34375 0.34375 0.34375 0.34375 0.34375 0.34375 0.34375 0.34375 0.34375 0.34375 
0.34375 0.34375 0.34375 0.34375 0.34375 0.34375 0.34375 0.34375 0.34375 0.34375 
0.34375 0.34375 0.34375 0.34375 0.34375 0.34375 0.34375 0.34375 0.34375 0.34375 
0.34375 0.34375 0.34375 0.34375 0.34375 0.34375 0.34375 0.34375 0.34375 0.34375 
0.34375 0.34375 0.34375 0.34375 0.34375 0.34375 0.34375 0.34375 0.34375 0.34375 
