1.0 0.9375 0.5 0.375 0.40625 0.6875 0.75 0.375 0.53125 0.375 
1.0 0.375 0.09375 0.0 0.3125 0.96875 1.0 0.09375 1.0 0.75 
0.53125 0.71875 0.75 0.65625 1.0 0.375 0.09375 0.0 0.3125 0.96875 
0.71875 0.75 0.65625 1.0 0.375 0.09375 0.0 0.3125 0.96875 0.125 
0.125 0.5 0.71875 0.75 0.65625 1.0 0.375 0.09375 0.0 0.3125 
0.375 0.3125 0.375 0.25 0.125 0.15625 0.375 0.125 0.71875 0.75 
0.53125 0.71875 0.75 0.875 0.90625 0.65625 0.90625 0.8125 0.6875 0.78125 
0.53125 0.71875 0.75 0.875 0.90625 0.65625 0.90625 0.8125 0.6875 0.78125 
0.53125 0.71875 0.75 0.875 0.90625 0.65625 0.90625 0.8125 0.6875 0.78125 
0.53125 0.5 0.5625 0.71875 0.75 0.875 0.90625 0.65625 0.90625 0.8125 
0.53125 0.5 0.5625 0.71875 0.75 0.875 0.90625 0.65625 0.90625 0.8125 
0.53125 0.5 0.53125 0.5625 0.65625 0.59375 0.71875 0.75 0.875 0.90625 
0.53125 0.5 0.53125 0.625 0.5625 0.65625 0.59375 0.5625 0.71875 0.75 
0.53125 0.5 0.53125 0.625 0.5625 0.53125 0.59375 0.53125 0.5625 0.65625 
0.53125 0.5 0.53125 0.625 0.5625 0.53125 0.59375 0.53125 0.53125 0.59375 
0.53125 0.53125 0.46875 0.5 0.53125 0.625 0.5625 0.53125 0.59375 0.53125 
0.53125 0.53125 0.46875 0.5625 0.53125 0.5 0.5 0.5 0.53125 0.625 
0.5625 0.53125 0.53125 0.46875 0.5625 0.53125 0.5 0.5 0.5 0.53125 
0.5625 0.53125 0.53125 0.46875 0.53125 0.5625 0.5 0.5 0.5 0.5625 
0.53125 0.5 0.5625 0.53125 0.53125 0.46875 0.53125 0.53125 0.5625 0.5 
0.53125 0.5 0.5625 0.53125 0.53125 0.46875 0.53125 0.53125 0.5625 0.5 
0.5 0.53125 0.5 0.5625 0.53125 0.53125 0.46875 0.53125 0.53125 0.5625 
0.46875 0.5 0.53125 0.5 0.5 0.5625 0.53125 0.53125 0.46875 0.53125 
0.46875 0.46875 0.5 0.5 0.5 0.5 0.53125 0.5625 0.5625 0.53125 
0.46875 0.46875 0.46875 0.5 0.5 0.5 0.5 0.5 0.5 0.5 
0.46875 0.46875 0.46875 0.5 0.5 0.5 0.5 0.5 0.5 0.5 
0.46875 0.46875 0.46875 0.4375 0.46875 0.46875 0.5 0.5 0.5 0.5 
0.46875 0.46875 0.46875 0.4375 0.46875 0.46875 0.4375 0.46875 0.4375 0.5 
0.46875 0.46875 0.46875 0.4375 0.46875 0.46875 0.4375 0.46875 0.4375 0.5 
0.46875 0.46875 0.46875 0.4375 0.46875 0.46875 0.4375 0.46875 0.4375 0.4375 
0.46875 0.46875 0.46875 0.4375 0.46875 0.46875 0.4375 0.46875 0.4375 0.4375 
0.46875 0.46875 0.46875 0.4375 0.46875 0.46875 0.4375 0.46875 0.4375 0.4375 
0.46875 0.46875 0.46875 0.4375 0.46875 0.46875 0.4375 0.46875 0.4375 0.4375 
0.46875 0.46875 0.46875 0.4375 0.46875 0.46875 0.4375 0.46875 0.4375 0.4375 
0.46875 0.46875 0.46875 0.4375 0.46875 0.46875 0.4375 0.46875 0.4375 0.4375 
0.46875 0.46875 0.46875 0.4375 0.46875 0.46875 0.4375 0.46875 0.4375 0.4375 
0.46875 0.46875 0.46875 0.4375 0.46875 0.46875 0.4375 0.46875 0.4375 0.4375 
0.46875 0.46875 0.46875 0.4375 0.46875 0.46875 0.4375 0.46875 0.4375 0.4375 
0.46875 0.46875 0.46875 0.4375 0.46875 0.46875 0.4375 0.46875 0.4375 0.4375 
0.46875 0.46875 0.46875 0.4375 0.46875 0.46875 0.4375 0.46875 0.4375 0.4375 
0.46875 0.46875 0.46875 0.4375 0.46875 0.46875 0.4375 0.46875 0.4375 0.4375 
0.46875 0.46875 0.46875 0.4375 0.46875 0.46875 0.4375 0.46875 0.4375 0.4375 
0.46875 0.46875 0.46875 0.4375 0.46875 0.46875 0.4375 0.46875 0.4375 0.4375 
0.46875 0.46875 0.46875 0.4375 0.46875 0.46875 0.4375 0.46875 0.4375 0.4375 
0.46875 0.46875 0.46875 0.4375 0.46875 0.46875 0.4375 0.46875 0.4375 0.4375 
0.46875 0.46875 0.46875 0.4375 0.46875 0.46875 0.4375 0.46875 0.4375 0.4375 
0.46875 0.46875 0.46875 0.4375 0.46875 0.46875 0.4375 0.46875 0.4375 0.4375 
0.46875 0.46875 0.46875 0.4375 0.46875 0.46875 0.4375 0.46875 0.4375 0.4375 
0.46875 0.46875 0.46875 0.4375 0.46875 0.46875 0.4375 0.46875 0.4375 0.4375 
0.46875 0.46875 0.46875 0.4375 0.46875 0.46875 0.4375 0.46875 0.4375 0.4375 
