51 51 50 50 50 50 50 50 50 50 50 50 9 8 3 3 3 3 3 3 3 3 3 3 3 3 3 3 2 2 2 2 2 2 2 2 2 2 2 1 1 1 1 1 1 1 1 1 1 1 
50 50 50 50 50 50 50 50 50 50 50 50 50 50 50 50 50 50 50 50 50 50 50 50 50 12 9 7 0 0 0 0 0 0 0 0 0 0 0 0 0 0 0 0 0 0 0 0 0 0 
51 50 50 50 50 50 50 50 50 50 50 50 50 50 50 50 50 50 50 50 50 50 50 45 20 10 10 7 4 1 1 1 1 1 1 1 1 1 1 1 1 1 1 0 0 0 0 0 0 0 
80 52 52 52 50 50 50 50 50 50 50 50 50 50 50 50 50 50 50 50 50 50 50 50 50 50 50 50 50 50 50 50 50 50 50 10 10 10 7 5 2 2 2 2 2 2 2 2 2 0 
80 51 51 51 51 51 51 51 51 51 51 50 50 50 50 50 50 50 50 50 50 50 50 50 50 50 50 50 50 50 50 50 36 11 10 10 9 9 7 1 1 1 1 1 1 1 1 1 1 0 
83 76 52 52 52 52 52 52 52 52 52 52 52 52 52 52 52 52 52 52 51 51 51 51 51 51 51 51 50 50 50 50 50 50 50 50 50 50 50 23 6 6 4 3 3 3 3 3 2 1 
80 72 69 52 52 52 52 52 52 52 52 52 52 52 51 51 51 51 51 51 51 51 51 51 51 51 51 51 51 51 51 51 51 51 50 50 50 50 50 50 17 7 5 3 3 3 3 2 2 1 
72 72 69 65 65 53 53 53 53 53 53 53 53 53 53 53 53 53 53 51 51 51 51 51 51 51 51 51 51 51 51 51 51 51 50 35 28 11 10 10 4 4 4 4 4 4 4 4 3 1 
90 85 85 75 74 74 74 74 74 74 66 60 51 51 51 50 50 50 50 50 50 50 50 50 50 50 50 50 50 50 50 50 50 50 50 50 50 50 31 30 28 23 12 9 1 1 1 1 1 1 
87 85 85 75 74 74 74 74 74 74 74 74 74 74 53 52 52 50 50 50 50 50 50 50 50 50 50 50 50 50 50 50 50 50 50 50 50 48 39 37 31 19 17 8 7 0 0 0 0 0 
78 78 76 76 76 76 71 71 71 71 71 71 71 71 71 71 71 71 69 62 60 60 60 60 51 51 51 50 50 50 50 50 50 50 50 50 50 50 35 34 34 29 18 11 1 1 1 1 1 1 
87 87 87 84 84 84 84 84 84 84 84 84 84 84 84 78 69 69 69 69 69 69 69 69 61 61 61 58 58 52 51 51 51 51 51 51 51 50 50 50 50 11 9 3 3 3 1 1 1 1 
83 83 82 82 78 78 78 78 78 78 78 78 78 78 78 78 78 78 78 78 77 69 69 69 69 69 69 69 52 52 52 50 50 50 50 50 50 50 50 50 50 50 50 50 50 27 5 0 0 0 
82 82 82 82 82 82 82 81 81 81 81 81 81 81 81 81 81 81 81 81 81 81 78 76 76 74 74 74 74 74 73 62 51 51 51 51 51 51 51 51 50 35 15 7 6 6 6 1 1 1 
81 81 81 81 80 80 80 77 77 77 77 77 77 77 77 77 67 67 67 61 60 59 57 57 51 50 50 50 50 50 50 50 50 50 50 50 50 50 50 48 41 41 41 35 20 20 10 8 2 0 
81 81 81 81 81 81 81 74 73 73 73 73 73 73 73 73 73 73 72 62 62 62 62 59 59 57 51 51 51 51 51 51 51 51 51 51 51 51 50 50 39 33 15 9 2 2 2 1 1 1 
85 85 85 85 85 85 85 85 80 80 80 80 80 80 80 80 77 76 57 55 55 54 54 53 53 50 50 50 50 50 50 50 50 50 50 50 50 50 50 50 42 36 36 36 33 33 33 33 33 33 
81 81 81 81 81 81 80 80 80 80 80 78 78 78 78 78 78 78 78 76 76 70 67 61 61 56 51 51 51 51 51 51 51 51 51 50 50 50 50 50 46 32 31 31 30 11 10 8 1 1 
86 86 86 86 86 86 84 84 84 84 84 84 81 80 70 64 63 58 54 51 51 51 51 51 51 51 50 50 50 50 50 50 50 50 50 50 50 47 39 39 38 34 25 24 18 7 6 1 1 1 
85 85 85 85 85 85 84 84 84 84 84 84 80 65 52 52 52 52 52 52 50 50 50 50 50 50 50 47 25 10 9 8 6 6 2 2 2 2 2 2 2 2 2 2 2 2 2 2 0 0 
90 90 90 90 90 90 90 90 90 90 90 65 58 58 58 54 54 54 54 54 54 51 51 51 51 51 51 51 51 51 51 50 50 46 44 44 40 38 20 15 10 8 5 5 5 5 5 5 4 1 
88 88 88 88 88 88 88 88 88 88 86 86 86 86 84 83 66 62 60 60 60 52 52 52 52 52 52 52 52 52 52 50 50 50 50 50 43 42 42 42 42 37 37 24 18 18 9 6 2 2 
87 87 87 87 87 87 87 87 87 87 87 87 87 87 78 73 61 55 55 55 52 52 52 52 52 52 52 52 52 52 52 52 50 50 50 50 50 50 49 43 43 43 35 19 18 14 11 2 2 2 
85 85 85 85 85 85 85 85 85 85 85 85 85 85 85 85 85 85 85 85 85 80 78 77 58 58 58 50 50 50 50 50 50 50 50 50 41 41 36 35 33 24 9 7 6 6 6 0 0 0 
83 83 83 83 83 83 83 83 83 83 83 83 83 83 83 83 83 81 81 80 71 71 67 60 60 60 53 53 53 53 53 50 50 50 50 50 50 44 41 41 38 36 32 31 23 3 3 3 3 3 
89 89 89 89 89 89 89 89 89 89 89 89 89 88 71 66 66 66 60 60 59 58 58 58 51 51 51 51 51 51 51 51 51 51 51 51 50 47 45 44 44 44 44 21 10 6 2 2 2 1 
90 90 90 90 90 90 90 90 90 90 90 90 90 90 90 89 69 65 63 58 52 52 52 52 52 52 51 51 51 51 51 51 50 50 50 50 49 48 46 46 46 45 45 45 39 29 29 18 9 3 
81 81 81 81 81 81 81 81 81 81 81 81 81 81 81 81 79 79 71 70 64 63 57 50 50 50 50 50 50 50 50 50 50 50 50 50 48 45 38 38 35 32 32 30 30 0 0 0 0 0 
85 85 85 85 85 85 85 85 85 85 85 85 85 85 85 82 82 77 77 77 75 60 60 60 59 54 50 50 50 50 50 50 50 50 50 50 50 50 50 50 50 50 50 41 41 36 36 0 0 0 
85 85 85 85 85 85 85 85 85 85 85 85 85 83 77 76 75 68 68 63 63 60 60 60 60 60 56 55 51 51 51 51 51 50 50 50 50 50 50 50 50 50 50 50 50 50 49 38 37 10 
92 92 92 92 92 92 92 92 92 92 92 92 92 92 88 88 86 83 77 77 64 64 62 59 57 57 55 55 55 55 53 52 50 50 50 50 50 48 48 45 45 45 32 16 16 14 12 7 5 5 
85 85 85 85 85 85 85 85 85 85 85 85 85 85 85 85 85 85 85 78 77 64 61 61 60 60 50 50 50 50 50 50 50 50 50 50 50 50 50 50 50 44 41 37 22 14 9 1 1 0 
87 87 87 87 87 87 87 87 87 87 87 87 87 87 87 87 84 80 80 80 59 56 55 55 51 51 51 51 51 51 51 51 51 51 51 50 50 42 40 40 40 40 33 21 6 6 4 3 1 1 
81 81 81 81 81 81 81 81 81 81 81 81 81 81 81 81 81 81 81 81 81 78 78 76 75 63 63 63 62 59 58 57 53 53 53 53 53 53 53 53 50 36 35 35 34 34 34 34 26 4 
83 83 83 83 83 83 83 83 83 83 83 83 83 83 83 83 83 83 83 83 79 75 74 74 65 64 58 58 54 51 51 51 51 51 51 51 51 50 50 50 50 41 38 38 36 16 14 10 9 1 
84 84 84 84 84 84 84 84 84 84 84 84 84 84 84 84 84 84 84 84 84 84 84 84 83 75 72 72 64 52 51 51 51 51 51 51 50 48 48 48 35 35 35 22 22 19 19 15 15 1 
82 82 82 82 82 82 82 82 82 82 82 82 82 82 82 82 82 82 65 61 61 60 60 57 52 52 52 52 52 52 52 50 50 50 50 50 50 50 41 41 39 33 32 14 7 2 2 0 0 0 
84 84 84 84 84 84 84 84 84 84 84 84 84 84 84 84 84 84 84 84 84 84 84 83 83 82 62 59 57 56 52 52 52 52 51 51 51 51 50 50 38 38 36 13 8 8 3 3 3 3 
87 87 87 87 87 87 87 87 87 87 87 87 87 87 87 87 79 79 66 66 60 60 59 59 58 51 51 51 51 51 51 47 47 46 45 45 45 45 45 44 44 43 39 31 14 13 9 7 2 2 
85 85 85 85 85 85 85 85 85 85 85 85 85 85 85 85 85 75 64 60 60 58 58 58 57 57 57 56 52 50 50 50 50 50 50 50 50 50 46 43 43 42 41 38 8 7 6 2 2 2 
84 84 84 84 84 84 84 84 84 84 84 84 84 84 84 84 84 84 83 83 82 81 68 68 64 60 58 58 57 55 51 51 51 50 50 48 36 36 22 12 9 9 9 9 6 6 1 1 1 1 
90 90 90 90 90 90 90 90 90 90 90 90 90 90 90 90 90 90 87 61 61 58 56 56 54 53 53 53 53 53 53 53 50 50 45 45 44 18 16 16 12 11 11 9 7 3 3 3 3 3 
85 85 85 85 85 85 85 85 85 85 85 85 85 85 85 85 85 82 75 62 56 56 55 55 51 50 50 50 50 50 50 50 45 41 40 40 40 40 40 21 8 7 5 1 1 1 1 0 0 0 
82 82 82 82 82 82 82 82 82 82 82 82 82 82 82 82 82 82 80 79 62 60 55 55 54 52 52 51 51 51 51 51 51 51 51 51 51 51 50 50 43 43 43 43 42 42 40 38 18 13 
83 83 83 83 83 83 83 83 83 83 83 83 83 83 83 80 72 61 61 52 51 51 51 51 51 51 51 51 51 51 51 51 51 44 41 41 41 41 38 36 36 36 36 28 23 12 9 3 3 3 
84 84 84 84 84 84 84 84 84 84 84 84 84 84 84 81 73 73 63 63 57 52 52 52 52 52 52 52 52 52 52 52 52 52 52 52 52 52 50 48 44 38 38 31 31 15 4 2 2 2 
83 83 83 83 83 83 83 83 83 83 83 83 83 83 83 76 58 58 58 58 58 53 53 53 52 52 52 52 52 52 52 52 50 50 50 50 50 41 38 38 33 21 5 5 5 5 5 5 5 2 
83 83 83 83 83 83 83 83 83 83 83 83 83 83 83 83 83 83 82 77 63 63 63 63 63 60 51 51 50 50 50 50 50 50 50 50 50 50 50 50 43 43 43 40 40 34 28 10 10 1 
88 88 88 88 88 88 88 88 88 88 88 88 88 88 88 88 88 88 88 88 88 88 57 57 57 53 51 51 51 51 50 50 50 50 50 50 41 41 40 40 15 10 8 8 4 1 1 1 0 0 
83 83 83 83 83 83 83 83 83 83 83 83 83 83 83 83 83 83 83 83 83 83 83 82 63 61 59 59 56 51 51 51 51 51 51 50 50 50 50 50 50 48 41 41 41 36 35 35 34 2 
