% Invoked: ./gella -d -r 2 -l biased_r2/run25 >& biased_r2/run25.log
% Ministry of Cellular Automata
% Project Deux (CS523 Spring 2015)
% Version:v0.1-70-g0624-dirty
%  pop:50
%  ic count:100
%  CA Log option:biased_r2/run25
%  width:121
%  max workers:4
%  radius:2
%  iterations:300
%  use bias:true
%  generations:50

 generation 0.50.0.0.0.23.0.0.0.50.50.0.0.0.0.50.20.0.50.0.50.0.0.0.0.50.0.0.0.0.0.0.0.3.0.14.0.8.0.0.0.50.0.0.50.50.50.0.0.0.0.xover.mutate.done 50
 generation 1.50.50.50.50.50.50.50.50.50.50.50.0.0.7.8.0.0.0.50.0.50.14.0.0.0.0.0.50.50.0.0.34.0.0.0.50.0.50.50.0.50.50.50.8.0.0.0.0.0.0.xover.mutate.done 50
 generation 2.50.50.50.50.50.50.50.50.50.50.2.2.50.50.50.52.50.2.2.50.24.50.50.50.2.2.52.50.0.2.18.2.2.50.6.0.50.50.50.0.50.2.50.52.50.50.50.10.50.2.xover.mutate.done 50
 generation 3.50.50.50.50.52.50.50.50.52.50.20.0.50.0.50.50.8.50.50.50.50.50.52.50.2.2.2.50.50.52.50.50.50.50.0.0.0.50.2.50.50.2.35.52.2.50.50.2.52.43.xover.mutate.done 50
 generation 4.51.51.51.51.51.51.50.50.50.50.50.1.50.50.50.1.50.1.50.0.50.50.50.50.51.7.50.50.50.50.1.50.50.0.1.50.50.51.50.50.18.1.0.51.1.51.50.5.0.51.xover.mutate.done 50
 generation 5.50.50.50.50.50.50.50.50.50.50.1.50.1.50.0.0.50.50.1.1.50.1.1.50.50.21.1.50.0.50.1.1.50.50.50.1.50.1.50.51.1.50.50.50.50.1.19.50.50.51.xover.mutate.done 50
 generation 6.50.50.51.51.51.51.51.51.51.51.0.1.50.51.50.50.0.14.51.50.50.51.0.0.0.0.0.0.0.51.51.51.50.51.0.1.50.50.0.50.0.50.1.0.50.50.51.9.1.51.xover.mutate.done 50
 generation 7.50.50.50.50.50.50.50.50.50.50.51.51.50.50.1.50.1.1.1.50.5.50.50.0.50.1.50.50.50.10.1.1.10.50.10.7.50.10.50.50.50.50.1.50.50.1.1.50.50.50.xover.mutate.done 50
 generation 8.50.50.50.50.50.50.50.50.50.50.0.50.50.50.50.50.50.50.50.50.50.0.0.50.0.50.50.50.50.50.50.50.0.50.50.0.0.50.50.50.50.50.50.0.0.50.0.50.5.50.xover.mutate.done 50
 generation 9.50.50.50.50.50.50.50.50.50.50.0.50.50.0.50.50.50.0.50.50.50.0.50.0.50.50.50.0.50.50.50.1.0.4.50.0.50.0.0.50.50.50.0.0.50.50.50.0.50.4.xover.mutate.done 50
 generation 10.51.51.51.51.51.51.51.51.51.51.51.51.51.1.51.51.51.51.1.51.51.2.51.2.51.51.51.51.51.51.51.51.2.50.15.51.1.51.7.51.51.2.50.9.1.51.7.51.51.51.xover.mutate.done 50
 generation 11.50.50.50.50.50.50.50.50.50.50.50.0.50.50.0.50.50.50.50.50.50.50.50.19.50.50.50.50.50.50.50.0.50.50.0.0.0.12.50.50.0.12.50.0.50.50.50.50.50.10.xover.mutate.done 50
 generation 12.51.51.50.50.50.50.50.50.50.50.50.51.1.50.51.1.1.50.50.50.50.1.50.50.50.50.50.1.0.14.50.1.50.1.51.50.50.1.8.1.50.50.32.1.51.13.1.1.1.50.xover.mutate.done 50
 generation 13.51.51.51.51.51.51.50.50.50.50.1.50.50.50.51.1.51.50.50.51.22.50.50.50.50.1.50.8.1.10.50.1.13.50.50.50.50.50.51.1.50.51.50.10.51.50.1.50.50.1.xover.mutate.done 50
 generation 14.51.51.51.51.51.51.51.51.51.51.50.50.50.1.5.1.51.50.0.51.8.12.1.1.1.1.50.50.1.50.1.1.50.8.51.1.51.1.1.1.50.51.35.1.50.1.1.0.1.50.xover.mutate.done 50
 generation 15.53.53.53.53.53.53.53.53.53.53.51.4.53.1.4.20.4.4.51.53.4.7.4.53.4.7.4.51.4.4.4.53.12.4.4.4.51.51.53.51.4.51.4.4.51.50.53.51.4.53.xover.mutate.done 50
 generation 16.51.51.51.51.51.51.51.51.51.51.3.52.51.3.52.2.15.52.3.8.3.51.1.52.52.12.14.51.11.52.51.3.3.10.10.3.3.52.3.51.43.3.52.3.3.9.51.52.9.51.xover.mutate.done 50
 generation 17.50.50.50.50.50.50.50.50.50.51.51.50.50.8.52.1.9.51.51.37.50.55.1.50.14.50.51.1.1.8.50.50.1.1.1.50.50.1.51.6.1.1.1.1.18.50.1.50.8.1.xover.mutate.done 50
 generation 18.54.47.51.51.51.51.51.51.51.51.19.51.9.1.1.15.2.1.51.5.1.51.51.43.51.51.21.2.51.51.7.19.1.51.51.2.51.51.9.8.7.51.51.10.51.57.50.6.19.51.xover.mutate.done 50
 generation 19.61.57.51.51.51.51.51.51.50.50.51.1.50.57.19.12.50.51.50.50.50.1.14.13.50.51.61.26.50.50.50.14.45.50.51.50.50.50.50.1.62.50.51.50.50.18.51.11.50.1.xover.mutate.done 50
 generation 20.58.58.58.56.56.51.51.51.51.51.51.58.11.13.58.23.8.4.51.49.51.1.7.51.1.10.50.51.51.58.2.2.1.51.50.26.51.31.2.14.50.23.23.51.2.51.61.2.5.51.xover.mutate.done 50
 generation 21.56.56.56.56.56.56.56.56.56.52.50.50.51.2.52.6.25.2.9.50.18.2.3.56.2.13.52.2.8.10.2.52.52.50.52.56.7.50.52.2.50.11.56.23.2.2.24.50.50.2.xover.mutate.done 50
 generation 22.63.59.59.59.59.59.59.57.57.63.63.13.27.15.14.9.2.9.2.9.2.2.14.4.63.2.0.40.50.2.50.11.14.52.9.0.50.59.14.59.52.15.2.2.14.59.52.2.52.52.xover.mutate.done 50
 generation 23.63.62.62.62.62.61.61.61.61.61.51.51.25.21.62.62.11.51.11.13.61.62.24.13.9.12.61.63.8.51.13.7.16.1.13.17.62.11.61.62.1.13.61.24.61.1.61.1.11.1.xover.mutate.done 50
 generation 24.59.55.59.59.59.55.59.59.59.59.11.9.6.14.12.50.14.55.5.5.10.55.55.55.59.59.30.59.0.59.9.10.55.8.5.55.7.5.50.55.11.5.50.33.59.50.5.9.55.50.xover.mutate.done 50
 generation 25.57.57.57.57.59.59.57.59.57.59.26.50.6.57.50.57.50.57.55.6.57.0.18.7.7.56.9.55.7.50.9.50.0.9.0.18.15.20.0.50.22.19.50.15.0.18.55.60.0.50.xover.mutate.done 50
 generation 26.60.60.60.60.60.60.60.60.60.60.60.16.60.6.50.31.16.16.60.60.50.1.58.50.6.60.11.9.50.7.50.50.1.58.6.11.60.60.60.1.50.6.30.50.60.1.60.16.50.50.xover.mutate.done 50
 generation 27.60.60.60.60.60.59.58.59.59.58.53.50.0.50.60.0.0.60.60.50.60.0.60.0.60.0.13.73.10.60.50.0.58.60.9.50.9.17.60.8.56.1.73.6.50.50.9.1.23.58.xover.mutate.done 50
 generation 28.67.67.60.60.60.60.60.60.60.60.60.60.2.52.58.2.60.60.60.60.59.16.57.10.50.59.10.60.17.9.59.60.9.17.9.60.60.17.9.20.17.52.9.52.60.59.52.59.59.60.xover.mutate.done 50
 generation 29.69.69.56.56.56.56.56.56.56.56.16.50.14.50.55.9.56.56.55.13.21.38.50.46.58.56.69.66.56.56.36.23.14.9.69.50.56.8.15.69.56.50.50.55.56.22.56.55.41.56.xover.mutate.done 50
 generation 30.66.66.66.66.66.65.61.59.59.59.11.59.59.52.52.59.59.19.18.50.40.50.27.59.66.22.2.50.59.59.66.59.59.27.59.25.33.52.19.59.11.59.52.11.50.13.11.18.59.48.xover.mutate.done 50
 generation 31.72.72.72.72.72.72.67.65.53.59.4.59.59.72.22.54.26.5.3.81.59.59.31.9.59.9.50.7.67.57.50.65.11.65.59.57.59.57.50.67.80.36.30.67.0.59.59.59.34.13.xover.mutate.done 50
 generation 32.79.76.65.65.65.65.65.65.65.64.65.67.64.50.56.10.6.63.50.50.28.17.61.63.38.63.63.34.55.65.50.68.63.63.50.65.55.65.7.0.50.14.30.65.28.56.50.79.29.55.xover.mutate.done 50
 generation 33.79.79.75.66.69.68.68.68.68.68.60.65.65.19.66.60.10.27.79.68.51.68.75.68.25.72.51.10.75.51.64.60.64.10.51.64.66.14.27.65.68.27.68.51.9.2.51.57.11.51.xover.mutate.done 50
 generation 34.72.72.71.67.67.69.66.73.63.63.58.21.58.63.60.54.22.72.11.56.67.9.72.63.67.64.52.3.71.59.16.63.65.63.19.65.64.54.65.56.51.22.50.23.66.50.18.50.51.63.xover.mutate.done 50
 generation 35.75.79.79.79.79.79.79.76.71.71.75.65.66.60.15.50.79.64.79.72.71.79.72.50.43.28.66.65.40.64.67.31.61.69.67.50.64.50.72.60.15.79.70.70.69.17.70.0.25.14.xover.mutate.done 50
 generation 36.79.79.79.79.79.79.79.79.79.79.68.73.52.36.38.79.52.28.52.50.50.27.67.33.73.64.30.5.50.73.33.79.33.67.50.31.2.61.30.31.79.38.79.79.68.68.68.79.68.30.xover.mutate.done 50
 generation 37.75.75.75.75.75.75.75.75.75.75.28.55.75.30.53.51.74.55.53.23.34.75.73.32.74.73.53.8.75.55.55.53.55.35.55.28.74.55.27.74.29.28.27.27.55.8.74.75.71.71.xover.mutate.done 50
 generation 38.73.73.73.73.73.73.73.73.73.73.26.74.51.52.36.31.51.51.70.32.70.29.47.42.29.56.56.70.56.70.73.51.56.52.29.70.51.56.73.36.52.73.28.73.53.81.70.73.51.56.xover.mutate.done 50
 generation 39.79.83.81.81.81.81.81.81.81.81.81.78.2.57.81.52.43.78.81.81.50.2.52.11.81.28.57.52.26.2.50.52.81.19.7.33.50.57.81.2.25.81.2.81.52.81.7.7.57.81.xover.mutate.done 50
 generation 40.82.81.81.81.81.81.81.81.81.81.76.52.76.12.29.81.52.76.81.81.6.50.56.15.50.56.81.50.76.81.50.33.15.81.43.34.19.76.56.56.50.81.50.81.38.76.81.37.76.81.xover.mutate.done 50
 generation 41.83.83.83.83.83.83.83.83.83.83.53.83.50.83.57.83.50.83.83.83.83.83.1.76.76.36.10.53.51.83.0.36.83.63.42.54.83.3.7.76.53.83.83.51.4.3.83.83.83.10.xover.mutate.done 50
 generation 42.77.76.76.76.76.76.76.76.76.76.53.30.3.3.30.50.27.54.51.76.30.76.14.50.76.53.14.73.76.30.77.61.77.32.76.30.76.32.73.77.27.51.50.76.54.53.76.32.61.38.xover.mutate.done 50
 generation 43.79.79.79.79.78.78.78.78.78.78.78.79.66.0.73.79.36.79.67.60.66.50.50.50.78.51.50.58.50.39.73.50.60.50.55.73.50.60.28.50.31.48.73.73.4.66.68.79.78.26.xover.mutate.done 50
 generation 44.82.82.82.82.82.82.82.82.82.82.82.45.41.41.80.52.32.76.52.82.50.82.76.82.82.33.82.52.73.82.2.2.42.82.82.82.82.82.82.82.50.23.82.82.82.65.82.50.36.80.xover.mutate.done 50
 generation 45.82.82.82.82.82.82.82.82.79.79.67.82.34.82.2.67.51.45.75.82.79.79.79.69.79.81.44.60.76.21.38.60.40.46.34.74.79.51.82.79.67.45.79.27.33.37.60.51.71.79.xover.mutate.done 50
 generation 46.77.77.77.77.77.77.77.77.77.77.77.77.51.77.50.7.77.11.74.77.36.77.35.50.77.77.29.54.77.50.77.51.77.77.77.51.37.7.51.34.77.75.77.77.77.50.77.54.77.77.xover.mutate.done 50
 generation 47.77.77.77.77.77.77.77.77.77.77.44.50.76.27.27.77.76.52.76.52.53.57.28.34.52.77.52.76.57.52.50.77.52.57.77.77.76.77.77.52.57.76.77.27.76.77.71.27.31.76.xover.mutate.done 50
 generation 48.76.76.76.76.76.76.76.76.76.76.76.66.50.57.76.76.76.27.27.57.76.74.69.75.76.76.34.76.57.47.76.51.27.57.35.76.27.16.38.51.76.76.66.44.14.76.15.57.51.76.xover.mutate.done 50
 generation 49.75.75.75.75.75.75.75.75.75.75.75.68.55.75.50.51.29.75.75.75.25.75.63.68.74.75.15.50.75.75.75.67.51.50.75.75.75.75.50.5.37.75.75.75.25.75.75.75.75.66.xover.mutate.done 50
 21293330 iters     917214 iter/sec (23.22 s)
 total time: 23.22
