0.375 0.625 0.40625 0.59375 0.15625 0.03125 0.6875 0.03125 0.03125 0.9375 
0.90625 0.03125 0.9375 0.96875 0.0625 0.09375 0.875 0.03125 0.125 0.3125 
0.28125 0.28125 0.15625 0.28125 0.15625 0.90625 0.03125 0.9375 0.96875 0.0625 
0.21875 0.3125 0.28125 0.28125 0.15625 0.28125 0.15625 0.21875 0.125 0.28125 
0.21875 0.3125 0.28125 0.28125 0.15625 0.28125 0.15625 0.21875 0.125 0.28125 
0.34375 0.21875 0.3125 0.3125 0.28125 0.28125 0.15625 0.28125 0.15625 0.21875 
0.34375 0.21875 0.3125 0.3125 0.34375 0.3125 0.28125 0.28125 0.15625 0.28125 
0.34375 0.34375 0.28125 0.21875 0.3125 0.3125 0.34375 0.3125 0.3125 0.28125 
0.34375 0.34375 0.34375 0.28125 0.3125 0.375 0.21875 0.3125 0.3125 0.34375 
0.34375 0.34375 0.3125 0.34375 0.28125 0.3125 0.375 0.28125 0.21875 0.3125 
0.34375 0.34375 0.34375 0.3125 0.34375 0.28125 0.3125 0.375 0.28125 0.34375 
0.34375 0.34375 0.34375 0.3125 0.34375 0.28125 0.3125 0.375 0.28125 0.375 
0.34375 0.34375 0.34375 0.34375 0.34375 0.3125 0.40625 0.375 0.34375 0.34375 
0.40625 0.375 0.375 0.34375 0.34375 0.34375 0.34375 0.34375 0.34375 0.34375 
0.40625 0.375 0.375 0.34375 0.34375 0.34375 0.34375 0.34375 0.34375 0.34375 
0.40625 0.40625 0.40625 0.40625 0.40625 0.40625 0.4375 0.375 0.375 0.34375 
0.40625 0.40625 0.40625 0.40625 0.40625 0.40625 0.40625 0.40625 0.4375 0.4375 
0.40625 0.40625 0.40625 0.40625 0.40625 0.40625 0.40625 0.40625 0.40625 0.40625 
0.40625 0.40625 0.40625 0.40625 0.40625 0.40625 0.40625 0.40625 0.4375 0.40625 
0.4375 0.46875 0.46875 0.46875 0.40625 0.40625 0.40625 0.40625 0.40625 0.40625 
0.4375 0.4375 0.46875 0.46875 0.46875 0.46875 0.40625 0.40625 0.40625 0.40625 
0.4375 0.4375 0.46875 0.46875 0.46875 0.46875 0.46875 0.46875 0.46875 0.46875 
0.4375 0.4375 0.46875 0.46875 0.4375 0.4375 0.46875 0.46875 0.46875 0.46875 
0.4375 0.4375 0.46875 0.46875 0.4375 0.4375 0.46875 0.4375 0.46875 0.46875 
0.4375 0.4375 0.46875 0.46875 0.4375 0.4375 0.46875 0.4375 0.4375 0.46875 
0.4375 0.4375 0.46875 0.46875 0.4375 0.4375 0.46875 0.4375 0.4375 0.46875 
0.4375 0.4375 0.46875 0.46875 0.4375 0.4375 0.46875 0.4375 0.4375 0.46875 
0.46875 0.46875 0.46875 0.4375 0.4375 0.46875 0.46875 0.4375 0.4375 0.46875 
0.46875 0.46875 0.46875 0.4375 0.4375 0.46875 0.46875 0.4375 0.4375 0.46875 
0.46875 0.46875 0.46875 0.4375 0.4375 0.46875 0.46875 0.4375 0.4375 0.46875 
0.46875 0.46875 0.46875 0.4375 0.4375 0.46875 0.46875 0.4375 0.4375 0.46875 
0.46875 0.46875 0.46875 0.4375 0.4375 0.46875 0.46875 0.4375 0.4375 0.46875 
0.46875 0.46875 0.46875 0.46875 0.46875 0.46875 0.4375 0.4375 0.46875 0.46875 
0.46875 0.46875 0.46875 0.46875 0.46875 0.46875 0.46875 0.46875 0.46875 0.4375 
0.46875 0.46875 0.46875 0.46875 0.46875 0.46875 0.46875 0.46875 0.46875 0.4375 
0.46875 0.46875 0.46875 0.46875 0.46875 0.46875 0.46875 0.46875 0.46875 0.46875 
0.46875 0.46875 0.46875 0.46875 0.46875 0.46875 0.46875 0.46875 0.46875 0.46875 
0.46875 0.46875 0.46875 0.46875 0.46875 0.46875 0.46875 0.46875 0.46875 0.46875 
0.46875 0.46875 0.46875 0.46875 0.46875 0.46875 0.46875 0.46875 0.46875 0.46875 
0.46875 0.46875 0.46875 0.46875 0.46875 0.46875 0.46875 0.46875 0.46875 0.46875 
0.46875 0.46875 0.46875 0.46875 0.46875 0.46875 0.46875 0.46875 0.46875 0.46875 
0.46875 0.46875 0.46875 0.46875 0.46875 0.46875 0.46875 0.46875 0.46875 0.46875 
0.46875 0.46875 0.46875 0.46875 0.46875 0.46875 0.46875 0.46875 0.46875 0.46875 
0.46875 0.46875 0.46875 0.46875 0.46875 0.46875 0.46875 0.46875 0.46875 0.46875 
0.5 0.46875 0.46875 0.46875 0.46875 0.46875 0.46875 0.46875 0.46875 0.46875 
0.46875 0.46875 0.46875 0.46875 0.46875 0.46875 0.46875 0.46875 0.46875 0.46875 
0.46875 0.46875 0.46875 0.46875 0.46875 0.46875 0.46875 0.46875 0.46875 0.46875 
0.46875 0.46875 0.46875 0.46875 0.46875 0.46875 0.46875 0.46875 0.46875 0.46875 
0.46875 0.46875 0.46875 0.46875 0.46875 0.46875 0.46875 0.46875 0.46875 0.46875 
0.46875 0.46875 0.46875 0.46875 0.46875 0.46875 0.46875 0.46875 0.46875 0.46875 
