50 50 50 50 50 50 50 50 50 50 50 23 20 14 8 3 0 0 0 0 0 0 0 0 0 0 0 0 0 0 0 0 0 0 0 0 0 0 0 0 0 0 0 0 0 0 0 0 0 0 
50 50 50 50 50 50 50 50 50 50 50 50 50 50 50 50 50 50 50 50 50 34 14 8 8 7 0 0 0 0 0 0 0 0 0 0 0 0 0 0 0 0 0 0 0 0 0 0 0 0 
52 52 52 50 50 50 50 50 50 50 50 50 50 50 50 50 50 50 50 50 50 50 50 50 50 50 50 50 50 50 50 50 24 18 10 6 2 2 2 2 2 2 2 2 2 2 2 0 0 0 
52 52 52 52 52 52 50 50 50 50 50 50 50 50 50 50 50 50 50 50 50 50 50 50 50 50 50 50 50 50 50 50 50 50 43 35 20 8 2 2 2 2 2 2 2 0 0 0 0 0 
51 51 51 51 51 51 51 51 51 51 51 50 50 50 50 50 50 50 50 50 50 50 50 50 50 50 50 50 50 50 50 50 50 50 50 50 18 7 5 1 1 1 1 1 1 1 0 0 0 0 
51 51 50 50 50 50 50 50 50 50 50 50 50 50 50 50 50 50 50 50 50 50 50 50 50 50 50 50 50 50 50 50 21 19 1 1 1 1 1 1 1 1 1 1 1 1 1 0 0 0 
51 51 51 51 51 51 51 51 51 51 51 51 51 51 51 51 51 50 50 50 50 50 50 50 50 50 50 50 50 50 50 14 9 1 1 1 1 0 0 0 0 0 0 0 0 0 0 0 0 0 
51 51 50 50 50 50 50 50 50 50 50 50 50 50 50 50 50 50 50 50 50 50 50 50 50 50 50 50 50 50 50 50 50 10 10 10 10 7 5 1 1 1 1 1 1 1 1 1 1 0 
50 50 50 50 50 50 50 50 50 50 50 50 50 50 50 50 50 50 50 50 50 50 50 50 50 50 50 50 50 50 50 50 50 50 50 50 50 50 50 5 0 0 0 0 0 0 0 0 0 0 
50 50 50 50 50 50 50 50 50 50 50 50 50 50 50 50 50 50 50 50 50 50 50 50 50 50 50 50 50 50 50 50 50 50 4 4 1 0 0 0 0 0 0 0 0 0 0 0 0 0 
51 51 51 51 51 51 51 51 51 51 51 51 51 51 51 51 51 51 51 51 51 51 51 51 51 51 51 51 51 51 51 51 51 51 51 51 50 50 15 9 7 7 2 2 2 2 1 1 1 1 
50 50 50 50 50 50 50 50 50 50 50 50 50 50 50 50 50 50 50 50 50 50 50 50 50 50 50 50 50 50 50 50 50 50 50 50 50 50 19 12 12 10 0 0 0 0 0 0 0 0 
51 51 51 51 51 51 50 50 50 50 50 50 50 50 50 50 50 50 50 50 50 50 50 50 50 50 50 50 50 50 50 50 32 14 13 8 1 1 1 1 1 1 1 1 1 1 1 1 1 0 
51 51 51 51 51 51 51 51 51 51 51 51 50 50 50 50 50 50 50 50 50 50 50 50 50 50 50 50 50 50 50 50 50 50 50 50 50 22 13 10 10 8 1 1 1 1 1 1 1 1 
51 51 51 51 51 51 51 51 51 51 51 51 51 51 51 50 50 50 50 50 50 50 50 50 50 50 35 12 8 8 5 1 1 1 1 1 1 1 1 1 1 1 1 1 1 1 1 1 0 0 
53 53 53 53 53 53 53 53 53 53 53 53 53 53 53 53 53 51 51 51 51 51 51 51 51 51 50 20 12 7 7 4 4 4 4 4 4 4 4 4 4 4 4 4 4 4 4 4 4 1 
52 52 52 52 52 52 52 52 52 51 51 51 51 51 51 51 51 51 51 51 51 51 51 51 51 51 43 15 14 12 11 10 10 9 9 8 3 3 3 3 3 3 3 3 3 3 3 3 2 1 
55 52 51 51 51 51 51 51 50 50 50 50 50 50 50 50 50 50 50 50 50 50 50 50 50 50 50 50 37 18 14 9 8 8 8 6 1 1 1 1 1 1 1 1 1 1 1 1 1 1 
57 54 51 51 51 51 51 51 51 51 51 51 51 51 51 51 51 51 51 51 51 51 51 51 51 51 50 47 43 21 19 19 19 15 10 9 9 8 7 7 6 5 2 2 2 1 1 1 1 1 
62 61 61 57 57 51 51 51 51 51 51 51 51 51 51 51 51 50 50 50 50 50 50 50 50 50 50 50 50 50 50 50 50 50 50 50 50 45 26 19 18 14 14 13 12 11 1 1 1 1 
61 58 58 58 58 58 58 56 56 51 51 51 51 51 51 51 51 51 51 51 51 51 51 51 51 50 50 50 49 31 26 23 23 23 14 13 11 10 8 7 5 4 2 2 2 2 2 1 1 1 
56 56 56 56 56 56 56 56 56 56 56 56 52 52 52 52 52 52 52 51 50 50 50 50 50 50 50 50 25 24 23 18 13 11 10 9 8 7 6 3 2 2 2 2 2 2 2 2 2 2 
63 63 63 63 59 59 59 59 59 59 59 59 59 57 57 52 52 52 52 52 50 50 50 40 27 15 15 14 14 14 14 14 13 11 9 9 9 9 4 2 2 2 2 2 2 2 2 2 0 0 
63 63 62 62 62 62 62 62 62 62 62 61 61 61 61 61 61 61 61 61 61 61 51 51 51 51 25 24 24 21 17 16 13 13 13 13 13 12 11 11 11 11 9 8 7 1 1 1 1 1 
59 59 59 59 59 59 59 59 59 59 59 59 59 55 55 55 55 55 55 55 55 55 55 50 50 50 50 50 33 30 14 14 12 11 11 10 10 9 9 9 8 7 6 5 5 5 5 5 5 0 
60 59 59 59 59 57 57 57 57 57 57 57 57 57 57 56 55 55 55 50 50 50 50 50 50 50 50 26 22 20 19 18 18 18 15 15 9 9 9 7 7 7 6 6 0 0 0 0 0 0 
60 60 60 60 60 60 60 60 60 60 60 60 60 60 60 60 60 60 60 60 58 58 50 50 50 50 50 50 50 50 50 50 31 30 16 16 16 16 11 11 9 7 6 6 6 6 1 1 1 1 
73 73 60 60 60 60 60 60 60 60 60 60 60 60 60 60 59 59 59 58 58 58 58 56 53 50 50 50 50 50 50 50 23 17 13 10 9 9 9 8 6 1 1 0 0 0 0 0 0 0 
67 67 60 60 60 60 60 60 60 60 60 60 60 60 60 60 60 60 60 60 60 60 59 59 59 59 59 59 58 57 52 52 52 52 50 20 17 17 17 17 16 10 10 9 9 9 9 9 2 2 
69 69 69 69 69 66 58 56 56 56 56 56 56 56 56 56 56 56 56 56 56 56 56 56 56 55 55 55 55 50 50 50 50 50 50 46 41 38 36 23 22 21 16 15 14 14 13 9 9 8 
66 66 66 66 66 66 66 65 61 59 59 59 59 59 59 59 59 59 59 59 59 59 59 59 59 52 52 52 52 50 50 50 50 48 40 33 27 27 25 22 19 19 18 18 13 11 11 11 11 2 
81 80 72 72 72 72 72 72 72 67 67 67 67 65 65 65 59 59 59 59 59 59 59 59 59 59 59 57 57 57 54 53 50 50 50 36 34 31 30 26 22 13 11 9 9 7 5 4 3 0 
79 79 76 68 67 65 65 65 65 65 65 65 65 65 65 65 65 64 64 63 63 63 63 63 63 61 56 56 55 55 55 50 50 50 50 50 50 50 38 34 30 29 28 28 17 14 10 7 6 0 
79 79 79 75 75 75 72 69 68 68 68 68 68 68 68 68 68 68 66 66 66 65 65 65 64 64 64 60 60 60 57 51 51 51 51 51 51 51 27 27 27 25 19 14 11 10 10 10 9 2 
73 72 72 72 72 71 71 69 67 67 67 67 66 66 65 65 65 64 64 63 63 63 63 63 63 63 60 59 58 58 56 56 54 54 52 51 51 50 50 50 23 22 22 21 19 18 16 11 9 3 
79 79 79 79 79 79 79 79 79 79 76 75 75 72 72 72 71 71 71 70 70 70 69 69 67 67 66 66 65 65 64 64 64 61 60 60 50 50 50 50 43 40 31 28 25 17 15 15 14 0 
79 79 79 79 79 79 79 79 79 79 79 79 79 79 79 79 73 73 73 68 68 68 68 68 67 67 64 61 52 52 52 50 50 50 50 38 38 36 33 33 33 31 31 30 30 30 28 27 5 2 
75 75 75 75 75 75 75 75 75 75 75 75 75 75 74 74 74 74 74 73 73 71 71 55 55 55 55 55 55 55 55 53 53 53 53 51 35 34 32 30 29 28 28 28 27 27 27 23 8 8 
81 74 73 73 73 73 73 73 73 73 73 73 73 73 73 73 73 70 70 70 70 70 70 56 56 56 56 56 56 53 52 52 52 51 51 51 51 51 51 47 42 36 36 32 31 29 29 29 28 26 
83 81 81 81 81 81 81 81 81 81 81 81 81 81 81 81 81 81 81 81 79 78 78 57 57 57 57 52 52 52 52 52 50 50 50 43 33 28 26 25 19 11 7 7 7 2 2 2 2 2 
82 81 81 81 81 81 81 81 81 81 81 81 81 81 81 81 81 81 81 81 76 76 76 76 76 76 76 56 56 56 56 52 52 50 50 50 50 50 50 43 38 37 34 33 29 19 15 15 12 6 
83 83 83 83 83 83 83 83 83 83 83 83 83 83 83 83 83 83 83 83 83 83 83 83 83 83 76 76 76 63 57 54 53 53 53 51 51 50 50 42 36 36 10 10 7 4 3 3 1 0 
77 77 77 77 76 76 76 76 76 76 76 76 76 76 76 76 76 76 76 76 76 73 73 61 61 54 54 53 53 53 51 51 50 50 50 38 32 32 32 30 30 30 30 30 27 27 14 14 3 3 
79 79 79 79 79 79 79 79 78 78 78 78 78 78 78 78 78 73 73 73 73 73 68 67 66 66 66 60 60 60 58 55 51 50 50 50 50 50 50 50 50 50 48 39 36 31 28 26 4 0 
82 82 82 82 82 82 82 82 82 82 82 82 82 82 82 82 82 82 82 82 82 82 82 82 82 82 82 82 80 80 76 76 73 65 52 52 52 50 50 50 45 42 41 41 36 33 32 23 2 2 
82 82 82 82 82 82 82 82 82 82 82 82 81 79 79 79 79 79 79 79 79 79 79 76 75 74 71 69 67 67 67 60 60 60 51 51 51 46 45 45 44 40 38 37 34 34 33 27 21 2 
77 77 77 77 77 77 77 77 77 77 77 77 77 77 77 77 77 77 77 77 77 77 77 77 77 77 77 77 77 77 75 74 54 54 51 51 51 51 50 50 50 50 37 36 35 34 29 11 7 7 
77 77 77 77 77 77 77 77 77 77 77 77 77 77 77 77 77 77 77 76 76 76 76 76 76 76 76 71 57 57 57 57 53 52 52 52 52 52 52 52 50 50 44 34 31 28 27 27 27 27 
76 76 76 76 76 76 76 76 76 76 76 76 76 76 76 76 76 76 76 76 76 76 76 76 75 74 69 66 66 57 57 57 57 57 51 51 51 50 47 44 38 35 34 27 27 27 27 16 15 14 
75 75 75 75 75 75 75 75 75 75 75 75 75 75 75 75 75 75 75 75 75 75 75 75 75 75 75 75 75 75 75 74 68 68 67 66 63 55 51 51 50 50 50 50 37 29 25 25 15 5 
