0.78125 0.4375 0.65625 0.5625 0.6875 0.03125 0.34375 0.75 0.625 0.3125 
0.78125 0.03125 0.75 1.0 0.0625 0.0 0.0625 0.96875 1.0 0.03125 
0.78125 0.03125 0.75 1.0 0.0625 0.0 0.0625 0.96875 1.0 0.03125 
0.6875 0.78125 0.03125 0.75 1.0 0.0625 0.0 0.0625 0.96875 1.0 
0.5625 0.6875 0.78125 0.03125 0.75 1.0 0.0625 0.0 0.0625 0.96875 
0.5625 0.625 0.6875 0.8125 0.625 0.625 0.625 0.59375 0.625 0.46875 
0.5625 0.625 0.46875 0.46875 0.125 0.3125 0.40625 0.125 0.28125 0.5 
0.5625 0.5625 0.625 0.46875 0.46875 0.125 0.3125 0.40625 0.125 0.28125 
0.5625 0.5625 0.625 0.625 0.46875 0.46875 0.125 0.3125 0.40625 0.125 
0.5625 0.5625 0.5625 0.625 0.625 0.625 0.46875 0.46875 0.125 0.3125 
0.5625 0.5625 0.5625 0.625 0.625 0.625 0.625 0.625 0.46875 0.46875 
0.5625 0.5625 0.5625 0.625 0.625 0.625 0.625 0.625 0.53125 0.59375 
0.5625 0.5625 0.5625 0.625 0.53125 0.53125 0.625 0.625 0.625 0.625 
0.5625 0.5625 0.5625 0.625 0.53125 0.53125 0.5625 0.53125 0.625 0.625 
0.5625 0.5625 0.5625 0.625 0.53125 0.53125 0.5625 0.5625 0.53125 0.53125 
0.53125 0.5625 0.5625 0.5625 0.625 0.53125 0.53125 0.5625 0.5625 0.53125 
0.53125 0.5625 0.5625 0.5625 0.625 0.53125 0.53125 0.5625 0.5625 0.53125 
0.5625 0.5625 0.5625 0.625 0.53125 0.53125 0.5625 0.5625 0.53125 0.53125 
0.5625 0.5625 0.5625 0.625 0.53125 0.53125 0.5625 0.5625 0.53125 0.53125 
0.5625 0.5625 0.5625 0.625 0.5625 0.5625 0.5625 0.59375 0.5625 0.5625 
0.5625 0.5625 0.5625 0.625 0.5625 0.5625 0.5625 0.59375 0.5625 0.5625 
0.5625 0.5625 0.5625 0.625 0.5625 0.5625 0.5625 0.59375 0.5625 0.5625 
0.5625 0.5625 0.5625 0.625 0.5625 0.5625 0.5625 0.59375 0.5625 0.5625 
0.5625 0.5625 0.5625 0.625 0.5625 0.5625 0.5625 0.59375 0.5625 0.5625 
0.5625 0.5625 0.5625 0.625 0.5625 0.5625 0.5625 0.59375 0.5625 0.5625 
0.625 0.5625 0.5625 0.5625 0.625 0.5625 0.5625 0.5625 0.59375 0.5625 
0.625 0.5625 0.5625 0.5625 0.625 0.5625 0.5625 0.5625 0.59375 0.5625 
0.625 0.5625 0.5625 0.5625 0.625 0.5625 0.5625 0.5625 0.59375 0.5625 
0.625 0.5625 0.5625 0.5625 0.625 0.5625 0.5625 0.5625 0.59375 0.5625 
0.625 0.6875 0.5625 0.5625 0.5625 0.625 0.5625 0.5625 0.5625 0.59375 
0.625 0.6875 0.6875 0.6875 0.5625 0.5625 0.5625 0.625 0.5625 0.5625 
0.625 0.6875 0.6875 0.6875 0.6875 0.6875 0.625 0.6875 0.6875 0.5625 
0.625 0.6875 0.6875 0.6875 0.6875 0.6875 0.625 0.6875 0.6875 0.65625 
0.625 0.6875 0.6875 0.6875 0.6875 0.6875 0.625 0.6875 0.6875 0.65625 
0.625 0.6875 0.6875 0.6875 0.6875 0.6875 0.625 0.6875 0.6875 0.65625 
0.625 0.6875 0.6875 0.6875 0.6875 0.6875 0.625 0.6875 0.6875 0.65625 
0.625 0.6875 0.6875 0.6875 0.6875 0.6875 0.625 0.6875 0.6875 0.65625 
0.625 0.625 0.6875 0.6875 0.6875 0.6875 0.6875 0.625 0.6875 0.6875 
0.625 0.625 0.6875 0.6875 0.6875 0.6875 0.6875 0.625 0.6875 0.6875 
0.625 0.625 0.6875 0.6875 0.6875 0.6875 0.6875 0.625 0.6875 0.6875 
0.625 0.625 0.6875 0.6875 0.6875 0.6875 0.6875 0.625 0.6875 0.6875 
0.625 0.625 0.6875 0.6875 0.6875 0.6875 0.6875 0.625 0.6875 0.6875 
0.625 0.625 0.6875 0.6875 0.6875 0.6875 0.6875 0.625 0.6875 0.6875 
0.625 0.625 0.625 0.6875 0.6875 0.6875 0.6875 0.6875 0.625 0.6875 
0.625 0.625 0.625 0.6875 0.6875 0.6875 0.6875 0.6875 0.625 0.6875 
0.625 0.625 0.625 0.625 0.6875 0.6875 0.6875 0.6875 0.6875 0.625 
0.625 0.625 0.625 0.625 0.6875 0.6875 0.6875 0.6875 0.6875 0.625 
0.625 0.625 0.625 0.625 0.625 0.6875 0.6875 0.6875 0.6875 0.6875 
0.625 0.625 0.625 0.625 0.625 0.6875 0.6875 0.6875 0.6875 0.6875 
0.625 0.625 0.625 0.625 0.625 0.625 0.625 0.625 0.625 0.625 
