0.6875 0.4375 0.4375 1.0 0.84375 0.90625 0.09375 1.0 0.09375 0.6875 
1.0 0.90625 0.09375 1.0 0.0 0.96875 0.875 0.125 0.96875 0.09375 
0.8125 0.9375 0.65625 0.90625 0.9375 0.75 0.1875 1.0 0.90625 0.09375 
0.8125 0.9375 0.65625 0.90625 0.9375 0.75 0.84375 0.78125 0.9375 0.6875 
0.8125 0.9375 0.65625 0.90625 0.9375 0.75 0.84375 0.78125 0.9375 0.6875 
0.8125 0.9375 0.65625 0.90625 0.9375 0.75 0.84375 0.78125 0.9375 0.6875 
0.375 0.40625 0.40625 0.8125 0.9375 0.65625 0.90625 0.9375 0.75 0.84375 
0.8125 0.9375 0.65625 0.90625 0.9375 0.75 0.84375 0.71875 0.78125 0.75 
0.375 0.375 0.34375 0.8125 0.9375 0.65625 0.90625 0.9375 0.75 0.84375 
0.8125 0.9375 0.65625 0.90625 0.9375 0.75 0.84375 0.71875 0.75 0.71875 
0.8125 0.9375 0.65625 0.90625 0.9375 0.75 0.84375 0.71875 0.75 0.71875 
0.8125 0.9375 0.65625 0.90625 0.9375 0.75 0.84375 0.71875 0.75 0.71875 
0.8125 0.9375 0.65625 0.90625 0.9375 0.75 0.84375 0.71875 0.75 0.71875 
0.8125 0.9375 0.65625 0.90625 0.9375 0.75 0.84375 0.71875 0.75 0.71875 
0.8125 0.9375 0.65625 0.90625 0.9375 0.75 0.84375 0.71875 0.75 0.71875 
0.8125 0.9375 0.65625 0.90625 0.9375 0.75 0.84375 0.71875 0.75 0.71875 
0.8125 0.9375 0.65625 0.90625 0.9375 0.75 0.84375 0.71875 0.75 0.71875 
0.8125 0.9375 0.65625 0.90625 0.9375 0.75 0.84375 0.71875 0.75 0.71875 
0.8125 0.9375 0.65625 0.90625 0.9375 0.75 0.84375 0.71875 0.75 0.71875 
0.8125 0.9375 0.65625 0.90625 0.9375 0.75 0.84375 0.71875 0.75 0.71875 
0.8125 0.9375 0.65625 0.90625 0.9375 0.75 0.84375 0.71875 0.75 0.71875 
0.8125 0.9375 0.65625 0.90625 0.9375 0.75 0.84375 0.71875 0.75 0.71875 
0.8125 0.9375 0.65625 0.90625 0.9375 0.75 0.84375 0.71875 0.75 0.71875 
0.8125 0.9375 0.65625 0.90625 0.9375 0.75 0.84375 0.71875 0.75 0.71875 
0.8125 0.9375 0.65625 0.90625 0.9375 0.75 0.84375 0.71875 0.75 0.71875 
0.8125 0.9375 0.65625 0.90625 0.9375 0.75 0.84375 0.71875 0.75 0.71875 
0.8125 0.9375 0.65625 0.90625 0.9375 0.75 0.84375 0.71875 0.75 0.71875 
0.8125 0.9375 0.65625 0.90625 0.9375 0.75 0.84375 0.71875 0.75 0.71875 
0.8125 0.9375 0.65625 0.90625 0.9375 0.75 0.84375 0.71875 0.75 0.71875 
0.8125 0.9375 0.65625 0.90625 0.9375 0.75 0.84375 0.71875 0.75 0.71875 
0.8125 0.9375 0.65625 0.90625 0.9375 0.75 0.84375 0.71875 0.75 0.71875 
0.8125 0.9375 0.65625 0.90625 0.9375 0.75 0.84375 0.71875 0.75 0.71875 
0.8125 0.9375 0.65625 0.90625 0.9375 0.75 0.84375 0.71875 0.75 0.71875 
0.8125 0.9375 0.65625 0.90625 0.9375 0.75 0.84375 0.71875 0.75 0.71875 
0.8125 0.9375 0.65625 0.90625 0.9375 0.75 0.84375 0.71875 0.75 0.71875 
0.8125 0.9375 0.65625 0.90625 0.9375 0.75 0.84375 0.71875 0.75 0.71875 
0.8125 0.9375 0.65625 0.90625 0.9375 0.75 0.84375 0.71875 0.75 0.71875 
0.8125 0.9375 0.65625 0.90625 0.9375 0.75 0.84375 0.71875 0.75 0.71875 
0.8125 0.9375 0.65625 0.90625 0.9375 0.75 0.84375 0.71875 0.75 0.71875 
0.8125 0.9375 0.65625 0.90625 0.9375 0.75 0.84375 0.71875 0.75 0.71875 
0.5625 0.8125 0.9375 0.65625 0.90625 0.9375 0.75 0.84375 0.71875 0.75 
0.5625 0.59375 0.8125 0.9375 0.65625 0.90625 0.9375 0.75 0.84375 0.71875 
0.53125 0.5625 0.5625 0.5625 0.5625 0.59375 0.8125 0.9375 0.65625 0.90625 
0.53125 0.59375 0.5625 0.5625 0.5625 0.5625 0.5625 0.5625 0.8125 0.9375 
0.53125 0.53125 0.59375 0.5625 0.5625 0.5625 0.5625 0.5625 0.59375 0.5625 
0.53125 0.53125 0.5625 0.5625 0.5625 0.5625 0.5625 0.5625 0.5625 0.5625 
0.53125 0.53125 0.53125 0.59375 0.59375 0.59375 0.59375 0.5625 0.5625 0.5625 
0.53125 0.53125 0.53125 0.53125 0.59375 0.5 0.59375 0.5625 0.59375 0.59375 
0.53125 0.53125 0.53125 0.5625 0.53125 0.53125 0.53125 0.53125 0.53125 0.59375 
0.53125 0.53125 0.53125 0.5625 0.53125 0.53125 0.53125 0.53125 0.53125 0.5 
