% Invoked: ./gella -d -r 2 -l biased_r2/run27 >& biased_r2/run27.log
% Ministry of Cellular Automata
% Project Deux (CS523 Spring 2015)
% Version:v0.1-70-g0624-dirty
%  pop:50
%  ic count:100
%  CA Log option:biased_r2/run27
%  width:121
%  max workers:4
%  radius:2
%  iterations:300
%  use bias:true
%  generations:50

 generation 0.0.0.32.6.0.50.0.1.50.0.0.0.0.50.0.0.50.50.0.0.50.50.50.0.0.0.0.0.0.50.0.0.8.0.0.0.0.0.0.50.0.0.0.0.0.0.0.0.0.0.xover.mutate.done 50
 generation 1.50.50.50.50.50.50.50.50.51.50.0.0.50.0.50.1.50.1.0.1.50.0.1.1.51.50.45.1.50.50.1.50.50.1.50.1.0.1.1.0.0.1.1.50.1.0.50.1.0.1.xover.mutate.done 50
 generation 2.53.53.50.50.50.50.50.50.50.50.50.4.50.4.4.50.3.3.3.50.4.4.51.4.13.3.1.53.51.1.4.4.4.4.21.26.50.50.50.4.1.53.9.50.50.53.48.51.51.18.xover.mutate.done 50
 generation 3.51.51.51.51.51.53.53.53.53.50.4.3.53.51.53.1.4.22.51.1.51.51.50.53.4.3.53.1.26.1.33.8.4.1.51.50.51.4.50.1.33.38.53.41.51.50.51.4.4.50.xover.mutate.done 50
 generation 4.53.53.53.53.53.53.53.53.53.50.50.50.3.53.53.30.50.50.39.50.50.50.3.50.13.50.53.3.53.3.50.0.53.50.50.50.3.53.53.53.50.50.0.3.53.50.53.50.3.50.xover.mutate.done 50
 generation 5.52.52.52.52.52.52.52.52.52.52.50.52.52.2.4.52.2.37.52.52.52.52.52.4.52.52.52.52.52.52.52.52.52.52.50.4.52.4.52.10.52.52.52.50.52.52.52.52.52.50.xover.mutate.done 50
 generation 6.50.50.50.50.50.50.50.50.50.50.50.9.2.50.50.52.2.9.50.50.50.50.9.50.35.52.50.2.50.50.50.50.50.50.50.50.50.50.50.50.50.50.50.50.2.50.2.2.2.35.xover.mutate.done 50
 generation 7.51.51.52.52.52.52.52.52.52.52.52.52.52.52.52.52.52.38.52.52.3.52.52.52.52.52.52.3.8.52.52.52.52.52.52.21.52.52.52.52.52.52.52.3.52.52.52.50.52.52.xover.mutate.done 50
 generation 8.50.50.50.50.50.50.50.50.50.50.0.33.50.36.50.50.50.50.50.50.0.50.50.0.30.50.50.50.0.50.50.50.50.0.50.50.50.50.0.26.50.7.0.50.41.50.13.14.50.0.xover.mutate.done 50
 generation 9.50.50.50.50.50.50.50.50.50.50.2.0.50.50.50.50.2.50.50.50.23.50.50.50.50.2.2.0.2.2.21.2.2.50.0.2.2.50.0.50.50.21.2.50.50.2.50.50.2.50.xover.mutate.done 50
 generation 10.52.52.52.52.52.52.52.52.52.52.52.52.31.31.52.38.1.52.52.50.52.52.52.52.50.52.52.52.50.52.52.52.52.3.52.52.52.52.52.50.52.52.52.52.3.52.1.3.3.52.xover.mutate.done 50
 generation 11.52.52.52.52.52.52.52.52.52.52.52.52.52.52.52.52.52.4.4.52.50.4.50.4.52.52.4.4.52.52.52.50.52.52.4.52.52.52.52.52.52.52.52.52.52.52.46.52.4.52.xover.mutate.done 50
 generation 12.54.54.54.54.54.54.54.54.54.54.54.54.54.4.54.54.54.4.54.54.54.54.8.50.54.54.54.54.54.54.32.54.54.54.54.54.54.54.54.4.4.4.54.54.54.54.54.54.54.54.xover.mutate.done 50
 generation 13.51.51.51.51.51.51.51.51.51.51.51.2.50.50.51.51.51.47.39.51.51.51.51.2.51.51.2.51.51.51.51.51.51.51.51.1.51.2.51.51.2.50.51.51.51.51.51.51.2.51.xover.mutate.done 50
 generation 14.51.51.51.51.51.51.51.51.51.51.51.51.8.20.51.2.51.51.2.51.51.2.51.1.51.51.51.2.51.51.2.51.51.51.11.51.2.2.51.51.51.51.51.1.51.51.51.51.51.51.xover.mutate.done 50
 generation 15.50.50.50.50.50.50.50.50.50.50.50.50.50.50.50.2.50.50.50.50.50.0.2.50.50.50.50.50.50.50.50.50.50.2.50.2.50.50.2.2.50.23.2.50.2.2.0.50.50.50.xover.mutate.done 50
 generation 16.50.50.50.50.50.50.50.50.50.50.50.50.0.0.0.50.50.0.50.50.50.0.50.50.0.50.50.30.50.50.50.0.50.0.50.50.50.0.50.50.50.35.50.0.0.50.50.50.50.50.xover.mutate.done 50
 generation 17.52.52.52.52.52.52.52.52.52.52.52.3.52.52.50.52.52.52.52.52.50.52.52.52.52.52.52.25.52.3.4.52.3.52.52.3.52.52.52.1.52.52.50.52.1.52.52.3.50.52.xover.mutate.done 50
 generation 18.50.50.50.50.50.50.50.50.50.50.50.50.50.50.50.50.50.1.12.50.50.50.12.50.50.1.50.50.50.50.50.1.50.50.50.50.50.50.1.50.50.50.30.50.50.50.50.50.50.50.xover.mutate.done 50
 generation 19.50.50.50.50.50.50.50.50.50.50.50.50.50.50.50.50.50.50.50.50.50.50.50.0.50.50.9.50.50.12.50.0.0.50.50.50.50.50.50.50.18.50.50.10.50.50.50.50.50.50.xover.mutate.done 50
 generation 20.50.50.50.50.50.50.50.50.50.50.1.50.50.50.50.50.50.50.50.50.0.50.0.50.0.50.50.50.50.11.50.50.0.50.10.50.0.50.0.0.50.50.50.50.50.50.44.50.0.0.xover.mutate.done 50
 generation 21.51.51.51.51.51.51.51.51.51.51.50.51.50.51.1.51.51.51.51.0.51.51.51.51.50.51.51.51.51.51.51.50.51.51.50.51.51.51.56.51.50.51.51.50.0.51.51.51.51.0.xover.mutate.done 50
 generation 22.55.51.51.51.51.51.51.51.51.51.51.51.51.50.51.51.51.51.55.1.2.51.50.51.50.51.51.37.51.51.51.51.51.50.2.2.51.51.50.50.51.51.50.51.51.51.51.18.51.51.xover.mutate.done 50
 generation 23.53.53.50.50.50.50.50.50.50.50.50.50.50.53.50.50.50.13.53.50.50.50.50.50.50.50.50.1.0.53.50.50.50.10.50.50.50.50.50.0.28.50.50.50.53.1.50.28.47.20.xover.mutate.done 50
 generation 24.61.61.61.61.61.61.52.52.52.52.52.61.61.3.52.12.52.52.52.52.52.52.52.52.52.61.61.52.61.52.52.52.52.52.52.61.52.52.52.8.52.52.52.52.52.52.52.61.7.59.xover.mutate.done 50
 generation 25.54.54.54.54.54.54.54.54.54.54.54.51.51.51.51.51.54.51.29.51.45.54.51.30.54.4.51.54.51.54.51.4.59.51.54.54.54.51.51.1.51.9.54.54.51.51.8.32.28.51.xover.mutate.done 50
 generation 26.62.55.55.55.55.55.55.55.55.55.55.55.51.51.51.51.55.51.62.55.2.55.51.51.51.55.30.55.33.51.51.51.55.16.51.55.51.11.55.55.55.51.55.51.55.51.55.55.55.55.xover.mutate.done 50
 generation 27.63.63.55.55.55.55.55.55.55.55.55.35.51.55.63.55.51.51.51.32.55.36.51.51.63.55.55.32.2.38.55.1.5.51.51.9.5.50.5.55.50.55.58.55.2.36.51.11.55.50.xover.mutate.done 50
 generation 28.64.64.64.64.56.54.54.54.54.54.50.16.33.50.55.54.30.50.50.54.34.65.64.56.50.54.50.6.42.54.54.54.65.1.63.56.5.53.54.1.53.54.54.65.32.54.50.5.53.54.xover.mutate.done 50
 generation 29.63.63.63.63.63.63.63.63.61.58.63.55.51.58.28.55.63.58.51.63.51.63.63.62.51.62.28.55.58.63.55.55.50.1.6.62.63.55.55.63.28.57.55.36.57.63.51.50.63.16.xover.mutate.done 50
 generation 30.68.68.68.69.69.69.69.69.68.67.3.64.69.68.64.24.22.64.69.64.69.64.52.52.52.63.69.50.1.64.57.1.52.21.52.63.3.69.50.64.59.42.70.64.41.30.20.63.52.21.xover.mutate.done 50
 generation 31.68.66.66.66.66.66.65.66.66.66.41.38.61.37.7.16.58.34.39.41.60.66.65.58.64.66.50.19.27.57.69.50.64.28.50.43.40.50.1.69.43.60.65.66.51.66.66.16.50.58.xover.mutate.done 50
 generation 32.65.64.65.62.62.62.62.62.62.62.50.50.50.60.44.62.50.0.65.56.62.61.50.62.11.59.11.18.77.11.56.50.62.65.50.65.62.0.60.50.69.62.44.50.50.65.14.12.35.17.xover.mutate.done 50
 generation 33.77.68.65.68.68.65.65.68.65.64.32.68.64.50.65.12.50.0.19.64.65.30.74.18.50.50.36.54.50.26.65.64.29.21.75.62.68.6.16.62.50.28.50.21.62.50.39.38.50.49.xover.mutate.done 50
 generation 34.73.77.77.71.66.66.66.66.66.69.50.71.62.69.50.44.69.16.69.16.14.56.73.19.69.57.16.63.16.72.38.68.63.19.81.71.50.16.16.50.6.69.68.69.4.42.63.0.69.16.xover.mutate.done 50
 generation 35.79.75.74.72.72.71.69.69.69.64.48.50.57.64.65.32.51.64.50.57.64.72.64.11.72.14.41.50.50.16.21.14.69.75.14.24.63.74.72.50.75.65.64.64.74.16.8.65.50.50.xover.mutate.done 50
 generation 36.81.80.80.80.80.80.80.79.79.79.68.68.80.65.4.65.33.68.38.19.79.49.74.61.21.79.68.15.2.80.70.73.80.62.66.68.80.71.19.74.80.81.48.68.50.55.68.66.79.73.xover.mutate.done 50
 generation 37.77.77.74.74.74.72.72.72.72.72.63.72.71.61.76.55.74.80.39.37.80.35.68.55.54.51.74.51.67.61.50.51.50.51.50.80.39.50.72.39.72.54.71.68.60.50.72.72.50.51.xover.mutate.done 50
 generation 38.76.76.76.81.81.81.79.79.79.79.76.79.65.58.55.33.81.33.79.62.65.51.76.76.66.51.79.79.12.79.79.66.76.76.50.64.76.6.67.51.66.62.79.76.50.50.79.76.66.79.xover.mutate.done 50
 generation 39.79.79.78.79.76.76.76.76.76.76.54.29.25.54.4.50.67.50.4.77.73.79.50.50.75.3.50.4.18.50.67.57.73.50.73.14.73.50.66.32.21.16.50.73.79.76.73.75.50.34.xover.mutate.done 50
 generation 40.87.87.87.89.88.84.86.86.86.86.50.61.50.31.8.77.38.2.18.38.83.58.69.77.83.68.38.60.34.52.45.50.52.58.48.2.86.38.50.50.49.65.2.86.38.52.2.50.69.77.xover.mutate.done 50
 generation 41.77.79.77.77.77.77.76.76.76.76.50.50.22.28.67.77.32.65.65.77.76.11.76.1.50.71.76.50.50.26.51.29.32.45.43.74.53.77.29.34.3.77.76.50.65.77.29.76.50.4.xover.mutate.done 50
 generation 42.79.78.79.79.79.76.79.78.76.78.59.43.79.3.50.3.77.79.50.31.43.37.74.3.31.51.56.72.58.51.37.30.79.79.50.77.76.57.61.30.71.65.2.33.79.9.79.17.79.58.xover.mutate.done 50
 generation 43.78.78.78.78.78.78.78.78.78.79.61.50.34.2.50.76.28.37.48.50.31.18.57.2.77.66.56.50.28.48.50.2.37.78.76.0.48.60.15.29.29.77.45.50.2.78.58.52.25.61.xover.mutate.done 50
 generation 44.78.77.77.77.77.77.77.77.77.77.51.44.77.51.77.28.77.59.70.2.15.51.1.70.2.50.77.43.28.77.77.54.28.42.2.5.77.77.56.22.45.77.50.77.51.2.77.28.51.28.xover.mutate.done 50
 generation 45.78.77.77.77.77.77.77.77.77.77.39.74.1.34.35.77.7.77.50.50.46.50.77.77.78.77.34.33.77.28.78.51.77.34.50.28.50.34.77.51.28.77.51.28.36.77.50.61.77.68.xover.mutate.done 50
 generation 46.76.76.76.74.74.74.74.74.74.74.50.74.74.74.74.74.51.4.50.38.64.50.74.39.5.74.44.74.74.50.51.44.42.28.28.54.28.50.38.74.76.53.50.54.51.71.74.5.76.74.xover.mutate.done 50
 generation 47.81.81.79.81.81.80.80.78.80.80.80.31.80.80.42.80.31.50.51.55.81.6.57.80.36.55.50.64.50.1.0.74.78.51.50.47.65.11.51.60.58.80.50.44.63.80.51.81.50.50.xover.mutate.done 50
 generation 48.81.81.81.81.81.81.80.79.79.79.51.51.31.50.6.51.64.73.51.27.37.10.81.80.63.51.50.80.27.81.80.64.14.56.51.51.59.67.37.81.50.51.30.2.13.69.30.41.81.1.xover.mutate.done 50
 generation 49.84.84.84.84.84.84.86.84.84.84.42.84.75.52.84.84.52.50.85.41.40.20.52.36.37.84.39.84.84.70.14.85.84.50.33.37.39.70.80.85.12.39.3.84.36.52.51.41.85.43.xover.mutate.done 50
 17236127 iters     842341 iter/sec (20.46 s)
 total time: 20.46
