0.5 0.78125 0.0625 0.09375 0.59375 0.96875 0.28125 0.03125 0.4375 0.15625 
0.0625 0.0625 0.09375 0.96875 0.03125 0.15625 0.96875 0.84375 0.34375 0.0625 
0.0625 0.0625 0.09375 0.96875 0.03125 0.15625 0.96875 0.84375 0.34375 0.0625 
0.0625 0.0625 0.09375 0.96875 0.03125 0.15625 0.96875 0.84375 0.34375 0.0625 
0.0625 0.0625 0.9375 0.8125 0.6875 0.6875 0.5625 0.0625 0.09375 0.96875 
0.0625 0.0625 0.9375 0.8125 0.6875 0.6875 0.5625 0.375 0.6875 0.15625 
0.9375 0.8125 0.6875 0.6875 0.5625 0.6875 0.8125 0.0625 0.0625 0.375 
0.9375 0.8125 0.6875 0.6875 0.5625 0.6875 0.8125 0.0625 0.0625 0.375 
0.0625 0.0625 0.375 0.125 0.34375 0.34375 0.09375 0.34375 0.125 0.3125 
0.0625 0.0625 0.375 0.125 0.34375 0.34375 0.09375 0.34375 0.125 0.3125 
0.0625 0.0625 0.375 0.125 0.34375 0.34375 0.09375 0.34375 0.125 0.3125 
0.0625 0.0625 0.375 0.125 0.34375 0.34375 0.09375 0.34375 0.125 0.3125 
0.0625 0.0625 0.375 0.125 0.34375 0.34375 0.09375 0.34375 0.125 0.3125 
0.4375 0.0625 0.0625 0.375 0.125 0.34375 0.34375 0.09375 0.34375 0.125 
0.4375 0.4375 0.375 0.375 0.0625 0.0625 0.375 0.125 0.34375 0.34375 
0.4375 0.4375 0.4375 0.375 0.375 0.40625 0.0625 0.0625 0.375 0.125 
0.40625 0.4375 0.4375 0.4375 0.46875 0.4375 0.4375 0.375 0.375 0.375 
0.40625 0.40625 0.40625 0.4375 0.4375 0.4375 0.4375 0.4375 0.46875 0.46875 
0.40625 0.40625 0.40625 0.40625 0.4375 0.4375 0.4375 0.4375 0.4375 0.4375 
0.40625 0.40625 0.40625 0.40625 0.4375 0.4375 0.4375 0.4375 0.4375 0.4375 
0.40625 0.40625 0.40625 0.40625 0.4375 0.4375 0.4375 0.4375 0.4375 0.4375 
0.40625 0.40625 0.40625 0.40625 0.4375 0.4375 0.40625 0.4375 0.4375 0.40625 
0.40625 0.40625 0.40625 0.40625 0.4375 0.4375 0.40625 0.40625 0.40625 0.4375 
0.40625 0.40625 0.40625 0.40625 0.4375 0.4375 0.40625 0.40625 0.40625 0.4375 
0.40625 0.40625 0.40625 0.40625 0.4375 0.4375 0.40625 0.40625 0.4375 0.4375 
0.40625 0.40625 0.40625 0.40625 0.4375 0.4375 0.40625 0.40625 0.4375 0.4375 
0.40625 0.40625 0.40625 0.40625 0.4375 0.4375 0.40625 0.40625 0.4375 0.4375 
0.375 0.40625 0.40625 0.40625 0.40625 0.4375 0.4375 0.40625 0.40625 0.4375 
0.375 0.40625 0.40625 0.40625 0.40625 0.4375 0.4375 0.40625 0.40625 0.4375 
0.375 0.40625 0.40625 0.40625 0.40625 0.4375 0.4375 0.40625 0.40625 0.4375 
0.375 0.40625 0.40625 0.40625 0.40625 0.4375 0.4375 0.40625 0.40625 0.4375 
0.40625 0.40625 0.375 0.40625 0.40625 0.40625 0.40625 0.4375 0.4375 0.40625 
0.40625 0.40625 0.375 0.40625 0.375 0.40625 0.40625 0.40625 0.40625 0.4375 
0.40625 0.40625 0.375 0.40625 0.375 0.375 0.40625 0.40625 0.375 0.40625 
0.40625 0.40625 0.375 0.40625 0.375 0.375 0.40625 0.40625 0.375 0.40625 
0.40625 0.40625 0.375 0.40625 0.375 0.375 0.40625 0.40625 0.375 0.40625 
0.40625 0.40625 0.375 0.40625 0.375 0.375 0.40625 0.40625 0.375 0.40625 
0.40625 0.40625 0.375 0.40625 0.375 0.375 0.40625 0.40625 0.375 0.40625 
0.40625 0.40625 0.375 0.40625 0.375 0.375 0.40625 0.40625 0.375 0.40625 
0.375 0.40625 0.40625 0.375 0.40625 0.375 0.375 0.40625 0.40625 0.375 
0.375 0.40625 0.40625 0.375 0.40625 0.375 0.375 0.40625 0.40625 0.375 
0.375 0.40625 0.40625 0.375 0.40625 0.375 0.375 0.40625 0.40625 0.375 
0.375 0.40625 0.40625 0.375 0.40625 0.375 0.375 0.40625 0.40625 0.375 
0.375 0.40625 0.40625 0.375 0.40625 0.375 0.375 0.40625 0.40625 0.375 
0.375 0.375 0.40625 0.40625 0.375 0.40625 0.375 0.375 0.40625 0.40625 
0.375 0.375 0.40625 0.40625 0.375 0.40625 0.375 0.375 0.40625 0.40625 
0.375 0.375 0.40625 0.40625 0.375 0.40625 0.375 0.375 0.40625 0.40625 
0.375 0.375 0.40625 0.40625 0.375 0.40625 0.375 0.375 0.40625 0.40625 
0.375 0.375 0.40625 0.40625 0.375 0.40625 0.375 0.375 0.40625 0.40625 
0.375 0.375 0.40625 0.40625 0.375 0.40625 0.375 0.375 0.40625 0.40625 
