50 50 50 50 50 50 50 50 50 50 50 50 50 14 9 8 0 0 0 0 0 0 0 0 0 0 0 0 0 0 0 0 0 0 0 0 0 0 0 0 0 0 0 0 0 0 0 0 0 0 
50 50 50 50 50 50 50 50 50 50 50 50 50 50 50 50 50 50 50 50 50 50 5 0 0 0 0 0 0 0 0 0 0 0 0 0 0 0 0 0 0 0 0 0 0 0 0 0 0 0 
51 51 50 50 50 50 50 50 50 50 50 50 50 50 50 50 50 50 50 50 50 50 50 50 50 39 28 20 16 13 12 7 7 3 3 3 3 3 3 3 3 3 3 3 3 2 2 1 1 1 
51 50 50 50 50 50 50 50 50 50 50 50 50 50 50 50 50 50 50 50 50 50 50 50 50 50 50 50 50 50 50 50 41 38 35 11 11 9 1 1 1 1 1 1 1 1 1 1 1 1 
52 52 52 52 50 50 50 50 50 50 50 50 50 50 50 50 50 50 50 50 50 50 50 50 50 50 50 50 50 50 50 50 50 9 6 2 2 2 2 2 2 2 2 0 0 0 0 0 0 0 
51 51 51 51 51 51 51 51 51 51 51 51 51 51 51 50 50 50 50 50 50 50 50 50 50 50 50 50 50 50 50 50 50 50 50 50 24 2 2 2 2 1 1 1 1 1 1 1 1 1 
58 50 50 50 50 50 50 50 50 50 50 50 50 50 50 50 50 50 50 50 50 50 50 50 50 50 50 50 50 50 50 50 50 50 50 50 50 50 50 50 50 50 36 11 4 0 0 0 0 0 
56 50 50 50 50 50 50 50 50 50 50 50 50 50 50 50 50 50 50 50 50 50 50 50 50 50 50 50 50 50 50 50 50 27 15 13 13 13 10 0 0 0 0 0 0 0 0 0 0 0 
52 52 52 52 52 52 52 52 52 52 52 52 52 52 52 52 52 52 52 52 52 52 52 52 52 52 52 51 51 50 50 50 50 50 50 50 50 50 50 31 8 8 2 2 2 2 2 2 2 0 
51 51 51 51 51 51 51 51 51 51 51 51 51 51 51 51 51 51 51 51 51 51 51 50 50 50 50 50 50 50 50 44 32 26 5 1 1 1 1 1 1 1 1 1 1 1 1 1 0 0 
51 51 51 51 51 51 51 51 51 51 51 51 51 51 51 51 51 51 51 51 51 51 51 51 51 51 51 51 51 51 50 50 50 50 50 33 29 28 28 26 8 3 3 3 3 3 1 1 1 1 
51 51 51 51 51 51 51 51 51 51 51 51 51 51 51 51 51 51 51 51 51 51 51 51 51 51 51 51 51 51 51 51 51 51 50 50 30 26 3 2 2 2 2 2 2 2 2 1 1 1 
52 52 52 52 52 52 52 52 52 52 52 52 52 52 52 52 52 52 52 52 52 52 52 52 52 52 52 52 50 50 50 37 35 34 8 2 2 2 2 2 2 2 2 2 2 2 2 2 2 0 
51 51 51 51 51 51 51 51 51 51 51 51 51 51 51 51 51 51 51 51 51 51 51 51 51 51 51 51 51 51 51 51 51 51 50 50 50 36 35 20 15 15 12 4 4 4 4 4 1 1 
51 51 51 51 51 51 51 51 51 51 51 51 51 51 51 51 51 51 51 51 51 51 51 51 51 51 51 51 51 51 51 51 51 51 50 50 50 50 37 31 31 25 16 4 4 4 4 4 4 1 
50 50 50 50 50 50 50 50 50 50 50 50 50 50 50 50 50 50 50 50 50 50 50 50 50 50 50 50 50 50 50 50 50 50 50 50 50 50 50 50 35 32 32 29 10 7 1 1 1 0 
53 53 53 53 53 53 53 53 53 53 53 53 53 53 53 53 53 53 53 53 53 53 53 53 53 53 53 53 53 53 53 53 53 53 50 50 50 50 50 50 46 45 34 31 12 4 4 4 3 3 
50 50 50 50 50 50 50 50 50 50 50 50 50 50 50 50 50 50 50 50 50 50 50 50 50 50 50 50 50 50 50 50 50 50 50 50 50 40 35 35 2 2 2 2 2 2 2 0 0 0 
50 50 50 50 50 50 50 50 50 50 50 50 50 50 50 50 50 50 50 50 50 50 50 50 50 50 50 50 50 50 50 50 50 50 50 50 50 50 50 50 50 50 50 50 50 50 50 32 7 0 
51 51 51 51 51 51 51 51 51 51 51 51 51 51 51 51 51 51 51 51 51 51 51 51 51 51 51 51 51 51 51 51 51 51 51 51 51 51 51 50 50 29 28 23 19 10 7 2 2 2 
55 51 51 51 51 51 51 51 51 51 51 51 51 51 51 51 51 51 51 51 51 51 51 51 51 51 51 51 51 51 51 51 51 50 50 50 50 32 12 8 8 1 1 1 1 1 1 1 1 1 
55 51 51 51 51 51 51 51 51 51 51 51 51 51 51 51 51 51 51 51 51 51 51 51 51 51 51 51 51 51 51 51 51 51 51 51 51 51 51 51 50 50 37 30 5 1 1 1 1 0 
53 52 50 50 50 50 50 50 50 50 50 50 50 50 50 50 50 50 50 50 50 50 50 50 50 50 50 50 50 50 50 50 50 50 50 50 50 50 50 50 50 50 7 4 0 0 0 0 0 0 
54 54 54 54 50 50 50 50 50 50 50 50 50 50 50 50 50 50 50 50 50 50 50 50 50 50 50 50 50 50 50 50 50 50 50 50 50 50 50 50 50 32 21 0 0 0 0 0 0 0 
57 57 57 57 57 52 52 52 52 52 52 52 52 52 52 52 52 52 52 52 52 52 52 52 52 52 52 52 52 52 52 52 52 52 52 50 30 7 7 7 2 2 2 2 2 2 2 2 2 2 
55 55 55 55 55 55 55 55 55 55 55 55 55 51 51 51 51 51 51 51 51 51 51 51 51 51 51 51 51 51 51 51 51 51 51 51 51 51 51 51 5 5 1 1 1 1 1 1 1 1 
57 57 57 57 57 57 57 57 57 57 57 57 57 57 57 57 57 57 57 57 57 57 57 51 51 51 51 51 51 51 51 51 51 51 51 51 51 51 51 51 51 36 7 7 7 1 1 1 1 1 
60 59 59 57 57 57 57 57 57 57 57 57 57 57 57 57 57 57 57 56 56 56 56 56 56 52 52 52 52 52 52 52 52 52 52 52 52 52 40 38 34 34 7 7 7 7 7 2 2 2 
60 60 60 60 60 60 60 60 60 60 59 59 56 56 56 55 55 55 55 55 55 55 55 55 55 55 55 55 55 55 55 55 55 55 55 51 51 51 51 51 51 51 34 29 28 22 10 6 6 2 
57 57 57 57 57 57 57 57 57 57 57 57 57 57 57 57 57 57 57 57 57 57 57 57 57 57 57 57 55 55 55 55 55 55 55 55 55 55 52 52 52 52 52 51 38 8 6 6 6 6 
58 54 54 54 54 54 54 54 54 54 54 54 54 54 54 54 54 54 54 54 54 54 54 54 54 54 54 54 54 54 52 52 52 52 50 50 50 50 50 32 27 19 4 4 4 4 4 4 4 0 
67 61 61 57 56 56 56 56 56 56 56 56 56 56 56 56 56 56 56 56 56 56 56 56 56 56 56 56 56 56 56 56 56 53 53 50 50 50 50 50 50 50 12 9 8 8 7 7 7 4 
65 62 62 60 60 60 60 59 59 59 59 59 59 59 59 59 59 59 59 59 59 59 59 59 59 59 59 59 59 59 59 59 59 55 55 50 50 50 46 38 38 19 18 15 15 12 12 9 3 3 
75 67 67 64 64 64 62 62 62 62 62 62 62 61 61 61 61 61 61 61 61 61 61 61 61 61 61 60 60 59 59 59 59 52 51 44 40 40 37 26 12 11 11 11 11 11 11 11 10 10 
75 75 73 66 66 66 64 62 62 62 62 62 62 62 62 62 62 62 62 62 62 62 62 62 62 62 62 62 62 62 62 62 58 58 58 58 58 50 44 43 39 33 33 27 18 12 12 12 12 8 
78 78 78 78 74 74 73 71 70 70 70 64 63 63 59 59 59 59 59 57 57 57 57 57 57 57 57 57 57 57 57 57 57 57 57 57 55 51 51 51 51 51 51 24 22 21 10 8 8 2 
77 76 76 76 76 76 76 76 70 70 69 69 67 65 64 64 64 63 61 61 61 59 59 59 59 59 57 57 57 57 57 57 56 50 50 50 50 35 28 17 14 14 14 11 11 8 7 6 2 2 
86 86 85 84 84 83 82 82 82 82 82 82 82 82 82 75 75 75 75 75 74 74 74 70 68 67 64 64 64 64 64 61 51 51 51 51 51 51 51 51 40 40 34 17 14 12 12 2 2 1 
74 74 74 74 74 74 74 74 74 74 74 74 74 74 74 74 74 74 74 70 68 68 68 67 67 63 61 61 57 55 51 51 51 50 50 50 50 50 50 32 27 25 25 22 20 19 17 9 9 3 
78 78 78 78 78 78 78 77 77 76 76 76 76 76 76 76 76 76 76 76 76 76 69 68 68 65 63 62 60 58 51 51 51 51 51 51 51 51 51 51 50 50 45 34 26 23 21 12 2 1 
83 83 83 83 83 83 83 83 82 82 82 79 79 78 78 78 78 72 68 68 65 51 51 51 51 51 51 51 51 51 51 51 50 50 47 43 43 43 43 41 35 35 34 32 31 24 2 2 2 2 
85 85 85 85 85 85 85 85 85 85 85 85 85 85 84 84 84 83 83 81 81 80 74 74 52 51 51 51 51 51 51 51 50 45 44 42 39 38 38 38 37 33 10 4 4 4 4 4 4 1 
82 82 82 82 82 82 82 82 82 82 82 82 82 82 81 78 78 77 66 66 65 58 51 51 51 51 51 51 51 51 51 51 51 51 51 51 51 51 50 40 35 33 32 32 32 29 13 9 1 1 
83 83 83 83 83 83 83 83 83 83 83 83 83 83 83 83 83 83 82 80 79 79 66 66 66 66 65 64 55 51 51 51 51 51 51 51 50 50 48 43 43 39 38 38 36 21 2 2 1 1 
80 80 80 80 80 80 80 80 80 80 80 80 80 80 80 80 80 80 78 67 67 67 67 63 63 62 62 61 56 52 50 50 50 50 50 50 50 50 43 42 41 40 40 39 32 32 6 2 2 2 
76 76 76 76 76 76 76 76 76 76 76 76 76 76 76 76 76 76 76 76 76 76 76 76 71 71 70 70 60 60 51 51 51 51 51 51 51 51 51 50 50 41 41 40 40 27 13 2 2 1 
86 86 86 86 86 86 86 86 86 86 86 86 86 86 86 86 86 86 86 86 86 85 85 75 75 75 70 70 62 62 62 57 51 50 50 50 50 50 50 50 49 49 46 46 41 40 37 37 15 5 
84 84 84 84 84 84 84 84 84 84 84 84 84 84 84 84 83 83 78 74 74 67 67 66 51 51 51 51 51 50 50 50 50 50 50 46 44 44 43 43 42 39 34 27 22 22 16 12 1 1 
79 79 79 79 79 79 79 79 79 79 79 79 79 66 52 52 52 51 51 51 51 51 51 51 51 51 51 50 50 50 50 45 44 44 43 43 40 39 38 37 37 32 29 17 15 14 11 3 1 1 
79 79 79 79 79 79 79 79 79 79 79 79 79 79 78 70 70 67 59 51 51 51 51 51 50 50 50 50 50 50 46 44 40 40 40 40 39 37 34 31 31 26 23 19 15 11 1 1 1 1 
