% Invoked: ./gella -d -r 2 -l biased_r2/run24 >& biased_r2/run24.log
% Ministry of Cellular Automata
% Project Deux (CS523 Spring 2015)
% Version:v0.1-70-g0624-dirty
%  pop:50
%  ic count:100
%  CA Log option:biased_r2/run24
%  width:121
%  max workers:4
%  radius:2
%  iterations:300
%  use bias:true
%  generations:50

 generation 0.50.0.0.1.1.50.1.50.1.1.1.50.1.50.1.50.50.50.0.0.50.50.1.50.50.1.50.50.1.50.50.8.50.1.0.1.1.40.1.0.1.1.1.50.1.50.1.1.1.1.xover.mutate.done 50
 generation 1.50.50.50.50.50.50.50.50.50.50.50.0.0.0.3.50.50.0.2.31.50.50.0.0.11.50.50.50.0.0.50.3.50.0.50.50.50.0.50.50.50.50.50.0.50.0.0.0.50.50.xover.mutate.done 50
 generation 2.50.50.50.50.50.50.50.50.50.50.50.0.1.0.50.0.1.50.5.50.1.1.50.50.1.50.1.0.51.1.26.50.50.1.50.50.50.50.50.50.50.50.50.37.0.50.0.1.0.50.xover.mutate.done 50
 generation 3.50.50.50.50.50.50.50.50.50.50.50.50.0.50.0.50.50.50.50.50.50.50.50.0.50.50.50.50.50.0.50.0.50.0.0.35.50.50.50.79.0.0.50.0.4.50.0.50.50.39.xover.mutate.done 50
 generation 4.84.52.50.50.50.50.50.50.50.50.48.50.52.50.52.3.50.2.49.12.1.2.51.3.50.1.50.51.52.61.51.50.50.50.52.50.42.50.50.49.52.50.50.52.50.50.50.51.51.2.xover.mutate.done 50
 generation 5.79.56.50.50.50.50.50.50.50.53.50.29.50.53.50.3.50.3.53.53.50.53.3.53.0.50.50.50.50.44.53.34.53.44.53.50.53.50.50.50.50.50.29.3.50.50.44.22.50.50.xover.mutate.done 50
 generation 6.86.54.51.51.51.51.51.51.51.51.1.42.51.17.36.50.9.50.50.1.50.1.51.46.40.50.50.50.50.51.1.1.50.0.49.50.50.51.51.50.51.1.51.86.37.50.51.50.50.50.xover.mutate.done 50
 generation 7.77.77.59.51.51.51.51.51.51.51.42.51.51.43.0.50.50.50.51.51.51.50.1.1.51.51.1.1.1.51.0.51.50.50.1.16.50.15.59.50.1.10.10.51.1.10.50.20.32.50.xover.mutate.done 50
 generation 8.79.79.57.58.53.53.53.53.53.53.39.11.53.12.0.3.24.57.53.53.53.40.3.3.14.15.53.50.3.8.28.40.13.3.25.3.53.23.53.24.79.53.19.24.3.53.36.50.12.24.xover.mutate.done 50
 generation 9.78.78.78.60.59.59.50.50.50.50.0.28.50.0.0.0.50.0.12.0.9.22.50.50.50.9.16.78.50.9.12.9.50.50.50.15.0.50.41.50.0.0.8.0.0.59.0.21.11.15.xover.mutate.done 50
 generation 10.76.76.76.76.59.59.59.59.50.50.51.52.50.51.27.14.1.0.51.0.9.50.7.1.50.9.50.9.50.50.50.9.9.50.0.0.1.9.50.1.37.9.50.1.0.9.50.50.0.50.xover.mutate.done 50
 generation 11.79.79.79.79.57.57.57.57.59.51.18.50.1.30.21.16.0.50.57.49.0.50.7.27.0.0.15.1.50.50.1.7.50.0.1.51.0.1.1.0.50.0.1.0.0.51.79.50.50.1.xover.mutate.done 50
 generation 12.82.82.82.82.82.61.57.57.57.57.50.50.50.0.82.7.8.50.0.32.36.4.37.50.54.0.37.50.40.0.0.20.7.46.0.50.82.32.50.40.4.50.0.57.48.57.22.4.50.50.xover.mutate.done 50
 generation 13.82.82.82.82.82.82.82.58.54.54.82.47.40.50.50.5.1.50.34.50.40.1.32.34.50.1.50.1.54.7.4.15.51.50.5.50.78.1.44.41.78.7.51.72.50.1.51.7.32.5.xover.mutate.done 50
 generation 14.78.78.78.78.78.78.78.78.77.77.51.72.23.50.40.1.51.2.33.1.29.78.42.49.82.41.77.78.10.32.50.50.50.39.1.40.50.57.72.72.2.10.78.2.2.33.2.78.39.77.xover.mutate.done 50
 generation 15.77.75.75.75.75.75.75.75.75.75.2.14.75.69.18.75.75.31.25.14.63.52.7.75.67.75.48.27.50.75.50.50.75.63.2.34.61.43.50.50.37.42.50.50.50.11.2.69.7.0.xover.mutate.done 50
 generation 16.78.79.79.79.79.79.79.79.79.79.36.51.31.75.2.78.79.51.50.79.56.79.17.50.50.27.63.78.31.33.33.44.47.75.50.30.66.79.17.39.30.50.66.51.51.78.79.6.79.32.xover.mutate.done 50
 generation 17.82.82.82.82.82.82.82.82.82.82.51.82.45.82.29.39.82.39.82.50.51.29.21.62.75.29.50.82.0.35.22.51.31.51.82.82.50.1.62.60.82.50.1.35.69.63.1.21.51.32.xover.mutate.done 50
 generation 18.82.82.82.82.81.81.82.82.81.81.64.50.8.2.56.20.66.28.51.13.50.43.37.50.82.2.63.77.81.51.82.82.35.64.51.70.82.82.82.25.76.51.51.77.7.50.51.56.17.14.xover.mutate.done 50
 generation 19.78.78.78.78.78.78.78.78.78.78.78.58.78.1.78.8.50.60.31.50.50.8.51.78.50.60.72.1.78.51.61.51.1.24.78.78.78.78.35.51.41.78.78.50.77.40.60.72.50.60.xover.mutate.done 50
 generation 20.85.85.85.85.85.85.85.85.85.85.85.50.6.50.85.54.85.50.85.50.51.51.80.44.85.50.50.80.1.85.80.50.4.85.85.54.85.85.85.85.50.26.35.64.51.80.44.85.32.54.xover.mutate.done 50
 generation 21.90.90.90.90.90.90.90.90.90.90.50.51.90.49.2.50.50.67.51.42.85.90.85.73.40.90.86.90.67.90.18.51.51.90.80.2.50.4.41.90.50.50.20.90.51.51.51.50.86.85.xover.mutate.done 50
 generation 22.84.84.84.84.84.84.84.84.84.84.83.50.73.83.50.50.50.50.35.83.84.63.83.51.73.50.1.84.50.50.73.82.63.84.84.51.83.1.73.50.56.73.0.12.73.83.50.83.50.41.xover.mutate.done 50
 generation 23.82.82.82.82.82.82.82.82.82.82.82.82.82.51.82.51.81.40.25.51.42.82.74.50.51.82.53.51.82.1.47.51.82.50.44.82.78.32.82.50.80.13.82.81.51.51.73.2.2.51.xover.mutate.done 50
 generation 24.82.82.82.82.82.82.82.82.82.82.82.12.50.82.82.82.82.43.51.82.67.74.1.15.77.82.82.51.77.50.50.50.50.77.51.85.74.25.51.82.50.14.0.43.25.82.82.1.50.42.xover.mutate.done 50
 generation 25.77.75.75.75.75.75.75.75.75.75.75.34.51.50.1.75.50.51.52.50.37.50.49.50.75.47.52.75.37.51.50.75.75.3.51.51.75.7.52.34.2.34.50.50.75.52.52.31.52.62.xover.mutate.done 50
 generation 26.76.74.74.74.74.74.74.74.74.74.51.54.74.50.74.74.37.71.20.65.50.74.1.30.0.51.50.74.50.74.74.28.50.74.56.74.31.51.74.74.67.51.74.56.51.0.71.65.51.74.xover.mutate.done 50
 generation 27.84.84.84.84.84.84.84.84.84.84.39.84.84.39.3.0.50.39.50.84.78.39.72.50.50.84.42.84.50.0.0.0.84.6.84.0.84.50.84.50.50.50.84.50.61.84.78.0.43.50.xover.mutate.done 50
 generation 28.83.80.80.80.80.80.80.80.80.80.2.80.80.2.80.29.69.50.50.2.0.30.50.50.80.2.80.50.50.80.52.9.62.30.38.2.83.52.80.80.0.80.40.80.77.52.80.50.80.77.xover.mutate.done 50
 generation 29.82.82.81.81.81.81.81.81.81.81.1.61.42.51.50.50.81.82.51.45.11.1.50.41.42.38.50.1.79.62.82.31.31.81.81.41.41.63.50.50.74.81.19.51.12.81.47.81.46.81.xover.mutate.done 50
 generation 30.77.77.77.77.76.76.76.76.76.76.5.77.76.76.76.51.77.31.73.50.76.76.77.77.0.5.76.51.33.1.76.76.67.53.30.76.0.55.76.63.76.33.51.14.77.50.35.1.50.50.xover.mutate.done 50
 generation 31.83.83.83.83.83.83.83.83.83.79.66.50.1.37.40.50.36.1.50.51.83.35.1.51.83.37.83.34.79.37.1.50.42.36.83.50.35.66.83.83.1.35.79.83.37.66.83.83.79.79.xover.mutate.done 50
 generation 32.79.79.79.79.79.79.79.79.79.79.79.76.36.79.2.50.35.79.52.76.34.34.35.79.79.76.79.79.40.29.34.50.2.79.29.69.50.79.76.79.32.36.52.8.29.47.52.69.79.29.xover.mutate.done 50
 generation 33.79.79.79.79.79.79.79.79.79.79.79.50.15.79.79.79.50.40.50.50.50.0.79.8.50.50.50.79.50.0.36.79.79.0.10.79.0.79.79.0.79.0.0.79.50.79.50.50.79.79.xover.mutate.done 50
 generation 34.86.86.86.86.86.86.86.86.86.86.86.50.86.1.85.36.72.36.50.86.86.86.85.51.51.51.86.51.86.0.51.50.86.41.70.50.86.86.50.50.86.72.85.86.36.1.86.51.0.36.xover.mutate.done 50
 generation 35.85.85.85.85.85.85.85.85.85.85.85.67.85.85.38.85.67.37.85.2.2.50.52.65.39.35.85.52.67.85.2.2.85.85.85.2.8.2.52.39.19.50.85.2.71.2.52.50.85.2.xover.mutate.done 50
 generation 36.81.81.81.81.81.81.81.81.81.81.70.81.35.81.65.34.70.70.81.70.81.81.70.81.81.2.81.81.65.70.46.69.81.81.2.81.36.22.81.81.81.70.35.32.85.81.81.69.81.22.xover.mutate.done 50
 generation 37.81.79.79.79.79.79.79.79.79.79.29.51.70.30.79.69.2.79.79.51.63.51.79.79.70.79.50.51.79.55.51.51.79.51.79.70.51.79.79.67.26.58.2.77.57.51.29.70.70.79.xover.mutate.done 50
 generation 38.80.79.79.79.79.79.79.79.79.79.16.23.69.58.49.38.30.30.79.79.79.79.12.2.51.51.79.32.51.51.69.18.38.38.8.79.30.79.41.19.59.38.79.69.19.69.79.79.2.51.xover.mutate.done 50
 generation 39.82.81.81.81.81.81.81.81.81.81.32.72.72.59.51.1.16.39.81.26.59.51.1.59.8.50.13.51.14.51.50.11.51.33.81.81.1.51.1.51.50.51.81.50.72.40.72.1.50.6.xover.mutate.done 50
 generation 40.85.84.84.84.84.84.84.84.84.84.84.84.84.84.40.50.50.84.84.50.50.34.84.84.84.84.2.72.33.34.84.84.50.84.52.84.52.61.34.52.62.82.50.80.84.50.50.72.52.32.xover.mutate.done 50
 generation 41.79.79.79.79.79.79.79.79.79.79.79.63.29.13.50.31.50.79.78.79.79.51.19.50.9.34.51.15.33.51.64.50.1.50.50.79.79.0.33.51.50.32.79.70.9.33.63.50.79.79.xover.mutate.done 50
 generation 42.89.87.87.87.87.87.87.87.87.87.51.51.50.50.50.6.16.77.50.40.87.39.14.89.1.50.50.87.73.77.87.50.14.73.87.87.39.86.87.51.50.50.50.14.16.73.87.1.39.51.xover.mutate.done 50
 generation 43.83.83.83.83.83.83.83.83.83.83.51.45.2.51.26.83.83.51.51.51.74.83.34.83.74.83.37.37.83.83.83.83.51.51.51.51.51.27.34.51.34.74.51.51.51.83.34.51.74.83.xover.mutate.done 50
 generation 44.87.87.86.86.86.86.86.86.86.86.86.71.2.2.51.50.2.51.2.1.51.2.2.39.67.2.2.1.86.86.78.37.86.86.27.2.86.86.49.57.86.71.2.38.87.86.51.2.2.76.xover.mutate.done 50
 generation 45.84.84.84.84.84.84.84.84.84.84.51.35.50.50.84.12.84.36.84.1.50.51.40.84.1.50.71.50.71.1.50.50.34.50.14.60.1.1.1.50.40.36.1.84.32.84.84.50.35.50.xover.mutate.done 50
 generation 46.83.83.83.81.81.81.81.81.81.81.69.81.51.81.0.1.51.48.53.36.51.32.83.51.51.51.0.51.0.0.18.51.50.1.41.81.19.69.41.51.51.51.63.81.69.51.35.60.81.50.xover.mutate.done 50
 generation 47.80.80.80.80.80.80.80.80.80.80.80.50.62.2.71.50.23.49.71.2.2.52.80.2.50.50.33.52.71.71.50.50.30.52.80.2.80.50.17.80.29.2.80.31.27.50.50.50.22.2.xover.mutate.done 50
 generation 48.82.82.82.82.81.81.81.81.81.81.51.63.82.8.82.51.51.82.62.33.38.16.51.12.29.15.51.82.5.81.81.62.51.26.2.51.29.51.63.81.51.62.82.51.15.62.30.51.51.2.xover.mutate.done 50
 generation 49.78.78.78.78.78.78.78.78.78.78.78.23.78.14.50.29.78.51.29.51.78.60.64.31.60.51.47.51.62.78.50.17.0.71.60.51.59.30.50.71.26.51.3.51.71.54.78.21.11.51.xover.mutate.done 50
 20578943 iters     859742 iter/sec (23.94 s)
 total time: 23.94
