51 50 50 50 50 50 50 50 50 50 50 50 50 50 50 21 15 4 2 2 2 2 2 2 2 2 2 2 2 1 1 1 1 1 1 1 1 1 1 1 1 1 1 1 1 1 1 1 1 1 
51 51 51 51 51 50 50 50 50 50 50 50 50 50 50 50 50 50 50 50 50 50 50 50 50 50 28 19 15 14 14 5 1 1 1 1 1 1 1 0 0 0 0 0 0 0 0 0 0 0 
57 57 52 52 52 52 52 52 52 52 52 52 52 52 51 50 50 50 50 50 50 50 50 50 50 50 50 50 50 50 50 50 50 50 12 12 9 7 3 3 3 3 3 3 2 1 1 1 1 1 
56 56 51 51 51 51 51 51 51 51 51 51 51 51 51 51 51 51 50 50 50 50 50 50 50 50 50 50 50 50 50 50 50 50 50 50 50 24 13 8 6 6 6 1 1 1 1 1 0 0 
65 52 52 52 50 50 50 50 50 50 50 50 50 50 50 50 50 50 50 50 50 50 50 50 50 50 50 50 50 50 50 50 50 50 50 50 50 50 36 5 1 1 1 0 0 0 0 0 0 0 
61 54 54 54 54 54 52 52 52 52 52 52 52 52 52 52 52 52 52 52 52 52 52 52 52 52 52 52 52 52 52 52 50 50 50 50 50 50 50 34 5 4 2 2 2 2 2 0 0 0 
70 58 57 56 56 56 56 56 56 50 50 50 50 50 50 50 50 50 50 50 50 50 50 50 50 50 50 50 50 50 50 50 50 50 50 50 50 12 6 6 6 0 0 0 0 0 0 0 0 0 
71 71 60 60 60 60 58 58 58 58 58 58 58 58 58 58 58 51 51 51 51 51 51 51 51 51 51 51 51 51 51 51 51 51 51 51 50 50 36 19 19 18 11 9 4 4 4 4 4 1 
67 67 54 53 52 52 52 52 51 51 51 51 51 51 50 50 50 50 50 50 50 50 50 50 50 50 50 50 50 50 50 50 39 15 2 2 2 2 2 1 1 1 1 1 1 0 0 0 0 0 
60 60 60 57 55 55 55 55 55 55 55 54 54 54 54 54 54 54 51 51 51 51 51 51 51 51 51 51 51 51 51 51 51 51 28 7 6 6 6 6 3 3 3 3 3 3 2 2 2 1 
67 67 67 58 57 57 57 57 57 57 57 57 57 57 55 55 55 55 55 55 55 55 51 51 51 51 51 51 51 51 51 51 51 51 51 51 51 51 51 21 21 15 8 6 6 3 2 2 2 1 
72 72 72 72 72 56 56 56 56 56 56 55 55 55 55 55 55 55 55 55 55 55 55 55 55 55 50 50 50 50 50 50 50 50 50 50 50 49 49 42 25 15 11 11 11 6 5 5 0 0 
74 72 67 66 66 66 66 66 66 66 55 55 55 55 54 54 54 54 54 52 52 52 52 52 52 50 50 50 50 50 50 50 48 46 37 34 33 17 16 15 8 5 4 4 4 2 2 2 2 0 
75 74 74 74 74 74 74 74 74 74 74 74 74 74 74 61 61 61 61 61 61 61 60 60 60 60 60 60 60 60 51 51 51 51 51 51 51 51 50 50 50 43 40 32 31 22 20 13 11 2 
73 73 73 73 73 73 71 69 69 66 66 66 66 66 66 66 66 66 65 64 62 62 58 58 58 58 58 53 53 53 53 53 53 53 53 50 50 50 50 50 50 50 46 42 38 38 21 8 8 0 
71 71 71 71 70 70 70 70 68 68 67 64 64 64 64 62 62 62 62 57 57 57 54 54 54 54 50 50 50 50 50 50 49 40 36 36 36 36 32 32 31 28 24 24 24 24 23 14 13 0 
76 76 76 76 75 75 75 75 75 75 72 72 69 69 69 69 67 67 63 63 63 63 61 61 55 52 52 50 50 47 47 45 44 43 41 41 40 40 37 37 37 34 30 22 22 20 18 18 16 13 
70 70 70 70 70 70 70 70 69 68 68 68 68 66 66 66 65 61 61 61 60 57 57 52 51 51 50 47 47 39 38 37 36 33 31 30 29 25 23 19 17 13 13 9 7 3 3 3 3 3 
82 77 77 77 75 73 73 73 73 73 73 73 73 73 73 72 72 58 54 54 54 54 54 54 54 54 53 53 52 51 42 37 35 35 34 32 30 28 19 12 12 8 6 6 6 5 5 2 2 2 
83 83 77 77 77 77 72 72 72 72 72 72 72 72 72 72 72 72 72 72 62 62 62 62 62 61 61 61 57 55 52 52 50 39 37 36 33 26 25 24 16 15 14 14 4 4 4 4 4 4 
88 88 88 88 82 82 82 82 82 82 81 79 79 79 79 79 79 79 79 76 74 64 61 52 51 51 51 51 51 50 50 49 47 40 39 36 33 26 26 24 24 23 21 19 19 19 18 3 3 3 
87 87 87 87 87 87 85 85 85 85 85 85 85 85 85 85 85 84 83 78 75 73 72 71 58 58 58 58 52 52 50 50 50 50 50 50 50 50 50 47 41 29 27 27 25 17 12 8 0 0 
83 83 83 83 83 83 83 83 78 78 78 78 78 78 78 78 75 68 68 68 68 67 62 52 52 52 52 52 52 50 50 50 50 50 50 50 50 50 50 46 45 41 37 33 29 25 25 23 13 5 
85 85 85 85 85 85 85 85 85 85 85 82 79 78 78 78 78 78 75 73 72 69 69 68 64 54 51 51 50 50 50 50 50 50 46 43 42 41 38 38 32 18 18 18 15 10 7 1 1 0 
83 83 83 83 83 83 83 83 83 83 83 83 83 83 83 83 83 83 79 77 77 77 73 72 65 62 58 58 51 51 51 51 51 51 51 51 51 51 51 50 50 50 50 50 50 17 15 3 2 1 
80 80 80 80 80 80 80 80 80 80 80 80 80 80 80 80 80 80 80 80 80 79 77 77 74 71 63 58 55 55 51 51 51 51 50 50 50 50 50 50 50 50 50 50 50 29 21 7 1 0 
83 83 83 80 80 80 80 80 80 80 80 80 80 80 80 80 80 78 78 76 73 69 69 69 69 66 65 58 56 50 50 50 50 50 50 50 49 48 48 48 47 46 44 34 23 17 3 3 3 3 
88 88 88 88 88 88 88 88 88 88 88 88 88 88 88 88 88 88 88 88 88 82 82 79 79 71 58 56 51 51 51 51 51 51 51 51 50 50 50 50 50 40 35 35 27 27 14 2 2 1 
82 82 82 82 82 82 82 82 82 82 82 82 82 82 82 82 82 82 82 82 82 82 82 81 81 75 74 73 62 56 56 51 51 51 50 50 50 50 50 50 49 49 49 41 32 32 32 11 1 1 
79 79 79 79 79 79 79 79 79 79 79 79 79 79 79 79 79 79 79 79 79 79 79 79 75 70 57 54 53 53 52 52 52 52 52 51 51 50 50 50 50 50 44 37 37 32 8 3 3 1 
78 78 78 75 75 75 75 75 75 75 75 75 75 71 69 68 63 60 60 58 58 58 58 52 52 52 52 52 51 51 50 50 50 50 50 50 50 50 50 50 42 27 27 23 11 3 3 3 2 1 
86 86 86 86 86 86 82 82 82 82 82 82 82 82 82 82 82 82 82 82 79 73 70 67 55 54 52 52 52 50 50 50 50 50 50 50 50 50 50 35 31 20 17 13 6 6 2 2 2 2 
86 86 86 86 86 86 86 86 86 85 85 85 85 85 85 85 83 81 76 69 69 63 59 52 52 52 52 52 52 50 50 50 50 50 50 50 50 50 50 50 50 48 38 38 37 19 16 2 2 2 
85 85 85 85 85 85 85 85 85 85 85 85 85 85 85 85 85 85 85 85 77 77 75 64 60 59 59 51 51 50 50 50 50 50 50 50 50 50 44 35 35 35 29 22 16 10 1 0 0 0 
80 80 80 80 80 80 80 80 80 80 80 80 80 80 80 80 80 80 79 79 79 79 79 79 76 71 68 67 58 58 50 50 50 50 50 50 48 39 39 37 30 30 21 8 8 8 7 7 0 0 
81 81 81 81 81 81 81 81 81 81 81 81 81 81 81 81 81 80 80 80 80 78 76 68 68 64 61 61 60 60 50 50 50 50 50 41 35 34 34 34 32 32 31 30 16 6 3 3 3 0 
84 84 84 84 84 84 84 84 84 84 84 84 84 84 84 84 84 84 84 84 82 81 81 78 78 67 61 52 52 52 52 52 51 51 51 51 51 51 51 51 51 50 44 40 36 36 17 17 15 15 
87 87 87 87 87 87 87 87 87 87 87 87 87 87 87 87 87 87 87 87 87 87 83 83 82 80 78 50 50 50 50 50 50 50 50 50 50 50 50 44 44 39 39 39 39 38 0 0 0 0 
78 78 78 78 78 78 78 78 78 78 78 78 78 78 78 78 76 73 73 73 73 73 71 66 66 58 56 51 51 51 51 51 51 51 51 51 50 39 33 30 30 25 24 21 20 10 8 8 2 1 
81 81 81 81 81 81 81 81 81 81 81 81 81 81 81 77 76 75 65 59 57 50 50 50 50 50 50 50 50 50 50 50 50 50 50 34 33 33 31 31 31 28 27 23 23 17 17 6 0 0 
86 86 86 86 86 86 86 86 86 86 86 86 86 86 86 86 86 86 86 81 80 77 64 59 57 57 53 51 50 50 50 50 50 50 50 50 50 50 50 50 41 38 37 35 35 32 29 29 1 1 
89 89 89 89 89 89 89 89 89 89 89 89 89 89 89 89 89 89 88 87 81 80 77 74 62 52 52 52 52 52 52 52 52 52 52 52 52 52 52 52 50 50 50 41 41 41 40 36 32 4 
84 84 84 84 84 84 84 84 84 84 84 84 84 84 84 84 83 74 69 57 57 56 56 55 52 52 52 52 50 50 50 50 50 50 50 50 50 47 47 39 36 36 10 9 7 2 2 2 2 2 
86 81 81 81 81 81 81 81 81 81 81 81 81 81 81 81 81 81 81 81 81 79 74 71 71 71 64 59 51 51 51 51 51 50 50 50 50 50 50 50 50 50 42 34 32 32 31 9 9 1 
84 84 84 84 84 84 84 84 84 84 84 84 84 84 84 79 77 77 56 56 56 56 51 51 51 51 51 51 51 50 50 50 50 50 38 35 35 33 32 32 31 31 29 14 13 7 7 1 1 1 
87 87 87 87 87 87 87 87 87 87 87 87 87 87 87 87 87 85 83 81 79 69 69 67 62 61 61 61 55 52 52 51 51 51 51 40 39 38 37 31 29 16 14 13 12 3 3 3 3 3 
84 84 84 84 84 84 84 84 84 84 84 84 84 84 84 84 84 77 76 75 75 73 66 58 51 51 51 51 51 50 50 50 50 50 50 45 44 44 35 34 22 22 16 16 11 9 9 1 1 1 
86 86 86 86 86 86 86 86 86 86 86 86 86 86 86 85 79 79 79 79 76 76 74 74 56 56 50 50 50 50 50 50 50 50 50 50 50 50 50 46 41 37 37 29 25 0 0 0 0 0 
83 83 83 83 83 83 83 83 83 83 83 83 83 83 83 83 83 81 77 77 77 71 67 51 51 51 51 51 50 50 50 50 50 50 50 50 50 50 50 50 50 44 43 40 34 19 12 10 1 1 
84 84 84 84 84 84 84 84 84 84 84 84 84 84 84 84 84 84 82 78 73 57 51 51 51 51 51 50 50 50 50 50 50 50 50 50 50 50 50 35 34 14 10 1 1 1 1 1 1 0 
