50 50 50 50 50 50 50 50 50 50 50 50 50 50 50 50 50 50 50 40 8 1 1 1 1 1 1 1 1 1 1 1 1 1 1 1 1 1 1 1 1 1 1 1 0 0 0 0 0 0 
50 50 50 50 50 50 50 50 50 50 50 50 50 50 50 50 50 50 50 50 50 50 50 50 50 50 50 50 50 50 50 31 11 3 3 2 0 0 0 0 0 0 0 0 0 0 0 0 0 0 
51 50 50 50 50 50 50 50 50 50 50 50 50 50 50 50 50 50 50 50 50 50 50 50 50 50 50 50 50 50 50 37 26 5 1 1 1 1 1 1 1 1 1 0 0 0 0 0 0 0 
79 50 50 50 50 50 50 50 50 50 50 50 50 50 50 50 50 50 50 50 50 50 50 50 50 50 50 50 50 50 50 50 50 50 50 50 39 35 4 0 0 0 0 0 0 0 0 0 0 0 
84 61 52 52 52 52 52 52 52 51 51 51 51 51 50 50 50 50 50 50 50 50 50 50 50 50 50 50 50 50 50 50 50 50 50 50 50 50 49 49 48 42 12 3 3 2 2 2 1 1 
79 56 53 53 53 53 53 53 53 53 53 53 50 50 50 50 50 50 50 50 50 50 50 50 50 50 50 50 50 50 50 50 50 50 50 50 50 50 44 44 44 34 29 29 22 3 3 3 3 0 
86 86 54 51 51 51 51 51 51 51 51 51 51 51 51 51 51 51 51 50 50 50 50 50 50 50 50 50 50 50 50 50 50 50 50 49 46 42 40 37 36 17 9 1 1 1 1 1 1 0 
77 77 59 59 51 51 51 51 51 51 51 51 51 51 51 51 51 51 51 51 51 50 50 50 50 50 50 50 50 50 50 43 42 32 20 16 15 10 10 10 1 1 1 1 1 1 1 1 0 0 
79 79 79 58 57 57 53 53 53 53 53 53 53 53 53 53 53 53 53 53 53 50 50 40 40 39 36 28 25 24 24 24 24 23 19 15 14 13 12 12 11 8 3 3 3 3 3 3 3 0 
78 78 78 78 60 59 59 59 50 50 50 50 50 50 50 50 50 50 50 50 50 50 50 41 28 22 21 16 15 15 12 12 11 9 9 9 9 8 0 0 0 0 0 0 0 0 0 0 0 0 
76 76 76 76 59 59 59 59 52 51 51 51 50 50 50 50 50 50 50 50 50 50 50 50 50 50 50 37 27 14 9 9 9 9 9 9 9 9 7 1 1 1 1 1 0 0 0 0 0 0 
79 79 79 79 79 59 57 57 57 57 57 51 51 51 50 50 50 50 50 50 50 50 50 49 30 27 21 18 16 15 7 7 1 1 1 1 1 1 1 1 0 0 0 0 0 0 0 0 0 0 
82 82 82 82 82 82 82 61 57 57 57 57 57 57 54 50 50 50 50 50 50 50 50 50 50 50 48 46 40 40 37 37 36 32 32 22 20 8 7 7 4 4 4 0 0 0 0 0 0 0 
82 82 82 82 82 82 82 82 78 78 72 58 54 54 54 51 51 51 50 50 50 50 50 50 50 50 50 47 44 41 40 40 34 34 32 32 15 7 7 7 5 5 5 4 1 1 1 1 1 1 
82 78 78 78 78 78 78 78 78 78 78 78 78 77 77 77 77 72 72 72 57 51 51 50 50 50 50 50 49 42 41 40 40 39 39 33 33 32 29 23 10 10 2 2 2 2 2 1 1 1 
77 75 75 75 75 75 75 75 75 75 75 75 75 75 75 75 75 69 69 67 63 63 61 52 50 50 50 50 50 50 50 50 48 43 42 37 34 31 27 25 18 14 14 11 7 7 2 2 2 0 
79 79 79 79 79 79 79 79 79 79 79 79 79 79 79 78 78 78 78 75 75 66 66 63 56 51 51 51 51 50 50 50 50 50 47 44 39 36 33 33 32 31 31 30 30 27 17 17 6 2 
82 82 82 82 82 82 82 82 82 82 82 82 82 82 82 82 82 82 75 69 63 62 62 60 51 51 51 51 51 50 50 50 50 45 39 39 35 35 32 31 29 29 29 22 21 21 1 1 1 0 
82 82 82 82 82 82 82 82 82 82 82 82 81 81 81 81 81 77 77 76 70 66 64 64 63 56 56 51 51 51 51 51 51 50 50 50 50 43 37 35 28 25 20 17 14 13 8 7 2 2 
78 78 78 78 78 78 78 78 78 78 78 78 78 78 78 78 78 78 78 78 78 77 72 72 61 60 60 60 60 58 51 51 51 51 50 50 50 50 50 50 41 40 35 31 24 8 8 1 1 1 
85 85 85 85 85 85 85 85 85 85 85 85 85 85 85 85 85 85 85 85 85 85 85 80 80 80 80 64 54 54 54 51 51 51 50 50 50 50 50 50 50 50 44 44 35 32 26 6 4 1 
90 90 90 90 90 90 90 90 90 90 90 90 90 90 90 90 90 90 86 86 85 85 85 80 73 67 67 51 51 51 51 51 51 51 50 50 50 50 50 50 50 49 42 41 40 20 18 4 2 2 
84 84 84 84 84 84 84 84 84 84 84 84 84 84 83 83 83 83 83 83 83 82 73 73 73 73 73 73 63 63 56 51 51 50 50 50 50 50 50 50 50 50 50 50 41 35 12 1 1 0 
82 82 82 82 82 82 82 82 82 82 82 82 82 82 82 82 82 82 82 82 82 81 81 80 78 74 73 53 51 51 51 51 51 51 51 51 51 50 50 50 47 44 42 40 32 25 13 2 2 1 
85 82 82 82 82 82 82 82 82 82 82 82 82 82 82 82 82 82 82 82 82 82 77 77 77 74 74 67 51 51 51 51 50 50 50 50 50 50 50 43 43 42 25 25 15 14 12 1 1 0 
77 75 75 75 75 75 75 75 75 75 75 75 75 75 75 75 75 75 62 52 52 52 52 52 52 51 51 51 51 51 50 50 50 50 50 50 50 50 49 47 37 37 34 34 34 31 7 3 2 1 
76 74 74 74 74 74 74 74 74 74 74 74 74 74 74 74 74 74 74 74 74 74 74 71 71 67 65 65 56 56 54 51 51 51 51 51 51 50 50 50 50 50 37 31 30 28 20 1 0 0 
84 84 84 84 84 84 84 84 84 84 84 84 84 84 84 84 84 84 84 84 84 78 78 72 61 50 50 50 50 50 50 50 50 50 50 50 43 42 39 39 39 39 6 3 0 0 0 0 0 0 
83 83 80 80 80 80 80 80 80 80 80 80 80 80 80 80 80 80 80 80 80 80 80 77 77 69 62 52 52 52 50 50 50 50 50 50 50 40 38 30 30 29 9 2 2 2 2 2 0 0 
82 82 82 82 81 81 81 81 81 81 81 81 81 81 81 81 81 81 81 79 74 63 62 61 51 51 51 50 50 50 50 50 50 47 46 45 42 42 41 41 41 38 31 31 19 12 11 1 1 1 
77 77 77 77 77 77 77 77 77 76 76 76 76 76 76 76 76 76 76 76 76 76 76 76 76 76 73 67 63 55 53 51 51 51 50 50 50 50 35 33 33 31 30 14 5 5 1 1 0 0 
83 83 83 83 83 83 83 83 83 83 83 83 83 83 83 83 83 83 79 79 79 79 79 66 66 66 51 51 50 50 50 50 50 42 40 37 37 37 37 36 36 35 35 35 34 1 1 1 1 1 
79 79 79 79 79 79 79 79 79 79 79 79 79 79 79 79 79 79 79 79 79 76 76 76 76 69 69 52 52 52 50 50 50 47 40 36 36 35 35 34 34 34 32 29 29 29 29 8 2 2 
79 79 79 79 79 79 79 79 79 79 79 79 79 79 79 79 79 79 79 79 79 79 79 79 79 79 50 50 50 50 50 50 50 50 50 50 50 50 40 36 15 10 8 0 0 0 0 0 0 0 
86 86 86 86 86 86 86 86 86 86 86 86 86 86 86 86 86 86 86 86 86 86 86 85 85 85 72 72 70 51 51 51 51 51 51 50 50 50 50 50 50 41 36 36 36 36 1 1 0 0 
85 85 85 85 85 85 85 85 85 85 85 85 85 85 85 85 85 85 85 85 85 85 71 67 67 67 65 52 52 52 52 50 50 50 39 39 38 37 35 19 8 2 2 2 2 2 2 2 2 2 
85 81 81 81 81 81 81 81 81 81 81 81 81 81 81 81 81 81 81 81 81 81 81 81 81 81 81 81 81 70 70 70 70 70 70 70 69 69 65 65 46 36 35 35 34 32 22 22 2 2 
81 79 79 79 79 79 79 79 79 79 79 79 79 79 79 79 79 79 79 79 79 79 77 70 70 70 70 70 69 67 63 58 57 55 51 51 51 51 51 51 51 51 51 50 30 29 29 26 2 2 
80 79 79 79 79 79 79 79 79 79 79 79 79 79 79 79 79 79 79 79 69 69 69 69 59 58 51 51 51 51 51 49 41 38 38 38 38 32 30 30 30 23 19 19 18 16 12 8 2 2 
82 81 81 81 81 81 81 81 81 81 81 81 81 81 72 72 72 72 59 59 59 51 51 51 51 51 51 51 51 50 50 50 50 50 40 39 33 32 26 16 14 13 11 8 6 1 1 1 1 1 
85 84 84 84 84 84 84 84 84 84 84 84 84 84 84 84 84 84 84 84 84 84 84 84 84 82 80 72 72 62 61 52 52 52 52 50 50 50 50 50 50 50 50 40 34 34 34 33 32 2 
79 79 79 79 79 79 79 79 79 79 79 79 79 79 79 79 79 79 79 78 70 64 63 63 51 51 51 51 50 50 50 50 50 50 50 50 34 33 33 33 32 31 29 19 15 13 9 9 1 0 
89 89 87 87 87 87 87 87 87 87 87 87 87 87 87 87 87 87 86 77 77 73 73 73 51 51 51 51 50 50 50 50 50 50 50 50 50 50 40 39 39 39 16 16 14 14 14 6 1 1 
83 83 83 83 83 83 83 83 83 83 83 83 83 83 83 83 83 83 83 83 83 74 74 74 74 51 51 51 51 51 51 51 51 51 51 51 51 51 51 51 45 37 37 34 34 34 34 27 26 2 
87 87 87 86 86 86 86 86 86 86 86 86 86 86 86 86 86 86 86 86 78 76 71 71 67 57 51 51 51 51 50 49 39 38 37 27 2 2 2 2 2 2 2 2 2 2 2 2 1 1 
84 84 84 84 84 84 84 84 84 84 84 84 84 84 84 84 84 71 71 60 51 51 50 50 50 50 50 50 50 50 50 50 50 40 40 36 36 35 35 34 32 14 12 1 1 1 1 1 1 1 
83 83 83 83 81 81 81 81 81 81 81 81 81 81 81 81 69 69 69 63 60 53 51 51 51 51 51 51 51 51 51 51 51 51 50 50 48 41 41 36 35 32 19 18 1 1 0 0 0 0 
80 80 80 80 80 80 80 80 80 80 80 80 80 80 80 80 71 71 71 71 62 52 52 52 50 50 50 50 50 50 50 50 50 50 49 33 31 30 29 27 23 22 17 2 2 2 2 2 2 2 
82 82 82 82 82 82 82 82 82 81 81 81 81 81 81 81 81 81 63 63 62 62 62 62 51 51 51 51 51 51 51 51 51 51 51 51 38 33 30 29 29 26 16 15 15 12 8 5 2 2 
78 78 78 78 78 78 78 78 78 78 78 78 78 78 78 78 71 71 71 64 62 60 60 60 59 54 51 51 51 51 51 51 51 51 50 50 50 47 31 30 29 29 26 23 21 17 14 11 3 0 
