% Invoked: ./gella -d -r 2 -l biased_r2/run22 >& biased_r2/run22.log
% Ministry of Cellular Automata
% Project Deux (CS523 Spring 2015)
% Version:v0.1-70-g0624-dirty
%  pop:50
%  ic count:100
%  CA Log option:biased_r2/run22
%  width:121
%  max workers:4
%  radius:2
%  iterations:300
%  use bias:true
%  generations:50

 generation 0.0.50.0.0.0.0.0.0.0.0.0.0.0.50.50.0.50.0.0.14.0.50.50.0.0.0.0.50.0.0.0.0.0.50.8.50.9.0.50.0.0.0.0.0.50.0.0.50.50.0.xover.mutate.done 50
 generation 1.50.50.50.50.50.50.50.50.50.50.0.50.0.50.0.50.0.50.0.50.0.0.50.0.50.5.0.0.50.0.0.0.50.50.0.0.0.50.0.0.50.0.0.0.0.0.0.0.0.0.xover.mutate.done 50
 generation 2.50.50.50.50.51.50.50.50.50.50.51.3.50.50.3.2.1.50.3.50.1.50.12.20.50.3.16.50.3.50.3.13.3.7.50.50.3.50.7.3.3.3.50.3.2.39.28.1.50.50.xover.mutate.done 50
 generation 3.50.50.50.50.50.50.50.50.50.50.50.1.50.1.35.50.1.50.1.50.50.1.50.11.1.38.9.50.50.1.50.50.50.50.1.50.50.1.50.1.50.50.1.50.50.51.41.50.1.11.xover.mutate.done 50
 generation 4.50.52.52.50.50.50.50.50.50.50.2.2.50.52.50.50.50.50.2.0.50.0.50.50.2.6.2.0.52.0.2.50.50.50.50.50.50.50.0.50.50.0.50.50.2.0.9.50.50.2.xover.mutate.done 50
 generation 5.51.51.51.51.51.50.50.50.50.50.1.50.51.50.2.1.51.1.2.51.50.50.51.51.1.50.50.50.50.1.50.2.51.51.51.1.50.2.50.1.50.24.50.50.50.51.1.50.51.1.xover.mutate.done 50
 generation 6.50.50.50.50.50.50.50.50.50.50.50.50.4.50.50.50.50.58.50.50.50.0.50.50.50.50.50.50.50.36.50.50.0.50.50.50.0.50.50.50.50.50.11.0.50.50.0.50.50.50.xover.mutate.done 50
 generation 7.56.50.50.50.50.50.50.50.50.50.50.13.50.50.50.0.50.0.50.50.50.50.0.15.50.0.50.0.27.0.50.50.0.50.0.50.10.0.13.50.50.50.50.50.50.50.0.13.50.0.xover.mutate.done 50
 generation 8.51.52.52.52.52.50.52.52.52.50.52.52.52.52.50.0.52.52.52.52.8.50.52.52.50.52.50.52.2.50.52.2.52.52.51.2.50.52.2.2.52.50.50.52.2.31.8.52.52.2.xover.mutate.done 50
 generation 9.51.51.51.51.51.51.51.51.51.51.51.32.51.1.51.1.51.51.51.51.0.50.1.1.50.1.44.0.1.1.26.50.51.51.51.50.5.50.1.51.51.1.1.50.50.50.1.1.51.1.xover.mutate.done 50
 generation 10.51.51.51.51.51.51.51.51.51.51.50.3.28.50.51.51.29.51.51.51.51.51.50.3.3.51.1.51.51.28.3.50.51.50.51.8.51.51.51.33.1.26.51.3.51.51.51.1.1.51.xover.mutate.done 50
 generation 11.51.51.51.51.51.51.51.51.51.51.51.51.2.2.2.30.1.1.26.51.51.2.51.51.3.2.51.51.1.2.2.2.51.50.51.51.51.50.51.51.51.51.51.51.51.51.51.51.51.51.xover.mutate.done 50
 generation 12.52.52.52.52.52.52.52.52.52.52.0.2.50.2.52.52.2.52.2.34.52.50.52.2.2.52.35.2.52.2.2.8.52.2.52.52.52.52.2.52.2.52.37.2.52.2.52.50.52.52.xover.mutate.done 50
 generation 13.51.51.51.51.51.51.51.51.51.51.51.51.51.51.51.51.12.51.50.1.4.51.4.51.51.50.51.50.51.36.51.4.51.15.51.51.51.51.51.51.4.15.51.51.51.4.1.51.35.20.xover.mutate.done 50
 generation 14.51.51.51.51.51.51.51.51.51.51.51.50.1.16.51.51.51.51.31.4.51.51.51.51.51.50.51.31.37.51.51.50.51.51.51.4.51.4.51.4.51.51.4.51.51.50.51.4.51.25.xover.mutate.done 50
 generation 15.50.50.50.50.50.50.50.50.50.50.0.1.50.50.50.50.50.50.50.50.50.50.50.50.50.50.1.32.50.50.50.50.50.50.50.50.50.50.50.10.50.1.50.29.7.50.32.35.50.50.xover.mutate.done 50
 generation 16.53.53.53.53.53.53.53.53.53.53.53.50.53.53.50.53.53.3.53.53.53.4.50.3.4.34.53.50.50.53.53.53.4.53.53.53.46.53.53.53.45.50.53.53.31.53.53.12.53.53.xover.mutate.done 50
 generation 17.50.50.50.50.50.50.50.50.50.50.50.0.2.50.50.50.50.0.50.50.50.50.2.0.50.50.2.50.2.2.50.50.35.50.50.40.50.2.2.50.50.50.50.50.50.35.50.50.50.50.xover.mutate.done 50
 generation 18.50.50.50.50.50.50.50.50.50.50.50.50.50.32.50.50.50.50.50.50.0.50.50.50.50.50.50.50.50.50.50.50.50.50.50.7.50.50.50.50.50.50.50.50.50.50.50.50.50.50.xover.mutate.done 50
 generation 19.51.51.51.51.51.51.51.51.51.51.51.51.51.51.51.2.51.50.51.51.50.28.51.51.2.51.51.51.51.51.29.51.51.51.51.10.2.51.51.19.7.51.23.51.51.51.51.51.51.51.xover.mutate.done 50
 generation 20.51.51.51.51.51.51.51.51.51.51.51.51.1.51.50.1.1.51.51.51.12.51.51.55.50.51.51.51.51.1.50.8.51.50.1.1.51.1.32.51.51.51.51.1.51.8.51.51.1.51.xover.mutate.done 50
 generation 21.55.51.51.51.51.51.51.51.51.51.51.51.51.51.51.51.51.51.51.51.51.51.1.1.51.51.51.51.51.50.51.51.30.51.51.5.37.51.51.51.51.51.51.50.51.0.1.51.1.51.xover.mutate.done 50
 generation 22.52.50.50.50.50.50.50.50.50.50.0.50.0.50.50.50.50.50.0.50.50.50.50.50.50.50.50.50.50.50.50.50.50.50.0.53.50.0.50.50.50.50.7.50.50.4.50.50.0.50.xover.mutate.done 50
 generation 23.54.54.50.50.50.50.50.50.50.50.50.50.50.50.0.54.50.50.50.0.50.32.50.50.50.50.0.50.0.54.50.50.50.50.50.50.50.50.21.50.50.0.50.50.50.50.0.50.0.50.xover.mutate.done 50
 generation 24.57.57.57.57.52.52.52.52.52.52.52.2.52.52.52.52.52.52.52.7.52.2.2.50.52.52.57.52.52.2.30.52.52.2.52.52.2.2.52.2.2.52.52.52.52.7.52.52.7.2.xover.mutate.done 50
 generation 25.55.55.55.55.55.51.51.51.51.51.51.51.55.1.1.51.1.51.1.51.55.51.5.51.51.5.51.51.51.1.51.51.1.1.51.51.51.55.51.51.51.55.55.55.55.51.51.1.51.55.xover.mutate.done 50
 generation 26.57.57.57.57.57.57.57.57.57.57.36.51.1.57.1.51.57.57.51.57.57.1.51.57.51.51.51.51.51.57.7.51.51.57.57.51.57.7.7.57.51.51.51.51.51.51.1.1.57.57.xover.mutate.done 50
 generation 27.57.56.57.57.57.57.57.56.57.57.52.52.34.2.59.2.34.56.57.7.52.57.57.7.59.38.57.52.2.52.7.52.52.56.56.56.60.57.52.52.7.52.52.7.57.57.57.52.40.52.xover.mutate.done 50
 generation 28.60.60.60.55.55.55.55.55.55.55.55.51.55.6.29.55.56.51.60.60.51.55.55.60.59.59.51.55.55.22.6.60.56.55.55.10.51.55.56.51.60.55.55.60.28.34.51.60.55.2.xover.mutate.done 50
 generation 29.57.57.57.57.57.57.57.57.57.57.6.55.57.57.55.57.57.6.57.6.57.55.8.57.57.57.55.55.57.6.57.55.57.55.57.55.57.57.57.57.52.52.55.52.38.52.55.51.57.52.xover.mutate.done 50
 generation 30.54.54.54.54.54.54.54.54.54.54.54.4.4.54.54.54.50.27.54.54.58.19.52.50.4.54.32.54.54.4.54.52.54.54.54.4.52.4.54.50.50.0.54.54.50.4.52.54.54.54.xover.mutate.done 50
 generation 31.61.56.56.56.56.56.56.56.56.56.61.7.56.50.56.56.56.56.4.12.56.7.56.50.50.56.50.56.56.56.53.56.56.50.7.9.8.53.56.57.50.56.56.8.56.56.56.67.50.56.xover.mutate.done 50
 generation 32.65.62.62.59.60.59.59.59.59.59.19.59.50.59.55.59.59.59.50.59.12.59.59.55.59.60.60.59.59.59.59.50.46.15.59.59.60.15.3.3.38.59.9.59.59.12.38.59.59.18.xover.mutate.done 50
 generation 33.67.64.64.62.62.62.62.61.61.61.40.61.10.60.11.11.75.11.10.40.61.61.61.62.26.61.52.64.61.51.67.61.62.59.62.59.44.12.59.37.61.11.11.61.11.60.59.61.11.61.xover.mutate.done 50
 generation 34.75.66.66.62.62.62.62.62.62.62.62.62.62.33.33.62.58.62.64.73.62.62.62.8.66.58.18.62.58.27.12.62.62.75.44.12.58.62.62.12.62.43.62.62.62.50.39.58.62.12.xover.mutate.done 50
 generation 35.78.78.74.70.70.70.63.59.59.59.57.57.51.57.55.51.57.57.2.57.57.57.63.8.51.57.10.57.57.59.78.21.74.57.57.73.24.64.78.8.22.51.57.59.57.57.51.71.57.51.xover.mutate.done 50
 generation 36.76.76.76.76.69.69.70.65.64.64.63.59.61.57.11.11.59.61.28.50.35.50.57.59.57.67.76.14.59.50.77.50.57.64.59.2.6.70.76.7.2.14.17.57.57.14.76.8.56.61.xover.mutate.done 50
 generation 37.86.82.82.82.82.82.82.82.75.75.67.82.40.64.1.12.51.2.12.75.14.64.83.51.68.51.74.74.70.85.51.64.61.75.40.51.51.64.34.86.51.74.82.64.2.17.84.51.75.84.xover.mutate.done 50
 generation 38.74.74.74.74.74.74.74.74.74.74.67.74.9.68.68.61.74.74.74.51.61.25.50.50.74.25.57.22.74.50.63.74.20.27.55.50.51.3.19.68.74.67.74.32.50.51.9.70.17.50.xover.mutate.done 50
 generation 39.78.78.77.76.77.76.76.76.76.76.2.76.63.58.60.45.65.23.51.62.51.1.26.34.51.76.76.51.50.68.69.76.76.68.51.51.78.76.78.78.50.51.78.51.51.21.78.12.76.51.xover.mutate.done 50
 generation 40.83.83.83.83.83.83.83.79.78.82.35.78.51.43.24.83.50.68.78.78.65.68.51.51.79.2.82.50.51.41.2.51.51.35.51.51.51.32.2.2.43.34.43.51.43.72.82.31.47.51.xover.mutate.done 50
 generation 41.85.85.85.85.85.85.85.85.84.84.1.85.33.81.51.83.50.4.85.85.45.42.84.10.85.38.51.85.38.37.74.39.44.51.51.4.4.80.38.4.85.51.74.51.4.83.4.81.52.51.xover.mutate.done 50
 generation 42.82.82.82.82.82.82.82.82.82.82.50.82.51.51.51.66.82.35.78.51.51.33.78.51.40.81.51.51.1.51.51.51.51.82.32.58.1.51.9.65.66.77.51.32.32.29.13.82.51.51.xover.mutate.done 50
 generation 43.83.83.83.83.83.83.83.83.83.83.50.1.38.79.51.83.51.50.51.51.83.48.83.36.39.51.51.38.55.83.83.2.82.83.51.66.2.66.66.65.43.66.21.80.83.1.43.83.79.64.xover.mutate.done 50
 generation 44.80.80.80.80.80.80.80.80.80.80.67.39.56.32.61.67.63.50.50.80.80.80.41.80.2.50.50.80.67.40.40.2.80.67.42.50.80.2.52.6.50.50.43.62.50.32.62.80.78.63.xover.mutate.done 50
 generation 45.76.76.76.76.76.76.76.76.76.76.76.51.76.1.2.51.41.51.76.76.71.41.40.50.51.76.51.51.71.2.51.76.76.27.70.51.60.76.60.76.40.76.13.76.76.51.76.76.70.50.xover.mutate.done 50
 generation 46.86.86.86.86.86.86.86.86.86.86.51.85.15.86.40.50.41.50.57.86.86.62.46.5.86.37.50.86.86.75.37.75.49.50.86.86.86.50.70.46.50.86.75.70.85.50.62.86.49.62.xover.mutate.done 50
 generation 47.84.84.84.84.84.84.84.84.84.84.16.44.42.50.51.43.50.22.50.84.84.74.44.50.74.66.78.51.1.43.84.27.84.51.46.39.67.83.84.22.83.1.12.50.84.67.34.50.51.51.xover.mutate.done 50
 generation 48.79.79.79.79.79.79.79.79.79.79.66.51.51.51.1.52.51.29.3.17.1.51.51.52.51.40.45.15.37.38.44.51.79.32.50.79.52.44.43.50.50.11.43.50.14.37.39.79.51.51.xover.mutate.done 50
 generation 49.79.79.79.79.79.79.79.79.79.79.50.15.70.11.50.44.51.79.79.59.34.51.67.1.51.31.79.50.1.1.46.50.1.50.40.51.51.26.39.31.50.40.40.79.70.37.40.78.19.23.xover.mutate.done 50
 17835924 iters     883216 iter/sec (20.19 s)
 total time: 20.19
