% Invoked: ./gella -d -r 2 -l biased_r2/run28 >& biased_r2/run28.log
% Ministry of Cellular Automata
% Project Deux (CS523 Spring 2015)
% Version:v0.1-70-g0624-dirty
%  pop:50
%  ic count:100
%  CA Log option:biased_r2/run28
%  width:121
%  max workers:4
%  radius:2
%  iterations:300
%  use bias:true
%  generations:50

 generation 0.2.1.50.50.2.50.1.50.1.50.1.50.50.14.1.50.1.50.1.2.50.2.50.2.2.50.1.2.8.1.2.50.48.1.2.2.50.50.1.1.50.2.50.1.51.1.2.1.1.1.xover.mutate.done 50
 generation 1.50.50.50.50.50.50.50.50.50.50.0.50.50.50.1.1.2.4.50.24.0.0.50.1.1.50.1.39.50.50.9.4.9.1.17.50.1.50.11.1.50.12.2.1.0.46.35.1.1.50.xover.mutate.done 50
 generation 2.50.50.50.50.50.50.50.50.50.50.0.31.0.50.50.0.0.50.50.50.13.0.0.50.0.50.50.50.50.50.50.0.0.0.0.17.40.15.50.0.18.50.0.0.50.50.50.44.50.50.xover.mutate.done 50
 generation 3.52.50.50.50.50.50.50.50.50.50.51.3.50.1.50.1.50.3.50.51.3.50.51.13.50.50.1.1.1.50.52.51.3.1.51.50.9.3.20.13.50.50.50.2.50.2.50.3.50.23.xover.mutate.done 50
 generation 4.51.51.51.51.51.51.51.50.50.50.1.1.3.51.2.51.11.50.50.11.50.51.50.50.50.51.2.17.50.50.50.51.51.10.20.24.51.22.20.6.50.12.1.50.51.50.2.11.50.2.xover.mutate.done 50
 generation 5.50.50.51.51.51.51.51.50.51.50.1.50.51.50.50.50.40.50.6.50.50.50.6.50.1.50.11.9.7.0.50.0.50.5.1.50.50.50.50.30.50.50.10.0.1.1.5.50.50.1.xover.mutate.done 50
 generation 6.50.50.50.50.50.50.50.50.50.50.0.50.0.50.50.50.45.50.50.50.50.50.15.50.50.50.50.50.0.0.0.50.50.9.0.50.50.50.0.0.50.50.0.0.50.50.50.50.0.5.xover.mutate.done 50
 generation 7.50.50.50.50.50.50.50.51.51.51.50.50.1.51.50.0.50.1.1.50.51.51.51.1.50.50.51.50.1.1.1.0.51.1.51.1.50.51.1.51.51.50.50.51.12.0.51.15.51.51.xover.mutate.done 50
 generation 8.51.51.51.51.51.51.51.51.51.51.0.51.1.4.50.50.50.50.50.51.51.4.51.1.7.1.10.9.6.51.51.51.51.51.1.50.1.50.51.50.50.1.1.50.51.50.50.51.50.1.xover.mutate.done 50
 generation 9.51.51.51.51.51.51.51.51.51.51.15.2.2.51.2.2.51.2.51.2.1.51.51.51.51.2.51.51.51.51.2.2.50.2.51.51.2.2.51.51.51.51.2.2.2.51.51.2.51.2.xover.mutate.done 50
 generation 10.53.53.53.53.53.53.53.53.53.53.53.53.53.53.3.53.53.3.53.53.53.53.53.53.3.53.53.3.50.53.50.3.53.53.3.53.53.53.3.53.53.11.50.3.3.53.53.50.53.50.xover.mutate.done 50
 generation 11.51.51.51.51.51.51.51.51.51.51.27.51.51.1.15.51.1.51.51.51.9.1.50.51.51.51.51.51.51.51.51.51.51.51.1.1.51.51.51.51.51.51.1.1.51.1.1.1.50.51.xover.mutate.done 50
 generation 12.50.50.50.50.50.50.50.50.50.50.50.50.50.50.50.11.50.50.50.0.0.0.50.50.50.0.0.0.0.50.50.73.50.0.0.50.50.10.50.50.50.50.45.50.50.50.0.50.0.50.xover.mutate.done 50
 generation 13.80.52.52.52.52.52.52.52.52.52.52.52.14.3.3.52.52.14.67.13.52.52.52.52.52.52.52.52.3.52.52.52.52.52.52.17.52.52.3.67.80.52.13.3.52.3.52.2.52.2.xover.mutate.done 50
 generation 14.73.72.61.61.51.51.51.51.51.51.2.51.51.51.5.51.17.16.33.51.51.51.2.50.51.74.51.51.15.51.2.51.51.51.34.51.51.50.61.1.51.51.51.2.51.51.51.51.51.11.xover.mutate.done 50
 generation 15.78.77.76.61.61.61.50.50.50.50.42.50.50.50.76.81.50.50.50.0.0.50.11.50.57.50.50.76.64.0.50.37.3.50.50.0.37.50.0.43.11.7.50.50.50.50.0.17.50.64.xover.mutate.done 50
 generation 16.84.79.78.79.77.79.67.65.64.64.50.50.50.25.43.50.43.77.50.50.79.11.0.11.50.83.84.50.50.50.50.50.14.33.0.15.50.50.15.50.50.50.50.50.50.50.50.50.0.47.xover.mutate.done 50
 generation 17.78.78.78.77.77.77.77.76.75.75.51.39.77.76.3.19.51.77.51.51.7.2.3.51.51.51.51.75.51.18.51.1.77.51.3.51.77.29.51.20.75.18.51.77.51.41.14.51.78.1.xover.mutate.done 50
 generation 18.80.80.77.80.77.76.76.76.76.76.1.51.51.15.76.77.77.51.77.77.51.51.1.76.51.12.42.51.2.2.77.37.2.38.51.32.13.34.76.77.38.27.51.43.51.51.19.51.77.51.xover.mutate.done 50
 generation 19.78.78.78.76.75.75.75.75.75.76.38.50.58.9.50.1.28.14.73.1.31.73.51.1.50.32.51.17.28.36.39.38.50.1.9.23.29.26.50.51.51.76.51.1.24.1.1.28.17.1.xover.mutate.done 50
 generation 20.80.80.80.79.79.79.78.78.78.78.50.38.77.0.2.3.28.78.79.23.78.22.78.50.50.79.50.23.80.50.30.50.50.78.50.78.50.22.50.0.50.34.8.80.50.3.80.30.78.30.xover.mutate.done 50
 generation 21.83.83.83.83.83.83.81.81.81.79.50.50.78.50.30.57.50.70.81.83.79.0.30.50.50.6.6.50.50.1.28.0.50.28.50.50.50.0.51.50.78.50.0.7.81.77.79.7.83.0.xover.mutate.done 50
 generation 22.74.74.74.74.74.74.74.74.74.74.39.50.5.50.17.73.19.24.73.74.74.74.38.3.50.36.40.50.74.50.73.50.74.53.2.24.73.53.3.32.66.53.37.74.5.50.50.50.74.36.xover.mutate.done 50
 generation 23.81.81.81.81.81.81.81.81.80.80.50.50.50.81.81.81.50.50.50.50.50.14.81.81.6.38.40.32.40.50.50.38.50.50.81.80.0.36.50.31.31.33.0.50.0.9.30.50.50.16.xover.mutate.done 50
 generation 24.82.82.82.82.82.82.82.82.82.82.55.50.50.0.0.48.50.44.44.53.54.82.0.50.50.50.0.82.50.0.15.50.50.18.50.53.82.50.59.13.50.15.82.36.50.50.0.50.31.44.xover.mutate.done 50
 generation 25.79.79.79.79.79.79.79.79.79.79.50.4.50.0.41.50.50.50.32.79.0.43.50.50.79.63.33.50.50.30.79.21.79.50.30.79.79.50.0.50.76.50.79.36.79.77.21.37.33.79.xover.mutate.done 50
 generation 26.84.84.84.84.84.84.84.84.84.84.86.8.34.51.36.51.51.51.52.3.52.51.41.84.51.3.43.48.16.33.3.84.18.36.50.83.52.52.52.84.52.3.84.71.84.17.52.52.51.32.xover.mutate.done 50
 generation 27.81.80.80.80.80.80.80.80.80.80.47.3.3.80.69.50.31.52.16.52.52.52.51.57.51.1.80.52.6.70.80.51.31.52.79.50.79.11.69.80.80.52.51.80.79.80.51.69.51.52.xover.mutate.done 50
 generation 28.76.76.76.76.76.76.76.76.76.76.32.42.76.13.50.51.32.9.10.49.29.27.50.1.50.50.2.53.69.9.76.29.76.51.76.76.50.26.30.50.76.31.25.76.50.76.1.27.51.76.xover.mutate.done 50
 generation 29.82.80.80.80.80.80.80.80.80.80.1.50.50.50.80.58.1.80.80.20.51.51.32.50.34.43.30.80.50.71.71.50.31.50.51.30.50.3.60.51.50.6.9.80.34.6.57.3.50.50.xover.mutate.done 50
 generation 30.86.86.86.86.86.86.86.86.86.86.7.9.2.51.50.87.3.51.86.3.59.86.52.51.14.51.50.39.39.57.86.2.37.38.87.57.86.86.2.38.33.3.3.51.2.51.29.52.8.52.xover.mutate.done 50
 generation 31.80.80.80.78.78.78.78.78.78.78.80.54.80.50.56.16.50.0.78.56.4.78.39.78.50.30.78.55.66.78.0.4.78.29.28.50.77.50.27.28.0.50.33.29.50.28.0.78.0.78.xover.mutate.done 50
 generation 32.89.89.89.89.89.87.87.87.87.87.62.3.87.19.9.89.38.14.51.53.43.15.7.50.62.89.8.14.3.50.86.43.89.3.7.89.41.39.60.6.30.53.89.6.53.50.50.4.50.89.xover.mutate.done 50
 generation 33.85.85.85.85.85.85.85.85.85.85.85.50.82.50.3.85.53.85.50.53.85.85.3.50.3.3.50.44.45.3.50.85.3.82.85.3.20.85.9.50.62.62.15.85.82.85.85.48.62.3.xover.mutate.done 50
 generation 34.88.88.88.88.88.88.88.88.88.88.0.50.84.51.50.88.88.55.43.50.38.55.1.50.88.51.86.88.46.88.47.88.24.78.43.50.78.86.51.51.88.88.27.88.70.84.50.86.51.6.xover.mutate.done 50
 generation 35.86.86.86.86.86.86.86.86.86.86.86.43.14.2.50.37.51.51.48.86.63.52.51.86.43.51.51.51.86.57.40.51.49.65.1.8.86.48.86.59.46.86.31.86.86.51.48.63.10.63.xover.mutate.done 50
 generation 36.82.82.82.82.82.82.82.82.82.82.3.1.70.51.77.51.55.82.56.50.15.82.44.76.82.51.82.73.38.1.53.82.15.38.49.15.82.1.55.82.51.51.6.82.82.43.51.82.52.82.xover.mutate.done 50
 generation 37.82.82.82.82.82.82.82.82.82.82.34.82.23.16.49.65.82.1.80.50.1.36.75.55.6.82.13.51.50.80.82.78.16.32.82.78.1.32.14.14.17.42.44.82.29.58.32.82.82.82.xover.mutate.done 50
 generation 38.83.83.83.83.83.83.83.83.83.83.73.13.46.33.60.33.81.28.43.51.27.83.83.13.33.74.83.83.35.39.62.46.28.17.46.21.49.83.4.81.83.63.61.81.84.9.43.83.39.77.xover.mutate.done 50
 generation 39.81.81.81.81.81.81.81.81.81.81.52.51.81.36.32.25.48.5.50.81.81.2.50.46.24.51.40.81.52.81.81.74.36.40.3.52.49.3.81.23.68.50.51.40.81.81.7.53.81.33.xover.mutate.done 50
 generation 40.81.81.81.81.81.81.81.81.81.81.81.58.52.60.51.81.81.29.58.81.29.50.81.51.32.50.51.58.58.51.1.27.50.58.23.60.81.50.50.52.81.1.81.74.14.1.39.81.56.81.xover.mutate.done 50
 generation 41.87.87.87.87.87.87.87.87.87.87.50.45.62.8.50.45.86.87.59.26.86.45.59.43.49.45.33.18.45.63.26.59.21.62.59.21.87.45.87.49.12.0.8.50.59.50.45.0.87.62.xover.mutate.done 50
 generation 42.81.81.81.81.81.81.81.81.81.81.81.40.41.25.10.50.32.81.43.45.23.81.60.64.0.27.81.40.47.32.81.48.60.32.50.81.50.43.2.12.64.61.61.40.48.52.81.81.50.40.xover.mutate.done 50
 generation 43.79.78.78.78.78.78.78.78.78.78.78.38.38.25.76.53.78.29.78.50.53.12.78.78.39.38.25.41.39.53.78.29.74.39.41.38.46.79.39.78.50.10.53.50.57.3.53.53.12.12.xover.mutate.done 50
 generation 44.84.84.84.84.84.84.84.84.84.84.50.67.50.62.20.50.1.6.63.50.15.84.27.13.13.62.84.18.39.1.18.41.31.63.84.42.51.54.43.49.50.39.56.0.42.84.51.53.62.81.xover.mutate.done 50
 generation 45.89.89.89.89.89.89.89.89.89.89.89.89.9.51.89.14.12.9.56.44.34.26.4.89.53.47.89.89.44.89.89.89.49.17.12.4.49.53.48.64.62.89.17.64.51.18.51.51.16.51.xover.mutate.done 50
 generation 46.86.86.86.86.86.86.86.86.86.86.48.86.86.50.38.50.50.63.47.58.86.36.86.0.86.37.0.86.0.37.50.21.0.50.50.86.50.21.10.18.8.8.0.50.0.18.50.8.50.8.xover.mutate.done 50
 generation 47.80.80.80.80.80.80.80.80.80.80.51.59.80.51.59.29.47.51.80.51.47.51.1.50.80.51.13.12.80.28.51.59.51.80.80.51.32.80.51.1.2.50.59.80.80.80.15.21.56.9.xover.mutate.done 50
 generation 48.83.83.83.83.83.83.83.83.83.83.39.51.1.83.50.83.83.50.83.39.27.51.15.9.38.51.51.83.8.42.50.59.83.83.39.39.50.80.50.83.80.83.48.50.37.51.80.53.9.50.xover.mutate.done 50
 generation 49.85.85.85.85.85.85.85.85.85.85.50.50.8.50.50.41.85.85.80.50.85.8.35.50.50.83.58.85.85.50.36.50.58.0.50.85.20.49.85.85.0.83.50.50.50.36.43.85.85.50.xover.mutate.done 50
 21557648 iters     882316 iter/sec (24.43 s)
 total time: 24.43
