50 50 50 50 50 50 50 50 50 50 50 50 13 6 5 1 1 1 1 1 1 1 1 1 1 1 1 1 1 1 1 1 1 1 1 1 1 1 1 1 1 1 0 0 0 0 0 0 0 0 
51 51 51 50 50 50 50 50 50 50 50 50 50 50 50 50 50 50 50 50 50 46 33 31 19 14 12 12 10 8 7 1 1 1 1 1 1 1 1 1 1 1 1 0 0 0 0 0 0 0 
50 50 50 50 50 50 50 50 50 50 50 50 50 50 50 50 50 50 50 50 50 50 50 50 50 50 50 50 50 50 50 38 10 8 7 6 6 6 3 0 0 0 0 0 0 0 0 0 0 0 
54 54 54 54 54 54 54 54 51 51 50 50 50 50 50 50 50 50 50 50 50 50 50 50 50 50 50 50 30 22 19 19 5 5 5 5 5 5 4 4 4 4 4 1 1 1 1 1 1 1 
71 51 51 51 51 51 51 51 51 51 51 51 51 51 51 51 51 51 51 51 51 50 50 50 50 50 50 50 50 50 50 50 50 50 50 50 50 50 46 12 7 1 1 1 1 1 1 0 0 0 
64 50 50 50 50 50 50 50 50 50 50 50 50 50 50 50 50 50 50 50 50 50 50 50 50 13 5 0 0 0 0 0 0 0 0 0 0 0 0 0 0 0 0 0 0 0 0 0 0 0 
68 62 57 55 53 53 53 53 53 53 53 53 53 53 53 53 53 53 53 53 53 53 53 53 53 53 50 50 50 50 3 3 3 3 3 3 3 3 3 3 3 3 3 3 3 3 3 3 3 3 
70 60 59 54 52 50 50 50 50 50 50 50 50 50 50 50 50 50 50 50 50 50 50 50 50 50 50 50 50 50 50 16 13 2 2 2 2 2 2 2 2 2 2 2 2 2 2 0 0 0 
66 61 59 57 51 51 51 51 51 51 51 51 51 51 51 51 51 51 51 51 51 51 51 51 51 51 50 50 24 19 17 13 11 2 2 2 2 2 2 2 2 2 2 2 2 1 1 1 1 1 
69 64 63 55 51 51 51 51 50 50 50 50 50 50 50 50 50 50 50 50 50 50 50 50 50 50 50 50 41 41 35 18 18 18 11 9 1 1 1 1 1 1 1 1 1 1 1 1 0 0 
66 60 58 54 51 51 51 51 51 51 51 51 51 51 51 51 51 51 51 51 51 51 51 51 51 51 51 51 50 50 37 11 10 6 2 2 2 2 2 2 2 2 2 2 2 2 2 1 1 1 
64 60 60 56 51 51 51 51 51 51 51 51 51 51 51 51 50 50 50 50 50 50 50 50 50 50 50 50 50 50 50 50 50 50 50 50 46 34 21 16 8 7 6 1 1 1 1 1 1 1 
66 64 61 57 55 53 53 53 53 53 53 53 53 53 53 53 53 50 50 50 50 50 50 50 50 37 29 24 17 15 13 3 3 3 3 3 3 3 3 3 3 3 3 3 3 3 3 0 0 0 
75 67 62 58 57 53 50 50 50 50 50 50 50 50 50 50 50 50 50 50 50 50 17 13 9 8 8 8 4 0 0 0 0 0 0 0 0 0 0 0 0 0 0 0 0 0 0 0 0 0 
78 78 72 72 72 64 60 60 55 53 50 50 50 50 50 50 50 50 50 50 50 50 39 37 32 22 16 15 15 15 14 10 8 5 0 0 0 0 0 0 0 0 0 0 0 0 0 0 0 0 
78 77 76 76 76 73 73 73 69 69 63 61 59 53 52 51 51 51 50 44 42 42 27 23 22 22 22 22 21 19 19 16 15 13 13 3 3 3 3 3 3 3 3 3 3 3 3 3 2 1 
76 76 76 76 76 75 68 68 67 67 67 67 67 67 62 62 62 62 51 51 51 50 50 50 44 42 32 18 18 18 17 17 15 14 12 9 7 6 4 3 1 1 1 1 1 0 0 0 0 0 
81 81 75 75 75 75 75 75 75 75 75 75 71 68 67 65 65 65 65 65 65 65 52 52 51 51 51 41 34 27 27 21 21 20 19 18 16 13 13 5 5 5 5 3 3 3 3 3 2 1 
81 81 79 77 77 77 75 75 75 75 75 75 75 75 75 75 75 70 70 70 70 69 60 60 60 60 60 60 54 52 50 50 50 50 50 42 36 26 26 24 21 20 20 15 10 6 0 0 0 0 
85 72 72 72 72 69 67 67 67 67 67 67 67 67 67 67 67 67 67 67 67 67 67 67 66 62 62 53 53 53 52 51 51 50 50 34 34 34 29 28 28 26 17 17 17 17 15 3 1 1 
84 84 84 83 83 83 78 77 77 75 75 75 75 75 75 75 75 75 75 74 73 73 73 69 57 51 51 51 51 51 51 50 49 45 37 36 36 35 34 33 33 28 27 26 16 10 10 2 1 1 
85 81 81 81 81 81 81 81 81 81 81 80 79 79 78 77 76 76 75 75 75 75 75 74 71 70 69 69 67 65 62 61 60 52 51 51 51 51 51 37 35 34 34 34 32 32 24 24 20 2 
84 79 79 79 79 78 78 78 78 78 78 78 78 78 78 78 78 78 78 75 74 73 72 72 72 71 66 66 64 64 63 60 56 56 53 50 50 50 50 50 50 50 50 49 45 31 29 22 19 10 
81 76 76 76 76 76 76 76 76 76 76 76 76 76 76 76 76 76 76 76 72 72 71 71 71 70 70 66 62 57 52 50 50 50 50 50 50 50 50 50 50 50 50 31 27 26 20 14 0 0 
87 83 83 83 83 83 83 83 83 83 83 83 82 82 82 82 82 82 82 82 82 79 77 77 76 64 61 61 59 52 52 52 52 52 52 50 50 50 50 50 50 50 46 45 39 37 28 27 2 0 
82 73 73 73 73 73 73 73 73 73 73 73 73 73 73 73 73 73 73 73 73 73 73 73 73 72 71 69 69 69 66 66 66 65 55 55 55 53 53 52 51 50 50 41 36 28 27 27 10 5 
79 79 79 79 79 79 79 79 79 79 79 79 79 79 79 79 79 79 79 79 79 78 78 78 78 78 67 65 65 65 64 62 59 57 51 51 51 51 51 51 50 50 40 39 29 27 17 7 6 1 
86 86 86 86 86 86 86 86 86 86 86 86 86 86 86 86 85 79 76 73 70 69 67 64 57 57 52 52 52 52 52 51 51 51 51 50 48 46 44 44 37 24 21 20 20 20 11 10 3 2 
79 79 79 79 79 79 79 79 79 79 79 79 79 79 79 79 79 79 79 79 79 79 79 77 76 76 65 63 60 51 51 51 51 50 50 47 46 46 44 43 35 34 33 33 33 30 27 19 1 1 
79 79 79 79 79 79 79 79 79 79 79 79 79 79 79 79 79 79 79 79 79 79 79 79 79 79 79 79 78 71 71 58 56 56 53 53 53 53 53 53 52 52 52 52 49 31 30 16 13 5 
80 80 80 80 80 80 80 80 80 80 80 80 80 80 80 80 80 80 80 80 80 80 80 80 80 80 79 76 75 55 54 51 51 51 50 50 50 50 50 50 50 50 50 44 44 41 10 6 1 1 
75 75 75 75 75 75 75 75 75 75 75 75 75 75 74 74 74 74 74 74 74 74 74 74 74 74 74 72 71 71 69 61 55 51 51 50 50 50 50 47 47 45 37 36 34 27 13 12 1 0 
77 77 77 77 77 77 76 76 76 76 76 76 76 76 76 76 76 76 76 76 76 76 76 76 75 75 75 73 72 72 59 58 51 51 51 51 51 51 51 51 51 51 51 10 9 2 2 2 2 1 
77 77 77 77 77 77 77 77 77 77 77 77 77 77 77 77 77 77 77 77 77 77 76 76 72 72 71 58 58 58 58 56 56 53 51 51 51 51 51 51 51 51 51 34 33 27 11 7 2 2 
80 80 80 80 80 80 80 80 80 80 80 80 79 79 79 79 79 79 79 79 79 79 78 72 69 64 61 58 56 55 55 51 51 51 51 51 50 45 45 44 43 43 43 40 32 31 17 17 2 2 
72 72 72 72 72 72 72 72 72 72 72 72 72 72 72 72 72 72 70 59 55 55 55 54 52 52 52 52 52 52 52 52 51 51 51 47 43 41 39 36 36 36 36 36 29 29 26 23 11 10 
83 83 83 83 83 83 83 83 83 83 83 83 83 83 83 83 83 83 82 81 78 77 62 62 60 59 51 51 51 51 50 50 50 50 49 41 38 36 35 34 32 32 28 26 26 26 23 22 11 11 
83 83 83 83 83 83 83 83 83 83 83 83 83 83 83 83 83 83 83 83 81 81 81 80 75 65 64 58 57 57 57 57 52 51 51 51 51 51 51 50 50 45 41 41 41 34 21 7 2 1 
76 76 76 76 76 76 76 76 76 76 76 76 76 76 76 76 76 76 76 76 76 76 75 75 72 70 60 58 56 56 56 53 53 51 51 50 50 50 50 45 45 34 34 27 27 21 10 9 7 1 
77 77 77 77 77 77 77 77 77 77 77 77 77 77 77 77 77 77 72 72 68 67 67 62 55 54 51 51 51 51 50 49 49 49 47 42 38 36 36 36 35 28 28 9 8 7 5 1 1 1 
79 79 79 79 79 79 79 79 79 79 79 79 79 79 79 79 79 79 77 74 74 71 71 64 64 59 52 52 52 52 51 51 51 51 51 50 46 43 42 41 40 32 31 27 21 13 12 9 3 3 
83 83 83 83 83 83 83 83 83 83 83 83 83 83 83 83 83 83 83 83 82 82 75 75 75 74 73 73 70 70 66 54 52 52 52 50 50 50 47 47 43 35 33 32 26 25 19 18 13 2 
79 79 79 79 79 79 79 79 79 79 79 79 79 79 79 79 79 79 79 74 74 74 72 72 72 72 69 67 62 61 57 51 50 50 50 50 50 39 33 31 29 22 20 16 15 15 14 14 7 6 
82 82 82 82 82 82 82 82 82 82 82 82 82 82 82 82 82 82 82 82 82 82 82 82 82 82 82 77 76 75 74 71 57 56 56 55 51 50 50 50 49 40 38 38 33 29 29 18 8 1 
83 83 83 83 83 83 83 83 83 83 83 83 83 83 83 83 83 83 83 83 83 83 83 78 78 78 77 74 64 64 64 64 61 61 58 57 51 51 51 51 50 50 42 36 36 30 30 29 13 10 
79 79 79 79 79 79 79 79 79 79 79 79 79 79 79 79 79 79 79 79 79 79 74 72 64 64 63 63 58 56 52 52 52 52 52 52 51 51 51 51 51 50 50 50 50 50 47 32 29 3 
78 78 78 78 78 78 78 78 78 78 78 78 78 76 76 76 73 70 69 69 67 66 66 66 65 64 64 62 56 50 50 50 50 50 50 50 50 50 50 50 50 48 41 40 40 28 4 0 0 0 
81 81 81 81 81 81 81 81 81 81 81 81 81 81 81 81 81 79 76 76 76 76 73 72 71 70 69 69 64 62 62 57 51 51 51 51 50 50 50 50 48 47 34 32 24 23 23 8 8 7 
83 83 83 83 83 83 83 83 83 83 83 83 83 83 83 83 83 83 83 83 83 83 82 80 79 78 78 74 70 70 61 55 51 51 51 51 51 51 51 50 50 50 47 34 34 34 14 2 2 2 
83 83 83 83 83 83 83 83 83 83 83 83 83 83 83 83 83 83 83 83 83 83 77 73 72 67 67 60 50 50 50 50 50 50 50 50 50 50 50 50 48 43 40 39 33 33 27 27 0 0 
