51 50 50 50 50 50 50 50 50 50 50 50 50 50 50 50 50 50 48 14 8 2 2 2 2 2 2 2 2 2 2 2 2 1 1 1 1 1 1 1 1 1 1 1 1 1 1 1 1 1 
50 50 50 50 50 50 50 50 50 50 50 50 50 50 50 50 50 50 50 50 50 50 46 39 35 24 17 12 11 9 9 4 4 2 2 1 1 1 1 1 1 1 1 1 1 1 0 0 0 0 
50 50 50 50 50 50 50 50 50 50 50 50 50 50 50 50 50 50 50 50 50 50 50 50 50 50 50 50 50 44 40 31 18 17 15 13 0 0 0 0 0 0 0 0 0 0 0 0 0 0 
52 52 51 51 51 51 51 50 50 50 50 50 50 50 50 50 50 50 50 50 50 50 50 50 50 50 50 50 50 50 50 23 20 13 13 9 3 3 3 3 3 3 2 2 1 1 1 1 1 1 
51 51 51 51 51 51 51 51 51 51 51 51 51 51 51 50 50 50 50 50 50 50 50 50 50 50 50 50 50 50 50 24 22 20 20 17 12 11 11 11 10 6 3 2 2 2 2 1 1 1 
51 51 51 51 51 51 51 50 50 50 50 50 50 50 50 50 50 50 50 50 50 50 50 50 50 50 50 50 50 50 50 40 30 11 10 9 7 6 6 5 5 1 1 1 1 1 1 0 0 0 
50 50 50 50 50 50 50 50 50 50 50 50 50 50 50 50 50 50 50 50 50 50 50 50 50 50 50 50 50 50 50 50 50 50 50 45 15 9 5 0 0 0 0 0 0 0 0 0 0 0 
51 51 51 51 51 51 51 51 51 51 51 51 51 51 51 51 51 50 50 50 50 50 50 50 50 50 50 50 50 50 50 50 50 50 50 15 12 1 1 1 1 1 1 1 1 1 1 0 0 0 
51 51 51 51 51 51 51 51 51 51 51 51 51 51 51 51 51 51 51 51 51 51 50 50 50 50 50 50 50 50 50 50 50 50 50 10 9 7 6 4 4 1 1 1 1 1 1 1 1 0 
51 51 51 51 51 51 51 51 51 51 51 51 51 51 51 51 51 51 51 51 51 51 51 51 51 51 51 51 51 51 50 15 2 2 2 2 2 2 2 2 2 2 2 2 2 2 2 2 2 1 
53 53 53 53 53 53 53 53 53 53 53 53 53 53 53 53 53 53 53 53 53 53 53 53 53 53 53 53 53 53 53 53 53 53 53 50 50 50 50 50 11 3 3 3 3 3 3 3 3 3 
51 51 51 51 51 51 51 51 51 51 51 51 51 51 51 51 51 51 51 51 51 51 51 51 51 51 51 51 51 51 51 51 51 51 51 50 50 27 15 9 1 1 1 1 1 1 1 1 1 1 
73 50 50 50 50 50 50 50 50 50 50 50 50 50 50 50 50 50 50 50 50 50 50 50 50 50 50 50 50 50 50 50 50 50 50 50 45 11 10 0 0 0 0 0 0 0 0 0 0 0 
80 80 67 67 52 52 52 52 52 52 52 52 52 52 52 52 52 52 52 52 52 52 52 52 52 52 52 52 52 52 52 52 52 52 52 52 52 17 14 14 13 13 3 3 3 3 3 3 2 2 
74 73 72 61 61 61 51 51 51 51 51 51 51 51 51 51 51 51 51 51 51 51 51 51 51 51 51 51 51 51 51 51 51 51 51 51 50 50 34 33 17 16 15 11 5 2 2 2 2 1 
81 78 77 76 76 76 64 64 61 61 61 57 50 50 50 50 50 50 50 50 50 50 50 50 50 50 50 50 50 50 50 50 50 50 50 43 42 37 37 17 11 11 7 3 0 0 0 0 0 0 
84 84 83 79 79 79 79 78 77 77 67 65 64 64 50 50 50 50 50 50 50 50 50 50 50 50 50 50 50 50 50 50 50 50 50 50 50 47 43 43 33 25 15 15 14 11 11 0 0 0 
78 78 78 78 77 77 77 77 77 77 77 77 77 76 76 75 75 75 75 51 51 51 51 51 51 51 51 51 51 51 51 51 51 51 51 41 39 29 20 19 18 18 14 7 3 3 3 2 1 1 
80 80 80 77 77 77 77 77 77 77 77 77 76 76 76 76 76 76 76 76 51 51 51 51 51 51 51 51 51 51 51 51 51 43 42 38 38 37 34 32 27 19 15 13 12 2 2 2 1 1 
78 78 78 76 76 76 75 75 75 75 75 73 73 58 51 51 51 51 51 50 50 50 50 50 39 38 38 36 32 31 29 28 28 28 26 24 23 17 17 14 9 9 1 1 1 1 1 1 1 1 
80 80 80 80 80 80 79 79 79 79 79 78 78 78 78 78 78 78 78 78 78 77 50 50 50 50 50 50 50 50 50 50 50 50 38 34 30 30 30 28 23 23 22 22 8 3 3 2 0 0 
83 83 83 83 83 83 83 83 81 81 81 81 81 79 79 79 78 78 77 70 57 51 50 50 50 50 50 50 50 50 50 50 50 50 50 50 30 30 28 28 7 7 6 6 1 0 0 0 0 0 
74 74 74 74 74 74 74 74 74 74 74 74 74 74 74 74 74 73 73 73 73 66 53 53 53 50 50 50 50 50 50 50 50 50 40 39 38 37 36 36 32 24 24 19 17 5 5 3 3 2 
81 81 81 81 81 81 81 81 81 81 81 81 81 81 80 80 80 50 50 50 50 50 50 50 50 50 50 50 50 50 50 50 50 40 40 38 38 36 33 32 31 31 30 16 14 9 6 0 0 0 
82 82 82 82 82 82 82 82 82 82 82 82 82 82 59 55 54 53 53 50 50 50 50 50 50 50 50 50 50 50 50 50 50 50 48 44 44 44 36 31 18 15 15 13 0 0 0 0 0 0 
79 79 79 79 79 79 79 79 79 79 79 79 79 79 79 79 79 79 79 77 76 63 50 50 50 50 50 50 50 50 50 50 50 50 50 43 41 37 36 33 33 32 30 30 21 21 4 0 0 0 
86 84 84 84 84 84 84 84 84 84 84 84 84 84 84 84 83 71 52 52 52 52 52 52 52 52 51 51 51 51 51 51 51 50 48 43 41 36 36 34 33 32 18 17 16 8 3 3 3 3 
81 80 80 80 80 80 80 80 80 80 80 80 80 80 80 80 80 79 79 79 70 69 69 69 57 52 52 52 52 52 52 52 52 51 51 51 51 51 51 50 50 47 31 31 16 11 6 3 3 1 
76 76 76 76 76 76 76 76 76 76 76 76 76 76 76 76 76 76 76 69 53 51 51 51 50 50 50 50 50 50 50 49 42 32 32 31 30 29 29 27 27 26 25 13 10 9 9 2 1 1 
82 80 80 80 80 80 80 80 80 80 80 80 80 80 80 71 71 60 58 57 51 51 51 51 50 50 50 50 50 50 50 50 50 50 50 43 34 34 32 31 30 30 20 9 6 6 3 3 1 1 
87 87 86 86 86 86 86 86 86 86 86 86 86 86 86 86 86 59 57 57 52 52 52 51 51 51 51 51 51 50 50 39 39 38 38 37 33 29 14 9 8 7 3 3 3 3 2 2 2 2 
80 80 80 80 80 78 78 78 78 78 78 78 78 78 78 78 78 78 78 78 77 66 56 56 55 54 50 50 50 50 50 50 50 39 33 30 29 29 28 28 28 27 16 4 4 0 0 0 0 0 
89 89 89 89 89 89 89 89 89 89 89 87 87 87 87 87 87 86 62 62 60 53 53 53 51 50 50 50 50 50 43 43 41 39 38 30 19 15 14 14 9 8 7 7 6 6 4 3 3 3 
85 85 85 85 85 85 85 85 85 85 85 85 85 85 85 85 85 85 85 85 85 82 82 82 62 62 62 53 53 50 50 50 50 50 50 50 48 45 44 20 15 9 3 3 3 3 3 3 3 3 
88 88 88 88 88 88 88 88 88 88 88 88 88 88 88 88 88 88 88 86 86 86 84 84 78 78 70 55 55 51 51 51 51 51 50 50 50 50 50 50 47 46 43 43 38 27 24 6 1 0 
86 86 86 86 86 86 86 86 86 86 86 86 86 86 86 86 86 86 86 65 63 63 63 59 57 52 51 51 51 51 51 51 51 51 50 49 48 48 48 46 43 43 40 37 31 14 10 8 2 1 
82 82 82 82 82 82 82 82 82 82 82 82 82 82 82 82 82 82 82 82 82 77 76 73 70 56 55 55 53 52 51 51 51 51 51 51 50 49 44 43 38 38 15 15 15 6 3 1 1 1 
82 82 82 82 82 82 82 82 82 82 82 82 82 82 82 82 82 82 82 80 80 78 78 75 65 58 55 51 50 50 49 44 42 36 34 32 32 32 29 23 17 16 16 14 14 13 6 1 1 1 
84 83 83 83 83 83 83 83 83 83 83 83 83 83 83 83 83 83 81 81 81 77 74 73 63 62 61 60 51 49 46 46 46 43 43 39 39 35 33 33 33 28 28 27 21 17 13 13 9 4 
81 81 81 81 81 81 81 81 81 81 81 81 81 81 81 81 81 81 81 81 74 68 53 52 52 52 51 51 51 50 50 50 49 48 46 40 40 40 36 36 33 32 25 24 23 7 5 3 3 2 
81 81 81 81 81 81 81 81 81 81 81 81 81 81 81 81 81 81 81 81 74 60 60 58 58 58 58 58 56 52 52 51 51 51 51 50 50 50 50 50 39 32 29 29 27 23 14 1 1 1 
87 87 87 87 87 87 87 87 87 87 87 87 87 87 86 86 63 62 62 62 59 59 59 59 59 50 50 50 50 49 49 45 45 45 45 45 45 45 43 33 26 26 21 21 18 12 8 8 0 0 
81 81 81 81 81 81 81 81 81 81 81 81 81 81 81 81 81 81 64 64 61 61 60 60 52 50 50 50 50 48 48 47 45 43 43 41 40 40 40 40 32 32 32 27 25 23 12 10 2 0 
79 79 78 78 78 78 78 78 78 78 78 78 78 78 78 78 78 78 76 74 57 53 53 53 53 53 53 50 50 50 46 41 41 39 39 39 39 38 38 38 38 29 29 25 25 12 12 12 10 3 
84 84 84 84 84 84 84 84 84 84 84 84 84 84 81 67 63 63 62 62 62 56 54 53 51 51 50 50 50 50 50 49 43 42 42 41 39 39 31 27 20 18 18 15 13 13 6 1 1 0 
89 89 89 89 89 89 89 89 89 89 89 89 89 89 89 89 89 89 89 89 64 64 62 56 53 53 51 51 51 51 51 49 49 48 47 44 44 34 26 18 17 17 16 14 12 12 9 9 4 4 
86 86 86 86 86 86 86 86 86 86 86 86 86 86 86 86 86 63 58 50 50 50 50 50 50 50 50 50 50 48 47 38 37 37 36 21 21 18 18 10 8 8 8 8 0 0 0 0 0 0 
80 80 80 80 80 80 80 80 80 80 80 80 80 80 80 80 80 80 80 80 59 59 59 59 56 51 51 51 51 51 51 51 51 51 51 50 50 47 47 32 29 28 21 15 13 12 9 2 1 1 
83 83 83 83 83 83 83 83 83 83 83 83 83 83 83 83 83 83 83 80 80 80 59 53 51 51 51 51 51 50 50 50 50 50 50 50 48 42 39 39 39 39 38 37 27 15 9 9 8 1 
85 85 85 85 85 85 85 85 85 85 85 85 85 85 85 85 85 85 85 85 83 83 80 58 58 50 50 50 50 50 50 50 50 50 50 50 50 50 50 49 43 41 36 36 35 20 8 8 0 0 
