% Invoked: ./gella -d -r 2 -l biased_r2/run23 >& biased_r2/run23.log
% Ministry of Cellular Automata
% Project Deux (CS523 Spring 2015)
% Version:v0.1-70-g0624-dirty
%  pop:50
%  ic count:100
%  CA Log option:biased_r2/run23
%  width:121
%  max workers:4
%  radius:2
%  iterations:300
%  use bias:true
%  generations:50

 generation 0.51.50.3.2.2.3.3.2.50.1.1.1.3.8.3.2.50.1.50.2.3.2.2.2.3.3.50.3.1.3.50.2.3.50.51.9.50.1.2.3.1.1.3.1.1.1.2.50.3.50.xover.mutate.done 50
 generation 1.50.50.50.50.50.50.50.50.50.50.0.50.0.0.9.50.12.0.50.50.50.0.0.0.7.0.0.0.0.0.0.0.50.0.0.50.0.50.50.0.50.0.50.50.50.50.50.0.0.0.xover.mutate.done 50
 generation 2.50.50.50.50.50.50.50.50.50.50.1.1.1.50.50.50.50.0.50.1.1.4.10.50.0.50.1.50.45.1.51.50.1.0.1.0.1.1.7.10.0.20.50.0.1.50.1.50.1.0.xover.mutate.done 50
 generation 3.52.50.50.50.50.50.50.50.50.50.2.50.50.2.50.50.50.10.50.50.50.2.50.50.7.2.50.50.50.52.2.50.50.2.5.2.10.2.50.50.52.2.10.0.50.50.50.50.80.50.xover.mutate.done 50
 generation 4.80.50.50.50.51.51.50.50.50.50.51.9.50.51.51.50.50.1.1.50.50.50.51.10.1.50.50.1.50.1.0.1.51.11.9.1.50.7.10.1.51.36.1.51.50.50.50.50.1.51.xover.mutate.done 50
 generation 5.83.52.52.52.52.52.52.52.52.52.51.50.3.50.52.52.3.50.50.51.51.52.52.51.23.76.51.50.51.6.52.3.52.52.52.2.50.6.50.1.50.51.50.50.52.50.3.4.3.51.xover.mutate.done 50
 generation 6.80.72.51.51.51.51.51.51.51.51.51.51.52.3.50.52.51.51.51.52.51.3.69.52.17.3.51.5.52.52.2.3.50.2.52.7.50.52.50.51.52.51.52.51.1.50.52.51.51.50.xover.mutate.done 50
 generation 7.72.65.69.51.51.51.51.51.51.51.53.51.51.53.53.53.11.53.50.4.72.4.35.4.4.1.53.51.10.65.3.51.4.10.53.51.51.51.53.28.53.4.51.53.53.4.53.4.53.53.xover.mutate.done 50
 generation 8.85.85.66.74.74.50.50.50.50.50.74.31.28.60.23.1.50.50.50.74.51.50.50.90.50.75.74.1.50.50.1.50.50.74.51.1.1.50.1.50.50.12.30.50.51.50.50.50.9.50.xover.mutate.done 50
 generation 9.87.85.85.74.74.74.74.74.75.74.74.50.0.50.50.50.50.17.50.0.19.50.74.74.48.50.50.37.7.50.0.50.50.50.74.50.50.0.50.52.50.53.31.52.50.50.50.8.0.39.xover.mutate.done 50
 generation 10.78.76.76.71.69.71.71.71.71.71.51.60.1.76.29.71.1.71.1.50.50.51.60.11.34.50.71.50.50.50.71.50.71.35.60.1.76.78.50.1.18.1.51.50.71.62.60.50.50.34.xover.mutate.done 50
 generation 11.87.87.84.84.84.84.69.69.69.69.1.61.1.69.84.69.58.11.84.84.58.84.50.78.3.51.50.51.61.51.87.3.1.84.51.51.52.69.9.51.69.84.50.84.3.1.51.50.61.84.xover.mutate.done 50
 generation 12.82.82.83.78.78.78.78.78.78.78.69.50.0.78.50.50.5.0.50.0.83.50.78.50.78.50.50.78.50.50.69.69.69.52.50.78.27.69.78.52.52.50.69.50.78.77.78.69.78.50.xover.mutate.done 50
 generation 13.82.82.82.82.81.81.81.81.81.81.74.74.62.51.51.1.81.81.81.51.50.74.51.74.6.82.82.81.81.51.82.6.73.15.78.74.81.51.1.81.51.1.81.81.7.76.35.51.76.6.xover.mutate.done 50
 generation 14.81.81.80.80.81.81.80.77.77.77.50.50.50.57.2.77.0.50.41.77.10.48.50.50.50.50.60.50.77.67.20.8.41.41.77.59.67.35.67.20.50.57.51.77.50.50.50.61.50.77.xover.mutate.done 50
 generation 15.81.81.81.81.81.81.81.73.73.73.2.51.62.59.39.57.51.73.59.51.51.73.2.62.51.15.51.73.62.73.73.33.62.51.51.9.50.73.51.51.1.1.2.74.51.72.1.51.50.73.xover.mutate.done 50
 generation 16.85.85.85.85.85.85.85.80.80.80.50.54.50.80.50.85.42.33.80.36.36.53.57.80.50.33.36.50.76.33.50.50.55.54.50.33.53.50.77.55.50.50.50.80.80.50.33.33.50.50.xover.mutate.done 50
 generation 17.81.81.81.81.80.80.80.80.78.78.51.8.51.31.32.50.50.70.1.61.51.11.78.50.1.81.56.81.78.31.51.51.50.51.51.51.50.78.78.76.10.80.46.67.78.30.76.78.51.61.xover.mutate.done 50
 generation 18.86.86.86.86.86.86.84.84.84.84.47.51.50.63.1.80.18.6.51.39.39.51.51.51.1.84.50.70.84.64.51.50.50.50.81.34.51.50.38.54.7.1.24.25.50.58.50.50.50.50.xover.mutate.done 50
 generation 19.85.85.85.85.85.85.84.84.84.84.6.52.25.65.52.2.50.0.2.50.50.84.2.2.50.52.52.2.80.9.84.2.10.47.50.2.2.2.50.2.6.2.8.0.2.2.52.2.50.52.xover.mutate.done 50
 generation 20.90.90.90.90.90.90.90.90.90.90.51.58.51.58.5.51.54.4.51.54.51.5.1.15.51.38.5.8.46.54.50.10.5.54.58.54.65.20.44.51.50.51.44.90.51.40.51.54.5.5.xover.mutate.done 50
 generation 21.88.88.88.88.88.88.86.86.86.86.18.42.84.50.52.88.52.42.62.66.50.18.60.52.52.50.52.83.52.2.50.50.88.88.52.24.42.52.43.37.52.60.9.60.52.2.88.37.6.42.xover.mutate.done 50
 generation 22.87.87.87.87.87.87.87.87.87.87.87.52.87.19.49.43.87.52.52.43.14.55.2.2.52.52.35.52.50.2.61.78.18.87.73.52.50.55.50.52.50.11.52.52.52.52.43.50.55.50.xover.mutate.done 50
 generation 23.85.85.85.85.85.85.85.85.85.85.41.80.7.78.50.85.50.50.33.9.0.50.58.36.24.85.0.85.50.35.58.58.6.85.85.85.50.77.85.50.6.85.50.6.41.85.0.50.85.85.xover.mutate.done 50
 generation 24.83.83.83.83.83.83.83.83.83.83.53.23.71.44.50.83.71.83.3.41.60.80.53.53.60.81.83.81.50.50.41.53.36.32.83.53.83.38.50.67.3.83.3.60.50.3.50.83.3.31.xover.mutate.done 50
 generation 25.89.89.89.89.89.89.89.89.89.89.71.51.10.51.51.58.89.21.51.51.60.50.2.58.88.51.66.51.51.51.51.51.2.44.89.60.51.66.44.59.44.47.6.89.1.66.45.58.44.2.xover.mutate.done 50
 generation 26.90.90.90.90.90.90.90.90.90.90.46.51.45.51.65.52.51.29.90.52.49.48.52.45.18.3.50.90.63.58.89.50.50.69.46.52.29.90.51.90.50.52.45.52.90.46.39.51.51.9.xover.mutate.done 50
 generation 27.81.81.81.81.81.81.81.81.81.81.81.79.50.50.81.30.81.50.71.50.35.30.50.48.81.50.70.50.50.38.32.50.50.0.79.0.50.81.50.63.45.64.81.32.0.38.57.50.0.0.xover.mutate.done 50
 generation 28.85.85.85.85.85.85.85.85.85.85.41.75.50.50.50.0.77.50.50.50.85.77.60.50.50.41.85.0.85.50.82.50.50.60.36.85.50.54.50.59.0.50.60.50.50.85.77.82.50.36.xover.mutate.done 50
 generation 29.85.85.85.85.85.85.85.85.85.85.68.50.55.50.60.50.63.60.85.51.49.75.50.50.56.68.37.63.76.50.85.50.50.60.50.50.50.50.83.51.60.38.50.77.51.51.85.60.10.51.xover.mutate.done 50
 generation 30.92.92.92.92.92.92.92.92.92.92.88.55.55.7.55.5.16.53.88.92.50.50.50.92.77.64.5.57.59.12.86.64.45.92.45.83.48.50.52.48.92.16.32.45.62.50.55.14.57.77.xover.mutate.done 50
 generation 31.85.85.85.85.85.85.85.85.85.85.85.50.50.61.60.50.85.85.14.22.50.50.50.85.44.0.41.50.50.61.1.50.50.78.50.85.85.50.9.85.37.1.64.77.60.50.85.50.50.85.xover.mutate.done 50
 generation 32.87.87.87.87.87.87.87.87.87.87.33.51.1.87.3.80.87.6.59.40.21.51.51.87.55.84.42.50.87.40.51.51.80.40.51.40.51.55.51.87.51.80.51.6.50.87.1.51.4.56.xover.mutate.done 50
 generation 33.81.81.81.81.81.81.81.81.81.81.81.63.63.53.53.81.34.81.81.58.53.75.35.78.81.63.34.35.53.34.53.81.50.4.81.34.81.36.53.78.76.59.53.81.81.57.81.26.53.62.xover.mutate.done 50
 generation 34.83.83.83.83.83.83.83.83.83.83.51.83.51.50.83.36.51.74.75.83.41.10.9.64.50.83.51.65.83.79.83.16.50.50.51.51.83.14.83.83.38.58.1.38.54.74.58.51.83.51.xover.mutate.done 50
 generation 35.84.84.84.84.84.84.84.84.84.84.52.83.35.35.22.50.15.84.84.84.84.84.48.22.75.51.84.19.51.51.84.1.48.51.72.84.35.84.72.51.84.84.64.15.19.48.84.84.51.84.xover.mutate.done 50
 generation 36.82.82.82.82.82.82.82.82.82.82.82.52.52.52.65.2.57.82.52.0.41.82.7.82.52.50.82.50.82.33.82.50.50.50.50.61.60.2.41.32.52.52.82.14.61.50.0.0.39.60.xover.mutate.done 50
 generation 37.84.84.84.84.84.84.84.84.84.84.84.50.3.84.38.57.51.84.36.8.3.3.84.52.51.83.84.3.59.84.84.83.50.52.84.52.52.82.51.56.62.84.84.84.38.51.8.13.84.84.xover.mutate.done 50
 generation 38.87.87.87.87.87.87.87.87.87.87.51.13.51.2.59.66.87.45.60.7.51.44.44.45.47.79.87.87.2.45.31.51.45.39.60.87.46.87.43.51.47.59.9.58.51.14.87.66.79.45.xover.mutate.done 50
 generation 39.85.85.85.85.85.85.85.85.85.85.50.43.6.43.57.50.42.2.85.58.50.50.50.50.38.60.2.58.64.57.75.85.57.41.7.60.85.8.56.2.50.85.58.85.46.50.50.85.52.85.xover.mutate.done 50
 generation 40.84.84.84.84.84.84.84.84.84.84.50.48.22.58.82.55.83.6.1.1.57.84.9.60.84.9.81.9.1.6.1.68.83.84.84.64.50.36.9.84.84.51.58.36.68.51.51.84.84.12.xover.mutate.done 50
 generation 41.90.90.90.90.90.90.90.90.90.90.90.61.54.45.53.3.90.53.90.90.53.90.53.11.16.3.44.56.9.16.12.90.87.3.18.61.3.3.90.50.58.53.56.90.53.50.11.53.45.7.xover.mutate.done 50
 generation 42.85.85.85.85.85.85.85.85.85.85.8.40.82.50.5.85.0.56.62.1.7.0.50.85.1.0.45.50.85.1.51.40.41.85.85.50.40.55.40.55.50.1.85.50.21.85.50.56.40.75.xover.mutate.done 50
 generation 43.82.82.82.82.82.82.82.82.82.82.82.52.51.60.82.18.82.43.79.82.82.52.43.55.80.55.51.62.51.13.51.51.51.38.82.40.51.42.42.82.51.50.51.51.43.50.54.51.43.82.xover.mutate.done 50
 generation 44.83.83.83.83.83.83.83.83.83.83.51.51.36.51.41.51.44.36.41.36.36.3.51.61.72.3.83.83.80.52.41.9.61.28.3.83.51.38.83.51.23.51.51.41.51.51.51.12.83.51.xover.mutate.done 50
 generation 45.84.84.84.84.84.84.84.84.84.84.52.52.52.63.63.84.52.81.73.52.73.4.2.50.48.57.31.52.52.2.38.52.52.15.52.52.84.52.38.52.31.52.84.52.84.44.52.2.52.84.xover.mutate.done 50
 generation 46.83.83.83.83.83.83.83.83.83.83.2.76.38.52.58.52.5.52.50.53.5.53.58.50.83.52.50.21.52.52.50.5.33.58.5.5.52.5.83.52.41.83.58.5.50.58.83.38.83.53.xover.mutate.done 50
 generation 47.83.83.83.83.83.83.83.83.83.83.83.51.10.83.50.28.50.43.40.50.50.43.50.50.34.63.83.83.83.60.63.63.1.63.50.82.83.50.83.50.63.51.83.50.43.77.10.50.50.40.xover.mutate.done 50
 generation 48.88.88.88.88.88.88.88.88.88.88.88.53.0.50.57.50.51.1.1.88.0.50.8.88.41.41.15.51.4.40.88.88.57.57.51.40.88.50.88.88.8.88.50.51.88.10.88.1.88.50.xover.mutate.done 50
 generation 49.83.83.83.83.83.83.83.83.83.83.56.41.83.34.83.63.51.2.83.35.82.83.35.51.51.83.83.83.50.61.50.50.83.83.59.50.48.51.83.83.36.51.83.41.50.51.50.59.41.83.xover.mutate.done 50
 21075838 iters     843554 iter/sec (24.98 s)
 total time: 24.98
