% Invoked: ./gella -d -r 2 -l biased_r2/run20 >& biased_r2/run20.log
% Ministry of Cellular Automata
% Project Deux (CS523 Spring 2015)
% Version:v0.1-70-g0624-dirty
%  pop:50
%  ic count:100
%  CA Log option:biased_r2/run20
%  width:121
%  max workers:4
%  radius:2
%  iterations:300
%  use bias:true
%  generations:50

 generation 0.50.1.0.0.1.1.1.9.0.1.3.1.1.50.1.0.1.50.50.50.1.1.0.15.0.1.50.1.1.1.50.50.50.50.50.50.1.50.38.0.1.1.1.0.0.1.1.50.1.1.xover.mutate.done 50
 generation 1.50.50.50.50.50.50.50.50.50.50.50.3.3.50.50.6.59.50.42.50.50.50.14.6.20.13.14.9.3.50.3.3.3.3.6.50.6.3.46.39.6.6.50.50.44.24.53.53.50.50.xover.mutate.done 50
 generation 2.54.52.51.50.50.50.50.50.50.50.3.50.1.3.18.3.51.50.50.50.34.51.3.19.2.50.8.2.50.50.3.50.2.50.3.8.1.3.2.8.50.50.50.50.50.52.50.50.50.3.xover.mutate.done 50
 generation 3.56.50.50.51.51.51.50.50.50.50.0.50.50.50.51.50.50.0.50.0.51.50.50.0.50.0.51.1.1.50.0.1.50.50.0.1.50.50.50.50.15.5.50.0.50.50.51.1.0.12.xover.mutate.done 50
 generation 4.61.50.50.50.50.50.50.50.50.50.50.50.0.50.0.50.50.50.0.50.50.50.0.50.13.50.0.50.13.50.9.50.50.50.50.50.50.50.50.4.12.50.50.50.16.50.13.4.50.14.xover.mutate.done 50
 generation 5.57.51.51.51.51.51.51.51.51.51.51.50.50.51.50.1.51.50.1.1.51.50.1.51.15.2.51.51.1.2.50.51.50.1.51.50.51.50.10.50.51.1.1.1.1.51.2.51.51.50.xover.mutate.done 50
 generation 6.62.50.50.50.50.50.50.50.52.52.50.2.2.50.13.50.50.50.0.50.2.50.50.50.50.14.50.50.6.50.50.50.50.2.50.50.50.52.50.50.2.50.0.2.50.50.50.50.0.50.xover.mutate.done 50
 generation 7.59.50.50.50.51.51.51.51.51.51.51.1.51.50.10.1.1.1.51.51.7.1.51.51.50.51.51.1.8.51.1.51.51.8.50.1.0.51.43.50.50.51.51.51.51.51.0.51.51.51.xover.mutate.done 50
 generation 8.67.51.51.51.51.51.51.51.51.51.0.51.12.1.1.1.51.51.51.51.51.51.51.0.1.1.1.51.51.0.1.0.1.1.51.13.51.51.51.50.1.13.1.51.50.1.50.13.51.51.xover.mutate.done 50
 generation 9.61.52.52.52.52.52.52.52.52.52.3.52.52.9.50.3.52.52.52.3.52.50.52.10.52.52.52.1.52.3.13.52.52.2.50.52.1.52.3.52.52.52.52.3.13.52.2.52.52.3.xover.mutate.done 50
 generation 10.59.52.52.52.52.52.52.52.52.52.52.3.52.52.52.3.9.2.50.13.52.52.52.52.52.10.50.52.1.52.52.50.52.13.52.50.52.52.52.3.52.3.3.52.1.3.10.3.52.3.xover.mutate.done 50
 generation 11.57.51.51.51.51.51.51.51.51.51.50.1.0.1.0.51.50.50.1.0.1.51.1.50.1.1.1.1.51.50.1.51.1.50.1.51.51.51.51.51.1.1.51.51.51.51.51.1.50.50.xover.mutate.done 50
 generation 12.60.50.50.50.50.50.50.50.50.50.50.1.50.50.1.50.50.50.1.1.50.1.50.1.50.0.1.1.50.50.0.50.50.1.50.0.50.1.50.50.50.50.1.8.50.50.50.50.2.50.xover.mutate.done 50
 generation 13.50.52.52.52.52.52.52.52.52.52.24.52.52.52.50.1.50.2.2.2.50.0.52.52.50.50.0.52.52.2.52.2.52.52.59.2.52.52.2.2.52.52.2.2.52.52.52.52.50.52.xover.mutate.done 50
 generation 14.57.53.53.53.53.53.53.53.53.53.53.53.3.53.53.3.53.53.8.53.50.3.53.53.53.53.53.3.53.53.53.53.53.53.1.4.53.4.4.4.53.4.50.53.53.53.53.53.3.53.xover.mutate.done 50
 generation 15.59.50.50.50.50.50.50.50.50.50.0.50.7.50.0.50.50.0.0.50.59.50.0.0.50.50.50.50.50.0.0.50.50.0.50.50.50.50.0.50.0.50.50.50.50.50.59.0.0.0.xover.mutate.done 50
 generation 16.56.56.56.51.51.51.51.51.51.51.51.51.2.51.51.2.2.50.51.2.2.51.50.51.51.51.59.2.51.51.51.51.51.2.51.51.7.2.51.51.2.51.51.2.51.51.51.51.2.46.xover.mutate.done 50
 generation 17.59.57.57.57.50.50.50.50.50.50.40.0.50.50.50.50.50.50.50.50.0.59.50.50.0.50.50.0.2.57.50.0.50.11.0.50.50.50.59.0.0.50.0.50.0.11.0.0.50.50.xover.mutate.done 50
 generation 18.61.61.61.60.60.60.60.52.52.52.38.52.52.60.3.3.7.52.52.52.52.52.52.52.52.61.3.52.52.52.60.52.52.50.52.3.3.16.60.60.52.3.52.52.3.52.52.52.52.60.xover.mutate.done 50
 generation 19.60.62.62.62.57.57.57.57.57.57.9.52.52.50.12.57.50.10.11.10.57.52.4.52.4.60.52.35.69.62.9.4.52.57.52.52.2.52.15.62.57.52.9.52.4.57.9.62.52.52.xover.mutate.done 50
 generation 20.63.55.55.55.55.55.55.54.54.53.53.53.55.36.55.35.55.50.50.4.63.60.50.55.50.53.50.5.50.50.55.54.4.50.53.55.4.4.1.53.31.50.4.53.50.53.54.50.53.50.xover.mutate.done 50
 generation 21.66.66.62.54.54.54.54.54.54.54.50.50.32.47.54.53.50.50.53.4.54.54.53.53.50.38.50.34.50.50.54.4.38.54.35.50.39.38.50.50.0.54.0.37.50.57.66.50.53.66.xover.mutate.done 50
 generation 22.66.64.64.66.61.55.58.58.58.58.33.50.6.14.58.0.50.50.50.50.64.44.43.50.0.58.54.50.47.58.50.6.50.56.42.47.56.0.55.50.50.58.50.11.7.7.0.0.50.39.xover.mutate.done 50
 generation 23.68.68.68.68.68.64.62.62.62.62.25.32.51.51.50.50.51.30.52.53.50.62.33.50.51.51.68.67.57.29.51.51.51.67.18.51.57.50.51.51.61.51.68.12.51.62.51.53.64.51.xover.mutate.done 50
 generation 24.66.66.66.66.66.66.66.64.65.64.58.20.66.50.50.53.65.50.2.66.50.70.2.50.50.50.67.58.50.50.55.63.50.66.41.50.10.58.50.50.50.2.50.2.2.58.68.58.66.67.xover.mutate.done 50
 generation 25.63.63.62.63.62.62.62.62.62.62.50.1.1.45.11.57.45.55.57.62.43.61.61.61.8.50.50.55.43.50.13.50.21.49.50.55.9.37.50.50.62.55.50.8.50.66.63.50.50.62.xover.mutate.done 50
 generation 26.70.70.70.68.68.67.68.68.68.68.48.56.48.9.50.57.68.50.70.50.1.50.68.15.36.50.50.17.50.1.47.57.56.50.7.68.19.57.50.7.70.68.66.59.1.50.68.7.50.64.xover.mutate.done 50
 generation 27.71.70.71.70.71.69.69.69.69.69.51.53.51.51.1.72.50.51.69.64.51.20.17.61.65.69.4.61.84.51.51.49.1.51.51.67.51.50.69.49.71.51.51.69.1.67.51.51.67.7.xover.mutate.done 50
 generation 28.81.72.72.71.72.74.73.73.69.72.51.51.51.17.50.29.64.2.29.67.2.69.65.66.2.68.6.51.51.73.22.69.19.72.35.50.65.35.68.1.75.55.58.50.50.51.50.2.2.50.xover.mutate.done 50
 generation 29.77.74.74.74.74.74.70.75.74.74.60.70.31.50.63.50.23.4.75.48.44.50.70.50.27.50.27.57.74.74.0.50.50.50.55.77.80.24.49.28.0.50.10.8.10.74.32.60.40.80.xover.mutate.done 50
 generation 30.81.81.88.88.77.73.81.72.71.71.42.50.87.41.50.50.71.50.53.8.40.70.50.45.88.66.20.0.50.59.64.75.38.50.78.17.0.15.50.50.78.46.82.59.50.80.50.69.50.68.xover.mutate.done 50
 generation 31.82.82.82.79.72.72.72.72.71.69.69.28.43.50.44.69.0.72.54.76.62.72.48.18.72.42.50.50.39.68.58.70.58.50.50.50.50.72.10.72.69.73.60.62.50.50.50.0.73.50.xover.mutate.done 50
 generation 32.78.78.78.78.74.72.72.71.71.71.55.55.36.52.50.37.54.62.37.66.72.71.62.44.52.55.72.54.49.24.66.54.66.57.35.54.71.62.46.45.53.52.3.55.27.51.76.71.52.63.xover.mutate.done 50
 generation 33.80.80.80.75.66.67.69.64.67.68.68.5.64.70.38.53.69.50.50.53.69.64.53.69.37.35.29.50.40.53.50.69.4.53.52.50.6.69.43.50.50.53.53.75.50.69.69.50.3.50.xover.mutate.done 50
 generation 34.76.76.76.85.74.76.71.71.71.71.20.21.50.57.42.58.32.69.50.20.59.50.0.71.29.59.50.50.71.76.45.37.53.50.71.50.50.42.76.71.23.57.42.59.32.77.59.50.58.37.xover.mutate.done 50
 generation 35.83.81.79.79.79.81.81.78.77.77.77.50.59.77.49.59.68.79.50.59.34.51.76.72.22.47.8.1.56.70.55.64.60.56.79.53.51.1.59.56.50.83.1.78.32.60.56.56.78.51.xover.mutate.done 50
 generation 36.80.79.76.74.74.79.79.79.74.79.49.1.74.16.41.57.26.40.53.69.33.8.40.49.49.13.20.79.33.20.47.22.48.48.71.27.32.34.22.38.1.72.74.59.58.72.63.53.58.49.xover.mutate.done 50
 generation 37.81.81.80.80.80.80.80.78.77.77.33.46.64.12.0.46.40.81.68.71.50.35.66.71.63.54.21.71.49.74.6.49.64.66.46.74.50.76.0.54.50.18.30.54.74.14.33.54.4.68.xover.mutate.done 50
 generation 38.76.76.76.74.74.74.74.74.76.76.72.56.74.50.50.8.50.50.0.76.53.43.50.50.28.30.63.6.62.51.70.7.50.50.28.0.74.63.53.50.4.50.53.0.39.29.43.52.76.50.xover.mutate.done 50
 generation 39.77.76.77.73.73.73.75.71.71.71.71.50.68.32.50.67.36.32.77.18.4.67.50.26.50.4.0.60.60.0.0.50.23.23.33.71.50.38.67.4.50.50.34.71.71.50.33.53.15.50.xover.mutate.done 50
 generation 40.73.73.73.72.73.67.72.72.85.85.20.22.50.37.85.3.29.50.50.56.41.56.32.27.50.50.11.47.51.72.50.29.12.62.0.50.53.56.50.50.50.53.21.50.3.12.85.50.50.85.xover.mutate.done 50
 generation 41.78.78.78.78.78.78.78.78.72.76.73.55.33.8.29.7.34.33.3.33.52.30.40.3.48.73.52.3.3.19.34.13.52.50.78.62.51.25.28.78.8.78.51.42.50.78.78.1.51.3.xover.mutate.done 50
 generation 42.81.81.81.81.81.84.84.84.81.81.50.50.35.16.6.40.81.54.81.84.59.29.51.51.43.1.84.50.50.56.34.66.50.81.50.54.81.40.1.72.4.81.50.51.1.1.13.79.79.31.xover.mutate.done 50
 generation 43.79.79.79.79.79.79.79.79.79.79.51.75.1.79.40.51.50.75.47.79.0.79.1.15.11.38.29.41.75.79.28.1.32.0.40.51.1.51.36.79.39.69.79.79.79.50.49.50.26.31.xover.mutate.done 50
 generation 44.75.75.75.75.75.76.76.76.76.76.19.74.29.77.42.41.50.0.38.60.27.30.50.38.50.75.50.76.30.76.33.30.1.39.12.72.50.75.51.74.37.33.60.64.12.60.76.16.12.25.xover.mutate.done 50
 generation 45.75.75.75.75.75.75.75.75.75.77.50.50.1.30.75.23.75.27.50.60.26.50.0.77.26.0.51.1.10.66.0.20.53.1.75.48.23.71.34.50.3.50.18.63.26.50.51.48.50.50.xover.mutate.done 50
 generation 46.85.85.81.80.80.80.80.80.80.80.13.56.1.50.51.50.18.32.50.23.80.80.50.81.62.80.76.80.8.1.81.22.30.51.76.80.1.51.80.39.50.50.55.63.9.58.50.31.50.12.xover.mutate.done 50
 generation 47.77.77.76.76.76.76.76.76.76.76.58.58.76.51.58.1.28.51.52.51.70.52.52.10.76.3.19.28.34.62.36.10.58.55.52.28.52.76.52.19.52.3.35.18.11.52.36.52.42.59.xover.mutate.done 50
 generation 48.77.77.77.77.77.77.77.77.77.77.77.64.77.2.52.56.50.36.62.2.52.2.56.29.26.77.29.52.50.56.52.45.54.56.62.29.32.49.52.52.77.70.45.52.36.64.52.2.76.58.xover.mutate.done 50
 generation 49.80.80.83.83.83.83.83.83.83.83.50.50.50.50.0.37.69.57.82.14.50.15.35.16.83.44.50.77.27.44.50.82.33.0.83.50.0.15.13.81.50.22.33.81.80.33.77.62.83.5.xover.mutate.done 50
 22297551 iters     878638 iter/sec (25.38 s)
 total time: 25.38
