0.0625 0.6875 0.5625 0.5625 0.78125 0.34375 0.21875 0.71875 0.25 1.0 
0.0625 0.25 1.0 0.90625 0.90625 0.125 0.09375 0.3125 1.0 0.0 
0.0625 0.25 1.0 0.90625 0.90625 0.125 0.09375 0.3125 1.0 0.0 
0.78125 0.65625 0.59375 0.0625 0.25 1.0 0.90625 0.90625 0.125 0.09375 
0.25 0.125 0.125 0.15625 0.15625 0.21875 0.78125 0.65625 0.59375 0.0625 
0.25 0.125 0.125 0.15625 0.15625 0.21875 0.1875 0.40625 0.125 0.21875 
0.78125 0.78125 0.25 0.125 0.125 0.15625 0.15625 0.21875 0.1875 0.40625 
0.25 0.125 0.125 0.15625 0.15625 0.21875 0.1875 0.40625 0.3125 0.25 
0.71875 0.6875 0.25 0.125 0.125 0.15625 0.15625 0.21875 0.1875 0.40625 
0.71875 0.6875 0.25 0.125 0.125 0.15625 0.15625 0.21875 0.1875 0.40625 
0.71875 0.6875 0.25 0.125 0.125 0.15625 0.15625 0.21875 0.1875 0.40625 
0.71875 0.6875 0.25 0.125 0.125 0.15625 0.15625 0.21875 0.1875 0.40625 
0.71875 0.6875 0.25 0.125 0.125 0.15625 0.15625 0.21875 0.1875 0.40625 
0.71875 0.6875 0.65625 0.59375 0.5625 0.6875 0.25 0.125 0.125 0.15625 
0.71875 0.6875 0.65625 0.59375 0.5625 0.6875 0.5625 0.5625 0.625 0.6875 
0.71875 0.6875 0.65625 0.59375 0.5625 0.6875 0.5625 0.5625 0.625 0.6875 
0.71875 0.6875 0.65625 0.59375 0.5625 0.6875 0.5625 0.5625 0.625 0.6875 
0.21875 0.28125 0.3125 0.4375 0.28125 0.375 0.375 0.28125 0.40625 0.71875 
0.625 0.53125 0.71875 0.5 0.625 0.8125 0.65625 0.6875 0.21875 0.28125 
0.59375 0.625 0.71875 0.5 0.625 0.8125 0.65625 0.6875 0.21875 0.28125 
0.5625 0.59375 0.65625 0.625 0.625 0.71875 0.5 0.625 0.8125 0.65625 
0.53125 0.5625 0.59375 0.65625 0.65625 0.625 0.59375 0.625 0.625 0.71875 
0.53125 0.5625 0.59375 0.65625 0.65625 0.625 0.59375 0.625 0.625 0.59375 
0.53125 0.59375 0.59375 0.59375 0.5625 0.59375 0.65625 0.65625 0.625 0.59375 
0.53125 0.5625 0.59375 0.59375 0.59375 0.5625 0.5625 0.53125 0.625 0.5625 
0.53125 0.59375 0.59375 0.59375 0.5625 0.53125 0.625 0.5625 0.5625 0.53125 
0.5 0.5625 0.53125 0.5625 0.53125 0.53125 0.59375 0.59375 0.59375 0.625 
0.5 0.5625 0.53125 0.5625 0.53125 0.53125 0.59375 0.59375 0.59375 0.625 
0.5 0.46875 0.5 0.5625 0.53125 0.5625 0.53125 0.5625 0.53125 0.46875 
0.5 0.46875 0.5 0.5625 0.53125 0.5625 0.53125 0.5625 0.53125 0.46875 
0.5 0.46875 0.5 0.5 0.5 0.53125 0.46875 0.5 0.5625 0.53125 
0.5 0.46875 0.5 0.5 0.5 0.5 0.5 0.53125 0.46875 0.5 
0.40625 0.4375 0.5 0.46875 0.5 0.5 0.5 0.5 0.5 0.5 
0.40625 0.375 0.4375 0.5 0.5 0.5 0.46875 0.5 0.5 0.5 
0.40625 0.375 0.40625 0.4375 0.4375 0.40625 0.46875 0.5 0.5 0.46875 
0.5 0.40625 0.375 0.40625 0.40625 0.40625 0.40625 0.40625 0.4375 0.4375 
0.40625 0.375 0.40625 0.40625 0.40625 0.40625 0.40625 0.40625 0.40625 0.40625 
0.40625 0.375 0.40625 0.40625 0.40625 0.40625 0.40625 0.40625 0.40625 0.40625 
0.40625 0.375 0.40625 0.40625 0.40625 0.40625 0.40625 0.40625 0.40625 0.40625 
0.53125 0.40625 0.40625 0.375 0.40625 0.40625 0.40625 0.40625 0.40625 0.40625 
0.40625 0.40625 0.375 0.40625 0.40625 0.40625 0.40625 0.40625 0.40625 0.40625 
0.40625 0.40625 0.375 0.40625 0.40625 0.40625 0.40625 0.40625 0.40625 0.40625 
0.40625 0.40625 0.375 0.40625 0.40625 0.40625 0.40625 0.40625 0.40625 0.40625 
0.40625 0.40625 0.40625 0.40625 0.40625 0.375 0.40625 0.40625 0.40625 0.40625 
0.40625 0.40625 0.40625 0.40625 0.375 0.40625 0.4375 0.375 0.40625 0.375 
0.40625 0.40625 0.40625 0.40625 0.375 0.40625 0.4375 0.375 0.40625 0.375 
0.40625 0.40625 0.40625 0.40625 0.375 0.40625 0.4375 0.375 0.375 0.46875 
0.40625 0.40625 0.40625 0.40625 0.375 0.40625 0.4375 0.375 0.375 0.46875 
0.40625 0.40625 0.40625 0.40625 0.375 0.40625 0.4375 0.375 0.375 0.46875 
0.40625 0.40625 0.40625 0.40625 0.375 0.40625 0.4375 0.375 0.375 0.46875 
