% Invoked: ./gella -d -r 2 -l biased_r2/run21 >& biased_r2/run21.log
% Ministry of Cellular Automata
% Project Deux (CS523 Spring 2015)
% Version:v0.1-70-g0624-dirty
%  pop:50
%  ic count:100
%  CA Log option:biased_r2/run21
%  width:121
%  max workers:4
%  radius:2
%  iterations:300
%  use bias:true
%  generations:50

 generation 0.1.2.1.50.2.50.50.50.1.1.1.1.1.50.50.1.1.2.1.1.1.1.50.1.1.1.7.1.2.1.11.2.50.50.1.2.1.1.50.50.2.2.2.2.2.2.2.5.1.50.xover.mutate.done 50
 generation 1.50.50.50.50.50.50.50.50.50.50.5.5.4.20.5.5.54.4.50.4.5.1.4.1.7.4.1.5.54.5.54.5.5.4.50.1.5.51.5.50.54.19.50.36.4.1.54.4.54.1.xover.mutate.done 50
 generation 2.52.52.52.52.52.52.50.50.50.50.50.52.50.2.50.52.2.2.0.52.2.50.52.52.2.50.2.2.50.52.52.52.50.52.36.2.52.2.52.2.0.2.2.3.50.2.52.50.50.2.xover.mutate.done 50
 generation 3.51.51.51.51.51.51.51.51.51.51.51.51.1.1.51.51.2.1.2.51.41.50.51.51.2.51.51.51.51.50.51.51.2.51.50.51.51.51.1.51.51.2.51.2.51.51.2.2.50.1.xover.mutate.done 50
 generation 4.52.52.52.52.52.52.52.52.52.52.35.52.52.52.52.52.2.52.33.4.4.52.2.2.52.52.52.2.4.4.52.52.4.4.52.2.4.52.52.2.52.52.52.52.2.52.52.50.52.52.xover.mutate.done 50
 generation 5.50.50.50.50.50.50.50.50.50.50.3.0.53.50.3.50.50.50.50.3.50.53.53.3.9.3.50.3.3.3.50.50.3.3.3.50.50.50.50.50.50.50.50.50.50.50.50.50.50.50.xover.mutate.done 50
 generation 6.50.50.50.52.52.52.52.52.52.52.52.52.52.52.2.36.2.35.52.2.50.2.2.27.52.52.50.52.50.52.52.52.52.50.50.50.52.50.2.52.52.52.52.52.52.52.2.2.2.52.xover.mutate.done 50
 generation 7.50.50.50.50.50.50.50.50.50.50.1.1.1.50.50.50.50.50.50.50.1.1.50.50.51.1.50.1.50.50.50.50.0.50.51.50.51.1.1.50.50.1.50.50.1.50.1.50.1.50.xover.mutate.done 50
 generation 8.50.50.50.52.52.52.52.52.52.52.52.52.50.52.50.52.52.2.2.26.2.52.52.52.52.2.50.52.2.2.50.33.52.30.52.52.50.52.52.2.52.52.52.52.52.52.52.52.52.52.xover.mutate.done 50
 generation 9.50.50.50.50.50.50.50.50.50.50.50.50.1.1.50.1.50.1.50.50.50.50.1.50.50.50.50.50.50.50.7.50.50.50.50.50.1.0.50.50.1.1.50.50.50.1.50.50.13.1.xover.mutate.done 50
 generation 10.52.52.52.52.52.52.52.52.52.52.40.3.52.3.52.52.3.52.52.52.3.52.3.52.52.3.52.52.52.52.52.52.52.52.52.52.3.52.3.52.3.52.3.52.3.3.52.3.3.52.xover.mutate.done 50
 generation 11.50.50.50.50.50.50.50.50.50.50.50.50.0.0.50.50.50.0.50.50.50.50.50.50.0.50.50.50.0.4.0.50.0.50.4.50.50.50.0.4.50.50.50.50.50.50.50.23.30.50.xover.mutate.done 50
 generation 12.51.51.51.51.51.51.51.51.51.51.51.51.50.50.50.51.51.51.50.1.51.51.51.1.1.51.1.1.51.51.1.51.51.1.51.1.0.51.51.51.51.51.51.1.51.51.1.1.51.51.xover.mutate.done 50
 generation 13.50.50.50.50.50.50.50.50.50.50.50.50.50.50.50.50.50.50.1.1.1.50.50.7.50.1.50.50.50.50.1.1.50.50.50.50.50.50.50.1.50.50.50.1.1.1.50.50.50.50.xover.mutate.done 50
 generation 14.51.51.51.51.51.51.51.51.51.51.51.51.51.51.51.1.51.51.51.9.51.51.51.51.1.51.51.51.51.1.51.1.51.51.51.0.1.51.51.1.1.51.50.51.51.51.51.1.1.1.xover.mutate.done 50
 generation 15.52.52.52.52.52.52.52.52.52.52.52.3.52.52.52.52.52.52.52.52.52.52.52.52.52.52.52.52.3.52.3.52.8.52.3.52.3.10.50.52.3.52.52.52.3.52.52.52.3.52.xover.mutate.done 50
 generation 16.51.51.51.51.51.51.51.51.51.51.51.51.51.1.51.51.51.51.51.51.51.51.51.51.51.51.51.12.51.1.1.51.51.51.1.51.51.51.51.51.51.51.51.51.51.1.51.51.1.51.xover.mutate.done 50
 generation 17.52.52.52.52.52.52.52.52.52.52.3.52.52.52.52.52.52.52.52.52.3.52.52.52.52.52.52.52.52.52.52.52.15.52.35.52.52.52.52.52.52.52.52.52.52.3.52.52.52.52.xover.mutate.done 50
 generation 18.50.50.50.50.50.50.50.50.50.50.50.50.50.50.50.50.50.50.50.50.50.50.9.50.50.50.50.50.50.50.50.50.50.50.50.50.50.0.50.50.50.20.50.50.0.50.50.50.50.50.xover.mutate.done 50
 generation 19.51.51.51.51.51.51.51.51.51.51.51.51.51.1.51.51.51.51.51.51.51.1.2.51.51.51.51.51.51.50.51.51.1.51.51.51.51.28.51.51.50.51.51.51.51.1.50.1.51.1.xover.mutate.done 50
 generation 20.51.51.51.51.51.51.51.51.51.51.50.51.2.51.51.2.2.51.51.51.51.51.51.51.51.51.1.2.51.51.51.2.1.51.51.51.51.2.51.51.2.50.51.50.51.51.51.51.51.50.xover.mutate.done 50
 generation 21.50.50.50.50.50.50.50.50.50.50.50.50.50.50.50.50.50.50.50.0.50.50.50.50.50.50.50.50.50.50.50.50.50.50.50.50.1.50.50.50.7.11.50.50.50.37.50.0.50.50.xover.mutate.done 50
 generation 22.52.52.52.52.52.52.52.52.52.52.52.52.52.52.3.52.50.52.52.52.52.2.52.52.52.52.42.52.52.52.2.52.52.52.52.52.52.3.52.52.52.52.52.52.52.52.52.52.50.52.xover.mutate.done 50
 generation 23.51.51.51.51.51.51.51.51.51.51.51.51.51.51.12.51.51.2.1.51.51.51.51.51.2.51.2.51.51.51.2.1.51.51.51.51.51.51.51.51.51.2.51.51.51.51.51.2.34.51.xover.mutate.done 50
 generation 24.51.51.51.51.51.51.51.51.51.51.1.51.51.37.51.1.1.51.51.51.51.51.1.51.51.26.51.51.1.51.51.51.51.51.51.51.51.1.51.51.51.51.1.51.14.51.12.51.51.51.xover.mutate.done 50
 generation 25.52.52.52.52.52.52.52.52.52.52.2.2.52.2.2.52.52.2.52.52.52.52.52.50.52.2.52.52.2.52.52.52.52.52.52.52.52.2.2.2.2.52.2.52.52.52.52.8.2.52.xover.mutate.done 50
 generation 26.50.50.50.50.50.50.50.50.50.50.50.50.50.4.0.50.50.50.50.50.24.50.50.50.0.50.50.0.0.50.50.0.50.50.50.50.50.50.50.50.50.50.50.50.50.36.50.0.0.0.xover.mutate.done 50
 generation 27.51.51.51.51.51.51.51.51.51.51.51.51.50.51.2.50.2.51.51.51.2.51.51.51.50.51.51.51.51.51.2.51.2.51.51.51.2.51.51.51.50.51.51.51.51.2.2.51.51.2.xover.mutate.done 50
 generation 28.50.50.50.50.50.50.50.50.50.50.50.50.50.50.50.50.50.2.50.2.50.2.50.50.2.50.50.50.50.50.2.50.50.50.50.50.50.2.0.50.50.50.2.50.50.2.50.50.50.50.xover.mutate.done 50
 generation 29.51.51.51.51.51.51.51.51.51.51.51.51.2.4.1.51.51.51.51.2.51.51.51.51.2.4.2.50.2.51.51.2.51.51.2.51.51.51.1.51.1.6.51.51.51.1.1.51.51.51.xover.mutate.done 50
 generation 30.50.50.50.50.50.50.50.50.50.50.50.50.50.0.50.50.50.0.50.50.50.50.50.50.50.50.50.50.0.50.50.50.50.0.50.50.42.50.50.50.50.50.50.50.0.50.50.50.50.50.xover.mutate.done 50
 generation 31.51.51.51.51.51.51.51.51.51.51.51.51.50.51.51.51.51.51.51.51.51.2.1.2.51.51.51.51.51.51.51.51.14.51.51.10.51.51.50.51.2.51.51.51.51.51.51.51.51.51.xover.mutate.done 50
 generation 32.50.50.50.50.50.50.50.50.50.50.50.13.50.50.50.50.50.50.50.50.50.50.0.50.50.0.13.50.50.50.50.23.50.50.0.0.0.50.50.50.50.50.50.23.50.50.50.50.50.50.xover.mutate.done 50
 generation 33.50.50.50.50.50.50.50.50.50.50.50.50.0.50.50.0.50.50.50.50.50.50.50.0.50.30.50.36.50.50.50.50.50.50.12.50.0.50.50.50.50.50.0.50.50.50.8.50.50.0.xover.mutate.done 50
 generation 34.50.50.50.50.50.50.50.50.50.50.50.50.50.50.50.50.0.50.50.50.50.50.50.30.1.50.50.50.50.50.50.50.50.30.50.50.50.50.50.50.50.50.50.50.50.50.50.50.50.17.xover.mutate.done 50
 generation 35.50.50.50.50.50.50.50.50.50.50.50.50.50.50.50.50.50.50.50.50.50.50.50.50.1.50.50.50.50.1.50.50.50.50.50.50.12.50.50.0.50.50.50.9.50.50.50.50.50.50.xover.mutate.done 50
 generation 36.50.50.50.50.50.50.50.50.50.50.50.50.50.1.50.50.50.50.50.50.50.50.1.50.1.50.50.50.50.50.50.50.50.50.50.50.50.50.50.50.50.50.50.50.50.50.50.50.50.50.xover.mutate.done 50
 generation 37.51.51.51.51.51.51.51.51.51.51.9.2.51.51.51.51.51.51.51.51.38.51.51.50.51.51.2.51.51.51.51.51.51.51.51.51.51.51.51.51.51.50.51.51.2.51.51.51.51.51.xover.mutate.done 50
 generation 38.50.50.50.50.50.50.50.50.50.50.50.1.50.50.3.50.50.50.50.50.50.50.50.50.50.50.1.1.50.50.50.37.50.50.50.50.50.50.50.50.1.50.50.1.50.1.50.50.50.50.xover.mutate.done 50
 generation 39.52.52.52.52.52.52.52.52.52.52.52.52.52.52.52.52.52.52.52.50.2.45.52.52.52.2.52.52.52.52.52.52.2.52.52.52.52.52.52.71.52.52.52.52.2.52.31.52.52.2.xover.mutate.done 50
 generation 40.76.51.51.51.51.51.51.51.51.51.38.51.51.51.51.51.51.51.51.51.51.51.1.1.1.1.51.30.51.51.61.1.51.11.47.51.51.11.51.35.51.51.51.51.51.51.51.51.51.11.xover.mutate.done 50
 generation 41.68.53.50.50.50.50.50.50.50.50.50.50.10.50.50.50.50.50.50.50.50.0.50.50.50.50.50.10.50.50.68.50.58.50.50.50.50.0.0.50.10.50.26.50.81.50.68.0.50.36.xover.mutate.done 50
 generation 42.74.65.65.65.53.44.51.51.51.51.1.68.51.51.51.51.51.51.50.51.51.51.1.50.51.51.51.25.51.51.51.44.51.51.11.29.51.51.51.65.51.50.51.51.51.65.51.51.1.50.xover.mutate.done 50
 generation 43.80.71.71.71.71.71.71.60.50.50.23.71.50.41.50.50.50.50.50.50.33.50.50.50.33.83.50.50.50.50.50.50.33.50.31.50.50.50.71.71.50.50.50.50.50.7.0.50.50.50.xover.mutate.done 50
 generation 44.83.82.67.75.75.75.75.75.67.75.3.51.51.1.51.51.50.75.52.30.75.74.75.13.51.51.51.51.51.51.61.51.34.62.51.14.31.50.51.31.42.18.58.3.50.51.50.51.51.52.xover.mutate.done 50
 generation 45.77.74.62.62.62.62.62.62.62.62.52.13.22.56.52.77.51.51.26.70.62.52.52.7.50.72.53.52.52.3.60.52.50.30.60.24.58.59.50.57.12.64.62.14.12.64.60.52.56.3.xover.mutate.done 50
 generation 46.73.72.71.71.68.64.64.60.60.60.53.72.3.52.60.3.36.21.56.70.64.60.52.52.3.60.52.51.1.60.5.68.60.51.3.53.52.50.3.3.60.52.20.58.52.52.53.48.60.52.xover.mutate.done 50
 generation 47.79.79.76.77.75.75.70.73.65.65.3.3.57.52.68.75.51.51.63.3.51.52.51.51.68.79.52.79.68.62.76.52.29.79.7.68.57.51.51.68.51.52.53.51.51.68.48.49.77.51.xover.mutate.done 50
 generation 48.77.77.77.77.77.76.77.72.72.71.71.64.76.53.64.34.50.50.0.44.0.72.77.50.10.50.76.50.50.76.0.50.50.50.42.50.34.50.77.72.42.50.71.50.72.62.50.26.53.34.xover.mutate.done 50
 generation 49.74.74.74.74.74.74.73.73.74.74.74.68.51.70.50.17.24.69.50.36.44.39.50.50.1.86.73.50.37.74.7.39.69.9.27.10.51.74.50.59.50.73.26.73.63.41.1.74.24.10.xover.mutate.done 50
 14681530 iters     837564 iter/sec (17.53 s)
 total time: 17.53
