% Invoked: ./gella -d -r 2 -l biased_r2/run26 >& biased_r2/run26.log
% Ministry of Cellular Automata
% Project Deux (CS523 Spring 2015)
% Version:v0.1-70-g0624-dirty
%  pop:50
%  ic count:100
%  CA Log option:biased_r2/run26
%  width:121
%  max workers:4
%  radius:2
%  iterations:300
%  use bias:true
%  generations:50

 generation 0.1.1.50.50.50.1.1.1.50.50.1.50.1.0.1.0.0.1.50.13.1.1.6.50.1.1.1.1.50.1.50.1.0.1.0.0.1.1.50.1.1.1.1.1.1.5.50.0.1.0.xover.mutate.done 50
 generation 1.50.50.50.50.51.50.50.50.50.50.1.0.46.10.51.19.50.50.50.1.50.50.1.1.1.50.1.1.50.0.50.1.1.8.0.31.1.12.50.0.0.14.33.1.12.7.0.1.51.0.xover.mutate.done 50
 generation 2.50.50.50.50.50.50.50.50.50.50.6.0.0.50.50.50.0.6.50.0.50.0.50.50.6.0.50.50.0.50.50.0.0.50.50.50.50.50.10.0.0.3.8.50.7.38.50.50.50.50.xover.mutate.done 50
 generation 3.54.54.54.50.50.50.50.50.50.50.19.22.1.54.5.4.50.4.50.50.5.51.50.54.50.50.1.5.1.1.30.1.50.5.50.54.54.54.1.5.50.1.4.5.50.51.19.4.4.50.xover.mutate.done 50
 generation 4.51.51.51.51.51.51.51.51.50.50.0.50.51.50.46.50.50.51.51.51.50.51.50.1.50.0.50.1.7.1.51.50.50.51.51.50.51.0.50.71.50.1.1.50.51.12.1.51.51.50.xover.mutate.done 50
 generation 5.64.50.50.50.50.50.50.50.50.50.0.50.0.0.50.0.0.0.13.0.50.50.50.50.0.50.0.50.0.0.50.0.0.0.0.0.50.0.50.50.0.0.0.50.5.50.0.0.0.50.xover.mutate.done 50
 generation 6.68.53.53.53.53.53.53.53.53.53.3.3.3.62.53.3.53.3.50.53.53.53.3.53.3.3.3.3.53.53.3.53.55.50.3.3.50.50.3.53.57.53.3.3.3.53.3.3.53.3.xover.mutate.done 50
 generation 7.70.60.59.54.50.50.50.50.50.50.2.50.2.50.50.0.0.2.50.2.50.50.2.13.50.50.50.50.2.50.2.2.50.2.16.50.52.2.2.50.50.2.50.2.50.50.0.50.50.2.xover.mutate.done 50
 generation 8.66.61.59.57.51.51.51.51.51.51.19.2.1.51.51.1.1.2.51.51.51.17.51.2.2.2.13.50.51.51.2.51.2.51.2.1.2.50.2.51.51.2.11.24.51.2.51.51.51.1.xover.mutate.done 50
 generation 9.69.63.64.55.51.50.50.50.50.50.1.35.11.1.1.1.41.50.50.1.50.1.50.50.1.9.50.0.1.18.0.1.51.1.18.50.18.50.51.50.50.41.50.50.1.50.50.50.1.51.xover.mutate.done 50
 generation 10.66.60.58.54.51.51.51.51.51.51.51.2.51.1.2.2.6.2.10.1.51.51.2.50.51.50.2.51.51.11.51.37.51.51.2.2.51.2.2.51.51.51.51.2.51.51.2.51.2.1.xover.mutate.done 50
 generation 11.64.60.60.51.51.51.51.51.50.50.50.50.50.50.16.51.50.56.34.21.1.50.6.50.1.50.50.1.50.50.50.50.50.8.50.46.50.51.51.51.51.50.1.1.7.1.51.1.50.51.xover.mutate.done 50
 generation 12.66.64.61.57.55.53.53.53.53.53.3.53.17.0.24.53.50.3.0.3.50.37.3.3.53.50.3.29.3.3.3.13.50.3.50.0.50.53.50.15.50.53.3.3.3.53.53.3.3.3.xover.mutate.done 50
 generation 13.67.57.62.58.53.50.50.50.50.50.0.50.0.50.0.4.13.0.9.0.50.0.50.50.0.17.0.0.8.0.0.8.0.0.75.0.0.0.8.0.50.50.50.50.50.0.0.50.0.0.xover.mutate.done 50
 generation 14.78.72.64.60.53.55.50.50.50.50.50.0.50.78.22.0.0.0.37.14.50.0.16.0.50.72.15.0.50.32.0.50.8.50.10.0.0.0.0.15.0.72.60.0.15.50.39.0.5.0.xover.mutate.done 50
 generation 15.76.76.77.73.73.69.63.69.59.61.3.22.3.51.1.13.50.16.3.3.3.19.3.73.42.2.3.78.52.22.42.3.22.76.23.3.44.15.51.3.19.51.27.3.21.3.13.22.53.3.xover.mutate.done 50
 generation 16.75.68.76.76.76.67.67.67.62.62.1.0.76.17.32.0.67.4.1.50.50.67.18.9.51.51.7.51.67.3.0.42.0.1.62.1.1.76.15.0.12.18.50.17.14.62.6.68.18.44.xover.mutate.done 50
 generation 17.75.75.75.75.75.75.71.68.65.65.65.51.65.2.16.75.13.13.52.3.51.41.75.81.27.1.21.65.65.75.21.81.5.52.5.34.18.20.27.19.75.67.3.3.3.5.3.5.51.65.xover.mutate.done 50
 generation 18.81.79.75.75.77.75.75.75.75.77.15.0.6.60.60.0.70.75.50.70.26.24.26.77.0.60.50.21.70.81.0.50.50.70.75.42.75.52.75.60.36.75.20.20.54.10.50.60.69.60.xover.mutate.done 50
 generation 19.72.72.85.67.67.67.67.67.67.67.67.52.53.15.67.34.53.53.67.67.67.26.69.34.17.50.28.67.17.51.67.34.67.66.62.50.72.51.67.29.28.17.62.67.67.72.17.3.1.1.xover.mutate.done 50
 generation 20.77.83.84.83.84.83.75.75.75.75.50.45.37.75.34.75.51.73.78.10.28.57.36.10.75.26.51.2.1.75.49.35.75.73.73.77.84.51.33.69.75.33.27.51.51.16.1.74.36.51.xover.mutate.done 50
 generation 21.81.81.81.81.81.79.78.80.75.75.81.85.51.70.60.2.71.75.51.51.24.81.35.34.69.69.32.32.51.81.76.20.34.75.65.81.75.67.74.24.76.37.34.81.51.77.79.61.52.62.xover.mutate.done 50
 generation 22.84.78.78.78.78.78.79.78.78.79.56.50.31.50.79.56.10.66.60.78.45.50.50.64.29.78.49.75.78.72.72.50.79.78.74.78.63.22.19.73.50.72.78.78.71.50.53.64.66.50.xover.mutate.done 50
 generation 23.81.76.76.76.76.76.76.76.76.76.71.0.76.76.0.50.27.50.66.70.76.50.31.70.76.50.52.50.71.26.76.71.50.72.62.20.76.76.76.14.76.76.50.50.50.50.50.72.50.57.xover.mutate.done 50
 generation 24.87.83.83.83.83.82.82.82.82.82.64.52.45.82.52.50.83.50.82.52.50.77.0.83.37.59.61.52.52.50.83.39.76.82.83.28.79.50.46.83.83.2.77.61.83.52.82.50.27.50.xover.mutate.done 50
 generation 25.82.73.73.73.73.73.73.73.73.73.27.73.73.41.53.51.72.36.73.73.73.73.73.69.73.50.10.53.69.73.73.73.28.5.66.50.73.52.65.55.73.69.66.55.71.27.73.66.73.55.xover.mutate.done 50
 generation 26.79.79.79.79.79.79.79.79.79.79.67.50.79.79.65.51.65.78.79.27.6.39.40.51.79.78.29.78.62.51.79.51.78.79.17.1.78.79.65.7.79.64.59.79.79.50.51.57.79.51.xover.mutate.done 50
 generation 27.85.86.86.86.86.86.86.86.86.86.57.70.86.86.50.76.11.86.21.51.52.73.44.46.10.3.86.20.24.64.51.37.79.86.51.20.51.57.52.52.67.20.44.52.48.2.86.69.52.86.xover.mutate.done 50
 generation 28.79.79.79.79.79.79.79.79.79.79.33.33.30.43.51.1.35.77.44.79.79.50.76.79.51.50.63.79.33.79.27.47.51.60.76.34.1.79.79.79.51.79.65.79.79.19.79.46.46.79.xover.mutate.done 50
 generation 29.79.79.79.79.79.79.79.79.79.79.52.58.79.56.79.79.5.71.53.56.79.16.79.79.79.79.79.13.53.78.53.52.79.53.79.79.79.52.52.79.71.53.49.53.31.79.30.79.79.79.xover.mutate.done 50
 generation 30.80.80.80.80.80.80.80.80.80.80.50.80.51.80.50.50.41.50.51.80.1.55.80.80.75.80.80.80.54.80.50.10.50.80.80.51.50.50.80.79.50.6.44.76.80.1.80.80.44.80.xover.mutate.done 50
 generation 31.75.75.75.75.75.74.74.75.74.75.27.75.71.75.0.74.75.50.75.37.61.51.51.12.13.47.50.72.50.74.45.74.74.74.74.34.50.74.1.69.74.75.36.75.71.75.55.74.74.47.xover.mutate.done 50
 generation 32.77.77.76.76.76.76.77.77.76.77.9.51.2.76.76.76.75.76.1.2.75.72.51.76.58.51.76.51.2.51.51.76.77.51.76.76.51.2.59.51.73.51.76.76.75.76.72.51.76.10.xover.mutate.done 50
 generation 33.77.77.77.77.77.77.77.77.77.77.2.56.51.7.77.2.58.72.77.77.58.77.77.33.11.56.77.77.51.51.58.77.77.77.77.76.76.34.51.51.71.51.27.53.72.77.51.51.58.51.xover.mutate.done 50
 generation 34.80.80.80.80.80.80.79.79.79.79.17.69.32.79.2.2.79.43.50.58.43.51.45.80.51.80.51.79.72.31.80.64.80.40.17.56.55.45.44.51.55.79.43.51.61.78.79.80.80.79.xover.mutate.done 50
 generation 35.72.72.72.72.72.72.72.72.72.72.51.36.72.29.51.70.55.55.52.52.72.52.52.39.52.29.43.11.72.72.10.36.51.52.72.36.41.59.23.72.52.72.55.47.36.52.72.36.26.54.xover.mutate.done 50
 generation 36.83.83.83.83.83.83.83.83.83.83.26.50.83.59.51.81.82.35.22.11.83.78.83.34.51.62.26.62.26.41.50.83.32.51.50.28.60.83.32.83.83.49.23.50.51.83.77.38.11.36.xover.mutate.done 50
 generation 37.83.83.83.83.83.83.83.83.83.83.50.83.1.51.41.83.58.83.80.51.81.41.83.81.41.57.52.57.51.51.65.83.64.21.83.50.45.7.2.51.57.81.75.51.83.83.83.83.34.57.xover.mutate.done 50
 generation 38.76.76.76.76.76.76.76.76.76.76.53.10.70.53.50.76.51.45.56.76.1.56.76.9.21.76.76.51.27.72.76.76.76.34.56.76.45.50.27.76.75.34.7.50.76.76.60.50.58.75.xover.mutate.done 50
 generation 39.77.77.77.77.77.77.77.77.77.77.77.77.28.36.49.68.35.49.67.36.49.50.51.5.42.62.38.1.55.51.28.77.1.47.77.51.77.77.77.77.1.67.72.51.9.36.72.8.54.7.xover.mutate.done 50
 generation 40.79.79.79.79.79.79.79.79.79.79.71.77.13.79.52.12.9.79.79.51.41.31.64.46.51.43.51.50.40.52.32.27.71.3.74.64.59.52.51.51.79.21.79.52.3.74.79.79.79.42.xover.mutate.done 50
 generation 41.83.83.83.83.83.83.83.83.83.83.83.50.83.33.43.47.83.26.52.25.83.82.32.47.82.66.2.75.83.83.73.52.73.50.83.18.70.19.74.50.13.70.75.83.75.83.52.83.35.54.xover.mutate.done 50
 generation 42.79.79.79.79.79.79.79.79.79.79.79.72.79.79.29.7.74.14.79.74.72.74.79.39.22.6.67.57.50.79.14.15.61.79.31.72.62.72.20.50.15.16.79.50.50.50.79.69.51.33.xover.mutate.done 50
 generation 43.82.82.82.82.82.82.82.82.82.82.40.29.82.82.55.57.50.82.82.82.82.18.82.82.77.71.38.82.82.82.50.38.56.51.82.56.82.8.29.75.82.50.1.82.76.33.82.74.82.49.xover.mutate.done 50
 generation 44.83.83.83.83.83.83.83.83.83.83.83.83.51.83.42.30.83.78.57.61.77.83.64.83.78.74.36.64.51.50.58.83.64.61.83.83.51.83.10.83.50.64.83.83.78.29.13.36.30.51.xover.mutate.done 50
 generation 45.79.79.79.79.79.79.79.79.79.79.52.52.52.79.52.51.74.47.72.51.3.51.79.79.51.32.50.52.79.50.51.79.50.64.50.79.58.29.63.52.56.79.50.79.79.79.63.64.79.79.xover.mutate.done 50
 generation 46.78.78.78.78.78.78.78.78.78.78.48.69.0.50.50.69.50.73.0.65.50.78.76.50.76.41.50.40.78.66.50.64.56.78.50.4.28.40.76.64.66.50.50.50.70.0.66.62.67.50.xover.mutate.done 50
 generation 47.81.81.81.81.81.81.81.81.81.81.81.23.32.47.72.7.51.73.71.69.34.70.23.50.51.76.62.50.48.81.57.81.76.76.24.81.64.62.50.50.8.79.69.81.81.8.51.51.81.76.xover.mutate.done 50
 generation 48.83.83.83.83.83.83.83.83.83.83.51.34.83.51.61.51.83.78.79.83.83.50.2.34.70.50.83.74.51.14.55.83.83.80.83.51.83.83.2.34.83.2.83.78.47.70.51.82.51.50.xover.mutate.done 50
 generation 49.83.83.83.83.83.83.83.83.83.83.83.50.60.50.77.50.73.50.50.83.50.40.39.50.50.83.50.67.67.83.43.83.50.83.48.72.27.50.33.83.83.83.27.0.33.83.83.0.50.83.xover.mutate.done 50
 20616047 iters     869052 iter/sec (23.72 s)
 total time: 23.72
