0.5 0.0625 0.375 0.875 0.34375 0.375 0.8125 0.40625 0.65625 0.8125 
0.0625 0.125 0.0625 0.09375 0.15625 0.9375 0.84375 0.03125 0.0 0.0 
0.0625 0.125 0.0625 0.09375 0.15625 0.9375 0.84375 0.03125 0.0 0.0 
0.15625 0.21875 0.0625 0.125 0.0625 0.09375 0.9375 0.84375 0.03125 0.0 
0.8125 0.15625 0.21875 0.0625 0.125 0.0625 0.09375 0.9375 0.84375 0.03125 
0.15625 0.21875 0.25 0.21875 0.8125 0.0625 0.125 0.0625 0.09375 0.9375 
0.15625 0.21875 0.25 0.21875 0.8125 0.125 0.15625 0.4375 0.8125 0.28125 
0.125 0.15625 0.21875 0.25 0.21875 0.8125 0.125 0.15625 0.4375 0.8125 
0.125 0.15625 0.21875 0.25 0.21875 0.8125 0.125 0.15625 0.4375 0.8125 
0.15625 0.21875 0.25 0.21875 0.125 0.15625 0.4375 0.21875 0.28125 0.28125 
0.15625 0.21875 0.25 0.21875 0.125 0.15625 0.4375 0.21875 0.28125 0.28125 
0.15625 0.21875 0.25 0.21875 0.125 0.15625 0.4375 0.21875 0.28125 0.28125 
0.15625 0.21875 0.25 0.21875 0.125 0.15625 0.4375 0.21875 0.28125 0.28125 
0.15625 0.21875 0.25 0.21875 0.125 0.15625 0.4375 0.21875 0.28125 0.28125 
0.15625 0.21875 0.25 0.21875 0.125 0.15625 0.4375 0.21875 0.28125 0.28125 
0.15625 0.21875 0.25 0.21875 0.125 0.15625 0.4375 0.21875 0.28125 0.28125 
0.15625 0.21875 0.25 0.21875 0.125 0.15625 0.4375 0.21875 0.28125 0.28125 
0.15625 0.21875 0.25 0.21875 0.125 0.15625 0.4375 0.21875 0.28125 0.28125 
0.15625 0.21875 0.25 0.21875 0.125 0.15625 0.4375 0.21875 0.28125 0.28125 
0.15625 0.21875 0.25 0.21875 0.125 0.15625 0.4375 0.21875 0.28125 0.28125 
0.15625 0.21875 0.25 0.21875 0.125 0.15625 0.4375 0.21875 0.28125 0.28125 
0.34375 0.15625 0.21875 0.25 0.21875 0.125 0.15625 0.4375 0.21875 0.28125 
0.34375 0.15625 0.21875 0.25 0.21875 0.125 0.15625 0.4375 0.21875 0.28125 
0.34375 0.34375 0.15625 0.21875 0.25 0.21875 0.125 0.15625 0.4375 0.21875 
0.34375 0.34375 0.34375 0.34375 0.15625 0.21875 0.25 0.21875 0.125 0.15625 
0.34375 0.34375 0.34375 0.34375 0.34375 0.15625 0.21875 0.25 0.21875 0.125 
0.34375 0.34375 0.34375 0.34375 0.34375 0.34375 0.34375 0.3125 0.34375 0.34375 
0.34375 0.34375 0.34375 0.34375 0.34375 0.34375 0.34375 0.3125 0.34375 0.34375 
0.4375 0.375 0.40625 0.34375 0.34375 0.34375 0.34375 0.34375 0.34375 0.34375 
0.4375 0.375 0.40625 0.4375 0.375 0.40625 0.375 0.40625 0.4375 0.4375 
0.4375 0.375 0.40625 0.4375 0.375 0.40625 0.375 0.40625 0.4375 0.4375 
0.375 0.4375 0.375 0.40625 0.4375 0.375 0.40625 0.375 0.40625 0.4375 
0.40625 0.375 0.375 0.4375 0.4375 0.375 0.40625 0.4375 0.375 0.40625 
0.40625 0.375 0.375 0.4375 0.4375 0.46875 0.46875 0.4375 0.375 0.40625 
0.46875 0.40625 0.40625 0.375 0.375 0.375 0.4375 0.4375 0.46875 0.46875 
0.46875 0.46875 0.5 0.40625 0.40625 0.40625 0.46875 0.375 0.375 0.375 
0.46875 0.46875 0.46875 0.46875 0.5 0.5 0.5 0.53125 0.40625 0.40625 
0.53125 0.46875 0.46875 0.46875 0.46875 0.46875 0.46875 0.46875 0.5 0.5 
0.53125 0.53125 0.5 0.5 0.5 0.5 0.46875 0.46875 0.46875 0.46875 
0.53125 0.53125 0.5 0.5 0.5 0.5 0.46875 0.46875 0.46875 0.46875 
0.53125 0.53125 0.5 0.53125 0.53125 0.53125 0.53125 0.5 0.5 0.5 
0.53125 0.53125 0.5 0.53125 0.53125 0.53125 0.53125 0.5 0.5 0.5 
0.53125 0.53125 0.5 0.53125 0.53125 0.53125 0.53125 0.5 0.53125 0.5 
0.53125 0.53125 0.5 0.53125 0.53125 0.53125 0.53125 0.5 0.53125 0.5 
0.53125 0.53125 0.5 0.53125 0.53125 0.53125 0.53125 0.5 0.53125 0.5 
0.53125 0.53125 0.5 0.53125 0.53125 0.53125 0.53125 0.5 0.53125 0.5 
0.53125 0.53125 0.5 0.53125 0.53125 0.53125 0.53125 0.5 0.53125 0.5 
0.53125 0.53125 0.5 0.53125 0.53125 0.53125 0.53125 0.5 0.53125 0.5 
0.53125 0.53125 0.5 0.53125 0.53125 0.53125 0.53125 0.5 0.53125 0.5 
0.53125 0.53125 0.5 0.53125 0.53125 0.53125 0.53125 0.5 0.53125 0.5 
