50 50 50 50 50 50 50 50 50 50 32 8 6 1 0 0 0 0 0 0 0 0 0 0 0 0 0 0 0 0 0 0 0 0 0 0 0 0 0 0 0 0 0 0 0 0 0 0 0 0 
51 51 50 50 50 50 50 50 50 50 50 50 50 50 50 50 50 50 50 50 50 50 50 45 1 1 1 1 1 1 1 1 1 1 1 1 1 1 1 1 0 0 0 0 0 0 0 0 0 0 
53 53 53 53 53 51 51 51 51 50 50 50 50 50 50 50 50 50 50 50 50 50 50 50 50 50 48 26 21 18 13 9 4 4 4 4 4 4 4 4 4 4 4 3 3 3 3 1 1 1 
53 53 53 53 53 53 53 53 53 51 51 51 51 51 51 51 51 51 51 51 51 51 50 50 50 50 50 50 41 38 33 33 26 22 8 4 4 4 4 4 4 4 3 3 1 1 1 1 1 1 
53 53 53 53 53 53 53 53 53 53 53 53 53 53 53 53 53 53 53 50 50 50 50 50 50 50 50 50 50 50 50 50 50 50 50 50 50 50 39 30 13 3 3 3 3 3 3 3 0 0 
52 52 52 52 52 52 52 52 52 52 52 52 52 52 52 52 52 52 52 52 52 52 52 52 52 52 52 52 52 52 52 52 52 52 52 52 52 52 50 50 50 50 37 10 4 4 4 4 2 2 
52 52 50 50 50 50 50 50 50 50 50 50 50 50 50 50 50 50 50 50 50 50 50 50 50 50 50 50 50 50 50 50 50 50 50 50 50 50 35 35 9 9 9 2 2 2 2 2 2 2 
52 52 52 52 52 52 52 52 52 52 52 52 52 52 52 52 52 52 52 52 52 52 52 52 52 52 52 52 52 52 52 52 52 52 52 52 52 52 52 52 52 51 51 50 38 21 8 3 3 3 
50 50 50 50 50 50 50 50 50 50 50 50 50 50 50 50 50 50 50 50 50 50 50 50 50 50 50 50 50 50 50 50 50 50 41 36 33 30 26 14 13 7 0 0 0 0 0 0 0 0 
50 50 50 50 50 50 50 50 50 50 50 50 50 50 50 50 50 50 50 50 50 50 50 50 50 50 50 50 50 50 23 21 21 2 2 2 2 2 2 2 2 2 2 2 2 2 0 0 0 0 
52 52 52 52 52 52 52 52 52 52 52 52 52 52 52 52 52 52 52 52 52 52 52 52 52 52 52 52 52 52 52 52 52 52 52 52 52 50 50 50 50 38 31 31 3 3 3 3 1 1 
52 52 52 52 52 52 52 52 52 52 52 52 52 52 52 52 52 52 52 52 52 52 52 52 52 52 52 52 52 52 52 52 52 52 52 52 52 52 50 50 50 46 4 4 4 4 4 4 4 4 
54 54 54 54 54 54 54 54 54 54 54 54 54 54 54 54 54 54 54 54 54 54 54 54 54 54 54 54 54 54 54 54 54 54 54 54 54 54 54 54 54 54 50 32 8 4 4 4 4 4 
51 51 51 51 51 51 51 51 51 51 51 51 51 51 51 51 51 51 51 51 51 51 51 51 51 51 51 51 51 51 51 51 51 51 51 51 51 51 50 50 50 47 39 2 2 2 2 2 2 1 
51 51 51 51 51 51 51 51 51 51 51 51 51 51 51 51 51 51 51 51 51 51 51 51 51 51 51 51 51 51 51 51 51 51 51 51 51 51 20 11 8 2 2 2 2 2 2 2 1 1 
50 50 50 50 50 50 50 50 50 50 50 50 50 50 50 50 50 50 50 50 50 50 50 50 50 50 50 50 50 50 50 50 50 50 50 50 50 50 23 2 2 2 2 2 2 2 2 2 0 0 
50 50 50 50 50 50 50 50 50 50 50 50 50 50 50 50 50 50 50 50 50 50 50 50 50 50 50 50 50 50 50 50 50 50 50 50 50 35 30 0 0 0 0 0 0 0 0 0 0 0 
52 52 52 52 52 52 52 52 52 52 52 52 52 52 52 52 52 52 52 52 52 52 52 52 52 52 52 52 52 52 52 52 52 52 52 52 52 50 50 50 50 25 4 3 3 3 3 3 1 1 
50 50 50 50 50 50 50 50 50 50 50 50 50 50 50 50 50 50 50 50 50 50 50 50 50 50 50 50 50 50 50 50 50 50 50 50 50 50 50 50 50 50 50 30 12 12 1 1 1 1 
50 50 50 50 50 50 50 50 50 50 50 50 50 50 50 50 50 50 50 50 50 50 50 50 50 50 50 50 50 50 50 50 50 50 50 50 50 50 50 50 50 50 50 18 12 10 9 0 0 0 
50 50 50 50 50 50 50 50 50 50 50 50 50 50 50 50 50 50 50 50 50 50 50 50 50 50 50 50 50 50 50 50 50 50 50 50 50 44 11 10 1 0 0 0 0 0 0 0 0 0 
56 51 51 51 51 51 51 51 51 51 51 51 51 51 51 51 51 51 51 51 51 51 51 51 51 51 51 51 51 51 51 51 51 51 51 51 51 51 51 50 50 50 50 50 50 50 1 0 0 0 
55 55 51 51 51 51 51 51 51 51 51 51 51 51 51 51 51 51 51 51 51 51 51 51 51 51 51 51 51 51 51 51 51 51 51 51 51 50 50 50 50 50 50 50 37 18 2 2 2 1 
53 53 53 53 53 53 50 50 50 50 50 50 50 50 50 50 50 50 50 50 50 50 50 50 50 50 50 50 50 50 50 50 50 50 50 50 50 50 50 50 47 28 28 20 13 10 1 1 0 0 
61 61 61 61 61 61 61 61 61 61 61 61 61 59 52 52 52 52 52 52 52 52 52 52 52 52 52 52 52 52 52 52 52 52 52 52 52 52 52 52 52 52 52 52 52 52 12 8 7 3 
59 54 54 54 54 54 54 54 54 54 54 54 54 54 54 54 54 54 54 54 54 54 51 51 51 51 51 51 51 51 51 51 51 51 51 51 51 51 51 51 45 32 30 29 28 9 8 4 4 1 
62 62 55 55 55 55 55 55 55 55 55 55 55 55 55 55 55 55 55 55 55 55 55 55 55 55 55 55 55 51 51 51 51 51 51 51 51 51 51 51 51 51 51 51 51 33 30 16 11 2 
63 63 63 63 58 55 55 55 55 55 55 55 55 55 55 55 55 55 55 55 55 55 55 55 51 51 51 51 51 51 51 51 51 50 50 50 38 36 36 35 32 32 11 9 5 5 5 2 2 1 
65 65 65 64 64 64 64 64 63 56 56 56 55 54 54 54 54 54 54 54 54 54 54 54 54 54 54 54 54 53 53 53 50 50 50 50 50 50 50 42 34 33 32 30 16 6 5 5 1 1 
63 63 63 63 63 63 63 63 63 63 63 63 63 63 63 63 63 63 62 62 62 61 58 58 58 58 57 57 55 55 55 55 55 55 55 55 51 51 51 51 51 50 50 36 28 28 28 16 6 1 
70 69 69 69 69 69 69 69 69 69 69 68 68 68 68 68 67 64 64 64 64 64 64 64 64 63 63 63 59 57 52 52 52 52 52 52 50 50 42 41 30 24 22 21 21 20 3 3 1 1 
69 69 68 66 66 66 66 66 66 66 66 66 66 66 66 66 65 65 65 64 64 61 60 60 58 58 58 57 51 50 50 50 50 50 43 43 41 41 40 39 38 37 34 28 27 19 16 16 7 1 
77 69 65 65 65 65 65 65 64 62 62 62 62 62 62 62 62 62 62 62 62 62 61 60 60 59 56 56 50 50 50 50 50 50 50 50 50 50 44 44 35 18 17 14 12 11 11 11 0 0 
77 75 74 68 68 68 68 68 68 65 65 65 65 65 65 65 64 64 64 64 62 62 62 54 50 50 50 50 50 50 50 50 50 49 39 38 36 32 30 29 28 26 21 21 19 18 16 12 6 0 
81 77 77 73 73 72 71 71 71 69 69 69 69 69 69 69 69 68 68 66 66 66 66 66 63 63 63 62 57 56 50 50 50 50 44 42 38 19 19 16 16 16 16 16 16 16 14 6 4 0 
79 75 75 75 74 74 74 72 72 72 72 72 71 69 69 69 69 65 65 65 64 64 64 64 64 64 64 63 57 57 51 50 50 50 50 50 50 50 48 41 32 24 21 16 16 14 14 14 11 8 
81 81 80 80 80 80 80 80 80 80 80 80 80 79 79 79 79 79 79 74 74 73 73 71 70 68 68 68 68 68 68 68 66 66 65 65 62 61 55 50 49 48 38 33 21 19 19 15 4 2 
80 80 80 77 77 76 74 74 74 74 74 72 72 72 72 72 72 72 72 72 72 71 71 68 68 67 63 61 61 60 55 55 54 54 51 51 51 51 51 50 50 50 50 50 50 39 39 39 37 35 
81 81 81 81 79 79 79 79 79 79 79 79 79 79 79 79 79 76 76 76 76 76 76 76 76 76 76 76 67 66 66 66 66 65 65 64 62 62 58 55 51 51 51 50 50 50 33 33 12 6 
79 79 79 79 79 78 77 76 76 76 76 76 76 76 75 75 73 73 73 73 73 73 67 67 66 57 54 54 50 50 50 50 50 50 50 50 50 50 34 32 29 25 21 18 16 14 4 4 4 3 
89 88 87 87 87 86 86 86 86 86 86 84 83 83 77 77 77 69 69 68 65 61 60 58 58 52 52 52 50 50 50 50 50 50 49 48 45 38 38 38 38 38 34 31 18 8 2 2 2 2 
79 77 77 77 77 77 77 77 77 77 77 76 76 76 76 76 76 76 76 76 74 71 67 65 65 65 53 51 50 50 50 50 50 50 50 45 43 34 32 32 29 29 29 28 26 22 11 4 3 1 
79 79 79 79 79 79 79 79 79 79 79 79 78 78 78 77 77 76 76 76 74 72 71 65 61 59 58 58 57 56 51 51 50 50 50 43 43 37 37 33 31 31 30 30 17 9 3 3 3 2 
79 78 78 78 78 78 78 78 78 78 78 78 77 77 76 76 66 61 61 60 58 57 56 52 50 50 50 50 50 50 48 48 48 45 37 37 34 31 29 29 28 28 25 18 15 2 2 2 2 0 
78 77 77 77 77 77 77 77 77 77 77 77 77 77 77 77 77 77 77 77 77 70 70 59 56 54 51 51 51 51 51 50 50 45 44 43 42 28 28 28 28 28 22 15 5 2 2 2 2 1 
78 78 78 77 77 77 77 77 77 77 77 77 77 77 77 77 77 77 77 77 77 77 77 74 68 61 51 51 51 50 50 50 50 50 50 46 39 36 35 34 34 34 34 33 28 28 28 28 7 1 
76 76 76 76 76 74 74 74 74 74 74 74 74 74 74 74 74 74 74 74 74 74 74 74 71 64 54 54 53 51 51 51 50 50 50 50 50 50 44 44 42 39 38 38 28 28 28 5 5 4 
81 81 81 81 81 81 80 80 80 80 80 80 80 80 80 80 80 79 78 78 74 65 64 63 60 58 57 55 55 51 51 51 51 50 50 50 50 50 50 50 47 44 42 36 31 31 11 6 1 0 
81 81 81 81 81 81 81 81 81 81 80 80 80 80 79 79 79 73 69 67 64 64 63 59 56 51 51 51 51 51 51 51 51 50 50 50 41 37 37 31 30 30 27 27 14 13 10 6 2 1 
86 85 85 85 85 84 84 84 84 84 84 84 84 84 84 84 84 84 84 84 84 84 80 75 70 70 52 52 52 52 51 50 50 43 42 41 41 40 39 39 39 37 37 36 36 33 20 14 12 3 
