% Invoked: ./gella -d -r 2 -l biased_r2/run29 >& biased_r2/run29.log
% Ministry of Cellular Automata
% Project Deux (CS523 Spring 2015)
% Version:v0.1-70-g0624-dirty
%  pop:50
%  ic count:100
%  CA Log option:biased_r2/run29
%  width:121
%  max workers:4
%  radius:2
%  iterations:300
%  use bias:true
%  generations:50

 generation 0.1.1.1.2.1.50.1.1.1.50.1.50.21.1.1.1.1.50.2.2.50.50.2.1.50.2.2.1.50.2.50.50.50.2.1.50.4.2.2.1.51.2.1.1.15.1.1.50.50.1.xover.mutate.done 50
 generation 1.50.50.50.50.50.50.50.50.50.50.5.0.0.0.1.1.0.51.1.50.28.0.0.19.50.51.1.50.0.1.1.50.0.0.50.51.50.50.50.14.50.15.50.50.51.51.1.0.0.14.xover.mutate.done 50
 generation 2.52.52.52.52.52.51.50.50.50.50.3.50.52.12.52.7.50.57.1.1.50.1.50.50.50.3.2.3.50.3.50.1.52.57.50.3.50.52.52.50.12.1.52.50.50.50.9.52.3.50.xover.mutate.done 50
 generation 3.56.56.51.51.51.51.51.51.51.51.50.50.50.50.51.50.1.51.1.6.50.50.1.51.51.50.50.24.51.50.1.0.13.50.6.50.50.51.0.50.8.50.6.51.50.1.50.50.50.51.xover.mutate.done 50
 generation 4.52.52.50.50.50.50.50.50.50.50.50.50.50.50.50.50.50.0.0.0.5.50.50.0.50.50.50.1.1.50.50.50.0.50.50.50.50.50.50.50.0.36.52.0.50.1.50.65.50.50.xover.mutate.done 50
 generation 5.61.54.54.54.52.52.52.52.52.52.50.52.0.50.50.50.52.52.4.52.52.2.50.52.52.52.54.2.2.52.52.34.52.50.52.52.0.52.2.52.52.2.50.54.52.52.0.52.5.52.xover.mutate.done 50
 generation 6.70.56.56.56.56.56.50.50.50.50.50.50.50.50.50.50.50.0.6.50.50.0.50.50.50.56.0.6.0.57.50.50.0.50.6.12.0.50.50.50.0.50.0.50.50.50.58.50.0.50.xover.mutate.done 50
 generation 7.71.60.60.58.58.58.58.58.58.51.58.51.58.58.19.4.58.4.36.51.51.9.50.51.11.51.1.4.51.51.51.51.51.51.60.71.60.4.51.4.58.51.19.51.51.51.51.18.51.50.xover.mutate.done 50
 generation 8.67.67.53.52.52.52.51.51.51.51.1.0.2.50.2.50.52.2.51.0.2.50.50.50.15.0.1.1.50.2.54.50.50.0.50.50.39.0.1.1.50.50.50.1.51.50.50.50.50.50.xover.mutate.done 50
 generation 9.60.60.57.55.55.55.55.55.54.54.7.51.51.51.6.3.51.2.51.51.54.54.6.3.54.55.55.2.54.51.51.3.51.51.51.3.3.1.60.51.51.6.28.2.54.3.51.6.51.51.xover.mutate.done 50
 generation 10.67.67.67.58.57.57.57.57.57.55.8.51.51.55.57.15.55.3.51.2.51.51.51.57.57.51.21.51.55.21.51.6.55.51.55.51.55.2.6.2.51.51.51.55.51.51.51.1.57.57.xover.mutate.done 50
 generation 11.72.72.72.56.55.55.55.55.55.55.15.49.50.56.55.50.55.11.50.50.55.72.55.72.11.55.50.6.50.42.50.11.56.55.55.25.56.56.50.55.0.50.50.56.5.50.55.5.0.49.xover.mutate.done 50
 generation 12.66.66.66.66.66.55.55.52.52.52.50.54.54.52.50.50.2.4.33.55.72.0.52.50.15.54.50.46.54.8.34.16.4.66.50.55.54.2.67.66.4.2.17.50.74.37.5.2.52.48.xover.mutate.done 50
 generation 13.75.74.74.74.74.74.74.74.74.74.61.60.31.61.51.51.40.60.51.74.60.61.74.60.61.13.61.50.60.60.11.22.2.60.51.51.50.74.61.51.51.74.43.20.61.74.60.51.50.32.xover.mutate.done 50
 generation 14.73.69.69.66.66.66.66.66.66.66.58.0.38.21.58.66.73.8.53.50.66.38.58.53.53.50.53.8.71.58.50.42.62.50.50.73.50.65.53.53.53.62.64.53.73.58.46.50.73.73.xover.mutate.done 50
 generation 15.70.71.71.70.70.70.68.67.64.62.24.64.28.68.57.50.54.50.62.54.36.62.49.24.13.50.71.71.24.57.62.36.31.50.57.64.54.14.54.32.36.40.32.0.50.23.24.36.50.64.xover.mutate.done 50
 generation 16.75.75.75.75.76.76.76.76.67.69.61.69.69.47.69.37.43.67.52.37.22.55.75.75.20.72.41.18.63.50.34.45.13.40.44.61.63.37.50.22.40.63.63.16.72.47.52.41.30.18.xover.mutate.done 50
 generation 17.68.68.68.68.70.70.70.70.70.70.47.17.39.66.7.13.37.60.61.3.25.36.23.51.9.19.70.13.66.70.52.47.30.61.50.69.3.3.31.57.61.3.66.38.29.33.3.65.51.57.xover.mutate.done 50
 generation 18.73.73.73.73.73.73.73.73.72.75.37.54.72.53.30.19.54.12.2.77.82.35.54.12.5.5.6.54.73.8.52.32.77.54.54.51.6.2.58.53.28.42.54.73.54.77.6.34.2.35.xover.mutate.done 50
 generation 19.83.77.77.77.72.72.72.72.72.72.57.83.62.72.77.62.4.14.4.72.72.61.72.14.4.4.52.15.39.72.72.4.4.62.62.62.72.24.50.25.33.16.52.26.36.61.55.61.37.72.xover.mutate.done 50
 generation 20.88.88.82.82.82.82.79.79.79.79.51.50.82.3.24.76.52.21.88.79.79.3.33.50.88.39.74.79.18.36.51.82.26.3.64.81.23.26.79.19.19.51.24.51.61.51.47.40.49.19.xover.mutate.done 50
 generation 21.87.87.87.87.85.85.85.85.85.85.25.85.12.71.50.50.50.17.85.84.58.41.87.58.52.0.52.50.8.50.50.27.87.27.50.73.50.0.85.85.85.58.75.83.29.72.58.47.50.78.xover.mutate.done 50
 generation 22.83.83.83.83.83.83.78.78.78.78.52.25.33.50.68.5.50.78.68.83.50.78.50.25.67.78.50.41.23.50.50.68.52.52.62.52.52.68.50.13.46.29.52.83.45.50.50.75.37.78.xover.mutate.done 50
 generation 23.85.85.85.85.85.85.85.85.78.78.78.78.51.85.68.78.7.64.73.18.69.42.50.51.50.0.69.18.50.18.79.72.32.82.75.15.38.41.1.54.1.43.50.10.46.50.38.50.85.85.xover.mutate.done 50
 generation 24.83.83.83.83.83.83.83.83.83.83.3.50.65.17.50.83.83.51.50.2.51.51.15.83.51.51.51.50.62.79.51.77.51.83.83.58.77.77.50.51.83.73.83.50.51.72.58.1.83.51.xover.mutate.done 50
 generation 25.80.80.80.80.80.80.80.80.80.80.80.29.55.50.51.80.80.50.80.80.50.50.77.55.1.51.80.74.51.63.50.80.79.77.7.50.71.50.51.80.50.80.50.50.21.80.50.58.0.80.xover.mutate.done 50
 generation 26.80.80.80.80.80.80.80.80.80.80.50.49.69.44.65.80.80.80.34.3.80.50.58.76.78.69.66.3.69.78.48.50.23.48.3.83.47.50.83.17.69.48.50.56.50.73.50.3.83.46.xover.mutate.done 50
 generation 27.88.88.88.88.88.88.88.88.88.88.14.35.1.88.50.50.88.82.35.51.51.82.50.88.27.2.79.79.88.88.40.51.50.88.51.51.27.2.56.50.88.88.88.51.88.88.58.51.71.51.xover.mutate.done 50
 generation 28.82.82.82.82.82.82.82.82.82.82.82.82.82.82.81.49.82.82.50.1.50.51.32.56.73.81.82.49.82.82.75.51.50.1.56.11.49.50.62.50.41.32.32.82.50.74.82.82.51.82.xover.mutate.done 50
 generation 29.79.79.79.79.79.79.79.79.79.79.8.37.1.51.79.79.50.79.52.79.44.79.50.79.50.54.53.37.79.50.52.32.79.75.52.3.3.53.52.79.79.70.79.50.57.79.52.79.51.79.xover.mutate.done 50
 generation 30.78.78.78.75.75.75.75.75.75.75.50.58.52.52.75.58.52.50.60.27.58.1.75.51.50.71.3.50.50.52.50.23.60.52.50.27.42.58.2.75.3.51.63.3.11.68.50.50.50.69.xover.mutate.done 50
 generation 31.86.86.86.82.82.82.82.82.82.82.52.50.52.50.82.50.82.82.86.82.6.35.54.73.82.86.50.6.50.79.20.13.82.50.2.82.50.52.70.50.50.67.50.86.2.2.2.31.17.55.xover.mutate.done 50
 generation 32.86.86.86.86.86.86.85.85.85.85.52.50.50.52.50.37.16.85.50.86.38.76.52.50.2.85.69.50.52.86.50.63.50.83.52.2.48.38.50.69.50.2.52.50.50.19.85.59.81.86.xover.mutate.done 50
 generation 33.85.85.85.85.85.85.85.85.85.85.16.64.77.75.59.85.85.50.85.85.10.1.50.50.0.50.51.51.0.59.50.85.50.35.50.60.44.29.35.85.22.0.50.77.35.85.50.85.85.85.xover.mutate.done 50
 generation 34.80.80.80.80.80.80.80.80.80.79.58.79.80.50.80.76.80.50.80.68.80.8.48.39.39.0.80.30.37.67.0.30.79.21.79.8.7.50.80.79.50.80.7.50.58.80.8.50.79.71.xover.mutate.done 50
 generation 35.81.81.81.81.81.81.81.81.81.81.50.60.80.81.61.31.81.30.68.34.35.6.0.81.41.60.16.81.50.80.61.3.64.81.50.34.80.68.32.3.76.81.3.80.78.32.34.50.50.81.xover.mutate.done 50
 generation 36.84.84.84.84.84.84.84.84.84.84.81.84.51.44.51.36.52.36.15.50.51.84.67.61.52.84.78.52.84.78.51.15.81.51.51.84.17.52.84.82.51.84.52.51.51.17.84.40.84.84.xover.mutate.done 50
 generation 37.87.87.87.87.87.87.87.87.87.87.50.39.87.87.87.87.50.80.50.87.44.83.50.87.87.44.87.50.78.39.50.50.50.0.50.0.50.87.83.0.39.50.82.87.87.50.39.0.38.87.xover.mutate.done 50
 generation 38.78.78.78.78.78.78.78.78.78.78.73.66.8.25.78.73.24.21.10.51.33.51.1.66.51.58.51.30.51.2.39.78.73.78.51.78.30.78.50.51.51.51.73.76.20.73.78.56.8.71.xover.mutate.done 50
 generation 39.81.81.81.81.81.81.81.81.81.81.59.23.0.50.81.31.0.50.65.50.31.50.17.33.81.77.6.31.75.50.50.33.57.23.50.50.50.28.50.27.81.81.50.17.50.81.50.50.76.34.xover.mutate.done 50
 generation 40.86.86.86.86.86.86.86.86.86.86.86.57.86.29.57.64.80.50.1.38.86.50.50.35.50.37.1.50.53.86.81.50.86.51.50.77.32.86.86.59.50.29.50.35.50.50.86.41.86.50.xover.mutate.done 50
 generation 41.89.89.89.89.89.89.89.89.89.89.89.40.52.4.89.88.41.77.89.89.52.41.52.52.52.52.52.52.41.52.52.89.89.52.80.52.32.89.81.52.52.36.50.50.50.87.62.89.74.52.xover.mutate.done 50
 generation 42.84.84.84.84.84.84.84.84.84.84.52.52.57.50.50.50.2.84.84.50.84.36.84.2.10.74.2.47.47.50.2.2.55.9.84.56.50.56.50.36.50.69.84.7.57.83.52.50.52.39.xover.mutate.done 50
 generation 43.81.81.81.81.81.81.81.81.81.81.50.50.81.51.71.50.64.81.9.31.1.81.51.79.81.32.34.59.81.71.42.32.50.50.50.50.51.50.86.81.50.81.51.9.51.74.81.81.71.81.xover.mutate.done 50
 generation 44.77.84.84.84.84.84.84.84.84.84.32.50.51.32.33.56.84.1.84.79.50.13.84.7.35.1.50.51.56.14.51.51.51.31.51.84.50.50.56.38.84.35.51.77.7.1.84.29.56.31.xover.mutate.done 50
 generation 45.87.87.87.87.87.87.87.87.87.87.87.85.31.29.38.69.13.61.3.51.39.87.51.87.83.62.52.16.37.87.81.3.3.3.69.79.87.61.51.51.14.3.67.87.55.52.87.40.12.61.xover.mutate.done 50
 generation 46.84.84.84.84.84.84.84.84.84.84.9.84.44.51.11.75.84.66.50.50.84.16.51.50.45.35.77.51.34.50.1.84.44.51.75.50.84.1.1.22.51.84.58.9.22.50.73.76.84.16.xover.mutate.done 50
 generation 47.86.86.86.86.86.86.86.86.86.86.50.50.79.86.50.86.79.0.76.74.50.50.74.37.37.50.50.25.0.76.86.79.86.41.50.50.0.50.50.79.46.0.85.86.0.56.50.50.56.29.xover.mutate.done 50
 generation 48.83.83.83.83.83.83.83.83.83.83.83.50.83.12.83.50.81.83.83.71.43.50.51.50.50.19.50.77.83.50.77.50.67.50.51.51.40.50.10.50.50.83.44.1.77.34.51.1.50.51.xover.mutate.done 50
 generation 49.84.84.84.84.84.84.84.84.84.84.50.50.50.84.1.1.50.50.34.1.0.14.84.35.1.84.84.51.84.50.57.50.1.82.10.50.51.51.50.78.1.50.51.50.84.50.73.51.84.84.xover.mutate.done 50
 21596061 iters     889837 iter/sec (24.27 s)
 total time: 24.27
