50 50 50 50 50 50 50 50 50 50 50 50 50 50 38 15 9 3 1 1 1 1 1 1 1 1 1 1 1 1 1 1 1 1 1 1 1 1 1 1 1 0 0 0 0 0 0 0 0 0 
59 53 53 50 50 50 50 50 50 50 50 50 50 50 50 50 50 50 50 50 50 50 50 50 50 50 46 44 42 39 24 20 14 14 13 9 6 6 6 6 6 6 3 3 3 3 3 3 3 3 
54 52 52 51 51 51 50 50 50 50 50 50 50 50 50 50 50 50 50 50 50 50 50 50 50 50 50 50 50 50 34 19 18 8 8 8 3 3 3 3 3 3 3 3 2 2 2 2 1 1 
56 51 51 51 51 51 51 51 50 50 50 50 50 50 50 50 50 50 50 50 50 50 50 50 50 50 50 50 50 50 50 50 50 15 12 5 1 1 1 1 1 0 0 0 0 0 0 0 0 0 
61 50 50 50 50 50 50 50 50 50 50 50 50 50 50 50 50 50 50 50 50 50 50 50 50 50 50 50 50 50 50 50 50 50 50 50 16 14 13 13 13 12 9 4 4 0 0 0 0 0 
57 51 51 51 51 51 51 51 51 51 51 51 51 51 51 51 51 51 51 51 51 51 51 51 50 50 50 50 50 50 50 50 50 50 50 15 10 2 2 2 1 1 1 1 1 1 1 1 1 1 
62 52 52 52 50 50 50 50 50 50 50 50 50 50 50 50 50 50 50 50 50 50 50 50 50 50 50 50 50 50 50 50 50 50 50 50 50 50 14 13 6 2 2 2 2 2 2 0 0 0 
59 51 51 51 51 51 51 51 51 51 51 51 51 51 51 51 51 51 51 51 51 51 51 51 51 51 51 50 50 50 50 50 50 50 50 43 10 8 8 7 1 1 1 1 1 1 1 1 0 0 
67 51 51 51 51 51 51 51 51 51 51 51 51 51 51 51 51 51 51 51 51 51 51 51 51 51 51 50 50 50 13 13 13 12 1 1 1 1 1 1 1 1 1 1 1 1 0 0 0 0 
61 52 52 52 52 52 52 52 52 52 52 52 52 52 52 52 52 52 52 52 52 52 52 52 52 52 52 52 52 52 52 52 50 50 50 13 13 10 9 3 3 3 3 3 3 3 2 2 1 1 
59 52 52 52 52 52 52 52 52 52 52 52 52 52 52 52 52 52 52 52 52 52 52 52 52 52 52 52 52 52 50 50 50 50 13 13 10 10 9 3 3 3 3 3 3 3 3 2 1 1 
57 51 51 51 51 51 51 51 51 51 51 51 51 51 51 51 51 51 51 51 51 51 51 51 50 50 50 50 50 50 50 50 1 1 1 1 1 1 1 1 1 1 1 1 1 1 1 0 0 0 
60 50 50 50 50 50 50 50 50 50 50 50 50 50 50 50 50 50 50 50 50 50 50 50 50 50 50 50 50 50 50 50 50 50 8 2 1 1 1 1 1 1 1 1 1 1 1 0 0 0 
59 52 52 52 52 52 52 52 52 52 52 52 52 52 52 52 52 52 52 52 52 52 52 52 52 52 52 52 52 50 50 50 50 50 50 50 24 2 2 2 2 2 2 2 2 2 2 1 0 0 
57 53 53 53 53 53 53 53 53 53 53 53 53 53 53 53 53 53 53 53 53 53 53 53 53 53 53 53 53 53 53 53 53 53 53 53 50 50 8 4 4 4 4 4 3 3 3 3 3 1 
59 59 59 50 50 50 50 50 50 50 50 50 50 50 50 50 50 50 50 50 50 50 50 50 50 50 50 50 50 50 50 50 50 50 50 7 0 0 0 0 0 0 0 0 0 0 0 0 0 0 
59 56 56 56 51 51 51 51 51 51 51 51 51 51 51 51 51 51 51 51 51 51 51 51 51 51 51 51 51 51 51 51 51 51 51 50 50 46 7 2 2 2 2 2 2 2 2 2 2 2 
59 59 59 57 57 57 57 50 50 50 50 50 50 50 50 50 50 50 50 50 50 50 50 50 50 50 50 50 50 50 50 50 50 50 40 11 11 2 0 0 0 0 0 0 0 0 0 0 0 0 
61 61 61 61 60 60 60 60 60 60 60 60 60 52 52 52 52 52 52 52 52 52 52 52 52 52 52 52 52 52 52 52 52 52 52 52 52 52 52 50 38 16 7 3 3 3 3 3 3 3 
69 62 62 62 62 62 62 60 60 57 57 57 57 57 57 57 57 57 57 57 52 52 52 52 52 52 52 52 52 52 52 52 52 50 50 35 15 12 11 10 10 9 9 9 9 4 4 4 4 2 
63 63 60 55 55 55 55 55 55 55 55 55 55 55 55 54 54 54 54 53 53 53 53 53 53 53 53 53 50 50 50 50 50 50 50 50 50 50 50 50 36 35 31 5 4 4 4 4 4 1 
66 66 66 66 62 57 54 54 54 54 54 54 54 54 54 54 54 54 54 53 53 53 53 53 50 50 50 50 50 50 50 50 50 50 50 50 50 47 39 38 38 38 37 35 34 32 4 4 0 0 
66 66 64 64 64 61 58 58 58 58 58 58 58 58 56 56 55 55 54 50 50 50 50 50 50 50 50 50 50 50 50 50 47 47 44 43 42 39 33 14 11 7 7 6 6 0 0 0 0 0 
68 68 68 68 68 68 68 67 67 64 64 62 62 62 62 62 62 61 57 57 53 53 52 51 51 51 51 51 51 51 51 51 51 51 51 51 51 51 50 50 50 50 50 33 32 30 29 25 18 12 
70 68 67 67 66 66 66 66 66 66 66 66 66 66 66 65 65 64 64 63 58 58 58 58 58 55 53 50 50 50 50 50 50 50 50 50 50 50 50 50 50 50 41 20 10 2 2 2 2 2 
66 63 63 63 63 62 62 62 62 62 62 62 62 62 62 61 61 61 57 57 55 55 55 55 50 50 50 50 50 50 50 50 50 50 50 50 49 45 45 43 43 37 21 13 11 9 8 8 1 1 
70 70 70 70 70 68 68 68 68 68 68 68 68 68 68 68 67 66 64 59 57 57 57 56 56 50 50 50 50 50 50 50 50 50 50 50 48 48 47 36 19 17 15 9 7 7 7 1 1 1 
84 72 71 71 71 71 70 70 69 69 69 69 69 69 69 69 69 67 67 67 65 64 61 61 53 51 51 51 51 51 51 51 51 51 51 51 51 51 51 50 50 49 49 20 17 7 4 1 1 1 
81 75 74 73 73 73 72 72 72 72 72 71 69 69 69 68 68 67 66 65 65 64 58 55 51 51 51 51 51 51 50 50 50 50 50 50 35 35 29 29 22 19 17 6 2 2 2 2 2 1 
80 80 77 77 75 75 74 74 74 74 74 74 74 74 74 74 70 70 70 63 60 60 57 55 50 50 50 50 50 50 50 50 50 49 48 44 40 32 31 28 27 27 24 23 10 10 8 4 0 0 
88 88 88 87 82 81 81 81 80 78 78 77 75 73 72 71 71 71 70 69 68 66 64 59 59 53 50 50 50 50 50 50 50 50 50 50 50 50 46 45 42 41 40 38 20 17 15 8 0 0 
82 82 82 79 76 73 73 72 72 72 72 72 72 72 72 72 71 70 69 69 69 69 68 62 62 60 58 58 54 50 50 50 50 50 50 50 50 50 50 50 48 44 43 42 39 28 18 10 0 0 
78 78 78 78 76 74 72 72 72 72 71 71 71 71 71 71 66 66 66 63 62 62 62 57 55 55 55 55 54 54 54 54 53 52 52 52 52 51 50 49 46 45 44 37 37 36 35 27 24 3 
80 80 80 75 75 70 69 69 69 69 69 69 69 69 68 68 67 67 66 64 64 64 53 53 53 53 53 53 53 52 50 50 50 50 50 50 50 50 50 50 43 40 38 37 35 29 6 5 4 3 
85 77 76 76 76 76 76 76 74 71 71 71 71 71 71 71 71 69 59 59 59 59 58 58 57 57 53 50 50 50 50 50 50 50 50 50 45 42 42 42 37 37 32 32 29 23 21 20 20 0 
83 83 81 81 81 79 79 79 79 79 78 78 78 77 77 77 77 76 72 70 68 64 60 60 59 59 59 59 56 56 56 56 56 55 53 51 51 51 50 50 50 49 47 34 32 22 8 1 1 1 
80 79 79 79 79 79 79 76 74 74 74 74 74 72 72 71 69 63 59 58 58 57 53 53 49 49 49 49 48 48 47 41 40 40 38 34 33 33 32 27 26 22 22 20 20 16 13 8 1 1 
81 81 81 80 80 80 80 80 78 77 77 76 74 74 74 71 71 71 68 68 66 66 64 64 63 54 54 54 54 50 50 50 49 49 46 46 46 40 35 33 33 30 21 18 14 12 6 4 0 0 
76 76 76 76 76 76 76 74 74 74 74 74 74 74 72 70 63 63 62 56 53 53 53 52 51 50 50 50 50 50 50 50 50 50 50 50 43 43 39 30 29 28 28 8 7 6 4 0 0 0 
77 77 77 76 75 73 73 73 71 71 71 71 71 71 71 68 67 67 67 60 60 53 50 50 50 50 50 50 50 50 50 50 38 36 34 33 33 32 32 26 23 23 18 15 4 4 4 0 0 0 
85 85 85 85 85 73 73 73 73 72 72 72 72 67 62 56 56 56 53 53 51 50 50 50 50 50 50 50 50 50 50 50 50 50 47 41 37 32 29 29 27 22 21 20 12 12 11 3 3 0 
78 78 78 78 78 78 78 78 78 78 78 78 78 76 73 73 72 62 55 52 52 52 51 51 51 50 50 48 42 40 34 34 33 33 33 30 29 28 25 19 13 8 8 7 3 3 3 3 3 1 
84 84 84 84 84 81 81 81 81 81 81 81 81 81 81 81 81 79 79 72 66 59 56 54 54 51 51 51 50 50 50 50 50 50 50 43 40 40 35 34 31 29 16 13 6 4 1 1 1 1 
79 79 79 79 79 79 79 79 79 79 79 79 79 79 79 79 79 79 75 75 75 69 51 51 51 51 50 50 50 49 47 41 40 40 39 38 36 32 31 29 28 26 15 11 1 1 1 1 0 0 
77 76 76 76 76 76 76 76 76 75 75 75 75 75 75 75 74 74 72 64 60 60 60 51 50 50 50 50 50 42 41 39 38 38 37 33 33 30 30 30 29 27 25 19 16 12 12 12 1 0 
77 77 75 75 75 75 75 75 75 75 75 75 75 75 71 66 63 60 53 51 51 50 50 50 50 50 50 50 50 50 48 48 34 30 27 26 26 26 23 23 20 18 10 3 1 1 1 0 0 0 
85 85 81 81 81 80 80 80 80 80 80 80 80 80 80 80 80 80 76 76 63 62 58 56 55 51 51 51 50 50 50 50 50 50 50 50 39 32 31 30 23 22 18 13 12 9 8 1 1 1 
77 77 76 76 76 76 76 76 76 76 76 76 76 70 62 59 58 58 58 58 55 52 52 52 52 52 52 52 52 52 51 51 51 42 36 36 35 34 28 28 28 19 19 18 11 10 10 3 3 1 
77 77 77 77 77 77 77 77 77 77 77 77 77 77 76 70 64 64 62 62 58 56 56 56 56 54 52 52 52 52 52 52 52 52 50 50 49 45 45 36 36 32 29 29 29 26 2 2 2 2 
83 83 83 83 83 83 83 83 83 83 83 82 82 81 81 80 80 80 77 77 69 62 57 50 50 50 50 50 50 50 50 50 44 44 37 35 33 33 33 27 22 16 15 15 14 13 5 0 0 0 
