% Invoked: ./gella -d -r 2 -l biased_r2/run30 >& biased_r2/run30.log
% Ministry of Cellular Automata
% Project Deux (CS523 Spring 2015)
% Version:v0.1-70-g0624-dirty
%  pop:50
%  ic count:100
%  CA Log option:biased_r2/run30
%  width:121
%  max workers:4
%  radius:2
%  iterations:300
%  use bias:true
%  generations:50

 generation 0.0.50.50.50.50.0.50.0.3.0.50.0.3.0.50.3.0.50.0.50.3.3.50.3.50.32.0.50.50.0.3.3.0.0.12.50.3.3.3.3.3.3.0.3.3.3.3.3.3.50.xover.mutate.done 50
 generation 1.50.50.50.50.50.50.50.50.50.50.19.2.28.13.2.1.1.50.2.50.51.1.10.50.50.51.27.2.50.50.27.50.50.2.2.52.6.50.51.40.3.2.50.50.3.2.47.50.29.3.xover.mutate.done 50
 generation 2.51.50.50.50.50.50.50.50.50.50.21.16.0.50.0.50.50.50.1.1.51.12.29.1.1.1.0.51.50.50.30.1.0.14.0.51.44.50.50.50.1.1.15.50.50.1.65.50.0.50.xover.mutate.done 50
 generation 3.60.50.50.50.50.51.51.51.50.50.1.1.22.1.1.1.50.50.51.50.1.50.50.50.0.51.50.8.51.1.1.1.50.1.1.1.50.0.1.4.0.1.1.1.0.41.32.50.50.39.xover.mutate.done 50
 generation 4.69.50.50.50.50.50.50.50.50.50.50.50.50.0.69.17.0.50.0.13.50.0.50.0.17.50.12.50.50.0.39.0.13.50.0.0.0.50.50.50.0.0.0.50.50.0.50.0.50.39.xover.mutate.done 50
 generation 5.60.59.52.52.52.52.52.52.50.50.2.2.6.2.52.9.52.52.2.2.2.50.2.8.50.52.50.2.52.2.2.50.2.0.2.2.7.2.0.2.0.50.2.0.50.52.2.2.2.2.xover.mutate.done 50
 generation 6.57.56.50.50.50.50.50.50.50.50.0.52.50.50.2.50.0.50.2.50.50.2.52.50.0.2.2.2.10.52.0.2.50.50.2.52.0.4.2.7.8.50.9.0.2.50.50.0.0.2.xover.mutate.done 50
 generation 7.61.59.50.50.50.50.50.50.50.50.50.0.50.0.0.50.50.50.0.0.0.0.1.7.0.50.0.50.50.0.0.0.0.1.1.0.9.14.0.0.0.4.50.50.7.50.10.50.0.0.xover.mutate.done 50
 generation 8.60.58.50.50.50.50.50.50.50.50.0.0.0.0.50.0.50.50.8.50.50.0.50.50.8.7.9.0.0.50.7.8.50.0.0.0.3.50.0.0.50.0.50.0.0.3.50.0.0.0.xover.mutate.done 50
 generation 9.66.58.51.51.51.51.52.52.52.52.3.3.52.24.3.1.3.3.3.2.50.3.1.51.3.52.52.3.1.3.51.50.2.3.2.10.52.11.51.1.2.3.3.3.52.52.1.8.3.1.xover.mutate.done 50
 generation 10.62.61.50.50.50.50.50.50.50.50.50.50.39.51.0.50.50.1.0.50.50.50.51.1.17.1.1.6.50.50.50.50.50.12.51.50.1.50.50.0.0.1.1.1.51.1.50.1.1.1.xover.mutate.done 50
 generation 11.53.48.50.50.50.49.50.50.50.50.0.0.50.0.50.50.0.50.5.0.50.0.50.50.0.0.0.50.50.0.0.50.11.50.50.0.11.4.0.50.4.4.38.4.0.50.0.50.0.0.xover.mutate.done 50
 generation 12.72.51.51.51.52.52.52.52.52.52.52.25.1.50.2.51.52.52.3.3.52.52.52.52.52.51.12.1.52.52.52.51.52.1.52.3.52.13.3.1.52.52.10.52.51.52.3.46.10.3.xover.mutate.done 50
 generation 13.72.51.51.51.51.51.51.51.51.51.51.51.14.18.51.51.51.51.3.51.51.3.3.51.18.51.51.4.51.4.51.50.51.51.1.4.4.51.51.4.4.53.51.4.51.51.14.51.50.51.xover.mutate.done 50
 generation 14.60.51.50.50.50.50.50.50.50.50.50.7.1.50.0.50.50.1.50.50.50.50.50.50.1.1.50.50.50.50.1.50.50.6.1.30.1.1.50.0.1.50.50.50.51.50.50.50.50.50.xover.mutate.done 50
 generation 15.67.51.51.50.50.50.50.50.50.50.50.50.10.50.50.10.50.1.0.50.20.50.50.16.51.51.50.50.50.50.12.50.51.50.50.50.0.50.50.50.1.50.11.50.1.62.50.50.1.50.xover.mutate.done 50
 generation 16.66.56.51.51.51.51.51.50.50.50.50.7.50.0.1.50.16.1.0.50.50.50.50.1.50.50.50.1.1.1.50.50.7.7.42.50.50.56.50.1.19.50.50.50.1.8.0.50.55.9.xover.mutate.done 50
 generation 17.52.57.56.54.52.52.52.52.52.51.3.3.50.6.51.50.51.52.3.51.3.52.3.3.9.51.51.51.6.19.3.51.51.6.9.51.3.3.51.8.52.1.2.3.50.8.50.1.2.3.xover.mutate.done 50
 generation 18.58.57.55.65.51.51.51.51.51.51.51.21.51.50.50.50.10.57.0.6.50.50.1.1.0.50.50.24.34.8.55.24.25.50.50.50.50.1.1.1.1.5.50.6.1.6.57.7.50.50.xover.mutate.done 50
 generation 19.66.61.61.61.61.59.59.53.53.53.51.3.61.51.61.59.50.50.12.11.4.4.51.35.53.14.4.50.4.25.53.53.51.51.3.51.51.7.50.4.3.61.4.12.4.50.26.4.51.3.xover.mutate.done 50
 generation 20.65.59.59.59.59.59.59.59.57.57.67.51.50.2.50.12.37.55.51.32.51.20.6.51.49.51.51.51.51.51.59.59.50.2.50.51.20.55.51.51.59.5.3.55.2.50.9.51.59.51.xover.mutate.done 50
 generation 21.67.61.60.60.60.60.60.53.60.60.50.51.51.50.12.56.43.2.54.51.19.43.54.54.67.56.1.51.52.43.51.3.50.43.60.60.44.50.2.56.3.3.46.44.3.13.50.60.39.51.xover.mutate.done 50
 generation 22.67.67.63.58.58.58.58.58.58.58.53.53.10.72.50.50.50.58.58.38.10.48.50.58.36.50.58.53.50.58.50.25.56.10.50.50.50.2.58.53.50.50.63.2.50.48.54.50.72.48.xover.mutate.done 50
 generation 23.71.71.66.66.58.66.61.61.61.61.40.61.61.51.1.61.27.51.1.63.51.61.57.61.61.51.51.51.51.50.39.57.1.51.12.61.51.71.50.8.64.50.71.2.11.51.51.59.15.51.xover.mutate.done 50
 generation 24.71.71.71.71.69.69.67.67.66.62.52.52.0.52.6.17.45.2.2.52.24.2.52.11.2.67.71.52.47.52.50.23.71.19.52.72.52.26.14.2.12.62.52.61.56.57.67.63.52.72.xover.mutate.done 50
 generation 25.66.67.67.67.67.67.67.67.67.67.48.51.50.51.67.35.51.61.65.51.55.51.51.51.51.19.40.30.6.11.1.50.46.51.1.12.65.12.67.18.0.1.51.51.51.67.51.60.50.51.xover.mutate.done 50
 generation 26.67.67.67.67.67.67.67.67.67.67.67.51.45.51.2.51.67.51.16.51.45.2.39.23.66.65.63.51.51.67.2.59.67.2.59.51.36.40.62.51.31.51.2.34.50.26.2.51.2.2.xover.mutate.done 50
 generation 27.74.74.74.74.74.74.74.66.66.66.74.51.46.51.51.57.74.51.72.51.31.51.15.50.51.51.3.51.51.39.74.50.51.51.51.51.56.1.51.56.1.51.3.51.82.51.66.51.50.51.xover.mutate.done 50
 generation 28.80.73.73.73.73.73.73.73.73.73.73.52.3.73.3.63.52.54.63.52.51.52.73.53.24.52.26.63.3.52.52.73.3.69.67.21.54.3.69.73.76.3.73.51.42.52.3.69.52.69.xover.mutate.done 50
 generation 29.80.73.71.71.71.71.71.71.71.71.50.38.50.71.50.62.18.19.2.50.71.71.50.52.0.50.52.71.2.50.39.70.50.50.71.61.59.72.38.70.65.62.62.50.71.10.71.50.50.27.xover.mutate.done 50
 generation 30.81.73.71.72.71.71.71.71.71.71.73.8.71.71.47.51.32.71.2.71.51.62.63.51.32.19.62.9.2.62.51.50.71.57.71.51.50.81.57.51.51.71.36.50.71.51.51.71.51.71.xover.mutate.done 50
 generation 31.80.80.69.65.64.64.64.64.64.64.50.64.64.45.15.50.43.64.50.62.64.51.50.64.50.50.51.64.50.50.29.64.59.80.59.50.65.15.75.75.51.64.20.50.69.38.73.50.64.8.xover.mutate.done 50
 generation 32.75.75.75.65.65.74.72.72.71.71.59.75.14.16.71.71.75.50.49.51.75.71.68.51.71.51.71.62.51.59.39.51.58.71.51.51.2.28.26.20.72.51.71.45.59.71.22.27.2.79.xover.mutate.done 50
 generation 33.83.80.80.80.80.80.80.77.73.73.50.5.80.18.65.53.55.1.51.65.1.55.72.74.41.50.51.52.51.80.79.50.1.80.50.50.63.50.51.52.32.8.1.22.12.50.55.51.51.55.xover.mutate.done 50
 generation 34.83.78.78.78.78.78.78.78.78.78.50.83.72.58.63.26.50.52.31.70.33.60.51.60.7.38.52.53.38.44.3.58.52.52.52.51.17.51.52.31.36.3.60.40.50.52.51.52.58.51.xover.mutate.done 50
 generation 35.85.75.83.83.83.83.83.83.83.83.9.50.50.9.50.9.52.61.56.50.62.83.55.50.50.51.51.51.9.83.67.4.83.55.50.75.5.51.83.85.18.59.50.50.1.70.50.83.47.83.xover.mutate.done 50
 generation 36.81.81.76.76.76.76.76.76.76.76.50.55.23.76.76.19.62.76.54.55.52.2.58.50.52.50.50.2.62.29.72.2.22.25.53.54.52.50.76.9.57.0.29.69.54.66.14.52.50.76.xover.mutate.done 50
 generation 37.80.80.78.78.78.78.78.78.78.78.78.3.54.7.50.50.50.40.3.0.50.78.80.72.4.63.63.78.50.11.50.78.11.78.53.50.53.50.22.57.68.72.53.54.50.47.57.9.69.39.xover.mutate.done 50
 generation 38.83.83.83.82.82.82.82.82.82.82.55.79.82.16.49.82.79.23.82.63.62.64.82.82.0.52.57.30.63.63.71.73.79.8.21.33.50.50.49.1.82.63.63.46.70.50.79.44.50.51.xover.mutate.done 50
 generation 39.80.80.80.78.78.78.78.78.78.78.78.78.14.12.43.70.36.48.51.51.50.58.70.58.51.12.58.54.30.67.70.65.64.67.51.58.78.68.70.80.58.55.54.67.25.51.78.78.51.78.xover.mutate.done 50
 generation 40.87.87.87.87.84.84.84.84.84.84.84.50.2.55.50.72.34.16.87.84.84.49.42.87.7.87.77.55.50.55.52.84.50.53.55.29.40.26.2.84.50.33.53.60.53.50.55.84.84.55.xover.mutate.done 50
 generation 41.86.86.86.86.86.86.86.84.84.84.75.55.50.35.49.84.60.81.86.84.57.55.50.39.58.50.35.57.57.15.84.0.0.86.50.57.0.55.57.34.84.86.49.50.50.84.77.84.84.55.xover.mutate.done 50
 generation 42.83.83.83.83.83.83.83.83.83.83.50.44.1.1.67.83.70.51.45.24.31.32.44.65.51.51.50.65.63.43.78.12.26.1.35.1.37.20.35.8.77.50.30.70.29.58.57.58.50.58.xover.mutate.done 50
 generation 43.80.80.80.80.80.80.80.80.80.80.79.79.38.56.52.48.80.44.80.30.52.73.51.79.7.74.6.66.61.45.7.45.50.80.74.55.19.7.3.34.44.10.43.43.44.80.48.34.3.52.xover.mutate.done 50
 generation 44.84.84.84.84.84.84.84.84.84.84.50.11.50.22.48.61.83.50.70.84.4.50.4.71.50.75.47.84.4.71.11.54.76.4.50.61.12.4.50.75.50.84.84.39.26.54.54.26.4.76.xover.mutate.done 50
 generation 45.87.87.87.87.87.87.87.87.87.87.2.59.50.78.2.50.58.52.0.87.78.50.87.23.52.40.43.0.50.76.79.2.50.77.76.57.48.66.73.76.57.50.40.87.17.50.40.87.68.50.xover.mutate.done 50
 generation 46.87.87.87.87.87.87.87.87.87.87.39.69.52.44.39.87.84.61.87.2.25.24.32.73.52.52.64.29.74.39.71.71.11.4.87.79.52.52.78.52.87.87.87.52.87.52.71.52.52.39.xover.mutate.done 50
 generation 47.84.84.84.84.84.84.84.84.84.84.13.30.51.35.84.51.38.51.42.27.84.45.2.84.84.51.38.84.51.62.84.57.57.50.67.51.51.58.84.55.50.45.10.51.65.84.67.58.60.70.xover.mutate.done 50
 generation 48.84.84.84.84.84.84.84.84.84.84.67.10.65.54.50.50.50.84.59.50.50.84.5.72.0.84.84.30.55.0.13.84.4.34.0.0.50.3.50.0.52.72.84.84.84.72.64.50.9.84.xover.mutate.done 50
 generation 49.82.82.82.82.82.82.82.82.82.82.82.59.76.26.74.12.46.82.59.72.25.50.28.69.72.82.59.52.82.78.69.50.70.52.71.67.0.52.82.2.50.59.26.71.50.71.46.76.45.72.xover.mutate.done 50
 24834072 iters     900962 iter/sec (27.56 s)
 total time: 27.56
