50 50 50 50 50 50 50 50 50 50 50 50 50 50 50 32 12 3 3 3 3 3 3 3 3 3 3 3 3 3 3 3 3 3 3 3 3 0 0 0 0 0 0 0 0 0 0 0 0 0 
52 51 51 51 50 50 50 50 50 50 50 50 50 50 50 50 50 50 50 50 50 50 50 50 50 50 47 40 29 28 27 27 19 13 10 6 3 3 3 2 2 2 2 2 2 2 2 1 1 1 
65 51 51 51 51 50 50 50 50 50 50 50 50 50 50 50 50 50 50 50 50 50 50 50 50 50 50 44 30 29 21 16 15 14 12 1 1 1 1 1 1 1 1 1 0 0 0 0 0 0 
60 51 51 51 51 51 51 50 50 50 50 50 50 50 50 50 50 50 50 50 50 50 50 50 41 39 32 22 8 4 1 1 1 1 1 1 1 1 1 1 1 1 1 1 1 1 0 0 0 0 
69 69 50 50 50 50 50 50 50 50 50 50 50 50 50 50 50 50 50 50 50 50 50 50 50 50 50 50 39 39 17 17 13 13 12 0 0 0 0 0 0 0 0 0 0 0 0 0 0 0 
60 59 52 52 52 52 52 52 52 52 52 52 52 52 50 50 50 50 50 50 50 50 9 8 7 6 2 2 2 2 2 2 2 2 2 2 2 2 2 2 2 2 2 2 2 2 0 0 0 0 
57 56 52 52 52 52 50 50 50 50 50 50 50 50 50 50 50 50 50 50 50 50 50 50 50 50 10 9 8 7 4 2 2 2 2 2 2 2 2 2 2 2 0 0 0 0 0 0 0 0 
61 59 50 50 50 50 50 50 50 50 50 50 50 50 50 50 50 50 50 50 50 50 14 10 9 7 7 4 1 1 1 0 0 0 0 0 0 0 0 0 0 0 0 0 0 0 0 0 0 0 
60 58 50 50 50 50 50 50 50 50 50 50 50 50 50 50 50 50 50 50 50 50 50 9 8 8 8 7 7 3 3 0 0 0 0 0 0 0 0 0 0 0 0 0 0 0 0 0 0 0 
66 58 52 52 52 52 52 52 52 52 52 52 51 51 51 51 51 51 51 50 50 24 11 10 8 3 3 3 3 3 3 3 3 3 3 3 3 3 3 3 2 2 2 2 1 1 1 1 1 1 
62 61 51 51 51 51 50 50 50 50 50 50 50 50 50 50 50 50 50 50 50 50 50 50 50 50 50 50 50 50 39 17 12 6 1 1 1 1 1 1 1 1 1 1 1 1 0 0 0 0 
53 50 50 50 50 50 50 50 50 50 50 50 50 50 50 50 50 50 50 50 50 50 50 49 48 38 11 11 5 4 4 4 4 0 0 0 0 0 0 0 0 0 0 0 0 0 0 0 0 0 
72 52 52 52 52 52 52 52 52 52 52 52 52 52 52 52 52 52 52 52 52 52 52 52 52 51 51 51 51 51 51 51 50 46 25 13 12 10 10 3 3 3 3 3 3 2 1 1 1 1 
72 53 51 51 51 51 51 51 51 51 51 51 51 51 51 51 51 51 51 51 51 51 51 51 51 51 51 51 51 51 51 51 51 50 50 18 18 14 14 4 4 4 4 4 4 4 3 3 3 1 
60 51 51 50 50 50 50 50 50 50 50 50 50 50 50 50 50 50 50 50 50 50 50 50 50 50 50 50 50 50 50 50 50 50 50 50 30 7 6 1 1 1 1 1 1 1 1 1 0 0 
67 62 51 51 51 51 51 50 50 50 50 50 50 50 50 50 50 50 50 50 50 50 50 50 50 50 50 50 50 50 50 50 50 50 50 50 50 50 20 16 12 11 10 10 1 1 1 1 0 0 
66 56 56 55 51 51 51 51 51 50 50 50 50 50 50 50 50 50 50 50 50 50 50 50 50 50 50 50 50 50 50 42 19 16 9 8 7 7 7 1 1 1 1 1 1 1 1 0 0 0 
57 56 54 52 52 52 52 52 52 52 52 52 51 51 51 51 51 51 51 51 51 51 51 50 50 50 50 19 9 9 8 8 6 6 6 3 3 3 3 3 3 3 3 3 3 3 2 2 1 1 
65 58 57 57 57 55 55 51 51 51 51 51 51 51 51 50 50 50 50 50 50 50 50 50 50 50 50 50 50 34 25 24 24 21 10 8 7 6 6 6 5 1 1 1 1 1 1 1 0 0 
66 61 61 61 61 61 61 61 59 59 59 53 53 53 53 53 53 51 51 51 51 51 51 51 51 50 50 50 50 50 35 26 25 14 12 12 11 7 4 4 4 4 4 4 4 4 3 3 3 3 
67 65 59 59 59 59 59 59 59 59 59 59 59 57 57 55 55 55 51 51 51 51 51 51 51 51 51 51 51 51 51 51 50 50 50 50 50 49 37 32 20 20 12 9 6 5 3 2 2 2 
67 67 61 60 60 60 60 60 60 60 60 60 60 56 56 56 54 54 54 53 52 51 51 51 51 51 51 50 50 50 50 50 46 44 44 43 43 43 43 39 19 13 12 3 3 3 3 2 2 1 
72 72 67 67 63 63 58 58 58 58 58 58 58 58 58 58 58 58 58 56 54 53 53 53 53 50 50 50 50 50 50 50 50 50 50 50 50 50 50 48 48 48 38 36 25 10 10 10 2 2 
71 71 71 71 66 66 66 64 63 61 61 61 61 61 61 61 61 61 61 61 59 58 57 57 51 51 51 51 51 51 51 51 51 51 51 51 50 50 50 40 39 27 15 12 11 8 2 1 1 1 
72 72 71 71 71 71 71 71 69 69 67 67 67 67 66 63 62 62 61 57 56 52 52 52 52 52 52 52 52 52 52 52 50 47 45 26 24 23 19 17 14 12 11 6 2 2 2 2 2 0 
67 67 67 67 67 67 67 67 67 67 67 67 66 65 65 61 60 55 51 51 51 51 51 51 51 51 51 51 51 51 51 51 50 50 50 48 46 40 35 30 19 18 12 12 11 6 1 1 1 0 
67 67 67 67 67 67 67 67 67 67 67 67 67 67 66 65 63 62 59 59 51 51 51 51 51 51 51 51 51 51 51 50 45 45 40 39 36 34 31 26 23 16 2 2 2 2 2 2 2 2 
82 74 74 74 74 74 74 74 74 74 74 72 66 66 66 66 57 56 56 51 51 51 51 51 51 51 51 51 51 51 51 51 51 51 51 51 51 51 51 50 50 50 46 39 31 15 3 3 1 1 
80 76 73 73 73 73 73 73 73 73 73 73 73 73 73 73 73 69 69 69 69 67 63 63 63 54 54 53 52 52 52 52 52 52 52 52 52 51 51 42 26 24 21 3 3 3 3 3 3 3 
80 73 72 71 71 71 71 71 71 71 71 71 71 71 71 71 71 71 70 70 65 62 62 62 61 59 52 52 50 50 50 50 50 50 50 50 50 50 50 50 39 38 38 27 19 18 10 2 2 0 
81 81 73 73 72 71 71 71 71 71 71 71 71 71 71 71 71 71 71 71 71 71 63 62 62 62 57 57 51 51 51 51 51 51 51 51 51 51 50 50 50 47 36 32 32 19 9 8 2 2 
80 80 80 75 75 73 69 69 65 65 64 64 64 64 64 64 64 64 64 64 64 64 64 64 64 62 59 59 51 51 51 50 50 50 50 50 50 50 50 50 50 50 45 43 38 29 20 15 15 8 
79 75 75 75 75 75 75 74 72 72 72 71 71 71 71 71 71 71 71 71 71 68 65 65 62 59 59 59 58 51 51 51 51 51 51 51 51 50 49 45 39 28 27 26 22 20 16 14 2 2 
83 80 80 80 80 80 80 80 80 80 79 77 74 73 73 72 65 65 63 55 55 55 55 53 52 52 51 51 51 51 51 51 50 50 50 50 50 50 50 41 32 22 18 12 8 5 1 1 1 1 
83 83 78 78 78 78 78 78 78 78 78 72 70 63 60 60 60 58 58 58 53 52 52 52 52 52 52 52 52 51 51 51 51 51 50 50 50 44 40 38 38 36 33 31 31 26 17 7 3 3 
85 85 83 83 83 83 83 83 83 83 83 83 83 83 83 83 75 75 70 67 62 61 59 56 55 55 52 51 51 51 51 50 50 50 50 50 50 50 50 50 50 47 18 9 9 9 9 5 4 1 
81 81 76 76 76 76 76 76 76 76 76 76 76 76 76 72 69 66 62 62 58 57 55 55 54 54 54 53 52 52 52 52 50 50 50 50 50 50 29 29 25 23 22 19 14 9 2 2 2 0 
80 80 80 78 78 78 78 78 78 78 78 78 78 78 78 78 72 72 69 68 63 63 57 57 54 54 53 53 53 50 50 50 50 50 50 50 50 50 47 40 39 22 11 11 9 7 4 3 3 0 
83 83 83 82 82 82 82 82 82 82 82 82 82 82 82 82 79 79 79 79 73 71 70 64 63 63 63 63 63 62 57 55 52 51 50 50 50 50 49 49 46 44 33 30 23 21 16 8 1 0 
80 80 80 80 78 78 78 78 78 78 78 78 78 78 78 78 78 70 70 70 70 68 67 67 67 65 64 58 58 58 58 58 55 54 54 51 51 51 51 51 51 50 48 43 36 30 25 14 12 12 
87 87 87 87 87 87 87 84 84 84 84 84 84 84 84 84 84 84 84 84 77 72 60 55 55 55 55 55 55 53 53 53 52 50 50 50 50 50 50 49 42 40 34 33 29 26 16 7 2 2 
86 86 86 86 86 86 86 86 86 86 84 84 84 84 84 84 84 84 84 84 81 77 75 60 58 57 57 57 57 57 55 55 55 55 50 50 50 50 50 50 49 49 39 35 35 34 15 0 0 0 
83 83 83 83 83 83 83 83 83 83 83 78 77 70 70 67 65 65 63 58 58 58 57 51 51 51 50 50 50 50 45 44 44 43 37 35 35 32 31 30 29 26 24 20 12 8 1 1 1 1 
80 80 80 80 80 80 80 80 80 80 80 80 80 80 79 79 79 74 74 73 66 61 56 55 52 52 52 51 50 48 48 45 45 44 44 44 43 43 38 34 34 30 19 10 7 7 7 6 3 3 
84 84 84 84 84 84 84 84 84 84 84 84 84 84 83 76 76 75 75 71 71 70 61 61 54 54 54 50 50 50 50 50 50 50 50 48 47 39 26 26 22 12 11 11 4 4 4 4 4 4 
87 87 87 87 87 87 87 87 87 87 87 87 87 87 79 78 78 77 76 76 76 73 68 66 59 58 57 57 52 52 50 50 50 50 50 50 50 50 48 43 40 40 40 23 17 2 2 2 0 0 
87 87 87 87 87 87 87 87 87 87 87 87 87 87 87 87 87 84 79 78 74 73 71 71 71 69 64 61 52 52 52 52 52 52 52 52 52 52 44 39 39 39 39 32 29 25 24 11 4 2 
84 84 84 84 84 84 84 84 84 84 84 84 84 84 84 84 84 84 70 67 67 65 62 60 58 58 57 57 55 51 51 51 51 51 51 51 51 50 50 45 45 42 38 38 35 30 27 13 10 2 
84 84 84 84 84 84 84 84 84 84 84 84 84 84 84 84 84 84 84 72 72 72 67 65 64 59 55 54 52 50 50 50 50 50 50 50 50 34 30 13 10 9 5 4 3 0 0 0 0 0 
82 82 82 82 82 82 82 82 82 82 82 82 82 82 82 78 76 76 74 72 72 72 71 71 71 70 69 69 67 59 59 59 59 52 52 52 50 50 50 50 46 46 45 28 26 26 25 12 2 0 
