% Invoked: ./gella -d -r 2 -l biased_r2/run37 >& biased_r2/run37.log
% Ministry of Cellular Automata
% Project Deux (CS523 Spring 2015)
% Version:v0.1-70-g0624-dirty
%  pop:50
%  ic count:100
%  CA Log option:biased_r2/run37
%  width:121
%  max workers:4
%  radius:2
%  iterations:300
%  use bias:true
%  generations:50

 generation 0.3.50.1.50.1.50.2.50.2.52.2.50.50.2.1.50.3.2.1.2.2.3.3.50.50.28.2.3.3.3.50.50.50.2.50.1.2.3.17.3.50.2.1.1.50.3.2.1.50.50.xover.mutate.done 50
 generation 1.50.50.50.50.50.50.50.50.50.50.50.0.13.0.0.50.50.0.77.83.0.50.0.50.45.50.0.50.50.50.50.0.0.0.0.50.50.0.0.0.50.12.0.50.50.8.50.0.50.50.xover.mutate.done 50
 generation 2.87.74.54.50.50.50.50.50.50.50.50.33.50.4.51.1.50.1.54.4.5.50.4.5.50.1.41.1.4.51.51.50.4.4.35.50.1.16.50.1.50.50.54.4.22.4.13.51.27.54.xover.mutate.done 50
 generation 3.86.76.50.50.50.50.51.51.51.51.51.50.0.50.18.1.51.1.67.1.51.50.1.1.50.76.50.1.50.0.50.1.50.0.1.1.1.1.50.50.25.50.50.53.50.1.18.50.1.50.xover.mutate.done 50
 generation 4.86.80.80.62.51.50.50.50.50.50.50.50.1.0.51.50.1.32.0.0.1.1.50.50.26.17.50.10.1.1.0.50.50.1.17.1.51.41.50.0.1.1.0.50.51.1.1.0.1.51.xover.mutate.done 50
 generation 5.75.62.60.57.40.50.50.50.50.50.50.0.50.0.50.0.0.0.0.50.0.0.5.50.50.0.50.50.0.50.0.0.0.0.50.0.0.0.0.50.0.0.50.0.0.2.50.0.0.0.xover.mutate.done 50
 generation 6.79.73.71.62.50.50.50.50.50.50.0.0.0.0.0.0.0.50.0.0.0.0.0.17.0.0.0.0.50.50.0.9.0.0.0.50.0.0.0.0.0.50.0.0.0.0.0.30.0.0.xover.mutate.done 50
 generation 7.83.79.74.68.50.50.50.50.51.51.1.30.1.0.0.0.1.50.50.0.50.50.1.0.1.1.0.50.0.0.1.50.0.1.1.0.1.0.20.0.0.1.51.1.1.51.50.0.1.1.xover.mutate.done 50
 generation 8.93.86.85.73.52.52.52.52.50.50.50.2.0.0.2.0.2.43.0.2.0.0.35.50.2.19.50.7.2.2.2.2.2.2.2.0.2.0.2.50.0.50.2.15.50.0.2.2.2.2.xover.mutate.done 50
 generation 9.85.75.73.57.51.51.51.51.51.51.51.54.5.51.2.1.2.1.2.51.1.2.50.1.34.1.50.1.29.1.29.50.2.51.51.36.1.51.13.1.1.1.1.2.1.1.51.51.1.2.xover.mutate.done 50
 generation 10.84.80.76.70.54.51.51.51.51.50.47.76.50.50.51.11.50.0.50.1.50.50.1.35.1.50.1.18.1.19.1.50.1.50.1.1.1.5.5.1.15.26.50.50.1.50.50.32.1.50.xover.mutate.done 50
 generation 11.82.72.69.69.58.55.51.51.51.51.50.1.21.1.51.2.2.51.1.1.14.3.2.50.3.51.51.1.2.26.1.50.25.3.1.52.52.1.2.2.1.3.51.1.3.10.50.52.51.2.xover.mutate.done 50
 generation 12.83.75.75.75.66.54.50.50.50.50.50.50.0.50.0.0.50.0.0.73.0.0.0.0.0.0.0.0.0.11.50.0.50.0.42.68.0.50.50.0.0.50.0.0.0.50.0.42.0.0.xover.mutate.done 50
 generation 13.83.71.66.66.70.61.62.57.51.51.2.50.51.2.37.1.1.2.1.50.2.2.32.2.32.5.2.1.1.2.2.50.2.1.1.2.2.2.1.51.2.1.2.2.50.2.51.2.2.1.xover.mutate.done 50
 generation 14.88.72.68.70.70.59.63.56.51.51.2.6.2.2.6.50.11.51.1.6.2.1.51.34.1.1.50.1.1.35.2.1.1.2.2.50.2.34.50.6.1.1.1.2.1.2.35.50.1.1.xover.mutate.done 50
 generation 15.84.79.72.72.69.70.69.56.50.50.0.8.46.50.0.0.0.0.50.0.0.50.0.0.0.0.50.50.50.0.0.0.50.0.7.0.0.0.0.50.0.10.23.0.50.0.0.0.42.50.xover.mutate.done 50
 generation 16.85.80.78.78.70.71.69.56.51.51.1.5.0.51.50.0.50.1.1.1.1.1.1.1.1.1.5.9.0.9.1.1.9.43.70.70.0.1.1.0.1.1.6.1.1.1.43.1.13.0.xover.mutate.done 50
 generation 17.86.73.71.71.67.64.64.64.63.53.0.0.0.7.0.0.45.2.0.0.0.0.11.0.0.0.0.30.31.0.0.0.0.0.0.0.0.50.0.0.0.0.0.0.0.0.50.0.8.24.xover.mutate.done 50
 generation 18.82.73.69.69.67.65.65.65.68.51.1.36.51.38.2.2.2.1.1.2.2.2.11.51.26.2.1.5.2.1.2.1.19.1.65.1.34.50.2.29.1.1.2.30.6.1.2.59.2.1.xover.mutate.done 50
 generation 19.85.82.80.80.71.68.72.72.72.72.75.1.0.1.0.41.1.45.50.0.1.50.72.9.0.0.1.1.11.80.1.11.62.18.1.57.1.16.11.0.6.29.1.1.28.1.39.1.1.0.xover.mutate.done 50
 generation 20.88.73.72.72.72.66.67.67.67.67.8.8.1.2.1.8.8.1.2.14.57.2.22.50.24.1.10.14.1.26.20.2.2.1.6.7.2.1.2.2.2.1.2.2.10.1.1.72.1.68.xover.mutate.done 50
 generation 21.88.78.73.73.73.73.72.66.66.66.61.71.1.73.40.1.3.53.2.2.72.7.10.3.1.8.3.10.23.9.33.2.66.40.2.2.1.2.58.3.3.2.66.23.7.3.2.3.3.1.xover.mutate.done 50
 generation 22.89.74.74.74.74.74.74.67.67.66.1.2.2.28.64.8.2.74.64.1.19.74.14.1.2.32.2.8.2.2.53.64.16.60.59.2.65.2.2.2.1.1.67.64.8.58.67.70.8.9.xover.mutate.done 50
 generation 23.83.71.70.70.70.70.70.70.70.65.4.2.2.57.70.33.2.62.2.2.2.2.66.2.50.2.2.2.2.20.21.70.69.17.2.70.2.2.44.2.4.33.65.2.65.2.2.51.4.4.xover.mutate.done 50
 generation 24.86.73.71.71.71.71.71.71.71.71.37.46.33.3.72.3.3.5.27.67.3.67.22.3.41.3.3.3.18.46.71.3.3.22.63.3.4.11.20.3.3.36.3.71.3.3.3.3.3.3.xover.mutate.done 50
 generation 25.89.78.81.77.77.77.77.77.77.77.32.5.1.5.93.78.18.81.5.1.1.76.1.36.1.13.54.1.1.1.13.1.56.1.1.43.58.77.55.23.36.20.64.1.33.18.59.58.77.59.xover.mutate.done 50
 generation 26.78.85.68.68.68.68.63.63.63.63.46.4.4.30.14.4.62.4.30.7.11.7.43.62.50.1.25.4.30.5.4.7.60.50.1.13.4.55.28.1.13.1.32.50.50.4.21.63.39.16.xover.mutate.done 50
 generation 27.85.86.75.75.74.74.69.69.69.69.0.29.0.0.0.0.0.44.6.65.27.26.40.69.6.44.0.0.0.6.34.0.0.24.0.0.0.44.0.65.0.44.61.0.34.18.0.49.65.37.xover.mutate.done 50
 generation 28.89.85.76.76.74.74.74.74.74.74.21.18.2.2.42.59.2.74.2.27.6.2.61.2.9.2.59.71.2.2.69.52.48.2.6.59.2.2.2.65.28.74.2.2.2.48.2.10.2.2.xover.mutate.done 50
 generation 29.89.87.84.84.83.83.81.81.81.81.16.0.73.0.69.0.4.4.81.0.0.4.16.4.0.0.0.43.81.4.0.0.0.0.0.73.81.0.45.81.61.0.75.4.0.0.4.8.76.68.xover.mutate.done 50
 generation 30.91.86.79.79.81.81.77.77.77.77.62.1.61.6.47.54.0.1.1.6.1.6.1.1.35.6.1.66.72.1.1.77.62.57.1.1.61.20.6.1.6.91.1.6.53.7.53.77.16.6.xover.mutate.done 50
 generation 31.90.90.88.82.82.85.85.79.79.79.63.4.4.0.79.0.0.73.73.90.4.0.0.0.0.24.4.64.0.4.5.4.79.57.74.0.64.73.79.91.0.5.61.0.4.11.15.55.71.4.xover.mutate.done 50
 generation 32.89.88.88.88.84.78.78.75.75.74.1.0.0.40.74.54.3.1.74.3.3.50.3.3.27.3.58.30.1.3.8.3.8.10.8.1.47.1.3.24.24.24.74.6.3.3.1.74.74.45.xover.mutate.done 50
 generation 33.88.89.89.89.84.82.82.79.79.77.0.17.65.12.49.19.12.38.4.79.0.0.10.0.0.92.0.9.77.71.4.23.0.71.20.37.0.43.10.4.0.77.0.0.52.77.0.0.41.27.xover.mutate.done 50
 generation 34.86.88.88.88.86.87.75.75.75.75.0.11.0.3.3.0.0.11.0.25.3.0.30.0.3.0.10.17.88.71.0.0.74.0.0.86.11.50.11.3.3.86.0.8.86.0.11.0.3.55.xover.mutate.done 50
 generation 35.85.85.85.85.83.83.83.83.83.83.7.1.7.7.1.15.13.83.49.80.8.8.10.1.1.7.1.85.7.1.18.1.1.7.83.83.67.9.7.15.12.51.40.13.1.0.13.1.1.1.xover.mutate.done 50
 generation 36.86.86.86.86.86.82.89.84.89.84.13.22.76.1.7.3.86.6.86.7.6.3.3.13.3.86.6.11.13.15.3.16.33.13.36.15.6.12.6.3.3.13.15.43.3.43.84.3.84.3.xover.mutate.done 50
 generation 37.85.85.87.87.87.87.87.83.83.87.64.87.87.12.2.12.87.85.3.87.38.2.50.62.11.20.1.3.21.13.87.2.83.12.3.46.47.3.85.3.54.3.87.2.1.26.1.30.87.62.xover.mutate.done 50
 generation 38.87.87.87.87.87.87.85.87.87.85.52.35.5.5.70.85.74.74.87.1.35.2.87.25.30.5.76.1.2.22.87.35.11.85.2.2.10.40.35.32.5.74.5.76.5.2.12.32.74.85.xover.mutate.done 50
 generation 39.87.87.87.87.87.87.87.87.87.87.40.80.73.2.17.4.2.17.20.43.17.86.10.86.22.66.87.86.81.86.87.59.36.71.36.58.64.86.87.4.4.80.39.73.64.2.86.52.4.4.xover.mutate.done 50
 generation 40.84.84.84.84.84.84.84.84.84.84.1.1.13.77.1.50.33.83.2.83.84.78.17.81.84.51.77.28.2.79.28.67.22.13.6.39.13.50.77.17.24.1.2.2.50.24.30.1.23.24.xover.mutate.done 50
 generation 41.80.80.80.80.80.80.80.80.80.80.1.1.1.29.1.1.12.10.31.1.26.64.20.1.19.1.58.64.29.1.4.4.80.1.1.4.1.56.80.10.64.4.31.10.17.1.80.80.64.80.xover.mutate.done 50
 generation 42.88.88.88.88.88.88.88.88.88.88.3.88.1.38.1.1.1.52.9.1.85.60.1.24.24.1.3.12.30.1.3.1.79.88.67.9.1.3.88.10.60.1.88.88.1.89.1.1.1.1.xover.mutate.done 50
 generation 43.88.90.90.90.90.90.90.90.90.90.56.1.90.90.1.56.27.11.90.5.1.5.50.1.1.1.27.10.20.6.5.90.1.90.90.90.5.20.44.87.46.1.20.27.85.5.90.90.90.1.xover.mutate.done 50
 generation 44.87.87.87.87.87.87.87.87.87.87.2.2.87.1.87.23.29.23.2.2.29.87.29.23.2.7.87.29.87.42.87.2.69.2.29.48.40.48.25.42.2.7.87.23.17.87.1.67.63.2.xover.mutate.done 50
 generation 45.90.90.90.90.90.90.90.90.90.90.58.0.39.90.27.67.7.90.90.90.90.0.90.60.3.50.0.0.8.0.0.24.0.29.58.22.88.0.90.10.90.33.20.0.90.8.45.90.0.9.xover.mutate.done 50
 generation 46.85.85.85.85.85.85.85.85.85.85.1.1.85.62.26.1.35.56.37.63.6.28.52.1.26.85.8.14.1.85.0.85.8.85.26.35.35.6.85.1.85.85.8.72.78.85.6.63.66.8.xover.mutate.done 50
 generation 47.89.89.89.89.89.89.89.89.89.89.30.19.89.89.89.54.78.89.89.89.89.89.76.56.89.67.62.3.20.89.56.33.76.78.67.89.89.89.70.0.55.56.14.89.51.3.63.82.56.3.xover.mutate.done 50
 generation 48.86.86.86.86.86.86.86.86.86.86.60.2.86.38.18.85.3.65.57.15.37.57.86.30.24.15.86.1.78.78.57.15.86.30.3.65.2.86.86.65.55.1.37.1.86.1.2.86.16.37.xover.mutate.done 50
 generation 49.89.89.89.89.89.89.89.89.89.89.89.11.65.4.3.24.38.28.4.10.40.63.10.11.24.40.65.65.89.4.89.89.25.10.23.89.89.89.3.10.19.89.4.10.72.89.40.78.26.89.xover.mutate.done 50
 64005185 iters     946758 iter/sec (67.60 s)
 total time: 67.60
