50 50 50 50 50 50 50 50 50 50 50 18 7 7 4 2 2 2 2 2 2 2 2 2 2 2 2 2 2 2 2 2 2 2 2 2 2 2 2 2 2 2 2 2 0 0 0 0 0 0 
51 51 51 51 50 50 50 50 50 50 50 50 50 50 50 50 50 50 50 50 50 36 25 8 5 5 2 2 2 2 2 2 2 1 1 1 1 1 1 1 1 1 1 1 1 1 1 1 1 1 
61 52 52 51 51 51 51 51 51 51 51 50 50 50 50 50 50 50 50 50 50 50 50 50 50 50 50 50 50 50 50 50 50 31 16 14 14 3 3 3 3 2 2 2 2 2 1 1 1 1 
58 51 51 51 51 50 50 50 50 50 50 50 50 50 50 50 50 50 50 50 50 50 50 50 50 50 50 50 50 50 50 50 50 50 50 50 50 50 27 23 21 18 15 11 1 1 1 0 0 0 
58 51 51 51 51 51 51 51 50 50 50 50 50 50 50 50 50 50 50 50 50 50 50 50 50 50 50 50 50 50 50 50 50 50 50 50 45 15 14 1 1 1 1 1 1 1 1 1 1 0 
54 51 51 51 51 51 51 51 51 51 51 51 51 51 50 50 50 50 50 50 50 50 50 50 50 50 50 50 50 50 50 50 37 23 12 12 7 6 5 1 1 1 1 1 1 1 1 1 1 0 
55 51 51 51 51 51 51 51 51 51 51 51 51 51 51 51 51 51 51 51 51 51 51 51 51 51 50 39 15 15 13 12 9 8 2 2 2 2 2 2 2 2 2 1 1 1 1 1 1 1 
61 51 50 50 50 50 50 50 50 50 50 50 50 50 50 50 50 50 50 50 50 50 50 50 50 50 50 50 50 50 50 38 34 13 12 6 5 1 1 1 1 1 1 1 1 0 0 0 0 0 
51 50 50 50 50 50 50 50 50 50 50 50 50 50 50 50 50 50 50 50 50 50 50 50 50 50 50 50 50 50 50 50 50 50 50 36 9 4 0 0 0 0 0 0 0 0 0 0 0 0 
60 52 52 52 52 52 52 52 52 52 52 52 52 52 52 52 52 52 52 52 52 52 52 52 51 51 50 50 50 43 43 43 20 10 3 3 3 3 3 3 3 3 3 2 2 2 2 2 1 1 
57 54 51 50 50 50 50 50 50 50 50 50 50 50 50 50 50 50 50 50 50 50 50 40 16 11 7 5 4 3 1 1 1 1 1 1 1 1 0 0 0 0 0 0 0 0 0 0 0 0 
56 53 52 50 50 50 50 50 50 50 50 50 50 50 50 50 50 50 50 50 50 50 50 50 50 50 50 48 34 19 18 11 8 6 3 3 3 3 3 3 3 0 0 0 0 0 0 0 0 0 
62 54 52 52 52 52 52 52 52 52 52 52 52 52 52 52 52 52 52 52 52 52 52 52 52 51 50 50 49 20 11 11 10 3 3 3 3 3 3 2 2 2 2 2 2 2 2 1 1 1 
56 56 51 51 51 51 51 51 51 51 51 51 51 51 51 51 51 51 51 51 51 51 51 51 51 51 51 51 51 50 50 50 50 37 22 8 4 4 4 4 4 3 1 1 1 1 1 1 1 1 
61 61 51 51 51 51 51 51 51 51 51 51 51 51 51 51 51 51 51 51 51 51 51 51 51 51 51 51 50 50 50 50 39 36 15 4 1 1 1 1 1 1 1 1 1 1 1 1 1 0 
52 52 50 50 50 50 50 50 50 50 50 50 50 50 50 50 50 50 50 50 50 50 50 50 50 50 50 50 50 50 50 50 50 50 50 50 50 50 50 50 30 2 2 2 2 0 0 0 0 0 
61 61 57 50 50 50 50 50 50 50 50 50 50 50 50 50 50 50 50 50 50 50 50 50 50 50 50 50 50 50 50 50 50 50 50 50 50 50 50 50 50 50 50 50 50 35 9 2 0 0 
56 56 56 55 55 50 50 50 50 50 50 50 50 50 50 50 50 50 50 50 50 50 50 50 50 50 50 50 50 50 50 50 50 50 50 50 50 50 50 50 50 50 41 39 38 2 2 2 2 0 
57 57 57 52 52 52 50 50 50 50 50 50 50 50 50 50 50 50 50 50 50 50 50 50 50 50 50 50 50 50 50 50 50 50 50 50 50 50 50 50 50 50 50 50 50 50 35 17 7 0 
59 59 59 59 59 56 56 56 53 52 52 52 52 52 52 52 52 52 52 52 52 52 52 52 52 52 52 52 52 52 52 52 52 52 52 52 52 52 52 50 50 50 50 11 9 7 2 2 2 2 
57 55 55 55 55 55 55 55 55 55 55 55 55 54 54 54 54 53 53 50 50 50 50 50 50 50 50 50 50 50 50 50 50 50 50 50 50 50 32 29 7 2 2 2 2 0 0 0 0 0 
67 66 63 63 52 52 52 52 52 52 52 52 52 52 52 52 52 52 50 50 50 50 50 50 50 50 50 50 50 50 50 50 50 50 50 50 50 50 50 48 41 15 8 4 1 1 1 1 1 0 
57 57 57 57 57 57 57 57 57 57 55 54 52 52 52 52 52 52 52 52 52 52 52 52 52 52 52 52 51 50 50 50 50 50 49 44 40 18 17 10 7 7 7 2 2 2 2 2 2 0 
61 57 57 57 57 57 57 57 57 57 57 57 57 57 57 57 51 51 51 51 51 51 51 51 51 51 51 51 50 50 50 50 47 47 41 35 33 28 28 15 12 11 9 7 2 2 2 2 2 2 
77 65 65 59 59 59 59 59 59 59 59 59 59 59 59 59 59 59 59 59 59 59 58 51 51 51 51 51 51 51 51 51 51 51 51 51 48 43 38 17 16 13 11 9 9 9 9 1 1 1 
74 74 58 58 58 58 57 56 56 54 54 54 54 54 54 54 54 54 54 54 54 54 54 54 54 50 50 50 50 50 50 50 50 50 50 50 43 43 33 33 31 20 17 12 9 8 6 2 2 2 
81 77 77 75 75 73 57 55 54 54 54 54 54 54 54 54 54 54 54 54 54 54 54 54 54 54 54 50 50 50 50 50 41 39 39 38 36 27 27 27 27 25 16 7 5 4 4 0 0 0 
81 79 79 79 79 79 79 78 78 78 78 76 74 66 66 66 66 63 62 62 62 62 58 57 57 57 57 57 57 50 50 50 50 50 50 47 46 46 45 34 27 26 21 11 10 9 8 8 6 1 
81 78 78 77 77 77 77 75 75 75 75 75 75 75 75 75 75 74 73 69 69 69 67 67 61 58 57 57 57 57 53 53 53 53 53 53 53 53 53 53 53 52 50 50 50 48 45 26 17 16 
83 81 81 81 80 80 79 79 79 79 79 79 79 78 77 77 73 72 72 71 71 69 61 61 61 61 53 53 53 53 53 53 53 53 53 53 51 50 50 50 50 50 48 48 45 33 31 31 12 3 
80 80 80 80 80 80 79 79 78 78 78 78 78 78 77 76 73 72 71 62 62 62 59 58 58 55 55 55 51 51 51 51 51 50 50 50 50 50 50 50 45 34 27 26 26 26 14 4 1 0 
82 81 81 81 80 80 80 80 80 80 80 80 80 80 78 78 78 78 77 77 71 71 64 63 57 57 52 52 52 52 52 51 51 51 50 50 50 50 50 50 50 50 50 48 48 42 31 18 3 1 
84 83 83 83 83 83 83 83 83 83 83 83 83 83 82 82 82 82 81 78 78 78 78 62 62 61 60 58 51 51 51 50 50 50 50 50 50 50 50 50 50 50 36 11 11 1 1 1 1 1 
82 82 82 82 82 82 82 82 82 82 82 82 82 82 81 81 81 81 81 78 71 70 65 61 58 58 50 50 50 50 50 50 50 50 50 50 50 50 50 50 50 50 50 50 35 28 18 14 0 0 
78 78 78 78 78 78 78 78 78 78 78 78 78 78 78 77 77 77 77 77 76 73 73 70 67 60 58 52 50 50 50 50 50 50 50 50 50 50 50 50 50 50 50 50 50 18 1 1 0 0 
80 79 77 77 77 77 77 77 77 77 77 77 77 77 77 77 75 75 75 75 73 73 73 73 73 71 62 61 61 52 50 50 50 50 50 50 50 50 50 50 50 43 29 24 20 0 0 0 0 0 
76 75 75 75 75 75 75 75 75 75 75 75 75 75 75 75 75 74 72 72 72 67 65 64 59 57 54 52 52 52 50 50 50 50 50 50 50 50 50 50 50 48 31 27 25 24 17 7 2 2 
82 80 80 80 80 80 80 80 80 80 80 80 80 77 77 77 72 66 61 57 57 50 50 50 50 50 50 50 50 50 50 50 50 50 50 50 50 50 50 50 43 39 34 34 32 12 4 4 4 4 
82 81 81 81 81 81 81 81 81 81 81 81 81 81 80 77 77 70 67 67 51 50 50 50 50 50 50 50 50 50 50 50 50 50 50 50 50 50 50 50 48 42 32 1 1 1 0 0 0 0 
85 83 83 83 83 83 83 83 83 83 83 83 83 83 83 83 81 81 80 80 73 73 71 62 62 61 51 51 51 51 51 51 51 51 51 50 50 50 50 50 50 50 50 50 50 50 8 8 2 2 
73 73 73 73 73 73 73 73 73 73 73 73 73 73 73 73 73 73 73 73 73 73 72 70 67 58 58 57 57 56 56 54 53 52 52 52 52 52 52 50 50 50 50 50 48 21 14 3 2 2 
79 78 78 78 78 78 78 78 78 78 78 78 78 78 78 78 78 78 78 78 78 78 78 74 74 73 72 65 54 54 54 51 51 51 51 51 50 50 50 50 50 50 47 41 30 22 1 1 1 1 
77 76 76 76 76 76 76 76 76 76 76 76 76 76 76 76 76 75 75 75 75 73 58 54 52 52 52 52 52 52 52 52 52 50 50 50 50 50 50 50 43 39 37 32 31 29 28 24 2 0 
82 81 81 81 81 81 81 81 81 81 81 81 81 81 81 81 81 80 80 79 79 79 79 65 61 56 51 51 51 51 51 51 50 50 50 50 50 45 36 34 34 32 27 17 14 2 2 1 1 0 
83 83 82 82 82 82 82 82 82 82 82 82 82 82 82 82 82 82 82 81 81 79 75 69 65 65 64 63 61 59 53 52 52 52 50 50 50 50 50 50 38 36 35 35 34 34 33 21 14 11 
82 82 82 82 82 82 80 80 80 80 80 80 80 80 80 80 80 80 80 80 80 80 79 79 79 79 79 79 79 79 77 77 77 76 54 52 52 52 51 51 51 50 50 50 50 50 50 26 7 2 
83 83 82 82 82 82 82 82 82 82 82 82 82 82 82 82 82 82 81 81 81 80 77 68 65 64 61 60 59 50 50 50 50 50 50 50 50 50 50 50 50 50 48 46 39 36 32 11 0 0 
82 82 82 81 81 80 80 80 80 80 80 80 79 79 79 79 79 79 79 79 78 76 71 61 60 59 54 54 53 52 51 51 51 51 51 50 50 49 48 46 43 42 32 32 20 11 8 8 2 1 
80 80 80 80 79 79 79 79 79 79 79 79 79 79 79 79 79 79 79 79 77 67 62 59 58 57 55 55 55 53 52 51 50 50 50 50 50 50 50 48 46 45 36 24 18 12 8 2 1 0 
86 86 86 86 86 86 86 86 86 86 86 86 85 85 85 85 84 84 84 84 84 82 78 75 70 67 65 59 54 54 53 53 50 50 50 50 50 50 50 50 50 50 49 49 46 39 38 35 7 3 
