54 51 51 51 50 50 50 50 50 50 50 50 50 15 2 2 2 2 2 2 2 2 2 2 2 2 2 2 1 1 1 1 1 1 1 1 1 1 1 1 1 1 1 1 1 1 1 1 1 1 
52 52 51 50 50 50 50 50 50 50 50 50 50 50 50 50 50 50 50 50 50 44 41 27 24 17 13 10 6 4 2 2 2 2 2 2 2 2 2 2 2 2 2 2 2 2 0 0 0 0 
58 57 52 50 50 50 50 50 50 50 50 50 50 50 50 50 50 50 50 50 50 50 50 50 50 50 50 50 32 29 26 11 2 2 2 2 2 2 2 2 2 2 2 0 0 0 0 0 0 0 
68 64 62 56 51 50 50 50 50 50 50 50 50 50 50 50 50 50 50 50 50 50 50 50 50 50 50 50 50 50 40 39 35 30 27 19 13 1 1 1 1 1 1 1 1 1 1 1 0 0 
63 63 61 57 57 52 52 52 52 52 52 52 52 51 51 51 51 51 50 50 50 50 50 50 50 50 50 41 34 24 24 14 10 3 3 3 3 3 3 3 2 2 2 2 2 2 2 2 1 1 
72 69 61 60 53 53 53 53 53 53 53 53 53 53 53 53 53 53 53 52 51 50 50 50 50 50 50 50 50 50 50 43 24 15 15 3 3 3 3 3 3 3 3 3 3 3 3 3 0 0 
72 69 67 61 56 55 52 52 52 52 52 52 52 52 52 52 52 52 52 52 52 52 50 50 50 50 50 50 50 50 43 36 36 35 28 28 27 16 16 10 3 2 2 2 2 2 2 2 0 0 
72 72 69 61 55 55 54 52 52 52 52 52 52 52 52 52 52 52 52 52 52 52 52 52 51 50 38 36 35 34 34 34 33 33 22 22 21 3 3 3 3 3 3 2 2 2 2 2 1 1 
78 78 78 67 61 59 58 58 51 51 51 51 51 51 51 51 51 51 51 51 51 51 51 51 51 51 51 50 46 38 35 33 33 33 33 33 25 2 2 2 2 2 2 2 2 2 2 2 2 1 
80 80 80 80 70 67 64 63 55 50 50 50 50 50 50 50 50 50 50 50 50 50 50 50 50 50 45 44 43 38 37 36 36 36 35 35 35 35 25 20 6 1 1 1 1 1 1 1 1 1 
80 76 76 76 76 76 76 76 76 63 59 58 57 51 51 50 50 50 50 50 50 50 50 50 50 50 50 50 50 48 33 33 33 33 33 32 31 31 30 27 21 20 16 8 1 1 1 1 1 1 
78 76 76 76 76 76 76 76 76 76 76 76 76 76 71 62 62 56 51 51 51 51 51 51 51 51 51 51 51 51 51 51 51 51 51 51 51 51 41 38 37 37 36 36 32 27 20 3 2 1 
81 80 80 79 75 75 72 72 72 72 72 72 72 72 72 72 72 72 72 72 72 68 64 60 51 51 51 51 51 51 51 51 51 51 51 51 51 51 41 36 33 32 30 20 19 2 2 1 1 1 
77 77 77 77 77 77 75 75 75 75 74 74 74 74 74 74 74 74 74 74 74 74 74 74 74 71 51 51 51 51 51 51 51 51 50 50 50 48 37 37 37 27 24 17 9 9 1 1 1 1 
75 74 74 74 74 74 74 74 74 74 74 74 74 72 71 71 71 71 71 60 60 60 56 53 52 52 52 52 52 52 52 52 52 52 52 52 52 52 50 50 50 49 45 44 41 41 41 31 5 2 
81 81 81 81 81 81 81 81 81 81 81 81 79 79 79 78 78 78 78 78 78 76 75 59 57 51 51 51 50 50 50 50 50 50 50 50 50 50 50 49 39 39 39 39 28 28 9 8 1 0 
74 74 74 74 74 74 74 74 74 74 74 74 74 74 74 74 74 73 73 73 68 62 59 59 58 58 52 51 51 51 51 51 51 51 50 50 50 50 33 32 31 27 27 22 9 8 1 1 1 0 
80 80 80 80 80 80 80 80 80 80 80 80 80 80 80 80 80 80 80 80 80 72 57 50 50 50 50 50 50 50 50 50 50 50 50 50 50 49 42 38 34 34 27 7 4 0 0 0 0 0 
77 77 77 77 77 77 77 77 77 77 77 77 77 77 77 77 77 77 77 77 77 77 69 56 52 52 52 52 52 52 52 52 52 52 50 50 50 50 50 50 50 49 40 27 22 13 2 2 2 0 
81 81 80 80 80 79 79 79 79 79 79 79 79 79 79 79 79 79 79 74 60 58 58 52 52 52 52 52 52 52 52 52 52 52 52 52 51 50 50 50 49 47 47 41 41 40 37 37 34 30 
84 84 84 84 84 84 84 84 84 84 84 84 84 84 84 84 84 84 84 84 84 79 79 78 78 74 62 62 55 55 51 51 50 50 50 50 50 50 50 50 50 50 50 50 35 34 30 25 25 6 
81 79 79 79 79 79 79 79 79 79 79 79 79 79 79 79 79 79 79 72 51 51 50 50 50 50 50 50 50 50 50 50 50 50 50 50 46 43 41 39 29 29 24 11 0 0 0 0 0 0 
79 79 79 79 79 77 77 77 77 77 77 76 76 76 76 73 73 56 52 52 52 52 52 52 52 52 52 52 52 52 52 52 52 51 50 50 50 47 45 42 35 30 27 14 3 3 3 2 2 1 
85 77 77 77 77 77 77 77 77 77 77 77 77 77 77 77 77 77 77 77 77 77 73 68 59 58 57 57 52 52 52 52 52 51 50 50 50 50 50 49 49 49 46 43 35 28 28 20 9 8 
80 80 80 80 80 80 80 80 80 80 80 80 80 80 80 80 80 80 80 80 80 80 79 79 76 76 75 75 75 68 68 59 59 50 50 50 50 50 50 50 30 25 25 24 18 13 1 1 1 1 
82 82 76 73 73 73 73 73 73 73 73 73 73 73 73 73 73 73 73 73 73 73 73 73 73 71 71 66 55 55 54 51 51 51 51 51 51 51 51 51 42 41 36 27 15 6 2 2 2 1 
85 81 81 81 81 81 81 81 81 81 81 81 81 81 81 81 81 81 81 81 81 81 81 81 79 72 59 58 53 51 51 51 51 51 51 51 51 51 50 50 50 50 48 44 38 32 32 20 10 2 
84 84 84 77 73 73 73 73 73 73 73 73 73 73 73 73 73 73 73 73 73 73 71 71 71 65 59 57 57 50 50 50 50 50 50 50 47 39 35 34 34 23 23 10 7 1 0 0 0 0 
81 79 79 79 79 78 78 78 78 78 78 77 77 77 77 77 77 77 77 77 76 76 75 59 59 52 52 52 52 52 52 50 50 50 50 50 46 44 42 42 36 36 34 32 27 22 22 9 8 0 
90 86 86 86 86 86 86 86 86 85 85 85 85 85 85 82 74 74 74 74 74 73 70 63 58 52 52 52 52 50 50 50 49 49 44 36 35 35 34 33 32 32 26 26 11 10 2 2 2 0 
83 82 82 82 82 82 82 82 82 82 82 82 82 82 82 82 81 81 81 81 65 63 56 56 51 51 51 51 51 51 45 43 43 42 42 40 40 33 33 25 19 19 15 14 8 2 2 1 1 1 
83 80 80 80 80 80 80 80 80 80 80 80 80 80 80 80 80 80 80 80 56 56 56 51 51 51 50 50 50 50 50 49 44 43 39 39 39 35 35 26 21 17 13 7 1 1 1 1 1 1 
84 82 82 82 82 82 82 82 82 82 82 82 82 82 82 82 82 82 82 82 82 82 81 57 51 51 51 51 50 43 43 43 42 42 42 40 40 38 38 36 35 34 34 29 27 27 24 22 8 1 
87 87 79 79 79 79 79 79 79 79 79 79 79 79 79 79 79 79 79 79 79 79 79 79 79 77 76 65 65 65 59 52 52 50 50 50 47 46 45 43 40 34 33 33 28 21 17 16 14 3 
83 83 83 80 79 79 79 79 79 79 79 79 79 79 79 79 79 79 79 79 79 79 79 74 72 72 69 66 63 62 62 52 51 51 51 51 44 44 44 42 42 41 40 31 31 30 28 23 20 20 
83 83 83 79 79 79 79 79 79 79 79 79 79 79 79 79 79 79 79 79 79 79 79 79 79 78 78 51 51 51 50 50 50 46 46 44 42 37 37 36 36 32 32 30 30 29 27 22 22 22 
83 83 83 83 82 82 82 82 82 82 82 82 82 82 82 82 82 82 82 82 82 82 82 82 82 78 78 78 76 75 68 61 52 52 52 52 47 43 43 40 38 37 36 35 33 33 30 28 2 2 
83 83 83 83 83 81 81 81 81 81 81 81 81 81 81 81 81 81 81 78 77 77 77 75 74 74 69 68 60 58 56 56 52 50 50 50 50 48 48 48 48 47 46 45 44 43 40 34 19 0 
87 87 87 87 87 87 84 84 84 84 84 84 84 84 84 84 84 84 80 80 80 80 80 79 68 60 58 58 52 52 50 50 47 44 44 42 42 41 41 41 41 39 39 37 36 36 36 34 24 6 
78 78 78 78 78 78 78 78 76 76 76 76 76 76 76 76 76 76 76 76 74 73 73 58 58 58 51 51 51 50 50 50 50 44 35 31 31 31 31 30 30 28 28 27 26 12 2 2 1 1 
85 85 85 85 85 85 85 85 85 85 85 85 85 82 82 82 82 82 82 82 82 82 82 82 81 79 78 78 78 78 73 66 52 52 52 52 52 52 52 51 50 48 47 47 46 38 26 13 3 1 
82 82 82 82 82 82 82 82 82 82 82 82 82 82 82 82 82 82 82 82 77 77 76 76 76 76 76 75 69 56 56 50 50 50 50 50 50 50 50 50 43 43 41 38 35 33 33 32 16 1 
80 80 80 80 80 80 80 80 80 80 80 80 80 80 80 80 80 80 80 80 80 75 75 75 63 62 59 59 54 54 54 51 51 51 51 51 51 51 51 39 38 37 37 37 30 28 16 14 8 0 
79 79 79 79 79 79 79 79 79 79 79 79 79 79 79 79 79 79 79 79 79 78 78 78 76 76 72 69 63 63 59 59 55 54 53 51 51 51 51 51 51 51 51 51 33 33 33 33 30 5 
86 86 86 86 86 86 86 86 86 86 86 86 86 86 86 86 85 77 76 75 71 71 64 64 61 61 55 54 50 50 50 50 50 50 50 50 50 50 50 50 46 44 37 37 37 37 29 16 12 6 
85 85 85 85 85 85 85 85 85 85 85 85 85 85 85 85 85 82 82 81 80 67 64 62 58 57 53 53 51 50 50 50 50 50 50 50 50 50 46 45 36 28 24 24 21 20 1 1 1 0 
80 80 80 80 80 80 80 80 80 80 80 80 80 80 80 80 80 80 77 77 66 62 61 60 60 58 50 50 50 50 50 50 50 50 50 50 50 50 46 46 40 38 37 37 35 15 13 7 7 0 
84 84 84 84 84 84 84 84 84 84 84 84 84 84 84 84 84 84 84 82 82 81 76 76 61 55 55 51 51 51 51 51 51 51 51 50 50 50 50 46 45 36 36 35 33 29 1 1 1 1 
81 81 80 80 80 80 80 80 80 80 80 80 80 80 80 80 80 80 80 80 80 80 80 80 78 78 76 75 69 61 52 51 51 51 51 51 51 51 50 50 42 42 34 28 3 3 3 3 3 2 
84 84 83 83 81 81 81 81 81 81 81 81 81 81 81 81 81 81 81 81 81 81 81 81 81 81 81 77 65 61 61 61 60 57 50 50 50 50 50 50 50 41 38 33 27 13 11 0 0 0 
