51 51 50 50 50 50 50 50 50 8 7 3 3 3 3 3 3 3 3 3 3 3 2 2 2 2 2 2 2 2 2 2 2 2 2 2 2 1 1 1 1 1 1 1 1 1 1 1 1 1 
50 50 50 50 50 50 50 50 50 50 50 50 50 50 50 50 50 50 50 50 50 50 50 50 20 12 6 5 0 0 0 0 0 0 0 0 0 0 0 0 0 0 0 0 0 0 0 0 0 0 
57 52 50 50 50 50 50 50 50 50 50 50 50 50 50 50 50 50 50 50 50 50 50 50 50 50 50 50 50 45 33 31 2 2 2 2 2 2 2 2 2 2 2 2 2 2 2 2 0 0 
58 51 51 51 51 51 51 51 51 50 50 50 50 50 50 50 50 50 50 50 50 50 50 50 50 50 50 50 50 50 50 50 50 50 50 50 27 22 8 6 1 1 0 0 0 0 0 0 0 0 
85 61 53 53 53 53 53 53 53 53 53 53 53 53 53 53 51 51 50 50 50 50 50 50 50 50 50 50 50 50 50 50 50 50 50 37 35 29 21 11 11 7 4 4 4 4 3 1 1 1 
81 53 50 50 50 50 50 50 50 50 50 50 50 50 50 50 50 50 50 50 50 50 50 50 50 50 50 50 50 50 50 50 50 50 10 1 1 1 0 0 0 0 0 0 0 0 0 0 0 0 
69 50 50 50 50 50 50 50 50 50 50 50 50 50 50 50 50 50 50 50 50 50 50 50 50 50 50 50 50 50 50 50 50 50 49 40 4 0 0 0 0 0 0 0 0 0 0 0 0 0 
74 50 50 50 50 50 50 50 50 50 50 50 50 50 50 50 50 50 50 50 50 50 50 50 50 50 50 50 50 50 50 50 50 50 44 17 13 0 0 0 0 0 0 0 0 0 0 0 0 0 
75 50 50 50 50 50 50 50 50 50 50 50 50 50 50 50 50 50 50 50 50 50 50 50 50 50 50 50 50 50 50 50 50 46 42 36 9 2 2 2 2 2 2 2 2 2 2 2 2 2 
80 51 51 51 51 51 51 51 51 51 51 51 51 51 51 51 51 51 51 51 51 51 51 51 51 51 51 51 51 50 50 50 50 50 50 50 50 50 43 15 15 13 4 4 4 4 4 3 3 1 
74 51 51 51 51 51 51 51 51 51 51 51 51 51 51 51 51 51 51 51 51 51 51 51 51 51 51 51 51 51 51 51 51 51 51 51 50 50 3 2 2 2 2 2 2 2 2 1 1 1 
75 52 52 52 52 52 52 52 52 52 52 52 52 52 52 52 52 52 52 52 52 52 52 52 52 52 52 52 52 52 52 52 52 52 50 50 33 4 4 4 4 4 4 4 4 4 4 4 4 2 
81 52 52 52 52 52 52 52 52 52 52 52 52 52 52 52 52 52 52 52 52 52 52 52 52 52 52 52 52 52 52 52 52 52 52 52 52 52 50 50 47 37 20 11 4 4 4 4 2 2 
73 52 52 52 52 52 52 52 52 52 52 52 52 52 52 52 52 52 52 52 52 52 52 52 52 52 52 52 52 52 52 52 52 52 52 52 52 52 51 50 46 11 3 3 3 3 3 3 3 2 
81 81 53 50 50 50 50 50 50 50 50 50 50 50 50 50 50 50 50 50 50 50 50 50 50 50 50 50 50 50 50 50 50 50 50 50 50 50 50 50 50 50 50 50 50 7 3 3 3 3 
78 78 51 51 51 51 51 50 50 50 50 50 50 50 50 50 50 50 50 50 50 50 50 50 50 50 50 50 50 50 50 50 50 50 50 50 50 50 34 28 24 10 6 1 1 1 1 1 1 1 
78 75 75 51 51 51 51 51 51 51 50 50 50 50 50 50 50 50 50 50 50 50 50 50 50 50 50 50 50 50 50 50 41 28 7 2 1 1 1 1 1 1 1 1 1 1 1 1 1 1 
85 85 85 80 80 80 55 55 51 51 51 51 51 51 51 51 51 51 51 51 51 51 51 50 50 50 50 50 50 50 50 50 50 50 50 50 50 48 41 22 19 13 9 1 1 1 1 1 1 1 
80 80 80 80 80 79 77 65 62 59 51 51 51 51 51 51 51 51 51 51 51 51 51 51 51 51 51 51 51 51 50 47 47 41 38 38 35 31 23 21 19 17 10 10 6 2 2 2 1 1 
82 82 82 82 82 82 82 82 82 82 76 71 71 66 60 60 60 60 59 59 50 50 50 50 50 50 50 50 50 50 50 50 50 50 49 48 47 43 40 40 39 32 28 20 13 10 0 0 0 0 
82 82 82 82 82 82 82 81 81 81 81 81 81 81 79 73 72 70 67 60 58 52 52 52 52 52 52 52 51 51 51 49 48 44 43 42 42 42 40 40 37 36 33 30 30 27 20 14 3 3 
76 75 75 75 75 75 75 75 75 75 74 74 74 73 71 68 61 61 50 50 50 50 50 50 50 50 50 50 50 50 44 40 35 35 34 32 32 30 30 28 27 26 25 22 20 14 12 10 0 0 
79 79 78 78 78 78 78 78 78 78 78 78 78 78 78 78 77 75 75 73 64 64 64 52 52 52 52 52 51 50 50 50 50 50 50 50 45 44 44 44 43 41 40 39 22 22 16 12 8 2 
79 79 79 79 79 79 79 79 79 79 79 79 79 79 79 79 79 76 76 75 75 75 67 66 66 65 50 50 50 50 50 50 50 50 50 50 50 41 41 40 39 32 29 18 13 9 3 3 0 0 
79 79 79 78 77 77 77 77 77 77 77 77 77 77 77 77 77 77 77 75 74 71 70 63 63 58 51 51 51 51 51 51 50 50 50 50 50 50 50 49 40 36 25 12 6 1 1 1 0 0 
77 77 77 77 77 77 77 77 77 77 77 77 77 76 76 72 72 59 58 55 55 55 51 51 51 51 51 51 51 51 51 51 51 51 51 51 50 50 44 44 41 41 29 23 12 12 12 3 2 2 
83 83 83 83 83 83 83 83 83 83 83 83 83 83 83 83 83 81 81 77 59 52 52 52 51 50 50 50 50 50 50 48 48 48 46 45 42 41 17 11 9 7 2 2 2 2 0 0 0 0 
79 79 79 79 79 79 79 79 79 79 79 79 79 79 79 79 75 62 62 61 60 60 60 57 54 54 54 54 51 51 51 51 50 50 50 50 50 48 45 44 44 44 12 11 9 1 1 1 1 1 
78 77 77 77 77 77 77 77 77 77 77 77 77 77 77 77 77 77 77 77 76 70 68 67 57 57 50 50 50 50 50 50 50 47 42 42 40 37 36 33 18 17 16 15 1 1 0 0 0 0 
81 81 81 81 81 81 81 81 81 81 81 81 81 81 81 81 81 80 79 69 61 60 60 60 50 50 50 50 50 50 50 50 50 50 47 47 46 42 42 40 32 26 21 20 20 9 0 0 0 0 
66 66 66 66 65 65 65 65 65 65 65 65 65 65 65 65 65 65 65 64 63 60 59 59 56 52 51 51 51 51 51 51 51 50 50 48 42 39 39 31 31 29 29 27 27 27 11 9 1 1 
79 79 79 79 79 79 79 79 79 79 79 79 79 79 79 79 79 78 77 66 66 66 66 65 64 64 58 58 55 51 51 51 51 50 47 45 45 44 43 41 35 34 24 17 15 6 3 2 1 1 
80 80 80 80 80 80 80 80 80 80 80 80 80 80 80 80 80 78 76 71 71 70 69 69 52 52 52 52 52 52 52 52 52 52 52 50 50 45 43 43 43 41 41 40 33 29 25 10 2 2 
82 82 82 82 82 82 82 82 82 82 82 82 82 82 82 82 81 80 79 70 61 61 60 51 51 50 50 50 50 50 50 50 50 50 50 50 50 50 50 50 50 49 45 43 11 10 8 5 0 0 
76 76 76 76 76 76 76 76 76 76 75 75 75 75 75 75 75 75 75 75 75 75 75 73 60 58 58 50 50 50 50 50 50 48 38 38 36 33 33 31 17 13 12 6 1 1 0 0 0 0 
80 80 80 80 80 80 80 80 80 80 80 80 80 80 80 80 80 80 80 80 78 77 77 61 60 53 53 53 53 53 53 53 53 51 51 50 50 50 49 36 36 36 33 32 32 15 12 4 4 1 
82 80 80 80 80 80 80 80 80 80 80 80 80 80 80 80 80 80 80 80 80 80 80 80 79 79 79 79 79 79 62 51 51 51 51 51 51 50 50 50 50 50 50 47 35 29 17 1 1 1 
82 82 81 81 81 81 81 81 81 81 81 81 81 81 81 81 81 81 81 70 70 66 66 60 53 53 53 53 53 53 53 51 51 51 51 51 51 50 50 50 50 50 49 43 31 23 13 11 9 4 
79 79 78 78 78 78 78 78 78 78 78 78 78 78 78 78 78 76 72 68 68 68 60 54 54 54 53 53 53 51 51 51 51 51 51 51 51 51 51 50 50 50 31 31 23 19 13 4 1 1 
80 80 80 80 80 80 80 80 80 80 80 80 80 80 80 80 80 79 79 79 61 58 58 57 57 53 51 51 50 50 50 50 50 50 50 47 44 42 41 40 31 24 8 2 2 2 2 2 2 0 
80 80 80 80 80 80 80 80 80 80 80 80 80 80 80 80 79 79 79 79 59 57 57 57 51 50 50 50 50 50 50 50 50 50 50 50 50 50 44 35 20 20 16 15 10 1 1 1 1 0 
84 84 83 83 83 83 83 83 83 83 83 83 83 83 83 83 83 83 83 81 81 80 68 66 63 63 63 63 63 55 52 52 52 52 50 50 50 50 50 50 50 50 50 50 49 48 36 36 2 0 
83 83 83 83 83 83 83 83 83 83 83 83 83 83 83 83 83 83 83 83 82 72 59 59 59 58 51 50 50 50 50 50 50 50 50 50 50 50 50 34 34 18 5 1 1 1 0 0 0 0 
77 77 77 77 77 77 77 77 77 77 77 77 77 77 77 77 77 77 77 77 76 75 75 56 56 52 52 52 52 52 50 50 50 50 50 50 50 50 46 32 29 29 27 2 2 2 2 2 2 2 
87 83 83 81 81 81 81 81 81 81 81 81 81 81 81 81 81 81 81 81 80 80 70 70 70 61 61 61 61 50 50 50 50 50 50 50 50 50 50 50 50 32 27 21 16 13 10 4 0 0 
83 82 82 82 82 82 82 82 82 82 82 82 82 82 82 82 82 82 82 82 82 82 82 82 82 82 82 74 71 71 71 61 52 52 51 50 50 50 50 50 50 50 50 50 40 37 22 15 2 2 
75 75 75 75 74 74 74 74 74 74 74 74 74 74 74 74 74 74 74 73 72 67 67 65 57 56 56 56 56 56 51 51 51 51 51 51 51 51 50 50 50 33 31 30 27 24 23 1 1 1 
87 83 83 82 82 82 82 82 82 82 82 82 82 82 82 82 82 82 82 82 82 82 81 80 72 57 57 57 54 51 51 51 51 51 51 51 51 50 50 47 30 19 15 15 12 9 1 1 1 1 
81 78 78 78 78 78 78 77 77 77 77 77 77 77 77 77 77 77 77 77 77 76 76 67 66 58 58 51 51 51 51 51 51 50 50 50 50 37 33 33 26 19 12 12 9 2 2 2 1 1 
86 84 84 84 84 84 84 84 84 84 82 82 82 82 82 82 82 80 80 80 80 80 66 66 64 60 52 52 52 52 52 52 50 50 50 50 50 50 50 50 25 20 20 20 19 18 12 8 2 2 
