% Invoked: ./gella -d -r 2 -l biased_r2/run36 >& biased_r2/run36.log
% Ministry of Cellular Automata
% Project Deux (CS523 Spring 2015)
% Version:v0.1-70-g0624-dirty
%  pop:50
%  ic count:100
%  CA Log option:biased_r2/run36
%  width:121
%  max workers:4
%  radius:2
%  iterations:300
%  use bias:true
%  generations:50

 generation 0.1.0.0.1.50.50.50.50.50.50.1.1.50.1.10.50.50.50.1.0.1.1.0.1.33.50.1.0.1.1.13.0.0.1.1.1.1.0.50.0.50.1.1.50.50.50.1.50.50.50.xover.mutate.done 50
 generation 1.50.50.50.50.50.50.50.50.50.50.50.2.50.1.1.7.50.40.3.3.2.50.1.20.50.3.1.34.2.50.1.1.50.52.51.50.52.11.9.50.2.50.51.1.3.50.50.3.2.50.xover.mutate.done 50
 generation 2.50.50.51.51.50.50.50.50.50.50.0.1.1.50.50.1.11.0.1.51.0.9.50.50.50.50.50.0.51.51.9.1.2.50.1.1.1.50.50.51.0.1.50.1.0.50.50.50.51.50.xover.mutate.done 50
 generation 3.50.50.50.50.50.50.50.52.52.50.50.50.50.2.2.50.2.50.52.2.2.2.50.50.2.0.50.2.2.50.2.50.50.50.50.2.50.50.50.50.21.2.2.52.2.50.50.3.2.2.xover.mutate.done 50
 generation 4.51.51.51.51.51.51.51.51.51.51.1.1.51.2.51.2.2.1.51.51.2.50.1.1.50.50.2.50.51.10.2.1.50.50.51.2.1.1.51.2.51.51.51.50.33.50.51.1.50.50.xover.mutate.done 50
 generation 5.51.51.51.51.50.50.50.50.50.50.1.50.1.1.1.1.1.50.50.1.1.1.50.1.1.1.1.1.28.1.1.50.50.50.1.50.0.50.1.50.51.51.0.50.0.50.50.1.50.50.xover.mutate.done 50
 generation 6.51.51.51.51.51.51.51.51.51.51.2.50.1.51.51.51.1.51.2.51.2.2.51.50.51.51.2.51.2.51.2.2.14.2.2.51.51.2.50.14.2.2.51.1.50.1.51.1.51.50.xover.mutate.done 50
 generation 7.51.51.51.51.51.51.51.51.51.51.2.2.2.51.2.2.2.51.51.2.51.51.51.51.51.1.9.51.1.51.1.1.51.51.51.2.2.51.2.2.51.2.51.10.51.51.2.51.51.2.xover.mutate.done 50
 generation 8.50.50.50.50.50.50.50.50.50.50.0.0.50.50.50.50.0.50.50.50.0.0.50.0.0.0.3.7.50.50.50.50.50.0.0.50.0.33.50.0.0.50.50.50.50.0.50.0.0.0.xover.mutate.done 50
 generation 9.52.52.52.52.52.52.50.50.50.50.50.2.52.2.2.2.2.2.50.2.52.0.52.50.50.52.2.50.2.50.50.2.2.2.2.50.50.2.52.46.52.2.2.50.50.50.50.2.11.2.xover.mutate.done 50
 generation 10.51.51.51.51.51.51.51.51.51.51.50.51.1.50.1.50.51.1.51.50.51.1.50.51.50.51.51.51.51.51.50.1.50.50.50.0.1.51.51.51.51.51.1.50.51.50.1.51.50.50.xover.mutate.done 50
 generation 11.51.51.51.51.51.51.51.51.51.51.51.51.2.51.51.51.51.51.51.51.51.51.51.51.51.2.51.51.51.2.2.51.51.51.51.51.51.51.2.8.2.2.51.2.2.51.51.51.51.51.xover.mutate.done 50
 generation 12.51.51.51.51.51.51.51.51.51.51.26.51.1.51.1.1.51.50.17.50.51.50.51.50.51.51.1.5.51.51.1.51.1.51.51.51.51.51.26.0.51.51.51.0.37.50.69.1.1.51.xover.mutate.done 50
 generation 13.70.50.50.50.50.50.50.50.50.50.9.50.50.50.50.35.50.21.50.50.0.50.50.50.50.50.50.0.50.50.0.0.50.50.50.50.50.0.11.0.11.50.50.50.35.50.50.50.0.50.xover.mutate.done 50
 generation 14.75.50.50.50.50.50.50.50.50.50.50.50.0.50.50.0.50.0.0.50.50.32.50.0.50.50.50.50.50.50.50.50.50.50.50.50.50.50.50.50.50.50.50.50.50.0.50.50.50.0.xover.mutate.done 50
 generation 15.73.50.50.50.50.50.50.50.50.50.20.50.1.50.50.50.13.50.50.50.50.1.13.50.50.50.50.50.51.50.50.20.50.50.1.50.0.1.50.50.51.10.50.50.50.50.50.1.20.50.xover.mutate.done 50
 generation 16.73.50.50.50.50.50.50.50.50.50.0.0.34.50.0.50.0.50.50.50.50.0.50.0.50.50.50.41.50.50.0.50.50.50.50.50.50.50.50.50.0.0.0.0.50.50.0.50.11.50.xover.mutate.done 50
 generation 17.75.51.51.50.50.50.50.50.50.50.50.1.50.50.9.10.50.50.1.41.50.50.50.50.50.1.50.50.50.50.50.50.0.50.12.50.50.14.1.1.50.50.11.50.0.50.0.50.50.50.xover.mutate.done 50
 generation 18.74.51.51.50.50.50.50.50.50.50.1.1.0.0.50.50.50.50.1.1.50.50.50.50.50.50.50.1.1.50.50.1.1.50.50.50.50.1.50.0.1.50.1.50.50.50.51.51.12.50.xover.mutate.done 50
 generation 19.71.51.51.51.51.50.50.50.50.50.50.50.26.50.50.50.50.1.50.50.50.1.0.51.1.30.51.50.50.50.1.0.0.1.50.50.50.1.50.50.51.50.51.1.1.50.1.51.9.1.xover.mutate.done 50
 generation 20.71.53.53.53.53.53.53.53.53.53.3.50.50.15.50.50.3.3.50.53.15.3.50.3.3.53.50.27.0.50.50.50.50.50.16.50.9.8.3.50.3.15.53.50.3.53.3.3.50.53.xover.mutate.done 50
 generation 21.80.50.50.50.50.50.50.50.50.50.51.15.1.1.51.50.51.0.50.18.51.50.10.0.8.50.1.8.51.51.51.51.1.51.47.51.1.1.51.1.1.51.51.24.51.51.0.1.1.50.xover.mutate.done 50
 generation 22.67.51.51.51.51.51.51.51.51.51.51.11.2.2.13.51.18.2.50.51.51.51.56.12.51.1.1.51.51.34.51.2.51.51.2.51.2.2.11.51.51.2.2.2.51.2.51.2.2.2.xover.mutate.done 50
 generation 23.70.55.50.50.50.50.50.50.50.50.8.1.50.50.1.1.50.1.51.55.50.1.1.7.1.77.50.50.20.50.1.50.1.50.50.1.1.50.1.50.50.50.8.50.1.1.50.50.51.1.xover.mutate.done 50
 generation 24.81.70.58.58.53.53.50.50.50.50.50.50.29.3.58.50.50.58.3.4.39.50.50.50.50.50.50.29.50.7.50.7.50.53.50.50.50.36.8.3.50.61.36.50.50.3.50.7.3.50.xover.mutate.done 50
 generation 25.77.67.58.55.55.55.55.51.51.51.50.50.18.50.8.7.50.50.50.13.55.0.50.4.55.50.13.17.50.25.50.50.50.50.50.50.50.50.51.50.50.1.12.11.55.16.50.55.50.50.xover.mutate.done 50
 generation 26.82.77.60.57.57.57.57.58.57.57.1.51.50.57.49.49.50.51.1.1.74.6.57.6.18.51.50.51.57.51.17.51.5.51.51.51.3.51.30.51.51.82.6.51.57.12.51.0.51.51.xover.mutate.done 50
 generation 27.81.81.76.71.60.57.57.57.57.57.58.14.38.54.21.50.57.50.50.57.0.49.56.55.50.45.50.57.50.46.50.3.10.25.46.0.1.1.50.29.50.50.26.10.50.19.57.1.50.8.xover.mutate.done 50
 generation 28.84.84.76.70.58.56.56.56.55.55.0.55.50.55.36.19.48.50.38.50.52.28.41.50.50.17.52.50.50.2.55.44.50.23.56.50.50.50.50.50.50.37.50.54.50.46.56.7.50.47.xover.mutate.done 50
 generation 29.79.79.73.68.61.57.56.55.55.55.12.40.53.51.55.51.51.7.42.55.51.19.51.53.50.43.51.30.61.68.50.53.54.33.51.55.51.51.7.55.51.51.35.7.22.43.3.51.51.33.xover.mutate.done 50
 generation 30.83.83.69.66.63.60.60.57.57.57.37.50.1.50.50.57.56.50.50.50.54.54.50.37.30.30.59.37.7.50.50.50.50.51.50.50.40.45.50.83.57.1.51.30.50.30.50.50.50.50.xover.mutate.done 50
 generation 31.84.84.84.74.69.61.64.64.62.60.51.51.51.51.51.7.5.5.84.50.70.49.84.35.51.51.58.51.58.51.38.51.51.51.37.49.57.51.50.51.10.51.1.76.1.51.51.64.62.57.xover.mutate.done 50
 generation 32.77.77.77.77.77.62.74.73.70.64.1.51.56.18.51.50.1.1.41.51.51.39.51.20.51.17.51.50.3.64.34.9.34.51.51.70.51.52.11.59.50.51.59.51.14.50.51.51.70.43.xover.mutate.done 50
 generation 33.78.78.78.78.78.76.69.69.69.69.19.55.60.7.68.52.52.38.22.50.19.65.52.52.69.80.65.69.52.54.52.17.23.52.2.69.52.73.52.2.23.52.52.78.44.52.50.52.3.2.xover.mutate.done 50
 generation 34.78.78.78.78.78.78.78.73.73.71.78.51.10.79.51.50.60.19.40.35.38.65.40.33.8.61.63.51.37.40.61.21.51.34.68.19.38.72.1.39.69.33.58.50.34.72.51.20.61.51.xover.mutate.done 50
 generation 35.82.82.77.77.77.77.77.77.77.76.29.52.75.39.52.5.52.57.82.2.77.55.13.50.2.52.16.77.52.23.50.34.52.56.13.52.14.23.32.59.54.78.50.55.76.77.55.22.7.36.xover.mutate.done 50
 generation 36.81.80.81.71.79.79.79.79.79.79.56.6.15.7.2.51.1.9.1.51.81.22.51.51.51.58.55.51.26.79.41.51.70.32.20.79.10.56.31.79.2.4.32.29.40.9.50.13.51.79.xover.mutate.done 50
 generation 37.80.80.80.78.88.88.88.88.88.88.2.72.10.52.40.2.52.46.22.43.2.32.72.47.59.88.50.4.10.52.24.43.27.22.65.61.54.88.18.60.65.54.54.52.24.72.55.53.43.34.xover.mutate.done 50
 generation 38.81.81.81.81.81.81.81.81.84.84.8.72.81.51.39.59.59.51.59.81.39.41.43.2.10.50.7.50.51.41.59.81.23.36.51.39.37.72.23.2.2.49.32.60.58.26.36.59.59.66.xover.mutate.done 50
 generation 39.82.82.81.81.81.81.81.81.81.81.40.52.2.51.51.51.24.46.61.24.77.57.61.54.52.56.50.42.25.51.58.81.78.31.26.61.49.34.61.58.81.10.38.37.74.52.33.11.81.61.xover.mutate.done 50
 generation 40.74.74.80.80.80.80.80.80.80.80.74.80.68.59.8.19.68.30.44.72.32.50.43.24.50.50.6.30.80.50.80.74.9.8.18.71.50.43.80.8.30.32.8.71.71.41.80.80.1.30.xover.mutate.done 50
 generation 41.77.77.77.77.77.77.77.77.77.77.33.45.6.58.26.77.18.80.9.50.0.17.70.7.77.31.50.70.5.50.20.18.77.0.68.80.76.23.30.27.50.7.38.77.77.6.50.67.17.77.xover.mutate.done 50
 generation 42.78.78.85.85.85.85.85.85.85.85.85.40.2.78.36.85.50.37.42.61.51.2.2.23.51.50.85.85.8.2.46.57.40.76.26.2.39.40.48.41.85.51.2.1.48.85.51.6.51.57.xover.mutate.done 50
 generation 43.82.82.82.82.82.82.82.82.82.82.45.62.19.76.58.16.1.45.50.33.0.82.82.74.17.39.1.82.51.1.73.50.44.27.19.58.40.82.82.82.74.50.76.0.82.9.74.0.44.50.xover.mutate.done 50
 generation 44.82.82.82.82.82.82.82.82.82.82.31.82.52.52.0.57.52.52.82.82.82.45.82.34.50.44.52.52.2.31.52.82.57.71.71.35.21.59.82.42.52.52.82.71.39.82.31.82.2.82.xover.mutate.done 50
 generation 45.81.81.81.81.81.81.81.81.81.81.8.38.81.81.81.72.50.57.81.78.42.71.52.57.72.71.81.72.81.10.22.72.81.13.62.38.81.72.57.2.38.81.80.72.18.81.52.72.81.80.xover.mutate.done 50
 generation 46.83.83.83.83.83.83.83.83.83.83.0.50.36.83.52.68.83.73.83.83.83.68.50.0.50.43.50.50.82.50.34.83.83.83.51.50.50.68.0.33.50.64.62.83.50.83.37.50.50.50.xover.mutate.done 50
 generation 47.75.75.75.75.75.75.75.75.75.75.75.50.26.65.57.75.0.73.50.75.50.1.75.75.1.75.5.75.75.50.6.5.31.31.65.1.50.75.65.75.74.75.75.64.37.50.75.26.55.34.xover.mutate.done 50
 generation 48.83.83.83.83.83.83.83.83.83.83.50.83.76.50.83.50.40.40.50.0.77.33.47.83.83.77.82.83.1.83.45.80.74.83.47.47.0.14.50.50.5.50.50.35.50.83.83.50.24.83.xover.mutate.done 50
 generation 49.76.76.76.76.76.76.76.76.76.76.24.71.50.76.76.50.50.71.0.76.76.50.76.50.50.73.50.50.50.72.50.76.76.35.7.76.76.7.50.21.76.71.65.50.7.15.50.76.10.71.xover.mutate.done 50
 22590885 iters     870709 iter/sec (25.95 s)
 total time: 25.95
