0.0 0.4375 0.8125 0.65625 0.46875 0.40625 0.90625 0.375 0.71875 0.6875 
0.21875 0.0625 0.0 0.09375 0.15625 0.09375 0.0 0.96875 0.96875 0.59375 
0.21875 0.0625 0.0 0.09375 0.15625 0.09375 0.0 0.96875 0.96875 0.0 
0.75 0.65625 0.21875 0.0625 0.0 0.09375 0.15625 0.09375 0.0 0.96875 
0.75 0.21875 0.0625 0.25 0.15625 0.21875 0.15625 0.3125 0.1875 0.65625 
0.4375 0.75 0.21875 0.0625 0.25 0.15625 0.21875 0.15625 0.3125 0.1875 
0.4375 0.75 0.21875 0.0625 0.25 0.15625 0.21875 0.15625 0.3125 0.1875 
0.4375 0.21875 0.0625 0.25 0.15625 0.21875 0.15625 0.3125 0.1875 0.15625 
0.4375 0.21875 0.0625 0.25 0.15625 0.21875 0.15625 0.3125 0.1875 0.15625 
0.4375 0.21875 0.0625 0.25 0.15625 0.21875 0.15625 0.3125 0.1875 0.15625 
0.4375 0.21875 0.0625 0.25 0.15625 0.21875 0.15625 0.3125 0.1875 0.15625 
0.4375 0.21875 0.0625 0.25 0.15625 0.21875 0.15625 0.3125 0.1875 0.15625 
0.4375 0.21875 0.0625 0.25 0.15625 0.21875 0.15625 0.3125 0.1875 0.15625 
0.4375 0.21875 0.0625 0.25 0.15625 0.21875 0.15625 0.3125 0.1875 0.15625 
0.4375 0.21875 0.0625 0.25 0.15625 0.21875 0.15625 0.3125 0.1875 0.15625 
0.4375 0.46875 0.46875 0.21875 0.0625 0.25 0.15625 0.21875 0.15625 0.3125 
0.4375 0.46875 0.46875 0.46875 0.5 0.46875 0.46875 0.21875 0.0625 0.25 
0.4375 0.4375 0.46875 0.46875 0.46875 0.5 0.46875 0.46875 0.46875 0.5 
0.4375 0.46875 0.375 0.4375 0.46875 0.46875 0.40625 0.40625 0.46875 0.46875 
0.4375 0.46875 0.375 0.4375 0.4375 0.46875 0.46875 0.375 0.4375 0.34375 
0.4375 0.46875 0.375 0.4375 0.4375 0.46875 0.4375 0.46875 0.4375 0.4375 
0.4375 0.46875 0.375 0.4375 0.4375 0.4375 0.46875 0.4375 0.4375 0.46875 
0.4375 0.4375 0.46875 0.375 0.4375 0.4375 0.4375 0.46875 0.4375 0.4375 
0.4375 0.40625 0.4375 0.46875 0.375 0.4375 0.4375 0.4375 0.46875 0.4375 
0.4375 0.40625 0.4375 0.46875 0.375 0.4375 0.4375 0.4375 0.46875 0.4375 
0.4375 0.40625 0.40625 0.5 0.4375 0.46875 0.375 0.4375 0.4375 0.4375 
0.4375 0.40625 0.40625 0.4375 0.46875 0.375 0.4375 0.4375 0.4375 0.375 
0.4375 0.40625 0.40625 0.4375 0.46875 0.375 0.4375 0.4375 0.4375 0.375 
0.4375 0.40625 0.40625 0.4375 0.46875 0.375 0.4375 0.4375 0.4375 0.375 
0.46875 0.4375 0.40625 0.40625 0.4375 0.46875 0.375 0.4375 0.4375 0.4375 
0.4375 0.40625 0.40625 0.4375 0.46875 0.375 0.4375 0.4375 0.4375 0.4375 
0.4375 0.40625 0.40625 0.4375 0.4375 0.46875 0.375 0.4375 0.4375 0.4375 
0.4375 0.40625 0.40625 0.4375 0.4375 0.46875 0.375 0.4375 0.4375 0.4375 
0.4375 0.40625 0.40625 0.4375 0.4375 0.46875 0.375 0.4375 0.4375 0.4375 
0.4375 0.40625 0.40625 0.4375 0.4375 0.46875 0.375 0.4375 0.4375 0.4375 
0.4375 0.40625 0.40625 0.4375 0.4375 0.40625 0.375 0.4375 0.4375 0.4375 
0.4375 0.40625 0.40625 0.4375 0.4375 0.40625 0.375 0.4375 0.4375 0.4375 
0.4375 0.4375 0.40625 0.40625 0.4375 0.4375 0.40625 0.375 0.4375 0.4375 
0.4375 0.40625 0.4375 0.40625 0.40625 0.4375 0.4375 0.40625 0.375 0.4375 
0.4375 0.40625 0.4375 0.40625 0.40625 0.4375 0.4375 0.40625 0.375 0.4375 
0.4375 0.40625 0.4375 0.40625 0.40625 0.4375 0.4375 0.40625 0.375 0.4375 
0.4375 0.40625 0.4375 0.40625 0.40625 0.4375 0.4375 0.40625 0.375 0.4375 
0.4375 0.40625 0.4375 0.40625 0.40625 0.4375 0.4375 0.40625 0.375 0.4375 
0.4375 0.40625 0.4375 0.40625 0.40625 0.4375 0.4375 0.40625 0.375 0.4375 
0.4375 0.40625 0.4375 0.40625 0.40625 0.4375 0.4375 0.40625 0.375 0.4375 
0.375 0.4375 0.40625 0.4375 0.40625 0.40625 0.4375 0.4375 0.40625 0.375 
0.375 0.4375 0.40625 0.4375 0.40625 0.40625 0.4375 0.4375 0.40625 0.375 
0.375 0.4375 0.40625 0.4375 0.4375 0.40625 0.40625 0.4375 0.4375 0.40625 
0.375 0.4375 0.4375 0.4375 0.40625 0.4375 0.40625 0.40625 0.4375 0.4375 
0.375 0.4375 0.4375 0.4375 0.4375 0.4375 0.4375 0.4375 0.40625 0.4375 
