% Invoked: ./gella -d -r 2 -l biased_r2/run38 >& biased_r2/run38.log
% Ministry of Cellular Automata
% Project Deux (CS523 Spring 2015)
% Version:v0.1-70-g0624-dirty
%  pop:50
%  ic count:100
%  CA Log option:biased_r2/run38
%  width:121
%  max workers:4
%  radius:2
%  iterations:300
%  use bias:true
%  generations:50

 generation 0.1.2.2.51.2.1.50.10.1.8.1.1.50.2.1.50.50.50.1.1.1.1.50.1.1.51.50.1.50.50.2.50.50.1.1.2.16.2.1.11.50.2.2.50.2.5.13.2.2.1.xover.mutate.done 50
 generation 1.50.50.50.50.50.50.50.50.50.50.6.50.50.50.0.6.50.50.50.0.23.0.0.23.50.50.49.27.50.0.50.22.0.50.50.0.0.50.0.0.50.0.0.0.0.0.0.0.12.29.xover.mutate.done 50
 generation 2.50.50.50.50.50.50.50.50.50.50.8.50.0.0.50.50.50.50.50.50.6.50.0.0.0.50.0.50.50.50.3.0.13.0.0.50.3.0.0.0.0.50.50.0.50.0.0.0.0.50.xover.mutate.done 50
 generation 3.50.51.50.50.50.50.50.50.50.50.50.51.51.50.50.1.0.51.50.6.50.1.0.1.0.50.50.1.1.50.22.12.1.50.51.50.0.50.51.50.50.24.50.1.50.50.51.1.1.50.xover.mutate.done 50
 generation 4.51.51.51.51.51.51.51.51.50.50.51.51.50.50.1.51.51.50.51.51.31.2.50.50.51.51.2.51.51.2.50.50.51.51.50.50.1.1.50.51.1.31.50.1.2.51.50.2.21.51.xover.mutate.done 50
 generation 5.51.51.51.51.51.51.51.50.50.51.50.51.1.51.51.51.51.50.51.50.11.50.51.51.50.51.51.51.51.1.1.51.50.51.51.51.51.50.50.50.50.51.1.51.51.51.51.0.6.51.xover.mutate.done 50
 generation 6.51.51.51.51.51.51.51.51.51.51.51.51.51.51.51.51.51.50.51.50.51.2.51.51.51.51.51.51.51.2.51.51.2.51.51.51.51.2.51.2.51.2.51.51.51.64.51.51.51.51.xover.mutate.done 50
 generation 7.59.51.51.51.51.51.51.51.51.51.51.51.51.51.51.51.51.50.1.51.51.51.50.51.50.1.51.1.51.51.1.51.7.55.51.51.51.1.51.51.45.1.51.51.51.51.14.1.51.51.xover.mutate.done 50
 generation 8.59.54.50.50.50.50.50.50.50.50.50.0.50.50.50.9.50.50.50.19.50.50.34.50.50.50.50.50.64.50.50.50.50.50.14.54.13.50.50.11.50.50.50.50.50.50.50.50.50.50.xover.mutate.done 50
 generation 9.69.62.58.58.51.51.51.51.51.51.51.51.26.9.51.51.51.2.51.7.51.62.7.51.51.7.51.8.51.58.51.2.51.51.51.58.14.58.51.62.51.4.12.51.51.10.51.51.51.51.xover.mutate.done 50
 generation 10.70.61.61.61.54.54.54.58.54.50.32.50.52.50.52.50.50.50.50.10.50.50.50.50.54.2.50.50.12.69.50.2.50.0.50.50.50.37.15.50.50.54.50.69.54.50.54.54.0.50.xover.mutate.done 50
 generation 11.69.67.67.61.61.61.51.56.56.56.56.56.50.32.51.56.14.48.51.51.1.51.51.1.50.56.67.59.10.6.23.51.1.51.51.51.18.51.1.56.56.51.56.1.50.50.50.1.51.51.xover.mutate.done 50
 generation 12.68.66.66.66.59.59.59.56.54.54.53.53.53.54.59.6.53.6.3.11.54.5.5.6.53.5.54.58.37.5.15.53.54.52.53.60.53.66.5.5.66.19.54.54.66.59.54.6.55.6.xover.mutate.done 50
 generation 13.70.72.72.72.72.72.72.65.63.63.72.51.65.60.55.50.50.5.51.50.63.65.0.30.33.61.72.5.50.5.1.51.65.72.5.55.33.50.51.5.51.0.65.51.50.63.72.45.5.1.xover.mutate.done 50
 generation 14.68.68.68.68.68.68.68.68.68.68.68.51.37.51.55.65.68.67.62.68.11.50.51.56.1.28.55.51.5.51.7.50.68.5.59.5.6.51.51.50.51.1.39.51.28.68.68.55.5.51.xover.mutate.done 50
 generation 15.68.68.68.68.68.68.68.68.68.68.68.4.52.63.10.68.50.68.52.52.68.52.71.52.68.20.70.52.52.64.10.52.68.58.4.68.52.68.68.4.60.52.71.70.64.68.59.72.71.2.xover.mutate.done 50
 generation 16.72.74.70.74.68.69.67.67.67.67.66.52.3.66.74.70.52.50.70.52.58.52.67.67.32.67.3.32.27.79.67.58.32.70.67.3.27.12.50.52.12.58.18.19.32.67.52.3.66.58.xover.mutate.done 50
 generation 17.69.67.67.67.66.66.66.66.66.66.67.63.63.63.63.50.8.63.66.59.50.65.63.50.50.50.58.8.50.68.18.63.63.66.63.9.50.48.17.50.50.63.50.50.67.63.63.63.69.59.xover.mutate.done 50
 generation 18.73.74.72.71.71.71.71.71.67.70.71.70.69.52.71.71.52.65.71.71.63.63.71.52.71.3.60.65.51.72.52.67.72.63.3.67.66.16.3.65.71.70.73.71.52.60.70.71.52.65.xover.mutate.done 50
 generation 19.70.69.69.66.66.66.66.66.66.66.69.60.50.20.17.50.61.61.60.16.17.47.60.50.50.50.20.55.14.51.66.69.66.20.0.38.24.0.66.64.23.38.66.66.66.69.66.62.66.66.xover.mutate.done 50
 generation 20.80.82.82.82.82.81.79.79.79.76.3.29.12.65.50.53.80.18.50.48.79.3.77.50.77.29.81.50.64.81.50.64.35.50.64.27.19.81.77.35.76.84.50.81.3.36.20.64.42.66.xover.mutate.done 50
 generation 21.76.74.74.74.74.74.74.74.74.74.50.50.34.50.60.74.50.57.50.74.61.68.0.50.76.74.73.74.50.72.36.59.61.34.50.74.55.50.72.74.70.60.69.74.59.10.50.52.70.73.xover.mutate.done 50
 generation 22.74.74.74.74.74.74.72.72.72.75.22.50.74.54.38.43.50.51.47.74.74.51.76.54.72.74.63.50.1.50.50.1.74.50.72.50.50.12.50.57.12.54.50.51.1.50.74.1.47.48.xover.mutate.done 50
 generation 23.78.76.79.79.77.77.77.77.79.79.16.50.50.50.17.50.57.52.66.79.50.50.50.78.75.75.50.77.50.75.57.79.43.50.50.78.77.50.57.75.79.16.50.35.50.50.78.79.63.74.xover.mutate.done 50
 generation 24.72.72.72.72.72.72.72.72.73.73.70.70.73.54.59.70.50.50.23.50.4.54.0.70.70.50.73.48.54.50.50.70.50.33.26.50.44.50.13.70.0.59.4.54.40.30.72.54.50.73.xover.mutate.done 50
 generation 25.76.76.76.76.76.76.76.76.76.76.31.1.12.76.51.76.76.74.76.74.50.24.76.76.50.51.51.51.50.44.44.50.51.75.47.76.76.50.51.75.50.73.76.51.76.50.51.35.56.44.xover.mutate.done 50
 generation 26.70.70.70.70.70.71.71.71.71.71.50.50.51.50.22.2.51.51.51.71.51.51.51.51.71.51.68.51.51.71.51.63.71.50.63.70.51.8.57.14.33.50.70.65.63.1.70.51.70.7.xover.mutate.done 50
 generation 27.76.76.76.76.76.76.76.76.76.77.10.77.50.3.50.77.13.53.76.50.53.73.3.76.50.50.53.77.76.50.15.60.50.53.3.43.53.50.43.76.17.76.3.50.35.56.76.36.50.76.xover.mutate.done 50
 generation 28.78.78.80.78.80.80.80.80.80.80.80.79.33.34.43.79.78.50.32.18.22.50.65.51.80.80.80.80.50.38.74.80.22.79.80.68.77.80.56.78.80.80.9.80.80.68.51.30.1.58.xover.mutate.done 50
 generation 29.83.80.80.80.80.80.80.80.80.80.31.50.50.1.72.50.1.83.81.50.50.39.80.0.40.50.50.50.50.42.0.80.38.1.56.67.80.42.80.80.1.83.42.51.38.50.72.59.39.40.xover.mutate.done 50
 generation 30.85.85.85.83.82.82.82.82.82.82.52.58.31.80.67.82.82.85.81.31.67.52.54.50.50.52.52.50.52.2.2.52.76.52.52.63.58.62.82.50.52.0.52.35.44.2.50.0.52.62.xover.mutate.done 50
 generation 31.83.83.83.83.82.81.81.81.81.81.81.51.80.81.31.34.38.1.55.51.1.50.50.35.30.75.24.34.82.6.81.13.1.61.55.51.51.51.81.63.83.51.51.55.61.61.50.1.51.24.xover.mutate.done 50
 generation 32.83.83.83.83.83.83.83.81.81.81.51.51.51.83.8.83.83.51.51.26.83.51.58.56.82.83.51.56.81.56.51.51.51.81.11.41.60.83.58.82.50.83.57.17.55.50.58.72.51.51.xover.mutate.done 50
 generation 33.80.80.80.80.80.80.80.80.80.80.80.80.79.45.80.58.42.30.9.12.32.31.80.12.50.36.0.39.41.0.80.80.50.0.80.13.80.50.80.56.44.44.0.12.50.21.51.12.50.12.xover.mutate.done 50
 generation 34.79.79.79.79.79.79.79.79.79.79.49.50.64.79.46.79.50.79.44.51.35.1.51.51.38.50.48.79.51.52.50.78.50.13.49.10.49.17.50.65.58.38.35.79.63.34.79.33.63.79.xover.mutate.done 50
 generation 35.76.76.76.76.76.74.74.76.76.76.51.76.0.75.50.76.26.76.76.50.42.50.50.76.52.76.26.22.50.0.76.75.18.76.44.0.36.42.50.50.76.76.50.49.29.50.15.52.38.0.xover.mutate.done 50
 generation 36.75.75.75.75.75.75.75.75.75.75.8.8.25.75.51.26.51.20.51.75.51.75.51.25.75.51.75.75.75.75.75.75.75.51.31.75.1.31.75.1.16.46.75.17.27.51.51.51.75.51.xover.mutate.done 50
 generation 37.81.81.81.81.81.81.81.81.81.81.62.81.81.80.13.81.81.19.81.50.0.37.59.81.81.50.81.57.50.81.79.73.81.62.81.54.0.50.61.50.50.81.51.81.50.50.6.81.50.81.xover.mutate.done 50
 generation 38.81.81.81.81.81.81.81.81.81.81.81.73.81.1.32.50.81.81.1.78.26.32.81.51.81.51.81.81.51.34.24.81.81.81.78.34.81.81.81.32.81.81.81.51.32.51.73.81.55.81.xover.mutate.done 50
 generation 39.73.73.73.73.73.73.73.73.73.73.51.51.50.73.73.72.73.51.51.74.73.71.1.1.73.34.50.73.33.34.25.73.73.73.51.55.50.51.79.50.73.56.73.33.73.68.73.66.51.50.xover.mutate.done 50
 generation 40.80.74.85.85.85.85.85.85.85.85.37.25.58.37.37.74.85.77.85.52.85.79.67.52.85.52.58.71.20.16.85.52.85.72.23.85.53.52.71.37.80.32.67.85.59.85.48.10.85.85.xover.mutate.done 50
 generation 41.82.82.82.82.82.82.82.82.82.82.46.82.50.82.82.50.50.68.61.50.59.30.0.67.50.50.82.41.44.16.0.61.34.0.48.33.57.0.67.82.10.34.82.50.63.0.68.82.48.35.xover.mutate.done 50
 generation 42.87.87.87.87.87.87.87.87.87.87.37.50.59.9.87.73.52.50.50.87.12.1.87.87.39.33.87.46.51.62.62.38.87.87.87.87.19.52.44.29.3.62.40.87.23.38.8.22.30.51.xover.mutate.done 50
 generation 43.86.86.86.86.86.86.86.86.86.86.86.86.50.52.55.50.86.86.86.55.62.14.86.55.12.2.50.86.43.10.19.86.43.2.62.55.86.86.55.86.44.50.50.50.2.86.86.56.50.12.xover.mutate.done 50
 generation 44.81.81.81.81.81.81.81.81.81.81.81.52.81.50.59.51.50.44.50.10.1.50.51.50.1.81.2.68.32.2.51.81.52.81.80.50.68.81.51.50.81.51.51.81.81.12.50.68.50.81.xover.mutate.done 50
 generation 45.81.81.81.81.81.81.81.81.81.81.78.60.81.81.80.81.71.51.0.25.38.50.49.81.81.1.81.81.55.81.81.0.50.51.40.51.81.48.50.51.81.21.81.61.81.51.51.11.80.35.xover.mutate.done 50
 generation 46.76.76.76.76.76.76.76.76.76.76.50.51.75.52.52.76.52.40.19.76.56.68.62.30.42.76.68.30.50.50.47.76.52.67.18.30.76.52.32.43.4.4.52.52.52.16.4.42.55.72.xover.mutate.done 50
 generation 47.76.76.76.76.76.76.76.76.76.76.76.42.76.74.62.29.76.65.50.62.76.48.50.3.51.65.50.23.33.76.76.50.76.50.50.66.76.30.76.76.0.32.76.62.29.76.76.36.51.40.xover.mutate.done 50
 generation 48.83.83.83.83.83.83.83.83.83.83.83.51.82.32.72.50.83.83.83.83.81.83.83.44.51.43.83.44.83.41.82.38.81.83.83.64.83.83.36.54.36.83.54.81.73.83.62.51.83.72.xover.mutate.done 50
 generation 49.74.74.74.74.74.74.74.74.74.74.64.74.71.72.50.50.74.7.74.1.42.64.51.0.63.73.50.50.50.74.50.74.51.63.50.64.74.38.1.74.51.1.74.74.50.74.48.74.50.74.xover.mutate.done 50
 17118012 iters     862486 iter/sec (19.85 s)
 total time: 19.85
