0.21875 0.3125 0.1875 0.15625 0.375 0.0 0.96875 0.28125 0.46875 0.15625 
0.375 0.0 0.96875 0.15625 0.0625 0.9375 0.65625 1.0 0.84375 0.0 
0.65625 0.6875 0.71875 0.875 0.375 0.0 0.96875 0.15625 0.0625 0.9375 
0.65625 0.6875 0.71875 0.875 0.375 0.0 0.96875 0.15625 0.0625 0.9375 
0.65625 0.6875 0.71875 0.875 0.375 0.0 0.96875 0.15625 0.0625 0.9375 
0.65625 0.6875 0.71875 0.875 0.65625 0.65625 0.6875 0.65625 0.6875 0.375 
0.4375 0.65625 0.6875 0.71875 0.875 0.65625 0.65625 0.6875 0.65625 0.6875 
0.4375 0.4375 0.65625 0.6875 0.71875 0.875 0.65625 0.65625 0.6875 0.65625 
0.4375 0.4375 0.65625 0.6875 0.71875 0.875 0.65625 0.65625 0.6875 0.65625 
0.4375 0.4375 0.46875 0.40625 0.65625 0.6875 0.71875 0.875 0.65625 0.65625 
0.4375 0.4375 0.46875 0.4375 0.46875 0.40625 0.65625 0.6875 0.71875 0.875 
0.4375 0.4375 0.4375 0.46875 0.46875 0.625 0.40625 0.34375 0.34375 0.375 
0.4375 0.4375 0.4375 0.46875 0.46875 0.4375 0.4375 0.4375 0.4375 0.625 
0.4375 0.4375 0.4375 0.46875 0.46875 0.4375 0.4375 0.4375 0.4375 0.40625 
0.4375 0.4375 0.4375 0.4375 0.4375 0.4375 0.4375 0.4375 0.46875 0.46875 
0.4375 0.4375 0.4375 0.4375 0.4375 0.4375 0.4375 0.4375 0.46875 0.46875 
0.4375 0.4375 0.4375 0.4375 0.4375 0.4375 0.4375 0.4375 0.46875 0.46875 
0.4375 0.40625 0.4375 0.4375 0.4375 0.4375 0.4375 0.4375 0.4375 0.4375 
0.4375 0.4375 0.40625 0.4375 0.4375 0.4375 0.4375 0.4375 0.4375 0.4375 
0.4375 0.4375 0.4375 0.40625 0.4375 0.4375 0.4375 0.4375 0.4375 0.4375 
0.4375 0.4375 0.40625 0.4375 0.4375 0.4375 0.4375 0.4375 0.4375 0.4375 
0.46875 0.4375 0.4375 0.40625 0.4375 0.4375 0.4375 0.4375 0.4375 0.4375 
0.4375 0.4375 0.4375 0.46875 0.46875 0.46875 0.40625 0.46875 0.4375 0.4375 
0.5 0.4375 0.4375 0.46875 0.46875 0.46875 0.4375 0.4375 0.40625 0.4375 
0.5 0.4375 0.4375 0.4375 0.46875 0.46875 0.46875 0.46875 0.46875 0.5 
0.5 0.5 0.5 0.46875 0.46875 0.46875 0.46875 0.46875 0.5 0.46875 
0.5 0.5 0.5 0.5625 0.5 0.5 0.46875 0.46875 0.46875 0.46875 
0.5 0.5 0.5 0.5625 0.5 0.53125 0.5 0.5 0.46875 0.46875 
0.5 0.5 0.5 0.5625 0.5 0.53125 0.5 0.53125 0.53125 0.5 
0.5 0.5 0.5 0.5625 0.5 0.53125 0.5 0.53125 0.53125 0.5 
0.53125 0.5 0.5 0.5 0.5625 0.5 0.53125 0.5 0.53125 0.53125 
0.53125 0.5 0.5 0.5 0.5625 0.5 0.53125 0.5 0.53125 0.53125 
0.53125 0.5 0.5 0.5 0.5625 0.5 0.53125 0.5 0.53125 0.53125 
0.53125 0.5 0.5 0.5 0.5625 0.5 0.53125 0.5 0.53125 0.53125 
0.53125 0.5 0.5 0.5 0.5625 0.5 0.53125 0.5 0.53125 0.53125 
0.53125 0.5 0.5 0.5625 0.5 0.53125 0.5 0.53125 0.53125 0.53125 
0.53125 0.5 0.5 0.5625 0.5 0.53125 0.5 0.53125 0.53125 0.53125 
0.53125 0.5 0.5 0.5625 0.5 0.53125 0.5 0.53125 0.53125 0.53125 
0.53125 0.5 0.5 0.5625 0.5 0.53125 0.5 0.53125 0.53125 0.53125 
0.53125 0.5 0.5 0.5625 0.5 0.53125 0.5 0.53125 0.53125 0.53125 
0.53125 0.5 0.5 0.5625 0.5 0.53125 0.5 0.53125 0.53125 0.53125 
0.53125 0.5 0.5 0.5625 0.5 0.53125 0.5 0.53125 0.53125 0.53125 
0.53125 0.5 0.5 0.5625 0.5 0.53125 0.5 0.53125 0.53125 0.53125 
0.53125 0.5 0.5 0.5625 0.5 0.53125 0.5 0.53125 0.53125 0.53125 
0.53125 0.5 0.5 0.5625 0.5 0.53125 0.5 0.53125 0.53125 0.53125 
0.53125 0.5 0.5 0.5625 0.5 0.53125 0.5 0.53125 0.53125 0.53125 
0.53125 0.53125 0.5 0.5 0.5625 0.5 0.53125 0.5 0.53125 0.53125 
0.53125 0.53125 0.5 0.5 0.5625 0.5 0.53125 0.5 0.53125 0.53125 
0.53125 0.53125 0.5 0.5 0.5625 0.5 0.53125 0.5 0.53125 0.53125 
0.53125 0.53125 0.53125 0.53125 0.53125 0.5 0.5 0.5625 0.5 0.53125 
