% Invoked: ./gella -d -r 2 -l biased_r2/run33 >& biased_r2/run33.log
% Ministry of Cellular Automata
% Project Deux (CS523 Spring 2015)
% Version:v0.1-70-g0624-dirty
%  pop:50
%  ic count:100
%  CA Log option:biased_r2/run33
%  width:121
%  max workers:4
%  radius:2
%  iterations:300
%  use bias:true
%  generations:50

 generation 0.2.1.1.50.1.50.2.1.50.1.1.7.1.1.2.1.2.2.14.1.2.2.1.50.50.1.1.1.2.1.1.8.2.50.1.1.2.1.50.1.2.2.1.2.12.2.50.1.50.50.xover.mutate.done 50
 generation 1.50.50.50.50.50.50.50.50.50.50.0.0.0.0.0.0.50.0.0.0.0.0.50.50.6.50.0.0.0.0.0.0.0.0.0.50.0.50.0.0.50.0.50.0.50.0.50.0.50.0.xover.mutate.done 50
 generation 2.50.50.50.50.50.50.50.50.50.50.9.50.9.3.2.9.52.2.1.50.20.1.3.52.50.52.3.3.50.52.2.50.3.3.2.40.3.51.50.2.52.50.1.52.23.3.3.2.50.4.xover.mutate.done 50
 generation 3.50.50.50.50.50.50.51.50.50.50.1.0.1.1.8.1.0.0.1.50.1.1.7.51.1.37.1.50.50.50.50.50.0.8.50.28.1.1.0.48.1.51.48.26.50.1.50.1.1.1.xover.mutate.done 50
 generation 4.51.51.51.50.50.50.50.50.50.50.50.0.1.1.50.50.13.1.1.50.51.50.1.50.51.50.10.50.7.1.24.1.51.0.0.1.1.7.1.1.50.0.50.1.1.1.39.50.1.50.xover.mutate.done 50
 generation 5.50.50.50.50.50.50.50.50.50.50.50.50.0.1.50.0.0.50.50.0.34.50.50.0.50.50.0.0.50.0.0.50.50.40.50.50.11.50.0.0.0.0.5.6.50.50.50.50.0.6.xover.mutate.done 50
 generation 6.51.51.51.51.51.51.50.50.50.50.50.1.50.50.51.1.1.0.51.1.51.51.1.1.1.1.19.50.51.50.50.7.1.10.1.50.50.50.50.1.51.50.1.1.1.50.50.50.50.50.xover.mutate.done 50
 generation 7.51.51.51.51.51.51.51.51.51.51.2.2.2.51.11.26.10.2.2.12.50.51.2.51.50.51.51.51.2.2.51.2.1.50.51.10.2.51.50.51.1.2.51.2.51.51.51.2.51.10.xover.mutate.done 50
 generation 8.50.50.50.50.50.50.50.50.50.50.1.1.1.1.0.40.1.1.51.10.0.1.8.50.6.50.50.70.51.50.1.7.1.9.8.1.50.1.8.6.1.50.1.51.6.13.50.50.50.50.xover.mutate.done 50
 generation 9.62.51.51.51.52.52.52.52.52.52.52.3.3.3.30.9.52.34.3.52.2.52.3.50.51.5.3.50.12.3.13.5.52.52.62.52.52.52.52.52.3.51.52.3.3.2.5.3.52.9.xover.mutate.done 50
 generation 10.64.64.50.50.50.50.50.50.50.50.50.50.1.50.8.7.1.1.50.1.51.51.1.50.51.59.50.16.0.51.50.50.47.50.10.0.51.51.0.50.11.23.11.50.1.50.1.50.51.50.xover.mutate.done 50
 generation 11.60.60.57.50.50.50.50.50.50.50.50.57.50.0.50.0.9.8.7.50.50.50.50.57.33.34.0.29.0.50.50.7.50.50.50.50.3.50.10.50.50.50.0.0.50.34.50.0.0.50.xover.mutate.done 50
 generation 12.65.65.57.57.57.50.50.50.50.50.51.5.1.1.57.1.51.51.51.50.1.60.1.43.65.5.50.50.50.7.1.34.50.37.1.51.32.51.1.1.8.1.39.50.51.50.7.0.51.51.xover.mutate.done 50
 generation 13.64.64.64.62.58.58.58.58.51.51.50.36.51.12.50.51.1.1.51.8.58.64.50.50.17.30.8.8.51.19.1.50.50.12.1.50.24.50.64.50.50.50.56.58.58.50.1.51.58.58.xover.mutate.done 50
 generation 14.63.63.63.60.63.58.61.61.61.61.13.17.3.10.30.58.52.61.51.51.22.12.15.51.61.1.52.61.12.52.2.50.40.61.32.63.63.23.3.32.61.21.29.51.63.44.63.61.12.9.xover.mutate.done 50
 generation 15.64.64.64.64.64.64.64.64.53.53.41.50.1.64.53.53.50.50.23.17.51.23.19.50.50.36.22.4.12.4.4.17.49.69.53.53.64.23.4.51.53.53.53.53.50.51.53.50.50.53.xover.mutate.done 50
 generation 16.60.55.55.55.55.55.55.55.55.54.60.68.26.36.11.26.57.51.55.51.18.51.55.57.18.50.46.55.54.51.55.73.51.20.52.59.7.45.55.59.36.50.55.10.51.58.29.34.11.52.xover.mutate.done 50
 generation 17.82.81.73.73.63.62.69.58.58.66.60.31.21.15.15.23.75.0.58.50.83.83.66.50.48.43.50.83.76.35.16.79.48.16.0.50.68.66.63.0.25.43.50.17.58.50.16.54.68.4.xover.mutate.done 50
 generation 18.85.85.85.83.78.81.75.73.71.71.85.36.75.52.52.76.85.64.66.52.2.52.52.52.52.41.52.68.56.17.55.84.66.67.66.52.36.85.13.46.2.73.26.71.50.52.54.71.52.26.xover.mutate.done 50
 generation 19.85.85.85.85.85.85.83.83.78.82.0.50.30.73.50.73.44.50.85.65.10.76.20.50.31.30.50.62.50.58.50.59.50.39.57.86.36.85.73.50.0.35.51.71.43.7.50.36.73.0.xover.mutate.done 50
 generation 20.90.74.74.74.74.74.74.74.74.74.74.53.90.70.69.66.43.5.29.52.18.66.61.38.61.74.22.31.32.44.5.87.5.52.58.56.15.70.74.19.74.52.52.38.61.53.68.58.53.24.xover.mutate.done 50
 generation 21.80.80.80.79.79.79.79.79.79.79.22.80.7.79.67.79.50.0.52.50.0.50.69.80.60.63.41.79.50.26.50.79.50.7.57.59.34.80.80.77.50.79.60.67.76.62.50.57.50.79.xover.mutate.done 50
 generation 22.87.87.80.80.80.87.87.79.79.79.42.50.22.54.52.31.79.31.31.89.33.79.79.52.52.52.57.10.7.52.2.52.79.86.10.52.57.87.63.52.11.7.79.87.57.50.51.57.78.32.xover.mutate.done 50
 generation 23.87.82.82.82.82.82.82.84.82.82.30.1.29.57.82.1.71.32.71.80.32.58.51.87.82.1.51.1.82.30.33.80.51.51.1.80.51.30.80.51.1.1.1.21.51.31.51.1.50.51.xover.mutate.done 50
 generation 24.86.86.90.84.84.84.84.84.84.79.50.84.31.83.55.50.0.38.79.31.58.34.50.50.1.50.1.68.77.46.0.50.27.50.88.79.50.11.51.50.84.1.57.36.50.0.86.50.50.50.xover.mutate.done 50
 generation 25.86.86.90.90.90.87.87.87.87.87.3.72.3.51.80.76.59.87.52.54.90.72.52.85.3.2.3.39.85.2.72.3.90.52.72.2.52.47.52.85.2.52.87.60.52.80.42.71.18.52.xover.mutate.done 50
 generation 26.86.86.86.86.86.85.85.85.85.85.86.46.56.50.28.56.77.7.86.77.86.79.48.49.50.1.77.1.78.29.51.78.50.51.50.58.75.50.86.43.78.69.86.24.10.24.51.1.81.50.xover.mutate.done 50
 generation 27.84.84.84.84.84.84.84.84.84.84.23.50.50.50.67.82.50.37.50.50.70.53.45.84.50.0.49.50.50.47.79.50.84.50.37.50.38.45.84.70.75.50.53.84.84.82.43.79.84.23.xover.mutate.done 50
 generation 28.89.89.89.89.89.89.89.89.89.89.64.0.69.86.58.5.53.0.50.50.45.0.50.51.0.48.80.50.89.89.33.50.1.89.51.84.89.71.33.89.30.33.0.50.1.50.49.50.33.54.xover.mutate.done 50
 generation 29.86.86.86.86.86.86.86.86.86.86.1.40.50.8.1.50.51.51.58.50.1.47.50.51.50.61.79.41.50.51.0.84.86.51.1.51.50.86.52.32.50.53.1.1.16.86.51.7.51.53.xover.mutate.done 50
 generation 30.89.89.89.89.89.89.89.89.89.89.8.31.81.60.52.34.89.52.70.61.50.89.52.2.11.12.89.89.89.50.61.57.2.61.89.89.74.2.50.89.52.22.11.52.52.50.2.50.2.0.xover.mutate.done 50
 generation 31.83.83.83.83.83.83.84.83.83.83.37.75.51.84.50.72.55.83.51.10.84.83.55.50.27.50.3.74.1.51.52.4.83.50.3.84.52.18.50.78.2.83.50.55.83.48.31.37.73.72.xover.mutate.done 50
 generation 32.85.85.84.85.83.83.83.83.83.83.50.50.51.83.82.36.50.50.0.81.73.50.85.55.25.50.58.36.50.54.25.0.40.46.83.63.75.42.50.5.34.25.73.83.50.7.85.83.66.0.xover.mutate.done 50
 generation 33.89.89.89.89.89.88.88.88.88.88.52.15.2.10.51.51.52.8.42.51.56.58.89.3.8.56.29.52.61.59.89.3.51.83.8.56.56.88.52.52.52.3.59.83.88.61.13.61.10.89.xover.mutate.done 50
 generation 34.80.80.80.80.80.80.80.80.80.78.50.44.27.0.50.50.2.37.72.80.80.50.50.29.72.0.50.50.3.80.80.78.78.7.49.43.43.50.0.22.53.78.5.50.72.12.80.5.50.80.xover.mutate.done 50
 generation 35.82.82.82.82.82.82.82.82.82.82.82.54.26.51.82.80.82.82.40.77.54.51.40.82.54.82.40.80.76.76.51.50.1.54.6.82.82.51.82.82.80.51.51.6.51.51.40.51.6.76.xover.mutate.done 50
 generation 36.87.87.87.87.87.87.87.87.87.87.1.7.65.85.1.85.87.27.50.65.51.65.23.50.56.6.66.19.51.55.70.87.47.87.50.51.50.87.65.51.51.47.50.41.70.70.84.51.55.85.xover.mutate.done 50
 generation 37.85.85.85.85.85.85.85.85.85.85.61.74.85.50.85.50.50.50.50.0.50.4.56.85.0.85.15.50.50.61.50.24.85.3.12.85.69.46.85.50.74.3.60.49.29.50.80.29.69.60.xover.mutate.done 50
 generation 38.85.85.85.85.85.85.85.85.85.85.85.85.51.26.85.85.85.51.50.10.85.73.61.50.51.59.51.41.51.51.60.51.51.85.51.85.51.56.85.58.51.8.85.65.36.51.8.51.58.60.xover.mutate.done 50
 generation 39.80.80.80.80.80.80.80.80.80.80.56.5.78.6.52.51.80.5.52.43.52.74.54.5.54.16.56.2.80.80.52.80.54.15.16.80.2.50.80.80.26.6.80.78.9.51.51.2.8.45.xover.mutate.done 50
 generation 40.84.84.84.84.84.84.84.84.84.84.44.53.9.8.50.68.53.48.27.53.28.84.53.48.65.68.66.84.8.84.48.13.9.53.50.42.49.49.53.27.49.9.84.58.56.78.84.54.84.84.xover.mutate.done 50
 generation 41.87.87.87.87.87.87.87.87.87.87.50.1.1.19.11.50.58.87.87.1.3.87.14.87.87.55.87.87.45.87.50.88.51.50.87.60.50.42.42.51.51.1.1.34.87.87.42.87.1.70.xover.mutate.done 50
 generation 42.89.89.89.89.89.89.89.89.89.88.89.89.35.89.77.26.88.3.52.3.90.51.80.59.51.89.89.52.53.34.89.42.52.3.89.51.51.13.87.53.89.51.27.51.38.89.3.59.64.89.xover.mutate.done 50
 generation 43.87.87.86.86.86.86.86.86.86.86.56.51.49.52.29.14.87.26.38.50.86.50.1.16.50.85.41.86.80.1.85.0.20.86.85.1.59.86.85.87.51.27.17.50.87.86.49.85.35.86.xover.mutate.done 50
 generation 44.89.89.89.89.89.88.88.88.88.88.88.27.16.51.54.88.88.80.87.12.66.53.50.88.88.51.51.20.23.89.19.61.1.88.88.26.66.51.51.50.1.88.88.51.6.88.50.88.32.50.xover.mutate.done 50
 generation 45.86.85.86.86.86.85.86.86.86.86.20.50.40.0.84.47.0.84.86.20.59.50.45.50.44.0.59.44.50.20.19.57.0.51.20.7.50.57.86.45.86.20.85.50.45.86.41.11.47.86.xover.mutate.done 50
 generation 46.80.80.80.80.80.80.80.80.80.80.49.37.34.20.48.51.43.51.80.58.51.51.0.9.18.1.80.51.37.48.34.50.41.76.58.40.80.80.51.58.58.1.9.59.51.1.47.60.51.12.xover.mutate.done 50
 generation 47.85.85.85.85.83.83.83.83.83.83.50.55.50.13.50.5.50.0.50.40.35.0.50.6.35.48.83.6.55.50.50.50.80.50.78.13.0.50.50.50.46.50.58.83.27.28.48.46.83.55.xover.mutate.done 50
 generation 48.82.82.82.82.80.80.80.80.80.80.80.80.49.23.51.77.23.36.51.26.31.16.77.80.80.51.51.51.1.53.51.51.53.51.51.51.77.51.16.49.80.75.35.37.6.52.78.51.51.24.xover.mutate.done 50
 generation 49.83.83.83.83.81.81.81.81.81.81.2.27.34.51.81.58.16.53.2.52.51.26.75.28.16.51.58.2.58.81.69.51.81.51.51.81.50.59.8.83.50.75.48.31.50.52.51.58.16.31.xover.mutate.done 50
 26193818 iters     932099 iter/sec (28.10 s)
 total time: 28.10
