% Invoked: ./gella -d -r 2 -l biased_r2/run34 >& biased_r2/run34.log
% Ministry of Cellular Automata
% Project Deux (CS523 Spring 2015)
% Version:v0.1-70-g0624-dirty
%  pop:50
%  ic count:100
%  CA Log option:biased_r2/run34
%  width:121
%  max workers:4
%  radius:2
%  iterations:300
%  use bias:true
%  generations:50

 generation 0.2.50.0.2.2.50.2.50.2.2.50.2.0.50.50.2.50.20.50.2.2.0.15.0.2.2.50.2.0.2.0.2.2.50.0.2.50.2.0.0.50.2.2.2.50.39.2.50.2.50.xover.mutate.done 50
 generation 1.50.50.51.50.50.50.50.50.50.50.1.50.50.2.3.50.50.8.1.2.51.50.8.50.50.1.51.2.8.8.50.51.50.1.2.2.2.1.51.2.1.27.1.50.1.8.2.2.1.50.xover.mutate.done 50
 generation 2.50.51.51.50.50.50.50.50.50.50.50.1.50.1.50.51.1.1.50.9.9.1.50.50.51.9.0.9.4.1.19.50.50.50.51.1.1.1.30.1.50.50.50.6.50.1.0.9.1.50.xover.mutate.done 50
 generation 3.50.50.50.50.50.50.50.50.50.50.0.50.22.0.50.0.78.50.0.0.50.50.50.0.50.50.50.50.0.50.50.0.50.50.0.0.50.50.50.0.50.50.0.50.40.50.50.0.0.0.xover.mutate.done 50
 generation 4.78.51.51.51.51.51.50.50.50.50.1.1.78.0.50.15.50.50.50.50.50.50.1.8.7.50.1.1.23.50.8.50.50.50.1.0.1.50.9.50.51.50.50.50.37.1.1.1.1.50.xover.mutate.done 50
 generation 5.78.78.51.51.51.51.51.51.51.51.51.13.50.50.1.50.51.2.1.51.51.2.50.51.2.50.2.51.6.1.40.2.1.51.50.2.51.51.51.51.51.78.2.1.50.2.51.51.50.2.xover.mutate.done 50
 generation 6.78.78.78.51.51.51.51.51.51.50.51.50.51.51.1.78.51.1.51.1.0.51.78.0.50.51.1.1.51.50.51.1.1.51.51.78.21.50.50.57.50.1.1.36.18.0.1.1.1.7.xover.mutate.done 50
 generation 7.86.86.86.86.86.86.59.50.50.50.52.86.5.2.13.2.0.50.2.2.2.20.52.86.2.32.50.2.86.50.2.50.21.86.0.50.19.50.12.2.86.2.50.86.24.0.2.2.39.24.xover.mutate.done 50
 generation 8.83.83.83.83.83.83.83.83.83.83.83.51.83.50.51.22.83.83.83.51.42.51.51.1.50.51.51.83.83.51.50.83.1.1.51.2.51.5.24.26.2.2.74.2.51.37.51.2.50.83.xover.mutate.done 50
 generation 9.78.78.78.78.78.78.78.78.78.78.78.53.53.53.78.62.78.78.53.53.53.50.78.78.53.53.3.78.53.53.78.78.78.3.78.78.78.53.53.78.33.50.78.73.53.53.78.78.3.78.xover.mutate.done 50
 generation 10.80.80.80.80.80.80.80.80.80.80.12.51.70.51.12.80.12.80.80.80.80.43.51.80.12.51.51.80.51.56.80.80.50.51.51.12.56.3.80.80.80.3.8.80.51.80.51.51.80.49.xover.mutate.done 50
 generation 11.75.75.75.75.75.75.75.75.75.75.67.51.8.67.42.42.51.67.51.51.75.25.40.53.53.75.75.75.53.75.75.34.67.75.75.51.51.80.51.67.42.51.75.9.75.75.75.53.2.67.xover.mutate.done 50
 generation 12.87.85.85.85.85.85.85.85.85.85.85.46.57.85.85.85.85.71.52.68.85.51.3.85.85.51.50.52.40.85.85.22.69.71.71.85.52.85.85.44.51.52.85.51.40.52.52.85.51.85.xover.mutate.done 50
 generation 13.91.90.90.90.90.90.90.90.90.90.90.90.90.43.90.53.73.4.90.90.51.51.72.90.90.90.50.65.44.90.47.47.51.90.43.88.90.90.90.90.49.47.67.90.50.51.51.38.73.51.xover.mutate.done 50
 generation 14.82.77.77.77.77.77.77.77.77.77.27.56.33.51.77.1.77.82.77.77.58.77.1.51.77.33.50.1.5.77.79.60.51.51.51.75.40.77.32.77.51.51.71.29.77.51.7.55.32.65.xover.mutate.done 50
 generation 15.87.87.85.79.79.79.79.79.79.79.51.79.51.79.79.51.56.79.79.44.79.87.50.39.79.79.39.79.79.50.8.87.51.79.79.85.56.50.79.51.29.39.11.50.79.39.79.20.50.6.xover.mutate.done 50
 generation 16.82.82.82.82.80.79.78.78.78.78.7.51.51.33.51.8.33.34.77.51.78.24.40.77.78.78.72.51.2.78.82.78.51.76.54.51.78.51.51.82.78.51.51.15.82.57.51.72.82.51.xover.mutate.done 50
 generation 17.84.84.84.84.84.84.84.84.82.81.50.84.57.12.52.84.50.81.81.50.84.70.0.82.35.0.84.73.31.50.84.84.50.50.81.60.76.50.50.50.81.35.0.0.50.35.50.81.50.35.xover.mutate.done 50
 generation 18.81.81.81.81.81.81.81.81.81.81.32.32.50.5.81.50.32.32.12.32.62.74.81.29.68.50.0.0.50.0.36.81.53.50.50.50.81.32.80.0.81.81.80.37.35.62.50.68.0.50.xover.mutate.done 50
 generation 19.85.85.85.85.85.85.85.85.85.85.81.3.85.52.47.59.37.2.27.52.3.50.37.50.1.85.73.51.69.50.55.38.50.85.50.38.85.73.51.40.85.51.74.69.85.85.3.3.85.5.xover.mutate.done 50
 generation 20.80.80.80.80.80.80.80.80.80.80.7.35.1.57.52.9.33.51.51.56.7.56.51.54.50.74.22.50.57.3.51.80.33.63.14.29.80.29.33.51.80.63.33.50.57.6.58.33.3.29.xover.mutate.done 50
 generation 21.81.81.81.81.81.81.81.81.81.81.81.81.8.81.2.37.73.53.5.53.53.33.74.62.35.5.52.5.81.10.8.62.38.81.15.2.72.36.35.52.81.81.44.53.22.53.37.81.50.52.xover.mutate.done 50
 generation 22.81.81.81.81.81.81.81.81.81.81.50.50.33.50.50.81.56.34.73.58.50.35.2.34.2.81.38.50.50.2.50.34.81.81.61.33.2.81.81.81.81.2.24.77.66.33.2.81.56.81.xover.mutate.done 50
 generation 23.82.82.82.82.82.82.82.82.82.82.50.68.51.50.50.50.50.82.62.24.47.24.12.1.50.82.50.82.82.0.82.50.82.1.24.6.68.38.55.82.58.50.1.68.82.51.50.51.80.50.xover.mutate.done 50
 generation 24.87.87.87.87.87.87.87.87.87.87.9.28.71.71.78.87.3.51.75.42.87.87.87.87.87.51.6.39.3.87.51.52.52.51.84.51.22.59.87.40.51.3.58.39.87.58.39.9.87.33.xover.mutate.done 50
 generation 25.83.83.83.83.83.83.83.83.83.83.83.18.59.35.14.50.83.52.50.73.83.50.83.77.83.7.77.77.33.33.83.60.60.2.60.0.57.35.83.0.7.6.83.82.50.83.83.33.83.83.xover.mutate.done 50
 generation 26.85.85.85.85.85.85.85.85.85.85.84.27.81.59.85.55.50.84.71.40.65.77.85.74.35.85.85.1.51.30.72.57.35.55.51.35.35.9.38.85.17.5.50.85.62.85.85.84.42.85.xover.mutate.done 50
 generation 27.87.87.87.87.87.87.87.87.87.87.40.50.40.84.87.5.87.40.53.16.82.40.58.87.53.40.2.5.87.50.62.82.2.87.40.40.40.53.87.66.53.53.41.87.50.87.27.87.87.87.xover.mutate.done 50
 generation 28.85.85.85.85.85.85.85.85.85.85.50.0.0.38.85.20.0.11.75.50.10.79.85.74.58.0.38.0.85.50.50.70.38.41.58.50.35.75.63.50.38.6.9.50.57.75.38.13.60.62.xover.mutate.done 50
 generation 29.85.85.85.85.85.85.85.85.85.85.15.6.39.67.85.78.40.39.50.85.77.31.53.72.85.63.39.41.85.63.40.3.16.85.47.53.63.39.82.41.14.85.50.14.63.6.6.85.37.85.xover.mutate.done 50
 generation 30.83.83.83.83.83.83.83.83.83.83.3.3.38.3.7.57.83.3.83.50.50.44.19.50.68.35.50.38.73.37.3.37.53.83.53.57.40.50.50.51.53.83.83.50.73.36.53.83.3.3.xover.mutate.done 50
 generation 31.85.85.85.85.85.85.85.85.85.85.59.69.50.85.35.35.85.64.52.50.6.31.85.76.85.52.52.52.35.6.85.85.85.59.67.56.17.85.33.85.64.85.36.71.42.35.85.2.52.85.xover.mutate.done 50
 generation 32.89.89.89.89.89.89.89.89.89.89.50.50.89.39.89.50.89.89.66.57.45.6.20.50.81.50.50.36.50.75.50.50.89.89.50.50.66.89.89.39.59.57.39.50.12.50.57.50.50.66.xover.mutate.done 50
 generation 33.83.83.83.83.83.83.83.83.83.83.42.83.54.72.51.1.83.60.83.23.5.37.54.83.83.54.83.50.83.1.83.50.7.83.83.83.51.42.50.50.23.34.51.50.19.10.50.38.18.50.xover.mutate.done 50
 generation 34.81.81.81.81.81.81.81.81.81.81.79.32.27.50.37.81.0.43.81.81.79.81.9.1.50.50.50.81.81.81.15.85.50.0.79.50.81.51.0.81.51.81.32.81.20.52.81.51.81.32.xover.mutate.done 50
 generation 35.75.81.81.81.81.81.81.81.81.81.81.0.50.0.0.33.81.50.63.0.0.58.56.24.25.50.63.0.50.24.81.63.6.0.0.56.50.32.81.44.50.50.56.25.50.6.56.50.46.0.xover.mutate.done 50
 generation 36.84.84.84.84.84.84.84.84.84.84.59.51.29.32.50.50.77.20.1.51.71.1.2.64.50.57.2.2.84.64.84.51.2.51.51.84.36.36.1.51.36.84.50.36.2.13.64.57.69.51.xover.mutate.done 50
 generation 37.86.86.86.86.86.86.86.86.86.86.56.4.12.2.38.2.18.59.12.52.52.86.32.71.52.38.50.66.86.50.76.86.8.52.37.52.43.38.56.52.4.86.52.74.4.86.39.4.86.4.xover.mutate.done 50
 generation 38.80.80.80.80.80.80.80.80.80.80.29.51.31.30.51.50.70.9.7.50.46.50.80.1.24.50.80.50.33.80.80.80.15.50.17.0.50.8.56.80.31.80.80.43.0.80.56.51.31.80.xover.mutate.done 50
 generation 39.84.84.84.84.84.84.84.84.84.84.55.20.50.50.36.0.37.84.2.50.37.37.36.84.50.37.37.9.37.37.84.52.50.8.7.59.2.84.37.2.2.64.57.8.2.84.37.52.35.52.xover.mutate.done 50
 generation 40.86.86.86.86.86.86.86.86.86.86.5.86.2.1.86.1.1.12.51.2.8.50.33.37.86.54.2.50.8.2.54.2.86.1.37.51.86.50.86.50.50.50.82.51.2.2.1.33.37.54.xover.mutate.done 50
 generation 41.82.82.82.82.82.82.82.82.82.82.5.51.50.1.51.51.1.1.11.5.5.5.3.52.54.54.50.2.3.82.50.51.2.82.33.1.51.58.82.9.51.1.41.31.82.82.5.52.58.7.xover.mutate.done 50
 generation 42.87.87.87.87.87.87.87.87.87.87.50.50.80.12.87.51.26.21.43.11.51.87.87.51.10.60.51.40.60.26.87.38.87.43.38.0.43.87.51.60.9.43.14.38.14.38.0.1.14.43.xover.mutate.done 50
 generation 43.90.90.90.90.90.90.90.90.90.90.68.39.77.50.78.44.77.50.0.44.77.0.43.54.0.50.43.90.40.50.50.44.0.0.50.57.50.44.81.6.43.0.5.33.50.44.43.50.77.40.xover.mutate.done 50
 generation 44.86.86.86.86.86.86.86.86.86.86.50.3.78.53.0.82.0.50.4.84.62.40.48.31.0.43.31.27.3.6.59.78.50.71.27.6.50.86.50.50.59.50.62.50.50.62.80.50.35.50.xover.mutate.done 50
 generation 45.83.83.83.83.83.83.83.83.83.83.78.50.34.77.1.51.57.82.83.55.67.12.75.1.34.51.51.51.50.50.51.51.2.51.34.77.1.61.83.51.83.0.13.50.51.79.77.1.51.1.xover.mutate.done 50
 generation 46.81.81.81.81.81.81.81.81.81.81.50.12.3.50.76.81.0.50.77.35.30.3.3.70.81.21.3.12.53.12.35.16.69.62.81.81.53.3.50.81.50.15.22.56.3.55.50.35.35.81.xover.mutate.done 50
 generation 47.80.80.80.80.80.80.80.80.80.80.20.2.32.80.2.50.80.0.80.80.13.65.50.50.61.2.13.76.2.19.72.2.59.2.15.52.61.65.2.2.31.13.40.31.22.2.2.52.2.2.xover.mutate.done 50
 generation 48.82.82.82.82.82.82.82.82.82.82.55.50.82.75.1.82.1.1.1.82.50.82.82.50.82.49.40.78.82.1.59.1.82.82.61.13.1.1.13.75.82.75.63.50.34.61.1.82.36.59.xover.mutate.done 50
 generation 49.81.81.81.81.81.81.81.81.81.81.34.62.34.81.81.81.2.58.81.52.24.4.81.53.81.81.50.81.74.2.72.34.62.50.34.15.81.23.34.2.81.34.81.34.33.81.81.24.2.52.xover.mutate.done 50
 22870066 iters     892263 iter/sec (25.63 s)
 total time: 25.63
