% Invoked: ./gella -d -r 2 -l biased_r2/run39 >& biased_r2/run39.log
% Ministry of Cellular Automata
% Project Deux (CS523 Spring 2015)
% Version:v0.1-70-g0624-dirty
%  pop:50
%  ic count:100
%  CA Log option:biased_r2/run39
%  width:121
%  max workers:4
%  radius:2
%  iterations:300
%  use bias:true
%  generations:50

 generation 0.0.0.0.0.1.50.50.0.0.50.1.1.50.50.0.5.0.50.50.4.1.1.1.1.0.0.1.1.1.1.50.51.1.1.1.1.1.1.50.1.50.50.12.0.1.50.0.1.50.50.xover.mutate.done 50
 generation 1.50.50.50.50.50.50.51.50.50.50.0.1.50.1.1.0.1.50.36.0.50.1.50.1.50.51.0.51.0.1.1.15.50.3.13.1.16.0.50.9.5.50.50.1.51.50.20.50.50.1.xover.mutate.done 50
 generation 2.50.50.50.50.50.50.50.50.50.50.0.50.50.50.0.50.0.0.50.50.50.50.50.50.0.25.9.50.50.50.0.9.50.6.50.50.50.6.50.6.0.50.50.0.50.50.50.13.50.0.xover.mutate.done 50
 generation 3.50.50.50.50.50.50.50.50.50.50.0.50.50.12.23.50.50.36.50.0.0.46.9.14.0.50.50.50.50.0.8.0.0.50.50.50.0.50.50.50.50.0.15.50.50.0.50.0.50.21.xover.mutate.done 50
 generation 4.52.52.52.52.50.50.50.50.50.50.6.50.52.52.50.2.50.50.50.50.50.50.50.41.52.50.2.2.2.2.29.50.50.2.0.2.50.6.50.52.41.50.50.50.50.50.2.6.52.50.xover.mutate.done 50
 generation 5.51.51.51.51.51.51.51.51.51.51.2.50.9.1.1.1.1.65.51.1.51.8.51.51.51.50.51.51.2.50.51.51.50.50.50.21.50.1.1.51.22.1.2.50.51.51.50.51.5.1.xover.mutate.done 50
 generation 6.75.50.50.50.50.50.50.50.50.50.75.50.50.0.46.0.50.50.0.50.50.0.0.0.0.50.50.50.0.48.50.50.50.50.48.50.50.50.0.0.0.50.23.50.50.1.50.0.50.50.xover.mutate.done 50
 generation 7.68.68.51.51.51.51.51.51.51.51.1.38.50.0.1.51.40.51.1.51.51.51.51.1.51.50.1.51.51.51.51.51.51.1.51.1.27.50.51.1.50.0.50.51.1.51.51.0.51.51.xover.mutate.done 50
 generation 8.71.71.51.51.51.51.51.51.51.51.51.3.1.51.51.51.9.51.51.39.44.51.51.51.3.51.51.51.51.3.71.3.51.2.50.51.3.51.22.22.46.2.51.23.51.51.51.51.52.51.xover.mutate.done 50
 generation 9.72.72.72.52.51.51.51.51.51.51.51.51.51.3.51.2.32.50.3.51.51.51.51.51.14.51.51.51.3.51.51.51.49.51.50.3.3.72.3.50.51.51.3.1.51.51.51.50.3.72.xover.mutate.done 50
 generation 10.67.67.66.67.66.52.51.51.51.51.1.52.51.50.52.51.52.52.51.51.51.50.3.3.59.39.52.50.51.38.50.1.51.3.50.16.51.50.51.51.51.3.51.51.51.50.50.51.51.3.xover.mutate.done 50
 generation 11.65.65.65.65.65.55.50.50.50.50.22.1.50.1.27.65.50.51.1.1.12.1.37.51.51.50.51.50.51.65.5.1.50.51.1.1.65.1.24.51.51.50.51.37.51.1.51.50.65.1.xover.mutate.done 50
 generation 12.63.63.63.63.63.63.63.63.63.58.1.50.51.51.53.51.63.51.1.0.38.1.40.16.39.1.51.51.32.63.9.50.1.33.12.5.51.51.8.51.0.51.53.4.18.1.51.12.51.26.xover.mutate.done 50
 generation 13.67.67.67.66.66.67.67.67.67.66.0.50.50.32.5.50.41.6.0.67.0.1.55.1.1.66.0.51.50.50.50.50.1.57.9.50.5.51.55.51.23.1.5.36.5.0.50.66.50.50.xover.mutate.done 50
 generation 14.63.63.63.63.63.63.63.63.63.63.50.0.29.26.50.53.52.0.9.0.50.0.50.50.63.0.2.23.52.50.62.52.2.0.63.62.50.4.50.52.62.63.50.52.50.0.63.63.40.50.xover.mutate.done 50
 generation 15.66.66.66.66.66.66.66.66.66.66.66.2.51.66.6.65.50.50.2.23.33.55.50.50.55.51.50.50.19.66.50.10.51.66.36.61.65.64.5.50.36.41.46.52.36.36.64.26.51.66.xover.mutate.done 50
 generation 16.68.68.68.68.68.68.68.68.68.68.68.39.4.68.50.4.68.4.64.0.0.50.50.50.4.0.68.70.32.50.68.50.50.76.54.68.68.68.68.68.68.5.25.54.34.35.50.50.68.68.xover.mutate.done 50
 generation 17.78.75.72.72.72.72.72.72.72.72.43.56.71.70.72.51.69.25.27.49.51.78.50.56.69.7.7.72.50.51.72.53.7.51.71.70.70.2.56.51.51.49.7.72.53.30.56.6.72.72.xover.mutate.done 50
 generation 18.78.78.71.66.66.66.66.66.66.66.66.64.50.66.52.52.64.45.0.23.66.54.54.72.6.67.62.66.66.66.53.0.52.50.54.66.48.63.66.32.66.54.1.50.28.53.6.53.6.66.xover.mutate.done 50
 generation 19.73.73.71.72.66.64.64.64.64.64.37.64.63.51.31.50.29.50.54.54.54.15.15.64.63.54.54.51.50.29.58.1.64.50.50.71.50.62.62.63.64.50.54.54.64.5.64.54.54.29.xover.mutate.done 50
 generation 20.68.68.67.67.67.67.66.66.66.66.50.33.55.54.66.1.51.1.16.21.54.66.66.65.51.51.16.66.55.66.50.54.66.24.51.50.66.66.4.21.51.1.69.54.66.33.54.54.54.4.xover.mutate.done 50
 generation 21.71.74.74.68.64.64.64.63.63.63.2.52.0.52.7.63.66.72.52.20.58.2.55.2.5.64.14.52.2.55.52.50.63.58.55.19.71.62.62.50.50.63.20.18.50.71.9.50.5.2.xover.mutate.done 50
 generation 22.81.81.86.85.85.85.79.75.79.79.6.72.72.62.50.55.50.18.63.4.7.50.45.18.39.50.0.54.43.7.36.63.39.79.61.50.43.50.72.89.77.86.5.0.35.52.50.50.56.24.xover.mutate.done 50
 generation 23.83.74.74.76.76.76.78.78.74.73.31.33.25.52.50.55.44.76.23.54.73.57.2.35.76.44.60.54.10.66.52.55.50.55.57.60.10.52.69.72.25.76.54.50.54.44.50.11.29.78.xover.mutate.done 50
 generation 24.81.75.75.75.76.76.76.76.76.76.33.70.55.51.81.50.55.16.37.76.9.26.26.50.75.34.1.76.51.6.50.81.65.56.50.55.76.49.50.15.70.13.76.51.51.50.74.50.33.1.xover.mutate.done 50
 generation 25.81.81.81.78.78.78.78.78.78.78.78.50.78.30.79.74.28.79.38.21.74.38.28.49.28.74.0.57.50.50.50.2.23.50.71.50.50.0.78.50.73.11.55.16.50.67.81.59.58.50.xover.mutate.done 50
 generation 26.83.83.83.83.78.78.78.78.78.78.50.20.70.78.10.51.51.45.51.67.83.31.50.51.50.46.14.83.75.56.51.0.78.78.22.31.57.51.19.50.34.51.50.78.67.78.75.19.36.1.xover.mutate.done 50
 generation 27.81.81.81.81.81.81.78.78.78.78.78.55.50.78.50.26.45.50.50.50.27.0.0.5.28.50.50.78.50.71.78.55.50.80.61.50.81.75.50.78.41.57.81.78.81.70.75.81.50.78.xover.mutate.done 50
 generation 28.76.76.76.76.76.76.76.76.76.76.25.76.76.76.73.51.2.74.75.73.50.25.76.51.51.62.51.64.24.76.1.75.51.58.73.75.71.29.73.76.2.57.76.1.51.76.76.24.50.72.xover.mutate.done 50
 generation 29.81.81.81.81.81.81.81.81.81.81.81.57.54.53.81.50.50.81.53.54.50.71.54.50.20.77.54.62.76.3.39.50.81.81.50.54.74.50.50.43.54.3.54.81.78.18.82.37.54.61.xover.mutate.done 50
 generation 30.85.85.85.85.85.85.85.85.85.85.59.51.85.37.59.51.59.59.85.59.51.60.70.59.50.52.52.70.71.37.24.52.14.51.85.52.32.58.51.70.85.85.52.70.51.85.78.52.70.71.xover.mutate.done 50
 generation 31.77.77.77.77.77.77.77.77.77.77.54.77.50.39.64.77.50.77.50.54.50.50.41.68.20.50.1.68.71.65.51.70.54.31.70.1.50.51.64.50.21.28.64.77.71.73.28.77.31.19.xover.mutate.done 50
 generation 32.74.74.74.74.74.74.74.74.74.74.52.69.50.72.54.52.74.52.60.50.74.50.68.58.50.74.56.50.52.68.72.2.52.66.69.61.39.50.50.41.63.50.74.29.56.74.50.74.68.74.xover.mutate.done 50
 generation 33.75.75.75.75.75.75.75.75.75.75.75.50.75.40.44.73.75.0.50.56.52.75.72.50.69.75.75.70.64.50.52.52.52.52.56.58.66.44.67.72.57.75.75.64.58.56.58.2.56.52.xover.mutate.done 50
 generation 34.78.78.77.78.78.78.78.78.78.78.74.15.62.19.0.72.38.50.50.18.78.50.27.38.50.54.50.78.33.35.50.72.4.54.6.50.50.54.29.38.72.50.50.50.50.32.0.72.50.50.xover.mutate.done 50
 generation 35.77.77.77.77.77.77.77.77.77.77.51.5.77.2.38.51.70.2.77.12.54.2.51.51.72.50.55.58.50.40.50.66.63.27.9.70.53.1.50.75.77.51.53.51.51.27.77.77.2.51.xover.mutate.done 50
 generation 36.81.81.81.81.81.81.81.81.81.81.0.3.0.17.50.37.53.29.50.20.53.53.50.50.55.1.52.49.50.81.53.50.81.53.50.34.4.81.70.0.45.60.49.71.4.53.0.50.50.71.xover.mutate.done 50
 generation 37.83.83.83.83.83.83.83.83.83.83.75.50.58.53.51.52.3.16.60.50.3.50.83.83.3.3.75.57.53.83.75.81.83.53.33.81.83.50.83.52.83.50.50.30.50.50.50.75.6.52.xover.mutate.done 50
 generation 38.79.79.79.79.79.79.79.79.79.79.79.50.73.10.2.79.11.46.59.78.58.50.50.62.50.79.54.79.0.54.54.50.2.50.79.59.53.56.50.0.77.79.59.72.9.78.50.0.56.74.xover.mutate.done 50
 generation 39.79.79.79.79.79.79.79.79.79.79.51.75.52.29.38.4.50.50.26.51.0.79.51.46.54.1.34.32.50.54.50.50.54.50.51.50.4.54.50.79.70.1.48.51.9.29.43.79.1.54.xover.mutate.done 50
 generation 40.79.79.79.79.79.79.79.79.79.79.75.24.50.50.50.12.49.50.1.50.53.50.50.50.61.79.50.32.36.50.0.10.53.9.79.56.50.77.44.50.51.30.37.34.74.51.50.47.50.51.xover.mutate.done 50
 generation 41.76.76.76.76.76.76.76.76.76.76.60.51.53.34.30.51.74.47.1.61.1.1.17.76.0.49.1.76.50.50.76.47.50.49.74.61.35.70.35.67.46.51.23.51.27.42.13.75.24.51.xover.mutate.done 50
 generation 42.85.85.85.85.85.85.85.85.85.85.58.81.37.39.85.51.52.85.39.50.50.58.52.9.82.3.27.41.51.57.51.51.50.11.51.52.85.85.38.11.51.58.81.44.81.58.72.49.51.51.xover.mutate.done 50
 generation 43.82.82.82.82.82.82.82.82.82.82.50.11.35.11.58.3.82.55.50.50.48.50.73.47.3.50.76.0.71.53.53.35.57.31.44.34.80.82.82.53.7.37.53.44.76.76.28.8.45.50.xover.mutate.done 50
 generation 44.77.76.76.76.76.76.76.76.76.76.49.50.70.60.51.54.70.60.67.50.24.50.2.74.50.76.76.76.1.51.68.11.1.76.76.24.50.76.74.17.50.50.76.51.76.51.61.50.50.54.xover.mutate.done 50
 generation 45.82.81.81.81.81.81.81.81.81.81.50.32.34.81.50.47.58.50.79.34.50.50.81.32.68.0.50.82.50.50.66.70.45.81.39.50.0.76.50.17.58.7.77.59.0.79.0.39.79.18.xover.mutate.done 50
 generation 46.81.81.81.81.81.81.81.81.81.81.52.42.55.1.25.1.1.50.1.81.37.81.81.57.81.74.50.55.81.50.51.31.50.57.62.51.46.41.50.81.51.51.74.74.76.44.81.81.1.55.xover.mutate.done 50
 generation 47.78.78.78.78.78.78.78.78.78.78.78.50.58.35.50.38.50.18.7.3.78.78.1.51.78.34.78.51.78.29.78.44.57.28.1.73.63.73.73.57.0.78.36.73.67.48.78.78.34.73.xover.mutate.done 50
 generation 48.85.85.83.83.83.83.83.83.83.83.83.2.50.59.49.85.52.83.52.66.33.50.50.50.39.50.50.79.48.85.32.52.39.79.50.2.52.59.52.85.52.0.76.83.52.39.50.12.61.83.xover.mutate.done 50
 generation 49.79.79.79.79.79.79.79.79.79.79.36.75.0.2.79.50.46.22.52.2.50.79.50.52.21.56.52.2.32.75.79.36.36.56.50.52.52.37.29.52.68.56.52.79.2.52.79.52.0.52.xover.mutate.done 50
 19714289 iters     888036 iter/sec (22.20 s)
 total time: 22.20
