0.5 1.0 0.53125 0.03125 0.375 1.0 0.96875 0.0 0.875 0.1875 
0.1875 1.0 0.03125 1.0 0.0 0.15625 0.9375 0.1875 0.03125 0.09375 
0.59375 0.46875 0.1875 1.0 0.03125 1.0 0.0 0.15625 0.9375 0.1875 
0.59375 0.46875 0.1875 0.0625 0.15625 0.3125 0.84375 0.96875 0.59375 0.59375 
0.59375 0.46875 0.5 0.59375 0.4375 0.84375 0.96875 0.59375 0.59375 0.59375 
0.59375 0.46875 0.5 0.59375 0.4375 0.4375 0.40625 0.15625 0.25 0.84375 
0.59375 0.46875 0.5 0.59375 0.4375 0.40625 0.15625 0.25 0.84375 0.625 
0.59375 0.46875 0.5 0.59375 0.4375 0.40625 0.15625 0.25 0.84375 0.625 
0.59375 0.46875 0.5 0.59375 0.84375 0.625 0.65625 0.75 0.4375 0.40625 
0.59375 0.46875 0.5 0.59375 0.84375 0.625 0.65625 0.75 0.4375 0.40625 
0.59375 0.46875 0.5 0.59375 0.6875 0.84375 0.625 0.65625 0.75 0.4375 
0.59375 0.46875 0.5 0.5 0.59375 0.6875 0.84375 0.625 0.65625 0.75 
0.59375 0.46875 0.5 0.5 0.59375 0.6875 0.375 0.40625 0.46875 0.84375 
0.59375 0.46875 0.5 0.5 0.5 0.46875 0.59375 0.6875 0.375 0.40625 
0.59375 0.46875 0.5 0.5 0.5 0.59375 0.46875 0.6875 0.375 0.40625 
0.59375 0.46875 0.5 0.5 0.5 0.46875 0.59375 0.6875 0.375 0.40625 
0.59375 0.46875 0.5 0.5 0.46875 0.5 0.59375 0.6875 0.375 0.40625 
0.59375 0.46875 0.5 0.5 0.5 0.46875 0.46875 0.46875 0.59375 0.6875 
0.59375 0.46875 0.5 0.5 0.5 0.46875 0.46875 0.46875 0.59375 0.6875 
0.59375 0.46875 0.5 0.5 0.59375 0.5 0.46875 0.46875 0.46875 0.46875 
0.59375 0.46875 0.5 0.5 0.5 0.46875 0.46875 0.46875 0.46875 0.46875 
0.59375 0.46875 0.5 0.5 0.5 0.5 0.4375 0.46875 0.46875 0.46875 
0.59375 0.46875 0.5 0.5 0.5 0.5 0.5 0.4375 0.4375 0.40625 
0.59375 0.46875 0.5 0.5 0.5 0.5 0.5 0.5 0.5 0.46875 
0.59375 0.46875 0.5 0.5 0.5 0.5 0.5 0.5 0.5 0.5 
0.59375 0.46875 0.5 0.5 0.5 0.5 0.5 0.5 0.5 0.5 
0.4375 0.59375 0.5 0.5 0.46875 0.46875 0.5 0.5 0.5 0.5 
0.59375 0.4375 0.5 0.5 0.46875 0.46875 0.5 0.5 0.5 0.5 
0.4375 0.59375 0.5 0.5 0.46875 0.46875 0.5 0.5 0.5 0.5 
0.4375 0.59375 0.5 0.5 0.46875 0.46875 0.5 0.5 0.5 0.5 
0.4375 0.59375 0.5 0.5 0.46875 0.46875 0.5 0.5 0.5 0.5 
0.4375 0.4375 0.59375 0.46875 0.46875 0.5 0.5 0.5 0.5 0.5 
0.40625 0.4375 0.4375 0.4375 0.59375 0.5 0.5 0.46875 0.46875 0.5 
0.40625 0.4375 0.4375 0.4375 0.59375 0.5 0.5 0.46875 0.46875 0.5 
0.4375 0.4375 0.4375 0.4375 0.40625 0.59375 0.5 0.5 0.46875 0.46875 
0.4375 0.4375 0.4375 0.4375 0.59375 0.4375 0.40625 0.4375 0.40625 0.4375 
0.4375 0.4375 0.4375 0.4375 0.4375 0.59375 0.4375 0.40625 0.4375 0.40625 
0.4375 0.4375 0.4375 0.4375 0.4375 0.4375 0.4375 0.4375 0.4375 0.4375 
0.4375 0.4375 0.4375 0.4375 0.4375 0.4375 0.40625 0.4375 0.4375 0.40625 
0.4375 0.4375 0.4375 0.4375 0.4375 0.4375 0.4375 0.4375 0.4375 0.4375 
0.4375 0.4375 0.4375 0.4375 0.4375 0.4375 0.4375 0.4375 0.4375 0.4375 
0.4375 0.4375 0.4375 0.4375 0.4375 0.4375 0.4375 0.4375 0.4375 0.4375 
0.4375 0.4375 0.4375 0.4375 0.4375 0.4375 0.4375 0.4375 0.4375 0.4375 
0.40625 0.4375 0.4375 0.4375 0.4375 0.4375 0.4375 0.4375 0.4375 0.4375 
0.4375 0.4375 0.4375 0.4375 0.4375 0.4375 0.4375 0.4375 0.4375 0.4375 
0.4375 0.4375 0.4375 0.4375 0.4375 0.4375 0.4375 0.4375 0.4375 0.4375 
0.4375 0.4375 0.4375 0.4375 0.4375 0.4375 0.4375 0.4375 0.4375 0.4375 
0.4375 0.4375 0.4375 0.4375 0.4375 0.4375 0.4375 0.4375 0.4375 0.4375 
0.4375 0.4375 0.4375 0.4375 0.4375 0.4375 0.4375 0.4375 0.4375 0.4375 
0.4375 0.4375 0.4375 0.4375 0.4375 0.4375 0.4375 0.4375 0.4375 0.4375 
