51 51 50 50 50 50 50 50 50 50 50 50 50 50 50 16 13 11 10 8 5 2 2 2 2 2 2 2 2 2 2 2 2 1 1 1 1 1 1 1 1 1 1 1 1 1 1 1 1 1 
50 50 50 50 50 50 50 50 50 50 50 50 50 50 50 50 50 50 50 50 50 50 50 50 49 29 27 23 23 22 12 6 6 0 0 0 0 0 0 0 0 0 0 0 0 0 0 0 0 0 
50 50 50 50 50 50 50 50 50 50 50 50 50 50 50 50 50 50 50 50 50 50 50 50 50 50 50 13 8 6 3 3 0 0 0 0 0 0 0 0 0 0 0 0 0 0 0 0 0 0 
51 51 51 51 51 51 51 50 50 50 50 50 50 50 50 50 50 50 50 50 50 50 50 50 50 50 50 50 50 50 50 50 50 24 22 12 6 1 1 1 1 1 1 1 1 1 0 0 0 0 
51 51 51 51 51 51 51 51 51 51 51 51 51 51 51 51 51 51 51 51 51 51 51 50 50 50 50 50 50 50 50 50 50 50 50 50 50 31 31 21 2 2 2 2 2 1 1 1 1 1 
51 51 51 51 51 51 51 51 51 51 51 51 51 51 51 51 51 51 51 51 51 51 51 51 51 51 51 51 51 51 51 50 50 50 50 50 50 50 50 50 50 50 50 11 6 1 1 1 1 0 
64 51 51 51 51 51 51 51 51 51 51 51 51 51 51 51 51 51 51 51 51 51 51 51 51 51 51 51 51 51 51 51 51 51 51 51 51 51 51 51 51 51 50 50 2 2 2 2 2 2 
59 55 51 51 51 51 51 51 51 51 51 51 51 51 51 51 51 51 51 51 51 51 51 51 51 51 51 51 51 51 51 51 51 51 51 51 51 50 50 50 45 14 7 1 1 1 1 1 1 1 
64 59 54 54 50 50 50 50 50 50 50 50 50 50 50 50 50 50 50 50 50 50 50 50 50 50 50 50 50 50 50 50 50 50 50 50 50 50 50 50 50 50 50 34 19 14 13 11 9 0 
69 62 62 62 58 58 58 58 58 51 51 51 51 51 51 51 51 51 51 51 51 51 51 51 51 51 51 51 51 51 51 51 51 51 51 51 51 51 26 14 12 10 9 8 7 7 7 4 2 2 
70 69 69 61 61 61 58 54 54 54 54 54 54 54 54 54 52 52 50 50 50 50 50 50 50 50 50 50 50 50 50 50 50 50 50 50 50 50 50 50 50 37 32 15 12 10 2 2 0 0 
69 67 67 67 61 61 61 59 56 56 56 56 56 56 56 56 56 56 51 51 51 51 51 51 51 51 51 51 51 51 51 51 50 50 50 50 50 48 32 23 18 14 10 6 1 1 1 1 1 1 
68 66 66 66 66 66 66 60 59 59 59 59 59 58 56 55 54 54 54 54 54 54 54 54 54 53 53 53 53 53 53 53 53 52 37 19 15 11 6 6 6 6 6 5 5 5 5 5 5 3 
72 72 72 72 72 72 72 72 72 72 70 65 65 65 65 65 63 63 63 63 61 60 55 55 51 51 51 51 51 51 50 50 50 50 50 50 45 33 33 30 5 5 5 5 5 5 1 1 0 0 
68 68 68 68 68 68 68 68 68 68 68 68 68 68 68 68 67 65 62 59 56 55 55 55 51 51 51 51 51 51 51 51 51 51 50 50 50 39 37 28 28 11 7 6 5 5 5 5 1 1 
72 71 71 71 70 70 68 68 68 68 68 68 68 68 68 68 68 68 68 68 68 68 68 68 68 68 64 64 63 60 59 58 52 52 52 52 52 52 52 52 52 52 50 20 10 10 4 4 4 2 
79 74 74 74 72 70 70 70 70 69 68 67 67 67 67 67 67 67 67 67 67 66 66 66 58 58 58 58 52 52 52 52 52 52 50 50 32 32 32 32 27 27 19 18 12 12 3 3 3 3 
69 69 68 67 67 67 67 67 66 66 66 66 66 66 66 66 65 63 63 63 63 63 63 63 63 63 63 63 63 63 59 59 58 50 50 50 50 50 50 50 50 50 50 50 48 18 17 9 8 8 
74 73 73 72 72 72 71 71 71 71 71 71 71 71 71 71 71 71 71 71 71 70 70 70 70 69 67 67 67 66 65 65 65 65 63 63 63 60 60 52 52 52 52 52 52 51 16 3 3 3 
70 69 69 69 69 69 66 66 66 66 66 66 66 66 66 66 66 66 66 66 66 66 64 62 61 61 60 60 60 55 51 50 50 50 50 50 47 38 38 24 23 20 20 20 17 17 16 14 0 0 
84 82 82 82 82 81 81 81 81 81 80 80 79 79 79 79 77 77 77 76 76 66 65 64 64 64 64 53 50 50 50 50 50 50 50 48 42 36 35 35 29 29 27 20 19 18 12 3 3 3 
76 76 74 74 74 74 74 74 74 74 74 74 74 74 74 74 74 74 73 73 72 72 70 70 69 68 61 61 60 60 59 59 57 55 52 50 50 50 50 50 50 50 50 50 50 36 34 34 10 0 
76 75 74 74 74 74 74 74 74 74 74 74 74 74 72 72 72 72 72 63 57 54 54 54 51 51 51 50 50 50 50 50 50 50 50 50 50 50 48 47 47 43 38 22 12 12 1 1 1 1 
79 79 79 79 79 79 79 79 78 78 78 78 77 77 77 77 77 77 76 75 75 75 75 74 66 63 57 57 57 52 50 50 50 50 50 50 50 50 50 50 50 50 50 50 50 43 35 17 16 16 
73 73 73 73 73 72 72 72 72 72 72 72 72 72 70 70 70 70 70 70 70 59 59 54 54 54 54 54 50 50 50 50 50 50 50 50 50 50 48 44 40 33 30 26 23 13 4 4 0 0 
76 76 76 76 76 76 76 76 76 76 76 76 76 76 76 76 76 76 76 76 75 75 74 74 73 56 51 51 51 51 51 51 51 51 50 50 50 50 50 50 50 47 44 44 44 35 31 24 12 1 
71 71 71 71 71 71 71 71 71 70 70 70 70 70 70 70 70 70 68 65 63 63 63 57 51 51 51 51 51 51 51 51 51 51 51 51 51 51 50 50 50 50 50 33 22 14 8 7 2 1 
77 77 77 77 76 76 76 76 76 76 76 76 76 76 76 76 76 76 76 76 73 60 56 53 53 53 53 53 50 50 50 50 50 50 50 50 50 50 43 43 36 35 17 15 13 10 3 3 3 3 
80 80 80 80 80 80 80 80 80 80 80 80 80 80 80 80 80 80 80 79 79 79 78 78 78 78 78 77 74 68 68 65 58 56 51 51 50 50 50 43 38 34 33 32 30 22 22 18 9 1 
83 83 83 81 80 80 80 80 80 80 80 80 80 80 80 80 80 80 72 72 67 59 56 51 50 50 50 50 50 50 50 50 50 50 42 42 42 40 40 39 39 38 38 31 1 1 1 1 0 0 
85 85 85 85 83 82 82 82 82 82 82 82 82 82 81 80 76 67 67 63 62 62 58 58 54 52 52 52 52 52 52 52 52 52 52 52 50 50 50 50 50 44 35 31 31 2 2 2 0 0 
83 83 83 83 83 82 82 81 81 81 81 81 81 81 81 81 80 75 63 61 61 61 55 55 55 51 51 51 51 51 51 51 51 50 50 50 38 35 34 34 31 30 24 24 13 6 1 1 1 1 
83 83 83 83 83 83 83 83 83 83 83 83 83 83 82 82 81 81 81 81 81 72 60 58 58 58 57 56 56 56 55 51 51 51 51 51 51 51 51 51 51 51 51 50 50 41 26 17 11 8 
80 80 80 80 80 80 80 80 80 80 80 80 80 80 80 80 80 80 80 79 58 56 51 50 50 50 50 50 45 44 44 42 41 39 36 32 31 30 21 13 12 12 12 12 12 9 0 0 0 0 
79 79 79 79 79 79 79 79 79 79 79 79 79 79 79 79 79 78 65 64 63 63 58 52 51 51 51 51 50 50 50 50 50 50 49 49 49 48 46 44 38 38 35 35 34 33 17 13 10 1 
76 76 76 76 76 76 76 76 76 76 76 76 76 76 76 76 76 76 75 75 74 74 52 52 51 50 50 50 50 50 50 50 50 50 49 44 42 42 38 36 29 26 26 22 18 15 0 0 0 0 
75 75 75 75 75 75 75 75 75 75 75 75 75 75 75 75 75 75 75 75 75 75 75 75 75 51 51 51 51 51 51 51 51 51 51 51 46 31 31 27 26 25 25 20 17 16 8 8 1 1 
81 81 81 81 81 81 81 81 81 81 81 81 81 81 81 81 81 81 81 81 81 81 81 81 81 80 79 73 62 62 61 59 57 54 51 50 50 50 50 50 50 50 50 50 37 19 13 6 0 0 
81 81 81 81 81 81 81 81 81 81 81 81 81 81 81 81 81 81 81 81 81 81 81 81 81 81 81 81 81 78 78 73 73 55 51 51 51 51 51 50 34 34 32 32 32 32 26 24 1 1 
79 74 73 73 73 73 73 73 73 73 73 73 73 73 73 73 73 73 73 73 73 73 73 73 73 72 71 68 66 56 55 51 51 51 51 51 51 51 50 50 50 50 50 34 34 33 33 25 1 1 
85 85 85 85 85 85 85 85 85 85 85 85 85 85 85 85 85 85 85 80 80 79 77 74 74 72 71 71 67 67 59 58 58 53 52 52 52 52 52 48 37 37 37 37 32 25 23 20 16 10 
82 82 82 82 82 82 82 82 82 82 82 82 82 82 82 82 82 68 68 67 67 63 61 61 59 57 50 50 50 50 50 50 50 48 48 46 44 41 35 34 34 33 30 16 10 0 0 0 0 0 
87 87 87 87 87 87 87 87 87 87 87 87 87 87 87 87 87 87 87 87 73 62 62 62 59 52 52 51 51 50 50 50 46 44 40 39 38 38 37 33 30 29 23 22 19 12 9 8 3 1 
86 86 86 86 86 86 86 86 86 86 86 86 86 86 86 86 86 86 86 86 86 86 86 62 62 56 55 55 55 55 55 52 50 50 50 50 50 50 50 44 43 43 19 14 12 12 10 2 2 2 
81 81 81 81 81 81 81 81 81 81 81 81 81 81 81 81 81 81 81 81 80 68 68 68 59 52 52 51 51 51 51 51 51 50 50 50 50 50 50 50 50 50 44 32 12 10 2 2 1 1 
81 81 81 81 81 81 81 81 81 81 81 81 81 81 81 81 81 81 81 81 81 81 81 80 80 78 71 61 60 55 51 51 51 51 51 51 50 50 50 49 48 40 38 35 25 21 11 1 0 0 
76 76 76 76 76 76 76 76 76 76 76 76 76 76 76 75 72 68 68 67 62 56 55 52 52 52 52 52 52 52 52 51 50 50 50 47 43 42 42 40 32 30 30 30 19 18 16 4 4 4 
76 76 76 76 76 76 76 76 76 76 76 76 76 76 76 76 76 76 76 76 76 76 76 74 66 65 65 62 62 62 51 51 50 50 50 50 50 50 48 42 40 36 33 32 30 29 29 23 3 0 
83 83 83 83 83 83 83 83 83 83 83 83 83 83 83 83 83 83 83 83 83 83 83 83 83 83 82 82 81 81 81 73 72 72 64 62 54 54 51 51 51 50 44 44 43 41 38 36 36 32 
74 74 74 74 74 74 74 74 74 74 74 74 74 74 74 74 74 74 74 74 74 74 73 72 71 64 64 64 63 63 51 51 51 50 50 50 50 50 50 50 50 50 48 42 38 7 1 1 1 0 
