52 50 50 50 50 50 50 50 50 50 50 50 50 50 50 50 50 50 28 17 3 3 3 3 3 3 3 3 3 3 2 2 2 2 2 2 2 2 2 2 2 2 1 1 1 1 1 1 1 1 
83 77 50 50 50 50 50 50 50 50 50 50 50 50 50 50 50 50 50 50 50 50 50 50 50 50 50 50 50 50 45 13 12 8 0 0 0 0 0 0 0 0 0 0 0 0 0 0 0 0 
87 74 54 54 54 54 51 51 51 51 50 50 50 50 50 50 50 50 50 50 50 50 50 50 50 50 50 41 35 33 27 22 16 13 5 5 4 4 4 4 4 4 4 4 1 1 1 1 1 1 
86 76 76 67 53 51 51 51 51 51 51 51 50 50 50 50 50 50 50 50 50 50 50 50 50 50 50 50 50 50 50 25 18 18 1 1 1 1 1 1 1 1 1 1 1 1 1 0 0 0 
86 80 80 62 51 51 51 51 51 50 50 50 50 50 50 50 50 50 50 50 50 50 50 50 41 32 26 17 17 10 1 1 1 1 1 1 1 1 1 1 1 1 1 0 0 0 0 0 0 0 
75 62 60 57 50 50 50 50 50 50 50 50 50 50 50 50 50 50 50 50 50 50 40 5 2 0 0 0 0 0 0 0 0 0 0 0 0 0 0 0 0 0 0 0 0 0 0 0 0 0 
79 73 71 62 50 50 50 50 50 50 50 50 50 50 50 30 17 9 0 0 0 0 0 0 0 0 0 0 0 0 0 0 0 0 0 0 0 0 0 0 0 0 0 0 0 0 0 0 0 0 
83 79 74 68 51 51 51 51 50 50 50 50 50 50 50 50 50 50 50 30 20 1 1 1 1 1 1 1 1 1 1 1 1 1 1 1 0 0 0 0 0 0 0 0 0 0 0 0 0 0 
93 86 85 73 52 52 52 52 50 50 50 50 50 50 50 50 43 35 19 15 7 2 2 2 2 2 2 2 2 2 2 2 2 2 2 2 2 2 2 2 0 0 0 0 0 0 0 0 0 0 
85 75 73 57 54 51 51 51 51 51 51 51 51 51 51 51 51 51 51 50 50 50 36 34 29 29 13 5 2 2 2 2 2 2 2 1 1 1 1 1 1 1 1 1 1 1 1 1 1 1 
84 80 76 76 70 54 51 51 51 51 51 50 50 50 50 50 50 50 50 50 50 50 50 50 50 50 47 35 32 26 19 18 15 11 5 5 1 1 1 1 1 1 1 1 1 1 1 1 1 0 
82 72 69 69 58 55 52 52 52 51 51 51 51 51 51 51 51 51 51 50 50 50 50 26 25 21 14 10 3 3 3 3 3 2 2 2 2 2 2 2 1 1 1 1 1 1 1 1 1 1 
83 75 75 75 73 68 66 54 50 50 50 50 50 50 50 50 50 50 50 50 50 50 42 42 11 0 0 0 0 0 0 0 0 0 0 0 0 0 0 0 0 0 0 0 0 0 0 0 0 0 
83 71 70 66 66 62 61 57 51 51 51 51 51 50 50 50 50 37 32 32 5 2 2 2 2 2 2 2 2 2 2 2 2 2 2 2 2 2 2 2 1 1 1 1 1 1 1 1 1 1 
88 72 70 70 68 63 59 56 51 51 51 51 50 50 50 50 50 35 35 34 34 11 6 6 6 6 2 2 2 2 2 2 2 2 2 2 1 1 1 1 1 1 1 1 1 1 1 1 1 1 
84 79 72 72 70 69 69 56 50 50 50 50 50 50 50 50 50 50 50 50 46 42 23 10 8 7 0 0 0 0 0 0 0 0 0 0 0 0 0 0 0 0 0 0 0 0 0 0 0 0 
85 80 78 78 71 70 70 70 69 56 51 51 51 50 50 43 43 13 9 9 9 6 5 5 1 1 1 1 1 1 1 1 1 1 1 1 1 1 1 1 1 1 1 1 0 0 0 0 0 0 
86 73 71 71 67 64 64 64 63 53 50 50 45 31 30 24 11 8 7 2 0 0 0 0 0 0 0 0 0 0 0 0 0 0 0 0 0 0 0 0 0 0 0 0 0 0 0 0 0 0 
82 73 69 69 68 67 65 65 65 65 59 51 51 51 50 38 36 34 30 29 26 19 11 6 5 2 2 2 2 2 2 2 2 2 2 2 2 2 1 1 1 1 1 1 1 1 1 1 1 1 
85 82 80 80 80 75 72 72 72 72 72 71 68 62 57 50 50 45 41 39 29 28 18 16 11 11 11 9 6 1 1 1 1 1 1 1 1 1 1 1 1 1 1 0 0 0 0 0 0 0 
88 73 72 72 72 72 68 67 67 67 67 66 57 50 26 24 22 20 14 14 10 10 8 8 8 8 7 6 2 2 2 2 2 2 2 2 2 2 2 1 1 1 1 1 1 1 1 1 1 1 
88 78 73 73 73 73 73 72 72 71 66 66 66 66 66 61 58 53 40 40 33 23 23 10 10 9 8 7 7 3 3 3 3 3 3 3 3 2 2 2 2 2 2 2 2 1 1 1 1 1 
89 74 74 74 74 74 74 74 74 70 67 67 67 67 66 65 64 64 64 64 60 59 58 53 32 28 19 16 14 9 8 8 8 8 2 2 2 2 2 2 2 2 2 2 2 1 1 1 1 1 
83 71 70 70 70 70 70 70 70 70 70 70 69 66 65 65 65 62 57 51 50 44 33 33 21 20 17 4 4 4 4 2 2 2 2 2 2 2 2 2 2 2 2 2 2 2 2 2 2 2 
86 73 72 71 71 71 71 71 71 71 71 71 71 67 67 63 46 46 41 37 36 33 27 22 22 20 18 11 5 4 3 3 3 3 3 3 3 3 3 3 3 3 3 3 3 3 3 3 3 3 
93 89 81 81 78 78 77 77 77 77 77 77 77 77 77 76 64 59 59 58 58 56 55 54 43 36 36 33 32 23 20 18 18 13 13 5 5 5 1 1 1 1 1 1 1 1 1 1 1 1 
85 78 68 68 68 68 63 63 63 63 63 62 62 60 55 50 50 50 50 46 43 39 32 30 30 30 28 25 21 16 14 13 13 11 7 7 7 5 4 4 4 4 4 4 4 4 1 1 1 1 
86 85 75 75 74 74 69 69 69 69 69 65 65 65 61 49 44 44 44 44 40 37 34 34 29 27 26 24 18 6 6 6 0 0 0 0 0 0 0 0 0 0 0 0 0 0 0 0 0 0 
89 85 76 76 74 74 74 74 74 74 74 74 71 69 65 61 59 59 59 52 48 48 42 28 27 21 18 10 9 6 6 2 2 2 2 2 2 2 2 2 2 2 2 2 2 2 2 2 2 2 
89 87 84 84 83 83 81 81 81 81 81 81 81 81 76 75 73 73 69 68 61 45 43 16 16 8 4 4 4 4 4 4 4 0 0 0 0 0 0 0 0 0 0 0 0 0 0 0 0 0 
91 91 86 81 81 79 79 77 77 77 77 77 77 72 66 62 62 61 61 57 54 53 53 47 35 20 16 7 6 6 6 6 6 6 6 6 1 1 1 1 1 1 1 1 1 1 1 1 1 0 
91 90 90 90 88 85 85 82 82 79 79 79 79 79 79 74 73 73 73 71 64 64 63 61 57 55 24 15 11 5 5 4 4 4 4 4 4 4 4 0 0 0 0 0 0 0 0 0 0 0 
89 88 88 88 84 78 78 75 75 74 74 74 74 74 74 58 54 50 47 45 40 30 27 24 24 24 10 8 8 8 6 3 3 3 3 3 3 3 3 3 3 3 1 1 1 1 1 1 0 0 
92 89 89 89 88 84 82 82 79 79 79 77 77 77 77 71 71 65 52 49 43 41 38 37 27 23 20 19 17 12 12 10 10 9 4 4 4 0 0 0 0 0 0 0 0 0 0 0 0 0 
88 88 88 88 87 86 86 86 86 86 75 75 75 75 74 71 55 50 30 25 17 11 11 11 11 11 10 8 3 3 3 3 3 3 3 0 0 0 0 0 0 0 0 0 0 0 0 0 0 0 
85 85 85 85 85 83 83 83 83 83 83 83 83 83 80 67 51 49 40 18 15 15 13 13 13 12 10 9 8 8 7 7 7 7 7 7 7 1 1 1 1 1 1 1 1 1 1 1 1 0 
89 89 86 86 86 86 86 86 86 86 84 84 84 84 82 76 43 43 36 33 22 16 15 15 15 13 13 13 13 13 12 11 7 7 6 6 6 6 6 3 3 3 3 3 3 3 3 3 3 1 
87 87 87 87 87 87 87 87 87 87 87 87 87 85 85 85 85 83 83 83 64 62 62 54 50 47 46 38 30 26 21 20 13 12 12 12 11 3 3 3 3 3 3 2 2 2 2 1 1 1 
87 87 87 87 87 87 87 87 87 87 87 85 85 85 85 85 76 76 74 74 74 74 70 52 40 35 35 35 35 32 32 30 25 22 12 11 10 5 5 5 5 5 5 2 2 2 2 2 1 1 
87 87 87 87 87 87 87 87 87 87 87 87 87 86 86 86 86 86 86 81 80 80 73 73 71 66 64 64 59 58 52 43 40 39 36 36 22 20 17 17 17 10 4 4 4 4 4 2 2 2 
84 84 84 84 84 84 84 84 84 84 84 84 83 83 81 79 78 77 77 77 67 51 50 50 50 39 33 30 28 28 24 24 24 23 22 17 17 13 13 13 6 2 2 2 2 1 1 1 1 1 
80 80 80 80 80 80 80 80 80 80 80 80 80 80 80 64 64 64 64 58 56 31 31 29 29 26 20 19 17 12 10 10 10 4 4 4 4 1 1 1 1 1 1 1 1 1 1 1 1 1 
89 88 88 88 88 88 88 88 88 88 88 88 88 88 88 88 85 79 67 60 60 52 38 30 24 24 12 10 9 9 3 3 3 3 1 1 1 1 1 1 1 1 1 1 1 1 1 1 1 1 
90 90 90 90 90 90 90 90 90 90 90 90 90 90 90 90 90 90 90 88 87 85 56 56 50 46 44 27 27 27 20 20 20 11 10 6 5 5 5 5 5 1 1 1 1 1 1 1 1 1 
87 87 87 87 87 87 87 87 87 87 87 87 87 87 87 87 87 87 69 67 63 48 48 42 42 40 29 29 29 29 29 25 23 23 23 23 17 7 7 2 2 2 2 2 2 2 2 2 1 1 
90 90 90 90 90 90 90 90 90 90 90 90 90 90 90 90 90 90 90 90 88 67 60 58 58 50 45 39 33 29 27 24 22 20 10 9 8 8 7 3 0 0 0 0 0 0 0 0 0 0 
85 85 85 85 85 85 85 85 85 85 85 85 85 85 85 85 85 85 85 78 72 66 63 63 62 56 52 37 35 35 35 28 26 26 26 14 8 8 8 8 6 6 6 1 1 1 1 1 1 0 
89 89 89 89 89 89 89 89 89 89 89 89 89 89 89 89 89 89 89 89 89 89 89 89 82 78 78 76 76 70 67 67 63 62 56 56 56 56 55 54 51 33 30 20 19 14 3 3 3 0 
86 86 86 86 86 86 86 86 86 86 86 86 86 86 86 86 86 86 85 78 78 65 65 65 60 57 57 57 55 38 37 37 37 30 30 24 18 16 15 15 15 3 3 2 2 2 1 1 1 1 
89 89 89 89 89 89 89 89 89 89 89 89 89 89 89 89 89 89 89 89 78 72 65 65 65 63 40 40 40 38 28 26 25 24 24 23 19 11 11 10 10 10 10 10 4 4 4 4 3 3 
