0.5 1.0 0.09375 0.59375 0.90625 0.03125 0.40625 0.71875 0.21875 0.5625 
1.0 0.03125 0.71875 0.875 0.09375 0.78125 0.84375 0.0 0.9375 1.0 
0.71875 0.125 0.1875 0.75 0.625 1.0 0.03125 0.875 0.09375 0.78125 
0.125 0.1875 0.09375 0.21875 0.09375 0.71875 0.75 0.625 1.0 0.03125 
0.5 0.125 0.1875 0.09375 0.21875 0.09375 0.71875 0.75 0.625 1.0 
0.5 0.5 0.125 0.1875 0.09375 0.21875 0.09375 0.3125 0.71875 0.75 
0.5 0.5 0.5 0.125 0.1875 0.09375 0.21875 0.09375 0.3125 0.71875 
0.5 0.5 0.5 0.5 0.5 0.5 0.59375 0.125 0.1875 0.09375 
0.5 0.5 0.5 0.5 0.5 0.5 0.5 0.5 0.5 0.5 
0.5 0.5 0.5 0.5 0.5 0.5 0.5 0.5 0.5 0.5 
0.5 0.5 0.5 0.5 0.5 0.5 0.5 0.5 0.5 0.5 
0.5 0.5 0.5 0.5 0.5 0.5 0.5 0.5 0.5 0.5 
0.53125 0.5 0.5 0.5 0.5 0.5 0.5 0.5 0.5 0.5 
0.53125 0.5 0.5 0.5 0.5 0.5 0.5 0.5 0.5 0.5 
0.53125 0.5 0.5 0.5 0.5 0.5 0.5 0.5 0.5 0.5 
0.53125 0.53125 0.5 0.5 0.5 0.5 0.5 0.5 0.5 0.5 
0.53125 0.53125 0.53125 0.53125 0.5 0.5 0.5 0.5 0.5 0.5 
0.53125 0.53125 0.53125 0.53125 0.53125 0.53125 0.53125 0.53125 0.5 0.5 
0.53125 0.53125 0.53125 0.53125 0.53125 0.53125 0.53125 0.53125 0.53125 0.53125 
0.53125 0.53125 0.53125 0.53125 0.53125 0.53125 0.53125 0.53125 0.53125 0.53125 
0.53125 0.53125 0.53125 0.53125 0.53125 0.53125 0.53125 0.53125 0.53125 0.53125 
0.53125 0.53125 0.53125 0.53125 0.53125 0.53125 0.53125 0.53125 0.53125 0.53125 
0.53125 0.53125 0.53125 0.53125 0.53125 0.53125 0.53125 0.53125 0.53125 0.53125 
0.53125 0.53125 0.53125 0.53125 0.53125 0.53125 0.53125 0.53125 0.53125 0.53125 
0.53125 0.53125 0.53125 0.53125 0.53125 0.53125 0.53125 0.53125 0.53125 0.53125 
0.53125 0.53125 0.53125 0.53125 0.53125 0.53125 0.53125 0.53125 0.53125 0.53125 
0.53125 0.53125 0.53125 0.53125 0.53125 0.53125 0.53125 0.53125 0.53125 0.53125 
0.53125 0.53125 0.53125 0.53125 0.53125 0.53125 0.53125 0.53125 0.53125 0.53125 
0.53125 0.53125 0.53125 0.53125 0.53125 0.53125 0.53125 0.53125 0.53125 0.53125 
0.53125 0.53125 0.53125 0.53125 0.53125 0.53125 0.53125 0.53125 0.53125 0.53125 
0.53125 0.53125 0.53125 0.53125 0.53125 0.53125 0.53125 0.53125 0.53125 0.53125 
0.53125 0.53125 0.53125 0.53125 0.53125 0.53125 0.53125 0.53125 0.53125 0.53125 
0.53125 0.53125 0.53125 0.53125 0.53125 0.53125 0.53125 0.53125 0.53125 0.53125 
0.53125 0.53125 0.53125 0.53125 0.53125 0.53125 0.53125 0.53125 0.53125 0.53125 
0.53125 0.53125 0.53125 0.53125 0.53125 0.53125 0.53125 0.53125 0.53125 0.53125 
0.53125 0.53125 0.53125 0.53125 0.53125 0.53125 0.53125 0.53125 0.53125 0.53125 
0.53125 0.53125 0.53125 0.53125 0.53125 0.53125 0.53125 0.53125 0.53125 0.53125 
0.53125 0.53125 0.53125 0.53125 0.53125 0.53125 0.53125 0.53125 0.53125 0.53125 
0.53125 0.53125 0.53125 0.53125 0.53125 0.53125 0.53125 0.53125 0.53125 0.53125 
0.53125 0.53125 0.53125 0.53125 0.53125 0.53125 0.53125 0.53125 0.53125 0.53125 
0.53125 0.53125 0.53125 0.53125 0.53125 0.53125 0.53125 0.53125 0.53125 0.53125 
0.53125 0.53125 0.53125 0.53125 0.53125 0.53125 0.53125 0.53125 0.53125 0.53125 
0.53125 0.53125 0.53125 0.53125 0.53125 0.53125 0.53125 0.53125 0.53125 0.53125 
0.53125 0.53125 0.53125 0.53125 0.53125 0.53125 0.53125 0.53125 0.53125 0.53125 
0.53125 0.53125 0.53125 0.53125 0.53125 0.53125 0.53125 0.53125 0.53125 0.53125 
0.53125 0.53125 0.53125 0.53125 0.53125 0.53125 0.53125 0.53125 0.53125 0.53125 
0.53125 0.53125 0.53125 0.53125 0.53125 0.53125 0.53125 0.53125 0.53125 0.53125 
0.53125 0.53125 0.53125 0.53125 0.53125 0.53125 0.53125 0.53125 0.53125 0.53125 
0.53125 0.53125 0.53125 0.53125 0.53125 0.53125 0.53125 0.53125 0.53125 0.53125 
0.53125 0.53125 0.53125 0.53125 0.53125 0.53125 0.53125 0.53125 0.53125 0.53125 
