51 50 50 50 50 50 50 50 50 50 50 50 50 50 50 12 5 4 1 1 1 1 1 1 1 1 1 1 1 1 1 1 1 1 1 1 1 1 0 0 0 0 0 0 0 0 0 0 0 0 
51 51 51 51 50 50 50 50 50 50 50 50 50 50 50 50 50 50 50 50 50 50 50 50 50 36 20 16 15 13 9 5 3 1 1 1 1 1 1 1 1 1 1 1 0 0 0 0 0 0 
50 50 50 50 50 50 50 50 50 50 50 50 50 50 50 50 50 50 50 50 50 50 50 50 50 50 50 50 50 50 50 50 50 50 25 13 9 9 6 6 6 0 0 0 0 0 0 0 0 0 
50 50 50 50 50 50 50 50 50 50 50 50 50 50 50 50 50 50 50 50 50 50 50 50 50 50 50 50 50 50 46 36 23 21 15 14 12 9 8 0 0 0 0 0 0 0 0 0 0 0 
52 52 52 52 52 52 52 52 52 50 50 50 50 50 50 50 50 50 50 50 50 50 50 50 50 50 50 50 50 50 50 50 50 50 50 41 41 29 6 6 6 2 2 2 2 2 2 2 2 0 
65 51 51 51 51 51 51 51 51 51 51 51 51 51 51 51 51 51 51 51 51 51 51 51 50 50 50 50 50 50 50 50 50 22 21 9 8 5 2 2 2 1 1 1 1 1 1 1 1 1 
75 75 50 50 50 50 50 50 50 50 50 50 50 50 50 50 50 50 50 50 50 50 50 50 50 50 50 50 50 50 50 50 50 48 48 46 23 1 0 0 0 0 0 0 0 0 0 0 0 0 
68 68 51 51 51 51 51 51 51 51 51 51 51 51 51 51 51 51 51 51 51 51 51 51 51 51 51 51 51 51 50 50 50 50 50 40 38 27 1 1 1 1 1 1 1 1 1 0 0 0 
71 71 71 52 51 51 51 51 51 51 51 51 51 51 51 51 51 51 51 51 51 51 51 51 51 51 51 51 51 51 51 51 51 51 50 46 44 39 23 22 22 9 3 3 3 3 3 2 2 1 
72 72 72 72 72 52 51 51 51 51 51 51 51 51 51 51 51 51 51 51 51 51 51 51 51 51 51 51 51 51 51 51 51 50 50 50 50 49 32 14 3 3 3 3 3 3 3 3 2 1 
67 67 67 66 66 59 52 52 52 52 52 52 51 51 51 51 51 51 51 51 51 51 51 51 51 51 51 51 51 51 51 51 50 50 50 50 50 50 50 50 39 38 16 3 3 3 3 3 1 1 
65 65 65 65 65 65 65 65 65 55 51 51 51 51 51 51 51 51 51 51 51 50 50 50 50 50 50 50 50 50 50 50 37 37 27 24 22 12 5 1 1 1 1 1 1 1 1 1 1 1 
63 63 63 63 63 63 63 63 63 63 63 58 53 53 51 51 51 51 51 51 51 51 51 51 51 51 50 50 40 39 38 33 32 26 18 16 12 12 9 8 5 4 1 1 1 1 1 1 0 0 
67 67 67 67 67 67 67 67 66 66 66 66 66 57 55 55 51 51 51 50 50 50 50 50 50 50 50 50 50 50 41 36 32 23 9 6 5 5 5 5 1 1 1 1 1 0 0 0 0 0 
63 63 63 63 63 63 63 63 63 63 63 63 63 63 63 62 62 62 53 52 52 52 52 52 50 50 50 50 50 50 50 50 50 50 50 40 29 26 23 9 4 2 2 0 0 0 0 0 0 0 
66 66 66 66 66 66 66 66 66 66 66 66 66 66 66 65 65 64 64 61 55 55 52 51 51 51 51 50 50 50 50 50 50 50 50 46 41 36 36 36 36 33 26 23 19 10 6 5 2 2 
76 70 68 68 68 68 68 68 68 68 68 68 68 68 68 68 68 68 68 68 68 68 68 68 68 64 54 54 50 50 50 50 50 50 50 50 50 39 35 34 32 25 5 4 4 4 4 0 0 0 
78 78 75 72 72 72 72 72 72 72 72 72 72 72 72 72 72 71 71 70 70 70 69 69 56 56 56 56 53 53 51 51 51 51 51 51 50 50 49 49 43 30 27 25 7 7 7 7 6 2 
78 78 72 71 67 66 66 66 66 66 66 66 66 66 66 66 66 66 66 66 66 66 64 64 63 62 54 54 54 54 53 53 53 52 52 52 50 50 50 48 45 32 28 23 6 6 6 1 0 0 
73 73 72 71 71 66 64 64 64 64 64 64 64 64 64 64 64 63 63 63 62 62 58 54 54 54 54 54 54 54 54 54 51 51 50 50 50 50 50 50 50 37 31 29 29 29 15 15 5 1 
69 68 68 67 67 67 67 66 66 66 66 66 66 66 66 66 66 66 66 66 65 55 55 54 54 54 54 54 54 54 51 51 51 51 51 50 50 50 33 33 24 21 21 16 16 4 4 1 1 1 
74 74 72 71 71 71 68 66 64 64 64 64 63 63 63 63 63 63 62 62 58 58 55 55 55 52 52 52 52 52 50 50 50 50 50 20 20 19 18 14 9 7 5 5 2 2 2 2 2 0 
89 86 86 85 85 85 81 81 79 79 79 79 77 75 72 72 72 63 63 62 61 56 55 54 52 50 50 50 50 50 50 50 50 45 43 43 39 39 36 35 24 18 18 7 7 6 5 4 0 0 
83 78 78 78 76 76 76 76 76 76 74 74 74 73 73 72 69 66 60 60 57 57 55 55 55 54 54 54 54 52 52 52 50 50 50 50 44 44 44 35 33 31 29 25 25 23 11 10 10 2 
81 81 81 76 76 76 76 76 76 76 76 76 76 75 75 75 75 74 70 70 65 56 55 55 55 51 51 51 51 50 50 50 50 50 50 50 49 37 34 33 33 26 26 16 15 13 9 6 1 1 
81 81 81 81 79 79 78 78 78 78 78 78 78 78 78 78 74 74 74 73 71 67 59 58 57 55 50 50 50 50 50 50 50 50 50 50 49 38 38 30 28 28 28 23 21 16 11 2 0 0 
83 83 83 83 83 83 78 78 78 78 78 78 78 78 78 78 78 75 75 70 67 67 57 56 51 51 51 51 51 51 51 50 50 50 50 50 46 45 36 34 31 31 22 20 19 19 14 10 1 0 
81 81 81 81 81 81 81 81 81 81 80 78 78 78 78 78 78 78 78 78 78 78 75 75 71 70 61 57 55 55 50 50 50 50 50 50 50 50 50 50 50 50 45 41 28 27 26 5 0 0 
76 76 76 76 76 76 76 76 76 76 76 76 76 76 76 76 76 76 76 75 75 75 74 73 73 73 73 72 71 64 62 58 57 51 51 51 51 51 51 50 50 29 25 25 24 24 2 2 1 1 
82 81 81 81 81 81 81 81 81 81 81 81 81 81 81 81 81 78 77 76 74 71 62 61 57 54 54 54 54 54 54 54 54 53 53 50 50 50 50 50 50 50 50 43 39 37 20 18 3 3 
85 85 85 85 85 85 85 85 85 85 85 85 85 85 85 85 78 71 71 70 70 70 70 70 60 59 59 59 59 59 59 58 52 52 52 52 52 52 51 51 51 51 51 51 50 37 37 32 24 14 
77 77 77 77 77 77 77 77 77 77 77 77 77 77 77 73 71 71 70 70 68 68 65 64 64 64 54 54 54 51 51 50 50 50 50 50 50 50 50 41 39 31 31 28 28 21 20 19 1 1 
74 74 74 74 74 74 74 74 74 74 74 74 74 74 74 74 74 72 72 69 69 68 68 68 66 63 61 60 58 56 56 54 52 52 52 52 52 50 50 50 50 50 50 50 50 50 41 39 29 2 
75 75 75 75 75 75 75 75 75 75 75 75 75 75 75 75 75 75 73 72 72 70 69 67 66 64 64 58 58 58 57 56 56 56 56 52 52 52 52 52 52 50 50 50 50 44 44 40 2 0 
78 78 78 78 78 78 78 78 78 78 78 77 74 72 72 72 72 62 54 54 54 50 50 50 50 50 50 50 50 50 50 50 50 50 50 38 38 38 35 33 32 29 27 19 18 15 6 4 0 0 
77 77 77 77 77 77 77 77 77 77 77 77 77 77 77 75 72 70 70 66 63 58 55 54 53 53 51 51 51 51 51 51 51 51 50 50 50 50 40 38 27 27 12 9 5 2 2 2 2 1 
81 81 81 81 81 81 81 81 81 81 81 81 81 71 71 70 60 55 53 53 53 53 53 53 52 50 50 50 50 50 50 50 50 50 49 49 45 37 34 29 20 17 4 4 3 1 0 0 0 0 
83 83 83 83 83 83 83 83 83 83 83 83 83 83 83 83 83 81 81 75 75 75 75 60 58 57 53 53 53 52 52 52 51 50 50 50 50 50 50 50 50 50 33 30 16 6 3 3 3 3 
79 79 79 79 79 79 79 79 79 79 79 79 79 79 79 79 78 78 77 74 73 72 62 59 59 59 58 56 56 54 54 54 53 50 50 50 50 50 50 50 50 46 11 10 9 2 2 0 0 0 
79 79 79 79 79 79 79 79 79 79 79 79 79 75 70 54 54 54 54 54 52 51 51 51 51 51 50 50 50 50 50 50 50 50 48 46 43 38 34 32 29 29 26 9 4 4 1 1 1 0 
79 79 79 79 79 79 79 79 79 79 79 79 77 75 74 61 56 53 53 51 51 51 50 50 50 50 50 50 50 50 50 50 50 50 50 50 49 47 44 37 36 34 32 30 24 12 10 9 1 0 
76 76 76 76 76 76 76 76 76 76 76 76 76 75 74 74 70 67 61 61 60 53 51 51 51 51 51 50 50 50 49 49 47 47 46 42 35 35 34 30 27 24 23 17 13 1 1 1 1 0 
85 85 85 85 85 85 85 85 85 85 85 85 85 85 82 81 81 81 72 58 58 58 58 57 52 52 52 51 51 51 51 51 51 51 51 50 50 50 49 44 41 39 39 38 37 27 11 11 9 3 
82 82 82 82 82 82 82 82 82 82 82 82 82 80 76 76 76 73 71 58 57 55 53 53 53 53 50 50 50 50 50 50 48 47 45 44 44 37 35 35 34 31 28 11 11 8 7 3 3 0 
77 76 76 76 76 76 76 76 76 76 76 76 76 76 76 76 76 76 74 74 70 70 68 67 61 60 60 54 54 51 51 51 51 50 50 50 50 50 50 50 50 50 49 24 24 17 11 2 1 1 
82 82 81 81 81 81 81 81 81 81 81 81 81 81 79 79 79 77 76 70 68 66 59 58 58 50 50 50 50 50 50 50 50 50 50 47 45 39 39 34 34 32 32 18 17 7 0 0 0 0 
81 81 81 81 81 81 81 81 81 81 81 81 81 81 81 81 81 81 76 74 74 74 62 57 57 55 55 55 52 51 51 51 51 50 50 50 50 50 46 44 42 41 37 31 25 1 1 1 1 1 
78 78 78 78 78 78 78 78 78 78 78 78 78 78 78 78 78 78 78 78 73 73 73 73 73 67 63 58 57 57 51 51 50 50 50 48 44 38 36 35 34 34 29 28 18 7 3 1 1 0 
85 85 85 85 85 83 83 83 83 83 83 83 83 83 83 83 83 79 79 76 66 61 59 59 52 52 52 52 52 52 52 50 50 50 50 50 50 50 50 49 48 39 39 39 33 32 12 2 2 0 
79 79 79 79 79 79 79 79 79 79 79 79 79 79 79 75 75 68 56 56 56 52 52 52 52 52 52 52 52 52 52 50 50 50 50 46 37 36 36 36 32 29 22 21 2 2 2 2 0 0 
