% Invoked: ./gella -d -r 2 -l biased_r2/run31 >& biased_r2/run31.log
% Ministry of Cellular Automata
% Project Deux (CS523 Spring 2015)
% Version:v0.1-70-g0624-dirty
%  pop:50
%  ic count:100
%  CA Log option:biased_r2/run31
%  width:121
%  max workers:4
%  radius:2
%  iterations:300
%  use bias:true
%  generations:50

 generation 0.0.2.2.50.2.2.2.0.2.50.2.2.50.2.2.50.2.2.2.2.2.0.2.2.18.2.2.50.2.50.0.2.2.50.7.4.2.2.2.0.50.50.2.2.0.50.2.7.50.2.xover.mutate.done 50
 generation 1.50.50.50.51.50.50.50.50.50.50.2.1.50.50.5.2.36.1.1.1.50.1.1.50.1.1.1.1.50.50.50.2.1.8.1.5.51.51.1.50.1.2.2.1.1.25.2.51.1.2.xover.mutate.done 50
 generation 2.51.51.52.51.50.50.50.50.50.50.3.2.51.2.16.3.50.50.14.2.1.52.14.50.50.31.3.2.51.50.1.2.50.51.50.1.50.1.51.50.50.50.50.3.50.51.50.50.61.50.xover.mutate.done 50
 generation 3.58.51.51.50.50.50.50.50.50.50.50.50.50.50.50.50.50.27.50.15.1.51.50.50.23.50.50.1.18.50.50.50.0.50.50.50.50.50.0.51.50.11.21.1.50.50.50.50.0.50.xover.mutate.done 50
 generation 4.58.51.51.51.51.50.50.50.50.50.0.50.50.50.15.50.1.50.1.14.50.50.50.50.1.50.1.1.50.50.50.1.50.50.45.1.50.50.51.1.1.50.51.1.50.50.51.50.50.50.xover.mutate.done 50
 generation 5.54.51.51.51.51.51.51.51.50.50.12.50.1.50.5.50.50.50.1.50.51.0.50.50.1.1.50.1.51.1.50.23.1.1.50.50.37.1.6.50.50.51.50.50.1.51.51.12.7.51.xover.mutate.done 50
 generation 6.55.51.51.51.51.51.51.51.51.51.39.51.51.1.2.13.12.15.51.2.51.50.51.2.2.51.1.51.51.9.51.51.1.51.2.2.2.1.51.2.1.51.15.1.51.51.2.8.51.1.xover.mutate.done 50
 generation 7.61.50.50.50.50.50.50.50.50.50.50.50.1.13.50.0.50.1.50.0.34.0.50.50.50.6.50.50.1.50.12.1.51.1.50.50.50.50.1.0.1.50.50.50.50.1.0.38.50.5.xover.mutate.done 50
 generation 8.51.50.50.50.50.50.50.50.50.50.50.50.0.50.50.50.50.9.50.0.4.50.0.50.50.50.50.50.0.36.50.50.50.50.50.50.50.50.50.0.0.50.0.0.50.0.0.50.0.0.xover.mutate.done 50
 generation 9.60.51.52.52.52.52.52.52.52.52.1.52.43.2.2.52.3.51.52.50.52.50.2.2.52.50.52.52.52.10.3.3.52.20.52.52.3.43.1.43.52.52.52.52.3.3.3.2.3.3.xover.mutate.done 50
 generation 10.57.50.50.50.50.50.50.50.50.50.50.4.1.51.11.1.0.0.1.50.40.50.50.3.50.50.7.0.1.1.0.50.0.54.0.0.50.0.0.50.0.16.1.5.50.50.1.1.0.0.xover.mutate.done 50
 generation 11.52.56.53.50.50.50.50.50.50.50.0.50.3.3.50.3.50.6.50.0.0.50.50.50.3.3.8.19.0.34.50.18.50.50.0.0.0.48.11.50.0.50.50.3.50.50.50.3.0.50.xover.mutate.done 50
 generation 12.54.51.62.52.52.52.52.52.52.52.10.52.3.11.2.2.3.3.3.2.52.2.52.52.52.3.20.1.2.52.49.11.50.52.52.52.52.52.1.52.2.2.2.52.1.3.52.52.52.50.xover.mutate.done 50
 generation 13.50.56.51.51.51.51.51.51.51.51.1.1.51.4.51.1.51.22.51.51.51.51.4.4.56.51.4.1.51.51.51.1.51.8.51.51.1.1.37.50.51.51.1.51.4.51.51.50.3.50.xover.mutate.done 50
 generation 14.61.61.51.51.51.51.51.51.51.51.51.1.1.51.50.1.1.51.50.51.51.51.1.1.51.51.51.50.50.1.1.39.51.1.51.4.51.1.51.51.36.1.51.1.51.51.51.0.15.1.xover.mutate.done 50
 generation 15.52.52.50.50.50.50.50.50.50.50.0.50.0.50.50.50.50.50.50.50.30.2.50.50.50.0.2.2.50.2.50.50.0.50.50.50.50.50.50.0.50.50.50.50.50.50.50.50.50.50.xover.mutate.done 50
 generation 16.61.61.50.50.50.50.50.50.50.50.35.50.50.50.50.50.50.50.50.50.50.0.50.9.50.50.50.50.50.50.50.50.50.50.57.50.50.50.50.50.50.50.50.50.50.50.50.2.50.0.xover.mutate.done 50
 generation 17.56.56.55.50.50.50.50.50.50.50.50.2.50.50.50.38.56.50.2.50.50.50.0.50.50.50.50.50.50.50.50.50.39.50.50.50.50.50.50.50.50.2.50.50.50.2.55.41.50.50.xover.mutate.done 50
 generation 18.52.52.52.57.57.50.50.50.50.50.50.50.50.50.50.50.50.50.7.50.50.50.17.57.50.50.50.50.50.50.50.50.50.50.50.50.50.50.50.50.50.50.50.50.50.50.35.50.50.0.xover.mutate.done 50
 generation 19.59.59.59.56.56.56.52.52.52.52.2.52.52.59.52.52.2.2.52.52.52.9.50.52.52.52.7.11.52.52.52.52.52.50.52.52.52.50.52.59.50.52.52.53.52.52.52.2.52.52.xover.mutate.done 50
 generation 20.55.55.55.55.55.54.54.54.53.50.50.50.50.55.7.50.55.55.50.50.0.50.50.55.2.50.29.53.0.54.50.0.50.32.50.50.0.2.55.50.50.2.50.50.55.2.50.55.57.0.xover.mutate.done 50
 generation 21.67.52.52.52.52.52.52.52.52.52.1.63.50.15.50.1.52.52.50.50.4.50.50.52.50.50.50.50.48.50.50.50.50.50.50.50.1.1.41.1.52.66.50.63.50.50.52.50.0.8.xover.mutate.done 50
 generation 22.54.55.49.51.57.57.57.57.57.57.52.50.52.52.57.2.40.7.52.52.52.52.52.52.2.18.57.10.52.52.7.57.52.50.2.52.52.2.50.52.50.7.2.17.44.2.57.0.52.50.xover.mutate.done 50
 generation 23.57.57.57.57.57.57.57.57.57.57.51.50.51.51.2.51.12.57.2.57.51.11.51.41.2.51.57.50.2.15.51.28.51.51.50.47.47.51.35.9.2.28.50.7.57.2.61.57.33.51.xover.mutate.done 50
 generation 24.59.59.59.59.59.59.59.59.59.59.58.51.11.59.43.9.59.51.51.16.51.1.65.1.51.9.48.51.51.59.59.65.51.1.51.38.59.59.13.9.9.59.59.51.51.77.59.51.51.17.xover.mutate.done 50
 generation 25.74.58.58.56.54.54.54.54.54.54.50.50.54.8.2.50.9.31.57.54.2.6.54.43.50.43.50.56.54.58.54.20.54.33.50.54.50.74.50.50.33.54.2.54.58.50.12.17.54.50.xover.mutate.done 50
 generation 26.77.75.54.54.54.54.57.55.54.54.73.54.0.16.54.0.54.25.50.39.36.77.5.27.50.50.54.38.27.54.54.54.50.27.4.54.41.27.75.54.4.54.81.7.0.39.54.54.54.50.xover.mutate.done 50
 generation 27.81.79.79.79.74.76.62.62.66.66.45.57.79.57.78.50.50.78.8.21.26.62.34.57.78.78.66.46.66.27.62.10.47.50.46.57.9.58.79.6.79.50.1.57.50.63.57.11.50.8.xover.mutate.done 50
 generation 28.81.77.77.75.75.77.78.75.75.75.53.53.45.17.75.53.57.26.53.50.53.57.53.73.52.16.50.75.69.58.48.53.67.61.53.77.75.69.53.53.57.69.75.67.57.75.53.78.74.50.xover.mutate.done 50
 generation 29.80.81.81.79.79.79.79.77.77.78.33.53.61.48.31.12.53.53.69.81.83.61.50.53.53.48.51.61.61.53.79.53.79.45.72.80.72.50.3.50.50.71.53.73.79.53.53.50.31.71.xover.mutate.done 50
 generation 30.79.78.78.78.80.78.80.80.80.80.26.79.72.50.78.50.62.51.51.73.55.51.55.1.80.34.14.50.59.27.50.78.26.51.45.26.55.4.58.58.51.62.71.50.50.62.0.77.76.50.xover.mutate.done 50
 generation 31.81.80.80.80.80.80.81.80.78.78.51.52.42.71.52.57.57.18.48.1.52.77.50.82.80.81.50.80.50.51.64.3.50.77.80.50.48.78.51.71.50.50.50.80.52.50.31.78.52.63.xover.mutate.done 50
 generation 32.82.84.82.82.83.83.83.83.83.83.81.51.78.62.50.36.83.50.83.1.50.1.1.83.11.50.82.61.83.78.51.50.50.50.50.58.60.62.78.83.1.50.50.51.11.1.83.50.78.83.xover.mutate.done 50
 generation 33.82.82.82.82.82.82.82.82.82.82.82.50.82.35.50.50.50.50.81.81.58.50.82.81.61.50.28.0.18.50.71.50.65.50.14.50.50.0.58.50.81.50.50.81.70.78.82.50.50.50.xover.mutate.done 50
 generation 34.78.78.78.78.78.78.78.78.78.78.73.18.1.76.78.60.50.0.78.50.58.77.50.50.70.73.77.50.78.77.50.52.50.0.50.67.77.50.78.50.50.50.50.78.50.50.50.50.1.77.xover.mutate.done 50
 generation 35.80.77.77.77.77.77.77.77.77.77.61.43.75.52.50.79.50.50.24.50.29.0.77.50.73.73.61.50.0.77.20.62.50.50.73.75.50.0.50.0.0.71.73.73.75.77.50.75.77.77.xover.mutate.done 50
 generation 36.76.75.75.75.75.75.75.75.75.75.65.50.2.50.50.75.50.27.54.75.75.72.59.52.64.24.75.50.74.72.52.52.25.2.7.72.75.31.75.57.50.50.50.50.67.48.75.17.50.50.xover.mutate.done 50
 generation 37.82.80.80.80.80.80.80.80.80.80.50.80.50.77.77.4.50.80.50.50.50.50.50.50.77.80.12.50.50.34.50.50.57.4.50.61.66.57.39.34.4.72.43.50.50.50.4.50.50.32.xover.mutate.done 50
 generation 38.82.80.81.81.81.81.81.81.81.81.50.50.50.48.81.0.1.50.50.50.67.50.50.50.70.0.50.67.32.1.77.51.42.50.0.81.81.50.0.50.50.1.81.50.50.81.50.50.77.50.xover.mutate.done 50
 generation 39.85.83.83.83.83.83.83.83.83.83.80.83.8.71.50.81.51.62.51.81.2.51.51.50.51.50.83.50.50.62.2.50.51.73.50.50.83.50.83.83.51.80.51.61.51.50.50.83.73.8.xover.mutate.done 50
 generation 40.72.73.73.73.73.73.73.73.73.73.73.58.50.54.73.73.57.73.52.50.53.73.21.3.73.50.58.73.73.14.73.48.52.73.56.52.73.73.50.52.52.57.2.56.70.67.50.52.2.73.xover.mutate.done 50
 generation 41.78.78.78.78.78.78.78.78.78.78.78.78.78.54.1.78.78.51.50.74.50.73.78.51.79.41.78.78.22.51.1.78.1.51.50.78.30.72.54.54.51.1.74.47.78.78.65.50.50.50.xover.mutate.done 50
 generation 42.77.76.76.76.76.76.75.76.76.76.29.24.76.52.75.75.73.0.75.31.52.50.76.50.52.39.52.50.52.76.76.52.76.50.76.52.50.52.50.52.76.54.58.32.50.28.37.2.76.43.xover.mutate.done 50
 generation 43.82.81.81.81.81.81.81.81.81.81.80.51.81.50.79.61.36.56.27.51.81.32.50.50.80.51.2.1.1.81.79.50.17.51.79.81.79.0.34.51.50.14.81.81.45.81.65.34.2.51.xover.mutate.done 50
 generation 44.83.82.82.82.82.82.82.82.82.82.59.83.82.81.35.82.82.82.35.50.34.82.52.82.11.81.50.14.50.52.33.65.52.21.61.53.50.69.65.36.50.63.64.38.34.82.75.82.50.79.xover.mutate.done 50
 generation 45.82.82.79.79.79.80.80.80.79.80.2.82.80.77.54.82.82.52.79.80.51.80.80.77.79.52.50.50.80.7.50.80.76.50.26.79.79.51.80.80.50.80.80.51.80.52.82.50.80.77.xover.mutate.done 50
 generation 46.82.82.82.77.83.82.82.82.82.82.60.50.48.46.82.82.50.82.81.50.32.11.82.82.50.59.50.80.39.0.83.81.0.65.50.50.36.68.50.50.81.50.82.50.82.61.64.82.50.50.xover.mutate.done 50
 generation 47.80.80.81.81.82.82.79.79.79.79.51.53.50.80.51.32.42.51.51.78.46.61.79.49.80.79.60.59.32.11.8.2.50.52.80.76.79.43.71.54.79.80.54.82.80.48.51.8.20.1.xover.mutate.done 50
 generation 48.79.79.79.79.79.80.80.80.79.80.79.79.51.48.79.79.50.79.57.62.55.79.50.45.12.79.77.52.50.36.50.0.46.50.1.55.50.50.67.8.24.58.55.53.79.59.2.79.18.79.xover.mutate.done 50
 generation 49.86.86.86.86.86.86.86.85.85.84.59.50.86.86.84.46.3.86.49.50.85.35.54.86.50.85.67.50.53.53.50.82.38.78.65.54.39.49.50.84.84.50.50.50.70.84.86.75.50.7.xover.mutate.done 50
 22415751 iters     855187 iter/sec (26.21 s)
 total time: 26.21
