50 50 50 50 50 50 50 50 50 50 14 12 8 7 2 2 2 2 2 2 2 2 2 2 2 2 2 2 1 1 1 1 1 1 1 1 1 1 1 1 1 1 1 1 1 1 1 1 1 1 
50 50 50 50 50 50 50 50 50 50 50 50 50 50 50 50 50 50 50 50 50 6 0 0 0 0 0 0 0 0 0 0 0 0 0 0 0 0 0 0 0 0 0 0 0 0 0 0 0 0 
52 52 52 52 52 52 51 50 50 50 50 50 50 50 50 50 50 50 50 50 50 50 50 50 50 40 23 20 9 9 9 4 3 3 3 3 3 3 3 3 3 2 2 2 2 2 2 1 1 1 
51 51 51 50 50 50 50 50 50 50 50 50 50 50 50 50 50 50 50 50 50 48 48 37 28 26 8 8 7 1 1 1 1 1 1 1 1 1 1 1 1 1 1 1 1 0 0 0 0 0 
51 51 51 51 51 51 50 50 50 50 50 50 50 50 50 50 50 50 50 50 50 50 50 50 50 39 24 13 10 7 7 1 1 1 1 1 1 1 1 1 1 1 1 1 1 1 0 0 0 0 
50 50 50 50 50 50 50 50 50 50 50 50 50 50 50 50 50 50 50 50 50 50 50 50 50 50 50 50 50 40 34 11 6 6 5 1 0 0 0 0 0 0 0 0 0 0 0 0 0 0 
51 51 51 51 51 51 51 51 51 51 51 51 50 50 50 50 50 50 50 50 50 50 50 50 50 50 50 50 50 50 50 50 19 10 7 1 1 1 1 1 1 1 1 1 1 1 1 1 1 0 
51 51 51 51 51 51 51 51 51 51 51 51 51 51 51 51 51 51 51 51 51 51 51 51 51 50 50 50 50 26 12 11 10 10 10 2 2 2 2 2 2 2 2 2 2 2 2 2 1 1 
70 51 51 51 50 50 50 50 50 50 50 50 50 50 50 50 50 50 50 50 50 50 50 50 40 13 10 9 8 8 8 7 6 6 6 1 1 1 1 1 1 1 1 1 1 1 1 1 0 0 
62 62 52 52 52 52 52 52 52 52 52 52 52 52 52 52 52 52 52 52 52 51 51 51 51 51 50 50 34 30 13 12 9 9 5 5 5 3 3 3 3 3 3 3 3 3 3 3 2 2 
64 64 59 51 51 51 51 51 51 51 50 50 50 50 50 50 50 50 50 50 50 50 50 50 50 50 50 50 50 50 50 50 47 23 16 11 11 10 8 7 1 1 1 1 1 1 1 0 0 0 
60 60 57 57 57 50 50 50 50 50 50 50 50 50 50 50 50 50 50 50 50 50 50 50 50 50 50 50 50 50 50 50 34 34 33 29 10 9 8 7 7 3 0 0 0 0 0 0 0 0 
65 65 65 60 57 57 57 57 51 51 51 51 51 51 51 51 51 50 50 50 50 50 50 50 50 50 50 50 50 43 39 37 34 32 8 7 7 5 5 1 1 1 1 1 1 1 1 1 1 0 
64 64 64 64 64 62 58 58 58 58 58 58 58 58 58 56 51 51 51 51 51 51 51 50 50 50 50 50 50 50 50 50 50 50 50 36 30 24 19 17 12 12 8 8 8 1 1 1 1 1 
63 63 63 63 63 63 63 63 61 61 61 61 61 61 61 61 61 61 60 58 58 52 52 52 51 51 51 51 50 44 40 32 32 30 29 23 22 21 17 15 13 12 12 12 10 9 3 3 2 1 
69 64 64 64 64 64 64 64 64 64 64 53 53 53 53 53 53 53 53 53 53 53 53 51 51 51 50 50 50 50 50 50 50 50 49 41 36 23 23 23 22 19 17 17 12 4 4 4 4 1 
73 68 60 60 59 59 58 57 57 55 55 55 55 55 55 55 55 55 55 55 55 55 55 54 54 52 52 51 51 51 51 51 51 50 50 46 45 36 36 34 29 26 26 20 18 18 11 11 10 7 
83 83 83 82 81 79 76 75 73 73 69 68 68 66 66 66 63 63 62 60 58 58 58 58 54 50 50 50 50 50 50 48 48 43 43 35 31 25 23 21 17 16 16 16 15 15 4 0 0 0 
85 85 85 85 85 85 84 83 81 78 76 75 75 73 73 71 71 71 71 68 67 66 66 66 64 56 55 54 52 52 52 52 52 52 52 52 52 52 52 50 46 41 36 36 26 26 17 13 2 2 
86 85 85 85 85 85 85 85 85 83 83 82 78 76 73 73 73 73 71 65 62 59 58 57 51 50 50 50 50 50 50 50 50 50 50 44 43 39 36 36 35 31 30 30 20 10 7 0 0 0 
90 90 87 74 74 74 74 74 74 74 74 74 74 74 74 74 70 70 69 68 66 66 61 61 61 58 58 56 53 53 53 52 52 52 52 44 43 38 38 32 31 29 24 22 19 18 15 5 5 5 
80 80 80 80 80 80 80 79 79 79 79 79 79 79 79 79 79 79 79 79 77 76 69 67 67 63 62 60 60 59 57 57 52 50 50 50 50 50 50 50 50 50 41 34 26 22 7 7 0 0 
89 87 87 87 87 87 87 86 80 80 80 79 79 79 79 79 79 79 79 78 63 57 57 57 57 54 52 52 52 52 52 52 52 52 51 50 50 42 33 32 31 31 31 22 11 10 10 7 7 2 
87 87 84 82 82 82 82 82 82 82 82 82 82 82 80 80 80 80 71 71 58 57 51 51 51 51 51 51 51 51 51 50 33 32 32 31 30 30 30 29 21 1 1 1 1 1 1 1 1 1 
90 88 86 86 86 84 84 84 84 84 84 84 84 83 79 79 79 77 68 58 57 55 51 50 50 50 50 50 50 50 50 50 50 50 50 50 46 38 36 34 31 31 27 11 1 1 1 0 0 0 
90 90 90 90 90 87 87 87 87 87 87 87 86 86 85 85 85 80 80 76 72 72 72 72 71 60 59 54 52 52 52 52 52 52 52 52 51 47 42 39 18 3 3 3 3 3 2 2 2 2 
86 86 86 86 86 86 86 86 86 86 85 85 85 85 85 81 79 78 78 78 77 77 77 75 69 58 56 56 51 51 51 50 50 50 50 50 50 49 48 46 43 29 28 24 24 10 7 1 1 1 
84 84 84 84 84 84 84 84 84 84 84 84 84 84 84 84 82 82 79 79 75 70 70 67 53 53 50 50 50 50 50 50 50 50 50 50 50 50 50 49 47 45 45 43 38 37 37 23 23 0 
89 89 89 89 89 89 89 89 89 89 89 89 89 89 89 86 84 80 71 69 64 58 54 53 51 51 50 50 50 50 50 50 50 50 49 48 45 33 33 33 33 30 5 1 1 0 0 0 0 0 
86 86 86 86 86 86 86 86 86 86 86 86 86 84 79 61 58 53 53 52 51 51 51 51 51 51 51 51 50 50 50 50 50 50 50 50 47 41 40 32 16 8 7 1 1 1 1 1 1 0 
89 89 89 89 89 89 89 89 89 89 89 89 89 89 89 89 89 89 81 74 70 61 61 61 60 57 52 52 52 52 52 52 50 50 50 50 50 34 31 22 12 11 11 8 2 2 2 2 2 0 
84 84 84 84 83 83 83 83 83 83 83 83 83 83 83 83 83 83 78 75 74 73 72 72 55 55 55 52 52 51 51 51 50 50 50 50 50 50 48 37 37 31 27 18 10 4 3 3 2 1 
85 85 85 85 85 84 83 83 83 83 83 83 83 83 83 83 82 81 75 73 73 66 63 58 55 54 51 50 50 50 50 50 50 50 50 50 46 42 40 36 36 34 25 25 25 7 5 0 0 0 
89 89 89 89 89 89 89 89 88 88 88 88 88 88 88 83 83 61 61 61 59 59 58 56 56 56 56 52 52 52 52 52 52 51 51 51 51 42 29 15 13 10 10 8 8 8 3 3 3 2 
80 80 80 80 80 80 80 80 80 80 80 80 80 80 80 78 78 78 78 72 72 72 53 50 50 50 50 50 50 50 50 50 50 49 44 43 43 37 29 27 22 12 7 5 5 3 2 0 0 0 
82 82 82 82 82 82 82 82 82 82 82 82 82 82 82 82 82 82 82 82 80 80 80 77 76 76 76 54 54 54 54 51 51 51 51 51 51 51 51 51 50 40 40 40 40 26 6 6 6 1 
87 87 87 87 87 87 87 87 87 87 87 87 87 87 85 85 85 84 70 70 70 66 65 65 65 65 56 55 55 51 51 51 51 51 51 50 50 50 50 50 47 47 41 27 23 19 7 6 1 1 
85 85 85 85 85 85 85 85 85 85 85 85 85 85 85 85 85 80 74 74 69 69 61 61 60 60 56 50 50 50 50 50 50 50 50 50 50 50 49 46 29 29 24 15 12 4 3 3 0 0 
85 85 85 85 85 85 85 85 85 85 85 85 85 85 85 85 85 85 85 85 73 65 61 60 60 59 58 58 56 51 51 51 51 51 51 51 51 51 51 51 51 51 50 50 41 36 26 10 8 8 
80 80 80 80 80 80 80 80 80 80 80 80 80 80 80 80 80 80 78 78 74 56 56 54 54 54 52 52 52 52 51 51 51 50 45 43 26 16 16 15 9 8 6 6 5 5 5 2 2 2 
84 84 84 84 84 84 84 84 84 84 84 84 84 84 84 84 84 78 68 68 66 65 58 56 54 53 53 53 53 53 53 50 50 49 49 49 48 48 48 44 42 28 27 27 13 9 9 9 8 8 
88 87 87 87 87 87 87 87 87 87 87 87 87 87 87 87 87 87 87 87 87 87 87 70 60 58 55 51 51 51 50 50 50 50 50 45 42 42 42 34 19 14 11 3 1 1 1 1 1 1 
90 89 89 89 89 89 89 89 89 89 89 89 89 89 89 89 89 89 89 89 88 88 87 80 77 64 59 59 53 53 52 52 52 51 51 51 51 51 51 42 38 35 34 27 26 13 3 3 3 3 
87 87 87 87 87 86 86 86 86 86 86 86 86 86 86 86 86 86 86 85 85 85 85 85 80 59 56 52 51 51 50 50 50 50 49 49 41 38 35 29 27 26 20 17 16 14 1 1 1 0 
89 89 89 89 89 89 88 88 88 88 88 88 88 88 88 88 88 88 88 88 88 88 87 80 66 66 61 54 53 51 51 51 51 51 51 50 50 50 50 32 27 26 23 20 19 16 12 6 1 1 
86 86 86 86 86 86 86 86 86 86 86 86 86 85 85 85 84 84 59 59 57 57 51 50 50 50 50 50 50 47 47 45 45 45 44 44 41 40 20 20 20 20 20 19 11 7 0 0 0 0 
80 80 80 80 80 80 80 80 80 80 80 80 80 80 76 60 59 58 58 58 58 51 51 51 51 51 51 51 51 50 49 48 48 47 43 41 40 37 37 34 34 20 18 12 9 9 1 1 1 0 
85 85 85 85 83 83 83 83 83 83 83 83 83 80 78 58 55 55 55 50 50 50 50 50 50 50 50 50 50 50 50 50 50 48 48 46 46 40 35 35 28 27 13 13 6 6 5 0 0 0 
82 82 82 82 80 80 80 80 80 80 80 80 80 80 80 78 77 77 77 75 53 53 52 51 51 51 51 51 51 51 51 51 51 51 51 51 49 49 37 36 35 31 26 24 23 23 16 16 6 1 
83 83 83 83 83 81 81 81 81 81 81 81 81 81 81 75 75 69 59 58 58 58 58 53 52 52 51 51 51 51 51 51 51 50 50 50 48 34 31 31 28 27 26 16 16 16 8 2 2 2 
