% Invoked: ./gella -d -r 2 -l biased_r2/run35 >& biased_r2/run35.log
% Ministry of Cellular Automata
% Project Deux (CS523 Spring 2015)
% Version:v0.1-70-g0624-dirty
%  pop:50
%  ic count:100
%  CA Log option:biased_r2/run35
%  width:121
%  max workers:4
%  radius:2
%  iterations:300
%  use bias:true
%  generations:50

 generation 0.1.1.50.2.1.15.51.1.1.2.1.2.2.1.2.1.1.2.1.2.50.1.54.1.51.50.2.51.1.2.50.2.50.1.1.2.1.50.1.1.50.1.2.50.2.1.2.50.1.1.xover.mutate.done 50
 generation 1.51.50.52.52.50.50.50.50.50.50.2.0.2.2.2.50.2.50.17.41.2.50.2.50.13.50.0.24.2.4.6.0.2.50.2.50.44.50.50.2.2.2.2.2.2.50.0.27.50.10.xover.mutate.done 50
 generation 2.50.50.57.52.50.50.50.50.50.50.0.50.50.32.2.2.2.11.2.2.29.0.2.58.50.50.0.0.50.0.50.50.50.2.2.2.50.0.2.50.2.26.50.50.50.50.0.50.50.50.xover.mutate.done 50
 generation 3.62.50.51.50.50.50.50.50.50.50.0.50.27.50.1.50.1.56.1.50.50.1.50.1.50.1.40.50.0.64.1.50.50.1.30.50.50.50.19.50.13.1.1.68.1.35.50.50.39.50.xover.mutate.done 50
 generation 4.63.63.61.57.51.57.52.52.50.50.2.51.52.3.3.2.51.24.3.50.52.52.52.50.41.2.3.1.52.2.52.24.3.3.51.51.50.1.3.50.14.50.2.50.2.34.2.50.2.10.xover.mutate.done 50
 generation 5.61.69.60.52.51.53.53.53.53.53.3.50.53.3.50.3.0.15.53.53.3.3.3.3.15.50.24.53.50.43.53.50.3.50.50.3.72.53.3.0.3.50.50.3.53.53.50.3.53.53.xover.mutate.done 50
 generation 6.69.72.67.61.52.52.52.52.52.52.2.2.0.50.50.16.2.35.52.3.27.2.50.56.16.0.28.36.10.52.2.50.50.50.52.52.50.52.36.52.43.52.55.50.52.2.2.52.52.28.xover.mutate.done 50
 generation 7.69.72.61.55.54.55.52.52.52.52.1.22.22.52.36.52.52.33.3.50.3.34.1.34.52.52.2.2.21.3.52.52.2.52.34.3.52.51.52.35.3.38.2.52.52.72.2.33.52.3.xover.mutate.done 50
 generation 8.78.78.67.61.59.58.58.51.51.51.51.51.51.51.25.51.33.35.51.2.2.2.51.2.2.2.46.2.51.51.50.33.51.2.33.2.51.51.2.51.51.1.33.38.33.2.78.2.51.51.xover.mutate.done 50
 generation 9.80.80.80.63.70.64.55.67.50.50.6.50.50.50.50.50.1.36.50.50.1.38.50.25.35.44.20.1.43.50.35.36.50.50.1.1.50.1.50.45.37.1.35.35.50.1.50.80.1.36.xover.mutate.done 50
 generation 10.76.76.76.76.59.57.48.63.58.50.50.1.50.76.33.50.8.50.32.33.76.50.50.1.76.80.31.1.50.33.16.50.30.76.51.21.1.50.50.50.50.33.33.27.31.50.20.51.1.1.xover.mutate.done 50
 generation 11.78.76.76.76.76.76.76.76.76.62.51.51.37.38.62.20.1.51.76.41.36.71.36.37.51.51.27.2.51.51.51.76.56.51.51.51.51.3.51.51.51.51.51.76.76.76.51.51.32.51.xover.mutate.done 50
 generation 12.79.72.72.72.72.72.72.72.72.72.72.51.72.64.2.36.72.1.51.20.41.51.80.51.30.51.51.2.32.51.1.72.80.51.72.51.19.51.75.1.72.51.51.51.60.51.68.75.33.81.xover.mutate.done 50
 generation 13.77.77.77.75.71.75.74.74.74.74.75.74.51.74.77.51.17.24.50.74.74.74.51.74.50.51.77.74.51.77.74.50.74.51.1.1.74.27.74.75.1.37.9.37.9.48.51.51.1.37.xover.mutate.done 50
 generation 14.75.74.74.74.74.74.74.74.74.74.41.50.53.72.41.2.71.74.31.52.52.60.60.52.60.71.52.52.74.52.71.44.56.52.50.52.52.50.49.52.45.41.52.74.52.52.71.52.71.5.xover.mutate.done 50
 generation 15.81.81.81.81.81.81.78.78.78.78.81.51.79.59.50.50.81.39.81.0.39.50.75.1.9.81.50.50.50.79.51.50.81.50.50.39.28.28.50.78.81.57.51.76.8.39.49.78.79.50.xover.mutate.done 50
 generation 16.74.74.74.74.74.74.74.74.74.74.51.52.33.59.73.8.74.31.74.51.51.50.51.50.51.73.22.51.58.1.1.74.74.9.27.74.59.50.50.68.51.62.58.74.1.0.74.32.27.73.xover.mutate.done 50
 generation 17.80.80.80.80.80.80.80.80.80.80.80.80.80.80.80.34.50.80.50.50.50.42.0.50.80.0.50.49.7.0.0.0.4.50.72.34.50.57.27.80.50.80.50.38.80.50.50.80.50.50.xover.mutate.done 50
 generation 18.77.77.77.77.77.77.77.77.77.77.77.2.77.52.77.49.13.77.77.27.50.50.52.2.22.50.50.50.56.40.77.52.52.77.77.2.77.52.52.69.52.52.52.50.50.0.52.77.77.77.xover.mutate.done 50
 generation 19.80.79.79.79.79.79.79.79.79.79.79.47.79.60.30.81.58.37.49.52.79.41.52.52.79.40.41.79.50.80.74.50.52.81.52.34.37.52.50.52.52.47.58.52.52.52.52.80.51.52.xover.mutate.done 50
 generation 20.84.84.84.84.84.84.84.84.84.84.50.84.50.79.25.84.74.84.62.84.62.35.51.50.55.50.50.84.50.30.84.50.50.50.78.84.51.6.25.84.50.50.34.50.84.84.78.84.79.55.xover.mutate.done 50
 generation 21.79.79.79.79.79.79.79.79.79.79.0.50.79.81.50.24.51.43.46.0.79.50.50.72.79.79.39.11.79.41.79.50.0.0.50.29.50.51.0.29.50.79.50.50.79.50.50.0.50.50.xover.mutate.done 50
 generation 22.79.79.79.79.77.77.76.76.76.76.14.52.52.2.52.51.52.3.52.52.45.3.52.1.30.3.52.77.52.52.50.77.27.73.50.50.52.52.35.52.2.52.56.47.73.77.79.42.52.77.xover.mutate.done 50
 generation 23.85.77.77.77.77.77.77.77.77.77.52.20.77.77.49.50.9.68.35.52.50.50.73.43.57.28.28.46.77.59.49.52.77.77.77.8.50.51.52.50.52.77.58.49.77.77.77.77.57.77.xover.mutate.done 50
 generation 24.80.80.80.80.80.80.80.80.80.80.80.80.80.30.1.76.80.80.80.80.25.80.50.68.79.50.59.1.75.76.59.1.50.79.50.68.75.75.13.25.1.50.50.80.80.24.80.50.18.80.xover.mutate.done 50
 generation 25.82.73.73.73.73.73.73.73.73.73.73.2.42.82.36.71.6.15.51.73.73.73.51.73.73.76.73.51.71.55.51.41.51.2.73.73.51.54.51.73.1.51.51.73.73.27.2.73.66.55.xover.mutate.done 50
 generation 26.81.81.85.81.81.81.81.81.81.81.81.51.44.50.72.81.32.50.81.51.81.48.32.51.51.2.58.81.81.59.51.20.38.79.51.81.81.81.81.81.51.51.51.10.50.53.81.81.81.50.xover.mutate.done 50
 generation 27.77.84.84.73.73.73.73.73.73.73.34.50.23.73.73.71.73.50.57.73.0.50.73.71.73.50.59.39.73.1.47.73.0.50.50.34.71.65.84.7.50.35.23.73.0.73.73.10.0.57.xover.mutate.done 50
 generation 28.79.79.79.81.78.78.77.78.77.77.77.9.0.78.42.52.50.52.50.50.44.36.8.59.79.34.78.75.50.76.52.22.52.77.78.32.36.27.22.77.76.59.77.52.50.77.42.46.77.52.xover.mutate.done 50
 generation 29.90.74.74.74.74.86.86.86.86.86.2.85.58.10.86.0.73.52.44.32.2.85.49.82.85.85.63.86.70.50.85.34.86.52.49.74.52.36.50.50.26.35.2.35.85.11.52.26.33.32.xover.mutate.done 50
 generation 30.83.82.82.82.82.82.82.82.82.81.42.51.1.56.1.40.33.15.82.43.51.1.65.82.81.82.45.82.81.81.51.51.19.43.40.51.82.42.19.25.56.82.33.14.63.51.8.2.82.2.xover.mutate.done 50
 generation 31.83.80.80.80.80.80.80.80.80.80.21.1.35.51.50.35.39.7.39.50.39.50.80.56.80.56.26.80.1.1.80.51.80.80.13.80.56.43.1.49.50.50.51.80.44.80.17.80.1.1.xover.mutate.done 50
 generation 32.84.82.82.82.82.82.82.82.82.82.27.24.82.82.50.82.82.82.34.40.42.42.1.51.51.43.38.43.51.82.43.57.82.51.36.40.82.29.82.81.8.82.82.35.82.27.42.34.38.22.xover.mutate.done 50
 generation 33.87.79.79.79.79.79.79.79.79.79.79.79.34.21.33.79.17.65.43.79.79.40.79.3.50.50.14.33.65.46.59.87.79.79.28.16.77.50.65.79.79.52.79.79.47.52.79.79.45.76.xover.mutate.done 50
 generation 34.83.83.79.79.79.79.79.79.79.79.79.51.51.62.69.42.74.72.28.72.31.79.52.79.80.63.79.23.20.40.44.79.41.44.83.51.44.79.79.79.20.30.31.42.62.79.79.79.51.66.xover.mutate.done 50
 generation 35.83.83.83.79.79.79.79.79.79.79.51.36.79.46.79.42.79.79.79.32.50.22.51.79.50.79.79.79.29.50.30.79.46.22.79.78.51.37.79.30.37.79.32.44.22.27.79.79.78.36.xover.mutate.done 50
 generation 36.83.83.83.78.82.82.82.82.82.82.82.82.82.36.52.76.78.2.82.82.37.35.33.82.82.83.2.28.52.82.82.82.52.82.82.40.82.38.30.82.47.68.43.82.52.33.78.61.43.75.xover.mutate.done 50
 generation 37.83.83.83.83.81.81.81.81.81.81.34.40.75.81.78.44.56.74.81.50.77.77.46.48.45.81.81.52.81.50.74.0.50.43.50.19.60.47.81.58.83.81.81.48.69.56.48.68.48.77.xover.mutate.done 50
 generation 38.87.87.87.87.87.84.84.84.84.84.36.34.84.41.41.52.84.58.47.41.44.6.37.58.36.68.52.80.42.84.80.41.80.87.39.42.60.84.39.84.84.44.80.80.24.36.84.79.50.50.xover.mutate.done 50
 generation 39.78.78.78.78.78.78.76.76.76.76.51.76.73.28.31.78.58.78.31.58.31.2.76.76.50.73.12.44.27.58.31.76.1.76.30.51.50.76.50.74.26.51.2.76.50.76.1.35.28.30.xover.mutate.done 50
 generation 40.85.85.85.85.85.85.85.85.82.82.52.85.13.82.47.82.73.52.50.3.78.52.38.52.82.26.85.85.78.52.1.78.82.47.82.82.79.78.48.82.51.85.82.52.82.81.66.85.52.46.xover.mutate.done 50
 generation 41.82.82.82.82.82.82.82.82.82.82.35.75.32.50.76.33.50.50.76.76.82.76.43.82.82.82.50.69.82.50.16.50.82.76.82.82.50.50.82.56.77.77.33.82.1.56.43.41.38.50.xover.mutate.done 50
 generation 42.80.80.80.80.80.80.80.80.80.80.62.28.51.16.37.80.80.54.80.59.75.0.51.80.51.14.37.80.59.54.80.80.51.51.75.8.37.51.80.39.51.80.75.38.63.30.80.80.54.51.xover.mutate.done 50
 generation 43.79.79.79.79.79.79.79.79.79.79.51.63.79.5.79.53.55.78.78.63.79.51.59.79.51.79.51.78.72.69.33.76.33.59.79.79.51.79.54.33.79.76.51.79.51.33.51.51.30.79.xover.mutate.done 50
 generation 44.86.86.86.86.86.86.86.86.86.86.86.50.50.64.37.77.86.86.37.29.85.16.64.44.61.50.54.50.50.37.75.50.86.50.55.12.46.50.71.6.50.86.71.86.50.37.50.61.50.76.xover.mutate.done 50
 generation 45.85.85.85.85.85.85.85.85.85.85.1.50.50.28.50.50.85.50.50.24.82.58.24.85.50.85.53.64.57.1.67.20.85.81.36.53.0.80.21.85.62.50.82.85.85.50.51.46.45.1.xover.mutate.done 50
 generation 46.80.80.80.80.80.80.80.80.80.80.80.66.80.61.15.0.80.50.7.37.37.46.50.77.50.80.60.80.35.80.13.7.50.60.50.40.80.50.46.50.50.50.58.80.38.62.77.50.50.50.xover.mutate.done 50
 generation 47.84.84.84.84.84.84.84.84.84.84.50.82.84.36.76.84.50.50.51.84.76.36.50.84.84.1.45.35.33.84.82.51.84.81.46.51.55.29.51.84.51.55.51.1.84.1.1.51.61.51.xover.mutate.done 50
 generation 48.80.80.80.80.80.80.80.80.80.80.78.69.51.80.80.52.42.80.51.80.3.80.81.80.80.80.80.81.50.50.75.51.51.3.34.51.80.42.61.76.80.3.51.80.51.3.3.28.78.2.xover.mutate.done 50
 generation 49.84.84.81.81.81.81.81.81.81.81.81.83.50.61.81.60.81.11.81.13.81.81.50.81.41.50.83.27.81.81.57.61.50.77.0.81.0.38.81.0.61.50.81.81.81.50.81.50.65.33.xover.mutate.done 50
 20376758 iters     887364 iter/sec (22.96 s)
 total time: 22.96
