50 50 50 50 50 50 50 50 50 50 50 50 50 50 50 50 50 50 50 33 13 10 1 1 1 1 1 1 1 1 1 1 1 1 1 1 1 1 1 1 1 0 0 0 0 0 0 0 0 0 
52 52 51 51 50 50 50 50 50 50 50 50 50 50 50 50 50 50 50 50 50 50 50 50 50 50 50 40 34 20 11 9 7 3 3 3 3 3 2 2 2 2 2 1 1 1 1 1 1 1 
51 51 51 51 51 51 51 50 50 50 50 50 50 50 50 50 50 50 50 50 50 50 50 50 50 50 50 50 50 50 11 9 9 2 1 1 1 1 1 1 1 1 1 1 0 0 0 0 0 0 
52 52 52 52 50 50 50 50 50 50 50 50 50 50 50 50 50 50 50 50 50 50 50 50 50 50 50 50 50 50 50 21 3 2 2 2 2 2 2 2 2 2 2 2 2 2 2 2 2 0 
51 51 51 51 51 51 51 51 51 51 51 51 51 51 51 51 51 51 51 51 51 50 50 50 50 50 50 50 50 50 50 33 10 2 2 2 2 2 2 2 2 1 1 1 1 1 1 1 1 1 
51 51 51 51 51 51 50 50 50 50 50 50 50 50 50 50 50 50 50 50 50 50 50 50 50 50 50 28 1 1 1 1 1 1 1 1 1 1 1 1 1 1 1 1 1 1 1 0 0 0 
51 51 51 51 51 51 51 51 51 51 51 51 51 51 51 51 51 51 51 51 51 51 51 51 51 50 50 50 50 50 14 14 2 2 2 2 2 2 2 2 2 2 2 2 2 1 1 1 1 1 
51 51 51 51 51 51 51 51 51 51 51 51 51 51 51 51 51 51 51 51 51 51 51 51 51 51 51 51 51 51 10 9 2 2 2 2 2 2 2 2 2 2 2 2 2 2 1 1 1 1 
50 50 50 50 50 50 50 50 50 50 50 50 50 50 50 50 50 50 50 50 50 50 50 50 50 50 50 50 50 50 33 7 3 0 0 0 0 0 0 0 0 0 0 0 0 0 0 0 0 0 
52 52 52 52 52 52 52 52 52 52 52 52 50 50 50 50 50 50 50 50 50 50 50 50 50 50 50 50 50 46 11 2 2 2 2 2 2 2 2 2 2 2 2 2 2 2 2 2 2 0 
51 51 51 51 51 51 51 51 51 51 51 51 51 51 51 51 51 51 51 51 51 51 51 51 51 51 51 50 50 50 50 50 50 50 50 50 50 50 50 50 50 1 1 1 1 1 1 1 1 0 
51 51 51 51 51 51 51 51 51 51 51 51 51 51 51 51 51 51 51 51 51 51 51 51 51 51 51 51 51 51 51 51 51 51 51 51 51 51 51 51 8 2 2 2 2 2 2 2 2 2 
69 51 51 51 51 51 51 51 51 51 51 51 51 51 51 51 51 51 51 51 51 51 51 51 51 51 51 51 51 51 50 50 50 50 50 37 26 26 17 5 1 1 1 1 1 1 1 1 0 0 
70 50 50 50 50 50 50 50 50 50 50 50 50 50 50 50 50 50 50 50 50 50 50 50 50 50 50 50 50 50 50 50 50 50 50 50 50 35 35 21 11 11 9 0 0 0 0 0 0 0 
75 50 50 50 50 50 50 50 50 50 50 50 50 50 50 50 50 50 50 50 50 50 50 50 50 50 50 50 50 50 50 50 50 50 50 50 50 50 50 50 50 50 32 0 0 0 0 0 0 0 
73 51 51 50 50 50 50 50 50 50 50 50 50 50 50 50 50 50 50 50 50 50 50 50 50 50 50 50 50 50 50 50 50 50 50 50 50 50 20 20 20 13 13 10 1 1 1 1 1 0 
73 50 50 50 50 50 50 50 50 50 50 50 50 50 50 50 50 50 50 50 50 50 50 50 50 50 50 50 50 50 50 50 50 50 50 41 34 11 0 0 0 0 0 0 0 0 0 0 0 0 
75 51 51 50 50 50 50 50 50 50 50 50 50 50 50 50 50 50 50 50 50 50 50 50 50 50 50 50 50 50 50 50 50 50 50 50 41 14 12 11 10 9 1 1 1 1 1 0 0 0 
74 51 51 51 51 50 50 50 50 50 50 50 50 50 50 50 50 50 50 50 50 50 50 50 50 50 50 50 50 50 50 50 50 50 50 12 1 1 1 1 1 1 1 1 1 1 1 0 0 0 
71 51 51 51 51 51 51 51 51 51 50 50 50 50 50 50 50 50 50 50 50 50 50 50 50 50 50 50 50 50 50 50 50 50 30 26 9 1 1 1 1 1 1 1 1 1 1 0 0 0 
71 53 53 53 53 53 53 53 53 53 53 53 53 53 53 50 50 50 50 50 50 50 50 50 50 50 50 50 50 50 50 27 16 15 15 15 9 8 3 3 3 3 3 3 3 3 3 3 3 0 
80 51 51 51 51 51 51 51 51 51 51 51 51 51 51 51 50 50 50 50 50 50 50 50 50 50 50 50 50 50 47 24 18 15 10 8 8 1 1 1 1 1 1 1 1 1 1 0 0 0 
67 56 51 51 51 51 51 51 51 51 51 51 51 51 51 51 51 51 51 51 51 51 51 51 51 51 51 50 34 18 13 12 11 11 2 2 2 2 2 2 2 2 2 2 2 2 2 2 1 1 
77 70 55 55 51 51 50 50 50 50 50 50 50 50 50 50 50 50 50 50 50 50 50 50 50 50 50 50 50 50 50 20 8 8 7 1 1 1 1 1 1 1 1 1 1 1 1 1 1 1 
81 70 61 58 58 58 58 53 53 53 50 50 50 50 50 50 50 50 50 50 50 50 50 50 50 50 50 50 50 50 50 50 50 50 50 39 36 36 29 29 8 7 7 7 4 3 3 3 3 3 
77 67 58 55 55 55 55 55 55 55 55 51 51 51 51 50 50 50 50 50 50 50 50 50 50 50 50 50 50 50 50 50 50 50 50 50 50 25 18 17 16 13 13 12 11 8 7 4 1 0 
82 82 77 74 60 58 57 57 57 57 57 57 57 57 57 57 51 51 51 51 51 51 51 51 51 51 51 51 51 51 51 51 50 50 50 49 49 30 18 17 12 6 6 6 5 3 1 1 1 0 
81 81 76 71 60 58 57 57 57 57 57 57 57 57 57 56 55 54 50 50 50 50 50 50 50 50 50 50 50 50 49 46 46 45 38 29 26 25 21 19 14 10 10 8 3 1 1 1 0 0 
84 84 76 70 58 56 56 56 56 56 55 55 55 55 55 54 52 52 50 50 50 50 50 50 50 50 50 50 50 50 50 50 50 50 50 48 47 46 44 41 38 37 36 28 23 19 17 7 2 0 
79 79 73 68 68 61 61 57 56 55 55 55 55 55 55 55 54 53 53 53 51 51 51 51 51 51 51 51 51 51 51 51 51 50 50 43 43 42 40 35 33 33 30 22 19 12 7 7 7 3 
83 83 83 69 66 63 60 60 59 57 57 57 57 57 56 54 54 51 51 50 50 50 50 50 50 50 50 50 50 50 50 50 50 50 50 50 50 50 45 40 37 37 37 30 30 30 30 7 1 1 
84 84 84 84 84 76 74 70 69 64 64 64 62 62 61 60 58 58 57 57 51 51 51 51 51 51 51 51 51 51 51 51 51 51 51 51 51 50 50 49 49 38 37 35 10 7 5 5 1 1 
77 77 77 77 77 74 73 70 70 70 64 64 62 59 59 56 52 51 51 51 51 51 51 51 51 51 51 51 51 51 51 50 50 50 50 43 41 39 34 34 20 18 17 14 11 9 3 1 1 1 
80 78 78 78 78 78 78 76 73 69 69 69 69 69 69 69 68 65 65 60 55 54 52 52 52 52 52 52 52 52 52 52 52 52 52 50 50 44 38 23 23 22 19 19 17 7 3 2 2 2 
79 78 78 78 78 78 78 78 78 73 73 72 72 71 69 68 65 63 61 61 61 60 58 51 51 51 51 51 51 50 50 40 40 40 39 38 38 37 35 34 34 33 33 21 20 19 19 10 8 1 
82 82 82 78 77 77 77 77 77 77 77 77 77 77 76 76 75 59 57 56 55 55 55 54 52 52 52 52 52 52 52 50 50 50 39 36 34 32 29 23 23 22 16 14 13 13 7 5 2 2 
81 81 81 80 79 79 79 79 79 79 79 79 79 79 71 70 58 56 56 55 51 51 51 51 51 51 51 51 50 41 40 32 32 31 29 26 22 20 15 13 10 9 9 7 6 4 2 2 1 1 
88 88 88 88 88 88 88 88 80 80 80 78 72 72 72 65 65 61 60 59 55 54 54 54 53 52 52 52 52 50 47 46 43 43 43 40 34 32 27 24 24 22 22 18 10 10 4 2 2 2 
84 84 81 81 81 81 81 81 81 81 81 81 81 72 72 66 60 59 59 59 59 59 59 58 51 51 51 51 50 50 49 43 41 41 39 39 39 37 36 36 32 26 23 23 10 8 7 2 2 2 
82 82 81 81 81 81 81 81 81 81 81 81 81 78 77 74 61 61 61 61 61 58 58 57 56 54 52 52 52 51 51 51 51 50 49 46 42 40 38 37 34 33 31 26 25 24 24 11 10 2 
80 80 80 80 80 80 80 80 80 80 80 80 80 80 74 74 74 74 72 71 71 71 68 68 59 50 50 50 50 50 44 43 43 41 32 32 30 30 30 30 24 19 18 9 8 8 8 8 6 1 
80 80 77 77 77 77 77 77 77 77 77 77 77 77 77 77 77 77 76 70 70 68 67 58 50 50 50 50 50 45 38 33 31 30 27 26 23 20 18 18 17 17 9 7 7 6 6 5 0 0 
85 85 85 85 85 85 85 85 85 85 85 85 85 85 78 78 78 76 61 57 57 51 51 51 51 51 50 50 48 48 46 42 41 40 40 40 39 37 36 26 23 8 6 2 2 2 2 2 2 1 
82 82 82 82 82 82 82 82 82 82 82 82 82 82 82 82 82 76 76 74 74 74 73 62 58 58 51 50 50 50 50 45 45 44 44 40 39 33 27 19 19 17 16 9 1 1 1 0 0 0 
82 82 82 82 82 82 82 82 82 82 82 82 82 82 82 82 82 82 82 82 82 71 71 71 59 57 57 52 52 52 52 52 52 52 52 52 50 45 44 42 39 35 34 31 31 31 21 2 2 0 
81 81 81 81 81 81 81 81 81 81 81 81 81 81 81 81 81 81 81 81 81 80 80 78 72 72 72 72 72 72 72 71 71 62 57 57 57 52 52 50 42 38 38 38 22 18 13 10 8 2 
83 83 83 83 83 83 83 83 83 83 83 83 83 83 83 83 83 83 83 83 82 73 68 68 68 64 62 52 51 50 50 50 50 50 50 50 50 50 50 50 50 50 43 37 36 34 33 0 0 0 
75 75 75 75 75 75 75 75 75 75 75 75 75 75 75 75 75 75 75 75 75 75 75 74 73 65 65 65 64 57 55 50 50 50 50 50 50 37 34 31 31 26 26 6 5 5 1 1 1 0 
83 83 83 83 83 83 83 83 83 83 83 83 83 83 83 83 83 83 83 83 82 80 77 77 76 74 50 50 50 50 50 50 50 50 50 50 47 47 47 45 40 40 35 33 24 14 5 1 0 0 
76 76 76 76 76 76 76 76 76 76 76 76 76 76 76 76 76 76 76 76 76 73 72 71 71 71 71 65 50 50 50 50 50 50 50 50 50 50 50 50 50 35 24 21 15 10 7 7 7 0 
