% Invoked: ./gella -d -r 2 -l biased_r2/run32 >& biased_r2/run32.log
% Ministry of Cellular Automata
% Project Deux (CS523 Spring 2015)
% Version:v0.1-70-g0624-dirty
%  pop:50
%  ic count:100
%  CA Log option:biased_r2/run32
%  width:121
%  max workers:4
%  radius:2
%  iterations:300
%  use bias:true
%  generations:50

 generation 0.50.2.3.1.3.2.1.2.2.2.2.1.7.1.1.3.2.2.3.2.50.1.2.2.1.1.1.1.3.8.3.50.1.50.1.2.1.3.51.51.3.2.2.50.3.3.50.2.3.50.xover.mutate.done 50
 generation 1.50.50.50.50.50.50.50.50.50.5.50.0.50.0.0.12.6.50.0.20.50.50.50.0.50.50.0.0.50.0.50.50.0.0.0.0.50.0.0.0.50.0.0.0.0.0.0.0.50.50.xover.mutate.done 50
 generation 2.50.50.50.50.50.50.50.50.50.50.2.2.0.50.2.2.45.2.50.50.2.50.2.2.50.50.2.50.2.50.2.50.33.50.50.2.2.50.50.57.50.50.2.50.50.31.2.52.0.2.xover.mutate.done 50
 generation 3.58.50.51.51.50.50.50.50.50.50.50.51.50.50.50.50.1.0.50.50.0.50.51.0.50.8.0.0.6.22.50.50.50.50.50.50.51.0.50.1.0.51.0.27.50.51.50.50.50.51.xover.mutate.done 50
 generation 4.61.53.53.53.53.53.53.53.53.51.50.50.53.1.4.50.85.50.7.53.53.50.3.50.53.50.53.1.50.4.50.4.50.1.50.53.50.51.50.35.11.50.37.21.50.29.50.4.50.11.xover.mutate.done 50
 generation 5.81.53.50.50.50.50.50.50.50.50.50.50.1.50.50.50.0.50.50.50.50.1.10.0.0.50.50.0.1.0.0.50.50.0.50.50.0.50.50.50.0.0.50.50.0.50.50.50.50.0.xover.mutate.done 50
 generation 6.69.49.50.50.50.50.50.50.50.50.50.0.50.50.40.50.50.50.50.0.4.50.50.0.50.50.0.50.50.0.50.50.0.50.50.50.50.50.0.0.50.50.0.50.0.0.50.50.0.0.xover.mutate.done 50
 generation 7.74.50.50.50.50.50.50.50.50.50.50.0.0.0.0.44.50.50.50.50.50.50.0.17.0.0.0.50.50.0.0.0.50.50.50.50.50.50.50.50.50.0.50.50.0.13.50.50.50.50.xover.mutate.done 50
 generation 8.75.50.50.50.50.50.50.50.50.50.50.2.50.2.50.50.50.50.46.50.9.50.50.2.2.50.2.50.2.2.50.50.50.42.50.2.50.50.2.2.50.50.36.50.2.50.50.2.2.50.xover.mutate.done 50
 generation 9.80.51.51.51.51.51.51.51.51.51.51.51.15.3.51.4.51.51.43.4.51.13.51.50.50.51.51.51.51.50.4.50.50.50.51.51.50.4.1.3.15.51.50.51.51.50.4.51.51.51.xover.mutate.done 50
 generation 10.74.51.51.51.51.51.51.51.51.51.2.50.51.51.51.1.2.51.51.1.2.51.51.1.51.3.51.51.2.51.2.51.51.51.50.51.51.51.51.51.51.2.51.51.2.51.51.2.51.51.xover.mutate.done 50
 generation 11.75.52.52.52.52.52.52.52.52.52.52.52.52.4.52.52.52.52.52.4.52.4.50.2.52.4.52.50.4.4.4.52.33.52.4.52.4.4.52.52.52.4.52.52.52.52.52.52.4.52.xover.mutate.done 50
 generation 12.81.52.52.52.52.52.52.52.52.52.52.11.52.37.52.52.52.52.52.52.50.50.4.52.52.52.20.4.52.52.52.2.52.4.52.52.52.52.52.47.52.52.52.52.4.52.52.2.52.52.xover.mutate.done 50
 generation 13.73.52.52.52.52.52.52.52.52.52.52.52.52.3.52.52.52.50.3.3.52.52.52.3.52.52.52.52.2.52.51.3.52.52.52.52.52.52.52.52.11.52.52.46.3.52.3.52.52.52.xover.mutate.done 50
 generation 14.81.50.50.50.50.50.50.50.50.50.50.50.50.53.50.50.50.50.50.50.50.7.50.50.50.50.50.50.50.50.50.50.50.3.3.50.50.50.3.50.50.50.50.81.50.50.50.50.50.3.xover.mutate.done 50
 generation 15.78.78.51.50.50.50.50.50.50.50.50.50.50.50.51.51.50.50.50.1.50.50.28.50.34.50.1.50.50.6.1.51.50.50.50.51.10.50.50.50.1.50.1.50.50.1.24.50.1.50.xover.mutate.done 50
 generation 16.75.75.51.51.51.51.51.50.50.50.1.1.51.50.50.1.50.1.50.50.50.50.50.1.1.1.50.1.1.50.50.78.50.1.1.50.51.50.1.50.50.1.50.50.7.50.1.2.41.28.xover.mutate.done 50
 generation 17.85.80.80.51.51.51.51.51.51.51.50.85.13.51.19.80.50.51.1.22.50.50.50.9.51.50.50.1.50.51.50.1.48.50.85.1.51.1.51.41.51.50.55.51.55.50.50.50.1.1.xover.mutate.done 50
 generation 18.80.80.80.80.79.77.47.47.51.51.35.51.21.51.2.38.41.17.23.51.1.51.2.51.51.51.10.51.1.51.51.10.65.51.51.51.51.6.59.51.62.50.2.51.51.19.80.31.38.51.xover.mutate.done 50
 generation 19.82.82.82.82.82.82.76.60.60.59.43.71.50.50.50.10.60.82.50.49.20.60.82.40.47.50.39.0.0.82.50.50.32.59.0.50.82.50.48.50.0.13.40.66.50.50.71.50.50.28.xover.mutate.done 50
 generation 20.82.82.82.81.81.81.82.81.82.81.49.37.33.72.3.51.73.44.70.52.52.60.48.40.36.40.51.43.52.20.79.67.58.81.30.82.30.51.27.3.52.42.82.52.81.42.52.14.52.42.xover.mutate.done 50
 generation 21.75.75.75.75.75.75.75.73.74.74.50.20.12.50.35.75.30.50.28.25.32.75.30.10.50.14.50.40.50.71.61.22.34.50.50.76.50.74.0.50.68.27.0.32.44.50.50.35.26.61.xover.mutate.done 50
 generation 22.79.78.78.78.78.78.78.78.78.78.73.39.8.50.52.78.2.64.77.22.44.64.40.12.43.50.50.50.41.78.50.78.52.78.44.78.75.52.52.52.44.51.64.16.75.50.79.22.50.45.xover.mutate.done 50
 generation 23.79.79.79.79.79.79.79.79.79.79.67.66.40.29.3.75.75.75.79.50.18.76.79.41.41.79.65.50.50.39.50.76.3.50.50.79.79.50.13.50.0.50.50.50.79.32.66.9.79.0.xover.mutate.done 50
 generation 24.79.79.77.77.77.77.77.77.77.77.77.79.49.75.50.77.77.1.40.51.50.78.51.1.6.74.70.50.25.50.0.77.51.71.63.51.77.63.12.50.51.51.50.77.1.36.77.50.0.58.xover.mutate.done 50
 generation 25.77.77.77.76.77.77.77.77.77.77.51.44.41.51.2.12.72.3.50.51.76.12.59.55.51.55.12.51.77.50.77.51.77.51.55.51.77.72.23.51.41.51.44.2.29.51.58.51.51.51.xover.mutate.done 50
 generation 26.83.83.83.83.83.83.83.83.83.83.83.17.83.45.42.46.52.48.50.2.52.2.50.0.9.52.48.83.50.83.48.7.83.50.2.51.83.83.0.41.81.59.2.50.0.50.77.81.0.11.xover.mutate.done 50
 generation 27.79.79.79.79.79.79.79.79.79.79.1.1.44.50.75.61.54.51.51.54.51.48.79.54.79.57.50.11.79.50.79.62.60.79.54.12.1.60.1.62.79.44.1.9.45.50.60.44.50.51.xover.mutate.done 50
 generation 28.77.77.77.77.77.77.77.77.77.77.77.0.50.1.68.15.77.67.77.18.77.50.37.42.57.50.50.78.50.1.33.17.36.47.42.77.77.16.57.50.40.70.77.0.76.0.77.0.77.50.xover.mutate.done 50
 generation 29.80.81.81.81.81.81.81.81.81.81.21.20.50.0.79.50.0.50.50.50.81.50.60.50.50.26.81.40.81.60.20.50.61.47.9.46.0.69.81.60.50.42.81.0.47.81.32.81.42.81.xover.mutate.done 50
 generation 30.66.66.66.65.65.65.65.65.65.65.65.50.27.1.65.65.59.66.27.63.65.29.60.56.51.42.27.65.39.59.39.51.51.29.31.65.50.51.51.9.65.51.64.51.1.52.31.65.11.48.xover.mutate.done 50
 generation 31.79.79.79.79.79.79.79.79.79.79.6.66.64.79.3.65.79.47.45.24.51.51.64.78.45.58.34.50.79.43.79.66.77.2.1.79.51.41.35.1.44.58.79.15.51.55.79.66.66.17.xover.mutate.done 50
 generation 32.80.80.80.80.80.80.80.80.80.80.52.29.43.52.2.2.52.80.43.52.70.78.69.52.43.71.10.80.50.76.33.80.25.71.41.52.40.52.45.41.52.80.80.52.80.80.69.52.52.50.xover.mutate.done 50
 generation 33.82.82.82.82.82.82.82.82.82.82.49.50.50.50.79.11.82.50.50.50.50.50.60.50.50.82.50.0.43.82.10.51.81.50.8.50.80.50.70.61.82.5.50.50.45.61.0.51.82.82.xover.mutate.done 50
 generation 34.76.76.76.76.75.75.75.75.75.75.0.75.73.12.76.1.50.33.50.60.1.58.76.75.76.76.48.38.17.75.75.50.75.76.50.50.13.38.31.0.58.76.33.50.6.75.75.0.0.36.xover.mutate.done 50
 generation 35.80.80.80.80.80.80.80.80.80.80.80.80.51.80.77.12.32.4.80.80.49.53.78.80.36.53.50.50.53.60.80.77.32.53.80.36.4.36.1.15.53.53.50.33.53.53.80.80.51.61.xover.mutate.done 50
 generation 36.80.80.80.80.80.80.80.80.79.80.51.51.80.80.50.50.80.1.80.79.79.79.80.1.51.80.82.62.80.79.17.29.80.50.50.80.80.47.1.51.35.51.50.80.80.80.51.50.80.79.xover.mutate.done 50
 generation 37.82.81.81.81.81.81.81.81.81.81.53.50.81.53.51.81.50.43.53.53.51.23.53.51.82.51.81.53.66.31.50.11.81.9.70.81.13.50.60.70.51.81.4.81.53.66.51.49.81.50.xover.mutate.done 50
 generation 38.79.79.78.78.78.78.78.78.78.78.72.51.78.51.76.68.53.78.54.31.51.1.51.51.13.50.50.51.4.78.51.54.68.60.78.68.53.53.50.1.51.78.51.23.19.31.78.51.78.54.xover.mutate.done 50
 generation 39.80.80.80.80.80.80.80.80.80.80.80.50.44.31.50.80.79.53.47.57.57.80.50.80.51.40.50.80.2.8.2.58.80.24.61.2.51.2.79.50.41.50.79.50.80.2.42.2.58.0.xover.mutate.done 50
 generation 40.80.80.80.80.80.80.80.80.80.80.59.0.57.57.50.1.35.50.1.50.50.80.44.80.16.1.79.79.1.57.80.20.50.10.50.50.80.50.20.80.50.80.50.50.51.15.79.50.79.50.xover.mutate.done 50
 generation 41.84.84.83.83.83.83.83.83.83.83.63.63.50.68.55.63.52.50.83.83.83.83.48.83.52.50.66.0.52.63.83.2.49.50.50.81.81.83.50.50.83.83.80.50.36.63.36.50.52.50.xover.mutate.done 50
 generation 42.83.83.83.83.83.83.83.83.83.83.50.50.1.50.72.50.83.50.58.50.50.83.51.83.83.83.18.0.83.50.83.1.50.34.0.83.59.82.50.83.0.5.50.34.50.0.1.83.59.59.xover.mutate.done 50
 generation 43.77.77.77.77.77.77.77.77.77.77.50.75.77.50.77.77.2.52.76.52.77.2.50.32.2.77.75.77.29.50.77.50.2.50.77.52.2.2.77.52.46.27.52.77.50.50.2.29.56.56.xover.mutate.done 50
 generation 44.83.83.81.81.81.81.81.81.81.81.80.50.81.50.0.87.50.0.27.70.61.61.81.70.21.61.61.50.50.80.81.4.50.70.13.81.50.81.81.50.50.32.81.81.10.50.50.16.81.50.xover.mutate.done 50
 generation 45.83.82.82.82.82.82.82.82.82.82.82.40.82.15.82.50.50.51.50.50.82.82.82.2.74.82.82.82.52.50.50.71.82.22.82.71.2.71.52.82.61.50.50.82.82.82.82.82.50.37.xover.mutate.done 50
 generation 46.75.75.75.74.74.74.74.74.74.74.67.74.51.50.56.50.56.56.23.1.74.74.74.73.74.72.74.50.33.31.75.1.24.74.51.51.56.27.1.51.51.51.57.56.74.30.51.67.65.51.xover.mutate.done 50
 generation 47.87.82.82.83.82.82.82.82.82.82.80.15.51.51.82.82.81.51.57.51.82.51.82.57.12.1.82.82.82.82.19.30.82.9.82.1.15.51.50.54.72.83.57.82.51.1.1.47.51.50.xover.mutate.done 50
 generation 48.81.78.78.77.77.77.77.77.77.77.9.77.33.76.2.78.37.77.50.76.51.50.51.51.77.50.77.26.2.77.78.66.51.33.12.19.2.12.58.67.78.1.1.77.78.51.50.58.51.77.xover.mutate.done 50
 generation 49.86.84.84.84.84.84.84.82.82.82.50.66.80.82.82.52.18.52.12.50.82.80.52.82.52.80.50.8.50.84.20.60.20.25.2.52.84.50.50.64.66.50.80.80.19.20.50.52.2.84.xover.mutate.done 50
 19203745 iters     869907 iter/sec (22.08 s)
 total time: 22.08
