50 50 50 50 50 50 50 50 50 50 50 50 50 50 50 39 20 15 2 2 2 2 2 2 2 2 2 2 2 2 2 2 2 2 2 2 2 2 2 2 2 0 0 0 0 0 0 0 0 0 
51 51 51 51 51 50 50 50 50 50 50 50 50 50 50 50 50 50 50 50 50 50 50 50 50 27 8 8 8 8 8 3 2 2 2 2 2 2 2 2 2 1 1 1 1 1 1 1 1 1 
51 51 51 51 51 50 50 50 50 50 50 50 50 50 50 50 50 50 50 50 50 50 50 50 50 50 50 30 19 9 9 9 9 9 6 4 1 1 1 1 1 1 1 1 1 1 1 1 0 0 
78 50 50 50 50 50 50 50 50 50 50 50 50 50 50 50 50 50 50 50 50 50 50 50 50 50 50 50 50 50 50 50 50 40 22 0 0 0 0 0 0 0 0 0 0 0 0 0 0 0 
78 78 51 51 51 51 51 51 50 50 50 50 50 50 50 50 50 50 50 50 50 50 50 50 50 50 50 50 50 50 37 23 15 9 8 8 7 1 1 1 1 1 1 1 1 1 1 1 0 0 
78 78 78 51 51 51 51 51 51 51 51 51 51 51 51 51 51 51 51 51 51 51 51 51 51 50 50 50 50 50 50 50 50 40 13 6 2 2 2 2 2 2 2 2 2 1 1 1 1 1 
78 78 78 78 78 78 57 51 51 51 51 51 51 51 51 51 51 51 51 51 51 51 51 51 50 50 50 50 50 50 50 36 21 18 7 1 1 1 1 1 1 1 1 1 1 1 1 0 0 0 
86 86 86 86 86 86 86 86 86 86 86 86 59 52 52 50 50 50 50 50 50 50 50 50 50 39 32 24 24 21 20 19 13 12 5 2 2 2 2 2 2 2 2 2 2 2 2 0 0 0 
83 83 83 83 83 83 83 83 83 83 83 83 83 83 83 83 83 83 83 74 51 51 51 51 51 51 51 51 51 51 51 51 50 50 50 50 42 37 26 24 22 5 2 2 2 2 2 1 1 1 
78 78 78 78 78 78 78 78 78 78 78 78 78 78 78 78 78 78 78 78 78 78 78 78 78 78 78 78 73 62 53 53 53 53 53 53 53 53 53 53 53 53 53 53 50 50 33 3 3 3 
80 80 80 80 80 80 80 80 80 80 80 80 80 80 80 80 80 80 80 80 80 80 80 80 80 70 56 56 51 51 51 51 51 51 51 51 51 51 51 50 49 43 12 12 12 12 12 8 3 3 
80 75 75 75 75 75 75 75 75 75 75 75 75 75 75 75 75 75 75 75 75 75 75 67 67 67 67 67 67 53 53 53 53 51 51 51 51 51 51 51 51 42 42 42 40 34 25 9 8 2 
87 85 85 85 85 85 85 85 85 85 85 85 85 85 85 85 85 85 85 85 85 85 85 85 85 85 71 71 71 69 68 57 52 52 52 52 52 52 51 51 51 51 51 50 46 44 40 40 22 3 
91 90 90 90 90 90 90 90 90 90 90 90 90 90 90 90 90 90 90 90 90 90 90 90 90 90 88 73 73 72 67 65 53 51 51 51 51 51 51 50 50 49 47 47 47 44 43 43 38 4 
82 82 79 77 77 77 77 77 77 77 77 77 77 77 77 77 77 77 77 77 77 77 75 71 65 60 58 56 55 51 51 51 51 51 51 51 51 50 40 33 33 32 32 29 27 7 5 1 1 1 
87 87 87 87 85 85 79 79 79 79 79 79 79 79 79 79 79 79 79 79 79 79 79 79 79 79 79 79 56 56 51 51 51 51 51 50 50 50 50 50 44 39 39 39 39 29 20 11 8 6 
82 82 82 82 82 82 82 82 80 79 78 78 78 78 78 78 78 78 78 78 78 77 77 76 72 72 57 54 51 51 51 51 51 51 51 51 51 51 51 51 51 40 34 33 33 24 15 8 7 2 
84 84 84 84 84 84 84 84 84 84 84 84 84 84 82 82 81 81 81 81 81 81 76 73 70 60 57 52 50 50 50 50 50 50 50 50 50 50 50 50 35 35 35 35 31 12 0 0 0 0 
81 81 81 81 81 81 81 81 81 81 81 81 81 81 81 81 80 80 74 68 68 62 62 53 50 50 50 50 50 50 50 50 50 37 36 35 32 32 32 32 32 32 29 12 5 0 0 0 0 0 
85 85 85 85 85 85 85 85 85 85 85 85 85 85 85 85 85 85 81 74 73 73 69 69 59 55 52 52 51 51 51 50 50 50 50 50 47 40 38 38 37 37 27 5 3 3 3 3 2 1 
80 80 80 80 80 80 80 80 80 80 80 80 80 74 63 63 58 57 57 57 56 56 54 52 51 51 51 51 51 50 50 50 35 33 33 33 33 33 29 29 29 22 14 9 7 7 6 3 3 1 
81 81 81 81 81 81 81 81 81 81 81 81 81 81 81 81 81 81 74 73 72 62 62 53 53 53 53 53 52 52 52 50 44 38 37 37 36 35 35 33 22 15 10 8 8 5 5 5 2 2 
81 81 81 81 81 81 81 81 81 81 81 81 81 81 81 81 81 81 81 81 77 73 66 61 58 56 56 50 50 50 50 50 50 50 50 38 35 34 34 34 33 33 33 24 2 2 2 2 2 2 
82 82 82 82 82 82 82 82 82 82 82 82 82 82 82 82 82 82 80 68 68 68 62 58 55 51 51 51 50 50 50 50 50 50 50 50 50 50 50 47 38 24 24 24 12 6 1 1 1 0 
87 87 87 87 87 87 87 87 87 87 87 87 87 87 87 87 87 87 87 87 84 78 75 71 71 59 58 58 52 52 51 51 51 51 51 51 42 40 39 39 39 33 28 22 9 9 6 3 3 3 
83 83 83 83 83 83 83 83 83 83 83 83 83 83 83 83 83 83 83 83 83 83 82 77 77 77 73 60 60 60 59 57 52 50 50 50 50 35 35 33 33 33 18 14 7 7 6 2 0 0 
85 85 85 85 85 85 85 85 85 85 85 85 85 85 85 85 85 85 85 84 84 84 81 77 74 72 71 65 62 59 57 55 55 51 51 50 50 42 40 38 35 35 35 35 30 27 17 9 5 1 
87 87 87 87 87 87 87 87 87 87 87 87 87 87 87 87 87 87 87 87 87 84 82 82 66 62 58 53 53 53 53 53 50 50 50 41 40 40 40 40 40 40 40 40 27 16 5 5 2 2 
85 85 85 85 85 85 85 85 85 85 85 85 85 79 75 75 75 74 70 63 62 60 58 58 57 50 50 50 50 50 50 50 41 38 38 38 38 38 35 20 13 11 10 9 6 0 0 0 0 0 
85 85 85 85 85 85 85 85 85 85 85 85 85 85 85 85 85 85 82 78 77 72 67 63 63 63 63 53 53 50 50 47 41 41 40 40 39 39 39 39 37 31 16 15 14 14 6 6 6 3 
83 83 83 83 83 83 83 83 83 83 83 83 83 83 83 83 73 73 68 57 57 53 53 53 53 51 50 50 50 50 50 50 50 44 40 38 38 37 37 36 35 19 7 3 3 3 3 3 3 3 
85 85 85 85 85 85 85 85 85 85 85 85 85 85 85 85 85 85 85 85 85 85 76 71 69 67 64 64 59 59 56 52 52 52 52 52 50 50 42 36 35 35 35 35 33 31 17 6 6 2 
89 89 89 89 89 89 89 89 89 89 89 89 89 89 89 89 89 89 81 75 66 66 66 59 57 57 57 50 50 50 50 50 50 50 50 50 50 50 50 50 50 50 45 39 39 39 36 20 12 6 
83 83 83 83 83 83 83 83 83 83 83 83 83 83 83 83 83 83 83 83 83 72 60 54 54 54 51 51 51 50 50 50 50 50 50 50 42 42 38 37 34 23 23 19 18 10 7 5 1 1 
85 81 81 81 81 81 81 81 81 81 81 81 81 81 81 81 81 81 81 81 81 81 81 81 79 79 79 52 51 51 51 50 50 50 50 50 50 43 37 32 32 32 27 20 15 9 1 0 0 0 
81 81 81 81 81 81 81 81 81 81 81 81 81 75 63 63 63 58 56 56 56 56 50 50 50 50 50 50 50 50 50 46 44 33 32 25 25 24 24 6 6 0 0 0 0 0 0 0 0 0 
84 84 84 84 84 84 84 84 84 84 84 84 84 84 77 71 69 64 64 64 59 57 57 51 51 51 51 51 51 51 50 50 50 50 36 36 36 36 32 29 20 13 2 2 2 2 2 1 1 1 
86 86 86 86 86 86 86 86 86 86 86 86 86 86 86 86 76 74 71 66 59 56 56 52 52 52 52 52 52 52 50 50 43 39 38 38 38 37 32 18 12 12 8 4 4 4 4 4 2 2 
80 80 80 80 80 80 80 80 80 80 80 80 80 80 80 80 80 80 80 80 70 56 56 51 51 51 50 50 50 50 50 50 50 46 43 33 31 31 31 30 29 24 17 15 9 8 7 1 0 0 
84 84 84 84 84 84 84 84 84 84 84 84 84 84 84 64 59 57 55 52 52 52 50 50 50 50 50 37 37 37 37 37 37 37 37 37 36 36 35 20 9 8 8 7 2 2 2 2 2 0 
86 86 86 86 86 86 86 86 86 86 86 86 86 86 86 86 82 54 54 54 51 51 51 50 50 50 50 50 50 37 37 37 33 33 12 8 8 5 2 2 2 2 2 2 2 1 1 1 1 1 
82 82 82 82 82 82 82 82 82 82 82 82 82 82 82 58 58 54 54 52 52 51 51 51 51 51 51 50 50 50 41 33 31 11 9 7 5 5 5 5 5 3 3 2 2 1 1 1 1 1 
87 87 87 87 87 87 87 87 87 87 87 87 87 87 87 87 80 60 60 60 51 51 51 51 51 50 50 43 43 43 43 43 40 38 38 38 38 26 26 21 14 14 14 12 11 10 9 1 0 0 
90 90 90 90 90 90 90 90 90 90 90 81 78 77 77 77 77 68 57 54 50 50 50 50 50 50 50 50 50 44 44 44 44 44 43 43 43 43 40 40 39 33 6 5 0 0 0 0 0 0 
86 86 86 86 86 86 86 86 86 86 86 84 82 80 78 78 71 62 62 62 59 59 53 50 50 50 50 50 50 50 50 50 50 50 48 43 40 35 31 31 27 27 6 6 4 3 3 0 0 0 
83 83 83 83 83 83 83 83 83 83 83 83 83 82 79 78 77 77 77 75 67 61 57 55 51 51 51 51 51 51 51 51 51 51 50 50 50 50 34 34 34 13 12 2 1 1 1 1 1 0 
81 81 81 81 81 81 81 81 81 81 81 81 81 81 81 81 77 76 70 69 62 56 55 53 53 50 50 50 50 50 50 35 35 35 35 30 22 21 16 15 12 12 12 3 3 3 3 3 3 0 
80 80 80 80 80 80 80 80 80 80 80 80 80 80 76 72 65 65 61 61 59 52 52 50 50 50 40 32 31 31 22 20 19 15 13 13 13 2 2 2 2 2 2 2 2 2 2 2 2 0 
82 82 82 82 82 82 82 82 82 82 82 82 82 82 82 82 82 82 82 82 82 78 75 75 75 63 61 61 59 59 55 50 50 50 50 49 40 36 34 13 13 1 1 1 1 1 1 1 1 1 
81 81 81 81 81 81 81 81 81 81 81 81 81 81 81 81 81 81 81 81 81 81 81 74 72 62 62 58 53 52 52 50 50 34 34 34 34 34 34 34 33 24 24 23 15 4 2 2 2 2 
