0.125 0.3125 0.6875 0.25 0.53125 0.1875 0.96875 0.8125 0.75 0.0625 
0.1875 0.125 0.96875 0.0625 0.96875 0.96875 0.9375 0.0 0.21875 0.0 
0.5625 0.75 0.5625 0.1875 0.125 0.96875 0.0625 0.96875 0.96875 0.9375 
0.1875 0.1875 0.28125 0.15625 0.3125 0.40625 0.5625 0.75 0.5625 0.125 
0.1875 0.1875 0.28125 0.15625 0.3125 0.40625 0.21875 0.34375 0.1875 0.28125 
0.1875 0.1875 0.28125 0.15625 0.3125 0.40625 0.21875 0.34375 0.1875 0.28125 
0.65625 0.625 0.71875 0.1875 0.1875 0.28125 0.15625 0.3125 0.40625 0.21875 
0.65625 0.625 0.71875 0.1875 0.1875 0.28125 0.15625 0.3125 0.40625 0.21875 
0.65625 0.625 0.71875 0.65625 0.65625 0.71875 0.1875 0.1875 0.28125 0.15625 
0.65625 0.625 0.71875 0.65625 0.65625 0.71875 0.1875 0.1875 0.28125 0.15625 
0.65625 0.625 0.71875 0.65625 0.65625 0.71875 0.1875 0.1875 0.28125 0.15625 
0.1875 0.1875 0.28125 0.15625 0.3125 0.1875 0.3125 0.40625 0.25 0.28125 
0.1875 0.1875 0.28125 0.15625 0.3125 0.1875 0.3125 0.40625 0.25 0.28125 
0.65625 0.59375 0.1875 0.1875 0.28125 0.15625 0.3125 0.1875 0.3125 0.40625 
0.65625 0.59375 0.65625 0.5 0.1875 0.1875 0.28125 0.15625 0.3125 0.1875 
0.65625 0.59375 0.65625 0.5 0.59375 0.6875 0.1875 0.1875 0.28125 0.15625 
0.65625 0.59375 0.65625 0.5 0.59375 0.6875 0.1875 0.1875 0.28125 0.15625 
0.1875 0.1875 0.28125 0.15625 0.1875 0.15625 0.28125 0.3125 0.40625 0.34375 
0.65625 0.53125 0.625 0.65625 0.59375 0.5625 0.5625 0.46875 0.1875 0.1875 
0.1875 0.1875 0.3125 0.1875 0.1875 0.21875 0.1875 0.21875 0.15625 0.3125 
0.1875 0.1875 0.3125 0.1875 0.1875 0.21875 0.1875 0.21875 0.15625 0.3125 
0.1875 0.1875 0.3125 0.1875 0.1875 0.21875 0.1875 0.21875 0.15625 0.3125 
0.1875 0.1875 0.3125 0.1875 0.1875 0.21875 0.1875 0.21875 0.15625 0.3125 
0.1875 0.1875 0.3125 0.1875 0.1875 0.21875 0.1875 0.21875 0.15625 0.3125 
0.1875 0.1875 0.3125 0.1875 0.1875 0.21875 0.1875 0.21875 0.15625 0.3125 
0.1875 0.1875 0.3125 0.1875 0.1875 0.21875 0.1875 0.21875 0.15625 0.3125 
0.1875 0.1875 0.3125 0.1875 0.1875 0.21875 0.1875 0.21875 0.15625 0.3125 
0.1875 0.1875 0.3125 0.1875 0.1875 0.21875 0.1875 0.21875 0.15625 0.3125 
0.1875 0.1875 0.3125 0.1875 0.1875 0.21875 0.1875 0.21875 0.15625 0.3125 
0.1875 0.1875 0.3125 0.1875 0.1875 0.21875 0.1875 0.21875 0.15625 0.3125 
0.1875 0.1875 0.3125 0.1875 0.1875 0.21875 0.1875 0.21875 0.15625 0.3125 
0.1875 0.1875 0.3125 0.1875 0.1875 0.21875 0.1875 0.21875 0.15625 0.3125 
0.1875 0.1875 0.3125 0.1875 0.1875 0.21875 0.1875 0.21875 0.15625 0.3125 
0.1875 0.1875 0.3125 0.1875 0.1875 0.21875 0.1875 0.21875 0.15625 0.3125 
0.1875 0.1875 0.3125 0.1875 0.1875 0.21875 0.1875 0.21875 0.15625 0.3125 
0.1875 0.1875 0.3125 0.1875 0.1875 0.21875 0.1875 0.21875 0.15625 0.3125 
0.1875 0.1875 0.3125 0.1875 0.1875 0.21875 0.1875 0.21875 0.15625 0.3125 
0.1875 0.1875 0.3125 0.1875 0.1875 0.21875 0.1875 0.21875 0.15625 0.3125 
0.1875 0.1875 0.3125 0.1875 0.1875 0.21875 0.1875 0.21875 0.15625 0.3125 
0.1875 0.1875 0.3125 0.1875 0.1875 0.21875 0.1875 0.21875 0.15625 0.3125 
0.1875 0.1875 0.3125 0.1875 0.1875 0.21875 0.1875 0.21875 0.15625 0.3125 
0.1875 0.1875 0.3125 0.1875 0.1875 0.21875 0.1875 0.21875 0.15625 0.3125 
0.1875 0.1875 0.3125 0.1875 0.1875 0.21875 0.1875 0.21875 0.15625 0.3125 
0.1875 0.1875 0.3125 0.1875 0.1875 0.21875 0.1875 0.21875 0.15625 0.3125 
0.1875 0.1875 0.3125 0.1875 0.1875 0.21875 0.1875 0.21875 0.15625 0.3125 
0.1875 0.1875 0.3125 0.1875 0.1875 0.21875 0.1875 0.21875 0.15625 0.3125 
0.1875 0.1875 0.3125 0.1875 0.1875 0.21875 0.1875 0.21875 0.15625 0.3125 
0.1875 0.1875 0.3125 0.1875 0.1875 0.21875 0.1875 0.21875 0.15625 0.3125 
0.1875 0.1875 0.3125 0.1875 0.1875 0.21875 0.1875 0.21875 0.15625 0.3125 
0.1875 0.1875 0.3125 0.1875 0.1875 0.21875 0.1875 0.21875 0.15625 0.3125 
