51 50 50 50 50 50 50 50 50 8 4 4 4 4 4 4 4 4 4 4 4 4 4 4 4 3 3 3 3 3 3 3 1 1 1 1 1 1 1 1 1 1 1 1 1 1 1 1 1 1 
51 51 51 50 50 50 50 50 50 50 50 50 50 50 50 50 50 50 50 6 3 1 1 1 1 1 1 1 1 1 1 1 1 1 1 1 1 1 1 1 1 0 0 0 0 0 0 0 0 0 
75 50 50 50 50 50 50 50 50 50 50 50 50 50 50 50 50 50 50 50 50 50 50 50 50 50 50 31 17 7 0 0 0 0 0 0 0 0 0 0 0 0 0 0 0 0 0 0 0 0 
75 71 51 51 51 51 51 51 51 51 51 51 51 51 51 51 51 50 50 50 50 50 50 50 50 50 50 50 50 50 19 18 6 2 2 2 2 2 2 2 2 1 1 1 1 1 1 1 1 1 
77 74 51 51 51 51 51 51 51 51 51 51 51 51 50 50 50 50 50 50 50 50 50 50 50 50 50 50 50 50 50 50 39 27 8 8 8 8 1 1 1 1 1 1 1 1 1 1 1 0 
75 72 51 50 50 50 50 50 50 50 50 50 50 50 50 50 50 50 50 50 50 50 50 50 50 50 50 50 50 50 50 50 50 50 50 50 34 16 10 8 0 0 0 0 0 0 0 0 0 0 
78 78 76 53 53 53 53 53 53 53 53 53 53 53 51 51 51 51 51 51 51 51 51 51 51 51 51 51 51 51 51 51 50 48 22 22 13 4 4 4 4 4 4 4 4 4 4 4 4 1 
80 80 80 78 75 53 53 53 53 53 53 53 53 51 51 51 51 51 51 51 51 51 51 51 51 51 51 51 51 51 51 51 50 39 37 20 4 4 4 4 4 4 4 4 4 4 4 4 4 4 
71 71 70 69 68 50 50 50 50 50 50 50 50 50 50 50 50 50 50 50 50 50 50 50 50 50 50 50 50 50 50 50 50 50 37 23 22 10 8 0 0 0 0 0 0 0 0 0 0 0 
79 79 79 79 79 79 52 52 52 52 52 52 52 52 52 52 52 52 52 52 50 50 50 50 50 50 50 50 50 50 50 50 50 50 2 2 2 2 2 2 2 2 2 2 2 2 2 2 2 2 
79 79 79 79 75 74 74 74 59 51 51 51 50 50 50 50 50 50 50 50 50 50 50 50 50 50 50 50 50 50 50 50 50 50 50 48 34 33 2 1 1 1 1 1 1 1 1 1 1 0 
73 73 73 73 72 72 72 71 71 71 57 56 52 52 52 52 52 52 52 52 52 52 52 52 52 52 52 52 52 52 52 51 51 51 50 50 35 29 9 9 3 3 3 3 3 3 3 3 3 3 
74 74 74 74 74 74 74 74 74 74 73 71 71 71 71 69 58 58 51 51 51 51 51 51 51 51 51 51 51 51 51 51 51 51 39 33 17 11 10 9 3 2 2 2 2 2 2 2 2 1 
80 79 79 79 79 79 79 79 79 79 77 77 74 71 71 71 58 55 53 53 53 53 53 53 53 53 53 53 53 51 51 51 51 50 50 50 48 45 39 35 34 34 34 4 4 4 4 3 3 1 
82 82 82 82 82 81 81 81 81 81 81 81 81 81 80 79 78 78 78 77 77 77 74 74 73 73 72 72 51 51 51 51 51 50 50 50 50 50 50 50 39 36 7 1 1 1 1 1 1 1 
82 81 81 81 81 81 81 81 81 81 81 81 81 80 80 80 80 80 80 80 80 76 75 75 75 75 74 69 67 66 63 60 59 52 52 52 50 50 50 50 50 49 37 35 34 14 12 10 3 2 
83 83 83 79 79 79 79 79 79 79 79 79 79 79 79 77 76 76 75 73 72 65 65 58 51 51 51 51 51 50 50 50 50 50 50 31 30 29 28 23 12 8 2 1 1 1 1 1 0 0 
82 82 82 82 82 78 78 78 78 78 78 78 78 78 78 78 78 78 78 78 76 74 69 61 55 52 52 52 52 52 52 52 52 52 52 50 50 50 50 47 47 45 45 36 25 20 10 7 5 2 
72 72 72 72 72 72 71 71 71 71 71 71 71 71 71 71 71 71 71 71 70 70 68 58 58 58 51 51 51 51 51 51 51 51 51 51 50 50 50 48 47 47 29 26 22 15 5 4 1 0 
76 76 76 76 76 76 76 75 74 73 73 72 72 72 72 72 72 70 70 70 70 67 67 59 58 56 56 52 52 52 52 52 52 52 52 52 52 51 50 50 50 49 48 27 26 21 19 6 3 2 
71 71 71 71 71 71 71 71 71 71 71 71 67 66 66 64 64 55 51 51 51 50 50 50 50 50 50 50 50 50 50 50 50 50 50 50 50 50 50 50 50 48 47 44 42 21 15 14 11 4 
78 78 78 78 78 78 78 78 78 78 78 78 78 78 78 78 77 77 74 70 61 60 59 59 57 51 51 51 51 51 51 51 51 51 51 51 51 51 51 51 51 51 34 29 25 21 15 2 1 1 
83 83 83 83 83 83 83 83 83 83 83 83 83 83 83 83 83 65 60 54 51 51 51 51 51 51 51 51 51 51 51 51 51 50 50 49 46 35 34 34 34 27 27 10 2 2 2 2 1 1 
81 81 81 81 81 81 81 81 81 81 81 81 81 81 81 81 81 76 76 73 73 67 67 67 63 63 63 60 60 50 50 50 50 50 50 50 50 50 50 50 50 31 31 30 22 10 8 0 0 0 
81 81 81 81 81 81 81 81 81 81 81 81 81 81 81 81 81 81 80 76 69 62 62 61 61 61 61 59 55 52 52 52 52 51 50 48 44 35 34 32 31 27 24 24 14 3 3 3 3 1 
81 81 81 81 81 81 81 81 81 81 81 81 81 81 81 81 81 81 78 78 78 74 71 71 65 64 63 53 51 51 51 51 51 51 51 47 36 35 35 34 34 34 25 15 12 4 4 4 4 1 
78 78 78 78 78 78 78 78 78 78 78 78 78 78 78 78 78 78 78 78 78 68 68 68 67 63 63 55 52 52 52 50 50 50 50 50 50 50 50 34 33 33 30 13 11 7 7 2 2 2 
80 80 80 80 80 80 80 80 80 80 80 80 80 80 80 72 71 64 63 62 61 52 52 52 52 52 52 52 52 52 51 51 49 44 41 41 40 38 37 37 32 32 21 16 16 16 10 9 4 2 
78 78 78 78 78 78 78 78 78 78 78 78 78 78 78 78 78 75 71 61 61 61 61 54 51 51 51 50 50 50 50 50 50 50 47 41 41 37 33 32 32 32 31 31 25 16 11 11 11 1 
81 81 81 81 81 81 81 81 81 81 81 81 81 81 81 81 81 81 81 79 77 74 64 59 58 57 52 52 52 50 50 50 50 50 50 50 48 43 43 40 39 34 34 33 31 2 2 2 2 2 
85 85 85 85 85 85 85 85 85 85 85 85 85 85 85 85 85 76 76 74 65 62 58 52 52 52 52 52 52 52 50 50 50 50 50 50 50 50 50 37 37 37 37 37 21 18 9 2 2 2 
86 86 86 86 86 86 86 86 86 86 86 86 86 86 86 86 86 86 86 85 72 72 69 68 68 68 66 63 59 52 52 52 52 52 52 52 52 52 52 52 52 42 39 12 5 4 4 4 4 4 
83 83 83 83 83 83 83 83 83 83 83 83 83 83 83 83 83 83 83 83 79 79 79 79 78 70 70 62 54 52 52 52 52 50 47 47 47 47 44 40 36 36 35 35 35 25 16 2 2 2 
79 79 79 79 79 79 79 79 79 79 79 79 79 79 79 79 79 79 79 79 79 79 79 79 79 79 79 58 54 53 50 50 50 50 50 50 50 50 50 48 41 38 36 31 31 28 26 8 0 0 
80 80 80 80 80 80 80 80 80 80 80 80 80 80 80 80 80 80 80 80 75 72 56 56 56 53 53 52 52 52 52 52 50 50 48 34 34 34 33 33 33 32 30 30 29 15 14 8 2 2 
83 83 83 83 83 83 83 83 83 83 83 83 83 83 83 83 83 83 83 83 80 77 77 75 75 66 65 64 64 63 63 63 57 52 52 52 50 50 50 50 50 50 40 35 35 35 29 16 16 2 
85 85 85 85 85 85 85 85 85 85 85 85 85 85 83 83 83 83 83 73 63 63 63 63 60 58 52 52 52 52 52 52 50 50 45 42 40 38 38 38 37 24 17 14 13 13 11 4 2 2 
78 78 78 78 78 78 78 78 78 78 78 78 78 78 78 78 78 78 77 67 65 56 51 50 50 50 50 50 50 50 50 50 50 50 50 47 42 28 28 28 28 28 12 0 0 0 0 0 0 0 
86 86 86 86 86 86 86 86 86 86 86 86 86 86 86 86 86 86 85 84 68 61 61 50 50 50 50 50 50 50 50 50 50 50 50 50 50 38 37 36 36 4 0 0 0 0 0 0 0 0 
78 78 78 78 78 78 78 78 78 78 78 78 78 78 78 78 78 78 77 77 65 58 51 51 51 51 51 51 51 51 51 51 51 51 51 50 42 34 33 32 29 29 29 19 10 9 8 8 2 2 
78 78 78 78 78 78 78 78 78 78 78 78 78 78 78 78 78 78 78 75 75 75 75 64 54 52 51 51 51 51 51 51 51 51 50 50 50 50 50 50 50 47 36 29 28 25 18 4 1 0 
80 80 80 80 80 80 80 80 80 80 80 80 80 80 80 80 80 80 80 79 78 78 78 59 58 52 51 51 51 51 50 50 50 46 42 33 33 33 33 31 31 16 14 9 2 2 2 2 1 1 
79 79 79 79 79 79 79 79 79 79 79 79 79 79 79 79 79 79 79 79 79 79 77 77 58 58 54 51 51 51 51 51 51 50 50 50 50 50 50 49 33 30 30 30 11 8 2 1 1 0 
76 76 76 76 76 76 76 76 76 76 76 76 76 76 76 76 76 76 76 74 70 66 66 55 55 55 54 54 54 52 52 52 52 50 50 50 50 29 28 28 21 18 16 7 7 6 2 2 2 2 
82 82 82 82 82 82 82 82 82 82 82 82 82 82 81 81 71 71 71 71 71 70 61 59 59 59 59 58 57 52 52 52 52 52 52 50 50 50 50 32 32 32 32 31 12 12 10 2 2 2 
80 80 80 80 80 80 80 80 80 80 80 80 80 80 80 72 72 72 72 72 72 72 70 65 61 61 61 59 59 51 51 51 50 50 50 35 32 31 31 31 31 31 31 23 23 12 1 1 1 0 
78 78 78 78 78 78 78 78 78 78 78 78 78 78 78 78 78 78 78 76 67 67 64 64 64 64 64 63 62 51 51 51 51 51 50 50 50 50 50 47 47 33 29 29 29 29 18 16 1 1 
79 79 79 79 79 79 79 79 79 79 79 79 79 79 79 79 79 66 66 57 57 57 57 57 51 51 51 51 51 51 51 51 51 51 51 50 49 42 42 34 34 30 30 26 17 2 2 2 2 2 
77 77 77 77 77 77 77 77 77 77 77 77 77 77 77 77 77 62 59 59 59 58 52 52 52 52 52 52 52 52 50 39 38 33 32 30 30 30 11 10 9 9 5 5 5 5 5 5 5 3 
80 80 80 80 80 80 80 80 80 80 80 80 80 80 80 80 80 79 59 59 59 59 52 51 51 51 50 50 50 50 50 50 50 40 39 35 35 34 31 31 14 10 10 5 1 1 1 1 1 1 
