50 50 50 50 50 50 50 50 50 50 50 50 50 50 11 2 2 2 2 2 2 2 2 2 2 2 2 2 2 2 2 2 2 2 2 2 2 2 2 2 0 0 0 0 0 0 0 0 0 0 
51 51 50 50 50 50 50 50 50 50 50 50 50 50 50 50 50 50 50 50 50 50 50 50 50 50 37 1 1 1 1 1 1 1 1 1 1 1 1 1 0 0 0 0 0 0 0 0 0 0 
53 53 53 51 51 51 51 51 50 50 50 50 50 50 50 50 50 50 50 50 50 50 50 50 50 50 45 20 16 14 4 4 4 4 4 4 4 4 3 3 3 3 3 3 3 1 1 1 1 1 
51 51 51 51 51 51 50 50 50 50 50 50 50 50 50 50 50 50 50 50 50 50 50 50 50 50 36 29 18 13 5 1 1 1 1 1 1 1 1 1 1 1 1 1 1 0 0 0 0 0 
66 57 52 52 52 52 52 52 52 52 52 52 50 50 50 50 50 50 50 50 50 50 50 50 50 50 50 50 50 30 6 2 2 2 2 2 2 2 2 0 0 0 0 0 0 0 0 0 0 0 
79 79 59 51 51 51 51 51 51 51 51 51 51 51 51 51 51 51 51 51 51 51 50 50 50 50 50 50 50 50 50 20 11 8 7 1 1 1 1 1 1 1 1 1 1 1 0 0 0 0 
69 69 53 50 50 50 50 50 50 50 50 50 50 50 50 50 50 50 50 50 50 50 50 50 50 50 50 50 50 50 32 32 32 17 12 10 9 6 3 0 0 0 0 0 0 0 0 0 0 0 
75 75 65 50 50 50 50 50 50 50 50 50 50 50 50 50 50 50 50 50 50 50 50 50 50 50 50 50 50 50 36 35 31 26 15 15 15 0 0 0 0 0 0 0 0 0 0 0 0 0 
79 74 74 57 51 51 51 51 51 51 51 51 51 51 51 51 51 51 51 51 51 51 51 51 51 51 51 51 51 51 51 51 51 51 50 50 42 36 32 28 5 2 2 2 2 2 1 1 1 1 
76 72 72 72 57 52 50 50 50 50 50 50 50 50 50 50 50 50 50 50 50 50 50 50 50 50 50 50 50 50 50 50 50 50 50 50 50 50 41 40 32 30 26 24 12 10 7 6 0 0 
73 73 67 67 67 65 63 63 59 58 58 50 50 50 50 50 50 50 50 50 50 50 50 50 50 50 50 50 50 50 50 50 50 49 41 40 30 27 19 16 10 9 9 9 8 1 1 1 1 0 
70 70 70 70 70 69 69 69 69 67 67 66 66 66 62 62 57 56 51 50 50 50 50 50 50 50 50 50 50 50 50 50 50 50 46 39 36 29 25 23 22 19 18 13 12 11 11 7 1 0 
79 74 74 74 74 74 73 73 72 72 72 72 72 72 72 72 72 72 72 72 69 69 61 60 60 56 56 50 50 50 50 50 50 50 50 50 50 50 50 48 45 41 36 33 33 32 32 12 10 9 
77 74 74 73 73 73 73 73 73 71 68 68 68 68 68 68 66 66 66 63 62 60 59 53 53 52 52 52 52 51 50 50 50 50 50 49 49 34 30 23 20 20 20 20 10 10 9 3 2 1 
82 81 81 81 81 78 78 77 76 76 76 76 76 76 76 76 74 68 67 67 67 67 65 62 55 54 51 50 50 50 50 50 50 50 48 47 47 46 44 43 43 41 27 27 27 26 22 1 1 1 
85 85 85 84 84 83 82 82 82 82 82 82 81 81 80 79 78 78 78 75 74 74 74 74 74 74 66 64 63 61 57 56 51 50 50 50 50 50 50 49 48 48 41 40 20 20 0 0 0 0 
81 81 79 78 78 77 77 77 77 77 77 77 77 76 76 76 76 76 76 75 74 73 73 73 73 73 73 72 70 50 50 50 50 50 50 50 50 50 50 49 44 38 37 32 26 9 5 0 0 0 
79 79 79 78 78 77 77 77 75 74 74 74 74 73 72 71 71 70 70 69 69 58 51 51 51 51 51 51 51 50 50 50 50 50 50 39 28 26 21 19 17 15 13 1 1 1 1 1 1 1 
85 79 78 78 77 77 77 77 75 75 75 75 75 74 74 74 73 65 64 63 60 59 56 56 56 55 54 54 51 50 50 50 50 50 50 50 50 50 50 45 45 40 26 22 20 1 1 1 0 0 
86 86 86 83 83 83 83 83 83 83 82 82 82 82 81 81 81 78 77 74 74 72 66 66 58 58 55 54 54 54 54 52 50 50 50 50 50 50 48 44 44 43 40 34 29 29 21 6 6 2 
88 88 88 87 85 83 83 83 83 83 83 83 83 82 81 75 75 71 63 63 63 62 61 58 57 55 51 51 51 51 51 50 50 50 50 48 48 43 40 36 33 28 24 19 14 1 1 1 1 1 
78 78 78 76 76 76 76 74 73 73 73 73 73 71 69 66 64 61 61 59 59 59 59 50 50 50 50 49 44 41 39 37 34 30 28 26 26 26 26 24 24 23 23 23 22 16 9 0 0 0 
91 91 91 91 91 90 90 89 87 87 87 87 86 86 86 68 68 67 66 65 63 63 63 63 54 52 52 50 50 50 50 41 27 27 27 26 25 24 19 15 14 13 13 7 7 2 2 2 0 0 
90 90 90 90 90 90 90 90 90 87 87 87 87 85 84 84 84 84 81 69 66 65 59 57 57 57 56 50 50 50 50 50 50 50 50 50 44 40 35 35 12 12 10 8 8 8 7 1 1 1 
86 86 86 86 86 86 86 86 86 86 85 85 85 82 82 82 79 66 62 61 52 52 52 52 51 51 51 50 50 50 50 50 50 42 42 41 40 36 36 23 22 14 13 12 3 3 3 3 2 1 
84 84 84 84 84 84 84 84 84 84 84 84 84 81 76 76 66 61 60 59 55 55 50 50 50 50 50 50 50 49 47 41 40 38 37 36 31 31 31 16 9 7 6 5 5 1 1 1 1 0 
83 83 83 83 83 83 83 83 83 83 83 83 83 83 83 67 63 63 63 62 62 62 57 53 51 51 51 51 51 51 50 42 37 37 37 37 37 37 35 34 33 31 23 18 17 16 13 13 2 1 
88 88 88 88 88 88 88 88 88 88 88 88 88 88 88 88 88 88 85 78 65 60 59 59 58 58 58 55 51 51 51 51 50 50 50 50 50 45 45 41 15 13 9 9 8 7 1 1 1 0 
85 85 85 85 85 85 85 85 85 85 85 85 85 85 85 85 81 76 75 69 66 65 60 60 60 60 60 60 57 56 52 50 50 50 50 50 46 45 41 32 31 24 21 16 14 14 12 11 8 2 
84 84 84 84 84 84 84 84 84 84 84 84 80 70 64 57 57 57 51 51 51 51 51 51 51 51 51 51 51 51 51 51 51 38 38 37 36 36 33 18 15 15 12 11 10 8 5 2 2 1 
86 86 86 86 86 86 86 86 86 86 86 86 86 86 86 86 86 86 86 80 80 70 64 63 62 62 58 58 58 58 58 53 51 51 51 51 51 51 51 50 50 14 14 8 8 8 6 3 1 1 
77 77 77 77 77 77 77 77 77 77 77 77 77 77 77 77 76 75 74 74 64 63 57 55 55 55 54 53 52 52 52 52 50 50 50 50 50 50 30 29 29 19 13 10 9 5 4 2 2 0 
88 88 88 88 88 88 88 88 88 88 88 88 88 87 87 78 78 78 62 60 58 58 57 55 54 51 51 51 51 50 50 50 45 39 39 34 29 26 15 5 5 4 1 1 1 1 1 1 1 1 
83 83 83 83 83 83 83 83 83 83 83 83 83 60 59 58 57 51 51 51 51 51 51 51 51 51 51 50 50 50 50 50 34 34 34 17 12 9 8 7 6 5 1 1 1 1 0 0 0 0 
77 77 77 77 77 77 77 77 77 77 77 77 77 77 77 76 75 56 54 52 50 50 50 50 50 50 50 50 50 50 50 36 36 33 33 31 29 29 28 21 16 12 7 6 6 5 2 2 2 2 
89 89 89 89 89 89 89 89 89 89 89 89 88 88 70 64 64 63 56 54 54 54 54 51 51 51 51 51 51 51 51 51 51 51 51 51 50 50 40 39 39 28 21 19 18 12 9 2 2 2 
81 81 81 81 81 81 81 81 81 81 81 81 81 70 68 58 56 56 55 55 55 55 51 51 51 51 51 51 50 50 50 43 36 36 30 21 9 9 8 5 5 1 1 1 1 1 1 1 1 0 
91 91 91 91 91 91 91 91 91 91 91 91 91 91 86 71 63 61 61 60 60 60 60 58 54 54 54 54 54 54 54 54 51 51 50 50 50 50 50 49 30 20 12 11 11 11 11 5 5 5 
80 80 80 80 80 80 80 80 80 80 80 80 80 80 73 67 61 60 59 58 58 58 50 50 50 50 50 50 50 50 50 50 50 50 50 40 36 36 20 19 18 14 6 2 2 2 2 2 2 0 
81 81 81 81 81 81 81 81 81 81 81 81 81 81 81 81 73 72 57 55 54 54 54 53 53 50 50 50 50 50 50 35 35 34 28 27 27 25 13 10 9 8 7 6 6 4 4 3 3 0 
79 79 79 79 79 79 79 79 79 79 79 79 79 79 79 79 78 76 75 74 74 74 66 61 61 61 57 51 51 51 51 51 51 50 50 30 28 27 23 21 21 14 10 8 7 2 2 2 2 1 
85 85 85 85 85 85 85 85 85 85 85 85 85 85 83 78 78 75 75 75 71 71 71 58 56 56 51 51 51 51 51 51 51 51 50 50 45 36 36 36 36 32 16 8 6 1 1 1 1 0 
83 83 83 83 83 83 83 83 83 83 83 83 83 83 83 83 83 83 83 83 82 82 81 81 75 73 69 63 59 59 57 51 51 51 50 43 38 38 37 37 33 19 10 8 4 4 1 1 1 1 
86 86 86 86 86 86 86 86 86 86 86 86 86 83 83 79 73 69 69 68 57 57 57 56 51 51 51 51 51 50 50 50 50 41 41 41 39 37 27 25 22 11 6 6 6 5 1 1 0 0 
85 85 85 85 85 85 85 85 85 85 85 85 85 85 85 84 81 81 81 81 79 79 72 69 62 62 62 59 59 59 52 52 52 52 52 51 51 50 50 44 38 33 27 23 18 12 11 10 3 1 
84 84 84 84 84 84 84 84 84 84 84 84 84 84 84 84 84 84 84 82 81 81 72 70 69 69 66 64 62 62 60 60 60 60 56 50 50 50 50 50 38 37 37 26 26 11 11 6 1 1 
87 87 87 87 87 87 87 87 87 87 87 87 87 87 87 87 87 87 83 83 82 79 67 63 60 57 56 56 51 51 51 51 51 51 51 51 51 51 51 51 50 50 39 10 10 2 2 2 2 1 
89 89 89 89 89 89 89 89 89 89 89 87 83 81 79 78 78 78 76 61 59 58 58 58 57 50 50 50 50 50 50 50 50 50 50 50 50 50 39 35 28 22 8 6 6 0 0 0 0 0 
76 76 76 76 76 76 76 76 76 76 76 76 76 76 76 76 76 75 73 70 70 67 65 55 54 53 50 50 50 50 50 50 50 50 50 50 50 32 31 25 22 18 14 13 10 8 0 0 0 0 
86 86 86 86 86 86 86 86 86 86 86 86 86 86 86 86 86 75 63 63 62 61 57 57 56 55 55 50 50 50 50 50 50 50 50 50 50 50 50 50 37 36 33 32 23 22 22 0 0 0 
