0.1875 0.71875 0.5 0.84375 0.875 0.9375 0.625 0.9375 0.5625 1.0 
0.71875 0.9375 0.9375 1.0 0.40625 0.25 0.1875 0.03125 1.0 0.6875 
0.5 0.71875 0.875 0.9375 0.9375 1.0 0.40625 0.25 0.1875 0.03125 
0.75 0.5 0.5 0.5 0.71875 0.875 0.9375 0.9375 1.0 0.40625 
0.75 0.5 0.5 0.5 0.5 0.46875 0.46875 0.71875 0.875 0.9375 
0.75 0.5 0.5 0.5 0.5 0.5 0.46875 0.46875 0.46875 0.46875 
0.75 0.5 0.5 0.5 0.5 0.5 0.46875 0.46875 0.46875 0.5 
0.75 0.46875 0.5 0.5 0.5 0.5 0.5 0.5 0.5 0.53125 
0.75 0.5 0.5 0.5 0.5 0.5 0.5 0.5 0.53125 0.5 
0.75 0.4375 0.5 0.5 0.5 0.5 0.5 0.5 0.5 0.53125 
0.75 0.4375 0.4375 0.46875 0.46875 0.5 0.5 0.5 0.5 0.5 
0.46875 0.46875 0.5 0.5 0.5 0.5 0.5 0.46875 0.5 0.5625 
0.5 0.5 0.5 0.5 0.5 0.5 0.5 0.5625 0.5 0.53125 
0.5 0.5625 0.5 0.5 0.5 0.5 0.5 0.5 0.5625 0.5 
0.5625 0.5625 0.5 0.53125 0.5 0.5 0.5625 0.5 0.53125 0.5625 
0.5625 0.5625 0.5625 0.5625 0.5 0.53125 0.5 0.5 0.5625 0.5 
0.5625 0.5625 0.5625 0.5625 0.5625 0.5625 0.5625 0.5 0.53125 0.53125 
0.5625 0.5625 0.5625 0.5625 0.5625 0.5625 0.5625 0.5 0.5625 0.5625 
0.5625 0.5625 0.5625 0.5625 0.5625 0.5625 0.5 0.5625 0.5625 0.5625 
0.59375 0.5625 0.5625 0.5625 0.5625 0.5625 0.5625 0.5 0.5625 0.5625 
0.59375 0.5625 0.5625 0.5625 0.5625 0.5625 0.5625 0.53125 0.5625 0.59375 
0.59375 0.59375 0.59375 0.5625 0.5625 0.5625 0.5625 0.5625 0.5625 0.53125 
0.59375 0.59375 0.59375 0.5625 0.5625 0.5625 0.5625 0.5625 0.5625 0.53125 
0.59375 0.59375 0.59375 0.59375 0.53125 0.5625 0.5625 0.5625 0.5625 0.5625 
0.59375 0.59375 0.59375 0.59375 0.53125 0.5625 0.53125 0.5625 0.5625 0.5625 
0.59375 0.59375 0.59375 0.59375 0.5625 0.59375 0.5625 0.59375 0.59375 0.59375 
0.59375 0.59375 0.59375 0.59375 0.5625 0.59375 0.5625 0.59375 0.59375 0.59375 
0.59375 0.59375 0.59375 0.59375 0.5625 0.59375 0.5625 0.59375 0.59375 0.59375 
0.59375 0.59375 0.59375 0.59375 0.5625 0.59375 0.5625 0.59375 0.59375 0.59375 
0.59375 0.59375 0.59375 0.59375 0.5625 0.59375 0.5625 0.59375 0.59375 0.59375 
0.59375 0.59375 0.59375 0.59375 0.5625 0.59375 0.5625 0.59375 0.59375 0.59375 
0.59375 0.59375 0.59375 0.59375 0.5625 0.59375 0.5625 0.59375 0.59375 0.59375 
0.59375 0.59375 0.59375 0.59375 0.5625 0.59375 0.5625 0.59375 0.59375 0.59375 
0.59375 0.59375 0.59375 0.59375 0.5625 0.59375 0.5625 0.59375 0.59375 0.59375 
0.59375 0.59375 0.59375 0.59375 0.5625 0.59375 0.5625 0.59375 0.59375 0.59375 
0.59375 0.59375 0.59375 0.59375 0.5625 0.59375 0.5625 0.59375 0.59375 0.59375 
0.59375 0.59375 0.59375 0.59375 0.59375 0.59375 0.59375 0.59375 0.5625 0.5625 
0.59375 0.59375 0.59375 0.59375 0.59375 0.59375 0.59375 0.59375 0.59375 0.59375 
0.59375 0.59375 0.59375 0.59375 0.59375 0.59375 0.59375 0.59375 0.59375 0.5625 
0.59375 0.59375 0.59375 0.59375 0.59375 0.59375 0.59375 0.59375 0.59375 0.5625 
0.59375 0.59375 0.59375 0.59375 0.59375 0.59375 0.59375 0.59375 0.59375 0.5625 
0.625 0.625 0.59375 0.59375 0.59375 0.59375 0.59375 0.59375 0.59375 0.59375 
0.625 0.625 0.59375 0.59375 0.59375 0.59375 0.59375 0.59375 0.59375 0.59375 
0.625 0.625 0.59375 0.59375 0.59375 0.59375 0.59375 0.59375 0.59375 0.59375 
0.625 0.625 0.59375 0.59375 0.59375 0.59375 0.59375 0.59375 0.59375 0.59375 
0.59375 0.59375 0.59375 0.59375 0.59375 0.59375 0.59375 0.59375 0.5625 0.5625 
0.59375 0.59375 0.59375 0.59375 0.59375 0.59375 0.59375 0.59375 0.5625 0.5625 
0.59375 0.59375 0.59375 0.59375 0.59375 0.59375 0.59375 0.59375 0.59375 0.59375 
0.59375 0.59375 0.59375 0.59375 0.59375 0.59375 0.59375 0.59375 0.59375 0.59375 
0.59375 0.59375 0.59375 0.625 0.59375 0.59375 0.59375 0.59375 0.59375 0.59375 
