% Invoked: ./gella -d -r 2 -l biased_r2/run43 >& biased_r2/run43.log
% Ministry of Cellular Automata
% Project Deux (CS523 Spring 2015)
% Version:v0.1-70-g0624-dirty
%  pop:50
%  ic count:100
%  CA Log option:biased_r2/run43
%  width:121
%  max workers:4
%  radius:2
%  iterations:300
%  use bias:true
%  generations:50

 generation 0.0.0.0.0.50.0.0.50.50.0.0.0.0.0.50.17.50.9.50.0.38.0.0.0.0.0.0.0.33.0.0.0.0.0.0.0.0.50.27.0.50.0.0.0.0.0.50.0.0.0.xover.mutate.done 50
 generation 1.50.50.50.50.50.50.50.50.50.36.0.50.50.50.0.0.0.9.0.50.0.0.50.0.0.50.50.0.12.0.0.0.0.50.50.0.0.50.0.50.0.23.50.50.50.15.57.37.0.13.xover.mutate.done 50
 generation 2.50.50.50.51.51.50.50.50.50.51.50.44.1.50.1.1.11.1.51.51.7.1.51.50.1.1.50.51.1.51.50.50.51.50.1.50.0.1.51.1.51.50.1.1.51.50.50.50.7.50.xover.mutate.done 50
 generation 3.50.50.50.50.50.50.50.50.50.50.2.50.0.50.2.50.50.50.13.50.0.50.2.50.50.50.50.50.50.50.52.13.0.0.9.2.0.15.2.50.50.50.2.50.52.2.2.57.0.0.xover.mutate.done 50
 generation 4.58.50.50.51.51.51.51.51.51.51.50.1.51.51.50.1.1.1.50.10.51.50.1.1.1.58.1.0.9.1.50.0.1.1.1.50.1.1.50.50.1.50.51.1.51.51.50.51.0.1.xover.mutate.done 50
 generation 5.59.58.50.50.50.50.50.50.50.50.1.0.50.50.50.0.1.9.48.60.26.50.50.50.0.50.11.50.1.17.16.0.1.11.1.0.51.13.1.51.51.51.9.50.51.51.58.50.1.51.xover.mutate.done 50
 generation 6.66.61.61.61.51.51.51.51.51.51.1.79.1.59.51.61.50.50.50.50.51.1.51.12.50.50.50.50.51.1.1.34.50.1.17.51.16.51.50.51.61.1.61.51.1.51.0.50.79.1.xover.mutate.done 50
 generation 7.81.81.71.61.63.63.63.63.63.58.56.58.50.51.81.63.15.71.63.51.42.58.15.3.14.52.51.51.3.51.63.3.51.51.17.3.63.3.52.51.51.51.63.17.42.81.3.64.63.15.xover.mutate.done 50
 generation 8.74.74.74.74.59.59.56.61.61.61.2.59.61.51.12.50.12.51.59.12.12.50.2.61.74.61.51.51.59.74.56.17.51.44.51.51.51.61.61.51.73.61.41.50.61.59.22.44.53.61.xover.mutate.done 50
 generation 9.80.80.80.80.81.80.78.62.62.62.81.81.50.50.57.78.35.81.24.81.50.64.64.50.12.30.57.0.64.64.62.62.36.50.12.62.12.81.62.50.50.47.18.80.62.31.62.49.31.50.xover.mutate.done 50
 generation 10.82.82.82.82.82.82.82.82.82.82.60.8.42.52.82.50.82.2.59.50.82.27.20.82.2.82.32.52.60.2.60.50.60.60.80.60.50.82.60.50.52.52.53.82.2.23.60.2.82.20.xover.mutate.done 50
 generation 11.75.75.75.75.75.75.75.75.75.75.25.75.77.59.75.0.75.75.50.0.50.7.75.66.50.45.7.58.0.75.50.75.75.75.75.25.0.74.59.27.0.27.9.25.59.50.57.75.0.7.xover.mutate.done 50
 generation 12.85.85.85.85.85.85.85.85.85.85.85.85.85.85.50.38.37.44.85.9.84.85.85.1.85.60.85.85.50.22.85.85.50.85.64.85.85.59.4.1.1.60.85.85.52.85.57.85.85.85.xover.mutate.done 50
 generation 13.82.79.79.79.79.79.79.79.79.79.51.78.51.79.79.57.8.79.79.51.77.79.55.52.35.66.79.51.61.51.79.61.79.79.35.79.30.33.78.35.50.50.79.51.79.79.51.51.79.79.xover.mutate.done 50
 generation 14.80.79.79.79.79.79.79.79.79.79.42.51.61.14.61.27.3.50.53.53.79.79.20.79.79.51.3.44.50.53.61.53.50.50.70.51.9.50.75.50.79.48.79.60.61.79.50.81.50.10.xover.mutate.done 50
 generation 15.80.79.79.79.79.79.79.79.79.79.56.11.79.79.56.50.79.79.50.56.50.54.29.10.33.79.79.80.81.50.56.60.79.79.56.0.60.29.79.17.50.78.0.60.18.79.79.79.79.79.xover.mutate.done 50
 generation 16.85.79.81.81.81.81.81.81.81.81.51.50.9.66.65.81.81.81.66.69.78.91.85.85.65.50.62.81.81.81.85.79.65.30.66.79.51.65.31.85.59.81.43.78.81.81.79.81.31.14.xover.mutate.done 50
 generation 17.81.75.75.75.75.75.83.82.81.81.51.51.82.60.50.82.60.81.80.58.0.51.22.81.83.81.81.25.82.60.51.81.81.81.50.75.34.44.81.51.60.81.51.1.58.50.51.81.62.72.xover.mutate.done 50
 generation 18.78.78.79.79.79.79.86.78.78.86.1.81.50.57.51.78.7.86.79.51.50.81.78.79.50.59.53.17.50.58.57.33.51.78.50.73.79.51.50.50.56.50.81.81.78.51.78.51.81.86.xover.mutate.done 50
 generation 19.81.81.81.81.81.81.81.81.81.81.79.54.80.50.31.81.79.81.50.81.41.80.81.70.82.50.8.30.70.50.1.62.51.51.79.80.50.50.57.82.80.50.51.73.58.57.50.60.34.51.xover.mutate.done 50
 generation 20.79.79.88.88.88.88.84.80.80.84.80.52.4.50.60.52.69.30.4.52.12.78.52.52.88.52.52.52.52.52.85.52.52.79.60.80.4.52.60.78.80.48.65.52.52.52.85.6.57.85.xover.mutate.done 50
 generation 21.85.85.85.85.85.83.83.83.81.81.51.85.65.82.16.51.50.6.82.50.1.83.30.50.7.28.23.82.35.1.65.51.1.85.48.50.81.46.50.62.82.0.50.11.40.17.7.1.37.82.xover.mutate.done 50
 generation 22.77.77.77.77.77.78.77.78.79.78.7.78.50.63.4.2.51.50.42.35.50.51.35.59.2.48.50.58.50.50.50.44.50.59.9.78.77.50.10.48.51.50.2.44.54.51.26.78.50.2.xover.mutate.done 50
 generation 23.80.81.78.79.81.79.78.80.80.80.52.80.66.60.78.79.2.52.52.78.46.2.35.59.2.71.23.50.50.50.52.16.50.78.50.73.52.52.52.71.2.53.71.50.33.50.52.57.50.50.xover.mutate.done 50
 generation 24.87.87.83.87.87.87.87.81.81.80.80.63.86.54.50.80.77.87.31.38.50.80.0.50.8.70.50.0.41.50.50.69.54.10.87.29.82.50.50.86.0.81.62.50.64.31.8.59.68.87.xover.mutate.done 50
 generation 25.86.86.85.85.85.85.85.86.86.80.79.80.8.86.50.5.50.51.50.21.81.77.86.85.65.50.78.50.74.82.82.50.48.17.26.41.58.50.80.79.28.23.51.85.82.51.80.86.82.80.xover.mutate.done 50
 generation 26.80.80.80.80.80.80.80.80.80.80.33.75.80.0.63.80.80.80.74.50.58.61.80.58.50.0.6.80.80.50.58.35.67.80.50.64.50.80.50.75.6.75.25.50.80.0.80.64.80.66.xover.mutate.done 50
 generation 27.88.88.88.88.88.88.88.87.87.87.51.51.61.88.52.79.88.51.50.2.51.82.88.83.88.51.51.88.74.78.82.51.51.80.50.50.50.51.44.65.2.51.50.51.81.50.48.51.88.88.xover.mutate.done 50
 generation 28.86.86.86.86.86.86.86.86.86.86.76.50.80.50.50.50.65.0.50.50.0.60.50.86.39.50.86.86.50.86.50.50.0.50.0.50.35.77.71.50.50.0.65.50.50.50.0.63.64.74.xover.mutate.done 50
 generation 29.86.86.86.86.86.86.86.86.86.86.51.50.2.50.86.84.2.61.51.73.67.58.63.86.86.40.86.80.51.64.50.73.2.86.60.51.86.51.58.51.50.65.51.58.51.58.10.65.58.75.xover.mutate.done 50
 generation 30.84.84.84.84.84.84.84.84.84.84.32.77.84.37.36.69.51.14.68.52.84.51.84.21.50.52.52.62.62.37.62.52.52.80.62.71.62.73.62.52.52.52.3.51.52.62.69.84.52.32.xover.mutate.done 50
 generation 31.81.81.81.81.81.81.81.81.81.81.51.8.60.79.28.1.50.50.71.79.50.77.36.28.50.50.50.50.60.66.81.81.50.55.50.50.60.1.81.77.0.50.16.60.79.28.60.50.79.81.xover.mutate.done 50
 generation 32.84.84.84.84.84.84.84.84.84.84.51.76.51.51.65.69.84.1.79.84.51.79.51.79.76.50.66.65.77.65.50.37.30.50.60.84.79.31.51.16.37.51.69.80.13.40.51.75.16.80.xover.mutate.done 50
 generation 33.84.84.84.84.84.84.84.84.84.84.1.42.0.77.84.16.36.50.74.69.50.51.69.51.51.79.40.59.77.79.1.51.51.84.64.79.63.79.50.24.84.34.61.69.1.63.10.51.50.60.xover.mutate.done 50
 generation 34.84.84.84.84.84.84.84.84.84.84.71.32.72.59.70.79.53.50.72.3.78.40.30.50.71.10.57.53.29.40.3.15.40.36.3.53.3.50.37.51.45.3.39.53.50.18.72.79.84.3.xover.mutate.done 50
 generation 35.86.86.86.86.86.86.86.86.86.86.24.0.43.82.61.41.0.64.73.50.0.50.50.50.50.38.86.50.0.28.43.30.0.50.22.72.0.50.75.0.50.61.50.12.86.70.82.50.50.50.xover.mutate.done 50
 generation 36.89.89.89.89.89.89.89.89.89.89.17.50.73.89.13.84.36.49.2.89.76.2.63.2.7.89.2.21.80.50.24.20.89.50.50.65.50.41.22.89.43.84.0.50.89.50.58.50.32.50.xover.mutate.done 50
 generation 37.83.83.83.83.83.83.83.83.83.83.50.37.71.57.13.83.51.51.6.55.76.51.50.67.63.83.51.58.76.51.2.83.72.77.55.57.51.71.83.75.2.40.58.75.50.72.51.50.69.61.xover.mutate.done 50
 generation 38.87.87.87.87.87.87.87.87.87.87.81.52.87.51.87.52.84.51.76.3.60.52.3.81.87.72.51.86.73.78.41.3.50.50.87.3.63.83.73.50.51.87.87.50.52.52.73.87.83.72.xover.mutate.done 50
 generation 39.87.87.87.87.87.87.87.87.87.87.3.43.39.61.72.67.3.50.50.79.85.3.79.53.67.87.85.87.53.87.53.85.50.30.72.85.75.50.74.87.50.37.85.75.49.11.53.74.87.52.xover.mutate.done 50
 generation 40.85.85.85.85.85.85.85.85.85.85.1.37.1.42.50.62.28.50.1.49.36.62.50.76.1.58.10.27.85.38.85.51.50.42.74.79.51.56.74.78.80.68.38.56.76.38.10.28.70.13.xover.mutate.done 50
 generation 41.84.84.84.84.84.84.84.84.84.84.68.77.81.50.71.50.27.73.51.72.72.83.56.28.56.56.37.75.40.51.51.3.50.84.81.70.50.56.81.77.1.50.81.52.51.51.2.51.50.84.xover.mutate.done 50
 generation 42.77.77.77.77.77.77.77.77.77.77.75.60.63.60.77.34.59.60.59.59.77.50.51.58.58.50.51.73.50.50.29.66.73.50.73.51.77.20.16.50.50.16.50.33.50.77.77.7.69.68.xover.mutate.done 50
 generation 43.85.85.85.85.85.85.85.85.85.85.45.63.51.83.50.35.75.37.48.33.50.51.62.50.50.50.64.61.85.63.0.50.5.50.50.18.79.56.66.51.13.62.42.85.56.71.0.0.18.1.xover.mutate.done 50
 generation 44.86.86.86.86.86.86.86.86.86.86.50.0.0.83.50.58.82.17.50.50.86.0.0.50.50.31.86.57.37.16.50.50.72.50.43.86.52.62.50.50.86.82.41.50.50.83.12.21.50.52.xover.mutate.done 50
 generation 45.89.89.89.89.89.89.89.89.89.89.3.51.56.51.67.12.3.3.5.5.3.50.51.73.37.50.50.89.85.77.5.56.51.37.44.87.51.51.52.87.3.89.85.3.37.69.51.51.89.51.xover.mutate.done 50
 generation 46.86.86.86.86.86.86.86.86.86.86.35.39.45.52.52.32.83.85.35.14.39.38.38.52.63.79.34.52.52.60.2.86.2.52.63.82.86.52.62.86.52.84.35.31.29.52.50.40.85.12.xover.mutate.done 50
 generation 47.83.83.83.83.83.83.83.83.83.83.4.53.51.51.72.83.28.50.72.6.51.4.46.8.53.77.4.78.47.51.4.78.53.52.53.81.83.50.71.14.53.53.52.83.53.29.4.23.25.51.xover.mutate.done 50
 generation 48.79.79.79.79.79.79.79.79.79.79.63.63.50.9.79.0.50.50.12.61.59.72.37.55.50.31.62.66.62.50.62.70.50.79.6.79.51.12.55.61.23.79.1.50.13.28.79.50.40.51.xover.mutate.done 50
 generation 49.83.83.83.83.83.83.83.83.83.83.39.52.64.50.13.67.50.26.83.51.1.83.41.51.32.68.50.51.64.15.60.83.15.13.2.51.50.32.83.51.51.71.83.34.60.51.81.2.83.83.xover.mutate.done 50
 22665936 iters     894677 iter/sec (25.33 s)
 total time: 25.33
