0.5625 0.5625 0.4375 0.6875 1.0 0.6875 0.25 0.84375 0.125 0.15625 
1.0 0.84375 0.125 0.09375 0.9375 0.15625 0.96875 0.90625 0.15625 0.71875 
0.53125 1.0 0.84375 0.125 0.09375 0.9375 0.15625 0.96875 0.90625 0.15625 
0.125 0.09375 0.15625 0.34375 0.1875 0.46875 0.28125 0.125 0.125 0.25 
0.5625 0.84375 0.59375 0.125 0.09375 0.15625 0.34375 0.1875 0.46875 0.28125 
0.5625 0.5625 0.125 0.09375 0.15625 0.34375 0.1875 0.46875 0.28125 0.25 
0.53125 0.5625 0.5625 0.5625 0.71875 0.875 0.5625 0.8125 0.625 0.78125 
0.5 0.5 0.53125 0.5625 0.5625 0.5625 0.5625 0.5625 0.5625 0.59375 
0.5 0.5 0.5 0.5 0.53125 0.53125 0.46875 0.5625 0.5625 0.5625 
0.5 0.5 0.5 0.5 0.53125 0.5 0.46875 0.5625 0.5625 0.5625 
0.53125 0.53125 0.53125 0.53125 0.53125 0.53125 0.5 0.5 0.5 0.5 
0.53125 0.53125 0.53125 0.53125 0.53125 0.53125 0.5 0.5 0.5 0.5 
0.46875 0.53125 0.53125 0.53125 0.53125 0.53125 0.53125 0.5 0.5 0.5 
0.46875 0.53125 0.53125 0.53125 0.53125 0.53125 0.53125 0.5 0.5 0.5 
0.46875 0.53125 0.53125 0.53125 0.53125 0.53125 0.53125 0.5 0.5 0.5 
0.53125 0.46875 0.53125 0.53125 0.53125 0.53125 0.53125 0.53125 0.5 0.5 
0.46875 0.53125 0.5 0.46875 0.53125 0.53125 0.53125 0.53125 0.53125 0.53125 
0.5 0.46875 0.46875 0.46875 0.46875 0.46875 0.5 0.46875 0.53125 0.53125 
0.5 0.5 0.46875 0.5 0.5 0.46875 0.5 0.53125 0.53125 0.5 
0.5 0.5 0.5 0.5 0.46875 0.53125 0.5 0.46875 0.46875 0.46875 
0.5 0.5 0.5 0.5 0.5 0.5 0.46875 0.53125 0.5 0.46875 
0.5 0.5 0.5 0.5 0.5 0.53125 0.5 0.5 0.46875 0.46875 
0.5 0.5 0.5 0.5 0.5 0.53125 0.5 0.53125 0.5 0.5 
0.5 0.53125 0.53125 0.5 0.53125 0.5 0.53125 0.5 0.5 0.5 
0.53125 0.53125 0.5 0.5 0.5 0.5 0.46875 0.5 0.5 0.46875 
0.53125 0.53125 0.5 0.5 0.5 0.46875 0.5625 0.53125 0.53125 0.46875 
0.53125 0.53125 0.53125 0.53125 0.53125 0.53125 0.5 0.5 0.5 0.5 
0.53125 0.53125 0.53125 0.53125 0.53125 0.53125 0.5 0.5 0.5 0.5 
0.53125 0.53125 0.53125 0.53125 0.53125 0.53125 0.5 0.53125 0.5 0.5 
0.53125 0.53125 0.53125 0.53125 0.53125 0.53125 0.5 0.53125 0.5 0.5 
0.53125 0.53125 0.53125 0.53125 0.53125 0.53125 0.5 0.53125 0.5 0.5 
0.53125 0.53125 0.53125 0.53125 0.53125 0.53125 0.5 0.53125 0.5 0.5 
0.53125 0.53125 0.53125 0.53125 0.53125 0.53125 0.5 0.53125 0.5 0.5 
0.53125 0.53125 0.53125 0.53125 0.53125 0.53125 0.5 0.53125 0.5 0.5 
0.53125 0.53125 0.53125 0.53125 0.53125 0.53125 0.5 0.53125 0.5 0.5 
0.53125 0.53125 0.53125 0.53125 0.53125 0.53125 0.5 0.53125 0.5 0.5 
0.53125 0.53125 0.53125 0.53125 0.53125 0.53125 0.5 0.53125 0.5 0.5 
0.53125 0.53125 0.53125 0.53125 0.53125 0.53125 0.5 0.53125 0.5 0.5 
0.53125 0.53125 0.53125 0.53125 0.53125 0.53125 0.5 0.53125 0.5 0.5 
0.53125 0.53125 0.53125 0.53125 0.53125 0.53125 0.5 0.53125 0.5 0.5 
0.53125 0.53125 0.53125 0.53125 0.53125 0.53125 0.5 0.53125 0.5 0.5 
0.53125 0.53125 0.53125 0.53125 0.53125 0.53125 0.5 0.53125 0.5 0.5 
0.53125 0.53125 0.53125 0.53125 0.53125 0.53125 0.5 0.53125 0.5 0.5 
0.53125 0.53125 0.53125 0.53125 0.53125 0.53125 0.5 0.53125 0.5 0.5 
0.53125 0.53125 0.53125 0.53125 0.53125 0.53125 0.5 0.53125 0.5 0.5 
0.53125 0.53125 0.53125 0.53125 0.53125 0.53125 0.5 0.53125 0.5 0.5 
0.53125 0.53125 0.53125 0.53125 0.53125 0.53125 0.5 0.53125 0.5 0.5 
0.53125 0.53125 0.53125 0.53125 0.53125 0.53125 0.5 0.53125 0.5 0.5 
0.53125 0.53125 0.53125 0.53125 0.53125 0.53125 0.5 0.53125 0.5 0.5 
0.53125 0.53125 0.53125 0.53125 0.53125 0.53125 0.5 0.53125 0.5 0.5 
