% Invoked: ./gella -d -r 2 -l biased_r2/run45 >& biased_r2/run45.log
% Ministry of Cellular Automata
% Project Deux (CS523 Spring 2015)
% Version:v0.1-70-g0624-dirty
%  pop:50
%  ic count:100
%  CA Log option:biased_r2/run45
%  width:121
%  max workers:4
%  radius:2
%  iterations:300
%  use bias:true
%  generations:50

 generation 0.2.0.2.50.2.11.50.50.50.0.0.0.50.2.2.50.2.2.50.50.2.50.2.0.50.2.2.0.2.50.2.2.2.0.50.2.0.2.2.2.2.50.2.50.0.2.2.2.0.2.xover.mutate.done 50
 generation 1.50.50.50.50.50.50.50.51.50.51.0.1.50.0.50.50.50.1.50.0.1.50.0.1.0.0.1.37.0.1.1.50.50.50.50.1.50.50.1.50.0.50.0.1.1.50.0.1.50.1.xover.mutate.done 50
 generation 2.51.51.50.50.50.50.50.50.50.50.3.50.1.3.1.4.53.51.4.45.14.50.51.1.20.4.4.50.50.3.50.53.3.50.16.4.53.50.4.50.3.50.1.3.1.3.50.4.4.51.xover.mutate.done 50
 generation 3.51.51.51.50.50.50.50.50.50.50.1.5.50.1.50.1.1.50.51.1.18.50.50.51.50.13.50.50.1.1.1.0.0.1.29.50.1.36.50.1.0.0.1.1.50.1.50.51.50.0.xover.mutate.done 50
 generation 4.50.50.50.50.50.50.52.52.52.52.0.50.6.50.0.50.2.50.50.50.2.0.0.52.30.52.50.2.50.66.0.50.0.2.2.0.50.0.2.50.52.0.52.2.52.0.2.0.52.57.xover.mutate.done 50
 generation 5.79.59.51.51.51.51.51.51.51.51.1.50.50.50.50.51.51.51.0.0.51.8.50.1.1.1.1.50.50.51.1.51.20.11.51.50.1.51.1.1.1.0.51.0.79.51.50.1.51.7.xover.mutate.done 50
 generation 6.69.69.53.50.50.50.50.50.50.50.50.0.50.50.32.9.0.0.50.50.50.0.0.50.50.0.50.0.50.32.3.50.50.50.6.50.0.50.50.50.12.10.0.17.0.50.32.50.0.50.xover.mutate.done 50
 generation 7.75.75.65.50.50.50.50.50.50.50.50.0.0.0.50.50.26.15.50.50.50.50.50.0.50.0.50.50.15.50.50.15.50.50.0.36.50.50.50.0.50.50.0.0.0.35.31.0.0.0.xover.mutate.done 50
 generation 8.74.74.57.51.51.51.51.51.51.51.51.51.51.51.2.51.1.51.51.1.51.50.50.51.28.51.1.1.51.36.2.51.51.42.51.32.51.2.51.51.51.5.51.51.51.2.79.51.51.2.xover.mutate.done 50
 generation 9.76.72.72.57.50.50.50.50.50.50.24.50.50.7.6.50.50.50.0.52.50.50.50.50.50.50.41.50.0.50.12.50.40.26.50.50.50.50.30.50.32.50.10.50.50.50.50.72.50.50.xover.mutate.done 50
 generation 10.73.67.67.67.59.49.50.50.50.50.8.50.50.9.27.0.40.10.50.50.50.9.1.50.63.9.19.30.50.58.50.16.50.65.1.50.50.50.50.1.50.41.58.73.50.1.63.50.50.50.xover.mutate.done 50
 generation 11.70.70.69.69.69.67.66.66.57.62.22.18.50.50.50.70.62.1.11.39.50.56.29.50.69.36.23.66.19.12.50.50.46.70.50.50.50.50.11.70.7.0.67.25.50.13.50.50.50.51.xover.mutate.done 50
 generation 12.74.74.74.73.74.72.72.72.72.72.50.10.50.50.32.60.50.56.69.72.50.9.50.50.74.72.79.48.60.72.72.72.72.32.61.41.69.12.50.45.50.50.50.56.33.73.36.72.33.50.xover.mutate.done 50
 generation 13.74.73.73.73.73.68.68.68.66.66.30.68.60.1.50.68.9.49.68.34.52.50.20.49.3.20.50.2.10.77.51.20.59.53.52.71.74.73.73.10.23.52.66.63.52.20.53.50.50.62.xover.mutate.done 50
 generation 14.81.82.81.76.76.76.76.76.76.77.54.27.81.46.76.62.27.50.50.50.81.68.50.67.67.67.55.43.1.26.78.41.67.22.47.65.50.43.50.1.1.74.27.44.47.50.48.51.78.76.xover.mutate.done 50
 generation 15.85.78.85.78.85.82.82.82.74.74.81.83.84.40.0.78.50.0.50.41.80.82.66.20.74.57.74.75.20.51.84.0.79.82.81.61.0.50.56.74.63.50.50.74.64.50.48.82.49.48.xover.mutate.done 50
 generation 16.79.77.77.77.81.78.76.76.73.73.0.77.50.50.5.76.50.72.76.73.76.50.50.50.50.78.77.0.49.50.44.0.50.32.73.75.77.74.81.73.76.38.77.77.26.37.50.73.9.70.xover.mutate.done 50
 generation 17.79.79.75.78.74.74.74.77.77.77.50.21.79.78.71.50.26.51.50.28.51.13.51.1.1.74.1.17.1.73.19.50.70.51.1.15.1.51.1.39.71.58.51.69.72.51.50.70.69.50.xover.mutate.done 50
 generation 18.77.77.77.75.75.74.74.74.79.75.60.50.50.45.63.78.26.1.56.50.56.78.55.77.65.50.50.1.75.50.50.50.1.51.73.64.56.50.20.22.50.75.0.0.54.45.59.40.85.54.xover.mutate.done 50
 generation 19.86.82.81.81.83.83.83.83.82.82.82.77.66.78.54.54.2.48.21.29.52.58.66.58.50.29.54.54.81.74.6.44.50.83.83.50.55.86.50.40.50.34.74.86.44.43.83.6.50.72.xover.mutate.done 50
 generation 20.88.88.87.83.83.83.83.83.83.83.1.75.63.61.1.50.1.51.33.14.71.81.55.58.62.83.50.63.75.51.51.51.48.40.19.82.63.1.36.50.85.43.48.50.57.28.88.51.1.24.xover.mutate.done 50
 generation 21.78.78.78.76.76.73.73.73.73.73.24.61.69.16.50.41.59.39.0.66.59.34.26.61.50.28.50.59.30.0.22.49.26.71.23.37.76.59.26.74.64.50.23.23.44.9.26.0.76.24.xover.mutate.done 50
 generation 22.91.91.91.90.86.90.86.89.87.87.24.14.7.2.2.54.7.63.91.27.63.50.63.26.19.13.91.41.68.13.68.87.25.0.50.27.2.0.65.50.87.86.50.66.52.67.15.63.27.52.xover.mutate.done 50
 generation 23.90.90.90.90.90.87.87.87.84.84.57.12.90.12.1.44.35.65.1.90.59.8.57.7.85.50.50.40.1.66.57.56.50.50.10.50.50.35.84.8.50.69.50.50.90.8.84.87.90.81.xover.mutate.done 50
 generation 24.86.86.86.86.86.86.86.86.86.85.51.13.40.50.36.66.79.42.85.22.86.3.52.52.51.51.42.50.50.50.3.61.82.1.52.85.14.82.50.23.2.50.62.3.82.52.12.3.41.36.xover.mutate.done 50
 generation 25.84.84.84.84.84.84.84.84.84.84.50.50.55.81.84.7.61.49.76.50.1.5.0.60.50.66.40.50.76.50.55.1.6.16.41.31.38.50.84.1.1.59.5.31.9.36.31.84.37.47.xover.mutate.done 50
 generation 26.83.83.83.83.83.83.83.83.83.83.37.13.34.83.37.83.63.2.23.37.50.62.42.35.83.83.37.51.63.51.67.51.51.16.51.31.18.1.17.62.33.63.62.53.37.57.37.51.83.13.xover.mutate.done 50
 generation 27.88.88.88.88.88.88.88.88.88.88.59.9.78.88.13.45.88.8.88.55.15.88.58.51.50.88.50.7.85.88.59.45.60.51.1.50.1.51.51.50.1.88.88.50.65.58.0.9.41.58.xover.mutate.done 50
 generation 28.85.85.85.85.85.85.85.85.85.85.60.41.2.24.60.52.50.16.81.12.76.50.21.85.85.85.31.8.57.46.14.56.45.69.11.60.60.32.75.50.66.14.85.50.65.85.60.85.60.50.xover.mutate.done 50
 generation 29.84.84.84.84.84.84.84.84.84.84.5.51.64.36.70.51.51.51.80.84.51.2.36.38.11.51.51.57.2.38.51.51.51.33.37.57.1.84.18.51.51.15.57.12.51.10.51.8.51.15.xover.mutate.done 50
 generation 30.86.86.86.86.86.86.86.86.86.86.86.86.51.80.86.50.58.51.86.70.51.6.51.14.58.8.86.14.80.51.86.86.1.86.58.51.50.58.51.53.86.8.58.62.63.62.1.8.3.64.xover.mutate.done 50
 generation 31.77.77.77.77.77.77.77.77.77.77.50.55.50.55.2.19.57.50.52.77.52.50.13.50.53.77.74.77.29.55.76.75.52.10.63.77.4.52.30.9.64.74.29.50.77.5.2.54.0.77.xover.mutate.done 50
 generation 32.88.88.88.88.88.88.88.88.88.88.55.5.50.88.4.60.1.62.78.51.51.54.39.50.1.15.1.87.45.1.29.39.5.58.78.50.26.87.88.1.78.88.58.51.34.1.1.51.57.1.xover.mutate.done 50
 generation 33.83.83.83.83.83.83.83.83.83.83.50.17.1.51.51.51.51.0.83.51.0.83.59.6.50.34.5.7.50.8.9.57.1.51.51.34.1.50.60.12.1.51.0.58.34.50.0.83.51.51.xover.mutate.done 50
 generation 34.77.77.77.77.77.77.77.77.77.77.2.2.50.36.2.77.54.12.50.77.50.50.29.29.77.56.50.52.33.2.76.6.75.50.6.21.7.50.5.50.50.77.31.77.28.50.50.16.33.36.xover.mutate.done 50
 generation 35.89.89.89.89.89.89.89.89.89.89.56.51.39.50.88.54.51.39.21.51.2.89.54.2.70.40.51.51.51.51.28.19.51.50.12.51.64.51.51.54.88.64.89.2.51.9.51.54.63.18.xover.mutate.done 50
 generation 36.81.81.81.81.81.81.81.81.81.81.51.58.56.8.51.1.70.1.5.51.5.1.1.51.55.51.9.1.55.0.81.1.56.30.36.50.1.51.9.36.81.21.43.81.50.55.50.1.55.68.xover.mutate.done 50
 generation 37.91.91.91.91.91.91.91.91.91.91.51.71.54.91.5.50.63.49.11.51.54.91.11.12.54.61.50.54.50.60.5.11.86.54.5.91.50.60.54.54.60.50.11.61.54.20.30.58.60.91.xover.mutate.done 50
 generation 38.80.80.80.80.80.80.80.80.80.80.14.50.50.50.2.50.50.73.80.50.67.2.61.18.36.19.50.2.58.80.50.50.80.50.20.2.50.36.6.60.80.58.58.50.0.2.40.59.50.2.xover.mutate.done 50
 generation 39.81.81.81.81.81.81.81.81.81.81.73.53.50.25.4.34.50.7.35.3.4.28.81.50.81.3.6.35.8.54.13.55.50.50.53.54.57.9.81.50.81.0.72.10.54.27.27.81.81.6.xover.mutate.done 50
 generation 40.79.79.79.79.79.79.79.79.79.79.50.51.51.61.79.79.7.8.51.2.51.2.76.79.74.75.66.1.23.79.51.74.14.79.50.28.57.2.51.21.2.79.74.61.27.10.30.78.61.21.xover.mutate.done 50
 generation 41.85.85.85.85.85.85.85.85.85.85.85.71.51.50.71.36.75.36.36.85.8.1.45.0.75.51.51.78.6.56.51.58.56.51.71.85.83.1.85.36.16.51.78.50.75.32.1.51.1.51.xover.mutate.done 50
 generation 42.83.83.83.83.83.83.83.83.83.83.8.37.83.1.83.50.1.83.81.43.83.59.33.57.83.51.1.83.82.63.10.38.51.83.83.59.75.83.37.81.69.38.73.82.4.83.51.19.4.1.xover.mutate.done 50
 generation 43.86.86.86.86.86.86.86.86.86.86.79.51.51.22.50.68.11.5.0.57.50.41.50.83.41.25.86.51.57.69.73.50.56.6.27.1.86.0.51.83.51.41.1.6.69.39.57.86.6.37.xover.mutate.done 50
 generation 44.85.85.85.85.85.85.85.85.85.85.33.85.79.38.52.23.62.44.18.72.81.69.50.59.3.51.84.62.12.85.59.52.27.85.52.52.10.85.81.62.59.11.1.52.85.50.79.81.51.81.xover.mutate.done 50
 generation 45.84.84.84.84.84.84.84.84.84.84.84.84.84.84.64.37.56.50.82.60.81.50.1.11.26.6.84.84.69.70.50.84.60.84.60.50.62.66.50.26.81.72.38.11.37.84.69.1.62.60.xover.mutate.done 50
 generation 46.87.87.87.87.87.87.87.87.87.87.56.87.57.87.2.10.51.50.51.83.51.51.51.87.51.56.82.51.1.50.2.87.87.51.51.67.51.87.39.60.2.79.51.87.63.2.83.51.87.10.xover.mutate.done 50
 generation 47.89.89.89.89.89.89.89.89.89.89.78.87.81.50.76.57.58.50.50.0.50.78.8.0.50.59.6.50.50.50.0.58.50.58.50.79.50.78.61.35.22.28.50.0.83.89.39.6.50.0.xover.mutate.done 50
 generation 48.76.76.76.76.76.76.76.76.76.76.0.22.50.55.13.50.70.54.76.50.18.50.70.10.53.0.50.76.25.50.76.8.31.32.50.0.75.50.65.76.67.76.50.50.76.76.0.50.73.14.xover.mutate.done 50
 generation 49.86.86.86.86.86.86.86.86.86.86.86.50.57.50.23.0.86.55.33.50.86.63.86.50.50.50.86.0.50.61.50.50.75.37.22.56.86.32.50.50.86.63.36.55.62.22.57.0.50.50.xover.mutate.done 50
 23736165 iters     909466 iter/sec (26.10 s)
 total time: 26.10
