52 51 50 50 50 50 50 50 50 50 50 50 50 50 50 50 11 3 3 3 3 3 3 3 3 3 3 3 2 2 2 2 2 2 2 2 2 2 2 1 1 1 1 1 1 1 1 1 1 1 
59 51 51 51 51 51 50 50 50 50 50 50 50 50 50 50 50 50 50 50 50 26 11 9 1 1 1 1 1 1 1 1 1 1 1 1 1 1 1 1 1 1 1 0 0 0 0 0 0 0 
61 61 52 51 51 51 51 51 51 51 51 51 51 51 51 51 51 51 51 51 50 50 50 50 50 50 50 50 50 50 50 50 17 10 2 2 2 2 2 1 1 1 1 1 1 1 1 1 1 1 
57 57 57 52 52 52 52 52 52 52 52 52 52 52 52 52 52 52 50 50 50 50 50 50 50 50 50 50 50 50 44 39 25 21 19 16 6 2 2 2 2 2 2 2 2 0 0 0 0 0 
53 53 53 51 51 51 51 51 51 51 51 51 51 51 51 51 51 51 51 51 51 51 51 50 50 50 50 50 15 11 11 7 7 3 3 3 3 1 1 1 1 1 1 1 1 1 0 0 0 0 
55 55 55 55 55 55 55 50 50 50 50 50 50 50 50 50 50 50 50 50 50 50 50 50 50 50 50 50 50 50 50 50 50 50 50 50 50 27 11 7 7 4 2 2 2 2 2 2 2 2 
55 55 55 55 55 55 55 55 55 55 55 55 55 51 51 51 51 51 51 51 51 51 51 51 51 51 51 51 51 51 51 51 51 51 50 50 50 50 50 50 17 16 14 8 8 7 3 3 2 2 
54 54 54 54 54 54 54 54 54 54 54 54 54 54 54 54 50 50 50 50 50 50 50 50 50 50 50 50 50 50 50 50 50 50 50 50 50 50 36 17 12 8 6 6 6 2 2 2 2 2 
59 56 56 56 56 56 56 56 56 56 56 56 56 56 56 56 56 53 53 53 50 50 50 50 50 50 50 50 50 50 50 50 50 50 50 50 50 10 7 7 7 7 7 4 4 1 1 1 1 1 
59 59 59 59 59 57 57 57 56 56 56 56 56 56 56 56 56 56 56 56 56 56 56 56 56 54 50 50 50 50 50 50 50 50 50 50 50 50 50 50 50 50 50 7 7 7 0 0 0 0 
57 57 57 57 57 57 57 57 56 56 56 56 56 56 56 56 56 56 56 56 56 56 56 56 56 56 54 51 51 51 51 51 50 40 40 35 14 7 7 6 6 6 6 6 6 1 1 1 1 0 
57 57 57 57 57 57 57 57 57 57 57 57 57 57 57 57 56 56 56 56 56 56 56 56 56 56 56 56 56 56 55 51 51 51 51 51 51 51 51 37 37 37 37 17 7 7 7 7 6 2 
62 62 62 62 62 62 62 62 61 61 61 61 61 61 61 61 61 61 61 57 56 56 56 56 56 56 54 50 50 50 50 50 50 50 50 50 45 38 13 13 12 12 11 7 7 7 6 5 0 0 
57 57 57 56 56 56 56 56 56 56 56 55 54 54 54 54 54 54 54 54 54 53 53 53 53 53 53 53 51 51 51 51 51 51 51 51 51 51 50 50 50 41 40 34 7 6 5 5 4 2 
56 56 56 56 56 56 56 56 56 56 56 56 56 56 56 56 56 56 56 56 56 56 53 53 53 53 53 53 53 53 53 53 50 50 50 50 50 33 22 17 6 6 6 5 5 5 3 0 0 0 
55 55 55 55 55 55 55 55 55 55 55 55 55 55 55 55 55 55 55 55 55 55 55 55 55 53 52 52 52 52 50 36 19 8 7 6 6 6 6 6 6 6 6 5 5 5 5 3 3 1 
70 58 58 58 58 58 58 58 58 58 58 58 58 58 58 58 58 58 58 58 58 58 58 58 58 58 56 55 52 52 52 52 52 52 52 50 47 38 37 30 22 13 8 6 2 2 2 2 0 0 
72 66 58 58 58 58 58 58 58 58 58 58 58 58 58 58 58 58 58 58 58 58 58 50 50 50 50 50 50 50 50 50 50 50 46 46 43 43 43 43 42 35 30 30 27 14 9 8 1 1 
68 68 59 59 57 57 57 57 57 57 57 57 57 57 57 57 57 57 57 57 57 57 57 57 57 57 56 50 50 50 50 50 50 50 50 50 50 43 40 38 37 35 30 28 9 7 7 7 7 7 
80 79 77 77 73 71 70 68 64 64 64 64 64 64 64 64 64 64 64 64 63 63 63 63 63 63 63 63 63 59 59 53 52 52 52 52 50 42 22 14 13 13 13 10 9 2 2 2 2 0 
80 68 67 63 63 63 63 58 57 57 54 54 54 54 54 54 54 54 54 54 54 52 51 50 50 50 50 50 50 50 50 50 50 50 23 22 19 11 9 9 9 5 5 5 1 1 1 1 1 0 
83 78 77 77 72 71 71 71 71 71 71 71 68 67 64 64 64 64 63 62 62 62 62 60 60 60 60 59 51 51 50 50 50 50 50 50 50 50 50 50 50 50 35 32 29 22 22 18 9 0 
78 78 75 75 75 75 75 73 73 73 73 73 73 73 73 72 69 67 67 67 67 63 60 60 60 60 59 59 50 50 50 50 50 50 50 37 37 36 35 32 28 27 23 17 10 10 10 0 0 0 
77 77 76 75 74 74 74 74 74 74 71 70 69 69 69 69 69 68 68 68 68 67 67 67 67 63 63 63 63 63 58 52 52 52 52 52 52 50 50 49 37 36 31 24 21 19 15 13 10 4 
85 85 85 81 80 80 80 80 80 80 80 78 78 78 78 78 69 68 68 65 60 60 60 60 60 60 58 54 54 54 54 54 54 54 54 54 54 54 50 50 45 43 41 31 26 21 21 19 8 8 
81 81 81 81 81 81 80 80 80 79 79 79 79 79 79 79 79 79 79 77 77 77 77 69 62 60 60 60 60 52 52 52 51 50 50 50 50 50 50 50 50 50 46 42 31 22 17 17 8 6 
75 75 75 75 75 75 75 75 75 75 75 75 74 74 74 74 71 70 70 70 69 69 66 61 57 57 50 50 50 50 50 50 50 50 50 50 50 50 50 50 46 36 21 19 18 11 0 0 0 0 
74 74 74 74 74 74 74 74 74 74 73 73 73 73 73 73 73 73 73 73 73 72 58 53 53 53 53 51 51 51 51 51 51 51 51 50 48 34 30 24 24 20 12 10 8 8 4 4 4 4 
80 80 76 76 76 76 76 76 76 76 76 76 76 76 76 76 76 75 75 75 75 63 58 58 58 58 55 52 52 51 51 51 51 51 51 51 51 51 50 50 46 45 45 39 37 33 24 10 10 3 
78 78 78 77 76 76 76 76 76 76 76 76 76 76 76 76 76 76 76 76 76 76 76 76 67 67 67 65 63 53 53 53 53 53 53 50 50 50 50 50 42 19 16 11 8 3 3 0 0 0 
77 77 77 77 76 74 74 74 74 74 74 74 74 74 74 74 74 74 74 74 74 74 74 74 74 72 72 66 59 58 58 51 51 51 50 50 50 50 50 50 48 43 40 31 16 8 7 6 1 1 
83 83 83 83 83 83 83 83 83 83 83 83 83 82 82 82 82 82 82 82 82 82 82 82 82 82 81 81 81 81 74 63 63 60 53 53 52 50 50 50 50 50 44 44 40 23 12 11 6 4 
83 83 83 83 83 83 83 83 83 83 83 83 83 83 83 83 83 83 83 83 83 83 83 82 82 80 80 80 80 80 80 79 77 60 58 58 58 57 52 51 51 50 50 50 50 43 42 36 1 1 
78 78 78 78 78 78 78 77 77 77 77 77 77 77 77 77 77 77 77 77 77 76 76 75 75 67 66 66 66 66 66 66 52 52 52 52 50 50 50 50 50 48 48 48 47 35 29 29 14 0 
80 80 80 80 80 80 80 80 80 80 80 80 80 80 80 80 80 80 80 80 80 80 80 80 80 80 79 79 79 79 76 73 69 69 69 69 69 69 68 60 59 58 50 50 50 46 41 35 6 0 
82 82 82 82 82 82 82 82 82 82 82 82 82 82 82 82 82 82 82 82 82 82 82 82 78 66 62 62 59 59 59 56 51 51 51 51 51 51 50 50 50 50 50 42 42 39 35 32 23 1 
79 79 79 79 79 79 79 79 79 79 79 79 79 79 79 79 79 77 77 77 65 65 64 64 61 60 57 55 55 55 51 51 50 50 50 50 50 50 46 45 42 40 30 20 6 6 5 1 1 1 
85 85 85 85 85 85 85 85 85 85 85 84 84 84 84 84 84 84 84 84 84 68 66 57 57 52 52 52 51 51 51 50 50 50 50 50 50 50 40 40 40 38 36 23 7 2 2 2 2 2 
80 80 80 80 80 80 80 80 80 80 80 80 80 80 80 80 61 56 56 51 51 50 50 50 50 50 50 50 50 47 47 47 44 43 41 41 40 40 40 30 27 24 15 12 6 2 2 1 1 1 
78 78 78 78 78 78 78 78 78 78 78 78 78 78 78 78 78 78 78 78 78 78 66 62 53 53 51 51 51 51 51 51 50 50 50 49 43 42 41 39 39 39 34 33 13 13 4 4 4 4 
76 76 76 76 76 76 76 76 76 76 76 76 76 76 76 76 76 76 76 76 76 76 76 76 74 58 58 58 57 51 51 51 51 51 50 50 50 50 50 50 40 39 39 39 38 29 23 15 2 1 
81 81 81 81 81 81 81 81 81 81 81 81 81 81 81 81 81 81 81 81 81 81 81 81 81 81 81 81 81 81 81 80 80 62 51 50 50 50 50 50 50 50 50 49 43 32 31 9 8 0 
81 81 81 81 81 81 81 81 81 81 81 81 81 81 81 81 81 81 81 81 81 81 81 81 81 81 57 54 52 52 52 52 52 50 50 50 50 44 41 41 39 39 37 36 36 34 34 15 7 2 
80 80 80 80 80 80 80 80 80 80 80 80 80 80 80 80 80 80 80 80 80 80 80 80 80 72 72 59 59 59 54 54 51 51 51 51 51 50 50 50 50 41 41 38 38 35 31 30 29 7 
78 78 78 78 78 78 78 78 78 78 78 78 78 78 78 78 78 78 78 78 68 68 60 51 51 50 50 50 50 50 48 44 38 37 34 34 34 32 32 31 31 30 29 29 29 29 29 17 1 1 
82 82 82 82 82 82 82 82 82 82 82 82 82 82 82 82 82 82 82 82 81 81 74 62 61 61 56 52 52 51 50 50 50 50 50 50 50 45 39 38 35 34 34 33 33 32 23 19 12 1 
83 83 83 83 83 83 83 83 83 83 83 83 83 83 83 83 83 83 83 83 83 83 82 82 82 82 58 57 57 56 54 53 53 50 50 50 50 50 50 50 50 50 47 46 46 44 42 42 32 10 
86 86 86 86 86 86 86 86 86 86 86 86 86 86 86 86 86 86 86 86 86 86 86 86 86 86 86 58 57 57 57 57 50 50 50 50 50 50 50 48 39 39 38 38 36 36 36 26 23 0 
75 75 75 75 75 75 75 75 75 75 75 75 75 75 75 75 75 75 75 75 74 71 58 51 51 50 50 50 50 50 50 50 50 50 50 41 41 29 29 22 19 17 16 8 4 1 1 1 1 1 
82 82 82 82 82 82 82 82 82 82 82 82 82 82 82 82 82 82 82 82 82 82 82 52 52 52 52 52 52 50 50 50 50 50 50 50 50 49 49 45 43 43 32 30 24 20 19 13 2 2 
