% Invoked: ./gella -d -r 2 -l biased_r2/run40 >& biased_r2/run40.log
% Ministry of Cellular Automata
% Project Deux (CS523 Spring 2015)
% Version:v0.1-70-g0624-dirty
%  pop:50
%  ic count:100
%  CA Log option:biased_r2/run40
%  width:121
%  max workers:4
%  radius:2
%  iterations:300
%  use bias:true
%  generations:50

 generation 0.50.0.0.50.0.0.0.0.0.0.0.50.10.0.50.0.0.50.0.0.50.0.50.0.0.0.0.50.2.0.50.0.0.0.50.0.0.0.0.0.0.0.50.0.50.0.0.0.50.0.xover.mutate.done 50
 generation 1.50.51.50.50.50.50.51.50.50.50.2.2.50.30.1.1.50.2.50.1.50.50.1.50.50.2.51.2.50.2.2.5.1.1.65.1.1.1.2.2.1.50.1.51.50.1.50.2.2.51.xover.mutate.done 50
 generation 2.65.53.53.51.51.51.50.50.50.50.4.4.1.4.53.50.51.50.4.50.10.53.50.19.51.51.4.50.50.11.51.51.4.4.4.4.50.3.4.51.1.50.29.4.50.3.4.7.50.38.xover.mutate.done 50
 generation 3.63.51.51.51.51.51.51.51.51.51.2.51.51.51.50.53.2.1.1.51.2.1.51.51.2.50.1.8.1.2.1.1.50.51.51.51.2.1.2.2.27.51.1.1.1.50.1.50.37.50.xover.mutate.done 50
 generation 4.72.53.50.50.50.50.51.51.51.51.2.50.50.51.51.7.51.1.50.50.50.50.1.51.1.0.50.0.50.50.1.50.0.1.1.7.0.1.12.1.0.50.51.51.7.51.51.1.54.0.xover.mutate.done 50
 generation 5.62.55.54.51.51.51.51.51.51.51.1.50.50.1.0.0.1.1.51.50.0.0.0.1.51.50.1.50.0.0.50.1.50.0.50.5.1.51.1.51.50.1.51.1.50.1.50.50.1.0.xover.mutate.done 50
 generation 6.61.42.42.50.50.50.50.50.50.50.50.0.50.8.0.0.0.50.0.31.50.0.0.4.50.0.50.15.50.50.38.50.0.50.0.0.8.6.50.50.50.0.50.10.8.50.0.41.0.0.xover.mutate.done 50
 generation 7.67.52.52.52.52.52.52.52.50.50.14.50.50.52.2.52.6.50.0.2.50.11.50.2.50.52.14.2.50.21.50.2.2.0.52.15.52.50.2.52.2.50.50.16.52.2.2.52.2.52.xover.mutate.done 50
 generation 8.62.50.50.50.50.50.50.50.50.50.50.0.0.50.0.50.50.50.0.16.0.0.17.0.50.50.0.0.50.50.50.0.50.50.8.50.50.0.0.50.50.0.0.50.18.50.50.50.50.50.xover.mutate.done 50
 generation 9.71.50.50.50.50.50.50.50.50.50.50.50.50.50.2.0.50.2.2.50.50.38.50.50.50.50.26.0.50.50.2.50.50.50.50.50.50.50.50.4.50.50.4.50.50.50.50.50.50.50.xover.mutate.done 50
 generation 10.72.54.54.54.54.54.54.54.54.54.1.54.54.54.4.50.54.50.50.5.50.16.50.54.50.10.50.50.1.50.5.54.54.54.50.50.5.1.54.4.50.54.5.5.50.50.50.54.10.54.xover.mutate.done 50
 generation 11.61.53.53.53.53.53.53.53.53.53.53.53.50.53.3.3.3.3.5.53.6.53.3.53.53.50.4.53.53.50.4.6.3.53.53.34.53.53.3.53.50.53.53.53.53.50.53.0.53.3.xover.mutate.done 50
 generation 12.63.50.50.50.50.50.50.50.50.50.0.0.50.50.50.15.50.50.14.16.50.50.0.50.50.17.0.0.50.50.0.50.14.50.13.50.50.15.50.50.15.50.50.50.50.50.50.0.13.50.xover.mutate.done 50
 generation 13.67.50.50.50.50.50.50.50.50.50.50.50.50.0.8.50.0.50.50.7.0.50.50.6.0.7.50.0.0.50.50.50.0.8.50.50.50.50.6.32.50.50.12.7.50.0.50.10.16.50.xover.mutate.done 50
 generation 14.70.50.50.50.50.50.50.50.50.50.13.50.50.32.16.0.50.0.50.0.10.50.50.0.0.50.50.0.50.50.50.50.50.50.50.50.50.50.0.50.50.0.11.50.50.50.50.7.50.50.xover.mutate.done 50
 generation 15.65.50.50.50.50.50.50.50.50.50.1.5.50.20.50.50.50.50.12.50.0.12.1.50.50.50.1.50.50.1.1.50.50.50.1.15.50.1.50.50.50.1.50.50.50.1.1.1.1.50.xover.mutate.done 50
 generation 16.67.52.52.52.52.52.52.52.52.52.50.52.3.3.5.52.3.52.5.52.50.50.3.2.3.13.16.52.5.50.3.50.5.13.3.3.5.3.52.16.52.52.21.52.57.52.50.50.52.5.xover.mutate.done 50
 generation 17.69.55.50.50.50.50.50.50.50.50.50.50.50.50.11.50.50.50.50.0.14.0.50.50.0.54.0.0.0.0.6.50.0.0.50.0.0.50.0.0.0.0.50.47.0.50.11.50.0.7.xover.mutate.done 50
 generation 18.68.59.55.50.50.50.50.50.50.50.50.50.1.13.1.0.1.1.50.50.50.1.1.50.1.50.50.50.50.50.50.1.46.50.10.1.50.50.50.13.50.1.50.50.50.0.1.1.1.50.xover.mutate.done 50
 generation 19.64.56.51.52.52.52.52.52.52.52.50.50.0.52.0.50.9.50.50.2.49.52.2.0.6.50.2.52.50.50.2.50.50.52.11.52.50.2.52.50.2.52.0.52.2.15.0.50.52.52.xover.mutate.done 50
 generation 20.74.55.51.51.51.51.51.51.51.51.1.12.0.11.4.50.51.51.51.14.51.51.50.4.51.1.0.50.1.9.51.51.50.51.51.51.51.1.55.50.3.51.1.51.51.46.51.1.1.50.xover.mutate.done 50
 generation 21.62.56.55.50.50.50.50.50.50.50.50.18.50.50.0.50.50.50.50.50.8.55.0.50.50.0.0.50.16.0.50.50.0.50.0.50.0.0.0.0.0.50.21.50.0.50.50.29.50.0.xover.mutate.done 50
 generation 22.65.57.56.56.50.50.50.50.50.50.50.50.56.50.50.1.2.1.1.1.37.1.9.50.1.1.1.50.1.50.0.50.30.50.56.1.50.50.50.45.1.1.1.56.50.50.50.50.50.1.xover.mutate.done 50
 generation 23.67.57.57.57.57.57.57.53.53.53.57.12.51.53.48.50.51.4.53.53.26.1.50.53.1.4.53.53.10.50.50.10.53.15.53.57.12.8.57.8.53.53.14.53.4.50.57.53.53.22.xover.mutate.done 50
 generation 24.73.51.51.51.51.51.51.51.51.51.51.51.51.58.0.7.51.12.51.51.51.14.51.51.62.51.1.51.50.51.62.51.51.45.1.58.50.1.51.1.51.0.0.1.51.16.50.51.51.17.xover.mutate.done 50
 generation 25.69.69.69.58.64.58.57.57.57.57.15.57.12.64.9.50.50.50.0.50.57.50.57.8.50.50.1.50.1.1.50.50.1.50.50.13.50.50.50.0.1.12.54.1.50.64.1.69.36.50.xover.mutate.done 50
 generation 26.58.64.64.64.60.60.60.56.52.52.50.46.52.50.50.3.52.8.0.0.50.2.52.46.50.0.50.52.50.0.52.13.0.15.9.50.52.46.0.50.63.53.53.64.50.60.63.50.52.52.xover.mutate.done 50
 generation 27.59.59.59.58.59.59.58.58.58.58.51.9.12.54.51.1.15.6.47.58.37.51.51.51.59.2.54.58.58.10.11.40.55.59.51.58.16.51.54.51.51.30.51.5.10.51.9.1.5.51.xover.mutate.done 50
 generation 28.65.65.65.65.65.55.67.62.61.61.12.51.51.61.13.61.51.18.55.18.51.2.68.65.2.1.2.2.2.51.50.65.56.51.51.48.2.6.51.1.55.12.65.51.51.67.61.51.12.51.xover.mutate.done 50
 generation 29.73.68.69.68.68.68.67.68.68.70.25.15.14.3.63.52.63.12.25.11.2.50.70.52.3.1.52.52.59.61.17.52.68.16.50.56.24.12.24.61.3.52.52.68.56.52.51.52.19.61.xover.mutate.done 50
 generation 30.66.70.67.65.65.63.63.63.63.63.63.50.50.10.67.63.50.5.0.56.50.50.12.50.15.67.67.67.39.63.0.0.65.50.62.67.66.0.0.6.67.6.60.6.50.66.62.50.14.0.xover.mutate.done 50
 generation 31.74.72.72.72.72.72.72.72.74.74.72.51.25.21.16.51.51.62.72.25.51.72.83.50.65.74.34.36.72.43.19.50.65.29.68.62.72.71.71.72.24.69.51.72.23.74.23.65.25.51.xover.mutate.done 50
 generation 32.78.70.72.72.70.70.66.66.66.66.1.66.15.66.66.43.51.70.50.66.18.1.29.66.66.54.15.72.78.51.50.18.51.70.3.50.70.55.65.35.61.72.17.54.1.70.66.35.66.64.xover.mutate.done 50
 generation 33.76.76.66.66.66.66.66.66.66.66.51.66.63.0.66.51.64.12.13.17.63.63.66.61.50.21.4.57.58.23.81.51.1.64.17.57.52.51.8.58.63.15.51.50.57.76.63.17.14.62.xover.mutate.done 50
 generation 34.81.84.84.84.74.74.74.74.71.71.61.51.35.59.51.12.53.51.51.4.30.53.71.12.51.4.51.74.35.62.12.63.74.61.61.51.79.70.71.4.8.30.71.13.71.54.51.71.74.34.xover.mutate.done 50
 generation 35.78.78.78.74.71.68.68.68.68.68.18.61.57.54.55.14.68.50.66.0.0.50.40.55.50.50.14.49.0.50.50.5.50.17.70.50.50.50.8.17.50.50.50.50.55.0.36.36.50.20.xover.mutate.done 50
 generation 36.76.76.76.80.71.72.70.70.70.70.52.52.2.2.20.19.46.53.52.52.50.47.23.52.2.9.52.52.52.5.8.52.2.52.2.50.7.47.50.23.46.52.23.53.2.53.22.9.70.52.xover.mutate.done 50
 generation 37.75.78.78.78.73.73.72.72.72.72.50.78.72.1.1.1.50.22.50.1.72.1.50.51.50.1.37.50.1.22.73.22.1.72.51.22.22.22.1.50.72.50.7.58.22.51.65.50.50.71.xover.mutate.done 50
 generation 38.83.83.83.83.87.71.70.68.67.67.17.17.14.61.51.17.57.1.51.17.1.67.21.50.41.1.1.50.17.63.35.17.48.1.1.50.50.1.1.50.41.50.1.13.82.50.50.68.13.50.xover.mutate.done 50
 generation 39.82.82.82.82.82.82.75.77.74.72.50.53.3.21.51.51.59.50.50.51.50.50.82.50.79.29.10.55.50.1.72.51.51.57.1.74.51.59.1.21.24.54.19.71.82.50.21.50.28.82.xover.mutate.done 50
 generation 40.83.73.73.73.73.73.83.73.73.73.50.73.73.50.52.50.2.2.2.52.59.69.52.52.22.34.50.18.2.15.2.61.6.15.21.73.7.26.50.64.52.73.52.57.59.73.64.73.83.52.xover.mutate.done 50
 generation 41.78.78.78.80.80.80.80.79.80.80.71.51.6.51.74.6.2.1.51.74.51.51.2.80.2.51.28.51.51.23.80.51.36.75.77.55.6.51.51.51.51.51.6.79.76.51.79.43.55.1.xover.mutate.done 50
 generation 42.82.82.82.82.82.82.82.82.82.82.82.50.50.50.82.50.3.50.12.3.50.82.3.69.50.41.50.21.3.82.19.15.53.61.33.3.3.50.53.69.50.85.59.82.50.50.50.18.82.50.xover.mutate.done 50
 generation 43.79.75.75.75.75.75.75.75.75.75.51.75.31.4.65.79.51.51.79.75.2.2.67.51.2.50.75.51.51.2.65.51.5.2.8.62.57.17.65.2.67.9.51.51.4.51.75.2.75.67.xover.mutate.done 50
 generation 44.79.79.79.81.81.81.81.81.81.81.2.79.51.69.51.61.52.79.51.51.5.51.32.51.60.51.51.51.51.1.81.20.32.2.79.6.56.51.51.57.56.79.2.51.45.51.81.51.56.79.xover.mutate.done 50
 generation 45.82.82.82.82.82.82.82.82.82.83.82.82.54.54.58.50.82.0.5.1.32.51.52.0.0.50.74.1.1.86.54.63.86.50.56.82.50.3.50.6.82.50.54.1.58.8.86.82.51.50.xover.mutate.done 50
 generation 46.82.82.82.82.83.83.83.83.83.83.54.12.60.29.50.67.82.4.76.4.83.44.83.70.54.0.50.4.0.66.82.76.50.83.59.66.50.50.76.51.82.54.83.56.83.50.50.61.56.9.xover.mutate.done 50
 generation 47.74.74.74.74.74.74.74.74.74.74.41.0.56.41.50.45.14.14.54.63.32.51.25.57.51.74.63.80.58.51.74.80.74.63.21.8.63.51.22.74.74.74.15.73.1.74.54.37.51.75.xover.mutate.done 50
 generation 48.83.83.77.76.76.76.76.76.76.76.51.76.51.36.54.45.83.68.36.76.19.83.53.19.24.57.51.50.34.14.53.53.38.76.38.76.5.43.76.51.68.53.5.76.19.59.51.50.36.76.xover.mutate.done 50
 generation 49.82.82.82.82.74.77.77.77.77.77.77.35.0.54.50.58.78.76.50.40.77.50.4.58.82.77.66.78.77.13.66.77.50.50.0.28.50.50.77.77.50.50.82.77.27.9.54.36.54.50.xover.mutate.done 50
 23600212 iters     866193 iter/sec (27.25 s)
 total time: 27.25
