52 52 50 50 50 50 50 50 50 50 15 12 12 4 4 4 4 4 4 4 4 4 4 4 4 4 4 2 2 2 2 2 2 2 2 2 2 2 2 2 2 2 2 2 2 2 2 2 2 2 
52 52 52 51 51 51 51 51 51 51 50 50 50 50 50 50 50 50 50 50 50 50 50 50 47 36 3 3 3 3 3 3 3 3 3 3 3 2 2 2 2 2 2 2 2 2 2 2 1 1 
50 50 50 50 50 50 50 50 50 50 50 50 50 50 50 50 50 50 50 50 50 50 50 50 50 50 50 50 50 44 41 38 17 10 6 4 0 0 0 0 0 0 0 0 0 0 0 0 0 0 
64 50 50 50 50 50 50 50 50 50 50 50 50 50 50 50 50 50 50 50 50 50 50 50 50 50 50 50 21 17 15 14 7 7 0 0 0 0 0 0 0 0 0 0 0 0 0 0 0 0 
66 53 53 53 53 53 53 53 50 50 50 50 50 50 50 50 50 50 50 50 50 50 50 50 50 50 50 50 50 50 50 40 35 23 23 12 7 3 3 3 3 3 3 3 3 3 0 0 0 0 
62 51 51 51 51 51 51 51 51 51 51 51 50 50 50 50 50 50 50 50 50 50 50 50 50 50 50 50 50 50 50 34 23 17 16 9 1 1 1 1 1 1 1 1 1 1 1 0 0 0 
70 70 67 51 51 51 51 51 51 51 51 51 51 51 50 50 50 50 50 50 50 50 50 50 50 50 50 50 50 50 50 50 50 50 50 50 50 28 20 20 20 8 8 1 1 1 1 1 1 1 
71 71 70 69 67 67 67 67 59 58 51 51 51 51 51 51 51 51 51 51 51 51 51 51 51 51 51 51 51 51 50 50 50 50 50 50 50 50 38 27 21 21 19 10 1 1 1 1 1 1 
71 71 71 67 67 67 67 64 64 64 64 64 63 63 57 53 53 53 53 53 53 53 50 50 50 50 50 50 50 50 50 50 50 50 50 50 50 50 32 28 24 18 11 10 3 3 3 3 3 0 
68 68 68 68 68 66 66 66 66 65 65 65 65 65 65 63 56 56 50 50 50 50 50 50 50 50 50 50 50 50 50 50 44 25 20 16 10 6 6 3 0 0 0 0 0 0 0 0 0 0 
75 75 75 75 75 75 75 75 75 75 75 74 74 73 71 71 71 71 68 68 68 68 68 68 67 67 54 52 51 51 50 50 50 40 29 25 25 23 18 8 4 4 1 1 1 1 1 1 1 0 
70 70 70 70 70 70 70 70 70 70 70 70 70 70 68 68 68 68 67 67 67 66 57 54 54 54 54 51 51 51 50 50 48 45 43 38 37 35 33 28 24 24 24 21 21 18 18 13 11 5 
68 68 68 68 68 68 68 68 68 68 68 68 68 68 68 65 65 64 64 64 64 64 63 63 63 61 61 55 55 55 54 53 51 51 51 51 50 50 48 25 24 22 22 20 20 18 16 5 1 0 
88 88 78 78 78 78 78 78 78 78 78 78 78 78 78 78 78 76 76 76 76 75 75 75 75 51 51 51 51 51 51 51 50 50 39 37 34 29 29 29 27 25 14 12 12 11 11 11 2 1 
84 84 84 84 72 72 72 72 72 72 72 72 72 72 72 72 72 72 72 72 72 72 72 70 67 67 67 67 67 62 55 50 50 50 50 50 50 50 35 30 30 30 25 23 23 22 22 20 17 7 
77 77 77 77 77 77 77 75 68 68 68 68 68 68 68 68 68 68 68 68 68 66 66 66 66 66 64 64 64 63 62 62 60 60 60 60 60 51 51 51 51 50 50 36 36 30 20 20 14 12 
79 79 79 79 79 79 79 79 79 79 79 79 79 79 79 79 78 76 76 73 72 69 69 69 69 69 69 69 69 69 69 69 69 69 69 66 66 66 61 61 60 50 50 50 50 50 30 20 20 1 
70 70 70 70 70 70 70 70 70 70 70 70 70 70 70 70 70 70 66 64 64 60 60 60 60 60 60 60 59 54 52 52 51 51 51 50 34 34 34 31 22 22 22 22 18 12 12 12 12 10 
87 85 84 84 84 84 84 84 84 84 84 84 84 84 84 84 84 84 84 84 84 84 84 84 84 84 84 84 84 84 82 73 73 72 55 52 52 52 50 50 47 47 36 33 33 6 4 4 4 4 
81 81 81 81 78 78 77 77 77 77 77 77 77 77 77 77 77 77 77 77 77 77 77 77 77 77 77 72 61 58 58 56 56 51 51 51 50 50 50 41 39 39 38 28 28 28 12 12 10 1 
88 88 88 88 88 86 86 86 85 85 85 85 85 85 85 85 85 85 85 85 85 85 85 85 85 85 84 84 68 63 61 61 59 51 51 50 50 50 50 50 50 50 50 47 40 26 22 15 13 10 
87 87 87 87 85 84 84 84 84 84 84 84 84 84 84 84 84 84 84 84 84 84 84 83 81 76 66 63 50 50 50 50 50 50 50 50 50 50 50 50 50 50 50 50 50 50 50 35 34 0 
92 92 92 92 92 89 89 89 88 88 88 88 88 88 88 88 88 82 82 81 80 77 73 65 64 60 60 56 51 51 51 51 51 51 51 51 50 50 50 50 50 50 50 50 50 50 50 32 1 1 
88 88 88 88 88 88 86 85 85 85 85 85 84 84 84 84 84 84 84 84 84 84 84 83 82 80 80 59 59 56 51 51 51 51 51 51 51 51 51 51 51 51 51 51 51 49 37 31 22 16 
81 81 81 81 81 81 81 81 81 81 80 80 80 80 78 78 78 78 78 78 77 77 74 74 64 51 51 51 51 51 51 51 50 50 50 50 50 50 50 50 45 43 37 37 37 36 31 6 1 1 
84 84 84 84 84 84 84 84 82 82 82 82 82 82 82 82 81 81 81 80 80 73 73 62 58 52 52 52 52 51 51 51 49 48 45 45 45 45 38 37 36 36 35 33 30 30 15 3 3 3 
87 87 87 87 87 87 87 87 87 87 85 84 84 84 84 84 84 84 84 82 82 81 78 70 64 64 64 60 56 52 51 50 50 50 50 50 49 49 49 49 49 49 49 37 33 28 18 15 6 0 
83 83 83 83 83 83 83 83 83 83 83 81 79 79 79 79 79 78 76 76 76 70 69 67 67 58 58 56 56 54 52 52 52 51 50 50 50 50 50 50 42 31 31 29 28 28 23 8 8 0 
85 85 85 85 85 85 85 85 85 85 85 85 81 78 75 75 71 71 71 69 69 67 64 56 55 55 52 52 52 50 50 50 50 50 50 50 50 50 47 37 32 31 28 24 21 17 12 7 6 3 
79 79 79 79 79 79 79 79 79 79 79 79 79 79 79 79 75 75 74 63 63 56 55 55 52 52 51 50 50 50 50 50 50 50 50 50 50 49 47 30 30 25 21 13 13 7 4 1 1 0 
82 82 82 82 82 82 82 82 82 82 82 82 82 82 79 76 70 70 70 68 57 57 55 55 55 55 52 52 52 52 52 52 52 52 50 50 50 50 50 34 27 24 22 22 20 18 13 2 2 2 
79 79 78 78 78 78 78 78 78 78 78 78 78 78 78 76 75 75 74 69 67 56 56 56 54 54 52 52 52 52 52 52 51 51 51 51 51 50 50 50 45 42 42 37 35 13 11 3 2 2 
84 84 84 84 84 84 84 84 84 84 84 84 84 84 84 84 84 81 81 81 78 78 75 75 69 69 68 67 60 59 59 59 55 54 54 51 50 50 50 50 50 50 50 50 41 11 8 5 1 1 
83 83 83 83 83 83 83 83 82 82 82 82 82 82 82 82 82 82 82 82 82 82 82 76 74 73 73 72 71 71 62 60 59 58 58 52 52 52 51 51 50 50 50 49 46 40 35 35 35 28 
85 85 85 85 85 85 85 85 85 85 85 84 84 84 84 84 84 84 84 84 84 81 81 81 80 78 77 69 62 62 58 58 56 53 51 51 51 51 51 51 50 50 50 48 41 39 23 4 4 4 
80 80 80 80 80 80 80 80 80 80 80 80 80 80 80 80 80 80 80 80 77 77 77 75 75 75 66 66 66 66 59 51 51 51 51 50 50 50 50 50 48 46 30 30 22 19 12 9 1 1 
84 84 84 84 84 84 84 84 84 84 84 84 84 84 84 84 84 84 82 82 82 82 77 77 77 64 64 59 59 58 57 55 53 52 52 51 51 51 51 50 50 41 38 38 30 27 17 9 8 6 
89 89 89 89 89 89 89 89 89 89 89 89 89 89 89 89 89 89 89 89 89 89 89 89 89 79 79 67 66 66 65 60 58 53 53 53 53 51 50 50 50 49 47 18 15 14 14 11 9 4 
81 81 81 81 81 81 81 81 81 81 81 81 81 81 81 81 81 81 81 81 78 78 71 71 70 70 66 64 64 63 60 54 52 50 50 50 45 39 37 35 31 28 22 21 13 13 9 6 4 4 
82 82 82 82 82 82 82 82 82 82 82 82 82 82 82 82 82 82 82 82 82 82 82 82 82 82 82 82 82 75 75 75 75 75 66 62 59 59 57 51 51 51 50 50 50 50 36 36 6 1 
82 82 82 82 82 82 82 82 82 82 82 82 82 82 82 82 82 82 82 82 82 79 78 73 72 72 65 61 61 61 61 61 51 51 51 51 51 50 41 41 37 36 36 36 36 35 35 35 10 8 
88 88 88 88 88 88 88 88 88 88 88 88 88 88 88 88 88 88 88 88 88 86 86 86 86 84 84 78 75 75 68 66 66 60 58 57 51 51 51 51 51 50 49 45 40 39 10 7 1 1 
84 84 84 84 84 84 84 84 84 84 84 84 84 84 84 84 84 84 84 80 80 80 80 77 76 73 72 72 72 70 70 70 62 51 51 51 51 51 51 51 43 40 30 30 29 19 7 7 7 2 
83 83 83 83 83 83 83 83 83 83 83 83 83 83 83 83 83 83 83 83 83 81 80 80 79 79 79 74 72 64 62 59 56 51 50 50 50 50 50 50 50 50 41 38 38 38 29 9 1 1 
87 86 86 86 86 86 86 86 86 86 86 86 86 86 86 86 86 85 84 84 84 83 83 78 78 55 54 54 54 51 51 51 51 51 50 50 50 50 50 50 49 49 41 38 29 20 19 18 14 1 
86 86 86 86 86 86 86 86 86 86 86 86 86 86 86 86 86 86 86 86 86 86 85 84 84 81 80 78 60 59 59 52 52 52 50 50 50 50 50 50 50 38 36 36 27 13 9 7 7 6 
82 82 82 82 82 82 82 82 82 82 82 82 82 82 82 82 82 81 80 76 76 76 76 75 60 58 57 55 55 52 50 50 50 50 50 50 50 50 50 50 50 50 46 46 32 4 4 2 0 0 
87 87 87 87 87 87 87 87 87 87 87 87 87 87 87 87 87 87 86 85 79 78 77 77 75 70 70 69 67 64 64 64 61 61 60 52 52 52 50 50 40 40 39 25 19 16 11 3 3 1 
84 84 84 84 84 84 84 84 84 84 84 84 84 84 84 84 84 84 84 82 79 79 73 73 61 59 58 58 58 51 50 50 50 50 50 50 50 50 50 50 46 44 44 42 41 36 13 9 9 8 
82 82 82 82 82 82 82 82 82 82 82 82 82 82 82 82 81 81 80 79 79 79 79 75 74 70 70 67 66 65 59 58 57 52 51 51 51 51 51 51 51 51 51 50 50 48 42 36 23 14 
