% Invoked: ./gella -d -r 2 -l biased_r2/run47 >& biased_r2/run47.log
% Ministry of Cellular Automata
% Project Deux (CS523 Spring 2015)
% Version:v0.1-70-g0624-dirty
%  pop:50
%  ic count:100
%  CA Log option:biased_r2/run47
%  width:121
%  max workers:4
%  radius:2
%  iterations:300
%  use bias:true
%  generations:50

 generation 0.2.51.2.1.1.50.2.50.1.50.1.2.1.1.50.10.5.2.1.50.2.1.1.50.1.1.7.2.2.2.1.50.1.1.1.1.50.16.2.50.1.2.2.2.2.1.1.50.1.1.xover.mutate.done 50
 generation 1.52.50.50.50.50.50.50.50.50.50.21.2.0.57.50.0.50.52.11.2.6.0.2.0.2.0.50.2.2.2.50.0.2.21.0.50.2.2.2.2.50.39.50.50.50.2.50.50.11.2.xover.mutate.done 50
 generation 2.58.50.50.50.50.50.50.50.50.50.58.50.25.50.10.50.50.0.50.0.50.50.50.50.10.50.22.50.50.0.0.50.9.0.0.50.0.50.50.50.50.50.58.0.0.50.13.50.0.63.xover.mutate.done 50
 generation 3.66.59.59.59.50.50.50.50.50.50.0.0.12.0.59.0.50.0.0.58.50.50.11.4.50.0.50.50.58.0.50.10.0.0.50.0.0.50.50.0.0.50.50.50.0.50.5.50.50.50.xover.mutate.done 50
 generation 4.65.62.62.62.62.62.62.51.51.50.3.50.16.1.4.11.53.50.1.13.3.11.63.1.3.51.51.6.1.50.4.13.12.4.53.4.14.4.15.50.40.4.13.51.50.62.4.4.51.53.xover.mutate.done 50
 generation 5.64.60.60.60.60.60.60.60.60.51.60.11.50.57.1.1.2.60.9.12.11.60.8.51.1.11.51.10.16.2.50.5.1.2.60.50.1.60.19.2.51.11.2.20.2.2.51.11.11.11.xover.mutate.done 50
 generation 6.74.61.61.61.61.61.59.59.59.61.0.50.13.0.1.1.1.50.1.60.10.51.51.11.1.61.1.61.11.12.1.60.1.61.50.54.50.1.61.12.60.62.11.51.51.61.51.9.51.11.xover.mutate.done 50
 generation 7.64.56.60.60.60.60.60.60.60.60.51.60.1.11.14.59.2.12.2.50.50.60.57.2.17.60.52.57.12.1.60.2.56.60.57.60.51.11.2.51.1.11.10.40.51.12.8.51.11.4.xover.mutate.done 50
 generation 8.61.55.55.55.55.55.55.55.55.55.5.0.55.52.52.53.55.55.55.2.58.28.55.52.5.48.55.5.2.5.2.55.55.52.2.2.2.52.52.5.55.5.5.55.52.55.6.55.2.5.xover.mutate.done 50
 generation 9.64.61.60.60.60.60.60.60.60.60.10.60.50.61.10.50.60.9.10.18.61.50.60.60.50.61.60.0.50.60.59.50.60.50.58.60.60.57.10.0.60.10.60.9.7.0.60.13.50.50.xover.mutate.done 50
 generation 10.61.59.59.62.62.62.62.62.62.62.62.62.50.62.62.52.52.0.62.12.62.62.24.60.0.52.62.12.60.50.12.50.62.12.52.50.60.62.13.39.62.60.62.62.3.2.62.52.62.58.xover.mutate.done 50
 generation 11.61.61.62.62.62.62.62.61.62.62.55.1.0.61.29.50.54.55.62.6.13.62.62.55.50.45.62.61.62.55.28.37.62.69.50.36.13.1.9.57.51.50.4.50.50.42.55.50.61.1.xover.mutate.done 50
 generation 12.62.54.54.54.54.54.54.54.54.54.45.0.4.50.52.54.2.54.62.4.54.51.54.50.52.54.50.50.4.52.50.45.0.51.4.50.54.45.0.4.0.54.50.45.50.53.53.52.54.4.xover.mutate.done 50
 generation 13.70.72.57.56.56.56.56.57.57.57.1.56.55.14.50.68.7.40.55.50.55.57.56.50.56.1.50.34.57.1.56.1.71.50.1.53.56.57.10.8.8.50.0.57.8.50.7.9.1.39.xover.mutate.done 50
 generation 14.67.68.66.65.56.56.56.56.56.56.11.11.68.56.11.6.51.51.67.51.11.11.56.6.51.6.6.10.9.7.56.54.56.51.56.56.55.54.11.6.11.56.51.11.56.9.56.34.54.11.xover.mutate.done 50
 generation 15.62.65.62.62.62.62.57.57.58.57.11.12.57.8.1.7.57.51.7.61.15.1.51.15.24.8.7.65.51.57.55.8.7.55.15.65.20.7.7.1.57.50.25.65.8.55.1.50.51.55.xover.mutate.done 50
 generation 16.76.76.76.76.76.76.76.76.72.65.34.0.59.65.56.50.76.9.30.9.59.38.19.76.2.28.58.26.9.0.0.0.59.26.76.9.46.50.70.0.50.59.9.76.12.9.9.76.51.0.xover.mutate.done 50
 generation 17.70.70.70.70.68.70.70.70.70.70.56.50.34.50.63.70.70.23.9.50.50.50.54.70.10.50.50.23.10.10.63.19.23.24.54.70.57.10.23.7.60.34.42.11.50.70.34.56.50.50.xover.mutate.done 50
 generation 18.68.68.68.68.68.68.68.68.68.68.29.60.50.68.12.20.18.53.58.53.62.12.68.18.50.3.3.68.59.11.68.68.50.68.53.68.3.68.68.53.53.21.53.58.53.68.68.48.15.77.xover.mutate.done 50
 generation 19.88.75.75.75.75.70.70.70.75.70.32.25.2.38.64.75.70.50.75.75.75.70.75.24.2.70.52.50.64.52.75.38.52.22.75.75.2.32.26.52.32.22.75.70.75.52.34.22.24.70.xover.mutate.done 50
 generation 20.77.69.69.69.69.69.69.69.69.69.69.50.69.50.20.32.69.12.52.50.69.28.68.69.22.12.69.68.69.69.69.61.68.68.22.32.69.77.20.20.61.77.3.2.20.20.50.22.69.3.xover.mutate.done 50
 generation 21.79.79.79.71.71.71.71.71.71.71.71.41.51.66.30.31.2.62.50.2.29.22.22.30.70.2.2.2.50.51.22.2.70.70.71.71.71.29.2.31.30.10.1.70.29.2.71.71.62.69.xover.mutate.done 50
 generation 22.83.83.83.73.73.73.73.73.73.73.55.72.7.55.2.5.7.5.19.50.83.73.55.72.19.52.50.55.7.55.73.52.73.73.37.72.16.73.43.50.72.24.73.83.24.72.73.36.2.36.xover.mutate.done 50
 generation 23.89.89.89.89.88.78.78.78.78.78.78.50.38.50.21.77.77.84.39.59.78.40.76.50.78.81.39.27.6.27.78.42.78.26.60.78.78.41.28.1.78.0.77.50.78.0.78.50.28.78.xover.mutate.done 50
 generation 24.80.80.80.80.79.74.70.75.75.75.80.65.27.50.50.50.51.80.80.33.80.74.75.39.43.80.50.26.26.26.75.26.75.26.50.50.1.1.72.50.2.73.50.31.80.80.31.75.80.65.xover.mutate.done 50
 generation 25.83.83.83.83.83.83.83.83.83.83.83.83.60.2.33.34.60.52.83.79.17.81.52.83.83.71.83.52.52.52.52.83.0.46.60.59.81.83.33.83.61.83.67.71.2.27.52.0.0.50.xover.mutate.done 50
 generation 26.74.74.74.74.74.74.74.74.74.74.50.26.66.43.53.52.4.64.74.62.52.52.52.73.23.50.74.47.22.70.24.31.52.69.74.73.29.24.69.4.52.41.19.52.52.2.29.70.74.74.xover.mutate.done 50
 generation 27.77.77.77.77.77.77.77.77.77.77.2.76.51.39.51.66.30.66.75.25.55.31.75.57.77.76.1.76.51.2.75.50.51.75.73.76.76.76.42.51.60.77.50.27.51.15.25.77.77.77.xover.mutate.done 50
 generation 28.80.80.80.80.80.80.80.80.80.80.79.80.80.2.78.80.55.79.50.79.52.30.29.50.80.80.50.80.52.80.30.79.80.27.50.72.19.0.30.30.65.49.52.26.52.80.50.75.41.52.xover.mutate.done 50
 generation 29.76.76.76.76.76.76.76.76.76.76.1.75.74.23.76.50.74.76.23.50.15.75.50.74.50.76.0.74.0.50.67.50.76.50.50.24.76.0.42.0.76.73.0.74.76.76.76.76.50.50.xover.mutate.done 50
 generation 30.87.87.87.87.87.87.87.87.87.87.87.37.51.80.51.87.51.51.84.87.84.87.39.87.32.87.39.40.87.2.87.51.51.40.82.2.83.87.4.85.87.87.87.59.87.51.40.87.38.85.xover.mutate.done 50
 generation 31.80.80.80.80.80.80.80.80.80.80.31.77.38.80.40.52.50.56.80.80.80.50.50.80.75.28.79.80.80.50.50.74.80.80.79.38.2.2.29.52.79.80.2.80.50.79.2.80.75.52.xover.mutate.done 50
 generation 32.87.87.87.87.87.87.87.87.87.87.42.32.83.87.50.61.12.1.61.85.37.37.1.1.87.39.42.61.87.37.79.51.83.33.50.37.45.39.50.35.50.65.32.31.87.60.42.87.50.52.xover.mutate.done 50
 generation 33.85.85.85.85.85.85.85.85.85.85.36.34.50.81.50.1.1.1.1.1.85.1.85.51.80.84.85.85.51.51.38.66.79.1.38.51.85.51.1.81.1.85.85.41.51.67.51.1.51.31.xover.mutate.done 50
 generation 34.79.79.79.79.79.79.79.79.79.79.51.78.61.30.77.79.79.79.78.51.10.61.52.30.77.51.1.51.78.79.49.1.1.50.79.51.78.45.1.51.77.11.51.79.61.51.1.79.78.13.xover.mutate.done 50
 generation 35.84.84.84.84.83.84.83.84.84.84.82.50.76.50.50.40.44.50.82.14.72.50.82.82.81.50.50.50.33.50.0.50.46.26.33.50.50.16.81.44.33.3.81.19.0.4.50.50.35.0.xover.mutate.done 50
 generation 36.80.80.80.80.80.80.80.80.79.79.4.80.0.50.50.74.71.61.3.79.50.53.79.22.3.80.3.26.53.80.32.53.30.61.29.80.17.79.11.29.53.53.79.0.30.53.53.79.3.29.xover.mutate.done 50
 generation 37.80.80.80.80.80.80.80.80.80.79.1.80.32.50.50.32.30.72.50.32.50.1.50.51.76.50.50.1.1.58.80.1.76.51.50.50.79.9.50.50.1.1.51.1.80.50.75.51.50.80.xover.mutate.done 50
 generation 38.82.82.82.82.82.82.82.82.82.82.50.82.50.82.82.51.50.51.50.65.50.81.50.81.50.51.82.31.30.82.0.50.51.77.35.81.77.51.50.50.82.77.51.1.60.50.33.34.30.31.xover.mutate.done 50
 generation 39.80.80.80.80.80.80.80.80.80.80.8.50.72.80.80.50.30.50.50.1.4.50.80.50.50.80.80.50.50.1.1.50.76.50.30.76.50.27.1.50.1.50.8.50.80.50.37.50.21.30.xover.mutate.done 50
 generation 40.83.83.83.83.83.83.83.83.83.83.50.50.72.33.83.83.1.40.33.50.46.81.1.84.83.50.51.83.1.1.78.30.81.83.34.36.50.45.83.81.17.50.35.47.83.84.50.50.83.31.xover.mutate.done 50
 generation 41.76.76.76.76.76.76.76.76.76.76.25.66.26.25.51.9.51.51.50.54.27.51.51.35.2.36.51.25.51.27.44.27.75.50.3.71.51.51.16.9.51.51.1.51.70.51.51.51.2.45.xover.mutate.done 50
 generation 42.82.82.82.82.82.82.82.82.82.82.26.51.9.22.1.50.51.51.51.82.50.10.81.81.50.2.27.1.16.6.1.50.1.50.50.51.51.51.51.51.1.1.4.35.50.51.51.51.50.31.xover.mutate.done 50
 generation 43.82.82.82.82.82.82.82.82.82.82.6.33.33.1.50.82.7.50.50.45.1.50.1.50.1.82.50.1.50.7.1.76.8.50.51.77.80.50.50.51.1.29.82.51.1.82.37.1.50.82.xover.mutate.done 50
 generation 44.77.77.78.78.78.78.78.78.78.78.50.28.50.75.50.26.28.3.50.50.64.50.49.49.41.50.25.77.0.24.50.27.28.77.31.50.78.50.50.40.0.26.50.0.78.73.9.26.77.28.xover.mutate.done 50
 generation 45.77.77.77.77.77.77.77.77.77.77.53.29.53.4.53.3.53.77.77.53.29.53.4.51.51.75.75.75.77.51.77.53.77.53.51.53.51.77.4.51.4.4.4.51.77.4.4.51.77.16.xover.mutate.done 50
 generation 46.84.84.84.84.84.84.84.84.83.83.85.37.36.83.52.52.3.2.81.83.51.81.35.51.2.52.52.3.35.3.39.47.51.84.51.84.50.52.39.84.80.13.81.85.51.83.52.81.35.42.xover.mutate.done 50
 generation 47.85.85.84.84.84.84.84.84.84.84.85.35.81.84.32.51.35.1.84.85.83.83.35.81.36.51.51.84.1.1.34.3.50.84.35.84.51.51.50.37.39.34.51.27.1.36.1.51.35.37.xover.mutate.done 50
 generation 48.85.85.85.83.83.83.83.83.83.83.25.36.52.50.35.3.1.81.82.85.34.3.52.83.53.85.80.31.51.83.34.85.51.83.51.82.83.83.52.85.33.36.82.51.51.74.82.27.34.51.xover.mutate.done 50
 generation 49.78.78.78.78.78.78.78.78.78.78.74.78.29.78.51.51.35.76.78.51.29.4.53.44.51.78.53.35.53.5.29.78.21.4.75.51.76.70.53.51.78.53.78.35.26.51.53.76.53.29.xover.mutate.done 50
 23177706 iters     893743 iter/sec (25.93 s)
 total time: 25.93
