% Invoked: ./gella -d -r 2 -l biased_r2/run41 >& biased_r2/run41.log
% Ministry of Cellular Automata
% Project Deux (CS523 Spring 2015)
% Version:v0.1-70-g0624-dirty
%  pop:50
%  ic count:100
%  CA Log option:biased_r2/run41
%  width:121
%  max workers:4
%  radius:2
%  iterations:300
%  use bias:true
%  generations:50

 generation 0.50.4.4.3.1.4.3.1.50.4.4.1.3.1.1.1.1.4.8.1.1.50.3.4.50.1.50.50.4.1.4.50.1.3.3.4.1.1.50.4.1.1.4.3.1.51.4.4.1.4.xover.mutate.done 50
 generation 1.51.50.50.50.50.50.50.50.50.3.1.1.1.1.50.1.1.0.1.1.50.0.1.0.50.1.51.0.50.0.50.1.51.1.1.0.1.50.1.1.0.0.1.50.1.6.1.50.1.0.xover.mutate.done 50
 generation 2.50.50.50.50.50.50.50.50.50.50.50.0.17.50.50.0.50.50.50.0.50.0.0.0.0.50.50.50.0.0.75.50.50.0.0.0.0.0.50.7.50.0.0.0.50.0.50.0.0.31.xover.mutate.done 50
 generation 3.71.51.51.51.50.50.50.50.50.50.50.1.18.19.50.51.1.1.1.2.2.51.51.1.2.75.2.51.51.51.50.1.51.2.50.51.1.51.50.50.51.2.2.2.50.6.51.1.1.51.xover.mutate.done 50
 generation 4.77.74.51.51.51.50.51.50.50.50.51.1.39.1.50.1.51.51.50.51.50.50.50.50.50.50.27.8.1.1.1.50.51.1.50.1.8.51.0.1.50.1.50.8.8.50.51.1.51.50.xover.mutate.done 50
 generation 5.75.72.50.50.50.50.50.50.50.50.0.0.50.50.0.0.50.50.50.50.10.50.50.50.0.50.50.50.50.0.0.50.51.50.8.50.16.50.34.50.0.50.50.50.50.0.0.50.50.50.xover.mutate.done 50
 generation 6.78.76.48.51.51.51.51.51.51.51.53.51.4.53.51.4.51.4.4.4.1.53.53.4.51.51.53.53.53.4.4.78.4.13.51.4.4.53.22.50.53.51.51.53.22.53.4.51.51.51.xover.mutate.done 50
 generation 7.80.80.78.51.51.51.51.51.51.51.51.4.80.51.4.51.51.51.4.51.75.51.53.51.53.53.4.51.4.4.4.50.4.4.39.4.53.53.53.20.53.37.51.51.4.4.4.51.4.53.xover.mutate.done 50
 generation 8.71.71.70.69.68.50.50.50.50.50.50.50.50.8.0.50.37.0.50.50.50.23.0.50.50.50.50.50.0.50.50.50.0.50.0.10.50.50.50.22.0.0.0.50.50.50.0.50.50.0.xover.mutate.done 50
 generation 9.79.79.79.79.79.52.52.52.52.52.2.50.50.52.50.50.2.50.2.2.52.2.2.50.2.50.2.52.52.50.50.2.2.50.2.79.2.50.2.52.2.52.50.52.50.2.50.52.2.52.xover.mutate.done 50
 generation 10.79.79.79.75.74.74.50.50.50.50.50.50.1.1.50.50.2.0.50.50.50.51.1.1.48.50.33.50.1.50.74.50.1.50.50.50.1.34.50.59.51.79.51.50.50.50.1.1.50.1.xover.mutate.done 50
 generation 11.73.73.72.73.72.71.71.71.57.51.51.52.72.52.52.9.3.52.3.52.3.52.52.35.29.3.52.51.9.52.50.52.3.73.52.3.3.3.52.52.52.50.56.52.52.52.3.3.52.52.xover.mutate.done 50
 generation 12.74.74.74.74.73.71.74.71.71.71.51.2.33.2.51.74.51.51.51.51.74.51.58.2.2.74.51.2.51.69.58.3.51.74.51.51.9.51.1.39.51.10.2.11.74.51.17.51.2.2.xover.mutate.done 50
 generation 13.79.79.80.79.77.79.79.77.79.79.53.34.1.48.51.50.51.53.34.35.39.53.53.71.3.4.34.4.71.53.53.74.53.53.50.4.79.45.53.53.79.51.58.3.53.71.50.51.4.55.xover.mutate.done 50
 generation 14.81.81.81.82.81.81.81.82.82.81.73.77.78.51.78.51.1.50.36.1.50.79.77.7.73.1.1.50.74.51.1.1.82.51.1.50.72.51.81.77.50.39.81.82.80.74.72.78.50.50.xover.mutate.done 50
 generation 15.81.81.81.81.81.80.80.80.80.80.80.81.50.14.81.81.75.80.74.69.2.3.75.76.59.12.82.52.63.50.80.52.81.81.60.81.37.81.75.75.49.10.52.50.35.34.50.67.50.66.xover.mutate.done 50
 generation 16.83.79.79.79.79.79.83.79.79.79.29.79.1.31.2.8.1.79.50.1.77.50.51.0.73.65.51.72.65.79.50.76.79.12.76.1.83.50.0.1.58.30.51.23.51.51.75.50.50.28.xover.mutate.done 50
 generation 17.82.82.82.78.78.78.78.78.78.78.52.50.50.36.50.52.52.52.78.5.78.7.78.25.45.69.52.78.45.52.55.78.74.82.20.52.52.78.47.52.2.78.10.78.82.61.52.50.76.47.xover.mutate.done 50
 generation 18.72.72.72.72.72.71.71.71.71.71.71.15.71.26.51.1.68.51.58.72.47.71.50.70.51.51.50.51.51.71.58.5.0.58.51.51.71.29.22.48.4.71.71.51.71.71.70.51.47.50.xover.mutate.done 50
 generation 19.76.75.76.76.76.76.72.72.72.72.52.52.58.52.52.48.52.70.50.21.67.2.3.51.56.72.6.52.73.70.76.50.50.73.26.27.70.76.56.59.52.49.67.74.70.72.52.19.52.52.xover.mutate.done 50
 generation 20.71.71.71.71.71.71.71.71.71.66.50.50.50.50.51.50.50.50.47.71.50.51.55.51.11.14.71.66.4.50.21.50.64.50.50.48.67.50.42.50.50.15.50.71.44.50.50.50.64.50.xover.mutate.done 50
 generation 21.78.78.78.78.78.78.78.77.77.78.78.15.60.70.51.78.51.61.51.51.51.59.78.29.78.1.51.57.51.78.78.51.51.78.51.1.25.59.21.51.34.74.51.51.51.78.51.2.51.51.xover.mutate.done 50
 generation 22.83.83.83.83.83.83.83.83.83.83.35.83.51.27.83.51.2.2.1.34.34.50.51.51.10.51.51.65.83.51.51.51.83.34.83.83.2.83.1.51.27.51.51.51.54.46.49.50.60.2.xover.mutate.done 50
 generation 23.81.81.81.81.81.81.81.81.81.81.63.31.76.76.50.8.67.50.31.50.60.63.0.22.81.81.30.50.0.50.81.81.50.50.67.63.73.50.73.50.67.60.0.81.10.81.50.50.50.81.xover.mutate.done 50
 generation 24.81.81.81.81.81.81.81.81.81.81.69.14.61.81.48.81.3.81.52.32.61.3.50.52.24.52.52.3.62.24.81.59.27.34.62.55.80.76.31.35.81.1.81.3.61.51.61.81.81.44.xover.mutate.done 50
 generation 25.81.81.81.81.81.81.81.81.81.81.34.74.51.4.4.35.81.81.71.65.64.51.25.4.15.81.51.51.51.71.4.78.34.35.12.36.53.81.78.81.78.51.81.1.63.81.51.47.34.81.xover.mutate.done 50
 generation 26.78.78.78.78.78.78.78.78.78.78.63.7.78.78.34.52.68.2.33.33.50.30.55.50.2.78.78.78.67.50.7.50.63.78.52.50.13.78.68.50.78.52.78.50.68.78.11.2.78.50.xover.mutate.done 50
 generation 27.80.80.80.80.80.80.80.80.80.80.37.52.9.52.52.52.80.63.64.44.32.80.32.72.49.38.4.61.62.2.10.80.51.16.80.16.52.41.52.37.52.52.52.41.40.21.80.71.51.16.xover.mutate.done 50
 generation 28.78.78.78.78.78.78.78.78.78.78.32.33.61.31.61.11.71.51.50.1.25.78.51.78.31.61.50.61.41.50.32.78.51.75.16.78.41.11.78.50.50.50.37.78.47.11.50.54.32.78.xover.mutate.done 50
 generation 29.81.81.81.81.81.81.81.81.81.81.50.64.2.79.50.50.2.48.39.59.43.81.81.2.52.57.34.50.50.81.33.81.52.52.74.43.50.81.31.81.81.34.58.2.40.2.81.77.81.50.xover.mutate.done 50
 generation 30.85.85.85.85.85.85.85.85.85.85.52.18.52.37.62.50.9.52.52.85.2.65.76.85.85.37.50.85.74.2.85.52.37.37.50.37.2.85.50.21.76.52.50.52.50.85.50.50.58.50.xover.mutate.done 50
 generation 31.86.86.86.86.86.86.86.86.86.86.52.52.86.86.63.52.52.52.52.4.39.68.86.52.86.72.4.52.4.12.52.42.66.59.86.69.4.4.52.52.72.5.68.86.86.68.86.85.52.86.xover.mutate.done 50
 generation 32.83.83.83.83.83.83.83.83.83.83.79.35.78.79.44.50.83.52.25.47.70.35.52.47.52.54.36.79.2.16.83.83.40.2.83.62.52.83.83.47.36.35.83.2.47.79.83.83.83.70.xover.mutate.done 50
 generation 33.79.79.79.79.79.79.79.79.79.79.50.50.79.79.54.58.50.50.79.31.0.50.41.36.50.28.79.50.79.79.79.79.79.79.79.50.48.0.79.79.79.79.26.50.79.38.8.31.53.79.xover.mutate.done 50
 generation 34.80.80.80.80.80.80.80.80.80.80.32.15.52.56.53.29.56.80.72.52.33.52.14.50.2.30.75.80.8.80.34.52.34.80.53.80.80.30.80.48.33.34.2.80.50.52.80.33.56.80.xover.mutate.done 50
 generation 35.83.83.83.83.83.83.83.83.83.83.83.2.83.83.83.40.50.83.57.52.52.83.16.16.50.35.52.35.63.65.64.83.50.50.35.83.83.50.75.63.64.77.66.83.77.80.63.75.29.50.xover.mutate.done 50
 generation 36.85.85.85.85.85.85.85.85.85.85.42.37.83.52.63.63.50.14.38.52.50.63.58.83.83.63.52.52.24.38.40.13.13.52.73.52.2.38.60.11.85.83.2.45.85.83.85.17.85.4.xover.mutate.done 50
 generation 37.78.78.78.78.78.78.78.78.78.78.78.78.50.50.78.0.28.78.77.50.0.50.47.0.51.78.50.50.0.56.12.50.28.0.50.78.50.28.65.0.67.50.28.50.42.50.0.78.28.78.xover.mutate.done 50
 generation 38.86.86.86.86.86.86.86.86.86.86.68.50.86.86.0.86.50.61.50.50.50.0.86.86.86.61.36.4.84.50.50.0.86.0.50.85.0.0.50.50.50.86.50.50.37.0.38.0.36.50.xover.mutate.done 50
 generation 39.78.78.78.78.78.78.78.78.78.78.78.77.33.78.78.51.58.51.51.51.50.51.78.19.32.78.9.51.2.42.51.2.65.34.8.29.51.78.78.10.51.51.78.29.77.51.29.51.51.8.xover.mutate.done 50
 generation 40.78.78.78.78.78.78.78.78.78.78.51.75.51.4.51.50.52.78.18.78.50.36.75.50.78.0.50.50.50.78.51.47.51.51.78.51.54.1.51.25.75.28.78.78.64.50.78.29.75.78.xover.mutate.done 50
 generation 41.80.80.80.80.80.80.80.80.80.80.31.2.33.16.1.80.58.33.78.9.2.78.33.59.80.31.52.80.50.51.80.46.80.80.2.80.80.51.2.14.51.79.33.1.78.50.80.50.51.42.xover.mutate.done 50
 generation 42.79.79.79.79.79.79.79.79.79.79.1.50.79.79.50.77.58.79.79.51.33.51.50.51.79.77.51.51.58.79.11.79.51.0.79.79.2.50.54.30.1.79.30.49.50.50.30.79.8.79.xover.mutate.done 50
 generation 43.76.76.76.76.76.76.76.76.76.76.76.76.21.2.54.74.55.28.76.2.52.76.50.50.52.76.50.29.28.2.55.76.18.55.7.54.76.52.6.70.76.50.16.76.54.7.66.2.66.52.xover.mutate.done 50
 generation 44.82.82.82.82.82.82.82.82.82.82.32.59.71.52.32.82.50.81.82.82.31.52.50.71.71.82.81.2.59.52.57.52.12.70.10.52.32.32.12.2.71.50.61.50.59.71.59.58.2.52.xover.mutate.done 50
 generation 45.80.80.80.80.80.80.80.80.80.80.1.51.72.31.80.72.1.61.32.72.50.72.72.50.51.31.65.31.59.59.23.51.61.80.50.35.72.31.70.80.12.72.0.1.23.31.80.31.61.80.xover.mutate.done 50
 generation 46.78.78.78.78.78.78.78.78.78.78.78.29.78.51.64.67.33.78.47.50.63.1.50.78.64.29.18.64.78.47.67.50.78.16.76.51.29.78.78.50.1.78.51.50.51.64.51.29.64.62.xover.mutate.done 50
 generation 47.79.79.79.79.79.79.79.79.79.79.79.51.30.26.2.51.57.79.2.57.57.50.17.79.79.79.66.34.57.66.2.57.49.51.51.51.42.30.51.2.79.51.79.51.51.42.51.51.34.2.xover.mutate.done 50
 generation 48.77.77.77.77.77.77.77.77.77.77.11.77.52.58.5.77.3.30.59.5.52.30.5.5.9.77.62.39.59.59.33.52.5.52.77.52.32.52.10.30.9.5.5.77.50.52.38.52.77.77.xover.mutate.done 50
 generation 49.80.80.80.80.80.80.80.80.80.80.31.50.50.59.59.59.51.1.10.35.80.79.59.52.35.80.1.80.51.51.80.5.80.1.1.40.50.31.80.80.14.10.50.39.1.1.34.50.50.50.xover.mutate.done 50
 20725050 iters     874085 iter/sec (23.71 s)
 total time: 23.71
