51 50 50 50 50 50 50 50 50 50 50 16 10 7 5 2 2 2 2 2 2 2 2 2 2 2 2 2 2 1 1 1 1 1 1 1 1 1 1 1 1 1 1 1 1 1 1 1 1 1 
57 52 52 50 50 50 50 50 50 50 50 50 50 50 50 50 50 50 50 50 50 50 50 39 21 21 11 11 6 2 2 2 2 2 2 2 2 2 2 2 2 2 2 0 0 0 0 0 0 0 
63 58 58 58 50 50 50 50 50 50 50 50 50 50 50 50 50 50 50 50 50 50 50 50 50 50 50 50 50 50 50 50 50 50 25 22 13 10 10 9 0 0 0 0 0 0 0 0 0 0 
66 59 59 59 59 58 58 50 50 50 50 50 50 50 50 50 50 50 50 50 50 50 50 50 50 50 50 50 50 50 12 11 10 5 4 0 0 0 0 0 0 0 0 0 0 0 0 0 0 0 
65 63 62 62 62 62 62 62 62 53 53 53 51 51 51 51 51 51 50 50 50 50 50 50 40 16 15 14 13 13 13 12 11 11 6 4 4 4 4 4 4 4 4 3 3 3 1 1 1 1 
64 60 60 60 60 60 60 60 60 60 60 60 60 60 57 51 51 51 51 51 50 50 50 20 19 16 12 11 11 11 11 11 11 11 10 9 8 5 2 2 2 2 2 2 2 1 1 1 1 1 
74 62 61 61 61 61 61 61 61 61 61 61 61 60 60 60 59 59 59 54 51 51 51 51 51 51 50 50 50 50 13 12 12 11 11 11 11 10 9 1 1 1 1 1 1 1 1 1 0 0 
64 60 60 60 60 60 60 60 60 60 60 60 60 60 60 59 57 57 57 56 56 52 51 51 51 51 51 50 50 40 17 14 12 12 12 11 11 11 11 10 8 4 2 2 2 2 2 1 1 1 
61 58 55 55 55 55 55 55 55 55 55 55 55 55 55 55 55 55 55 55 55 55 55 53 52 52 52 52 52 52 52 48 28 6 5 5 5 5 5 5 5 5 2 2 2 2 2 2 2 0 
64 61 61 61 61 60 60 60 60 60 60 60 60 60 60 60 60 60 60 60 60 60 60 60 60 59 58 57 50 50 50 50 50 50 50 50 50 18 13 10 10 10 10 10 9 9 7 0 0 0 
62 62 62 62 62 62 62 62 62 62 62 62 62 62 62 62 62 62 62 62 62 62 61 60 60 60 60 59 59 58 52 52 52 52 52 50 50 50 50 39 24 13 12 12 12 12 3 2 0 0 
69 62 62 62 62 62 62 62 62 62 62 62 62 62 61 61 61 61 61 61 57 55 55 55 55 55 54 51 50 50 50 50 50 50 50 45 42 37 36 29 28 13 13 9 6 4 1 1 1 0 
62 62 54 54 54 54 54 54 54 54 54 54 54 54 54 54 54 54 54 53 53 52 52 52 52 51 51 50 50 50 50 50 50 50 50 45 45 45 45 4 4 4 4 4 4 2 0 0 0 0 
72 71 70 68 57 57 57 57 57 57 57 57 56 56 56 56 56 56 56 56 56 55 55 55 53 50 50 50 50 50 50 50 40 39 34 14 10 9 8 8 8 7 7 1 1 1 1 1 1 0 
68 68 67 67 66 65 56 56 56 56 56 56 56 56 56 56 56 56 56 56 56 55 54 54 54 51 51 51 51 51 51 34 11 11 11 11 11 11 11 11 11 10 9 9 7 6 6 6 6 6 
65 65 65 65 62 62 62 62 62 61 58 57 57 57 57 57 57 57 55 55 55 55 51 51 51 51 50 50 25 24 20 15 15 15 12 11 8 8 8 8 7 7 7 7 7 7 1 1 1 1 
76 76 76 76 76 76 76 76 76 76 76 76 76 72 70 65 65 59 59 59 59 58 56 51 50 50 50 46 38 34 30 28 26 26 19 12 9 9 9 9 9 9 9 2 0 0 0 0 0 0 
70 70 70 70 70 70 70 70 70 70 70 70 70 70 68 63 63 60 57 56 56 54 54 50 50 50 50 50 50 50 50 50 50 42 34 34 34 24 23 23 23 23 19 11 10 10 10 10 9 7 
77 68 68 68 68 68 68 68 68 68 68 68 68 68 68 68 68 68 68 68 68 68 62 60 59 58 58 53 53 53 53 53 53 53 50 50 50 48 29 21 20 18 18 15 12 12 11 3 3 3 
88 75 75 75 75 75 75 75 75 75 75 75 75 75 75 75 70 70 70 70 70 70 70 70 70 64 64 52 52 52 52 52 50 50 38 38 34 32 32 32 26 25 24 24 22 22 22 2 2 2 
77 77 77 69 69 69 69 69 69 69 69 69 69 69 69 69 69 69 69 69 69 69 69 68 68 68 68 61 61 52 50 50 50 50 32 32 28 22 22 22 20 20 20 20 20 12 12 3 3 2 
79 79 79 71 71 71 71 71 71 71 71 71 71 71 71 71 70 70 70 70 69 66 62 62 51 51 50 50 41 31 31 30 30 30 29 29 29 22 22 22 10 2 2 2 2 2 2 2 2 1 
83 83 83 83 83 73 73 73 73 73 73 73 73 73 73 73 73 73 73 72 72 72 72 72 55 55 55 55 55 52 52 50 50 50 43 37 36 36 24 24 19 19 16 7 7 7 5 5 2 2 
89 89 89 89 88 84 81 78 78 78 78 78 78 78 78 78 78 78 78 78 78 78 78 77 77 77 76 60 59 50 50 50 50 50 42 41 40 39 39 38 28 28 27 27 26 21 6 1 0 0 
80 80 80 80 80 80 80 80 80 80 80 80 79 75 75 75 75 75 75 75 74 74 73 72 70 65 65 51 50 50 50 50 50 50 50 50 43 39 33 31 31 27 26 26 26 26 26 2 1 1 
83 83 83 83 83 83 83 83 83 83 83 83 83 83 83 83 83 83 83 83 81 81 79 71 71 67 61 60 60 60 59 52 52 52 52 52 52 52 50 46 34 33 33 27 17 2 2 0 0 0 
74 74 74 74 74 74 74 74 74 74 74 74 74 74 74 73 73 70 70 69 69 66 64 62 53 52 52 52 52 52 52 52 52 50 50 47 43 41 31 29 29 26 24 24 23 22 19 4 4 2 
77 77 77 77 77 77 77 77 77 77 77 77 77 77 77 76 76 76 76 76 76 75 75 75 75 73 66 66 60 57 55 51 51 51 51 51 51 50 50 42 39 31 30 27 25 25 15 2 2 1 
80 80 80 80 80 80 80 80 80 80 80 80 80 80 80 80 80 80 80 79 79 79 79 78 75 72 65 55 52 52 52 52 52 50 50 50 50 50 49 41 30 30 30 30 29 27 26 19 2 0 
76 76 76 76 76 76 76 76 76 76 76 76 76 76 76 76 76 76 76 76 75 75 74 74 74 74 74 73 67 50 50 50 50 50 50 50 50 50 50 42 24 23 23 15 1 0 0 0 0 0 
87 87 87 87 87 87 87 87 87 87 87 87 87 87 87 87 87 87 87 87 87 87 87 87 85 85 84 84 83 82 80 59 51 51 51 51 51 51 51 40 40 40 39 39 38 37 32 4 2 2 
80 80 80 80 80 80 80 80 80 80 80 80 80 80 80 80 80 80 80 80 80 80 79 79 79 79 77 75 75 74 56 52 52 52 50 50 50 50 50 50 40 38 38 31 29 28 2 2 2 2 
87 87 87 87 87 87 87 87 87 87 87 87 87 87 87 85 83 83 79 65 61 61 61 60 52 51 50 50 50 50 50 45 42 42 42 39 39 37 37 37 37 35 33 32 32 31 12 1 1 1 
85 85 85 85 85 85 85 85 85 85 85 85 85 85 85 85 85 84 81 81 80 79 67 66 51 51 51 51 51 51 51 51 50 50 41 38 38 36 34 31 1 1 1 1 1 1 1 1 1 1 
79 79 79 79 79 79 79 79 79 79 79 79 79 79 79 79 79 78 78 78 78 78 77 77 77 61 61 61 52 51 51 51 51 51 51 51 51 50 49 45 30 30 13 11 10 1 1 1 1 1 
84 84 84 84 84 84 84 84 83 83 82 82 82 82 81 81 81 76 72 50 50 50 50 50 50 50 50 50 50 50 50 50 50 46 44 44 40 35 33 33 33 26 19 16 14 4 3 0 0 0 
80 80 80 80 80 80 80 80 80 80 80 80 79 79 79 79 79 79 79 74 71 61 61 53 53 53 53 53 53 53 50 50 50 32 30 30 29 29 29 26 22 17 11 4 3 3 3 3 0 0 
80 80 80 80 80 80 80 80 80 80 80 80 80 79 79 76 76 75 72 58 51 51 51 51 50 50 50 50 50 50 50 50 50 50 50 50 50 32 32 32 30 9 1 1 1 1 1 1 1 1 
82 82 82 82 82 82 82 82 82 82 82 82 82 82 82 82 81 81 81 77 77 77 65 60 51 51 51 51 51 51 50 50 50 50 50 50 50 50 50 50 50 35 34 33 31 31 30 30 1 0 
80 80 80 80 80 80 80 80 80 80 80 80 80 80 80 80 76 76 72 50 50 50 50 50 50 50 50 50 50 50 50 50 50 50 50 50 37 30 30 30 27 21 8 8 4 1 1 1 1 1 
84 84 83 83 83 83 83 83 83 83 83 83 83 83 83 83 83 83 83 83 81 81 81 78 72 51 50 50 50 50 50 50 50 50 47 46 45 40 36 35 34 33 33 31 30 17 1 1 1 1 
76 76 76 76 76 76 76 76 76 76 75 71 70 66 54 51 51 51 51 51 51 51 51 51 51 51 51 51 51 51 50 50 45 44 36 35 27 27 27 26 25 25 25 16 9 9 3 2 2 1 
82 82 82 82 82 82 82 82 82 82 82 81 81 51 51 51 51 51 51 51 51 51 51 51 51 50 50 50 50 50 50 50 50 35 31 27 26 22 16 10 9 6 4 2 1 1 1 1 1 1 
82 82 82 82 82 82 82 82 82 82 82 82 82 82 82 80 77 76 51 51 51 50 50 50 50 50 50 50 50 50 50 50 45 37 33 33 29 8 7 7 6 1 1 1 1 1 1 1 1 1 
78 78 78 78 78 78 78 78 78 78 77 77 77 77 77 75 73 64 50 50 50 50 50 50 50 50 50 50 50 50 49 49 41 40 31 28 28 28 28 27 26 26 26 25 24 9 3 0 0 0 
77 77 77 77 77 77 77 77 77 77 77 77 77 77 77 77 77 77 75 75 75 53 53 53 53 53 53 53 53 53 51 51 51 51 51 51 51 51 29 29 16 4 4 4 4 4 4 4 4 3 
85 85 84 84 84 84 84 84 84 84 84 84 84 83 83 83 83 83 81 81 81 81 80 52 52 52 52 52 52 51 51 51 51 51 50 47 42 39 39 37 36 35 35 35 13 3 3 3 2 2 
85 85 85 85 84 84 84 84 84 84 84 84 84 84 84 84 84 83 83 81 81 51 51 51 51 51 51 51 50 50 39 37 37 36 36 35 35 35 35 35 34 34 32 27 3 1 1 1 1 1 
85 85 85 85 85 85 85 83 83 83 83 83 83 83 83 83 83 83 83 82 82 82 82 81 80 74 53 52 52 52 51 51 51 51 51 51 50 36 36 35 34 34 34 33 31 27 25 3 3 1 
78 78 78 78 78 78 78 78 78 78 78 78 78 78 78 78 78 76 76 76 75 74 70 53 53 53 53 53 53 53 51 51 51 51 51 51 51 44 35 35 35 29 29 29 29 26 21 5 4 4 
