51 51 50 50 50 50 50 50 50 50 50 50 50 50 50 22 10 8 6 3 3 3 3 3 3 3 3 3 3 3 3 2 2 2 2 2 1 1 1 1 1 1 1 1 1 1 1 1 1 1 
55 51 51 51 51 51 50 50 50 50 50 50 50 50 50 50 50 50 50 50 50 36 34 25 22 12 12 11 10 6 6 6 6 6 6 6 6 5 5 5 5 5 1 1 1 1 1 1 1 1 
57 53 53 52 52 52 52 52 52 52 52 50 50 50 50 50 50 50 50 50 50 50 50 50 50 50 50 50 50 50 50 41 14 13 5 5 5 5 5 5 5 5 3 3 3 3 3 2 2 2 
76 64 61 61 55 51 51 51 51 51 51 51 51 51 51 51 51 51 51 51 51 51 51 51 50 50 50 50 50 50 50 50 38 38 15 8 5 4 2 2 2 2 1 1 1 1 1 1 1 1 
72 70 69 69 66 62 62 61 51 51 51 51 51 51 50 50 50 50 50 50 50 50 50 50 50 50 50 50 50 50 49 35 29 22 16 15 15 1 1 1 1 1 1 1 1 1 1 0 0 0 
67 66 65 65 64 61 60 58 56 56 55 55 55 51 51 51 51 51 51 51 50 50 50 50 50 50 50 50 50 50 50 50 45 38 33 33 29 11 6 1 1 1 1 0 0 0 0 0 0 0 
78 77 75 75 74 74 74 74 70 69 69 69 68 68 68 66 57 52 52 52 52 52 52 52 50 50 50 50 50 50 50 50 50 34 32 30 27 20 13 8 2 2 2 2 2 2 2 2 0 0 
82 76 71 66 65 65 65 65 65 65 64 64 62 62 62 61 61 61 61 60 51 51 51 51 51 50 50 50 50 50 50 50 50 50 50 50 50 45 34 33 31 31 24 21 20 11 9 6 1 1 
83 79 79 75 74 69 69 69 69 69 69 69 69 69 66 66 61 61 61 61 58 52 52 52 52 52 52 52 52 50 50 50 50 50 48 48 47 43 36 32 31 23 21 19 13 11 11 10 10 4 
83 83 80 80 74 70 70 69 69 69 69 69 69 69 69 68 68 56 55 53 51 50 50 50 50 50 50 50 50 50 50 50 50 50 47 42 27 19 19 18 13 10 5 5 0 0 0 0 0 0 
80 80 80 77 77 76 75 71 68 68 68 68 68 68 68 68 63 63 61 60 60 60 57 50 50 50 50 50 50 50 50 50 46 34 33 33 29 25 24 20 17 16 15 13 0 0 0 0 0 0 
87 86 86 86 86 84 84 79 79 73 72 72 71 69 69 58 58 50 50 50 50 50 50 50 50 50 49 38 31 31 31 29 26 17 16 11 10 8 6 6 6 6 0 0 0 0 0 0 0 0 
78 78 78 78 78 78 78 77 77 77 77 75 73 67 66 65 63 62 62 56 55 55 53 51 51 51 51 50 50 50 50 50 50 50 48 46 37 34 31 31 28 25 24 16 12 10 9 1 1 0 
84 84 84 83 83 83 83 83 83 82 81 81 80 79 79 79 78 75 66 65 61 60 58 58 58 51 51 50 50 50 50 50 50 50 50 45 45 45 45 44 44 40 37 37 31 23 18 1 1 0 
89 89 89 89 89 89 89 89 89 89 89 89 89 88 85 85 85 83 78 77 74 73 65 65 61 58 57 56 54 53 53 53 52 52 52 50 50 50 46 43 43 38 17 15 15 9 9 3 3 0 
87 87 87 87 87 87 87 87 85 85 85 85 85 85 85 85 84 75 72 72 69 68 67 66 63 63 63 63 62 62 58 51 51 51 51 51 51 50 50 50 50 50 50 27 19 9 8 2 1 0 
85 84 84 84 84 84 84 84 84 84 84 84 84 84 84 84 84 84 82 82 73 71 71 69 67 67 62 60 58 53 53 53 53 53 53 53 50 50 50 50 50 50 49 48 37 32 17 10 3 3 
84 82 82 80 79 79 79 79 79 79 79 79 79 79 79 79 79 79 79 79 79 79 79 79 78 78 78 75 75 72 72 68 60 57 50 50 50 50 50 50 50 50 50 45 37 33 33 33 31 17 
85 85 83 83 83 83 83 83 83 83 83 83 83 83 83 82 82 82 82 82 81 81 80 80 80 79 78 75 75 72 72 70 69 62 53 51 51 51 51 51 51 51 50 50 50 50 46 38 37 19 
79 79 79 78 78 78 78 76 76 76 76 76 76 76 76 76 76 76 76 76 76 74 72 71 69 69 69 59 55 53 53 53 53 53 53 53 50 50 50 50 50 50 50 50 45 32 28 14 12 3 
82 82 81 81 77 77 77 77 77 77 77 77 77 77 77 77 77 77 77 77 77 76 72 68 57 52 52 52 52 52 52 52 52 52 50 50 50 50 50 50 50 50 50 50 48 40 34 33 0 0 
82 82 82 82 82 81 81 81 81 81 81 81 81 81 81 81 81 81 81 81 81 81 81 76 70 67 66 66 52 52 52 52 52 52 52 52 52 52 50 50 50 50 41 36 36 35 2 2 2 0 
86 86 85 84 84 84 84 84 84 84 84 84 84 84 84 84 84 84 84 84 73 73 63 59 59 59 53 53 53 50 50 50 50 50 50 50 50 50 50 50 50 50 50 40 29 24 14 12 11 3 
83 83 82 82 82 82 82 82 82 82 82 82 82 82 82 81 81 81 81 81 81 78 76 76 76 76 59 59 57 57 54 54 50 50 50 50 50 50 50 50 50 50 50 50 50 31 18 6 0 0 
91 91 91 91 91 91 91 91 91 91 91 91 90 90 73 73 71 71 71 71 71 71 71 65 65 64 61 60 55 55 51 51 51 51 50 50 50 50 50 50 50 50 50 50 29 26 10 1 1 1 
85 85 85 85 85 85 85 85 85 85 85 85 84 84 84 84 84 84 84 84 84 84 84 84 75 70 61 58 56 56 51 51 51 51 51 51 50 50 50 50 50 50 38 11 1 1 1 1 0 0 
89 89 87 87 87 87 87 87 87 87 87 87 87 87 87 87 87 87 86 86 86 81 81 81 77 65 61 55 51 51 50 50 50 50 50 50 50 50 50 50 49 43 38 22 16 12 8 7 1 0 
85 85 85 85 85 85 85 85 85 85 85 85 85 85 81 81 81 81 67 67 64 59 56 53 53 53 53 53 53 53 51 51 51 51 51 51 51 51 51 50 50 50 42 41 39 27 16 13 4 1 
79 79 79 79 79 79 79 79 79 79 79 79 79 79 79 78 78 70 65 61 56 56 56 55 55 51 51 51 51 51 51 51 51 51 51 51 51 51 50 50 50 41 33 31 26 6 5 2 2 2 
85 82 82 82 82 82 82 82 82 82 82 82 82 82 78 78 78 73 73 72 72 71 66 57 56 56 56 50 50 50 50 50 50 50 50 50 50 50 50 48 48 39 34 30 16 7 7 7 1 1 
85 85 85 85 85 85 85 85 85 85 85 85 85 85 80 79 77 76 69 65 64 61 61 61 61 59 58 54 53 53 50 50 50 50 50 50 50 50 50 50 50 46 46 31 30 23 21 19 13 6 
87 87 87 87 87 87 87 87 87 87 87 87 87 87 87 87 87 87 87 87 87 86 75 65 60 59 57 57 56 55 55 55 55 51 51 51 51 51 51 51 51 50 43 41 35 26 9 6 2 2 
87 87 87 87 87 87 87 87 87 87 87 87 87 87 85 77 69 58 56 55 55 55 55 51 51 51 51 51 51 51 51 51 50 50 50 50 50 50 50 50 50 50 50 44 38 38 20 20 7 1 
84 84 84 84 84 84 84 84 84 84 84 84 84 84 83 83 62 60 60 57 57 57 57 57 57 51 51 51 51 51 51 51 51 51 50 50 50 50 50 37 37 37 37 37 13 10 8 8 1 1 
86 86 86 86 86 86 86 86 86 86 86 86 86 86 86 86 86 86 62 61 61 61 61 61 61 61 61 60 59 52 52 52 52 52 52 50 50 50 48 48 41 40 40 33 29 23 14 11 2 0 
87 87 87 87 87 87 87 87 87 87 87 87 87 87 78 66 64 64 64 62 60 60 58 52 52 52 52 52 51 51 51 51 51 45 45 42 42 42 42 30 30 30 30 13 11 10 10 8 3 3 
81 81 81 81 81 81 81 81 81 81 81 81 81 72 72 72 64 59 57 57 57 57 55 52 52 52 52 52 52 52 52 52 52 50 50 50 50 50 50 33 24 18 11 2 2 2 0 0 0 0 
89 89 89 89 89 89 89 89 89 89 89 89 89 89 89 83 76 76 63 61 58 56 56 56 56 56 55 51 51 51 51 51 51 50 50 50 50 50 50 50 50 45 41 41 41 41 35 29 1 0 
87 87 87 87 87 87 87 87 87 87 87 87 87 87 87 87 87 87 87 84 83 81 81 69 67 67 60 59 58 58 58 57 55 52 52 52 52 52 52 50 50 50 50 48 48 45 42 38 38 5 
84 84 84 84 84 84 84 84 84 84 84 84 84 84 84 84 84 84 84 84 84 84 84 84 64 64 63 60 60 59 59 59 57 55 55 55 51 51 51 51 50 50 50 50 50 50 46 43 36 17 
86 86 86 86 86 86 86 86 86 86 86 86 86 86 86 86 86 86 86 86 86 86 80 75 63 63 61 61 61 57 57 57 51 51 51 51 50 50 50 50 50 50 50 50 19 19 11 1 1 0 
87 87 87 87 87 87 87 87 87 87 87 87 87 87 87 87 87 87 87 75 68 62 62 59 57 57 53 53 53 53 53 50 50 50 50 50 50 50 50 50 50 50 50 50 42 10 3 3 3 3 
85 85 85 85 85 85 85 85 85 85 85 85 85 85 85 85 85 85 85 85 85 85 84 80 74 60 56 56 53 53 51 51 51 51 50 45 43 43 42 42 39 39 36 36 36 23 12 1 1 0 
81 81 81 81 81 81 81 81 81 81 81 81 81 81 81 80 80 79 79 61 57 53 53 53 53 53 53 53 53 52 52 52 52 52 50 50 48 44 39 38 38 36 36 36 17 15 14 10 6 6 
86 86 86 86 86 86 86 86 86 86 86 86 86 86 86 86 86 86 86 86 82 82 81 79 71 69 66 65 65 56 50 50 50 50 50 50 50 50 50 49 49 46 45 42 41 37 34 22 18 14 
82 82 82 82 82 82 82 82 82 82 82 82 82 82 82 82 82 82 82 79 77 70 63 59 59 59 50 50 50 50 50 50 50 50 50 50 50 50 50 49 49 45 40 36 36 32 20 17 0 0 
83 83 83 83 83 83 83 83 83 83 83 83 83 83 83 83 81 81 80 77 75 73 73 72 72 72 69 69 69 56 54 50 50 50 50 50 50 50 50 50 50 44 44 21 21 17 9 2 0 0 
88 88 88 88 88 88 88 88 88 88 88 88 88 87 83 77 77 73 72 67 60 56 56 56 54 54 50 50 50 50 50 50 50 50 50 50 50 50 44 44 39 39 39 39 27 19 18 0 0 0 
90 90 90 90 90 90 90 90 90 90 90 90 90 90 90 89 89 87 87 80 74 67 67 66 60 56 53 52 52 52 52 52 52 52 52 52 52 52 50 50 50 43 32 29 15 13 10 8 2 2 
80 80 80 80 80 80 80 80 80 80 80 80 80 80 80 80 80 75 75 69 68 60 60 57 51 51 51 51 51 51 51 51 51 51 51 51 51 51 50 50 35 35 33 33 29 19 17 7 2 2 
