% Invoked: ./gella -d -r 2 -l biased_r2/run49 >& biased_r2/run49.log
% Ministry of Cellular Automata
% Project Deux (CS523 Spring 2015)
% Version:v0.1-70-g0624-dirty
%  pop:50
%  ic count:100
%  CA Log option:biased_r2/run49
%  width:121
%  max workers:4
%  radius:2
%  iterations:300
%  use bias:true
%  generations:50

 generation 0.50.1.50.50.50.8.51.50.51.1.3.3.2.1.50.3.2.6.3.1.1.1.1.2.1.3.50.3.50.50.50.10.3.50.2.3.1.1.22.50.1.3.3.1.3.50.3.2.1.1.xover.mutate.done 50
 generation 1.51.51.50.50.50.50.50.50.50.50.10.5.51.12.50.1.1.5.51.1.1.34.1.6.50.50.25.6.51.6.5.50.36.5.6.50.1.50.22.6.11.1.6.5.6.12.55.6.1.50.xover.mutate.done 50
 generation 2.53.52.52.52.52.52.50.50.50.50.3.5.2.50.5.50.13.50.52.53.50.5.2.50.50.5.5.3.50.3.3.50.50.52.50.50.52.50.5.5.50.41.2.50.3.57.50.14.5.50.xover.mutate.done 50
 generation 3.55.51.51.51.51.51.51.51.51.51.38.51.51.2.51.50.61.1.50.1.51.1.50.51.76.50.61.2.5.15.1.50.1.64.1.1.8.51.51.51.1.50.51.2.50.38.50.4.2.51.xover.mutate.done 50
 generation 4.72.66.69.69.62.51.51.50.50.50.1.61.50.1.15.0.50.51.50.49.1.16.1.1.50.70.50.50.51.50.51.50.15.50.62.51.0.1.1.50.1.1.29.22.50.0.1.50.35.50.xover.mutate.done 50
 generation 5.67.66.65.65.60.55.55.58.51.51.51.50.1.33.0.1.51.50.0.45.0.50.0.50.50.0.50.11.56.50.50.1.51.50.64.51.50.51.38.56.50.29.55.33.1.0.0.50.6.61.xover.mutate.done 50
 generation 6.78.74.74.74.70.69.69.66.68.68.32.75.2.2.27.52.2.52.57.74.69.2.50.50.2.52.20.0.0.50.50.8.50.52.52.30.50.34.2.2.13.50.75.2.68.77.50.50.52.52.xover.mutate.done 50
 generation 7.71.76.61.61.65.65.65.65.66.62.51.1.50.50.50.50.21.64.62.6.50.50.20.11.33.31.60.62.61.50.64.50.9.50.51.50.31.45.51.34.50.65.51.51.61.24.65.50.1.82.xover.mutate.done 50
 generation 8.79.75.74.66.69.69.69.69.69.69.50.31.11.52.48.61.50.11.52.69.10.47.21.79.52.19.43.52.69.61.10.36.4.58.52.50.52.50.52.52.48.83.69.61.13.23.66.32.61.50.xover.mutate.done 50
 generation 9.83.80.80.74.70.69.68.68.69.69.53.70.83.18.50.55.0.50.5.69.47.19.69.10.50.50.0.13.0.5.50.19.69.0.50.69.42.50.0.27.50.50.56.69.50.50.51.50.50.0.xover.mutate.done 50
 generation 10.80.80.77.77.75.76.68.68.68.68.57.60.80.68.25.33.61.0.34.68.0.50.24.50.13.60.50.60.33.63.29.71.50.50.0.0.0.50.50.46.17.68.16.68.50.0.20.50.15.63.xover.mutate.done 50
 generation 11.86.86.86.84.84.79.79.73.72.71.49.0.0.31.26.17.29.6.86.50.6.50.31.50.0.50.8.50.16.0.50.69.0.58.0.87.0.38.69.11.50.0.72.50.10.58.50.6.6.31.xover.mutate.done 50
 generation 12.78.78.78.78.78.77.77.73.75.66.1.51.51.16.50.55.9.62.78.50.67.50.1.78.50.0.37.48.56.31.51.10.53.51.25.65.46.31.50.77.24.63.28.62.50.77.12.55.34.50.xover.mutate.done 50
 generation 13.84.83.83.83.83.84.83.81.81.82.50.79.50.0.58.58.50.66.50.79.45.40.1.51.23.78.44.50.65.51.61.31.45.50.58.37.50.79.50.37.75.83.18.84.60.45.1.80.44.45.xover.mutate.done 50
 generation 14.89.89.89.89.89.89.89.89.89.85.53.50.15.9.89.58.9.50.74.78.43.53.83.3.77.89.52.15.65.89.52.56.85.43.53.65.17.54.61.52.38.0.3.73.50.85.57.89.46.88.xover.mutate.done 50
 generation 15.87.87.87.85.85.85.85.85.85.87.85.51.50.72.69.9.51.50.63.75.0.51.50.72.62.68.8.85.62.87.1.87.58.67.87.87.66.51.50.50.63.63.51.84.27.51.19.50.63.2.xover.mutate.done 50
 generation 16.84.84.84.84.85.84.84.84.84.84.32.3.84.50.50.50.53.53.84.53.67.71.84.82.50.53.84.82.84.53.48.62.67.53.69.49.73.84.71.60.10.53.3.84.58.37.50.84.50.17.xover.mutate.done 50
 generation 17.79.79.79.79.79.79.79.79.79.79.79.79.37.17.84.79.50.50.57.79.50.78.78.75.50.50.75.79.60.33.72.50.50.82.79.79.31.72.50.50.68.79.33.78.79.82.79.80.45.33.xover.mutate.done 50
 generation 18.85.83.83.78.85.83.83.83.83.83.82.69.82.80.50.51.46.51.83.80.79.38.83.81.83.83.53.50.75.51.51.51.19.83.72.51.62.37.82.51.50.81.50.82.70.82.83.80.75.72.xover.mutate.done 50
 generation 19.79.78.79.79.76.76.76.76.76.76.53.76.50.14.55.50.50.53.53.50.32.72.69.78.76.78.50.53.76.59.12.53.71.50.45.78.76.69.76.76.74.69.53.3.50.53.50.76.28.76.xover.mutate.done 50
 generation 20.81.82.82.77.81.77.77.77.77.77.50.33.34.77.52.50.48.50.52.50.77.52.0.50.68.77.40.77.72.77.77.52.50.50.52.77.50.52.52.77.77.57.52.77.50.76.0.52.77.50.xover.mutate.done 50
 generation 21.81.81.81.81.82.82.82.81.81.81.81.81.70.50.36.81.52.82.36.2.66.66.52.52.76.81.81.35.67.41.52.52.81.81.50.50.52.2.0.81.81.81.52.50.52.82.52.52.81.2.xover.mutate.done 50
 generation 22.84.84.84.84.84.86.86.85.84.84.84.40.50.50.50.50.50.29.11.53.3.53.73.84.53.84.84.12.84.24.59.63.50.50.84.59.84.84.50.73.50.50.50.50.84.50.84.50.59.14.xover.mutate.done 50
 generation 23.83.83.82.82.82.82.82.82.81.82.54.0.50.50.50.81.57.82.31.82.50.82.81.76.50.59.78.18.81.50.82.76.50.50.59.50.6.0.50.81.76.50.57.82.76.81.82.50.50.54.xover.mutate.done 50
 generation 24.73.73.71.91.91.91.91.91.91.91.91.91.1.71.50.55.50.26.91.55.60.50.50.90.65.1.51.51.1.64.51.50.71.71.50.50.90.71.50.50.65.91.71.50.91.71.61.29.10.51.xover.mutate.done 50
 generation 25.85.85.85.85.85.84.85.84.84.85.50.50.85.51.51.1.50.70.51.84.84.50.51.84.58.85.85.61.84.85.84.84.0.84.56.84.51.1.84.75.85.56.1.11.50.50.51.38.0.1.xover.mutate.done 50
 generation 26.87.87.87.87.87.87.87.87.87.87.89.87.51.87.50.8.7.61.86.16.87.12.43.50.65.50.81.81.87.51.38.86.50.50.87.50.50.22.50.87.50.1.81.77.55.89.0.49.86.50.xover.mutate.done 50
 generation 27.81.81.85.85.85.85.85.85.85.85.67.53.50.53.51.4.85.53.53.13.64.85.16.53.51.27.81.42.50.85.51.53.85.39.67.81.59.51.85.53.51.50.56.41.51.51.51.1.85.51.xover.mutate.done 50
 generation 28.79.79.79.79.79.79.79.79.78.79.65.56.51.51.61.79.50.51.6.50.5.51.26.55.51.78.79.31.41.51.33.56.51.2.51.79.2.50.79.55.51.79.51.56.79.70.51.2.51.51.xover.mutate.done 50
 generation 29.82.82.82.82.82.82.82.82.82.82.50.78.66.57.82.85.56.50.16.72.56.50.50.82.50.71.1.50.7.39.50.34.73.73.82.56.1.30.7.78.72.50.50.50.48.50.7.78.50.48.xover.mutate.done 50
 generation 30.76.85.85.85.85.85.85.85.85.85.50.50.50.61.46.19.50.61.50.79.53.85.69.61.30.50.23.31.80.85.50.6.65.13.53.58.61.46.85.50.21.50.85.64.54.77.50.85.50.59.xover.mutate.done 50
 generation 31.87.87.87.87.87.87.87.87.87.87.87.87.56.87.51.51.6.87.87.51.35.57.87.59.87.41.2.65.51.43.55.55.50.51.87.57.55.87.87.75.51.87.9.2.60.26.86.51.55.51.xover.mutate.done 50
 generation 32.87.87.87.87.87.87.87.87.87.87.20.51.87.50.50.38.55.51.50.56.51.51.20.87.50.55.51.7.1.87.58.50.38.55.50.44.51.55.77.50.50.50.87.51.85.50.51.69.50.51.xover.mutate.done 50
 generation 33.84.84.84.84.84.84.84.84.84.84.37.57.62.57.51.83.51.51.84.51.84.37.37.8.51.50.50.51.60.83.60.13.57.50.51.57.10.37.50.8.37.1.1.51.84.84.50.51.57.57.xover.mutate.done 50
 generation 34.86.86.86.86.86.86.86.86.86.86.14.29.62.60.23.41.86.52.33.50.40.11.61.86.86.50.48.52.61.86.86.61.61.86.52.0.50.2.86.61.52.52.86.52.61.59.61.61.40.48.xover.mutate.done 50
 generation 35.87.87.87.87.87.87.87.87.87.87.30.51.52.3.87.13.78.42.42.52.64.45.30.64.51.58.30.10.62.52.30.66.51.52.60.87.52.3.87.42.87.51.8.11.42.10.45.60.51.64.xover.mutate.done 50
 generation 36.81.81.81.81.81.81.81.81.81.81.52.24.81.52.33.52.50.81.59.57.55.52.72.52.18.52.0.57.57.52.72.50.64.2.81.50.11.2.0.0.2.50.50.52.0.50.57.52.72.52.xover.mutate.done 50
 generation 37.89.89.89.89.89.89.89.89.89.89.63.89.35.50.89.83.51.89.56.56.41.50.61.51.50.50.41.51.55.50.51.56.50.29.76.51.89.89.58.45.56.41.50.0.1.51.50.76.41.56.xover.mutate.done 50
 generation 38.87.87.87.87.87.87.87.87.87.87.87.5.45.84.81.59.52.57.60.58.83.87.69.50.87.81.67.87.48.50.52.52.42.38.87.87.50.50.38.58.67.52.48.58.87.52.52.87.55.87.xover.mutate.done 50
 generation 39.84.84.84.84.84.84.84.84.84.84.55.57.84.84.51.60.50.50.84.84.50.84.36.60.50.84.59.84.51.51.64.59.59.50.84.64.50.46.84.55.84.84.84.55.43.17.63.84.51.84.xover.mutate.done 50
 generation 40.86.86.86.86.86.86.86.86.86.86.61.51.86.50.50.50.51.75.1.86.50.50.61.86.61.51.86.57.51.57.86.86.19.1.86.63.80.50.19.86.63.86.57.86.50.0.86.50.86.11.xover.mutate.done 50
 generation 41.87.87.87.87.87.87.87.87.87.87.50.59.50.87.10.87.50.50.3.50.3.50.87.53.75.87.53.50.50.68.57.3.50.87.87.57.50.53.42.53.50.87.53.50.3.87.62.87.50.62.xover.mutate.done 50
 generation 42.85.85.85.85.85.85.85.85.85.85.36.0.43.85.85.42.60.85.39.85.85.45.85.56.12.80.1.85.1.84.51.85.85.74.85.23.43.42.50.51.53.51.53.85.51.36.85.39.56.36.xover.mutate.done 50
 generation 43.81.81.81.81.81.81.81.81.81.81.52.53.57.81.44.17.53.53.53.50.38.53.81.52.52.53.81.80.6.52.15.81.36.38.10.53.48.52.39.14.36.79.80.50.53.6.36.61.81.79.xover.mutate.done 50
 generation 44.86.86.86.86.86.86.86.86.86.86.82.65.50.50.34.50.86.86.81.14.45.65.86.37.42.86.50.71.22.69.86.49.82.46.66.50.49.86.86.86.50.86.79.50.18.56.41.86.50.50.xover.mutate.done 50
 generation 45.82.82.82.82.82.82.82.82.82.82.50.45.50.0.32.59.82.82.82.0.50.36.50.50.77.40.63.82.50.82.82.50.50.82.82.50.49.59.59.79.36.49.70.50.82.20.50.17.50.50.xover.mutate.done 50
 generation 46.83.83.83.83.83.83.83.83.83.83.81.73.77.50.69.83.80.21.50.83.50.50.44.0.81.50.83.2.83.50.69.54.56.73.83.75.69.83.9.50.50.50.50.21.44.0.72.72.72.17.xover.mutate.done 50
 generation 47.88.88.88.88.88.88.88.88.88.88.77.50.88.50.50.83.67.19.50.39.50.50.0.18.50.27.50.0.50.72.39.50.73.50.56.39.44.0.54.56.88.88.39.87.50.56.44.77.54.60.xover.mutate.done 50
 generation 48.90.90.90.90.90.90.90.90.90.90.52.8.52.90.90.52.90.2.52.50.29.87.50.90.13.90.89.2.52.32.89.10.52.67.52.74.87.52.52.52.50.52.67.80.66.53.60.56.43.15.xover.mutate.done 50
 generation 49.80.80.80.80.80.80.80.80.80.80.2.51.51.51.51.80.33.51.69.50.51.80.29.80.2.80.51.75.33.51.51.51.51.50.80.51.60.80.17.19.35.51.7.57.35.80.68.75.51.60.xover.mutate.done 50
 20521848 iters     863622 iter/sec (23.76 s)
 total time: 23.76
