0.4375 0.125 0.71875 0.375 0.5 0.46875 0.09375 0.65625 0.3125 0.65625 
0.65625 0.03125 1.0 0.9375 0.875 0.03125 1.0 1.0 0.78125 0.0625 
0.03125 0.09375 0.15625 0.65625 0.6875 0.53125 0.78125 0.96875 0.90625 0.71875 
0.03125 0.09375 0.15625 0.65625 0.6875 0.53125 0.78125 0.96875 0.90625 0.75 
0.4375 0.03125 0.09375 0.15625 0.65625 0.6875 0.53125 0.78125 0.96875 0.90625 
0.4375 0.03125 0.09375 0.15625 0.03125 0.21875 0.25 0.34375 0.65625 0.6875 
0.4375 0.65625 0.6875 0.46875 0.8125 0.71875 0.6875 0.96875 0.71875 0.8125 
0.46875 0.5 0.4375 0.25 0.25 0.21875 0.28125 0.125 0.28125 0.1875 
0.46875 0.5 0.46875 0.5 0.4375 0.4375 0.4375 0.4375 0.4375 0.5625 
0.46875 0.5 0.46875 0.46875 0.5 0.46875 0.46875 0.4375 0.4375 0.4375 
0.46875 0.5 0.46875 0.5 0.5 0.4375 0.4375 0.4375 0.4375 0.46875 
0.46875 0.5 0.46875 0.5 0.5 0.4375 0.4375 0.5 0.5 0.5 
0.46875 0.5 0.46875 0.5 0.5 0.4375 0.4375 0.5 0.5 0.5 
0.46875 0.5 0.46875 0.5 0.5 0.4375 0.4375 0.5 0.5 0.5 
0.5 0.5 0.46875 0.5 0.46875 0.5 0.5 0.4375 0.4375 0.5 
0.5 0.5 0.5 0.5 0.46875 0.5 0.46875 0.5 0.5 0.4375 
0.5 0.5 0.5 0.5 0.5 0.5 0.5 0.46875 0.46875 0.5 
0.5 0.5 0.5 0.5 0.5 0.5 0.5 0.46875 0.5 0.5 
0.5 0.5 0.5 0.5 0.5 0.5 0.5 0.46875 0.5 0.5 
0.5625 0.53125 0.5 0.5 0.5 0.5 0.5 0.5 0.5 0.46875 
0.5625 0.53125 0.53125 0.53125 0.53125 0.53125 0.5 0.5 0.5 0.5 
0.5625 0.53125 0.53125 0.53125 0.59375 0.53125 0.53125 0.53125 0.5 0.5 
0.5625 0.53125 0.53125 0.53125 0.59375 0.53125 0.53125 0.53125 0.5 0.5 
0.5625 0.53125 0.53125 0.53125 0.53125 0.53125 0.53125 0.53125 0.59375 0.53125 
0.5625 0.53125 0.53125 0.53125 0.53125 0.53125 0.53125 0.53125 0.53125 0.53125 
0.5625 0.53125 0.53125 0.53125 0.53125 0.53125 0.53125 0.53125 0.53125 0.53125 
0.5625 0.53125 0.53125 0.53125 0.53125 0.53125 0.5625 0.5625 0.53125 0.53125 
0.5625 0.53125 0.53125 0.53125 0.53125 0.53125 0.5625 0.5625 0.53125 0.53125 
0.5625 0.53125 0.53125 0.53125 0.53125 0.53125 0.5625 0.5625 0.53125 0.53125 
0.5625 0.53125 0.53125 0.53125 0.53125 0.53125 0.5625 0.5625 0.53125 0.53125 
0.5625 0.53125 0.53125 0.53125 0.53125 0.53125 0.5625 0.5625 0.53125 0.53125 
0.5625 0.53125 0.53125 0.53125 0.53125 0.53125 0.5625 0.5625 0.53125 0.53125 
0.5625 0.625 0.5625 0.53125 0.53125 0.53125 0.53125 0.53125 0.5625 0.5625 
0.5625 0.625 0.5625 0.53125 0.53125 0.53125 0.53125 0.53125 0.5625 0.5625 
0.5625 0.625 0.625 0.5625 0.5625 0.53125 0.5625 0.5625 0.5625 0.53125 
0.5625 0.625 0.625 0.5625 0.5625 0.53125 0.5625 0.5625 0.5625 0.5 
0.5625 0.625 0.625 0.5625 0.5625 0.53125 0.5625 0.5625 0.5625 0.5 
0.5625 0.625 0.625 0.5625 0.5625 0.53125 0.5625 0.5625 0.5625 0.5 
0.5625 0.625 0.625 0.5625 0.5625 0.53125 0.5625 0.5625 0.5625 0.5 
0.5625 0.625 0.625 0.5625 0.5625 0.53125 0.5625 0.5625 0.5625 0.5 
0.5625 0.625 0.625 0.5625 0.5625 0.53125 0.5625 0.5625 0.5625 0.5 
0.5625 0.625 0.625 0.5625 0.5625 0.53125 0.5625 0.5625 0.5625 0.5 
0.5625 0.625 0.625 0.5625 0.5625 0.53125 0.5625 0.5625 0.5625 0.5 
0.5625 0.625 0.625 0.5625 0.5625 0.53125 0.5625 0.5625 0.5625 0.5 
0.5625 0.625 0.625 0.5625 0.5625 0.53125 0.5625 0.5625 0.5625 0.5 
0.59375 0.5625 0.625 0.625 0.5625 0.5625 0.53125 0.5625 0.5625 0.5625 
0.5625 0.625 0.625 0.5625 0.5625 0.53125 0.5625 0.5625 0.5625 0.5625 
0.5625 0.625 0.625 0.5625 0.5625 0.53125 0.5625 0.5625 0.5625 0.5625 
0.5625 0.625 0.625 0.5625 0.5625 0.53125 0.5625 0.5625 0.5625 0.5625 
0.5625 0.625 0.625 0.5625 0.5625 0.53125 0.5625 0.5625 0.5625 0.5625 
