50 50 50 50 50 50 50 50 50 50 50 50 50 10 2 0 0 0 0 0 0 0 0 0 0 0 0 0 0 0 0 0 0 0 0 0 0 0 0 0 0 0 0 0 0 0 0 0 0 0 
65 51 51 51 51 51 50 50 50 50 50 50 50 50 50 50 50 50 50 50 50 50 50 50 50 30 5 2 2 2 2 2 2 2 2 2 2 2 1 1 1 1 1 1 1 1 1 1 1 1 
65 53 53 53 53 51 51 51 51 51 51 51 51 51 50 50 50 50 50 50 50 50 50 50 50 50 50 50 38 29 19 11 10 7 4 4 4 4 4 4 4 4 4 4 4 4 3 3 1 1 
63 53 51 51 51 51 51 51 51 51 51 51 51 51 51 51 51 51 51 51 51 50 50 50 50 50 50 37 27 8 2 2 2 2 2 2 2 2 1 1 1 1 1 1 1 1 1 1 1 1 
72 54 53 51 51 51 51 51 51 51 51 51 51 51 51 50 50 50 50 50 50 50 50 50 50 50 50 50 50 50 12 7 7 7 2 1 1 1 1 1 1 1 1 1 0 0 0 0 0 0 
62 55 54 51 51 51 51 51 51 51 51 51 51 51 51 50 50 50 50 50 50 50 50 50 50 50 50 5 1 1 1 1 1 1 1 1 1 1 1 1 1 0 0 0 0 0 0 0 0 0 
61 50 50 50 50 50 50 50 50 50 50 50 50 50 50 50 50 50 50 50 50 50 50 42 42 41 38 31 15 10 8 8 8 6 4 0 0 0 0 0 0 0 0 0 0 0 0 0 0 0 
67 52 52 52 52 52 52 52 52 52 52 52 52 52 52 52 52 50 50 50 50 50 50 50 50 50 50 50 50 50 21 16 15 14 14 11 6 2 2 2 2 2 2 2 2 2 2 2 0 0 
62 50 50 50 50 50 50 50 50 50 50 50 50 50 50 50 50 50 50 50 50 50 50 50 50 50 50 50 50 50 50 50 18 17 16 8 0 0 0 0 0 0 0 0 0 0 0 0 0 0 
71 50 50 50 50 50 50 50 50 50 50 50 50 50 50 50 50 50 50 50 50 50 50 50 50 50 50 50 50 50 50 50 50 50 50 50 50 50 50 50 38 26 4 4 2 2 2 2 0 0 
72 54 54 54 54 54 54 54 54 54 54 54 54 54 54 54 54 54 54 54 54 54 50 50 50 50 50 50 50 50 50 50 50 50 50 50 50 16 10 10 5 5 5 5 5 4 4 1 1 1 
61 53 53 53 53 53 53 53 53 53 53 53 53 53 53 53 53 53 53 53 53 53 53 53 53 53 53 53 53 53 50 50 50 50 50 34 6 6 5 4 4 3 3 3 3 3 3 3 3 0 
63 50 50 50 50 50 50 50 50 50 50 50 50 50 50 50 50 50 50 50 50 50 50 50 50 50 50 50 50 50 50 50 50 50 17 16 15 15 15 14 14 13 13 0 0 0 0 0 0 0 
67 50 50 50 50 50 50 50 50 50 50 50 50 50 50 50 50 50 50 50 50 50 50 50 50 50 50 50 50 50 50 32 16 12 10 8 8 7 7 7 6 6 0 0 0 0 0 0 0 0 
70 50 50 50 50 50 50 50 50 50 50 50 50 50 50 50 50 50 50 50 50 50 50 50 50 50 50 50 50 50 50 50 50 50 50 50 32 16 13 11 10 7 0 0 0 0 0 0 0 0 
65 50 50 50 50 50 50 50 50 50 50 50 50 50 50 50 50 50 50 50 50 50 50 50 50 50 50 50 50 50 50 50 20 15 12 12 5 1 1 1 1 1 1 1 1 1 1 1 1 0 
67 57 52 52 52 52 52 52 52 52 52 52 52 52 52 52 52 52 52 52 52 52 50 50 50 50 50 50 50 21 16 16 13 13 5 5 5 5 5 5 3 3 3 3 3 3 3 3 3 2 
69 55 54 50 50 50 50 50 50 50 50 50 50 50 50 50 50 50 50 50 50 50 50 50 50 50 50 47 14 11 11 7 6 0 0 0 0 0 0 0 0 0 0 0 0 0 0 0 0 0 
68 59 55 50 50 50 50 50 50 50 50 50 50 50 50 50 50 50 50 50 50 50 50 50 50 50 50 50 50 50 50 46 13 13 10 1 1 1 1 1 1 1 1 1 1 1 1 1 0 0 
64 56 52 52 52 52 52 52 52 52 52 52 52 52 52 52 52 52 52 51 50 50 50 50 50 50 50 50 50 50 50 50 50 49 15 11 9 6 2 2 2 2 2 2 2 0 0 0 0 0 
74 55 55 51 51 51 51 51 51 51 51 51 51 51 51 51 51 51 51 51 51 51 51 51 51 51 51 50 50 50 50 50 50 46 14 12 11 9 4 4 3 1 1 1 1 1 1 1 0 0 
62 56 55 55 50 50 50 50 50 50 50 50 50 50 50 50 50 50 50 50 50 50 50 50 50 50 50 50 50 50 50 29 21 18 16 8 0 0 0 0 0 0 0 0 0 0 0 0 0 0 
65 57 56 56 56 56 56 50 50 50 50 50 50 50 50 50 50 50 50 50 50 50 50 50 50 50 50 50 50 50 45 37 30 9 2 1 1 1 1 1 1 1 1 1 1 1 1 1 1 0 
67 57 57 57 57 57 57 57 57 57 57 53 53 53 53 53 53 53 53 53 53 53 53 53 53 53 53 51 51 50 50 50 50 50 48 26 22 15 14 12 12 10 10 8 8 4 4 4 1 1 
73 62 62 58 58 51 51 51 51 51 51 51 51 51 51 51 51 51 51 51 51 51 51 51 51 51 51 51 51 51 51 51 51 50 50 50 45 17 16 14 12 7 1 1 1 1 1 0 0 0 
69 69 69 69 64 64 64 58 58 57 57 57 57 57 57 57 54 50 50 50 50 50 50 50 50 50 50 50 50 50 50 50 50 50 36 15 13 12 12 9 8 1 1 1 1 1 1 1 0 0 
64 64 64 64 63 63 60 60 60 60 58 56 53 53 52 52 52 52 52 52 52 52 52 52 50 50 50 50 50 50 50 50 50 50 50 46 46 46 15 13 9 8 3 2 0 0 0 0 0 0 
59 59 59 59 59 59 59 58 58 58 58 58 58 58 58 58 55 54 54 54 51 51 51 51 51 51 51 51 51 51 51 51 47 40 37 30 16 15 12 11 10 10 9 9 6 5 5 2 1 1 
68 67 67 65 65 65 65 65 65 65 65 62 61 61 61 61 61 56 55 55 55 51 51 51 51 51 51 51 51 51 51 51 51 50 48 18 18 13 12 12 12 6 2 2 2 2 2 2 1 1 
73 70 70 69 68 68 68 68 68 68 68 68 67 63 63 61 61 61 59 56 56 52 52 52 52 52 52 52 52 52 51 50 50 25 25 24 24 19 17 16 15 14 12 12 11 3 3 3 2 1 
70 67 67 67 67 67 67 67 66 66 66 65 65 65 63 63 63 63 63 63 63 63 62 62 60 56 50 50 50 50 50 50 50 50 50 39 15 14 12 10 6 6 6 5 0 0 0 0 0 0 
83 74 74 74 74 74 72 72 72 72 72 72 72 72 72 72 72 72 72 72 71 71 69 68 65 65 65 62 62 51 51 51 51 51 51 50 50 43 36 34 29 25 25 25 24 23 23 21 19 16 
78 78 72 72 72 72 70 70 70 70 70 70 70 66 66 66 66 66 66 66 66 66 66 66 66 65 64 61 55 54 54 51 51 51 50 50 50 43 35 35 29 18 18 17 15 15 3 1 1 1 
81 76 76 76 66 66 66 66 66 66 66 66 66 66 66 64 64 63 63 63 63 63 62 61 58 58 57 57 57 52 51 51 51 51 51 50 50 23 21 17 17 17 15 14 13 12 8 4 1 0 
84 84 84 81 79 74 74 74 74 74 74 74 71 71 71 71 71 71 71 70 63 62 61 61 61 59 54 53 53 51 51 51 51 51 51 51 51 35 35 34 30 30 13 12 12 12 8 4 4 4 
78 78 78 74 71 70 68 68 68 68 68 68 66 61 57 55 55 55 54 50 50 50 50 50 50 50 50 50 50 50 50 50 50 50 49 40 36 36 20 18 17 17 14 14 8 5 0 0 0 0 
80 76 76 76 72 71 70 70 70 70 70 53 53 53 52 52 52 52 52 52 52 52 52 52 52 52 50 50 50 47 47 46 46 23 23 23 22 20 19 9 9 8 7 5 2 2 2 2 2 2 
78 78 78 78 75 73 73 73 72 72 72 72 72 72 72 72 71 65 58 51 51 51 50 50 50 50 50 50 50 50 50 50 37 22 22 22 22 22 22 22 7 1 1 1 1 1 1 1 1 1 
87 83 83 83 83 82 71 70 68 68 67 67 67 63 61 57 51 51 50 50 50 50 50 50 50 50 50 48 41 41 35 21 17 17 17 17 17 17 14 13 13 1 1 1 1 1 1 1 1 1 
82 82 82 82 82 82 82 82 82 79 77 75 74 74 72 72 71 59 59 57 55 54 53 51 51 51 51 51 51 50 50 50 50 50 50 50 50 50 29 28 24 21 21 21 19 10 3 1 1 1 
83 83 83 73 73 73 73 73 73 73 73 73 73 73 73 73 73 69 64 64 61 59 59 57 52 52 52 52 52 52 52 50 50 50 50 50 34 26 22 21 18 15 15 7 6 2 2 2 2 2 
80 80 80 80 80 80 80 80 79 79 79 78 78 78 77 76 75 74 74 71 55 55 51 51 51 51 51 51 51 51 51 51 51 51 51 51 51 43 36 28 23 6 6 6 6 2 2 2 1 1 
85 82 82 82 82 82 82 82 82 82 82 82 82 82 82 82 82 69 69 61 59 53 53 50 50 50 50 50 50 50 50 50 50 50 50 50 50 41 33 21 19 18 15 12 3 3 3 3 3 3 
79 79 79 75 75 75 75 75 75 75 75 75 75 75 75 75 75 67 67 67 65 65 65 62 57 51 51 51 51 51 51 51 51 51 51 50 31 17 9 8 5 4 4 2 2 2 2 2 2 2 
81 81 81 81 81 81 81 81 81 79 79 79 79 79 79 79 79 69 61 60 57 56 56 56 52 51 51 51 51 51 51 51 51 51 51 51 51 51 51 51 45 32 32 20 6 5 2 2 2 1 
86 86 86 83 82 82 82 82 82 82 82 82 82 82 82 82 82 82 82 74 63 58 58 56 54 54 54 54 52 51 51 50 50 50 50 50 50 50 32 8 6 5 3 1 1 1 1 0 0 0 
83 83 83 83 83 83 83 83 83 83 83 82 82 82 82 82 82 82 76 76 76 70 67 66 66 61 60 59 56 56 54 54 54 51 50 50 50 50 50 50 50 44 29 12 9 4 4 4 0 0 
80 80 75 74 74 74 74 74 74 74 74 74 74 74 74 74 74 74 74 74 73 63 63 63 63 58 57 56 54 54 51 51 51 51 51 50 45 41 41 37 32 25 22 21 15 14 14 8 1 0 
83 83 83 83 77 76 76 76 76 76 76 76 76 76 76 76 76 76 76 68 68 59 57 54 53 53 53 53 51 51 51 51 51 50 50 45 43 38 38 36 36 36 34 24 19 19 19 14 5 5 
82 82 82 82 82 82 78 78 77 77 77 77 77 77 77 77 77 77 77 77 77 76 74 66 66 58 58 54 54 54 50 50 50 50 50 50 50 50 50 50 40 36 35 28 27 13 9 4 0 0 
