50 50 50 50 50 50 50 50 50 38 33 27 17 9 0 0 0 0 0 0 0 0 0 0 0 0 0 0 0 0 0 0 0 0 0 0 0 0 0 0 0 0 0 0 0 0 0 0 0 0 
57 50 50 50 50 50 50 50 50 50 50 50 50 50 50 50 50 50 50 50 50 50 50 50 37 36 23 15 13 12 9 0 0 0 0 0 0 0 0 0 0 0 0 0 0 0 0 0 0 0 
51 51 51 51 51 51 51 51 51 51 51 51 50 50 50 50 50 50 50 50 50 50 50 50 50 50 50 50 50 50 50 50 44 11 7 7 1 1 1 1 1 1 1 1 1 1 1 1 1 0 
57 52 52 50 50 50 50 50 50 50 50 50 50 50 50 50 50 50 50 50 50 50 50 50 50 50 50 50 50 50 50 15 13 13 9 2 2 2 2 2 2 2 2 0 0 0 0 0 0 0 
58 58 51 51 51 51 51 51 51 51 51 51 51 51 51 51 50 50 50 50 50 50 50 50 50 50 50 50 10 9 1 1 1 1 1 1 1 1 1 1 1 1 1 1 1 1 1 0 0 0 
60 59 58 58 51 51 51 51 51 51 51 50 50 50 50 50 50 50 50 50 50 50 50 50 50 50 50 50 50 48 26 17 16 13 11 11 9 9 1 1 1 1 1 1 1 0 0 0 0 0 
79 79 66 61 61 61 61 61 61 59 51 51 51 51 51 51 51 51 51 51 51 51 51 51 51 50 50 50 50 50 50 50 50 50 50 50 34 17 16 12 1 1 1 1 1 1 1 1 1 0 
81 81 81 81 71 71 64 63 63 63 63 63 63 63 63 63 63 63 61 58 58 58 56 52 52 51 51 51 51 51 51 51 51 51 51 50 42 42 17 17 15 15 15 14 3 3 3 3 3 3 
74 74 74 74 74 74 73 61 61 61 61 61 61 61 61 61 61 61 59 59 59 59 59 59 56 56 53 51 51 51 51 51 51 51 51 51 50 50 50 44 44 41 22 17 12 12 12 12 2 2 
81 81 81 81 81 81 80 80 80 80 80 80 78 78 64 64 64 64 62 62 62 62 62 62 62 62 62 57 57 50 50 50 50 50 50 50 50 49 47 36 35 31 31 30 24 18 12 12 12 0 
82 82 82 82 82 82 82 82 82 82 82 82 82 82 82 82 82 82 80 60 60 60 60 60 60 60 60 59 53 52 52 52 52 50 50 50 50 50 42 32 27 23 20 20 8 2 2 2 2 2 
77 75 75 75 75 75 75 75 75 75 75 75 75 75 75 75 75 75 75 75 75 75 74 66 59 59 59 58 57 50 50 50 50 50 45 27 27 25 25 25 9 7 7 7 0 0 0 0 0 0 
85 85 85 85 85 85 85 85 85 85 85 85 85 85 85 85 85 85 85 85 85 85 85 85 85 85 85 85 85 85 85 84 64 60 60 59 57 52 50 50 50 44 38 37 22 9 4 1 1 1 
82 79 79 79 79 79 79 79 79 79 79 79 79 79 79 79 79 79 79 79 79 79 79 79 79 78 78 77 66 61 61 57 55 52 51 51 51 51 51 51 51 51 50 50 35 35 35 33 30 8 
81 80 79 79 79 79 79 79 79 79 79 79 79 79 79 79 79 79 75 70 61 61 61 61 60 53 53 53 53 51 51 51 50 50 50 50 50 50 50 50 48 44 42 27 20 14 10 9 3 3 
81 80 80 79 79 79 79 79 79 79 79 79 79 79 79 79 79 79 79 79 79 79 79 79 79 79 78 60 60 60 56 56 56 56 56 54 50 50 50 50 50 33 29 29 18 17 11 10 0 0 
91 85 85 85 85 85 81 81 81 81 81 81 81 81 81 81 81 81 81 81 81 81 81 81 79 79 79 79 78 78 69 66 66 66 65 65 65 65 62 59 51 51 50 50 43 31 31 30 14 9 
83 83 82 82 82 82 81 81 81 81 81 81 81 81 81 81 81 81 81 80 75 75 75 75 75 75 72 62 60 60 60 60 58 58 51 51 51 51 51 51 51 50 50 50 44 34 25 22 1 0 
86 86 86 86 81 81 81 81 81 79 79 79 79 79 79 79 78 78 78 78 78 78 78 78 78 73 59 58 57 57 56 53 51 51 51 51 51 51 50 50 50 50 50 50 50 50 33 17 7 1 
82 82 81 81 81 81 81 81 81 81 81 81 81 81 81 81 80 80 80 80 79 79 79 73 70 70 62 60 58 57 57 54 51 51 51 51 50 50 50 50 50 50 50 50 41 34 31 30 8 1 
88 88 88 88 88 85 85 85 84 84 80 80 80 80 80 79 79 79 78 78 69 65 60 60 60 57 52 52 52 52 52 52 52 52 52 52 52 52 52 52 52 52 50 48 30 12 6 4 4 4 
85 85 85 85 85 85 85 83 83 83 83 82 82 82 82 82 81 81 81 65 65 62 51 51 51 50 50 50 50 50 50 48 46 40 37 35 30 28 23 17 16 11 7 7 6 1 1 1 1 0 
79 78 78 78 78 78 78 77 77 77 77 77 77 77 63 59 59 58 54 51 51 51 51 50 50 50 50 50 50 50 50 50 50 50 48 48 44 44 42 35 35 26 10 9 7 4 2 2 2 2 
81 81 80 80 80 80 80 79 79 79 78 78 78 78 78 73 71 71 71 66 60 59 57 53 52 52 52 52 52 52 52 52 50 50 50 50 50 50 50 50 50 46 35 33 23 16 2 2 2 2 
87 87 87 87 87 87 87 87 87 86 86 83 82 81 81 81 80 80 80 80 77 70 69 68 64 63 62 59 54 54 50 50 50 50 50 50 50 50 50 41 38 31 31 29 10 8 8 0 0 0 
86 86 86 86 86 86 86 85 85 85 85 85 85 85 82 82 82 82 81 80 80 80 80 80 79 79 78 77 74 65 58 51 51 51 50 50 50 50 50 50 50 48 41 28 26 23 21 17 8 5 
80 80 80 80 80 80 80 80 80 80 80 80 80 80 80 80 80 80 80 80 80 80 75 75 75 74 67 66 64 64 63 61 58 58 58 50 50 50 50 50 50 50 35 33 25 6 6 0 0 0 
88 88 88 88 88 88 88 88 88 88 88 88 88 88 87 87 87 83 82 82 81 80 79 78 74 65 61 52 51 51 51 51 51 51 51 51 51 51 51 51 50 50 50 50 50 50 48 44 2 2 
86 86 86 86 86 86 86 86 86 86 86 86 86 86 80 77 76 74 71 65 65 64 63 60 50 50 50 50 50 50 50 50 50 50 50 50 50 50 50 50 50 50 39 35 0 0 0 0 0 0 
86 86 86 86 86 86 86 86 86 86 86 86 86 86 86 86 84 80 75 73 73 67 65 65 64 63 61 60 58 58 58 58 58 51 51 51 51 51 51 51 51 50 50 50 50 40 10 2 2 2 
84 84 84 84 84 84 84 84 84 84 84 84 84 84 80 77 73 71 69 69 68 62 62 62 62 62 62 62 52 52 52 52 52 52 52 52 52 52 51 51 51 50 37 37 36 32 32 21 14 3 
81 81 81 81 81 81 81 81 81 81 81 81 81 81 79 79 79 79 77 77 71 66 60 60 60 60 60 55 51 50 50 50 50 50 50 50 50 50 50 50 50 36 28 28 28 16 8 1 1 0 
84 84 84 84 84 84 84 84 84 84 84 84 84 80 80 79 79 79 79 77 76 76 75 69 69 66 65 65 65 60 51 51 51 51 51 51 51 51 50 50 50 40 37 37 31 30 16 16 13 1 
84 84 84 84 84 84 84 84 84 84 84 84 84 79 79 79 79 77 77 74 69 69 69 64 63 63 61 60 59 51 51 51 51 51 51 50 50 50 50 42 40 36 34 24 16 10 1 1 1 0 
84 84 84 84 84 84 84 84 84 84 84 79 79 78 72 72 72 71 71 70 59 57 53 53 53 53 51 50 50 50 50 45 40 40 40 39 37 36 32 30 29 18 15 10 3 3 3 3 3 3 
86 86 86 86 86 86 86 86 86 86 86 86 82 82 75 73 72 70 64 61 61 50 50 50 50 50 50 50 50 50 50 50 50 50 43 43 41 38 30 28 24 22 12 0 0 0 0 0 0 0 
89 89 89 89 89 89 89 89 89 89 89 89 89 89 89 89 84 84 80 76 73 65 63 58 50 50 50 50 50 50 50 50 50 49 43 41 36 32 24 22 21 20 17 13 7 2 2 2 2 0 
83 83 83 83 83 83 83 83 83 83 83 83 83 83 77 76 76 75 75 72 72 71 71 69 67 63 61 58 58 57 57 55 55 51 51 51 51 51 51 51 50 50 50 50 40 37 13 6 2 2 
87 87 87 87 87 87 87 87 87 87 87 87 87 87 87 87 87 86 84 83 83 81 81 78 76 73 73 73 72 72 63 60 52 52 52 52 52 51 51 51 51 50 50 50 50 41 3 3 3 3 
87 87 87 87 87 87 87 87 87 87 87 87 87 87 87 85 85 85 85 85 79 79 75 75 74 74 72 72 67 67 61 53 53 53 53 52 50 50 50 50 50 49 43 39 37 30 11 3 3 3 
85 85 85 85 85 85 85 85 85 85 85 85 80 79 78 76 76 74 74 70 68 62 62 58 56 56 51 51 50 50 50 50 49 42 42 38 38 38 37 36 28 28 27 13 10 10 1 1 1 1 
84 84 84 84 84 84 84 84 84 84 84 84 83 81 81 81 81 77 77 75 73 72 72 71 70 68 56 56 56 56 52 51 51 51 51 51 51 50 50 50 50 50 50 40 37 28 27 3 2 1 
77 77 77 77 77 77 77 77 77 77 77 77 77 77 77 75 73 73 73 69 68 66 63 60 60 60 59 59 59 58 58 51 51 51 50 50 50 50 50 50 50 50 50 34 33 29 20 16 16 7 
85 85 85 85 85 85 85 85 85 85 85 85 83 79 75 71 66 64 63 63 62 62 61 56 56 51 51 51 50 50 50 50 50 50 50 50 48 45 42 37 35 33 18 18 13 5 1 0 0 0 
86 86 86 86 86 86 86 86 86 86 86 86 86 86 83 83 82 82 72 62 58 57 52 52 50 50 50 50 50 50 50 50 50 50 50 50 50 50 43 41 37 31 21 17 16 12 0 0 0 0 
89 89 89 89 89 89 89 89 89 89 89 89 89 87 87 85 85 77 73 69 67 56 56 52 51 51 51 51 51 51 51 51 51 50 50 50 44 37 37 37 12 5 5 5 3 3 3 3 3 3 
86 86 86 86 86 86 86 86 86 86 86 86 86 85 85 84 83 82 79 63 63 62 60 52 52 52 52 52 52 52 52 52 50 45 40 39 39 38 38 35 35 35 34 32 31 29 14 12 2 2 
83 83 83 83 83 83 83 83 83 83 83 83 83 81 78 78 77 72 72 71 53 53 53 53 53 53 53 52 52 51 51 51 51 51 50 50 47 46 29 28 25 23 14 8 6 4 4 4 4 4 
79 79 79 79 79 79 79 79 79 79 79 79 79 79 79 72 70 66 63 63 62 62 62 61 61 59 55 55 51 51 50 50 50 50 50 50 50 50 40 37 31 28 23 13 12 12 9 6 1 0 
83 83 83 83 83 83 83 83 83 83 83 83 83 83 83 83 83 81 71 68 67 64 64 60 60 52 51 51 51 51 51 51 51 50 50 50 50 41 39 34 32 32 26 15 15 13 13 2 2 1 
