% Invoked: ./gella -d -r 2 -l biased_r2/run44 >& biased_r2/run44.log
% Ministry of Cellular Automata
% Project Deux (CS523 Spring 2015)
% Version:v0.1-70-g0624-dirty
%  pop:50
%  ic count:100
%  CA Log option:biased_r2/run44
%  width:121
%  max workers:4
%  radius:2
%  iterations:300
%  use bias:true
%  generations:50

 generation 0.50.3.1.3.50.11.50.50.1.1.2.2.1.50.3.2.3.1.2.3.3.2.3.50.50.1.2.3.52.3.3.50.2.50.3.1.1.50.2.2.50.1.50.51.50.1.50.2.1.2.xover.mutate.done 50
 generation 1.51.50.50.50.50.50.50.50.50.50.1.0.1.51.1.9.1.0.1.50.11.0.50.59.1.1.51.1.50.0.1.1.1.1.50.1.50.26.51.1.1.0.1.0.51.0.1.50.1.1.xover.mutate.done 50
 generation 2.61.51.51.51.51.51.51.50.50.50.51.1.1.2.51.50.51.1.50.2.50.51.1.50.1.2.51.51.1.17.51.61.2.51.1.1.51.2.52.50.51.10.1.50.50.1.1.50.51.50.xover.mutate.done 50
 generation 3.57.57.44.52.52.52.52.52.50.50.21.50.2.52.25.52.6.52.52.52.2.52.0.50.50.39.2.0.2.0.50.0.2.50.50.16.52.52.0.2.52.50.50.50.50.2.52.19.2.57.xover.mutate.done 50
 generation 4.53.53.53.51.51.51.51.51.51.51.51.3.15.50.1.1.50.0.0.3.50.1.1.7.51.50.51.51.51.1.0.1.51.51.11.51.51.0.51.1.51.51.3.11.1.1.3.7.50.51.xover.mutate.done 50
 generation 5.55.55.55.50.50.50.50.50.50.50.2.50.55.50.50.50.50.50.55.2.50.50.11.50.50.50.2.50.50.2.50.2.55.50.2.50.2.50.27.2.50.55.50.50.4.50.7.50.7.50.xover.mutate.done 50
 generation 6.55.55.55.55.55.55.55.51.51.51.55.51.50.14.8.51.16.51.51.7.2.51.51.3.51.51.50.51.51.50.55.2.55.50.51.51.51.51.51.51.50.17.50.8.55.3.55.55.51.51.xover.mutate.done 50
 generation 7.54.54.54.54.54.54.54.54.54.54.50.50.12.6.2.6.36.50.50.50.50.17.50.50.2.50.50.50.2.50.50.54.50.6.50.50.50.50.8.2.54.50.50.54.54.54.2.54.50.50.xover.mutate.done 50
 generation 8.56.56.56.56.56.56.56.56.56.56.50.50.56.1.50.53.50.50.1.7.50.56.56.53.1.50.50.1.50.56.56.50.50.4.50.4.53.7.1.7.50.50.56.50.59.10.50.7.50.7.xover.mutate.done 50
 generation 9.59.56.56.56.56.56.56.56.56.56.56.57.50.56.56.7.0.59.50.50.7.50.59.50.0.54.50.50.56.50.0.50.56.50.59.57.50.56.56.50.7.50.50.0.57.56.50.50.59.50.xover.mutate.done 50
 generation 10.57.57.57.57.57.56.56.56.56.56.51.56.56.6.57.56.6.1.7.54.56.50.40.56.0.56.51.56.1.6.56.57.6.6.7.56.40.51.56.51.6.57.1.51.56.1.14.56.35.56.xover.mutate.done 50
 generation 11.57.57.57.57.57.57.57.57.56.56.56.57.57.51.51.51.7.57.6.51.56.56.56.7.56.37.55.56.56.57.37.37.17.51.37.56.57.56.56.56.51.7.57.51.56.51.57.57.7.2.xover.mutate.done 50
 generation 12.62.61.61.62.61.61.61.62.62.62.50.50.0.50.50.0.54.61.61.12.56.61.50.38.62.6.50.13.50.56.61.7.7.56.56.56.11.50.5.61.7.12.13.62.61.62.56.57.50.45.xover.mutate.done 50
 generation 13.56.56.56.56.56.56.57.57.54.54.2.53.53.50.4.54.51.51.51.34.51.53.54.54.51.53.50.40.54.41.57.51.51.51.56.53.51.54.54.7.56.53.55.50.5.53.5.6.54.51.xover.mutate.done 50
 generation 14.56.56.56.56.56.56.56.56.56.56.53.56.53.6.53.53.6.56.5.50.56.17.56.5.56.50.3.56.22.53.56.56.56.0.53.50.56.53.53.6.33.50.53.5.56.56.50.0.0.53.xover.mutate.done 50
 generation 15.55.55.55.55.55.55.55.55.55.55.5.6.55.1.55.55.5.52.3.55.55.7.3.55.55.53.52.55.52.36.5.55.55.5.6.6.55.55.6.6.19.55.6.55.6.55.6.8.50.52.xover.mutate.done 50
 generation 16.58.58.58.58.58.58.58.58.58.58.2.58.58.0.13.47.58.38.70.52.6.58.58.22.58.52.56.58.50.0.58.58.58.52.52.30.58.58.58.58.58.52.52.2.55.8.2.37.52.2.xover.mutate.done 50
 generation 17.72.58.58.58.58.58.58.58.58.58.46.58.50.58.58.58.58.50.58.50.14.58.58.66.46.42.50.8.50.30.9.43.50.1.30.50.35.58.43.50.58.43.58.50.43.50.1.27.50.58.xover.mutate.done 50
 generation 18.68.59.57.57.57.57.57.57.57.57.38.7.50.50.57.57.50.57.57.59.50.50.35.57.50.7.68.30.37.57.57.57.57.50.50.57.50.50.57.40.57.7.9.56.57.57.7.7.28.43.xover.mutate.done 50
 generation 19.68.77.71.70.64.64.64.63.63.63.79.73.63.64.14.42.53.64.13.63.2.64.52.64.63.52.52.64.77.22.64.50.0.52.64.13.2.59.2.59.64.2.10.63.63.64.63.13.80.9.xover.mutate.done 50
 generation 20.67.80.63.63.58.57.57.68.54.54.51.63.1.22.9.50.1.11.54.63.1.23.1.50.54.5.54.50.54.5.54.1.54.50.9.50.50.54.50.50.5.50.50.50.52.54.0.9.19.54.xover.mutate.done 50
 generation 21.83.72.77.71.71.71.71.64.63.62.64.50.50.50.18.62.71.68.50.62.71.60.77.22.29.60.35.22.9.64.0.50.50.51.64.50.67.50.50.60.71.51.50.78.50.62.59.50.32.60.xover.mutate.done 50
 generation 22.72.69.78.78.63.73.75.75.73.73.32.0.60.73.67.28.27.73.60.10.50.50.60.73.59.50.67.75.75.17.67.37.73.0.59.35.50.60.36.50.75.10.73.0.37.50.23.10.67.50.xover.mutate.done 50
 generation 23.77.77.74.74.74.74.71.68.68.69.24.52.50.67.19.49.76.63.68.70.75.4.58.15.69.10.63.63.21.74.68.52.69.67.63.50.52.69.31.13.74.52.37.63.67.52.69.52.67.36.xover.mutate.done 50
 generation 24.85.85.80.81.80.80.80.80.80.80.54.54.31.54.45.78.8.85.54.68.54.60.54.54.78.54.60.60.60.43.21.54.69.78.8.58.26.60.19.41.78.54.60.50.21.78.65.50.54.68.xover.mutate.done 50
 generation 25.81.81.81.79.79.79.79.79.79.79.62.77.46.60.77.60.8.42.81.80.50.81.52.50.17.79.50.51.50.52.60.79.77.77.6.69.31.60.50.80.79.52.50.17.50.50.81.22.80.50.xover.mutate.done 50
 generation 26.75.75.75.75.75.75.74.74.74.71.50.70.36.50.50.46.50.21.61.50.69.75.0.18.70.75.50.19.50.70.11.75.50.57.50.69.50.75.0.75.74.50.50.50.0.57.0.50.75.66.xover.mutate.done 50
 generation 27.74.73.73.74.73.73.74.73.73.74.8.8.53.73.74.51.51.4.48.51.20.30.4.53.73.53.34.73.74.74.51.72.51.12.74.53.51.50.73.74.51.73.51.24.58.74.4.24.4.10.xover.mutate.done 50
 generation 28.76.76.76.76.76.75.76.76.75.76.37.51.51.76.50.80.51.76.76.39.76.10.55.63.45.75.58.51.51.10.51.51.46.33.58.52.45.52.76.58.51.75.76.50.24.76.51.58.80.3.xover.mutate.done 50
 generation 29.78.78.76.76.76.76.76.76.76.76.76.0.76.67.67.3.53.53.67.53.76.77.53.76.63.50.78.76.53.76.3.50.8.76.50.76.11.65.50.0.53.42.76.76.0.16.76.50.19.76.xover.mutate.done 50
 generation 30.77.77.77.74.74.74.74.74.74.74.50.74.50.74.74.74.50.72.74.43.51.58.6.50.74.74.51.74.77.8.74.50.40.58.51.16.76.74.1.31.7.50.74.72.1.66.48.74.74.59.xover.mutate.done 50
 generation 31.83.83.83.83.83.82.82.82.82.82.23.83.53.11.81.83.81.50.81.53.12.83.4.6.82.50.83.82.60.82.40.82.82.50.83.83.50.44.63.82.50.82.83.74.81.63.82.83.44.52.xover.mutate.done 50
 generation 32.83.83.83.83.82.83.83.83.83.83.83.83.80.80.58.83.50.42.83.80.83.60.80.80.83.83.58.51.83.57.77.79.83.36.52.82.83.1.80.50.1.51.83.43.58.50.83.83.83.50.xover.mutate.done 50
 generation 33.77.77.77.78.77.78.77.77.77.77.67.29.35.77.75.50.0.48.78.66.52.77.78.50.29.78.66.50.66.50.14.52.52.78.48.78.50.47.76.77.77.66.66.77.75.52.66.77.48.76.xover.mutate.done 50
 generation 34.80.80.80.80.79.79.80.80.80.80.50.80.50.80.80.73.80.80.80.80.69.69.0.80.68.80.80.76.80.58.79.80.50.79.46.80.69.80.80.69.35.80.59.6.41.60.69.80.80.69.xover.mutate.done 50
 generation 35.82.82.82.82.82.82.82.82.82.82.1.51.51.82.42.82.82.62.23.59.50.82.66.82.51.82.82.82.59.82.32.82.50.59.42.78.82.56.51.51.50.35.82.82.62.82.51.50.50.39.xover.mutate.done 50
 generation 36.79.79.79.79.79.79.79.79.79.79.64.64.50.5.1.6.55.1.60.40.79.79.6.77.79.57.79.45.46.77.50.50.65.50.55.65.50.30.55.61.51.51.42.79.20.79.77.79.50.1.xover.mutate.done 50
 generation 37.85.85.85.85.85.84.84.84.84.84.36.84.40.84.7.23.57.85.40.85.52.57.51.68.84.50.50.84.85.2.85.2.2.2.50.50.40.51.51.38.2.50.52.85.84.85.50.50.66.52.xover.mutate.done 50
 generation 38.80.80.80.80.80.80.80.80.80.80.6.50.56.50.51.47.80.50.80.30.2.1.24.41.51.15.12.80.56.50.50.1.47.2.80.47.44.50.80.61.40.27.50.43.80.40.40.41.50.1.xover.mutate.done 50
 generation 39.78.78.78.78.78.78.78.78.78.78.78.4.49.13.51.33.78.78.4.78.39.41.34.53.78.51.4.13.78.39.4.62.51.66.78.50.51.50.51.50.39.42.78.78.43.53.78.51.78.78.xover.mutate.done 50
 generation 40.76.76.76.76.76.76.76.76.76.76.51.38.51.2.76.1.76.50.23.76.76.58.76.51.50.76.76.58.76.76.40.50.50.51.76.39.15.76.39.76.51.29.74.58.39.76.76.50.50.57.xover.mutate.done 50
 generation 41.81.81.81.81.81.81.81.81.81.81.31.81.50.51.81.50.50.81.0.81.50.81.8.81.81.81.80.50.50.80.43.9.50.81.81.81.81.81.81.49.81.81.62.81.81.81.81.50.32.81.xover.mutate.done 50
 generation 42.81.81.81.81.81.81.81.81.81.81.81.41.34.52.37.50.81.57.50.81.7.44.81.81.41.2.81.81.81.81.54.39.34.81.81.81.52.81.52.52.52.81.36.81.81.15.39.36.50.50.xover.mutate.done 50
 generation 43.80.80.80.80.80.80.80.80.80.80.80.51.59.29.31.54.50.54.80.41.38.80.7.41.80.51.72.80.30.72.51.50.38.51.80.59.80.80.80.50.80.80.35.59.51.80.80.80.80.50.xover.mutate.done 50
 generation 44.78.78.78.78.78.78.78.78.78.78.78.78.78.78.50.31.37.68.44.38.78.1.29.29.29.60.78.30.78.78.34.32.48.29.32.29.50.78.50.34.1.34.31.68.50.17.51.78.50.51.xover.mutate.done 50
 generation 45.82.82.82.82.82.82.82.82.82.82.52.74.32.61.51.82.39.50.81.62.19.23.33.82.38.50.82.82.34.82.82.56.81.12.50.52.61.50.35.33.50.50.1.82.82.45.50.34.82.82.xover.mutate.done 50
 generation 46.83.83.83.83.83.83.83.83.83.83.83.83.50.50.10.44.82.83.83.83.50.83.57.83.50.32.50.47.50.83.83.42.56.83.82.46.53.42.50.54.50.83.83.82.50.82.53.57.58.46.xover.mutate.done 50
 generation 47.86.86.86.86.86.86.86.86.86.86.36.86.50.86.50.57.38.50.0.86.23.57.57.50.86.86.86.86.86.86.39.36.50.86.86.26.58.86.48.86.57.86.50.39.50.38.86.36.86.86.xover.mutate.done 50
 generation 48.75.75.75.75.75.75.75.75.75.75.58.51.50.50.1.50.41.22.75.1.50.50.19.8.1.75.50.41.29.75.4.16.50.75.29.75.75.1.75.75.50.1.50.17.74.75.51.71.50.75.xover.mutate.done 50
 generation 49.82.82.82.82.82.82.82.82.82.82.52.82.82.82.49.82.50.50.2.43.50.82.82.52.2.52.50.20.82.43.13.50.19.82.52.45.49.82.82.30.50.82.24.82.52.32.82.50.52.50.xover.mutate.done 50
 18019232 iters     811628 iter/sec (22.20 s)
 total time: 22.20
