% Invoked: ./gella -d -r 2 -l biased_r2/run46 >& biased_r2/run46.log
% Ministry of Cellular Automata
% Project Deux (CS523 Spring 2015)
% Version:v0.1-70-g0624-dirty
%  pop:50
%  ic count:100
%  CA Log option:biased_r2/run46
%  width:121
%  max workers:4
%  radius:2
%  iterations:300
%  use bias:true
%  generations:50

 generation 0.50.50.0.50.0.50.50.3.50.0.50.0.50.0.50.0.0.6.0.50.0.0.0.50.0.50.0.0.0.0.0.0.0.0.50.0.0.50.0.0.0.0.0.0.0.50.0.0.0.50.xover.mutate.done 50
 generation 1.50.50.51.50.50.50.50.50.50.50.6.1.51.1.21.0.1.1.50.0.50.50.0.51.50.6.1.1.1.11.27.1.1.51.1.50.1.0.1.1.0.1.1.50.1.50.0.51.1.1.xover.mutate.done 50
 generation 2.51.51.51.51.51.50.50.50.50.50.2.2.50.50.2.51.1.1.35.1.39.1.51.51.1.51.50.50.2.50.51.50.50.1.1.1.1.12.1.50.48.1.2.2.50.10.1.2.2.2.xover.mutate.done 50
 generation 3.51.51.51.51.51.50.51.50.50.50.1.51.50.1.1.29.1.50.1.50.1.1.51.50.51.50.51.0.1.50.0.50.50.50.1.51.50.1.51.50.1.51.1.1.1.0.1.50.51.1.xover.mutate.done 50
 generation 4.53.53.53.53.53.53.53.53.53.53.50.3.53.50.50.3.3.50.3.53.53.3.50.3.3.3.50.53.53.50.53.50.50.50.0.50.50.0.3.3.53.3.3.50.3.50.53.50.0.3.xover.mutate.done 50
 generation 5.50.50.50.50.50.50.50.50.50.50.51.1.50.1.12.50.50.51.34.50.9.0.10.51.50.50.1.50.50.50.0.50.1.50.50.50.1.50.51.50.50.0.23.50.51.50.50.1.50.50.xover.mutate.done 50
 generation 6.51.51.51.51.51.52.52.52.52.52.10.36.51.3.3.3.51.3.52.3.52.52.14.52.52.52.31.51.52.50.52.3.52.52.52.52.14.52.51.52.3.3.36.52.3.52.52.2.3.2.xover.mutate.done 50
 generation 7.50.50.50.50.50.50.50.50.50.50.50.50.50.51.51.50.50.50.50.51.50.1.50.50.50.51.51.1.16.50.50.50.1.51.1.50.1.50.50.50.1.50.50.50.1.1.11.50.50.1.xover.mutate.done 50
 generation 8.50.50.50.50.50.50.50.50.50.50.0.50.50.50.50.50.50.50.50.50.50.58.50.50.0.50.50.50.50.50.50.50.50.50.50.50.50.50.0.50.0.0.50.50.50.50.50.0.50.50.xover.mutate.done 50
 generation 9.59.50.50.50.50.50.50.51.51.51.9.51.51.51.12.51.50.51.9.51.1.51.51.50.50.51.51.10.50.51.50.51.1.11.51.51.50.1.50.51.51.51.51.59.11.1.51.51.51.1.xover.mutate.done 50
 generation 10.58.61.52.52.52.52.52.52.52.52.46.52.52.52.2.52.52.52.2.52.52.11.12.11.61.50.2.52.46.2.50.52.58.46.58.52.12.52.52.50.50.2.52.52.2.2.2.50.52.52.xover.mutate.done 50
 generation 11.63.63.55.55.55.50.50.50.50.50.50.0.50.0.0.0.0.50.50.50.0.50.0.50.50.0.83.0.50.50.19.0.50.0.50.50.50.0.50.50.0.0.50.55.50.50.50.40.50.0.xover.mutate.done 50
 generation 12.83.59.59.55.55.55.55.50.50.50.50.52.52.0.52.83.50.2.0.2.50.50.55.55.50.50.50.83.50.50.83.50.5.2.50.8.50.50.52.52.2.2.50.35.50.2.50.0.7.50.xover.mutate.done 50
 generation 13.82.83.82.83.65.65.60.60.60.60.51.5.64.51.83.50.34.51.50.15.51.14.60.54.54.83.44.51.83.51.60.51.51.5.54.51.26.60.51.51.34.51.51.51.83.50.1.5.54.1.xover.mutate.done 50
 generation 14.82.82.82.82.84.82.80.80.62.62.52.38.6.82.68.82.7.1.0.11.50.51.51.38.82.51.50.55.7.31.82.50.37.6.0.50.80.50.1.50.29.1.82.82.50.50.45.7.55.50.xover.mutate.done 50
 generation 15.75.73.73.73.73.73.73.73.73.73.13.73.73.73.41.62.0.50.6.29.73.54.50.50.4.50.54.50.50.33.54.0.73.50.50.73.50.65.50.50.50.50.50.50.50.50.50.36.50.50.xover.mutate.done 50
 generation 16.85.85.85.85.85.85.85.85.85.85.50.85.51.45.85.1.78.50.50.85.36.7.50.63.38.50.50.50.50.85.50.50.51.50.46.48.51.50.50.51.50.85.85.2.85.4.85.85.85.85.xover.mutate.done 50
 generation 17.80.79.79.79.79.79.79.79.79.79.55.79.39.55.79.79.79.6.79.55.79.79.79.79.51.79.55.79.55.79.79.79.55.79.55.79.79.55.79.79.50.79.79.79.62.50.50.79.79.79.xover.mutate.done 50
 generation 18.79.79.79.79.79.79.79.79.79.79.78.42.50.51.60.78.73.79.60.79.51.32.79.77.78.79.79.79.79.50.78.51.79.78.51.79.79.39.77.73.51.79.78.78.79.79.78.78.79.50.xover.mutate.done 50
 generation 19.84.84.84.84.84.84.84.84.84.84.84.34.84.84.84.84.84.84.84.84.84.84.65.76.84.50.0.84.84.50.50.50.84.84.32.84.84.84.34.59.84.50.0.84.43.62.50.62.57.37.xover.mutate.done 50
 generation 20.81.80.80.80.80.80.80.80.80.80.80.66.50.76.55.80.80.80.55.50.80.35.57.80.80.80.80.13.80.80.57.57.35.80.80.44.80.80.40.44.80.80.80.55.34.43.46.58.13.14.xover.mutate.done 50
 generation 21.79.79.79.79.79.79.79.79.79.79.79.79.50.60.79.79.79.75.55.63.75.79.50.79.79.50.42.60.79.79.79.50.79.79.50.79.79.79.79.53.54.50.55.79.50.50.50.79.50.79.xover.mutate.done 50
 generation 22.82.82.82.82.82.82.82.82.82.82.82.56.82.50.82.45.50.38.82.82.50.82.51.46.82.82.41.82.82.82.82.53.50.50.7.82.82.51.82.82.82.82.82.82.44.51.82.82.50.82.xover.mutate.done 50
 generation 23.81.80.80.80.80.80.80.80.80.80.77.80.26.80.80.80.70.30.80.80.80.80.80.50.80.28.2.28.50.42.50.50.51.79.52.80.2.28.80.56.50.47.47.50.30.50.80.50.46.80.xover.mutate.done 50
 generation 24.82.81.81.81.81.81.81.81.81.81.51.19.76.51.81.81.81.81.80.70.81.81.45.51.50.50.81.70.81.41.81.81.81.1.34.81.81.81.62.81.82.0.81.51.50.1.81.42.70.32.xover.mutate.done 50
 generation 25.84.84.84.84.84.84.84.84.84.84.84.1.84.84.70.50.84.84.50.30.84.34.84.84.84.34.84.1.84.20.83.84.50.84.84.84.70.84.1.84.83.34.84.84.84.84.84.84.1.84.xover.mutate.done 50
 generation 26.84.84.81.81.81.81.81.81.81.81.81.81.81.84.81.39.81.81.84.52.81.50.81.50.84.35.47.84.5.81.81.81.81.13.81.2.81.81.37.81.81.50.81.81.50.15.31.52.81.81.xover.mutate.done 50
 generation 27.83.83.83.83.83.83.80.80.80.80.80.80.43.80.19.83.80.80.42.36.80.55.4.51.7.80.83.56.48.80.80.1.77.34.50.80.83.38.80.48.80.51.80.51.33.37.75.80.80.80.xover.mutate.done 50
 generation 28.76.76.76.76.76.76.76.76.76.76.40.76.16.3.77.59.76.43.76.76.50.76.52.51.74.76.1.76.48.38.77.62.76.42.76.51.58.76.76.28.38.67.30.36.3.76.42.76.58.42.xover.mutate.done 50
 generation 29.79.79.78.78.78.78.78.78.78.78.50.26.78.0.50.50.26.75.78.26.76.26.26.21.76.0.78.76.77.44.50.50.50.44.76.76.78.44.50.68.79.47.50.50.50.76.33.76.26.68.xover.mutate.done 50
 generation 30.81.81.81.78.78.78.78.78.78.78.57.81.81.51.51.1.51.51.81.40.78.78.54.58.53.81.9.51.70.12.78.57.51.51.51.57.35.7.1.39.28.78.51.51.78.57.78.78.1.37.xover.mutate.done 50
 generation 31.86.86.86.86.86.86.86.86.86.86.2.86.51.17.12.26.86.51.2.51.49.51.60.86.51.51.60.51.70.50.57.64.22.51.86.51.51.60.51.85.86.60.10.86.51.86.52.51.51.83.xover.mutate.done 50
 generation 32.85.85.85.85.85.85.85.85.85.85.13.85.50.85.52.70.85.52.85.52.85.85.52.66.35.85.9.34.52.11.85.52.52.52.85.68.85.84.84.85.34.52.85.82.52.7.85.52.85.64.xover.mutate.done 50
 generation 33.85.85.85.85.85.85.85.84.84.84.51.79.84.51.51.57.57.37.67.84.51.8.64.4.24.84.2.50.85.51.51.18.72.2.57.83.51.79.51.51.57.84.60.51.84.84.51.85.85.2.xover.mutate.done 50
 generation 34.82.82.84.82.82.82.82.82.82.84.29.0.2.71.82.52.77.79.52.52.78.82.2.52.52.52.52.52.79.44.52.2.59.82.2.59.50.52.82.82.36.50.66.52.59.41.79.41.16.59.xover.mutate.done 50
 generation 35.83.83.83.83.83.83.83.83.83.83.83.31.54.62.83.83.54.82.83.35.50.50.54.83.82.82.83.78.4.4.35.54.83.50.83.83.83.47.54.50.80.83.83.13.29.36.83.83.54.62.xover.mutate.done 50
 generation 36.83.83.83.83.83.83.83.83.83.83.3.81.51.80.3.50.58.40.43.52.39.82.32.50.39.38.83.35.84.40.51.78.83.51.81.51.80.78.38.50.37.51.52.51.51.51.10.52.83.9.xover.mutate.done 50
 generation 37.80.80.80.80.80.80.80.80.80.80.50.80.50.6.50.50.59.76.50.50.79.31.19.80.30.30.50.31.59.80.80.31.50.79.80.33.79.80.80.5.50.76.50.80.80.50.50.80.3.37.xover.mutate.done 50
 generation 38.82.82.82.82.82.82.82.82.82.82.37.82.6.11.31.37.50.80.82.51.82.81.37.1.50.37.51.10.31.80.51.82.50.78.37.80.82.50.50.23.80.82.81.37.82.11.37.82.6.82.xover.mutate.done 50
 generation 39.75.75.75.74.74.74.74.74.74.74.16.2.74.74.67.75.24.28.54.72.73.73.73.4.72.75.5.74.54.6.52.74.67.75.16.6.75.74.30.52.52.24.10.52.52.41.24.75.73.75.xover.mutate.done 50
 generation 40.82.82.82.82.82.82.82.82.82.81.9.81.81.11.43.81.54.81.52.51.80.81.79.52.81.51.3.43.79.82.43.49.33.32.81.81.82.3.52.32.13.12.32.80.52.11.14.33.48.79.xover.mutate.done 50
 generation 41.84.84.84.84.84.84.84.84.84.84.42.78.83.51.51.51.41.84.51.44.41.2.11.41.51.51.51.19.51.11.2.51.50.51.12.10.59.84.13.84.84.48.51.83.61.15.84.41.84.84.xover.mutate.done 50
 generation 42.81.81.81.81.81.81.81.81.81.81.52.52.25.52.52.50.71.52.4.8.52.52.55.79.52.80.80.11.52.52.52.52.52.52.52.80.4.52.4.58.52.81.52.41.8.33.50.61.81.4.xover.mutate.done 50
 generation 43.83.83.83.83.83.83.83.83.83.83.3.50.52.83.8.3.3.51.57.83.41.52.51.64.83.11.3.3.40.3.83.83.3.83.80.56.1.9.83.52.58.82.6.83.7.35.80.51.83.52.xover.mutate.done 50
 generation 44.78.78.78.78.78.78.78.78.78.78.52.52.39.56.78.8.52.11.77.52.37.39.77.52.60.52.52.47.29.20.61.4.77.52.78.39.10.4.10.78.29.78.77.56.12.52.43.77.76.58.xover.mutate.done 50
 generation 45.81.81.81.81.81.81.81.81.81.81.4.81.53.45.80.8.51.52.63.81.26.51.45.81.53.53.81.51.60.53.81.52.81.51.31.4.81.37.53.51.12.12.48.63.35.81.51.53.31.53.xover.mutate.done 50
 generation 46.82.82.82.82.82.82.82.82.82.82.0.52.52.54.60.52.82.20.2.50.52.36.50.50.60.52.82.50.52.82.52.50.52.82.32.37.52.82.50.14.22.82.58.50.52.82.52.2.10.32.xover.mutate.done 50
 generation 47.86.86.86.86.86.86.86.86.86.86.52.50.3.3.42.51.57.5.86.51.19.86.51.57.52.52.52.50.1.52.3.37.3.51.51.41.3.41.57.19.51.24.9.86.86.55.5.52.19.18.xover.mutate.done 50
 generation 48.84.84.84.84.84.84.84.84.84.84.1.50.51.84.51.1.50.41.51.58.51.37.1.44.60.84.84.50.50.82.8.84.1.50.51.60.84.50.50.84.8.84.50.60.84.1.51.1.50.58.xover.mutate.done 50
 generation 49.76.77.77.76.77.76.77.76.76.77.8.76.38.49.54.64.49.77.76.49.12.29.77.50.50.49.50.50.49.50.76.77.0.41.0.76.76.77.10.50.50.27.0.49.23.77.11.60.77.58.xover.mutate.done 50
 20368869 iters     877298 iter/sec (23.22 s)
 total time: 23.22
