% Invoked: ./gella -d -r 2 -l biased_r2/run42 >& biased_r2/run42.log
% Ministry of Cellular Automata
% Project Deux (CS523 Spring 2015)
% Version:v0.1-70-g0624-dirty
%  pop:50
%  ic count:100
%  CA Log option:biased_r2/run42
%  width:121
%  max workers:4
%  radius:2
%  iterations:300
%  use bias:true
%  generations:50

 generation 0.4.2.2.2.2.4.2.2.4.52.4.50.2.4.50.4.2.2.2.50.2.4.2.12.4.2.2.2.12.4.50.52.2.50.2.2.4.2.4.4.4.2.50.4.15.50.2.2.50.2.xover.mutate.done 50
 generation 1.51.52.50.50.50.50.50.50.50.50.50.3.52.51.3.2.36.2.3.2.52.2.2.2.2.1.3.50.3.50.51.2.3.3.50.1.2.51.50.3.3.51.3.2.3.47.51.50.2.51.xover.mutate.done 50
 generation 2.50.50.50.50.50.50.50.50.50.44.50.0.50.38.50.0.50.50.50.0.50.50.0.50.10.0.6.41.50.50.0.50.50.0.50.0.17.50.50.50.0.0.50.4.50.0.0.0.50.0.xover.mutate.done 50
 generation 3.50.50.50.50.50.50.50.50.50.50.50.14.0.50.0.0.50.0.50.0.50.0.0.50.0.0.50.0.50.50.64.50.15.21.7.50.17.50.0.50.0.0.50.7.50.0.50.50.0.0.xover.mutate.done 50
 generation 4.66.53.53.53.50.50.50.50.50.50.50.23.35.50.3.40.0.50.3.12.50.50.50.3.50.53.50.50.23.3.7.0.3.50.0.50.50.3.3.50.53.50.50.50.53.3.50.0.53.3.xover.mutate.done 50
 generation 5.62.50.50.50.50.50.50.50.51.51.50.1.1.50.1.50.51.50.9.51.1.1.1.23.51.51.51.34.0.50.1.50.0.1.50.51.16.50.1.1.1.51.50.17.50.50.0.50.51.51.xover.mutate.done 50
 generation 6.67.50.50.50.50.50.50.50.50.50.51.1.50.70.20.20.8.1.28.1.50.1.50.50.51.51.50.51.50.50.1.50.50.50.51.50.20.51.1.50.51.51.50.70.8.51.51.1.50.51.xover.mutate.done 50
 generation 7.71.69.67.51.51.51.51.51.51.51.50.70.27.51.67.51.10.51.51.1.51.1.58.51.51.1.51.50.19.51.50.1.71.51.51.50.67.59.1.38.21.1.67.51.50.50.50.21.50.51.xover.mutate.done 50
 generation 8.71.71.67.67.64.64.64.64.53.63.50.50.24.50.10.3.50.71.3.50.53.50.67.50.18.50.50.50.32.50.53.50.50.11.63.53.67.50.57.53.0.53.3.28.64.50.3.53.3.50.xover.mutate.done 50
 generation 9.68.68.68.65.68.65.65.66.66.66.50.20.3.6.25.50.0.50.0.50.44.10.68.50.6.50.0.56.0.50.65.50.50.65.65.63.0.0.0.50.56.0.50.50.16.66.50.50.0.0.xover.mutate.done 50
 generation 10.75.75.75.74.75.68.68.68.68.71.71.1.75.68.0.71.1.67.50.68.75.1.1.67.51.18.73.25.1.40.1.50.74.50.1.29.71.25.54.75.52.75.75.4.8.23.4.51.75.75.xover.mutate.done 50
 generation 11.70.70.70.70.70.70.70.70.70.70.18.70.38.70.54.54.5.68.37.67.33.70.57.21.67.70.35.54.50.24.51.48.66.54.11.68.24.68.28.18.50.43.68.51.13.51.67.21.45.24.xover.mutate.done 50
 generation 12.68.68.68.68.68.68.68.68.68.68.50.20.64.25.22.64.51.51.64.16.68.68.1.63.54.51.53.68.5.0.65.63.63.64.18.50.68.55.65.20.64.55.68.48.51.22.61.61.24.55.xover.mutate.done 50
 generation 13.78.78.78.78.78.78.78.78.78.78.29.14.2.51.51.78.12.11.78.88.76.29.39.50.11.25.51.75.51.34.76.50.78.11.12.51.1.51.75.29.37.88.78.75.27.75.76.78.76.51.xover.mutate.done 50
 generation 14.84.84.72.72.72.72.72.72.72.72.23.84.7.17.67.72.84.72.50.55.30.72.62.50.35.50.50.30.22.23.72.20.70.22.67.30.72.50.25.72.72.50.72.72.72.67.72.50.67.67.xover.mutate.done 50
 generation 15.77.77.77.77.68.68.68.68.68.68.68.68.51.75.68.66.60.36.51.68.51.66.77.14.12.60.60.77.66.68.30.60.68.20.50.62.60.66.50.64.51.66.77.64.36.64.68.20.63.62.xover.mutate.done 50
 generation 16.79.79.79.79.79.79.79.76.69.69.66.50.30.72.79.79.69.20.66.69.69.50.69.69.79.79.78.60.79.61.20.69.50.69.61.69.1.50.69.76.69.79.73.79.66.50.79.69.69.79.xover.mutate.done 50
 generation 17.70.70.70.70.70.70.70.70.70.70.51.52.60.22.64.34.52.70.12.70.60.60.34.18.59.70.70.22.70.10.60.12.12.12.60.31.22.70.34.66.54.51.60.50.70.51.70.22.60.64.xover.mutate.done 50
 generation 18.84.84.84.84.84.84.84.84.84.84.33.33.72.84.4.6.50.47.4.84.84.84.84.84.47.84.52.85.50.52.55.73.52.4.84.4.87.84.84.73.84.84.84.84.84.36.84.82.84.84.xover.mutate.done 50
 generation 19.81.78.77.77.77.77.77.77.77.77.77.77.28.77.38.50.12.50.12.39.39.72.81.77.77.50.56.56.10.77.51.77.41.58.77.81.81.28.77.58.77.77.1.77.61.77.51.78.51.28.xover.mutate.done 50
 generation 20.88.88.88.88.86.86.85.85.85.85.85.50.85.85.85.85.51.22.61.40.50.50.13.85.85.85.50.85.85.61.84.50.88.50.26.63.85.59.86.85.51.50.85.47.50.85.10.84.15.68.xover.mutate.done 50
 generation 21.87.87.87.87.85.84.84.84.84.84.50.50.84.84.50.66.84.50.84.34.50.50.50.0.84.50.50.50.84.84.50.84.84.84.84.83.50.84.50.81.50.76.50.35.50.84.50.63.50.50.xover.mutate.done 50
 generation 22.92.92.92.92.88.89.88.89.88.88.32.88.50.88.60.82.50.92.51.51.65.51.88.50.51.50.51.80.82.51.73.1.89.56.50.50.50.51.64.81.50.50.88.77.88.60.50.1.50.51.xover.mutate.done 50
 generation 23.88.88.88.88.88.85.85.85.85.84.84.51.84.84.85.84.51.86.84.51.51.51.56.49.84.51.51.84.80.31.51.59.83.84.51.59.82.84.51.88.22.80.51.16.51.37.51.84.51.51.xover.mutate.done 50
 generation 24.81.81.81.81.81.80.74.81.81.81.78.6.80.51.77.50.81.36.50.50.77.51.31.78.78.51.51.64.50.1.81.1.80.43.74.37.78.50.50.80.51.78.78.37.37.50.51.50.51.45.xover.mutate.done 50
 generation 25.84.84.84.84.84.82.82.82.82.84.45.36.73.45.82.49.51.45.52.80.45.15.52.58.38.30.52.82.3.62.48.81.33.51.36.3.80.81.30.37.51.35.84.82.81.52.84.82.3.73.xover.mutate.done 50
 generation 26.87.87.87.87.87.87.87.87.84.84.49.56.84.70.60.18.87.64.50.64.85.49.50.37.49.49.49.51.50.50.78.49.84.15.49.82.0.87.52.84.84.33.81.64.28.82.84.84.6.50.xover.mutate.done 50
 generation 27.83.83.83.83.83.83.83.83.83.83.76.79.50.29.79.50.79.8.54.28.83.56.67.23.67.70.51.79.78.52.81.8.76.52.76.56.42.0.50.52.50.31.31.69.50.58.50.28.58.79.xover.mutate.done 50
 generation 28.85.85.85.85.85.85.85.85.85.85.50.71.50.50.17.28.47.56.69.50.55.85.78.71.71.50.67.32.52.7.50.85.69.50.12.3.50.50.52.24.55.31.81.52.21.75.6.75.37.64.xover.mutate.done 50
 generation 29.79.79.79.79.79.79.79.79.79.79.50.52.13.50.75.50.1.50.50.13.21.79.49.63.79.50.25.63.55.4.51.50.74.75.1.30.30.50.50.79.79.52.47.50.55.79.56.79.0.7.xover.mutate.done 50
 generation 30.82.82.82.82.82.82.82.82.82.82.68.55.76.50.24.27.50.57.70.82.57.70.55.22.52.34.79.55.82.52.2.20.2.52.52.50.18.50.22.50.70.55.82.82.52.2.52.52.52.13.xover.mutate.done 50
 generation 31.78.78.78.78.78.78.78.78.78.78.52.42.13.78.51.56.69.50.51.78.76.3.11.37.51.67.52.56.42.74.79.2.2.52.51.75.52.50.52.56.75.79.52.78.45.35.50.54.54.51.xover.mutate.done 50
 generation 32.84.84.84.84.84.84.84.84.84.84.60.54.55.51.59.11.84.50.84.84.84.8.84.84.81.81.50.1.69.54.5.50.50.68.75.75.50.81.50.67.41.59.69.1.78.50.50.78.59.84.xover.mutate.done 50
 generation 33.83.83.82.82.82.82.82.82.82.82.82.28.72.50.82.83.82.83.51.74.59.62.83.60.71.71.35.46.82.76.58.82.35.52.40.51.52.35.73.52.58.82.82.83.83.50.49.83.73.50.xover.mutate.done 50
 generation 34.85.85.85.85.85.85.85.85.84.84.84.85.51.23.77.58.53.50.4.69.62.84.50.56.81.48.50.41.84.84.51.39.51.84.81.51.78.51.85.84.58.81.85.4.84.62.84.80.4.51.xover.mutate.done 50
 generation 35.80.80.80.80.80.80.80.80.80.80.80.50.9.50.80.80.50.51.51.59.66.66.80.75.75.80.80.22.80.46.80.77.66.77.51.30.19.75.1.77.30.66.1.51.48.80.12.50.50.80.xover.mutate.done 50
 generation 36.84.84.84.84.84.84.84.84.84.84.84.51.6.51.41.8.84.82.82.58.84.84.51.52.50.84.55.84.64.27.52.84.64.77.57.77.30.38.82.53.51.59.38.17.82.77.59.84.9.50.xover.mutate.done 50
 generation 37.89.89.89.89.89.89.89.89.89.89.89.89.49.89.53.89.47.89.89.14.66.89.89.50.58.15.14.89.89.9.89.4.65.53.66.50.89.89.11.18.89.89.51.79.60.79.53.53.50.67.xover.mutate.done 50
 generation 38.81.81.81.81.81.81.81.81.81.81.28.31.63.66.81.50.50.50.71.37.6.71.81.21.64.81.52.70.13.81.70.78.13.35.81.81.9.81.60.81.81.78.64.4.22.54.39.4.45.81.xover.mutate.done 50
 generation 39.82.82.82.82.82.82.82.82.82.82.51.82.75.1.66.82.36.75.75.82.82.82.6.82.82.82.50.82.82.82.75.50.82.82.82.36.82.57.82.59.82.82.50.51.50.82.59.75.62.51.xover.mutate.done 50
 generation 40.82.82.82.82.82.82.82.82.82.82.82.35.61.8.82.82.82.82.61.61.61.50.78.37.36.61.51.51.72.82.51.72.35.82.82.65.51.41.82.82.41.10.73.36.36.51.36.82.35.79.xover.mutate.done 50
 generation 41.88.88.88.88.88.88.88.88.88.88.68.66.86.88.75.51.51.88.88.45.84.88.88.88.49.88.51.39.88.51.86.88.88.88.1.60.75.10.40.57.66.51.50.7.78.58.86.1.86.84.xover.mutate.done 50
 generation 42.84.84.84.84.84.84.84.84.84.84.84.70.51.80.84.7.30.84.7.51.51.7.72.51.19.51.80.84.84.62.73.40.30.84.51.80.2.70.29.84.80.72.77.84.84.76.43.51.70.72.xover.mutate.done 50
 generation 43.83.83.83.83.83.83.83.83.83.83.83.59.9.83.38.80.83.50.50.51.74.50.41.83.50.83.83.80.79.64.79.83.50.1.83.50.83.81.72.1.83.56.29.38.38.50.79.83.62.50.xover.mutate.done 50
 generation 44.86.86.86.86.86.86.86.86.86.86.78.86.85.19.87.78.20.50.86.50.49.86.86.54.14.49.18.51.38.84.54.50.29.84.1.51.41.51.50.86.84.50.51.86.83.83.51.55.50.54.xover.mutate.done 50
 generation 45.85.86.86.86.86.86.86.86.86.86.9.7.86.50.86.80.50.52.50.38.86.50.52.50.36.13.50.86.86.78.59.86.86.59.60.7.6.27.86.84.86.81.86.86.86.50.84.86.52.36.xover.mutate.done 50
 generation 46.82.82.82.82.82.82.82.82.82.82.82.80.55.58.55.82.50.76.50.76.75.82.50.76.52.57.50.82.4.76.46.50.50.2.50.0.0.82.50.32.60.4.50.82.46.50.50.50.81.82.xover.mutate.done 50
 generation 47.87.87.87.87.87.87.87.87.87.87.87.11.70.52.87.50.85.61.87.19.3.77.61.1.78.25.60.87.50.67.87.87.87.86.64.64.75.70.87.69.40.77.64.52.40.52.16.79.39.3.xover.mutate.done 50
 generation 48.84.84.84.84.84.84.84.84.84.84.58.73.13.44.50.50.73.84.84.50.44.82.84.84.79.59.61.50.58.8.9.36.50.50.46.84.50.9.42.79.41.84.84.51.84.50.50.58.50.84.xover.mutate.done 50
 generation 49.82.82.82.82.82.82.82.82.82.82.75.66.51.51.79.51.59.65.51.70.79.23.51.82.14.70.82.58.82.82.50.50.51.81.51.52.51.79.57.81.36.42.74.82.67.51.79.80.48.82.xover.mutate.done 50
 20681646 iters     857021 iter/sec (24.13 s)
 total time: 24.13
