0.75 0.03125 0.46875 0.1875 0.75 1.0 1.0 0.5 1.0 0.28125 
0.75 0.03125 0.1875 1.0 1.0 1.0 0.15625 0.03125 0.0 1.0 
0.1875 0.21875 0.15625 0.03125 0.1875 0.75 0.03125 1.0 1.0 1.0 
0.1875 0.21875 0.15625 0.03125 0.1875 0.75 0.15625 0.625 0.5625 0.8125 
0.1875 0.21875 0.15625 0.03125 0.1875 0.15625 0.1875 0.15625 0.21875 0.0625 
0.1875 0.21875 0.15625 0.03125 0.1875 0.15625 0.1875 0.15625 0.21875 0.0625 
0.875 0.6875 0.84375 0.9375 0.59375 0.1875 0.21875 0.15625 0.03125 0.1875 
0.1875 0.21875 0.15625 0.03125 0.1875 0.21875 0.375 0.28125 0.40625 0.34375 
0.875 0.53125 0.71875 0.6875 0.59375 0.5625 0.1875 0.21875 0.15625 0.03125 
0.3125 0.875 0.53125 0.71875 0.6875 0.59375 0.5625 0.1875 0.21875 0.15625 
0.3125 0.46875 0.1875 0.21875 0.15625 0.4375 0.15625 0.28125 0.4375 0.25 
0.46875 0.46875 0.3125 0.3125 0.34375 0.1875 0.21875 0.15625 0.4375 0.15625 
0.4375 0.46875 0.46875 0.3125 0.3125 0.34375 0.34375 0.1875 0.21875 0.15625 
0.4375 0.40625 0.4375 0.4375 0.46875 0.46875 0.3125 0.3125 0.34375 0.34375 
0.40625 0.4375 0.40625 0.4375 0.40625 0.40625 0.4375 0.4375 0.46875 0.46875 
0.40625 0.40625 0.4375 0.40625 0.4375 0.40625 0.4375 0.40625 0.4375 0.40625 
0.40625 0.40625 0.4375 0.40625 0.4375 0.40625 0.4375 0.40625 0.4375 0.40625 
0.40625 0.40625 0.4375 0.40625 0.4375 0.40625 0.4375 0.40625 0.4375 0.40625 
0.40625 0.40625 0.4375 0.40625 0.4375 0.40625 0.4375 0.40625 0.4375 0.40625 
0.40625 0.40625 0.4375 0.40625 0.4375 0.40625 0.4375 0.40625 0.4375 0.40625 
0.40625 0.40625 0.4375 0.40625 0.4375 0.40625 0.4375 0.40625 0.4375 0.40625 
0.40625 0.40625 0.4375 0.40625 0.4375 0.40625 0.4375 0.40625 0.4375 0.40625 
0.40625 0.40625 0.4375 0.40625 0.4375 0.40625 0.4375 0.40625 0.4375 0.40625 
0.40625 0.40625 0.4375 0.40625 0.4375 0.40625 0.4375 0.40625 0.4375 0.40625 
0.40625 0.40625 0.4375 0.40625 0.4375 0.40625 0.4375 0.40625 0.4375 0.40625 
0.40625 0.40625 0.40625 0.4375 0.40625 0.4375 0.40625 0.4375 0.40625 0.4375 
0.40625 0.40625 0.40625 0.4375 0.40625 0.4375 0.40625 0.4375 0.40625 0.4375 
0.40625 0.40625 0.40625 0.40625 0.40625 0.40625 0.40625 0.4375 0.40625 0.4375 
0.40625 0.40625 0.40625 0.40625 0.40625 0.40625 0.40625 0.40625 0.40625 0.40625 
0.40625 0.375 0.40625 0.40625 0.40625 0.40625 0.40625 0.40625 0.40625 0.40625 
0.40625 0.375 0.375 0.40625 0.40625 0.40625 0.40625 0.40625 0.40625 0.40625 
0.40625 0.375 0.375 0.40625 0.40625 0.375 0.375 0.40625 0.40625 0.40625 
0.40625 0.375 0.375 0.40625 0.40625 0.375 0.375 0.40625 0.40625 0.40625 
0.40625 0.375 0.375 0.40625 0.40625 0.375 0.375 0.40625 0.40625 0.40625 
0.40625 0.375 0.375 0.40625 0.40625 0.375 0.375 0.375 0.375 0.375 
0.375 0.375 0.40625 0.375 0.40625 0.40625 0.375 0.375 0.375 0.375 
0.375 0.375 0.40625 0.375 0.40625 0.40625 0.375 0.375 0.375 0.375 
0.34375 0.375 0.375 0.40625 0.375 0.40625 0.40625 0.375 0.375 0.375 
0.34375 0.375 0.375 0.40625 0.375 0.40625 0.40625 0.375 0.375 0.375 
0.34375 0.375 0.375 0.40625 0.375 0.40625 0.40625 0.375 0.375 0.375 
0.34375 0.375 0.375 0.375 0.375 0.375 0.40625 0.34375 0.34375 0.40625 
0.34375 0.375 0.375 0.375 0.375 0.375 0.40625 0.34375 0.34375 0.375 
0.34375 0.375 0.375 0.375 0.375 0.375 0.40625 0.34375 0.34375 0.375 
0.34375 0.375 0.375 0.375 0.375 0.375 0.40625 0.34375 0.34375 0.375 
0.34375 0.375 0.375 0.375 0.375 0.375 0.40625 0.34375 0.34375 0.375 
0.34375 0.375 0.375 0.375 0.375 0.375 0.40625 0.34375 0.34375 0.375 
0.34375 0.375 0.375 0.375 0.375 0.375 0.40625 0.34375 0.34375 0.375 
0.34375 0.375 0.375 0.375 0.375 0.375 0.40625 0.34375 0.34375 0.375 
0.34375 0.375 0.375 0.375 0.375 0.375 0.40625 0.34375 0.34375 0.375 
0.34375 0.375 0.375 0.375 0.375 0.375 0.40625 0.34375 0.34375 0.375 
