% Invoked: ./gella -d -r 2 -l biased_r2/run48 >& biased_r2/run48.log
% Ministry of Cellular Automata
% Project Deux (CS523 Spring 2015)
% Version:v0.1-70-g0624-dirty
%  pop:50
%  ic count:100
%  CA Log option:biased_r2/run48
%  width:121
%  max workers:4
%  radius:2
%  iterations:300
%  use bias:true
%  generations:50

 generation 0.50.1.4.1.4.11.50.3.4.50.3.4.50.4.4.50.50.4.1.4.3.3.50.4.4.50.3.1.4.42.3.4.1.1.4.50.3.4.4.50.4.15.53.50.1.4.4.9.1.1.xover.mutate.done 50
 generation 1.50.50.50.50.50.50.50.50.50.50.50.0.0.50.50.5.1.50.1.51.0.50.50.50.0.1.1.1.7.2.50.51.1.0.26.50.51.24.50.50.1.50.1.1.50.0.1.50.1.1.xover.mutate.done 50
 generation 2.50.50.50.52.50.50.50.50.50.50.52.0.50.50.50.50.50.50.50.8.50.2.2.10.31.2.2.0.52.52.33.52.2.8.3.0.0.2.19.50.0.0.50.2.2.50.50.50.52.6.xover.mutate.done 50
 generation 3.51.51.51.51.51.51.50.50.50.50.50.51.1.50.51.50.15.50.1.0.51.50.50.51.51.50.51.50.1.1.11.1.1.0.0.1.50.1.51.15.50.50.51.50.0.1.51.1.9.51.xover.mutate.done 50
 generation 4.52.52.52.52.52.52.52.52.52.52.50.50.50.0.2.9.52.50.2.50.2.2.50.2.2.52.2.50.52.9.2.52.2.50.50.50.50.2.2.50.50.52.52.2.52.15.2.52.50.2.xover.mutate.done 50
 generation 5.51.51.51.51.51.51.51.51.51.51.51.3.3.52.51.3.2.50.51.1.51.3.52.51.1.50.52.51.3.3.1.3.51.51.19.51.51.51.2.51.1.1.3.51.3.51.3.51.51.50.xover.mutate.done 50
 generation 6.50.50.50.50.50.50.50.50.50.50.0.50.50.50.0.9.50.0.50.0.50.50.50.50.0.50.50.50.50.0.0.50.0.9.50.50.50.0.50.50.50.50.0.0.27.18.9.0.9.50.xover.mutate.done 50
 generation 7.52.52.52.50.50.50.50.50.50.50.2.50.41.50.50.12.52.50.2.50.13.0.0.50.50.50.50.39.50.50.50.2.52.2.50.0.52.0.50.2.19.2.50.2.50.50.2.50.50.2.xover.mutate.done 50
 generation 8.51.51.51.51.51.51.51.51.51.51.2.5.20.51.51.51.51.2.51.51.51.51.24.2.2.51.20.51.51.2.51.7.51.2.2.1.2.51.51.1.8.51.51.2.2.51.51.51.51.1.xover.mutate.done 50
 generation 9.50.50.50.50.50.50.50.50.50.50.0.0.50.50.50.50.50.50.7.0.0.0.50.4.50.50.50.0.50.50.0.50.50.26.50.23.50.50.50.50.50.50.0.50.50.50.50.0.50.50.xover.mutate.done 50
 generation 10.51.51.51.51.51.51.53.53.53.53.3.53.53.53.53.50.53.3.4.24.53.53.1.4.53.51.53.53.51.4.53.20.49.4.50.51.50.50.4.16.10.50.53.33.51.51.53.53.1.50.xover.mutate.done 50
 generation 11.51.51.51.51.51.51.51.51.51.51.51.50.2.51.51.51.51.1.51.1.50.50.51.51.10.51.51.2.51.51.26.51.51.7.1.51.51.51.6.51.2.2.2.51.5.51.51.51.50.51.xover.mutate.done 50
 generation 12.50.50.50.50.50.50.50.50.50.50.50.50.50.50.27.50.1.50.1.50.50.50.50.50.50.50.1.50.51.50.50.50.50.50.50.1.50.50.32.50.50.27.50.50.50.50.50.51.50.50.xover.mutate.done 50
 generation 13.52.52.51.51.51.51.51.51.51.51.51.51.51.3.51.51.51.3.3.3.51.3.3.3.51.3.3.51.51.51.3.51.51.2.51.21.52.51.51.3.51.51.51.51.51.51.3.51.3.52.xover.mutate.done 50
 generation 14.51.51.51.51.50.50.50.50.50.50.50.50.51.14.1.50.1.1.1.1.50.50.1.50.50.50.1.51.1.50.1.50.26.45.50.50.50.50.6.5.1.1.1.50.1.1.1.50.50.50.xover.mutate.done 50
 generation 15.50.50.50.50.50.50.50.50.50.50.0.50.50.50.50.50.0.50.50.50.14.50.0.50.50.50.50.50.0.50.0.0.50.50.0.50.50.50.50.50.50.0.11.13.50.0.50.0.50.0.xover.mutate.done 50
 generation 16.50.50.50.50.50.50.51.51.51.51.12.51.50.0.51.51.1.51.51.51.51.0.1.51.50.50.50.51.51.50.50.50.50.51.1.1.1.50.51.51.1.51.51.1.8.51.9.51.50.9.xover.mutate.done 50
 generation 17.50.50.50.50.50.50.50.50.50.50.12.50.50.50.1.51.1.1.1.5.1.50.50.51.50.1.1.51.51.51.0.8.0.50.1.50.1.50.50.50.50.51.50.0.0.51.1.51.1.12.xover.mutate.done 50
 generation 18.50.50.50.50.50.50.50.50.51.51.51.1.51.1.1.51.13.50.50.51.11.50.51.50.1.1.51.1.51.11.1.50.1.39.12.50.13.1.1.51.1.51.51.50.1.51.1.1.1.13.xover.mutate.done 50
 generation 19.51.51.51.51.51.51.51.51.51.51.51.6.2.51.51.2.51.51.51.51.2.51.2.2.2.36.51.2.51.51.2.1.1.2.51.51.2.51.51.2.51.2.2.51.51.51.8.1.51.51.xover.mutate.done 50
 generation 20.51.51.51.51.51.51.51.51.51.51.51.51.1.1.51.21.1.1.51.51.1.1.50.51.1.1.51.1.1.51.51.1.51.51.1.1.1.37.1.51.1.51.51.51.51.51.50.50.51.51.xover.mutate.done 50
 generation 21.51.51.51.51.51.51.51.51.51.51.51.51.9.26.51.51.1.50.51.51.51.51.51.1.51.1.51.50.1.24.51.51.7.50.51.1.4.50.1.1.51.50.1.51.51.0.51.24.1.51.xover.mutate.done 50
 generation 22.50.50.50.50.50.50.50.50.50.50.0.0.50.50.50.50.50.50.50.50.50.0.19.0.0.50.50.50.50.50.50.50.50.11.50.50.50.50.50.50.50.24.50.0.50.50.50.50.50.50.xover.mutate.done 50
 generation 23.51.51.51.51.51.51.51.51.51.51.51.2.51.51.51.51.6.51.50.51.51.50.50.51.51.51.51.51.51.51.51.51.51.51.51.51.51.51.51.51.51.2.34.35.1.51.51.51.50.2.xover.mutate.done 50
 generation 24.52.52.52.52.52.52.52.52.52.52.2.50.52.8.2.52.2.52.52.2.52.52.50.52.52.8.52.52.26.52.2.52.52.52.2.52.52.52.52.52.12.52.52.52.52.2.23.52.52.52.xover.mutate.done 50
 generation 25.52.52.52.52.52.52.52.52.52.52.3.37.27.15.52.52.52.33.52.52.52.52.52.3.37.3.52.52.52.52.52.3.52.52.52.52.52.52.13.52.16.37.50.52.52.52.51.52.52.37.xover.mutate.done 50
 generation 26.51.51.51.51.51.51.51.51.51.51.51.51.51.51.51.4.51.51.51.51.51.3.51.51.51.51.51.51.51.51.27.4.51.51.51.32.51.51.51.51.51.51.51.51.51.14.50.51.51.51.xover.mutate.done 50
 generation 27.50.50.50.50.50.50.50.50.50.50.2.50.50.50.50.50.26.0.36.37.2.50.7.50.2.50.50.50.9.50.50.50.50.2.2.0.50.50.35.50.50.5.50.0.22.50.50.50.50.50.xover.mutate.done 50
 generation 28.50.50.50.50.50.50.50.50.50.50.50.50.50.2.18.50.2.50.16.50.50.50.50.50.50.50.0.30.2.50.50.50.26.50.33.50.50.50.2.50.50.10.50.50.8.50.50.27.50.50.xover.mutate.done 50
 generation 29.51.51.51.51.51.51.51.51.51.51.51.51.51.51.51.51.51.17.51.51.50.51.51.51.51.51.50.51.51.51.51.1.51.51.51.33.51.51.51.50.51.50.51.51.2.51.23.51.51.51.xover.mutate.done 50
 generation 30.52.52.52.52.52.52.52.52.52.52.52.52.50.52.50.52.50.52.52.2.52.52.52.52.52.52.52.52.52.52.31.2.2.50.2.52.52.52.52.52.52.52.52.50.0.52.52.2.52.52.xover.mutate.done 50
 generation 31.50.50.50.50.50.50.50.50.50.50.8.50.50.50.50.0.50.50.50.50.0.50.50.50.8.50.0.50.50.0.50.50.0.0.50.16.50.50.50.0.50.50.8.50.50.0.50.8.50.0.xover.mutate.done 50
 generation 32.51.51.51.51.51.51.51.51.51.51.9.1.23.1.1.51.51.51.51.9.51.23.51.51.51.51.51.51.51.1.51.1.51.1.51.51.1.51.51.51.51.51.6.51.1.51.51.1.51.51.xover.mutate.done 50
 generation 33.51.51.51.51.51.51.51.51.51.51.1.1.1.1.1.51.19.51.51.0.1.1.5.51.1.51.20.7.1.51.1.1.1.19.51.51.51.1.1.51.51.51.7.51.1.51.1.51.51.51.xover.mutate.done 50
 generation 34.50.50.50.50.50.50.50.50.50.50.50.10.0.0.50.50.50.0.50.50.0.23.50.50.0.0.0.0.50.0.50.50.50.0.50.50.0.50.50.50.50.50.50.50.50.0.0.0.0.0.xover.mutate.done 50
 generation 35.51.51.51.51.51.51.51.51.51.51.51.3.1.51.1.1.51.51.51.51.1.1.51.1.1.51.0.51.1.51.1.51.51.51.51.51.0.0.51.1.51.51.51.1.51.1.5.1.51.1.xover.mutate.done 50
 generation 36.51.51.51.51.51.51.51.51.51.51.51.51.51.51.1.1.1.1.1.1.51.1.1.1.1.51.51.51.1.51.1.1.51.51.1.1.51.1.51.1.6.51.51.51.6.1.51.51.51.1.xover.mutate.done 50
 generation 37.50.50.50.50.50.50.50.50.50.50.0.50.50.50.50.50.12.0.14.0.0.0.50.0.14.50.0.50.50.0.23.0.50.0.50.0.0.0.0.50.50.0.50.0.50.0.50.0.0.14.xover.mutate.done 50
 generation 38.52.52.52.52.52.52.52.52.52.52.2.20.52.52.52.8.52.52.52.52.2.52.52.52.52.2.52.52.52.52.52.52.2.52.50.2.52.2.25.52.2.50.52.9.52.52.52.52.52.2.xover.mutate.done 50
 generation 39.51.51.51.51.51.51.51.51.51.51.51.8.51.51.1.51.51.51.51.51.1.51.50.51.51.51.1.51.51.51.51.51.51.51.1.51.51.51.51.1.51.51.51.1.51.1.51.51.51.51.xover.mutate.done 50
 generation 40.50.50.50.50.50.50.50.50.50.50.1.50.16.50.50.50.50.50.25.50.50.50.50.21.50.50.50.50.50.50.50.1.50.50.50.50.1.50.50.50.1.50.5.6.1.1.50.1.1.50.xover.mutate.done 50
 generation 41.50.50.50.50.50.50.50.50.50.50.50.9.50.50.50.50.50.50.50.1.22.50.50.50.50.50.50.50.50.50.1.50.50.50.50.50.1.50.50.50.9.50.50.50.50.50.50.33.50.50.xover.mutate.done 50
 generation 42.51.51.51.51.51.51.51.51.51.51.51.51.51.51.2.51.51.51.51.50.51.2.51.50.51.51.51.51.23.51.2.51.51.51.51.51.51.51.51.51.51.51.51.50.51.51.51.51.51.2.xover.mutate.done 50
 generation 43.51.51.51.51.51.51.51.51.51.51.1.1.51.51.51.51.1.51.51.51.51.51.51.51.51.1.51.51.51.51.51.51.51.1.51.1.51.51.50.51.51.51.51.51.51.51.51.51.51.1.xover.mutate.done 50
 generation 44.50.50.50.50.50.50.50.50.50.50.50.50.50.50.50.50.1.50.50.50.50.50.1.9.50.50.50.32.11.50.50.11.1.1.50.50.50.50.1.1.50.50.1.50.50.50.50.50.1.1.xover.mutate.done 50
 generation 45.51.51.51.51.51.51.51.51.51.51.51.51.51.1.51.51.51.51.1.51.1.1.1.1.51.51.51.51.1.51.50.29.51.51.51.5.6.1.1.50.51.51.50.51.51.50.51.51.51.51.xover.mutate.done 50
 generation 46.50.50.50.50.50.50.50.50.50.50.50.50.0.0.50.0.50.50.50.50.50.50.50.50.50.12.0.50.50.50.50.50.50.50.50.50.50.50.0.50.50.50.50.50.50.39.50.0.50.50.xover.mutate.done 50
 generation 47.50.50.50.50.50.50.50.50.50.50.50.50.50.50.50.50.50.50.50.50.50.50.50.50.50.50.50.50.1.50.50.28.50.50.50.50.50.50.50.50.3.50.50.50.50.50.50.50.1.1.xover.mutate.done 50
 generation 48.51.51.51.51.51.51.51.51.51.51.24.51.51.24.51.51.51.51.51.51.51.51.51.51.51.51.51.9.51.1.51.50.51.51.51.51.51.1.51.51.51.50.51.51.1.51.9.51.51.51.xover.mutate.done 50
 generation 49.50.50.50.50.50.50.50.50.50.50.50.50.50.18.5.50.50.50.50.50.0.50.50.0.50.0.50.50.0.50.50.50.50.50.0.0.50.0.50.50.50.50.50.0.50.50.50.0.50.50.xover.mutate.done 50
 18581372 iters     843843 iter/sec (22.02 s)
 total time: 22.02
