0.03125 0.90625 0.0625 0.0625 0.90625 0.75 0.3125 0.03125 0.1875 0.53125 
0.3125 0.1875 0.03125 0.0625 0.0625 0.90625 0.03125 0.15625 1.0 0.9375 
0.71875 0.3125 0.1875 0.1875 0.28125 0.1875 0.03125 0.0625 0.0625 0.90625 
0.53125 0.71875 0.75 0.3125 0.1875 0.1875 0.28125 0.1875 0.34375 0.1875 
0.34375 0.4375 0.53125 0.5625 0.53125 0.71875 0.75 0.3125 0.1875 0.1875 
0.34375 0.53125 0.53125 0.5625 0.4375 0.53125 0.53125 0.625 0.71875 0.75 
0.34375 0.53125 0.53125 0.5625 0.4375 0.4375 0.4375 0.625 0.5625 0.625 
0.34375 0.4375 0.53125 0.53125 0.53125 0.53125 0.5625 0.53125 0.4375 0.4375 
0.5 0.4375 0.34375 0.4375 0.53125 0.53125 0.5625 0.53125 0.5625 0.53125 
0.5 0.5 0.53125 0.4375 0.34375 0.53125 0.53125 0.5625 0.53125 0.5625 
0.5 0.5 0.5 0.53125 0.4375 0.34375 0.5 0.53125 0.53125 0.5625 
0.5 0.5 0.5 0.5 0.53125 0.34375 0.4375 0.5625 0.5 0.53125 
0.53125 0.5 0.5 0.5 0.5 0.5 0.53125 0.34375 0.4375 0.5625 
0.53125 0.5 0.5 0.5 0.5 0.5 0.5 0.5 0.53125 0.46875 
0.53125 0.5 0.5 0.5 0.5 0.5 0.5 0.5 0.53125 0.46875 
0.53125 0.5 0.5 0.5 0.5 0.5 0.5 0.5 0.53125 0.5 
0.53125 0.5 0.5 0.5 0.53125 0.53125 0.5 0.5 0.5 0.5 
0.53125 0.53125 0.5 0.5 0.5 0.53125 0.5 0.5 0.5 0.5 
0.5 0.46875 0.46875 0.5 0.53125 0.53125 0.5 0.5 0.5 0.53125 
0.5 0.53125 0.46875 0.46875 0.53125 0.5 0.5 0.5 0.53125 0.5 
0.5 0.46875 0.46875 0.53125 0.53125 0.53125 0.5625 0.53125 0.5 0.5 
0.46875 0.46875 0.5 0.53125 0.53125 0.53125 0.5625 0.53125 0.5 0.5 
0.53125 0.53125 0.5625 0.53125 0.5625 0.46875 0.46875 0.5 0.53125 0.53125 
0.46875 0.46875 0.5 0.53125 0.53125 0.5625 0.53125 0.5625 0.53125 0.53125 
0.46875 0.46875 0.5 0.53125 0.53125 0.5625 0.53125 0.5625 0.53125 0.53125 
0.53125 0.53125 0.5625 0.53125 0.5625 0.53125 0.53125 0.5 0.5 0.5625 
0.53125 0.53125 0.5625 0.53125 0.5625 0.53125 0.5625 0.53125 0.53125 0.5625 
0.46875 0.46875 0.53125 0.53125 0.5625 0.53125 0.5625 0.53125 0.5625 0.53125 
0.53125 0.53125 0.5625 0.53125 0.5625 0.53125 0.5625 0.53125 0.53125 0.53125 
0.53125 0.53125 0.5625 0.53125 0.5625 0.53125 0.5625 0.53125 0.53125 0.53125 
0.53125 0.53125 0.53125 0.5625 0.53125 0.5625 0.53125 0.5625 0.53125 0.53125 
0.53125 0.53125 0.5625 0.53125 0.5625 0.53125 0.5625 0.53125 0.53125 0.53125 
0.53125 0.53125 0.5625 0.53125 0.5625 0.53125 0.5625 0.53125 0.53125 0.53125 
0.53125 0.53125 0.5625 0.53125 0.5625 0.53125 0.5625 0.53125 0.53125 0.53125 
0.53125 0.53125 0.5625 0.53125 0.5625 0.53125 0.5625 0.53125 0.53125 0.53125 
0.53125 0.53125 0.5625 0.53125 0.5625 0.53125 0.5625 0.53125 0.53125 0.53125 
0.53125 0.53125 0.5625 0.53125 0.5625 0.53125 0.5625 0.53125 0.53125 0.53125 
0.53125 0.53125 0.5625 0.53125 0.5625 0.53125 0.5625 0.53125 0.53125 0.53125 
0.53125 0.53125 0.5625 0.53125 0.5625 0.53125 0.5625 0.53125 0.53125 0.53125 
0.53125 0.53125 0.5625 0.53125 0.5625 0.53125 0.5625 0.53125 0.53125 0.53125 
0.53125 0.53125 0.5625 0.53125 0.5625 0.53125 0.5625 0.53125 0.53125 0.53125 
0.53125 0.53125 0.5625 0.53125 0.5625 0.53125 0.5625 0.53125 0.53125 0.53125 
0.53125 0.53125 0.5625 0.53125 0.5625 0.53125 0.5625 0.53125 0.53125 0.53125 
0.53125 0.53125 0.5625 0.53125 0.5625 0.53125 0.5625 0.53125 0.53125 0.53125 
0.53125 0.53125 0.5625 0.53125 0.5625 0.53125 0.5625 0.53125 0.53125 0.53125 
0.53125 0.53125 0.5625 0.53125 0.5625 0.53125 0.5625 0.53125 0.53125 0.53125 
0.53125 0.53125 0.5625 0.53125 0.5625 0.53125 0.5625 0.53125 0.53125 0.53125 
0.53125 0.53125 0.5625 0.53125 0.5625 0.53125 0.5625 0.53125 0.53125 0.53125 
0.53125 0.53125 0.5625 0.53125 0.5625 0.53125 0.5625 0.53125 0.53125 0.53125 
0.53125 0.53125 0.5625 0.53125 0.5625 0.53125 0.5625 0.53125 0.53125 0.53125 
