50 50 50 50 50 50 50 50 50 50 50 50 50 50 50 50 6 3 0 0 0 0 0 0 0 0 0 0 0 0 0 0 0 0 0 0 0 0 0 0 0 0 0 0 0 0 0 0 0 0 
51 51 51 51 51 50 50 50 50 50 50 50 50 50 50 50 50 50 50 50 50 27 21 11 6 6 1 1 1 1 1 1 1 1 1 1 1 1 1 1 1 1 1 1 0 0 0 0 0 0 
51 51 51 51 51 51 51 51 51 51 50 50 50 50 50 50 50 50 50 50 50 50 50 50 48 39 35 12 10 2 2 2 2 2 2 2 2 2 1 1 1 1 1 1 1 1 1 1 1 1 
51 51 51 51 51 51 51 51 51 51 51 51 51 51 50 50 50 50 50 50 50 50 50 50 50 50 50 50 50 50 29 1 1 1 1 1 1 1 1 1 1 1 1 1 1 1 1 0 0 0 
53 53 53 53 53 53 53 53 53 53 53 53 53 53 53 53 53 53 50 50 50 50 50 50 50 50 50 50 50 50 50 50 50 3 3 3 3 3 3 3 3 3 3 3 3 3 3 0 0 0 
51 51 51 51 51 50 50 50 50 50 50 50 50 50 50 50 50 50 50 50 50 50 50 50 50 50 50 50 50 50 50 50 50 50 50 50 34 23 12 10 9 1 1 1 1 1 1 0 0 0 
52 52 52 52 52 52 52 52 52 52 52 52 52 52 52 52 52 52 52 52 52 52 51 51 51 51 51 51 51 51 51 50 36 36 31 14 14 10 3 3 3 3 3 3 3 3 3 3 2 2 
51 51 51 51 51 51 50 50 50 50 50 50 50 50 50 50 50 50 50 50 50 50 50 50 50 50 50 50 50 50 50 50 50 50 50 50 50 50 50 16 11 1 1 1 1 1 1 1 1 1 
58 50 50 50 50 50 50 50 50 50 50 50 50 50 50 50 50 50 50 50 50 50 50 50 50 50 50 50 50 50 50 50 50 50 50 50 50 50 50 50 50 50 50 50 0 0 0 0 0 0 
59 59 51 51 51 51 51 51 51 51 51 51 51 51 51 51 51 51 51 51 51 51 51 51 51 51 50 50 50 50 50 50 50 50 50 50 50 50 50 12 11 11 10 9 9 1 1 1 1 1 
61 61 58 58 58 52 52 52 52 52 52 52 52 52 52 52 52 52 52 52 52 52 52 52 52 52 52 52 52 52 50 50 50 50 50 46 46 46 12 12 11 11 2 2 2 2 2 2 2 2 
83 63 63 55 55 55 55 50 50 50 50 50 50 50 50 50 50 50 50 50 50 50 50 50 50 50 50 50 50 50 50 50 50 40 19 0 0 0 0 0 0 0 0 0 0 0 0 0 0 0 
83 83 83 83 59 59 55 55 55 55 55 55 52 52 52 52 52 50 50 50 50 50 50 50 50 50 50 50 50 50 50 50 50 50 50 50 50 35 8 7 5 2 2 2 2 2 2 0 0 0 
83 83 83 83 83 83 82 82 65 65 64 60 60 60 60 60 60 60 54 54 54 54 51 51 51 51 51 51 51 51 51 51 51 51 51 51 50 50 50 44 34 34 26 15 14 5 5 5 1 1 
84 82 82 82 82 82 82 82 82 82 82 82 80 80 80 68 62 62 55 55 52 51 51 51 50 50 50 50 50 50 50 50 50 45 38 38 37 31 29 11 7 7 7 6 6 1 1 1 0 0 
75 73 73 73 73 73 73 73 73 73 73 73 73 73 73 73 65 62 54 54 54 50 50 50 50 50 50 50 50 50 50 50 50 50 50 50 50 50 50 50 50 41 36 33 29 13 6 4 0 0 
85 85 85 85 85 85 85 85 85 85 85 85 85 85 85 85 85 85 85 85 85 78 63 51 51 51 51 50 50 50 50 50 50 50 50 50 50 50 50 50 50 48 46 45 38 36 7 4 2 1 
80 79 79 79 79 79 79 79 79 79 79 79 79 79 79 79 79 79 79 79 79 79 79 79 79 79 79 79 79 79 79 79 79 79 79 62 55 55 55 55 55 55 55 55 51 50 50 50 39 6 
79 79 79 79 79 79 79 79 79 79 79 79 79 79 79 79 79 79 79 79 79 79 79 79 78 78 78 78 78 78 78 78 78 77 77 73 73 60 60 51 51 51 51 51 50 50 50 42 39 32 
84 84 84 84 84 84 84 84 84 84 84 84 84 84 84 84 84 84 84 84 84 84 84 84 84 84 84 84 84 84 84 76 65 62 62 59 57 50 50 50 50 50 50 43 37 34 34 32 0 0 
81 80 80 80 80 80 80 80 80 80 80 80 80 80 80 80 80 80 80 80 80 80 80 80 80 80 80 80 76 66 58 57 57 57 55 55 55 50 50 46 44 44 43 40 35 35 34 14 13 13 
79 79 79 79 79 79 79 79 79 79 79 79 79 79 79 79 79 79 79 79 79 79 79 79 79 79 79 79 79 79 75 75 63 60 60 55 55 54 53 50 50 50 50 50 50 50 50 50 50 42 
82 82 82 82 82 82 82 82 82 82 82 82 82 82 82 82 82 82 82 82 82 82 82 82 82 82 82 82 82 82 82 82 82 56 53 51 51 51 50 50 50 50 50 50 46 45 44 41 38 7 
81 80 80 80 80 80 80 80 80 80 80 80 80 80 80 80 80 80 80 80 80 80 80 80 79 77 70 56 52 51 50 50 50 50 50 50 50 50 47 47 46 42 30 30 28 28 28 26 2 2 
82 82 81 81 81 81 81 81 81 81 81 81 81 81 81 81 81 81 81 81 81 81 81 81 81 81 81 81 80 76 70 70 70 62 51 51 51 51 50 50 50 45 42 41 34 32 19 1 1 0 
84 84 84 84 84 84 84 84 84 84 84 84 84 84 84 84 84 84 84 84 84 84 84 84 84 84 84 84 84 84 84 84 84 84 83 83 70 70 50 50 50 34 34 34 30 20 1 1 1 1 
84 84 84 84 84 84 81 81 81 81 81 81 81 81 81 81 81 81 81 81 81 81 81 81 81 81 81 81 81 81 81 81 81 81 81 52 52 50 50 50 50 47 39 37 35 31 15 13 5 2 
83 83 83 83 83 83 83 83 83 80 80 80 80 80 80 80 80 80 80 80 80 80 80 80 80 80 80 80 80 77 75 56 55 51 51 51 50 48 48 43 42 38 37 36 34 33 19 7 4 1 
77 77 76 76 76 76 76 76 76 76 76 76 76 76 76 76 76 76 76 76 76 76 76 76 76 74 67 62 59 58 58 52 51 51 50 48 43 42 42 42 40 38 38 36 30 28 16 3 3 1 
79 79 79 78 78 78 78 78 78 78 78 78 78 78 78 77 76 76 76 76 76 76 76 75 68 68 50 50 50 50 50 50 50 50 50 50 47 44 44 44 33 26 26 26 26 26 26 21 0 0 
81 81 81 81 81 81 81 78 78 78 78 78 78 78 78 78 78 78 78 78 78 70 58 57 57 57 57 54 53 51 51 51 51 51 51 51 51 51 51 40 39 37 35 28 12 9 7 1 1 1 
86 86 86 86 86 86 86 86 86 86 86 86 86 86 86 86 86 85 83 70 64 60 60 60 60 57 52 51 51 51 51 51 51 51 51 51 51 51 51 51 51 50 49 26 22 17 12 10 2 2 
85 85 85 85 85 85 85 85 85 85 85 85 85 85 85 85 85 85 85 85 85 85 85 85 84 84 82 70 68 66 64 52 52 52 52 52 52 52 52 52 52 52 50 35 34 34 13 11 9 7 
85 85 85 85 85 85 85 85 85 85 84 84 84 84 84 84 84 84 84 83 79 79 72 67 64 60 57 57 57 57 51 51 51 51 51 51 51 51 51 51 51 50 37 24 18 8 4 2 2 2 
84 84 82 82 82 82 82 82 82 82 82 82 82 82 82 79 79 79 78 77 71 66 59 59 59 59 52 52 52 52 52 52 52 52 52 52 52 50 50 44 41 41 36 29 16 2 2 2 2 0 
83 83 83 83 83 83 83 83 83 83 83 83 83 83 83 83 83 83 83 83 83 83 83 83 82 82 82 80 78 62 62 54 54 54 54 54 54 50 50 50 50 47 36 35 35 31 29 13 4 4 
84 83 83 83 83 83 83 83 83 83 83 83 83 83 82 81 81 80 80 78 78 58 52 52 52 51 51 51 51 51 51 51 51 50 50 50 43 40 40 39 39 38 38 37 35 32 10 9 3 3 
80 80 80 80 80 80 80 80 80 80 80 80 80 80 80 80 80 80 80 80 79 79 79 76 76 59 59 50 50 50 50 50 50 50 50 50 50 50 50 37 33 31 31 31 30 30 19 6 5 3 
82 82 82 82 82 82 82 82 82 82 82 82 82 82 82 82 82 82 82 81 81 80 80 80 80 78 51 51 51 50 50 50 50 50 37 37 37 37 37 37 37 31 31 23 11 11 10 6 6 1 
75 75 75 75 75 75 75 75 75 74 74 74 74 74 74 74 74 74 74 74 74 73 73 73 73 72 72 67 67 54 54 52 52 52 52 52 41 30 28 24 24 24 16 16 10 6 6 5 4 2 
82 82 82 82 82 82 82 82 82 82 82 81 81 81 81 81 81 81 81 81 80 80 79 79 79 54 52 52 52 52 51 51 49 48 43 43 43 33 33 32 32 32 14 13 12 11 11 9 3 3 
84 84 84 84 84 84 84 84 84 84 84 84 84 84 84 84 84 83 83 78 61 59 51 51 51 51 51 51 51 51 51 51 51 50 48 44 42 41 41 41 41 19 15 13 12 11 11 10 2 2 
81 81 81 81 81 81 81 81 81 81 81 81 80 80 80 79 71 61 58 55 52 52 52 52 52 52 52 52 52 52 52 52 52 52 52 52 52 52 50 50 41 33 25 11 8 8 4 4 4 4 
83 83 83 83 83 83 83 83 83 83 83 83 83 83 83 83 83 83 83 82 80 80 64 58 57 56 52 52 52 52 51 51 51 50 41 40 35 11 9 8 7 6 3 3 3 3 3 3 3 1 
78 78 78 78 78 78 78 78 78 78 78 78 78 78 77 77 77 77 77 76 61 60 58 56 56 52 52 52 52 52 52 52 52 52 47 43 39 39 39 37 29 29 20 12 11 10 10 8 4 4 
81 81 81 81 81 81 81 81 81 81 81 81 81 81 81 81 81 81 80 63 63 60 53 53 53 53 53 53 53 52 52 51 51 51 51 51 51 48 45 45 37 35 31 31 26 12 12 8 4 4 
82 82 82 82 82 82 82 82 82 82 82 82 82 82 82 82 82 60 60 58 54 52 52 52 52 52 52 52 52 52 52 52 50 50 50 50 50 50 50 37 36 32 32 22 20 14 10 2 2 0 
86 86 86 86 86 86 86 86 86 86 86 86 86 86 57 57 57 55 52 52 52 52 52 52 51 51 51 51 51 51 50 50 42 41 41 37 24 19 19 19 18 9 5 5 3 3 3 3 3 1 
84 84 84 84 84 84 84 84 84 84 84 84 84 84 84 84 84 84 82 60 60 60 58 58 51 51 51 51 51 51 50 50 50 50 50 50 50 50 50 44 41 37 8 8 1 1 1 1 1 1 
77 77 77 77 77 77 77 77 77 77 77 76 76 76 76 76 76 76 76 76 76 64 60 58 54 50 50 50 50 50 50 50 49 49 49 49 49 49 41 38 29 27 23 12 11 10 8 0 0 0 
