51 50 50 50 50 50 50 50 50 50 36 1 1 1 1 1 1 1 1 1 1 1 1 1 1 1 1 1 1 1 1 1 1 1 1 1 1 1 1 0 0 0 0 0 0 0 0 0 0 0 
50 50 50 50 50 50 50 50 50 50 50 50 50 50 50 50 50 50 13 7 0 0 0 0 0 0 0 0 0 0 0 0 0 0 0 0 0 0 0 0 0 0 0 0 0 0 0 0 0 0 
53 53 51 50 50 50 50 50 50 50 50 50 50 50 50 50 50 50 50 50 50 50 50 50 27 22 20 14 7 5 5 3 3 3 3 3 3 3 3 3 3 3 3 3 3 3 3 0 0 0 
51 51 51 51 51 51 51 51 51 51 51 51 51 50 50 50 50 50 50 50 50 50 50 50 49 49 24 10 10 8 2 2 2 2 2 2 2 2 2 2 1 1 1 1 1 1 1 1 1 1 
51 51 51 51 51 51 51 51 50 50 50 50 50 50 50 50 50 50 50 50 50 50 50 50 50 50 50 50 50 50 27 15 13 6 1 1 1 1 1 1 1 1 1 1 1 1 0 0 0 0 
51 51 51 51 51 51 51 50 50 50 50 50 50 50 50 50 50 50 50 50 50 50 50 50 50 50 50 50 50 50 50 50 50 31 16 11 10 6 5 1 1 1 1 1 1 1 0 0 0 0 
51 51 51 51 51 51 51 51 51 51 51 51 51 51 51 51 51 51 51 51 51 51 51 51 51 51 51 51 51 51 51 51 50 27 2 2 2 2 2 2 2 2 2 2 2 2 2 2 1 1 
51 51 51 51 51 51 51 51 51 51 51 51 51 50 50 50 50 50 50 50 50 50 50 50 50 50 50 50 50 17 16 11 11 10 1 1 1 1 1 1 1 1 1 1 1 1 1 1 0 0 
52 52 52 52 52 52 52 52 52 52 52 52 52 52 52 52 50 50 50 50 50 50 24 19 17 16 14 12 12 2 2 2 2 2 2 2 2 2 2 2 2 2 2 2 2 2 2 2 2 0 
51 51 51 51 51 51 51 51 51 51 51 51 51 51 51 51 51 51 51 50 50 26 17 16 16 14 13 11 11 11 11 11 11 9 5 1 1 1 1 1 1 1 1 1 1 1 1 1 1 1 
51 50 50 50 50 50 50 50 50 50 50 50 50 50 50 50 50 50 50 50 50 50 50 40 18 15 11 11 11 10 10 10 10 9 9 1 1 1 1 1 1 1 1 1 1 1 1 1 1 0 
52 51 51 51 51 51 51 51 51 51 51 51 51 51 51 51 51 51 51 51 51 51 51 51 51 51 51 51 51 50 30 16 16 16 16 15 12 12 8 7 3 3 3 3 3 3 3 2 2 2 
53 53 53 53 53 53 53 53 53 53 53 53 53 53 53 53 53 53 53 53 53 53 53 53 53 53 53 53 53 53 50 50 50 32 17 14 14 3 3 3 3 3 3 3 3 3 3 3 3 0 
50 50 50 50 50 50 50 50 50 50 50 50 50 50 50 50 50 50 50 50 50 50 50 50 50 50 50 50 50 50 50 50 50 50 15 15 14 13 12 12 11 11 2 2 2 2 2 0 0 0 
52 52 52 52 52 52 52 52 52 52 52 52 52 52 52 52 52 52 52 52 52 52 52 52 52 52 52 52 52 52 52 52 52 52 50 20 20 20 20 19 19 15 15 15 5 5 5 5 5 3 
51 51 51 51 51 51 51 51 51 51 51 51 51 51 51 51 51 51 51 51 51 51 51 51 51 51 51 51 51 51 51 51 51 51 51 51 50 18 15 15 14 14 14 13 13 1 1 1 1 1 
51 51 51 51 51 51 51 51 51 51 51 51 51 51 51 51 51 51 51 51 51 51 51 51 51 51 51 51 51 51 51 51 51 51 51 51 51 51 50 10 6 1 1 1 1 1 1 1 1 0 
51 51 51 51 51 51 51 51 51 51 51 51 51 51 51 51 51 51 51 51 51 51 51 51 51 51 51 51 51 51 51 51 51 51 51 51 51 51 27 21 19 19 19 15 13 1 1 1 1 1 
50 50 50 50 50 50 50 50 50 50 50 50 50 50 50 50 50 50 50 50 50 50 50 50 50 50 50 50 50 50 17 11 10 9 9 1 1 1 1 1 1 1 1 1 1 1 1 1 1 1 
57 50 50 50 50 50 50 50 50 50 50 50 50 50 50 50 50 50 50 50 50 50 50 50 50 50 50 50 50 50 50 50 50 50 50 50 33 14 12 12 8 8 8 7 1 1 1 1 1 1 
58 58 51 51 51 51 51 51 51 51 51 51 51 51 51 51 51 51 51 51 51 51 51 51 51 51 51 51 51 51 50 50 22 15 13 12 12 11 11 10 10 10 9 7 1 1 1 1 1 1 
76 54 54 51 51 51 51 51 51 51 51 51 51 51 51 51 51 51 51 51 51 51 51 51 51 51 51 51 51 51 51 50 50 50 50 35 25 17 10 8 7 5 5 5 4 1 1 1 1 1 
79 57 57 57 53 51 51 51 51 51 51 51 51 51 51 51 51 51 51 51 51 51 51 51 51 51 51 51 51 51 51 51 51 51 50 50 37 33 30 10 8 8 8 1 1 1 1 1 1 0 
78 55 55 55 55 55 52 52 52 52 52 52 52 52 52 52 52 52 52 52 52 52 52 52 52 52 52 52 52 52 52 52 52 34 32 18 13 13 10 10 6 3 3 3 3 3 3 2 2 2 
86 61 61 61 61 61 56 52 52 50 50 50 50 50 50 50 50 50 50 50 50 50 50 50 50 50 50 50 50 50 50 28 15 14 13 13 13 12 11 2 2 2 2 2 2 2 2 2 2 0 
77 56 56 56 56 56 54 52 52 52 52 52 52 52 52 52 52 52 52 51 51 51 51 51 51 50 40 19 19 10 7 7 3 3 3 3 3 3 3 3 3 3 3 3 3 3 2 2 2 1 
76 76 76 76 59 59 59 59 59 59 51 51 51 51 51 51 51 51 51 51 51 51 51 51 51 51 51 51 51 50 50 33 20 20 13 13 10 8 8 7 5 4 4 2 2 2 2 2 2 1 
74 74 74 74 74 67 67 57 57 57 57 57 57 57 57 55 51 51 51 51 51 51 51 51 51 51 51 51 51 50 36 36 27 23 22 18 14 13 12 11 10 8 8 8 1 1 1 1 1 1 
73 73 73 73 73 73 73 73 63 63 63 63 55 55 55 55 55 55 52 52 52 52 52 52 52 52 52 52 52 52 47 47 47 47 42 37 37 32 30 27 27 26 21 19 19 15 8 7 4 2 
78 78 78 78 78 78 78 78 78 78 78 71 71 71 71 71 71 71 71 64 61 61 61 60 60 60 59 51 51 51 51 51 51 51 51 51 51 50 49 49 47 45 45 41 40 40 25 22 21 2 
78 78 78 78 78 78 78 78 78 78 78 78 78 78 78 71 71 71 69 62 61 61 57 57 57 50 50 50 50 50 50 50 50 50 50 50 50 50 50 50 50 43 41 36 26 24 23 23 12 10 
82 82 82 82 82 82 82 82 82 82 82 82 82 82 82 82 82 82 82 82 82 69 69 69 69 69 69 69 63 63 61 58 54 51 50 50 50 50 50 50 50 49 42 35 35 32 31 17 8 0 
74 74 74 74 74 74 74 74 74 74 74 74 74 74 74 74 74 74 74 74 74 74 74 74 74 67 65 62 61 61 58 51 51 51 51 51 51 51 50 50 50 50 41 40 16 16 16 13 2 2 
76 76 76 76 76 76 76 76 76 76 76 76 76 76 76 76 76 76 76 76 76 75 71 70 69 64 64 53 53 53 53 53 53 52 52 52 52 52 52 50 50 50 50 48 38 37 29 28 20 5 
85 85 85 85 85 85 85 85 85 85 85 85 85 70 70 70 62 62 62 60 58 55 55 55 52 50 50 50 50 50 50 50 50 50 50 50 50 50 50 50 48 46 38 35 21 20 11 11 8 0 
79 79 79 79 79 79 79 79 79 79 79 79 71 71 69 69 69 66 63 60 58 50 50 50 50 50 50 50 50 50 50 50 50 35 28 28 24 20 20 19 19 19 19 18 18 17 8 4 0 0 
81 81 81 81 81 81 81 81 81 81 81 81 81 81 81 81 75 73 73 73 65 64 54 51 51 50 50 50 50 50 50 50 50 50 50 50 50 36 33 32 32 32 24 24 24 23 19 9 1 1 
80 80 80 80 80 80 80 80 80 80 80 80 80 80 80 80 80 80 80 80 80 72 70 68 68 68 68 65 65 64 62 59 58 58 52 51 51 51 51 50 46 41 30 21 20 16 3 3 2 2 
78 78 78 78 78 78 78 78 78 78 78 78 78 78 78 78 78 78 78 77 77 72 67 67 67 67 63 63 60 60 51 50 50 50 50 50 50 46 43 42 40 39 36 31 31 12 7 1 0 0 
84 84 84 84 84 84 84 84 84 84 84 84 84 84 84 77 74 69 69 69 63 63 61 57 56 53 53 51 51 51 51 51 51 51 51 51 50 50 50 50 45 39 38 35 34 34 11 10 2 1 
75 75 75 75 75 75 75 75 75 75 75 75 75 75 75 75 69 68 68 62 58 58 56 51 50 50 50 50 50 50 50 50 50 50 50 39 31 29 28 25 14 13 9 9 9 1 1 1 1 1 
81 81 81 81 81 81 81 81 81 81 81 81 81 81 81 81 81 81 81 77 76 74 70 68 66 55 53 53 53 50 50 50 50 50 50 50 50 50 50 48 35 33 31 13 13 11 11 7 3 0 
87 87 87 87 87 87 87 87 87 87 87 87 87 87 87 87 87 87 87 87 86 86 86 86 70 70 69 69 63 62 52 52 52 52 52 51 51 51 50 50 48 45 39 39 30 25 24 20 2 1 
82 82 82 82 82 82 82 82 82 82 82 82 82 69 69 69 69 67 65 65 60 60 60 50 50 50 50 50 50 50 50 50 50 49 46 39 38 32 31 29 26 26 20 10 0 0 0 0 0 0 
77 77 77 77 77 77 77 77 77 77 77 77 77 77 77 75 69 68 68 68 67 67 67 60 56 56 53 50 50 50 50 50 50 50 50 50 50 50 37 36 35 28 24 4 4 4 1 0 0 0 
80 80 80 80 80 80 80 80 80 80 80 80 80 80 80 80 80 80 80 78 76 74 72 72 72 71 67 64 61 61 61 61 54 52 52 52 52 51 50 50 50 43 43 31 31 23 20 15 2 2 
78 78 78 78 78 78 78 78 78 78 78 78 78 78 78 78 78 78 66 66 66 64 62 62 62 59 55 52 52 52 52 52 51 50 48 48 48 42 42 42 33 31 16 6 6 5 4 4 2 1 
77 77 77 77 77 77 77 77 77 77 77 77 77 77 77 77 77 77 77 77 68 68 66 65 65 64 64 64 64 64 63 58 57 56 56 52 52 50 50 33 33 28 27 27 16 9 7 2 2 2 
82 82 82 82 82 82 82 82 82 82 82 82 82 82 82 82 82 82 82 82 82 81 81 81 68 66 64 61 58 52 52 52 52 51 51 51 44 44 44 42 38 35 33 33 29 26 26 22 9 3 
74 74 74 74 74 74 74 74 74 74 74 74 74 74 74 74 74 74 74 74 74 74 74 74 74 74 62 62 62 62 62 58 56 56 51 51 51 51 50 50 50 26 24 24 23 19 17 17 16 1 
