% Invoked: ./gella -d -r 2 -l biased_r2/run50 >& biased_r2/run50.log
% Ministry of Cellular Automata
% Project Deux (CS523 Spring 2015)
% Version:v0.1-70-g0624-dirty
%  pop:50
%  ic count:100
%  CA Log option:biased_r2/run50
%  width:121
%  max workers:4
%  radius:2
%  iterations:300
%  use bias:true
%  generations:50

 generation 0.1.0.1.0.0.50.50.1.1.0.1.1.1.50.1.0.1.0.50.1.51.1.1.1.1.50.1.1.1.1.0.1.0.0.50.1.1.50.1.50.1.1.0.0.36.1.1.1.50.1.xover.mutate.done 50
 generation 1.50.50.50.50.50.50.50.50.50.50.0.50.13.7.0.50.0.0.0.0.50.50.0.0.0.0.0.0.0.0.0.0.0.0.0.0.0.0.50.0.0.0.50.0.0.0.50.0.0.50.xover.mutate.done 50
 generation 2.50.50.50.50.50.50.50.50.50.50.50.51.50.3.53.0.50.20.3.50.3.50.3.27.3.53.3.3.50.50.3.3.3.22.50.3.7.3.0.50.3.14.5.3.0.3.50.5.50.3.xover.mutate.done 50
 generation 3.51.51.49.51.50.50.50.50.50.50.2.50.2.51.51.51.2.10.10.1.1.1.1.51.1.50.51.1.51.1.2.2.1.2.50.2.49.51.2.1.2.51.50.51.51.8.1.24.50.2.xover.mutate.done 50
 generation 4.51.51.50.50.51.51.50.50.51.50.50.1.0.50.50.0.50.13.50.1.6.50.1.50.50.1.51.1.1.50.50.15.50.1.1.0.50.1.0.1.50.50.27.50.51.1.50.1.50.51.xover.mutate.done 50
 generation 5.50.50.50.50.50.50.50.50.51.51.50.1.16.50.50.50.51.50.50.1.0.50.1.50.0.10.0.50.11.51.50.0.50.51.50.50.50.51.50.1.1.5.31.1.1.50.50.51.50.6.xover.mutate.done 50
 generation 6.51.51.51.51.51.51.51.51.51.51.50.2.2.51.2.2.51.2.2.51.51.2.51.51.51.2.51.51.51.51.51.51.2.51.2.51.2.51.51.2.51.51.2.1.27.51.51.51.1.2.xover.mutate.done 50
 generation 7.51.51.51.51.51.51.51.50.50.50.51.1.50.1.50.50.51.11.17.10.1.1.0.1.50.50.50.50.1.1.50.1.50.50.1.1.51.1.11.1.51.50.51.51.50.1.1.50.0.16.xover.mutate.done 50
 generation 8.52.52.52.52.52.52.52.52.52.52.12.2.2.2.52.0.2.2.2.2.50.50.50.52.14.50.52.2.2.17.2.50.2.2.2.52.2.19.2.16.2.12.52.50.24.2.2.2.52.2.xover.mutate.done 50
 generation 9.51.51.51.51.51.51.51.51.51.51.26.51.1.50.14.50.13.51.9.1.1.51.51.1.1.16.11.1.11.51.1.1.5.1.11.1.1.11.11.51.11.16.1.1.17.51.51.51.1.1.xover.mutate.done 50
 generation 10.50.50.50.50.50.50.50.50.50.50.1.50.9.1.50.10.1.11.15.11.51.50.11.1.18.1.50.40.50.1.10.1.50.50.1.50.0.1.1.50.1.50.1.50.50.10.1.9.10.1.xover.mutate.done 50
 generation 11.52.51.51.51.51.51.51.51.51.51.16.51.51.51.3.51.16.51.7.3.51.30.2.50.51.51.2.51.16.3.51.51.3.15.51.51.51.16.2.51.51.8.12.3.51.3.51.12.3.51.xover.mutate.done 50
 generation 12.50.53.53.53.53.53.53.53.53.53.53.3.3.53.53.53.53.17.3.53.3.3.53.53.14.3.3.53.3.0.50.53.53.53.53.53.53.53.53.32.3.53.53.53.53.3.3.50.3.14.xover.mutate.done 50
 generation 13.50.50.50.50.50.50.50.50.50.50.2.50.50.50.14.2.50.15.50.12.50.12.50.50.0.50.2.11.50.13.50.50.11.50.50.0.50.0.50.50.50.2.50.2.50.50.50.50.15.50.xover.mutate.done 50
 generation 14.52.52.52.52.52.52.52.52.52.52.52.3.5.52.52.20.15.52.15.52.52.52.19.52.52.20.5.52.52.50.52.52.52.52.5.52.5.52.52.52.19.52.5.52.20.52.15.20.52.52.xover.mutate.done 50
 generation 15.51.51.51.51.51.51.51.51.51.51.1.1.51.51.1.13.51.51.1.51.15.51.13.51.51.15.50.14.51.51.51.51.51.1.51.51.51.51.51.51.51.51.51.18.14.51.51.51.14.51.xover.mutate.done 50
 generation 16.51.51.51.51.51.51.51.51.51.51.51.1.51.51.1.6.10.51.51.51.51.51.51.51.51.51.1.51.51.51.0.51.1.51.51.50.51.51.1.51.51.51.51.1.1.51.51.51.1.51.xover.mutate.done 50
 generation 17.51.51.51.51.51.51.51.51.51.51.51.21.51.51.19.51.51.1.51.51.51.51.51.19.15.51.51.13.51.51.19.1.51.51.27.1.51.51.51.51.51.51.51.1.51.51.51.51.1.51.xover.mutate.done 50
 generation 18.50.50.50.50.50.50.50.50.50.50.1.1.50.50.1.50.50.1.1.9.9.11.50.1.50.50.1.50.50.10.1.1.50.50.1.50.1.50.1.50.1.50.50.1.50.50.1.17.50.50.xover.mutate.done 50
 generation 19.50.50.50.50.50.50.50.50.50.50.50.1.8.50.50.50.50.12.50.1.50.1.50.50.1.50.50.8.50.8.50.33.12.50.57.7.50.50.50.50.50.50.1.50.50.50.1.14.50.50.xover.mutate.done 50
 generation 20.58.51.51.51.51.51.51.51.51.51.7.9.51.11.51.12.51.51.51.51.51.22.1.1.58.51.1.13.1.50.11.51.15.51.51.51.1.50.51.51.10.51.51.51.10.51.10.1.51.12.xover.mutate.done 50
 generation 21.54.54.51.51.51.51.51.51.51.51.7.8.51.51.1.51.1.25.17.51.51.1.51.5.50.51.4.51.1.50.51.51.51.50.51.5.51.10.51.51.51.35.1.51.76.51.51.50.51.5.xover.mutate.done 50
 generation 22.79.57.57.51.51.51.51.51.51.51.51.51.51.1.51.57.1.51.51.51.51.51.51.51.8.1.1.33.8.50.51.51.51.53.51.8.51.30.51.1.50.37.51.51.10.0.51.1.51.51.xover.mutate.done 50
 generation 23.78.55.55.55.55.52.52.52.52.52.10.13.3.3.52.52.6.52.52.52.52.3.52.2.3.52.52.52.52.52.52.32.52.52.52.52.13.18.34.2.55.10.52.52.3.3.52.2.52.52.xover.mutate.done 50
 generation 24.86.61.61.61.56.61.50.50.50.50.50.13.2.50.50.50.50.2.50.2.0.50.12.14.50.50.50.2.15.50.28.50.11.2.52.2.61.13.2.13.2.52.50.50.50.50.2.50.2.50.xover.mutate.done 50
 generation 25.77.56.56.56.56.56.54.51.51.52.52.52.2.3.7.51.3.3.7.3.3.3.2.52.3.19.19.51.10.52.3.50.51.3.3.52.3.52.2.52.3.52.52.40.51.3.52.52.1.3.xover.mutate.done 50
 generation 26.76.59.59.59.59.59.51.51.51.51.20.2.51.7.51.51.51.51.51.20.5.8.51.76.33.2.13.4.1.2.13.51.51.50.50.51.76.76.10.51.51.8.59.2.2.2.51.51.4.51.xover.mutate.done 50
 generation 27.74.74.74.74.57.57.57.57.57.57.12.23.51.51.51.51.36.51.57.18.51.57.8.1.74.22.1.55.51.1.13.67.36.51.51.1.8.51.1.8.51.14.27.1.11.10.67.50.51.51.xover.mutate.done 50
 generation 28.73.73.73.73.73.63.63.55.55.55.73.8.27.37.52.52.4.63.47.52.52.55.42.52.47.52.47.47.37.52.27.55.30.52.52.19.21.73.55.2.15.52.52.7.73.63.52.26.19.32.xover.mutate.done 50
 generation 29.78.78.78.78.78.78.78.78.71.71.78.71.64.61.47.49.40.78.61.60.71.71.41.2.51.21.51.51.22.51.71.51.61.51.51.71.25.49.51.51.51.60.59.78.60.45.40.45.71.50.xover.mutate.done 50
 generation 30.78.78.78.78.78.78.78.78.78.78.71.36.78.62.57.50.78.50.57.50.50.23.69.71.61.57.78.43.50.71.10.12.23.50.50.50.50.50.78.26.50.41.61.50.50.78.50.50.24.50.xover.mutate.done 50
 generation 31.82.82.82.82.82.82.82.82.82.82.49.50.69.69.8.63.82.35.82.0.82.82.51.35.50.50.82.82.54.58.69.17.82.50.50.82.69.69.69.31.82.32.82.82.50.69.63.50.61.42.xover.mutate.done 50
 generation 32.74.74.74.74.74.74.74.74.74.74.65.74.50.67.74.58.16.74.13.50.40.51.2.16.50.74.74.74.62.61.74.61.74.51.50.74.51.74.74.2.41.74.51.51.74.51.74.74.51.16.xover.mutate.done 50
 generation 33.76.76.76.76.76.76.76.76.76.76.71.53.50.38.53.50.52.69.53.53.76.52.53.50.76.76.48.76.64.76.52.37.52.76.70.20.28.75.5.76.76.53.64.76.76.50.52.52.76.29.xover.mutate.done 50
 generation 34.85.85.85.85.85.85.85.85.85.85.50.50.52.11.21.70.62.85.58.50.50.46.85.62.50.50.50.55.0.50.62.20.55.38.48.35.85.50.70.11.50.50.50.50.8.60.50.55.50.70.xover.mutate.done 50
 generation 35.79.79.79.79.79.79.79.79.79.79.69.66.50.18.50.0.50.71.50.20.24.35.28.50.18.79.19.63.19.50.4.50.79.50.8.20.0.71.60.19.50.28.17.69.50.69.19.50.58.50.xover.mutate.done 50
 generation 36.81.81.81.81.81.81.81.81.81.81.75.32.73.24.50.1.9.54.81.50.65.81.1.50.81.32.50.24.50.24.33.50.64.19.50.81.51.50.50.50.51.32.36.50.73.23.81.73.81.50.xover.mutate.done 50
 generation 37.80.80.80.80.80.80.80.80.80.80.80.21.72.68.16.62.70.68.51.80.46.80.2.20.3.41.65.80.64.65.58.50.80.51.51.58.80.52.2.80.30.68.59.51.80.80.68.80.3.80.xover.mutate.done 50
 generation 38.78.78.78.78.78.78.78.78.78.78.0.42.78.36.78.50.60.40.78.63.0.51.50.60.31.78.12.50.78.7.77.50.67.39.31.78.50.63.43.46.67.78.72.1.78.50.67.67.77.78.xover.mutate.done 50
 generation 39.84.84.84.84.84.84.84.84.84.84.51.51.56.35.63.51.38.84.10.51.34.50.63.39.50.69.53.84.77.69.51.53.84.1.69.2.74.51.84.84.34.51.61.50.45.57.11.50.51.51.xover.mutate.done 50
 generation 40.75.75.75.75.75.75.75.75.75.75.56.68.62.9.50.50.1.9.68.75.50.29.50.75.50.69.75.75.50.50.25.39.1.1.9.50.28.50.58.75.13.1.75.1.50.51.50.14.58.31.xover.mutate.done 50
 generation 41.81.81.81.81.81.81.81.81.81.81.53.81.0.66.48.31.35.81.50.3.81.50.13.81.50.33.53.50.50.50.50.70.81.81.76.55.7.50.53.11.68.50.50.77.74.11.13.81.81.81.xover.mutate.done 50
 generation 42.87.87.87.87.87.87.87.87.87.87.25.39.52.69.87.87.48.87.87.52.86.24.87.20.39.87.1.86.87.51.87.87.63.86.45.52.30.50.52.50.52.87.70.51.2.62.86.70.51.69.xover.mutate.done 50
 generation 43.82.82.82.82.82.82.82.82.82.82.69.50.50.60.31.82.32.38.0.50.50.10.26.82.0.50.50.50.20.39.60.0.46.0.67.82.69.0.29.49.26.65.69.0.65.69.50.50.60.50.xover.mutate.done 50
 generation 44.77.77.77.77.77.77.77.77.77.77.77.36.24.60.68.67.68.4.50.50.50.0.50.77.77.4.69.56.77.50.75.50.50.53.67.67.50.50.35.77.37.0.28.50.50.56.68.4.0.1.xover.mutate.done 50
 generation 45.80.80.80.80.80.80.80.80.80.80.31.50.80.15.61.31.74.50.80.72.76.71.52.20.50.61.80.61.80.80.43.80.67.2.72.52.51.64.52.2.80.80.23.61.72.78.43.52.54.80.xover.mutate.done 50
 generation 46.78.78.78.78.78.78.78.78.78.78.42.78.2.6.78.62.64.4.78.6.55.52.52.78.50.33.31.5.66.52.51.1.16.42.52.52.66.48.62.48.78.66.78.78.59.48.62.78.4.42.xover.mutate.done 50
 generation 47.77.77.77.77.77.77.77.77.77.77.65.64.77.68.16.65.77.77.2.77.66.77.33.56.52.56.77.27.77.2.27.64.68.64.77.63.52.64.50.57.9.50.28.77.2.77.7.64.58.33.xover.mutate.done 50
 generation 48.82.82.82.82.82.82.82.82.82.82.51.58.82.44.82.44.64.29.51.81.81.61.44.82.82.82.82.26.52.82.82.51.38.52.33.52.82.22.68.82.3.81.33.52.42.35.26.9.82.66.xover.mutate.done 50
 generation 49.74.74.74.74.74.74.74.74.74.74.51.17.26.74.74.56.19.58.74.24.62.74.62.50.74.74.74.74.74.62.74.74.74.1.74.74.51.62.74.17.23.74.50.56.51.50.51.24.16.62.xover.mutate.done 50
 25336575 iters     909872 iter/sec (27.85 s)
 total time: 27.85
